0.0 (4.375, 1.0, 0.0)
0.21999999999999997 (4.297907621813773, 1.0, 0.1572836156126126)
0.4200000000000001 (4.064533551054054, 1.0, 0.37773297387248045)
0.6200000000000002 (3.794354702042702, 1.0, 0.3536664308157585)
0.8200000000000004 (3.421712487203289, 1.0, 0.0963787193477208)
1.0200000000000005 (3.150529412834626, 1.0, -0.24694597345750624)
1.2200000000000006 (2.9165313456724604, 1.0, -0.5352456660656164)
1.4200000000000008 (2.970260709527087, 1.0, -0.7090930259919294)
1.620000000000001 (3.1876370932773646, 1.0, -0.7246737134801792)
1.8200000000000012 (3.623251095247545, 1.0, -0.7490533566729757)
2.0200000000000014 (4.06666276294836, 1.0, -0.6977525628978487)
2.2200000000000015 (4.38027181635283, 1.0, -0.6660556035248281)
2.4200000000000017 (4.319130776826071, 1.0, -0.6420741904054565)
2.620000000000002 (4.013540931331531, 1.0, -0.6849595787526469)
2.820000000000002 (3.779124049513162, 1.0, -0.8661536080520033)
3.0200000000000022 (3.8213079463514474, 1.0, -1.0029044503988205)
3.2200000000000024 (3.8887480027802286, 1.0, -0.9223001015828126)
3.4200000000000026 (3.875113014801781, 1.0, -0.6161282508520309)
3.6200000000000028 (3.930698378483997, 1.0, -0.32426267699536115)
3.820000000000003 (4.0485487773913, 1.0, -0.15895071992272622)
4.040000000000002 (4.3527923748802895, 1.0, -0.19755151257866674)
4.259999999999997 (4.739854480449388, 1.0, -0.4506147627217276)
4.479999999999992 (5.005897046308432, 1.0, -0.8182298340753676)
4.699999999999988 (4.9669743754133835, 1.0, -1.0601310200666931)
4.919999999999983 (4.822708176557107, 1.0, -0.895432229652078)
5.139999999999978 (4.58673901807129, 1.0, -0.4983872117050645)
5.359999999999974 (4.363736277600651, 1.0, -0.0989203344579325)
5.579999999999969 (4.423352422567283, 1.0, 0.09580656367169829)
5.799999999999964 (4.618595933282348, 1.0, 0.017940342741796306)
6.01999999999996 (4.977494115834034, 1.0, -0.1024275227496834)
6.239999999999955 (5.391359499250267, 1.0, -0.22924445126574733)
6.45999999999995 (5.791506340580103, 1.0, -0.14480347625261186)
6.6799999999999455 (5.6593715128869375, 1.0, -0.09220183029248127)
6.899999999999941 (5.363250609735771, 1.0, 0.12492669546980863)
7.119999999999936 (5.210691441461529, 1.0, 0.33018314578820157)
7.3399999999999315 (5.33185380517628, 1.0, 0.3387043213223913)
7.559999999999927 (5.357384490785629, 1.0, 0.037190159856833535)
7.779999999999922 (5.439778029672554, 1.0, -0.28952506431477226)
7.999999999999917 (5.564785751934633, 1.0, -0.4725366350623225)
8.219999999999914 (5.8801647223247295, 1.0, -0.4372345260622367)
8.439999999999909 (6.3328542543295, 1.0, -0.20799491544702844)
8.659999999999904 (6.602620699164206, 1.0, 0.15600562207671767)
8.8799999999999 (6.416745230984695, 1.0, 0.35110618962630524)
9.099999999999895 (6.215261322617665, 1.0, 0.12522815638058502)
9.31999999999989 (5.975800936442164, 1.0, -0.2724295918168128)
9.539999999999885 (5.791549119504998, 1.0, -0.6167241185441519)
9.75999999999988 (5.909722827219474, 1.0, -0.7795962018143346)
9.979999999999876 (6.189678519265332, 1.0, -0.7307781139409217)
10.199999999999871 (6.709144900604629, 1.0, -0.6733133672627301)
10.419999999999867 (7.138777314997298, 1.0, -0.5992662857513141)
10.639999999999862 (7.419264769222921, 1.0, -0.42148174759287027)
10.859999999999857 (7.503523260827045, 1.0, -0.3019893705097128)
11.079999999999853 (7.565097196493983, 1.0, -0.36723706715025667)
11.299999999999848 (7.615116073980907, 1.0, -0.4794829624056053)
11.519999999999843 (7.659749845496042, 1.0, -0.4875769687403182)
11.739999999999839 (7.699248505721692, 1.0, -0.49353985936528955)
11.959999999999834 (7.734172205250455, 1.0, -0.49831415626565767)
12.17999999999983 (7.765047650241331, 1.0, -0.502172358694105)
12.399999999999824 (7.792341418938389, 1.0, -0.5053184461551701)
12.61999999999982 (7.816466851279869, 1.0, -0.507906088241268)
12.839999999999815 (7.837790065160535, 1.0, -0.5100518421719219)
13.05999999999981 (7.8566352678391755, 1.0, -0.5118447546182145)
13.279999999999806 (7.873289471016061, 1.0, -0.513353374426989)
13.499999999999801 (7.888006686464064, 1.0, -0.5146308943620199)
13.719999999999796 (7.901011661831288, 1.0, -0.5157189360846733)
13.939999999999792 (7.912503206178062, 1.0, -0.5166503479113722)
14.159999999999787 (7.9226571483381685, 1.0, -0.5174512818159045)
14.379999999999782 (7.931628966498723, 1.0, -0.5181427424491296)
14.599999999999778 (7.939556123600094, 1.0, -0.5187417480708755)
14.819999999999773 (7.946560139857817, 1.0, -0.519262205222448)
15.039999999999768 (7.952748430720515, 1.0, -0.5197155714787395)
15.259999999999764 (7.958215935826517, 1.0, -0.5201113607088355)
15.479999999999759 (7.96304656197831, 1.0, -0.5204575308129393)
15.699999999999754 (7.9673144608084545, 1.0, -0.5207607833718139)
15.91999999999975 (7.971085159657399, 1.0, -0.5210267969550675)
16.139999999999745 (7.9744165622180425, 1.0, -0.5212604102054499)
16.35999999999974 (7.977359833716296, 1.0, -0.5214657666852526)
16.579999999999735 (7.9799601837825085, 1.0, -0.5216464304315525)
16.79999999999973 (7.9822575587145765, 1.0, -0.5218054789251043)
17.019999999999726 (7.9842872535282705, 1.0, -0.5219455785194816)
17.23999999999972 (7.986080453021926, 1.0, -0.5220690461471234)
17.459999999999717 (7.987664710038994, 1.0, -0.5221779002038688)
17.679999999999712 (7.989064368181649, 1.0, -0.5222739028304918)
17.899999999999707 (7.990300935400566, 1.0, -0.5223585952980262)
18.119999999999703 (7.991393414149906, 1.0, -0.5224333278187893)
18.339999999999698 (7.992358593142899, 1.0, -0.522499284814258)
18.559999999999693 (7.993211305163473, 1.0, -0.5225575064502427)
18.77999999999969 (7.993964654875251, 1.0, -0.5226089070813801)
18.999999999999684 (7.99463022011366, 1.0, -0.5226542911176912)
19.21999999999968 (7.99521822974342, 1.0, -0.5226943667260853)
19.439999999999674 (7.9957377208065905, 1.0, -0.522729757702031)
19.65999999999967 (7.996196677370189, 1.0, -0.5227610137857833)
19.879999999999665 (7.996602153202849, 1.0, -0.5227886196495231)
