0.0 (4.375, 1.0, 0.0)
0.21999999999999997 (3.61033581357059, 1.0, 0.6264240538313508)
0.4200000000000001 (2.2316116218722333, 1.0, 1.2259319613142345)
0.6200000000000002 (2.081031490834483, 1.0, 1.4767807718474095)
0.8200000000000004 (2.5439797686355314, 1.0, 1.1928981478108764)
1.0200000000000005 (3.0608172761661856, 1.0, 0.4778630071525659)
1.2200000000000006 (3.468700612873019, 1.0, -0.23174582230486007)
1.4200000000000008 (3.6343032830703907, 1.0, -0.7829797897886343)
1.620000000000001 (3.897437374452966, 1.0, -0.6523520301811943)
1.8200000000000012 (3.9925867486056132, 1.0, -0.02453050521926046)
2.0200000000000014 (3.928750060936573, 1.0, 0.7468499012149552)
2.2200000000000015 (3.9798772063358867, 1.0, 1.2913160974680211)
2.4200000000000017 (4.3740404301114895, 1.0, 1.2561307724739412)
2.620000000000002 (4.665603502664685, 1.0, 0.6916145625531218)
2.820000000000002 (4.7723508427501535, 1.0, -0.1403579677347542)
3.0200000000000022 (4.914407502548039, 1.0, -0.749992537936219)
3.2200000000000024 (5.346670666134307, 1.0, -0.777855288523732)
3.4200000000000026 (5.553388848990713, 1.0, -0.2782259257676988)
3.6200000000000028 (5.561443633005001, 1.0, 0.5478393367076816)
3.820000000000003 (5.686055530712458, 1.0, 1.188280074716945)
4.040000000000002 (6.132310135337052, 1.0, 1.3390593470625216)
4.259999999999997 (6.424000922893956, 1.0, 0.8113391035695633)
4.479999999999992 (6.514072154221688, 1.0, -0.07779122734306865)
4.699999999999988 (6.685700215683041, 1.0, -0.7216386976020716)
4.919999999999983 (7.13315869115862, 1.0, -0.6840436584113545)
5.139999999999978 (7.391161181909415, 1.0, -0.019206000588123683)
5.359999999999974 (7.463212708357966, 1.0, 0.851303827331393)
5.579999999999969 (7.620588731581579, 1.0, 1.4263802097669291)
5.799999999999964 (8.004474359090981, 1.0, 1.270019389258974)
6.01999999999996 (8.278072620320593, 1.0, 0.5301049197790734)
6.239999999999955 (8.491238364557294, 1.0, -0.2603549284389635)
6.45999999999995 (8.797016084736246, 1.0, -0.677273633456079)
6.6799999999999455 (9.07011387330714, 1.0, -0.3520686601666514)
6.899999999999941 (9.168580901195977, 1.0, 0.5072246662793368)
7.119999999999936 (9.323221219189243, 1.0, 1.2536344975924694)
7.3399999999999315 (9.716034924877626, 1.0, 1.5247629211640932)
7.559999999999927 (9.99255921499855, 1.0, 1.1006119239935994)
7.779999999999922 (10.126998439072308, 1.0, 0.2045251265510056)
7.999999999999917 (10.312410374561198, 1.0, -0.48624570701109243)
8.219999999999914 (10.776957201050656, 1.0, -0.5562032453103402)
8.439999999999909 (11.021726320130668, 1.0, 0.01524769542203613)
8.659999999999904 (11.072662803108937, 1.0, 0.9040793604947381)
8.8799999999999 (11.216606999951665, 1.0, 1.539921859955509)
9.099999999999895 (11.660973102456826, 1.0, 1.4895929088978945)
9.31999999999989 (11.955207599926148, 1.0, 0.8130228255324873)
9.539999999999885 (12.094760789271207, 1.0, -0.025436342040403546)
9.75999999999988 (12.31979258999286, 1.0, -0.5490723035980625)
9.979999999999876 (12.666694757955462, 1.0, -0.31906245576224884)
10.199999999999871 (13.393186226134496, 1.0, -0.3313816078700787)
10.419999999999867 (14.245530153486806, 1.0, 0.022963138990200124)
10.639999999999862 (14.610879259911032, 1.0, 0.4053320499523853)
10.859999999999857 (14.787041638412196, 1.0, 0.4414404993631217)
11.079999999999853 (14.940993454744307, 1.0, 0.42188194193294937)
11.299999999999848 (15.076974184152125, 1.0, 0.4058587715767921)
11.519999999999843 (15.197053550233768, 1.0, 0.39455227646554425)
11.739999999999839 (15.303103040198883, 1.0, 0.3866344217722936)
11.959999999999834 (15.396769394897582, 1.0, 0.38114634337865444)
12.17999999999983 (15.479503384829549, 1.0, 0.37739567388281636)
12.399999999999824 (15.552584164155128, 1.0, 0.3748826334785903)
12.61999999999982 (15.617140180186478, 1.0, 0.37324672752069554)
12.839999999999815 (15.674167296014708, 1.0, 0.37222825088117084)
13.05999999999981 (15.724544594700774, 1.0, 0.371640451568203)
13.279999999999806 (15.769048217034747, 1.0, 0.3713493810466343)
13.499999999999801 (15.808363509511151, 1.0, 0.37125929629804066)
13.719999999999796 (15.843095707603275, 1.0, 0.37130207721741304)
13.939999999999792 (15.873779342131979, 1.0, 0.3714295516803717)
14.159999999999787 (15.900886528189858, 1.0, 0.37160792838614787)
14.379999999999782 (15.924834273652177, 1.0, 0.371813758969577)
14.599999999999778 (15.945990925986942, 1.0, 0.3720310104271424)
14.819999999999773 (15.964681860769133, 1.0, 0.3722489440890841)
15.039999999999768 (15.98119450230721, 1.0, 0.37246058065948956)
15.259999999999764 (15.99578275563065, 1.0, 0.3726615911582188)
15.479999999999759 (16.008670919432404, 1.0, 0.37284949732780204)
15.699999999999754 (16.020057141162265, 1.0, 0.37302309681070667)
15.91999999999975 (16.030116468134963, 1.0, 0.373182051466587)
16.139999999999745 (16.039003542098285, 1.0, 0.37332659397234597)
16.35999999999974 (16.046854979076485, 1.0, 0.3734573200548889)
16.579999999999735 (16.053791471358778, 1.0, 0.37357504259566787)
16.79999999999973 (16.05991964415363, 1.0, 0.3736806903222252)
17.019999999999726 (16.06533369560172, 1.0, 0.373775238521479)
17.23999999999972 (16.07011684546905, 1.0, 0.3738596626494436)
17.459999999999717 (16.074342614870506, 1.0, 0.3739349082193522)
17.679999999999712 (16.07807595675495, 1.0, 0.3740018721772581)
17.899999999999707 (16.08137425457257, 1.0, 0.3740613923051236)
18.119999999999703 (16.08428820450734, 1.0, 0.3741142421602688)
18.339999999999698 (16.086862594858903, 1.0, 0.374161129764707)
18.559999999999693 (16.089136994570904, 1.0, 0.37420269876972895)
18.77999999999969 (16.09114636150171, 1.0, 0.37423953119227144)
18.999999999999684 (16.092921579796208, 1.0, 0.3742721510881859)
19.21999999999968 (16.094489934625308, 1.0, 0.3743010287213275)
19.439999999999674 (16.095875531595095, 1.0, 0.37432658492674287)
19.65999999999967 (16.097099667275675, 1.0, 0.3743491954659781)
19.879999999999665 (16.09818115654774, 1.0, 0.37436919524350815)
