0.0 [0.0, 1.0, 0.0]
0.21999999999999997 [0.0017418136655645844, 1.0, 0.000252897008124163]
0.4200000000000001 [0.025137141321889322, 1.0, 0.0028552413069414494]
0.6200000000000002 [0.08279195313834847, 1.0, 0.007654105293091434]
0.8200000000000004 [0.16129585268392668, 1.0, 0.01204408705905291]
1.0200000000000005 [0.2563473834671137, 1.0, 0.014639236630252794]
1.2200000000000006 [0.37461630077323677, 1.0, 0.011539585295188184]
1.4200000000000008 [0.5192398646274801, 1.0, -0.0006423744336191001]
1.620000000000001 [0.6831012770509322, 1.0, -0.013645070135384019]
1.8200000000000012 [0.8541326286071831, 1.0, -0.012723772655368365]
2.0200000000000014 [1.0292221396767114, 1.0, 0.0023506129700075623]
2.2200000000000015 [1.2143456371239978, 1.0, 0.03075332946610363]
2.4200000000000017 [1.408489438944876, 1.0, 0.06512175915671686]
2.620000000000002 [1.6051319219942473, 1.0, 0.08884831137165683]
2.820000000000002 [1.8018019664904013, 1.0, 0.09993157794779173]
3.0200000000000022 [2.005422093663714, 1.0, 0.09814879949482865]
3.2200000000000024 [2.218009790942735, 1.0, 0.08940052015633634]
3.4200000000000026 [2.4308257860821887, 1.0, 0.08911512282647582]
3.6200000000000028 [2.6388079148777854, 1.0, 0.10137261863562265]
3.820000000000003 [2.848326829847357, 1.0, 0.1265640734028079]
4.040000000000002 [3.0869022786088824, 1.0, 0.16375023688215035]
4.259999999999997 [3.3258064054957366, 1.0, 0.1920989404888466]
4.479999999999992 [3.5598227068680197, 1.0, 0.2037622254632554]
4.699999999999988 [3.7974763028409524, 1.0, 0.1994398186696063]
4.919999999999983 [4.0418129495345765, 1.0, 0.18735501021890305]
5.139999999999978 [4.283054644925576, 1.0, 0.18694635904257273]
5.359999999999974 [4.518914517002822, 1.0, 0.20154263065531608]
5.579999999999969 [4.759482184716573, 1.0, 0.23086707355357874]
5.799999999999964 [5.00402844571095, 1.0, 0.26417600649045914]
6.01999999999996 [5.244060973233073, 1.0, 0.2820684107817347]
6.239999999999955 [5.480811689164304, 1.0, 0.2841649677339868]
6.45999999999995 [5.72490324312213, 1.0, 0.27294665068345336]
6.6799999999999455 [5.9711941640631885, 1.0, 0.26186821070688404]
6.899999999999941 [6.210910081701464, 1.0, 0.2663869809624595]
7.119999999999936 [6.447964534579967, 1.0, 0.287054863175671]
7.3399999999999315 [6.691857110580092, 1.0, 0.31997209563145573]
7.559999999999927 [6.935884366180321, 1.0, 0.34781704738401353]
7.779999999999922 [7.1740974213812425, 1.0, 0.3597551382295001]
7.999999999999917 [7.414006956891372, 1.0, 0.3558902183934908]
8.219999999999914 [7.661301481214814, 1.0, 0.34274633203060534]
8.439999999999909 [7.906089440611056, 1.0, 0.3395847396808407]
8.659999999999904 [8.143485565126653, 1.0, 0.3519309952842778]
8.8799999999999 [8.383220115824276, 1.0, 0.37967055663048216]
9.099999999999895 [8.628203313967482, 1.0, 0.414366330998101]
9.31999999999989 [8.87039566860063, 1.0, 0.43588081186892014]
9.539999999999885 [9.107923359798002, 1.0, 0.4410430403959416]
9.75999999999988 [9.351184413918087, 1.0, 0.4317499965251556]
9.979999999999876 [9.597812136162464, 1.0, 0.4194547230108553]
10.199999999999871 [9.830722759317162, 1.0, 0.41815984839472325]
10.419999999999867 [10.042546289718166, 1.0, 0.40096729343692494]
10.639999999999862 [10.238743122423678, 1.0, 0.37375992231376665]
10.859999999999857 [10.412950201198946, 1.0, 0.3535954297298944]
11.079999999999853 [10.56679770672675, 1.0, 0.33937352593240877]
11.299999999999848 [10.702668893738526, 1.0, 0.3293788130282288]
11.519999999999843 [10.822674740795076, 1.0, 0.3224002630406843]
11.739999999999839 [10.928674375644826, 1.0, 0.3175715353479521]
11.959999999999834 [11.022306729878476, 1.0, 0.3142720674441782]
12.17999999999983 [11.105017516121759, 1.0, 0.31205716506395353]
12.399999999999824 [11.178082536021519, 1.0, 0.31060817128037704]
12.61999999999982 [11.242627969067017, 1.0, 0.30969686957289244]
12.839999999999815 [11.299648118114158, 1.0, 0.30916000406401256]
13.05999999999981 [11.350020978502455, 1.0, 0.30888100877545266]
13.279999999999806 [11.394521925366522, 1.0, 0.3087768856755263]
13.499999999999801 [11.433835762834367, 1.0, 0.30878876798901833]
13.719999999999796 [11.468567340912953, 1.0, 0.30887512642582227]
13.939999999999792 [11.499250916319253, 1.0, 0.30900687415403166]
14.159999999999787 [11.526358409638341, 1.0, 0.30916383801848124]
14.379999999999782 [11.550306691378477, 1.0, 0.3093322141773089]
14.599999999999778 [11.571464012746791, 1.0, 0.30950273384644666]
14.819999999999773 [11.590155682631881, 1.0, 0.3096693417445153]
15.039999999999768 [11.606669079897125, 1.0, 0.3098282449551933]
15.259999999999764 [11.621258079329447, 1.0, 0.309977229517166]
15.479999999999759 [11.634146960200642, 1.0, 0.31011517054140847]
15.699999999999754 [11.645533858182914, 1.0, 0.3102416821896845]
15.91999999999975 [11.655593814155528, 1.0, 0.31035686867038476]
16.139999999999745 [11.664481467110637, 1.0, 0.31046114812116393]
16.35999999999974 [11.6723334328009, 1.0, 0.31055512900027016]
16.579999999999735 [11.679270404872428, 1.0, 0.310639524223787]
16.79999999999973 [11.685399010911402, 1.0, 0.3107150923566743]
17.019999999999726 [11.69081345202948, 1.0, 0.310782598118213]
17.23999999999972 [11.695596951259938, 1.0, 0.3108427866051944]
17.459999999999717 [11.699823033078477, 1.0, 0.310896367191477]
17.679999999999712 [11.703556653753164, 1.0, 0.31094400419140505]
17.899999999999707 [11.706855199924979, 1.0, 0.31098631219373946]
18.119999999999703 [11.70976937078753, 1.0, 0.3110238545668269]
18.339999999999698 [11.712343957440076, 1.0, 0.3110571440661814]
18.559999999999693 [11.714618531403493, 1.0, 0.3110866447871382]
18.77999999999969 [11.716628052889657, 1.0, 0.311112774930219]
18.999999999999684 [11.718403408179261, 1.0, 0.3111359100089696]
19.21999999999968 [11.719971884371876, 1.0, 0.31115638624646835]
19.439999999999674 [11.721357588808267, 1.0, 0.3111745039899994]
19.65999999999967 [11.72258181961383, 1.0, 0.3111905310326406]
19.879999999999665 [11.72366339306006, 1.0, 0.3112047057723795]
