0.0 [0.0, 1.0, 0.0]
0.21999999999999997 [0.0017418136655645844, 1.0, 0.000252897008124163]
0.4200000000000001 [0.025137141321889322, 1.0, 0.0028552413069414494]
0.6200000000000002 [0.08279195313834847, 1.0, 0.007654105293091434]
0.8200000000000004 [0.16129585268392668, 1.0, 0.01204408705905291]
1.0200000000000005 [0.2563473834671137, 1.0, 0.014639236630252794]
1.2200000000000006 [0.37461630077323677, 1.0, 0.011539585295188184]
1.4200000000000008 [0.5192398646274801, 1.0, -0.0006423744336191001]
1.620000000000001 [0.6831012770509322, 1.0, -0.013645070135384019]
1.8200000000000012 [0.8541326286071831, 1.0, -0.012723772655368365]
2.0200000000000014 [1.0292221396767114, 1.0, 0.0023506129700075623]
2.2200000000000015 [1.2143456371239978, 1.0, 0.03075332946610363]
2.4200000000000017 [1.408489438944876, 1.0, 0.06512175915671686]
2.620000000000002 [1.6051319219942473, 1.0, 0.08884831137165683]
2.820000000000002 [1.8018019664904013, 1.0, 0.09993157794779173]
3.0200000000000022 [2.005422093663714, 1.0, 0.09814879949482865]
3.2200000000000024 [2.218009790942735, 1.0, 0.08940052015633634]
3.4200000000000026 [2.4308257860821887, 1.0, 0.08911512282647582]
3.6200000000000028 [2.6388079148777854, 1.0, 0.10137261863562265]
3.820000000000003 [2.848326829847357, 1.0, 0.1265640734028079]
4.040000000000002 [3.0869022786088824, 1.0, 0.16375023688215035]
4.259999999999997 [3.3258064054957366, 1.0, 0.1920989404888466]
4.479999999999992 [3.5598227068680197, 1.0, 0.2037622254632554]
4.699999999999988 [3.7974763028409524, 1.0, 0.1994398186696063]
4.919999999999983 [4.0418129495345765, 1.0, 0.18735501021890305]
5.139999999999978 [4.283054644925576, 1.0, 0.18694635904257273]
5.359999999999974 [4.518914517002822, 1.0, 0.20154263065531608]
5.579999999999969 [4.759482184716573, 1.0, 0.23086707355357874]
5.799999999999964 [5.00402844571095, 1.0, 0.26417600649045914]
6.01999999999996 [5.244060973233073, 1.0, 0.2820684107817347]
6.239999999999955 [5.480811689164304, 1.0, 0.2841649677339868]
6.45999999999995 [5.72490324312213, 1.0, 0.27294665068345336]
6.6799999999999455 [5.9711941640631885, 1.0, 0.26186821070688404]
6.899999999999941 [6.210910081701464, 1.0, 0.2663869809624595]
7.119999999999936 [6.447964534579967, 1.0, 0.287054863175671]
7.3399999999999315 [6.691857110580092, 1.0, 0.31997209563145573]
7.559999999999927 [6.935884366180321, 1.0, 0.34781704738401353]
7.779999999999922 [7.1740974213812425, 1.0, 0.3597551382295001]
7.999999999999917 [7.414006956891372, 1.0, 0.3558902183934908]
8.219999999999914 [7.661301481214814, 1.0, 0.34274633203060534]
8.439999999999909 [7.906089440611056, 1.0, 0.3395847396808407]
8.659999999999904 [8.143485565126653, 1.0, 0.3519309952842778]
8.8799999999999 [8.383220115824276, 1.0, 0.37967055663048216]
9.099999999999895 [8.628203313967482, 1.0, 0.414366330998101]
9.31999999999989 [8.87039566860063, 1.0, 0.43588081186892014]
9.539999999999885 [9.107923359798002, 1.0, 0.4410430403959416]
9.75999999999988 [9.351184413918087, 1.0, 0.4317499965251556]
9.979999999999876 [9.597812136162464, 1.0, 0.4194547230108553]
10.199999999999871 [9.838266125061361, 1.0, 0.42208914220488103]
10.419999999999867 [10.047444230692992, 1.0, 0.4384538915611904]
10.639999999999862 [10.212778684999583, 1.0, 0.45006467486423835]
10.859999999999857 [10.345691594798751, 1.0000000076274194, 0.4587668838915333]
11.079999999999853 [10.45265367285198, 1.000000031282208, 0.4647991522330486]
11.299999999999848 [10.538723022711057, 1.0000000532220208, 0.46879282123427296]
11.519999999999843 [10.608009504234058, 1.0000000702402667, 0.471325128475104]
11.739999999999839 [10.66381086277834, 1.0000000818957857, 0.4728237090160104]
11.959999999999834 [10.708773626622964, 1.0000000885891256, 0.4736034291291147]
12.17999999999983 [10.745021827186918, 1.000000091068668, 0.4738944454162911]
12.399999999999824 [10.774260715789126, 1.000000090180333, 0.47386422827271935]
12.61999999999982 [10.797859890150168, 1.000000086715182, 0.4736331322150619]
12.839999999999815 [10.816919628674544, 1.0000000813571286, 0.47328641711905556]
13.05999999999981 [10.83232410806114, 1.0000000746697095, 0.472883455873397]
13.279999999999806 [10.844784072678804, 1.0000000671014317, 0.4724646579554664]
13.499999999999801 [10.854871046109407, 1.0000000589994933, 0.47205665681500414]
13.719999999999796 [10.863044763783748, 1.0000000506261923, 0.4716761803507756]
13.939999999999792 [10.869675173455295, 1.0000000421750495, 0.4713329248286552]
14.159999999999787 [10.875060082954208, 1.0000000337852537, 0.4710316766966561]
14.379999999999782 [10.879439319986801, 1.0000000255539152, 0.470773868553103]
14.599999999999778 [10.883006096569964, 1.000000017546105, 0.47055871092167656]
14.819999999999773 [10.88591613273142, 1.0000000098028716, 0.47038400733707586]
15.039999999999768 [10.888294983632948, 1.0000000023475242, 0.47024673412995527]
15.259999999999764 [10.890243925841457, 0.9999999951904861, 0.47014344635861816]
15.479999999999759 [10.891844674394534, 0.999999988333371, 0.4700704859518578]
15.699999999999754 [10.89316150744939, 0.9999999818594824, 0.4700190409667448]
15.91999999999975 [10.894245779100979, 0.999999975893666, 0.4699848744150893]
16.139999999999745 [10.895142625727097, 0.9999999703917253, 0.4699737432662193]
16.35999999999974 [10.895887847210394, 0.9999999652591608, 0.46998386564991323]
16.579999999999735 [10.896509937982746, 0.9999999604270318, 0.47001187027938995]
16.79999999999973 [10.897031941157461, 0.9999999558431123, 0.47005482906072327]
17.019999999999726 [10.897472499991244, 0.9999999514674208, 0.470110211763161]
17.23999999999972 [10.897846705348492, 0.9999999472689794, 0.4701758418787721]
17.459999999999717 [10.898166778890793, 0.9999999432234681, 0.47024985476482706]
17.679999999999712 [10.898442624006867, 0.9999999393115223, 0.4703306588445706]
17.899999999999707 [10.898682270228955, 0.9999999355174994, 0.4704169002494849]
18.119999999999703 [10.89889223184527, 0.9999999318285784, 0.4705074310187903]
18.339999999999698 [10.899077797371516, 0.9999999282341034, 0.4706012807954142]
18.559999999999693 [10.899243263292002, 0.9999999247251014, 0.47069763184637514]
18.77999999999969 [10.899392122866264, 0.9999999212939261, 0.47079579717045533]
18.999999999999684 [10.899527218694617, 0.9999999179339936, 0.47089520142322716]
19.21999999999968 [10.89965086604498, 0.9999999146395813, 0.470995364378668]
19.439999999999674 [10.899764952582794, 0.9999999114056795, 0.4710958866503385]
19.65999999999967 [10.899871019050996, 0.9999999082278712, 0.4711964374080678]
19.879999999999665 [10.899970324565615, 0.9999999051022438, 0.4712967438444944]
