0.0 (4.375, 1.0, 0.0)
0.21999999999999997 (3.61033581357059, 1.0, 0.6264240538313508)
0.4200000000000001 (2.2316116218722333, 1.0, 1.2259319613142345)
0.6200000000000002 (2.081031490834483, 1.0, 1.4767807718474095)
0.8200000000000004 (2.5439797686355314, 1.0, 1.1928981478108764)
1.0200000000000005 (3.0608172761661856, 1.0, 0.4778630071525659)
1.2200000000000006 (3.468700612873019, 1.0, -0.23174582230486007)
1.4200000000000008 (3.6343032830703907, 1.0, -0.7829797897886343)
1.620000000000001 (3.897437374452966, 1.0, -0.6523520301811943)
1.8200000000000012 (3.9925867486056132, 1.0, -0.02453050521926046)
2.0200000000000014 (3.928750060936573, 1.0, 0.7468499012149552)
2.2200000000000015 (3.9798772063358867, 1.0, 1.2913160974680211)
2.4200000000000017 (4.3740404301114895, 1.0, 1.2561307724739412)
2.620000000000002 (4.665603502664685, 1.0, 0.6916145625531218)
2.820000000000002 (4.7723508427501535, 1.0, -0.1403579677347542)
3.0200000000000022 (4.914407502548039, 1.0, -0.749992537936219)
3.2200000000000024 (5.346670666134307, 1.0, -0.777855288523732)
3.4200000000000026 (5.553388848990713, 1.0, -0.2782259257676988)
3.6200000000000028 (5.561443633005001, 1.0, 0.5478393367076816)
3.820000000000003 (5.686055530712458, 1.0, 1.188280074716945)
4.040000000000002 (6.132310135337052, 1.0, 1.3390593470625216)
4.259999999999997 (6.424000922893956, 1.0, 0.8113391035695633)
4.479999999999992 (6.514072154221688, 1.0, -0.07779122734306865)
4.699999999999988 (6.685700215683041, 1.0, -0.7216386976020716)
4.919999999999983 (7.13315869115862, 1.0, -0.6840436584113545)
5.139999999999978 (7.391161181909415, 1.0, -0.019206000588123683)
5.359999999999974 (7.463212708357966, 1.0, 0.851303827331393)
5.579999999999969 (7.620588731581579, 1.0, 1.4263802097669291)
5.799999999999964 (8.004474359090981, 1.0, 1.270019389258974)
6.01999999999996 (8.278072620320593, 1.0, 0.5301049197790734)
6.239999999999955 (8.491238364557294, 1.0, -0.2603549284389635)
6.45999999999995 (8.797016084736246, 1.0, -0.677273633456079)
6.6799999999999455 (9.07011387330714, 1.0, -0.3520686601666514)
6.899999999999941 (9.168580901195977, 1.0, 0.5072246662793368)
7.119999999999936 (9.323221219189243, 1.0, 1.2536344975924694)
7.3399999999999315 (9.716034924877626, 1.0, 1.5247629211640932)
7.559999999999927 (9.99255921499855, 1.0, 1.1006119239935994)
7.779999999999922 (10.126998439072308, 1.0, 0.2045251265510056)
7.999999999999917 (10.312410374561198, 1.0, -0.48624570701109243)
8.219999999999914 (10.776957201050656, 1.0, -0.5562032453103402)
8.439999999999909 (11.021726320130668, 1.0, 0.01524769542203613)
8.659999999999904 (11.072662803108937, 1.0, 0.9040793604947381)
8.8799999999999 (11.216606999951665, 1.0, 1.539921859955509)
9.099999999999895 (11.660973102456826, 1.0, 1.4895929088978945)
9.31999999999989 (11.955207599926148, 1.0, 0.8130228255324873)
9.539999999999885 (12.094760789271207, 1.0, -0.025436342040403546)
9.75999999999988 (12.31979258999286, 1.0, -0.5490723035980625)
9.979999999999876 (12.666694757955462, 1.0, -0.31906245576224884)
10.199999999999871 (12.50154896388315, 1.0, 0.45559864240203657)
10.419999999999867 (11.206863056716179, 1.0, 0.7349114015968077)
10.639999999999862 (10.915258632276023, 1.0, 0.6720949246300123)
10.859999999999857 (11.039540531275858, 0.9999865395412715, 0.6599393142613741)
11.079999999999853 (11.147153949274038, 0.9999883204921204, 0.6650789478093191)
11.299999999999848 (11.23380774278569, 0.9999883075187119, 0.669187241016037)
11.519999999999843 (11.303641839016269, 0.9999881968027307, 0.6725081659717863)
11.739999999999839 (11.359982737939713, 0.9999880849591267, 0.6752596270787573)
11.959999999999834 (11.405508416175197, 0.9999879785213606, 0.677617176138808)
12.17999999999983 (11.442389434762651, 0.9999878772754469, 0.6796935189060983)
12.399999999999824 (11.472313381725506, 0.9999877827408891, 0.6815506915844344)
12.61999999999982 (11.496650620390946, 0.9999876955400625, 0.6832556144109346)
12.839999999999815 (11.516500717088812, 0.9999876157828312, 0.6848544703071401)
13.05999999999981 (11.532745939317616, 0.9999875433212639, 0.6863784817224878)
13.279999999999806 (11.546094289952393, 0.9999874778298504, 0.6878482824673908)
13.499999999999801 (11.557113996395694, 0.999987418866415, 0.6892771088527604)
13.719999999999796 (11.56626115598422, 0.999987365920837, 0.6906731118712762)
13.939999999999792 (11.573901899517514, 0.9999873184524337, 0.6920410180233392)
14.159999999999787 (11.580330163133832, 0.9999872759173967, 0.6933833100111495)
14.379999999999782 (11.585781941339402, 0.9999872377879778, 0.6947010556495077)
14.599999999999778 (11.590446720010696, 0.9999872035651297, 0.6959944808203343)
14.819999999999773 (11.594476648967575, 0.9999871727861259, 0.6972633576992715)
15.039999999999768 (11.59799390230804, 0.9999871450284555, 0.6985072609350574)
15.259999999999764 (11.60109658553743, 0.999987119911037, 0.6997257305250464)
15.479999999999759 (11.603850157183446, 0.9999870973516373, 0.7009429722842984)
15.699999999999754 (11.606197241746397, 0.9999870690985774, 0.7021810976648898)
15.91999999999975 (11.608323260013227, 0.9999870414284647, 0.703187684980481)
16.139999999999745 (11.610360625048841, 0.9999870190566837, 0.7040741918086263)
16.35999999999974 (11.612250396064466, 0.99998699868856, 0.7049536151380599)
16.579999999999735 (11.614020018684077, 0.9999869797048838, 0.7058241541268175)
16.79999999999973 (11.6156916047494, 0.9999869618797144, 0.7066844898957374)
17.019999999999726 (11.617282923976145, 0.9999869450336415, 0.7075336433962139)
17.23999999999972 (11.618808254126783, 0.9999869290190821, 0.708370913132296)
17.459999999999717 (11.620279064822281, 0.9999869137142813, 0.7091958225170802)
17.679999999999712 (11.621704567605578, 0.9999868990185277, 0.710008075716621)
17.899999999999707 (11.623092158446587, 0.9999868848483139, 0.7108075208637421)
18.119999999999703 (11.624447773739478, 0.9999868711342474, 0.7115941196078183)
18.339999999999698 (11.625776176715107, 0.9999868578185567, 0.7123679220651415)
18.559999999999693 (11.627081187874747, 0.9999868448530633, 0.7131290463379527)
18.77999999999969 (11.628365870386192, 0.9999868321975318, 0.7138776618722187)
18.999999999999684 (11.629632679241388, 0.9999868198183144, 0.7146139760209262)
19.21999999999968 (11.630883581253185, 0.9999868076872411, 0.71533822326863)
19.439999999999674 (11.63212015158466, 0.9999867957807013, 0.7160506566532562)
19.65999999999967 (11.633343651391668, 0.9999867840788841, 0.7167515409924377)
19.879999999999665 (11.634555090264417, 0.999986772565151, 0.7174411475840275)
