0.0 (4.375, 1.0, 0.0)
0.21999999999999997 (3.8287599679651696, 1.0, 0.5026353521371434)
0.4200000000000001 (3.314622535927385, 1.0, 0.7803997937213906)
0.6200000000000002 (3.35813092975405, 1.0, 0.8836271633961822)
0.8200000000000004 (3.3846771446907997, 1.0, 0.586447772124461)
1.0200000000000005 (3.4421456899258174, 1.0, -0.11640602403439965)
1.2200000000000006 (3.611933236552318, 1.0, -0.7935742423294737)
1.4200000000000008 (3.9668139890391187, 1.0, -1.2606617098944068)
1.620000000000001 (4.423871656555147, 1.0, -1.1884069191067645)
1.8200000000000012 (4.689012684107443, 1.0, -0.5831874678085937)
2.0200000000000014 (4.751719703174213, 1.0, 0.10391012743418077)
2.2200000000000015 (5.02756883510998, 1.0, 0.5951562873452741)
2.4200000000000017 (5.467635748311207, 1.0, 0.5169603329621225)
2.620000000000002 (5.596163136503895, 1.0, -0.0552607193114561)
2.820000000000002 (5.490862778672261, 1.0, -0.7853522792538302)
3.0200000000000022 (5.654581105911035, 1.0, -1.3649785261173157)
3.2200000000000024 (6.167394459769592, 1.0, -1.4537506714540773)
3.4200000000000026 (6.426956400904265, 1.0, -0.9848150470566078)
3.6200000000000028 (6.440901411510615, 1.0, -0.25462456330762606)
3.820000000000003 (6.710063452748305, 1.0, 0.31651512766614676)
4.040000000000002 (7.284113698013602, 1.0, 0.40274021596914594)
4.259999999999997 (7.461193082613836, 1.0, -0.12775110373091567)
4.479999999999992 (7.351088261934057, 1.0, -0.9134750630998645)
4.699999999999988 (7.554100169030792, 1.0, -1.532539520029683)
4.919999999999983 (8.066779218555999, 1.0, -1.5587697322910365)
5.139999999999978 (8.316209851903885, 1.0, -0.945719840029575)
5.359999999999974 (8.406754025364117, 1.0, -0.17404721933806022)
5.579999999999969 (8.767821307575103, 1.0, 0.31614336960232586)
5.799999999999964 (9.165101325829772, 1.0, 0.12818941302110742)
6.01999999999996 (9.24500647544509, 1.0, -0.6000229396001987)
6.239999999999955 (9.31590662620628, 1.0, -1.3394406670274295)
6.45999999999995 (9.704892481403645, 1.0, -1.758743019411722)
6.6799999999999455 (10.024949544897794, 1.0, -1.4895610829491719)
6.899999999999941 (10.111044903727462, 1.0, -0.704886865240548)
7.119999999999936 (10.35849860913999, 1.0, -0.04154973963969041)
7.3399999999999315 (10.899621709178557, 1.0, 0.156830919668077)
7.559999999999927 (11.117823743462592, 1.0, -0.27630245357257865)
7.779999999999922 (11.030557392504866, 1.0, -1.074540168837982)
7.999999999999917 (11.21223686311426, 1.0, -1.7373283245203928)
8.219999999999914 (11.755774076451353, 1.0, -1.8678462899183894)
8.439999999999909 (12.010253164289216, 1.0, -1.3367619297183873)
8.659999999999904 (12.053074248402673, 1.0, -0.5457116451468933)
8.8799999999999 (12.369548250271551, 1.0, 0.016008336896052185)
9.099999999999895 (12.84858112921752, 1.0, -0.074480996596277)
9.31999999999989 (12.975458722375768, 1.0, -0.7512095677341356)
9.539999999999885 (12.9663557568726, 1.0, -1.5136714749689557)
9.75999999999988 (13.280441377666696, 1.0, -2.0167903591541854)
9.979999999999876 (13.67540169894043, 1.0, -1.8523210510770993)
10.199999999999871 (14.299776709833562, 1.0, -1.9158823122936806)
10.419999999999867 (14.725050865310607, 1.0, -1.9233142766906886)
10.639999999999862 (15.050884473864091, 1.0, -1.714508825525761)
10.859999999999857 (15.207743991927735, 1.0, -1.4420210309029378)
11.079999999999853 (15.229096963011141, 1.0, -1.3981940498729464)
11.299999999999848 (15.234569057739854, 1.0, -1.3975950505435581)
11.519999999999843 (15.236397248939925, 1.0, -1.3977646973642903)
11.739999999999839 (15.23701975155386, 1.0, -1.3978190138343425)
11.959999999999834 (15.23723163338922, 1.0, -1.3978373091055134)
12.17999999999983 (15.237303747268626, 1.0, -1.3978435251426735)
12.399999999999824 (15.237328290937894, 1.0, -1.397845640145981)
12.61999999999982 (15.237336644262951, 1.0, -1.397846359944227)
12.839999999999815 (15.237339487277959, 1.0, -1.3978466049223348)
13.05999999999981 (15.237340454884738, 1.0, -1.3978466882993794)
13.279999999999806 (15.237340784205154, 1.0, -1.397846716676359)
13.499999999999801 (15.237340896287803, 1.0, -1.3978467263343306)
13.719999999999796 (15.237340934434606, 1.0, -1.397846729621376)
13.939999999999792 (15.23734094741769, 1.0, -1.397846730740106)
14.159999999999787 (15.23734095183642, 1.0, -1.3978467311208607)
14.379999999999782 (15.237340953340315, 1.0, -1.3978467312504488)
14.599999999999778 (15.23734095385216, 1.0, -1.3978467312945535)
14.819999999999773 (15.237340954026365, 1.0, -1.3978467313095642)
15.039999999999768 (15.23734095408565, 1.0, -1.397846731314673)
15.259999999999764 (15.23734095410583, 1.0, -1.397846731316412)
15.479999999999759 (15.2373409541127, 1.0, -1.3978467313170035)
15.699999999999754 (15.237340954115034, 1.0, -1.3978467313172056)
15.91999999999975 (15.237340954115837, 1.0, -1.397846731317274)
16.139999999999745 (15.237340954116105, 1.0, -1.3978467313172973)
16.35999999999974 (15.237340954116203, 1.0, -1.3978467313173057)
16.579999999999735 (15.237340954116222, 1.0, -1.3978467313173066)
16.79999999999973 (15.237340954116222, 1.0, -1.3978467313173066)
17.019999999999726 (15.237340954116222, 1.0, -1.3978467313173066)
17.23999999999972 (15.237340954116222, 1.0, -1.3978467313173066)
17.459999999999717 (15.237340954116222, 1.0, -1.3978467313173066)
17.679999999999712 (15.237340954116222, 1.0, -1.3978467313173066)
17.899999999999707 (15.237340954116222, 1.0, -1.3978467313173066)
18.119999999999703 (15.237340954116222, 1.0, -1.3978467313173066)
18.339999999999698 (15.237340954116222, 1.0, -1.3978467313173066)
18.559999999999693 (15.237340954116222, 1.0, -1.3978467313173066)
18.77999999999969 (15.237340954116222, 1.0, -1.3978467313173066)
18.999999999999684 (15.237340954116222, 1.0, -1.3978467313173066)
19.21999999999968 (15.237340954116222, 1.0, -1.3978467313173066)
19.439999999999674 (15.237340954116222, 1.0, -1.3978467313173066)
19.65999999999967 (15.237340954116222, 1.0, -1.3978467313173066)
19.879999999999665 (15.237340954116222, 1.0, -1.3978467313173066)
