0.0 (4.375, 1.0, 0.0)
0.21999999999999997 (4.318992727775069, 1.0, 0.06744412764617662)
0.4200000000000001 (4.25620493394846, 1.0, 0.19945958975758457)
0.6200000000000002 (4.032563744386343, 1.0, 0.2149774301852712)
0.8200000000000004 (3.6976344137611696, 1.0, 0.09778473064880251)
1.0200000000000005 (3.524097469180085, 1.0, -0.07672110183904776)
1.2200000000000006 (3.3570851505423254, 1.0, -0.24596197336377307)
1.4200000000000008 (3.2358604629347756, 1.0, -0.3049073128136403)
1.620000000000001 (3.139883816923967, 1.0, -0.258602995184916)
1.8200000000000012 (3.174262229806747, 1.0, -0.20169748668255)
2.0200000000000014 (3.4369245983757746, 1.0, -0.20677596704328602)
2.2200000000000015 (3.699596473911814, 1.0, -0.11194633797329392)
2.4200000000000017 (3.8887061890746084, 1.0, 0.0786441582796105)
2.620000000000002 (3.91643696111694, 1.0, 0.21611041569365588)
2.820000000000002 (4.035186263746572, 1.0, 0.2224999437063785)
3.0200000000000022 (4.101074285137435, 1.0, 0.21636412392738003)
3.2200000000000024 (4.011084552364906, 1.0, 0.33868454333706716)
3.4200000000000026 (3.694380190229952, 1.0, 0.4947578828535101)
3.6200000000000028 (3.3607314530625283, 1.0, 0.6869965419404226)
3.820000000000003 (3.043232206782756, 1.0, 0.7945826391162847)
4.040000000000002 (2.798187834185026, 1.0, 0.8070247372897593)
4.259999999999997 (2.667355663449835, 1.0, 0.7988345994547241)
4.479999999999992 (2.7324175195203617, 1.0, 1.0073326044976216)
4.699999999999988 (2.889317625394442, 1.0, 1.1264741302916068)
4.919999999999983 (2.8903375642464444, 1.0, 1.0940110893598805)
5.139999999999978 (2.685885205310517, 1.0, 0.8911826068007449)
5.359999999999974 (2.542951232538685, 1.0, 0.8629813936936405)
5.579999999999969 (2.554295974635079, 1.0, 0.9502406488205233)
5.799999999999964 (2.66346270016749, 1.0, 0.978142054560361)
6.01999999999996 (2.8762953165192933, 1.0, 1.0440782120636425)
6.239999999999955 (3.2024203649986505, 1.0, 1.2245671912352258)
6.45999999999995 (3.4387381839492304, 1.0, 1.2260040785355337)
6.6799999999999455 (3.4259145050054323, 1.0, 1.147861006952035)
6.899999999999941 (3.3941769519231246, 1.0, 1.2460844128179258)
7.119999999999936 (3.2641994163447263, 1.0, 1.2940892836781688)
7.3399999999999315 (3.2528357311618357, 1.0, 1.2556063993903712)
7.559999999999927 (3.3167973965537723, 1.0, 1.1524022508103455)
7.779999999999922 (3.5470292299655872, 1.0, 1.1569755281816916)
7.999999999999917 (3.716462809136069, 1.0, 1.0880051168014928)
8.219999999999914 (3.7496909634734665, 1.0, 1.1139305091237732)
8.439999999999909 (3.66702907854615, 1.0, 1.2225378469758055)
8.659999999999904 (3.595099295444557, 1.0, 1.4381566008093285)
8.8799999999999 (3.4001071688454427, 1.0, 1.4389341156333604)
9.099999999999895 (3.321597223385998, 1.0, 1.356544425441573)
9.31999999999989 (3.374513005974675, 1.0, 1.2955973826178757)
9.539999999999885 (3.5837326418508146, 1.0, 1.344268074353168)
9.75999999999988 (3.717999897731417, 1.0, 1.3754280405794943)
9.979999999999876 (3.6337439298708327, 1.0, 1.4288115792964116)
10.199999999999871 (3.4711824015893886, 1.0, 1.4369304273226216)
10.419999999999867 (3.486948983283721, 1.0, 1.4748552134034836)
10.639999999999862 (3.611179386340588, 1.0, 1.4466763613731501)
10.859999999999857 (3.8139757889083334, 1.0, 1.3766850244992601)
11.079999999999853 (4.087150313642112, 1.0, 1.2544180584423132)
11.299999999999848 (4.39528980724518, 1.0, 1.0443477983453193)
11.519999999999843 (4.587419277822597, 1.0, 0.7186531019120527)
11.739999999999839 (4.605464921971242, 1.0, 0.49122571200384274)
11.959999999999834 (4.58959761417501, 1.0, 0.3814128915297465)
12.17999999999983 (4.579915019048419, 1.0, 0.34875262411345265)
12.399999999999824 (4.58309626941076, 1.0, 0.38985068508888737)
12.61999999999982 (4.589847826897412, 1.0, 0.4725402890048405)
12.839999999999815 (4.592106584076714, 1.0, 0.5865728190977408)
13.05999999999981 (4.583565977511585, 1.0, 0.6760179024613718)
13.279999999999806 (4.578401368118267, 1.0, 0.7031586356102222)
13.499999999999801 (4.5807659593103605, 1.0, 0.6752627947900439)
13.719999999999796 (4.581797984008791, 1.0, 0.6474096465045547)
13.939999999999792 (4.580079489790147, 1.0, 0.650354324629822)
14.159999999999787 (4.5784310814577065, 1.0, 0.6533385506345424)
14.379999999999782 (4.576878347929102, 1.0, 0.6559667744711881)
14.599999999999778 (4.5754148652022915, 1.0, 0.6582808854454334)
14.819999999999773 (4.574034714877236, 1.0, 0.6603179298427825)
15.039999999999768 (4.572732443802562, 1.0, 0.66211060839158)
15.259999999999764 (4.571503022286152, 1.0, 0.6636877848362931)
15.479999999999759 (4.57034180623182, 1.0, 0.6650749350578674)
15.699999999999754 (4.5692445028660185, 1.0, 0.6662945436781817)
15.91999999999975 (4.568207139734554, 1.0, 0.6673664542869675)
16.139999999999745 (4.567226036668956, 1.0, 0.6683081787120677)
16.35999999999974 (4.5662977804432305, 1.0, 0.6691351701203142)
16.579999999999735 (4.565419201863229, 1.0, 0.6698610641767864)
16.79999999999973 (4.564587355052059, 1.0, 0.6704978919961069)
17.019999999999726 (4.563799498715513, 1.0, 0.6710562681830896)
17.23999999999972 (4.563053079191004, 1.0, 0.6715455568747061)
17.459999999999717 (4.562345715101811, 1.0, 0.6719740183550296)
17.679999999999712 (4.5616751834555265, 1.0, 0.6723489385142863)
17.899999999999707 (4.561039407041313, 1.0, 0.6726767431577174)
18.119999999999703 (4.560436442995049, 1.0, 0.6729630989355693)
18.339999999999698 (4.559864472414632, 1.0, 0.6732130024585106)
18.559999999999693 (4.5593217909196735, 1.0, 0.6734308589799616)
18.77999999999969 (4.558806800060717, 1.0, 0.6736205518653585)
18.999999999999684 (4.558317999492891, 1.0, 0.6737855039257874)
19.21999999999968 (4.55785397983778, 1.0, 0.6739287315674941)
19.439999999999674 (4.557413416165221, 1.0, 0.6740528925975557)
19.65999999999967 (4.556995062033886, 1.0, 0.6741603284277826)
19.879999999999665 (4.556597744035909, 1.0, 0.6742531013321782)
