0.0 [0.0, 1.0, 0.0]
0.21999999999999997 [2.993317279775809e-05, 1.0, -9.491899365891149e-06]
0.4200000000000001 [-0.0002566092388437413, 1.0, 0.00022546667584371835]
0.6200000000000002 [-0.0025150134955557735, 1.0, 0.0007904378444281018]
0.8200000000000004 [-0.005189320880497006, 1.0, 0.0018055487362119566]
1.0200000000000005 [-0.005310327830165551, 1.0, 0.0030897617335441906]
1.2200000000000006 [-0.0017054866520326284, 1.0, 0.0038786892851213305]
1.4200000000000008 [0.004829934763356747, 1.0, 0.003996440037148621]
1.620000000000001 [0.011444941896884109, 1.0, 0.004233217611445184]
1.8200000000000012 [0.01681976985462169, 1.0, 0.005549567627733232]
2.0200000000000014 [0.020668066979305177, 1.0, 0.0072669253412969426]
2.2200000000000015 [0.022231630836131, 1.0, 0.008964839353692744]
2.4200000000000017 [0.020786822402205474, 1.0, 0.010679612896344365]
2.620000000000002 [0.016662730352907107, 1.0, 0.012468636907339903]
2.820000000000002 [0.011795041156108022, 1.0, 0.013516743592428535]
3.0200000000000022 [0.008085459672801443, 1.0, 0.014780393253420565]
3.2200000000000024 [0.005468714532893049, 1.0, 0.01575612912455643]
3.4200000000000026 [0.005026207240945435, 1.0, 0.015205085527786627]
3.6200000000000028 [0.008186989809059353, 1.0, 0.013825874621868392]
3.820000000000003 [0.015418108216853355, 1.0, 0.011921275901566584]
4.040000000000002 [0.026279610996946146, 1.0, 0.009125343695265272]
4.259999999999997 [0.03744624196909596, 1.0, 0.004762402596935063]
4.479999999999992 [0.04978616988704604, 1.0, 0.0006675374755633727]
4.699999999999988 [0.06308198377656643, 1.0, -0.0009304950588611546]
4.919999999999983 [0.07454789489384978, 1.0, -0.0021224906217299534]
5.139999999999978 [0.08308967935490497, 1.0, -0.0019584237386135704]
5.359999999999974 [0.0897250222995068, 1.0, -0.0017923316691173846]
5.579999999999969 [0.09639804463021334, 1.0, -0.002069122599835417]
5.799999999999964 [0.10315163962202367, 1.0, 0.00045923382165692986]
6.01999999999996 [0.11014423492370723, 1.0, 0.00677608222898219]
6.239999999999955 [0.11882136965746432, 1.0, 0.01562429306241249]
6.45999999999995 [0.12850261050595568, 1.0, 0.024397155759507308]
6.6799999999999455 [0.13695714094693795, 1.0, 0.031341396610634474]
6.899999999999941 [0.14345008584856805, 1.0, 0.0405585290784246]
7.119999999999936 [0.14811224492330927, 1.0, 0.05099314635006851]
7.3399999999999315 [0.15244723339598798, 1.0, 0.060208209761905475]
7.559999999999927 [0.1564679154195721, 1.0, 0.06957720007647422]
7.779999999999922 [0.16256984625645693, 1.0, 0.07944187845453965]
7.999999999999917 [0.17142417961810286, 1.0, 0.08898241104293961]
8.219999999999914 [0.18098661033965657, 1.0, 0.09813560754614278]
8.439999999999909 [0.19015668006151576, 1.0, 0.1086536366451066]
8.659999999999904 [0.19774177564308665, 1.0, 0.12283986386948467]
8.8799999999999 [0.20445306038690675, 1.0, 0.13630061536742574]
9.099999999999895 [0.21065840083415138, 1.0, 0.14701885433726247]
9.31999999999989 [0.21549092538306464, 1.0, 0.15775525416405023]
9.539999999999885 [0.22105224037684396, 1.0, 0.16907842545392332]
9.75999999999988 [0.22752660458495533, 1.0, 0.17994088860493912]
9.979999999999876 [0.2329913708323441, 1.0, 0.19083810859631486]
10.199999999999871 [0.23788841481105244, 1.0, 0.20390736826057615]
10.419999999999867 [0.24255949948780886, 1.0, 0.2173907540141316]
10.639999999999862 [0.24672446375401424, 1.0, 0.22897381553000434]
10.859999999999857 [0.24919470854364784, 1.0, 0.23948869361978212]
11.079999999999853 [0.24922397877687752, 1.0, 0.24960548398577367]
11.299999999999848 [0.24692760680984494, 1.0, 0.25976692157560083]
11.519999999999843 [0.24341477751527485, 1.0, 0.2696908866790471]
11.739999999999839 [0.23994540119912056, 1.0, 0.27858921263961645]
11.959999999999834 [0.23681159924790018, 1.0, 0.2864613780196327]
12.17999999999983 [0.2339633029931869, 1.0, 0.2934527665539987]
12.399999999999824 [0.23133887093545047, 1.0, 0.29962952598522896]
12.61999999999982 [0.22891327757696955, 1.0, 0.3050511076816376]
12.839999999999815 [0.22663750932057558, 1.0, 0.3097899670554497]
13.05999999999981 [0.2244944530778603, 1.0, 0.31395293560209037]
13.279999999999806 [0.22247775875301667, 1.0, 0.31761629220885645]
13.499999999999801 [0.22058002453559467, 1.0, 0.3208416139811672]
13.719999999999796 [0.21879281585006916, 1.0, 0.32368124335368653]
13.939999999999792 [0.21710774194311455, 1.0, 0.3261794900999297]
14.159999999999787 [0.2155178767673377, 1.0, 0.32837676417079065]
14.379999999999782 [0.21401705613400235, 1.0, 0.33030875981013]
14.599999999999778 [0.21259959031732012, 1.0, 0.3320069653463026]
14.819999999999773 [0.21126022110722564, 1.0, 0.3334991573516126]
15.039999999999768 [0.20999408373498252, 1.0, 0.3348098368702075]
15.259999999999764 [0.20879667241780453, 1.0, 0.33596061444865954]
15.479999999999759 [0.20766380919112304, 1.0, 0.3369705499736348]
15.699999999999754 [0.20659161572018891, 1.0, 0.3378564526171412]
15.91999999999975 [0.2055764878062034, 1.0, 0.3386331455684361]
16.139999999999745 [0.20461507232548803, 1.0, 0.33931369968310426]
16.35999999999974 [0.2037042463627634, 1.0, 0.33990963969554433]
16.579999999999735 [0.2028410983211657, 1.0, 0.3404311262135977]
16.79999999999973 [0.20202291081182688, 1.0, 0.3408871163366455]
17.019999999999726 [0.20124714514472763, 1.0, 0.3412855054053473]
17.23999999999972 [0.20051142725992244, 1.0, 0.34163325209707435]
17.459999999999717 [0.19981353495422516, 1.0, 0.341936488821459]
17.679999999999712 [0.19915138627303586, 1.0, 0.34220061914127536]
17.899999999999707 [0.19852302895026408, 1.0, 0.3424304037415348]
18.119999999999703 [0.19792663079132133, 1.0, 0.3426300362910626]
18.339999999999698 [0.19736047090501052, 1.0, 0.34280321038314504]
18.559999999999693 [0.19682293169994758, 1.0, 0.3429531786026473]
18.77999999999969 [0.1963124915699196, 1.0, 0.34308280464412777]
18.999999999999684 [0.19582771820050549, 1.0, 0.34319460929701306]
19.21999999999968 [0.19536726243636682, 1.0, 0.3432908110181453]
19.439999999999674 [0.19492985265494112, 1.0, 0.34337336172749877]
19.65999999999967 [0.1945142895979579, 1.0, 0.34344397838825014]
19.879999999999665 [0.19411944161726513, 1.0, 0.3435041708665308]
