0.0 (4.375, 1.0, 0.0)
0.21999999999999997 (4.372527653341397, 1.0, 0.007216309165054753)
0.4200000000000001 (4.37024691699299, 1.0, 0.023842721711663937)
0.6200000000000002 (4.358706287783442, 1.0, 0.04039272358518606)
0.8200000000000004 (4.314535896784961, 1.0, 0.040154218874295516)
1.0200000000000005 (4.236404279391587, 1.0, 0.02795832488450432)
1.2200000000000006 (4.179038143022325, 1.0, 0.00931819160864919)
1.4200000000000008 (4.158233729087245, 1.0, -0.015487072776175812)
1.620000000000001 (4.156026318136355, 1.0, -0.028498319705703542)
1.8200000000000012 (4.170489326641668, 1.0, -0.03040876689307224)
2.0200000000000014 (4.200696004405184, 1.0, -0.022109337767779617)
2.2200000000000015 (4.2185255602999066, 1.0, -0.002715151768334153)
2.4200000000000017 (4.2120839363152625, 1.0, 0.008302813242920452)
2.620000000000002 (4.186059170080324, 1.0, 0.00866370517625444)
2.820000000000002 (4.165956748821258, 1.0, -0.001949522949193391)
3.0200000000000022 (4.169175720304028, 1.0, -0.020554317162679747)
3.2200000000000024 (4.170066397491926, 1.0, -0.024019210722468567)
3.4200000000000026 (4.145167555548808, 1.0, -0.007538417942764126)
3.6200000000000028 (4.086754667751644, 1.0, 0.02341991047133321)
3.820000000000003 (4.048295925693883, 1.0, 0.05581225315793943)
4.040000000000002 (4.0425918925927675, 1.0, 0.09206795150231802)
4.259999999999997 (4.055161988848773, 1.0, 0.11517868248976362)
4.479999999999992 (4.088268196753789, 1.0, 0.12191231844254859)
4.699999999999988 (4.132428530751122, 1.0, 0.11953019589231297)
4.919999999999983 (4.170656361973236, 1.0, 0.13389870456649236)
5.139999999999978 (4.189851227514274, 1.0, 0.16317040832684845)
5.359999999999974 (4.221679003507327, 1.0, 0.20499782643167527)
5.579999999999969 (4.265532126526565, 1.0, 0.2534476106303969)
5.799999999999964 (4.267189587017445, 1.0, 0.27033698559070163)
6.01999999999996 (4.200556108189645, 1.0, 0.2476162960614902)
6.239999999999955 (4.136993511462723, 1.0, 0.2156966170128096)
6.45999999999995 (4.112654971854058, 1.0, 0.18627262251253143)
6.6799999999999455 (4.100884634716757, 1.0, 0.1730900524611068)
6.899999999999941 (4.102140259924499, 1.0, 0.17994885781513292)
7.119999999999936 (4.108210116561813, 1.0, 0.20275182144875936)
7.3399999999999315 (4.097220790552831, 1.0, 0.21465500373163127)
7.559999999999927 (4.082337094957505, 1.0, 0.21045798321509665)
7.779999999999922 (4.070922680704518, 1.0, 0.1948298213722489)
7.999999999999917 (4.102463294045172, 1.0, 0.18046903307245402)
8.219999999999914 (4.152011544481329, 1.0, 0.17337079248650847)
8.439999999999909 (4.182359523503591, 1.0, 0.18300209301488937)
8.659999999999904 (4.1770743210702035, 1.0, 0.19969331569549517)
8.8799999999999 (4.175593447207867, 1.0, 0.2230487105907451)
9.099999999999895 (4.184605110371691, 1.0, 0.23276674258904878)
9.31999999999989 (4.204742025557673, 1.0, 0.22905548940018278)
9.539999999999885 (4.218563920417923, 1.0, 0.2070832740833212)
9.75999999999988 (4.22482573892391, 1.0, 0.1750045559218669)
9.979999999999876 (4.209108533717735, 1.0, 0.14656292343487157)
10.199999999999871 (4.184703972216912, 1.0, 0.12288181901022682)
10.419999999999867 (4.189978190001794, 1.0, 0.111527895319287)
10.639999999999862 (4.241788185936737, 1.0, 0.11579754838541263)
10.859999999999857 (4.313838651469014, 1.0, 0.11198083485734235)
11.079999999999853 (4.360904510489495, 1.0, 0.09064701057074016)
11.299999999999848 (4.355668271239661, 1.0, 0.06917578026417598)
11.519999999999843 (4.342114878055716, 1.0, 0.05908679460342752)
11.739999999999839 (4.335992801140899, 1.0, 0.06489442651288711)
11.959999999999834 (4.345227697952046, 1.0, 0.08797307374531618)
12.17999999999983 (4.358559365686057, 1.0, 0.12785390342760938)
12.399999999999824 (4.359799365311852, 1.0, 0.1619856695435518)
12.61999999999982 (4.351841265444222, 1.0, 0.17971654300579543)
12.839999999999815 (4.343696677099465, 1.0, 0.1825040985784809)
13.05999999999981 (4.347302879486083, 1.0, 0.1718611034559919)
13.279999999999806 (4.358480157867717, 1.0, 0.14770190857838067)
13.499999999999801 (4.369270601328942, 1.0, 0.11052813537659414)
13.719999999999796 (4.374578294630323, 1.0, 0.06627930180027874)
13.939999999999792 (4.375364802339909, 1.0, 0.03548503832364064)
14.159999999999787 (4.375512291929532, 1.0, 0.01797532273611945)
14.379999999999782 (4.376057117871431, 1.0, 0.013713814332444486)
14.599999999999778 (4.376120563843311, 1.0, 0.007999000105063466)
14.819999999999773 (4.37604308692821, 1.0, -0.0013036814021072467)
15.039999999999768 (4.3759974441666705, 1.0, -0.006357437441349288)
15.259999999999764 (4.376022851109326, 1.0, -0.0066333763744032236)
15.479999999999759 (4.37616813227545, 1.0, -0.0002558607546057683)
15.699999999999754 (4.376277106316289, 1.0, 0.00865871970682053)
15.91999999999975 (4.376317597017943, 1.0, 0.012494738180414931)
16.139999999999745 (4.376347345363148, 1.0, 0.014189108129440884)
16.35999999999974 (4.376375576798332, 1.0, 0.014994399167460084)
16.579999999999735 (4.376403634905081, 1.0, 0.015429223442307903)
16.79999999999973 (4.376431641914237, 1.0, 0.015708966773981193)
17.019999999999726 (4.376459569522231, 1.0, 0.015923090466620632)
17.23999999999972 (4.376487390458685, 1.0, 0.01610876125731622)
17.459999999999717 (4.3765150899883105, 1.0, 0.016281428631823636)
17.679999999999712 (4.376542661249463, 1.0, 0.016447523079146507)
17.899999999999707 (4.376570101380197, 1.0, 0.016609729468850826)
18.119999999999703 (4.376597409422044, 1.0, 0.01676917699983584)
18.339999999999698 (4.376624585295463, 1.0, 0.016926348652128474)
18.559999999999693 (4.37665162931791, 1.0, 0.01708145886937113)
18.77999999999969 (4.376678541982069, 1.0, 0.017234610406253188)
18.999999999999684 (4.376705323855649, 1.0, 0.017385859466755936)
19.21999999999968 (4.376731975536928, 1.0, 0.01753524275705713)
19.439999999999674 (4.376758497635425, 1.0, 0.017682788722195406)
19.65999999999967 (4.376784890763664, 1.0, 0.017828522214485363)
19.879999999999665 (4.3768111555337565, 1.0, 0.0179724664342218)
