0.0 [0.0, 1.0, 0.0]
0.21999999999999997 [3.962841221838431e-08, 1.0, -5.469614220961552e-09]
0.4200000000000001 [1.8350196184790946e-07, 1.0, 1.5694715910447368e-07]
0.6200000000000002 [-5.158217877276883e-06, 1.0, 3.1106126161077607e-06]
0.8200000000000004 [-2.707277215352466e-05, 1.0, 1.8512383083294295e-05]
1.0200000000000005 [-6.756766700499739e-05, 1.0, 6.795645898282666e-05]
1.2200000000000006 [-0.0001131467241981543, 1.0, 0.0001592996187493971]
1.4200000000000008 [-0.0001528828932777504, 1.0, 0.0002766254167620493]
1.620000000000001 [-0.00018175177462809167, 1.0, 0.00040348918082888305]
1.8200000000000012 [-0.00020952653204753258, 1.0, 0.0005165307719770217]
2.0200000000000014 [-0.00025387551868150116, 1.0, 0.0005955760213854425]
2.2200000000000015 [-0.0003367023943836589, 1.0, 0.0006564826066275675]
2.4200000000000017 [-0.0004589611245147118, 1.0, 0.0007221025810747426]
2.620000000000002 [-0.0006036702221861034, 1.0, 0.0007982540091448567]
2.820000000000002 [-0.0007536735791190408, 1.0, 0.0008809078962680739]
3.0200000000000022 [-0.0008885287611534176, 1.0, 0.0009575946366259386]
3.2200000000000024 [-0.0010000312299626168, 1.0, 0.0010188271604209126]
3.4200000000000026 [-0.00108971892766474, 1.0, 0.001060556702832418]
3.6200000000000028 [-0.0011740562248365727, 1.0, 0.0010956466187215935]
3.820000000000003 [-0.001263782538995284, 1.0, 0.0011254589907254975]
4.040000000000002 [-0.0013614816821995168, 1.0, 0.0011570472858351659]
4.259999999999997 [-0.0014611202597728523, 1.0, 0.0011858251287038546]
4.479999999999992 [-0.001564226834440352, 1.0, 0.0012152779774444768]
4.699999999999988 [-0.0016728379508780256, 1.0, 0.0012554820851237332]
4.919999999999983 [-0.0017714620222313293, 1.0, 0.0013021167850617542]
5.139999999999978 [-0.0018526139463864721, 1.0, 0.0013549500604757934]
5.359999999999974 [-0.0019323188310400585, 1.0, 0.0014277458820088924]
5.579999999999969 [-0.002013429242634923, 1.0, 0.0015346296201261232]
5.799999999999964 [-0.0020760460080129217, 1.0, 0.0016582885965979038]
6.01999999999996 [-0.0021053500511772905, 1.0, 0.0017710444085937277]
6.239999999999955 [-0.0020925396656904516, 1.0, 0.0018934620803702524]
6.45999999999995 [-0.002033046063738997, 1.0, 0.0020438560673652806]
6.6799999999999455 [-0.0019332738422879192, 1.0, 0.0022095330219582326]
6.899999999999941 [-0.0018212211265502543, 1.0, 0.002374810333364008]
7.119999999999936 [-0.001706530768861736, 1.0, 0.0025361603839246898]
7.3399999999999315 [-0.0015880835607831045, 1.0, 0.0026917359887066797]
7.559999999999927 [-0.001469529114303758, 1.0, 0.002842614756479298]
7.779999999999922 [-0.0013540444595189216, 1.0, 0.002993326188527202]
7.999999999999917 [-0.001237334307809812, 1.0, 0.0031433642839710126]
8.219999999999914 [-0.0011058374195324072, 1.0, 0.0032846418575384964]
8.439999999999909 [-0.0009729360895098793, 1.0, 0.003435435227176053]
8.659999999999904 [-0.0008429600411518079, 1.0, 0.00358764742889248]
8.8799999999999 [-0.0006998648713734124, 1.0, 0.003715556880322695]
9.099999999999895 [-0.0005409333268566741, 1.0, 0.003826244786406939]
9.31999999999989 [-0.00037124765387297476, 1.0, 0.003942426920019462]
9.539999999999885 [-0.0002075121469057306, 1.0, 0.004082216737788826]
9.75999999999988 [-7.093802707247576e-05, 1.0, 0.00424006389927889]
9.979999999999876 [2.3515871495738416e-05, 1.0, 0.004399617640549816]
10.199999999999871 [9.115675438997606e-05, 1.0, 0.004537086524339894]
10.419999999999867 [0.00015320942059693365, 1.0, 0.004658661847812995]
10.639999999999862 [0.00022146596982564049, 1.0, 0.0048038159848093065]
10.859999999999857 [0.00030445699945302884, 1.0, 0.004997712113573437]
11.079999999999853 [0.0003988150869542739, 1.0, 0.005229888318516132]
11.299999999999848 [0.000495413653196497, 1.0, 0.005475645976956312]
11.519999999999843 [0.000589761790797172, 1.0, 0.005726530565815452]
11.739999999999839 [0.0006757728184350054, 1.0, 0.005974354661063523]
11.959999999999834 [0.0007472618886944504, 1.0, 0.006217479236881245]
12.17999999999983 [0.0008026378744259155, 1.0, 0.00645773553614517]
12.399999999999824 [0.0008468851045199122, 1.0, 0.006697120372388047]
12.61999999999982 [0.0008850034084525449, 1.0, 0.006933975286143241]
12.839999999999815 [0.0009184978964751345, 1.0, 0.007165088709277932]
13.05999999999981 [0.000949128214989936, 1.0, 0.007392303316828795]
13.279999999999806 [0.0009780262824005126, 1.0, 0.007618465332285223]
13.499999999999801 [0.0010056006443031063, 1.0, 0.00784395042232171]
13.719999999999796 [0.0010326531310473896, 1.0, 0.008067640029929966]
13.939999999999792 [0.0010604208258572223, 1.0, 0.008288726475114364]
14.159999999999787 [0.0010892586444197772, 1.0, 0.00850709225817916]
14.379999999999782 [0.001118806211383938, 1.0, 0.008722811584278144]
14.599999999999778 [0.0011485397180124313, 1.0, 0.008935898155431256]
14.819999999999773 [0.0011780461012090848, 1.0, 0.009146376154449142]
15.039999999999768 [0.0012073025728016606, 1.0, 0.009354278645213819]
15.259999999999764 [0.0012363640266993547, 1.0, 0.009559634723061339]
15.479999999999759 [0.0012652652866460556, 1.0, 0.00976247293775684]
15.699999999999754 [0.0012940323078720617, 1.0, 0.009962824428461572]
15.91999999999975 [0.0013226727515013303, 1.0, 0.010160721442741572]
16.139999999999745 [0.0013511804507048142, 1.0, 0.010356194271991321]
16.35999999999974 [0.0013795524935052983, 1.0, 0.010549272613688468]
16.579999999999735 [0.0014077880481200289, 1.0, 0.010739985796548987]
16.79999999999973 [0.0014358871461686018, 1.0, 0.010928362792590839]
17.019999999999726 [0.0014638501761898848, 1.0, 0.011114432220048154]
17.23999999999972 [0.0014916776733514547, 1.0, 0.011298222346999103]
17.459999999999717 [0.0015193702321382174, 1.0, 0.011479761095393684]
17.679999999999712 [0.0015469284701025154, 1.0, 0.011659076045194386]
17.899999999999707 [0.0015743530128222716, 1.0, 0.011836194438526276]
18.119999999999703 [0.001601644487649212, 1.0, 0.01201114318379962]
18.339999999999698 [0.0016288035211260432, 1.0, 0.012183948859791464]
18.559999999999693 [0.0016558307379084258, 1.0, 0.01235463771968097]
18.77999999999969 [0.0016827267603259921, 1.0, 0.012523235695036956]
18.999999999999684 [0.0017094922082014907, 1.0, 0.012689768399757256]
19.21999999999968 [0.0017361276987759577, 1.0, 0.012854261133960014]
19.439999999999674 [0.0017626338466847358, 1.0, 0.013016738887827515]
19.65999999999967 [0.0017890112639515898, 1.0, 0.013177226345402923]
19.879999999999665 [0.001815260559982046, 1.0, 0.01333574788834055]
