0.0 [0.0, 1.0, 0.0]
0.21999999999999997 [0.0029066654327887798, 1.0, 3.767427256867045e-05]
0.4200000000000001 [0.010913877815215023, 1.0, 0.0022770145824174692]
0.6200000000000002 [0.06062350470920047, 1.0, 0.008676303146440162]
0.8200000000000004 [0.19760933163739153, 1.0, 0.01732853330066672]
1.0200000000000005 [0.364434028778727, 1.0, -0.017592358361461335]
1.2200000000000006 [0.52397154493913, 1.0, -0.08069667051070786]
1.4200000000000008 [0.683896836160339, 1.0, -0.1467721413744142]
1.620000000000001 [0.8731008079438525, 1.0, -0.20529979872060589]
1.8200000000000012 [1.0755921773433124, 1.0, -0.23595156682837992]
2.0200000000000014 [1.265956942163777, 1.0, -0.21802633166150318]
2.2200000000000015 [1.4384741727877959, 1.0, -0.17144662355134532]
2.4200000000000017 [1.6340344649557579, 1.0, -0.12902802963369822]
2.620000000000002 [1.8502396711940208, 1.0, -0.1204162275900269]
2.820000000000002 [2.0464362457593075, 1.0, -0.16203492771976985]
3.0200000000000022 [2.21604021568086, 1.0, -0.23052214939462565]
3.2200000000000024 [2.401182457118577, 1.0, -0.295799832050107]
3.4200000000000026 [2.611400172601759, 1.0, -0.33588558285130665]
3.6200000000000028 [2.812778920612583, 1.0, -0.3292265788406742]
3.820000000000003 [2.9902712432548677, 1.0, -0.28653440210395537]
4.040000000000002 [3.196871357565146, 1.0, -0.2415967167268066]
4.259999999999997 [3.433354418106367, 1.0, -0.22752165915533634]
4.479999999999992 [3.650766768755226, 1.0, -0.26987809599041523]
4.699999999999988 [3.8374809343993053, 1.0, -0.347566170090265]
4.919999999999983 [4.045935275239146, 1.0, -0.42287555802287385]
5.139999999999978 [4.278376632264261, 1.0, -0.460986309111495]
5.359999999999974 [4.49321054658252, 1.0, -0.43914699841976945]
5.579999999999969 [4.690405292832958, 1.0, -0.3915629033077736]
5.799999999999964 [4.917550991895417, 1.0, -0.357116916633671]
6.01999999999996 [5.150549692514826, 1.0, -0.3713311005634249]
6.239999999999955 [5.3513387806531165, 1.0, -0.43835406976813224]
6.45999999999995 [5.539855796460075, 1.0, -0.5174490501260538]
6.6799999999999455 [5.76411980560669, 1.0, -0.5844892046439423]
6.899999999999941 [5.992436105097298, 1.0, -0.5997274336094573]
7.119999999999936 [6.19495379058454, 1.0, -0.5611407667838303]
7.3399999999999315 [6.398101202167897, 1.0, -0.5177320795582951]
7.559999999999927 [6.633612743288899, 1.0, -0.5001706073293182]
7.779999999999922 [6.853869350265224, 1.0, -0.536884614902956]
7.999999999999917 [7.038945682523309, 1.0, -0.6143827029090971]
8.219999999999914 [7.2375493233901, 1.0, -0.6920683359764206]
8.439999999999909 [7.468724448464817, 1.0, -0.7399840771453642]
8.659999999999904 [7.688461217175598, 1.0, -0.7291887862766717]
8.8799999999999 [7.885416241920365, 1.0, -0.6831773912643284]
9.099999999999895 [8.106420866221004, 1.0, -0.6451363704308638]
9.31999999999989 [8.341890217918086, 1.0, -0.6499643305416638]
9.539999999999885 [8.54883483760699, 1.0, -0.7104110753354078]
9.75999999999988 [8.735772202666489, 1.0, -0.7897947800567306]
9.979999999999876 [8.95528297471664, 1.0, -0.8607181225073357]
10.199999999999871 [9.16169066601024, 1.0, -0.8891697993950948]
10.419999999999867 [9.282065788668591, 1.0, -0.9122451217991924]
10.639999999999862 [9.367249713209695, 1.0, -0.9498478705759308]
10.859999999999857 [9.427332647243677, 1.0, -0.9756189900994491]
11.079999999999853 [9.464706964309055, 1.0, -0.9846538348573378]
11.299999999999848 [9.486981690115757, 1.0, -0.9879317839608546]
11.519999999999843 [9.500189951275749, 1.0, -0.9893454599659256]
11.739999999999839 [9.50800827957859, 1.0, -0.9900476005805238]
11.959999999999834 [9.512632659808169, 1.0, -0.9904286107413464]
12.17999999999983 [9.515366993371932, 1.0, -0.9906451546155685]
12.399999999999824 [9.516983540298906, 1.0, -0.990770946502354]
12.61999999999982 [9.517939190041991, 1.0, -0.9908447419821002]
12.839999999999815 [9.518504124134381, 1.0, -0.9908882213705708]
13.05999999999981 [9.518838082173529, 1.0, -0.990913887073092]
13.279999999999806 [9.519035498878253, 1.0, -0.9909290497556514]
13.499999999999801 [9.519152199986209, 1.0, -0.9909380106501555]
13.719999999999796 [9.519221186733063, 1.0, -0.9909433071914684]
13.939999999999792 [9.519261967574531, 1.0, -0.9909464380367995]
14.159999999999787 [9.519286074766534, 1.0, -0.990948288766474]
14.379999999999782 [9.519300325494166, 1.0, -0.9909493827972884]
14.599999999999778 [9.519308749670314, 1.0, -0.99095002952033]
14.819999999999773 [9.519313729538336, 1.0, -0.9909504118236363]
15.039999999999768 [9.51931667333782, 1.0, -0.9909506378182921]
15.259999999999764 [9.519318413535622, 1.0, -0.9909507714127521]
15.479999999999759 [9.51931944223625, 1.0, -0.9909508503857815]
15.699999999999754 [9.519320050342401, 1.0, -0.9909508970699008]
15.91999999999975 [9.519320409818304, 1.0, -0.9909509246667532]
16.139999999999745 [9.519320622318912, 1.0, -0.9909509409803583]
16.35999999999974 [9.519320747936533, 1.0, -0.9909509506239839]
16.579999999999735 [9.519320822194137, 1.0, -0.9909509563247172]
16.79999999999973 [9.519320866090785, 1.0, -0.9909509596946489]
17.019999999999726 [9.519320892039856, 1.0, -0.9909509616867506]
17.23999999999972 [9.519320907379385, 1.0, -0.9909509628643618]
17.459999999999717 [9.519320916447198, 1.0, -0.9909509635604947]
17.679999999999712 [9.519320921807545, 1.0, -0.990950963972007]
17.899999999999707 [9.51932092497626, 1.0, -0.9909509642152684]
18.119999999999703 [9.519320926849415, 1.0, -0.99095096435907]
18.339999999999698 [9.519320927956711, 1.0, -0.9909509644440768]
18.559999999999693 [9.519320928611279, 1.0, -0.9909509644943277]
18.77999999999969 [9.519320928998221, 1.0, -0.9909509645240331]
18.999999999999684 [9.519320929226957, 1.0, -0.990950964541593]
19.21999999999968 [9.519320929362173, 1.0, -0.9909509645519736]
19.439999999999674 [9.519320929442104, 1.0, -0.99095096455811]
19.65999999999967 [9.519320929489359, 1.0, -0.9909509645617374]
19.879999999999665 [9.519320929517296, 1.0, -0.9909509645638819]
