0.0 (4.375, 1.0, 0.0)
0.21999999999999997 (4.019879755163586, 1.0, 0.4103846540928772)
0.4200000000000001 (3.473661490099954, 1.0, 0.6987335292061337)
0.6200000000000002 (3.446883855765577, 1.0, 0.7210998148392714)
0.8200000000000004 (3.4251524240860993, 1.0, 0.40274110701012783)
1.0200000000000005 (3.3202257318682684, 1.0, -0.20039855850377528)
1.2200000000000006 (3.4166196323793083, 1.0, -0.7457678979075223)
1.4200000000000008 (3.6715455156435515, 1.0, -1.135959020746782)
1.620000000000001 (4.142819913600422, 1.0, -1.0621752936216386)
1.8200000000000012 (4.469135115629064, 1.0, -0.5482961936285721)
2.0200000000000014 (4.501622566280819, 1.0, 0.04394235645789285)
2.2200000000000015 (4.766909686120221, 1.0, 0.38654944089829196)
2.4200000000000017 (5.173980709857651, 1.0, 0.3048042446871727)
2.620000000000002 (5.30012033077464, 1.0, -0.1933256676652334)
2.820000000000002 (5.096552820932056, 1.0, -0.8148693778222603)
3.0200000000000022 (5.246508813690495, 1.0, -1.2431451781578042)
3.2200000000000024 (5.6710460064135475, 1.0, -1.3220752752207867)
3.4200000000000026 (5.945009755648755, 1.0, -0.9086382785676135)
3.6200000000000028 (5.928167082076286, 1.0, -0.24097348459296186)
3.820000000000003 (6.197274828798059, 1.0, 0.16692613184700666)
4.040000000000002 (6.650515963932102, 1.0, 0.24323640050995216)
4.259999999999997 (6.870510341481203, 1.0, -0.23549288480706762)
4.479999999999992 (6.726664689282991, 1.0, -0.9351105472375519)
4.699999999999988 (6.92761776291645, 1.0, -1.39819692962601)
4.919999999999983 (7.379359008420439, 1.0, -1.4193712997983092)
5.139999999999978 (7.637484106276219, 1.0, -0.8819433746747011)
5.359999999999974 (7.648622046231959, 1.0, -0.21798586619340293)
5.579999999999969 (7.952658401310667, 1.0, 0.15071684393783905)
5.799999999999964 (8.347856130508761, 1.0, -0.047389501443798346)
6.01999999999996 (8.4285851980738, 1.0, -0.696847068315975)
6.239999999999955 (8.423069695594599, 1.0, -1.2905655385042747)
6.45999999999995 (8.710147327612058, 1.0, -1.6323218711158074)
6.6799999999999455 (9.087018571993653, 1.0, -1.3811943775384639)
6.899999999999941 (9.193935575345462, 1.0, -0.6908647070603859)
7.119999999999936 (9.405906724988995, 1.0, -0.185232104712551)
7.3399999999999315 (9.819391994367356, 1.0, -0.02275054150928877)
7.559999999999927 (10.058710838545423, 1.0, -0.4309496695514149)
7.779999999999922 (9.934528640660758, 1.0, -1.1399578838518933)
7.999999999999917 (10.105360169424587, 1.0, -1.6295271454521199)
8.219999999999914 (10.561906291606528, 1.0, -1.7368348594629563)
8.439999999999909 (10.840550236169626, 1.0, -1.2718794708687036)
8.659999999999904 (10.820463743412386, 1.0, -0.5702781868146091)
8.8799999999999 (11.104298751695186, 1.0, -0.15764422353980984)
9.099999999999895 (11.54622921653709, 1.0, -0.24694398519906907)
9.31999999999989 (11.702508898038396, 1.0, -0.8456129608440193)
9.539999999999885 (11.631032146136949, 1.0, -1.4857698770209633)
9.75999999999988 (11.883065541315853, 1.0, -1.87835529616232)
9.979999999999876 (12.28851105348265, 1.0, -1.7174997530934668)
10.199999999999871 (12.863582653859911, 1.0, -1.722498483095607)
10.419999999999867 (13.290344647801746, 1.0, -1.8219691235573585)
10.639999999999862 (13.608147464932063, 1.0, -1.6263244776977457)
10.859999999999857 (13.783541439935616, 1.0, -1.3626528144517023)
11.079999999999853 (13.826274964873217, 1.0, -1.3268169694292071)
11.299999999999848 (13.848577754147158, 1.0, -1.3298475194097974)
11.519999999999843 (13.861761561228084, 1.0, -1.33157300616342)
11.739999999999839 (13.869572096349284, 1.0, -1.3323744596337923)
11.959999999999834 (13.87419361890501, 1.0, -1.3327918808922308)
12.17999999999983 (13.87692672211106, 1.0, -1.333024100788885)
12.399999999999824 (13.878542662106755, 1.0, -1.3331576255536253)
12.61999999999982 (13.879497984643905, 1.0, -1.3332355899408221)
12.839999999999815 (13.880062733593501, 1.0, -1.333281428217213)
13.05999999999981 (13.88039658435945, 1.0, -1.3333084606758236)
13.279999999999806 (13.88059393822039, 1.0, -1.3333244240430944)
13.499999999999801 (13.880710602328278, 1.0, -1.3333338563502162)
13.719999999999796 (13.8807795672421, 1.0, -1.3333394310629283)
13.939999999999792 (13.880820335187467, 1.0, -1.3333427262154927)
14.159999999999787 (13.88084443475876, 1.0, -1.3333446740393833)
14.379999999999782 (13.880858680982193, 1.0, -1.333345825457461)
14.599999999999778 (13.880867102495914, 1.0, -1.333346506102047)
14.819999999999773 (13.880872080790121, 1.0, -1.3333469084571163)
15.039999999999768 (13.880875023659268, 1.0, -1.3333471463050095)
15.259999999999764 (13.880876763307116, 1.0, -1.33334728690635)
15.479999999999759 (13.880877791682645, 1.0, -1.3333473700214165)
15.699999999999754 (13.880878399596616, 1.0, -1.3333474191540562)
15.91999999999975 (13.880878758958914, 1.0, -1.3333474481983267)
16.139999999999745 (13.880878971392367, 1.0, -1.3333474653675585)
16.35999999999974 (13.880879096970288, 1.0, -1.333347475516979)
16.579999999999735 (13.880879171204425, 1.0, -1.3333474815167077)
16.79999999999973 (13.880879215087202, 1.0, -1.3333474850633877)
17.019999999999726 (13.880879241028069, 1.0, -1.3333474871599726)
17.23999999999972 (13.88087925636275, 1.0, -1.333347488399348)
17.459999999999717 (13.8808792654277, 1.0, -1.3333474891319923)
17.679999999999712 (13.880879270786352, 1.0, -1.3333474895650876)
17.899999999999707 (13.880879273954065, 1.0, -1.3333474898211075)
18.119999999999703 (13.880879275826628, 1.0, -1.3333474899724513)
18.339999999999698 (13.880879276933575, 1.0, -1.3333474900619164)
18.559999999999693 (13.880879277587935, 1.0, -1.3333474901148028)
18.77999999999969 (13.880879277974755, 1.0, -1.3333474901460662)
18.999999999999684 (13.880879278203418, 1.0, -1.333347490164547)
19.21999999999968 (13.880879278338595, 1.0, -1.3333474901754723)
19.439999999999674 (13.880879278418503, 1.0, -1.3333474901819302)
19.65999999999967 (13.880879278465738, 1.0, -1.3333474901857474)
19.879999999999665 (13.880879278493667, 1.0, -1.3333474901880045)
