0.0 [-12.75, 1.0, 0.0]
0.02 [-12.75, 1.0, -8.163404592832033e-19]
0.04 [-12.750002154308255, 1.0, 1.2961567138546152e-07]
0.06 [-12.750009526173523, 1.0, 6.994193038361802e-07]
0.08 [-12.75002685505443, 1.0, 4.863053478889993e-06]
0.1 [-12.750060408884108, 1.0, 1.381951068278679e-05]
0.12000000000000001 [-12.750109345793092, 1.0, 3.35547746732024e-05]
0.14 [-12.750167787435018, 1.0, 8.664081991901561e-05]
0.16 [-12.750216146701135, 1.0, 0.0001927280758080574]
0.18 [-12.750232538161296, 1.0, 0.00036637578931666807]
0.19999999999999998 [-12.750211869467822, 1.0, 0.0006097687670177474]
0.21999999999999997 [-12.750176887685114, 1.0, 0.0008885007594980376]
0.23999999999999996 [-12.750153007201858, 1.0, 0.0011294737967362505]
0.25999999999999995 [-12.75014786659162, 1.0, 0.0012994815443562768]
0.27999999999999997 [-12.75015068923226, 1.0, 0.0013951617096553486]
0.3 [-12.750155125418337, 1.0, 0.001412316729354856]
0.32 [-12.750159835777625, 1.0, 0.0013570516023331518]
0.34 [-12.750171762178477, 1.0, 0.001238607062693559]
0.36000000000000004 [-12.750206094056056, 1.0, 0.0010601252096902455]
0.38000000000000006 [-12.750275579108123, 1.0, 0.0008334778013342416]
0.4000000000000001 [-12.75038894826226, 1.0, 0.0005734695261010839]
0.4200000000000001 [-12.750550753727328, 1.0, 0.00029522597825969903]
0.4400000000000001 [-12.750761516801171, 1.0, 1.3203412030946156e-05]
0.46000000000000013 [-12.751018946081409, 1.0, -0.0002618450331860021]
0.48000000000000015 [-12.751319565789325, 1.0, -0.0005257855704197514]
0.5000000000000001 [-12.75166011607341, 1.0, -0.0007813494185367704]
0.5200000000000001 [-12.752036693189165, 1.0, -0.001035939178296938]
0.5400000000000001 [-12.752442870988869, 1.0, -0.001295668017124238]
0.5600000000000002 [-12.752870400729323, 1.0, -0.0015679760585793118]
0.5800000000000002 [-12.753308867500222, 1.0, -0.0018627696565527952]
0.6000000000000002 [-12.753746645074237, 1.0, -0.002192459155700178]
0.6200000000000002 [-12.754172018910857, 1.0, -0.0025713529893898975]
0.6400000000000002 [-12.754574186399564, 1.0, -0.0030148864150848693]
0.6600000000000003 [-12.754944202173442, 1.0, -0.0035386596336814302]
0.6800000000000003 [-12.755275271034694, 1.0, -0.004159525183101789]
0.7000000000000003 [-12.755563717189753, 1.0, -0.004891886693254185]
0.7200000000000003 [-12.755808840359004, 1.0, -0.005743965708180078]
0.7400000000000003 [-12.756013346587132, 1.0, -0.006716664205920927]
0.7600000000000003 [-12.756184059599718, 1.0, -0.007803331214485019]
0.7800000000000004 [-12.756332600787438, 1.0, -0.008989241496561395]
0.8000000000000004 [-12.756475206979857, 1.0, -0.010250457541187488]
0.8200000000000004 [-12.756629554270786, 1.0, -0.011554022253873749]
0.8400000000000004 [-12.756814917609173, 1.0, -0.012867010915498349]
0.8600000000000004 [-12.75705058402395, 1.0, -0.014159829365632452]
0.8800000000000004 [-12.757352899605074, 1.0, -0.01540602851245102]
0.9000000000000005 [-12.757732617145287, 1.0, -0.016580517027909924]
0.9200000000000005 [-12.758193707656032, 1.0, -0.017659349253149343]
0.9400000000000005 [-12.758732007534128, 1.0, -0.01861959255575459]
0.9600000000000005 [-12.759334624155532, 1.0, -0.019440114070760975]
0.9800000000000005 [-12.759980002401559, 1.0, -0.02010383109510097]
1.0000000000000004 [-12.760638412817187, 1.0, -0.02060103781693608]
1.0200000000000005 [-12.761277377812712, 1.0, -0.02093473777987942]
1.0400000000000005 [-12.76186579115091, 1.0, -0.021124156519848638]
1.0600000000000005 [-12.762377945409822, 1.0, -0.021205742715906643]
1.0800000000000005 [-12.76280088468835, 1.0, -0.02123065901080931]
1.1000000000000005 [-12.763134864850255, 1.0, -0.021253725027465246]
1.1200000000000006 [-12.763393359416654, 1.0, -0.021322935598938688]
1.1400000000000006 [-12.763596956548454, 1.0, -0.021471701833101067]
1.1600000000000006 [-12.763834272105347, 1.0, -0.02172019038106249]
1.1800000000000006 [-12.764256496989004, 1.0, -0.022131077830907658]
1.2000000000000006 [-12.764863731310024, 1.0, -0.02265506849525955]
1.2200000000000006 [-12.765654069207269, 1.0, -0.02325787546447111]
1.2400000000000007 [-12.76662275692952, 1.0, -0.02391014759760642]
1.2600000000000007 [-12.767759411366082, 1.0, -0.02459019204703498]
1.2800000000000007 [-12.768871630222124, 1.0, -0.025271113259650008]
1.3000000000000007 [-12.769973916183865, 1.0, -0.02595310322385894]
1.3200000000000007 [-12.771071835751004, 1.0, -0.026636697376693653]
1.3400000000000007 [-12.772167236348936, 1.0, -0.02732455759160973]
1.3600000000000008 [-12.773255589267785, 1.0, -0.028023202558797724]
1.3800000000000008 [-12.77432942146271, 1.0, -0.02874026256625816]
1.4000000000000008 [-12.775380818355464, 1.0, -0.02948088973721971]
1.4200000000000008 [-12.776401741685445, 1.0, -0.030245670657187796]
1.4400000000000008 [-12.77738340891709, 1.0, -0.03102959793159421]
1.4600000000000009 [-12.778316727864016, 1.0, -0.03182259514466345]
1.4800000000000009 [-12.779190085923789, 1.0, -0.032608181866376554]
1.5000000000000009 [-12.779993422259784, 1.0, -0.033364925456104526]
1.520000000000001 [-12.780721485148598, 1.0, -0.03407214000205823]
1.540000000000001 [-12.781374418123576, 1.0, -0.034711778288195015]
1.560000000000001 [-12.781957737008442, 1.0, -0.035269902936341586]
1.580000000000001 [-12.78248169310421, 1.0, -0.035737598231966344]
1.600000000000001 [-12.782960480174296, 1.0, -0.036111424293646624]
1.620000000000001 [-12.78341140080515, 1.0, -0.03639362796119944]
1.640000000000001 [-12.783854008485457, 1.0, -0.03659206487230162]
1.660000000000001 [-12.784308834988236, 1.0, -0.036723389743635926]
1.680000000000001 [-12.784793081419217, 1.0, -0.03681013207622259]
1.700000000000001 [-12.785316882395328, 1.0, -0.036873245946998645]
1.720000000000001 [-12.785881811802104, 1.0, -0.03692648550759029]
1.740000000000001 [-12.786483231669592, 1.0, -0.03696999093918804]
1.7600000000000011 [-12.787116289957327, 1.0, -0.03700317130120384]
1.7800000000000011 [-12.787778391040943, 1.0, -0.03703439361862457]
1.8000000000000012 [-12.788467154768124, 1.0, -0.037074811325787806]
1.8200000000000012 [-12.789179760941664, 1.0, -0.03713165853582331]
1.8400000000000012 [-12.789913214192776, 1.0, -0.037205644553219785]
1.8600000000000012 [-12.790665650408233, 1.0, -0.03729157460611532]
1.8800000000000012 [-12.791437013819396, 1.0, -0.03737962168405291]
1.9000000000000012 [-12.792228918971679, 1.0, -0.037456435873886654]
1.9200000000000013 [-12.79304414836094, 1.0, -0.037508374473831534]
1.9400000000000013 [-12.793886201312855, 1.0, -0.03752335694005658]
1.9600000000000013 [-12.79475726129843, 1.0, -0.03748965666436329]
1.9800000000000013 [-12.795655862031097, 1.0, -0.03739488366405208]
2.0000000000000013 [-12.796575809266836, 1.0, -0.03722684971677977]
2.0200000000000014 [-12.79750639827702, 1.0, -0.03697765808490239]
2.0400000000000014 [-12.798432726494703, 1.0, -0.036644164286274525]
2.0600000000000014 [-12.799336716210352, 1.0, -0.03622995385956795]
2.0800000000000014 [-12.800199354521508, 1.0, -0.03574596740659062]
2.1000000000000014 [-12.801001560483014, 1.0, -0.035208756738743054]
2.1200000000000014 [-12.801723115292347, 1.0, -0.034634540207573915]
2.1400000000000015 [-12.802346937045474, 1.0, -0.034043385617998335]
2.1600000000000015 [-12.802871837549848, 1.0, -0.033463208116496695]
2.1800000000000015 [-12.803307578673873, 1.0, -0.03292642032332022]
2.2000000000000015 [-12.80367943130176, 1.0, -0.03246751648534283]
2.2200000000000015 [-12.804020222074879, 1.0, -0.03210981005911739]
2.2400000000000015 [-12.804352588918178, 1.0, -0.031860075244829346]
2.2600000000000016 [-12.804691445648237, 1.0, -0.03171876529657145]
2.2800000000000016 [-12.80504587581353, 1.0, -0.031681045309483645]
2.3000000000000016 [-12.805423587055587, 1.0, -0.031738234680686]
2.3200000000000016 [-12.805831780187772, 1.0, -0.03187906817788858]
2.3400000000000016 [-12.806276758657829, 1.0, -0.03209103193971137]
2.3600000000000017 [-12.806764123386998, 1.0, -0.03236210740380854]
2.3800000000000017 [-12.807298168165955, 1.0, -0.0326807845984921]
2.4000000000000017 [-12.807880822852999, 1.0, -0.03303572648126683]
2.4200000000000017 [-12.808508250857482, 1.0, -0.03341598055749824]
2.4400000000000017 [-12.809171419920103, 1.0, -0.0338097676658154]
2.4600000000000017 [-12.809857220359897, 1.0, -0.03420396189121912]
2.4800000000000018 [-12.81054870243613, 1.0, -0.034584426268424076]
2.5000000000000018 [-12.81122611567866, 1.0, -0.034936615748352044]
2.520000000000002 [-12.811870309476769, 1.0, -0.035246279496007844]
2.540000000000002 [-12.812462752990257, 1.0, -0.035502825276134894]
2.560000000000002 [-12.812993485569697, 1.0, -0.03570492994531402]
2.580000000000002 [-12.81345860005198, 1.0, -0.03585703979165345]
2.600000000000002 [-12.813859370924128, 1.0, -0.03596625074122204]
2.620000000000002 [-12.814201317387967, 1.0, -0.036041785096171015]
2.640000000000002 [-12.814493557646278, 1.0, -0.03609384151261744]
2.660000000000002 [-12.814748779702688, 1.0, -0.03613621261171741]
2.680000000000002 [-12.814980536449086, 1.0, -0.03618496229187559]
2.700000000000002 [-12.81520013042512, 1.0, -0.03625304400211311]
2.720000000000002 [-12.815416403499704, 1.0, -0.036349726607634185]
2.740000000000002 [-12.815635210561346, 1.0, -0.03647869839348526]
2.760000000000002 [-12.815858461899849, 1.0, -0.036631344784566505]
2.780000000000002 [-12.816089429335387, 1.0, -0.03679566657766345]
2.800000000000002 [-12.816335095939458, 1.0, -0.03696221280480859]
2.820000000000002 [-12.816604511583032, 1.0, -0.03712497058383747]
2.840000000000002 [-12.816906117110419, 1.0, -0.037278544924738706]
2.860000000000002 [-12.817246039837634, 1.0, -0.037415758974411205]
2.880000000000002 [-12.817626743266956, 1.0, -0.037525664919865684]
2.900000000000002 [-12.818046528120174, 1.0, -0.037593785081053654]
2.920000000000002 [-12.818500345189367, 1.0, -0.03760385079503551]
2.940000000000002 [-12.81897880465749, 1.0, -0.03753929967908012]
2.960000000000002 [-12.819468213103232, 1.0, -0.0373845723770998]
2.980000000000002 [-12.81995082761032, 1.0, -0.037127200662731515]
3.000000000000002 [-12.820406033754729, 1.0, -0.03676036556539241]
3.0200000000000022 [-12.820811888512571, 1.0, -0.03628506481919511]
3.0400000000000023 [-12.821146873389283, 1.0, -0.03571148664544174]
3.0600000000000023 [-12.821392301961707, 1.0, -0.035059499989083684]
3.0800000000000023 [-12.821533732872426, 1.0, -0.03435797618823699]
3.1000000000000023 [-12.821571016981864, 1.0, -0.033646255393568004]
3.1200000000000023 [-12.82152105004788, 1.0, -0.03296631809494949]
3.1400000000000023 [-12.821413960336228, 1.0, -0.032355982156756564]
3.1600000000000024 [-12.821292499961768, 1.0, -0.031843127229070026]
3.1800000000000024 [-12.82118937559877, 1.0, -0.03143494090524691]
3.2000000000000024 [-12.82112874973967, 1.0, -0.031129395924549264]
3.2200000000000024 [-12.821125046826317, 1.0, -0.030916876537341792]
3.2400000000000024 [-12.821181275108668, 1.0, -0.030783319794772196]
3.2600000000000025 [-12.82129979960921, 1.0, -0.03071339335870796]
3.2800000000000025 [-12.8214804660907, 1.0, -0.030690147893615762]
3.3000000000000025 [-12.821723409115384, 1.0, -0.030698056033185435]
3.3200000000000025 [-12.822029466830513, 1.0, -0.030722843807521733]
3.3400000000000025 [-12.822399296203708, 1.0, -0.030751583684725296]
3.3600000000000025 [-12.822833131793962, 1.0, -0.030772820914055095]
3.3800000000000026 [-12.823329665888144, 1.0, -0.030778068658643225]
3.4000000000000026 [-12.82388437874816, 1.0, -0.030763371414937762]
3.4200000000000026 [-12.824490614598107, 1.0, -0.03072590724025207]
3.4400000000000026 [-12.825137035146499, 1.0, -0.030659617248994183]
3.4600000000000026 [-12.825806130614353, 1.0, -0.030557610780581248]
3.4800000000000026 [-12.82647473939255, 1.0, -0.03041335021830817]
3.5000000000000027 [-12.827116159181555, 1.0, -0.030221528214752356]
3.5200000000000027 [-12.827703508448781, 1.0, -0.02997854835361929]
3.5400000000000027 [-12.82822121034683, 1.0, -0.0296851479843959]
3.5600000000000027 [-12.828662556255322, 1.0, -0.02934587331457576]
3.5800000000000027 [-12.829027131959513, 1.0, -0.02896642810171138]
3.6000000000000028 [-12.8293190512606, 1.0, -0.02855287797813447]
3.6200000000000028 [-12.829545773256545, 1.0, -0.028111234311081017]
3.640000000000003 [-12.829717542002191, 1.0, -0.027647369324961178]
3.660000000000003 [-12.829847043246794, 1.0, -0.027166978615969423]
3.680000000000003 [-12.829948667967233, 1.0, -0.02667438088935814]
3.700000000000003 [-12.830041144303573, 1.0, -0.02617740743608475]
3.720000000000003 [-12.830139391731109, 1.0, -0.025682132559601854]
3.740000000000003 [-12.830252458999723, 1.0, -0.02519280221804475]
3.760000000000003 [-12.830384613669931, 1.0, -0.02471147420544634]
3.780000000000003 [-12.830532514972667, 1.0, -0.024235083365224952]
3.800000000000003 [-12.830691030016968, 1.0, -0.02375756170209954]
3.820000000000003 [-12.830859540803596, 1.0, -0.02327324688988722]
3.840000000000003 [-12.831043112629478, 1.0, -0.022778074564598003]
3.860000000000003 [-12.831246983146963, 1.0, -0.02226693047214531]
3.880000000000003 [-12.831472614504062, 1.0, -0.021732416699171253]
3.900000000000003 [-12.8317163660248, 1.0, -0.021164978139282302]
3.920000000000003 [-12.83196992971153, 1.0, -0.02055409324002506]
3.940000000000003 [-12.832221120117213, 1.0, -0.01988955378734988]
3.960000000000003 [-12.83245449729929, 1.0, -0.019163309947070967]
3.980000000000003 [-12.83265191975333, 1.0, -0.018370949315596064]
4.000000000000003 [-12.832794036311107, 1.0, -0.017513634830895623]
4.020000000000002 [-12.832862050381955, 1.0, -0.01659938633625208]
4.040000000000002 [-12.832839961620081, 1.0, -0.015643707368047387]
4.060000000000001 [-12.832717037362286, 1.0, -0.014669313492080626]
4.080000000000001 [-12.832490117412299, 1.0, -0.013705005875343675]
4.1000000000000005 [-12.83217157208385, 1.0, -0.01278264819814352]
4.12 [-12.831790604237064, 1.0, -0.011929463460376573]
4.14 [-12.83138597907823, 1.0, -0.01116392537452218]
4.159999999999999 [-12.83100339018391, 1.0, -0.0104922447166206]
4.179999999999999 [-12.830681282992042, 1.0, -0.009904623185473426]
4.199999999999998 [-12.830440316343497, 1.0, -0.00938667576294893]
4.219999999999998 [-12.830291056318037, 1.0, -0.008923776414984359]
4.2399999999999975 [-12.830232437253217, 1.0, -0.008502982529690768]
4.259999999999997 [-12.830258800375974, 1.0, -0.008113430764294507]
4.279999999999997 [-12.830366330292257, 1.0, -0.007743715652425559]
4.299999999999996 [-12.830551370752609, 1.0, -0.007381869186293584]
4.319999999999996 [-12.83081140466966, 1.0, -0.007016430007352421]
4.339999999999995 [-12.831142958760145, 1.0, -0.006643249715070223]
4.359999999999995 [-12.831541908709516, 1.0, -0.0062590679317296675]
4.379999999999995 [-12.832003037211598, 1.0, -0.005861720763833948]
4.399999999999994 [-12.83251954699417, 1.0, -0.005450317602405415]
4.419999999999994 [-12.833083191066962, 1.0, -0.005019262700230865]
4.439999999999993 [-12.833679543579297, 1.0, -0.004565351914043771]
4.459999999999993 [-12.834287964023616, 1.0, -0.004087352968655471]
4.479999999999992 [-12.834883137493238, 1.0, -0.0035852794373988817]
4.499999999999992 [-12.83543746670899, 1.0, -0.003060076619674511]
4.519999999999992 [-12.835923517769414, 1.0, -0.0025131902547140096]
4.539999999999991 [-12.83631634474088, 1.0, -0.0019464486082916548]
4.559999999999991 [-12.836595474757567, 1.0, -0.0013622258546041371]
4.57999999999999 [-12.836746782916718, 1.0, -0.0007644724526526863]
4.59999999999999 [-12.836773887358817, 1.0, -0.0001562531510290471]
4.6199999999999894 [-12.836693973282648, 1.0, 0.0004602346694159611]
4.639999999999989 [-12.836530121221399, 1.0, 0.0010874391722834886]
4.659999999999989 [-12.836314229580239, 1.0, 0.001725441130697777]
4.679999999999988 [-12.836074455474787, 1.0, 0.0023744831281536077]
4.699999999999988 [-12.835830542081696, 1.0, 0.0030342703290953776]
4.719999999999987 [-12.835596020148902, 1.0, 0.0037034907060410284]
4.739999999999987 [-12.835375697092626, 1.0, 0.004382716912096254]
4.7599999999999865 [-12.835169006630982, 1.0, 0.005076168920118588]
4.779999999999986 [-12.834976829940874, 1.0, 0.00578807488848345]
4.799999999999986 [-12.83480473118955, 1.0, 0.006520696547631629]
4.819999999999985 [-12.834658362007259, 1.0, 0.007275533778556283]
4.839999999999985 [-12.83454051290926, 1.0, 0.008054910460730421]
4.859999999999984 [-12.834449053149582, 1.0, 0.008863427295494308]
4.879999999999984 [-12.834377583635082, 1.0, 0.009708026967123369]
4.8999999999999835 [-12.834316333811266, 1.0, 0.010597198088237636]
4.919999999999983 [-12.83425261567452, 1.0, 0.011539950979158341]
4.939999999999983 [-12.834169633080979, 1.0, 0.012544981105593375]
4.959999999999982 [-12.834048515497956, 1.0, 0.01361844530220695]
4.979999999999982 [-12.833869151638874, 1.0, 0.014762031358158168]
4.999999999999981 [-12.833612262332254, 1.0, 0.015971640376401877]
5.019999999999981 [-12.833261867449751, 1.0, 0.017236597782978886]
5.0399999999999805 [-12.832807791568003, 1.0, 0.01853944589825746]
5.05999999999998 [-12.832247685866735, 1.0, 0.019856678139170417]
5.07999999999998 [-12.831588016475305, 1.0, 0.02116042698042473]
5.099999999999979 [-12.8308436315494, 1.0, 0.02242088507250283]
5.119999999999979 [-12.830040830119406, 1.0, 0.023610644928812576]
5.139999999999978 [-12.829216320420826, 1.0, 0.024712783380464304]
5.159999999999978 [-12.828406665457969, 1.0, 0.02572160059344717]
5.1799999999999775 [-12.827652561245605, 1.0, 0.026645955220779748]
5.199999999999977 [-12.826982194850276, 1.0, 0.0275060823333492]
5.219999999999977 [-12.826410429199244, 1.0, 0.028319045369327087]
5.239999999999976 [-12.825941652897836, 1.0, 0.029099016958369073]
5.259999999999976 [-12.82557020377267, 1.0, 0.02985569702364256]
5.279999999999975 [-12.825289252760838, 1.0, 0.030600304074586502]
5.299999999999975 [-12.825089571223415, 1.0, 0.03134399949297609]
5.3199999999999745 [-12.824962228366159, 1.0, 0.0320975473867303]
5.339999999999974 [-12.824899125736124, 1.0, 0.03287125798562514]
5.359999999999974 [-12.824892627420569, 1.0, 0.03367463518722991]
5.379999999999973 [-12.824934985312705, 1.0, 0.034515625044036435]
5.399999999999973 [-12.825017290871052, 1.0, 0.035397595941269004]
5.419999999999972 [-12.825127744728691, 1.0, 0.036318964664351375]
5.439999999999972 [-12.825251078309332, 1.0, 0.037274985161654346]
5.4599999999999715 [-12.825368450448579, 1.0, 0.03825957884145016]
5.479999999999971 [-12.825458752321154, 1.0, 0.03926603803341999]
5.499999999999971 [-12.82549979420575, 1.0, 0.04028448061318951]
5.51999999999997 [-12.825469757193831, 1.0, 0.041302394767754776]
5.53999999999997 [-12.825353937348265, 1.0, 0.042308903069889166]
5.559999999999969 [-12.825149436362395, 1.0, 0.04329671135161083]
5.579999999999969 [-12.824860436791882, 1.0, 0.044261735987076646]
5.599999999999969 [-12.824495266378406, 1.0, 0.04520303719759187]
5.619999999999968 [-12.824065088082532, 1.0, 0.04612220992669999]
5.639999999999968 [-12.823582967136831, 1.0, 0.0470227913285862]
5.659999999999967 [-12.823062501792435, 1.0, 0.04791001740400363]
5.679999999999967 [-12.822521956964774, 1.0, 0.048790020877428064]
5.699999999999966 [-12.82197994604791, 1.0, 0.04966802486707616]
5.719999999999966 [-12.821452247221684, 1.0, 0.05054782516686148]
5.739999999999966 [-12.8209483317197, 1.0, 0.05143083653148353]
5.759999999999965 [-12.820468590909163, 1.0, 0.05231728665887987]
5.779999999999965 [-12.820004374006174, 1.0, 0.0532081657473412]
5.799999999999964 [-12.819549502204453, 1.0, 0.05410686654453959]
5.819999999999964 [-12.819103047524539, 1.0, 0.05501930089909144]
5.839999999999963 [-12.818665213767474, 1.0, 0.05595225066088528]
5.859999999999963 [-12.818233685657034, 1.0, 0.056912342011561916]
5.879999999999963 [-12.817801051865718, 1.0, 0.057904774664900224]
5.899999999999962 [-12.817355398703777, 1.0, 0.05893293855336575]
5.919999999999962 [-12.816881544452908, 1.0, 0.0599982859174318]
5.939999999999961 [-12.816362152904626, 1.0, 0.06109882663914825]
5.959999999999961 [-12.815779315627523, 1.0, 0.06222900178955747]
5.9799999999999605 [-12.815116033185337, 1.0, 0.06337853395958808]
5.99999999999996 [-12.814358961055586, 1.0, 0.06453261770443382]
6.01999999999996 [-12.813499999643655, 1.0, 0.0656715658110123]
6.039999999999959 [-12.812538515483178, 1.0, 0.06677167875392964]
6.059999999999959 [-12.811483805645743, 1.0, 0.06780770058253971]
6.079999999999958 [-12.810355535061223, 1.0, 0.06875519880985055]
6.099999999999958 [-12.809187131383364, 1.0, 0.06959719154719621]
6.1199999999999575 [-12.808022815181262, 1.0, 0.07033288197192204]
6.139999999999957 [-12.806906750845243, 1.0, 0.07097451698928028]
6.159999999999957 [-12.805879459216339, 1.0, 0.07154874537810212]
6.179999999999956 [-12.804963886072436, 1.0, 0.07208950355128019]
6.199999999999956 [-12.804166309020337, 1.0, 0.0726221839685842]
6.219999999999955 [-12.803484544727448, 1.0, 0.07316639667126432]
6.239999999999955 [-12.80290794662515, 1.0, 0.07373255279025823]
6.2599999999999545 [-12.802423087579289, 1.0, 0.0743265657790495]
6.279999999999954 [-12.802016419485147, 1.0, 0.07495453281472729]
6.299999999999954 [-12.801674421059586, 1.0, 0.07562222499659853]
6.319999999999953 [-12.801385006696995, 1.0, 0.07633573141225046]
6.339999999999953 [-12.801137287977522, 1.0, 0.07710087734072824]
6.359999999999952 [-12.80092379582694, 1.0, 0.07791860404020283]
6.379999999999952 [-12.800737965079461, 1.0, 0.0787875746357455]
6.3999999999999515 [-12.800573273802303, 1.0, 0.079704804487574]
6.419999999999951 [-12.800421723426169, 1.0, 0.0806643336194926]
6.439999999999951 [-12.8002696734345, 1.0, 0.08165855232074959]
6.45999999999995 [-12.800101686709263, 1.0, 0.08267410786596159]
6.47999999999995 [-12.79990079421699, 1.0, 0.08369316744622865]
6.499999999999949 [-12.799649854646635, 1.0, 0.08469495902974475]
6.519999999999949 [-12.799332772262042, 1.0, 0.0856573689528991]
6.5399999999999485 [-12.798936801432808, 1.0, 0.08656044231295337]
6.559999999999948 [-12.79845945749391, 1.0, 0.0873954961056277]
6.579999999999948 [-12.797904653884004, 1.0, 0.088161574736799]
6.599999999999947 [-12.797279141122722, 1.0, 0.08886380273547521]
6.619999999999947 [-12.796591343771704, 1.0, 0.08951180361287202]
6.639999999999946 [-12.79585088713993, 1.0, 0.0901186602476956]
6.659999999999946 [-12.795068548311166, 1.0, 0.0907005571324615]
6.6799999999999455 [-12.794259889994953, 1.0, 0.09127469763348287]
6.699999999999945 [-12.793438593805652, 1.0, 0.09185499394242502]
6.719999999999945 [-12.792615361015232, 1.0, 0.09245056902127277]
6.739999999999944 [-12.79179855760787, 1.0, 0.09306714347796519]
6.759999999999944 [-12.790986548903975, 1.0, 0.09370471935139853]
6.779999999999943 [-12.79017342902409, 1.0, 0.09436291723735417]
6.799999999999943 [-12.789355946851725, 1.0, 0.09504475450078938]
6.8199999999999426 [-12.788535351136725, 1.0, 0.09575615054595561]
6.839999999999942 [-12.787712206699055, 1.0, 0.09650285480687693]
6.859999999999942 [-12.786883533565167, 1.0, 0.09728821307033719]
6.879999999999941 [-12.786041767257423, 1.0, 0.09811267141547726]
6.899999999999941 [-12.78517478824237, 1.0, 0.09897368117771406]
6.91999999999994 [-12.78426818322787, 1.0, 0.09986546671599511]
6.93999999999994 [-12.783306456877263, 1.0, 0.10077942855678428]
6.95999999999994 [-12.782274475296687, 1.0, 0.10170379965700323]
6.979999999999939 [-12.781159381862029, 1.0, 0.10262348510371415]
6.999999999999939 [-12.779952756019641, 1.0, 0.10352066799777351]
7.019999999999938 [-12.778652746016565, 1.0, 0.10437590043927335]
7.039999999999938 [-12.777265796609779, 1.0, 0.1051697016116089]
7.059999999999937 [-12.775807374752958, 1.0, 0.10588334253729614]
7.079999999999937 [-12.774302360987642, 1.0, 0.10650206263921244]
7.099999999999937 [-12.772783600487458, 1.0, 0.10701786099158654]
7.119999999999936 [-12.771291506168637, 1.0, 0.10744192167125047]
7.139999999999936 [-12.76986258890524, 1.0, 0.10779927902608254]
7.159999999999935 [-12.768524723338063, 1.0, 0.10812513665447593]
7.179999999999935 [-12.767289724322088, 1.0, 0.10845841545698856]
7.1999999999999345 [-12.766154254601018, 1.0, 0.10882798867137086]
7.219999999999934 [-12.765111303216111, 1.0, 0.10925189891512567]
7.239999999999934 [-12.764150992758639, 1.0, 0.10973792004514304]
7.259999999999933 [-12.763262230167841, 1.0, 0.1102846301247535]
7.279999999999933 [-12.762433280851347, 1.0, 0.11089196510927878]
7.299999999999932 [-12.761651309640753, 1.0, 0.11155889307027972]
7.319999999999932 [-12.760904083715626, 1.0, 0.11228513500379397]
7.3399999999999315 [-12.760180113703376, 1.0, 0.11307115377827574]
7.359999999999931 [-12.759468705611638, 1.0, 0.11391734243671657]
7.379999999999931 [-12.75876366220046, 1.0, 0.11482033505327943]
7.39999999999993 [-12.758059443576224, 1.0, 0.11577398435141428]
7.41999999999993 [-12.757350328419328, 1.0, 0.11676794003230463]
7.439999999999929 [-12.756627749797344, 1.0, 0.1177888467097406]
7.459999999999929 [-12.75588192818504, 1.0, 0.11881989077499146]
7.4799999999999285 [-12.7551042327443, 1.0, 0.1198404842596975]
7.499999999999928 [-12.754287309183589, 1.0, 0.12082764698429002]
7.519999999999928 [-12.75342556200902, 1.0, 0.12175765623699701]
7.539999999999927 [-12.752515843426078, 1.0, 0.1226076259335429]
7.559999999999927 [-12.751558772029343, 1.0, 0.1233656385865021]
7.579999999999926 [-12.75055953098945, 1.0, 0.12403198341028798]
7.599999999999926 [-12.749524187058912, 1.0, 0.1246144637426316]
7.6199999999999255 [-12.748458448550629, 1.0, 0.12512591364453737]
7.639999999999925 [-12.747367591367144, 1.0, 0.1255825992616411]
7.659999999999925 [-12.746255508263246, 1.0, 0.12600194695057146]
7.679999999999924 [-12.745130658817711, 1.0, 0.1264055719655642]
7.699999999999924 [-12.74400108588158, 1.0, 0.1268110403861627]
7.719999999999923 [-12.742874316327146, 1.0, 0.12723126299220086]
7.739999999999923 [-12.74175602168738, 1.0, 0.12767268302610782]
7.7599999999999225 [-12.740643795284413, 1.0, 0.12813115532373245]
7.779999999999922 [-12.739533417216641, 1.0, 0.12860256809973414]
7.799999999999922 [-12.738421500866368, 1.0, 0.12908764603010742]
7.819999999999921 [-12.737306382620355, 1.0, 0.12959017797812303]
7.839999999999921 [-12.736185380209308, 1.0, 0.13011400755542657]
7.85999999999992 [-12.7350529436127, 1.0, 0.13065922146968353]
7.87999999999992 [-12.733900394389781, 1.0, 0.13122133895845622]
7.8999999999999195 [-12.732716874609732, 1.0, 0.131792410307536]
7.919999999999919 [-12.731491559891948, 1.0, 0.13236070077803905]
7.939999999999919 [-12.730214158512426, 1.0, 0.1329117698825389]
7.959999999999918 [-12.728876509300635, 1.0, 0.13342852668660557]
7.979999999999918 [-12.72747446329447, 1.0, 0.13389199327548895]
7.999999999999917 [-12.726009544783638, 1.0, 0.13428286037968268]
8.019999999999918 [-12.724490434194797, 1.0, 0.13458348219340688]
8.039999999999917 [-12.722933712257662, 1.0, 0.13477986930487007]
8.059999999999917 [-12.721363805442653, 1.0, 0.13486323819250068]
8.079999999999917 [-12.719811901233102, 1.0, 0.13483290391389796]
8.099999999999916 [-12.718313050465786, 1.0, 0.13469782929297242]
8.119999999999916 [-12.716899283751387, 1.0, 0.13448899837165879]
8.139999999999915 [-12.715592286631523, 1.0, 0.13424409887818714]
8.159999999999915 [-12.71440122996923, 1.0, 0.13400884662115398]
8.179999999999914 [-12.713318181382979, 1.0, 0.13382729342300498]
8.199999999999914 [-12.712325649084736, 1.0, 0.13372448758144873]
8.219999999999914 [-12.71140646745607, 1.0, 0.133714526539725]
8.239999999999913 [-12.710544831577993, 1.0, 0.13380013828006718]
8.259999999999913 [-12.709727839581365, 1.0, 0.13397468772287588]
8.279999999999912 [-12.708942044776524, 1.0, 0.13423242840398608]
8.299999999999912 [-12.708173967857633, 1.0, 0.13456560788028696]
8.319999999999911 [-12.707411018786052, 1.0, 0.1349674132574505]
8.339999999999911 [-12.706641468574905, 1.0, 0.1354319807007862]
8.35999999999991 [-12.705854835671655, 1.0, 0.1359537647903031]
8.37999999999991 [-12.705046957133678, 1.0, 0.13652603594917365]
8.39999999999991 [-12.704215460604404, 1.0, 0.1371402997659342]
8.41999999999991 [-12.703359992377399, 1.0, 0.13778429624832697]
8.439999999999909 [-12.702481242098251, 1.0, 0.13844122348341648]
8.459999999999908 [-12.70157889082491, 1.0, 0.13909054975957358]
8.479999999999908 [-12.700655560342407, 1.0, 0.13970853590919743]
8.499999999999908 [-12.699716486036602, 1.0, 0.14026972426540155]
8.519999999999907 [-12.698768100529165, 1.0, 0.14075068185671502]
8.539999999999907 [-12.697815569892311, 1.0, 0.14113992997930905]
8.559999999999906 [-12.69686279786094, 1.0, 0.1414343552382309]
8.579999999999906 [-12.695911550524592, 1.0, 0.14163667517594436]
8.599999999999905 [-12.694961530413948, 1.0, 0.14175388446425533]
8.619999999999905 [-12.69401064760952, 1.0, 0.1417965962577739]
8.639999999999905 [-12.693055327368402, 1.0, 0.14177847034768642]
8.659999999999904 [-12.69209047136725, 1.0, 0.14171450083932158]
8.679999999999904 [-12.691112698714544, 1.0, 0.14162645170955088]
8.699999999999903 [-12.6901196596145, 1.0, 0.14153375459457984]
8.719999999999903 [-12.689110410358692, 1.0, 0.14145227175000893]
8.739999999999903 [-12.688085588500808, 1.0, 0.14139182108119586]
8.759999999999902 [-12.687044348035753, 1.0, 0.14135133004523392]
8.779999999999902 [-12.685983136963745, 1.0, 0.14132447917562282]
8.799999999999901 [-12.684897300580367, 1.0, 0.14130874936529322]
8.8199999999999 [-12.68378236645899, 1.0, 0.1413074351376675]
8.8399999999999 [-12.682633837277598, 1.0, 0.14132358104896348]
8.8599999999999 [-12.681447239133085, 1.0, 0.1413566973158476]
8.8799999999999 [-12.680217942738865, 1.0, 0.1414008925074724]
8.899999999999899 [-12.67894131628396, 1.0, 0.14144471608933565]
8.919999999999899 [-12.67761363482639, 1.0, 0.14147300956249728]
8.939999999999898 [-12.676233493921417, 1.0, 0.1414678273224949]
8.959999999999898 [-12.674802172887482, 1.0, 0.1414097954905377]
8.979999999999897 [-12.673325043379812, 1.0, 0.14127930388777535]
8.999999999999897 [-12.671812318765419, 1.0, 0.14105883342107034]
9.019999999999897 [-12.67027932748189, 1.0, 0.14073532400184438]
9.039999999999896 [-12.668746226813049, 1.0, 0.14030254795184216]
9.059999999999896 [-12.66723761499357, 1.0, 0.13976223088658069]
9.079999999999895 [-12.66578014807396, 1.0, 0.1391261096156315]
9.099999999999895 [-12.664399283960774, 1.0, 0.1384172454653267]
9.119999999999894 [-12.663107694399498, 1.0, 0.13767743464883508]
9.139999999999894 [-12.661905521866467, 1.0, 0.13695085395736004]
9.159999999999894 [-12.66077949405296, 1.0, 0.13628083617286343]
9.179999999999893 [-12.659704116946827, 1.0, 0.13569857353696693]
9.199999999999893 [-12.658655858016004, 1.0, 0.13521747429464046]
9.219999999999892 [-12.65761666785751, 1.0, 0.13484199255198903]
9.239999999999892 [-12.656575308596299, 1.0, 0.1345673488006055]
9.259999999999891 [-12.655526530061046, 1.0, 0.13438306305037728]
9.279999999999891 [-12.654463908311223, 1.0, 0.13427919474188682]
9.29999999999989 [-12.653381165886561, 1.0, 0.13424436375733192]
9.31999999999989 [-12.65227171152252, 1.0, 0.13426834395843526]
9.33999999999989 [-12.651128673427554, 1.0, 0.13434200510063857]
9.35999999999989 [-12.649945630939156, 1.0, 0.134456850835278]
9.379999999999889 [-12.64872186869168, 1.0, 0.1346060578070185]
9.399999999999888 [-12.647459063851914, 1.0, 0.1347817214012084]
9.419999999999888 [-12.646162217736594, 1.0, 0.13497333374767037]
9.439999999999888 [-12.644835984640798, 1.0, 0.13516581304890768]
9.459999999999887 [-12.643488435359378, 1.0, 0.13534165093458536]
9.479999999999887 [-12.642131334555854, 1.0, 0.1354820921709158]
9.499999999999886 [-12.640779081389136, 1.0, 0.13556812401754106]
9.519999999999886 [-12.639447624412586, 1.0, 0.13558181925704946]
9.539999999999885 [-12.638153571803953, 1.0, 0.13550780382937153]
9.559999999999885 [-12.636906375293009, 1.0, 0.13534038448176072]
9.579999999999885 [-12.635708289418023, 1.0, 0.13508437473747126]
9.599999999999884 [-12.634556064414854, 1.0, 0.13474948871793757]
9.619999999999884 [-12.633442325408598, 1.0, 0.13434791220229325]
9.639999999999883 [-12.632357020262607, 1.0, 0.13389313156188742]
9.659999999999883 [-12.631288623268972, 1.0, 0.13339752422381335]
9.679999999999882 [-12.630224391307381, 1.0, 0.13288014484415178]
9.699999999999882 [-12.629154535527997, 1.0, 0.13235788999297443]
9.719999999999882 [-12.628072723940715, 1.0, 0.13184522413867605]
9.739999999999881 [-12.626977705712322, 1.0, 0.1313508470459195]
9.75999999999988 [-12.625872851220722, 1.0, 0.1308708278992606]
9.77999999999988 [-12.62476059867042, 1.0, 0.13039996769918863]
9.79999999999988 [-12.62363985469571, 1.0, 0.12993631469396907]
9.81999999999988 [-12.622507663020972, 1.0, 0.129480984546212]
9.839999999999879 [-12.621360154661879, 1.0, 0.12903398168353603]
9.859999999999879 [-12.620194759418393, 1.0, 0.12859065579989762]
9.879999999999878 [-12.619010795790725, 1.0, 0.12814124573852462]
9.899999999999878 [-12.617809437313804, 1.0, 0.12767263542255083]
9.919999999999877 [-12.616594018887865, 1.0, 0.1271694929745518]
9.939999999999877 [-12.61537057301625, 1.0, 0.12661537432153458]
9.959999999999877 [-12.61414829561726, 1.0, 0.12599431530825628]
9.979999999999876 [-12.612939946644238, 1.0, 0.12529272298007327]
9.999999999999876 [-12.611761702158253, 1.0, 0.12450152946924502]
0.0 [-6.75, 1.0, 0.0]
0.02 [-6.75, 1.0, 0.0]
0.04 [-6.750003635891242, 1.0, 7.796623583133933e-07]
0.06 [-6.750021449725988, 1.0, 5.025262921892142e-06]
0.08 [-6.750055125120036, 1.0, 2.712723965779694e-06]
0.1 [-6.750040320746003, 1.0, -5.045591332643163e-07]
0.12000000000000001 [-6.749886678742005, 1.0, 5.642183128534089e-06]
0.14 [-6.74951416597502, 1.0, 1.6868126205937806e-05]
0.16 [-6.748868644311183, 1.0, 1.1391296672837016e-05]
0.18 [-6.7479333504116745, 1.0, -3.426550018773936e-05]
0.19999999999999998 [-6.746723582655979, 1.0, -0.00013330337500749856]
0.21999999999999997 [-6.745276115714981, 1.0, -0.0002865883282922526]
0.23999999999999996 [-6.743640025272352, 1.0, -0.00048459445005174145]
0.25999999999999995 [-6.741870481205051, 1.0, -0.0007112296895712381]
0.27999999999999997 [-6.740024957550297, 1.0, -0.0009487757347339717]
0.3 [-6.738161531314779, 1.0, -0.0011854379601025028]
0.32 [-6.736336880228912, 1.0, -0.0014078826582153055]
0.34 [-6.7346047442859085, 1.0, -0.0016022561112751738]
0.36000000000000004 [-6.733013112496782, 1.0, -0.0017574760848239673]
0.38000000000000006 [-6.731602796524631, 1.0, -0.001865431547522201]
0.4000000000000001 [-6.73040656424674, 1.0, -0.001920809683299943]
0.4200000000000001 [-6.729448776397601, 1.0, -0.0019208125548322297]
0.4400000000000001 [-6.728745521880692, 1.0, -0.0018648530836655433]
0.46000000000000013 [-6.728305182991323, 1.0, -0.0017542934051491543]
0.48000000000000015 [-6.728129003727339, 1.0, -0.0015923558076994897]
0.5000000000000001 [-6.728212890597464, 1.0, -0.0013837876700202496]
0.5200000000000001 [-6.7285481292947615, 1.0, -0.0011349705278194862]
0.5400000000000001 [-6.729122538703622, 1.0, -0.0008538915539160999]
0.5600000000000002 [-6.729921493331944, 1.0, -0.0005501151633238659]
0.5800000000000002 [-6.730928818428309, 1.0, -0.0002347040556520932]
0.6000000000000002 [-6.7321275567075025, 1.0, 7.995480005689664e-05]
0.6200000000000002 [-6.733501013930205, 1.0, 0.0003805374667031532]
0.6400000000000002 [-6.735032168380387, 1.0, 0.0006529790594266776]
0.6600000000000003 [-6.736705311507576, 1.0, 0.0008837456244620166]
0.6800000000000003 [-6.73850698716437, 1.0, 0.0010614570598029838]
0.7000000000000003 [-6.740424086423066, 1.0, 0.0011761472566928315]
0.7200000000000003 [-6.742443584253372, 1.0, 0.0012199834104482665]
0.7400000000000003 [-6.744552162045959, 1.0, 0.0011879421126267757]
0.7600000000000003 [-6.746735744561903, 1.0, 0.001078347374564877]
0.7800000000000004 [-6.748978992197849, 1.0, 0.0008931862463123558]
0.8000000000000004 [-6.751264800330176, 1.0, 0.0006381406921488351]
0.8200000000000004 [-6.753573867709549, 1.0, 0.00032229987023534175]
0.8400000000000004 [-6.75588440215943, 1.0, -4.2450978771091386e-05]
0.8600000000000004 [-6.758172450902983, 1.0, -0.0004423705697059867]
0.8800000000000004 [-6.760411050347127, 1.0, -0.0008629078571800668]
0.9000000000000005 [-6.762571388142128, 1.0, -0.0012899357497805969]
0.9200000000000005 [-6.764623550716665, 1.0, -0.0017109820928331576]
0.9400000000000005 [-6.766537592614553, 1.0, -0.0021162892613175474]
0.9600000000000005 [-6.768284834078301, 1.0, -0.0024995603670686034]
0.9800000000000005 [-6.769838857595312, 1.0, -0.0028582935536654525]
1.0000000000000004 [-6.771177183450653, 1.0, -0.003194800102972289]
1.0200000000000005 [-6.772281815213976, 1.0, -0.0035165388942133896]
1.0400000000000005 [-6.773141519876011, 1.0, -0.003833029258302423]
1.0600000000000005 [-6.773752272324351, 1.0, -0.004154363920660499]
1.0800000000000005 [-6.774117150293442, 1.0, -0.004489691106387885]
1.1000000000000005 [-6.774245745973644, 1.0, -0.004845907521481914]
1.1200000000000006 [-6.774153247537404, 1.0, -0.005226743770981769]
1.1400000000000006 [-6.773859389378937, 1.0, -0.005632348458919763]
1.1600000000000006 [-6.773387463583595, 1.0, -0.006059377536871685]
1.1800000000000006 [-6.772763530243761, 1.0, -0.00650150574852613]
1.2000000000000006 [-6.772016191115993, 1.0, -0.006952329304354601]
1.2200000000000006 [-6.771176442283987, 1.0, -0.0074063616045990655]
1.2400000000000007 [-6.770276829194544, 1.0, -0.007857448663849428]
1.2600000000000007 [-6.769351639351021, 1.0, -0.0082998612610721]
1.2800000000000007 [-6.768435815891087, 1.0, -0.00872817614376308]
1.3000000000000007 [-6.767564584368683, 1.0, -0.009137306200906756]
1.3200000000000007 [-6.766774506150264, 1.0, -0.009519323015168946]
1.3400000000000007 [-6.7661008119243435, 1.0, -0.009867760338693701]
1.3600000000000008 [-6.765575815789347, 1.0, -0.010177912683221262]
1.3800000000000008 [-6.765228878423638, 1.0, -0.010446304683458555]
1.4000000000000008 [-6.76508481294444, 1.0, -0.01067107862209429]
1.4200000000000008 [-6.765163180568475, 1.0, -0.010851775530637923]
1.4400000000000008 [-6.765477892558247, 1.0, -0.010989209869595165]
1.4600000000000009 [-6.76603713920226, 1.0, -0.01108539662463725]
1.4800000000000009 [-6.7668442424214215, 1.0, -0.011143379325853327]
1.5000000000000009 [-6.767896701760638, 1.0, -0.011167620053087765]
1.520000000000001 [-6.769187712373297, 1.0, -0.01116383875342702]
1.540000000000001 [-6.7707068809601285, 1.0, -0.011139133812955698]
1.560000000000001 [-6.772441068801934, 1.0, -0.011102051944215208]
1.580000000000001 [-6.774375223994371, 1.0, -0.011062585110832043]
1.600000000000001 [-6.776493117089512, 1.0, -0.011032064970294575]
1.620000000000001 [-6.778778289428569, 1.0, -0.011022873865645667]
1.640000000000001 [-6.781213770275634, 1.0, -0.01104817421737176]
1.660000000000001 [-6.783783757573251, 1.0, -0.011120676531994013]
1.680000000000001 [-6.786474516828417, 1.0, -0.011251219468667929]
1.700000000000001 [-6.789272591266336, 1.0, -0.011449287950546153]
1.720000000000001 [-6.792164619909409, 1.0, -0.011722249462574805]
1.740000000000001 [-6.79513703261015, 1.0, -0.012074633667242497]
1.7600000000000011 [-6.798175645722528, 1.0, -0.012507549644559678]
1.7800000000000011 [-6.8012651951436744, 1.0, -0.013018326203699668]
1.8000000000000012 [-6.804388855600696, 1.0, -0.013600439897946213]
1.8200000000000012 [-6.807527806321055, 1.0, -0.014243770178587812]
1.8400000000000012 [-6.8106609110073215, 1.0, -0.01493518895778471]
1.8600000000000012 [-6.813764960557586, 1.0, -0.015659513937742217]
1.8800000000000012 [-6.816813856391162, 1.0, -0.01640051383384506]
1.9000000000000012 [-6.81977963505429, 1.0, -0.01714221115744157]
1.9200000000000013 [-6.822633141142812, 1.0, -0.017870160770387476]
1.9400000000000013 [-6.825345026247839, 1.0, -0.01857258035803054]
1.9600000000000013 [-6.827886992546594, 1.0, -0.019241186556602032]
1.9800000000000013 [-6.830232770977629, 1.0, -0.019871602866660995]
2.0000000000000013 [-6.832360146028161, 1.0, -0.020463861658302187]
2.0200000000000014 [-6.83425053591271, 1.0, -0.021024027385214028]
2.0400000000000014 [-6.8358919708905965, 1.0, -0.021560673815523512]
2.0600000000000014 [-6.8372796389134365, 1.0, -0.02208344224870293]
2.0800000000000014 [-6.838415888132241, 1.0, -0.0226015298768418]
2.1000000000000014 [-6.83930973559924, 1.0, -0.0231223526404918]
2.1200000000000014 [-6.839976021510781, 1.0, -0.02365057373697437]
2.1400000000000015 [-6.840434398596208, 1.0, -0.02418761724236041]
2.1600000000000015 [-6.840708346809409, 1.0, -0.024731687161363466]
2.1800000000000015 [-6.8408243551832335, 1.0, -0.025278219486093167]
2.2000000000000015 [-6.84081154188196, 1.0, -0.025823294408845305]
2.2200000000000015 [-6.84070136085639, 1.0, -0.026363516875768524]
2.2400000000000015 [-6.840526889164561, 1.0, -0.026894942535516626]
2.2600000000000016 [-6.840322942499453, 1.0, -0.027414183663350012]
2.2800000000000016 [-6.840124992070475, 1.0, -0.02791821481173398]
2.3000000000000016 [-6.839968570380037, 1.0, -0.02840476690040857]
2.3200000000000016 [-6.839890949055285, 1.0, -0.028868434343128954]
2.3400000000000016 [-6.839928001413777, 1.0, -0.029305165011815435]
2.3600000000000017 [-6.840112582073121, 1.0, -0.029712479880314877]
2.3800000000000017 [-6.840474500463884, 1.0, -0.030088951022713004]
2.4000000000000017 [-6.84103890655122, 1.0, -0.030434470008419874]
2.4200000000000017 [-6.841825595187142, 1.0, -0.03074998108645076]
2.4400000000000017 [-6.842848609893004, 1.0, -0.031037326176200943]
2.4600000000000017 [-6.844116169737261, 1.0, -0.03129916365912043]
2.4800000000000018 [-6.845631527081393, 1.0, -0.03153885324221215]
2.5000000000000018 [-6.8473919787998865, 1.0, -0.03176077220107584]
2.520000000000002 [-6.849390391514714, 1.0, -0.03197025756402347]
2.540000000000002 [-6.851615905002671, 1.0, -0.03217377234927518]
2.560000000000002 [-6.854054768206475, 1.0, -0.03237903081700127]
2.580000000000002 [-6.856691171660011, 1.0, -0.03259505104426604]
2.600000000000002 [-6.859507992708403, 1.0, -0.03283209942367586]
2.620000000000002 [-6.862487769018094, 1.0, -0.033101469049644255]
2.640000000000002 [-6.865612439769362, 1.0, -0.03341518770981095]
2.660000000000002 [-6.86886512546072, 1.0, -0.03378490901220134]
2.680000000000002 [-6.872231140228745, 1.0, -0.034220559885865115]
2.700000000000002 [-6.875696173795882, 1.0, -0.034730728438857494]
2.720000000000002 [-6.87924617410418, 1.0, -0.03532188846855545]
2.740000000000002 [-6.882867103581339, 1.0, -0.035997657462745]
2.760000000000002 [-6.886544585315847, 1.0, -0.03675818370864634]
2.780000000000002 [-6.890263469063651, 1.0, -0.03759975037507246]
2.800000000000002 [-6.894007360654354, 1.0, -0.03851466471298193]
2.820000000000002 [-6.897758171508065, 1.0, -0.039491476403565894]
2.840000000000002 [-6.901495755216511, 1.0, -0.04051553775276909]
2.860000000000002 [-6.905198076055198, 1.0, -0.0415699691550065]
2.880000000000002 [-6.908840315144524, 1.0, -0.04263659776854125]
2.900000000000002 [-6.912395789155914, 1.0, -0.04369733218896609]
2.920000000000002 [-6.915836518795988, 1.0, -0.04473548865007135]
2.940000000000002 [-6.919134133016913, 1.0, -0.04573699635707564]
2.960000000000002 [-6.922261039687896, 1.0, -0.04669133007879841]
2.980000000000002 [-6.925191364517071, 1.0, -0.047591997202111075]
3.000000000000002 [-6.927903194719211, 1.0, -0.0484368809170444]
3.0200000000000022 [-6.930377556053926, 1.0, -0.04923034075634586]
3.0400000000000023 [-6.932601767453343, 1.0, -0.04997987257669402]
3.0600000000000023 [-6.934570196072296, 1.0, -0.05069460645885794]
3.0800000000000023 [-6.9362843840261945, 1.0, -0.05138380666469754]
3.1000000000000023 [-6.937752670745334, 1.0, -0.05205550465442535]
3.1200000000000023 [-6.938989433920653, 1.0, -0.05271546629789234]
3.1400000000000023 [-6.940014127578503, 1.0, -0.053366627279335326]
3.1600000000000024 [-6.940850304238923, 1.0, -0.054009032343344865]
3.1800000000000024 [-6.941524767544951, 1.0, -0.05464021813776338]
3.2000000000000024 [-6.942066926367996, 1.0, -0.05525896376379716]
3.2200000000000024 [-6.942508517548761, 1.0, -0.05586436137562943]
3.2400000000000024 [-6.942882964200695, 1.0, -0.05645509165599896]
3.2600000000000025 [-6.943225401557696, 1.0, -0.05703053711845236]
3.2800000000000025 [-6.94357160729967, 1.0, -0.05759050144635506]
3.3000000000000025 [-6.9439573736531095, 1.0, -0.058135556162927315]
3.3200000000000025 [-6.944420349074295, 1.0, -0.05866347728243699]
3.3400000000000025 [-6.944996831589838, 1.0, -0.05917307445682682]
3.3600000000000025 [-6.945719994693962, 1.0, -0.059664498098681844]
3.3800000000000026 [-6.9466198814384015, 1.0, -0.060138722672073604]
3.4000000000000026 [-6.947721777110224, 1.0, -0.06059768032733438]
3.4200000000000026 [-6.949045530951515, 1.0, -0.06104393961527518]
3.4400000000000026 [-6.950605167929827, 1.0, -0.0614805173806038]
3.4600000000000026 [-6.952408817133272, 1.0, -0.061910789038654226]
3.4800000000000026 [-6.954459572763421, 1.0, -0.06233843950908588]
3.5000000000000027 [-6.956754476082543, 1.0, -0.0627676948841719]
3.5200000000000027 [-6.959286040459996, 1.0, -0.0632033836255883]
3.5400000000000027 [-6.962042937665427, 1.0, -0.06365115519408009]
3.5600000000000027 [-6.965010821216172, 1.0, -0.06411766899410704]
3.5800000000000027 [-6.968173153380683, 1.0, -0.06461071131845855]
3.6000000000000028 [-6.971511955219061, 1.0, -0.06513919840493129]
3.6200000000000028 [-6.975008799910182, 1.0, -0.06571303377873765]
3.640000000000003 [-6.978644580492019, 1.0, -0.06634279527400383]
3.660000000000003 [-6.982401333658656, 1.0, -0.06703880180532694]
3.680000000000003 [-6.9862634699826325, 1.0, -0.06780979419672589]
3.700000000000003 [-6.990215882232479, 1.0, -0.06866320144215804]
3.720000000000003 [-6.9942438976387855, 1.0, -0.06960435873214195]
3.740000000000003 [-6.9983331011996315, 1.0, -0.07063574802404952]
3.760000000000003 [-7.002469038098212, 1.0, -0.07175635764521683]
3.780000000000003 [-7.006636817542208, 1.0, -0.07296125087952271]
3.800000000000003 [-7.010820655554225, 1.0, -0.07424141505800465]
3.820000000000003 [-7.015003409355714, 1.0, -0.07558393985051579]
3.840000000000003 [-7.019166168842116, 1.0, -0.0769725432064445]
3.860000000000003 [-7.023288343451096, 1.0, -0.07838854555001168]
3.880000000000003 [-7.027346689986874, 1.0, -0.07981172922163392]
3.900000000000003 [-7.031316110996682, 1.0, -0.08122178406081372]
3.920000000000003 [-7.03517010659999, 1.0, -0.08259967680860253]
3.940000000000003 [-7.0388815705683205, 1.0, -0.08392892949120748]
3.960000000000003 [-7.042423874866603, 1.0, -0.08519664975768439]
3.980000000000003 [-7.045771761097864, 1.0, -0.0863940989987706]
4.000000000000003 [-7.048903545731819, 1.0, -0.08751722813388457]
4.020000000000002 [-7.05180018253896, 1.0, -0.0885683760927126]
4.040000000000002 [-7.054448333933792, 1.0, -0.08955384783678579]
4.060000000000001 [-7.0568415442053505, 1.0, -0.09048218759297653]
4.080000000000001 [-7.05898049794558, 1.0, -0.09136269963583765]
4.1000000000000005 [-7.060872765554994, 1.0, -0.09220405700863694]
4.12 [-7.062532140611309, 1.0, -0.09301320884461824]
4.14 [-7.063977734779809, 1.0, -0.09379473513505393]
4.159999999999999 [-7.065233012801881, 1.0, -0.09455070074187502]
4.179999999999999 [-7.066324918070702, 1.0, -0.09528096167967542]
4.199999999999998 [-7.067282886117215, 1.0, -0.09598711482875505]
4.219999999999998 [-7.068138699467874, 1.0, -0.09667099027603618]
4.2399999999999975 [-7.068925874563951, 1.0, -0.09733415902773346]
4.259999999999997 [-7.069679590267598, 1.0, -0.09797904524263018]
4.279999999999997 [-7.070435642498868, 1.0, -0.09860855362883052]
4.299999999999996 [-7.071229785670864, 1.0, -0.09922636119670128]
4.319999999999996 [-7.072099802014295, 1.0, -0.09983360345147181]
4.339999999999995 [-7.073082122425972, 1.0, -0.10043223994648165]
4.359999999999995 [-7.074209956010794, 1.0, -0.1010253056099544]
4.379999999999995 [-7.075513312957609, 1.0, -0.1016163982196968]
4.399999999999994 [-7.077017374564871, 1.0, -0.10220966772108585]
4.419999999999994 [-7.078741840764875, 1.0, -0.1028094374265648]
4.439999999999993 [-7.080700555624877, 1.0, -0.10341998138543484]
4.459999999999993 [-7.0829014401814065, 1.0, -0.10404542639904742]
4.479999999999992 [-7.085346707204218, 1.0, -0.10468976860974388]
4.499999999999992 [-7.088033309594436, 1.0, -0.10535700688191191]
4.519999999999992 [-7.090953559688745, 1.0, -0.10605136419111148]
4.539999999999991 [-7.0940958559880745, 1.0, -0.1067775512733351]
4.559999999999991 [-7.097445461011609, 1.0, -0.10754101844506536]
4.57999999999999 [-7.100985284311613, 1.0, -0.1083481401162511]
4.59999999999999 [-7.104696634770485, 1.0, -0.10920628202824334]
4.6199999999999894 [-7.108560236696636, 1.0, -0.1101237434735652]
4.639999999999989 [-7.1125560531873475, 1.0, -0.11110942455312317]
4.659999999999989 [-7.116665109990286, 1.0, -0.11217208861977597]
4.679999999999988 [-7.120871004029482, 1.0, -0.11331909115330041]
4.699999999999988 [-7.1251579213541225, 1.0, -0.11455651316103428]
4.719999999999987 [-7.1295106641374435, 1.0, -0.11588837863730353]
4.739999999999987 [-7.133914546303089, 1.0, -0.11731588354409084]
4.7599999999999865 [-7.138355157442571, 1.0, -0.11883673272144694]
4.779999999999986 [-7.142818009375546, 1.0, -0.12044467594043547]
4.799999999999986 [-7.147288096379634, 1.0, -0.1221293175120082]
4.819999999999985 [-7.151749417122074, 1.0, -0.1238762525797577]
4.839999999999985 [-7.156184521789985, 1.0, -0.1256675543304856]
4.859999999999984 [-7.160574516304434, 1.0, -0.127482753039375]
4.879999999999984 [-7.164898005864044, 1.0, -0.129299601404495]
4.8999999999999835 [-7.169131767268052, 1.0, -0.13109558684572747]
4.919999999999983 [-7.17325107426427, 1.0, -0.13284933579409655]
4.939999999999983 [-7.1772303738338366, 1.0, -0.1345419586621774]
4.959999999999982 [-7.181044271977021, 1.0, -0.1361581741011991]
4.979999999999982 [-7.184668369093193, 1.0, -0.13768695682855087]
4.999999999999981 [-7.188081406040658, 1.0, -0.13912227025504775]
5.019999999999981 [-7.19126438841117, 1.0, -0.14046446676010071]
5.0399999999999805 [-7.194203417589559, 1.0, -0.14171856784967876]
5.05999999999998 [-7.196891247610345, 1.0, -0.1428924526162026]
5.07999999999998 [-7.19932767822149, 1.0, -0.14399541070112856]
5.099999999999979 [-7.201519429926821, 1.0, -0.1450367356489473]
5.119999999999979 [-7.2034795860356855, 1.0, -0.1460245777348881]
5.139999999999978 [-7.205226752812357, 1.0, -0.14696521945841623]
5.159999999999978 [-7.206784114383871, 1.0, -0.14786284189976748]
5.1799999999999775 [-7.208178536179537, 1.0, -0.14871974904477037]
5.199999999999977 [-7.209439194191838, 1.0, -0.14954040175994873]
5.219999999999977 [-7.210597638336229, 1.0, -0.15032950948534146]
5.239999999999976 [-7.211687182453269, 1.0, -0.15109168499133738]
5.259999999999976 [-7.212742731433461, 1.0, -0.15183254590900996]
5.279999999999975 [-7.213799771139481, 1.0, -0.15255824835435494]
5.299999999999975 [-7.214893683877792, 1.0, -0.15327571804804505]
5.3199999999999745 [-7.216062081592335, 1.0, -0.15398955960805794]
5.339999999999974 [-7.217341192574482, 1.0, -0.15470504763264845]
5.359999999999974 [-7.218763943859189, 1.0, -0.15542824254926235]
5.379999999999973 [-7.220360018655167, 1.0, -0.15616548317444348]
5.399999999999973 [-7.222154236372954, 1.0, -0.15692322642293902]
5.419999999999972 [-7.22416593388619, 1.0, -0.15770761065717545]
5.439999999999972 [-7.22640860996732, 1.0, -0.15852419862809242]
5.4599999999999715 [-7.228889864836469, 1.0, -0.15937787186029256]
5.479999999999971 [-7.2316116105023145, 1.0, -0.16027286447290423]
5.499999999999971 [-7.234570503671226, 1.0, -0.16121293434596987]
5.51999999999997 [-7.237758541432874, 1.0, -0.16220163744408395]
5.53999999999997 [-7.241163760695703, 1.0, -0.16324265415480774]
5.559999999999969 [-7.244770990227703, 1.0, -0.16434010882967465]
5.579999999999969 [-7.2485626145488915, 1.0, -0.16549882324690435]
5.599999999999969 [-7.25251931844043, 1.0, -0.16672445107721295]
5.619999999999968 [-7.256621106796653, 1.0, -0.16802351278770833]
5.639999999999968 [-7.260847159289431, 1.0, -0.16940304788748708]
5.659999999999967 [-7.265177636735473, 1.0, -0.17087007424597656]
5.679999999999967 [-7.269595468699277, 1.0, -0.172430408691144]
5.699999999999966 [-7.274084285946271, 1.0, -0.17408864623282894]
5.719999999999966 [-7.278628521344239, 1.0, -0.17584738441806086]
5.739999999999966 [-7.283213378810438, 1.0, -0.17770644695462148]
5.759999999999965 [-7.287824661015384, 1.0, -0.17966220248269565]
5.779999999999965 [-7.292448461673124, 1.0, -0.18170707055973326]
5.799999999999964 [-7.297070746383446, 1.0, -0.18382929176841886]
5.819999999999964 [-7.301676864878498, 1.0, -0.18601301928209166]
5.839999999999963 [-7.306251055591003, 1.0, -0.1882387619376011]
5.859999999999963 [-7.310776360134826, 1.0, -0.19048435914574852]
5.879999999999963 [-7.3152334987278795, 1.0, -0.1927256450294028]
5.899999999999962 [-7.319601400283905, 1.0, -0.19493801608602024]
5.919999999999962 [-7.323857395482857, 1.0, -0.19709785968396737]
5.939999999999961 [-7.327977764562345, 1.0, -0.1991839563380082]
5.959999999999961 [-7.331938613652757, 1.0, -0.20117869130351312]
5.9799999999999605 [-7.33571664572267, 1.0, -0.2030687786452327]
5.99999999999996 [-7.339291228626111, 1.0, -0.2048461905337698]
6.01999999999996 [-7.342643561974563, 1.0, -0.20650933263392657]
6.039999999999959 [-7.345759301117279, 1.0, -0.20806186990427286]
6.059999999999959 [-7.348630460462614, 1.0, -0.2095109377606505]
6.079999999999958 [-7.351255941162009, 1.0, -0.21086573976232953]
6.099999999999958 [-7.35364153970842, 1.0, -0.21213613666539222]
6.1199999999999575 [-7.355799501524148, 1.0, -0.21333145278260263]
6.139999999999957 [-7.357747754480179, 1.0, -0.21445967619914058]
6.159999999999957 [-7.359508991598058, 1.0, -0.21552713727466685]
6.179999999999956 [-7.3611097588636465, 1.0, -0.21653864719210764]
6.199999999999956 [-7.362578680179603, 1.0, -0.2175015193019783]
6.219999999999955 [-7.363946774748097, 1.0, -0.21842339959381352]
6.239999999999955 [-7.365246837313034, 1.0, -0.21931200593147082]
6.2599999999999545 [-7.366513162519379, 1.0, -0.22017620867247917]
6.279999999999954 [-7.367780580753693, 1.0, -0.22102547155881552]
6.299999999999954 [-7.369083753388305, 1.0, -0.22187001797998981]
6.319999999999953 [-7.370459784682262, 1.0, -0.22271796768680804]
6.339999999999953 [-7.37194434555061, 1.0, -0.2235779793731809]
6.359999999999952 [-7.3735697499868955, 1.0, -0.2244591910553961]
6.379999999999952 [-7.375365050854888, 1.0, -0.22537072001977007]
6.3999999999999515 [-7.377354443816754, 1.0, -0.22632135098445869]
6.419999999999951 [-7.379556689646508, 1.0, -0.22731904327268782]
6.439999999999951 [-7.3819847822644356, 1.0, -0.22837064054721962]
6.45999999999995 [-7.384645896760777, 1.0, -0.22948175846785265]
6.47999999999995 [-7.387541594336252, 1.0, -0.2306568362801214]
6.499999999999949 [-7.3906682363897005, 1.0, -0.2318993458131635]
6.519999999999949 [-7.394017551448076, 1.0, -0.2332121183934706]
6.5399999999999485 [-7.397577300959248, 1.0, -0.23459773338018927]
6.559999999999948 [-7.4013319985111, 1.0, -0.23605890511755825]
6.579999999999948 [-7.405263647410174, 1.0, -0.23759880558628954]
6.599999999999947 [-7.409352470419413, 1.0, -0.23922126722885378]
6.619999999999947 [-7.413577923850062, 1.0, -0.24093091315828602]
6.639999999999946 [-7.417918585316962, 1.0, -0.24273279710021325]
6.659999999999946 [-7.422353927017127, 1.0, -0.24463205282993516]
6.6799999999999455 [-7.426866367911596, 1.0, -0.24663285400543217]
6.699999999999945 [-7.43143913812078, 1.0, -0.2487382180167047]
6.719999999999945 [-7.436056453670825, 1.0, -0.2509492443174081]
6.739999999999944 [-7.440703559896186, 1.0, -0.2532643395351589]
6.759999999999944 [-7.445366625167711, 1.0, -0.2556785238724746]
6.779999999999943 [-7.4500324820447, 1.0, -0.2581829109373215]
6.799999999999943 [-7.454688232420066, 1.0, -0.2607644397878888]
6.8199999999999426 [-7.459320753867392, 1.0, -0.26340592030370646]
6.839999999999942 [-7.463916164952765, 1.0, -0.2660864275794271]
6.859999999999942 [-7.468459648748835, 1.0, -0.2687822644583776]
6.879999999999941 [-7.472934268959802, 1.0, -0.27146751623509374]
6.899999999999941 [-7.477321350233756, 1.0, -0.2741156614227766]
6.91999999999994 [-7.481600534806258, 1.0, -0.2767010122762595]
6.93999999999994 [-7.485750194641036, 1.0, -0.27920016294909283]
6.95999999999994 [-7.4897481886359, 1.0, -0.28159327913548177]
6.979999999999939 [-7.49357256124236, 1.0, -0.28386489303292345]
6.999999999999939 [-7.497203512679317, 1.0, -0.2860050244419946]
7.019999999999938 [-7.500622591218233, 1.0, -0.28801018327137157]
7.039999999999938 [-7.503815138837581, 1.0, -0.2898826258694642]
7.059999999999937 [-7.506772499822828, 1.0, -0.29162867197055276]
7.079999999999937 [-7.509492680245973, 1.0, -0.2932573599600152]
7.099999999999937 [-7.51198049181625, 1.0, -0.2947790438700031]
7.119999999999936 [-7.514247222332991, 1.0, -0.29620416304263664]
7.139999999999936 [-7.516309950127219, 1.0, -0.29754237301477715]
7.159999999999935 [-7.518190662778908, 1.0, -0.29880213778025916]
7.179999999999935 [-7.519915336904024, 1.0, -0.2999907801903745]
7.1999999999999345 [-7.521511756337146, 1.0, -0.3011184085400625]
7.219999999999934 [-7.523010106598349, 1.0, -0.30219559625997394]
7.239999999999934 [-7.524442341537475, 1.0, -0.30323315996195777]
7.259999999999933 [-7.525841805735003, 1.0, -0.30424320885005773]
7.279999999999933 [-7.527242326382116, 1.0, -0.3052384960983111]
7.299999999999932 [-7.52867749472372, 1.0, -0.30623251732356693]
7.319999999999932 [-7.530183554701734, 1.0, -0.30723689519455205]
7.3399999999999315 [-7.531795261319543, 1.0, -0.30826366517730625]
7.359999999999931 [-7.533543984543793, 1.0, -0.3093250246322564]
7.379999999999931 [-7.535457845773891, 1.0, -0.31043284335590154]
7.39999999999993 [-7.537560160066543, 1.0, -0.3115982009982407]
7.41999999999993 [-7.539868906137419, 1.0, -0.3128308412265086]
7.439999999999929 [-7.542396422126442, 1.0, -0.3141388503125555]
7.459999999999929 [-7.545149363435014, 1.0, -0.31552853914800255]
7.4799999999999285 [-7.5481289009947625, 1.0, -0.3170045127339163]
7.499999999999928 [-7.551331113065087, 1.0, -0.31856991615923846]
7.519999999999928 [-7.554747518276236, 1.0, -0.32022681249964363]
7.539999999999927 [-7.5583657015293175, 1.0, -0.3219766315706894]
7.559999999999927 [-7.562169993510001, 1.0, -0.3238206223951284]
7.579999999999926 [-7.566142174835272, 1.0, -0.32576024370068557]
7.599999999999926 [-7.570262183984722, 1.0, -0.3277974347452212]
7.6199999999999255 [-7.5745091158464675, 1.0, -0.32993484151096975]
7.639999999999925 [-7.578861143989695, 1.0, -0.3321754473914606]
7.659999999999925 [-7.583297250782755, 1.0, -0.3345224027131888]
7.679999999999924 [-7.58779951331923, 1.0, -0.3369781686805174]
7.699999999999924 [-7.592350925246715, 1.0, -0.3395441280886818]
7.719999999999923 [-7.59693564420552, 1.0, -0.34221984471601224]
7.739999999999923 [-7.601539109760864, 1.0, -0.3450022969742936]
7.7599999999999225 [-7.606148004519765, 1.0, -0.34788517809596897]
7.779999999999922 [-7.610750046728098, 1.0, -0.3508583542474468]
7.799999999999922 [-7.615333623291292, 1.0, -0.3539075605411933]
7.819999999999921 [-7.619887294388635, 1.0, -0.3570143993244139]
7.839999999999921 [-7.624399223735278, 1.0, -0.36015668181855937]
7.85999999999992 [-7.6288569114005425, 1.0, -0.36330936961501664]
7.87999999999992 [-7.633245960971511, 1.0, -0.3664450132719501]
7.8999999999999195 [-7.6375503046455195, 1.0, -0.369535392347763]
7.919999999999919 [-7.64175212137025, 1.0, -0.3725529549248832]
7.939999999999919 [-7.645832108059888, 1.0, -0.3754722988882946]
7.959999999999918 [-7.6497701094586334, 1.0, -0.378271528603497]
7.979999999999918 [-7.653545737256142, 1.0, -0.38093311408421837]
7.999999999999917 [-7.657140223406973, 1.0, -0.38344519567283325]
8.019999999999918 [-7.660535623303621, 1.0, -0.3858024492132331]
8.039999999999917 [-7.663717106754258, 1.0, -0.3880056897769087]
8.059999999999917 [-7.666675429087031, 1.0, -0.39006035763720986]
8.079999999999917 [-7.669407717455152, 1.0, -0.3919752438014214]
8.099999999999916 [-7.671917749682383, 1.0, -0.39376110775842554]
8.119999999999916 [-7.674215745444716, 1.0, -0.39542942133296693]
8.139999999999915 [-7.676317768408613, 1.0, -0.3969914375957407]
8.159999999999915 [-7.678244889136851, 1.0, -0.3984576999352824]
8.179999999999914 [-7.68002226503359, 1.0, -0.399838003194462]
8.199999999999914 [-7.681676562176954, 1.0, -0.4011451555675]
8.219999999999914 [-7.683236834008576, 1.0, -0.40239259566213015]
8.239999999999913 [-7.68473387641746, 1.0, -0.4035941764545876]
8.259999999999913 [-7.686199750710685, 1.0, -0.4047651733793958]
8.279999999999912 [-7.6876669409587715, 1.0, -0.40592155110985634]
8.299999999999912 [-7.689167628444427, 1.0, -0.40707999242593285]
8.319999999999911 [-7.690736842281499, 1.0, -0.40825555799373403]
8.339999999999911 [-7.6924080699855955, 1.0, -0.40946359110947855]
8.35999999999991 [-7.6942114156619414, 1.0, -0.4107192738038257]
8.37999999999991 [-7.69617377822145, 1.0, -0.4120371517274366]
8.39999999999991 [-7.6983173463280155, 1.0, -0.41343052390514484]
8.41999999999991 [-7.700659122007315, 1.0, -0.4149108481792541]
8.439999999999909 [-7.703210647758933, 1.0, -0.4164873913313737]
8.459999999999908 [-7.705977975202264, 1.0, -0.41816710665509554]
8.479999999999908 [-7.708961855234346, 1.0, -0.41995472113997007]
8.499999999999908 [-7.712158104088739, 1.0, -0.4218530168611225]
8.519999999999907 [-7.715558097536702, 1.0, -0.42386325726212126]
8.539999999999907 [-7.71914935091951, 1.0, -0.4259856929760086]
8.559999999999906 [-7.722916152375437, 1.0, -0.4282200766566844]
8.579999999999906 [-7.72684022669007, 1.0, -0.43056611871846534]
8.599999999999905 [-7.730901414520222, 1.0, -0.4330238245896829]
8.619999999999905 [-7.735078645626056, 1.0, -0.43559381595712304]
8.639999999999905 [-7.739349896700544, 1.0, -0.43827695548437506]
8.659999999999904 [-7.743693871270789, 1.0, -0.44107434590090255]
8.679999999999904 [-7.748092479304954, 1.0, -0.44398669573688987]
8.699999999999903 [-7.752528646143883, 1.0, -0.44701372444303267]
8.719999999999903 [-7.756986630549444, 1.0, -0.45015344979157745]
8.739999999999903 [-7.7614522163126844, 1.0, -0.45340143716147135]
8.759999999999902 [-7.76591274132782, 1.0, -0.4567500998886419]
8.779999999999902 [-7.770356943673353, 1.0, -0.46018814047936984]
8.799999999999901 [-7.77477462588655, 1.0, -0.46370021312169624]
8.8199999999999 [-7.77915616223665, 1.0, -0.4672668745659386]
8.8399999999999 [-7.783491898820163, 1.0, -0.4708648694779832]
8.8599999999999 [-7.7877717972736455, 1.0, -0.47446804213474203]
8.8799999999999 [-7.791984164327747, 1.0, -0.47804765377484554]
8.899999999999899 [-7.7961157182462735, 1.0, -0.4815740370753836]
8.919999999999899 [-7.800151368249055, 1.0, -0.48501802125723703]
8.939999999999898 [-7.804074341313921, 1.0, -0.48835243288728886]
8.959999999999898 [-7.807866677981399, 1.0, -0.49155350735170394]
8.979999999999897 [-7.811509765626416, 1.0, -0.49460180451344726]
8.999999999999897 [-7.814986056922976, 1.0, -0.4974836860268559]
9.019999999999897 [-7.818278272321976, 1.0, -0.5001920666202108]
9.039999999999896 [-7.821371554692361, 1.0, -0.5027263055680626]
9.059999999999896 [-7.824256159887144, 1.0, -0.5050909092450949]
9.079999999999895 [-7.8269283631264805, 1.0, -0.5072943391084674]
9.099999999999895 [-7.8293908708433655, 1.0, -0.5093476631498892]
9.119999999999894 [-7.831652735041745, 1.0, -0.511263285511673]
9.139999999999894 [-7.833728849015332, 1.0, -0.5130539618168167]
9.159999999999894 [-7.83563916233339, 1.0, -0.5147322292765417]
9.179999999999893 [-7.837407769409775, 1.0, -0.516310278575036]
9.199999999999893 [-7.839059954816185, 1.0, -0.5178034914529794]
9.219999999999892 [-7.840623352375571, 1.0, -0.5192280658814423]
9.239999999999892 [-7.842127294284113, 1.0, -0.5206007827761014]
9.259999999999891 [-7.843602238596008, 1.0, -0.5219399630285017]
9.279999999999891 [-7.845079000664411, 1.0, -0.5232646559430213]
9.29999999999989 [-7.846588027584399, 1.0, -0.5245945976741173]
9.31999999999989 [-7.848162786625543, 1.0, -0.5259481746149918]
9.33999999999989 [-7.849835160105974, 1.0, -0.5273439182908766]
9.35999999999989 [-7.851633679403283, 1.0, -0.5287998746281357]
9.379999999999889 [-7.853583744947072, 1.0, -0.5303331472080215]
9.399999999999888 [-7.855706188013757, 1.0, -0.5319591443832267]
9.419999999999888 [-7.858016853128341, 1.0, -0.5336909411416804]
9.439999999999888 [-7.860526359641771, 1.0, -0.5355389039114932]
9.459999999999887 [-7.863240081896011, 1.0, -0.5375105649573036]
9.479999999999887 [-7.8661583297548345, 1.0, -0.5396107267593919]
9.499999999999886 [-7.869276685604758, 1.0, -0.5418417766581436]
9.519999999999886 [-7.872586455053811, 1.0, -0.5442041581179193]
9.539999999999885 [-7.8760751955175845, 1.0, -0.5466969295267948]
9.559999999999885 [-7.879727297002587, 1.0, -0.5493183372314113]
9.579999999999885 [-7.883524599173161, 1.0, -0.5520663328860369]
9.599999999999884 [-7.88744703523009, 1.0, -0.5549389745575823]
9.619999999999884 [-7.891473570277778, 1.0, -0.5579348407130704]
9.639999999999883 [-7.895582195353264, 1.0, -0.561052652411297]
9.659999999999883 [-7.899751551342735, 1.0, -0.564291432125169]
9.679999999999882 [-7.903963557895484, 1.0, -0.5676501202006614]
9.699999999999882 [-7.908201240622881, 1.0, -0.5711267676944529]
9.719999999999882 [-7.912449116861974, 1.0, -0.5747178584940095]
9.739999999999881 [-7.9166934592733345, 1.0, -0.5784175812503458]
9.75999999999988 [-7.920922392698811, 1.0, -0.5822171363621895]
9.77999999999988 [-7.925125795222714, 1.0, -0.5861041653780664]
9.79999999999988 [-7.929294996824725, 1.0, -0.5900623829672718]
9.81999999999988 [-7.933422293809766, 1.0, -0.5940714806084111]
9.839999999999879 [-7.937500324125725, 1.0, -0.598107352714149]
9.859999999999879 [-7.941521624729583, 1.0, -0.6021429698885541]
9.879999999999878 [-7.945477335540365, 1.0, -0.6061485713695295]
9.899999999999878 [-7.949357105699327, 1.0, -0.610093318577548]
9.919999999999877 [-7.953148735755568, 1.0, -0.6139466923127956]
9.939999999999877 [-7.95683815825799, 1.0, -0.6176799990075565]
9.959999999999877 [-7.960409794287519, 1.0, -0.6212678238879948]
9.979999999999876 [-7.963846995459881, 1.0, -0.6246889946189336]
9.999999999999876 [-7.967133610912601, 1.0, -0.6279282180529717]
