0.0 (-20.25, 1.0, 0.0)
0.02 (-20.250257334526296, 1.0, 0.004576250145831298)
0.04 (-20.248623842062347, 1.0, -0.006353799380511938)
0.06 (-20.232811012812757, 1.0, -0.04880000761778752)
0.08 (-20.194063700218123, 1.0, -0.12041007777046273)
0.1 (-20.133401680386388, 1.0, -0.21786413796026782)
0.12000000000000001 (-20.064324211033913, 1.0, -0.3401094019188663)
0.14 (-20.00571349970845, 1.0, -0.48675500431446467)
0.16 (-19.970707587031264, 1.0, -0.6567243527127316)
0.18 (-19.95928632715898, 1.0, -0.8442335964853974)
0.19999999999999998 (-19.957279969816202, 1.0, -1.0285742034332808)
0.21999999999999997 (-19.94215873763649, 1.0, -1.1830835462328173)
0.23999999999999996 (-19.89376686993, 1.0, -1.2985312106052957)
0.25999999999999995 (-19.80723056759146, 1.0, -1.376237269581061)
0.27999999999999997 (-19.695599824384058, 1.0, -1.425931896392668)
0.3 (-19.57746375000571, 1.0, -1.459226332078811)
0.32 (-19.45956099874785, 1.0, -1.4812839935495266)
0.34 (-19.33926718225123, 1.0, -1.4946587764235886)
0.36000000000000004 (-19.214217780313707, 1.0, -1.5010364724119336)
0.38000000000000006 (-19.084469624822372, 1.0, -1.5019023279086097)
0.4000000000000001 (-18.951710454188955, 1.0, -1.4978791357781949)
0.4200000000000001 (-18.81711687253307, 1.0, -1.4889049125616793)
0.4400000000000001 (-18.68069861662489, 1.0, -1.474566096033319)
0.46000000000000013 (-18.54206307539527, 1.0, -1.4541465821903634)
0.48000000000000015 (-18.400608044646695, 1.0, -1.4266664769148127)
0.5000000000000001 (-18.256363439259644, 1.0, -1.3920045035370283)
0.5200000000000001 (-18.11551296486839, 1.0, -1.3535485069486777)
0.5400000000000001 (-17.982329188797088, 1.0, -1.3117991137708607)
0.5600000000000002 (-17.859083382774116, 1.0, -1.2673766290882427)
0.5800000000000002 (-17.746900196134987, 1.0, -1.2209609297269777)
0.6000000000000002 (-17.64627770697294, 1.0, -1.1732256434193917)
0.6200000000000002 (-17.557398735277964, 1.0, -1.124909925331973)
0.6400000000000002 (-17.480277723535345, 1.0, -1.0767491486911942)
0.6600000000000003 (-17.411003902810208, 1.0, -1.0302897330930252)
0.6800000000000003 (-17.346748358152443, 1.0, -0.988523959854992)
0.7000000000000003 (-17.288956851586786, 1.0, -0.9542730909417538)
0.7200000000000003 (-17.239645306942656, 1.0, -0.9295073550392418)
0.7400000000000003 (-17.199921217283716, 1.0, -0.9151949398036842)
0.7600000000000003 (-17.170049748073993, 1.0, -0.9111897238829935)
0.7800000000000004 (-17.149777548669416, 1.0, -0.91634603602256)
0.8000000000000004 (-17.139068401969475, 1.0, -0.9283976235406314)
0.8200000000000004 (-17.138001740127958, 1.0, -0.9444910660698164)
0.8400000000000004 (-17.145038158718233, 1.0, -0.961549895145847)
0.8600000000000004 (-17.15762699247617, 1.0, -0.9775118497946944)
0.8800000000000004 (-17.17342887987293, 1.0, -0.991267862496246)
0.9000000000000005 (-17.190357889051334, 1.0, -1.002291868194034)
0.9200000000000005 (-17.206698006899664, 1.0, -1.0102819011818556)
0.9400000000000005 (-17.221216497324047, 1.0, -1.0149147274459263)
0.9600000000000005 (-17.232410819344086, 1.0, -1.01528567438098)
0.9800000000000005 (-17.237996134616292, 1.0, -1.0101291442174494)
1.0000000000000004 (-17.240472251368633, 1.0, -1.000625581187905)
1.0200000000000005 (-17.24114471395436, 1.0, -0.9831937518544308)
1.0400000000000005 (-17.239450013514777, 1.0, -0.9559527859761386)
1.0600000000000005 (-17.234095580765587, 1.0, -0.9192424067938766)
1.0800000000000005 (-17.224302962513775, 1.0, -0.8749952205317364)
1.1000000000000005 (-17.207848150581484, 1.0, -0.8245411469369807)
1.1200000000000006 (-17.18164877891705, 1.0, -0.7720078634761244)
1.1400000000000006 (-17.147371257350464, 1.0, -0.7234894817322782)
1.1600000000000006 (-17.13061304606207, 1.0, -0.6964131539824969)
1.1800000000000006 (-17.11807554412137, 1.0, -0.6754780434007086)
1.2000000000000006 (-17.107110057940172, 1.0, -0.6566644512225747)
1.2200000000000006 (-17.102132358230484, 1.0, -0.6457919535795953)
1.2400000000000007 (-17.10321986674143, 1.0, -0.6437310596671137)
1.2600000000000007 (-17.10979625889341, 1.0, -0.6508070846545911)
1.2800000000000007 (-17.125474353944377, 1.0, -0.6640153733638704)
1.3000000000000007 (-17.150598085067184, 1.0, -0.6812262227562829)
1.3200000000000007 (-17.183048159908036, 1.0, -0.7034821367239572)
1.3400000000000007 (-17.221159340039705, 1.0, -0.7317427264632341)
1.3600000000000008 (-17.26207642206974, 1.0, -0.7617452784205052)
1.3800000000000008 (-17.301400732426092, 1.0, -0.7874403638933595)
1.4000000000000008 (-17.33786877330373, 1.0, -0.8065501195616618)
1.4200000000000008 (-17.37026033676952, 1.0, -0.8175672431123293)
1.4400000000000008 (-17.396135117178353, 1.0, -0.8194409172936938)
1.4600000000000009 (-17.41471649925645, 1.0, -0.8114381277223827)
1.4800000000000009 (-17.42981288726498, 1.0, -0.7929246448245373)
1.5000000000000009 (-17.444368898253643, 1.0, -0.7632453837119566)
1.520000000000001 (-17.461563989116694, 1.0, -0.7225290302866987)
1.540000000000001 (-17.4842143455366, 1.0, -0.6713031447165144)
1.560000000000001 (-17.514365092703134, 1.0, -0.6103690083428999)
1.580000000000001 (-17.553248873986337, 1.0, -0.5407577103311569)
1.600000000000001 (-17.601419049947456, 1.0, -0.4636519543110093)
1.620000000000001 (-17.65894819423082, 1.0, -0.3803207190377576)
1.640000000000001 (-17.72175962666214, 1.0, -0.2935384276958745)
1.660000000000001 (-17.784533048971756, 1.0, -0.2078757268096102)
1.680000000000001 (-17.849251018296417, 1.0, -0.1266904254486859)
1.700000000000001 (-17.920013308189123, 1.0, -0.052431642775569914)
1.720000000000001 (-17.99942284296525, 1.0, 0.014659839199339334)
1.740000000000001 (-18.089784147064073, 1.0, 0.07458406246888284)
1.7600000000000011 (-18.187193230312158, 1.0, 0.12858477213948774)
1.7800000000000011 (-18.285390576673507, 1.0, 0.17707584801327628)
1.8000000000000012 (-18.381206813697812, 1.0, 0.21962572272226943)
1.8200000000000012 (-18.47300710757012, 1.0, 0.25589117295065983)
1.8400000000000012 (-18.559970277415943, 1.0, 0.28560717975862515)
1.8600000000000012 (-18.64186757340221, 1.0, 0.3087084325186179)
1.8800000000000012 (-18.718944741385396, 1.0, 0.3253692049600679)
1.9000000000000012 (-18.791749768465024, 1.0, 0.33603605131881986)
1.9200000000000013 (-18.860840269996537, 1.0, 0.3417537571339298)
1.9400000000000013 (-18.926817019395973, 1.0, 0.3440049172591785)
1.9600000000000013 (-18.990208517624666, 1.0, 0.34416531304840636)
1.9800000000000013 (-19.051159911643037, 1.0, 0.34353242637533665)
2.0000000000000013 (-19.10930520867553, 1.0, 0.34328793148842957)
2.0200000000000014 (-19.163627659253272, 1.0, 0.3444354995867817)
2.0400000000000014 (-19.212402034514817, 1.0, 0.3476929031516657)
2.0600000000000014 (-19.253409111062332, 1.0, 0.35335911890605604)
2.0800000000000014 (-19.284406062966703, 1.0, 0.3612906635897264)
2.1000000000000014 (-19.30326246110121, 1.0, 0.37150194222312377)
2.1200000000000014 (-19.304783846243698, 1.0, 0.3875125152469555)
2.1400000000000015 (-19.28751436053341, 1.0, 0.4093729029863755)
2.1600000000000015 (-19.253522996101417, 1.0, 0.4372846635757384)
2.1800000000000015 (-19.205432923654758, 1.0, 0.4688548461712745)
2.2000000000000015 (-19.145987506576702, 1.0, 0.5004334494513636)
2.2200000000000015 (-19.07725569931325, 1.0, 0.5266273470431698)
2.2400000000000015 (-19.000540804753076, 1.0, 0.5439103340655203)
2.2600000000000016 (-18.918979333868826, 1.0, 0.5510279517466501)
2.2800000000000016 (-18.83630708548483, 1.0, 0.5484512019641973)
2.3000000000000016 (-18.755317691212756, 1.0, 0.5383401348532206)
2.3200000000000016 (-18.676668532093775, 1.0, 0.5234575948568247)
2.3400000000000016 (-18.59995609260769, 1.0, 0.5061587267642873)
2.3600000000000017 (-18.524665672530656, 1.0, 0.4885242099973213)
2.3800000000000017 (-18.450458803426788, 1.0, 0.47242936458680557)
2.4000000000000017 (-18.37720172400618, 1.0, 0.4595477703024509)
2.4200000000000017 (-18.304976406669095, 1.0, 0.45133514492306637)
2.4400000000000017 (-18.234067812432944, 1.0, 0.44899821679677676)
2.4600000000000017 (-18.164913329678907, 1.0, 0.45347276739544246)
2.4800000000000018 (-18.09803023563917, 1.0, 0.46541976668268104)
2.5000000000000018 (-18.033947460895796, 1.0, 0.48523550434837215)
2.520000000000002 (-17.973163859411976, 1.0, 0.5130715157575857)
2.540000000000002 (-17.91637439688905, 1.0, 0.5489050877372422)
2.560000000000002 (-17.8650612487311, 1.0, 0.5924610470837914)
2.580000000000002 (-17.820959473721306, 1.0, 0.6434776447825096)
2.600000000000002 (-17.785279936608532, 1.0, 0.7014674186592854)
2.620000000000002 (-17.75867893290256, 1.0, 0.7656691687292905)
2.640000000000002 (-17.739009978351024, 1.0, 0.8336032546385489)
2.660000000000002 (-17.72249058352315, 1.0, 0.900457486538323)
2.680000000000002 (-17.71111155665802, 1.0, 0.9633511199165826)
2.700000000000002 (-17.708626337880727, 1.0, 1.0208058158680318)
2.720000000000002 (-17.717542349597856, 1.0, 1.0716681547226827)
2.740000000000002 (-17.7386110646963, 1.0, 1.1166848755053898)
2.760000000000002 (-17.772992344064164, 1.0, 1.1573085289845042)
2.780000000000002 (-17.817001541448438, 1.0, 1.1951397238474823)
2.800000000000002 (-17.86571175486193, 1.0, 1.230105633173047)
2.820000000000002 (-17.91570922837415, 1.0, 1.2617564041941092)
2.840000000000002 (-17.964482195156222, 1.0, 1.2898393523261993)
2.860000000000002 (-18.010842177135824, 1.0, 1.314081861221011)
2.880000000000002 (-18.055301174525365, 1.0, 1.334282618297787)
2.900000000000002 (-18.098724628227444, 1.0, 1.3507898390822015)
2.920000000000002 (-18.141456356915157, 1.0, 1.3643365246304275)
2.940000000000002 (-18.182862195031266, 1.0, 1.3762310330173642)
2.960000000000002 (-18.222054121891865, 1.0, 1.387789071853865)
2.980000000000002 (-18.257788060704087, 1.0, 1.400143068445242)
3.000000000000002 (-18.28855916326961, 1.0, 1.4141087773167)
3.0200000000000022 (-18.312640477423432, 1.0, 1.4301796636703756)
3.0400000000000023 (-18.32818703650938, 1.0, 1.4485372180666942)
3.0600000000000023 (-18.332383960552107, 1.0, 1.469524626974671)
3.0800000000000023 (-18.32300527546754, 1.0, 1.493525921618694)
3.1000000000000023 (-18.30041070477492, 1.0, 1.52235972519035)
3.1200000000000023 (-18.265170413946116, 1.0, 1.5567758002618775)
3.1400000000000023 (-18.21851570432057, 1.0, 1.5945203253404248)
3.1600000000000024 (-18.162276585919365, 1.0, 1.6317807695028812)
3.1800000000000024 (-18.09785962498734, 1.0, 1.663326564825267)
3.2000000000000024 (-18.02872450538749, 1.0, 1.6848024288069774)
3.2200000000000024 (-17.958548156358084, 1.0, 1.695517844063781)
3.2400000000000024 (-17.890106425796205, 1.0, 1.696701133251936)
3.2600000000000025 (-17.8248400604397, 1.0, 1.6906987668128604)
3.2800000000000025 (-17.762769492112017, 1.0, 1.679553830886625)
3.3000000000000025 (-17.703756309878937, 1.0, 1.665255724997411)
3.3200000000000025 (-17.64743537673585, 1.0, 1.6497297491813336)
3.3400000000000025 (-17.59299542403731, 1.0, 1.6346764734456705)
3.3600000000000025 (-17.539137683680764, 1.0, 1.6213409116762592)
3.3800000000000026 (-17.484181786066095, 1.0, 1.6103452182056894)
3.4000000000000026 (-17.426313846961232, 1.0, 1.601819998355483)
3.4200000000000026 (-17.36597366743018, 1.0, 1.5966145508413598)
3.4400000000000026 (-17.30418990504328, 1.0, 1.5960856441552749)
3.4600000000000026 (-17.241423282991114, 1.0, 1.6015127760790995)
3.4800000000000026 (-17.17807503982408, 1.0, 1.613808543352928)
3.5000000000000027 (-17.114482746784752, 1.0, 1.6335395642489545)
3.5200000000000027 (-17.051071972501187, 1.0, 1.6610910803120382)
3.5400000000000027 (-16.988939948975705, 1.0, 1.6967738651102668)
3.5600000000000027 (-16.929633787977448, 1.0, 1.7411100466082174)
3.5800000000000027 (-16.87456793018297, 1.0, 1.7945104942379748)
3.6000000000000028 (-16.824868701732303, 1.0, 1.8570755317078755)
3.6200000000000028 (-16.781405267807294, 1.0, 1.9285458373017805)
3.640000000000003 (-16.74487307622119, 1.0, 2.0083720337456894)
3.660000000000003 (-16.715396157155574, 1.0, 2.0962603820459123)
3.680000000000003 (-16.691239314669257, 1.0, 2.1860414666392867)
3.700000000000003 (-16.672208592553186, 1.0, 2.272455619702995)
3.720000000000003 (-16.661739996526745, 1.0, 2.3548447670635433)
3.740000000000003 (-16.663586777124525, 1.0, 2.4342067431697854)
3.760000000000003 (-16.678670457329275, 1.0, 2.51150004636755)
3.780000000000003 (-16.706947320948586, 1.0, 2.5889185968261628)
3.800000000000003 (-16.748427482124292, 1.0, 2.668403766227177)
3.820000000000003 (-16.797811057841077, 1.0, 2.7487403268174844)
3.840000000000003 (-16.849912538035486, 1.0, 2.8274263914633146)
3.860000000000003 (-16.90232163110814, 1.0, 2.902931089648012)
3.880000000000003 (-16.954159504005123, 1.0, 2.974654003097851)
3.900000000000003 (-17.005110032407018, 1.0, 3.0425806108291864)
3.920000000000003 (-17.054848904622713, 1.0, 3.107061354406155)
3.940000000000003 (-17.10280415312446, 1.0, 3.1686376474783713)
3.960000000000003 (-17.148009405714394, 1.0, 3.227866453148907)
3.980000000000003 (-17.189160674658993, 1.0, 3.285171341584102)
4.000000000000003 (-17.224637227953533, 1.0, 3.340763471561493)
4.020000000000002 (-17.252487185628926, 1.0, 3.394492723800748)
4.040000000000002 (-17.270555737338793, 1.0, 3.445741425971686)
4.060000000000001 (-17.276621991145216, 1.0, 3.493387790113529)
4.080000000000001 (-17.269573241283496, 1.0, 3.536763065384761)
4.1000000000000005 (-17.249677550122932, 1.0, 3.5777915958304924)
4.12 (-17.217249062236185, 1.0, 3.617621941145437)
4.14 (-17.174146824203024, 1.0, 3.6548069156617573)
4.159999999999999 (-17.12346293577929, 1.0, 3.6872625745287113)
4.179999999999999 (-17.068627022116313, 1.0, 3.711397248285137)
4.199999999999998 (-17.01385242391088, 1.0, 3.7243798060109894)
4.219999999999998 (-16.96210294613708, 1.0, 3.7261747248569312)
4.2399999999999975 (-16.915562667935802, 1.0, 3.7185619884461407)
4.259999999999997 (-16.87498346164432, 1.0, 3.704191052041501)
4.279999999999997 (-16.839864130823354, 1.0, 3.685827733171699)
4.299999999999996 (-16.80899818977825, 1.0, 3.6655844616120463)
4.319999999999996 (-16.78093512926366, 1.0, 3.6451448266623294)
4.339999999999995 (-16.754054014630828, 1.0, 3.62583113967731)
4.359999999999995 (-16.72646349356635, 1.0, 3.6083168582850527)
4.379999999999995 (-16.69614816898397, 1.0, 3.5926868344663134)
4.399999999999994 (-16.661129106009735, 1.0, 3.5786219756518247)
4.419999999999994 (-16.62142931078693, 1.0, 3.567148957629736)
4.439999999999993 (-16.577515322581984, 1.0, 3.560121895824574)
4.459999999999993 (-16.52945809275485, 1.0, 3.5590029638300966)
4.479999999999992 (-16.477500386374853, 1.0, 3.5648059277388646)
4.499999999999992 (-16.421979751574824, 1.0, 3.5781551977499753)
4.519999999999992 (-16.363293839487245, 1.0, 3.599421735257437)
4.539999999999991 (-16.301859847097255, 1.0, 3.6288029482233988)
4.559999999999991 (-16.238248220400283, 1.0, 3.666209826352217)
4.57999999999999 (-16.1731546024705, 1.0, 3.7116204648474307)
4.59999999999999 (-16.10797033237247, 1.0, 3.7654611919259833)
4.6199999999999894 (-16.04412587544989, 1.0, 3.8288475691638393)
4.639999999999989 (-15.982001697958193, 1.0, 3.8955354462181266)
4.659999999999989 (-15.92440344236768, 1.0, 3.962685841341034)
4.679999999999988 (-15.875332535055197, 1.0, 4.031357983868601)
4.699999999999988 (-15.838288100425954, 1.0, 4.102546228609737)
4.719999999999987 (-15.813748930169126, 1.0, 4.176389175436443)
4.739999999999987 (-15.803001615248462, 1.0, 4.255214651067422)
4.7599999999999865 (-15.803825729166105, 1.0, 4.339241313317258)
4.779999999999986 (-15.81149605455145, 1.0, 4.424434269500156)
4.799999999999986 (-15.823773786289543, 1.0, 4.507803448781868)
4.819999999999985 (-15.838984638757196, 1.0, 4.587238334101836)
4.839999999999985 (-15.855980580378894, 1.0, 4.661420175254843)
4.859999999999984 (-15.87397116371604, 1.0, 4.729682430623318)
4.879999999999984 (-15.892380569857131, 1.0, 4.791844682770411)
4.8999999999999835 (-15.910769302943729, 1.0, 4.8481458523290195)
4.919999999999983 (-15.929532813495674, 1.0, 4.899689465694685)
4.939999999999983 (-15.948796305104834, 1.0, 4.94791046299513)
4.959999999999982 (-15.967407053306433, 1.0, 4.99390183775178)
4.979999999999982 (-15.983899882640848, 1.0, 5.038151985634199)
4.999999999999981 (-15.996696716985522, 1.0, 5.080530184806132)
5.019999999999981 (-16.004153875826315, 1.0, 5.120347323569303)
5.0399999999999805 (-16.004732506745857, 1.0, 5.156464304076176)
5.05999999999998 (-15.997112285816698, 1.0, 5.187439032382878)
5.07999999999998 (-15.980272233804987, 1.0, 5.2117605157291536)
5.099999999999979 (-15.951952083078476, 1.0, 5.228154016224548)
5.119999999999979 (-15.910621348857543, 1.0, 5.237584811729503)
5.139999999999978 (-15.85566742974938, 1.0, 5.241369036302351)
5.159999999999978 (-15.789337745807948, 1.0, 5.238477173140955)
5.1799999999999775 (-15.715680154446392, 1.0, 5.2270205002883605)
5.199999999999977 (-15.640213433795463, 1.0, 5.20427343895621)
5.219999999999977 (-15.567849431111144, 1.0, 5.169523949040236)
5.239999999999976 (-15.50177204280877, 1.0, 5.125050277514441)
5.259999999999976 (-15.44350937040026, 1.0, 5.074131946327145)
5.279999999999975 (-15.392648672661915, 1.0, 5.020039522003704)
5.299999999999975 (-15.347513064531018, 1.0, 4.964541362608426)
5.3199999999999745 (-15.306199141722812, 1.0, 4.908613350435224)
5.339999999999974 (-15.26693389611056, 1.0, 4.853099370122572)
5.359999999999974 (-15.22791836954167, 1.0, 4.798500138085636)
5.379999999999973 (-15.18759172291921, 1.0, 4.745219278707788)
5.399999999999973 (-15.14485815262936, 1.0, 4.6940710906929635)
5.419999999999972 (-15.098745537095807, 1.0, 4.645809886079797)
5.439999999999972 (-15.048501099164035, 1.0, 4.601229591464984)
5.4599999999999715 (-14.993681089433169, 1.0, 4.561009463822553)
5.479999999999971 (-14.934014405001157, 1.0, 4.525813649521457)
5.499999999999971 (-14.86934857871883, 1.0, 4.496222146505154)
5.51999999999997 (-14.799702134309108, 1.0, 4.47269850769172)
5.53999999999997 (-14.725441303824331, 1.0, 4.455959871060892)
5.559999999999969 (-14.647419246661494, 1.0, 4.447295107871244)
5.579999999999969 (-14.56651561748574, 1.0, 4.448087947402393)
5.599999999999969 (-14.483564257741675, 1.0, 4.459258693751435)
5.619999999999968 (-14.399416856403919, 1.0, 4.481193742536598)
5.639999999999968 (-14.314822337449423, 1.0, 4.513891290874763)
5.659999999999967 (-14.231341587894645, 1.0, 4.553603818341999)
5.679999999999967 (-14.151921782405976, 1.0, 4.594629074470724)
5.699999999999966 (-14.079865766734695, 1.0, 4.637797134582626)
5.719999999999966 (-14.017761001043885, 1.0, 4.6863012594941)
5.739999999999966 (-13.966926911547057, 1.0, 4.742091409466122)
5.759999999999965 (-13.926196357006523, 1.0, 4.806653350319022)
5.779999999999965 (-13.894307538769523, 1.0, 4.881322065857318)
5.799999999999964 (-13.86810612046882, 1.0, 4.962135473041399)
5.819999999999964 (-13.845296382018562, 1.0, 5.043934198536936)
5.839999999999963 (-13.825134397286833, 1.0, 5.123698472515281)
5.859999999999963 (-13.807571210034881, 1.0, 5.200273244372935)
5.879999999999963 (-13.792701009121139, 1.0, 5.273554675422861)
5.899999999999962 (-13.78032513530297, 1.0, 5.343809577392895)
5.919999999999962 (-13.769887394702671, 1.0, 5.41128545306562)
5.939999999999961 (-13.760464356372268, 1.0, 5.476033578459992)
5.959999999999961 (-13.750871421381039, 1.0, 5.5379549178584035)
5.9799999999999605 (-13.739619617893736, 1.0, 5.596534900510839)
5.99999999999996 (-13.725077073932692, 1.0, 5.650620018977805)
6.01999999999996 (-13.705764986338462, 1.0, 5.698623734292228)
6.039999999999959 (-13.680389010842141, 1.0, 5.738470105329915)
6.059999999999959 (-13.64801223106879, 1.0, 5.76773816700949)
6.079999999999958 (-13.60818446674639, 1.0, 5.784498728448685)
6.099999999999958 (-13.560021831931492, 1.0, 5.79012219508859)
6.1199999999999575 (-13.50247323023542, 1.0, 5.78598824503446)
6.139999999999957 (-13.437778400589341, 1.0, 5.772314249865232)
6.159999999999957 (-13.36974690456908, 1.0, 5.749561204958536)
6.179999999999956 (-13.303488760728538, 1.0, 5.7168680934329155)
6.199999999999956 (-13.244541992278194, 1.0, 5.675228364815995)
6.219999999999955 (-13.195412555710423, 1.0, 5.627221110246678)
6.239999999999955 (-13.156542904821372, 1.0, 5.576023835380998)
6.2599999999999545 (-13.12662330098317, 1.0, 5.524317629960173)
6.279999999999954 (-13.103526150177801, 1.0, 5.473627989224403)
6.299999999999954 (-13.085015120497673, 1.0, 5.424457680961521)
6.319999999999953 (-13.069009578675278, 1.0, 5.377082134349573)
6.339999999999953 (-13.053496825729153, 1.0, 5.331305482704215)
6.359999999999952 (-13.036702696031616, 1.0, 5.286464474627244)
6.379999999999952 (-13.0171716148585, 1.0, 5.24125404345409)
6.3999999999999515 (-12.993877144075869, 1.0, 5.194578944795092)
6.419999999999951 (-12.965996269926634, 1.0, 5.147747351166312)
6.439999999999951 (-12.932526737645885, 1.0, 5.101551554253565)
6.45999999999995 (-12.892612678145545, 1.0, 5.056750850246283)
6.47999999999995 (-12.845697693488788, 1.0, 5.013960166539039)
6.499999999999949 (-12.79149732240072, 1.0, 4.9736758140184705)
6.519999999999949 (-12.729896201372135, 1.0, 4.936326134771807)
6.5399999999999485 (-12.660972019708973, 1.0, 4.902485272196649)
6.559999999999948 (-12.585047270827053, 1.0, 4.873555695409831)
6.579999999999948 (-12.502437367643127, 1.0, 4.851351852603983)
6.599999999999947 (-12.413572202696562, 1.0, 4.83727584878098)
6.619999999999947 (-12.319101486188716, 1.0, 4.832149080865589)
6.639999999999946 (-12.219575122399032, 1.0, 4.83592899412371)
6.659999999999946 (-12.120920943132186, 1.0, 4.842282253788701)
6.6799999999999455 (-12.026893917144703, 1.0, 4.851449419358938)
6.699999999999945 (-11.938966039675297, 1.0, 4.8675351235851885)
6.719999999999945 (-11.858269625874994, 1.0, 4.893910819339969)
6.739999999999944 (-11.783994864011301, 1.0, 4.931362779364385)
6.759999999999944 (-11.714768184141521, 1.0, 4.982335131507434)
6.779999999999943 (-11.648848780281613, 1.0, 5.044448220219557)
6.799999999999943 (-11.585950535887921, 1.0, 5.111237470929322)
6.8199999999999426 (-11.526750425977834, 1.0, 5.178749744819914)
6.839999999999942 (-11.471561002339865, 1.0, 5.244612756888512)
6.859999999999942 (-11.420601555853304, 1.0, 5.307525520307079)
6.879999999999941 (-11.37403236204951, 1.0, 5.367636418538338)
6.899999999999941 (-11.331600058876038, 1.0, 5.425650059780491)
6.91999999999994 (-11.292669085699963, 1.0, 5.481993727736554)
6.93999999999994 (-11.256250150916248, 1.0, 5.5367205535405155)
6.95999999999994 (-11.221043600201657, 1.0, 5.589229545306451)
6.979999999999939 (-11.185871936115504, 1.0, 5.638544649717611)
6.999999999999939 (-11.149796028461008, 1.0, 5.683316954681679)
7.019999999999938 (-11.112144009678637, 1.0, 5.721850763874961)
7.039999999999938 (-11.0722670054357, 1.0, 5.751707910599669)
7.059999999999937 (-11.030075706729749, 1.0, 5.770079158998076)
7.079999999999937 (-10.986013780534975, 1.0, 5.774150900530825)
7.099999999999937 (-10.940410809574663, 1.0, 5.76311435706534)
7.119999999999936 (-10.891148443897483, 1.0, 5.7378407399702755)
7.139999999999936 (-10.838192014463406, 1.0, 5.699448938472008)
7.159999999999935 (-10.784258662507982, 1.0, 5.649399667431536)
7.179999999999935 (-10.733871391224211, 1.0, 5.5891896025995145)
7.1999999999999345 (-10.692223800228799, 1.0, 5.521678930730379)
7.219999999999934 (-10.662191041052914, 1.0, 5.450210194300335)
7.239999999999934 (-10.643639813169205, 1.0, 5.378436363755579)
7.259999999999933 (-10.63471437307407, 1.0, 5.30918558551218)
7.279999999999933 (-10.632595939355005, 1.0, 5.2438070664061085)
7.299999999999932 (-10.63490548951749, 1.0, 5.181913819926423)
7.319999999999932 (-10.63967856275259, 1.0, 5.1226445885812035)
7.3399999999999315 (-10.645152813846867, 1.0, 5.06512609376122)
7.359999999999931 (-10.64986689744261, 1.0, 5.008144006012919)
7.379999999999931 (-10.652643707481667, 1.0, 4.950580134429742)
7.39999999999993 (-10.652215584437931, 1.0, 4.892170961495699)
7.41999999999993 (-10.647381985131199, 1.0, 4.832704559512002)
7.439999999999929 (-10.637077345187507, 1.0, 4.772140771267749)
7.459999999999929 (-10.620476535745125, 1.0, 4.710598056505094)
7.4799999999999285 (-10.596904303186802, 1.0, 4.648306935486195)
7.499999999999928 (-10.565850155284085, 1.0, 4.585546928426516)
7.519999999999928 (-10.52700200303613, 1.0, 4.5226258590199535)
7.539999999999927 (-10.480171929964564, 1.0, 4.459929020652985)
7.559999999999927 (-10.425209399433054, 1.0, 4.398467571765651)
7.579999999999926 (-10.361638486092538, 1.0, 4.339965346711655)
7.599999999999926 (-10.289101011134964, 1.0, 4.286064459456819)
7.6199999999999255 (-10.207675704562325, 1.0, 4.237951334309241)
7.639999999999925 (-10.117667869894968, 1.0, 4.196014667887306)
7.659999999999925 (-10.026730942440347, 1.0, 4.157194406303247)
7.679999999999924 (-9.938423289947306, 1.0, 4.123127122637518)
7.699999999999924 (-9.852367626071526, 1.0, 4.097984489463575)
7.719999999999923 (-9.768077327100059, 1.0, 4.085244728111037)
7.739999999999923 (-9.684563789271111, 1.0, 4.085327358091046)
7.7599999999999225 (-9.599646257860599, 1.0, 4.099449087721964)
7.779999999999922 (-9.51324836452568, 1.0, 4.124126350776226)
7.799999999999922 (-9.428040368314866, 1.0, 4.153733404382469)
7.819999999999921 (-9.346300165753757, 1.0, 4.1851556094191436)
7.839999999999921 (-9.269207791226131, 1.0, 4.216574885381276)
7.85999999999992 (-9.197396694177844, 1.0, 4.247518903611721)
7.87999999999992 (-9.130704634809595, 1.0, 4.278348946268404)
7.8999999999999195 (-9.06866022026322, 1.0, 4.309307254832445)
7.919999999999919 (-9.01053469316414, 1.0, 4.340369637361208)
7.939999999999919 (-8.955412790267292, 1.0, 4.371018856826631)
7.959999999999918 (-8.902430517228483, 1.0, 4.400023344678102)
7.979999999999918 (-8.851022642630143, 1.0, 4.4259445877347305)
7.999999999999917 (-8.800993589538276, 1.0, 4.447149623760764)
8.019999999999918 (-8.752537837414398, 1.0, 4.46184637448964)
8.039999999999917 (-8.706163045719403, 1.0, 4.467576007080566)
8.059999999999917 (-8.66297989295265, 1.0, 4.4618438867111445)
8.079999999999917 (-8.624647747452368, 1.0, 4.44234615647042)
8.099999999999916 (-8.59135777356426, 1.0, 4.408883226890343)
8.119999999999916 (-8.560448462510184, 1.0, 4.361053246764536)
8.139999999999915 (-8.532002154175624, 1.0, 4.300032374770905)
8.159999999999915 (-8.507985012767577, 1.0, 4.228500680379454)
8.179999999999914 (-8.491938192283898, 1.0, 4.149903038217213)
8.199999999999914 (-8.487209679612988, 1.0, 4.069181626455851)
8.219999999999914 (-8.494468150034232, 1.0, 3.9906115673547284)
8.239999999999913 (-8.511944327937295, 1.0, 3.916962462037097)
8.259999999999913 (-8.536542648915455, 1.0, 3.8498339476033867)
8.279999999999912 (-8.56520931295131, 1.0, 3.7891248582898753)
8.299999999999912 (-8.596098823672504, 1.0, 3.7333282280765303)
8.319999999999911 (-8.627760854603013, 1.0, 3.680892513738883)
8.339999999999911 (-8.659015454744608, 1.0, 3.630210561630732)
8.35999999999991 (-8.689162901190691, 1.0, 3.579482344895262)
8.37999999999991 (-8.71787211951579, 1.0, 3.52702876687906)
8.39999999999991 (-8.744302568003366, 1.0, 3.4720220803466506)
8.41999999999991 (-8.76736192618487, 1.0, 3.413887235901084)
8.439999999999909 (-8.786117958473271, 1.0, 3.35214669050707)
8.459999999999908 (-8.799724619274302, 1.0, 3.286518015891084)
8.479999999999908 (-8.807489072850766, 1.0, 3.216870599764418)
8.499999999999908 (-8.808875282062955, 1.0, 3.1432069968883978)
8.519999999999907 (-8.80336722644489, 1.0, 3.065791393999681)
8.539999999999907 (-8.789998110664254, 1.0, 2.9854742852533094)
8.559999999999906 (-8.767601047594662, 1.0, 2.9033736277655513)
8.579999999999906 (-8.735286356861048, 1.0, 2.8204718898936445)
8.599999999999905 (-8.692669437629151, 1.0, 2.7376515692882903)
8.619999999999905 (-8.639824005800637, 1.0, 2.6557439854838787)
8.639999999999905 (-8.577153038399127, 1.0, 2.5753263893926195)
8.659999999999904 (-8.51302239972491, 1.0, 2.4967907877721)
8.679999999999904 (-8.44999602101895, 1.0, 2.4233286816186745)
8.699999999999903 (-8.385606484682587, 1.0, 2.3586444113991614)
8.719999999999903 (-8.317711632364988, 1.0, 2.3057813018177913)
8.739999999999903 (-8.245132181218532, 1.0, 2.2647870703773134)
8.759999999999902 (-8.164986987195686, 1.0, 2.2360578396616675)
8.779999999999902 (-8.077530310179647, 1.0, 2.2170350833671852)
8.799999999999901 (-7.9875941825733205, 1.0, 2.20339174874601)
8.8199999999999 (-7.898785187899974, 1.0, 2.193162884261279)
8.8399999999999 (-7.813319470289514, 1.0, 2.1850693152460865)
8.8599999999999 (-7.7324600838295305, 1.0, 2.1784628095781344)
8.8799999999999 (-7.656221523018474, 1.0, 2.173570042752414)
8.899999999999899 (-7.583868881477401, 1.0, 2.1705930614888405)
8.919999999999899 (-7.514722397409105, 1.0, 2.1692520607930725)
8.939999999999898 (-7.448265772991248, 1.0, 2.168746995989408)
8.959999999999898 (-7.384214529722887, 1.0, 2.1676219194215456)
8.979999999999897 (-7.32268187883834, 1.0, 2.1643167874340836)
8.999999999999897 (-7.264237175780299, 1.0, 2.157247727922666)
9.019999999999897 (-7.209883986534235, 1.0, 2.1449053861158176)
9.039999999999896 (-7.161264770668509, 1.0, 2.125294868731174)
9.059999999999896 (-7.120668781200934, 1.0, 2.096618673122377)
9.079999999999895 (-7.090769573349853, 1.0, 2.0575906242647104)
9.099999999999895 (-7.071877979843284, 1.0, 2.00819610824585)
9.119999999999894 (-7.061809475973656, 1.0, 1.9469785697074586)
9.139999999999894 (-7.06005957009239, 1.0, 1.8750847783088784)
9.159999999999894 (-7.067218013286285, 1.0, 1.795818520972499)
9.179999999999893 (-7.085129724762241, 1.0, 1.7138786717402963)
9.199999999999893 (-7.114259893784651, 1.0, 1.6352141071283586)
9.219999999999892 (-7.15311552266494, 1.0, 1.5638985313674476)
9.239999999999892 (-7.198486456535426, 1.0, 1.501888734993665)
9.259999999999891 (-7.247016794274081, 1.0, 1.4491037763453476)
9.279999999999891 (-7.2962496264767545, 1.0, 1.4039273511255)
9.29999999999989 (-7.345256757207085, 1.0, 1.3642600445610789)
9.31999999999989 (-7.393551286874521, 1.0, 1.3280803820138634)
9.33999999999989 (-7.44081846236214, 1.0, 1.2934776700882193)
9.35999999999989 (-7.487248892578163, 1.0, 1.2585846459514505)
9.379999999999889 (-7.533140422714715, 1.0, 1.2218390571503184)
9.399999999999888 (-7.577970376707731, 1.0, 1.1821073432221356)
9.419999999999888 (-7.621185227034795, 1.0, 1.1383213448219827)
9.439999999999888 (-7.662207590716961, 1.0, 1.08961260720534)
9.459999999999887 (-7.700462757687644, 1.0, 1.0353632559770392)
9.479999999999887 (-7.73539155147504, 1.0, 0.9751389290601602)
9.499999999999886 (-7.7664945055291685, 1.0, 0.9086697884106089)
9.519999999999886 (-7.79335630609411, 1.0, 0.8358534685158403)
9.539999999999885 (-7.815564210736164, 1.0, 0.7567380125254232)
9.559999999999885 (-7.832190602704923, 1.0, 0.6717476563210172)
9.579999999999885 (-7.841557957422064, 1.0, 0.5814492164511714)
9.599999999999884 (-7.8421287513716065, 1.0, 0.48644508585571233)
9.619999999999884 (-7.832973861049945, 1.0, 0.38743951712501085)
9.639999999999883 (-7.813814579718664, 1.0, 0.2848926503775562)
9.659999999999883 (-7.790810886466294, 1.0, 0.18288903953754723)
9.679999999999882 (-7.765658999443641, 1.0, 0.08554363339227967)
9.699999999999882 (-7.735049876781922, 1.0, -0.004980811345394694)
9.719999999999882 (-7.695608709239345, 1.0, -0.08713963106269904)
9.739999999999881 (-7.646347604225483, 1.0, -0.16139385564370423)
9.75999999999988 (-7.584876085322205, 1.0, -0.22887195121788018)
9.77999999999988 (-7.51357648597766, 1.0, -0.2915227216941877)
9.79999999999988 (-7.438897539096206, 1.0, -0.35042350796805477)
9.81999999999988 (-7.364840902547951, 1.0, -0.4054104623931649)
9.839999999999879 (-7.293501711473779, 1.0, -0.45647704146104817)
9.859999999999879 (-7.225458702213683, 1.0, -0.5032861392590695)
9.879999999999878 (-7.160354647158233, 1.0, -0.5457604598840066)
9.899999999999878 (-7.097790603803214, 1.0, -0.584218638237597)
9.919999999999877 (-7.037491450484362, 1.0, -0.6193527100025281)
9.939999999999877 (-6.979444910376063, 1.0, -0.6521759600045798)
9.959999999999877 (-6.924108323509322, 1.0, -0.6839913363106152)
9.979999999999876 (-6.8723145825229945, 1.0, -0.716063866646527)
9.999999999999876 (-6.825327003233052, 1.0, -0.7495213643219895)
