0.0 (-6.75, 1.0, 0.0)
0.02 (-6.7502584426455865, 1.0, 0.0017460918985265522)
0.04 (-6.756298612919945, 1.0, -0.0010534642668087314)
0.06 (-6.773334615698301, 1.0, -0.015405334867756568)
0.08 (-6.803357124681182, 1.0, -0.021946081999366325)
0.1 (-6.856284653773771, 1.0, 0.008189599644954526)
0.12000000000000001 (-6.924564967413773, 1.0, 0.08135528549689597)
0.14 (-6.990632663113975, 1.0, 0.19388073443040982)
0.16 (-7.039537805165422, 1.0, 0.34877786180760356)
0.18 (-7.0642083682800685, 1.0, 0.5473999270164829)
0.19999999999999998 (-7.069489850634014, 1.0, 0.7820322879374675)
0.21999999999999997 (-7.069202210051528, 1.0, 1.0444133878182615)
0.23999999999999996 (-7.087394389366903, 1.0, 1.29141186386802)
0.25999999999999995 (-7.135018278289552, 1.0, 1.500352785704926)
0.27999999999999997 (-7.200321219057631, 1.0, 1.6750272938248159)
0.3 (-7.266709136462219, 1.0, 1.8182491617753267)
0.32 (-7.326812051789996, 1.0, 1.9355737316446904)
0.34 (-7.38132353367719, 1.0, 2.038142891882359)
0.36000000000000004 (-7.4367883303623215, 1.0, 2.1290118334230543)
0.38000000000000006 (-7.497321456328179, 1.0, 2.2084901696715558)
0.4000000000000001 (-7.5635886467565365, 1.0, 2.2787901303599134)
0.4200000000000001 (-7.635753751938776, 1.0, 2.341835757456405)
0.4400000000000001 (-7.713545844711135, 1.0, 2.3981452780854173)
0.46000000000000013 (-7.795383810988264, 1.0, 2.4474772005713703)
0.48000000000000015 (-7.8799361691970455, 1.0, 2.4896758857387797)
0.5000000000000001 (-7.966254652465592, 1.0, 2.52452625151692)
0.5200000000000001 (-8.053209456180241, 1.0, 2.551958794129193)
0.5400000000000001 (-8.138774485856766, 1.0, 2.572159800955123)
0.5600000000000002 (-8.22114188178216, 1.0, 2.584901121362426)
0.5800000000000002 (-8.29910858357504, 1.0, 2.5897157469525642)
0.6000000000000002 (-8.37177240016674, 1.0, 2.5862594696270382)
0.6200000000000002 (-8.438375868836394, 1.0, 2.5743650604109614)
0.6400000000000002 (-8.498258976468708, 1.0, 2.553999577121426)
0.6600000000000003 (-8.550623661073027, 1.0, 2.5251313306453964)
0.6800000000000003 (-8.594633666953202, 1.0, 2.487632437613408)
0.7000000000000003 (-8.631081227935788, 1.0, 2.4414091263135953)
0.7200000000000003 (-8.662182356178464, 1.0, 2.386775500391602)
0.7400000000000003 (-8.690705053076798, 1.0, 2.324502268476178)
0.7600000000000003 (-8.719572824691118, 1.0, 2.255613280009915)
0.7800000000000004 (-8.751483598889198, 1.0, 2.1813987415584646)
0.8000000000000004 (-8.787873456594381, 1.0, 2.111066456921625)
0.8200000000000004 (-8.827669232893612, 1.0, 2.0516359359186107)
0.8400000000000004 (-8.868177916173774, 1.0, 2.0054992432206578)
0.8600000000000004 (-8.906429345876212, 1.0, 1.9734456013561306)
0.8800000000000004 (-8.943073227836136, 1.0, 1.9536930666625856)
0.9000000000000005 (-8.977377110221994, 1.0, 1.9443103222402223)
0.9200000000000005 (-9.008040439108209, 1.0, 1.9431718990742868)
0.9400000000000005 (-9.033863275798222, 1.0, 1.9486019819801408)
0.9600000000000005 (-9.053965167659134, 1.0, 1.9594689486909396)
0.9800000000000005 (-9.067808848913124, 1.0, 1.9749302536129096)
1.0000000000000004 (-9.075116362056548, 1.0, 1.9944270786133456)
1.0200000000000005 (-9.075331824608982, 1.0, 2.017936468926742)
1.0400000000000005 (-9.067444766361701, 1.0, 2.0454145754937105)
1.0600000000000005 (-9.049834053279564, 1.0, 2.0754731627813117)
1.0800000000000005 (-9.02283408516401, 1.0, 2.1010524735031657)
1.1000000000000005 (-8.98874216646409, 1.0, 2.1173192813870743)
1.1200000000000006 (-8.950254640668444, 1.0, 2.1219173923715964)
1.1400000000000006 (-8.909331617511063, 1.0, 2.1147398472221854)
1.1600000000000006 (-8.857902008361016, 1.0, 2.1014554612357936)
1.1800000000000006 (-8.80228650377989, 1.0, 2.079362535547442)
1.2000000000000006 (-8.747292827809147, 1.0, 2.0520069264841045)
1.2200000000000006 (-8.694096076796809, 1.0, 2.0242861357909554)
1.2400000000000007 (-8.641583511105736, 1.0, 1.9991930726248914)
1.2600000000000007 (-8.599183164382934, 1.0, 1.9824588429051875)
1.2800000000000007 (-8.564701003752438, 1.0, 1.9805015558746009)
1.3000000000000007 (-8.527445052352874, 1.0, 1.9870044483954352)
1.3200000000000007 (-8.485564064189967, 1.0, 2.002263296478026)
1.3400000000000007 (-8.441623678348716, 1.0, 2.0230735611174167)
1.3600000000000008 (-8.39804218903917, 1.0, 2.0462574429345812)
1.3800000000000008 (-8.360118732456952, 1.0, 2.0687268106190806)
1.4000000000000008 (-8.330772382158877, 1.0, 2.088342237309018)
1.4200000000000008 (-8.310369232929784, 1.0, 2.104975982916854)
1.4400000000000008 (-8.299181861645707, 1.0, 2.1192983621219863)
1.4600000000000009 (-8.29801045280771, 1.0, 2.1310920641820514)
1.4800000000000009 (-8.305708362708181, 1.0, 2.1388328936336527)
1.5000000000000009 (-8.31819374894828, 1.0, 2.1400307926861277)
1.520000000000001 (-8.332094000860442, 1.0, 2.132697983933174)
1.540000000000001 (-8.344781951903203, 1.0, 2.1152303838404323)
1.560000000000001 (-8.354351488634691, 1.0, 2.0864048287281025)
1.580000000000001 (-8.359492033744283, 1.0, 2.045389652056612)
1.600000000000001 (-8.359353035857842, 1.0, 1.9916336196746343)
1.620000000000001 (-8.35339917337424, 1.0, 1.9247229822945346)
1.640000000000001 (-8.341083386777338, 1.0, 1.8441339403814363)
1.660000000000001 (-8.322003318743024, 1.0, 1.748962116604081)
1.680000000000001 (-8.297906323670425, 1.0, 1.6381474674074556)
1.700000000000001 (-8.27287510010255, 1.0, 1.5133037759097476)
1.720000000000001 (-8.250183729790832, 1.0, 1.385243299733528)
1.740000000000001 (-8.230565457231936, 1.0, 1.2605900093480997)
1.7600000000000011 (-8.2136909398261, 1.0, 1.139052045458081)
1.7800000000000011 (-8.199615305785224, 1.0, 1.0189194890950404)
1.8000000000000012 (-8.187947653819581, 1.0, 0.9011170253283467)
1.8200000000000012 (-8.178453475408471, 1.0, 0.787065375880831)
1.8400000000000012 (-8.171107211367012, 1.0, 0.6780337588615455)
1.8600000000000012 (-8.165638329745478, 1.0, 0.5754272790483581)
1.8800000000000012 (-8.161370708545693, 1.0, 0.48080938989986155)
1.9000000000000012 (-8.157147551128794, 1.0, 0.3960978937716272)
1.9200000000000013 (-8.150264501441274, 1.0, 0.3243333218360416)
1.9400000000000013 (-8.138170587954894, 1.0, 0.2681754539806014)
1.9600000000000013 (-8.119247500214074, 1.0, 0.22903360145495705)
1.9800000000000013 (-8.092566660105264, 1.0, 0.20756021343241335)
2.0000000000000013 (-8.057767797907275, 1.0, 0.20396008508107427)
2.0200000000000014 (-8.014984065569294, 1.0, 0.21810211558217085)
2.0400000000000014 (-7.964873253340591, 1.0, 0.24951184770661416)
2.0600000000000014 (-7.90909485188473, 1.0, 0.29717670710894023)
2.0800000000000014 (-7.850449190596651, 1.0, 0.3591603415604125)
2.1000000000000014 (-7.79367739360968, 1.0, 0.43079751833857627)
2.1200000000000014 (-7.743769918342533, 1.0, 0.5058200701417853)
2.1400000000000015 (-7.703886994246017, 1.0, 0.5777235880720895)
2.1600000000000015 (-7.672190856625687, 1.0, 0.6404700278144109)
2.1800000000000015 (-7.645661711021196, 1.0, 0.6979604664544468)
2.2000000000000015 (-7.624697222451106, 1.0, 0.7508722632990487)
2.2200000000000015 (-7.6112506408721945, 1.0, 0.7915259853629177)
2.2400000000000015 (-7.602868185883488, 1.0, 0.8163259714854133)
2.2600000000000016 (-7.597195058756373, 1.0, 0.8259526784836936)
2.2800000000000016 (-7.590147941800525, 1.0, 0.8260798415833971)
2.3000000000000016 (-7.5812084898794545, 1.0, 0.8222727247074506)
2.3200000000000016 (-7.572351246304658, 1.0, 0.8179570825543528)
2.3400000000000016 (-7.565655090330749, 1.0, 0.8147702845284626)
2.3600000000000017 (-7.562559624152494, 1.0, 0.8137903183092475)
2.3800000000000017 (-7.563957349468653, 1.0, 0.8157745300162537)
2.4000000000000017 (-7.570439845162223, 1.0, 0.8211047066761955)
2.4200000000000017 (-7.582421029068766, 1.0, 0.8297498012864921)
2.4400000000000017 (-7.60021599712829, 1.0, 0.8412792518837402)
2.4600000000000017 (-7.624128042330611, 1.0, 0.8548996408019777)
2.4800000000000018 (-7.654524683008979, 1.0, 0.86950936943879)
2.5000000000000018 (-7.6918973221949285, 1.0, 0.8837628775185362)
2.520000000000002 (-7.736205553800569, 1.0, 0.895786279626537)
2.540000000000002 (-7.782438396536437, 1.0, 0.9008994069042654)
2.560000000000002 (-7.827295035357829, 1.0, 0.8958729250976688)
2.580000000000002 (-7.869005435990477, 1.0, 0.8794625371257822)
2.600000000000002 (-7.90683422921766, 1.0, 0.8511109316528193)
2.620000000000002 (-7.9404820416015385, 1.0, 0.8109793789580676)
2.640000000000002 (-7.969677841804585, 1.0, 0.758877104602556)
2.660000000000002 (-7.994284391275959, 1.0, 0.6944001655994052)
2.680000000000002 (-8.015688725477709, 1.0, 0.6173863664273542)
2.700000000000002 (-8.0371864738556, 1.0, 0.5284191524666408)
2.720000000000002 (-8.062753312455644, 1.0, 0.42863928613237356)
2.740000000000002 (-8.092343199871388, 1.0, 0.3288299678912168)
2.760000000000002 (-8.124079749692067, 1.0, 0.23660533103886403)
2.780000000000002 (-8.1547804748489, 1.0, 0.15480447934222805)
2.800000000000002 (-8.18371145810441, 1.0, 0.08091346781604389)
2.820000000000002 (-8.210405980449984, 1.0, 0.013835761218042014)
2.840000000000002 (-8.234129026260177, 1.0, -0.04686071501309223)
2.860000000000002 (-8.25471586091642, 1.0, -0.10124081829738396)
2.880000000000002 (-8.271695455117264, 1.0, -0.14911164585640307)
2.900000000000002 (-8.284071140918373, 1.0, -0.19014196208993864)
2.920000000000002 (-8.290942798243906, 1.0, -0.22425175691181873)
2.940000000000002 (-8.291712392090465, 1.0, -0.2514528061097476)
2.960000000000002 (-8.285981306622793, 1.0, -0.27173596823584756)
2.980000000000002 (-8.27350809458935, 1.0, -0.28516947838399326)
3.000000000000002 (-8.254227914415242, 1.0, -0.29196485795188915)
3.0200000000000022 (-8.22835691010684, 1.0, -0.29253559279160674)
3.0400000000000023 (-8.196411590769753, 1.0, -0.2873453982800475)
3.0600000000000023 (-8.159264320328035, 1.0, -0.27703182112216385)
3.0800000000000023 (-8.118134186738537, 1.0, -0.26222706535327445)
3.1000000000000023 (-8.074221995639924, 1.0, -0.24366160710775678)
3.1200000000000023 (-8.027708703123011, 1.0, -0.22254675191068995)
3.1400000000000023 (-7.978069332117664, 1.0, -0.20062241703279368)
3.1600000000000024 (-7.933772775386748, 1.0, -0.18850918347540804)
3.1800000000000024 (-7.898209607192235, 1.0, -0.19254748228912635)
3.2000000000000024 (-7.870651692617319, 1.0, -0.21264813637385074)
3.2200000000000024 (-7.850441571177178, 1.0, -0.24546812118728809)
3.2400000000000024 (-7.832421601699561, 1.0, -0.28372310680034707)
3.2600000000000025 (-7.815805805433929, 1.0, -0.3223051397952784)
3.2800000000000025 (-7.8014673954787215, 1.0, -0.35862237641583145)
3.3000000000000025 (-7.790313774229429, 1.0, -0.3908973048295083)
3.3200000000000025 (-7.782767529527191, 1.0, -0.41783868011401926)
3.3400000000000025 (-7.778903356679855, 1.0, -0.4385583305658757)
3.3600000000000025 (-7.778784191084453, 1.0, -0.45255470553250093)
3.3800000000000026 (-7.782599604268802, 1.0, -0.45978704976964185)
3.4000000000000026 (-7.790750005378133, 1.0, -0.4606407667504101)
3.4200000000000026 (-7.803760220349961, 1.0, -0.4557163779324022)
3.4400000000000026 (-7.821776475535976, 1.0, -0.44576988866349526)
3.4600000000000026 (-7.844959707802568, 1.0, -0.4317283101479723)
3.4800000000000026 (-7.873986876026125, 1.0, -0.41463599007518204)
3.5000000000000027 (-7.909653173863143, 1.0, -0.3958595527891278)
3.5200000000000027 (-7.950003657296179, 1.0, -0.38042413282592463)
3.5400000000000027 (-7.993203953999832, 1.0, -0.3728517771215475)
3.5600000000000027 (-8.038048513411715, 1.0, -0.37535536548516163)
3.5800000000000027 (-8.083781246077296, 1.0, -0.3890079267189617)
3.6000000000000028 (-8.129993250689873, 1.0, -0.414233853081877)
3.6200000000000028 (-8.17645715888271, 1.0, -0.45111644966931697)
3.640000000000003 (-8.223026788621459, 1.0, -0.49961610329699047)
3.660000000000003 (-8.269692587907207, 1.0, -0.5596759915921389)
3.680000000000003 (-8.316361943216036, 1.0, -0.631399972494478)
3.700000000000003 (-8.36204304989574, 1.0, -0.7156214932489658)
3.720000000000003 (-8.407779568204935, 1.0, -0.8120009333957032)
3.740000000000003 (-8.456586009910533, 1.0, -0.91819704250317)
3.760000000000003 (-8.50776366911954, 1.0, -1.0268679989944056)
3.780000000000003 (-8.556883401415813, 1.0, -1.129119797193058)
3.800000000000003 (-8.600874108765169, 1.0, -1.2219755285530562)
3.820000000000003 (-8.640736419750079, 1.0, -1.3082592826923385)
3.840000000000003 (-8.677099629853526, 1.0, -1.3891152378367146)
3.860000000000003 (-8.709403034934464, 1.0, -1.465224705551501)
3.880000000000003 (-8.736908243322517, 1.0, -1.5368224473613732)
3.900000000000003 (-8.758772178073938, 1.0, -1.6039652267126872)
3.920000000000003 (-8.774135939931714, 1.0, -1.666631852212452)
3.940000000000003 (-8.782231577751348, 1.0, -1.7248639512055775)
3.960000000000003 (-8.78248311348549, 1.0, -1.7787522058944136)
3.980000000000003 (-8.774517822458057, 1.0, -1.828422843241034)
4.000000000000003 (-8.758170958265977, 1.0, -1.8740435996665306)
4.020000000000002 (-8.733669725835075, 1.0, -1.915677689112691)
4.040000000000002 (-8.701637257176463, 1.0, -1.9532891556783192)
4.060000000000001 (-8.662964691949023, 1.0, -1.9868102344156657)
4.080000000000001 (-8.618484210925496, 1.0, -2.0161323469531816)
4.1000000000000005 (-8.56877093552881, 1.0, -2.0413114930235725)
4.12 (-8.514625315541696, 1.0, -2.0631688296218966)
4.14 (-8.456732246577223, 1.0, -2.0831965391834033)
4.159999999999999 (-8.401389280471234, 1.0, -2.104612595637495)
4.179999999999999 (-8.359177519786186, 1.0, -2.1333862937680803)
4.199999999999998 (-8.331016656663516, 1.0, -2.1716844880530912)
4.219999999999998 (-8.315603448310599, 1.0, -2.218394387992558)
4.2399999999999975 (-8.308383518988668, 1.0, -2.2712292920844304)
4.259999999999997 (-8.303779057660641, 1.0, -2.326391873972186)
4.279999999999997 (-8.299881969423259, 1.0, -2.3801519036766234)
4.299999999999996 (-8.296484858502064, 1.0, -2.42994529057395)
4.319999999999996 (-8.293572922591418, 1.0, -2.4740889560138326)
4.339999999999995 (-8.29099999933238, 1.0, -2.5115510610257115)
4.359999999999995 (-8.288694828616912, 1.0, -2.541781544194691)
4.379999999999995 (-8.286889513455243, 1.0, -2.5645902550591906)
4.399999999999994 (-8.286131495036116, 1.0, -2.580080407041943)
4.419999999999994 (-8.287100837867499, 1.0, -2.5886274790780655)
4.439999999999993 (-8.290194471234507, 1.0, -2.590964200559659)
4.459999999999993 (-8.295897506033002, 1.0, -2.5880639120297904)
4.479999999999992 (-8.305186670433654, 1.0, -2.5809334119652516)
4.499999999999992 (-8.319295806712118, 1.0, -2.570658856401936)
4.519999999999992 (-8.339588671978902, 1.0, -2.558307672719049)
4.539999999999991 (-8.367557756549761, 1.0, -2.54483122203076)
4.559999999999991 (-8.404860498789699, 1.0, -2.531013493913728)
4.57999999999999 (-8.451191652367891, 1.0, -2.5229699752151884)
4.59999999999999 (-8.505257601397297, 1.0, -2.528216012394648)
4.6199999999999894 (-8.565807354419643, 1.0, -2.5492978073127994)
4.639999999999989 (-8.632023087381173, 1.0, -2.5865841102947105)
4.659999999999989 (-8.703486223700878, 1.0, -2.6400406696104746)
4.679999999999988 (-8.781846514487412, 1.0, -2.707278551787173)
4.699999999999988 (-8.869978063476612, 1.0, -2.7841561661477146)
4.719999999999987 (-8.966162226867919, 1.0, -2.8634972781901746)
4.739999999999987 (-9.06223874115289, 1.0, -2.93711233972713)
4.7599999999999865 (-9.153702324900005, 1.0, -3.0031876436445555)
4.779999999999986 (-9.24069810123551, 1.0, -3.0640143922073233)
4.799999999999986 (-9.323604613205323, 1.0, -3.1207761620937036)
4.819999999999985 (-9.401549206570598, 1.0, -3.1742452065078455)
4.839999999999985 (-9.474085466232161, 1.0, -3.224296703496723)
4.859999999999984 (-9.540889825541619, 1.0, -3.2704618372225864)
4.879999999999984 (-9.601303248094212, 1.0, -3.3124122698816953)
4.8999999999999835 (-9.654383047353122, 1.0, -3.3501149455684436)
4.919999999999983 (-9.69890869601814, 1.0, -3.383878211129794)
4.939999999999983 (-9.733430999576766, 1.0, -3.414317496550471)
4.959999999999982 (-9.75670654043406, 1.0, -3.4420076132297535)
4.979999999999982 (-9.76780031561976, 1.0, -3.467298101623046)
4.999999999999981 (-9.76603829707895, 1.0, -3.490613184233015)
5.019999999999981 (-9.750885326068728, 1.0, -3.51247611183638)
5.0399999999999805 (-9.722185399706694, 1.0, -3.5333611896585753)
5.05999999999998 (-9.680597495353588, 1.0, -3.5534698848208937)
5.07999999999998 (-9.627715152123045, 1.0, -3.5726573568855695)
5.099999999999979 (-9.566329836368599, 1.0, -3.5903512706744314)
5.119999999999979 (-9.500742167415057, 1.0, -3.605793336206849)
5.139999999999978 (-9.4364245555067, 1.0, -3.619815375347795)
5.159999999999978 (-9.377291719404402, 1.0, -3.6337453018964836)
5.1799999999999775 (-9.335524192244543, 1.0, -3.6473081767795423)
5.199999999999977 (-9.311912693988338, 1.0, -3.663474998245174)
5.219999999999977 (-9.305274330048519, 1.0, -3.685111870911003)
5.239999999999976 (-9.313325412155569, 1.0, -3.7118498827342434)
5.259999999999976 (-9.327102585573494, 1.0, -3.74256508590332)
5.279999999999975 (-9.342625151085144, 1.0, -3.7744028322314476)
5.299999999999975 (-9.358490494524048, 1.0, -3.804308641582613)
5.3199999999999745 (-9.374206817650727, 1.0, -3.8300452486370307)
5.339999999999974 (-9.389352781808961, 1.0, -3.8501258033811534)
5.359999999999974 (-9.403527957455324, 1.0, -3.8636405729347953)
5.379999999999973 (-9.416544525483918, 1.0, -3.8700762352305444)
5.399999999999973 (-9.428463749741212, 1.0, -3.8692588204237)
5.419999999999972 (-9.439597163754533, 1.0, -3.861305113755726)
5.439999999999972 (-9.45059574527311, 1.0, -3.8464737202114754)
5.4599999999999715 (-9.462429541396777, 1.0, -3.8250947523150693)
5.479999999999971 (-9.47634614453324, 1.0, -3.7975533221408657)
5.499999999999971 (-9.4938541269346, 1.0, -3.7641135095897833)
5.51999999999997 (-9.516676530969706, 1.0, -3.7272322867205183)
5.53999999999997 (-9.54667245389958, 1.0, -3.69318070176662)
5.559999999999969 (-9.584870099870985, 1.0, -3.6654655788604886)
5.579999999999969 (-9.631479663728282, 1.0, -3.6458213050770913)
5.599999999999969 (-9.686493250430155, 1.0, -3.634942957858198)
5.619999999999968 (-9.749819050057889, 1.0, -3.6329862273518208)
5.639999999999968 (-9.821368311439237, 1.0, -3.639898364034091)
5.659999999999967 (-9.90116330500073, 1.0, -3.6557333513184647)
5.679999999999967 (-9.989391197901952, 1.0, -3.681047714756135)
5.699999999999966 (-10.08675332998658, 1.0, -3.7148411013223903)
5.719999999999966 (-10.194293002719036, 1.0, -3.753711313137072)
5.739999999999966 (-10.309505373983127, 1.0, -3.7930833162606743)
5.759999999999965 (-10.42129994625373, 1.0, -3.828321705582025)
5.779999999999965 (-10.524782306043114, 1.0, -3.858977148108157)
5.799999999999964 (-10.619883839091715, 1.0, -3.88661877469628)
5.819999999999964 (-10.708831292054064, 1.0, -3.9119032070468474)
5.839999999999963 (-10.791756161927143, 1.0, -3.935753899295889)
5.859999999999963 (-10.868118782529365, 1.0, -3.9589426124342264)
5.879999999999963 (-10.937310693036922, 1.0, -3.982138421790544)
5.899999999999962 (-10.998594975540895, 1.0, -4.005990232699859)
5.919999999999962 (-11.051455871914595, 1.0, -4.031182982976453)
5.939999999999961 (-11.095503338723745, 1.0, -4.058230860086545)
5.959999999999961 (-11.13038697921122, 1.0, -4.087661170191066)
5.9799999999999605 (-11.155902073489301, 1.0, -4.1198765197452385)
5.99999999999996 (-11.172118692864787, 1.0, -4.155019471653532)
6.01999999999996 (-11.179466286074351, 1.0, -4.193121028975432)
6.039999999999959 (-11.178283882731186, 1.0, -4.23394034939012)
6.059999999999959 (-11.169143419052638, 1.0, -4.277099866733596)
6.079999999999958 (-11.1526946702094, 1.0, -4.322129174117616)
6.099999999999958 (-11.129702427265006, 1.0, -4.368516713207674)
6.1199999999999575 (-11.101868465134594, 1.0, -4.415875523993829)
6.139999999999957 (-11.071163712967063, 1.0, -4.464604545577085)
6.159999999999957 (-11.04536422150739, 1.0, -4.512284817677683)
6.179999999999956 (-11.035872992591662, 1.0, -4.556524715829476)
6.199999999999956 (-11.044738264218969, 1.0, -4.59850191459802)
6.219999999999955 (-11.07015640832118, 1.0, -4.638203670007507)
6.239999999999955 (-11.105915953381805, 1.0, -4.6769951877287514)
6.2599999999999545 (-11.145342288946063, 1.0, -4.715435168037092)
6.279999999999954 (-11.184764265107638, 1.0, -4.7519836320179385)
6.299999999999954 (-11.222324916408772, 1.0, -4.784859645861612)
6.319999999999953 (-11.256800987331554, 1.0, -4.812819787578249)
6.339999999999953 (-11.28726485158593, 1.0, -4.835213059689287)
6.359999999999952 (-11.313141315285552, 1.0, -4.851715985314314)
6.379999999999952 (-11.334305132274489, 1.0, -4.862091038238457)
6.3999999999999515 (-11.351079612791596, 1.0, -4.86607348642389)
6.419999999999951 (-11.36403667452964, 1.0, -4.863571825343705)
6.439999999999951 (-11.373869382001205, 1.0, -4.854842632617896)
6.45999999999995 (-11.381623348532857, 1.0, -4.84000156571861)
6.47999999999995 (-11.388662803395954, 1.0, -4.818842078733781)
6.499999999999949 (-11.39654036995654, 1.0, -4.791018462065473)
6.519999999999949 (-11.407143797510864, 1.0, -4.75647749895278)
6.5399999999999485 (-11.425099761275792, 1.0, -4.720325362257871)
6.559999999999948 (-11.453726258573539, 1.0, -4.686193387828612)
6.579999999999948 (-11.494201417956376, 1.0, -4.655993847982314)
6.599999999999947 (-11.546836471950721, 1.0, -4.630565687540205)
6.619999999999947 (-11.611568401547212, 1.0, -4.610108773219809)
6.639999999999946 (-11.68824854134609, 1.0, -4.594436316793685)
6.659999999999946 (-11.77703932481426, 1.0, -4.583622427807364)
6.6799999999999455 (-11.878393599537905, 1.0, -4.577666627553743)
6.699999999999945 (-11.992151728694978, 1.0, -4.573559939139134)
6.719999999999945 (-12.117321967683262, 1.0, -4.566778538843973)
6.739999999999944 (-12.245141810951061, 1.0, -4.555197508407511)
6.759999999999944 (-12.36619307143171, 1.0, -4.539906362971868)
6.779999999999943 (-12.47685400229825, 1.0, -4.52376500752751)
6.799999999999943 (-12.580660001193399, 1.0, -4.507261860956652)
6.8199999999999426 (-12.678413609819232, 1.0, -4.491061120872348)
6.839999999999942 (-12.770136321919168, 1.0, -4.476098555014365)
6.859999999999942 (-12.855573395389925, 1.0, -4.462714569919647)
6.879999999999941 (-12.934256760877334, 1.0, -4.45142703712815)
6.899999999999941 (-13.005743638373579, 1.0, -4.4433612490739645)
6.91999999999994 (-13.06965709943836, 1.0, -4.439671240447997)
6.93999999999994 (-13.125699819946057, 1.0, -4.441216874927816)
6.95999999999994 (-13.173657933918408, 1.0, -4.448705690630301)
6.979999999999939 (-13.21339990036631, 1.0, -4.462665209323138)
6.999999999999939 (-13.244887583974451, 1.0, -4.483440533559893)
7.019999999999938 (-13.268192014172625, 1.0, -4.511366747229056)
7.039999999999938 (-13.283762388533736, 1.0, -4.546454069043112)
7.059999999999937 (-13.292025666818413, 1.0, -4.588616689280246)
7.079999999999937 (-13.293492128103088, 1.0, -4.6373653405397155)
7.099999999999937 (-13.288823354682203, 1.0, -4.691239402259997)
7.119999999999936 (-13.2789889425247, 1.0, -4.748194231889728)
7.139999999999936 (-13.265702103188485, 1.0, -4.806715512823754)
7.159999999999935 (-13.253562018050937, 1.0, -4.861900048377527)
7.179999999999935 (-13.252301648206613, 1.0, -4.90365987053832)
7.1999999999999345 (-13.26520731352214, 1.0, -4.933490821703438)
7.219999999999934 (-13.292513900233955, 1.0, -4.9540831337324684)
7.239999999999934 (-13.331939437890512, 1.0, -4.967605769560018)
7.259999999999933 (-13.377027386472786, 1.0, -4.979476687885436)
7.279999999999933 (-13.423169581740273, 1.0, -4.990673325857357)
7.299999999999932 (-13.467388249324562, 1.0, -5.000291893979689)
7.319999999999932 (-13.507802596058355, 1.0, -5.0073746480452375)
7.3399999999999315 (-13.543121609916524, 1.0, -5.011394301825691)
7.359999999999931 (-13.572506635531589, 1.0, -5.012128989793393)
7.379999999999931 (-13.595557478354971, 1.0, -5.009389432125212)
7.39999999999993 (-13.612282558889758, 1.0, -5.0029936005053575)
7.41999999999993 (-13.62305820469406, 1.0, -4.992795236073573)
7.439999999999929 (-13.628583816549177, 1.0, -4.978494555192264)
7.459999999999929 (-13.62981738028314, 1.0, -4.95957710968758)
7.4799999999999285 (-13.627913091913918, 1.0, -4.93534414316262)
7.499999999999928 (-13.624097530429028, 1.0, -4.904867508920566)
7.519999999999928 (-13.619600713898906, 1.0, -4.866991330550892)
7.539999999999927 (-13.618485117402454, 1.0, -4.822700013351648)
7.559999999999927 (-13.62693499727171, 1.0, -4.774820379324886)
7.579999999999926 (-13.64787980372903, 1.0, -4.724979467632657)
7.599999999999926 (-13.682268205342409, 1.0, -4.674110564743431)
7.6199999999999255 (-13.730157182955713, 1.0, -4.6225518201793765)
7.639999999999925 (-13.791259028353632, 1.0, -4.570244348257393)
7.659999999999925 (-13.86559761672459, 1.0, -4.517097997431611)
7.679999999999924 (-13.953480832418272, 1.0, -4.462884079435405)
7.699999999999924 (-14.053541091868732, 1.0, -4.4049742704001655)
7.719999999999923 (-14.163064123918588, 1.0, -4.339671545463821)
7.739999999999923 (-14.270998351533526, 1.0, -4.271543043996931)
7.7599999999999225 (-14.371271488175186, 1.0, -4.204532133718088)
7.779999999999922 (-14.462728535130024, 1.0, -4.1416804148056094)
7.799999999999922 (-14.548438108718905, 1.0, -4.0809784702124)
7.819999999999921 (-14.629201128652317, 1.0, -4.022919684971985)
7.839999999999921 (-14.704939008187063, 1.0, -3.9683815851342588)
7.85999999999992 (-14.77541900201064, 1.0, -3.9178857180779105)
7.87999999999992 (-14.84048158294337, 1.0, -3.8724519895333396)
7.8999999999999195 (-14.900256995572672, 1.0, -3.83335946186297)
7.919999999999919 (-14.954914127581239, 1.0, -3.8018021107648337)
7.939999999999919 (-15.004544531186541, 1.0, -3.778671322968142)
7.959999999999918 (-15.049272638874841, 1.0, -3.764703220813307)
7.979999999999918 (-15.08922696622664, 1.0, -3.7604422123261223)
7.999999999999917 (-15.124559448888704, 1.0, -3.7662629214773)
8.019999999999918 (-15.155603459035829, 1.0, -3.782415854043527)
8.039999999999917 (-15.182794527402333, 1.0, -3.8088189282909077)
8.059999999999917 (-15.20654456159749, 1.0, -3.845389089450821)
8.079999999999917 (-15.227145266604436, 1.0, -3.8912025138417343)
8.099999999999916 (-15.244675221478447, 1.0, -3.9442001664838506)
8.119999999999916 (-15.259899261489997, 1.0, -4.001129596026413)
8.139999999999915 (-15.274022978104826, 1.0, -4.059535067870358)
8.159999999999915 (-15.288694867583297, 1.0, -4.114825336608616)
8.179999999999914 (-15.308653240733422, 1.0, -4.153486489073928)
8.199999999999914 (-15.337371410789595, 1.0, -4.174738211160052)
8.219999999999914 (-15.375673967143863, 1.0, -4.1807034207556155)
8.239999999999913 (-15.421938122260219, 1.0, -4.174790637200212)
8.259999999999913 (-15.472362876688493, 1.0, -4.164593063971445)
8.279999999999912 (-15.522860964499982, 1.0, -4.1529300079163605)
8.299999999999912 (-15.5704395993759, 1.0, -4.140191269482075)
8.319999999999911 (-15.613023588254194, 1.0, -4.12642370907129)
8.339999999999911 (-15.649256248684496, 1.0, -4.11186972673015)
8.35999999999991 (-15.678310810717226, 1.0, -4.096812849006246)
8.37999999999991 (-15.699755664016825, 1.0, -4.08131802064135)
8.39999999999991 (-15.713502575885126, 1.0, -4.065218249106254)
8.41999999999991 (-15.71980667535741, 1.0, -4.048244752671069)
8.439999999999909 (-15.719158140776923, 1.0, -4.0298874305503265)
8.459999999999908 (-15.712156065127012, 1.0, -4.009257291391168)
8.479999999999908 (-15.699417978143606, 1.0, -3.985133829227317)
8.499999999999908 (-15.682054325670169, 1.0, -3.956160234342395)
8.519999999999907 (-15.666178946955462, 1.0, -3.9217414028471205)
8.539999999999907 (-15.656240301756538, 1.0, -3.8812754602018242)
8.559999999999906 (-15.654531847454171, 1.0, -3.8346435056405284)
8.579999999999906 (-15.662214873273854, 1.0, -3.781803329761876)
8.599999999999905 (-15.6797599014322, 1.0, -3.722706905659097)
8.619999999999905 (-15.707292545931127, 1.0, -3.6573108033489525)
8.639999999999905 (-15.744797987651543, 1.0, -3.58552184804921)
8.659999999999904 (-15.792676971778807, 1.0, -3.5071664761813914)
8.679999999999904 (-15.85126350397679, 1.0, -3.421750507518863)
8.699999999999903 (-15.918221789393973, 1.0, -3.3276233377695066)
8.719999999999903 (-15.989551905198855, 1.0, -3.2228646480051832)
8.739999999999903 (-16.058859753640593, 1.0, -3.1118674547068035)
8.759999999999902 (-16.12073249982143, 1.0, -3.003550289510984)
8.779999999999902 (-16.175144257372004, 1.0, -2.902736641535446)
8.799999999999901 (-16.224649710449942, 1.0, -2.808065300159799)
8.8199999999999 (-16.27050912930731, 1.0, -2.718752453431796)
8.8399999999999 (-16.313691799966115, 1.0, -2.635157552960124)
8.8599999999999 (-16.354459337650535, 1.0, -2.5576388042123397)
8.8799999999999 (-16.393004788333645, 1.0, -2.486772862007475)
8.899999999999899 (-16.429944927145563, 1.0, -2.4235798174761944)
8.919999999999899 (-16.466028553005945, 1.0, -2.3689064061346006)
8.939999999999898 (-16.501750614923232, 1.0, -2.323345160911312)
8.959999999999898 (-16.537540046784994, 1.0, -2.2874302917178304)
8.979999999999897 (-16.573751796423238, 1.0, -2.261540423585434)
8.999999999999897 (-16.61066204473159, 1.0, -2.2458160658761623)
9.019999999999897 (-16.6485027348827, 1.0, -2.240239896639976)
9.039999999999896 (-16.687495189016403, 1.0, -2.2443965663055914)
9.059999999999896 (-16.727562239323962, 1.0, -2.2576654448171882)
9.079999999999895 (-16.768694541803082, 1.0, -2.2798112979451797)
9.099999999999895 (-16.810218544106107, 1.0, -2.3098154182015307)
9.119999999999894 (-16.85129777444914, 1.0, -2.345636707684106)
9.139999999999894 (-16.892023595598715, 1.0, -2.384883951830191)
9.159999999999894 (-16.930775670594752, 1.0, -2.4196771193539344)
9.179999999999893 (-16.96627697667571, 1.0, -2.4378959173090826)
9.199999999999893 (-17.00160433620654, 1.0, -2.437569826465541)
9.219999999999892 (-17.0380764260536, 1.0, -2.4202652188669975)
9.239999999999892 (-17.076103684051514, 1.0, -2.390007410307348)
9.259999999999891 (-17.115898740728607, 1.0, -2.354690430048606)
9.279999999999891 (-17.155243973032327, 1.0, -2.318465334533188)
9.29999999999989 (-17.191753745381273, 1.0, -2.282953009630483)
9.31999999999989 (-17.223660460598513, 1.0, -2.2490676154019575)
9.33999999999989 (-17.24988730122551, 1.0, -2.21756421688657)
9.35999999999989 (-17.269833062479965, 1.0, -2.189000239449857)
9.379999999999889 (-17.283150517583344, 1.0, -2.1635804203215154)
9.399999999999888 (-17.28972402281129, 1.0, -2.1411830256750184)
9.419999999999888 (-17.28968686287511, 1.0, -2.121426988791169)
9.439999999999888 (-17.28323453329531, 1.0, -2.1035856082040585)
9.459999999999887 (-17.27051774691811, 1.0, -2.086588893304036)
9.479999999999887 (-17.251622341070863, 1.0, -2.0691014421832743)
9.499999999999886 (-17.226490661716124, 1.0, -2.0496017587655717)
9.519999999999886 (-17.19487291832709, 1.0, -2.026434698818179)
9.539999999999885 (-17.1600569158386, 1.0, -1.9968023263576176)
9.559999999999885 (-17.12778919417188, 1.0, -1.9572910711057196)
9.579999999999885 (-17.100966207962063, 1.0, -1.906478367258427)
9.599999999999884 (-17.080830738711395, 1.0, -1.8441226550849017)
9.619999999999884 (-17.067653459072677, 1.0, -1.7703595554330667)
9.639999999999883 (-17.061214989987658, 1.0, -1.685384130576734)
9.659999999999883 (-17.061352488464998, 1.0, -1.5891341987754903)
9.679999999999882 (-17.06816107647078, 1.0, -1.4812332157415091)
9.699999999999882 (-17.079048914771064, 1.0, -1.3612610988262506)
9.719999999999882 (-17.089507338421726, 1.0, -1.2292773252475528)
9.739999999999881 (-17.097009151246734, 1.0, -1.0970711368399038)
9.75999999999988 (-17.101248542719272, 1.0, -0.9717707393238542)
9.77999999999988 (-17.10379443438093, 1.0, -0.8557789088642853)
9.79999999999988 (-17.10460825471144, 1.0, -0.7454992390727115)
9.81999999999988 (-17.104450470277527, 1.0, -0.640595969365798)
9.839999999999879 (-17.103947870461088, 1.0, -0.5417328281707331)
9.859999999999879 (-17.103553462077425, 1.0, -0.44948155727096184)
9.879999999999878 (-17.104180061010254, 1.0, -0.3645498604223873)
9.899999999999878 (-17.106899265027877, 1.0, -0.2876271778789817)
9.919999999999877 (-17.1126968012475, 1.0, -0.2192690216128987)
9.939999999999877 (-17.12243257925814, 1.0, -0.1599430779933124)
9.959999999999877 (-17.136851736973707, 1.0, -0.11001509960916467)
9.979999999999876 (-17.156560365250957, 1.0, -0.06974208869339947)
9.999999999999876 (-17.182096687028913, 1.0, -0.03926021521528103)
0.0 (-6.75, 1.0, 0.0)
0.02 (-6.749767225511289, 1.0, 0.013522930579856944)
0.04 (-6.750722505780326, 1.0, 0.02791796952634858)
0.06 (-6.757003079069875, 1.0, 0.04510370468668794)
0.08 (-6.761040270342705, 1.0, 0.06906735718217678)
0.1 (-6.757764157792773, 1.0, 0.10454570693742471)
0.12000000000000001 (-6.747757775650707, 1.0, 0.14778165234837903)
0.14 (-6.731939335492319, 1.0, 0.1943923721178571)
0.16 (-6.712331784515382, 1.0, 0.24067203986156308)
0.18 (-6.691174739553055, 1.0, 0.28372792789486884)
0.19999999999999998 (-6.670452913233407, 1.0, 0.3214119833101356)
0.21999999999999997 (-6.651736256513228, 1.0, 0.3521794182653043)
0.23999999999999996 (-6.636127354656047, 1.0, 0.3750429710140366)
0.25999999999999995 (-6.624245721177924, 1.0, 0.38941932072374474)
0.27999999999999997 (-6.616276245081138, 1.0, 0.39503988371740456)
0.3 (-6.612073066343602, 1.0, 0.39188928359336467)
0.32 (-6.611275039529427, 1.0, 0.3801822411361725)
0.34 (-6.613382888126901, 1.0, 0.3602697378673295)
0.36000000000000004 (-6.617873775274262, 1.0, 0.3326967646769061)
0.38000000000000006 (-6.624235580385889, 1.0, 0.2981637524478838)
0.4000000000000001 (-6.632006592596811, 1.0, 0.25749346650062843)
0.4200000000000001 (-6.640801312829774, 1.0, 0.21160832571054725)
0.4400000000000001 (-6.6503192025012, 1.0, 0.16150207793835528)
0.46000000000000013 (-6.660326045735159, 1.0, 0.10822520286391653)
0.48000000000000015 (-6.670713211669152, 1.0, 0.05288609635063432)
0.5000000000000001 (-6.681405014515406, 1.0, -0.0035655394024631283)
0.5200000000000001 (-6.6923814855203725, 1.0, -0.060098213549861064)
0.5400000000000001 (-6.703667443610368, 1.0, -0.11570575069969678)
0.5600000000000002 (-6.715312408245282, 1.0, -0.16942350727388816)
0.5800000000000002 (-6.727373969149373, 1.0, -0.22033436164421963)
0.6000000000000002 (-6.739927288771552, 1.0, -0.26759469219420057)
0.6200000000000002 (-6.752963120315777, 1.0, -0.3104668173906856)
0.6400000000000002 (-6.766482400109513, 1.0, -0.34809831363812943)
0.6600000000000003 (-6.780436385965103, 1.0, -0.3798565853132907)
0.6800000000000003 (-6.794718491826613, 1.0, -0.40520748456752403)
0.7000000000000003 (-6.809160725635214, 1.0, -0.42371442893704137)
0.7200000000000003 (-6.8235347943064335, 1.0, -0.43505795108065737)
0.7400000000000003 (-6.837559352697729, 1.0, -0.43904863196773664)
0.7600000000000003 (-6.850909949489913, 1.0, -0.43563477204965795)
0.7800000000000004 (-6.863233224448886, 1.0, -0.4249073171247199)
0.8000000000000004 (-6.874164432495249, 1.0, -0.4071016591531044)
0.8200000000000004 (-6.883346458110831, 1.0, -0.38259531305968064)
0.8400000000000004 (-6.890436032551142, 1.0, -0.3519975327347048)
0.8600000000000004 (-6.895184472453485, 1.0, -0.31580479072019063)
0.8800000000000004 (-6.897348428751054, 1.0, -0.2747716024050569)
0.9000000000000005 (-6.896758003047995, 1.0, -0.22974689638932974)
0.9200000000000005 (-6.893341738723884, 1.0, -0.18162537786791325)
0.9400000000000005 (-6.887114433608007, 1.0, -0.13133894204738747)
0.9600000000000005 (-6.878122518083439, 1.0, -0.07982363985797201)
0.9800000000000005 (-6.866641837929651, 1.0, -0.027949808077851412)
1.0000000000000004 (-6.852929808905318, 1.0, 0.02333325440859734)
1.0200000000000005 (-6.837317299140143, 1.0, 0.07321440487650067)
1.0400000000000005 (-6.820216036289519, 1.0, 0.12097869589812765)
1.0600000000000005 (-6.802090385627121, 1.0, 0.16600777448212256)
1.0800000000000005 (-6.783443574132732, 1.0, 0.20778369849438666)
1.1000000000000005 (-6.764798174427758, 1.0, 0.2458844770846703)
1.1200000000000006 (-6.74667335889462, 1.0, 0.2799719452072964)
1.1400000000000006 (-6.729560726247192, 1.0, 0.309774061866454)
1.1600000000000006 (-6.713900531033924, 1.0, 0.33506429522314224)
1.1800000000000006 (-6.700060570278942, 1.0, 0.35564158513320626)
1.2000000000000006 (-6.6883195397996715, 1.0, 0.37131418633706065)
1.2200000000000006 (-6.678826623440497, 1.0, 0.38186116064208014)
1.2400000000000007 (-6.671701176461093, 1.0, 0.38716290911069007)
1.2600000000000007 (-6.666947806621561, 1.0, 0.38700359432372644)
1.2800000000000007 (-6.66443006831852, 1.0, 0.38120299906428373)
1.3000000000000007 (-6.663974695228724, 1.0, 0.3696567540451938)
1.3200000000000007 (-6.665359854950236, 1.0, 0.3523268110821638)
1.3400000000000007 (-6.668365079712748, 1.0, 0.32937860029247595)
1.3600000000000008 (-6.672646990992359, 1.0, 0.3008104454465284)
1.3800000000000008 (-6.677980048880178, 1.0, 0.2668806116744546)
1.4000000000000008 (-6.684138611915229, 1.0, 0.22800633736862191)
1.4200000000000008 (-6.690912213622159, 1.0, 0.18470157965026723)
1.4400000000000008 (-6.6981371704407335, 1.0, 0.13758750671416597)
1.4600000000000009 (-6.7057352035174125, 1.0, 0.08735394282874767)
1.4800000000000009 (-6.713580070236588, 1.0, 0.03469714110939105)
1.5000000000000009 (-6.721682431758195, 1.0, -0.0193244156198335)
1.520000000000001 (-6.730085181992751, 1.0, -0.07380318470609597)
1.540000000000001 (-6.738856423579023, 1.0, -0.1278163545522613)
1.560000000000001 (-6.748089020075648, 1.0, -0.18042991918642798)
1.580000000000001 (-6.757888084930944, 1.0, -0.23071920835514811)
1.600000000000001 (-6.768370885103984, 1.0, -0.27780222248954445)
1.620000000000001 (-6.779583712210183, 1.0, -0.32087197271284307)
1.640000000000001 (-6.791577855474384, 1.0, -0.35904784591226346)
1.660000000000001 (-6.804346634230802, 1.0, -0.39163074950052607)
1.680000000000001 (-6.817821390783518, 1.0, -0.4180194485491751)
1.700000000000001 (-6.831866499675618, 1.0, -0.4377154037677874)
1.720000000000001 (-6.8462787423542295, 1.0, -0.45034169178677785)
1.740000000000001 (-6.860793234818591, 1.0, -0.45565590669693107)
1.7600000000000011 (-6.875092964109254, 1.0, -0.45355815556842694)
1.7800000000000011 (-6.888822821065092, 1.0, -0.44409616420530235)
1.8000000000000012 (-6.901607116388595, 1.0, -0.4274671678088716)
1.8200000000000012 (-6.913068856448607, 1.0, -0.4040157246440206)
1.8400000000000012 (-6.9228321409580325, 1.0, -0.37431403366766614)
1.8600000000000012 (-6.93061688743195, 1.0, -0.33885146315930675)
1.8800000000000012 (-6.936138043179607, 1.0, -0.29836442928137064)
1.9000000000000012 (-6.939177869094919, 1.0, -0.2536890665564976)
1.9200000000000013 (-6.9396121375214985, 1.0, -0.20571577563070564)
1.9400000000000013 (-6.937399904424632, 1.0, -0.1553779155228299)
1.9600000000000013 (-6.932532177191574, 1.0, -0.10361517917944298)
1.9800000000000013 (-6.925228862403086, 1.0, -0.05131704736319477)
2.0000000000000013 (-6.915688071358592, 1.0, 0.0005525650833141556)
2.0200000000000014 (-6.9041883827758745, 1.0, 0.051161769141142885)
2.0400000000000014 (-6.891093300648181, 1.0, 0.09976934437060664)
2.0600000000000014 (-6.876823900121314, 1.0, 0.1457272826711804)
2.0800000000000014 (-6.861845332290221, 1.0, 0.18848529257784855)
2.1000000000000014 (-6.846647241489357, 1.0, 0.22758743035188095)
2.1200000000000014 (-6.831720515623653, 1.0, 0.2626613452900394)
2.1400000000000015 (-6.817532249899153, 1.0, 0.29340211334259175)
2.1600000000000015 (-6.8045009060460435, 1.0, 0.31955321655640606)
2.1800000000000015 (-6.792974130004848, 1.0, 0.34088800436696826)
2.2000000000000015 (-6.7832111538904645, 1.0, 0.35719472080241493)
2.2200000000000015 (-6.775340079037701, 1.0, 0.3682408519047679)
2.2400000000000015 (-6.769466686924903, 1.0, 0.3738972996191104)
2.2600000000000016 (-6.765575867575103, 1.0, 0.37394660641050087)
2.2800000000000016 (-6.763514379325731, 1.0, 0.3682167299029145)
2.3000000000000016 (-6.763097781923772, 1.0, 0.356614174369878)
2.3200000000000016 (-6.764098231834682, 1.0, 0.33911507680994013)
2.3400000000000016 (-6.766303296478388, 1.0, 0.315896874025907)
2.3600000000000017 (-6.769368800554163, 1.0, 0.2869837482753388)
2.3800000000000017 (-6.773084662679634, 1.0, 0.25264888732043855)
2.4000000000000017 (-6.777252712582194, 1.0, 0.21332360282491916)
2.4200000000000017 (-6.781697635895535, 1.0, 0.16953514697676525)
2.4400000000000017 (-6.7862988810054885, 1.0, 0.1219146066779256)
2.4600000000000017 (-6.791026630871115, 1.0, 0.07115546059125968)
2.4800000000000018 (-6.795803794122316, 1.0, 0.017960837368874147)
2.5000000000000018 (-6.800716759914642, 1.0, -0.03661352960307074)
2.520000000000002 (-6.805873788054867, 1.0, -0.09166554624889592)
2.540000000000002 (-6.811409868177788, 1.0, -0.1462798199234955)
2.560000000000002 (-6.817486020766884, 1.0, -0.1995316718171469)
2.580000000000002 (-6.824275328140981, 1.0, -0.25050673710901544)
2.600000000000002 (-6.831960450569353, 1.0, -0.2983342818222484)
2.620000000000002 (-6.84064805971145, 1.0, -0.34221343320584635)
2.640000000000002 (-6.850455838119763, 1.0, -0.38126983631409844)
2.660000000000002 (-6.861430787178511, 1.0, -0.41480640537958186)
2.680000000000002 (-6.8735512993386125, 1.0, -0.4422191560609318)
2.700000000000002 (-6.886721785011456, 1.0, -0.4630015694791302)
2.720000000000002 (-6.90077059925084, 1.0, -0.47676337522059825)
2.740000000000002 (-6.915454933856975, 1.0, -0.483243799046626)
2.760000000000002 (-6.930469654059424, 1.0, -0.4823201782966518)
2.780000000000002 (-6.945460822634082, 1.0, -0.4740140361590875)
2.800000000000002 (-6.960042926418006, 1.0, -0.45849422125707673)
2.820000000000002 (-6.973818150934384, 1.0, -0.4360761275767479)
2.840000000000002 (-6.98637261471058, 1.0, -0.40730197252329325)
2.860000000000002 (-6.997394005988244, 1.0, -0.3726381724680324)
2.880000000000002 (-7.006546214916087, 1.0, -0.33279689085122954)
2.900000000000002 (-7.013552318824013, 1.0, -0.28859450594192476)
2.920000000000002 (-7.0182240150283715, 1.0, -0.24090830396352972)
2.940000000000002 (-7.020452166156623, 1.0, -0.19066450271360602)
2.960000000000002 (-7.020158185592896, 1.0, -0.13879786762735224)
2.980000000000002 (-7.017495083812834, 1.0, -0.08621038303723554)
3.000000000000002 (-7.012587607676805, 1.0, -0.033876772030079716)
3.0200000000000022 (-7.005649871226912, 1.0, 0.017353902036357605)
3.0400000000000023 (-6.996986591541252, 1.0, 0.06671623634064858)
3.0600000000000023 (-6.98696621864589, 1.0, 0.11353302502504845)
3.0800000000000023 (-6.976007944709081, 1.0, 0.15722072412299037)
3.1000000000000023 (-6.964562015692277, 1.0, 0.19728752634404234)
3.1200000000000023 (-6.953085852478951, 1.0, 0.23332440107386565)
3.1400000000000023 (-6.942017981693272, 1.0, 0.26499092481228564)
3.1600000000000024 (-6.931751936348272, 1.0, 0.29199829712069886)
3.1800000000000024 (-6.922612831069921, 1.0, 0.31409267139916525)
3.2000000000000024 (-6.914838694952269, 1.0, 0.33104166437951044)
3.2200000000000024 (-6.90853523353691, 1.0, 0.342602201409957)
3.2400000000000024 (-6.903794395622584, 1.0, 0.34863623822909673)
3.2600000000000025 (-6.900580749934546, 1.0, 0.3489270736739086)
3.2800000000000025 (-6.8987248507308925, 1.0, 0.3433143385234522)
3.3000000000000025 (-6.898032666923798, 1.0, 0.33171865164881476)
3.3200000000000025 (-6.898272608994566, 1.0, 0.314133700916484)
3.3400000000000025 (-6.899244152621465, 1.0, 0.2907512239383008)
3.3600000000000025 (-6.900605539873013, 1.0, 0.2616243041406097)
3.3800000000000026 (-6.902167067228398, 1.0, 0.22704202758454523)
3.4000000000000026 (-6.903764102172551, 1.0, 0.18744971953011538)
3.4200000000000026 (-6.905263141820046, 1.0, 0.14338685465490028)
3.4400000000000026 (-6.906593942858696, 1.0, 0.09549212960406674)
3.4600000000000026 (-6.907782168569735, 1.0, 0.0444590673822412)
3.4800000000000026 (-6.908807143966983, 1.0, -0.009005523309816622)
3.5000000000000027 (-6.909840421114033, 1.0, -0.06385579633664798)
3.5200000000000027 (-6.9110632043741145, 1.0, -0.11920143289643705)
3.5400000000000027 (-6.912684719876385, 1.0, -0.17414113037129753)
3.5600000000000027 (-6.914941228221433, 1.0, -0.2277665288789498)
3.5800000000000027 (-6.918080502668053, 1.0, -0.279180629494367)
3.6000000000000028 (-6.922356668496639, 1.0, -0.3275308675351827)
3.6200000000000028 (-6.927942511529281, 1.0, -0.37202827392831)
3.640000000000003 (-6.935028310144096, 1.0, -0.41181116972254805)
3.660000000000003 (-6.943719550816439, 1.0, -0.4461891991504667)
3.680000000000003 (-6.95404597560503, 1.0, -0.47455923206935635)
3.700000000000003 (-6.965955840597372, 1.0, -0.49640917360498293)
3.720000000000003 (-6.979312240993221, 1.0, -0.5113365039499619)
3.740000000000003 (-6.993896864900747, 1.0, -0.5190618486708785)
3.760000000000003 (-7.00941803861537, 1.0, -0.519438245975158)
3.780000000000003 (-7.025523646130982, 1.0, -0.5124582738737966)
3.800000000000003 (-7.041817974728685, 1.0, -0.49825856742898433)
3.820000000000003 (-7.057880918568542, 1.0, -0.4771206084805921)
3.840000000000003 (-7.073257442047656, 1.0, -0.4495504871303424)
3.860000000000003 (-7.087600004132645, 1.0, -0.4159867505063335)
3.880000000000003 (-7.100516665911989, 1.0, -0.37711081278312686)
3.900000000000003 (-7.111665528885268, 1.0, -0.3337126695180905)
3.920000000000003 (-7.120787615522498, 1.0, -0.2866501987050808)
3.940000000000003 (-7.1276983556014955, 1.0, -0.23683648972096447)
3.960000000000003 (-7.132242414152304, 1.0, -0.18519555222065778)
3.980000000000003 (-7.134497612427326, 1.0, -0.13263803936728658)
4.000000000000003 (-7.134506860437046, 1.0, -0.08014476822629062)
4.020000000000002 (-7.132412325719987, 1.0, -0.028578749705455864)
4.040000000000002 (-7.128452826591782, 1.0, 0.02127277154691244)
4.060000000000001 (-7.122937427315075, 1.0, 0.06870483079634279)
4.080000000000001 (-7.116233197746905, 1.0, 0.1131013079908576)
4.1000000000000005 (-7.1087454677582, 1.0, 0.15393461871903932)
4.12 (-7.100893354217809, 1.0, 0.1907587733352307)
4.14 (-7.093082679867989, 1.0, 0.22319746544002406)
4.159999999999999 (-7.0856786229518445, 1.0, 0.25092938844520496)
4.179999999999999 (-7.078981052001213, 1.0, 0.2736736657441835)
4.199999999999998 (-7.073204806990176, 1.0, 0.2911780334606438)
4.219999999999998 (-7.068431986209173, 1.0, 0.3031906756167229)
4.2399999999999975 (-7.064740202809267, 1.0, 0.3095656992932242)
4.259999999999997 (-7.062073488751566, 1.0, 0.31008967852890346)
4.279999999999997 (-7.060247254840066, 1.0, 0.3046168852125282)
4.299999999999996 (-7.05905956816596, 1.0, 0.29308451657993656)
4.319999999999996 (-7.058277498623538, 1.0, 0.27550591961168946)
4.339999999999995 (-7.057715753072955, 1.0, 0.2520881042066664)
4.359999999999995 (-7.057038266557277, 1.0, 0.2229145864458988)
4.379999999999995 (-7.056079598079944, 1.0, 0.18828987354668636)
4.399999999999994 (-7.054713114698703, 1.0, 0.14867160786000458)
4.419999999999994 (-7.0528518032077585, 1.0, 0.10460874528105514)
4.439999999999993 (-7.050480476178715, 1.0, 0.056743680312323394)
4.459999999999993 (-7.047656943245503, 1.0, 0.005801737163217718)
4.479999999999992 (-7.044509840019017, 1.0, -0.04742412051295651)
4.499999999999992 (-7.041233246523328, 1.0, -0.10209014161859319)
4.519999999999992 (-7.038077121544865, 1.0, -0.15731890849040217)
4.539999999999991 (-7.035334177058877, 1.0, -0.2122160051001426)
4.559999999999991 (-7.033323815190404, 1.0, -0.265885888782108)
4.57999999999999 (-7.0323737666097985, 1.0, -0.3174468794495017)
4.59999999999999 (-7.032813393006653, 1.0, -0.3660639681031058)
4.6199999999999894 (-7.034886461709531, 1.0, -0.41096029547941443)
4.639999999999989 (-7.038859314538625, 1.0, -0.45129164212944545)
4.659999999999989 (-7.044899070223637, 1.0, -0.48637682415868266)
4.679999999999988 (-7.053089661489649, 1.0, -0.5156160709366701)
4.699999999999988 (-7.063425768615469, 1.0, -0.538494191412574)
4.719999999999987 (-7.075807549261428, 1.0, -0.5545983750763106)
4.739999999999987 (-7.090043237581054, 1.0, -0.5636317701328836)
4.7599999999999865 (-7.105856380554804, 1.0, -0.5654232386044639)
4.779999999999986 (-7.122898098215215, 1.0, -0.5599354458402889)
4.799999999999986 (-7.140763462104693, 1.0, -0.5472707213860671)
4.819999999999985 (-7.15901053265444, 1.0, -0.5276734432538017)
4.839999999999985 (-7.177142316630888, 1.0, -0.5016094683390746)
4.859999999999984 (-7.19477617808771, 1.0, -0.4694843247321002)
4.879999999999984 (-7.211462667317042, 1.0, -0.43194273583470333)
4.8999999999999835 (-7.2267924448283525, 1.0, -0.3897418413998823)
4.919999999999983 (-7.240432825958971, 1.0, -0.3437133676958019)
4.939999999999983 (-7.25212011935253, 1.0, -0.2947504039901242)
4.959999999999982 (-7.26161854412017, 1.0, -0.24375931675432963)
4.979999999999982 (-7.268925291379004, 1.0, -0.1916536869785463)
4.999999999999981 (-7.273996319394027, 1.0, -0.13941366805130753)
5.019999999999981 (-7.276896692527772, 1.0, -0.08791084445583858)
5.0399999999999805 (-7.277794018188724, 1.0, -0.03794983241003591)
5.05999999999998 (-7.276932728427153, 1.0, 0.009740361114079324)
5.07999999999998 (-7.274622646424643, 1.0, 0.05451396060385061)
5.099999999999979 (-7.271219309438387, 1.0, 0.09580982662866823)
5.119999999999979 (-7.267099022938969, 1.0, 0.13314669324677228)
5.139999999999978 (-7.262630884999767, 1.0, 0.16611371296089547)
5.159999999999978 (-7.258148295608923, 1.0, 0.19435828719080445)
5.1799999999999775 (-7.2539231477067085, 1.0, 0.21757378961683704)
5.199999999999977 (-7.250145145405925, 1.0, 0.23548958493348934)
5.219999999999977 (-7.246871828676926, 1.0, 0.24784726183721667)
5.239999999999976 (-7.24416595541677, 1.0, 0.2544943528698347)
5.259999999999976 (-7.241951209890343, 1.0, 0.2552230966283595)
5.279999999999975 (-7.240029324905682, 1.0, 0.2499047807257604)
5.299999999999975 (-7.238192366742219, 1.0, 0.23849491139945933)
5.3199999999999745 (-7.236208507421735, 1.0, 0.22102769520749868)
5.339999999999974 (-7.233910488979882, 1.0, 0.1977252321454758)
5.359999999999974 (-7.230971259986892, 1.0, 0.1687019222804287)
5.379999999999973 (-7.227252688675718, 1.0, 0.13427616118536437)
5.399999999999973 (-7.2226693433623606, 1.0, 0.09491505484134256)
5.419999999999972 (-7.217183845400305, 1.0, 0.05117318053363104)
5.439999999999972 (-7.21083894721785, 1.0, 0.0036916973188414366)
5.4599999999999715 (-7.203757761912754, 1.0, -0.046812268522927546)
5.479999999999971 (-7.196140221782665, 1.0, -0.09956067657907344)
5.499999999999971 (-7.188256187507716, 1.0, -0.15373088382946629)
5.51999999999997 (-7.180434365440041, 1.0, -0.2084718411142979)
5.53999999999997 (-7.173047718852398, 1.0, -0.26291951183801293)
5.559999999999969 (-7.166496023849472, 1.0, -0.31621122602907903)
5.579999999999969 (-7.161186214603664, 1.0, -0.3674989413896473)
5.599999999999969 (-7.157522747927321, 1.0, -0.41598135810281084)
5.619999999999968 (-7.155819513325622, 1.0, -0.46090737599899434)
5.639999999999968 (-7.1564193480714255, 1.0, -0.5014606304535512)
5.659999999999967 (-7.1595513508541115, 1.0, -0.5369783511005018)
5.679999999999967 (-7.165354484892509, 1.0, -0.5668713128928728)
5.699999999999966 (-7.1738712423296676, 1.0, -0.5906263538170187)
5.719999999999966 (-7.18504070849763, 1.0, -0.6078236260180376)
5.739999999999966 (-7.1986999081701875, 1.0, -0.6181503444756552)
5.759999999999965 (-7.214590101070883, 1.0, -0.6214111376138193)
5.779999999999965 (-7.232368229454208, 1.0, -0.6175372021289944)
5.799999999999964 (-7.251622668341786, 1.0, -0.6065936199520393)
5.819999999999964 (-7.271891938164661, 1.0, -0.5887834600355066)
5.839999999999963 (-7.29263935318441, 1.0, -0.5645253263286362)
5.859999999999963 (-7.313447794056514, 1.0, -0.534187853116839)
5.879999999999963 (-7.3338114605880245, 1.0, -0.4983718129537133)
5.899999999999962 (-7.353254080498941, 1.0, -0.45779350947089315)
5.919999999999962 (-7.371368773803628, 1.0, -0.41325044478756745)
5.939999999999961 (-7.3878115750801445, 1.0, -0.36560747376203984)
5.959999999999961 (-7.402264935870853, 1.0, -0.3157451641386695)
5.9799999999999605 (-7.414642376673088, 1.0, -0.2645726262469694)
5.99999999999996 (-7.424810072265939, 1.0, -0.21306139029562848)
6.01999999999996 (-7.432752713368619, 1.0, -0.16208491051600507)
6.039999999999959 (-7.438562972792722, 1.0, -0.11245933867689928)
6.059999999999959 (-7.4424166749578085, 1.0, -0.06493267779096741)
6.079999999999958 (-7.444562239119981, 1.0, -0.02017613846358544)
6.099999999999958 (-7.445301221590263, 1.0, 0.021219052193404975)
6.1199999999999575 (-7.4449630655361885, 1.0, 0.05873919284386263)
6.139999999999957 (-7.443876410446942, 1.0, 0.09194127102230375)
6.159999999999957 (-7.442339639747617, 1.0, 0.1204434829663265)
6.179999999999956 (-7.440594088068524, 1.0, 0.14391541010550937)
6.199999999999956 (-7.438802533524689, 1.0, 0.16207000542139197)
6.219999999999955 (-7.43699728776927, 1.0, 0.17464454991217182)
6.239999999999955 (-7.4352257875521754, 1.0, 0.18148135504767954)
6.2599999999999545 (-7.433391894030491, 1.0, 0.18238054853088526)
6.279999999999954 (-7.431285417101627, 1.0, 0.17723231108637624)
6.299999999999954 (-7.42869445002873, 1.0, 0.16601161387389207)
6.319999999999953 (-7.425390687983474, 1.0, 0.14877404103692496)
6.339999999999953 (-7.421227258788137, 1.0, 0.12575579102836643)
6.359999999999952 (-7.415889385838013, 1.0, 0.09710180611180817)
6.379999999999952 (-7.4092685899791775, 1.0, 0.06314213579864103)
6.3999999999999515 (-7.4013228154168, 1.0, 0.024349763512967082)
6.419999999999951 (-7.392066230153483, 1.0, -0.01871964588985413)
6.439999999999951 (-7.3816009366359046, 1.0, -0.06543167040187486)
6.45999999999995 (-7.370116219354853, 1.0, -0.11508375122253753)
6.47999999999995 (-7.357883619180811, 1.0, -0.16691986552799234)
6.499999999999949 (-7.345248548740799, 1.0, -0.2201461352055672)
6.519999999999949 (-7.332617745010607, 1.0, -0.27394592800677414)
6.5399999999999485 (-7.32044330286055, 1.0, -0.32749385472605247)
6.559999999999948 (-7.309203963865934, 1.0, -0.3799684368047978)
6.579999999999948 (-7.299384305267769, 1.0, -0.43056347587277927)
6.599999999999947 (-7.291462160653593, 1.0, -0.47851917123330173)
6.619999999999947 (-7.285820449726102, 1.0, -0.5231172923974212)
6.639999999999946 (-7.282877280737891, 1.0, -0.5635771531638931)
6.659999999999946 (-7.2829230557481965, 1.0, -0.5992605630912609)
6.6799999999999455 (-7.286151646265731, 1.0, -0.6295941749162421)
6.699999999999945 (-7.292653852295839, 1.0, -0.6540713298364536)
6.719999999999945 (-7.302408826817, 1.0, -0.6722685882453756)
6.739999999999944 (-7.315284131772435, 1.0, -0.6838595406324799)
6.759999999999944 (-7.331041025410945, 1.0, -0.6886256844546372)
6.779999999999943 (-7.349344988900973, 1.0, -0.6864665958544446)
6.799999999999943 (-7.3697807075595465, 1.0, -0.677408678312233)
6.8199999999999426 (-7.391870300408737, 1.0, -0.6616109900616863)
6.839999999999942 (-7.415040706268951, 1.0, -0.6394401666946093)
6.859999999999942 (-7.4388427830480754, 1.0, -0.6112240037865968)
6.879999999999941 (-7.462717117084837, 1.0, -0.5775131698945248)
6.899999999999941 (-7.4861227855550965, 1.0, -0.5389760666361092)
6.91999999999994 (-7.508580282805757, 1.0, -0.49636837582369553)
6.93999999999994 (-7.529666320522742, 1.0, -0.4505186826237007)
6.95999999999994 (-7.548982354076269, 1.0, -0.4022736551773065)
6.979999999999939 (-7.566356996725266, 1.0, -0.3525300405120058)
6.999999999999939 (-7.581565805461295, 1.0, -0.3022421999625307)
7.019999999999938 (-7.594511480966925, 1.0, -0.25227801309945874)
7.039999999999938 (-7.605209427680251, 1.0, -0.20345841313174012)
7.059999999999937 (-7.613764038457851, 1.0, -0.1565443393970654)
7.079999999999937 (-7.620359088507941, 1.0, -0.11222714322636668)
7.099999999999937 (-7.625238665280743, 1.0, -0.07112359200769271)
7.119999999999936 (-7.628681816007869, 1.0, -0.033775949144357276)
7.139999999999936 (-7.6309733648176765, 1.0, -0.0006560813075619041)
7.159999999999935 (-7.632373723933048, 1.0, 0.027827882122883646)
7.179999999999935 (-7.633091320480255, 1.0, 0.051324304001649654)
7.1999999999999345 (-7.633260432465775, 1.0, 0.06953209781189848)
7.219999999999934 (-7.632887748248023, 1.0, 0.0821866618085103)
7.239999999999934 (-7.632005010286879, 1.0, 0.08912653667886827)
7.259999999999933 (-7.63049705905363, 1.0, 0.09016182423541436)
7.279999999999933 (-7.628143737937665, 1.0, 0.08520307566943834)
7.299999999999932 (-7.624731259906021, 1.0, 0.07424543431331336)
7.319999999999932 (-7.620037201428056, 1.0, 0.057365859500166795)
7.3399999999999315 (-7.613937024613236, 1.0, 0.0348130953221206)
7.359999999999931 (-7.60613135421359, 1.0, 0.006761669725038767)
7.379999999999931 (-7.5965431059150275, 1.0, -0.026449415015492285)
7.39999999999993 (-7.585174916813471, 1.0, -0.06434533228220943)
7.41999999999993 (-7.5720933959436305, 1.0, -0.10637424250921124)
7.439999999999929 (-7.557460210021575, 1.0, -0.15191423125629105)
7.459999999999929 (-7.541530331214922, 1.0, -0.20028383206705552)
7.4799999999999285 (-7.5246457438440855, 1.0, -0.2507561762471979)
7.499999999999928 (-7.507225614505416, 1.0, -0.30257374254141894)
7.519999999999928 (-7.4897523667883945, 1.0, -0.3549622053211146)
7.539999999999927 (-7.472754456833486, 1.0, -0.40714285773751235)
7.559999999999927 (-7.45678654214841, 1.0, -0.45834344877623273)
7.579999999999926 (-7.442407682916157, 1.0, -0.5078075265579842)
7.599999999999926 (-7.430165873771398, 1.0, -0.5548242561212022)
7.6199999999999255 (-7.420510621115831, 1.0, -0.5987152003923398)
7.639999999999925 (-7.413932608777187, 1.0, -0.6387429573083686)
7.659999999999925 (-7.410781739639609, 1.0, -0.6742999923444758)
7.679999999999924 (-7.411305721678628, 1.0, -0.7048341914452104)
7.699999999999924 (-7.415643388899527, 1.0, -0.7298500208601286)
7.719999999999923 (-7.423814545639154, 1.0, -0.748924169712514)
7.739999999999923 (-7.435718713528277, 1.0, -0.7617193043025794)
7.7599999999999225 (-7.451139354237681, 1.0, -0.7679953859101253)
7.779999999999922 (-7.469753373230126, 1.0, -0.7676207870730809)
7.799999999999922 (-7.491145192459963, 1.0, -0.7605824176872941)
7.819999999999921 (-7.514824332990232, 1.0, -0.7469932534452834)
7.839999999999921 (-7.540185726065395, 1.0, -0.7271638923424478)
7.85999999999992 (-7.566751554796559, 1.0, -0.7013778260037703)
7.87999999999992 (-7.593912835028312, 1.0, -0.6701299777704481)
7.8999999999999195 (-7.62106773950844, 1.0, -0.6340341914209818)
7.919999999999919 (-7.647667249348394, 1.0, -0.5937969938232649)
7.939999999999919 (-7.673211306246277, 1.0, -0.5502027973822797)
7.959999999999918 (-7.697222722514114, 1.0, -0.5040563524516988)
7.979999999999918 (-7.7194454980296126, 1.0, -0.45623385545172607)
7.999999999999917 (-7.739565337737821, 1.0, -0.40766373447958204)
8.019999999999918 (-7.757402711354999, 1.0, -0.35920047580619685)
8.039999999999917 (-7.772894632092706, 1.0, -0.31166253150361334)
8.059999999999917 (-7.786072280479735, 1.0, -0.26581712974012506)
8.079999999999917 (-7.797052421863745, 1.0, -0.222369815391117)
8.099999999999916 (-7.806018898401363, 1.0, -0.18195766481548925)
8.119999999999916 (-7.813197394568058, 1.0, -0.14514695377490983)
8.139999999999915 (-7.818826010641655, 1.0, -0.11243446376439714)
8.159999999999915 (-7.823124592621795, 1.0, -0.08425122824731826)
8.179999999999914 (-7.826266610375308, 1.0, -0.06096710730789073)
8.199999999999914 (-7.828356528478408, 1.0, -0.042894580358783935)
8.219999999999914 (-7.8293752902528375, 1.0, -0.030297648984515653)
8.239999999999913 (-7.829338688914484, 1.0, -0.02334003787106073)
8.259999999999913 (-7.8281135818695295, 1.0, -0.022199737297242922)
8.279999999999912 (-7.82547194135119, 1.0, -0.026944695897013028)
8.299999999999912 (-7.821200212429852, 1.0, -0.03755925863344655)
8.319999999999911 (-7.815084117603253, 1.0, -0.05394550170040858)
8.339999999999911 (-7.807023030669856, 1.0, -0.07584407955702534)
8.35999999999991 (-7.796735926182076, 1.0, -0.10305231181505799)
8.37999999999991 (-7.784178328058937, 1.0, -0.13522523970758782)
8.39999999999991 (-7.769398147392037, 1.0, -0.17189047224219223)
8.41999999999991 (-7.752514468102697, 1.0, -0.2125050761508711)
8.439999999999909 (-7.733747742174979, 1.0, -0.256465470956793)
8.459999999999908 (-7.713417038197454, 1.0, -0.3031177507180914)
8.479999999999908 (-7.691932421334553, 1.0, -0.3517711722187683)
8.499999999999908 (-7.669783752680886, 1.0, -0.4017118983075864)
8.519999999999907 (-7.647525499068877, 1.0, -0.4522154504965243)
8.539999999999907 (-7.6257583955583, 1.0, -0.5025574257222138)
8.559999999999906 (-7.605108665072482, 1.0, -0.5520223830181111)
8.579999999999906 (-7.586205422764857, 1.0, -0.5999110531956681)
8.599999999999905 (-7.569662423917699, 1.0, -0.6455685637521815)
8.619999999999905 (-7.555992230445791, 1.0, -0.6883628552844971)
8.639999999999905 (-7.545754222120621, 1.0, -0.7276070310921534)
8.659999999999904 (-7.539355075898438, 1.0, -0.7627300557722166)
8.679999999999904 (-7.537094467601825, 1.0, -0.7932062872918282)
8.699999999999903 (-7.53915832295625, 1.0, -0.8185559469493885)
8.719999999999903 (-7.5456071678676135, 1.0, -0.8383597141590657)
8.739999999999903 (-7.556373565066956, 1.0, -0.852272299808283)
8.759999999999902 (-7.571265227370644, 1.0, -0.8600341084258053)
8.779999999999902 (-7.589973405697446, 1.0, -0.8614832084524856)
8.799999999999901 (-7.612085919439643, 1.0, -0.8565667576963459)
8.8199999999999 (-7.637103928931945, 1.0, -0.8453501809695015)
8.8399999999999 (-7.664395474560048, 1.0, -0.8280846444583739)
8.8599999999999 (-7.69345805259868, 1.0, -0.8050063804462533)
8.8799999999999 (-7.723638131230982, 1.0, -0.7765495268970047)
8.899999999999899 (-7.754277851508203, 1.0, -0.7432672553955083)
8.919999999999899 (-7.784763009867245, 1.0, -0.7058100347919405)
8.939999999999898 (-7.814520617658636, 1.0, -0.6649105367498906)
8.959999999999898 (-7.842998481268775, 1.0, -0.6213238696559708)
8.979999999999897 (-7.86985757379573, 1.0, -0.5758974691307915)
8.999999999999897 (-7.894695864734613, 1.0, -0.5295251116555071)
9.019999999999897 (-7.91725254300245, 1.0, -0.4830399610435199)
9.039999999999896 (-7.9373861868594835, 1.0, -0.4372504817344699)
9.059999999999896 (-7.955053941486468, 1.0, -0.3929232089855806)
9.079999999999895 (-7.970304028412388, 1.0, -0.35077152060579375)
9.099999999999895 (-7.983257973778196, 1.0, -0.3114471064752529)
9.119999999999894 (-7.994085720964217, 1.0, -0.2755352243827454)
9.139999999999894 (-8.002976224356809, 1.0, -0.24355317121767903)
9.159999999999894 (-8.010106571597127, 1.0, -0.21595106030215713)
9.179999999999893 (-8.015613563010973, 1.0, -0.19311366598055874)
9.199999999999893 (-8.019570822087687, 1.0, -0.17536201714000998)
9.219999999999892 (-8.021933691848721, 1.0, -0.1629570167859065)
9.239999999999892 (-8.022701894551794, 1.0, -0.15606311579412466)
9.259999999999891 (-8.02172554458329, 1.0, -0.15484461738779853)
9.279999999999891 (-8.018770931894629, 1.0, -0.15934714782435394)
9.29999999999989 (-8.013626833928404, 1.0, -0.1695345100216641)
9.31999999999989 (-8.006089269993073, 1.0, -0.185288555646553)
9.33999999999989 (-7.996082757729098, 1.0, -0.20634155260472636)
9.35999999999989 (-7.983347362600647, 1.0, -0.23246448419050736)
9.379999999999889 (-7.967871957510644, 1.0, -0.2633096080852076)
9.399999999999888 (-7.949749664680331, 1.0, -0.2984113513649699)
9.419999999999888 (-7.9291513336015464, 1.0, -0.3372407910012402)
9.439999999999888 (-7.906354579564695, 1.0, -0.37921841674159334)
9.459999999999887 (-7.881740049045721, 1.0, -0.4237241499066046)
9.479999999999887 (-7.855782533834382, 1.0, -0.47011003786005023)
9.499999999999886 (-7.829038494884048, 1.0, -0.5177128546360151)
9.519999999999886 (-7.802129740348925, 1.0, -0.5658650314372121)
9.539999999999885 (-7.775724138647423, 1.0, -0.6139035550263916)
9.559999999999885 (-7.750514076660446, 1.0, -0.6611768079551442)
9.579999999999885 (-7.727193273028824, 1.0, -0.7070495635234656)
9.599999999999884 (-7.7064358889023605, 1.0, -0.7509293394506911)
9.619999999999884 (-7.688813118402816, 1.0, -0.7922365933074694)
9.639999999999883 (-7.674948187005794, 1.0, -0.8303416564654246)
9.659999999999883 (-7.665301046272015, 1.0, -0.8647155030140397)
9.679999999999882 (-7.660220790324945, 1.0, -0.8948639858266958)
9.699999999999882 (-7.659938904804874, 1.0, -0.920327619354146)
9.719999999999882 (-7.664556230389467, 1.0, -0.9406949784228161)
9.739999999999881 (-7.6740391041518485, 1.0, -0.9556159644598331)
9.75999999999988 (-7.688221330267961, 1.0, -0.9648137077732741)
9.77999999999988 (-7.7068113701311685, 1.0, -0.9680972871917048)
9.79999999999988 (-7.729404205330992, 1.0, -0.9653743574074185)
9.81999999999988 (-7.755497141663553, 1.0, -0.9566619009347278)
9.839999999999879 (-7.784436975731193, 1.0, -0.9421489439384858)
9.859999999999879 (-7.815700967350286, 1.0, -0.9220220293201192)
9.879999999999878 (-7.8485968023867745, 1.0, -0.8966501254692847)
9.899999999999878 (-7.882416342612098, 1.0, -0.8665202443544164)
9.919999999999877 (-7.91648550389756, 1.0, -0.8322204395910523)
9.939999999999877 (-7.950163260251116, 1.0, -0.7944245479354927)
9.959999999999877 (-7.982827111339366, 1.0, -0.7538307515533351)
9.979999999999876 (-8.014057703424552, 1.0, -0.7112496826682335)
9.999999999999876 (-8.043368550003468, 1.0, -0.6675319808984873)
