0.0 (-21.75, 1.0, 0.0)
0.02 (-21.750369481211575, 1.0, -0.020780806657510177)
0.04 (-21.748429624451656, 1.0, -0.08594008737153554)
0.06 (-21.732147856007938, 1.0, -0.18911123234441804)
0.08 (-21.687971103495354, 1.0, -0.305153873205978)
0.1 (-21.617081810129676, 1.0, -0.4100227160738842)
0.12000000000000001 (-21.53906081282759, 1.0, -0.498884401140318)
0.14 (-21.474719443989304, 1.0, -0.5718603045732736)
0.16 (-21.43340047484675, 1.0, -0.6263160049161112)
0.18 (-21.406267692218997, 1.0, -0.6577729557838156)
0.19999999999999998 (-21.367775214473582, 1.0, -0.6616791398797581)
0.21999999999999997 (-21.291948153552998, 1.0, -0.6395271639758391)
0.23999999999999996 (-21.166683300100214, 1.0, -0.6024921963709113)
0.25999999999999995 (-20.998401120891913, 1.0, -0.558421583668594)
0.27999999999999997 (-20.806362488696816, 1.0, -0.5106386215779868)
0.3 (-20.609312231022383, 1.0, -0.46042131549331994)
0.32 (-20.413617015174587, 1.0, -0.40808520772358153)
0.34 (-20.218038094195816, 1.0, -0.3565190182202335)
0.36000000000000004 (-20.022521455873186, 1.0, -0.3080283281126358)
0.38000000000000006 (-19.828708980333403, 1.0, -0.2633427456765906)
0.4000000000000001 (-19.638972439854463, 1.0, -0.22178174326762043)
0.4200000000000001 (-19.455082610808198, 1.0, -0.18219046465832597)
0.4400000000000001 (-19.27785650157365, 1.0, -0.14347490943213187)
0.46000000000000013 (-19.10773389379337, 1.0, -0.10441450596943301)
0.48000000000000015 (-18.944971270211795, 1.0, -0.0636318354092702)
0.5000000000000001 (-18.789429040632967, 1.0, -0.02008574594481961)
0.5200000000000001 (-18.642329614346973, 1.0, 0.025358086442505402)
0.5400000000000001 (-18.506600763659456, 1.0, 0.07199161883845787)
0.5600000000000002 (-18.384284584126178, 1.0, 0.1192331089906651)
0.5800000000000002 (-18.276575562564087, 1.0, 0.16642817699944734)
0.6000000000000002 (-18.184147546199046, 1.0, 0.21287361703879898)
0.6200000000000002 (-18.107354902472633, 1.0, 0.2577653556489688)
0.6400000000000002 (-18.04636978525273, 1.0, 0.3002140492838639)
0.6600000000000003 (-17.996499352496663, 1.0, 0.339567057827351)
0.6800000000000003 (-17.951650277604884, 1.0, 0.3740076250130812)
0.7000000000000003 (-17.910186799297797, 1.0, 0.40168241886329975)
0.7200000000000003 (-17.872348781623348, 1.0, 0.4214203632060588)
0.7400000000000003 (-17.83816249990907, 1.0, 0.4329015813889511)
0.7600000000000003 (-17.807259951173737, 1.0, 0.43665150301851013)
0.7800000000000004 (-17.779033440117125, 1.0, 0.4339536254852629)
0.8000000000000004 (-17.753449207272453, 1.0, 0.4267798983654497)
0.8200000000000004 (-17.730781305766552, 1.0, 0.4176587390617086)
0.8400000000000004 (-17.710257128917004, 1.0, 0.4091142066940412)
0.8600000000000004 (-17.689531208025834, 1.0, 0.40279134664029553)
0.8800000000000004 (-17.665991637624924, 1.0, 0.3994706764532695)
0.9000000000000005 (-17.637112278112937, 1.0, 0.39932373532924653)
0.9200000000000005 (-17.600532358716897, 1.0, 0.4022496627075593)
0.9400000000000005 (-17.554145286112842, 1.0, 0.4080820552684165)
0.9600000000000005 (-17.495986450048093, 1.0, 0.4167916683080564)
0.9800000000000005 (-17.423809407978304, 1.0, 0.42852643536241697)
1.0000000000000004 (-17.337105698742324, 1.0, 0.4417032286560724)
1.0200000000000005 (-17.23999142384222, 1.0, 0.4562478900962043)
1.0400000000000005 (-17.13467999240308, 1.0, 0.4728274111607326)
1.0600000000000005 (-17.022679504056967, 1.0, 0.4903601243055932)
1.0800000000000005 (-16.90660461342549, 1.0, 0.5068632346801981)
1.1000000000000005 (-16.78874748320568, 1.0, 0.5217217032824228)
1.1200000000000006 (-16.66849627787038, 1.0, 0.533668150671461)
1.1400000000000006 (-16.550938022712675, 1.0, 0.5399391383371239)
1.1600000000000006 (-16.492224725545572, 1.0, 0.5453712822750644)
1.1800000000000006 (-16.463185272588497, 1.0, 0.5605108017915688)
1.2000000000000006 (-16.447318605241207, 1.0, 0.5752658864955517)
1.2200000000000006 (-16.4433662736126, 1.0, 0.586544583689714)
1.2400000000000007 (-16.449882422615534, 1.0, 0.5935370000635715)
1.2600000000000007 (-16.466504764444963, 1.0, 0.5956475538311033)
1.2800000000000007 (-16.493310318183052, 1.0, 0.5939869831651371)
1.3000000000000007 (-16.530709344611882, 1.0, 0.5898656947365892)
1.3200000000000007 (-16.578028700727266, 1.0, 0.5823279750097075)
1.3400000000000007 (-16.63440264458434, 1.0, 0.570403005109841)
1.3600000000000008 (-16.699058317262654, 1.0, 0.5574716818723546)
1.3800000000000008 (-16.76962023091101, 1.0, 0.5504037083386576)
1.4000000000000008 (-16.84331497963164, 1.0, 0.5515695594347432)
1.4200000000000008 (-16.91847804468566, 1.0, 0.5615499305970619)
1.4400000000000008 (-16.99376611410574, 1.0, 0.5807929489113413)
1.4600000000000009 (-17.06812027191294, 1.0, 0.6094364468700537)
1.4800000000000009 (-17.142228677782715, 1.0, 0.6468505810499329)
1.5000000000000009 (-17.217967406126867, 1.0, 0.6926854352758375)
1.520000000000001 (-17.297628684786638, 1.0, 0.7463342604582385)
1.540000000000001 (-17.383606725517765, 1.0, 0.8070315316516491)
1.560000000000001 (-17.47800825166676, 1.0, 0.8739148601554332)
1.580000000000001 (-17.582420354391072, 1.0, 0.9459453609741565)
1.600000000000001 (-17.697886526215974, 1.0, 1.0218637770093075)
1.620000000000001 (-17.8249926959552, 1.0, 1.1001878805541214)
1.640000000000001 (-17.959478518386824, 1.0, 1.1784099728324136)
1.660000000000001 (-18.092437739666845, 1.0, 1.2526729205139877)
1.680000000000001 (-18.221052680221966, 1.0, 1.3202646815053116)
1.700000000000001 (-18.34646560481271, 1.0, 1.3801175113760284)
1.720000000000001 (-18.47162461824977, 1.0, 1.4325792673488746)
1.740000000000001 (-18.59930202186743, 1.0, 1.478675893037881)
1.7600000000000011 (-18.728802102154933, 1.0, 1.5194180270145858)
1.7800000000000011 (-18.85588709363485, 1.0, 1.5548637957574263)
1.8000000000000012 (-18.97738918556809, 1.0, 1.5845037809076412)
1.8200000000000012 (-19.09157930383155, 1.0, 1.6081550880424391)
1.8400000000000012 (-19.197296823025116, 1.0, 1.6259059469011297)
1.8600000000000012 (-19.293741267495054, 1.0, 1.638134922971844)
1.8800000000000012 (-19.38045010655709, 1.0, 1.6455519786787987)
1.9000000000000012 (-19.457190450302495, 1.0, 1.6491874735006933)
1.9200000000000013 (-19.52389734518689, 1.0, 1.650474396196085)
1.9400000000000013 (-19.580560129371058, 1.0, 1.6512966296473974)
1.9600000000000013 (-19.62689059014918, 1.0, 1.6535141216786668)
1.9800000000000013 (-19.662185106483964, 1.0, 1.658665388114359)
2.0000000000000013 (-19.685303010243906, 1.0, 1.6678900321749968)
2.0200000000000014 (-19.6946022318149, 1.0, 1.6818023774499453)
2.0400000000000014 (-19.68795345584658, 1.0, 1.7003435896712027)
2.0600000000000014 (-19.66293011922612, 1.0, 1.7226842524445212)
2.0800000000000014 (-19.617188516939855, 1.0, 1.7472826827742713)
2.1000000000000014 (-19.548891396118773, 1.0, 1.772282883345652)
2.1200000000000014 (-19.458192388875197, 1.0, 1.7974963062927862)
2.1400000000000015 (-19.34884622932729, 1.0, 1.8219759462095402)
2.1600000000000015 (-19.22665789682108, 1.0, 1.846306887833693)
2.1800000000000015 (-19.097033107800677, 1.0, 1.8697321021014175)
2.2000000000000015 (-18.96567058836966, 1.0, 1.89045008002737)
2.2200000000000015 (-18.835948027250506, 1.0, 1.9056275745518676)
2.2400000000000015 (-18.709803814344884, 1.0, 1.913500975544959)
2.2600000000000016 (-18.58902922579183, 1.0, 1.9140032827976652)
2.2800000000000016 (-18.4754273258677, 1.0, 1.9077817959223118)
2.3000000000000016 (-18.370507622540767, 1.0, 1.8965670269323267)
2.3200000000000016 (-18.27487082542148, 1.0, 1.8829200825710828)
2.3400000000000016 (-18.188181561405802, 1.0, 1.869201036276986)
2.3600000000000017 (-18.109585938306576, 1.0, 1.8574223104513061)
2.3800000000000017 (-18.038091618299063, 1.0, 1.8491976693351229)
2.4000000000000017 (-17.972815895783057, 1.0, 1.8457777551131234)
2.4200000000000017 (-17.913120419805793, 1.0, 1.8481235992247698)
2.4400000000000017 (-17.85868630641872, 1.0, 1.85695577406727)
2.4600000000000017 (-17.80953181574868, 1.0, 1.8727865259853882)
2.4800000000000018 (-17.765974781536297, 1.0, 1.895942516257506)
2.5000000000000018 (-17.728562309666, 1.0, 1.9265747225786385)
2.520000000000002 (-17.69798991946643, 1.0, 1.9646553267573748)
2.540000000000002 (-17.67506065515237, 1.0, 2.0099922151456835)
2.560000000000002 (-17.66084400845917, 1.0, 2.062105577239478)
2.580000000000002 (-17.656798879016787, 1.0, 2.1204337181361974)
2.600000000000002 (-17.66430885180185, 1.0, 2.1842967105166697)
2.620000000000002 (-17.684386272949183, 1.0, 2.252754863473661)
2.640000000000002 (-17.71457178277412, 1.0, 2.3234748669490632)
2.660000000000002 (-17.747926780362793, 1.0, 2.3918076741090872)
2.680000000000002 (-17.782216694328127, 1.0, 2.4544492979718444)
2.700000000000002 (-17.818430015630426, 1.0, 2.5102673143795036)
2.720000000000002 (-17.857318261770914, 1.0, 2.5588279899960837)
2.740000000000002 (-17.900081167736808, 1.0, 2.601100016729188)
2.760000000000002 (-17.94801995970922, 1.0, 2.639034520821465)
2.780000000000002 (-18.00010231853343, 1.0, 2.6743460092994256)
2.800000000000002 (-18.0527701403971, 1.0, 2.7069853111576823)
2.820000000000002 (-18.103139971188405, 1.0, 2.73623354480082)
2.840000000000002 (-18.149119730471043, 1.0, 2.7616954999540546)
2.860000000000002 (-18.18903990430213, 1.0, 2.7832262544285795)
2.880000000000002 (-18.221956650111895, 1.0, 2.8008298097627)
2.900000000000002 (-18.2474590661021, 1.0, 2.814851518737114)
2.920000000000002 (-18.26491284885762, 1.0, 2.8259254037209556)
2.940000000000002 (-18.273276347488178, 1.0, 2.834976421685918)
2.960000000000002 (-18.271097543491592, 1.0, 2.8429609542474625)
2.980000000000002 (-18.256584710639682, 1.0, 2.850475881522915)
3.000000000000002 (-18.22776418479699, 1.0, 2.8575363122353536)
3.0200000000000022 (-18.18261144900525, 1.0, 2.8635729569263213)
3.0400000000000023 (-18.119177530298934, 1.0, 2.8674370902831106)
3.0600000000000023 (-18.035675953427937, 1.0, 2.8678321730762932)
3.0800000000000023 (-17.933156452712574, 1.0, 2.8636222705408887)
3.1000000000000023 (-17.816627631927638, 1.0, 2.856035714551174)
3.1200000000000023 (-17.690494226740814, 1.0, 2.8470396817470522)
3.1400000000000023 (-17.559198047441342, 1.0, 2.8366414832332874)
3.1600000000000024 (-17.42735272285116, 1.0, 2.824132091765452)
3.1800000000000024 (-17.2970379778976, 1.0, 2.8074998523614894)
3.2000000000000024 (-17.170756007846805, 1.0, 2.7844101940750448)
3.2200000000000024 (-17.051398079888607, 1.0, 2.7551075237207243)
3.2400000000000024 (-16.94107482605295, 1.0, 2.721570901374284)
3.2600000000000025 (-16.840773752888786, 1.0, 2.68649520213567)
3.2800000000000025 (-16.75033009817129, 1.0, 2.652532815882473)
3.3000000000000025 (-16.66887263611319, 1.0, 2.6218337841919386)
3.3200000000000025 (-16.595161266455165, 1.0, 2.5960674955366314)
3.3400000000000025 (-16.52791105121639, 1.0, 2.5764694950007887)
3.3600000000000025 (-16.465657171908084, 1.0, 2.563960685918048)
3.3800000000000026 (-16.406842053846322, 1.0, 2.559069681210866)
3.4000000000000026 (-16.349873529273886, 1.0, 2.5619142234189916)
3.4200000000000026 (-16.29385289572542, 1.0, 2.572066267826455)
3.4400000000000026 (-16.238967623656343, 1.0, 2.589283572563601)
3.4600000000000026 (-16.185585343787018, 1.0, 2.6139786089493455)
3.4800000000000026 (-16.134181572738285, 1.0, 2.646746625760236)
3.5000000000000027 (-16.085301086142366, 1.0, 2.6880678219597556)
3.5200000000000027 (-16.039542841743827, 1.0, 2.738340931468691)
3.5400000000000027 (-15.997826229734239, 1.0, 2.79765780158578)
3.5600000000000027 (-15.961512902014974, 1.0, 2.866150399858318)
3.5800000000000027 (-15.93209261070158, 1.0, 2.944080288396077)
3.6000000000000028 (-15.910924946768203, 1.0, 3.031583949095353)
3.6200000000000028 (-15.899184545509092, 1.0, 3.128498776740304)
3.640000000000003 (-15.897912326344095, 1.0, 3.2343180398614866)
3.660000000000003 (-15.90790100178569, 1.0, 3.3487277579765755)
3.680000000000003 (-15.926350835779957, 1.0, 3.465802485707502)
3.700000000000003 (-15.949869757967583, 1.0, 3.577596961596367)
3.720000000000003 (-15.978365103956135, 1.0, 3.68135252577714)
3.740000000000003 (-16.01300098496059, 1.0, 3.777107248932588)
3.760000000000003 (-16.053911463025393, 1.0, 3.865926706449572)
3.780000000000003 (-16.101186256006027, 1.0, 3.9503900169135346)
3.800000000000003 (-16.154243000708775, 1.0, 4.032921318717136)
3.820000000000003 (-16.210517162246436, 1.0, 4.113614598582333)
3.840000000000003 (-16.266324053900235, 1.0, 4.190683575349019)
3.860000000000003 (-16.3191432645028, 1.0, 4.262571721640699)
3.880000000000003 (-16.36746575706455, 1.0, 4.328414378313137)
3.900000000000003 (-16.41020288436629, 1.0, 4.387840277485982)
3.920000000000003 (-16.446292298235605, 1.0, 4.440778379382263)
3.940000000000003 (-16.47452321767261, 1.0, 4.487304394227507)
3.960000000000003 (-16.49347952413578, 1.0, 4.527450792009818)
3.980000000000003 (-16.501564835370658, 1.0, 4.56104737494011)
4.000000000000003 (-16.497124050086473, 1.0, 4.587620898824374)
4.020000000000002 (-16.478507782814678, 1.0, 4.606314897899568)
4.040000000000002 (-16.44420395640154, 1.0, 4.6158151159531515)
4.060000000000001 (-16.392989560555126, 1.0, 4.6143773951503455)
4.080000000000001 (-16.325965857943167, 1.0, 4.601166521032547)
4.1000000000000005 (-16.24732862185419, 1.0, 4.579218974919546)
4.12 (-16.16025454060651, 1.0, 4.552195623600743)
4.14 (-16.068540018126264, 1.0, 4.521833751986221)
4.159999999999999 (-15.976903893050094, 1.0, 4.489882756715521)
4.179999999999999 (-15.888550399149356, 1.0, 4.456160903250008)
4.199999999999998 (-15.806418218064316, 1.0, 4.419701750653339)
4.219999999999998 (-15.732545881597, 1.0, 4.3814363774648655)
4.2399999999999975 (-15.66812806159219, 1.0, 4.343065720340492)
4.259999999999997 (-15.61318870250251, 1.0, 4.306897671279469)
4.279999999999997 (-15.566797529823502, 1.0, 4.275179033111219)
4.299999999999996 (-15.52747603426494, 1.0, 4.249559273591754)
4.319999999999996 (-15.493466886187184, 1.0, 4.231080094796619)
4.339999999999995 (-15.463075403768336, 1.0, 4.2203116816635164)
4.359999999999995 (-15.434580510959558, 1.0, 4.217467808784002)
4.379999999999995 (-15.406318465127997, 1.0, 4.222438855945267)
4.399999999999994 (-15.376713032947013, 1.0, 4.234829853354156)
4.419999999999994 (-15.344998409388003, 1.0, 4.253969154345916)
4.439999999999993 (-15.311310263477779, 1.0, 4.279844797075589)
4.459999999999993 (-15.275871425421315, 1.0, 4.3130576894736645)
4.479999999999992 (-15.239098695768499, 1.0, 4.35429381424545)
4.499999999999992 (-15.20158250127478, 1.0, 4.4041191217738795)
4.519999999999992 (-15.164029321367378, 1.0, 4.463008979341284)
4.539999999999991 (-15.12724599054732, 1.0, 4.531342108692553)
4.559999999999991 (-15.092215447377688, 1.0, 4.6092307966437085)
4.57999999999999 (-15.060060965096772, 1.0, 4.696669186891813)
4.59999999999999 (-15.032153794119179, 1.0, 4.793615469154161)
4.6199999999999894 (-15.010057682742811, 1.0, 4.90055316643337)
4.639999999999989 (-14.992162291275056, 1.0, 5.0106359571466745)
4.659999999999989 (-14.978182963741888, 1.0, 5.117117550075311)
4.679999999999988 (-14.969298596678165, 1.0, 5.219013133975088)
4.699999999999988 (-14.966750622362923, 1.0, 5.316481679328034)
4.719999999999987 (-14.97070814763689, 1.0, 5.410209873546693)
4.739999999999987 (-14.981831504302306, 1.0, 5.502731597044118)
4.7599999999999865 (-14.999222602953491, 1.0, 5.5960447940777716)
4.779999999999986 (-15.020049847847325, 1.0, 5.68794087602694)
4.799999999999986 (-15.042500114774288, 1.0, 5.775508023902891)
4.819999999999985 (-15.06535805183263, 1.0, 5.8568352142608955)
4.839999999999985 (-15.087514600836192, 1.0, 5.93068143051255)
4.859999999999984 (-15.10789904980155, 1.0, 5.996266909440652)
4.879999999999984 (-15.125454347358742, 1.0, 6.053150985707888)
4.8999999999999835 (-15.139096094260447, 1.0, 6.101186153604924)
4.919999999999983 (-15.14779330021351, 1.0, 6.140632643163165)
4.939999999999983 (-15.150610312095528, 1.0, 6.172082180220224)
4.959999999999982 (-15.146186214921938, 1.0, 6.195979227034453)
4.979999999999982 (-15.13275455996857, 1.0, 6.212189084145855)
4.999999999999981 (-15.108684026710703, 1.0, 6.21977650560455)
5.019999999999981 (-15.072632704554515, 1.0, 6.217165852679804)
5.0399999999999805 (-15.02368299582832, 1.0, 6.202264903604588)
5.05999999999998 (-14.961457032461702, 1.0, 6.172610039710206)
5.07999999999998 (-14.886185815146662, 1.0, 6.125591577802089)
5.099999999999979 (-14.799598769389107, 1.0, 6.0606106922954615)
5.119999999999979 (-14.705336983320226, 1.0, 5.98200077306074)
5.139999999999978 (-14.605183890737104, 1.0, 5.895129945434455)
5.159999999999978 (-14.502188401358223, 1.0, 5.803217564281026)
5.1799999999999775 (-14.40057018479719, 1.0, 5.709108759729271)
5.199999999999977 (-14.30358247695863, 1.0, 5.6125668983736405)
5.219999999999977 (-14.214274335637157, 1.0, 5.513914468081578)
5.239999999999976 (-14.134271254590946, 1.0, 5.415254814757834)
5.259999999999976 (-14.06410398368117, 1.0, 5.319127724694397)
5.279999999999975 (-14.002832793139188, 1.0, 5.228152954532322)
5.299999999999975 (-13.948540087991034, 1.0, 5.144216954658862)
5.3199999999999745 (-13.89899184785145, 1.0, 5.068290185758167)
5.339999999999974 (-13.852060327426447, 1.0, 5.000674735327533)
5.359999999999974 (-13.805810894697178, 1.0, 4.941265331923797)
5.379999999999973 (-13.758664566972651, 1.0, 4.889702351177383)
5.399999999999973 (-13.709547564134631, 1.0, 4.845606178951718)
5.419999999999972 (-13.657676417995052, 1.0, 4.8087767300998525)
5.439999999999972 (-13.602519571408578, 1.0, 4.77924688639937)
5.4599999999999715 (-13.543833701612387, 1.0, 4.757220888321408)
5.479999999999971 (-13.481574894354926, 1.0, 4.743099272503528)
5.499999999999971 (-13.415791175613888, 1.0, 4.737457689123869)
5.51999999999997 (-13.346686502840527, 1.0, 4.7409073269917394)
5.53999999999997 (-13.274712828095616, 1.0, 4.754078590196243)
5.559999999999969 (-13.200740032811316, 1.0, 4.777788356942941)
5.579999999999969 (-13.125806650336573, 1.0, 4.813142799944159)
5.599999999999969 (-13.050941024251891, 1.0, 4.861165038613692)
5.619999999999968 (-12.977214187076514, 1.0, 4.922499173274935)
5.639999999999968 (-12.90571662826849, 1.0, 4.9974485505857436)
5.659999999999967 (-12.837633682433637, 1.0, 5.082100207144108)
5.679999999999967 (-12.774724716668977, 1.0, 5.167682763240589)
5.699999999999966 (-12.719020199894834, 1.0, 5.250796946182241)
5.719999999999966 (-12.671727792960533, 1.0, 5.332067583410573)
5.739999999999966 (-12.633037005399247, 1.0, 5.412252192101028)
5.759999999999965 (-12.601923755206535, 1.0, 5.493490099450553)
5.779999999999965 (-12.576622711216428, 1.0, 5.577541920664942)
5.799999999999964 (-12.555114617867153, 1.0, 5.663044930654487)
5.819999999999964 (-12.535835946148527, 1.0, 5.746385589733741)
5.839999999999963 (-12.518131044104766, 1.0, 5.824597132077135)
5.859999999999963 (-12.501659240850739, 1.0, 5.895928269539291)
5.879999999999963 (-12.486078863446306, 1.0, 5.9594278995122165)
5.899999999999962 (-12.470819881516787, 1.0, 6.014485648670875)
5.919999999999962 (-12.45504385078766, 1.0, 6.060518745705115)
5.939999999999961 (-12.437716743783852, 1.0, 6.096778277297751)
5.959999999999961 (-12.417666336434502, 1.0, 6.122348949376921)
5.9799999999999605 (-12.393747299005561, 1.0, 6.136060697795883)
5.99999999999996 (-12.364921853916666, 1.0, 6.136308623040849)
6.01999999999996 (-12.33054168254949, 1.0, 6.1211311643542174)
6.039999999999959 (-12.29044243260043, 1.0, 6.088329475995688)
6.059999999999959 (-12.245021508631249, 1.0, 6.035608541785501)
6.079999999999958 (-12.195747998997353, 1.0, 5.96229321248199)
6.099999999999958 (-12.144309926312328, 1.0, 5.873413147560969)
6.1199999999999575 (-12.090322408546541, 1.0, 5.774322621944855)
6.139999999999957 (-12.035307443922841, 1.0, 5.669023614874652)
6.159999999999957 (-11.981640972843996, 1.0, 5.562087295253653)
6.179999999999956 (-11.931752777217092, 1.0, 5.455224251463876)
6.199999999999956 (-11.888778414337535, 1.0, 5.349726016353716)
6.219999999999955 (-11.853798230672693, 1.0, 5.247916238816505)
6.239999999999955 (-11.826378106702862, 1.0, 5.152278396050935)
6.2599999999999545 (-11.804888356305392, 1.0, 5.064808028956443)
6.279999999999954 (-11.786976676956618, 1.0, 4.986627156378329)
6.299999999999954 (-11.770231701601066, 1.0, 4.917940320680077)
6.319999999999953 (-11.752556994952014, 1.0, 4.858287150166395)
6.339999999999953 (-11.732185867359926, 1.0, 4.806874673349036)
6.359999999999952 (-11.707710025332302, 1.0, 4.7626990339639805)
6.379999999999952 (-11.677956393603985, 1.0, 4.7245241574375285)
6.3999999999999515 (-11.64215930864213, 1.0, 4.690981456495789)
6.419999999999951 (-11.60036854373592, 1.0, 4.661424645645616)
6.439999999999951 (-11.552448398629952, 1.0, 4.635873606410143)
6.45999999999995 (-11.49812399143201, 1.0, 4.614703230009067)
6.47999999999995 (-11.437149115070845, 1.0, 4.598476006220577)
6.499999999999949 (-11.369435260723932, 1.0, 4.587836600101607)
6.519999999999949 (-11.294987100093113, 1.0, 4.583500266854167)
6.5399999999999485 (-11.213991142542858, 1.0, 4.586229441150753)
6.559999999999948 (-11.126980599724394, 1.0, 4.597039292792256)
6.579999999999948 (-11.034589938400183, 1.0, 4.617389638423666)
6.599999999999947 (-10.937465390219387, 1.0, 4.648768650397281)
6.619999999999947 (-10.836412082903173, 1.0, 4.692324618830765)
6.639999999999946 (-10.732200938628822, 1.0, 4.748655435660525)
6.659999999999946 (-10.629916990612896, 1.0, 4.809575265262023)
6.6799999999999455 (-10.534381234413724, 1.0, 4.8703244256566665)
6.699999999999945 (-10.44690398190311, 1.0, 4.931543588762341)
6.719999999999945 (-10.367923455831836, 1.0, 4.994357861678222)
6.739999999999944 (-10.296334780782995, 1.0, 5.060157664613394)
6.759999999999944 (-10.230068825595607, 1.0, 5.130710008608064)
6.779999999999943 (-10.167095738472364, 1.0, 5.205927529563496)
6.799999999999943 (-10.1071201204831, 1.0, 5.281973365919291)
6.8199999999999426 (-10.050964277918661, 1.0, 5.355322131129573)
6.839999999999942 (-9.999071825346297, 1.0, 5.423842521693347)
6.859999999999942 (-9.951555206215026, 1.0, 5.4859503978217905)
6.879999999999941 (-9.908340783427734, 1.0, 5.5405659697972265)
6.899999999999941 (-9.869072563073457, 1.0, 5.587172143409485)
6.91999999999994 (-9.833121607626342, 1.0, 5.625163170189993)
6.93999999999994 (-9.799620666278052, 1.0, 5.653712713141788)
6.95999999999994 (-9.767598564520739, 1.0, 5.671651851053532)
6.979999999999939 (-9.73629455974952, 1.0, 5.67740786351359)
6.999999999999939 (-9.70541888335954, 1.0, 5.669126950443871)
7.019999999999938 (-9.675231238129664, 1.0, 5.644818951188575)
7.039999999999938 (-9.646333856289091, 1.0, 5.6024762214031165)
7.059999999999937 (-9.619889988687087, 1.0, 5.54001981572214)
7.079999999999937 (-9.597631009368621, 1.0, 5.455623205516562)
7.099999999999937 (-9.581282303450958, 1.0, 5.352065176219743)
7.119999999999936 (-9.568900903693153, 1.0, 5.23508771708808)
7.139999999999936 (-9.558674170208652, 1.0, 5.1094080243172995)
7.159999999999935 (-9.550629400178364, 1.0, 4.97979481875541)
7.179999999999935 (-9.545639048468807, 1.0, 4.85070237714702)
7.1999999999999345 (-9.54587690540993, 1.0, 4.724578600100759)
7.219999999999934 (-9.55245379663004, 1.0, 4.603839519149524)
7.239999999999934 (-9.564592293248651, 1.0, 4.490923835170333)
7.259999999999933 (-9.580438489461432, 1.0, 4.387549823195072)
7.279999999999933 (-9.597333208078409, 1.0, 4.294347080934242)
7.299999999999932 (-9.612703474999835, 1.0, 4.210825455543874)
7.319999999999932 (-9.6245231418404, 1.0, 4.135788770734552)
7.3399999999999315 (-9.631330559959043, 1.0, 4.067754852060851)
7.359999999999931 (-9.63206967736448, 1.0, 4.005150087906927)
7.379999999999931 (-9.626113451533733, 1.0, 3.946477999815147)
7.39999999999993 (-9.613204205426982, 1.0, 3.89067642319926)
7.41999999999993 (-9.593067713716371, 1.0, 3.8370652384340187)
7.439999999999929 (-9.565386405321055, 1.0, 3.7853104747071304)
7.459999999999929 (-9.529852216521974, 1.0, 3.7354014877173616)
7.4799999999999285 (-9.486129639980382, 1.0, 3.6875940249495622)
7.499999999999928 (-9.433846529719597, 1.0, 3.6423331685167453)
7.519999999999928 (-9.372694779409596, 1.0, 3.60020894080589)
7.539999999999927 (-9.302452437619893, 1.0, 3.561921040767486)
7.559999999999927 (-9.22315160650914, 1.0, 3.5284184689975384)
7.579999999999926 (-9.134802775672627, 1.0, 3.5011204159356817)
7.599999999999926 (-9.037342468121869, 1.0, 3.4816660105150006)
7.6199999999999255 (-8.930919505271346, 1.0, 3.471526881273022)
7.639999999999925 (-8.81580684124508, 1.0, 3.4717316876746995)
7.659999999999925 (-8.699560324689239, 1.0, 3.477365092737348)
7.679999999999924 (-8.588806775529198, 1.0, 3.4860785411981783)
7.699999999999924 (-8.484599291472483, 1.0, 3.498901783418444)
7.719999999999923 (-8.38688214019617, 1.0, 3.5170118810597764)
7.739999999999923 (-8.294287456580623, 1.0, 3.540913599705567)
7.7599999999999225 (-8.20426561030447, 1.0, 3.5713323668206316)
7.779999999999922 (-8.115350428437504, 1.0, 3.6070955026508353)
7.799999999999922 (-8.029192482839756, 1.0, 3.64466216928642)
7.819999999999921 (-7.948033978458217, 1.0, 3.6813590394695663)
7.839999999999921 (-7.873090485443949, 1.0, 3.7155465846795623)
7.85999999999992 (-7.805138243110956, 1.0, 3.7459785320462426)
7.87999999999992 (-7.744431378035108, 1.0, 3.7719218849412464)
7.8999999999999195 (-7.690886196173395, 1.0, 3.792653654382439)
7.919999999999919 (-7.644260225709537, 1.0, 3.807255389881208)
7.939999999999919 (-7.604143260696149, 1.0, 3.8145396687992332)
7.959999999999918 (-7.570219847922696, 1.0, 3.8129690934363816)
7.979999999999918 (-7.542569616058109, 1.0, 3.800761425281313)
7.999999999999917 (-7.521819730077018, 1.0, 3.7761391299072615)
8.019999999999918 (-7.509137445037796, 1.0, 3.7374689285114626)
8.039999999999917 (-7.505958508635636, 1.0, 3.6832574616131795)
8.059999999999917 (-7.514190567972771, 1.0, 3.6121999783050276)
8.079999999999917 (-7.536187613545404, 1.0, 3.5234629739387344)
8.099999999999916 (-7.571586391898565, 1.0, 3.421096673444532)
8.119999999999916 (-7.615468382453704, 1.0, 3.3089604204550143)
8.139999999999915 (-7.664596559897658, 1.0, 3.190403053932788)
8.159999999999915 (-7.71700936485606, 1.0, 3.069783203428242)
8.179999999999914 (-7.771914063204135, 1.0, 2.9511243222855894)
8.199999999999914 (-7.8302827572251426, 1.0, 2.8376978334585257)
8.219999999999914 (-7.891903447283551, 1.0, 2.732210390319748)
8.239999999999913 (-7.954556990146564, 1.0, 2.6361435101293234)
8.259999999999913 (-8.015869508315808, 1.0, 2.5501739083542945)
8.279999999999912 (-8.07324763297932, 1.0, 2.4736162402093567)
8.299999999999912 (-8.124671982970469, 1.0, 2.404795936997405)
8.319999999999911 (-8.168937290563788, 1.0, 2.341752276034768)
8.339999999999911 (-8.205418711334964, 1.0, 2.2824981361319936)
8.35999999999991 (-8.233889206891138, 1.0, 2.225169457363308)
8.37999999999991 (-8.254490769617663, 1.0, 2.1680906335233168)
8.39999999999991 (-8.267576526868158, 1.0, 2.1101503359466727)
8.41999999999991 (-8.273281081702457, 1.0, 2.050705626104968)
8.439999999999909 (-8.27149273439747, 1.0, 1.9893799094786973)
8.459999999999908 (-8.261903380843329, 1.0, 1.9260409300621404)
8.479999999999908 (-8.244067211561775, 1.0, 1.8607475477779538)
8.499999999999908 (-8.21747609900998, 1.0, 1.7937309957604686)
8.519999999999907 (-8.18163055860823, 1.0, 1.7254154136178583)
8.539999999999907 (-8.135969887247354, 1.0, 1.6565954818824156)
8.559999999999906 (-8.079704829866012, 1.0, 1.588414521758651)
8.579999999999906 (-8.011979012551155, 1.0, 1.5220694088898348)
8.599999999999905 (-7.932205761596248, 1.0, 1.458718945305913)
8.619999999999905 (-7.84021862288227, 1.0, 1.3995384463883351)
8.639999999999905 (-7.7361689377895075, 1.0, 1.3456246555295819)
8.659999999999904 (-7.629185566953392, 1.0, 1.29581389371899)
8.679999999999904 (-7.526437496797951, 1.0, 1.2509681952425726)
8.699999999999903 (-7.42828057006725, 1.0, 1.2126100033951945)
8.719999999999903 (-7.3340254981725765, 1.0, 1.1818652195858168)
8.739999999999903 (-7.242006753582265, 1.0, 1.1587841637576612)
8.759999999999902 (-7.14952425968609, 1.0, 1.1428885450690103)
8.779999999999902 (-7.055065166578689, 1.0, 1.1325649964372684)
8.799999999999901 (-6.961262114149707, 1.0, 1.125179622445056)
8.8199999999999 (-6.871438638902844, 1.0, 1.1191433303451137)
8.8399999999999 (-6.787672000043443, 1.0, 1.1134965591750858)
8.8599999999999 (-6.711392652571203, 1.0, 1.1073615686955318)
8.8799999999999 (-6.643475684412944, 1.0, 1.1000494456423289)
8.899999999999899 (-6.584139607990853, 1.0, 1.0909742834531315)
8.919999999999899 (-6.533533747468122, 1.0, 1.079270250438945)
8.939999999999898 (-6.491941170543484, 1.0, 1.063774055334246)
8.959999999999898 (-6.4597497217924476, 1.0, 1.0430131700506151)
8.979999999999897 (-6.437820066805199, 1.0, 1.0154394312222568)
8.999999999999897 (-6.427542554248294, 1.0, 0.9797429247217845)
9.019999999999897 (-6.430760881271082, 1.0, 0.9350175350640918)
9.039999999999896 (-6.449512759772367, 1.0, 0.8806135827156786)
9.059999999999896 (-6.486195826146732, 1.0, 0.8162796920271654)
9.079999999999895 (-6.543400627021684, 1.0, 0.742398331600075)
9.099999999999895 (-6.61906539243925, 1.0, 0.6624690186442782)
9.119999999999894 (-6.707101385209451, 1.0, 0.5778131063804872)
9.139999999999894 (-6.803071419501784, 1.0, 0.4900342048802164)
9.159999999999894 (-6.903193850324684, 1.0, 0.40218074957186734)
9.179999999999893 (-7.00498182000383, 1.0, 0.31746441269833975)
9.199999999999893 (-7.107703587281612, 1.0, 0.23915942895297523)
9.219999999999892 (-7.209731929493545, 1.0, 0.16941760018844468)
9.239999999999892 (-7.308521555741891, 1.0, 0.10899934552665622)
9.259999999999891 (-7.401505789107362, 1.0, 0.05721135578218023)
9.279999999999891 (-7.486667479110996, 1.0, 0.01208264857749744)
9.29999999999989 (-7.562995104966743, 1.0, -0.028799482115100947)
9.31999999999989 (-7.630331570540425, 1.0, -0.06776694498012201)
9.33999999999989 (-7.689051287110941, 1.0, -0.10686316455594691)
9.35999999999989 (-7.739831333147319, 1.0, -0.14784518738412428)
9.379999999999889 (-7.783559169503245, 1.0, -0.1920789125580087)
9.399999999999888 (-7.820975980353711, 1.0, -0.24034459750310927)
9.419999999999888 (-7.852480643218991, 1.0, -0.29321268751200064)
9.439999999999888 (-7.878163495326706, 1.0, -0.3511046670810963)
9.459999999999887 (-7.897849822569621, 1.0, -0.414282675764808)
9.479999999999887 (-7.911140426163675, 1.0, -0.48289930776743833)
9.499999999999886 (-7.917473091249903, 1.0, -0.557025467970565)
9.519999999999886 (-7.916201275768051, 1.0, -0.6366112047122198)
9.539999999999885 (-7.906638104804017, 1.0, -0.721473014821623)
9.559999999999885 (-7.888023888169979, 1.0, -0.811077394180773)
9.579999999999885 (-7.859198685549496, 1.0, -0.9046324883950254)
9.599999999999884 (-7.818779990068152, 1.0, -1.0012952537969404)
9.619999999999884 (-7.765637533654128, 1.0, -1.1001546618279558)
9.639999999999883 (-7.698985755087982, 1.0, -1.2004151558211282)
9.659999999999883 (-7.62600024896127, 1.0, -1.2989655283247765)
9.679999999999882 (-7.5531644105208064, 1.0, -1.391480931564887)
9.699999999999882 (-7.4808490792637405, 1.0, -1.4762443562058627)
9.719999999999882 (-7.408023575687123, 1.0, -1.552580045431139)
9.739999999999881 (-7.333627400427539, 1.0, -1.6212773048623244)
9.75999999999988 (-7.25549374142246, 1.0, -1.6839910825560416)
9.77999999999988 (-7.173472955513329, 1.0, -1.7426149460761937)
9.79999999999988 (-7.091406868864347, 1.0, -1.7978459653219852)
9.81999999999988 (-7.012917136219166, 1.0, -1.8493489714428504)
9.839999999999879 (-6.940064297528231, 1.0, -1.8970087677805032)
9.859999999999879 (-6.874264618187867, 1.0, -1.940825553481691)
9.879999999999878 (-6.816238135548156, 1.0, -1.9809555709470021)
9.899999999999878 (-6.766549074021373, 1.0, -2.017889959883771)
9.919999999999877 (-6.725840695136341, 1.0, -2.052420534443126)
9.939999999999877 (-6.6949482854497, 1.0, -2.0855353833677177)
9.959999999999877 (-6.674984932885688, 1.0, -2.1183038487168915)
9.979999999999876 (-6.667418355048439, 1.0, -2.1516183772448474)
9.999999999999876 (-6.674035684676968, 1.0, -2.186013469572267)
