0.0 (-8.25, 1.0, 0.0)
0.02 (-8.250822893757615, 1.0, -0.0040962907621551825)
0.04 (-8.259933855739716, 1.0, -0.008744030823240824)
0.06 (-8.279872992548944, 1.0, 0.010923453960382096)
0.08 (-8.307408078062751, 1.0, 0.053175221840362684)
0.1 (-8.346440384480358, 1.0, 0.11864053548026768)
0.12000000000000001 (-8.393528709394467, 1.0, 0.210466555507189)
0.14 (-8.437804207197066, 1.0, 0.3246633852201943)
0.16 (-8.46981329226628, 1.0, 0.45977036336381355)
0.18 (-8.487847692893872, 1.0, 0.6232117752630844)
0.19999999999999998 (-8.504707922716042, 1.0, 0.8282898830915423)
0.21999999999999997 (-8.532659462761291, 1.0, 1.0667218152821754)
0.23999999999999996 (-8.575725960814017, 1.0, 1.3055493535020948)
0.25999999999999995 (-8.63555521296139, 1.0, 1.5143502269305342)
0.27999999999999997 (-8.702978039568917, 1.0, 1.6950133256554345)
0.3 (-8.76601266001266, 1.0, 1.8518132623530608)
0.32 (-8.8206070332437, 1.0, 1.9896793451675105)
0.34 (-8.867533860618382, 1.0, 2.1154234745387983)
0.36000000000000004 (-8.910104207107217, 1.0, 2.231380896178116)
0.38000000000000006 (-8.95118328669193, 1.0, 2.3369661366595738)
0.4000000000000001 (-8.991442730059097, 1.0, 2.434604263413103)
0.4200000000000001 (-9.031015931316537, 1.0, 2.526395018747631)
0.4400000000000001 (-9.070661974526763, 1.0, 2.611485639208721)
0.46000000000000013 (-9.111098057652214, 1.0, 2.688016377787806)
0.48000000000000015 (-9.152791556769674, 1.0, 2.755596425160082)
0.5000000000000001 (-9.196386971778628, 1.0, 2.8140027213540653)
0.5200000000000001 (-9.24200309264622, 1.0, 2.8633976934277814)
0.5400000000000001 (-9.288586996223518, 1.0, 2.904461104471382)
0.5600000000000002 (-9.33536714956065, 1.0, 2.9373644332082733)
0.5800000000000002 (-9.382125598630997, 1.0, 2.9620502571142224)
0.6000000000000002 (-9.428762085798137, 1.0, 2.9786726232795284)
0.6200000000000002 (-9.475075448713417, 1.0, 2.9875841002518433)
0.6400000000000002 (-9.520720991718527, 1.0, 2.989231021560952)
0.6600000000000003 (-9.565015050710775, 1.0, 2.984335665462302)
0.6800000000000003 (-9.60736632343749, 1.0, 2.9742006805528964)
0.7000000000000003 (-9.64878322942191, 1.0, 2.959809959371067)
0.7200000000000003 (-9.69112141225184, 1.0, 2.9417063579852445)
0.7400000000000003 (-9.736303229478452, 1.0, 2.9201155687572213)
0.7600000000000003 (-9.786182458856555, 1.0, 2.894831778676113)
0.7800000000000004 (-9.842098432604995, 1.0, 2.8653932668178492)
0.8000000000000004 (-9.898871878727922, 1.0, 2.835735364858499)
0.8200000000000004 (-9.952699118918975, 1.0, 2.8094498887895654)
0.8400000000000004 (-10.003417520039484, 1.0, 2.7877347510706345)
0.8600000000000004 (-10.050787219001151, 1.0, 2.771006308860829)
0.8800000000000004 (-10.094667692166883, 1.0, 2.7601067172342044)
0.9000000000000005 (-10.13597982016852, 1.0, 2.7544507473002375)
0.9200000000000005 (-10.174706548188718, 1.0, 2.752745620049822)
0.9400000000000005 (-10.21003332053775, 1.0, 2.7539595880094865)
0.9600000000000005 (-10.240839687571423, 1.0, 2.7575602044294794)
0.9800000000000005 (-10.26612253529596, 1.0, 2.7631866036992245)
1.0000000000000004 (-10.284964965329173, 1.0, 2.7705897070201835)
1.0200000000000005 (-10.29562181952831, 1.0, 2.7800166318469066)
1.0400000000000005 (-10.295775649900103, 1.0, 2.7917906505563566)
1.0600000000000005 (-10.28367350738193, 1.0, 2.8046361079011812)
1.0800000000000005 (-10.260336895999387, 1.0, 2.813387697893392)
1.1000000000000005 (-10.227332441218964, 1.0, 2.8160451940325344)
1.1200000000000006 (-10.187574377972377, 1.0, 2.8110491151291632)
1.1400000000000006 (-10.142675865695791, 1.0, 2.7986408407095484)
1.1600000000000006 (-10.083285073688417, 1.0, 2.776703287344046)
1.1800000000000006 (-10.016498076941215, 1.0, 2.7435393043133054)
1.2000000000000006 (-9.946136895007207, 1.0, 2.708874631488253)
1.2200000000000006 (-9.873387136860138, 1.0, 2.6743130153291785)
1.2400000000000007 (-9.797011398969296, 1.0, 2.6417260216201806)
1.2600000000000007 (-9.734965377518234, 1.0, 2.6195839753672874)
1.2800000000000007 (-9.684872387238693, 1.0, 2.6125297832287857)
1.3000000000000007 (-9.630664043736425, 1.0, 2.6087490101058757)
1.3200000000000007 (-9.571833411206358, 1.0, 2.6067505999641103)
1.3400000000000007 (-9.511173131337143, 1.0, 2.6064497237133386)
1.3600000000000008 (-9.451525667696224, 1.0, 2.6069259784255956)
1.3800000000000008 (-9.399699345091989, 1.0, 2.606473870102398)
1.4000000000000008 (-9.361334602908295, 1.0, 2.603989871153178)
1.4200000000000008 (-9.335716704316813, 1.0, 2.6008595736516895)
1.4400000000000008 (-9.320336412525325, 1.0, 2.5987584303044065)
1.4600000000000009 (-9.313806529366984, 1.0, 2.598091374875987)
1.4800000000000009 (-9.315635881488841, 1.0, 2.597707382026523)
1.5000000000000009 (-9.324012308570499, 1.0, 2.59518941964772)
1.520000000000001 (-9.336235596265997, 1.0, 2.5885591361558444)
1.540000000000001 (-9.35051147755306, 1.0, 2.5758880060884928)
1.560000000000001 (-9.365723236320322, 1.0, 2.5555986584195405)
1.580000000000001 (-9.38112127730763, 1.0, 2.5265902836447496)
1.600000000000001 (-9.396119134577726, 1.0, 2.4881133473674097)
1.620000000000001 (-9.410148462003004, 1.0, 2.4395849381362082)
1.640000000000001 (-9.422348383868322, 1.0, 2.380610707326874)
1.660000000000001 (-9.432017172632788, 1.0, 2.311364004578966)
1.680000000000001 (-9.440528689036544, 1.0, 2.231852994952309)
1.700000000000001 (-9.448919615487316, 1.0, 2.142629754481744)
1.720000000000001 (-9.45208762161639, 1.0, 2.0496233141733846)
1.740000000000001 (-9.44937365997176, 1.0, 1.9563180087174172)
1.7600000000000011 (-9.445352097698754, 1.0, 1.8614457656398)
1.7800000000000011 (-9.444110199032187, 1.0, 1.7630544250242166)
1.8000000000000012 (-9.44578440702753, 1.0, 1.6616076096305532)
1.8200000000000012 (-9.448946237371516, 1.0, 1.5581244682976176)
1.8400000000000012 (-9.452205246714902, 1.0, 1.4536895608600953)
1.8600000000000012 (-9.454312319845577, 1.0, 1.3497929224422982)
1.8800000000000012 (-9.454156464449449, 1.0, 1.2483196096373534)
1.9000000000000012 (-9.450667794177715, 1.0, 1.1519164191081885)
1.9200000000000013 (-9.442647038166141, 1.0, 1.0646533068905648)
1.9400000000000013 (-9.42979699067216, 1.0, 0.9912751898901793)
1.9600000000000013 (-9.4123139571582, 1.0, 0.9347098953931963)
1.9800000000000013 (-9.390435616523352, 1.0, 0.8964960403875643)
2.0000000000000013 (-9.364356063636643, 1.0, 0.8772013381888312)
2.0200000000000014 (-9.334184368792892, 1.0, 0.8765902536494137)
2.0400000000000014 (-9.300070269562037, 1.0, 0.8934298833595572)
2.0600000000000014 (-9.262011249109642, 1.0, 0.9260154290344736)
2.0800000000000014 (-9.220513247238056, 1.0, 0.970869094886943)
2.1000000000000014 (-9.17744595201914, 1.0, 1.021705190644607)
2.1200000000000014 (-9.136406889897684, 1.0, 1.0717375447274295)
2.1400000000000015 (-9.102054309863922, 1.0, 1.1161535829246345)
2.1600000000000015 (-9.075576652579844, 1.0, 1.15247548091483)
2.1800000000000015 (-9.050462159900173, 1.0, 1.1914753345152895)
2.2000000000000015 (-9.024530990620965, 1.0, 1.2399787078621105)
2.2200000000000015 (-9.00170925634474, 1.0, 1.2853653362621242)
2.2400000000000015 (-8.981810201156332, 1.0, 1.3200087911258236)
2.2600000000000016 (-8.963261212060907, 1.0, 1.345102305997745)
2.2800000000000016 (-8.94409378227756, 1.0, 1.3617545960241721)
2.3000000000000016 (-8.922168303464819, 1.0, 1.373624692030666)
2.3200000000000016 (-8.898316936034023, 1.0, 1.383394619725566)
2.3400000000000016 (-8.87468853137982, 1.0, 1.3921846175319474)
2.3600000000000017 (-8.85293678107713, 1.0, 1.4009366453464196)
2.3800000000000017 (-8.83408602011391, 1.0, 1.4105727940151485)
2.4000000000000017 (-8.818758588486855, 1.0, 1.4218481411302824)
2.4200000000000017 (-8.807278100263286, 1.0, 1.43530357348866)
2.4400000000000017 (-8.799715515120631, 1.0, 1.451261660706262)
2.4600000000000017 (-8.795952216992443, 1.0, 1.4698067828754746)
2.4800000000000018 (-8.795727479508553, 1.0, 1.4907705236462159)
2.5000000000000018 (-8.798638894382108, 1.0, 1.513726155606312)
2.520000000000002 (-8.804604311946173, 1.0, 1.5373346977720879)
2.540000000000002 (-8.815314532671955, 1.0, 1.556065643674158)
2.560000000000002 (-8.829370895959176, 1.0, 1.5671920630298815)
2.580000000000002 (-8.845818474684638, 1.0, 1.5696481079684461)
2.600000000000002 (-8.864441381669845, 1.0, 1.563178313256625)
2.620000000000002 (-8.884910316545453, 1.0, 1.5476069035576872)
2.640000000000002 (-8.906658096165025, 1.0, 1.5233102164220786)
2.660000000000002 (-8.929020006311891, 1.0, 1.4911139453646087)
2.680000000000002 (-8.952859180507263, 1.0, 1.4521615181846408)
2.700000000000002 (-8.980581203874074, 1.0, 1.4071751435083468)
2.720000000000002 (-9.01484137596281, 1.0, 1.3562267012479414)
2.740000000000002 (-9.049276195692226, 1.0, 1.3031530985884954)
2.760000000000002 (-9.07977527259689, 1.0, 1.2508974570889047)
2.780000000000002 (-9.106283366345917, 1.0, 1.2010984856007882)
2.800000000000002 (-9.132621283399907, 1.0, 1.1527920604085284)
2.820000000000002 (-9.159958240120446, 1.0, 1.1061149512100805)
2.840000000000002 (-9.188542774972872, 1.0, 1.0607476204946051)
2.860000000000002 (-9.217413509429845, 1.0, 1.016551418263223)
2.880000000000002 (-9.24454400564661, 1.0, 0.9740123592440483)
2.900000000000002 (-9.267754071588648, 1.0, 0.9340420901654723)
2.920000000000002 (-9.285530306338863, 1.0, 0.8972658614706582)
2.940000000000002 (-9.296988451325822, 1.0, 0.8643759165918572)
2.960000000000002 (-9.301587255948705, 1.0, 0.8361521625496697)
2.980000000000002 (-9.299141923273753, 1.0, 0.8133067628676031)
3.000000000000002 (-9.28971626421435, 1.0, 0.7963879855224667)
3.0200000000000022 (-9.273593405327297, 1.0, 0.7856933802483811)
3.0400000000000023 (-9.251056135413885, 1.0, 0.7815311695992722)
3.0600000000000023 (-9.222635481763792, 1.0, 0.7837810788997249)
3.0800000000000023 (-9.189158897134098, 1.0, 0.7919055193694913)
3.1000000000000023 (-9.151046273108888, 1.0, 0.8049015618339583)
3.1200000000000023 (-9.107018897788134, 1.0, 0.8212488817241134)
3.1400000000000023 (-9.054936344869398, 1.0, 0.8386078561890244)
3.1600000000000024 (-9.00227791752981, 1.0, 0.846162463059618)
3.1800000000000024 (-8.953853590213091, 1.0, 0.8401633875183276)
3.2000000000000024 (-8.90938870047097, 1.0, 0.8224838133969268)
3.2200000000000024 (-8.868498255736228, 1.0, 0.796143762327835)
3.2400000000000024 (-8.827331247385505, 1.0, 0.7652495565588842)
3.2600000000000025 (-8.784486709544577, 1.0, 0.7322298762595311)
3.2800000000000025 (-8.74205755680691, 1.0, 0.6981461727599874)
3.3000000000000025 (-8.702269073692731, 1.0, 0.6640421930830154)
3.3200000000000025 (-8.666584610559866, 1.0, 0.6310670919717474)
3.3400000000000025 (-8.635742570575443, 1.0, 0.6003859066941628)
3.3600000000000025 (-8.61018785858814, 1.0, 0.5730525427057984)
3.3800000000000026 (-8.590241338110816, 1.0, 0.5497983870903481)
3.4000000000000026 (-8.576226023030983, 1.0, 0.5311656136646589)
3.4200000000000026 (-8.56818790763212, 1.0, 0.5175392936262986)
3.4400000000000026 (-8.564965359297252, 1.0, 0.5091122478095503)
3.4600000000000026 (-8.56508932363643, 1.0, 0.5057409087086824)
3.4800000000000026 (-8.567707096516404, 1.0, 0.5068609229374703)
3.5000000000000027 (-8.572348431500142, 1.0, 0.5114734847667322)
3.5200000000000027 (-8.58189316133744, 1.0, 0.5166565160342882)
3.5400000000000027 (-8.596715265080942, 1.0, 0.5193137335034683)
3.5600000000000027 (-8.616388811756194, 1.0, 0.5177097231724859)
3.5800000000000027 (-8.64081409848936, 1.0, 0.5109324465352904)
3.6000000000000028 (-8.669882563819458, 1.0, 0.49862549988493265)
3.6200000000000028 (-8.703336275741634, 1.0, 0.4806976836087645)
3.640000000000003 (-8.740763966112295, 1.0, 0.4570626400372912)
3.660000000000003 (-8.781810367530014, 1.0, 0.4275647734916224)
3.680000000000003 (-8.82566515106177, 1.0, 0.391894389820998)
3.700000000000003 (-8.869854513519861, 1.0, 0.34996034817436694)
3.720000000000003 (-8.914492005748079, 1.0, 0.30263282587003687)
3.740000000000003 (-8.961625307070578, 1.0, 0.2509471496928543)
3.760000000000003 (-9.008243331579688, 1.0, 0.19553354027168954)
3.780000000000003 (-9.048045688252802, 1.0, 0.1376846483673695)
3.800000000000003 (-9.080619663605768, 1.0, 0.07931151205279775)
3.820000000000003 (-9.111600229561517, 1.0, 0.021451392396443413)
3.840000000000003 (-9.14322770634746, 1.0, -0.03519292625912415)
3.860000000000003 (-9.175678636844584, 1.0, -0.09091926116343504)
3.880000000000003 (-9.207346364443522, 1.0, -0.14632229097279012)
3.900000000000003 (-9.236257616698875, 1.0, -0.2017296666991684)
3.920000000000003 (-9.260614581830131, 1.0, -0.25705296121809734)
3.940000000000003 (-9.278995531622957, 1.0, -0.31197474209186477)
3.960000000000003 (-9.290452053150803, 1.0, -0.36595726226848746)
3.980000000000003 (-9.294359454838752, 1.0, -0.4183428350640508)
4.000000000000003 (-9.290411358190973, 1.0, -0.46843220351774834)
4.020000000000002 (-9.278558954995098, 1.0, -0.5154029890753598)
4.040000000000002 (-9.259028097664396, 1.0, -0.5583972144640484)
4.060000000000001 (-9.232432146978756, 1.0, -0.5968233173504919)
4.080000000000001 (-9.199510513900645, 1.0, -0.6304509452576101)
4.1000000000000005 (-9.160605461300554, 1.0, -0.6597078168828613)
4.12 (-9.115090720877276, 1.0, -0.6859512987261398)
4.14 (-9.062135186523617, 1.0, -0.7114735860784123)
4.159999999999999 (-9.005962695060992, 1.0, -0.7399755067983688)
4.179999999999999 (-8.957918917193048, 1.0, -0.7767518168185813)
4.199999999999998 (-8.919146809174425, 1.0, -0.8211697471357989)
4.219999999999998 (-8.888308069649462, 1.0, -0.8712777360790752)
4.2399999999999975 (-8.864005431744546, 1.0, -0.9257769219339105)
4.259999999999997 (-8.842338735091673, 1.0, -0.9830360691786412)
4.279999999999997 (-8.821756437309935, 1.0, -1.041076904061769)
4.299999999999996 (-8.803094162417896, 1.0, -1.0978452637625569)
4.319999999999996 (-8.787145693753889, 1.0, -1.1516347734948638)
4.339999999999995 (-8.774110914692539, 1.0, -1.201118681527851)
4.359999999999995 (-8.76394715465771, 1.0, -1.2453059353632012)
4.379999999999995 (-8.756725890931989, 1.0, -1.2834605179820835)
4.399999999999994 (-8.752647041230537, 1.0, -1.3150560784022018)
4.419999999999994 (-8.751694017685786, 1.0, -1.3398242843012698)
4.439999999999993 (-8.752912682756735, 1.0, -1.3579858127547284)
4.459999999999993 (-8.75526885667967, 1.0, -1.370076800282577)
4.479999999999992 (-8.758428143472635, 1.0, -1.3767296610963862)
4.499999999999992 (-8.762329536718559, 1.0, -1.3787018356503775)
4.519999999999992 (-8.766959388319352, 1.0, -1.376863648337939)
4.539999999999991 (-8.772315468283434, 1.0, -1.3722367166564988)
4.559999999999991 (-8.778359936071812, 1.0, -1.3661123445379237)
4.57999999999999 (-8.790033648495386, 1.0, -1.3612677051486846)
4.59999999999999 (-8.810553494879311, 1.0, -1.362019410842811)
4.6199999999999894 (-8.839765706019364, 1.0, -1.370717296579869)
4.639999999999989 (-8.877133289614033, 1.0, -1.3879622183330949)
4.659999999999989 (-8.921095536674613, 1.0, -1.4133553163887986)
4.679999999999988 (-8.972234678304948, 1.0, -1.4444238380897287)
4.699999999999988 (-9.032654900651252, 1.0, -1.4783744592734427)
4.719999999999987 (-9.099876220999487, 1.0, -1.5142992364230172)
4.739999999999987 (-9.165890422777105, 1.0, -1.5528488843411803)
4.7599999999999865 (-9.22882555887748, 1.0, -1.5929974451716522)
4.779999999999986 (-9.292034499937872, 1.0, -1.632848978129099)
4.799999999999986 (-9.356540930442348, 1.0, -1.6712099707981554)
4.819999999999985 (-9.422515939868804, 1.0, -1.7079298675984884)
4.839999999999985 (-9.489293872698775, 1.0, -1.7435324231678115)
4.859999999999984 (-9.555566777465556, 1.0, -1.7784918850815252)
4.879999999999984 (-9.619668328766092, 1.0, -1.8130439624473909)
4.8999999999999835 (-9.679851060743708, 1.0, -1.8472298465646007)
4.919999999999983 (-9.734092728005162, 1.0, -1.881050088347555)
4.939999999999983 (-9.77999813077201, 1.0, -1.9143505570901909)
4.959999999999982 (-9.81558023567553, 1.0, -1.9465816379493084)
4.979999999999982 (-9.839356889394884, 1.0, -1.9767870829195606)
4.999999999999981 (-9.850517122638264, 1.0, -2.0041479991759905)
5.019999999999981 (-9.848690079797436, 1.0, -2.028189302067102)
5.0399999999999805 (-9.83395917445716, 1.0, -2.048852966038606)
5.05999999999998 (-9.807078693486282, 1.0, -2.066546059218949)
5.07999999999998 (-9.769615127214962, 1.0, -2.08215768484204)
5.099999999999979 (-9.724177180242393, 1.0, -2.0968749759328267)
5.119999999999979 (-9.674555104292583, 1.0, -2.112021486013414)
5.139999999999978 (-9.62507411110021, 1.0, -2.129636617598007)
5.159999999999978 (-9.575666761844776, 1.0, -2.150509837151854)
5.1799999999999775 (-9.530915535956884, 1.0, -2.1718930359955344)
5.199999999999977 (-9.498142603198353, 1.0, -2.196550403191619)
5.219999999999977 (-9.476030568466404, 1.0, -2.2256650628815264)
5.239999999999976 (-9.463208311850666, 1.0, -2.2585155941868216)
5.259999999999976 (-9.454808709197579, 1.0, -2.295196304823112)
5.279999999999975 (-9.447640406034095, 1.0, -2.3353079951608167)
5.299999999999975 (-9.44125932303209, 1.0, -2.376538323665992)
5.3199999999999745 (-9.436254879659812, 1.0, -2.4166140272409806)
5.339999999999974 (-9.432862082682055, 1.0, -2.4537168391071322)
5.359999999999974 (-9.430894426932753, 1.0, -2.4865015631477507)
5.379999999999973 (-9.430020701843036, 1.0, -2.5140011615549405)
5.399999999999973 (-9.429768646093972, 1.0, -2.5356524639253313)
5.419999999999972 (-9.429554614239416, 1.0, -2.5513189797376192)
5.439999999999972 (-9.428920372177013, 1.0, -2.561136602765983)
5.4599999999999715 (-9.427600522443091, 1.0, -2.5655090045894955)
5.479999999999971 (-9.425477464483665, 1.0, -2.5650907705351664)
5.499999999999971 (-9.422669794099116, 1.0, -2.560700583605181)
5.51999999999997 (-9.421560607655175, 1.0, -2.552966521406877)
5.53999999999997 (-9.426628145082516, 1.0, -2.5432587080550797)
5.559999999999969 (-9.439099169063772, 1.0, -2.533763745785245)
5.579999999999969 (-9.459500399895239, 1.0, -2.5255741681696517)
5.599999999999969 (-9.488020384502665, 1.0, -2.5190736703072116)
5.619999999999968 (-9.524516718108304, 1.0, -2.514417737537894)
5.639999999999968 (-9.568707456895813, 1.0, -2.5118073713474787)
5.659999999999967 (-9.620156298437161, 1.0, -2.51173509711304)
5.679999999999967 (-9.67768067089486, 1.0, -2.5150413103147473)
5.699999999999966 (-9.740649388353186, 1.0, -2.520844725464177)
5.719999999999966 (-9.80986779569347, 1.0, -2.5267632911716866)
5.739999999999966 (-9.884436647203202, 1.0, -2.5324675156782606)
5.759999999999965 (-9.956968340668663, 1.0, -2.5428387502936296)
5.779999999999965 (-10.02539936702148, 1.0, -2.557455658646923)
5.799999999999964 (-10.09134947663563, 1.0, -2.5731203683523143)
5.819999999999964 (-10.157146168025047, 1.0, -2.5868878441057412)
5.839999999999963 (-10.223206301863534, 1.0, -2.598313052709735)
5.859999999999963 (-10.288734929601262, 1.0, -2.608830731149055)
5.879999999999963 (-10.352439491477238, 1.0, -2.62020930184226)
5.899999999999962 (-10.412821368768606, 1.0, -2.63385784126505)
5.919999999999962 (-10.468713482444116, 1.0, -2.6507715094644375)
5.939999999999961 (-10.518953870943728, 1.0, -2.671403620615516)
5.959999999999961 (-10.562393711044821, 1.0, -2.6960293583682065)
5.9799999999999605 (-10.598073243641856, 1.0, -2.7245277199163276)
5.99999999999996 (-10.625437502372813, 1.0, -2.756460927488207)
6.01999999999996 (-10.644336449536976, 1.0, -2.791329732117816)
6.039999999999959 (-10.654234313177138, 1.0, -2.8285993573821453)
6.059999999999959 (-10.655205957354807, 1.0, -2.8677004383583236)
6.079999999999958 (-10.647873560985046, 1.0, -2.9081980159181846)
6.099999999999958 (-10.633153373594322, 1.0, -2.9501730551814975)
6.1199999999999575 (-10.611895505503279, 1.0, -2.9949823515990723)
6.139999999999957 (-10.585246677523548, 1.0, -3.044911491977284)
6.159999999999957 (-10.55936060377658, 1.0, -3.099493538329271)
6.179999999999956 (-10.54644788968997, 1.0, -3.1551584537534016)
6.199999999999956 (-10.546829207444626, 1.0, -3.2107833745817733)
6.219999999999955 (-10.55815615723841, 1.0, -3.265750373399738)
6.239999999999955 (-10.57695225413273, 1.0, -3.3206616719078372)
6.2599999999999545 (-10.59926241670516, 1.0, -3.3767957110742044)
6.279999999999954 (-10.623126864699419, 1.0, -3.4334141087608843)
6.299999999999954 (-10.647966749707539, 1.0, -3.4882699847796936)
6.319999999999953 (-10.673276793236518, 1.0, -3.539405004437273)
6.339999999999953 (-10.698283978360916, 1.0, -3.5855637933268327)
6.359999999999952 (-10.722175522041049, 1.0, -3.6259675733612737)
6.379999999999952 (-10.744324145445125, 1.0, -3.660030612740841)
6.3999999999999515 (-10.76433246048731, 1.0, -3.687249935786618)
6.419999999999951 (-10.781705514194808, 1.0, -3.70769871226024)
6.439999999999951 (-10.79580610247661, 1.0, -3.72236613970297)
6.45999999999995 (-10.806401827121636, 1.0, -3.7322156433181286)
6.47999999999995 (-10.813738520657632, 1.0, -3.737946824900235)
6.499999999999949 (-10.818322247604764, 1.0, -3.740360311491923)
6.519999999999949 (-10.821304151148848, 1.0, -3.74000260552573)
6.5399999999999485 (-10.827911312484526, 1.0, -3.7351022362171644)
6.559999999999948 (-10.841145879851867, 1.0, -3.7271424127971544)
6.579999999999948 (-10.862263235560597, 1.0, -3.7172409649998577)
6.599999999999947 (-10.891797698190816, 1.0, -3.705800281494016)
6.619999999999947 (-10.929779612525726, 1.0, -3.6930253578211354)
6.639999999999946 (-10.976055681248317, 1.0, -3.679030922199774)
6.659999999999946 (-11.030227107116335, 1.0, -3.664692602346357)
6.6799999999999455 (-11.091110376419243, 1.0, -3.650761103235379)
6.699999999999945 (-11.157987209540272, 1.0, -3.6349453068455704)
6.719999999999945 (-11.230787884834077, 1.0, -3.6141304324232877)
6.739999999999944 (-11.306871890842478, 1.0, -3.5921417225871974)
6.759999999999944 (-11.382718772376927, 1.0, -3.573912472270441)
6.779999999999943 (-11.456484140812533, 1.0, -3.559782226954334)
6.799999999999943 (-11.529812045554863, 1.0, -3.5444525408954717)
6.8199999999999426 (-11.602597639519013, 1.0, -3.526555270983161)
6.839999999999942 (-11.674903673165625, 1.0, -3.5065672979459386)
6.859999999999942 (-11.746626284906858, 1.0, -3.485796261401068)
6.879999999999941 (-11.81718254651776, 1.0, -3.466020379001077)
6.899999999999941 (-11.885676760930515, 1.0, -3.449336833228902)
6.91999999999994 (-11.951101454468324, 1.0, -3.437331741514111)
6.93999999999994 (-12.0123802032904, 1.0, -3.4310514841807986)
6.95999999999994 (-12.068356094542342, 1.0, -3.4311394725169677)
6.979999999999939 (-12.117854045341788, 1.0, -3.4378913553478334)
6.999999999999939 (-12.159805324597823, 1.0, -3.4513208393804975)
7.019999999999938 (-12.193420605417723, 1.0, -3.4713629233025536)
7.039999999999938 (-12.218770084058594, 1.0, -3.4975011359568016)
7.059999999999937 (-12.236140784610795, 1.0, -3.529311571021855)
7.079999999999937 (-12.24623057674475, 1.0, -3.566324060282204)
7.099999999999937 (-12.250071458268478, 1.0, -3.6077645168557457)
7.119999999999936 (-12.24874930688811, 1.0, -3.653586199258331)
7.139999999999936 (-12.243740991312798, 1.0, -3.705038258484609)
7.159999999999935 (-12.237566527468829, 1.0, -3.7610404951258474)
7.179999999999935 (-12.23823964850143, 1.0, -3.8124005070235523)
7.1999999999999345 (-12.250194033711209, 1.0, -3.856498681713812)
7.219999999999934 (-12.272076296289667, 1.0, -3.8953436026617974)
7.239999999999934 (-12.302607609330108, 1.0, -3.92937802820801)
7.259999999999933 (-12.338381837760442, 1.0, -3.9623823122484896)
7.279999999999933 (-12.376984327505086, 1.0, -3.996067051511735)
7.299999999999932 (-12.416506775972316, 1.0, -4.029037563917328)
7.319999999999932 (-12.455590020485928, 1.0, -4.05945038624209)
7.3399999999999315 (-12.492972841732087, 1.0, -4.086113595209961)
7.359999999999931 (-12.527512750317204, 1.0, -4.108443667282463)
7.379999999999931 (-12.55829213966469, 1.0, -4.1261418218917845)
7.39999999999993 (-12.584617880287936, 1.0, -4.139258114593829)
7.41999999999993 (-12.60604257749004, 1.0, -4.14826577076083)
7.439999999999929 (-12.622417619037511, 1.0, -4.153709908134328)
7.459999999999929 (-12.633903769303208, 1.0, -4.156083741559994)
7.4799999999999285 (-12.640915118558445, 1.0, -4.155861080428556)
7.499999999999928 (-12.644095294037166, 1.0, -4.153450850367595)
7.519999999999928 (-12.644357186999102, 1.0, -4.149276929687628)
7.539999999999927 (-12.644526288759884, 1.0, -4.140922106769643)
7.559999999999927 (-12.648925546881868, 1.0, -4.1262627650005665)
7.579999999999926 (-12.659930270090175, 1.0, -4.105950064909758)
7.599999999999926 (-12.678505240095756, 1.0, -4.0803037734836325)
7.6199999999999255 (-12.704867460205783, 1.0, -4.049492461619107)
7.639999999999925 (-12.738904798645978, 1.0, -4.013686796972202)
7.659999999999925 (-12.780535401942474, 1.0, -3.9737154706273943)
7.679999999999924 (-12.829008795885322, 1.0, -3.9307803979264495)
7.699999999999924 (-12.8827803178425, 1.0, -3.883243470294523)
7.719999999999923 (-12.940603665513915, 1.0, -3.828397925114667)
7.739999999999923 (-13.001272501322546, 1.0, -3.77458888750078)
7.7599999999999225 (-13.063297965100006, 1.0, -3.725717576679025)
7.779999999999922 (-13.124838708210593, 1.0, -3.680944510398377)
7.799999999999922 (-13.185234342672487, 1.0, -3.6345513051298006)
7.819999999999921 (-13.243906173324024, 1.0, -3.5854426630741503)
7.839999999999921 (-13.30112420772541, 1.0, -3.534715105612965)
7.85999999999992 (-13.35730953681524, 1.0, -3.4840325548271984)
7.87999999999992 (-13.41261934598621, 1.0, -3.4355304322474054)
7.8999999999999195 (-13.467127169041436, 1.0, -3.3913771800985204)
7.919999999999919 (-13.520537176547936, 1.0, -3.3533162829255185)
7.939999999999919 (-13.572268918859752, 1.0, -3.322683094921769)
7.959999999999918 (-13.621503922943909, 1.0, -3.300559789257558)
7.979999999999918 (-13.66726197661571, 1.0, -3.2877245672793785)
7.999999999999917 (-13.708581171760912, 1.0, -3.2846647978885137)
8.019999999999918 (-13.744869747147671, 1.0, -3.2915101432556346)
8.039999999999917 (-13.775953517747254, 1.0, -3.308038532093039)
8.059999999999917 (-13.802040594339266, 1.0, -3.3338604688094984)
8.079999999999917 (-13.823738919495767, 1.0, -3.3681116180328425)
8.099999999999916 (-13.842073474035372, 1.0, -3.409179175717191)
8.119999999999916 (-13.859216384804029, 1.0, -3.455126569974882)
8.139999999999915 (-13.87681148348648, 1.0, -3.5066565499861615)
8.159999999999915 (-13.896095138758506, 1.0, -3.563069680916404)
8.179999999999914 (-13.921133117207454, 1.0, -3.6120226729265754)
8.199999999999914 (-13.954237917184063, 1.0, -3.6492227599183678)
8.219999999999914 (-13.994625401229554, 1.0, -3.6769076125648352)
8.239999999999913 (-14.04103238521487, 1.0, -3.6965018993814565)
8.259999999999913 (-14.091859937704976, 1.0, -3.713126353309808)
8.279999999999912 (-14.14542432406155, 1.0, -3.7293724192064723)
8.299999999999912 (-14.199499064074374, 1.0, -3.7444366257856982)
8.319999999999911 (-14.25210078789555, 1.0, -3.7572456624159574)
8.339999999999911 (-14.301615827026046, 1.0, -3.7673840884264562)
8.35999999999991 (-14.346788231747167, 1.0, -3.774893364481068)
8.37999999999991 (-14.386658952070672, 1.0, -3.7799094092221095)
8.39999999999991 (-14.420589217393097, 1.0, -3.78272559036175)
8.41999999999991 (-14.448389620056426, 1.0, -3.784028409228161)
8.439999999999909 (-14.4702665731941, 1.0, -3.7845479956947305)
8.459999999999908 (-14.486683315442393, 1.0, -3.7847511908145997)
8.479999999999908 (-14.498340566429272, 1.0, -3.78487018743387)
8.499999999999908 (-14.506183105653045, 1.0, -3.78443615193509)
8.519999999999907 (-14.511952414929697, 1.0, -3.7789932509692625)
8.539999999999907 (-14.518307797625257, 1.0, -3.76727152610405)
8.559999999999906 (-14.526774399715018, 1.0, -3.748827464593279)
8.579999999999906 (-14.538045113698333, 1.0, -3.7233190304363064)
8.599999999999905 (-14.552351418917535, 1.0, -3.6906636634367493)
8.619999999999905 (-14.569814839477928, 1.0, -3.650999257324518)
8.639999999999905 (-14.59061274000193, 1.0, -3.604524023578336)
8.659999999999904 (-14.615308047214915, 1.0, -3.551987828007046)
8.679999999999904 (-14.643743801347865, 1.0, -3.4945676299239405)
8.699999999999903 (-14.673735471775299, 1.0, -3.4314824398624997)
8.719999999999903 (-14.702786635117588, 1.0, -3.3609330777986846)
8.739999999999903 (-14.731750635343378, 1.0, -3.285996428227652)
8.759999999999902 (-14.763128956081578, 1.0, -3.21326516504409)
8.779999999999902 (-14.796373370992209, 1.0, -3.1446284507972524)
8.799999999999901 (-14.828622298273126, 1.0, -3.0765365931409963)
8.8199999999999 (-14.858535892760738, 1.0, -3.007717866847907)
8.8399999999999 (-14.88632489030287, 1.0, -2.938161217062866)
8.8599999999999 (-14.912932780140782, 1.0, -2.8685700102137055)
8.8799999999999 (-14.939524565143278, 1.0, -2.800418623147567)
8.899999999999899 (-14.967270639911519, 1.0, -2.735726044562565)
8.919999999999899 (-14.996973706627895, 1.0, -2.6760519155456497)
8.939999999999898 (-15.028822943747672, 1.0, -2.62271057870344)
8.959999999999898 (-15.062738724896526, 1.0, -2.5769622461341126)
8.979999999999897 (-15.098351140048395, 1.0, -2.53985835280456)
8.999999999999897 (-15.135135538217288, 1.0, -2.5121259020547155)
9.019999999999897 (-15.172576279888059, 1.0, -2.494234147206268)
9.039999999999896 (-15.210292888321487, 1.0, -2.485916789661249)
9.059999999999896 (-15.247910913927928, 1.0, -2.486908848744599)
9.079999999999895 (-15.285350472396528, 1.0, -2.4968803379496585)
9.099999999999895 (-15.322600089864379, 1.0, -2.514919024077744)
9.119999999999894 (-15.360603150722994, 1.0, -2.53989194477613)
9.139999999999894 (-15.401526994014972, 1.0, -2.571092925156149)
9.159999999999894 (-15.445475583871039, 1.0, -2.6051502252538445)
9.179999999999893 (-15.490684878407158, 1.0, -2.628992827778435)
9.199999999999893 (-15.537409188018398, 1.0, -2.6393558763341862)
9.219999999999892 (-15.585871974250798, 1.0, -2.638798562286993)
9.239999999999892 (-15.635714073723268, 1.0, -2.6288873720876147)
9.259999999999891 (-15.687951627828117, 1.0, -2.614538303127655)
9.279999999999891 (-15.742151694990186, 1.0, -2.598643170663413)
9.29999999999989 (-15.79592059574854, 1.0, -2.581473141667305)
9.31999999999989 (-15.846974270703472, 1.0, -2.562998383380536)
9.33999999999989 (-15.893663320301085, 1.0, -2.5435970491472095)
9.35999999999989 (-15.934884943163407, 1.0, -2.523886772269878)
9.379999999999889 (-15.969874429762331, 1.0, -2.5044464397221633)
9.399999999999888 (-15.998285449283971, 1.0, -2.485885353764877)
9.419999999999888 (-16.0202970385334, 1.0, -2.4688911554781843)
9.439999999999888 (-16.036338585902737, 1.0, -2.453948652511956)
9.459999999999887 (-16.046948738948494, 1.0, -2.4412419441774524)
9.479999999999887 (-16.052770172615922, 1.0, -2.4307174463641994)
9.499999999999886 (-16.054534904171184, 1.0, -2.4220991480696887)
9.519999999999886 (-16.053134541098007, 1.0, -2.414894878505878)
9.539999999999885 (-16.048135733361853, 1.0, -2.405295475465008)
9.559999999999885 (-16.040349691104566, 1.0, -2.388674833049337)
9.579999999999885 (-16.03161334750185, 1.0, -2.3634999374874734)
9.599999999999884 (-16.022699983945685, 1.0, -2.329160528430976)
9.619999999999884 (-16.01385232451001, 1.0, -2.2855660922814494)
9.639999999999883 (-16.005163796816813, 1.0, -2.232891461818483)
9.659999999999883 (-15.997152899895081, 1.0, -2.171570121685481)
9.679999999999882 (-15.990584117370561, 1.0, -2.1028165751649537)
9.699999999999882 (-15.983564699466417, 1.0, -2.0270576797796753)
9.719999999999882 (-15.97320242241404, 1.0, -1.9437919085740567)
9.739999999999881 (-15.96578238282802, 1.0, -1.858886784834341)
9.75999999999988 (-15.963475653620144, 1.0, -1.7757685350303067)
9.77999999999988 (-15.964111299027774, 1.0, -1.695247272676794)
9.79999999999988 (-15.962512399333582, 1.0, -1.6146167742772235)
9.81999999999988 (-15.95738230720654, 1.0, -1.533677522857359)
9.839999999999879 (-15.94995896937358, 1.0, -1.4529803635064298)
9.859999999999879 (-15.941973029642817, 1.0, -1.3731773369187232)
9.879999999999878 (-15.935406985294806, 1.0, -1.2953411686269618)
9.899999999999878 (-15.931907741809008, 1.0, -1.2206696460424942)
9.919999999999877 (-15.932655087018954, 1.0, -1.1503422756217099)
9.939999999999877 (-15.938455340002122, 1.0, -1.0856687171496162)
9.959999999999877 (-15.949772097771369, 1.0, -1.0280440288315176)
9.979999999999876 (-15.966734006727478, 1.0, -0.9788224824865465)
9.999999999999876 (-15.989251657846992, 1.0, -0.9391355183982826)
0.0 (-8.25, 1.0, 0.0)
0.02 (-8.248252484667917, 1.0, -0.05515556155646356)
0.04 (-8.239046197529719, 1.0, -0.16686715108953457)
0.06 (-8.215720333502867, 1.0, -0.31874561804791174)
0.08 (-8.168746109193632, 1.0, -0.44276219988400584)
0.1 (-8.107558545159664, 1.0, -0.5222943718840861)
0.12000000000000001 (-8.047277122137109, 1.0, -0.5675446862760793)
0.14 (-7.993445391552213, 1.0, -0.5842758486630477)
0.16 (-7.947908404361001, 1.0, -0.5796019620675776)
0.18 (-7.91212749787618, 1.0, -0.5605666447924283)
0.19999999999999998 (-7.886867242389362, 1.0, -0.5325686350736448)
0.21999999999999997 (-7.872034258530908, 1.0, -0.49961175194573965)
0.23999999999999996 (-7.866910352274067, 1.0, -0.4647493282118596)
0.25999999999999995 (-7.870322009294455, 1.0, -0.4303773087133045)
0.27999999999999997 (-7.8808188409446345, 1.0, -0.3983821352397375)
0.3 (-7.89683986494941, 1.0, -0.3702458444369027)
0.32 (-7.916845210304523, 1.0, -0.3471022232170765)
0.34 (-7.939378310767177, 1.0, -0.32985226219841085)
0.36000000000000004 (-7.963165964314564, 1.0, -0.31913148012748077)
0.38000000000000006 (-7.987128845676953, 1.0, -0.3153553215165065)
0.4000000000000001 (-8.01039860284542, 1.0, -0.3187480703425516)
0.4200000000000001 (-8.032320174297116, 1.0, -0.3293584351396142)
0.4400000000000001 (-8.052437497668897, 1.0, -0.34707578090119406)
0.46000000000000013 (-8.070479431424905, 1.0, -0.3715032711525554)
0.48000000000000015 (-8.08629221231827, 1.0, -0.4024585924796176)
0.5000000000000001 (-8.099840294784109, 1.0, -0.4394286577668765)
0.5200000000000001 (-8.111176551097474, 1.0, -0.48177358916176377)
0.5400000000000001 (-8.120403518116023, 1.0, -0.528770383385357)
0.5600000000000002 (-8.127630234576229, 1.0, -0.5796035226821821)
0.5800000000000002 (-8.132956242281312, 1.0, -0.6333819648426416)
0.6000000000000002 (-8.136500147914418, 1.0, -0.6891165486731214)
0.6200000000000002 (-8.138266220071083, 1.0, -0.7459197450100747)
0.6400000000000002 (-8.138226263674035, 1.0, -0.8026668063271857)
0.6600000000000003 (-8.136355475651117, 1.0, -0.8583023647790018)
0.6800000000000003 (-8.132591702191336, 1.0, -0.9118060458905686)
0.7000000000000003 (-8.126822281388309, 1.0, -0.9621925464067139)
0.7200000000000003 (-8.118906529364818, 1.0, -1.008554877688547)
0.7400000000000003 (-8.108698779927884, 1.0, -1.050089095808276)
0.7600000000000003 (-8.096066069898374, 1.0, -1.0861125878840183)
0.7800000000000004 (-8.080907519747031, 1.0, -1.116081899667961)
0.8000000000000004 (-8.063175579824398, 1.0, -1.1396066933398665)
0.8200000000000004 (-8.042896484353399, 1.0, -1.1564573436022154)
0.8400000000000004 (-8.020146741429173, 1.0, -1.1666307905333955)
0.8600000000000004 (-7.995234529395663, 1.0, -1.1701283788915087)
0.8800000000000004 (-7.9684707402722035, 1.0, -1.167187715542963)
0.9000000000000005 (-7.94027775695426, 1.0, -1.1581693271276452)
0.9200000000000005 (-7.911206886667506, 1.0, -1.1435403419759274)
0.9400000000000005 (-7.881902863564741, 1.0, -1.123848026144774)
0.9600000000000005 (-7.853062452739515, 1.0, -1.0996006206225009)
0.9800000000000005 (-7.825476652846184, 1.0, -1.0715372601994035)
1.0000000000000004 (-7.799875036214737, 1.0, -1.0402410037840453)
1.0200000000000005 (-7.776984226738517, 1.0, -1.0062884647430672)
1.0400000000000005 (-7.757482252087101, 1.0, -0.9701930433390255)
1.0600000000000005 (-7.741948958640074, 1.0, -0.9324017436518736)
1.0800000000000005 (-7.730845551927499, 1.0, -0.893300458379201)
1.1000000000000005 (-7.724496335005347, 1.0, -0.8532235572675098)
1.1200000000000006 (-7.723076398797805, 1.0, -0.8124732417631545)
1.1400000000000006 (-7.726606595793178, 1.0, -0.7713458595512799)
1.1600000000000006 (-7.734955507176252, 1.0, -0.7301608401364835)
1.1800000000000006 (-7.747847919448602, 1.0, -0.6892874462301828)
1.2000000000000006 (-7.764879219054882, 1.0, -0.6491646772964931)
1.2200000000000006 (-7.785489387781607, 1.0, -0.610347749817873)
1.2400000000000007 (-7.8091670830509905, 1.0, -0.573333775297618)
1.2600000000000007 (-7.835224538890438, 1.0, -0.538847786328195)
1.2800000000000007 (-7.8629254332647704, 1.0, -0.5076185152752243)
1.3000000000000007 (-7.891572793026779, 1.0, -0.48036122419097993)
1.3200000000000007 (-7.920483795420144, 1.0, -0.45777020658214507)
1.3400000000000007 (-7.9490566821224435, 1.0, -0.4403861253759153)
1.3600000000000008 (-7.976619022422308, 1.0, -0.4289226711490786)
1.3800000000000008 (-8.002702830100192, 1.0, -0.4238594878148633)
1.4000000000000008 (-8.0269119102981, 1.0, -0.4255200107747068)
1.4200000000000008 (-8.048929347723794, 1.0, -0.43410132626481035)
1.4400000000000008 (-8.06853519536828, 1.0, -0.4496537563068761)
1.4600000000000009 (-8.085567469771616, 1.0, -0.47235099217170434)
1.4800000000000009 (-8.100032483130562, 1.0, -0.501542745560586)
1.5000000000000009 (-8.111972147831704, 1.0, -0.5368403110074014)
1.520000000000001 (-8.121454893405291, 1.0, -0.5777406699227445)
1.540000000000001 (-8.128575817551585, 1.0, -0.6235731389652589)
1.560000000000001 (-8.13346907116643, 1.0, -0.6735504028920708)
1.580000000000001 (-8.136278932669086, 1.0, -0.7267710557549005)
1.600000000000001 (-8.137164898098305, 1.0, -0.7822176008868615)
1.620000000000001 (-8.1361898175919, 1.0, -0.8389189231961433)
1.640000000000001 (-8.133396157190823, 1.0, -0.8957155979409885)
1.660000000000001 (-8.128818636714952, 1.0, -0.9514989055347595)
1.680000000000001 (-8.122454261011326, 1.0, -1.0051923297328496)
1.700000000000001 (-8.114252271801082, 1.0, -1.0557603981607093)
1.720000000000001 (-8.104130875029837, 1.0, -1.1022501178866158)
1.740000000000001 (-8.091996516578197, 1.0, -1.1438172306712988)
1.7600000000000011 (-8.077760399893226, 1.0, -1.179746259648122)
1.7800000000000011 (-8.061357050394697, 1.0, -1.2094690107237545)
1.8000000000000012 (-8.042764811799065, 1.0, -1.2325788310570762)
1.8200000000000012 (-8.022025947977117, 1.0, -1.2488385370020738)
1.8400000000000012 (-7.99922326633572, 1.0, -1.2582383212517618)
1.8600000000000012 (-7.97465902520992, 1.0, -1.2608029748923586)
1.8800000000000012 (-7.948634414682688, 1.0, -1.2567880571749124)
1.9000000000000012 (-7.921554982867811, 1.0, -1.2465809993745853)
1.9200000000000013 (-7.893946715043552, 1.0, -1.2306848635321062)
1.9400000000000013 (-7.866423837900535, 1.0, -1.209689539921658)
1.9600000000000013 (-7.8396553614555815, 1.0, -1.1841522844848575)
1.9800000000000013 (-7.814388357032004, 1.0, -1.1548625969944502)
2.0000000000000013 (-7.791319480900062, 1.0, -1.1224542575465706)
2.0200000000000014 (-7.771141658773358, 1.0, -1.087553942877087)
2.0400000000000014 (-7.754502116286574, 1.0, -1.0507226338010842)
2.0600000000000014 (-7.741953745258593, 1.0, -1.012448907798483)
2.0800000000000014 (-7.733934234748316, 1.0, -0.9731525794423111)
2.1000000000000014 (-7.73074723115627, 1.0, -0.9331929308885042)
2.1200000000000014 (-7.732548832700711, 1.0, -0.8928870616600512)
2.1400000000000015 (-7.739340866329339, 1.0, -0.8525356522022103)
2.1600000000000015 (-7.750970935773696, 1.0, -0.8124518067778045)
2.1800000000000015 (-7.767139078064736, 1.0, -0.7729881624263095)
2.2000000000000015 (-7.787410803612566, 1.0, -0.734557554319175)
2.2200000000000015 (-7.811187774744233, 1.0, -0.6976777810879767)
2.2400000000000015 (-7.8379238884488185, 1.0, -0.6628109337093119)
2.2600000000000016 (-7.866880346144016, 1.0, -0.6306340679156335)
2.2800000000000016 (-7.897268894244996, 1.0, -0.6018237900754321)
2.3000000000000016 (-7.928340648558494, 1.0, -0.5770454868497434)
2.3200000000000016 (-7.959362095923071, 1.0, -0.5569440238362251)
2.3400000000000016 (-7.989690228492947, 1.0, -0.542017801268389)
2.3600000000000017 (-8.018601608262847, 1.0, -0.5329283393163271)
2.3800000000000017 (-8.045590607728938, 1.0, -0.5301197700231303)
2.4000000000000017 (-8.070234414546963, 1.0, -0.5338858091114234)
2.4200000000000017 (-8.092198575992517, 1.0, -0.5443993875022816)
2.4400000000000017 (-8.111255908647289, 1.0, -0.561693790553585)
2.4600000000000017 (-8.127228178040577, 1.0, -0.5859304108765498)
2.4800000000000018 (-8.140164628852817, 1.0, -0.6164583211000259)
2.5000000000000018 (-8.15013157965389, 1.0, -0.652891699269449)
2.520000000000002 (-8.157230279901325, 1.0, -0.6947328101592817)
2.540000000000002 (-8.16160105730671, 1.0, -0.7413186167576553)
2.560000000000002 (-8.163432196905118, 1.0, -0.7918727469700791)
2.580000000000002 (-8.162930936742749, 1.0, -0.8455058954369435)
2.600000000000002 (-8.160328847963557, 1.0, -0.9012141290551083)
2.620000000000002 (-8.155758061049479, 1.0, -0.9580332741679645)
2.640000000000002 (-8.149344849196183, 1.0, -1.0148093800511282)
2.660000000000002 (-8.141204866874308, 1.0, -1.0704388226802157)
2.680000000000002 (-8.131414478455518, 1.0, -1.1238474370886609)
2.700000000000002 (-8.120000027739016, 1.0, -1.1739984697404744)
2.720000000000002 (-8.106951469562315, 1.0, -1.2199351402586116)
2.740000000000002 (-8.092239626059833, 1.0, -1.2608082146027806)
2.760000000000002 (-8.075831108748279, 1.0, -1.2958971842067761)
2.780000000000002 (-8.057705375280738, 1.0, -1.3246300811529195)
2.800000000000002 (-8.037874011629043, 1.0, -1.3465992278577492)
2.820000000000002 (-8.01640007584118, 1.0, -1.3615706640395628)
2.840000000000002 (-7.993370300643371, 1.0, -1.3695401952423436)
2.860000000000002 (-7.969087880023326, 1.0, -1.3705545570930997)
2.880000000000002 (-7.943837668544732, 1.0, -1.364890663953003)
2.900000000000002 (-7.917998618890628, 1.0, -1.3529649264253332)
2.920000000000002 (-7.892060911977518, 1.0, -1.3353183752573863)
2.940000000000002 (-7.866595900719206, 1.0, -1.312585610157277)
2.960000000000002 (-7.842231731696224, 1.0, -1.2853730442449436)
2.980000000000002 (-7.8196563735749285, 1.0, -1.2545254978042784)
3.000000000000002 (-7.799518834854906, 1.0, -1.2207288473967963)
3.0200000000000022 (-7.782464541827146, 1.0, -1.1846620542182105)
3.0400000000000023 (-7.769097833695164, 1.0, -1.1469355229677396)
3.0600000000000023 (-7.759934046435727, 1.0, -1.1080806827863026)
3.0800000000000023 (-7.755378498148906, 1.0, -1.068551911200241)
3.1000000000000023 (-7.755707101733969, 1.0, -1.0287331492126617)
3.1200000000000023 (-7.761051511679583, 1.0, -0.9889549907339238)
3.1400000000000023 (-7.771390442581656, 1.0, -0.9495196729701935)
3.1600000000000024 (-7.78654747727787, 1.0, -0.9107296613894104)
3.1800000000000024 (-7.806195578589754, 1.0, -0.8729150338870778)
3.2000000000000024 (-7.829868486371499, 1.0, -0.8364549456096809)
3.2200000000000024 (-7.856927811636776, 1.0, -0.8018200220091757)
3.2400000000000024 (-7.886791490056272, 1.0, -0.7694287461958388)
3.2600000000000025 (-7.918667740820963, 1.0, -0.7398983908620619)
3.2800000000000025 (-7.951715065224399, 1.0, -0.7138412829948783)
3.3000000000000025 (-7.9851318219113265, 1.0, -0.6918611677240166)
3.3200000000000025 (-8.018132820225551, 1.0, -0.6745422184754502)
3.3400000000000025 (-8.050033969447355, 1.0, -0.6623307985039774)
3.3600000000000025 (-8.080060072900967, 1.0, -0.6558260292076993)
3.3800000000000026 (-8.10766833400059, 1.0, -0.6554289845116259)
3.4000000000000026 (-8.132410690744678, 1.0, -0.6613977428712142)
3.4200000000000026 (-8.153937134073601, 1.0, -0.6738768325639177)
3.4400000000000026 (-8.172015901792278, 1.0, -0.6928801240150463)
3.4600000000000026 (-8.186453552585258, 1.0, -0.7185538343721991)
3.4800000000000026 (-8.197349694895065, 1.0, -0.7502509945736406)
3.5000000000000027 (-8.204799570076464, 1.0, -0.7875915278035955)
3.5200000000000027 (-8.208942449839267, 1.0, -0.8300867910090862)
3.5400000000000027 (-8.209970226012414, 1.0, -0.877086559172806)
3.5600000000000027 (-8.20813217809168, 1.0, -0.9278316868293244)
3.5800000000000027 (-8.203706049418768, 1.0, -0.9814521169492714)
3.6000000000000028 (-8.1970036846947, 1.0, -1.0369655755716738)
3.6200000000000028 (-8.188234667836893, 1.0, -1.0934217580189316)
3.640000000000003 (-8.17761880310701, 1.0, -1.149680308554886)
3.660000000000003 (-8.165361652897353, 1.0, -1.2046505085736154)
3.680000000000003 (-8.151627715499284, 1.0, -1.2572678814209215)
3.700000000000003 (-8.136528969561684, 1.0, -1.306501117916395)
3.720000000000003 (-8.12013494719475, 1.0, -1.351395664578665)
3.740000000000003 (-8.102487665213884, 1.0, -1.3911025994122577)
3.760000000000003 (-8.083614706922168, 1.0, -1.4249009347612636)
3.780000000000003 (-8.063544527747828, 1.0, -1.4522187597416352)
3.800000000000003 (-8.042324305159362, 1.0, -1.4726505309966773)
3.820000000000003 (-8.020038361930531, 1.0, -1.4859680784448854)
3.840000000000003 (-7.996775666519153, 1.0, -1.492174225334435)
3.860000000000003 (-7.972836939421247, 1.0, -1.49134042891497)
3.880000000000003 (-7.948485404356832, 1.0, -1.4837661545095866)
3.900000000000003 (-7.9240664050024545, 1.0, -1.4698978031995236)
3.920000000000003 (-7.900025647023324, 1.0, -1.45031538722242)
3.940000000000003 (-7.8768817339990145, 1.0, -1.425699134196168)
3.960000000000003 (-7.855212009509166, 1.0, -1.39670609928486)
3.980000000000003 (-7.835633180673902, 1.0, -1.3642363567258533)
4.000000000000003 (-7.818736082427012, 1.0, -1.3290284938312562)
4.020000000000002 (-7.805108272932157, 1.0, -1.2918142317226995)
4.040000000000002 (-7.795301841610703, 1.0, -1.253253699431388)
4.060000000000001 (-7.789786420344989, 1.0, -1.2139211154422322)
4.080000000000001 (-7.788928214598707, 1.0, -1.1743048672783147)
4.1000000000000005 (-7.7929701517817795, 1.0, -1.1348123745126357)
4.12 (-7.802015660248715, 1.0, -1.0957857581739112)
4.14 (-7.816017924395644, 1.0, -1.0575258926366722)
4.159999999999999 (-7.834775286448302, 1.0, -1.0203205874412133)
4.179999999999999 (-7.85793341584946, 1.0, -0.9844721495997616)
4.199999999999998 (-7.884994856025393, 1.0, -0.9503196378376665)
4.219999999999998 (-7.9152825107591385, 1.0, -0.9182783338699672)
4.2399999999999975 (-7.948179812310325, 1.0, -0.888715910751458)
4.259999999999997 (-7.982843825805658, 1.0, -0.8621799078472875)
4.279999999999997 (-8.018382246821988, 1.0, -0.8392082697098183)
4.299999999999996 (-8.053943067065036, 1.0, -0.8203334600554316)
4.319999999999996 (-8.088692084808514, 1.0, -0.8060695951041065)
4.339999999999995 (-8.121907019116296, 1.0, -0.7968028893478725)
4.359999999999995 (-8.152763401745203, 1.0, -0.7930615626283561)
4.379999999999995 (-8.18068379132763, 1.0, -0.7951973720119004)
4.399999999999994 (-8.205197563948108, 1.0, -0.8034280435794269)
4.419999999999994 (-8.225941822837553, 1.0, -0.8178665061248095)
4.439999999999993 (-8.242682855439194, 1.0, -0.8385057040629318)
4.459999999999993 (-8.25531304559045, 1.0, -0.8652130029890099)
4.479999999999992 (-8.263843299395225, 1.0, -0.8977263815923826)
4.499999999999992 (-8.268390194168951, 1.0, -0.9356535354240448)
4.519999999999992 (-8.269158783039485, 1.0, -0.9784744585949886)
4.539999999999991 (-8.266422925253174, 1.0, -1.025547238479257)
4.559999999999991 (-8.260504542001062, 1.0, -1.0761169795754022)
4.57999999999999 (-8.25175289963634, 1.0, -1.129328046994533)
4.59999999999999 (-8.24056093384958, 1.0, -1.1842244946650387)
4.6199999999999894 (-8.227220881997237, 1.0, -1.2398743054103112)
4.639999999999989 (-8.212051793041974, 1.0, -1.2951593262708037)
4.659999999999989 (-8.19535378193144, 1.0, -1.3490090677485114)
4.679999999999988 (-8.177383919445642, 1.0, -1.4003762929039052)
4.699999999999988 (-8.15834436322804, 1.0, -1.4482431219843914)
4.719999999999987 (-8.138388490079189, 1.0, -1.4916648807574973)
4.739999999999987 (-8.11763317105081, 1.0, -1.5297999719117275)
4.7599999999999865 (-8.096169847343461, 1.0, -1.5619331740689126)
4.779999999999986 (-8.074077934600037, 1.0, -1.5874979703727057)
4.799999999999986 (-8.0514410740339, 1.0, -1.6060952658832321)
4.819999999999985 (-8.02836448478066, 1.0, -1.6175059225772344)
4.839999999999985 (-8.0049371507042, 1.0, -1.6217418209655237)
4.859999999999984 (-7.981454914406072, 1.0, -1.6189006844627694)
4.879999999999984 (-7.9581547335332, 1.0, -1.6093046215032953)
4.8999999999999835 (-7.935342384911299, 1.0, -1.5934292835254276)
4.919999999999983 (-7.913411978449591, 1.0, -1.57189238786016)
4.939999999999983 (-7.8928212712799946, 1.0, -1.5454179848927672)
4.959999999999982 (-7.874088424095375, 1.0, -1.5147123737418922)
4.979999999999982 (-7.857749050500833, 1.0, -1.4807272735971624)
4.999999999999981 (-7.844327102459399, 1.0, -1.4442515015914767)
5.019999999999981 (-7.83434364463306, 1.0, -1.406066831612825)
5.0399999999999805 (-7.828290556682503, 1.0, -1.3668806270756901)
5.05999999999998 (-7.82658494428668, 1.0, -1.3273074751883092)
5.07999999999998 (-7.829548343794595, 1.0, -1.2878673667368719)
5.099999999999979 (-7.837386537700663, 1.0, -1.2489887229779055)
5.119999999999979 (-7.850172022282952, 1.0, -1.2110224986192257)
5.139999999999978 (-7.867831178141337, 1.0, -1.1742651111364828)
5.159999999999978 (-7.8901371835900305, 1.0, -1.1389860281927646)
5.1799999999999775 (-7.9167097143579355, 1.0, -1.1054553456527834)
5.199999999999977 (-7.947022476556951, 1.0, -1.0739667410560085)
5.219999999999977 (-7.980363221787003, 1.0, -1.0448735315903497)
5.239999999999976 (-8.016084260799305, 1.0, -1.018486758515766)
5.259999999999976 (-8.053296038575088, 1.0, -0.9952760623870859)
5.279999999999975 (-8.091060554138615, 1.0, -0.9756968117011026)
5.299999999999975 (-8.12848035688117, 1.0, -0.9602023132566779)
5.3199999999999745 (-8.164677261149142, 1.0, -0.949229014755159)
5.339999999999974 (-8.19889553247086, 1.0, -0.9430965631810567)
5.359999999999974 (-8.230266270611756, 1.0, -0.9422552417630264)
5.379999999999973 (-8.258181330322177, 1.0, -0.9470024111722304)
5.399999999999973 (-8.28215111485251, 1.0, -0.9575118077228598)
5.419999999999972 (-8.301802966677263, 1.0, -0.9738624604595948)
5.439999999999972 (-8.316903797096435, 1.0, -0.9960255742689688)
5.4599999999999715 (-8.327357543506357, 1.0, -1.0238587085848185)
5.479999999999971 (-8.333197986149395, 1.0, -1.0571013332558752)
5.499999999999971 (-8.334576048307582, 1.0, -1.0953728013710426)
5.51999999999997 (-8.331742459079909, 1.0, -1.138173381765769)
5.53999999999997 (-8.325027659790756, 1.0, -1.1848882585923495)
5.559999999999969 (-8.314820353720474, 1.0, -1.234794543414553)
5.579999999999969 (-8.30154577888327, 1.0, -1.2870715902594352)
5.599999999999969 (-8.285682038062435, 1.0, -1.3408028836735266)
5.619999999999968 (-8.267604675420746, 1.0, -1.3950868472019882)
5.639999999999968 (-8.247733225844, 1.0, -1.448838697891681)
5.659999999999967 (-8.22646411402267, 1.0, -1.50101965679959)
5.679999999999967 (-8.20414905645521, 1.0, -1.550610264203574)
5.699999999999966 (-8.181082574659918, 1.0, -1.5966152681559194)
5.719999999999966 (-8.15750406404246, 1.0, -1.6381079137572874)
5.739999999999966 (-8.133607312789957, 1.0, -1.67426080374465)
5.759999999999965 (-8.109549385202888, 1.0, -1.7043700860849593)
5.779999999999965 (-8.085461901576826, 1.0, -1.727878903936954)
5.799999999999964 (-8.061465480317956, 1.0, -1.7443975190569512)
5.819999999999964 (-8.037685838043638, 1.0, -1.7537173824565129)
5.839999999999963 (-8.014211326428258, 1.0, -1.7558585775113031)
5.859999999999963 (-7.99132870160737, 1.0, -1.7509455238366405)
5.879999999999963 (-7.969245315308418, 1.0, -1.7393207768614547)
5.899999999999962 (-7.94822293176291, 1.0, -1.721486132132464)
5.919999999999962 (-7.92859820122241, 1.0, -1.6980930285996598)
5.939999999999961 (-7.910761296630356, 1.0, -1.6699047068657924)
5.959999999999961 (-7.89516405649618, 1.0, -1.6376723995727231)
5.9799999999999605 (-7.882253005310761, 1.0, -1.6023933275955868)
5.99999999999996 (-7.872477883555723, 1.0, -1.5649015876090815)
6.01999999999996 (-7.866286061332012, 1.0, -1.5260240882972904)
6.039999999999959 (-7.864102567086156, 1.0, -1.4865110023202748)
6.059999999999959 (-7.866286326074406, 1.0, -1.4470133229616362)
6.079999999999958 (-7.873109692037926, 1.0, -1.40807911370387)
6.099999999999958 (-7.884738085087425, 1.0, -1.3701546236255389)
6.1199999999999575 (-7.90121124940128, 1.0, -1.3335966712087246)
6.139999999999957 (-7.922428378485521, 1.0, -1.2986942451866335)
6.159999999999957 (-7.948138522347019, 1.0, -1.2656952722133896)
6.179999999999956 (-7.977937746543827, 1.0, -1.2348340046892015)
6.199999999999956 (-8.01127452627625, 1.0, -1.206354530579267)
6.219999999999955 (-8.047406542803492, 1.0, -1.180542988257683)
6.239999999999955 (-8.085659688874735, 1.0, -1.157649210133455)
6.2599999999999545 (-8.12510419216729, 1.0, -1.1380583787190965)
6.279999999999954 (-8.164763294189639, 1.0, -1.1221367869785075)
6.299999999999954 (-8.203700767171767, 1.0, -1.1102522830138453)
6.319999999999953 (-8.241001087527948, 1.0, -1.1027575818539315)
6.339999999999953 (-8.275881049028818, 1.0, -1.0999008038061597)
6.359999999999952 (-8.307433779510957, 1.0, -1.1020485896691905)
6.379999999999952 (-8.335025336829128, 1.0, -1.109439864701083)
6.3999999999999515 (-8.358151337471028, 1.0, -1.1222016524167897)
6.419999999999951 (-8.376432774499238, 1.0, -1.140377516461233)
6.439999999999951 (-8.389639679439172, 1.0, -1.163916644139697)
6.45999999999995 (-8.397689147268714, 1.0, -1.1926678337320689)
6.47999999999995 (-8.400638604455375, 1.0, -1.2263744238496463)
6.499999999999949 (-8.398673361580782, 1.0, -1.2646711124808039)
6.519999999999949 (-8.392089267701191, 1.0, -1.3070833836770115)
6.5399999999999485 (-8.381272343950593, 1.0, -1.3530296258857102)
6.559999999999948 (-8.366676784186769, 1.0, -1.4018261190206687)
6.579999999999948 (-8.348802370348222, 1.0, -1.4526952806488)
6.599999999999947 (-8.328210645110156, 1.0, -1.5047690589550875)
6.619999999999947 (-8.305359518004906, 1.0, -1.5571848938631367)
6.639999999999946 (-8.28076808634267, 1.0, -1.6089017102190815)
6.659999999999946 (-8.254928144677079, 1.0, -1.6589222818410436)
6.6799999999999455 (-8.228285370950204, 1.0, -1.7062645155175618)
6.699999999999945 (-8.201226344397318, 1.0, -1.7499650510336315)
6.719999999999945 (-8.174076422323925, 1.0, -1.7891236060650297)
6.739999999999944 (-8.147106351989759, 1.0, -1.822934591096694)
6.759999999999944 (-8.120538840294046, 1.0, -1.8507120012657248)
6.779999999999943 (-8.094557569381696, 1.0, -1.8719138108316005)
6.799999999999943 (-8.069319670553947, 1.0, -1.8861633590425984)
6.8199999999999426 (-8.04497041362438, 1.0, -1.893264866624679)
6.839999999999942 (-8.021596364403901, 1.0, -1.893246733357807)
6.859999999999942 (-7.9994720923360765, 1.0, -1.8862597695104295)
6.879999999999941 (-7.978772448498209, 1.0, -1.8726645670599034)
6.899999999999941 (-7.95971148318429, 1.0, -1.8529853791912394)
6.91999999999994 (-7.942563729192247, 1.0, -1.827902521868139)
6.93999999999994 (-7.927646440258871, 1.0, -1.7982126892263712)
6.95999999999994 (-7.9153393027943855, 1.0, -1.7647065115752987)
6.979999999999939 (-7.905993522969632, 1.0, -1.7284189443764593)
6.999999999999939 (-7.8999787374883566, 1.0, -1.69022299033735)
7.019999999999938 (-7.897662802677826, 1.0, -1.650984312919981)
7.039999999999938 (-7.8993984654590825, 1.0, -1.6114900970616906)
7.059999999999937 (-7.9054818677906065, 1.0, -1.5724226166740354)
7.079999999999937 (-7.916132573394261, 1.0, -1.5343535631143117)
7.099999999999937 (-7.931473202595508, 1.0, -1.4977432145722842)
7.119999999999936 (-7.951509619330048, 1.0, -1.4629509734241566)
7.139999999999936 (-7.976114100158814, 1.0, -1.430255440303566)
7.159999999999935 (-8.005013270691544, 1.0, -1.3998801284180558)
7.179999999999935 (-8.037782701159763, 1.0, -1.3720204331807988)
7.1999999999999345 (-8.07385007189297, 1.0, -1.346867519890167)
7.219999999999934 (-8.112449085881341, 1.0, -1.3246363236245287)
7.239999999999934 (-8.152884799789994, 1.0, -1.30551195762822)
7.259999999999933 (-8.19419488593864, 1.0, -1.2897900170739545)
7.279999999999933 (-8.235371991930892, 1.0, -1.2777427290641825)
7.299999999999932 (-8.275448953372273, 1.0, -1.2696476002081722)
7.319999999999932 (-8.313480648447797, 1.0, -1.2657689398014116)
7.3399999999999315 (-8.348663208263751, 1.0, -1.266279662657077)
7.359999999999931 (-8.380059348672082, 1.0, -1.2714583044766894)
7.379999999999931 (-8.407014892000959, 1.0, -1.2814822612617265)
7.39999999999993 (-8.429015239928612, 1.0, -1.296429921910785)
7.41999999999993 (-8.44567860996703, 1.0, -1.3163084446078654)
7.439999999999929 (-8.456780555011326, 1.0, -1.3410451492393922)
7.459999999999929 (-8.462252574958445, 1.0, -1.3704813578349135)
7.4799999999999285 (-8.462175897136142, 1.0, -1.4043667240004445)
7.499999999999928 (-8.456769389905388, 1.0, -1.4423549002211093)
7.519999999999928 (-8.446372356422511, 1.0, -1.4840013325328387)
7.539999999999927 (-8.431424066676792, 1.0, -1.5287634446246916)
7.559999999999927 (-8.412441391329534, 1.0, -1.5760035201536633)
7.579999999999926 (-8.389995543047174, 1.0, -1.6249947716181756)
7.599999999999926 (-8.3647279252948, 1.0, -1.6749262496512314)
7.6199999999999255 (-8.337176124423113, 1.0, -1.724982769402082)
7.639999999999925 (-8.307955806208598, 1.0, -1.7741770821859075)
7.659999999999925 (-8.277651255824846, 1.0, -1.8215631507079)
7.679999999999924 (-8.246799559152318, 1.0, -1.8662056904381708)
7.699999999999924 (-8.21587726438267, 1.0, -1.9071824313560901)
7.719999999999923 (-8.185294015403112, 1.0, -1.9436281061139924)
7.739999999999923 (-8.155396149579676, 1.0, -1.974766553029575)
7.7599999999999225 (-8.126470866103439, 1.0, -1.9999361029203506)
7.779999999999922 (-8.098752868658062, 1.0, -2.0186147130491343)
7.799999999999922 (-8.072434735842574, 1.0, -2.030442440520544)
7.819999999999921 (-8.047680054048977, 1.0, -2.0352382842066117)
7.839999999999921 (-8.024572565587505, 1.0, -2.0330388595207807)
7.85999999999992 (-8.00337174175374, 1.0, -2.0240204818075975)
7.87999999999992 (-7.984217636741742, 1.0, -2.0085588304944806)
7.8999999999999195 (-7.967273720991393, 1.0, -1.9871962427656196)
7.919999999999919 (-7.952748795155228, 1.0, -1.9606362048975357)
7.939999999999919 (-7.940883055567253, 1.0, -1.929702147224939)
7.959999999999918 (-7.931979354106086, 1.0, -1.8952174902530727)
7.979999999999918 (-7.926288884693813, 1.0, -1.858246049023125)
7.999999999999917 (-7.924096544327806, 1.0, -1.8196923085339525)
8.019999999999918 (-7.925686094982379, 1.0, -1.7804532899820569)
8.039999999999917 (-7.931333686520962, 1.0, -1.7413464581978961)
8.059999999999917 (-7.941269043396187, 1.0, -1.7030794720841311)
8.079999999999917 (-7.955656160162829, 1.0, -1.6662426288818448)
8.099999999999916 (-7.974573116748063, 1.0, -1.6313060793968064)
8.119999999999916 (-7.997991359428223, 1.0, -1.5986284104563815)
8.139999999999915 (-8.025757040345303, 1.0, -1.5684750027758005)
8.159999999999915 (-8.057576561649158, 1.0, -1.5410424573369164)
8.179999999999914 (-8.093008625735388, 1.0, -1.5164849078796916)
8.199999999999914 (-8.131465114853684, 1.0, -1.4949380857188506)
8.219999999999914 (-8.17216251460806, 1.0, -1.4765427911593862)
8.239999999999913 (-8.214391205191653, 1.0, -1.4614168861118082)
8.259999999999913 (-8.25716480710123, 1.0, -1.4497625659061344)
8.279999999999912 (-8.299454343746776, 1.0, -1.441754380053196)
8.299999999999912 (-8.340270333898149, 1.0, -1.4375759132680266)
8.319999999999911 (-8.378646520415835, 1.0, -1.4373996658262842)
8.339999999999911 (-8.413765706153375, 1.0, -1.4413208135689495)
8.35999999999991 (-8.44466849356129, 1.0, -1.44952648412573)
8.37999999999991 (-8.470686459241154, 1.0, -1.4621303120833058)
8.39999999999991 (-8.491299593613855, 1.0, -1.479160839438202)
8.41999999999991 (-8.506126985974841, 1.0, -1.5005884176078805)
8.439999999999909 (-8.514952002473871, 1.0, -1.5263189944717195)
8.459999999999908 (-8.517721498395353, 1.0, -1.5561878586211837)
8.479999999999908 (-8.514540169765231, 1.0, -1.5899534087468372)
8.499999999999908 (-8.505658938516047, 1.0, -1.6272916918304579)
8.519999999999907 (-8.49145804047802, 1.0, -1.6677925657697612)
8.539999999999907 (-8.472426638450203, 1.0, -1.7109579254846785)
8.559999999999906 (-8.449140287049069, 1.0, -1.7562024311207827)
8.579999999999906 (-8.422237203400343, 1.0, -1.802857321091599)
8.599999999999905 (-8.392433627388277, 1.0, -1.8501768205525582)
8.619999999999905 (-8.360342745671876, 1.0, -1.89740107117539)
8.639999999999905 (-8.326672142244842, 1.0, -1.9436063124218612)
8.659999999999904 (-8.292094156239765, 1.0, -1.9879069043373125)
8.679999999999904 (-8.257233218429148, 1.0, -2.029423441120092)
8.699999999999903 (-8.22265230290545, 1.0, -2.0672836456835846)
8.719999999999903 (-8.188842332454486, 1.0, -2.1006655789692266)
8.739999999999903 (-8.156222696173769, 1.0, -2.128829945055946)
8.759999999999902 (-8.125142959809255, 1.0, -2.1511457478394425)
8.779999999999902 (-8.095887056658349, 1.0, -2.167115940735108)
8.799999999999901 (-8.068681443751757, 1.0, -2.1764007903174734)
8.8199999999999 (-8.043706547926117, 1.0, -2.1788358999269155)
8.8399999999999 (-8.021042349024011, 1.0, -2.1744658410171462)
8.8599999999999 (-8.000930520520589, 1.0, -2.1634910930939344)
8.8799999999999 (-7.9834745625886265, 1.0, -2.1462991109382843)
8.899999999999899 (-7.968785254911297, 1.0, -2.1234454880495766)
8.919999999999899 (-7.957003003652028, 1.0, -2.0956506031273294)
8.939999999999898 (-7.948287907238868, 1.0, -2.0637572555864576)
8.959999999999898 (-7.942862372578455, 1.0, -2.028614318217251)
8.979999999999897 (-7.940874287690969, 1.0, -1.9913048718797715)
8.999999999999897 (-7.9425203412990095, 1.0, -1.952756754463026)
9.019999999999897 (-7.947996771505376, 1.0, -1.913890263137448)
9.039999999999896 (-7.9574998557745475, 1.0, -1.8755457743170658)
9.059999999999896 (-7.97119016751593, 1.0, -1.8384499152333222)
9.079999999999895 (-7.989174114036184, 1.0, -1.8032061851366574)
9.099999999999895 (-8.011484119103086, 1.0, -1.7702902323519014)
9.119999999999894 (-8.038057180777294, 1.0, -1.7400563937046862)
9.139999999999894 (-8.068714538109532, 1.0, -1.712754160575631)
9.159999999999894 (-8.103144937336337, 1.0, -1.6885510891025486)
9.179999999999893 (-8.140894190630084, 1.0, -1.667558214245708)
9.199999999999893 (-8.18136374271594, 1.0, -1.6498540779366275)
9.219999999999892 (-8.22376004351592, 1.0, -1.6355034156525337)
9.239999999999892 (-8.267365316811784, 1.0, -1.6245552036253796)
9.259999999999891 (-8.31117817521125, 1.0, -1.6171156463397538)
9.279999999999891 (-8.354157492569875, 1.0, -1.6132592773409589)
9.29999999999989 (-8.395300585105058, 1.0, -1.6130733885342796)
9.31999999999989 (-8.433628980190106, 1.0, -1.6166364441818932)
9.33999999999989 (-8.468319796426814, 1.0, -1.6239643893101146)
9.35999999999989 (-8.498400298874031, 1.0, -1.635150737585451)
9.379999999999889 (-8.523194074453142, 1.0, -1.650243929546263)
9.399999999999888 (-8.54218062644435, 1.0, -1.6692220906709847)
9.419999999999888 (-8.554983572129144, 1.0, -1.6920188414612827)
9.439999999999888 (-8.561396262768122, 1.0, -1.718519541289228)
9.459999999999887 (-8.561381605029927, 1.0, -1.7485549911283556)
9.479999999999887 (-8.555067038290353, 1.0, -1.7818946931863624)
9.499999999999886 (-8.54273350036844, 1.0, -1.8182402999318588)
9.519999999999886 (-8.524798966455865, 1.0, -1.857220167505266)
9.539999999999885 (-8.50179833102551, 1.0, -1.8983856262646155)
9.559999999999885 (-8.474360910171649, 1.0, -1.9412095333895347)
9.579999999999885 (-8.443186457620588, 1.0, -1.9850877797839452)
9.599999999999884 (-8.409059877097144, 1.0, -2.029347156225535)
9.619999999999884 (-8.372664754304688, 1.0, -2.0732905444980685)
9.639999999999883 (-8.334794590596958, 1.0, -2.1160667147714514)
9.659999999999883 (-8.296204067041218, 1.0, -2.156859052545906)
9.679999999999882 (-8.257599652546247, 1.0, -2.194852573533172)
9.699999999999882 (-8.219625993723833, 1.0, -2.229233440863789)
9.719999999999882 (-8.182851165812755, 1.0, -2.259230975409794)
9.739999999999881 (-8.147764082671335, 1.0, -2.2841498660215467)
9.75999999999988 (-8.114773721580272, 1.0, -2.3033958615926036)
9.77999999999988 (-8.08421081216723, 1.0, -2.3165017009873843)
9.79999999999988 (-8.056333692308923, 1.0, -2.3231511538835448)
9.81999999999988 (-8.031337954187132, 1.0, -2.323198064304365)
9.839999999999879 (-8.009298962891144, 1.0, -2.316694578224999)
9.859999999999879 (-7.990438122279366, 1.0, -2.303863633412157)
9.879999999999878 (-7.97482111574187, 1.0, -2.2851009088499685)
9.899999999999878 (-7.962504615123787, 1.0, -2.2609701380677034)
9.919999999999877 (-7.953558851913613, 1.0, -2.232201950803927)
9.939999999999877 (-7.948061806625012, 1.0, -2.1996507356221207)
9.959999999999877 (-7.94615284188349, 1.0, -2.1641829941736455)
9.979999999999876 (-7.947874542938807, 1.0, -2.12689104085726)
9.999999999999876 (-7.95333301855918, 1.0, -2.0887174801151747)
