0.0 (-18.75, 1.0, 0.0)
0.02 (-18.749673204011067, 1.0, -0.002246810016938745)
0.04 (-18.745376114004085, 1.0, 0.0033256787824316675)
0.06 (-18.72931163638473, 1.0, 0.01978883490697295)
0.08 (-18.69760565817011, 1.0, 0.017381240362925845)
0.1 (-18.649044309911837, 1.0, -0.0367207616348265)
0.12000000000000001 (-18.588639674573592, 1.0, -0.1414012894787916)
0.14 (-18.53024794468924, 1.0, -0.29194319762465326)
0.16 (-18.4865869423806, 1.0, -0.4884791592832134)
0.18 (-18.46191266480432, 1.0, -0.7279028554985463)
0.19999999999999998 (-18.45107299289668, 1.0, -0.9959664462129236)
0.21999999999999997 (-18.43860002056857, 1.0, -1.2610640038023508)
0.23999999999999996 (-18.405263184064864, 1.0, -1.4818943612252327)
0.25999999999999995 (-18.341707547829483, 1.0, -1.650478025633645)
0.27999999999999997 (-18.25685657600778, 1.0, -1.7795587416798793)
0.3 (-18.167487510179054, 1.0, -1.887097401748195)
0.32 (-18.081586823928184, 1.0, -1.987895726224376)
0.34 (-17.998180537593015, 1.0, -2.0834095000648523)
0.36000000000000004 (-17.913977044958056, 1.0, -2.1693805213598565)
0.38000000000000006 (-17.827178050155823, 1.0, -2.2434687002120413)
0.4000000000000001 (-17.73810258925746, 1.0, -2.305958918557686)
0.4200000000000001 (-17.647016786160734, 1.0, -2.357704591086404)
0.4400000000000001 (-17.553159470443592, 1.0, -2.3988693089100988)
0.46000000000000013 (-17.455649798576633, 1.0, -2.4295444469737744)
0.48000000000000015 (-17.353818507162572, 1.0, -2.4500003334701135)
0.5000000000000001 (-17.247632524866628, 1.0, -2.460239038882809)
0.5200000000000001 (-17.141614580072147, 1.0, -2.459707246685192)
0.5400000000000001 (-17.038284850998185, 1.0, -2.4480366781006704)
0.5600000000000002 (-16.938368222110775, 1.0, -2.4257843505879424)
0.5800000000000002 (-16.84180489559015, 1.0, -2.393720612872229)
0.6000000000000002 (-16.748318102760773, 1.0, -2.3526637423030485)
0.6200000000000002 (-16.657697600642, 1.0, -2.303446421899525)
0.6400000000000002 (-16.569822090205232, 1.0, -2.2466513297922157)
0.6600000000000003 (-16.485671966597625, 1.0, -2.1890794687575927)
0.6800000000000003 (-16.407421449920168, 1.0, -2.1369298396161804)
0.7000000000000003 (-16.33738013259915, 1.0, -2.0929728761846955)
0.7200000000000003 (-16.27723390133741, 1.0, -2.0588395694399115)
0.7400000000000003 (-16.22783645304872, 1.0, -2.0352824523476403)
0.7600000000000003 (-16.189429243491894, 1.0, -2.022124156103105)
0.7800000000000004 (-16.161935897918127, 1.0, -2.018384425311275)
0.8000000000000004 (-16.145116890534474, 1.0, -2.0214245364322676)
0.8200000000000004 (-16.138520051025875, 1.0, -2.027783117452856)
0.8400000000000004 (-16.140844944873376, 1.0, -2.035151983180904)
0.8600000000000004 (-16.150742575710915, 1.0, -2.042759672176495)
0.8800000000000004 (-16.167257450364072, 1.0, -2.050969262585989)
0.9000000000000005 (-16.18947102898868, 1.0, -2.060524346165823)
0.9200000000000005 (-16.216836895688623, 1.0, -2.07230644161666)
0.9400000000000005 (-16.249375331841232, 1.0, -2.087088138042613)
0.9600000000000005 (-16.286978992895296, 1.0, -2.1051998541545047)
0.9800000000000005 (-16.32896197127, 1.0, -2.126615195883563)
1.0000000000000004 (-16.37666960516466, 1.0, -2.146819835027668)
1.0200000000000005 (-16.428730731030107, 1.0, -2.159016139980037)
1.0400000000000005 (-16.483636062090383, 1.0, -2.1611172313958167)
1.0600000000000005 (-16.539587427180432, 1.0, -2.1527284957022292)
1.0800000000000005 (-16.594512186803538, 1.0, -2.13468431722874)
1.1000000000000005 (-16.644113398533584, 1.0, -2.107610579212466)
1.1200000000000006 (-16.68691702123304, 1.0, -2.0781698651589835)
1.1400000000000006 (-16.724544851512274, 1.0, -2.0520296100846176)
1.1600000000000006 (-16.75418067596832, 1.0, -2.038445468721455)
1.1800000000000006 (-16.765679702031136, 1.0, -2.0279649756416105)
1.2000000000000006 (-16.767874656358455, 1.0, -2.0156275138333335)
1.2200000000000006 (-16.772428339447835, 1.0, -2.010905778084358)
1.2400000000000007 (-16.78356717600698, 1.0, -2.016291057102331)
1.2600000000000007 (-16.801012462617003, 1.0, -2.0319977574002515)
1.2800000000000007 (-16.83327078706118, 1.0, -2.0556379750153027)
1.3000000000000007 (-16.878390252836617, 1.0, -2.0843408501748333)
1.3200000000000007 (-16.931989564450475, 1.0, -2.1180234226860937)
1.3400000000000007 (-16.990662339051884, 1.0, -2.1570803025759213)
1.3600000000000008 (-17.045691479365097, 1.0, -2.194583167186892)
1.3800000000000008 (-17.08937672967472, 1.0, -2.225498025174972)
1.4000000000000008 (-17.120979407921624, 1.0, -2.2477166436558838)
1.4200000000000008 (-17.142193199783794, 1.0, -2.260443747086828)
1.4400000000000008 (-17.153846462477706, 1.0, -2.263957114921249)
1.4600000000000009 (-17.156555583015194, 1.0, -2.257875267755142)
1.4800000000000009 (-17.15321897864299, 1.0, -2.240302467768572)
1.5000000000000009 (-17.146379934653165, 1.0, -2.2101421710677362)
1.520000000000001 (-17.138630048603773, 1.0, -2.167174974817665)
1.540000000000001 (-17.131693437744456, 1.0, -2.111405416288421)
1.560000000000001 (-17.12634863044877, 1.0, -2.0430034994082247)
1.580000000000001 (-17.122753715887036, 1.0, -1.962262559414318)
1.600000000000001 (-17.12072700202645, 1.0, -1.8694737123384062)
1.620000000000001 (-17.11997001598356, 1.0, -1.764815923877512)
1.640000000000001 (-17.121464846409655, 1.0, -1.653263517780565)
1.660000000000001 (-17.128718772566355, 1.0, -1.5433999167892873)
1.680000000000001 (-17.1455475975245, 1.0, -1.4389133786962225)
1.700000000000001 (-17.175121809877172, 1.0, -1.3424073935520393)
1.720000000000001 (-17.216447852011825, 1.0, -1.2522799144580796)
1.740000000000001 (-17.26607769263437, 1.0, -1.1646284770891895)
1.7600000000000011 (-17.31814191709784, 1.0, -1.076937705528737)
1.7800000000000011 (-17.3688858576657, 1.0, -0.9899678474346527)
1.8000000000000012 (-17.417423269622105, 1.0, -0.9049522225990129)
1.8200000000000012 (-17.463586521285826, 1.0, -0.8231876865015233)
1.8400000000000012 (-17.50784217754365, 1.0, -0.7461978563467858)
1.8600000000000012 (-17.55111040590544, 1.0, -0.675546049936887)
1.8800000000000012 (-17.594554053266013, 1.0, -0.6127623598318572)
1.9000000000000012 (-17.63939151982645, 1.0, -0.559241596253713)
1.9200000000000013 (-17.68674584160565, 1.0, -0.5162279485980252)
1.9400000000000013 (-17.737616864441204, 1.0, -0.4848827935580661)
1.9600000000000013 (-17.79274933101937, 1.0, -0.46601832408723914)
1.9800000000000013 (-17.852531274770286, 1.0, -0.4598807067045128)
2.0000000000000013 (-17.916947573583162, 1.0, -0.46616118974091403)
2.0200000000000014 (-17.985505958703296, 1.0, -0.4839853586537716)
2.0400000000000014 (-18.057116173222557, 1.0, -0.5118389883495982)
2.0600000000000014 (-18.130092116199098, 1.0, -0.5473505228978107)
2.0800000000000014 (-18.202227763530445, 1.0, -0.5871600569282918)
2.1000000000000014 (-18.27090849365605, 1.0, -0.6274237299541193)
2.1200000000000014 (-18.32905364450335, 1.0, -0.6631796163124377)
2.1400000000000015 (-18.369499462173057, 1.0, -0.686946104784308)
2.1600000000000015 (-18.39199587643363, 1.0, -0.6987346676259474)
2.1800000000000015 (-18.398322261127568, 1.0, -0.7019532532679342)
2.2000000000000015 (-18.38968808002574, 1.0, -0.7002973664475353)
2.2200000000000015 (-18.368117784220686, 1.0, -0.7003672552072381)
2.2400000000000015 (-18.337879442492603, 1.0, -0.7092993540196163)
2.2600000000000016 (-18.304415063418592, 1.0, -0.7298931830222503)
2.2800000000000016 (-18.2713755403897, 1.0, -0.7603538993376034)
2.3000000000000016 (-18.23998475728342, 1.0, -0.7965797358650782)
2.3200000000000016 (-18.209024612860947, 1.0, -0.8348992149651889)
2.3400000000000016 (-18.17667910840778, 1.0, -0.8726432506230815)
2.3600000000000017 (-18.141952465354105, 1.0, -0.907944789359861)
2.3800000000000017 (-18.104571771966295, 1.0, -0.9392966707251234)
2.4000000000000017 (-18.06456373949822, 1.0, -0.9653271521187193)
2.4200000000000017 (-18.02203281357891, 1.0, -0.9847850093498605)
2.4400000000000017 (-17.977036502741697, 1.0, -0.9965886844628792)
2.4600000000000017 (-17.929486763964178, 1.0, -0.9998735417784324)
2.4800000000000018 (-17.879096738590015, 1.0, -0.9940206465926915)
2.5000000000000018 (-17.825388746424192, 1.0, -0.9786574304756873)
2.520000000000002 (-17.76777324059603, 1.0, -0.9536280440055412)
2.540000000000002 (-17.706261679049174, 1.0, -0.918952269627745)
2.560000000000002 (-17.64248565282619, 1.0, -0.8749396856717442)
2.580000000000002 (-17.577829909900515, 1.0, -0.8215326708693654)
2.600000000000002 (-17.512735316961724, 1.0, -0.758731283832021)
2.620000000000002 (-17.447247514129813, 1.0, -0.6866194109380978)
2.640000000000002 (-17.383284692623707, 1.0, -0.6087770051353136)
2.660000000000002 (-17.325851592049542, 1.0, -0.5324313379601564)
2.680000000000002 (-17.278810242528337, 1.0, -0.4600884767943717)
2.700000000000002 (-17.245263811895512, 1.0, -0.3932396748589019)
2.720000000000002 (-17.227024624711014, 1.0, -0.3330688386235868)
2.740000000000002 (-17.222574609575872, 1.0, -0.27796443662471526)
2.760000000000002 (-17.228743802680892, 1.0, -0.2244793742224646)
2.780000000000002 (-17.240555420886537, 1.0, -0.1708317494460349)
2.800000000000002 (-17.255259679136298, 1.0, -0.11792554313047329)
2.820000000000002 (-17.270880880043027, 1.0, -0.0664007000171355)
2.840000000000002 (-17.28587436973128, 1.0, -0.016884999227705602)
2.860000000000002 (-17.30093025530049, 1.0, 0.029156848567914836)
2.880000000000002 (-17.318933406952027, 1.0, 0.06980313726166851)
2.900000000000002 (-17.342124011555757, 1.0, 0.1041159570068711)
2.920000000000002 (-17.371892466736455, 1.0, 0.13158227301065864)
2.940000000000002 (-17.40880890964111, 1.0, 0.15195811540913656)
2.960000000000002 (-17.452961457688698, 1.0, 0.16538758010031263)
2.980000000000002 (-17.503867132997552, 1.0, 0.1725060741828346)
3.000000000000002 (-17.560585872962978, 1.0, 0.1744221166417263)
3.0200000000000022 (-17.621834225830916, 1.0, 0.17254378795054306)
3.0400000000000023 (-17.686106208434964, 1.0, 0.16849204945074076)
3.0600000000000023 (-17.75131050071987, 1.0, 0.16354560117982847)
3.0800000000000023 (-17.81137299808932, 1.0, 0.1623925709691146)
3.1000000000000023 (-17.859707116784154, 1.0, 0.17129895179039137)
3.1200000000000023 (-17.89498989064156, 1.0, 0.19022647020473923)
3.1400000000000023 (-17.917143441340933, 1.0, 0.21652260998368425)
3.1600000000000024 (-17.92716624968066, 1.0, 0.2454138979700572)
3.1800000000000024 (-17.930275922542087, 1.0, 0.26882623680444045)
3.2000000000000024 (-17.931015012031942, 1.0, 0.28305522167007746)
3.2200000000000024 (-17.932207364681496, 1.0, 0.2881122981764796)
3.2400000000000024 (-17.934908306120512, 1.0, 0.28595067943650027)
3.2600000000000025 (-17.938670432461663, 1.0, 0.2791068042585619)
3.2800000000000025 (-17.94157773916478, 1.0, 0.2694148511660672)
3.3000000000000025 (-17.942228795399448, 1.0, 0.258547216281859)
3.3200000000000025 (-17.939969781996567, 1.0, 0.2479433955940751)
3.3400000000000025 (-17.934409637305215, 1.0, 0.23876730072832442)
3.3600000000000025 (-17.92507314151587, 1.0, 0.2317392747344178)
3.3800000000000026 (-17.91126345883008, 1.0, 0.227018199796816)
3.4000000000000026 (-17.892152526142553, 1.0, 0.22450811560136838)
3.4200000000000026 (-17.8677951740287, 1.0, 0.22536632210128305)
3.4400000000000026 (-17.83846938537142, 1.0, 0.2310831720186367)
3.4600000000000026 (-17.80385890359661, 1.0, 0.2426073829149178)
3.4800000000000026 (-17.763288249280187, 1.0, 0.26010601991161825)
3.5000000000000027 (-17.716043507616018, 1.0, 0.28340394886919545)
3.5200000000000027 (-17.661853180503865, 1.0, 0.31221493175896164)
3.5400000000000027 (-17.60192557097406, 1.0, 0.3465974664485202)
3.5600000000000027 (-17.537679950601206, 1.0, 0.3870240095292228)
3.5800000000000027 (-17.46987694804644, 1.0, 0.43372823848913916)
3.6000000000000028 (-17.398865049766425, 1.0, 0.4867169490971305)
3.6200000000000028 (-17.324837653282835, 1.0, 0.5458707271769061)
3.640000000000003 (-17.24794760726396, 1.0, 0.6111064981662023)
3.660000000000003 (-17.16717564751416, 1.0, 0.6828714868273478)
3.680000000000003 (-17.08897339626642, 1.0, 0.7564240314533934)
3.700000000000003 (-17.02026703473556, 1.0, 0.8295035344646297)
3.720000000000003 (-16.965551734493186, 1.0, 0.9017977080621881)
3.740000000000003 (-16.92790526694034, 1.0, 0.9738114007336606)
3.760000000000003 (-16.907747297373405, 1.0, 1.0459143734546352)
3.780000000000003 (-16.90125208413122, 1.0, 1.1199292833353853)
3.800000000000003 (-16.903961007809293, 1.0, 1.1975683017964973)
3.820000000000003 (-16.91087291610182, 1.0, 1.2774778209464677)
3.840000000000003 (-16.919305933335252, 1.0, 1.357389719003539)
3.860000000000003 (-16.929350134406626, 1.0, 1.4358934308999713)
3.880000000000003 (-16.94239280632569, 1.0, 1.5121693844205921)
3.900000000000003 (-16.960021022943927, 1.0, 1.585748879328619)
3.920000000000003 (-16.983523838442288, 1.0, 1.6564194416968159)
3.940000000000003 (-17.013741674729072, 1.0, 1.724107925453308)
3.960000000000003 (-17.050903397476645, 1.0, 1.7888365371794823)
3.980000000000003 (-17.094863341512543, 1.0, 1.8506137433490517)
4.000000000000003 (-17.144912397175254, 1.0, 1.9095237208539306)
4.020000000000002 (-17.19976796991809, 1.0, 1.9656111115614163)
4.040000000000002 (-17.257687330725705, 1.0, 2.0188447671432974)
4.060000000000001 (-17.316535012125144, 1.0, 2.0691004337688224)
4.080000000000001 (-17.370627681597366, 1.0, 2.117974184345679)
4.1000000000000005 (-17.41185021889229, 1.0, 2.1687954233448243)
4.12 (-17.438928257915816, 1.0, 2.221269872460318)
4.14 (-17.452576805071395, 1.0, 2.2731204871008877)
4.159999999999999 (-17.453888182053415, 1.0, 2.3212226174086115)
4.179999999999999 (-17.44858284568373, 1.0, 2.3606650925125705)
4.199999999999998 (-17.442749908961567, 1.0, 2.3887298268574204)
4.219999999999998 (-17.44040702164815, 1.0, 2.4053738477661364)
4.2399999999999975 (-17.442943773379834, 1.0, 2.412517400065217)
4.259999999999997 (-17.44985701089342, 1.0, 2.4128696989507707)
4.279999999999997 (-17.459136902097075, 1.0, 2.4089246840706036)
4.299999999999996 (-17.468167604342472, 1.0, 2.402314348850293)
4.319999999999996 (-17.47499912884099, 1.0, 2.394316805037088)
4.339999999999995 (-17.478370296175587, 1.0, 2.38604711725547)
4.359999999999995 (-17.477309565655265, 1.0, 2.3780794219691255)
4.379999999999995 (-17.470876254491433, 1.0, 2.370519543158088)
4.399999999999994 (-17.458094286744792, 1.0, 2.36319621828893)
4.419999999999994 (-17.438494192336787, 1.0, 2.3574663418646304)
4.439999999999993 (-17.411734238725572, 1.0, 2.355240861112543)
4.459999999999993 (-17.37718989119849, 1.0, 2.3575522663588884)
4.479999999999992 (-17.334193850380295, 1.0, 2.3646312944307435)
4.499999999999992 (-17.28213336415158, 1.0, 2.3763066539820046)
4.519999999999992 (-17.22049516660982, 1.0, 2.392200684379389)
4.539999999999991 (-17.14876640490859, 1.0, 2.4118932948860112)
4.559999999999991 (-17.06670803426866, 1.0, 2.434909273037266)
4.57999999999999 (-16.974279062373686, 1.0, 2.4612536478892495)
4.59999999999999 (-16.872960421905642, 1.0, 2.4920942742748466)
4.6199999999999894 (-16.763394773556183, 1.0, 2.5292944837219533)
4.639999999999989 (-16.656188751763786, 1.0, 2.5703666773194804)
4.659999999999989 (-16.557891377546785, 1.0, 2.616159276866767)
4.679999999999988 (-16.472597692332815, 1.0, 2.667426191701992)
4.699999999999988 (-16.403146608784542, 1.0, 2.724471611397278)
4.719999999999987 (-16.34931871066333, 1.0, 2.786702824670973)
4.739999999999987 (-16.306001562066236, 1.0, 2.8548490030835216)
4.7599999999999865 (-16.267720001589737, 1.0, 2.9276767913209647)
4.779999999999986 (-16.23236998059874, 1.0, 3.001852318586)
4.799999999999986 (-16.19934633189035, 1.0, 3.075541826132492)
4.819999999999985 (-16.16793278373214, 1.0, 3.147125404425422)
4.839999999999985 (-16.138253939481466, 1.0, 3.2155615141936966)
4.859999999999984 (-16.111047028550466, 1.0, 3.2803087373902566)
4.879999999999984 (-16.087385178406493, 1.0, 3.3411454691485054)
4.8999999999999835 (-16.068571195606662, 1.0, 3.3981042649563764)
4.919999999999983 (-16.057953779897623, 1.0, 3.451999480156082)
4.939999999999983 (-16.057688206538923, 1.0, 3.503734779280652)
4.959999999999982 (-16.068768032331842, 1.0, 3.5537004632293208)
4.979999999999982 (-16.09130620140905, 1.0, 3.6019604697669494)
4.999999999999981 (-16.124476629033293, 1.0, 3.6485987628173513)
5.019999999999981 (-16.166750281217094, 1.0, 3.6937106450558574)
5.0399999999999805 (-16.216088808929776, 1.0, 3.737456041310863)
5.05999999999998 (-16.270001865768037, 1.0, 3.7801014209184713)
5.07999999999998 (-16.325639258392215, 1.0, 3.8220685078874372)
5.099999999999979 (-16.375963750409266, 1.0, 3.8630376987499786)
5.119999999999979 (-16.40927417054182, 1.0, 3.902728240096435)
5.139999999999978 (-16.42383292478758, 1.0, 3.9399144405653)
5.159999999999978 (-16.42143349016614, 1.0, 3.9720317086681436)
5.1799999999999775 (-16.405028983834466, 1.0, 3.9953880453755493)
5.199999999999977 (-16.384765886103448, 1.0, 4.007411474258141)
5.219999999999977 (-16.368515340972927, 1.0, 4.008692730080832)
5.239999999999976 (-16.35963296019028, 1.0, 4.001982011604321)
5.259999999999976 (-16.357660841973768, 1.0, 3.990454858684398)
5.279999999999975 (-16.360194250724856, 1.0, 3.9765602716999426)
5.299999999999975 (-16.36413239562447, 1.0, 3.9607242321730274)
5.3199999999999745 (-16.366986171128044, 1.0, 3.9428668871150077)
5.339999999999974 (-16.367104999682788, 1.0, 3.923336272355449)
5.359999999999974 (-16.363333536136725, 1.0, 3.902558806329071)
5.379999999999973 (-16.354715749544145, 1.0, 3.881054875250304)
5.399999999999973 (-16.340359398580727, 1.0, 3.8596993512752844)
5.419999999999972 (-16.319443013314523, 1.0, 3.8391450904824134)
5.439999999999972 (-16.291152782837955, 1.0, 3.8197969798521587)
5.4599999999999715 (-16.254887853434518, 1.0, 3.801648281208496)
5.479999999999971 (-16.210076928248945, 1.0, 3.7844859336835626)
5.499999999999971 (-16.15624408405677, 1.0, 3.767804918714617)
5.51999999999997 (-16.093115561884964, 1.0, 3.7510320282444956)
5.53999999999997 (-16.02107297739071, 1.0, 3.7344472629821643)
5.559999999999969 (-15.941086663773184, 1.0, 3.719402174773276)
5.579999999999969 (-15.853660433053582, 1.0, 3.7069559777561754)
5.599999999999969 (-15.759011707915958, 1.0, 3.6974632589648753)
5.619999999999968 (-15.65729442563916, 1.0, 3.6909503908976813)
5.639999999999968 (-15.54833334035793, 1.0, 3.6872957398256925)
5.659999999999967 (-15.436760938123106, 1.0, 3.686627079545079)
5.679999999999967 (-15.330951956475495, 1.0, 3.69077391546758)
5.699999999999966 (-15.234748611488593, 1.0, 3.70246266981095)
5.719999999999966 (-15.150522421246638, 1.0, 3.724215589282834)
5.739999999999966 (-15.079389796811734, 1.0, 3.757268575468417)
5.759999999999965 (-15.01772449835086, 1.0, 3.8006070493643818)
5.779999999999965 (-14.960948089858439, 1.0, 3.8523019109104246)
5.799999999999964 (-14.905697334712315, 1.0, 3.907940144719913)
5.819999999999964 (-14.851016335094865, 1.0, 3.963909378440509)
5.839999999999963 (-14.797740618948465, 1.0, 4.018942279736735)
5.859999999999963 (-14.747661710537882, 1.0, 4.073380552800963)
5.879999999999963 (-14.702665526612456, 1.0, 4.128206082966712)
5.899999999999962 (-14.664201113946602, 1.0, 4.184451498060656)
5.919999999999962 (-14.633286070950598, 1.0, 4.242906373091486)
5.939999999999961 (-14.610413184692087, 1.0, 4.3041005440304305)
5.959999999999961 (-14.595829002046418, 1.0, 4.368450082363507)
5.9799999999999605 (-14.588832302389328, 1.0, 4.435833519098266)
5.99999999999996 (-14.588515725842628, 1.0, 4.505661144248058)
6.01999999999996 (-14.593733083529164, 1.0, 4.577110596172989)
6.039999999999959 (-14.602991372273795, 1.0, 4.648997092529699)
6.059999999999959 (-14.61469252793043, 1.0, 4.719946236838155)
6.079999999999958 (-14.624028726793652, 1.0, 4.7873049574907665)
6.099999999999958 (-14.621183201298367, 1.0, 4.84737595853813)
6.1199999999999575 (-14.604908039025114, 1.0, 4.899104333308644)
6.139999999999957 (-14.577328064851063, 1.0, 4.941305087335216)
6.159999999999957 (-14.541529558238528, 1.0, 4.972270829154164)
6.179999999999956 (-14.506219258817845, 1.0, 4.992349395056919)
6.199999999999956 (-14.47785406691376, 1.0, 5.003991622089559)
6.219999999999955 (-14.459292530967076, 1.0, 5.010351767866531)
6.239999999999955 (-14.449974310418336, 1.0, 5.013945770430942)
6.2599999999999545 (-14.447538818726077, 1.0, 5.016281447506767)
6.279999999999954 (-14.449063415728562, 1.0, 5.01737351423389)
6.299999999999954 (-14.45191856916445, 1.0, 5.016344123353856)
6.319999999999953 (-14.454048203812675, 1.0, 5.012759713101933)
6.339999999999953 (-14.453974070914487, 1.0, 5.00648797497716)
6.359999999999952 (-14.450623890733775, 1.0, 4.997366487955969)
6.379999999999952 (-14.44333050402299, 1.0, 4.984843054097192)
6.3999999999999515 (-14.43148238641244, 1.0, 4.968415332224332)
6.419999999999951 (-14.413627877590914, 1.0, 4.949041932328749)
6.439999999999951 (-14.388664787753656, 1.0, 4.927141152207932)
6.45999999999995 (-14.355688419486091, 1.0, 4.902634795841241)
6.47999999999995 (-14.314215819771956, 1.0, 4.8749717522674985)
6.499999999999949 (-14.264027385716979, 1.0, 4.843462974711382)
6.519999999999949 (-14.205072186689257, 1.0, 4.807384163622255)
6.5399999999999485 (-14.13748740128049, 1.0, 4.766635608357773)
6.559999999999948 (-14.061611148870297, 1.0, 4.722891523493038)
6.579999999999948 (-13.97745682570856, 1.0, 4.677830127169495)
6.599999999999947 (-13.884962517884011, 1.0, 4.63216631097276)
6.619999999999947 (-13.78410436244293, 1.0, 4.586060763471969)
6.639999999999946 (-13.674543440119617, 1.0, 4.538898497701173)
6.659999999999946 (-13.566215658225547, 1.0, 4.496176090807002)
6.6799999999999455 (-13.462205482853607, 1.0, 4.46237890271105)
6.699999999999945 (-13.364218086562722, 1.0, 4.441247210171547)
6.719999999999945 (-13.273463019515075, 1.0, 4.435244152083296)
6.739999999999944 (-13.188653626150197, 1.0, 4.4431094438077725)
6.759999999999944 (-13.10604448427521, 1.0, 4.462237177826158)
6.779999999999943 (-13.023172703847571, 1.0, 4.487863334335261)
6.799999999999943 (-12.940665216201783, 1.0, 4.515542874230289)
6.8199999999999426 (-12.859615189125835, 1.0, 4.543515422225221)
6.839999999999942 (-12.780763917781632, 1.0, 4.570638594586041)
6.859999999999942 (-12.705286840006627, 1.0, 4.597108600118161)
6.879999999999941 (-12.635017956487571, 1.0, 4.625345084101169)
6.899999999999941 (-12.571098703876014, 1.0, 4.657460310005832)
6.91999999999994 (-12.514219183111383, 1.0, 4.694986506289478)
6.93999999999994 (-12.464658158572888, 1.0, 4.738891699713708)
6.95999999999994 (-12.422423557067036, 1.0, 4.789504136962956)
6.979999999999939 (-12.387218893658195, 1.0, 4.846653492401918)
6.999999999999939 (-12.35837005173343, 1.0, 4.909674546874072)
7.019999999999938 (-12.33488859051427, 1.0, 4.977496748677816)
7.039999999999938 (-12.315809119191549, 1.0, 5.048489147003422)
7.059999999999937 (-12.300179590177663, 1.0, 5.1206226885067965)
7.079999999999937 (-12.286874200746514, 1.0, 5.191690216086487)
7.099999999999937 (-12.269023162415808, 1.0, 5.254142671635501)
7.119999999999936 (-12.24155065299617, 1.0, 5.30265774432871)
7.139999999999936 (-12.205456742028765, 1.0, 5.336609113758199)
7.159999999999935 (-12.16393015669085, 1.0, 5.355672686417558)
7.179999999999935 (-12.122674984769912, 1.0, 5.360043476081415)
7.1999999999999345 (-12.088972898007782, 1.0, 5.355610751348095)
7.219999999999934 (-12.066504852665311, 1.0, 5.348428628331431)
7.239999999999934 (-12.05471405387507, 1.0, 5.342085804217903)
7.259999999999933 (-12.050803680880938, 1.0, 5.337914833759925)
7.279999999999933 (-12.051526797695784, 1.0, 5.3354238356716905)
7.299999999999932 (-12.05468912132125, 1.0, 5.332481303440806)
7.319999999999932 (-12.058722827115425, 1.0, 5.327266418699098)
7.3399999999999315 (-12.06228910943865, 1.0, 5.31881839265161)
7.359999999999931 (-12.064386129057905, 1.0, 5.3064945000706585)
7.379999999999931 (-12.064115334414408, 1.0, 5.28981130611006)
7.39999999999993 (-12.060199886332198, 1.0, 5.268653253529883)
7.41999999999993 (-12.05155320818293, 1.0, 5.242821952330807)
7.439999999999929 (-12.037339913914268, 1.0, 5.211958257722028)
7.459999999999929 (-12.017117466834863, 1.0, 5.175572486726823)
7.4799999999999285 (-11.990673980039613, 1.0, 5.133065872176447)
7.499999999999928 (-11.958070704008124, 1.0, 5.083757996841909)
7.519999999999928 (-11.919562012966367, 1.0, 5.0269667339504585)
7.539999999999927 (-11.875408559801132, 1.0, 4.962235764224996)
7.559999999999927 (-11.825533401011816, 1.0, 4.8905864290834105)
7.579999999999926 (-11.769197865170716, 1.0, 4.813850277036353)
7.599999999999926 (-11.705848340375205, 1.0, 4.733091277014189)
7.6199999999999255 (-11.635279023444463, 1.0, 4.648645204449701)
7.639999999999925 (-11.557281050759721, 1.0, 4.55979217078245)
7.659999999999925 (-11.478227919957133, 1.0, 4.475360351878226)
7.679999999999924 (-11.399116993597822, 1.0, 4.4008832397106135)
7.699999999999924 (-11.319848034942995, 1.0, 4.340386734205491)
7.719999999999923 (-11.240361945971326, 1.0, 4.296584347369553)
7.739999999999923 (-11.160085457653642, 1.0, 4.26825620649514)
7.7599999999999225 (-11.07697971226635, 1.0, 4.250497991897613)
7.779999999999922 (-10.991473505100123, 1.0, 4.237339736326312)
7.799999999999922 (-10.906052893493628, 1.0, 4.225280599282333)
7.819999999999921 (-10.822387625700898, 1.0, 4.213279508782443)
7.839999999999921 (-10.741486027219107, 1.0, 4.200912961793343)
7.85999999999992 (-10.66423495637057, 1.0, 4.190259891729275)
7.87999999999992 (-10.590848093078344, 1.0, 4.1838706349790336)
7.8999999999999195 (-10.521474805599336, 1.0, 4.183785524908473)
7.919999999999919 (-10.456019785421281, 1.0, 4.1915966518118255)
7.939999999999919 (-10.394270951398465, 1.0, 4.208173252613732)
7.959999999999918 (-10.336085842612453, 1.0, 4.233714149541791)
7.979999999999918 (-10.281267923615035, 1.0, 4.267878360027821)
7.999999999999917 (-10.229494329794056, 1.0, 4.3097378665040225)
8.019999999999918 (-10.180357605623767, 1.0, 4.3578949693543345)
8.039999999999917 (-10.13370909874018, 1.0, 4.410510368613897)
8.059999999999917 (-10.089550063806644, 1.0, 4.465452406279497)
8.079999999999917 (-10.047856189994821, 1.0, 4.520238295358754)
8.099999999999916 (-10.00519606398622, 1.0, 4.563517989614024)
8.119999999999916 (-9.959917361408019, 1.0, 4.589754667239984)
8.139999999999915 (-9.91364334976905, 1.0, 4.599265461229207)
8.159999999999915 (-9.869509938863098, 1.0, 4.593321873697078)
8.179999999999914 (-9.832634299071762, 1.0, 4.575866644865584)
8.199999999999914 (-9.806597604989554, 1.0, 4.55480413340801)
8.219999999999914 (-9.791619416125107, 1.0, 4.536732469831988)
8.239999999999913 (-9.785691936556002, 1.0, 4.5241727919804315)
8.259999999999913 (-9.785584125776088, 1.0, 4.516880338764906)
8.279999999999912 (-9.788708499773954, 1.0, 4.512902382046269)
8.299999999999912 (-9.794195217841557, 1.0, 4.509302780765584)
8.319999999999911 (-9.801327948662369, 1.0, 4.503833714207341)
8.339999999999911 (-9.80932922612529, 1.0, 4.495111411263869)
8.35999999999991 (-9.817642007923213, 1.0, 4.482129465690832)
8.37999999999991 (-9.825895937126907, 1.0, 4.464031375353827)
8.39999999999991 (-9.833147563994679, 1.0, 4.440131546643574)
8.41999999999991 (-9.838364315486324, 1.0, 4.409773505950432)
8.439999999999909 (-9.840962627755458, 1.0, 4.372284824052777)
8.459999999999908 (-9.840726983427132, 1.0, 4.326937692893803)
8.479999999999908 (-9.837820371607075, 1.0, 4.273031545150937)
8.499999999999908 (-9.832649294353454, 1.0, 4.209949384301888)
8.519999999999907 (-9.825400141177434, 1.0, 4.137604752188116)
8.539999999999907 (-9.815209842198437, 1.0, 4.056940811181768)
8.559999999999906 (-9.801133995856189, 1.0, 3.9687929755853864)
8.579999999999906 (-9.782762207624081, 1.0, 3.873405190978866)
8.599999999999905 (-9.760108444578002, 1.0, 3.7708510865704037)
8.619999999999905 (-9.733320178640245, 1.0, 3.6611553589470125)
8.639999999999905 (-9.702589842998576, 1.0, 3.5439256452515413)
8.659999999999904 (-9.669737454161144, 1.0, 3.4296022538120727)
8.679999999999904 (-9.63325888391216, 1.0, 3.323825564503255)
8.699999999999903 (-9.590986510858004, 1.0, 3.230231354126277)
8.719999999999903 (-9.541522088472368, 1.0, 3.1513687831730333)
8.739999999999903 (-9.484892338011793, 1.0, 3.085871000362771)
8.759999999999902 (-9.420651412827569, 1.0, 3.0293224985771317)
8.779999999999902 (-9.350639444569579, 1.0, 2.9769783133005143)
8.799999999999901 (-9.278784688962443, 1.0, 2.926332355130933)
8.8199999999999 (-9.207193001951163, 1.0, 2.87716519559133)
8.8399999999999 (-9.137366639184435, 1.0, 2.8292203151090742)
8.8599999999999 (-9.069919158628078, 1.0, 2.7835437811464026)
8.8799999999999 (-9.004039763683245, 1.0, 2.743062498613587)
8.899999999999899 (-8.938660948622118, 1.0, 2.7099108615500493)
8.919999999999899 (-8.873011293928398, 1.0, 2.685527018969821)
8.939999999999898 (-8.806522651121782, 1.0, 2.67064116713322)
8.959999999999898 (-8.738893037706134, 1.0, 2.6654172830699117)
8.979999999999897 (-8.670054355419106, 1.0, 2.6694640553491005)
8.999999999999897 (-8.600105195842389, 1.0, 2.6817476081362717)
9.019999999999897 (-8.529278195901751, 1.0, 2.7007157731915092)
9.039999999999896 (-8.45831176248685, 1.0, 2.7245307786431265)
9.059999999999896 (-8.388321771159125, 1.0, 2.7511678268151525)
9.079999999999895 (-8.32051688583996, 1.0, 2.7784117762019482)
9.099999999999895 (-8.256973433202552, 1.0, 2.7948262571363798)
9.119999999999894 (-8.198709391315939, 1.0, 2.794793626365997)
9.139999999999894 (-8.146983243374951, 1.0, 2.779345584483732)
9.159999999999894 (-8.104198483642339, 1.0, 2.7509039530737227)
9.179999999999893 (-8.073419388809006, 1.0, 2.7154215155356023)
9.199999999999893 (-8.053710032906695, 1.0, 2.6818753911443367)
9.219999999999892 (-8.042159147712903, 1.0, 2.6559848488016518)
9.239999999999892 (-8.03564011431954, 1.0, 2.638781587643866)
9.259999999999891 (-8.031602896191531, 1.0, 2.6286399271959233)
9.279999999999891 (-8.028913600332613, 1.0, 2.6227479762057375)
9.29999999999989 (-8.028187071398982, 1.0, 2.6182292432187584)
9.31999999999989 (-8.029901576645926, 1.0, 2.612896641260769)
9.33999999999989 (-8.034006478076655, 1.0, 2.6052238730519814)
9.35999999999989 (-8.040460772634683, 1.0, 2.5941036229252696)
9.379999999999889 (-8.049192331827626, 1.0, 2.578595472566381)
9.399999999999888 (-8.059563357351694, 1.0, 2.557627472890667)
9.419999999999888 (-8.071093669982018, 1.0, 2.5302147825226573)
9.439999999999888 (-8.083617581912073, 1.0, 2.495508006227336)
9.459999999999887 (-8.097306738695961, 1.0, 2.452861630698015)
9.479999999999887 (-8.112579291088132, 1.0, 2.401782607440331)
9.499999999999886 (-8.130059236558887, 1.0, 2.3419580783772007)
9.519999999999886 (-8.150472790483613, 1.0, 2.273228867940416)
9.539999999999885 (-8.17434597158835, 1.0, 2.195580958886733)
9.559999999999885 (-8.20076938797822, 1.0, 2.1095354099991948)
9.579999999999885 (-8.227843514329178, 1.0, 2.0155255699495678)
9.599999999999884 (-8.254419395979935, 1.0, 1.9136867942262143)
9.619999999999884 (-8.280122108821136, 1.0, 1.8040462056317539)
9.639999999999883 (-8.305388963950023, 1.0, 1.6859469493309482)
9.659999999999883 (-8.327207047603137, 1.0, 1.5683505672666807)
9.679999999999882 (-8.341368772559301, 1.0, 1.4561182555008956)
9.699999999999882 (-8.344371085680471, 1.0, 1.3515594645579223)
9.719999999999882 (-8.33369227097447, 1.0, 1.2561542565721666)
9.739999999999881 (-8.309647058357024, 1.0, 1.1691174396955197)
9.75999999999988 (-8.275268295934351, 1.0, 1.0858462343349595)
9.77999999999988 (-8.235697077205822, 1.0, 1.003207138902098)
9.79999999999988 (-8.195674357770526, 1.0, 0.9210793174906854)
9.81999999999988 (-8.1569470117256, 1.0, 0.8403813514540923)
9.839999999999879 (-8.120205942488516, 1.0, 0.7618214043982197)
9.859999999999879 (-8.083932290298641, 1.0, 0.6874359581237759)
9.879999999999878 (-8.046290329395559, 1.0, 0.6187292195479331)
9.899999999999878 (-8.005780156101045, 1.0, 0.556792684754206)
9.919999999999877 (-7.961207005991278, 1.0, 0.5023457303653244)
9.939999999999877 (-7.911758615166138, 1.0, 0.45572534741532594)
9.959999999999877 (-7.857113175216459, 1.0, 0.41694643546096866)
9.979999999999876 (-7.797384827528262, 1.0, 0.3856889055801716)
9.999999999999876 (-7.7331245498540975, 1.0, 0.36130320797155935)
