0.0 (-12.75, 1.0, 0.0)
0.02 (-12.750082214274283, 1.0, 0.0075301325099732955)
0.04 (-12.749940627547103, 1.0, 0.021103644879399377)
0.06 (-12.74912948232138, 1.0, 0.03842995115599434)
0.08 (-12.752018432513411, 1.0, 0.05344290899563486)
0.1 (-12.754304239319072, 1.0, 0.06729000373315477)
0.12000000000000001 (-12.75093183311354, 1.0, 0.08267553876858627)
0.14 (-12.743685567702522, 1.0, 0.10029741780949022)
0.16 (-12.736185512462374, 1.0, 0.11997364823636673)
0.18 (-12.732654009374409, 1.0, 0.13778144809379123)
0.19999999999999998 (-12.739317290248115, 1.0, 0.14909217308799877)
0.21999999999999997 (-12.758963092364654, 1.0, 0.15143810206326003)
0.23999999999999996 (-12.776707429773937, 1.0, 0.14056432197309376)
0.25999999999999995 (-12.779485456066245, 1.0, 0.12169354006271885)
0.27999999999999997 (-12.768831607040863, 1.0, 0.09887129896926437)
0.3 (-12.749372744199809, 1.0, 0.07772303464908237)
0.32 (-12.727896719603791, 1.0, 0.06282909509598707)
0.34 (-12.708543527205475, 1.0, 0.05255353511359277)
0.36000000000000004 (-12.688845185929678, 1.0, 0.04312392161578397)
0.38000000000000006 (-12.666783708370637, 1.0, 0.03282518780664509)
0.4000000000000001 (-12.64161967494594, 1.0, 0.020753543261721047)
0.4200000000000001 (-12.612967381304975, 1.0, 0.006670957740896633)
0.4400000000000001 (-12.581042933914523, 1.0, -0.009364698296462437)
0.46000000000000013 (-12.546764970232072, 1.0, -0.027454401467365296)
0.48000000000000015 (-12.511011765688444, 1.0, -0.0478664080804916)
0.5000000000000001 (-12.474445289835183, 1.0, -0.07084246082216314)
0.5200000000000001 (-12.436297904640805, 1.0, -0.09608483761221584)
0.5400000000000001 (-12.396432846052152, 1.0, -0.122565171782013)
0.5600000000000002 (-12.355710518371314, 1.0, -0.14908114678704482)
0.5800000000000002 (-12.315149709192196, 1.0, -0.174389654994418)
0.6000000000000002 (-12.275704566086384, 1.0, -0.19730463105435442)
0.6200000000000002 (-12.238196868897818, 1.0, -0.2167159339427849)
0.6400000000000002 (-12.203390862400955, 1.0, -0.23157755883182954)
0.6600000000000003 (-12.173906649410252, 1.0, -0.23872006242627)
0.6800000000000003 (-12.155049703523687, 1.0, -0.23311862381068896)
0.7000000000000003 (-12.150254366953769, 1.0, -0.2116326367864244)
0.7200000000000003 (-12.160579481895372, 1.0, -0.17333306820682498)
0.7400000000000003 (-12.186039872469156, 1.0, -0.11909732211577374)
0.7600000000000003 (-12.226058069624601, 1.0, -0.05114572186717507)
0.7800000000000004 (-12.279598957718152, 1.0, 0.027383032709608783)
0.8000000000000004 (-12.341482833040411, 1.0, 0.10827428665369779)
0.8200000000000004 (-12.402994668284192, 1.0, 0.1806210944135237)
0.8400000000000004 (-12.459042051373364, 1.0, 0.23747543419685038)
0.8600000000000004 (-12.508172775034451, 1.0, 0.2761578620827442)
0.8800000000000004 (-12.550663246505957, 1.0, 0.298281997017563)
0.9000000000000005 (-12.588434260484533, 1.0, 0.30774890038217256)
0.9200000000000005 (-12.624186208797427, 1.0, 0.30875751766769094)
0.9400000000000005 (-12.659990002472863, 1.0, 0.30473548385668064)
0.9600000000000005 (-12.697226979907368, 1.0, 0.2981542240419771)
0.9800000000000005 (-12.736811844141021, 1.0, 0.2905702093766065)
1.0000000000000004 (-12.77735252889516, 1.0, 0.2817260361872403)
1.0200000000000005 (-12.814630070346258, 1.0, 0.2695154976419056)
1.0400000000000005 (-12.84468609485406, 1.0, 0.25187642909582125)
1.0600000000000005 (-12.864773436168875, 1.0, 0.2276957876122097)
1.0800000000000005 (-12.874982726466401, 1.0, 0.198582181307462)
1.1000000000000005 (-12.88040808715823, 1.0, 0.16839206105178353)
1.1200000000000006 (-12.88588532964241, 1.0, 0.14055067409223737)
1.1400000000000006 (-12.88514412257559, 1.0, 0.1126647096915659)
1.1600000000000006 (-12.850901859344349, 1.0, 0.04586044082240659)
1.1800000000000006 (-12.829703649723662, 1.0, -0.01588396111037882)
1.2000000000000006 (-12.814614340708978, 1.0, -0.06767854895560747)
1.2200000000000006 (-12.798065260811333, 1.0, -0.11351937353502167)
1.2400000000000007 (-12.777915430591799, 1.0, -0.15542782486325246)
1.2600000000000007 (-12.793747688580552, 1.0, -0.14709389939932196)
1.2800000000000007 (-12.795848228279246, 1.0, -0.1402605844075793)
1.3000000000000007 (-12.789510742793754, 1.0, -0.1394064263110341)
1.3200000000000007 (-12.777990016633597, 1.0, -0.14354343750697449)
1.3400000000000007 (-12.760832186420897, 1.0, -0.14992647802216014)
1.3600000000000008 (-12.74309484866203, 1.0, -0.15549526139232428)
1.3800000000000008 (-12.728259657352428, 1.0, -0.1608243287779295)
1.4000000000000008 (-12.715348223367828, 1.0, -0.16733829247385942)
1.4200000000000008 (-12.70315012899625, 1.0, -0.17617362150092813)
1.4400000000000008 (-12.690832563352874, 1.0, -0.18796868114284235)
1.4600000000000009 (-12.677777085665856, 1.0, -0.2027881246386734)
1.4800000000000009 (-12.66291421334473, 1.0, -0.22007776371613016)
1.5000000000000009 (-12.646797681699432, 1.0, -0.2395254405018488)
1.520000000000001 (-12.630318643175292, 1.0, -0.26078411807920415)
1.540000000000001 (-12.614239307476312, 1.0, -0.28335180092395906)
1.560000000000001 (-12.59928863027263, 1.0, -0.30657290654327024)
1.580000000000001 (-12.586114543898825, 1.0, -0.32963912758740344)
1.600000000000001 (-12.575278450544547, 1.0, -0.3516157939114065)
1.620000000000001 (-12.567292589959552, 1.0, -0.37146903641345325)
1.640000000000001 (-12.564413856006235, 1.0, -0.38561566771212163)
1.660000000000001 (-12.57230412239622, 1.0, -0.3861697153914463)
1.680000000000001 (-12.595193228288, 1.0, -0.3667322824486224)
1.700000000000001 (-12.63270820134211, 1.0, -0.32577499216664746)
1.720000000000001 (-12.677208149532486, 1.0, -0.2725074798628131)
1.740000000000001 (-12.718685253808717, 1.0, -0.22012905086072437)
1.7600000000000011 (-12.753092211418473, 1.0, -0.17614440158761593)
1.7800000000000011 (-12.78176332382658, 1.0, -0.1409265910713071)
1.8000000000000012 (-12.807028482395083, 1.0, -0.11190249363828858)
1.8200000000000012 (-12.830067297574724, 1.0, -0.08701350262886574)
1.8400000000000012 (-12.851092679342072, 1.0, -0.06499790455685231)
1.8600000000000012 (-12.869978990176568, 1.0, -0.04507983316222355)
1.8800000000000012 (-12.886570343179507, 1.0, -0.026732712962702684)
1.9000000000000012 (-12.90089703698037, 1.0, -0.009583869927015796)
1.9200000000000013 (-12.91390058836348, 1.0, 0.006723654990696635)
1.9400000000000013 (-12.926744076572925, 1.0, 0.02227539418035493)
1.9600000000000013 (-12.940236665829916, 1.0, 0.037186233832811465)
1.9800000000000013 (-12.954939017266293, 1.0, 0.05147486625839358)
2.0000000000000013 (-12.971246344519527, 1.0, 0.06505271022082014)
2.0200000000000014 (-12.989418350603009, 1.0, 0.07773826304221637)
2.0400000000000014 (-13.00954217905722, 1.0, 0.0893288298176668)
2.0600000000000014 (-13.031485550808352, 1.0, 0.09935640714177862)
2.0800000000000014 (-13.0543744804742, 1.0, 0.10718497918234761)
2.1000000000000014 (-13.076488557635281, 1.0, 0.11227943527045328)
2.1200000000000014 (-13.096424640767266, 1.0, 0.11394626567528043)
2.1400000000000015 (-13.111201316413139, 1.0, 0.10607287622787287)
2.1600000000000015 (-13.11640047324916, 1.0, 0.08487371712477865)
2.1800000000000015 (-13.11088887024906, 1.0, 0.05057905833906443)
2.2000000000000015 (-13.092865867585688, 1.0, 0.004675934690919098)
2.2200000000000015 (-13.064819735167397, 1.0, -0.041786294565898385)
2.2400000000000015 (-13.034869283098047, 1.0, -0.07777035365911454)
2.2600000000000016 (-13.00874169121557, 1.0, -0.09869444051537153)
2.2800000000000016 (-12.98829702440317, 1.0, -0.10622789993913213)
2.3000000000000016 (-12.9719346457121, 1.0, -0.10603403781493981)
2.3200000000000016 (-12.957334889894788, 1.0, -0.10355499574291051)
2.3400000000000016 (-12.943304992405626, 1.0, -0.10241978635974433)
2.3600000000000017 (-12.929123035688493, 1.0, -0.10505991053948098)
2.3800000000000017 (-12.914198129410725, 1.0, -0.11301298801544415)
2.4000000000000017 (-12.89800685740639, 1.0, -0.12703600101401555)
2.4200000000000017 (-12.880097410489215, 1.0, -0.1471787121387876)
2.4400000000000017 (-12.860108466435207, 1.0, -0.1728741170799413)
2.4600000000000017 (-12.837781928317199, 1.0, -0.20304923133094074)
2.4800000000000018 (-12.812962601254625, 1.0, -0.23625035431094377)
2.5000000000000018 (-12.78557633250995, 1.0, -0.27077253438374327)
2.520000000000002 (-12.755754052380988, 1.0, -0.30478063863054294)
2.540000000000002 (-12.72561150670841, 1.0, -0.3367442904053669)
2.560000000000002 (-12.697010487775248, 1.0, -0.36616881410001184)
2.580000000000002 (-12.670554588023688, 1.0, -0.3927197439541199)
2.600000000000002 (-12.646433583555067, 1.0, -0.4159943187512757)
2.620000000000002 (-12.62479948187775, 1.0, -0.43526764926269335)
2.640000000000002 (-12.606473074324791, 1.0, -0.44775290271576895)
2.660000000000002 (-12.594449009585407, 1.0, -0.44591316899642996)
2.680000000000002 (-12.591346782301056, 1.0, -0.42337546184781927)
2.700000000000002 (-12.597506118112358, 1.0, -0.37756244454060117)
2.720000000000002 (-12.612603619146483, 1.0, -0.30869802006452834)
2.740000000000002 (-12.63352185311469, 1.0, -0.22634469015864278)
2.760000000000002 (-12.65401662731823, 1.0, -0.14636804517222085)
2.780000000000002 (-12.67119953128637, 1.0, -0.0797784512799913)
2.800000000000002 (-12.685229744347042, 1.0, -0.028650625599063242)
2.820000000000002 (-12.698220939237158, 1.0, 0.01051384826756129)
2.840000000000002 (-12.712158869994179, 1.0, 0.041638071618316945)
2.860000000000002 (-12.727444248330478, 1.0, 0.0669962783534158)
2.880000000000002 (-12.743402715455277, 1.0, 0.08820186179719963)
2.900000000000002 (-12.759550822488054, 1.0, 0.10665194799917964)
2.920000000000002 (-12.775896807873428, 1.0, 0.12376059563075434)
2.940000000000002 (-12.792396067196862, 1.0, 0.1403768900615807)
2.960000000000002 (-12.80906529753286, 1.0, 0.15677851211598706)
2.980000000000002 (-12.826029336778456, 1.0, 0.1729076261815775)
3.000000000000002 (-12.843483437529327, 1.0, 0.18856993561930402)
3.0200000000000022 (-12.861602063782252, 1.0, 0.20361047627305853)
3.0400000000000023 (-12.880521228246597, 1.0, 0.21796670322121678)
3.0600000000000023 (-12.900313352946315, 1.0, 0.23178611849307387)
3.0800000000000023 (-12.920652896114625, 1.0, 0.24278095718206905)
3.1000000000000023 (-12.938815782597036, 1.0, 0.2448484125883999)
3.1200000000000023 (-12.951112950452485, 1.0, 0.23361828768336476)
3.1400000000000023 (-12.955173230383322, 1.0, 0.20725114405882117)
3.1600000000000024 (-12.950162035788873, 1.0, 0.17096578022215553)
3.1800000000000024 (-12.940034683551126, 1.0, 0.1358346609128315)
3.2000000000000024 (-12.929417856789883, 1.0, 0.11035930450983365)
3.2200000000000024 (-12.920459427257347, 1.0, 0.0977343572384707)
3.2400000000000024 (-12.913836383229949, 1.0, 0.09505835605221412)
3.2600000000000025 (-12.908181258341106, 1.0, 0.0964972338359123)
3.2800000000000025 (-12.903185044942822, 1.0, 0.09794087434857748)
3.3000000000000025 (-12.898934908405012, 1.0, 0.09644885089169415)
3.3200000000000025 (-12.89549709849956, 1.0, 0.08995155758167092)
3.3400000000000025 (-12.892823817504956, 1.0, 0.0771188800475216)
3.3600000000000025 (-12.890913913458567, 1.0, 0.05714355989222267)
3.3800000000000026 (-12.889971933632001, 1.0, 0.030224131526730785)
3.4000000000000026 (-12.890129613054103, 1.0, -0.0031789366008405564)
3.4200000000000026 (-12.89091999241858, 1.0, -0.04233974372925735)
3.4400000000000026 (-12.891068735497313, 1.0, -0.08618279276178466)
3.4600000000000026 (-12.889588737446678, 1.0, -0.13315509229102443)
3.4800000000000026 (-12.885653368036385, 1.0, -0.18171480741327445)
3.5000000000000027 (-12.878637452724243, 1.0, -0.23009766072353333)
3.5200000000000027 (-12.869647696879715, 1.0, -0.2764656318468814)
3.5400000000000027 (-12.860746990998276, 1.0, -0.3195961467568309)
3.5600000000000027 (-12.852804816451055, 1.0, -0.3590268945426656)
3.5800000000000027 (-12.84610231279835, 1.0, -0.3945527821173726)
3.6000000000000028 (-12.840581810015484, 1.0, -0.4258975204759973)
3.6200000000000028 (-12.83598163848605, 1.0, -0.45268050672860877)
3.640000000000003 (-12.831936624179821, 1.0, -0.4744198824304047)
3.660000000000003 (-12.82847133488646, 1.0, -0.4902129124163115)
3.680000000000003 (-12.824782747757725, 1.0, -0.4970762867033583)
3.700000000000003 (-12.820898822730143, 1.0, -0.4858161503928791)
3.720000000000003 (-12.817181505023978, 1.0, -0.45005735107925)
3.740000000000003 (-12.813004755923812, 1.0, -0.38833929854382454)
3.760000000000003 (-12.808131657204962, 1.0, -0.30671042542067656)
3.780000000000003 (-12.802544327589631, 1.0, -0.22036103082271818)
3.800000000000003 (-12.796385717391928, 1.0, -0.14371561322223853)
3.820000000000003 (-12.790881239714484, 1.0, -0.08043422899263444)
3.840000000000003 (-12.787458020340607, 1.0, -0.02790300367660587)
3.860000000000003 (-12.78642027768843, 1.0, 0.016933911106705224)
3.880000000000003 (-12.787383113746602, 1.0, 0.056127793010080786)
3.900000000000003 (-12.789798935659652, 1.0, 0.09113840441601022)
3.920000000000003 (-12.793173922528329, 1.0, 0.12288467558084798)
3.940000000000003 (-12.797195214659821, 1.0, 0.15208821447970536)
3.960000000000003 (-12.801744480376769, 1.0, 0.17927293910168732)
3.980000000000003 (-12.806768104491056, 1.0, 0.20477163535438045)
4.000000000000003 (-12.812399029072095, 1.0, 0.2289031364151375)
4.020000000000002 (-12.81886430610796, 1.0, 0.2518316940131212)
4.040000000000002 (-12.826412005482506, 1.0, 0.27367435122145645)
4.060000000000001 (-12.835298653217587, 1.0, 0.29459663632051747)
4.080000000000001 (-12.846154049194263, 1.0, 0.3128583897109063)
4.1000000000000005 (-12.859190896618019, 1.0, 0.32241752365341053)
4.12 (-12.872959999266122, 1.0, 0.3178635634698753)
4.14 (-12.886067549189454, 1.0, 0.2966930699989484)
4.159999999999999 (-12.896385093031759, 1.0, 0.2591140488302421)
4.179999999999999 (-12.901414779640515, 1.0, 0.21491630983687227)
4.199999999999998 (-12.901735201858243, 1.0, 0.17537373502511042)
4.219999999999998 (-12.89786567815008, 1.0, 0.1468887276896516)
4.2399999999999975 (-12.891218986171314, 1.0, 0.1305976754274071)
4.259999999999997 (-12.883783579240355, 1.0, 0.12263038481871187)
4.279999999999997 (-12.876882530907714, 1.0, 0.11734110327718068)
4.299999999999996 (-12.871695623222767, 1.0, 0.11086639554598472)
4.319999999999996 (-12.86917094002089, 1.0, 0.10071446235244813)
4.339999999999995 (-12.86985223471526, 1.0, 0.08528696109749849)
4.359999999999995 (-12.874074566604243, 1.0, 0.06380261340172314)
4.379999999999995 (-12.882013564843136, 1.0, 0.03612778991375021)
4.399999999999994 (-12.893702509361045, 1.0, 0.0026246517575179845)
4.419999999999994 (-12.908556260864906, 1.0, -0.03631011160436464)
4.439999999999993 (-12.925220584990075, 1.0, -0.08021834507017984)
4.459999999999993 (-12.942404335002898, 1.0, -0.12800958772914248)
4.479999999999992 (-12.958908824945212, 1.0, -0.17834704590339126)
4.499999999999992 (-12.973585929447164, 1.0, -0.22962439844030585)
4.519999999999992 (-12.985357510136769, 1.0, -0.2802126050789387)
4.539999999999991 (-12.993196874196357, 1.0, -0.3285616793851307)
4.559999999999991 (-12.99607884519174, 1.0, -0.3734267938239828)
4.57999999999999 (-12.994314654079057, 1.0, -0.4127493914521918)
4.59999999999999 (-12.990237857739272, 1.0, -0.44447639026140134)
4.6199999999999894 (-12.985123511133105, 1.0, -0.46788418903292456)
4.639999999999989 (-12.97767612899607, 1.0, -0.4797860669735123)
4.659999999999989 (-12.96500514243504, 1.0, -0.47197406610715187)
4.679999999999988 (-12.945000324656192, 1.0, -0.4399907946991988)
4.699999999999988 (-12.916364680596187, 1.0, -0.38321113793728256)
4.719999999999987 (-12.88061860958564, 1.0, -0.30676478180759964)
4.739999999999987 (-12.84319479831694, 1.0, -0.2263728503394728)
4.7599999999999865 (-12.80965980594514, 1.0, -0.15665900264777208)
4.779999999999986 (-12.782848730033152, 1.0, -0.10152704647516847)
4.799999999999986 (-12.762444380716452, 1.0, -0.05783858884028798)
4.819999999999985 (-12.74741272504279, 1.0, -0.020816423226547275)
4.839999999999985 (-12.736721734416541, 1.0, 0.012194826283794237)
4.859999999999984 (-12.729498883181432, 1.0, 0.04235317011770843)
4.879999999999984 (-12.72508046665112, 1.0, 0.07024122526796259)
4.8999999999999835 (-12.722977257099775, 1.0, 0.09617497266939948)
4.919999999999983 (-12.72250538842524, 1.0, 0.11985447425542672)
4.939999999999983 (-12.722958277191216, 1.0, 0.14163602717136128)
4.959999999999982 (-12.72393911259808, 1.0, 0.1621851153921353)
4.979999999999982 (-12.725407448197526, 1.0, 0.18209782463757582)
4.999999999999981 (-12.727618608334092, 1.0, 0.20195075154712952)
5.019999999999981 (-12.730982380414721, 1.0, 0.22235624519257632)
5.0399999999999805 (-12.735927355563707, 1.0, 0.24378335391449896)
5.05999999999998 (-12.742740237146768, 1.0, 0.2663360583026948)
5.07999999999998 (-12.75146384460758, 1.0, 0.28970404241127656)
5.099999999999979 (-12.762856046891244, 1.0, 0.31187549190335034)
5.119999999999979 (-12.779250712944888, 1.0, 0.32587149770992474)
5.139999999999978 (-12.800752875604264, 1.0, 0.32444460697733457)
5.159999999999978 (-12.826598911814516, 1.0, 0.3045856427477291)
5.1799999999999775 (-12.852952688104375, 1.0, 0.267899149446175)
5.199999999999977 (-12.873422854557694, 1.0, 0.2274195582542014)
5.219999999999977 (-12.885313983707636, 1.0, 0.19431674290510761)
5.239999999999976 (-12.888068692293684, 1.0, 0.17326232240298126)
5.259999999999976 (-12.884579136087327, 1.0, 0.16278470735698244)
5.279999999999975 (-12.878352707849311, 1.0, 0.15751296634251832)
5.299999999999975 (-12.872223743705149, 1.0, 0.15347616284631305)
5.3199999999999745 (-12.868370889186481, 1.0, 0.1482867528729056)
5.339999999999974 (-12.86832945362159, 1.0, 0.14033655200188352)
5.359999999999974 (-12.873074727889168, 1.0, 0.12859930231131067)
5.379999999999973 (-12.88303166544496, 1.0, 0.11248071804375827)
5.399999999999973 (-12.898012323967896, 1.0, 0.09163774653109906)
5.419999999999972 (-12.917326076007637, 1.0, 0.06607533807731364)
5.439999999999972 (-12.939916714935478, 1.0, 0.03612545999121827)
5.4599999999999715 (-12.96444171201369, 1.0, 0.002324079472464817)
5.479999999999971 (-12.989329439581915, 1.0, -0.034491246542332585)
5.499999999999971 (-13.012995601054563, 1.0, -0.07344871496576884)
5.51999999999997 (-13.034237709300664, 1.0, -0.1131730016833604)
5.53999999999997 (-13.053345878919892, 1.0, -0.15106984432677573)
5.559999999999969 (-13.070847034675962, 1.0, -0.1857008152770814)
5.579999999999969 (-13.086822804413911, 1.0, -0.2166053777896192)
5.599999999999969 (-13.101066884571335, 1.0, -0.2435732388951231)
5.619999999999968 (-13.113110182764222, 1.0, -0.2664628020010746)
5.639999999999968 (-13.122296149353708, 1.0, -0.28498682092930316)
5.659999999999967 (-13.126419781349396, 1.0, -0.2973124771015346)
5.679999999999967 (-13.119778315702055, 1.0, -0.29723931063871206)
5.699999999999966 (-13.097765679783945, 1.0, -0.27946611399281557)
5.719999999999966 (-13.058274509398018, 1.0, -0.24279898712108589)
5.739999999999966 (-13.002964675154981, 1.0, -0.18961109357020753)
5.759999999999965 (-12.941595522528091, 1.0, -0.13063672029731155)
5.779999999999965 (-12.884644711925262, 1.0, -0.07745462210217846)
5.799999999999964 (-12.837552481095116, 1.0, -0.033709209861683194)
5.819999999999964 (-12.800463669363632, 1.0, 0.0023937062031752637)
5.839999999999963 (-12.771279088260643, 1.0, 0.03393740912916625)
5.859999999999963 (-12.74797551025853, 1.0, 0.06256368989700403)
5.879999999999963 (-12.72881380865339, 1.0, 0.08909798672335803)
5.899999999999962 (-12.712564524461262, 1.0, 0.11392868152349511)
5.919999999999962 (-12.69808708169815, 1.0, 0.13766148404906792)
5.939999999999961 (-12.684682743016541, 1.0, 0.16054056446573614)
5.959999999999961 (-12.671914301747778, 1.0, 0.1826722676319698)
5.9799999999999605 (-12.65971429576769, 1.0, 0.2044413591264191)
5.99999999999996 (-12.64824617707881, 1.0, 0.22595922488955159)
6.01999999999996 (-12.637588033308921, 1.0, 0.2474494834083101)
6.039999999999959 (-12.627950591077784, 1.0, 0.2692731489819923)
6.059999999999959 (-12.61955607640452, 1.0, 0.29163751073833344)
6.079999999999958 (-12.613685260077254, 1.0, 0.31413404385786076)
6.099999999999958 (-12.61505056229456, 1.0, 0.33249681337544124)
6.1199999999999575 (-12.626677204766427, 1.0, 0.3409769210247106)
6.139999999999957 (-12.649347985071392, 1.0, 0.3363728867303751)
6.159999999999957 (-12.68118938797192, 1.0, 0.3172268674324703)
6.179999999999956 (-12.713090481244983, 1.0, 0.2896719768361927)
6.199999999999956 (-12.737696321877092, 1.0, 0.2627577602579854)
6.219999999999955 (-12.751183355250715, 1.0, 0.24142959045369433)
6.239999999999955 (-12.754391894974056, 1.0, 0.22693285253642037)
6.2599999999999545 (-12.75156400905379, 1.0, 0.21723564959960015)
6.279999999999954 (-12.74732627368197, 1.0, 0.20941086306173662)
6.299999999999954 (-12.745078585101812, 1.0, 0.20174428602343195)
6.319999999999953 (-12.74722256255959, 1.0, 0.19322978259392476)
6.339999999999953 (-12.755315353371838, 1.0, 0.1832058116791305)
6.359999999999952 (-12.770205440911939, 1.0, 0.1713155639359399)
6.379999999999952 (-12.79215757393706, 1.0, 0.15757362506388445)
6.3999999999999515 (-12.820950260908539, 1.0, 0.1421736788452197)
6.419999999999951 (-12.855770263285663, 1.0, 0.1246711961256024)
6.439999999999951 (-12.895250352723608, 1.0, 0.1046173447641105)
6.45999999999995 (-12.93766445250218, 1.0, 0.0819406540811368)
6.47999999999995 (-12.981233035969, 1.0, 0.056669596280243505)
6.499999999999949 (-13.024039449437124, 1.0, 0.028978306487620627)
6.519999999999949 (-13.064233251371675, 1.0, -0.0008435176437688041)
6.5399999999999485 (-13.100662652404994, 1.0, -0.030512111395985995)
6.559999999999948 (-13.133193420431454, 1.0, -0.05774311330701584)
6.579999999999948 (-13.161843815811975, 1.0, -0.08186551972135438)
6.599999999999947 (-13.186474668458798, 1.0, -0.10273665291633924)
6.619999999999947 (-13.206671330754176, 1.0, -0.12042595842497576)
6.639999999999946 (-13.221612987249827, 1.0, -0.13470853311038944)
6.659999999999946 (-13.22541101354076, 1.0, -0.14380710926565754)
6.6799999999999455 (-13.209440289498115, 1.0, -0.14360009483749367)
6.699999999999945 (-13.16944519731762, 1.0, -0.13301674068744532)
6.719999999999945 (-13.104667091768361, 1.0, -0.11260171448690211)
6.739999999999944 (-13.022912863439819, 1.0, -0.08561240804579819)
6.759999999999944 (-12.940079706369225, 1.0, -0.05898507419534956)
6.779999999999943 (-12.869133028524255, 1.0, -0.0371770150123797)
6.799999999999943 (-12.812656982036184, 1.0, -0.019561501238372064)
6.8199999999999426 (-12.767627255863525, 1.0, -0.0037777298006111517)
6.839999999999942 (-12.730584892528103, 1.0, 0.012041293819617695)
6.859999999999942 (-12.69943266080655, 1.0, 0.028480646355097415)
6.879999999999941 (-12.673088336303572, 1.0, 0.04496213835278192)
6.899999999999941 (-12.650040718295175, 1.0, 0.06124642793281133)
6.91999999999994 (-12.629190238320282, 1.0, 0.07724090937319834)
6.93999999999994 (-12.609871899954644, 1.0, 0.09287282447942996)
6.95999999999994 (-12.591690706622504, 1.0, 0.1082017843199212)
6.979999999999939 (-12.574490490439578, 1.0, 0.12342307630766079)
6.999999999999939 (-12.558220709430941, 1.0, 0.13884045018340593)
7.019999999999938 (-12.5428297672502, 1.0, 0.1549241369124892)
7.039999999999938 (-12.528178380050942, 1.0, 0.17204243764396596)
7.059999999999937 (-12.514131606980484, 1.0, 0.19080771377071337)
7.079999999999937 (-12.500930423093704, 1.0, 0.21163547765015236)
7.099999999999937 (-12.492724209634586, 1.0, 0.23395633857741524)
7.119999999999936 (-12.496216563253144, 1.0, 0.25427572942486254)
7.139999999999936 (-12.515281730155039, 1.0, 0.2687942580941798)
7.159999999999935 (-12.550896707478518, 1.0, 0.27438389430480586)
7.179999999999935 (-12.596143026292205, 1.0, 0.26980592516692165)
7.1999999999999345 (-12.638253867121065, 1.0, 0.25968340777696997)
7.219999999999934 (-12.668600575312642, 1.0, 0.2484552518668322)
7.239999999999934 (-12.684438604055927, 1.0, 0.23835510269145202)
7.259999999999933 (-12.689297928991792, 1.0, 0.2303288174075689)
7.279999999999933 (-12.689418183875857, 1.0, 0.2235108795124353)
7.299999999999932 (-12.689357875072233, 1.0, 0.21760004246015624)
7.319999999999932 (-12.692168250770784, 1.0, 0.2127526763525732)
7.3399999999999315 (-12.699922275786221, 1.0, 0.2091239896778622)
7.359999999999931 (-12.713888674938897, 1.0, 0.206830525994696)
7.379999999999931 (-12.734659493326927, 1.0, 0.2058830566547292)
7.39999999999993 (-12.76228440939372, 1.0, 0.20593770440420753)
7.41999999999993 (-12.796246300703324, 1.0, 0.20646304743463673)
7.439999999999929 (-12.835544291678834, 1.0, 0.20687184397415098)
7.459999999999929 (-12.878835128472035, 1.0, 0.2065236430949827)
7.4799999999999285 (-12.924467377595558, 1.0, 0.20479824180019987)
7.499999999999928 (-12.970731778287409, 1.0, 0.2010900826562639)
7.519999999999928 (-13.0159338617433, 1.0, 0.19478634413526333)
7.539999999999927 (-13.058217460623096, 1.0, 0.18626527842358226)
7.559999999999927 (-13.096070310695554, 1.0, 0.17771747045615108)
7.579999999999926 (-13.129028733586312, 1.0, 0.17032786890891552)
7.599999999999926 (-13.157042557127202, 1.0, 0.1643163588694429)
7.6199999999999255 (-13.179941661400967, 1.0, 0.15949718976367655)
7.639999999999925 (-13.197045057251623, 1.0, 0.15570746449192158)
7.659999999999925 (-13.20274562118757, 1.0, 0.15203789969720022)
7.679999999999924 (-13.187631694151472, 1.0, 0.14833484473251743)
7.699999999999924 (-13.147252687568924, 1.0, 0.14373442357831523)
7.719999999999923 (-13.081063489676492, 1.0, 0.13735540622537895)
7.739999999999923 (-12.999400150964238, 1.0, 0.12950301905570047)
7.7599999999999225 (-12.91950952424629, 1.0, 0.12053404977419685)
7.779999999999922 (-12.85242574555076, 1.0, 0.11223486448754001)
7.799999999999922 (-12.799035160132096, 1.0, 0.10593865848143018)
7.819999999999921 (-12.754911471463506, 1.0, 0.10245723459215994)
7.839999999999921 (-12.716791095822819, 1.0, 0.1018735165020658)
7.85999999999992 (-12.683298696888416, 1.0, 0.10348074271777567)
7.87999999999992 (-12.653686660721585, 1.0, 0.10635252284762238)
7.8999999999999195 (-12.626488789164696, 1.0, 0.10987700460651557)
7.919999999999919 (-12.600889846711748, 1.0, 0.11353776186734091)
7.939999999999919 (-12.576463175803335, 1.0, 0.11705309898149634)
7.959999999999918 (-12.552900424201443, 1.0, 0.12038934088402614)
7.979999999999918 (-12.530011482179631, 1.0, 0.12372211333851292)
7.999999999999917 (-12.507609613156477, 1.0, 0.12734770911646673)
8.019999999999918 (-12.485406806727227, 1.0, 0.13165123318304028)
8.039999999999917 (-12.463075957383632, 1.0, 0.13701084195440746)
8.059999999999917 (-12.440342029793777, 1.0, 0.14393414679672123)
8.079999999999917 (-12.417339955366517, 1.0, 0.1528582748272885)
8.099999999999916 (-12.399022893625645, 1.0, 0.16521867988216785)
8.119999999999916 (-12.393368789052413, 1.0, 0.1802804031936316)
8.139999999999915 (-12.404965208796463, 1.0, 0.19643964625142987)
8.159999999999915 (-12.435522639289333, 1.0, 0.2118109952041936)
8.179999999999914 (-12.47837264872039, 1.0, 0.22215346478804862)
8.199999999999914 (-12.519965399007251, 1.0, 0.22636374731095943)
8.219999999999914 (-12.551234045497553, 1.0, 0.2247491747025939)
8.239999999999913 (-12.569268839487153, 1.0, 0.21825945796861684)
8.259999999999913 (-12.577218707494527, 1.0, 0.20926522082919619)
8.279999999999912 (-12.58123707710327, 1.0, 0.19959916101345682)
8.299999999999912 (-12.585339700364575, 1.0, 0.19093859121485945)
8.319999999999911 (-12.592107011595523, 1.0, 0.1847012800375054)
8.339999999999911 (-12.603254808112917, 1.0, 0.18187638977449766)
8.35999999999991 (-12.619804184346007, 1.0, 0.18306544530480573)
8.37999999999991 (-12.642178461268866, 1.0, 0.18853004442036403)
8.39999999999991 (-12.670491407612431, 1.0, 0.1979875335671121)
8.41999999999991 (-12.704545773210556, 1.0, 0.2106221163641598)
8.439999999999909 (-12.743712341072413, 1.0, 0.22533270914210277)
8.459999999999908 (-12.78701990964188, 1.0, 0.24084481613088413)
8.479999999999908 (-12.833318353701284, 1.0, 0.25580484170182244)
8.499999999999908 (-12.881277228811179, 1.0, 0.26890206932410743)
8.519999999999907 (-12.928460845778009, 1.0, 0.2803197240403995)
8.539999999999907 (-12.972914672591005, 1.0, 0.2909006259406714)
8.559999999999906 (-13.013895002127096, 1.0, 0.3008673144621904)
8.579999999999906 (-13.050914592793777, 1.0, 0.3101145639950428)
8.599999999999905 (-13.08356914137034, 1.0, 0.31828792205585243)
8.619999999999905 (-13.111455547981052, 1.0, 0.3248364576266942)
8.639999999999905 (-13.133903143080335, 1.0, 0.3291061910401702)
8.659999999999904 (-13.145540320562937, 1.0, 0.32757009693143496)
8.679999999999904 (-13.137876794538819, 1.0, 0.3159352620305647)
8.699999999999903 (-13.107460910068314, 1.0, 0.2914145072418112)
8.719999999999903 (-13.054176274228434, 1.0, 0.25300972149128764)
8.739999999999903 (-12.984151009202337, 1.0, 0.20433516603446306)
8.759999999999902 (-12.912261065169854, 1.0, 0.15384893498554578)
8.779999999999902 (-12.850702573576081, 1.0, 0.10943145914005253)
8.799999999999901 (-12.80136720237926, 1.0, 0.07423429291938986)
8.8199999999999 (-12.761115192406992, 1.0, 0.047553046336688595)
8.8399999999999 (-12.726002421754485, 1.0, 0.02768666410861972)
8.8599999999999 (-12.69403699910564, 1.0, 0.013218309923029251)
8.8799999999999 (-12.664840597150107, 1.0, 0.0027894477399227472)
8.899999999999899 (-12.637885164181235, 1.0, -0.004888814336441173)
8.919999999999899 (-12.612285650214016, 1.0, -0.010904064016340566)
8.939999999999898 (-12.587679681096452, 1.0, -0.015923993527709644)
8.959999999999898 (-12.56384632513702, 1.0, -0.0202478456726948)
8.979999999999897 (-12.540586783384816, 1.0, -0.02387436185301269)
8.999999999999897 (-12.51769147403735, 1.0, -0.02663497184161527)
9.019999999999897 (-12.494871610533657, 1.0, -0.028308614696651538)
9.039999999999896 (-12.471755589436897, 1.0, -0.028773078016812767)
9.059999999999896 (-12.447925459693058, 1.0, -0.02781227220226464)
9.079999999999895 (-12.422946093993088, 1.0, -0.025045208861956145)
9.099999999999895 (-12.400222449227547, 1.0, -0.0170005590167038)
9.119999999999894 (-12.386900000953995, 1.0, -0.0006880945030722065)
9.139999999999894 (-12.387829586981136, 1.0, 0.02447091958907989)
9.159999999999894 (-12.405927801150531, 1.0, 0.05716798940750204)
9.179999999999893 (-12.435979494213642, 1.0, 0.09019857860348668)
9.199999999999893 (-12.466768538815069, 1.0, 0.11680080865526912)
9.219999999999892 (-12.490900835698445, 1.0, 0.13313411853539586)
9.239999999999892 (-12.505746373361253, 1.0, 0.1388740683487666)
9.259999999999891 (-12.513064001932687, 1.0, 0.13757717621403395)
9.279999999999891 (-12.517210065292762, 1.0, 0.13365273414065906)
9.29999999999989 (-12.520823027690932, 1.0, 0.13043397320971448)
9.31999999999989 (-12.52541968219335, 1.0, 0.13038701548491974)
9.33999999999989 (-12.531993882509676, 1.0, 0.13521897456026613)
9.35999999999989 (-12.541117100268496, 1.0, 0.14598140662468462)
9.379999999999889 (-12.553045815659615, 1.0, 0.16313439313178757)
9.399999999999888 (-12.56804605260029, 1.0, 0.1864920571763807)
9.419999999999888 (-12.586241157559485, 1.0, 0.21529559275360255)
9.439999999999888 (-12.607520897503258, 1.0, 0.24836120279886337)
9.459999999999887 (-12.631607931121467, 1.0, 0.2842034636430464)
9.479999999999887 (-12.658060703648212, 1.0, 0.32113344782978354)
9.499999999999886 (-12.686389484341076, 1.0, 0.3574160169230467)
9.519999999999886 (-12.716128078996244, 1.0, 0.3913311063547147)
9.539999999999885 (-12.745869065351725, 1.0, 0.4216278205760034)
9.559999999999885 (-12.772963516042186, 1.0, 0.4483716686584723)
9.579999999999885 (-12.79625634308661, 1.0, 0.47187388026649596)
9.599999999999884 (-12.815580312061444, 1.0, 0.49221764545958246)
9.619999999999884 (-12.831022272917174, 1.0, 0.5091569386625743)
9.639999999999883 (-12.842409127892486, 1.0, 0.5220688225720468)
9.659999999999883 (-12.847703994690065, 1.0, 0.5265505732270814)
9.679999999999882 (-12.84189120471468, 1.0, 0.5146955483134512)
9.699999999999882 (-12.822675877662743, 1.0, 0.4818166260015083)
9.719999999999882 (-12.790357958746215, 1.0, 0.4265838553214418)
9.739999999999881 (-12.75055611349073, 1.0, 0.3573447562955608)
9.75999999999988 (-12.712662704711962, 1.0, 0.2883275954769624)
9.77999999999988 (-12.681501611598643, 1.0, 0.22956019714297865)
9.79999999999988 (-12.656309018165636, 1.0, 0.18254139438996128)
9.81999999999988 (-12.634051394159886, 1.0, 0.1443253200989971)
9.839999999999879 (-12.613001050217521, 1.0, 0.11243727930554817)
9.859999999999879 (-12.593064884659416, 1.0, 0.08539093031248231)
9.879999999999878 (-12.574301770761055, 1.0, 0.061758973025771664)
9.899999999999878 (-12.556606609477065, 1.0, 0.04037364062245809)
9.919999999999877 (-12.539914314685387, 1.0, 0.020411193236067948)
9.939999999999877 (-12.524154463867728, 1.0, 0.0013810033745741603)
9.959999999999877 (-12.509160319730462, 1.0, -0.016977084760953467)
9.979999999999876 (-12.494655405377049, 1.0, -0.034765588320508564)
9.999999999999876 (-12.480214965937998, 1.0, -0.05204537342872134)
0.0 (-12.75, 1.0, 0.0)
0.02 (-12.745287781789152, 1.0, 0.05921479959983779)
0.04 (-12.703230265059481, 1.0, 0.20643587707204442)
0.06 (-12.567571736649098, 1.0, 0.39291951459597213)
0.08 (-12.342027594751027, 1.0, 0.5308765831013509)
0.1 (-12.096612050262307, 1.0, 0.6095034467046164)
0.12000000000000001 (-11.885253765869418, 1.0, 0.6438429306854742)
0.14 (-11.72666769556357, 1.0, 0.6446291344357169)
0.16 (-11.621121556006589, 1.0, 0.622639021789056)
0.18 (-11.562940144684207, 1.0, 0.5867800421101783)
0.19999999999999998 (-11.54465053655936, 1.0, 0.5432446014780331)
0.21999999999999997 (-11.558435769909268, 1.0, 0.49625700350223945)
0.23999999999999996 (-11.59679443069027, 1.0, 0.44888235765290496)
0.25999999999999995 (-11.653024623749351, 1.0, 0.4034171362607591)
0.27999999999999997 (-11.72140695783316, 1.0, 0.3616216995532841)
0.3 (-11.79717024974515, 1.0, 0.32486288857735884)
0.32 (-11.87638702399289, 1.0, 0.29420334510052926)
0.34 (-11.95584729307628, 1.0, 0.27049255851612714)
0.36000000000000004 (-12.032927787292786, 1.0, 0.2543696588989607)
0.38000000000000006 (-12.105523269270538, 1.0, 0.2462675520782487)
0.4000000000000001 (-12.171959860691407, 1.0, 0.24644160836331466)
0.4200000000000001 (-12.230922743912108, 1.0, 0.25497958273190113)
0.4400000000000001 (-12.281398394053697, 1.0, 0.271809705486171)
0.46000000000000013 (-12.32269113604761, 1.0, 0.2965704220539714)
0.48000000000000015 (-12.354184228046078, 1.0, 0.32904837268655435)
0.5000000000000001 (-12.3753619197251, 1.0, 0.3687752101579956)
0.5200000000000001 (-12.385963939973076, 1.0, 0.41506283401319355)
0.5400000000000001 (-12.38582161842041, 1.0, 0.4670990508520421)
0.5600000000000002 (-12.374821308663412, 1.0, 0.5239331399908667)
0.5800000000000002 (-12.352927436266397, 1.0, 0.5844860803936515)
0.6000000000000002 (-12.320241443445106, 1.0, 0.6475841860238593)
0.6200000000000002 (-12.276943374098582, 1.0, 0.7119587056531436)
0.6400000000000002 (-12.223304838134265, 1.0, 0.7761646016867544)
0.6600000000000003 (-12.15990600796508, 1.0, 0.8387898272578802)
0.6800000000000003 (-12.087527839280996, 1.0, 0.898448063118146)
0.7000000000000003 (-12.00712610645543, 1.0, 0.953795572296342)
0.7200000000000003 (-11.91985743201511, 1.0, 1.0035940137459338)
0.7400000000000003 (-11.827079834344465, 1.0, 1.046756958128068)
0.7600000000000003 (-11.730327247955922, 1.0, 1.0823867272228997)
0.7800000000000004 (-11.631269278676491, 1.0, 1.1098053072178629)
0.8000000000000004 (-11.531662150436802, 1.0, 1.1285749694831757)
0.8200000000000004 (-11.4332941477656, 1.0, 1.1385053192566432)
0.8400000000000004 (-11.33789056405261, 1.0, 1.1396961297288426)
0.8600000000000004 (-11.24711769871817, 1.0, 1.1323763749260018)
0.8800000000000004 (-11.162631206297219, 1.0, 1.116972454791836)
0.9000000000000005 (-11.08585845756506, 1.0, 1.0941027101043752)
0.9200000000000005 (-11.018017600067202, 1.0, 1.0644926487161757)
0.9400000000000005 (-10.960148259267726, 1.0, 1.0289354413546208)
0.9600000000000005 (-10.913261340995842, 1.0, 0.9881795809676595)
0.9800000000000005 (-10.87794751102092, 1.0, 0.9431096087667328)
1.0000000000000004 (-10.854610011126425, 1.0, 0.8945159452065059)
1.0200000000000005 (-10.843674890702745, 1.0, 0.8431088508835538)
1.0400000000000005 (-10.845427772204317, 1.0, 0.7895192700676715)
1.0600000000000005 (-10.859990039317411, 1.0, 0.734299411538769)
1.0800000000000005 (-10.887294279337402, 1.0, 0.6779247033270357)
1.1000000000000005 (-10.92705904156701, 1.0, 0.6208009256782432)
1.1200000000000006 (-10.978762490124614, 1.0, 0.5632788409707643)
1.1400000000000006 (-11.041621824141115, 1.0, 0.5056754281146751)
1.1600000000000006 (-11.11458628587842, 1.0, 0.4483002568253827)
1.1800000000000006 (-11.196349152180089, 1.0, 0.3914844739623921)
1.2000000000000006 (-11.285380827174906, 1.0, 0.3356092028442154)
1.2200000000000006 (-11.38024114994213, 1.0, 0.2811481830567084)
1.2400000000000007 (-11.478675225256147, 1.0, 0.22855231028258688)
1.2600000000000007 (-11.578930430541423, 1.0, 0.17855414844056947)
1.2800000000000007 (-11.679285365604809, 1.0, 0.13188060265472698)
1.3000000000000007 (-11.778052641921995, 1.0, 0.08930741902100234)
1.3200000000000007 (-11.873683249947746, 1.0, 0.05166590586116687)
1.3400000000000007 (-11.964804642880045, 1.0, 0.019713611649262035)
1.3600000000000008 (-12.050244422109579, 1.0, -0.005707168750376908)
1.3800000000000008 (-12.128937185302318, 1.0, -0.023811065642392226)
1.4000000000000008 (-12.200054785921845, 1.0, -0.03401452194485899)
1.4200000000000008 (-12.262941428126563, 1.0, -0.035879748241430254)
1.4400000000000008 (-12.317053593658088, 1.0, -0.029136002187005426)
1.4600000000000009 (-12.361816092167837, 1.0, -0.013423593318796351)
1.4800000000000009 (-12.396935419474769, 1.0, 0.010830560082528537)
1.5000000000000009 (-12.422284279895255, 1.0, 0.04320396430567331)
1.520000000000001 (-12.437516151272192, 1.0, 0.08323148598224504)
1.540000000000001 (-12.4423317775398, 1.0, 0.13021268895504104)
1.560000000000001 (-12.436541571918454, 1.0, 0.1832505886687909)
1.580000000000001 (-12.420044704463422, 1.0, 0.24126022401808594)
1.600000000000001 (-12.392851300416988, 1.0, 0.3030108542064697)
1.620000000000001 (-12.355050668619162, 1.0, 0.3671511140093596)
1.640000000000001 (-12.306835061016052, 1.0, 0.43216586194779727)
1.660000000000001 (-12.248681853360615, 1.0, 0.496537932366097)
1.680000000000001 (-12.181278487001075, 1.0, 0.5587628212473539)
1.700000000000001 (-12.105505636805932, 1.0, 0.617376889270485)
1.720000000000001 (-12.02245908446146, 1.0, 0.6710174804907094)
1.740000000000001 (-11.933447655398036, 1.0, 0.7184701665206599)
1.7600000000000011 (-11.839967725493116, 1.0, 0.7587078623538525)
1.7800000000000011 (-11.74366337953205, 1.0, 0.7909235239368732)
1.8000000000000012 (-11.646277234313171, 1.0, 0.8145523918081846)
1.8200000000000012 (-11.549595234174452, 1.0, 0.8292808825865252)
1.8400000000000012 (-11.455356948834545, 1.0, 0.835089080617835)
1.8600000000000012 (-11.365245019945803, 1.0, 0.8321012101155131)
1.8800000000000012 (-11.280929042879905, 1.0, 0.8206410433880026)
1.9000000000000012 (-11.20386482395549, 1.0, 0.8012350046009387)
1.9200000000000013 (-11.135305784525242, 1.0, 0.774529517327268)
1.9400000000000013 (-11.076328865971306, 1.0, 0.7412489817145308)
1.9600000000000013 (-11.027974799081724, 1.0, 0.7020757425011771)
1.9800000000000013 (-10.99087918334074, 1.0, 0.6578499207422561)
2.0000000000000013 (-10.965486432801566, 1.0, 0.6093297704247349)
2.0200000000000014 (-10.952256647034433, 1.0, 0.557191687641373)
2.0400000000000014 (-10.951506651536702, 1.0, 0.5020414465584353)
2.0600000000000014 (-10.963386503566683, 1.0, 0.44441639904905517)
2.0800000000000014 (-10.987855199724146, 1.0, 0.3847893948081372)
2.1000000000000014 (-11.024655707957328, 1.0, 0.32357801293121874)
2.1200000000000014 (-11.07328929712217, 1.0, 0.2611613579054475)
2.1400000000000015 (-11.132996079323004, 1.0, 0.19790306057604973)
2.1600000000000015 (-11.202749511637663, 1.0, 0.13417846626094204)
2.1800000000000015 (-11.281270096483507, 1.0, 0.07040308525743152)
2.2000000000000015 (-11.367060229884148, 1.0, 0.007058995446054914)
2.2200000000000015 (-11.458719243110604, 1.0, -0.05528383840291375)
2.2400000000000015 (-11.554030829436005, 1.0, -0.11602104019286857)
2.2600000000000016 (-11.65130130266612, 1.0, -0.17429972971079824)
2.2800000000000016 (-11.748868375357498, 1.0, -0.22927386397279928)
2.3000000000000016 (-11.845107266566995, 1.0, -0.2800517493206517)
2.3200000000000016 (-11.938535990083114, 1.0, -0.3256930391463257)
2.3400000000000016 (-12.0278437361853, 1.0, -0.36534136396345085)
2.3600000000000017 (-12.111925430728746, 1.0, -0.39807152496868037)
2.3800000000000017 (-12.189780500138454, 1.0, -0.4230228655656517)
2.4000000000000017 (-12.260630123359997, 1.0, -0.4395511189937752)
2.4200000000000017 (-12.323856831877897, 1.0, -0.44716958997246237)
2.4400000000000017 (-12.378943486633924, 1.0, -0.44556630298126343)
2.4600000000000017 (-12.42534729319349, 1.0, -0.4343373400190187)
2.4800000000000018 (-12.46275059264666, 1.0, -0.4138858222065502)
2.5000000000000018 (-12.491001667439729, 1.0, -0.384621681898485)
2.520000000000002 (-12.509725592412595, 1.0, -0.3469809821271929)
2.540000000000002 (-12.518577102060174, 1.0, -0.30163794380021774)
2.560000000000002 (-12.517305689964818, 1.0, -0.2494706909338088)
2.580000000000002 (-12.505735108557374, 1.0, -0.1915512232483917)
2.600000000000002 (-12.483788459157124, 1.0, -0.1291048914136385)
2.620000000000002 (-12.451458013225936, 1.0, -0.06348302747864944)
2.640000000000002 (-12.408825624889976, 1.0, 0.0037919218145824225)
2.660000000000002 (-12.35625677252536, 1.0, 0.07117472444653225)
2.680000000000002 (-12.294326400000731, 1.0, 0.1371172518835471)
2.700000000000002 (-12.22380408726494, 1.0, 0.2000976232755237)
2.720000000000002 (-12.145680388925282, 1.0, 0.25867842525326173)
2.740000000000002 (-12.061168363755227, 1.0, 0.3115538057537848)
2.760000000000002 (-11.97168113701885, 1.0, 0.3575901877869197)
2.780000000000002 (-11.878794706511023, 1.0, 0.39586167395740335)
2.800000000000002 (-11.784200697372269, 1.0, 0.4256757548701573)
2.820000000000002 (-11.689652138361405, 1.0, 0.446586192893112)
2.840000000000002 (-11.596877364959704, 1.0, 0.45844206791235736)
2.860000000000002 (-11.507558503983145, 1.0, 0.4612393992543381)
2.880000000000002 (-11.42337957555217, 1.0, 0.4551731535842299)
2.900000000000002 (-11.345826642242123, 1.0, 0.4406555050781497)
2.920000000000002 (-11.276193157359288, 1.0, 0.41823268918163553)
2.940000000000002 (-11.215602777984609, 1.0, 0.3885413041631168)
2.960000000000002 (-11.165140488432954, 1.0, 0.35217791678948096)
2.980000000000002 (-11.125499268868985, 1.0, 0.309927123548719)
3.000000000000002 (-11.097175714384136, 1.0, 0.2625060195794526)
3.0200000000000022 (-11.080676830283645, 1.0, 0.2105485436150321)
3.0400000000000023 (-11.076361990570657, 1.0, 0.15462915327146198)
3.0600000000000023 (-11.084419522340726, 1.0, 0.09526702810939167)
3.0800000000000023 (-11.104842795577138, 1.0, 0.03293202873556565)
3.1000000000000023 (-11.13740609689179, 1.0, -0.031943976210754094)
3.1200000000000023 (-11.181640371167985, 1.0, -0.0989481770506719)
3.1400000000000023 (-11.23681563668524, 1.0, -0.16766218266529206)
3.1600000000000024 (-11.301937646281395, 1.0, -0.23763430320432688)
3.1800000000000024 (-11.375763789162306, 1.0, -0.3083521031971772)
3.2000000000000024 (-11.456839952210046, 1.0, -0.3792186589659098)
3.2200000000000024 (-11.543816655726857, 1.0, -0.4495560999860768)
3.2400000000000024 (-11.634533452908979, 1.0, -0.5185870001548365)
3.2600000000000025 (-11.727372120295911, 1.0, -0.5853263414264224)
3.2800000000000025 (-11.820745752004331, 1.0, -0.6487978545411717)
3.3000000000000025 (-11.913108876458034, 1.0, -0.70798215471175)
3.3200000000000025 (-12.003062453125187, 1.0, -0.7618230702479354)
3.3400000000000025 (-12.089372115869075, 1.0, -0.8093593504223084)
3.3600000000000025 (-12.171013849129002, 1.0, -0.8495790031886963)
3.3800000000000026 (-12.247063972849316, 1.0, -0.8815430566651515)
3.4000000000000026 (-12.31680204785535, 1.0, -0.904544706284377)
3.4200000000000026 (-12.379655610214298, 1.0, -0.9180471460828864)
3.4400000000000026 (-12.435138291169341, 1.0, -0.9216959069656789)
3.4600000000000026 (-12.482745323615099, 1.0, -0.9150420307763336)
3.4800000000000026 (-12.522131325652332, 1.0, -0.8984609718697459)
3.5000000000000027 (-12.553115758076093, 1.0, -0.8723478506777569)
3.5200000000000027 (-12.575292439216296, 1.0, -0.8371051430480871)
3.5400000000000027 (-12.588265065633598, 1.0, -0.793375127052677)
3.5600000000000027 (-12.591714952791394, 1.0, -0.7420109551774002)
3.5800000000000027 (-12.585381226187735, 1.0, -0.6840650020196709)
3.6000000000000028 (-12.569089074009733, 1.0, -0.6207504650192542)
3.6200000000000028 (-12.542721627725852, 1.0, -0.5534116236687023)
3.640000000000003 (-12.506236485601583, 1.0, -0.48357080005451036)
3.660000000000003 (-12.459871679265117, 1.0, -0.4127962331966165)
3.680000000000003 (-12.404073285951867, 1.0, -0.3426761349773567)
3.700000000000003 (-12.33948269304144, 1.0, -0.2747887008118803)
3.720000000000003 (-12.266967788510371, 1.0, -0.2106463110086785)
3.740000000000003 (-12.18762843004219, 1.0, -0.15164885081657598)
3.760000000000003 (-12.10277749053357, 1.0, -0.09904141529359636)
3.780000000000003 (-12.013906777951288, 1.0, -0.05387606388351458)
3.800000000000003 (-11.922642163699766, 1.0, -0.01698238405662266)
3.820000000000003 (-11.83069071482977, 1.0, 0.011049767175625825)
3.840000000000003 (-11.739759052765649, 1.0, 0.02992629875512879)
3.860000000000003 (-11.65151974498435, 1.0, 0.039502633937159276)
3.880000000000003 (-11.567663777980979, 1.0, 0.039831627606329134)
3.900000000000003 (-11.489702836276994, 1.0, 0.031198496447927885)
3.920000000000003 (-11.418967865192595, 1.0, 0.014037550534493)
3.940000000000003 (-11.356628296016273, 1.0, -0.011113162847111401)
3.960000000000003 (-11.303811958418287, 1.0, -0.0437527701818053)
3.980000000000003 (-11.261271891463021, 1.0, -0.08316036483953376)
4.000000000000003 (-11.229560091609544, 1.0, -0.12866606959184335)
4.020000000000002 (-11.209232413457308, 1.0, -0.17968397937757047)
4.040000000000002 (-11.20069305537372, 1.0, -0.23567518478300406)
4.060000000000001 (-11.204171514352717, 1.0, -0.2961413618295441)
4.080000000000001 (-11.219699172834977, 1.0, -0.3606167179029907)
4.1000000000000005 (-11.247086277854807, 1.0, -0.4286545455498543)
4.12 (-11.285899418444464, 1.0, -0.4998061785152922)
4.14 (-11.335446126354704, 1.0, -0.5735948253956318)
4.159999999999999 (-11.394773933574928, 1.0, -0.6494875540485089)
4.179999999999999 (-11.462688576534124, 1.0, -0.7268692014390464)
4.199999999999998 (-11.537792792633468, 1.0, -0.8050217640421515)
4.219999999999998 (-11.61880123852173, 1.0, -0.883154968810086)
4.2399999999999975 (-11.703628806268622, 1.0, -0.9603093239905927)
4.259999999999997 (-11.790749486748775, 1.0, -1.0353643161111523)
4.279999999999997 (-11.878668118609491, 1.0, -1.1072105103262893)
4.299999999999996 (-11.965934836129218, 1.0, -1.1746987244758877)
4.319999999999996 (-12.05124901063402, 1.0, -1.2366558073717508)
4.339999999999995 (-12.133466450604407, 1.0, -1.2920159232767405)
4.359999999999995 (-12.21165665416293, 1.0, -1.3396818705846243)
4.379999999999995 (-12.284983696966595, 1.0, -1.378638187634293)
4.399999999999994 (-12.35279380258158, 1.0, -1.4081172909447799)
4.419999999999994 (-12.414565758955467, 1.0, -1.4275337271368853)
4.439999999999993 (-12.469848441902254, 1.0, -1.43649123590195)
4.459999999999993 (-12.51823881589431, 1.0, -1.4347962329763484)
4.479999999999992 (-12.559359598505312, 1.0, -1.4224666944064224)
4.499999999999992 (-12.592838848168023, 1.0, -1.3997345000978636)
4.519999999999992 (-12.618297607890357, 1.0, -1.367043162165102)
4.539999999999991 (-12.635348264909924, 1.0, -1.3250425039750788)
4.559999999999991 (-12.643604285467232, 1.0, -1.2745806411441156)
4.57999999999999 (-12.642700776892534, 1.0, -1.2166927476222178)
4.59999999999999 (-12.632350905701204, 1.0, -1.152575942182804)
4.6199999999999894 (-12.612320941673486, 1.0, -1.0835629121004622)
4.639999999999989 (-12.582437904356375, 1.0, -1.011169184992431)
4.659999999999989 (-12.542801955678877, 1.0, -0.9369799807906796)
4.679999999999988 (-12.49371885717062, 1.0, -0.8626173624648572)
4.699999999999988 (-12.435690008250267, 1.0, -0.7897095274613896)
4.719999999999987 (-12.369447961455931, 1.0, -0.7198383454780005)
4.739999999999987 (-12.295965612206786, 1.0, -0.6544935754374589)
4.7599999999999865 (-12.21644095464981, 1.0, -0.595029266113752)
4.779999999999986 (-12.132266513277925, 1.0, -0.5426228856038715)
4.799999999999986 (-12.044987290725022, 1.0, -0.4982422606090215)
4.819999999999985 (-11.95624971727512, 1.0, -0.4626238980532077)
4.839999999999985 (-11.86772515295513, 1.0, -0.43620943119346495)
4.859999999999984 (-11.781063774579904, 1.0, -0.419290110335018)
4.879999999999984 (-11.697952540381651, 1.0, -0.4119630213328568)
4.8999999999999835 (-11.619919625145844, 1.0, -0.4140778550659843)
4.919999999999983 (-11.54832604971656, 1.0, -0.4253202631722145)
4.939999999999983 (-11.484381346653917, 1.0, -0.4452587650533747)
4.959999999999982 (-11.429250461785983, 1.0, -0.4734955967203326)
4.979999999999982 (-11.38374503403223, 1.0, -0.5093811507057247)
4.999999999999981 (-11.348472316201807, 1.0, -0.5522990196510815)
5.019999999999981 (-11.324036117472959, 1.0, -0.6017169483217912)
5.0399999999999805 (-11.310885381024026, 1.0, -0.6571361716823154)
5.05999999999998 (-11.309291749177683, 1.0, -0.7180827920532816)
5.07999999999998 (-11.31932687349901, 1.0, -0.7840975850077896)
5.099999999999979 (-11.340840708830624, 1.0, -0.8547204612496778)
5.119999999999979 (-11.373440980649333, 1.0, -0.9294674053883585)
5.139999999999978 (-11.416480207083085, 1.0, -1.007802953608875)
5.159999999999978 (-11.469057292383818, 1.0, -1.0891121319962362)
5.1799999999999775 (-11.530038020181951, 1.0, -1.1726760433561252)
5.199999999999977 (-11.598095584536575, 1.0, -1.2576547633576252)
5.219999999999977 (-11.672021639237885, 1.0, -1.343146113670296)
5.239999999999976 (-11.749826391579903, 1.0, -1.4280070410409604)
5.259999999999976 (-11.830092088038965, 1.0, -1.5109840791815945)
5.279999999999975 (-11.911430975288948, 1.0, -1.5908373841857368)
5.299999999999975 (-11.992504217779054, 1.0, -1.6662914017637376)
5.3199999999999745 (-12.07212394434843, 1.0, -1.736060118740901)
5.339999999999974 (-12.149248780203191, 1.0, -1.7989776982189503)
5.359999999999974 (-12.223052749275723, 1.0, -1.853867125993257)
5.379999999999973 (-12.292797303817856, 1.0, -1.8996416495430557)
5.399999999999973 (-12.357902730078512, 1.0, -1.9354771152660561)
5.419999999999972 (-12.417904740350954, 1.0, -1.9607427148124588)
5.439999999999972 (-12.472391787558445, 1.0, -1.9750024690605334)
5.4599999999999715 (-12.520981823116681, 1.0, -1.978026633517683)
5.479999999999971 (-12.563299168644377, 1.0, -1.9697984805416937)
5.499999999999971 (-12.598953932303605, 1.0, -1.9505147551336315)
5.51999999999997 (-12.62752987558894, 1.0, -1.92058227220815)
5.53999999999997 (-12.648583230086723, 1.0, -1.8806124523723406)
5.559999999999969 (-12.661653088650837, 1.0, -1.8314142075598845)
5.579999999999969 (-12.666282873220757, 1.0, -1.7739846156780341)
5.599999999999969 (-12.662078846518867, 1.0, -1.709489028610696)
5.619999999999968 (-12.6486874823852, 1.0, -1.6392325101262095)
5.639999999999968 (-12.625798647477021, 1.0, -1.5647078047080463)
5.659999999999967 (-12.593367687196613, 1.0, -1.487502012818121)
5.679999999999967 (-12.551551324041181, 1.0, -1.4092575160061558)
5.699999999999966 (-12.500700072233935, 1.0, -1.3316406706779649)
5.719999999999966 (-12.441398564650202, 1.0, -1.2562928353341687)
5.739999999999966 (-12.374478917286085, 1.0, -1.1847856901111267)
5.759999999999965 (-12.301009546033443, 1.0, -1.1185764915459602)
5.779999999999965 (-12.222268483284937, 1.0, -1.0589646268961583)
5.799999999999964 (-12.139704559405711, 1.0, -1.0070548849339342)
5.819999999999964 (-12.054888591640147, 1.0, -0.963731228604077)
5.839999999999963 (-11.96944305567677, 1.0, -0.9295864349983984)
5.859999999999963 (-11.884982968368774, 1.0, -0.9050619814430487)
5.879999999999963 (-11.803177841041693, 1.0, -0.8904096869164483)
5.899999999999962 (-11.72556163877, 1.0, -0.8856206099793869)
5.919999999999962 (-11.653516879157618, 1.0, -0.8905073335142794)
5.939999999999961 (-11.5882860200763, 1.0, -0.904752093581735)
5.959999999999961 (-11.53106402367467, 1.0, -0.9280667425129171)
5.9799999999999605 (-11.482717352778874, 1.0, -0.9598801040393145)
5.99999999999996 (-11.443906038642822, 1.0, -0.9996353402284421)
6.01999999999996 (-11.415278993923838, 1.0, -1.0468591609169002)
6.039999999999959 (-11.397328015199639, 1.0, -1.1010974500499178)
6.059999999999959 (-11.390366231347087, 1.0, -1.1619044972781156)
6.079999999999958 (-11.394506411155119, 1.0, -1.2288307121520867)
6.099999999999958 (-11.40964082377393, 1.0, -1.301405107093222)
6.1199999999999575 (-11.43542295490926, 1.0, -1.3791103932235806)
6.139999999999957 (-11.47125715212637, 1.0, -1.461354330718638)
6.159999999999957 (-11.516302828365074, 1.0, -1.5474418917286732)
6.179999999999956 (-11.56949714390373, 1.0, -1.6365528118941512)
6.199999999999956 (-11.629596975570088, 1.0, -1.7277282754758123)
6.219999999999955 (-11.695483261433173, 1.0, -1.819958282478705)
6.239999999999955 (-11.7652811625007, 1.0, -1.9119202795867962)
6.2599999999999545 (-11.837696117804418, 1.0, -2.0022346603237247)
6.279999999999954 (-11.911462363275412, 1.0, -2.0895380638917977)
6.299999999999954 (-11.985366314930744, 1.0, -2.1724360002622842)
6.319999999999953 (-12.058345837101855, 1.0, -2.2495374869879834)
6.339999999999953 (-12.129473736608976, 1.0, -2.3195843564463847)
6.359999999999952 (-12.198038087515512, 1.0, -2.3813278835042504)
6.379999999999952 (-12.263406038483838, 1.0, -2.4336176153842146)
6.3999999999999515 (-12.325078380534013, 1.0, -2.4755787827117137)
6.419999999999951 (-12.382652751387655, 1.0, -2.5065398305844777)
6.439999999999951 (-12.435761210628899, 1.0, -2.526028149285112)
6.45999999999995 (-12.484045960322348, 1.0, -2.5337792362347993)
6.47999999999995 (-12.527135633659627, 1.0, -2.529741258868417)
6.499999999999949 (-12.564624731891874, 1.0, -2.5140735684529982)
6.519999999999949 (-12.596061840207666, 1.0, -2.4871421661024815)
6.5399999999999485 (-12.620948938580169, 1.0, -2.4495141396303355)
6.559999999999948 (-12.638752390906548, 1.0, -2.4019515399160776)
6.579999999999948 (-12.648925169659895, 1.0, -2.345404094339555)
6.599999999999947 (-12.650967009418858, 1.0, -2.2809948578484898)
6.619999999999947 (-12.644404405313542, 1.0, -2.20998962922451)
6.639999999999946 (-12.628789184284637, 1.0, -2.133845156072886)
6.659999999999946 (-12.603928540667058, 1.0, -2.0541370109566763)
6.6799999999999455 (-12.569825078387561, 1.0, -1.9725145084888507)
6.699999999999945 (-12.526671749651824, 1.0, -1.890668943582679)
6.719999999999945 (-12.474896741268296, 1.0, -1.810288636786609)
6.739999999999944 (-12.415180983601278, 1.0, -1.7330157550681837)
6.759999999999944 (-12.348451211210723, 1.0, -1.6604007613009801)
6.779999999999943 (-12.275857477053798, 1.0, -1.5938566920441526)
6.799999999999943 (-12.198737966770548, 1.0, -1.5346189786672224)
6.8199999999999426 (-12.118572886661925, 1.0, -1.4837147821211878)
6.839999999999942 (-12.036921061610123, 1.0, -1.4418862783118678)
6.859999999999942 (-11.955347960663559, 1.0, -1.40972459343246)
6.879999999999941 (-11.875491176235505, 1.0, -1.3876373739778096)
6.899999999999941 (-11.798877726446202, 1.0, -1.375759995498614)
6.91999999999994 (-11.726900552737133, 1.0, -1.374036049621437)
6.93999999999994 (-11.660825411839474, 1.0, -1.3822663292265398)
6.95999999999994 (-11.60186795373437, 1.0, -1.4002766938246238)
6.979999999999939 (-11.550943526158656, 1.0, -1.4275805810409903)
6.999999999999939 (-11.508760713254182, 1.0, -1.4636863362955854)
7.019999999999938 (-11.47600915270198, 1.0, -1.5081844521233527)
7.039999999999938 (-11.453220366080453, 1.0, -1.5606697907337137)
7.059999999999937 (-11.440747320494166, 1.0, -1.6207287583037129)
7.079999999999937 (-11.438743963357224, 1.0, -1.6879250026824546)
7.099999999999937 (-11.447146853069894, 1.0, -1.7617800533719938)
7.119999999999936 (-11.465659328315073, 1.0, -1.8417467786833241)
7.139999999999936 (-11.493743920402403, 1.0, -1.9271798604438557)
7.159999999999935 (-11.530629181430122, 1.0, -2.01730845236079)
7.179999999999935 (-11.575334397378002, 1.0, -2.1112159510704247)
7.1999999999999345 (-11.626712648662494, 1.0, -2.2078306812025366)
7.219999999999934 (-11.683745582290396, 1.0, -2.306041639376762)
7.239999999999934 (-11.744692003250078, 1.0, -2.4043550843937407)
7.259999999999933 (-11.808394081091748, 1.0, -2.5012752466754242)
7.279999999999933 (-11.873721245953268, 1.0, -2.5953251991164796)
7.299999999999932 (-11.939597927693487, 1.0, -2.6850018987589577)
7.319999999999932 (-12.005099149839602, 1.0, -2.7688200099354496)
7.3399999999999315 (-12.069421851138232, 1.0, -2.845438944014684)
7.359999999999931 (-12.131976164658283, 1.0, -2.9135482762808125)
7.379999999999931 (-12.19224191566902, 1.0, -2.971943126958911)
7.39999999999993 (-12.249805843809714, 1.0, -3.0197053034715196)
7.41999999999993 (-12.304331791568972, 1.0, -3.056128054986904)
7.439999999999929 (-12.355499054906616, 1.0, -3.0807059821741647)
7.459999999999929 (-12.402977293917077, 1.0, -3.0931418307009295)
7.4799999999999285 (-12.446402462567585, 1.0, -3.093348757445571)
7.499999999999928 (-12.485356463174224, 1.0, -3.08144688484383)
7.519999999999928 (-12.519355832555112, 1.0, -3.0577576587862163)
7.539999999999927 (-12.547851570656945, 1.0, -3.0227982360328323)
7.559999999999927 (-12.570240647935675, 1.0, -2.9772764234581652)
7.579999999999926 (-12.585888808175227, 1.0, -2.922085528961281)
7.599999999999926 (-12.594191847174109, 1.0, -2.8582957848782056)
7.6199999999999255 (-12.594558499292583, 1.0, -2.7871219672510548)
7.639999999999925 (-12.586404338409421, 1.0, -2.7099713565259242)
7.659999999999925 (-12.569387767998315, 1.0, -2.6283938359463352)
7.679999999999924 (-12.543354835358203, 1.0, -2.5440311693960553)
7.699999999999924 (-12.50833682679087, 1.0, -2.458584961815793)
7.719999999999923 (-12.464599353897784, 1.0, -2.373776206272836)
7.739999999999923 (-12.412663900977646, 1.0, -2.291304005294273)
7.7599999999999225 (-12.353305248461272, 1.0, -2.2127995983883872)
7.779999999999922 (-12.287533442655976, 1.0, -2.1397787293254917)
7.799999999999922 (-12.216562604187695, 1.0, -2.0735983195058822)
7.819999999999921 (-12.141767959003905, 1.0, -2.015421569201385)
7.839999999999921 (-12.064630040632002, 1.0, -1.9661354918065925)
7.85999999999992 (-11.986650271760968, 1.0, -1.9264775726864412)
7.87999999999992 (-11.909419408277065, 1.0, -1.897009687943801)
7.8999999999999195 (-11.834443984620803, 1.0, -1.8780121577919202)
7.919999999999919 (-11.763115284855662, 1.0, -1.8695616876914094)
7.939999999999919 (-11.69671159418598, 1.0, -1.8715807968481586)
7.959999999999918 (-11.63645888318828, 1.0, -1.8840121710515985)
7.979999999999918 (-11.583314073032854, 1.0, -1.9064590930981338)
7.999999999999917 (-11.538028823777395, 1.0, -1.9385000886943622)
8.019999999999918 (-11.501328053410164, 1.0, -1.979793629569913)
8.039999999999917 (-11.473778931984144, 1.0, -2.0299875031036017)
8.059999999999917 (-11.455771768336316, 1.0, -2.0887040454052253)
8.079999999999917 (-11.447500985132184, 1.0, -2.155523932826864)
8.099999999999916 (-11.448948703464064, 1.0, -2.229965144940189)
8.119999999999916 (-11.459871536605936, 1.0, -2.3114550171692105)
8.139999999999915 (-11.47979587116868, 1.0, -2.3993001106592162)
8.159999999999915 (-11.508027288778933, 1.0, -2.4926596336427425)
8.179999999999914 (-11.543677109134768, 1.0, -2.590527654303059)
8.199999999999914 (-11.58570615966081, 1.0, -2.6917279313757545)
8.219999999999914 (-11.633207150418041, 1.0, -2.795057321908115)
8.239999999999913 (-11.68458989953821, 1.0, -2.8988624778561087)
8.259999999999913 (-11.738845287211705, 1.0, -3.001543796635734)
8.279999999999912 (-11.794989612344535, 1.0, -3.1015230138694347)
8.299999999999912 (-11.852096494048443, 1.0, -3.1972011012214394)
8.319999999999911 (-11.909387903562077, 1.0, -3.2870109655984416)
8.339999999999911 (-11.966193389599052, 1.0, -3.36954114335937)
8.35999999999991 (-12.022051645033024, 1.0, -3.4434308760922736)
8.37999999999991 (-12.076560808980926, 1.0, -3.50743132303248)
8.39999999999991 (-12.129398002056409, 1.0, -3.560588944882452)
8.41999999999991 (-12.18029680199566, 1.0, -3.6021680272020498)
8.439999999999909 (-12.228986907524128, 1.0, -3.6316347924001455)
8.459999999999908 (-12.275168479891178, 1.0, -3.6486617359443407)
8.479999999999908 (-12.318487945448158, 1.0, -3.653127553241584)
8.499999999999908 (-12.358518064632381, 1.0, -3.645111747725769)
8.519999999999907 (-12.394747203323819, 1.0, -3.6248879223566677)
8.539999999999907 (-12.426579692157935, 1.0, -3.5929181698290993)
8.559999999999906 (-12.453347757642538, 1.0, -3.549849132975907)
8.579999999999906 (-12.474334705105923, 1.0, -3.4965090624379296)
8.599999999999905 (-12.488836766255623, 1.0, -3.4339051574932262)
8.619999999999905 (-12.496149091146874, 1.0, -3.3631896572092828)
8.639999999999905 (-12.49555499256633, 1.0, -3.285707073054019)
8.659999999999904 (-12.486565737160785, 1.0, -3.202967207860664)
8.679999999999904 (-12.468870686542695, 1.0, -3.116589266605624)
8.699999999999903 (-12.44233765536315, 1.0, -3.028269749636972)
8.719999999999903 (-12.407065759909802, 1.0, -2.939746931136272)
8.739999999999903 (-12.363410835846064, 1.0, -2.852761869612573)
8.759999999999902 (-12.311987284807302, 1.0, -2.7690124220840464)
8.779999999999902 (-12.253654703058592, 1.0, -2.690104113610071)
8.799999999999901 (-12.189491002363146, 1.0, -2.617504026767213)
8.8199999999999 (-12.120753001415714, 1.0, -2.552501947297039)
8.8399999999999 (-12.04882882231904, 1.0, -2.4961228625164806)
8.8599999999999 (-11.975141657874694, 1.0, -2.449245075618898)
8.8799999999999 (-11.901220552399717, 1.0, -2.412580806053221)
8.899999999999899 (-11.828537718841275, 1.0, -2.3865539071031323)
8.919999999999899 (-11.758470180215697, 1.0, -2.3713745173854566)
8.939999999999898 (-11.692297302934707, 1.0, -2.3670884913364674)
8.959999999999898 (-11.631244400293465, 1.0, -2.3737566871222167)
8.979999999999897 (-11.576301690116466, 1.0, -2.3910764621919207)
8.999999999999897 (-11.528257518166807, 1.0, -2.418700806706466)
9.019999999999897 (-11.487865868085526, 1.0, -2.4563596734443545)
9.039999999999896 (-11.455724772334882, 1.0, -2.5037572398397234)
9.059999999999896 (-11.432258717442659, 1.0, -2.560555338915635)
9.079999999999895 (-11.417701254308687, 1.0, -2.6263554832780565)
9.099999999999895 (-11.412080699067891, 1.0, -2.7006763407098857)
9.119999999999894 (-11.415209690715933, 1.0, -2.782924638251018)
9.139999999999894 (-11.426683404850888, 1.0, -2.872364709661068)
9.159999999999894 (-11.445891499667331, 1.0, -2.9680929396298894)
9.179999999999893 (-11.47204625556175, 1.0, -3.069022608584245)
9.199999999999893 (-11.504226650581066, 1.0, -3.1738829557198134)
9.219999999999892 (-11.541645614819565, 1.0, -3.281389126385802)
9.239999999999892 (-11.58287977659332, 1.0, -3.3897423120554473)
9.259999999999891 (-11.627079048676912, 1.0, -3.497253176909026)
9.279999999999891 (-11.673416644118898, 1.0, -3.6022560626666342)
9.29999999999989 (-11.721124879462206, 1.0, -3.7030701548050007)
9.31999999999989 (-11.769580783442285, 1.0, -3.798060640654556)
9.33999999999989 (-11.818253489526702, 1.0, -3.885757924306104)
9.35999999999989 (-11.86681525891736, 1.0, -3.9647632279083718)
9.379999999999889 (-11.914986845239499, 1.0, -4.033795048294669)
9.399999999999888 (-11.962539169634443, 1.0, -4.091873198296754)
9.419999999999888 (-12.009278314287398, 1.0, -4.138239719568664)
9.439999999999888 (-12.054987043411115, 1.0, -4.1723372993072765)
9.459999999999887 (-12.09939882424812, 1.0, -4.193811093053161)
9.479999999999887 (-12.1421737368997, 1.0, -4.202506300346392)
9.499999999999886 (-12.182879151233298, 1.0, -4.1984608661405165)
9.519999999999886 (-12.220979691057373, 1.0, -4.181897762823781)
9.539999999999885 (-12.255838128010812, 1.0, -4.153219436560208)
9.559999999999885 (-12.28672763175775, 1.0, -4.113005033497295)
9.579999999999885 (-12.312855123086853, 1.0, -4.062009705868037)
9.599999999999884 (-12.333423112504638, 1.0, -4.001167937828848)
9.619999999999884 (-12.347618972428425, 1.0, -3.931558409255948)
9.639999999999883 (-12.354599602580581, 1.0, -3.854450023992489)
9.659999999999883 (-12.353732776828252, 1.0, -3.771298250840345)
9.679999999999882 (-12.34455309513496, 1.0, -3.6836846120306737)
9.699999999999882 (-12.326765178054023, 1.0, -3.593284746819113)
9.719999999999882 (-12.300299782420064, 1.0, -3.5018381924633744)
9.739999999999881 (-12.26534286943882, 1.0, -3.41111205396108)
9.75999999999988 (-12.222341880647678, 1.0, -3.3228554262946606)
9.77999999999988 (-12.17199717495441, 1.0, -3.238749210636397)
9.79999999999988 (-12.11523973391864, 1.0, -3.1603576302898144)
9.81999999999988 (-12.053195697183803, 1.0, -3.089085757684986)
9.839999999999879 (-11.987147450019927, 1.0, -3.0260877746866996)
9.859999999999879 (-11.91842638439016, 1.0, -2.9723753571369054)
9.879999999999878 (-11.848485344381226, 1.0, -2.928805203306703)
9.899999999999878 (-11.77874843796217, 1.0, -2.8959414708053988)
9.919999999999877 (-11.71056565023637, 1.0, -2.87412641716609)
9.939999999999877 (-11.645205642539578, 1.0, -2.863529376612085)
9.959999999999877 (-11.583881794172994, 1.0, -2.864329339584647)
9.979999999999876 (-11.527608675157383, 1.0, -2.8763209440985364)
9.999999999999876 (-11.4772042624788, 1.0, -2.8992351601226307)
