0.0 (-30.0, 1.0, 30.0)
0.02 (-30.0, 1.0, 30.0)
0.04 (-30.0, 1.0, 30.0)
0.06 (-30.0, 1.0, 30.0)
0.08 (-30.0, 1.0, 30.0)
0.1 (-30.0, 1.0, 30.0)
0.12000000000000001 (-30.0, 1.0, 30.0)
0.14 (-30.0, 1.0, 30.0)
0.16 (-30.0, 1.0, 30.0)
0.18 (-30.0, 1.0, 30.0)
0.19999999999999998 (-30.0, 1.0, 30.0)
0.21999999999999997 (-30.0, 1.0, 30.0)
0.23999999999999996 (-30.0, 1.0, 30.0)
0.25999999999999995 (-30.0, 1.0, 30.0)
0.27999999999999997 (-30.0, 1.0, 30.0)
0.3 (-30.0, 1.0, 30.0)
0.32 (-30.0, 1.0, 30.0)
0.34 (-30.0, 1.0, 30.0)
0.36000000000000004 (-30.0, 1.0, 30.0)
0.38000000000000006 (-30.0, 1.0, 30.0)
0.4000000000000001 (-30.0, 1.0, 30.0)
0.4200000000000001 (-30.0, 1.0, 30.0)
0.4400000000000001 (-30.0, 1.0, 30.0)
0.46000000000000013 (-30.0, 1.0, 30.0)
0.48000000000000015 (-30.0, 1.0, 30.0)
0.5000000000000001 (-30.0, 1.0, 30.0)
0.5200000000000001 (-30.0, 1.0, 30.0)
0.5400000000000001 (-30.0, 1.0, 30.0)
0.5600000000000002 (-30.0, 1.0, 30.0)
0.5800000000000002 (-30.0, 1.0, 30.0)
0.6000000000000002 (-30.0, 1.0, 30.0)
0.6200000000000002 (-30.0, 1.0, 30.0)
0.6400000000000002 (-30.0, 1.0, 30.0)
0.6600000000000003 (-30.0, 1.0, 30.0)
0.6800000000000003 (-30.0, 1.0, 30.0)
0.7000000000000003 (-30.0, 1.0, 30.0)
0.7200000000000003 (-30.0, 1.0, 30.0)
0.7400000000000003 (-30.0, 1.0, 30.0)
0.7600000000000003 (-30.0, 1.0, 30.0)
0.7800000000000004 (-30.0, 1.0, 30.0)
0.8000000000000004 (-30.0, 1.0, 30.0)
0.8200000000000004 (-30.0, 1.0, 30.0)
0.8400000000000004 (-30.0, 1.0, 30.0)
0.8600000000000004 (-30.0, 1.0, 30.0)
0.8800000000000004 (-30.0, 1.0, 30.0)
0.9000000000000005 (-30.0, 1.0, 30.0)
0.9200000000000005 (-30.0, 1.0, 30.0)
0.9400000000000005 (-30.0, 1.0, 30.0)
0.9600000000000005 (-30.0, 1.0, 30.0)
0.9800000000000005 (-30.0, 1.0, 30.0)
1.0000000000000004 (-30.0, 1.0, 30.0)
1.0200000000000005 (-30.0, 1.0, 30.0)
1.0400000000000005 (-30.0, 1.0, 30.0)
1.0600000000000005 (-30.0, 1.0, 30.0)
1.0800000000000005 (-30.0, 1.0, 30.0)
1.1000000000000005 (-30.0, 1.0, 30.0)
1.1200000000000006 (-30.0, 1.0, 30.0)
1.1400000000000006 (-30.0, 1.0, 30.0)
1.1600000000000006 (-30.0, 1.0, 30.0)
1.1800000000000006 (-30.0, 1.0, 30.0)
1.2000000000000006 (-30.0, 1.0, 30.0)
1.2200000000000006 (-30.0, 1.0, 30.0)
1.2400000000000007 (-30.0, 1.0, 30.0)
1.2600000000000007 (-30.0, 1.0, 30.0)
1.2800000000000007 (-30.0, 1.0, 30.0)
1.3000000000000007 (-30.0, 1.0, 30.0)
1.3200000000000007 (-30.0, 1.0, 30.0)
1.3400000000000007 (-30.0, 1.0, 30.0)
1.3600000000000008 (-30.0, 1.0, 30.0)
1.3800000000000008 (-30.0, 1.0, 30.0)
1.4000000000000008 (-30.0, 1.0, 30.0)
1.4200000000000008 (-30.0, 1.0, 30.0)
1.4400000000000008 (-30.0, 1.0, 30.0)
1.4600000000000009 (-30.0, 1.0, 30.0)
1.4800000000000009 (-30.0, 1.0, 30.0)
1.5000000000000009 (-30.0, 1.0, 30.0)
1.520000000000001 (-30.0, 1.0, 30.0)
1.540000000000001 (-30.0, 1.0, 30.0)
1.560000000000001 (-30.0, 1.0, 30.0)
1.580000000000001 (-30.0, 1.0, 30.0)
1.600000000000001 (-30.0, 1.0, 30.0)
1.620000000000001 (-30.0, 1.0, 30.0)
1.640000000000001 (-30.0, 1.0, 30.0)
1.660000000000001 (-30.0, 1.0, 30.0)
1.680000000000001 (-30.0, 1.0, 30.0)
1.700000000000001 (-30.0, 1.0, 30.0)
1.720000000000001 (-30.0, 1.0, 30.0)
1.740000000000001 (-30.0, 1.0, 30.0)
1.7600000000000011 (-30.0, 1.0, 30.0)
1.7800000000000011 (-30.0, 1.0, 30.0)
1.8000000000000012 (-30.0, 1.0, 30.0)
1.8200000000000012 (-30.0, 1.0, 30.0)
1.8400000000000012 (-30.0, 1.0, 30.0)
1.8600000000000012 (-30.0, 1.0, 30.0)
1.8800000000000012 (-30.0, 1.0, 30.0)
1.9000000000000012 (-30.0, 1.0, 30.0)
1.9200000000000013 (-30.0, 1.0, 30.0)
1.9400000000000013 (-30.0, 1.0, 30.0)
1.9600000000000013 (-30.0, 1.0, 30.0)
1.9800000000000013 (-30.0, 1.0, 30.0)
2.0000000000000013 (-30.0, 1.0, 30.0)
2.0200000000000014 (-30.0, 1.0, 30.0)
2.0400000000000014 (-30.0, 1.0, 30.0)
2.0600000000000014 (-30.0, 1.0, 30.0)
2.0800000000000014 (-30.0, 1.0, 30.0)
2.1000000000000014 (-30.0, 1.0, 30.0)
2.1200000000000014 (-30.0, 1.0, 30.0)
2.1400000000000015 (-30.0, 1.0, 30.0)
2.1600000000000015 (-30.0, 1.0, 30.0)
2.1800000000000015 (-30.0, 1.0, 30.0)
2.2000000000000015 (-30.0, 1.0, 30.0)
2.2200000000000015 (-30.0, 1.0, 30.0)
2.2400000000000015 (-30.0, 1.0, 30.0)
2.2600000000000016 (-30.0, 1.0, 30.0)
2.2800000000000016 (-30.0, 1.0, 30.0)
2.3000000000000016 (-30.0, 1.0, 30.0)
2.3200000000000016 (-30.0, 1.0, 30.0)
2.3400000000000016 (-30.0, 1.0, 30.0)
2.3600000000000017 (-30.0, 1.0, 30.0)
2.3800000000000017 (-30.0, 1.0, 30.0)
2.4000000000000017 (-30.0, 1.0, 30.0)
2.4200000000000017 (-30.0, 1.0, 30.0)
2.4400000000000017 (-30.0, 1.0, 30.0)
2.4600000000000017 (-30.0, 1.0, 30.0)
2.4800000000000018 (-30.0, 1.0, 30.0)
2.5000000000000018 (-30.0, 1.0, 30.0)
2.520000000000002 (-30.0, 1.0, 30.0)
2.540000000000002 (-30.0, 1.0, 30.0)
2.560000000000002 (-30.0, 1.0, 30.0)
2.580000000000002 (-30.0, 1.0, 30.0)
2.600000000000002 (-30.0, 1.0, 30.0)
2.620000000000002 (-30.0, 1.0, 30.0)
2.640000000000002 (-30.0, 1.0, 30.0)
2.660000000000002 (-30.0, 1.0, 30.0)
2.680000000000002 (-30.0, 1.0, 30.0)
2.700000000000002 (-30.0, 1.0, 30.0)
2.720000000000002 (-30.0, 1.0, 30.0)
2.740000000000002 (-30.0, 1.0, 30.0)
2.760000000000002 (-30.0, 1.0, 30.0)
2.780000000000002 (-30.0, 1.0, 30.0)
2.800000000000002 (-30.0, 1.0, 30.0)
2.820000000000002 (-30.0, 1.0, 30.0)
2.840000000000002 (-30.0, 1.0, 30.0)
2.860000000000002 (-30.0, 1.0, 30.0)
2.880000000000002 (-30.0, 1.0, 30.0)
2.900000000000002 (-30.0, 1.0, 30.0)
2.920000000000002 (-30.0, 1.0, 30.0)
2.940000000000002 (-30.0, 1.0, 30.0)
2.960000000000002 (-30.0, 1.0, 30.0)
2.980000000000002 (-30.0, 1.0, 30.0)
3.000000000000002 (-30.0, 1.0, 30.0)
3.0200000000000022 (-30.0, 1.0, 30.0)
3.0400000000000023 (-30.0, 1.0, 30.0)
3.0600000000000023 (-30.0, 1.0, 30.0)
3.0800000000000023 (-30.0, 1.0, 30.0)
3.1000000000000023 (-30.0, 1.0, 30.0)
3.1200000000000023 (-30.0, 1.0, 30.0)
3.1400000000000023 (-30.0, 1.0, 30.0)
3.1600000000000024 (-30.0, 1.0, 30.0)
3.1800000000000024 (-30.0, 1.0, 30.0)
3.2000000000000024 (-30.0, 1.0, 30.0)
3.2200000000000024 (-30.0, 1.0, 30.0)
3.2400000000000024 (-30.0, 1.0, 30.0)
3.2600000000000025 (-30.0, 1.0, 30.0)
3.2800000000000025 (-30.0, 1.0, 30.0)
3.3000000000000025 (-30.0, 1.0, 30.0)
3.3200000000000025 (-30.0, 1.0, 30.0)
3.3400000000000025 (-30.0, 1.0, 30.0)
3.3600000000000025 (-30.0, 1.0, 30.0)
3.3800000000000026 (-30.0, 1.0, 30.0)
3.4000000000000026 (-30.0, 1.0, 30.0)
3.4200000000000026 (-30.0, 1.0, 30.0)
3.4400000000000026 (-30.0, 1.0, 30.0)
3.4600000000000026 (-30.0, 1.0, 30.0)
3.4800000000000026 (-30.0, 1.0, 30.0)
3.5000000000000027 (-30.0, 1.0, 30.0)
3.5200000000000027 (-30.0, 1.0, 30.0)
3.5400000000000027 (-30.0, 1.0, 30.0)
3.5600000000000027 (-30.0, 1.0, 30.0)
3.5800000000000027 (-30.0, 1.0, 30.0)
3.6000000000000028 (-30.0, 1.0, 30.0)
3.6200000000000028 (-30.0, 1.0, 30.0)
3.640000000000003 (-30.0, 1.0, 30.0)
3.660000000000003 (-30.0, 1.0, 30.0)
3.680000000000003 (-30.0, 1.0, 30.0)
3.700000000000003 (-30.0, 1.0, 30.0)
3.720000000000003 (-30.0, 1.0, 30.0)
3.740000000000003 (-30.0, 1.0, 30.0)
3.760000000000003 (-30.0, 1.0, 30.0)
3.780000000000003 (-30.0, 1.0, 30.0)
3.800000000000003 (-30.0, 1.0, 30.0)
3.820000000000003 (-30.0, 1.0, 30.0)
3.840000000000003 (-30.0, 1.0, 30.0)
3.860000000000003 (-30.0, 1.0, 30.0)
3.880000000000003 (-30.0, 1.0, 30.0)
3.900000000000003 (-30.0, 1.0, 30.0)
3.920000000000003 (-30.0, 1.0, 30.0)
3.940000000000003 (-30.0, 1.0, 30.0)
3.960000000000003 (-30.0, 1.0, 30.0)
3.980000000000003 (-30.0, 1.0, 30.0)
4.000000000000003 (-30.0, 1.0, 30.0)
4.020000000000002 (-30.0, 1.0, 30.0)
4.040000000000002 (-30.0, 1.0, 30.0)
4.060000000000001 (-30.0, 1.0, 30.0)
4.080000000000001 (-30.0, 1.0, 30.0)
4.1000000000000005 (-30.0, 1.0, 30.0)
4.12 (-30.0, 1.0, 30.0)
4.14 (-30.0, 1.0, 30.0)
4.159999999999999 (-30.0, 1.0, 30.0)
4.179999999999999 (-30.0, 1.0, 30.0)
4.199999999999998 (-30.0, 1.0, 30.0)
4.219999999999998 (-30.0, 1.0, 30.0)
4.2399999999999975 (-30.0, 1.0, 30.0)
4.259999999999997 (-30.0, 1.0, 30.0)
4.279999999999997 (-30.0, 1.0, 30.0)
4.299999999999996 (-30.0, 1.0, 30.0)
4.319999999999996 (-30.0, 1.0, 30.0)
4.339999999999995 (-30.0, 1.0, 30.0)
4.359999999999995 (-30.0, 1.0, 30.0)
4.379999999999995 (-30.0, 1.0, 30.0)
4.399999999999994 (-30.0, 1.0, 30.0)
4.419999999999994 (-30.0, 1.0, 30.0)
4.439999999999993 (-30.0, 1.0, 30.0)
4.459999999999993 (-30.0, 1.0, 30.0)
4.479999999999992 (-30.0, 1.0, 30.0)
4.499999999999992 (-30.0, 1.0, 30.0)
4.519999999999992 (-30.0, 1.0, 30.0)
4.539999999999991 (-30.0, 1.0, 30.0)
4.559999999999991 (-30.0, 1.0, 30.0)
4.57999999999999 (-30.0, 1.0, 30.0)
4.59999999999999 (-30.0, 1.0, 30.0)
4.6199999999999894 (-30.0, 1.0, 30.0)
4.639999999999989 (-30.0, 1.0, 30.0)
4.659999999999989 (-30.0, 1.0, 30.0)
4.679999999999988 (-30.0, 1.0, 30.0)
4.699999999999988 (-30.0, 1.0, 30.0)
4.719999999999987 (-30.0, 1.0, 30.0)
4.739999999999987 (-30.0, 1.0, 30.0)
4.7599999999999865 (-30.0, 1.0, 30.0)
4.779999999999986 (-30.0, 1.0, 30.0)
4.799999999999986 (-30.0, 1.0, 30.0)
4.819999999999985 (-30.0, 1.0, 30.0)
4.839999999999985 (-30.0, 1.0, 30.0)
4.859999999999984 (-30.0, 1.0, 30.0)
4.879999999999984 (-30.0, 1.0, 30.0)
4.8999999999999835 (-30.0, 1.0, 30.0)
4.919999999999983 (-30.0, 1.0, 30.0)
4.939999999999983 (-30.0, 1.0, 30.0)
4.959999999999982 (-30.0, 1.0, 30.0)
4.979999999999982 (-30.0, 1.0, 30.0)
4.999999999999981 (-30.0, 1.0, 30.0)
5.019999999999981 (-30.0, 1.0, 30.0)
5.0399999999999805 (-30.0, 1.0, 30.0)
5.05999999999998 (-30.0, 1.0, 30.0)
5.07999999999998 (-30.0, 1.0, 30.0)
5.099999999999979 (-30.0, 1.0, 30.0)
5.119999999999979 (-30.0, 1.0, 30.0)
5.139999999999978 (-30.0, 1.0, 30.0)
5.159999999999978 (-30.0, 1.0, 30.0)
5.1799999999999775 (-30.0, 1.0, 30.0)
5.199999999999977 (-30.0, 1.0, 30.0)
5.219999999999977 (-30.0, 1.0, 30.0)
5.239999999999976 (-30.0, 1.0, 30.0)
5.259999999999976 (-30.0, 1.0, 30.0)
5.279999999999975 (-30.0, 1.0, 30.0)
5.299999999999975 (-30.0, 1.0, 30.0)
5.3199999999999745 (-30.0, 1.0, 30.0)
5.339999999999974 (-30.0, 1.0, 30.0)
5.359999999999974 (-30.0, 1.0, 30.0)
5.379999999999973 (-30.0, 1.0, 30.0)
5.399999999999973 (-30.0, 1.0, 30.0)
5.419999999999972 (-30.0, 1.0, 30.0)
5.439999999999972 (-30.0, 1.0, 30.0)
5.4599999999999715 (-30.0, 1.0, 30.0)
5.479999999999971 (-30.0, 1.0, 30.0)
5.499999999999971 (-30.0, 1.0, 30.0)
5.51999999999997 (-30.0, 1.0, 30.0)
5.53999999999997 (-30.0, 1.0, 30.0)
5.559999999999969 (-30.0, 1.0, 30.0)
5.579999999999969 (-30.0, 1.0, 30.0)
5.599999999999969 (-30.0, 1.0, 30.0)
5.619999999999968 (-30.0, 1.0, 30.0)
5.639999999999968 (-30.0, 1.0, 30.0)
5.659999999999967 (-30.0, 1.0, 30.0)
5.679999999999967 (-30.0, 1.0, 30.0)
5.699999999999966 (-30.0, 1.0, 30.0)
5.719999999999966 (-30.0, 1.0, 30.0)
5.739999999999966 (-30.0, 1.0, 30.0)
5.759999999999965 (-30.0, 1.0, 30.0)
5.779999999999965 (-30.0, 1.0, 30.0)
5.799999999999964 (-30.0, 1.0, 30.0)
5.819999999999964 (-30.0, 1.0, 30.0)
5.839999999999963 (-30.0, 1.0, 30.0)
5.859999999999963 (-30.0, 1.0, 30.0)
5.879999999999963 (-30.0, 1.0, 30.0)
5.899999999999962 (-30.0, 1.0, 30.0)
5.919999999999962 (-30.0, 1.0, 30.0)
5.939999999999961 (-30.0, 1.0, 30.0)
5.959999999999961 (-30.0, 1.0, 30.0)
5.9799999999999605 (-30.0, 1.0, 30.0)
5.99999999999996 (-30.0, 1.0, 30.0)
6.01999999999996 (-30.0, 1.0, 30.0)
6.039999999999959 (-30.0, 1.0, 30.0)
6.059999999999959 (-30.0, 1.0, 30.0)
6.079999999999958 (-30.0, 1.0, 30.0)
6.099999999999958 (-30.0, 1.0, 30.0)
6.1199999999999575 (-30.0, 1.0, 30.0)
6.139999999999957 (-30.0, 1.0, 30.0)
6.159999999999957 (-30.0, 1.0, 30.0)
6.179999999999956 (-30.0, 1.0, 30.0)
6.199999999999956 (-30.0, 1.0, 30.0)
6.219999999999955 (-30.0, 1.0, 30.0)
6.239999999999955 (-30.0, 1.0, 30.0)
6.2599999999999545 (-30.0, 1.0, 30.0)
6.279999999999954 (-30.0, 1.0, 30.0)
6.299999999999954 (-30.0, 1.0, 30.0)
6.319999999999953 (-30.0, 1.0, 30.0)
6.339999999999953 (-30.0, 1.0, 30.0)
6.359999999999952 (-30.0, 1.0, 30.0)
6.379999999999952 (-30.0, 1.0, 30.0)
6.3999999999999515 (-30.0, 1.0, 30.0)
6.419999999999951 (-30.0, 1.0, 30.0)
6.439999999999951 (-30.0, 1.0, 30.0)
6.45999999999995 (-30.0, 1.0, 30.0)
6.47999999999995 (-30.0, 1.0, 30.0)
6.499999999999949 (-30.0, 1.0, 30.0)
6.519999999999949 (-30.0, 1.0, 30.0)
6.5399999999999485 (-30.0, 1.0, 30.0)
6.559999999999948 (-30.0, 1.0, 30.0)
6.579999999999948 (-30.0, 1.0, 30.0)
6.599999999999947 (-30.0, 1.0, 30.0)
6.619999999999947 (-30.0, 1.0, 30.0)
6.639999999999946 (-30.0, 1.0, 30.0)
6.659999999999946 (-30.0, 1.0, 30.0)
6.6799999999999455 (-30.0, 1.0, 30.0)
6.699999999999945 (-30.0, 1.0, 30.0)
6.719999999999945 (-30.0, 1.0, 30.0)
6.739999999999944 (-30.0, 1.0, 30.0)
6.759999999999944 (-30.0, 1.0, 30.0)
6.779999999999943 (-30.0, 1.0, 30.0)
6.799999999999943 (-30.0, 1.0, 30.0)
6.8199999999999426 (-30.0, 1.0, 30.0)
6.839999999999942 (-30.0, 1.0, 30.0)
6.859999999999942 (-30.0, 1.0, 30.0)
6.879999999999941 (-30.0, 1.0, 30.0)
6.899999999999941 (-30.0, 1.0, 30.0)
6.91999999999994 (-30.0, 1.0, 30.0)
6.93999999999994 (-30.0, 1.0, 30.0)
6.95999999999994 (-30.0, 1.0, 30.0)
6.979999999999939 (-30.0, 1.0, 30.0)
6.999999999999939 (-30.0, 1.0, 30.0)
7.019999999999938 (-30.0, 1.0, 30.0)
7.039999999999938 (-30.0, 1.0, 30.0)
7.059999999999937 (-30.0, 1.0, 30.0)
7.079999999999937 (-30.0, 1.0, 30.0)
7.099999999999937 (-30.0, 1.0, 30.0)
7.119999999999936 (-30.0, 1.0, 30.0)
7.139999999999936 (-30.0, 1.0, 30.0)
7.159999999999935 (-30.0, 1.0, 30.0)
7.179999999999935 (-30.0, 1.0, 30.0)
7.1999999999999345 (-30.0, 1.0, 30.0)
7.219999999999934 (-30.0, 1.0, 30.0)
7.239999999999934 (-30.0, 1.0, 30.0)
7.259999999999933 (-30.0, 1.0, 30.0)
7.279999999999933 (-30.0, 1.0, 30.0)
7.299999999999932 (-30.0, 1.0, 30.0)
7.319999999999932 (-30.0, 1.0, 30.0)
7.3399999999999315 (-30.0, 1.0, 30.0)
7.359999999999931 (-30.0, 1.0, 30.0)
7.379999999999931 (-30.0, 1.0, 30.0)
7.39999999999993 (-30.0, 1.0, 30.0)
7.41999999999993 (-30.0, 1.0, 30.0)
7.439999999999929 (-30.0, 1.0, 30.0)
7.459999999999929 (-30.0, 1.0, 30.0)
7.4799999999999285 (-30.0, 1.0, 30.0)
7.499999999999928 (-30.0, 1.0, 30.0)
7.519999999999928 (-30.0, 1.0, 30.0)
7.539999999999927 (-30.0, 1.0, 30.0)
7.559999999999927 (-30.0, 1.0, 30.0)
7.579999999999926 (-30.0, 1.0, 30.0)
7.599999999999926 (-30.0, 1.0, 30.0)
7.6199999999999255 (-30.0, 1.0, 30.0)
7.639999999999925 (-30.0, 1.0, 30.0)
7.659999999999925 (-30.0, 1.0, 30.0)
7.679999999999924 (-30.0, 1.0, 30.0)
7.699999999999924 (-30.0, 1.0, 30.0)
7.719999999999923 (-30.0, 1.0, 30.0)
7.739999999999923 (-30.0, 1.0, 30.0)
7.7599999999999225 (-30.0, 1.0, 30.0)
7.779999999999922 (-30.0, 1.0, 30.0)
7.799999999999922 (-30.0, 1.0, 30.0)
7.819999999999921 (-30.0, 1.0, 30.0)
7.839999999999921 (-30.0, 1.0, 30.0)
7.85999999999992 (-30.0, 1.0, 30.0)
7.87999999999992 (-30.0, 1.0, 30.0)
7.8999999999999195 (-30.0, 1.0, 30.0)
7.919999999999919 (-30.0, 1.0, 30.0)
7.939999999999919 (-30.0, 1.0, 30.0)
7.959999999999918 (-30.0, 1.0, 30.0)
7.979999999999918 (-30.0, 1.0, 30.0)
7.999999999999917 (-30.0, 1.0, 30.0)
8.019999999999918 (-30.0, 1.0, 30.0)
8.039999999999917 (-30.0, 1.0, 30.0)
8.059999999999917 (-30.0, 1.0, 30.0)
8.079999999999917 (-30.0, 1.0, 30.0)
8.099999999999916 (-30.0, 1.0, 30.0)
8.119999999999916 (-30.0, 1.0, 30.0)
8.139999999999915 (-30.0, 1.0, 30.0)
8.159999999999915 (-30.0, 1.0, 30.0)
8.179999999999914 (-30.0, 1.0, 30.0)
8.199999999999914 (-30.0, 1.0, 30.0)
8.219999999999914 (-30.0, 1.0, 30.0)
8.239999999999913 (-30.0, 1.0, 30.0)
8.259999999999913 (-30.0, 1.0, 30.0)
8.279999999999912 (-30.0, 1.0, 30.0)
8.299999999999912 (-30.0, 1.0, 30.0)
8.319999999999911 (-30.0, 1.0, 30.0)
8.339999999999911 (-30.0, 1.0, 30.0)
8.35999999999991 (-30.0, 1.0, 30.0)
8.37999999999991 (-30.0, 1.0, 30.0)
8.39999999999991 (-30.0, 1.0, 30.0)
8.41999999999991 (-30.0, 1.0, 30.0)
8.439999999999909 (-30.0, 1.0, 30.0)
8.459999999999908 (-30.0, 1.0, 30.0)
8.479999999999908 (-30.0, 1.0, 30.0)
8.499999999999908 (-30.0, 1.0, 30.0)
8.519999999999907 (-30.0, 1.0, 30.0)
8.539999999999907 (-30.0, 1.0, 30.0)
8.559999999999906 (-30.0, 1.0, 30.0)
8.579999999999906 (-30.0, 1.0, 30.0)
8.599999999999905 (-30.0, 1.0, 30.0)
8.619999999999905 (-30.0, 1.0, 30.0)
8.639999999999905 (-30.0, 1.0, 30.0)
8.659999999999904 (-30.0, 1.0, 30.0)
8.679999999999904 (-30.0, 1.0, 30.0)
8.699999999999903 (-30.0, 1.0, 30.0)
8.719999999999903 (-30.0, 1.0, 30.0)
8.739999999999903 (-30.0, 1.0, 30.0)
8.759999999999902 (-30.0, 1.0, 30.0)
8.779999999999902 (-30.0, 1.0, 30.0)
8.799999999999901 (-30.0, 1.0, 30.0)
8.8199999999999 (-30.0, 1.0, 30.0)
8.8399999999999 (-30.0, 1.0, 30.0)
8.8599999999999 (-30.0, 1.0, 30.0)
8.8799999999999 (-30.0, 1.0, 30.0)
8.899999999999899 (-30.0, 1.0, 30.0)
8.919999999999899 (-30.0, 1.0, 30.0)
8.939999999999898 (-30.0, 1.0, 30.0)
8.959999999999898 (-30.0, 1.0, 30.0)
8.979999999999897 (-30.0, 1.0, 30.0)
8.999999999999897 (-30.0, 1.0, 30.0)
9.019999999999897 (-30.0, 1.0, 30.0)
9.039999999999896 (-30.0, 1.0, 30.0)
9.059999999999896 (-30.0, 1.0, 30.0)
9.079999999999895 (-30.0, 1.0, 30.0)
9.099999999999895 (-30.0, 1.0, 30.0)
9.119999999999894 (-30.0, 1.0, 30.0)
9.139999999999894 (-30.0, 1.0, 30.0)
9.159999999999894 (-30.0, 1.0, 30.0)
9.179999999999893 (-30.0, 1.0, 30.0)
9.199999999999893 (-30.0, 1.0, 30.0)
9.219999999999892 (-30.0, 1.0, 30.0)
9.239999999999892 (-30.0, 1.0, 30.0)
9.259999999999891 (-30.0, 1.0, 30.0)
9.279999999999891 (-30.0, 1.0, 30.0)
9.29999999999989 (-30.0, 1.0, 30.0)
9.31999999999989 (-30.0, 1.0, 30.0)
9.33999999999989 (-30.0, 1.0, 30.0)
9.35999999999989 (-30.0, 1.0, 30.0)
9.379999999999889 (-30.0, 1.0, 30.0)
9.399999999999888 (-30.0, 1.0, 30.0)
9.419999999999888 (-30.0, 1.0, 30.0)
9.439999999999888 (-30.0, 1.0, 30.0)
9.459999999999887 (-30.0, 1.0, 30.0)
9.479999999999887 (-30.0, 1.0, 30.0)
9.499999999999886 (-30.0, 1.0, 30.0)
9.519999999999886 (-30.0, 1.0, 30.0)
9.539999999999885 (-30.0, 1.0, 30.0)
9.559999999999885 (-30.0, 1.0, 30.0)
9.579999999999885 (-30.0, 1.0, 30.0)
9.599999999999884 (-30.0, 1.0, 30.0)
9.619999999999884 (-30.0, 1.0, 30.0)
9.639999999999883 (-30.0, 1.0, 30.0)
9.659999999999883 (-30.0, 1.0, 30.0)
9.679999999999882 (-30.0, 1.0, 30.0)
9.699999999999882 (-30.0, 1.0, 30.0)
9.719999999999882 (-30.0, 1.0, 30.0)
9.739999999999881 (-30.0, 1.0, 30.0)
9.75999999999988 (-30.0, 1.0, 30.0)
9.77999999999988 (-30.0, 1.0, 30.0)
9.79999999999988 (-30.0, 1.0, 30.0)
9.81999999999988 (-30.0, 1.0, 30.0)
9.839999999999879 (-30.0, 1.0, 30.0)
9.859999999999879 (-30.0, 1.0, 30.0)
9.879999999999878 (-30.0, 1.0, 30.0)
9.899999999999878 (-30.0, 1.0, 30.0)
9.919999999999877 (-30.0, 1.0, 30.0)
9.939999999999877 (-30.0, 1.0, 30.0)
9.959999999999877 (-30.0, 1.0, 30.0)
9.979999999999876 (-30.0, 1.0, 30.0)
9.999999999999876 (-30.0, 1.0, 30.0)
10.019999999999875 (-30.0, 1.0, 30.0)
10.039999999999875 (-30.0, 1.0, 30.0)
10.059999999999874 (-30.0, 1.0, 30.0)
10.079999999999874 (-30.0, 1.0, 30.0)
10.099999999999874 (-30.0, 1.0, 30.0)
10.119999999999873 (-30.0, 1.0, 30.0)
10.139999999999873 (-30.0, 1.0, 30.0)
10.159999999999872 (-30.0, 1.0, 30.0)
10.179999999999872 (-30.0, 1.0, 30.0)
10.199999999999871 (-30.0, 1.0, 30.0)
10.219999999999871 (-30.0, 1.0, 30.0)
10.23999999999987 (-30.0, 1.0, 30.0)
10.25999999999987 (-30.0, 1.0, 30.0)
10.27999999999987 (-30.0, 1.0, 30.0)
10.29999999999987 (-30.0, 1.0, 30.0)
10.319999999999869 (-30.0, 1.0, 30.0)
10.339999999999868 (-30.0, 1.0, 30.0)
10.359999999999868 (-30.0, 1.0, 30.0)
10.379999999999868 (-30.0, 1.0, 30.0)
10.399999999999867 (-30.0, 1.0, 30.0)
10.419999999999867 (-30.0, 1.0, 30.0)
10.439999999999866 (-30.0, 1.0, 30.0)
10.459999999999866 (-30.0, 1.0, 30.0)
10.479999999999865 (-30.0, 1.0, 30.0)
10.499999999999865 (-30.0, 1.0, 30.0)
10.519999999999865 (-30.0, 1.0, 30.0)
10.539999999999864 (-30.0, 1.0, 30.0)
10.559999999999864 (-30.0, 1.0, 30.0)
10.579999999999863 (-30.0, 1.0, 30.0)
10.599999999999863 (-30.0, 1.0, 30.0)
10.619999999999862 (-30.0, 1.0, 30.0)
10.639999999999862 (-30.0, 1.0, 30.0)
10.659999999999862 (-30.0, 1.0, 30.0)
10.679999999999861 (-30.0, 1.0, 30.0)
10.69999999999986 (-30.0, 1.0, 30.0)
10.71999999999986 (-30.0, 1.0, 30.0)
10.73999999999986 (-30.0, 1.0, 30.0)
10.75999999999986 (-30.0, 1.0, 30.0)
10.779999999999859 (-30.0, 1.0, 30.0)
10.799999999999859 (-30.0, 1.0, 30.0)
10.819999999999858 (-30.0, 1.0, 30.0)
10.839999999999858 (-30.0, 1.0, 30.0)
10.859999999999857 (-30.0, 1.0, 30.0)
10.879999999999857 (-30.0, 1.0, 30.0)
10.899999999999856 (-30.0, 1.0, 30.0)
10.919999999999856 (-30.0, 1.0, 30.0)
10.939999999999856 (-30.0, 1.0, 30.0)
10.959999999999855 (-30.0, 1.0, 30.0)
10.979999999999855 (-30.0, 1.0, 30.0)
10.999999999999854 (-30.0, 1.0, 30.0)
11.019999999999854 (-30.0, 1.0, 30.0)
11.039999999999853 (-30.0, 1.0, 30.0)
11.059999999999853 (-30.0, 1.0, 30.0)
11.079999999999853 (-30.0, 1.0, 30.0)
11.099999999999852 (-30.0, 1.0, 30.0)
11.119999999999852 (-30.0, 1.0, 30.0)
11.139999999999851 (-30.0, 1.0, 30.0)
11.159999999999851 (-30.0, 1.0, 30.0)
11.17999999999985 (-30.0, 1.0, 30.0)
11.19999999999985 (-30.0, 1.0, 30.0)
11.21999999999985 (-30.0, 1.0, 30.0)
11.23999999999985 (-30.0, 1.0, 30.0)
11.259999999999849 (-30.0, 1.0, 30.0)
11.279999999999848 (-30.0, 1.0, 30.0)
11.299999999999848 (-30.0, 1.0, 30.0)
11.319999999999848 (-30.0, 1.0, 30.0)
11.339999999999847 (-30.0, 1.0, 30.0)
11.359999999999847 (-30.0, 1.0, 30.0)
11.379999999999846 (-30.0, 1.0, 30.0)
11.399999999999846 (-30.0, 1.0, 30.0)
11.419999999999845 (-30.0, 1.0, 30.0)
11.439999999999845 (-30.0, 1.0, 30.0)
11.459999999999845 (-30.0, 1.0, 30.0)
11.479999999999844 (-30.0, 1.0, 30.0)
11.499999999999844 (-30.0, 1.0, 30.0)
11.519999999999843 (-30.0, 1.0, 30.0)
11.539999999999843 (-30.0, 1.0, 30.0)
11.559999999999842 (-30.0, 1.0, 30.0)
11.579999999999842 (-30.0, 1.0, 30.0)
11.599999999999842 (-30.0, 1.0, 30.0)
11.619999999999841 (-30.0, 1.0, 30.0)
11.63999999999984 (-30.0, 1.0, 30.0)
11.65999999999984 (-30.0, 1.0, 30.0)
11.67999999999984 (-30.0, 1.0, 30.0)
11.69999999999984 (-30.0, 1.0, 30.0)
11.719999999999839 (-30.0, 1.0, 30.0)
11.739999999999839 (-30.0, 1.0, 30.0)
11.759999999999838 (-30.0, 1.0, 30.0)
11.779999999999838 (-30.0, 1.0, 30.0)
11.799999999999837 (-30.0, 1.0, 30.0)
11.819999999999837 (-30.0, 1.0, 30.0)
11.839999999999836 (-30.0, 1.0, 30.0)
11.859999999999836 (-30.0, 1.0, 30.0)
11.879999999999836 (-30.0, 1.0, 30.0)
11.899999999999835 (-30.0, 1.0, 30.0)
11.919999999999835 (-30.0, 1.0, 30.0)
11.939999999999834 (-30.0, 1.0, 30.0)
11.959999999999834 (-30.0, 1.0, 30.0)
11.979999999999833 (-30.0, 1.0, 30.0)
11.999999999999833 (-30.27942891701998, 1.0001540662374977, 29.803516197240018)
12.019999999999833 (-30.566289807637983, 1.0002986488484453, 29.591182805246934)
12.039999999999832 (-30.781843064817917, 1.0004031669373286, 29.42586494594369)
12.059999999999832 (-30.92195294358852, 1.0004711038219496, 29.318408136760528)
12.079999999999831 (-31.01302453483208, 1.0005152628794038, 29.2485610803778)
12.099999999999831 (-31.072221179668343, 1.0005439663203426, 29.203160408959977)
12.11999999999983 (-31.110699070655226, 1.0005626235917886, 29.173649917438414)
12.13999999999983 (-31.135709746494936, 1.0005747508408718, 29.154468062134345)
12.15999999999983 (-31.151966716144653, 1.0005826335674934, 29.141999832906865)
12.17999999999983 (-31.162533766147046, 1.0005877573493642, 29.133895468777087)
12.199999999999829 (-31.16940236147317, 1.0005910878137991, 29.12862762225696)
12.219999999999828 (-31.173866956771146, 1.0005932526197239, 29.125203515625618)
12.239999999999828 (-31.17676894913323, 1.0005946597462023, 29.122977842159617)
12.259999999999827 (-31.178655247690553, 1.0005955743801211, 29.121531151705558)
12.279999999999827 (-31.179881344042098, 1.000596168893278, 29.120590801154666)
12.299999999999827 (-31.180678308158644, 1.000596555327552, 29.119979572155334)
12.319999999999826 (-31.181196335801626, 1.0005968065102986, 29.119582272563964)
12.339999999999826 (-31.181533054398255, 1.0005969697793893, 29.119324027347393)
12.359999999999825 (-31.181751921894726, 1.0005970759044962, 29.1191561676432)
12.379999999999825 (-31.18189418603306, 1.0005971448859443, 29.119047058631754)
12.399999999999824 (-31.18198665789563, 1.0005971897239692, 29.118976137641898)
12.419999999999824 (-31.18204676471853, 1.0005972188687402, 29.118930038912413)
12.439999999999824 (-31.182085834226367, 1.0005972378128762, 29.118900074682305)
12.459999999999823 (-31.182111229453877, 1.000597250126588, 29.118880597896368)
12.479999999999823 (-31.18212773638258, 1.0005972581305154, 29.11886793796187)
12.499999999999822 (-31.182138465906274, 1.0005972633330782, 29.11885970898908)
12.519999999999822 (-31.18214544010969, 1.00059726671475, 29.118854360146788)
12.539999999999822 (-31.182149973350374, 1.0005972689128406, 29.1188508833928)
12.559999999999821 (-30.970661070189188, 1.0001764839236131, 29.127191967287377)
12.57999999999982 (-30.77591174228382, 0.999791314925199, 29.136188240698687)
12.59999999999982 (-30.557803462551785, 0.9992838399823684, 29.14155863204588)
12.61999999999982 (-30.338054439493515, 0.9987041549511623, 29.14792733163034)
12.63999999999982 (-30.129162990764318, 0.9981182838862005, 29.157582765246534)
12.659999999999819 (-29.915782687792582, 0.9974781828570104, 29.17545977117922)
12.679999999999819 (-29.714423002750824, 0.9968505964361538, 29.200163749570315)
12.699999999999818 (-29.5170002332527, 0.9962091290627257, 29.235110037257847)
12.719999999999818 (-29.33413325481064, 0.9955980521263391, 29.276800540796373)
12.739999999999817 (-29.16222620789427, 0.9950063035851596, 29.32660139847715)
12.759999999999817 (-29.00745356527963, 0.994461553302434, 29.38051069976263)
12.779999999999816 (-28.855091371834977, 0.9939122222923689, 29.43581776834737)
12.799999999999816 (-28.687581613127676, 0.993318230203989, 29.497249805896523)
12.819999999999816 (-28.567964377561054, 0.9928934262936483, 29.544696972649213)
12.839999999999815 (-28.49021302927072, 0.9926173032363684, 29.575537688622155)
12.859999999999815 (-28.43967455852001, 0.9924378229140233, 29.595584191434035)
12.879999999999814 (-28.40682449119663, 0.9923211604866745, 29.608614442590955)
12.899999999999814 (-28.385471907568345, 0.9922453297673121, 29.617084121656966)
12.919999999999813 (-28.371592702295644, 0.9921960397076955, 29.622589423328996)
12.939999999999813 (-28.362571202024057, 0.9921640011091245, 29.626167876097263)
12.959999999999813 (-28.356707215898695, 0.99214317598117, 29.628493874739583)
12.979999999999812 (-28.352895617800456, 0.9921296396227252, 29.630005776680015)
12.999999999999812 (-28.350418074410697, 0.9921208409733081, 29.6309885147762)
13.019999999999811 (-28.348807668200507, 0.9921151218405083, 29.6316272957314)
13.03999999999981 (-28.347760902209444, 0.9921114043972475, 29.632042504127533)
13.05999999999981 (-28.34708050304485, 0.9921089880546167, 29.632312390088934)
13.07999999999981 (-28.34663824276211, 0.9921074174289738, 29.63248781629138)
13.09999999999981 (-28.34635077304158, 0.9921063965203997, 29.632601843535873)
13.11999999999981 (-28.346163917374355, 0.9921057329285875, 29.63267596138318)
13.139999999999809 (-28.346042460963886, 0.9921053015931042, 29.63272413807389)
13.159999999999808 (-28.345963514149673, 0.9921050212245167, 29.63275545298132)
13.179999999999808 (-28.345912198624617, 0.9921048389845945, 29.63277580770916)
13.199999999999807 (-28.345878843471056, 0.9921047205284238, 29.63278903830696)
13.219999999999807 (-28.345857162580756, 0.992104643531769, 29.632797638211578)
13.239999999999807 (-28.345843069975757, 0.9921045934838498, 29.63280322816002)
13.259999999999806 (-28.345833909765403, 0.9921045609526419, 29.63280686163329)
13.279999999999806 (-28.34582795561755, 0.9921045398073173, 29.632809223395334)
13.299999999999805 (-28.345824085414222, 0.9921045260628304, 29.63281075854352)
13.319999999999805 (-28.345821569777357, 0.9921045171288972, 29.63281175639171)
13.339999999999804 (-28.345819934610347, 0.99210451132183, 29.632812404994247)
13.359999999999804 (-28.3458188717498, 0.9921045075472293, 29.63281282658668)
13.379999999999804 (-28.345818180889154, 0.9921045050937342, 29.63281310062228)
13.399999999999803 (-28.3458177318289, 0.9921045034989592, 29.63281327874575)
13.419999999999803 (-28.345817439939196, 0.9921045024623537, 29.632813394526217)
13.439999999999802 (-28.34581725021053, 0.9921045017885589, 29.632813469783663)
13.459999999999802 (-28.345817126886672, 0.9921045013505915, 29.63281351870109)
13.479999999999801 (-28.34581704672601, 0.9921045010659121, 29.63281355049748)
13.499999999999801 (-28.345816994621487, 0.9921045008808703, 29.63281357116518)
13.5199999999998 (-28.34581696075348, 0.9921045007605928, 29.632813584599198)
13.5399999999998 (-28.345816938739233, 0.9921045006824122, 29.632813593331328)
13.5599999999998 (-28.345816924429954, 0.9921045006315946, 29.63281359900723)
13.5799999999998 (-28.345816915128907, 0.9921045005985633, 29.632813602696565)
13.599999999999799 (-28.34581690908321, 0.9921045005770929, 29.632813605094647)
13.619999999999798 (-28.345816905153498, 0.9921045005631369, 29.632813606653393)
13.639999999999798 (-28.345816902599182, 0.9921045005540655, 29.632813607666584)
13.659999999999798 (-28.34581690093887, 0.9921045005481693, 29.632813608325158)
13.679999999999797 (-28.34581689985967, 0.9921045005443369, 29.63281360875323)
13.699999999999797 (-28.345816899158194, 0.9921045005418455, 29.63281360903148)
13.719999999999796 (-28.345816898702225, 0.9921045005402264, 29.63281360921234)
13.739999999999796 (-28.345816898405843, 0.9921045005391739, 29.632813609329908)
13.759999999999796 (-28.3458168982132, 0.9921045005384895, 29.63281360940632)
13.779999999999795 (-28.345816898087975, 0.992104500538045, 29.632813609455987)
13.799999999999795 (-28.345816898006575, 0.9921045005377559, 29.632813609488274)
13.819999999999794 (-28.345816897953668, 0.992104500537568, 29.632813609509263)
13.839999999999794 (-28.345816897919278, 0.9921045005374459, 29.632813609522906)
13.859999999999793 (-28.345816897896924, 0.9921045005373664, 29.632813609531773)
13.879999999999793 (-28.3458168978824, 0.9921045005373149, 29.632813609537543)
13.899999999999793 (-28.34581689787295, 0.9921045005372812, 29.632813609541294)
13.919999999999792 (-28.34581689786681, 0.9921045005372594, 29.632813609543724)
13.939999999999792 (-28.345816897862818, 0.9921045005372452, 29.632813609545302)
13.959999999999791 (-28.345816897860217, 0.9921045005372359, 29.632813609546325)
13.97999999999979 (-28.345816897858526, 0.9921045005372301, 29.632813609546993)
13.99999999999979 (-28.345816897857432, 0.9921045005372261, 29.632813609547433)
14.01999999999979 (-28.37064002110474, 0.9921606435712803, 29.642917448684848)
14.03999999999979 (-28.41028200022159, 0.9922447251515665, 29.661567264946)
14.059999999999789 (-28.445250696022576, 0.9923058466500948, 29.68324810476596)
14.079999999999789 (-28.476818713988017, 0.9923501702000963, 29.70720849018227)
14.099999999999788 (-28.505875984293215, 0.9923818580690766, 29.732893887008366)
14.119999999999788 (-28.533307081008825, 0.9924042782264876, 29.76004236138905)
14.139999999999787 (-28.55929815803344, 0.9924195313980421, 29.78804680985954)
14.159999999999787 (-28.584646842796122, 0.9924295051803617, 29.817113051077666)
14.179999999999787 (-28.609144819094308, 0.9924356700464297, 29.846407798333278)
14.199999999999786 (-28.633258010707547, 0.9924388419865523, 29.87613695177594)
14.219999999999786 (-28.657078496939548, 0.9924396522301462, 29.906202322300196)
14.239999999999785 (-28.679069364883727, 0.9924388449102272, 29.934561431546406)
14.259999999999785 (-28.703388897024286, 0.9924380604198048, 29.96564393728063)
14.279999999999784 (-28.730155887929932, 0.9924384409545934, 29.99866604962225)
14.299999999999784 (-28.759611285253605, 0.9924397276691904, 30.03365516483902)
14.319999999999784 (-28.792002008331792, 0.9924407107493769, 30.071445496805275)
14.339999999999783 (-28.827275555827676, 0.9924400708276264, 30.11255349716016)
14.359999999999783 (-28.86515937712914, 0.9924368674817609, 30.1570548113087)
14.379999999999782 (-28.905256969900197, 0.992430596221519, 30.204715828006417)
14.399999999999782 (-28.947089889703356, 0.9924211029185781, 30.255097949127915)
14.419999999999781 (-28.991299830069135, 0.9924076902803365, 30.30924797215719)
14.439999999999781 (-29.0340961406105, 0.9923924588606333, 30.362205120670573)
14.45999999999978 (-29.078692573997113, 0.992373626229496, 30.418261555100568)
14.47999999999978 (-29.121728090892503, 0.992353208859443, 30.473029887085527)
14.49999999999978 (-29.164974816927824, 0.9923301466662116, 30.528942371642447)
14.51999999999978 (-29.234692357630312, 0.9924046179988154, 30.575644209480238)
14.539999999999779 (-29.304101513470417, 0.9924995560170139, 30.616106245242978)
14.559999999999778 (-29.374533646312955, 0.9925957268975579, 30.65692386802362)
14.579999999999778 (-29.4422374575286, 0.9926877229443368, 30.696122329229325)
14.599999999999778 (-29.50969559125928, 0.992778655271437, 30.735310299057772)
14.619999999999777 (-29.574242942974372, 0.9928649998157573, 30.772953884003595)
14.639999999999777 (-29.637533455336712, 0.9929486214316499, 30.81019961193356)
14.659999999999776 (-29.697826263411372, 0.9930272803320094, 30.846024587767335)
14.679999999999776 (-29.755737090021064, 0.9930983450410045, 30.8820165973636)
14.699999999999775 (-29.796489167993947, 0.993146475055509, 30.908079297881596)
14.719999999999775 (-29.822978068134596, 0.9931777596233493, 30.925020084848978)
14.739999999999775 (-29.84019588537395, 0.9931980946304138, 30.936031616937765)
14.759999999999774 (-29.86531650413414, 0.9932304040696454, 30.956394850412746)
14.779999999999774 (-29.891979460944317, 0.9932641824098735, 30.97750624279595)
14.799999999999773 (-29.920129224577696, 0.9932987017277835, 30.998397597645273)
14.819999999999773 (-29.94856302653166, 0.9933324047321939, 31.018589775505127)
14.839999999999772 (-29.978036975508083, 0.9933659747489147, 31.038741545601575)
14.859999999999772 (-30.007810304424815, 0.9933986222448705, 31.058524472259442)
14.879999999999772 (-30.038252673557103, 0.9934309145240126, 31.078225660072388)
14.899999999999771 (-30.068909344201803, 0.9934624729432961, 31.097638665288688)
14.91999999999977 (-30.09997385375479, 0.9934936003213405, 31.116922605949757)
14.93999999999977 (-30.131158699907626, 0.9935240930665139, 31.135947436411556)
14.95999999999977 (-30.162577845836296, 0.9935541539000659, 31.154802640424776)
14.97999999999977 (-30.194050982502755, 0.9935836749201618, 31.173405053658385)
14.999999999999769 (-30.22563906122076, 0.9936127730348742, 31.191801448667004)
15.019999999999769 (-30.25722622981944, 0.9936413808612642, 31.209938338078018)
15.039999999999768 (-30.288843872489664, 0.9936695598076859, 31.227840501117885)
15.059999999999768 (-30.320417576432295, 0.993697262843746, 31.24547476599513)
15.079999999999767 (-30.351963086213615, 0.9937245176266315, 31.26285521685197)
15.099999999999767 (-30.383433212418616, 0.9937512890324178, 31.27996264450458)
15.119999999999767 (-30.414836204075023, 0.9937775861210332, 31.296806434828998)
15.139999999999766 (-30.446143008476053, 0.9938033823214505, 31.31337687542675)
15.159999999999766 (-30.47740926771911, 0.9938288065245215, 31.329681298242917)
15.179999999999765 (-30.508684948426186, 0.9938538737166415, 31.345746278870966)
15.199999999999765 (-30.53980601175877, 0.9938783408080232, 31.361524133772615)
15.219999999999764 (-30.570809911388174, 0.9939022170948933, 31.377047870637764)
15.239999999999764 (-30.601650133017454, 0.9939254796433848, 31.392299518741826)
15.259999999999764 (-30.629756800973773, 0.9939454834367266, 31.40571690623374)
15.279999999999763 (-30.658037757836816, 0.9939640655633663, 31.419169131609383)
15.299999999999763 (-30.678219520919505, 0.9939764207590173, 31.42899189742474)
15.319999999999762 (-30.691337691416614, 0.9939844516511854, 31.435376707126014)
15.339999999999762 (-30.71634301350259, 0.9939934889294055, 31.450164185839395)
15.359999999999761 (-30.744928064110805, 0.9940085051594635, 31.465430441608433)
15.379999999999761 (-30.777391820980004, 0.994027208773585, 31.481213763398426)
15.39999999999976 (-30.815453794367812, 0.9940500241220183, 31.498227206550908)
15.41999999999976 (-30.857557930521992, 0.9940738967589582, 31.516130585371226)
15.43999999999976 (-30.904347023410892, 0.9940994920837716, 31.535184494983362)
15.45999999999976 (-30.954026595990207, 0.9941260541890198, 31.55476684024264)
15.479999999999759 (-31.0069461141298, 0.9941541224984961, 31.57505346310254)
15.499999999999758 (-31.061868332815, 0.9941832044750264, 31.595653380715422)
15.519999999999758 (-31.118820444645202, 0.9942135083614447, 31.616650473456748)
15.539999999999758 (-31.176890756462853, 0.994244664011658, 31.637786907688522)
15.559999999999757 (-31.235961137647, 0.9942766501215176, 31.65912556211382)
15.579999999999757 (-31.29535216991825, 0.9943091679341212, 31.68048465572252)
15.599999999999756 (-31.354721946737246, 0.994342000388939, 31.701820022006466)
15.619999999999756 (-31.413533806296186, 0.9943747923802106, 31.72300289960865)
15.639999999999755 (-31.471488866079486, 0.9944072836030198, 31.743983414684926)
15.659999999999755 (-31.528407051262228, 0.9944391644197081, 31.764770889769924)
15.679999999999755 (-31.58379297023798, 0.9944701777643556, 31.78515693817029)
15.699999999999754 (-31.637328901059767, 0.9945000845976276, 31.805012235774758)
15.719999999999754 (-31.688734674820875, 0.9945285776598394, 31.82425393651641)
15.739999999999753 (-31.737850398868975, 0.9945553982514025, 31.84285289665776)
15.759999999999753 (-31.784691630161973, 0.9945803241657027, 31.860872323424815)
15.779999999999752 (-31.829323107560747, 0.9946034306798578, 31.878199782958546)
15.799999999999752 (-31.87191902447992, 0.9946246255143282, 31.89493473970252)
15.819999999999752 (-31.912663650597207, 0.9946438114550655, 31.911146944709962)
15.839999999999751 (-31.951473494388676, 0.9946610437134726, 31.926800964721586)
15.85999999999975 (-31.987997031367037, 0.9946762803944883, 31.941670863969193)
15.87999999999975 (-32.02273525993039, 0.9946896210401623, 31.955954664112465)
15.89999999999975 (-32.055636918694155, 0.9947010526558515, 31.96961885643392)
15.91999999999975 (-32.087032116995935, 0.9947106219745226, 31.982788498181005)
15.939999999999749 (-32.10856575990607, 0.9947148329674367, 31.993941384407183)
15.959999999999749 (-32.12241842715025, 0.9947170343611396, 32.00159486392641)
15.979999999999748 (-32.14038903767573, 0.9947246663856094, 32.0135724403342)
15.999999999999748 (-32.15869245606941, 0.9947300113771302, 32.02494707251608)
16.019999999999747 (-32.17759941907014, 0.994732024017686, 32.03605824084351)
16.039999999999747 (-32.19565449256201, 0.9947314012782127, 32.046453147722325)
16.059999999999746 (-32.215395648290254, 0.9947282916236383, 32.05734119392656)
16.079999999999746 (-32.23512626601741, 0.9947231562367482, 32.06800147136334)
16.099999999999746 (-32.25595443185145, 0.9947159409400494, 32.07903522841053)
16.119999999999745 (-32.276614722660746, 0.9947071232196776, 32.0899164034106)
16.139999999999745 (-32.29807055545922, 0.994696796992031, 32.101057361209804)
16.159999999999744 (-32.319628296772045, 0.9946854312911871, 32.11212226944638)
16.179999999999744 (-32.3417435253864, 0.9946730150801943, 32.12331725300805)
16.199999999999743 (-32.36401591232276, 0.9946598534023936, 32.13445206826686)
16.219999999999743 (-32.38677036756966, 0.9946459821085119, 32.145646907237456)
16.239999999999743 (-32.40973751376707, 0.9946316464398007, 32.156760960957634)
16.259999999999742 (-32.433107339936335, 0.9946168720703444, 32.16785378059607)
16.279999999999742 (-32.452971326414, 0.9946016765393603, 32.17724470268939)
16.29999999999974 (-32.466549477519266, 0.9945904259890986, 32.18371416177331)
16.31999999999974 (-32.475375292216654, 0.9945831131177741, 32.18791931802946)
16.33999999999974 (-32.490865640129485, 0.9945567247739209, 32.19970241242395)
16.35999999999974 (-32.51084074202209, 0.9945305985880666, 32.21273465965841)
16.37999999999974 (-32.534987411404394, 0.9945047829376887, 32.22665393090657)
16.39999999999974 (-32.56221595911161, 0.9944805101689069, 32.24071242041631)
16.41999999999974 (-32.59160273753411, 0.9944586573305443, 32.2543886839366)
16.43999999999974 (-32.62253821732738, 0.9944353252351451, 32.26733009608124)
16.459999999999738 (-32.658234719093635, 0.9944074168844692, 32.2806246530873)
16.479999999999738 (-32.697357547157225, 0.9943759588259204, 32.29402602781015)
16.499999999999737 (-32.740118282984156, 0.9943422390563897, 32.30761557144449)
16.519999999999737 (-32.7853878203165, 0.9943077698925623, 32.3211280074924)
16.539999999999736 (-32.83310163655578, 0.9942731480479324, 32.33459685759994)
16.559999999999736 (-32.8823824303808, 0.9942392904991896, 32.347853799110275)
16.579999999999735 (-32.93296345856075, 0.9942066014330787, 32.36092000636806)
16.599999999999735 (-32.98409054697578, 0.9941756959640501, 32.37365376180591)
16.619999999999735 (-33.03529598984419, 0.994146917872095, 32.38599471293717)
16.639999999999734 (-33.085959133192674, 0.9941204550120754, 32.39789336722442)
16.659999999999734 (-33.135807151781684, 0.9940963139248131, 32.409343282036325)
16.679999999999733 (-33.18452404434101, 0.9940743363622695, 32.42035302194895)
16.699999999999733 (-33.23112522315073, 0.9940455491611335, 32.43321526153291)
16.719999999999732 (-33.2756443259968, 0.9939884535399417, 32.45666826406014)
16.739999999999732 (-33.312391723964744, 0.9939373088625818, 32.477776662744425)
16.75999999999973 (-33.344725150695545, 0.9938879263389703, 32.49810377420302)
16.77999999999973 (-33.38039113264801, 0.9938648121206158, 32.50824092298108)
16.79999999999973 (-33.41506540490461, 0.9938510798336053, 32.51570903758509)
16.81999999999973 (-33.447967092021926, 0.9938475536871048, 32.51996194805297)
16.83999999999973 (-33.47939919384205, 0.9938482355307753, 32.52287335801555)
16.85999999999973 (-33.50841690832087, 0.9938467076577797, 32.526144027986405)
16.87999999999973 (-33.53443505319607, 0.9938441797906267, 32.52918262575576)
16.89999999999973 (-33.55889477193977, 0.9938399935560533, 32.53234019749176)
16.919999999999728 (-33.58119295992596, 0.993834947576644, 32.53531288581824)
16.939999999999728 (-33.60225573474447, 0.9938285987279917, 32.538310211311796)
16.959999999999727 (-33.6218270599845, 0.9938213252969946, 32.541199526566594)
16.979999999999727 (-33.640641758164755, 0.993812714281805, 32.54412558457886)
16.999999999999726 (-33.65867488503065, 0.9938029210553334, 32.54710024866765)
17.019999999999726 (-33.67619326358536, 0.9937919060398941, 32.55019790928014)
17.039999999999726 (-33.69301595880636, 0.9937800673906502, 32.5533082939151)
17.059999999999725 (-33.70453500280631, 0.9937799434920532, 32.556707069027986)
17.079999999999725 (-33.712908237356515, 0.9937846375949124, 32.55999679888642)
17.099999999999724 (-33.724536415837804, 0.9937931049985875, 32.56531565201563)
17.119999999999724 (-33.736523823217205, 0.9937949311775667, 32.570426916776974)
17.139999999999723 (-33.74911954095043, 0.9937898393974046, 32.57562040009848)
17.159999999999723 (-33.76109751099023, 0.9937803733627358, 32.580716743834024)
17.179999999999723 (-33.77400568456011, 0.9937655809788414, 32.58617040889447)
17.199999999999722 (-33.78698617996859, 0.9937472800775066, 32.591688261498575)
17.21999999999972 (-33.80056561119689, 0.9937253019896068, 32.5974615729275)
17.23999999999972 (-33.814311106005825, 0.99370072995535, 32.60334771290207)
17.25999999999972 (-33.82858348023944, 0.9936734810353879, 32.60943845388198)
17.27999999999972 (-33.84315895891921, 0.99364425318164, 32.61564168120307)
17.29999999999972 (-33.854603370312745, 0.9936183625045739, 32.62046946330085)
17.31999999999972 (-33.86226130607106, 0.9936002185945049, 32.62370880194524)
17.33999999999972 (-33.869195682163635, 0.9935821181759509, 32.62760800586326)
17.35999999999972 (-33.883361063620214, 0.9935451057548829, 32.63768971556058)
17.37999999999972 (-33.90068199389257, 0.9935045506617652, 32.64913810872873)
17.399999999999718 (-33.92108844593759, 0.9934615009724658, 32.66125179616765)
17.419999999999717 (-33.94374237566745, 0.9934176065897583, 32.67338003166183)
17.439999999999717 (-33.967669726481994, 0.9933739730813806, 32.684908460203324)
17.459999999999717 (-33.99317976092891, 0.9933299054693573, 32.69550866772647)
17.479999999999716 (-34.017748685056944, 0.993317789572766, 32.704732739467595)
17.499999999999716 (-34.04785281430467, 0.9932734284170073, 32.7139071829167)
17.519999999999715 (-34.083645296592884, 0.9932018389748064, 32.72304288665899)
17.539999999999715 (-34.12511149668415, 0.9931108623279384, 32.73204980349713)
17.559999999999715 (-34.17076412228654, 0.9930064505821852, 32.74068386193073)
17.579999999999714 (-34.220031674300046, 0.9928910252009194, 32.748899703544865)
17.599999999999714 (-34.27767651533741, 0.9926366584818943, 32.79685071338381)
17.619999999999713 (-34.33363268162572, 0.9923910818446848, 32.842716703625655)
17.639999999999713 (-34.38777884984473, 0.992151226804265, 32.88647382313785)
17.659999999999712 (-34.441832717174414, 0.9919086321025296, 32.929962040754475)
17.679999999999712 (-34.49272514295992, 0.9916775201841165, 32.97081552961455)
17.69999999999971 (-34.54135320374207, 0.9914534426455481, 33.00993006331979)
17.71999999999971 (-34.58593001690069, 0.991244983666316, 33.0458000633067)
17.73999999999971 (-34.62709841074674, 0.991049230311119, 33.07902657883472)
17.75999999999971 (-34.66355483242186, 0.9908728570152473, 33.10847140923104)
17.77999999999971 (-34.69574666606239, 0.9907139266391037, 33.134557529331445)
17.79999999999971 (-34.72351306699836, 0.9905738954931166, 33.15704108800492)
17.81999999999971 (-34.747321692766214, 0.9904510321820931, 33.17620787599114)
17.83999999999971 (-34.76576743661345, 0.9903538560814539, 33.19079602745346)
17.859999999999708 (-34.782065970489874, 0.9902650749139774, 33.20346132442272)
17.879999999999708 (-34.793327758600164, 0.9902033643050736, 33.21218111062602)
17.899999999999707 (-34.81261606105998, 0.9901116659593665, 33.22007948955611)
17.919999999999707 (-34.82516041232876, 0.990052114400017, 33.22517498409293)
17.939999999999706 (-34.839004980475096, 0.9899881921386767, 33.22839306697135)
17.959999999999706 (-34.849180077081726, 0.9899409563133604, 33.23009726897883)
17.979999999999706 (-34.8591547660425, 0.9898962469706036, 33.230921794550326)
17.999999999999705 (-34.86729589851074, 0.9898597895189053, 33.23113194694757)
18.019999999999705 (-34.8755247558129, 0.9898237240125324, 33.23095718243605)
18.039999999999704 (-34.88287741598291, 0.9897913657147477, 33.23049974992425)
18.059999999999704 (-34.89010641126648, 0.9897599196821055, 33.229908411417526)
18.079999999999703 (-34.89581376222232, 0.9897585752764543, 33.22973085019599)
18.099999999999703 (-34.900783716813926, 0.9897776117584645, 33.23055533388699)
18.119999999999703 (-34.907549618420894, 0.9897963788521467, 33.232180144873304)
18.139999999999702 (-34.91463777059854, 0.9898019734338174, 33.23383463513285)
18.1599999999997 (-34.92203261966488, 0.9897952375590023, 33.235652942431265)
18.1799999999997 (-34.92895881944338, 0.9897822897617624, 33.23755427154294)
18.1999999999997 (-34.93616594535525, 0.989761914380016, 33.23975203771887)
18.2199999999997 (-34.943138311277735, 0.989737271601149, 33.24215445495716)
18.2399999999997 (-34.950460611436064, 0.9897071257120434, 33.244815409228934)
18.2599999999997 (-34.95820261490779, 0.9896720054171154, 33.247713292490666)
18.2799999999997 (-34.96624797561123, 0.9896329828981142, 33.25083579175998)
18.2999999999997 (-34.974704271102226, 0.9895901109411418, 33.25418392332139)
18.3199999999997 (-34.98081217974397, 0.9895587525614166, 33.256466660652315)
18.339999999999698 (-34.98631019206333, 0.9895314950001872, 33.25897098676623)
18.359999999999697 (-34.999279902261925, 0.9894720391356991, 33.26659086501459)
18.379999999999697 (-35.01627802049628, 0.9893969443159355, 33.276836292791934)
18.399999999999697 (-35.036214696692184, 0.9893108847411721, 33.287925233008465)
18.419999999999696 (-35.057461353392476, 0.9892202137255499, 33.29906730648607)
18.439999999999696 (-35.08056050327151, 0.9891212213080058, 33.30983546114218)
18.459999999999695 (-35.10388686498516, 0.9890198898976036, 33.31979946963504)
18.479999999999695 (-35.12752162950095, 0.988914412706342, 33.32879120715558)
18.499999999999694 (-35.150516063625226, 0.988826927799619, 33.33666233741955)
18.519999999999694 (-35.17410381191386, 0.98882179143477, 33.34346261879244)
18.539999999999694 (-35.204007066160244, 0.9887220981145481, 33.34991665397879)
18.559999999999693 (-35.24017666029548, 0.9885563410389552, 33.35572386281967)
18.579999999999693 (-35.28266223837825, 0.9883323596113109, 33.36068575378661)
18.599999999999692 (-35.32968662086921, 0.9880607868684462, 33.3646694528751)
18.619999999999692 (-35.38042638353313, 0.9877469105569898, 33.36769096438471)
18.63999999999969 (-35.44182375662644, 0.9871766007290002, 33.40708954441893)
18.65999999999969 (-35.503631503879724, 0.986543197297344, 33.45539243994068)
18.67999999999969 (-35.56113897580021, 0.9859361163455935, 33.49918463128034)
18.69999999999969 (-35.618329287752445, 0.9853123228326844, 33.542165028369936)
18.71999999999969 (-35.67041028113633, 0.9847262176039204, 33.5809323185751)
18.73999999999969 (-35.71945376565609, 0.9841550823938504, 33.61729970111942)
18.75999999999969 (-35.762943626690955, 0.9836315134043224, 33.6493743582753)
18.77999999999969 (-35.795950679553094, 0.9832300868255133, 33.67651590757933)
18.799999999999688 (-35.81781698223758, 0.9829634524801425, 33.69547037059661)
18.819999999999688 (-35.83203010552025, 0.982790139832054, 33.7077907945617)
18.839999999999687 (-35.8412686529036, 0.9826774864004575, 33.71579908509156)
18.859999999999687 (-35.847273719915016, 0.9826042615331994, 33.72100448365512)
18.879999999999686 (-35.85117702076041, 0.982556665280613, 33.724387999038896)
18.899999999999686 (-35.85371417104712, 0.9825257276586674, 33.726587288144714)
18.919999999999686 (-35.85536332181265, 0.9825056181668557, 33.72801682873265)
18.939999999999685 (-35.856435271811726, 0.9824925469727726, 33.728946031849745)
18.959999999999685 (-35.85713204061209, 0.9824840506807546, 33.72955001500358)
18.979999999999684 (-35.85758494117794, 0.9824785280806316, 33.7299426047866)
18.999999999999684 (-35.85787932709541, 0.9824749383838491, 33.73019778862201)
19.019999999999683 (-35.858070678299036, 0.982472605076584, 33.73036365842472)
19.039999999999683 (-35.85819505681362, 0.9824710884240297, 33.730471473997795)
19.059999999999683 (-35.85827590299905, 0.9824701025980289, 33.73054155425115)
19.079999999999682 (-35.8583284531177, 0.9824694618099321, 33.73058710650088)
19.09999999999968 (-35.864985037757585, 0.9823106028797746, 33.725062189107945)
19.11999999999968 (-35.87721949688901, 0.9820499432161648, 33.71625353002368)
19.13999999999968 (-35.8903506122702, 0.9818163959672879, 33.70912258908558)
19.15999999999968 (-35.89894125457789, 0.9816639910456539, 33.70446054779012)
19.17999999999968 (-35.904525182503846, 0.9815649276616274, 33.70143021529003)
19.19999999999968 (-35.90815474243257, 0.9815005363417832, 33.699460495487244)
19.21999999999968 (-35.91051396079121, 0.9814586819057369, 33.698180175224905)
19.23999999999968 (-35.912047455587555, 0.9814314764715106, 33.69734796550054)
19.25999999999968 (-35.91680415582276, 0.9813917802759908, 33.69796312078309)
19.279999999999678 (-35.92170183259787, 0.9813525331621739, 33.699023387033094)
19.299999999999677 (-35.9267786576709, 0.981305046745323, 33.70030280616732)
19.319999999999677 (-35.93210067165615, 0.9812550333680727, 33.70175414582302)
19.339999999999677 (-35.93729830476804, 0.9812264356996359, 33.7025060362385)
19.359999999999676 (-35.9487322336725, 0.9811484332918387, 33.70571033666487)
19.379999999999676 (-35.9662550163848, 0.9809777448841006, 33.71234533695366)
19.399999999999675 (-35.98627995672537, 0.9807939232226118, 33.72058831405902)
19.419999999999675 (-36.0066678096603, 0.9806220853790709, 33.72908605915178)
19.439999999999674 (-36.02761577360931, 0.9804435339547308, 33.73694988014139)
19.459999999999674 (-36.048973851011155, 0.9802441450080506, 33.74396680937139)
19.479999999999674 (-36.07941740515658, 0.9799529174355015, 33.750315047483504)
19.499999999999673 (-36.12102655734954, 0.9795676517113314, 33.75547072864009)
19.519999999999673 (-36.17129994899124, 0.9790999278988098, 33.75899428932988)
19.539999999999672 (-36.2280051442794, 0.9785729128800664, 33.76148234548839)
19.559999999999672 (-36.26527817580578, 0.9782319975935176, 33.76342436949429)
19.57999999999967 (-36.2895056915339, 0.9780104022435134, 33.764686687455054)
19.59999999999967 (-36.31655470038389, 0.9777095093267849, 33.77238968977515)
19.61999999999967 (-36.3730016194343, 0.976993242981732, 33.79910431212807)
19.63999999999967 (-36.43116140549588, 0.9762499585786125, 33.82735696269036)
19.65999999999967 (-36.49243434352331, 0.9754605773888496, 33.85768238856979)
19.67999999999967 (-36.55543125377903, 0.9746409336341396, 33.88941206810107)
19.69999999999967 (-36.61742943181203, 0.9738258006853661, 33.92094274965212)
19.71999999999967 (-36.6774486354351, 0.9730272669397182, 33.95172123898474)
19.739999999999668 (-36.720019778026455, 0.9724590608496888, 33.97341456882919)
19.759999999999668 (-36.747691072376796, 0.9720897262015733, 33.98751525955593)
19.779999999999667 (-36.76567744728746, 0.9718496582320595, 33.99668072564143)
19.799999999999667 (-36.78189274998898, 0.9716174800971918, 34.00544759831796)
19.819999999999666 (-36.809420793143644, 0.9711971376506622, 34.020139484322414)
19.839999999999666 (-36.83340668891563, 0.9708315704380696, 34.031747618769394)
19.859999999999665 (-36.85707281706102, 0.9704717484962133, 34.041835673075525)
19.879999999999665 (-36.87967946011286, 0.9701271444848572, 34.05048910421855)
19.899999999999665 (-36.900103083946426, 0.9698131401641457, 34.057404840922466)
19.919999999999664 (-36.918283309767936, 0.9695305139807899, 34.06273269820549)
19.939999999999664 (-36.93414206914367, 0.96928052791186, 34.06654002218819)
19.959999999999663 (-36.94650667131171, 0.9690814790244155, 34.06869317471074)
19.979999999999663 (-36.957351560386115, 0.9689024026835124, 34.069748505590354)
19.999999999999662 (-36.964839180822196, 0.968778194984684, 34.070367900410076)
20.019999999999662 (-36.969706143192894, 0.9686974598297026, 34.070770507794634)
20.03999999999966 (-36.97286967464058, 0.9686449818809814, 34.071032203083206)
20.05999999999966 (-36.97492597392096, 0.9686108711506233, 34.071202305338375)
20.07999999999966 (-36.97626257094882, 0.9685886991344926, 34.07131287201068)
20.09999999999966 (-36.97713136063908, 0.9685742872970989, 34.071384740481875)
20.11999999999966 (-36.97769607499214, 0.968564919585302, 34.071431455075356)
20.13999999999966 (-36.97806314000698, 0.968558830561265, 34.07146181961781)
20.15999999999966 (-36.97830173271211, 0.9685548726882512, 34.07148155660727)
20.17999999999966 (-36.978456818260014, 0.9685523000659889, 34.071494385674356)
20.19999999999966 (-36.97855762405436, 0.9685506278583961, 34.07150272458355)
20.219999999999658 (-36.97862314794304, 0.9685495409214312, 34.07150814488463)
20.239999999999657 (-36.978665738550205, 0.968548834411085, 34.07151166808691)
20.259999999999657 (-36.97869342249655, 0.9685483751785023, 34.07151395817269)
20.279999999999657 (-36.97871141709527, 0.9685480766767666, 34.07151544673121)
20.299999999999656 (-36.978723113606264, 0.9685478826502757, 34.07151641429607)
20.319999999999656 (-36.9787307163526, 0.9685477565328214, 34.071517043214385)
20.339999999999655 (-36.978735658146945, 0.968547674556323, 34.071517452012046)
20.359999999999655 (-36.97873887031926, 0.9685476212714993, 34.07151771773104)
20.379999999999654 (-36.978740958235164, 0.9685475866362993, 34.07151789044872)
20.399999999999654 (-36.978742315383045, 0.9685475641233771, 34.07151800271541)
20.419999999999654 (-36.978743197530804, 0.9685475494899506, 34.071518075688886)
20.439999999999653 (-36.978743770927935, 0.9685475399782054, 34.071518123121734)
20.459999999999653 (-36.97874414363676, 0.9685475337955595, 34.07151815395315)
20.479999999999652 (-37.01202546381641, 0.9681387732400585, 34.096405578472506)
20.499999999999652 (-37.07752875284419, 0.9673981366812799, 34.14205123762114)
20.51999999999965 (-37.13025623089483, 0.9668191640045123, 34.18344782132375)
20.53999999999965 (-37.16550739441779, 0.9664323045295786, 34.212558619005605)
20.55999999999965 (-37.188420693489874, 0.9661808454013645, 34.231480672828766)
20.57999999999965 (-37.23771369562886, 0.9657457066552096, 34.26644581092326)
20.59999999999965 (-37.29426037822148, 0.9652680133238803, 34.30128565203462)
20.61999999999965 (-37.3567529642471, 0.9647566072782321, 34.33627223377488)
20.63999999999965 (-37.41473007390606, 0.9639632399253266, 34.36993134810673)
20.65999999999965 (-37.45232347307156, 0.9634404692339176, 34.39198251692791)
20.679999999999648 (-37.47675922815391, 0.9631006676500473, 34.40631580342382)
20.699999999999648 (-37.51170486634479, 0.9628893070151255, 34.42407628016424)
20.719999999999647 (-37.557744209874095, 0.9627061887073779, 34.44458969325632)
20.739999999999647 (-37.605017123834266, 0.9624912848649936, 34.46381269998619)
20.759999999999646 (-37.63717061567196, 0.9623299076525711, 34.477399856497314)
20.779999999999646 (-37.65832991489158, 0.962217358593205, 34.48651647801033)
20.799999999999645 (-37.679867642743666, 0.9620785488153069, 34.49453312416621)
20.819999999999645 (-37.706949151522146, 0.9618998985943565, 34.50261996182205)
20.839999999999645 (-37.735693692046986, 0.9617257306613115, 34.51006847580786)
20.859999999999644 (-37.762797252111426, 0.9615703437187516, 34.51611501417823)
20.879999999999644 (-37.78173883458669, 0.9614629623753442, 34.520163176782084)
20.899999999999643 (-37.79405088618384, 0.9613931643718073, 34.52279448738758)
20.919999999999643 (-37.802053734664355, 0.9613477955847988, 34.524504842474606)
20.939999999999642 (-37.807255595889245, 0.9613183058181821, 34.52561657535693)
20.959999999999642 (-37.81063681199859, 0.9612991374340915, 34.52633920307968)
20.97999999999964 (-37.81283460657326, 0.9612866779611687, 34.52680891197647)
20.99999999999964 (-37.8142631757141, 0.9612785792886477, 34.52711422332944)
21.01999999999964 (-37.815191747389434, 0.96127331514168, 34.52731267607941)
21.03999999999964 (-37.81579532010534, 0.9612698934397622, 34.527441670607736)
21.05999999999964 (-37.816187643103206, 0.9612676693293633, 34.527525517207714)
21.07999999999964 (-37.81644265352796, 0.9612662236549044, 34.527580017599455)
21.09999999999964 (-37.816608410613526, 0.9612652839647516, 34.527615442920215)
21.11999999999964 (-37.81671615292032, 0.961264673165012, 34.527638469421724)
21.139999999999638 (-37.816786185550484, 0.96126427614444, 34.52765343667564)
21.159999999999638 (-37.81683170684508, 0.9612640180805861, 34.527663165408846)
21.179999999999637 (-37.81686129574183, 0.9612638503387679, 34.52766948909723)
21.199999999999637 (-37.81688052856063, 0.9612637413063826, 34.52767359950237)
21.219999999999636 (-37.8168930299162, 0.9612636704351999, 34.5276762712707)
21.239999999999636 (-37.816901155812474, 0.9612636243688452, 34.52767800792335)
21.259999999999636 (-37.81690643765492, 0.9612635944256586, 34.52767913674969)
21.279999999999635 (-37.81690987085892, 0.961263574962551, 34.52767987048818)
21.299999999999635 (-37.816912102445684, 0.9612635623115072, 34.52768034741907)
21.319999999999634 (-37.8169135529798, 0.9612635540883135, 34.527680657424746)
21.339999999999634 (-37.81691449582874, 0.9612635487432278, 34.52768085892881)
21.359999999999634 (-37.816915108681684, 0.9612635452689154, 34.527680989906706)
21.379999999999633 (-37.81691550703684, 0.9612635430106081, 34.52768107504249)
21.399999999999633 (-37.81691576596819, 0.9612635415427059, 34.52768113038086)
21.419999999999632 (-37.81691593427388, 0.9612635405885673, 34.52768116635087)
21.439999999999632 (-37.81691604367279, 0.9612635399683763, 34.52768118973142)
21.45999999999963 (-37.85520554714388, 0.9613038981427368, 34.548601371165354)
21.47999999999963 (-37.90479169521355, 0.9613655169907506, 34.576219614628776)
21.49999999999963 (-37.93702275163845, 0.9614055693167424, 34.594171506398574)
21.51999999999963 (-37.99613889835695, 0.9614408350093104, 34.62723918259573)
21.53999999999963 (-38.07095318710401, 0.9614538373895118, 34.66424516383767)
21.55999999999963 (-38.139637218571906, 0.9614703542461925, 34.697656705607166)
21.57999999999963 (-38.1872355375735, 0.9614877062312822, 34.721061581704085)
21.59999999999963 (-38.21817450269167, 0.9614989850426497, 34.73627477957215)
21.619999999999628 (-38.26233925602345, 0.9614799568631617, 34.753959448155086)
21.639999999999628 (-38.32171607752123, 0.9614255917287772, 34.7736686487312)
21.659999999999627 (-38.38167124698012, 0.9613674633109794, 34.79231800479714)
21.679999999999627 (-38.42062578946323, 0.9613314384406446, 34.80449049435633)
21.699999999999626 (-38.44594628935397, 0.961308022231206, 34.81240262734279)
21.719999999999626 (-38.46240464501287, 0.961292801666652, 34.81754552338647)
21.739999999999625 (-38.48704834712151, 0.9612469852444586, 34.820792006222845)
21.759999999999625 (-38.51312927427888, 0.961193290168783, 34.823342462003225)
21.779999999999625 (-38.53009031562773, 0.9611582656939195, 34.824958516741404)
21.799999999999624 (-38.54803218427662, 0.9611141111547236, 34.8251976291252)
21.819999999999624 (-38.562421812049564, 0.9610759912048832, 34.82463497436614)
21.839999999999623 (-38.57636931163854, 0.9610366170304048, 34.823695363478855)
21.859999999999623 (-38.58745502482186, 0.9610037058759835, 34.82255341526321)
21.879999999999622 (-38.59800705404948, 0.9609707551498289, 34.8211404179737)
21.899999999999622 (-38.60607191291086, 0.960944544150222, 34.81966716018365)
21.91999999999962 (-38.613394709099865, 0.9609197614886623, 34.81798586559049)
21.93999999999962 (-38.61851583916227, 0.9609023533970528, 34.81677653732817)
21.95999999999962 (-38.62287872351614, 0.9608858999622808, 34.81495204126008)
21.97999999999962 (-38.62594058973586, 0.9608740538991655, 34.81351023804782)
21.99999999999962 (-38.62793080649469, 0.9608663539437637, 34.81257306421002)
22.01999999999962 (-38.62922444980332, 0.9608613489634078, 34.81196390007806)
22.03999999999962 (-38.63006531952395, 0.960858095720102, 34.81156794265299)
22.05999999999962 (-38.630611885862876, 0.960855981108005, 34.811310569846135)
22.079999999999618 (-38.63096715464651, 0.9608546066075755, 34.81114327720933)
22.099999999999618 (-38.63119807978704, 0.9608537131806284, 34.811034536792384)
22.119999999999617 (-38.631348181408654, 0.9608531324520285, 34.81096385538938)
22.139999999999617 (-38.63144574764486, 0.9608527549777336, 34.81091791239165)
22.159999999999616 (-38.63150916581681, 0.9608525096189838, 34.81088804938738)
22.179999999999616 (-38.63155038770553, 0.9608523501354987, 34.81086863839837)
22.199999999999616 (-38.631577181983246, 0.96085224647104, 34.81085602123195)
22.219999999999615 (-38.631594598296275, 0.960852179089016, 34.81084782005845)
22.239999999999615 (-38.63160591892087, 0.9608521352906186, 34.810842489285726)
22.259999999999614 (-38.631613277340605, 0.960852106821607, 34.81083902427698)
22.279999999999614 (-38.63161806032237, 0.9608520883167152, 34.81083677201709)
22.299999999999613 (-38.631621169266325, 0.9608520762885128, 34.81083530804542)
22.319999999999613 (-38.63162319008366, 0.9608520684701668, 34.81083435646206)
22.339999999999613 (-38.631624503617374, 0.9608520633882324, 34.81083373793174)
22.359999999999612 (-38.6316253574159, 0.9608520600849689, 34.81083333588628)
22.37999999999961 (-38.63162591238596, 0.9608520579378438, 34.81083307455625)
22.39999999999961 (-38.63162627311716, 0.9608520565422095, 34.8108329046914)
22.41999999999961 (-38.631626507592884, 0.9608520556350458, 34.81083279427906)
22.43999999999961 (-38.6316266600024, 0.9608520550453882, 34.81083272251089)
22.45999999999961 (-38.70269188244392, 0.9605794893944284, 34.84023947715386)
22.47999999999961 (-38.80604811581044, 0.9602546746944406, 34.879773484331)
22.49999999999961 (-38.87451944446248, 0.9600486594594194, 34.907465130766724)
22.51999999999961 (-38.91902589118571, 0.9599147493066277, 34.92546473455758)
22.53999999999961 (-38.947955135570524, 0.9598277075447944, 34.93716449886662)
22.559999999999608 (-39.00131367497558, 0.960143956254101, 35.01384015073233)
22.579999999999607 (-39.05046508932358, 0.960445868010369, 35.08126867370984)
22.599999999999607 (-39.079183651307275, 0.9606977300593703, 35.13204653549912)
22.619999999999607 (-39.11981367481327, 0.9609165251656651, 35.187279141076395)
22.639999999999606 (-39.15837891654874, 0.9610572908498989, 35.22407615748017)
22.659999999999606 (-39.18766743721166, 0.961153299016261, 35.248428145422864)
22.679999999999605 (-39.21583881201732, 0.9611004178627551, 35.26211072349413)
22.699999999999605 (-39.24129539129716, 0.9611366161734404, 35.26955703972659)
22.719999999999605 (-39.265498297567255, 0.9611341068736816, 35.27273172793669)
22.739999999999604 (-39.28834800618251, 0.9611190335638157, 35.27245711139321)
22.759999999999604 (-39.3097401802161, 0.961095450133397, 35.26965103176944)
22.779999999999603 (-39.32975952286347, 0.961065935990128, 35.26498650777475)
22.799999999999603 (-39.34828913030877, 0.9610326857090113, 35.2588705235359)
22.819999999999602 (-39.365189883483644, 0.9609976168122096, 35.2516782521314)
22.839999999999602 (-39.3804204085096, 0.96096198208661, 35.24369124530217)
22.8599999999996 (-39.39398897408753, 0.9609266038233427, 35.23517806969974)
22.8799999999996 (-39.40595414506343, 0.960892270452219, 35.22635200693525)
22.8999999999996 (-39.41638177658704, 0.9608595185821491, 35.21734320967735)
22.9199999999996 (-39.42530061902747, 0.9608287763078998, 35.208250746281735)
22.9399999999996 (-39.43272251818427, 0.9608003911217725, 35.19915292597971)
22.9599999999996 (-39.4386704881901, 0.9607745971399863, 35.190107501845134)
22.9799999999996 (-39.44318857797414, 0.9607514971568707, 35.18115060390607)
22.9999999999996 (-39.44633308259047, 0.9607311013403305, 35.17230201605215)
23.019999999999598 (-39.448162564227886, 0.9607133770099523, 35.16356746728348)
23.039999999999598 (-39.448733761803744, 0.9606982622004816, 35.154939578619086)
23.059999999999597 (-39.4481035118773, 0.9606856564313608, 35.146400720830705)
23.079999999999597 (-39.446333114632466, 0.9606754130793217, 35.13792725834506)
23.099999999999596 (-39.44349131846935, 0.9606673436085609, 35.12949345161559)
23.119999999999596 (-39.43965479053977, 0.9606612302251021, 35.12107347598638)
23.139999999999596 (-39.434905905307374, 0.9606568320424572, 35.112644341757836)
23.159999999999595 (-39.42933224720633, 0.9606539091597742, 35.104187947175504)
23.179999999999595 (-39.42302678275606, 0.9606522049354566, 35.095686055862814)
23.199999999999594 (-39.41608473494494, 0.9606514598572984, 35.08712706968793)
23.219999999999594 (-39.40860572875074, 0.9606514070016943, 35.07850125236652)
23.239999999999593 (-39.40069115811277, 0.9606517716491019, 35.06980443549529)
23.259999999999593 (-39.392443173389374, 0.9606522796207388, 35.06104106879957)
23.279999999999593 (-39.383964108929824, 0.9606526779638278, 35.05222595155802)
23.299999999999592 (-39.37535913953006, 0.9606527359279541, 35.043371763315164)
23.31999999999959 (-39.36673069672786, 0.9606521923116167, 35.034489182748906)
23.33999999999959 (-39.358172412289015, 0.960650807402593, 35.025601295032615)
23.35999999999959 (-39.34977742645515, 0.9606484027678246, 35.01672847294564)
23.37999999999959 (-39.34169635471025, 0.9606442274445193, 35.0078568426551)
23.39999999999959 (-39.33400200529291, 0.9606381862846797, 34.99905559075458)
23.41999999999959 (-39.3519489697282, 0.9605714395501116, 35.008599925453744)
23.43999999999959 (-39.402629906135886, 0.9605361105878428, 35.0610370265005)
23.45999999999959 (-39.48828245857297, 0.9605074550275017, 35.15808861319623)
23.47999999999959 (-39.56151459893722, 0.9605509961052899, 35.26319769190025)
23.499999999999588 (-39.62538129637858, 0.9605649295299811, 35.37156245103674)
23.519999999999587 (-39.6893716559633, 0.9605886577312097, 35.48523923059637)
23.539999999999587 (-39.74758121975173, 0.9605176466611383, 35.586603382784936)
23.559999999999587 (-39.80075564398442, 0.960277670523189, 35.67616566463083)
23.579999999999586 (-39.858926546272016, 0.9599630416183761, 35.750671272016554)
23.599999999999586 (-39.90203246661444, 0.9596960717119332, 35.79991273600302)
23.619999999999585 (-39.95268744168164, 0.9593997847936473, 35.84433696724668)
23.639999999999585 (-39.98984582206568, 0.9592240224172727, 35.866575421072376)
23.659999999999584 (-40.02550547319086, 0.9590480395778991, 35.87906183511584)
23.679999999999584 (-40.05406719793401, 0.9588511051413284, 35.87947141956524)
23.699999999999584 (-40.080192015123146, 0.9585606996438796, 35.87434724907012)
23.719999999999583 (-40.10440897199087, 0.9583284112202454, 35.86580009535363)
23.739999999999583 (-40.12716973705098, 0.9581379276187608, 35.855027998919674)
23.759999999999582 (-40.14863131670758, 0.957961871525489, 35.84274924195442)
23.779999999999582 (-40.168757251388534, 0.9577975533051873, 35.829302656825845)
23.79999999999958 (-40.18746356097225, 0.9576446566559143, 35.81487291148876)
23.81999999999958 (-40.20472500771962, 0.9575028848214737, 35.79974819894241)
23.83999999999958 (-40.22071698673945, 0.9573706376112536, 35.784332455751965)
23.85999999999958 (-40.23560150568143, 0.957246645458483, 35.76902917122966)
23.87999999999958 (-40.249491954233264, 0.9571999797110282, 35.75399432455)
23.89999999999958 (-40.26225414710966, 0.9570798251506607, 35.73926727577519)
23.91999999999958 (-40.273818727193095, 0.9569658363120754, 35.72497440442132)
23.93999999999958 (-40.28412190817383, 0.9568646543745456, 35.71116697313984)
23.959999999999578 (-40.29312981797798, 0.956776151209357, 35.69788255898492)
23.979999999999578 (-40.300838967446786, 0.956700041411854, 35.68517008228126)
23.999999999999577 (-40.307260046952074, 0.9566361368841863, 35.67308564545641)
24.019999999999577 (-40.31240263827643, 0.9565843272364117, 35.66166328149337)
24.039999999999576 (-40.31626949516351, 0.9565445629090013, 35.65091665898849)
24.059999999999576 (-40.31886545923866, 0.9565168507258337, 35.64084146325737)
24.079999999999576 (-40.320204704494124, 0.9565011228410872, 35.631419239945984)
24.099999999999575 (-40.32031407829952, 0.9564972003773513, 35.622623696297545)
24.119999999999575 (-40.3192329466329, 0.956504801950748, 35.61442346657876)
24.139999999999574 (-40.317010770788286, 0.9565235592218923, 35.60678214990602)
24.159999999999574 (-40.313704684891405, 0.9565530294390889, 35.59965796993525)
24.179999999999573 (-40.30937822737137, 0.9565927002850133, 35.59300431887105)
24.199999999999573 (-40.30410097813107, 0.9566419897244005, 35.5867711628744)
24.219999999999573 (-40.29794835378316, 0.9567002463572704, 35.58090670963235)
24.239999999999572 (-40.2910010521915, 0.9567667535850315, 35.5753588309287)
24.25999999999957 (-40.283344082695606, 0.9568407375956898, 35.57007608746768)
24.27999999999957 (-40.27506560842897, 0.9569213772266418, 35.56500848025879)
24.29999999999957 (-40.26625566546334, 0.9570078057736305, 35.56010877533393)
24.31999999999957 (-40.2570054366106, 0.9570991784878993, 35.555331963755435)
24.33999999999957 (-40.24740657001876, 0.957194552194741, 35.5506323088521)
24.35999999999957 (-40.2375497890708, 0.9572930214616558, 35.54597328387049)
24.37999999999957 (-40.2275264106901, 0.9573936422460725, 35.541319138068836)
24.39999999999957 (-40.21742414743382, 0.9574954856225367, 35.53664593443259)
24.41999999999957 (-40.207328260213615, 0.9575977659782797, 35.53192948570858)
24.439999999999568 (-40.22547688164333, 0.9576298313106977, 35.558341051912755)
24.459999999999567 (-40.294655288440076, 0.9571369767368451, 35.64301931033477)
24.479999999999567 (-40.38553967845135, 0.9565451392528741, 35.755354569412106)
24.499999999999567 (-40.484904141717585, 0.955534085461608, 35.88924630283194)
24.519999999999566 (-40.576760270690365, 0.9540886481442732, 36.011708412700564)
24.539999999999566 (-40.67944015064046, 0.9521240526095092, 36.13889489277048)
24.559999999999565 (-40.7712796874214, 0.9504690312711639, 36.23260378039531)
24.579999999999565 (-40.847966837254305, 0.949159121534814, 36.29838853926669)
24.599999999999564 (-40.90483049916831, 0.9481244535458357, 36.335430034112335)
24.619999999999564 (-40.96061647179427, 0.9470927941597639, 36.3647637651139)
24.639999999999564 (-40.99680335960527, 0.9463177496309766, 36.36837376124371)
24.659999999999563 (-41.02865680940213, 0.9455911702034462, 36.36747110103332)
24.679999999999563 (-41.055696943895455, 0.94486979953628, 36.36075441469113)
24.699999999999562 (-41.07941209698933, 0.944353613086417, 36.351679096254685)
24.719999999999562 (-41.10553989532491, 0.9438455933839653, 36.34259225439695)
24.73999999999956 (-41.124122766004966, 0.9434620662938717, 36.33120015014943)
24.75999999999956 (-41.14092352248209, 0.9431071003294035, 36.31640856487968)
24.77999999999956 (-41.155226000928046, 0.9428073609616519, 36.30136107064808)
24.79999999999956 (-41.16885375754084, 0.9425184310778613, 36.28417860186031)
24.81999999999956 (-41.18016856393977, 0.942273843215856, 36.26796921096916)
24.83999999999956 (-41.192315929397225, 0.942025838246806, 36.25166136323988)
24.85999999999956 (-41.20163210065345, 0.9418017892103416, 36.23337956499881)
24.87999999999956 (-41.21320005802018, 0.9415507575009501, 36.21513502289331)
24.899999999999558 (-41.22284994333102, 0.9413356294938429, 36.19880846716544)
24.919999999999558 (-41.232218565901285, 0.9411096983411059, 36.180828971592184)
24.939999999999557 (-41.24222295426893, 0.9408822378505124, 36.16410916829472)
24.959999999999557 (-41.25040412327333, 0.9406825110441525, 36.14794104816398)
24.979999999999556 (-41.259956616810534, 0.9404582569661465, 36.13168931271712)
24.999999999999556 (-41.26777388283722, 0.9402559373357939, 36.116068425537485)
25.019999999999555 (-41.275194413236925, 0.9400522973105321, 36.09971480842913)
25.039999999999555 (-41.282577892032236, 0.9398664868963227, 36.08634112701835)
25.059999999999555 (-41.28765378111625, 0.9396932388429053, 36.07147600040127)
25.079999999999554 (-41.29483212915332, 0.9395000546435383, 36.05751718840242)
25.099999999999554 (-41.29961854126006, 0.9393731713426589, 36.04850225662182)
25.119999999999553 (-41.30360524202146, 0.9392310152267984, 36.035600895852845)
25.139999999999553 (-41.30862367733011, 0.9390910732865542, 36.025539195419896)
25.159999999999553 (-41.312751189490186, 0.9389844264667553, 36.0189515677105)
25.179999999999552 (-41.31461093944572, 0.9388767476735473, 36.00853170932101)
25.19999999999955 (-41.3186897414517, 0.9387494538110946, 36.000103171342644)
25.21999999999955 (-41.32146368219342, 0.9386654248053167, 35.994681307788866)
25.23999999999955 (-41.32326674704209, 0.9386108058495802, 35.99115708989872)
25.25999999999955 (-41.32603792409595, 0.9385060738347685, 35.983711962199514)
25.27999999999955 (-41.32795697966129, 0.9384369838442456, 35.978926616070275)
25.29999999999955 (-41.32920436810779, 0.9383920752665552, 35.975816135278585)
25.31999999999955 (-41.33001517211191, 0.938362884636554, 35.973794318989)
25.33999999999955 (-41.330542195698605, 0.9383439106916264, 35.972480135947016)
25.35999999999955 (-41.33088476166956, 0.9383315776043958, 35.971625915374766)
25.379999999999548 (-41.331107429966444, 0.938323561082728, 35.97107067096609)
25.399999999999547 (-41.329272966914374, 0.9383575264656352, 35.96958496244968)
25.419999999999547 (-41.320507354136005, 0.9384706527516449, 35.962065773974)
25.439999999999547 (-41.30963732023555, 0.9386146372171956, 35.95624198568067)
25.459999999999546 (-41.30252751008324, 0.9387095798231012, 35.95253102682478)
25.479999999999546 (-41.2938197479127, 0.938789065895503, 35.9457004113875)
25.499999999999545 (-41.28272474886809, 0.938910880148439, 35.9402160747314)
25.519999999999545 (-41.27546866629264, 0.938991443217773, 35.93672444121298)
25.539999999999544 (-41.266689661017786, 0.9390559108244161, 35.92990458328327)
25.559999999999544 (-41.255601102426915, 0.9391643844854612, 35.92429304451564)
25.579999999999544 (-41.2483523900867, 0.9392361970772695, 35.92071217726819)
25.599999999999543 (-41.240066994557, 0.939287469954738, 35.9139707225657)
25.619999999999543 (-41.229335852556744, 0.939385196552708, 35.908261546565974)
25.639999999999542 (-41.22231980128464, 0.9394500318274042, 35.904615500912946)
25.659999999999542 (-41.21448685061141, 0.9395002798708176, 35.898623323330455)
25.67999999999954 (-41.2036408395847, 0.9395954266387014, 35.892637604903264)
25.69999999999954 (-41.196549506220784, 0.9396586151995705, 35.88881179052732)
25.71999999999954 (-41.189570513783714, 0.9397003295263047, 35.88327855835123)
25.73999999999954 (-41.17956388796306, 0.9397876461843117, 35.87772411353867)
25.75999999999954 (-41.17301764700181, 0.9398457905830039, 35.87417861673992)
25.77999999999954 (-41.165972506601484, 0.939886867152464, 35.868530541122446)
25.79999999999954 (-41.15586742790336, 0.9399741414437321, 35.86280130588356)
25.81999999999954 (-41.1492591597256, 0.9400322054951129, 35.85913852403633)
25.839999999999538 (-41.14330504374821, 0.9400728178949522, 35.85486161451144)
25.859999999999538 (-41.132833342157646, 0.9401617057176399, 35.8487152389782)
25.879999999999537 (-41.12598658940271, 0.940220823686859, 35.844781122277226)
25.899999999999537 (-41.12153619180253, 0.9402592504385991, 35.842223941647006)
25.919999999999536 (-41.1114040737267, 0.9403333668198605, 35.835281741560934)
25.939999999999536 (-41.1047788288696, 0.9403829508002123, 35.830828893041726)
25.959999999999535 (-41.10047241167183, 0.9404151804476178, 35.8279345361001)
25.979999999999535 (-41.09371445380216, 0.9404629109683996, 35.82315250327492)
25.999999999999535 (-41.08845254480976, 0.9405002068305272, 35.819433123277555)
26.019999999999534 (-41.0838976760879, 0.9405216915245391, 35.81536952634501)
26.039999999999534 (-41.07588771075201, 0.9405843521965913, 35.81013768859513)
26.059999999999533 (-41.070639106279614, 0.940626573043569, 35.80680105495325)
26.079999999999533 (-41.067864529169725, 0.9405152476359846, 35.796681582863926)
26.099999999999532 (-41.067460032419135, 0.9404071194615773, 35.78932786536429)
26.119999999999532 (-41.06523867038853, 0.9403498997980855, 35.782887255413605)
26.13999999999953 (-41.06168177866036, 0.9402929263373333, 35.77462758784796)
26.15999999999953 (-41.058843906665665, 0.9402277507497433, 35.767415131455394)
26.17999999999953 (-41.0570536382402, 0.9401737746916222, 35.76197443244603)
26.19999999999953 (-41.052635963289895, 0.9400517389273897, 35.747130579160256)
26.21999999999953 (-41.049558122479105, 0.9399670714210979, 35.73686141658564)
26.23999999999953 (-41.047557522216714, 0.9399120374392529, 35.7301864484491)
26.25999999999953 (-41.04625712961816, 0.9398762652842623, 35.725847711059345)
26.27999999999953 (-41.03881729825833, 0.9398975648425785, 35.71858097940142)
26.299999999999528 (-41.034565921545976, 0.9398994493104205, 35.7137220014965)
26.319999999999528 (-41.03184556917183, 0.9398196414789273, 35.7050167424965)
26.339999999999527 (-41.03087100817645, 0.9397334991779898, 35.69806594592587)
26.359999999999527 (-41.02772038431282, 0.9396942739108735, 35.69166360057626)
26.379999999999526 (-41.02369076792858, 0.939660432992208, 35.68451055154314)
26.399999999999526 (-41.01947767731488, 0.9396421102088255, 35.67872577859066)
26.419999999999526 (-41.01684910335261, 0.939615265072543, 35.674096021543285)
26.439999999999525 (-41.01177230894809, 0.939508896292365, 35.659985028029084)
26.459999999999525 (-41.00826093206306, 0.9394341500249517, 35.65019540296639)
26.479999999999524 (-41.005978532826255, 0.9393855648604184, 35.64383213479458)
26.499999999999524 (-41.00449497055232, 0.9393539844445067, 35.6396960027602)
26.519999999999524 (-40.996004802995415, 0.9393913607217751, 35.632219698453696)
26.539999999999523 (-40.990443984996105, 0.9394174301986798, 35.627427323756194)
26.559999999999523 (-40.9868818788713, 0.9394052499557031, 35.62249684237377)
26.579999999999522 (-40.98576270401128, 0.9393227234652527, 35.61591908052869)
26.599999999999522 (-40.98227354732971, 0.9392894778841995, 35.609685724490205)
26.61999999999952 (-40.97812422113318, 0.9392580240702166, 35.602740970730096)
26.63999999999952 (-40.971313973226245, 0.9392900046914627, 35.59682118266698)
26.65999999999952 (-40.968437825710325, 0.9392765948157322, 35.59250469628097)
26.67999999999952 (-40.96552478686635, 0.9392144716991402, 35.58508981265889)
26.69999999999952 (-40.960764550369746, 0.9392088816469671, 35.579674883646526)
26.71999999999952 (-40.95763853458015, 0.9391998373182452, 35.575742851332954)
26.73999999999952 (-40.95220784424926, 0.939099962013862, 35.562305113380916)
26.75999999999952 (-40.94846206025669, 0.9390290421209646, 35.552954797142746)
26.779999999999518 (-40.946027296115474, 0.9389829441045103, 35.54687708024005)
26.799999999999518 (-40.94444469646878, 0.9389529803378687, 35.54292655687715)
26.819999999999517 (-40.93572028780461, 0.9389977506393536, 35.53568068420353)
26.839999999999517 (-40.93000785245321, 0.9390287275069145, 35.53103806770022)
26.859999999999516 (-40.92629476254198, 0.9390488625084237, 35.528020361338605)
26.879999999999516 (-40.92291813886584, 0.9390284632936655, 35.52303753949061)
26.899999999999515 (-40.91969573690113, 0.9390181180026514, 35.5188047045072)
26.919999999999515 (-40.914945380277544, 0.9389905789367197, 35.511674095553225)
26.939999999999515 (-40.9101954869355, 0.938997274463354, 35.50708340758609)
26.959999999999514 (-40.90701009115424, 0.9389952066381416, 35.50362992959266)
26.979999999999514 (-40.90148583068119, 0.9388955490396788, 35.490597536063774)
26.999999999999513 (-40.89767692509522, 0.9388244742956388, 35.48151210511955)
27.019999999999513 (-40.89520113184172, 0.9387782756257536, 35.47560656397937)
27.039999999999512 (-40.893591863222234, 0.9387482464342597, 35.47176795507107)
27.059999999999512 (-40.88505978743364, 0.9387944758593924, 35.46484274766976)
27.07999999999951 (-40.87947269881999, 0.938826481210011, 35.4604085876976)
27.09999999999951 (-40.87584108444042, 0.9388472847267558, 35.45752637833422)
27.11999999999951 (-40.871327287312404, 0.9388789678688421, 35.454265530003845)
27.13999999999951 (-40.86751673502022, 0.9389001653361507, 35.451188957635026)
27.15999999999951 (-40.86372706085023, 0.9388107660169085, 35.44177626139776)
27.17999999999951 (-40.86037051147559, 0.9386802990152654, 35.430425531798846)
27.19999999999951 (-40.858188750308436, 0.9385954953058577, 35.423047543783866)
27.21999999999951 (-40.85677060290191, 0.9385403727918218, 35.418251842619924)
27.239999999999508 (-40.84948157583002, 0.9385531136568053, 35.41073707523554)
27.259999999999508 (-40.844702782101585, 0.9385633992078157, 35.40591960015859)
27.279999999999507 (-40.84159656037837, 0.9385700848284555, 35.4027882355119)
27.299999999999507 (-40.83586954772678, 0.9386023546368087, 35.39813209420221)
27.319999999999506 (-40.8313294719027, 0.9386301293063464, 35.39456100684366)
27.339999999999506 (-40.82725598712615, 0.9386440220758816, 35.390725482077585)
27.359999999999506 (-40.819746188690566, 0.9387134183723496, 35.38611779765386)
27.379999999999505 (-40.814823132882786, 0.9387605541672781, 35.383191404506896)
27.399999999999505 (-40.811514736462584, 0.9387616330435301, 35.379567796435005)
27.419999999999504 (-40.80668032864215, 0.9386978574017534, 35.370654484999)
27.439999999999504 (-40.80349756649178, 0.9386584038945308, 35.364927414554195)
27.459999999999503 (-40.80142876723132, 0.9386327590669542, 35.36120481181448)
27.479999999999503 (-40.79360397004705, 0.9386530605550838, 35.353519147389356)
27.499999999999503 (-40.7884773161526, 0.9386683272731855, 35.34859036750438)
27.519999999999502 (-40.78514498489931, 0.9386782506584799, 35.3453866545974)
27.5399999999995 (-40.78121913047389, 0.938697605665678, 35.34204096367957)
27.5599999999995 (-40.77752002579303, 0.9387188479561566, 35.33905077376868)
27.5799999999995 (-40.77268881310268, 0.9387114417088346, 35.333215242617506)
27.5999999999995 (-40.76671369735878, 0.9387460293204517, 35.32844473599678)
27.6199999999995 (-40.7636589873362, 0.938748224495267, 35.32518366830868)
27.6399999999995 (-40.759594635828286, 0.9386795580546484, 35.31700649876983)
27.6599999999995 (-40.7555974531141, 0.9385593599714676, 35.30616315370092)
27.6799999999995 (-40.752999279498745, 0.9384812310715228, 35.29911496624622)
27.6999999999995 (-40.75131046349552, 0.9384304471917387, 35.29453363584672)
27.719999999999498 (-40.74640048106007, 0.9384334918175865, 35.2892841366224)
27.739999999999498 (-40.74236883635671, 0.9384440808064709, 35.28540330774854)
27.759999999999497 (-40.73866929752138, 0.9384447834600826, 35.281359074102966)
27.779999999999497 (-40.73158493192312, 0.9385035142180116, 35.27660984897544)
27.799999999999496 (-40.72693871317105, 0.9385438445780632, 35.273591580500536)
27.819999999999496 (-40.723918665343376, 0.9385700593610431, 35.27162970232878)
27.839999999999495 (-40.71553786754975, 0.938645296328054, 35.26628966807187)
27.859999999999495 (-40.71004966672054, 0.9386963976028604, 35.26288628585713)
27.879999999999495 (-40.70648232952086, 0.9387296134935028, 35.260674083287064)
27.899999999999494 (-40.703653273919414, 0.9386745737082874, 35.25490648947418)
27.919999999999494 (-40.70107080075083, 0.9386492802055587, 35.25086348832086)
27.939999999999493 (-40.696888760574296, 0.9386028232144905, 35.243944917135636)
27.959999999999493 (-40.690543239767855, 0.9386400419987567, 35.23894268939505)
27.979999999999492 (-40.686377344815604, 0.9386664590363661, 35.23576006928288)
27.999999999999492 (-40.68366950804076, 0.938683630142873, 35.23369136234742)
28.01999999999949 (-40.67603749804729, 0.9387387156438132, 35.22814407982285)
28.03999999999949 (-40.67198173060018, 0.938763286925093, 35.22494868409843)
28.05999999999949 (-40.66739917897578, 0.9387376801806738, 35.21869786243434)
28.07999999999949 (-40.665157763398234, 0.9386906014923843, 35.21400594459095)
28.09999999999949 (-40.662577078653165, 0.9386690587417977, 35.210177209322566)
28.11999999999949 (-40.658263460370534, 0.9386326521740447, 35.20370060756807)
28.13999999999949 (-40.65183458218505, 0.9386806072203755, 35.19914372094123)
28.15999999999949 (-40.64761458474488, 0.9387140529537423, 35.19625064412795)
28.179999999999488 (-40.64472431055706, 0.9387089669045394, 35.1929001079141)
28.199999999999488 (-40.63957993992903, 0.9386468152622512, 35.18431225663)
28.219999999999487 (-40.63619619852786, 0.9386086397643884, 35.17879689726906)
28.239999999999487 (-40.633996762510485, 0.9385838256444464, 35.1752119069908)
28.259999999999486 (-40.62872370231169, 0.9385903417811484, 35.16983489486736)
28.279999999999486 (-40.624449867688256, 0.9386003086067009, 35.16570250454733)
28.299999999999486 (-40.62167186999615, 0.9386067870554059, 35.16301644582409)
28.319999999999485 (-40.61484265723618, 0.9386445079067337, 35.157480661598406)
28.339999999999485 (-40.610363468919616, 0.938671329450378, 35.15394976733426)
28.359999999999484 (-40.60745199107774, 0.9386887634862987, 35.15165468177732)
28.379999999999484 (-40.60160489246353, 0.9387369385473561, 35.14768242447943)
28.399999999999483 (-40.59693346894018, 0.9387770941566889, 35.144586485909315)
28.419999999999483 (-40.59383569183329, 0.9387727332774807, 35.14107939751304)
28.439999999999483 (-40.58985154061168, 0.9387867974843075, 35.13787964442317)
28.459999999999482 (-40.58666612374875, 0.9388118924546818, 35.13589355224217)
28.47999999999948 (-40.5812108135288, 0.9387048161628601, 35.12443611216178)
28.49999999999948 (-40.57743809784856, 0.9386270648304974, 35.11637648450854)
28.51999999999948 (-40.5749858280777, 0.9385765263700995, 35.11113771675246)
28.53999999999948 (-40.573391849750465, 0.9385436763095055, 35.10773251135304)
28.55999999999948 (-40.567992876557916, 0.9385733676697012, 35.10344239842169)
28.57999999999948 (-40.56352410899603, 0.938604614529599, 35.1002276418113)
28.59999999999948 (-40.56061940465735, 0.9386249250264549, 35.09813804611298)
28.61999999999948 (-40.55364674306819, 0.9386787824504866, 35.0932773736297)
28.63999999999948 (-40.549074466728264, 0.9387161677322716, 35.09018525016973)
28.659999999999478 (-40.54610248155823, 0.9387404682108041, 35.08817536616804)
28.679999999999477 (-40.54041878254182, 0.9387941451171938, 35.08463306473619)
28.699999999999477 (-40.5358974683337, 0.9388381341116395, 35.081869708029366)
28.719999999999477 (-40.53295860861118, 0.9388667270114158, 35.080073522816214)
28.739999999999476 (-40.52838859325967, 0.9388798526664585, 35.076393052568044)
28.759999999999476 (-40.525362191447755, 0.938902872428223, 35.07454607673213)
28.779999999999475 (-40.520010657565734, 0.9387928487553929, 35.06335492673301)
28.799999999999475 (-40.51630500613487, 0.9387129013926909, 35.055469868611766)
28.819999999999474 (-40.513896328207494, 0.9386609355099074, 35.05034457126334)
28.839999999999474 (-40.51233068463142, 0.9386271576230305, 35.04701312176661)
28.859999999999474 (-40.5074270451838, 0.9386527517868237, 35.04308787242304)
28.879999999999473 (-40.50338362308274, 0.9386806004375305, 35.0401789445576)
28.899999999999473 (-40.5007553938098, 0.9386987020942881, 35.0382881379147)
28.919999999999472 (-40.49292888587007, 0.9387630493521558, 35.03296543167665)
28.939999999999472 (-40.48780173327219, 0.9388073288984512, 35.029572998204465)
28.95999999999947 (-40.484469077861064, 0.9388361106572826, 35.02736791233037)
28.97999999999947 (-40.48172758749157, 0.9388610843670884, 35.02561302676626)
28.99999999999947 (-40.47807484140132, 0.9388950913907228, 35.02328203496932)
29.01999999999947 (-40.47373480314854, 0.9389041176016715, 35.019088043384976)
29.03999999999947 (-40.46710031572747, 0.9389834122329768, 35.01563393514933)
29.05999999999947 (-40.46274711199437, 0.9390374395364496, 35.013457688624435)
29.07999999999947 (-40.459414029913674, 0.9390014142227844, 35.00847847748693)
29.09999999999947 (-40.45712458567257, 0.9389524079695053, 35.00405399072028)
29.119999999999468 (-40.45474200072106, 0.9389311134871021, 35.00067619762939)
29.139999999999468 (-40.45106316596193, 0.9388989736280074, 34.995411864570364)
29.159999999999467 (-40.44494701172115, 0.9389426521592079, 34.99094699287287)
29.179999999999467 (-40.440930770018916, 0.9389735497601848, 34.98811379066678)
29.199999999999466 (-40.43832020803821, 0.9389936332383182, 34.98627220579434)
29.219999999999466 (-40.431732931211705, 0.9390419136906916, 34.98148151096874)
29.239999999999466 (-40.427451193279914, 0.9390732960433295, 34.978367553517934)
29.259999999999465 (-40.424418380295336, 0.9390696429396242, 34.97504768914184)
29.279999999999465 (-40.42196017490731, 0.9390203675717489, 34.970362981455374)
29.299999999999464 (-40.420362338421725, 0.9389883385228274, 34.96731791577364)
29.319999999999464 (-40.417241978056786, 0.9389083345310183, 34.96054064589532)
29.339999999999463 (-40.41195584275698, 0.9389224168335696, 34.95561972941034)
29.359999999999463 (-40.40847918637971, 0.9389341168087791, 34.95249012514493)
29.379999999999463 (-40.40621935551508, 0.9389417218068651, 34.950455878574196)
29.399999999999462 (-40.39937114619034, 0.9389927712953805, 34.94548189629366)
29.41999999999946 (-40.39487993005233, 0.9390285015949951, 34.942316502976624)
29.43999999999946 (-40.39196063411192, 0.9390517263331082, 34.940258993478906)
29.45999999999946 (-40.3884467480983, 0.9390839792903131, 34.93797274429382)
29.47999999999946 (-40.38510858877943, 0.9391164194722391, 34.93587589593266)
29.49999999999946 (-40.38114122932389, 0.9391202305733031, 34.931876899031764)
29.51999999999946 (-40.37488829354909, 0.9391957000431858, 34.928588748338285)
29.53999999999946 (-40.37078318373874, 0.9392473359171943, 34.92652062843655)
29.55999999999946 (-40.3676847883766, 0.9392156414207571, 34.92194792236122)
29.57999999999946 (-40.3654922449354, 0.9391679704600142, 34.91769721339894)
29.599999999999458 (-40.36315030194975, 0.9391480277845499, 34.91443698772865)
29.619999999999457 (-40.359730946610114, 0.9391133552387179, 34.90940354034892)
29.639999999999457 (-40.35391944532508, 0.9391561538214467, 34.90519304693895)
29.659999999999457 (-40.3501013460939, 0.9391865691443021, 34.90252535269731)
29.679999999999456 (-40.34761957695985, 0.9392063391410715, 34.90079134820262)
29.699999999999456 (-40.34127137855, 0.9392533777627466, 34.89618797323227)
29.719999999999455 (-40.337145041879175, 0.9392839529239233, 34.89319577391471)
29.739999999999455 (-40.33446291803528, 0.939303826815795, 34.89125084072687)
29.759999999999454 (-40.33199054936322, 0.9392615016295071, 34.886963851342244)
29.779999999999454 (-40.32981617102599, 0.939243895565805, 34.88400461066371)
29.799999999999454 (-40.32640012673221, 0.9392125134113607, 34.87914637790493)
29.819999999999453 (-40.320575417862216, 0.9392593723844506, 34.87508983913325)
29.839999999999453 (-40.31674877822539, 0.9392924562880095, 34.87252225374597)
29.859999999999452 (-40.31426145781728, 0.9393139608654749, 34.87085332012812)
29.879999999999452 (-40.30879152652742, 0.9393695013854946, 34.86751138175924)
29.89999999999945 (-40.30438737099454, 0.9394155786891516, 34.86487371672317)
29.91999999999945 (-40.30148582924878, 0.9394119165249212, 34.86172813913166)
29.93999999999945 (-40.29942639392137, 0.939353006454314, 34.8571631473968)
29.95999999999945 (-40.29674490110474, 0.9393383674071528, 34.85378266273356)
29.97999999999945 (-40.29384065495531, 0.9393198730885798, 34.85000761244699)
29.99999999999945 (-40.28764941153815, 0.939368492884952, 34.84562358546371)
