0.0 (0.0, 1.0, 0.0)
0.02 (0.0032, 1.0, 0.0)
0.04 (0.0095552, 1.0, 0.0)
0.06 (0.0190214272, 1.0, 0.0)
0.08 (0.0315551272192, 1.0, 0.0)
0.1 (0.047113355438131214, 1.0, 0.0)
0.12000000000000001 (0.06565376846199739, 1.0, 0.0)
0.14 (0.08713461570352943, 1.0, 0.0)
0.16 (0.11151473108368004, 1.0, 0.0)
0.18 (0.13875352484850853, 1.0, 0.0)
0.19999999999999998 (0.16881097550062937, 1.0, 0.0)
0.21999999999999997 (0.2016476218436206, 1.0, 0.0)
0.23999999999999996 (0.2372245551378099, 1.0, 0.0)
0.25999999999999995 (0.2755034113658806, 1.0, 0.0)
0.27999999999999997 (0.3164463636067583, 1.0, 0.0)
0.3 (0.36001611451626375, 1.0, 0.0)
0.32 (0.4061758889130361, 1.0, 0.0)
0.34 (0.45488942646825353, 1.0, 0.0)
0.36000000000000004 (0.506120974497698, 1.0, 0.0)
0.38000000000000006 (0.5598352808547304, 1.0, 0.0)
0.4000000000000001 (0.6159975869227641, 1.0, 0.0)
0.4200000000000001 (0.6745736207058453, 1.0, 0.0)
0.4400000000000001 (0.7355295900159635, 1.0, 0.0)
0.46000000000000013 (0.79883217575574, 1.0, 0.0)
0.48000000000000015 (0.8644485252951595, 1.0, 0.0)
0.5000000000000001 (0.9323462459410272, 1.0, 0.0)
0.5200000000000001 (1.002493398497853, 1.0, 0.0)
0.5400000000000001 (1.0748584909188834, 1.0, 0.0)
0.5600000000000002 (1.149410472046019, 1.0, 0.0)
0.5800000000000002 (1.2261187254373749, 1.0, 0.0)
0.6000000000000002 (1.3049530632812518, 1.0, 0.0)
0.6200000000000002 (1.385883720395314, 1.0, 0.0)
0.6400000000000002 (1.46888134830978, 1.0, 0.0)
0.6600000000000003 (1.553917009433443, 1.0, 0.0)
0.6800000000000003 (1.6409621713013751, 1.0, 0.0)
0.7000000000000003 (1.7299887009031558, 1.0, 0.0)
0.7200000000000003 (1.8209688590905115, 1.0, 0.0)
0.7400000000000003 (1.9138752950632443, 1.0, 0.0)
0.7600000000000003 (2.008681040932359, 1.0, 0.0)
0.7800000000000004 (2.1053595063593065, 1.0, 0.0)
0.8000000000000004 (2.2038844732702767, 1.0, 0.0)
0.8200000000000004 (2.3042300906444932, 1.0, 0.0)
0.8400000000000004 (2.40637086937547, 1.0, 0.0)
0.8600000000000004 (2.5102816772042136, 1.0, 0.0)
0.8800000000000004 (2.6159377337233547, 1.0, 0.0)
0.9000000000000005 (2.723314605451227, 1.0, 0.0)
0.9200000000000005 (2.8323882009749095, 1.0, 0.0)
0.9400000000000005 (2.9431347661612612, 1.0, 0.0)
0.9600000000000005 (3.055530879435004, 1.0, 0.0)
0.9800000000000005 (3.1695534471229134, 1.0, 0.0)
1.0000000000000004 (3.2851796988631925, 1.0, 0.0)
1.0200000000000005 (3.4023871830791084, 1.0, 0.0)
1.0400000000000005 (3.5211537625160005, 1.0, 0.0)
1.0600000000000005 (3.641457609840776, 1.0, 0.0)
1.0800000000000005 (3.763277203303005, 1.0, 0.0)
1.1000000000000005 (3.8865913224567628, 1.0, 0.0)
1.1200000000000006 (4.011379043942368, 1.0, 0.0)
1.1400000000000006 (4.137619737327176, 1.0, 0.0)
1.1600000000000006 (4.265293061004597, 1.0, 0.0)
1.1800000000000006 (4.394378958150531, 1.0, 0.0)
1.2000000000000006 (4.524857652736424, 1.0, 0.0)
1.2200000000000006 (4.656709645598115, 1.0, 0.0)
1.2400000000000007 (4.789915710559741, 1.0, 0.0)
1.2600000000000007 (4.924456890611905, 1.0, 0.0)
1.2800000000000007 (5.06031449414334, 1.0, 0.0)
1.3000000000000007 (5.197470091225332, 1.0, 0.0)
1.3200000000000007 (5.335905509948178, 1.0, 0.0)
1.3400000000000007 (5.475602832808905, 1.0, 0.0)
1.3600000000000008 (5.61654439314958, 1.0, 0.0)
1.3800000000000008 (5.758712771645486, 1.0, 0.0)
1.4000000000000008 (5.902090792842449, 1.0, 0.0)
1.4200000000000008 (6.046661521742655, 1.0, 0.0)
1.4400000000000008 (6.192408260438258, 1.0, 0.0)
1.4600000000000009 (6.339314544792122, 1.0, 0.0)
1.4800000000000009 (6.487364141165033, 1.0, 0.0)
1.5000000000000009 (6.636541043188723, 1.0, 0.0)
1.520000000000001 (6.786829468584083, 1.0, 0.0)
1.540000000000001 (6.938213856023905, 1.0, 0.0)
1.560000000000001 (7.090678862039569, 1.0, 0.0)
1.580000000000001 (7.244209357971014, 1.0, 0.0)
1.600000000000001 (7.398790426959421, 1.0, 0.0)
1.620000000000001 (7.554407360981989, 1.0, 0.0)
1.640000000000001 (7.71104565792824, 1.0, 0.0)
1.660000000000001 (7.868691018717245, 1.0, 0.0)
1.680000000000001 (8.027329344455202, 1.0, 0.0)
1.700000000000001 (8.186946733632828, 1.0, 0.0)
1.720000000000001 (8.347529479361965, 1.0, 0.0)
1.740000000000001 (8.509064066650899, 1.0, 0.0)
1.7600000000000011 (8.671537169717785, 1.0, 0.0)
1.7800000000000011 (8.834935649341736, 1.0, 0.0)
1.8000000000000012 (8.99924655025095, 1.0, 0.0)
1.8200000000000012 (9.164457098547436, 1.0, 0.0)
1.8400000000000012 (9.330554699167768, 1.0, 0.0)
1.8600000000000012 (9.497526933379417, 1.0, 0.0)
1.8800000000000012 (9.665361556312105, 1.0, 0.0)
1.9000000000000012 (9.834046494523738, 1.0, 0.0)
1.9200000000000013 (10.003569843600408, 1.0, 0.0)
1.9400000000000013 (10.173919865790003, 1.0, 0.0)
1.9600000000000013 (10.345084987668946, 1.0, 0.0)
1.9800000000000013 (10.517053797841582, 1.0, 0.0)
2.0000000000000013 (10.689815044671802, 1.0, 0.0)
2.0200000000000014 (10.8633576340464, 1.0, 0.0)
2.0400000000000014 (11.037670627169751, 1.0, 0.0)
2.0600000000000014 (11.212743238389377, 1.0, 0.0)
2.0800000000000014 (11.388564833051928, 1.0, 0.0)
2.1000000000000014 (11.565124925389204, 1.0, 0.0)
2.1200000000000014 (11.742413176433756, 1.0, 0.0)
2.1400000000000015 (11.920419391963682, 1.0, 0.0)
2.1600000000000015 (12.099133520476192, 1.0, 0.0)
2.1800000000000015 (12.278545651189523, 1.0, 0.0)
2.2000000000000015 (12.458646012072867, 1.0, 0.0)
2.2200000000000015 (12.639424967903848, 1.0, 0.0)
2.2400000000000015 (12.820873018353195, 1.0, 0.0)
2.2600000000000016 (13.002980796096251, 1.0, 0.0)
2.2800000000000016 (13.185739064950907, 1.0, 0.0)
2.3000000000000016 (13.369138718041595, 1.0, 0.0)
2.3200000000000016 (13.553170775989015, 1.0, 0.0)
2.3400000000000016 (13.737826385125166, 1.0, 0.0)
2.3600000000000017 (13.923096815733414, 1.0, 0.0)
2.3800000000000017 (14.10897346031315, 1.0, 0.0)
2.4000000000000017 (14.295447831868769, 1.0, 0.0)
2.4200000000000017 (14.482511562222603, 1.0, 0.0)
2.4400000000000017 (14.670156400351486, 1.0, 0.0)
2.4600000000000017 (14.858374210746566, 1.0, 0.0)
2.4800000000000018 (15.047156971796111, 1.0, 0.0)
2.5000000000000018 (15.236496774190966, 1.0, 0.0)
2.520000000000002 (15.426385819352296, 1.0, 0.0)
2.540000000000002 (15.616816417881365, 1.0, 0.0)
2.560000000000002 (15.807780988031025, 1.0, 0.0)
2.580000000000002 (15.99927205419859, 1.0, 0.0)
2.600000000000002 (16.19128224543981, 1.0, 0.0)
2.620000000000002 (16.383804294003657, 1.0, 0.0)
2.640000000000002 (16.576831033887604, 1.0, 0.0)
2.660000000000002 (16.77035539941318, 1.0, 0.0)
2.680000000000002 (16.964370423821396, 1.0, 0.0)
2.700000000000002 (17.158869237887902, 1.0, 0.0)
2.720000000000002 (17.353845068557465, 1.0, 0.0)
2.740000000000002 (17.54929123759766, 1.0, 0.0)
2.760000000000002 (17.745201160271296, 1.0, 0.0)
2.780000000000002 (17.941568344027505, 1.0, 0.0)
2.800000000000002 (18.138386387211117, 1.0, 0.0)
2.820000000000002 (18.33564897779016, 1.0, 0.0)
2.840000000000002 (18.533349892101104, 1.0, 0.0)
2.860000000000002 (18.73148299361168, 1.0, 0.0)
2.880000000000002 (18.930042231701112, 1.0, 0.0)
2.900000000000002 (19.1290216404573, 1.0, 0.0)
2.920000000000002 (19.3284153374909, 1.0, 0.0)
2.940000000000002 (19.52821752276603, 1.0, 0.0)
2.960000000000002 (19.728422477447314, 1.0, 0.0)
2.980000000000002 (19.92902456276305, 1.0, 0.0)
3.000000000000002 (20.130018218884363, 1.0, 0.0)
3.0200000000000022 (20.331397963819985, 1.0, 0.0)
3.0400000000000023 (20.533158392326502, 1.0, 0.0)
3.0600000000000023 (20.73529417483393, 1.0, 0.0)
3.0800000000000023 (20.937800056386255, 1.0, 0.0)
3.1000000000000023 (21.14067085559684, 1.0, 0.0)
3.1200000000000023 (21.343901463618483, 1.0, 0.0)
3.1400000000000023 (21.547486843127817, 1.0, 0.0)
3.1600000000000024 (21.75142202732403, 1.0, 0.0)
3.1800000000000024 (21.955702118941492, 1.0, 0.0)
3.2000000000000024 (22.160322289276312, 1.0, 0.0)
3.2200000000000024 (22.365277777226442, 1.0, 0.0)
3.2400000000000024 (22.570563888345266, 1.0, 0.0)
3.2600000000000025 (22.776175993908428, 1.0, 0.0)
3.2800000000000025 (22.98210952999371, 1.0, 0.0)
3.3000000000000025 (23.188359996573798, 1.0, 0.0)
3.3200000000000025 (23.39492295662176, 1.0, 0.0)
3.3400000000000025 (23.60179403522905, 1.0, 0.0)
3.3600000000000025 (23.808968918735847, 1.0, 0.0)
3.3800000000000026 (24.016443353873544, 1.0, 0.0)
3.4000000000000026 (24.224213146919315, 1.0, 0.0)
3.4200000000000026 (24.432274162862445, 1.0, 0.0)
3.4400000000000026 (24.64062232458237, 1.0, 0.0)
3.4600000000000026 (24.849253612038215, 1.0, 0.0)
3.4800000000000026 (25.058164061469686, 1.0, 0.0)
3.5000000000000027 (25.26734976460911, 1.0, 0.0)
3.5200000000000027 (25.47680686790459, 1.0, 0.0)
3.5400000000000027 (25.68653157175392, 1.0, 0.0)
3.5600000000000027 (25.896520129749366, 1.0, 0.0)
3.5800000000000027 (26.106768847932873, 1.0, 0.0)
3.6000000000000028 (26.31727408406181, 1.0, 0.0)
3.6200000000000028 (26.52803224688495, 1.0, 0.0)
3.640000000000003 (26.739039795428557, 1.0, 0.0)
3.660000000000003 (26.950293238292563, 1.0, 0.0)
3.680000000000003 (27.16178913295646, 1.0, 0.0)
3.700000000000003 (27.373524085095074, 1.0, 0.0)
3.720000000000003 (27.58549474790374, 1.0, 0.0)
3.740000000000003 (27.797697821433093, 1.0, 0.0)
3.760000000000003 (28.010130051933036, 1.0, 0.0)
3.780000000000003 (28.22278823120597, 1.0, 0.0)
3.800000000000003 (28.435669195969087, 1.0, 0.0)
3.820000000000003 (28.648769827225525, 1.0, 0.0)
3.840000000000003 (28.862087049644362, 1.0, 0.0)
3.860000000000003 (29.075617830949344, 1.0, 0.0)
3.880000000000003 (29.289359181316048, 1.0, 0.0)
3.900000000000003 (29.503308152777624, 1.0, 0.0)
3.920000000000003 (29.717461838638744, 1.0, 0.0)
3.940000000000003 (29.9318173728978, 1.0, 0.0)
3.960000000000003 (30.146371929677233, 1.0, 0.0)
3.980000000000003 (30.36112272266175, 1.0, 0.0)
4.000000000000003 (30.576067004544488, 1.0, 0.0)
4.020000000000002 (30.791202066480867, 1.0, 0.0)
4.040000000000002 (31.00652523755014, 1.0, 0.0)
4.060000000000001 (31.222033884224434, 1.0, 0.0)
4.080000000000001 (31.43772540984529, 1.0, 0.0)
4.1000000000000005 (31.653597254107456, 1.0, 0.0)
4.12 (31.869646892549955, 1.0, 0.0)
4.14 (32.08587183605425, 1.0, 0.0)
4.159999999999999 (32.302269630349485, 1.0, 0.0)
4.179999999999999 (32.518837855524595, 1.0, 0.0)
4.199999999999998 (32.73557412554726, 1.0, 0.0)
4.219999999999998 (32.95247608778959, 1.0, 0.0)
4.2399999999999975 (33.16954142256054, 1.0, 0.0)
4.259999999999997 (33.3867678426447, 1.0, 0.0)
4.279999999999997 (33.60415309284767, 1.0, 0.0)
4.299999999999996 (33.821694949547805, 1.0, 0.0)
4.319999999999996 (34.039391220254146, 1.0, 0.0)
4.339999999999995 (34.2572397431706, 1.0, 0.0)
4.359999999999995 (34.47523838676622, 1.0, 0.0)
4.379999999999995 (34.69338504935149, 1.0, 0.0)
4.399999999999994 (34.91167765866058, 1.0, 0.0)
4.419999999999994 (35.130114171439345, 1.0, 0.0)
4.439999999999993 (35.34869257303919, 1.0, 0.0)
4.459999999999993 (35.56741087701664, 1.0, 0.0)
4.479999999999992 (35.7862671247384, 1.0, 0.0)
4.499999999999992 (36.00525938499206, 1.0, 0.0)
4.519999999999992 (36.22438575360218, 1.0, 0.0)
4.539999999999991 (36.44364435305175, 1.0, 0.0)
4.559999999999991 (36.66303333210902, 1.0, 0.0)
4.57999999999999 (36.88255086545951, 1.0, 0.0)
4.59999999999999 (37.102195153343075, 1.0, 0.0)
4.6199999999999894 (37.32196442119627, 1.0, 0.0)
4.639999999999989 (37.54185691929953, 1.0, 0.0)
4.659999999999989 (37.76187092242935, 1.0, 0.0)
4.679999999999988 (37.98200472951535, 1.0, 0.0)
4.699999999999988 (38.20225666330214, 1.0, 0.0)
4.719999999999987 (38.4226250700159, 1.0, 0.0)
4.739999999999987 (38.64310831903566, 1.0, 0.0)
4.7599999999999865 (38.863704802569174, 1.0, 0.0)
4.779999999999986 (39.084412935333205, 1.0, 0.0)
4.799999999999986 (39.305231154238555, 1.0, 0.0)
4.819999999999985 (39.52615791807921, 1.0, 0.0)
4.839999999999985 (39.74719170722611, 1.0, 0.0)
4.859999999999984 (39.968331023324936, 1.0, 0.0)
4.879999999999984 (40.18957438899838, 1.0, 0.0)
4.8999999999999835 (40.410920347552405, 1.0, 0.0)
4.919999999999983 (40.63236746268666, 1.0, 0.0)
4.939999999999983 (40.853914318209036, 1.0, 0.0)
4.959999999999982 (41.0755595177541, 1.0, 0.0)
4.979999999999982 (41.297301684505555, 1.0, 0.0)
4.999999999999981 (41.519139460922474, 1.0, 0.0)
5.019999999999981 (41.74107150846956, 1.0, 0.0)
5.0399999999999805 (41.963096507351, 1.0, 0.0)
5.05999999999998 (42.185213156248096, 1.0, 0.0)
5.07999999999998 (42.407420172060625, 1.0, 0.0)
5.099999999999979 (42.62971628965178, 1.0, 0.0)
5.119999999999979 (42.85210026159666, 1.0, 0.0)
5.139999999999978 (43.074570857934305, 1.0, 0.0)
5.159999999999978 (43.29712686592322, 1.0, 0.0)
5.1799999999999775 (43.5197670898003, 1.0, 0.0)
5.199999999999977 (43.74249035054311, 1.0, 0.0)
5.219999999999977 (43.965295485635494, 1.0, 0.0)
5.239999999999976 (44.18818134883659, 1.0, 0.0)
5.259999999999976 (44.411146809952896, 1.0, 0.0)
5.279999999999975 (44.63419075461357, 1.0, 0.0)
5.299999999999975 (44.85731208404897, 1.0, 0.0)
5.3199999999999745 (45.08050971487228, 1.0, 0.0)
5.339999999999974 (45.30378257886406, 1.0, 0.0)
5.359999999999974 (45.52712962275996, 1.0, 0.0)
5.379999999999973 (45.75054980804131, 1.0, 0.0)
5.399999999999973 (45.97404211072873, 1.0, 0.0)
5.419999999999972 (46.19760552117853, 1.0, 0.0)
5.439999999999972 (46.421239043882025, 1.0, 0.0)
5.4599999999999715 (46.64494169726768, 1.0, 0.0)
5.479999999999971 (46.868712513505926, 1.0, 0.0)
5.499999999999971 (47.09255053831686, 1.0, 0.0)
5.51999999999997 (47.31645483078043, 1.0, 0.0)
5.53999999999997 (47.54042446314949, 1.0, 0.0)
5.559999999999969 (47.764458520665386, 1.0, 0.0)
5.579999999999969 (47.988556101376076, 1.0, 0.0)
5.599999999999969 (48.21271631595681, 1.0, 0.0)
5.619999999999968 (48.43693828753342, 1.0, 0.0)
5.639999999999968 (48.66122115150796, 1.0, 0.0)
5.659999999999967 (48.88556405538685, 1.0, 0.0)
5.679999999999967 (49.10996615861143, 1.0, 0.0)
5.699999999999966 (49.33442663239086, 1.0, 0.0)
5.719999999999966 (49.55894465953739, 1.0, 0.0)
5.739999999999966 (49.783519434303855, 1.0, 0.0)
5.759999999999965 (50.008150162223615, 1.0, 0.0)
5.779999999999965 (50.23283605995249, 1.0, 0.0)
5.799999999999964 (50.45757635511316, 1.0, 0.0)
5.819999999999964 (50.68237028614158, 1.0, 0.0)
5.839999999999963 (50.907217102135604, 1.0, 0.0)
5.859999999999963 (51.132116062705705, 1.0, 0.0)
5.879999999999963 (51.357066437827825, 1.0, 0.0)
5.899999999999962 (51.58206750769824, 1.0, 0.0)
5.919999999999962 (51.80711856259046, 1.0, 0.0)
5.939999999999961 (52.03221890271419, 1.0, 0.0)
5.959999999999961 (52.25736783807619, 1.0, 0.0)
5.9799999999999605 (52.48256468834313, 1.0, 0.0)
5.99999999999996 (52.70780878270634, 1.0, 0.0)
6.01999999999996 (52.93309945974846, 1.0, 0.0)
6.039999999999959 (53.15843606731198, 1.0, 0.0)
6.059999999999959 (53.38381796236962, 1.0, 0.0)
6.079999999999958 (53.609244510896445, 1.0, 0.0)
6.099999999999958 (53.83471508774389, 1.0, 0.0)
6.1199999999999575 (54.06022907651547, 1.0, 0.0)
6.139999999999957 (54.285785869444254, 1.0, 0.0)
6.159999999999957 (54.51138486727203, 1.0, 0.0)
6.179999999999956 (54.73702547913021, 1.0, 0.0)
6.199999999999956 (54.96270712242239, 1.0, 0.0)
6.219999999999955 (55.188429222708464, 1.0, 0.0)
6.239999999999955 (55.414191213590556, 1.0, 0.0)
6.2599999999999545 (55.63999253660029, 1.0, 0.0)
6.279999999999954 (55.86583264108788, 1.0, 0.0)
6.299999999999954 (56.09171098411264, 1.0, 0.0)
6.319999999999953 (56.317627030335075, 1.0, 0.0)
6.339999999999953 (56.543580251910385, 1.0, 0.0)
6.359999999999952 (56.769570128383634, 1.0, 0.0)
6.379999999999952 (56.99559614658625, 1.0, 0.0)
6.3999999999999515 (57.22165780053405, 1.0, 0.0)
6.419999999999951 (57.44775459132657, 1.0, 0.0)
6.439999999999951 (57.67388602704801, 1.0, 0.0)
6.45999999999995 (57.90005162266934, 1.0, 0.0)
6.47999999999995 (58.12625089995197, 1.0, 0.0)
6.499999999999949 (58.352483387352635, 1.0, 0.0)
6.519999999999949 (58.57874861992971, 1.0, 0.0)
6.5399999999999485 (58.80504613925069, 1.0, 0.0)
6.559999999999948 (59.03137549330117, 1.0, 0.0)
6.579999999999948 (59.25773623639495, 1.0, 0.0)
6.599999999999947 (59.48412792908542, 1.0, 0.0)
6.619999999999947 (59.71055013807822, 1.0, 0.0)
6.639999999999946 (59.93700243614512, 1.0, 0.0)
6.659999999999946 (60.1634844020391, 1.0, 0.0)
6.6799999999999455 (60.38999562041056, 1.0, 0.0)
6.699999999999945 (60.6165356817248, 1.0, 0.0)
6.719999999999945 (60.84310418218064, 1.0, 0.0)
6.739999999999944 (61.06970072363012, 1.0, 0.0)
6.759999999999944 (61.29632491349929, 1.0, 0.0)
6.779999999999943 (61.5229763647103, 1.0, 0.0)
6.799999999999943 (61.74965469560436, 1.0, 0.0)
6.8199999999999426 (61.9763595298659, 1.0, 0.0)
6.839999999999942 (62.20309049644777, 1.0, 0.0)
6.859999999999942 (62.42984722949751, 1.0, 0.0)
6.879999999999941 (62.65662936828454, 1.0, 0.0)
6.899999999999941 (62.88343655712856, 1.0, 0.0)
6.91999999999994 (63.11026844532876, 1.0, 0.0)
6.93999999999994 (63.33712468709416, 1.0, 0.0)
6.95999999999994 (63.56400494147485, 1.0, 0.0)
6.979999999999939 (63.79090887229421, 1.0, 0.0)
6.999999999999939 (64.0178361480821, 1.0, 0.0)
7.019999999999938 (64.24478644200894, 1.0, 0.0)
7.039999999999938 (64.47175943182083, 1.0, 0.0)
7.059999999999937 (64.69875479977532, 1.0, 0.0)
7.079999999999937 (64.92577223257848, 1.0, 0.0)
7.099999999999937 (65.15281142132238, 1.0, 0.0)
7.119999999999936 (65.3798720614239, 1.0, 0.0)
7.139999999999936 (65.60695385256395, 1.0, 0.0)
7.159999999999935 (65.83405649862806, 1.0, 0.0)
7.179999999999935 (66.06117970764728, 1.0, 0.0)
7.1999999999999345 (66.28832319174023, 1.0, 0.0)
7.219999999999934 (66.51548666705588, 1.0, 0.0)
7.239999999999934 (66.74266985371708, 1.0, 0.0)
7.259999999999933 (66.96987247576504, 1.0, 0.0)
7.279999999999933 (67.19709426110433, 1.0, 0.0)
7.299999999999932 (67.42433494144888, 1.0, 0.0)
7.319999999999932 (67.65159425226858, 1.0, 0.0)
7.3399999999999315 (67.87887193273684, 1.0, 0.0)
7.359999999999931 (68.10616772567852, 1.0, 0.0)
7.379999999999931 (68.33348137751904, 1.0, 0.0)
7.39999999999993 (68.56081263823376, 1.0, 0.0)
7.41999999999993 (68.78816126129851, 1.0, 0.0)
7.439999999999929 (69.01552700364033, 1.0, 0.0)
7.459999999999929 (69.24290962558939, 1.0, 0.0)
7.4799999999999285 (69.47030889083112, 1.0, 0.0)
7.499999999999928 (69.69772456635951, 1.0, 0.0)
7.519999999999928 (69.92515642243046, 1.0, 0.0)
7.539999999999927 (70.15260423251641, 1.0, 0.0)
7.559999999999927 (70.3800677732612, 1.0, 0.0)
7.579999999999926 (70.60754682443553, 1.0, 0.0)
7.599999999999926 (70.83504116889344, 1.0, 0.0)
7.6199999999999255 (71.06255059252891, 1.0, 0.0)
7.639999999999925 (71.29007488423349, 1.0, 0.0)
7.659999999999925 (71.5176138358542, 1.0, 0.0)
7.679999999999924 (71.74516724215226, 1.0, 0.0)
7.699999999999924 (71.97273490076213, 1.0, 0.0)
7.719999999999923 (72.20031661215148, 1.0, 0.0)
7.739999999999923 (72.42791217958137, 1.0, 0.0)
7.7599999999999225 (72.6555214090672, 1.0, 0.0)
7.779999999999922 (72.88314410934026, 1.0, 0.0)
7.799999999999922 (73.11078009180949, 1.0, 0.0)
7.819999999999921 (73.33842917052414, 1.0, 0.0)
7.839999999999921 (73.56609116213679, 1.0, 0.0)
7.85999999999992 (73.79376588586689, 1.0, 0.0)
7.87999999999992 (74.02145316346474, 1.0, 0.0)
7.8999999999999195 (74.24915281917623, 1.0, 0.0)
7.919999999999919 (74.47686467970777, 1.0, 0.0)
7.939999999999919 (74.70458857419186, 1.0, 0.0)
7.959999999999918 (74.93232433415318, 1.0, 0.0)
7.979999999999918 (75.16007179347503, 1.0, 0.0)
7.999999999999917 (75.38783078836639, 1.0, 0.0)
8.019999999999918 (75.61560115732925, 1.0, 0.0)
8.039999999999917 (75.84338274112662, 1.0, 0.0)
8.059999999999917 (76.07117538275082, 1.0, 0.0)
8.079999999999917 (76.29897892739228, 1.0, 0.0)
8.099999999999916 (76.5267932224088, 1.0, 0.0)
8.119999999999916 (76.75461811729508, 1.0, 0.0)
8.139999999999915 (76.98245346365297, 1.0, 0.0)
8.159999999999915 (77.21029911516183, 1.0, 0.0)
8.179999999999914 (77.43815492754959, 1.0, 0.0)
8.199999999999914 (77.66602075856389, 1.0, 0.0)
8.219999999999914 (77.89389646794399, 1.0, 0.0)
8.239999999999913 (78.12178191739275, 1.0, 0.0)
8.259999999999913 (78.34967697054924, 1.0, 0.0)
8.279999999999912 (78.57758149296154, 1.0, 0.0)
8.299999999999912 (78.80549535206006, 1.0, 0.0)
8.319999999999911 (79.0334184171312, 1.0, 0.0)
8.339999999999911 (79.26135055929137, 1.0, 0.0)
8.35999999999991 (79.48929165146131, 1.0, 0.0)
8.37999999999991 (79.71724156834085, 1.0, 0.0)
8.39999999999991 (79.94520018638406, 1.0, 0.0)
8.41999999999991 (80.17316738377468, 1.0, 0.0)
8.439999999999909 (80.40114304040185, 1.0, 0.0)
8.459999999999908 (80.62912703783621, 1.0, 0.0)
8.479999999999908 (80.8571192593065, 1.0, 0.0)
8.499999999999908 (81.0851195896762, 1.0, 0.0)
8.519999999999907 (81.31312791542075, 1.0, 0.0)
8.539999999999907 (81.54114412460484, 1.0, 0.0)
8.559999999999906 (81.76916810686038, 1.0, 0.0)
8.579999999999906 (81.99719975336433, 1.0, 0.0)
8.599999999999905 (82.22523895681724, 1.0, 0.0)
8.619999999999905 (82.45328561142179, 1.0, 0.0)
8.639999999999905 (82.6813396128619, 1.0, 0.0)
8.659999999999904 (82.90940085828186, 1.0, 0.0)
8.679999999999904 (83.13746924626594, 1.0, 0.0)
8.699999999999903 (83.36554467681822, 1.0, 0.0)
8.719999999999903 (83.59362705134276, 1.0, 0.0)
8.739999999999903 (83.82171627262397, 1.0, 0.0)
8.759999999999902 (84.04981224480724, 1.0, 0.0)
8.779999999999902 (84.27791487337993, 1.0, 0.0)
8.799999999999901 (84.50602406515259, 1.0, 0.0)
8.8199999999999 (84.73413972824045, 1.0, 0.0)
8.8399999999999 (84.96226177204511, 1.0, 0.0)
8.8599999999999 (85.19039010723645, 1.0, 0.0)
8.8799999999999 (85.41852464573515, 1.0, 0.0)
8.899999999999899 (85.64666530069485, 1.0, 0.0)
8.919999999999899 (85.8748119864851, 1.0, 0.0)
8.939999999999898 (86.10296461867432, 1.0, 0.0)
8.959999999999898 (86.33112311401288, 1.0, 0.0)
8.979999999999897 (86.55928739041673, 1.0, 0.0)
8.999999999999897 (86.78745736695089, 1.0, 0.0)
9.019999999999897 (87.01563296381357, 1.0, 0.0)
9.039999999999896 (87.24381410232019, 1.0, 0.0)
9.059999999999896 (87.4720007048877, 1.0, 0.0)
9.079999999999895 (87.70019269501927, 1.0, 0.0)
9.099999999999895 (87.928389997289, 1.0, 0.0)
9.119999999999894 (88.15659253732696, 1.0, 0.0)
9.139999999999894 (88.38480024180438, 1.0, 0.0)
9.159999999999894 (88.61301303841913, 1.0, 0.0)
9.179999999999893 (88.84123085588124, 1.0, 0.0)
9.199999999999893 (89.06945362389888, 1.0, 0.0)
9.219999999999892 (89.2976812731643, 1.0, 0.0)
9.239999999999892 (89.52591373534, 1.0, 0.0)
9.259999999999891 (89.75415094304526, 1.0, 0.0)
9.279999999999891 (89.98239282984264, 1.0, 0.0)
9.29999999999989 (90.21063933022486, 1.0, 0.0)
9.31999999999989 (90.43889037960173, 1.0, 0.0)
9.33999999999989 (90.66714591428729, 1.0, 0.0)
9.35999999999989 (90.89540587148724, 1.0, 0.0)
9.379999999999889 (91.12367018928643, 1.0, 0.0)
9.399999999999888 (91.35193880663644, 1.0, 0.0)
9.419999999999888 (91.5802116633435, 1.0, 0.0)
9.439999999999888 (91.80848870005667, 1.0, 0.0)
9.459999999999887 (92.03676985825587, 1.0, 0.0)
9.479999999999887 (92.2650550802403, 1.0, 0.0)
9.499999999999886 (92.49334430911694, 1.0, 0.0)
9.519999999999886 (92.72163748878927, 1.0, 0.0)
9.539999999999885 (92.94993456394621, 1.0, 0.0)
9.559999999999885 (93.17823548005094, 1.0, 0.0)
9.579999999999885 (93.40654018333021, 1.0, 0.0)
9.599999999999884 (93.63484862076359, 1.0, 0.0)
9.619999999999884 (93.86316074007289, 1.0, 0.0)
9.639999999999883 (94.09147648971185, 1.0, 0.0)
9.659999999999883 (94.31979581885588, 1.0, 0.0)
9.679999999999882 (94.54811867739187, 1.0, 0.0)
9.699999999999882 (94.7764450159084, 1.0, 0.0)
9.719999999999882 (95.0047747856857, 1.0, 0.0)
9.739999999999881 (95.23310793868609, 1.0, 0.0)
9.75999999999988 (95.4614444275445, 1.0, 0.0)
9.77999999999988 (95.68978420555891, 1.0, 0.0)
9.79999999999988 (95.91812722668107, 1.0, 0.0)
9.81999999999988 (96.14647344550752, 1.0, 0.0)
9.839999999999879 (96.3748228172704, 1.0, 0.0)
9.859999999999879 (96.60317529782861, 1.0, 0.0)
9.879999999999878 (96.83153084365904, 1.0, 0.0)
9.899999999999878 (97.05988941184779, 1.0, 0.0)
9.919999999999877 (97.28825096008194, 1.0, 0.0)
9.939999999999877 (97.5166154466408, 1.0, 0.0)
9.959999999999877 (97.74498283038781, 1.0, 0.0)
9.979999999999876 (97.97335307076236, 1.0, 0.0)
9.999999999999876 (98.20172612777168, 1.0, 0.0)
10.019999999999875 (98.43010196198287, 1.0, 0.0)
10.039999999999875 (98.65848053451509, 1.0, 0.0)
10.059999999999874 (98.88686180703189, 1.0, 0.0)
10.079999999999874 (99.11524574173342, 1.0, 0.0)
10.099999999999874 (99.34363230134915, 1.0, 0.0)
10.119999999999873 (99.57202144913026, 1.0, 0.0)
10.139999999999873 (99.80041314884244, 1.0, 0.0)
10.159999999999872 (100.02880736475862, 1.0, 0.0)
10.179999999999872 (100.25720406165198, 1.0, 0.0)
10.199999999999871 (100.48560320478884, 1.0, 0.0)
10.219999999999871 (100.7140047599218, 1.0, 0.0)
10.23999999999987 (100.94240869328291, 1.0, 0.0)
10.25999999999987 (101.17081497157693, 1.0, 0.0)
10.27999999999987 (101.39922356197485, 1.0, 0.0)
10.29999999999987 (101.62763443210719, 1.0, 0.0)
10.319999999999869 (101.85604755005767, 1.0, 0.0)
10.339999999999868 (102.08446288435687, 1.0, 0.0)
10.359999999999868 (102.3128804039759, 1.0, 0.0)
10.379999999999868 (102.5413000783202, 1.0, 0.0)
10.399999999999867 (102.76972187722373, 1.0, 0.0)
10.419999999999867 (102.99814577094259, 1.0, 0.0)
10.439999999999866 (103.22657173014937, 1.0, 0.0)
10.459999999999866 (103.45499972592728, 1.0, 0.0)
10.479999999999865 (103.68342972976427, 1.0, 0.0)
10.499999999999865 (103.91186171354758, 1.0, 0.0)
10.519999999999865 (104.14029564955791, 1.0, 0.0)
10.539999999999864 (104.3687315104641, 1.0, 0.0)
10.559999999999864 (104.59716926931759, 1.0, 0.0)
10.579999999999863 (104.82560889954715, 1.0, 0.0)
10.599999999999863 (105.05405037495348, 1.0, 0.0)
10.619999999999862 (105.28249366970414, 1.0, 0.0)
10.639999999999862 (105.51093875832828, 1.0, 0.0)
10.659999999999862 (105.73938561571168, 1.0, 0.0)
10.679999999999861 (105.9678342170917, 1.0, 0.0)
10.69999999999986 (106.1962845380524, 1.0, 0.0)
10.71999999999986 (106.42473655451965, 1.0, 0.0)
10.73999999999986 (106.65319024275635, 1.0, 0.0)
10.75999999999986 (106.88164557935778, 1.0, 0.0)
10.779999999999859 (107.11010254124676, 1.0, 0.0)
10.799999999999859 (107.33856110566933, 1.0, 0.0)
10.819999999999858 (107.56702125018995, 1.0, 0.0)
10.839999999999858 (107.79548295268728, 1.0, 0.0)
10.859999999999857 (108.02394619134964, 1.0, 0.0)
10.879999999999857 (108.25241094467071, 1.0, 0.0)
10.899999999999856 (108.4808771914453, 1.0, 0.0)
10.919999999999856 (108.70934491076508, 1.0, 0.0)
10.939999999999856 (108.93781408201437, 1.0, 0.0)
10.959999999999855 (109.16628468486618, 1.0, 0.0)
10.979999999999855 (109.39475669927805, 1.0, 0.0)
10.999999999999854 (109.62323010548818, 1.0, 0.0)
11.019999999999854 (109.85170488401133, 1.0, 0.0)
11.039999999999853 (110.08018101563516, 1.0, 0.0)
11.059999999999853 (110.30865848141627, 1.0, 0.0)
11.079999999999853 (110.53713726267642, 1.0, 0.0)
11.099999999999852 (110.76561734099897, 1.0, 0.0)
11.119999999999852 (110.994098698225, 1.0, 0.0)
11.139999999999851 (111.22258131644986, 1.0, 0.0)
11.159999999999851 (111.45106517801958, 1.0, 0.0)
11.17999999999985 (111.67955026552733, 1.0, 0.0)
11.19999999999985 (111.90803656180992, 1.0, 0.0)
11.21999999999985 (112.13652404994457, 1.0, 0.0)
11.23999999999985 (112.36501271324533, 1.0, 0.0)
11.259999999999849 (112.59350253525992, 1.0, 0.0)
11.279999999999848 (112.82199349976628, 1.0, 0.0)
11.299999999999848 (113.05048559076954, 1.0, 0.0)
11.319999999999848 (113.27897879249878, 1.0, 0.0)
11.339999999999847 (113.50747308940379, 1.0, 0.0)
11.359999999999847 (113.73596846615214, 1.0, 0.0)
11.379999999999846 (113.964464907626, 1.0, 0.0)
11.399999999999846 (114.19296239891924, 1.0, 0.0)
11.419999999999845 (114.42146092533437, 1.0, 0.0)
11.439999999999845 (114.64996047237969, 1.0, 0.0)
11.459999999999845 (114.8784610257664, 1.0, 0.0)
11.479999999999844 (115.10696257140569, 1.0, 0.0)
11.499999999999844 (115.335465095406, 1.0, 0.0)
11.519999999999843 (115.56396858407032, 1.0, 0.0)
11.539999999999843 (115.79247302389336, 1.0, 0.0)
11.559999999999842 (116.02097840155886, 1.0, 0.0)
11.579999999999842 (116.24948470393701, 1.0, 0.0)
11.599999999999842 (116.4779919180819, 1.0, 0.0)
11.619999999999841 (116.70650003122876, 1.0, 0.0)
11.63999999999984 (116.93500903079155, 1.0, 0.0)
11.65999999999984 (117.16351890436044, 1.0, 0.0)
11.67999999999984 (117.39202963969939, 1.0, 0.0)
11.69999999999984 (117.62054122474359, 1.0, 0.0)
11.719999999999839 (117.8490536475972, 1.0, 0.0)
11.739999999999839 (118.07756689653081, 1.0, 0.0)
11.759999999999838 (118.3060809599794, 1.0, 0.0)
11.779999999999838 (118.53459582653966, 1.0, 0.0)
11.799999999999837 (118.76311148496808, 1.0, 0.0)
11.819999999999837 (118.99162792417854, 1.0, 0.0)
11.839999999999836 (119.22014513324007, 1.0, 0.0)
11.859999999999836 (119.44866310137468, 1.0, 0.0)
11.879999999999836 (119.67718181795544, 1.0, 0.0)
11.899999999999835 (119.90570127250407, 1.0, 0.0)
11.919999999999835 (120.134221454689, 1.0, 0.0)
11.939999999999834 (120.36274235432336, 1.0, 0.0)
11.959999999999834 (120.59126396136281, 1.0, 0.0)
11.979999999999833 (120.81978626590376, 1.0, 0.0)
11.999999999999833 (121.04830925818112, 1.0, 0.0)
12.019999999999833 (121.27683292856659, 1.0, 0.0)
12.039999999999832 (121.50535726756664, 1.0, 0.0)
12.059999999999832 (121.73388226582068, 1.0, 0.0)
12.079999999999831 (121.96240791409917, 1.0, 0.0)
12.099999999999831 (122.19093420330177, 1.0, 0.0)
12.11999999999983 (122.41946112445555, 1.0, 0.0)
12.13999999999983 (122.6479886687132, 1.0, 0.0)
12.15999999999983 (122.87651682735122, 1.0, 0.0)
12.17999999999983 (123.10504559176832, 1.0, 0.0)
12.199999999999829 (123.33357495348355, 1.0, 0.0)
12.219999999999828 (123.5621049041348, 1.0, 0.0)
12.239999999999828 (123.79063543547693, 1.0, 0.0)
12.259999999999827 (124.01916653938025, 1.0, 0.0)
12.279999999999827 (124.24769820782893, 1.0, 0.0)
12.299999999999827 (124.47623043291935, 1.0, 0.0)
12.319999999999826 (124.7047632068585, 1.0, 0.0)
12.339999999999826 (124.93329652196246, 1.0, 0.0)
12.359999999999825 (125.16183037065497, 1.0, 0.0)
12.379999999999825 (125.39036474546577, 1.0, 0.0)
12.399999999999824 (125.61889963902928, 1.0, 0.0)
12.419999999999824 (125.84743504408289, 1.0, 0.0)
12.439999999999824 (126.07597095346574, 1.0, 0.0)
12.459999999999823 (126.30450736011721, 1.0, 0.0)
12.479999999999823 (126.53304425707557, 1.0, 0.0)
12.499999999999822 (126.76158163747652, 1.0, 0.0)
12.519999999999822 (126.99011949455183, 1.0, 0.0)
12.539999999999822 (127.21865782162809, 1.0, 0.0)
12.559999999999821 (127.44719661212531, 1.0, 0.0)
12.57999999999982 (127.67573585955557, 1.0, 0.0)
12.59999999999982 (127.90427555752177, 1.0, 0.0)
12.61999999999982 (128.13281569971645, 1.0, 0.0)
12.63999999999982 (128.36135627992036, 1.0, 0.0)
12.659999999999819 (128.58989729200147, 1.0, 0.0)
12.679999999999819 (128.81843872991345, 1.0, 0.0)
12.699999999999818 (129.0469805876947, 1.0, 0.0)
12.719999999999818 (129.275522859467, 1.0, 0.0)
12.739999999999817 (129.5040655394344, 1.0, 0.0)
12.759999999999817 (129.73260862188232, 1.0, 0.0)
12.779999999999816 (129.96115210117597, 1.0, 0.0)
12.799999999999816 (130.18969597175948, 1.0, 0.0)
12.819999999999816 (130.41824022815484, 1.0, 0.0)
12.839999999999815 (130.6467848649607, 1.0, 0.0)
12.859999999999815 (130.87532987685125, 1.0, 0.0)
12.879999999999814 (131.10387525857533, 1.0, 0.0)
12.899999999999814 (131.33242100495528, 1.0, 0.0)
12.919999999999813 (131.56096711088588, 1.0, 0.0)
12.939999999999813 (131.78951357133343, 1.0, 0.0)
12.959999999999813 (132.0180603813348, 1.0, 0.0)
12.979999999999812 (132.24660753599613, 1.0, 0.0)
12.999999999999812 (132.4751550304922, 1.0, 0.0)
13.019999999999811 (132.70370286006533, 1.0, 0.0)
13.03999999999981 (132.93225102002447, 1.0, 0.0)
13.05999999999981 (133.16079950574414, 1.0, 0.0)
13.07999999999981 (133.38934831266369, 1.0, 0.0)
13.09999999999981 (133.61789743628634, 1.0, 0.0)
13.11999999999981 (133.84644687217832, 1.0, 0.0)
13.139999999999809 (134.0749966159678, 1.0, 0.0)
13.159999999999808 (134.3035466633442, 1.0, 0.0)
13.179999999999808 (134.53209701005738, 1.0, 0.0)
13.199999999999807 (134.7606476519166, 1.0, 0.0)
13.219999999999807 (134.9891985847898, 1.0, 0.0)
13.239999999999807 (135.21774980460276, 1.0, 0.0)
13.259999999999806 (135.44630130733827, 1.0, 0.0)
13.279999999999806 (135.67485308903548, 1.0, 0.0)
13.299999999999805 (135.903405145789, 1.0, 0.0)
13.319999999999805 (136.13195747374795, 1.0, 0.0)
13.339999999999804 (136.3605100691155, 1.0, 0.0)
13.359999999999804 (136.58906292814783, 1.0, 0.0)
13.379999999999804 (136.81761604715376, 1.0, 0.0)
13.399999999999803 (137.04616942249362, 1.0, 0.0)
13.419999999999803 (137.27472305057876, 1.0, 0.0)
13.439999999999802 (137.50327692787067, 1.0, 0.0)
13.459999999999802 (137.73183105088043, 1.0, 0.0)
13.479999999999801 (137.9603854161681, 1.0, 0.0)
13.499999999999801 (138.1889400203417, 1.0, 0.0)
13.5199999999998 (138.41749486005693, 1.0, 0.0)
13.5399999999998 (138.64604993201618, 1.0, 0.0)
13.5599999999998 (138.874605232968, 1.0, 0.0)
13.5799999999998 (139.10316075970644, 1.0, 0.0)
13.599999999999799 (139.33171650907053, 1.0, 0.0)
13.619999999999798 (139.56027247794356, 1.0, 0.0)
13.639999999999798 (139.78882866325233, 1.0, 0.0)
13.659999999999798 (140.01738506196676, 1.0, 0.0)
13.679999999999797 (140.24594167109927, 1.0, 0.0)
13.699999999999797 (140.4744984877039, 1.0, 0.0)
13.719999999999796 (140.70305550887605, 1.0, 0.0)
13.739999999999796 (140.93161273175173, 1.0, 0.0)
13.759999999999796 (141.16017015350718, 1.0, 0.0)
13.779999999999795 (141.3887277713581, 1.0, 0.0)
13.799999999999795 (141.61728558255908, 1.0, 0.0)
13.819999999999794 (141.8458435844032, 1.0, 0.0)
13.839999999999794 (142.0744017742216, 1.0, 0.0)
13.859999999999793 (142.3029601493825, 1.0, 0.0)
13.879999999999793 (142.53151870729113, 1.0, 0.0)
13.899999999999793 (142.76007744538907, 1.0, 0.0)
13.919999999999792 (142.98863636115362, 1.0, 0.0)
13.939999999999792 (143.21719545209743, 1.0, 0.0)
13.959999999999791 (143.44575471576803, 1.0, 0.0)
13.97999999999979 (143.67431414974732, 1.0, 0.0)
13.99999999999979 (143.90287375165082, 1.0, 0.0)
14.01999999999979 (144.1314335191277, 1.0, 0.0)
14.03999999999979 (144.35999344985993, 1.0, 0.0)
14.059999999999789 (144.5885535415619, 1.0, 0.0)
14.079999999999789 (144.81711379198003, 1.0, 0.0)
14.099999999999788 (145.0456741988923, 1.0, 0.0)
14.119999999999788 (145.27423476010784, 1.0, 0.0)
14.139999999999787 (145.50279547346628, 1.0, 0.0)
14.159999999999787 (145.7313563368378, 1.0, 0.0)
14.179999999999787 (145.95991734812202, 1.0, 0.0)
14.199999999999786 (146.18847850524827, 1.0, 0.0)
14.219999999999786 (146.41703980617484, 1.0, 0.0)
14.239999999999785 (146.64560124888834, 1.0, 0.0)
14.259999999999785 (146.8741628314039, 1.0, 0.0)
14.279999999999784 (147.1027245517642, 1.0, 0.0)
14.299999999999784 (147.3312864080395, 1.0, 0.0)
14.319999999999784 (147.5598483983269, 1.0, 0.0)
14.339999999999783 (147.78841052075035, 1.0, 0.0)
14.359999999999783 (148.01697277345983, 1.0, 0.0)
14.379999999999782 (148.24553515463134, 1.0, 0.0)
14.399999999999782 (148.47409766246648, 1.0, 0.0)
14.419999999999781 (148.70266029519195, 1.0, 0.0)
14.439999999999781 (148.93122305105925, 1.0, 0.0)
14.45999999999978 (149.15978592834443, 1.0, 0.0)
14.47999999999978 (149.38834892534766, 1.0, 0.0)
14.49999999999978 (149.61691204039283, 1.0, 0.0)
14.51999999999978 (149.8454752718273, 1.0, 0.0)
14.539999999999779 (150.0740386180217, 1.0, 0.0)
14.559999999999778 (150.3026020773694, 1.0, 0.0)
14.579999999999778 (150.53116564828616, 1.0, 0.0)
14.599999999999778 (150.7597293292102, 1.0, 0.0)
14.619999999999777 (150.98829311860123, 1.0, 0.0)
14.639999999999777 (151.21685701494079, 1.0, 0.0)
14.659999999999776 (151.4454210167316, 1.0, 0.0)
14.679999999999776 (151.6739851224973, 1.0, 0.0)
14.699999999999775 (151.90254933078228, 1.0, 0.0)
14.719999999999775 (152.13111364015134, 1.0, 0.0)
14.739999999999775 (152.3596780491892, 1.0, 0.0)
14.759999999999774 (152.58824255650057, 1.0, 0.0)
14.779999999999774 (152.81680716070952, 1.0, 0.0)
14.799999999999773 (153.04537186045962, 1.0, 0.0)
14.819999999999773 (153.27393665441315, 1.0, 0.0)
14.839999999999772 (153.50250154125132, 1.0, 0.0)
14.859999999999772 (153.7310665196738, 1.0, 0.0)
14.879999999999772 (153.9596315883984, 1.0, 0.0)
14.899999999999771 (154.18819674616083, 1.0, 0.0)
14.91999999999977 (154.41676199171462, 1.0, 0.0)
14.93999999999977 (154.6453273238306, 1.0, 0.0)
14.95999999999977 (154.87389274129697, 1.0, 0.0)
14.97999999999977 (155.10245824291877, 1.0, 0.0)
14.999999999999769 (155.33102382751787, 1.0, 0.0)
15.019999999999769 (155.5595894939326, 1.0, 0.0)
15.039999999999768 (155.7881552410176, 1.0, 0.0)
15.059999999999768 (156.01672106764335, 1.0, 0.0)
15.079999999999767 (156.2452869726963, 1.0, 0.0)
15.099999999999767 (156.4738529550786, 1.0, 0.0)
15.119999999999767 (156.70241901370747, 1.0, 0.0)
15.139999999999766 (156.9309851475155, 1.0, 0.0)
15.159999999999766 (157.15955135545033, 1.0, 0.0)
15.179999999999765 (157.38811763647408, 1.0, 0.0)
15.199999999999765 (157.61668398956346, 1.0, 0.0)
15.219999999999764 (157.8452504137096, 1.0, 0.0)
15.239999999999764 (158.07381690791766, 1.0, 0.0)
15.259999999999764 (158.30238347120684, 1.0, 0.0)
15.279999999999763 (158.5309501026099, 1.0, 0.0)
15.299999999999763 (158.75951680117333, 1.0, 0.0)
15.319999999999762 (158.98808356595686, 1.0, 0.0)
15.339999999999762 (159.21665039603346, 1.0, 0.0)
15.359999999999761 (159.44521729048898, 1.0, 0.0)
15.379999999999761 (159.67378424842212, 1.0, 0.0)
15.39999999999976 (159.9023512689442, 1.0, 0.0)
15.41999999999976 (160.130918351179, 1.0, 0.0)
15.43999999999976 (160.35948549426251, 1.0, 0.0)
15.45999999999976 (160.5880526973428, 1.0, 0.0)
15.479999999999759 (160.81661995958, 1.0, 0.0)
15.499999999999758 (161.04518728014585, 1.0, 0.0)
15.519999999999758 (161.27375465822382, 1.0, 0.0)
15.539999999999758 (161.50232209300867, 1.0, 0.0)
15.559999999999757 (161.73088958370653, 1.0, 0.0)
15.579999999999757 (161.95945712953466, 1.0, 0.0)
15.599999999999756 (162.18802472972112, 1.0, 0.0)
15.619999999999756 (162.41659238350502, 1.0, 0.0)
15.639999999999755 (162.6451600901359, 1.0, 0.0)
15.659999999999755 (162.873727848874, 1.0, 0.0)
15.679999999999755 (163.10229565898982, 1.0, 0.0)
15.699999999999754 (163.3308635197639, 1.0, 0.0)
15.719999999999754 (163.55943143048722, 1.0, 0.0)
15.739999999999753 (163.78799939046036, 1.0, 0.0)
15.759999999999753 (164.0165673989939, 1.0, 0.0)
15.779999999999752 (164.24513545540805, 1.0, 0.0)
15.799999999999752 (164.47370355903234, 1.0, 0.0)
15.819999999999752 (164.70227170920583, 1.0, 0.0)
15.839999999999751 (164.93083990527697, 1.0, 0.0)
15.85999999999975 (165.15940814660308, 1.0, 0.0)
15.87999999999975 (165.3879764325506, 1.0, 0.0)
15.89999999999975 (165.61654476249493, 1.0, 0.0)
15.91999999999975 (165.84511313582, 1.0, 0.0)
15.939999999999749 (166.07368155191847, 1.0, 0.0)
15.959999999999749 (166.30225001019159, 1.0, 0.0)
15.979999999999748 (166.53081851004885, 1.0, 0.0)
15.999999999999748 (166.75938705090817, 1.0, 0.0)
16.019999999999747 (166.98795563219545, 1.0, 0.0)
16.039999999999747 (167.21652425334474, 1.0, 0.0)
16.059999999999746 (167.44509291379796, 1.0, 0.0)
16.079999999999746 (167.67366161300475, 1.0, 0.0)
16.099999999999746 (167.9022303504227, 1.0, 0.0)
16.119999999999745 (168.13079912551683, 1.0, 0.0)
16.139999999999745 (168.3593679377596, 1.0, 0.0)
16.159999999999744 (168.5879367866309, 1.0, 0.0)
16.179999999999744 (168.81650567161802, 1.0, 0.0)
16.199999999999743 (169.04507459221537, 1.0, 0.0)
16.219999999999743 (169.27364354792434, 1.0, 0.0)
16.239999999999743 (169.50221253825345, 1.0, 0.0)
16.259999999999742 (169.73078156271794, 1.0, 0.0)
16.279999999999742 (169.95935062083987, 1.0, 0.0)
16.29999999999974 (170.18791971214813, 1.0, 0.0)
16.31999999999974 (170.41648883617808, 1.0, 0.0)
16.33999999999974 (170.64505799247155, 1.0, 0.0)
16.35999999999974 (170.873627180577, 1.0, 0.0)
16.37999999999974 (171.10219640004885, 1.0, 0.0)
16.39999999999974 (171.3307656504482, 1.0, 0.0)
16.41999999999974 (171.55933493134188, 1.0, 0.0)
16.43999999999974 (171.7879042423031, 1.0, 0.0)
16.459999999999738 (172.01647358291092, 1.0, 0.0)
16.479999999999738 (172.2450429527501, 1.0, 0.0)
16.499999999999737 (172.47361235141165, 1.0, 0.0)
16.519999999999737 (172.70218177849193, 1.0, 0.0)
16.539999999999736 (172.93075123359307, 1.0, 0.0)
16.559999999999736 (173.15932071632272, 1.0, 0.0)
16.579999999999735 (173.38789022629425, 1.0, 0.0)
16.599999999999735 (173.6164597631261, 1.0, 0.0)
16.619999999999735 (173.84502932644233, 1.0, 0.0)
16.639999999999734 (174.07359891587208, 1.0, 0.0)
16.659999999999734 (174.30216853104986, 1.0, 0.0)
16.679999999999733 (174.53073817161516, 1.0, 0.0)
16.699999999999733 (174.7593078372126, 1.0, 0.0)
16.719999999999732 (174.98787752749166, 1.0, 0.0)
16.739999999999732 (175.21644724210677, 1.0, 0.0)
16.75999999999973 (175.4450169807173, 1.0, 0.0)
16.77999999999973 (175.6735867429872, 1.0, 0.0)
16.79999999999973 (175.9021565285854, 1.0, 0.0)
16.81999999999973 (176.1307263371852, 1.0, 0.0)
16.83999999999973 (176.3592961684646, 1.0, 0.0)
16.85999999999973 (176.58786602210608, 1.0, 0.0)
16.87999999999973 (176.81643589779657, 1.0, 0.0)
16.89999999999973 (177.04500579522738, 1.0, 0.0)
16.919999999999728 (177.2735757140942, 1.0, 0.0)
16.939999999999728 (177.50214565409686, 1.0, 0.0)
16.959999999999727 (177.73071561493947, 1.0, 0.0)
16.979999999999727 (177.9592855963303, 1.0, 0.0)
16.999999999999726 (178.1878555979817, 1.0, 0.0)
17.019999999999726 (178.41642561960992, 1.0, 0.0)
17.039999999999726 (178.64499566093542, 1.0, 0.0)
17.059999999999725 (178.87356572168227, 1.0, 0.0)
17.079999999999725 (179.10213580157875, 1.0, 0.0)
17.099999999999724 (179.3307059003567, 1.0, 0.0)
17.119999999999724 (179.55927601775164, 1.0, 0.0)
17.139999999999723 (179.78784615350315, 1.0, 0.0)
17.159999999999723 (180.01641630735406, 1.0, 0.0)
17.179999999999723 (180.24498647905108, 1.0, 0.0)
17.199999999999722 (180.47355666834432, 1.0, 0.0)
17.21999999999972 (180.70212687498753, 1.0, 0.0)
17.23999999999972 (180.93069709873765, 1.0, 0.0)
17.25999999999972 (181.15926733935527, 1.0, 0.0)
17.27999999999972 (181.38783759660424, 1.0, 0.0)
17.29999999999972 (181.61640787025175, 1.0, 0.0)
17.31999999999972 (181.84497816006825, 1.0, 0.0)
17.33999999999972 (182.0735484658273, 1.0, 0.0)
17.35999999999972 (182.3021187873057, 1.0, 0.0)
17.37999999999972 (182.53068912428336, 1.0, 0.0)
17.399999999999718 (182.75925947654338, 1.0, 0.0)
17.419999999999717 (182.9878298438718, 1.0, 0.0)
17.439999999999717 (183.2164002260576, 1.0, 0.0)
17.459999999999717 (183.44497062289275, 1.0, 0.0)
17.479999999999716 (183.67354103417227, 1.0, 0.0)
17.499999999999716 (183.9021114596938, 1.0, 0.0)
17.519999999999715 (184.13068189925804, 1.0, 0.0)
17.539999999999715 (184.35925235266842, 1.0, 0.0)
17.559999999999715 (184.587822819731, 1.0, 0.0)
17.579999999999714 (184.8163933002548, 1.0, 0.0)
17.599999999999714 (185.04496379405117, 1.0, 0.0)
17.619999999999713 (185.2735343009345, 1.0, 0.0)
17.639999999999713 (185.5021048207214, 1.0, 0.0)
17.659999999999712 (185.73067535323133, 1.0, 0.0)
17.679999999999712 (185.95924589828604, 1.0, 0.0)
17.69999999999971 (186.18781645571, 1.0, 0.0)
17.71999999999971 (186.41638702533004, 1.0, 0.0)
17.73999999999971 (186.64495760697542, 1.0, 0.0)
17.75999999999971 (186.87352820047778, 1.0, 0.0)
17.77999999999971 (187.10209880567112, 1.0, 0.0)
17.79999999999971 (187.33066942239174, 1.0, 0.0)
17.81999999999971 (187.5592400504782, 1.0, 0.0)
17.83999999999971 (187.78781068977145, 1.0, 0.0)
17.859999999999708 (188.0163813401146, 1.0, 0.0)
17.879999999999708 (188.24495200135294, 1.0, 0.0)
17.899999999999707 (188.473522673334, 1.0, 0.0)
17.919999999999707 (188.70209335590727, 1.0, 0.0)
17.939999999999706 (188.9306640489246, 1.0, 0.0)
17.959999999999706 (189.15923475223968, 1.0, 0.0)
17.979999999999706 (189.38780546570837, 1.0, 0.0)
17.999999999999705 (189.61637618918843, 1.0, 0.0)
18.019999999999705 (189.8449469225398, 1.0, 0.0)
18.039999999999704 (190.07351766562425, 1.0, 0.0)
18.059999999999704 (190.30208841830546, 1.0, 0.0)
18.079999999999703 (190.53065918044916, 1.0, 0.0)
18.099999999999703 (190.75922995192292, 1.0, 0.0)
18.119999999999703 (190.98780073259599, 1.0, 0.0)
18.139999999999702 (191.21637152233967, 1.0, 0.0)
18.1599999999997 (191.44494232102687, 1.0, 0.0)
18.1799999999997 (191.67351312853253, 1.0, 0.0)
18.1999999999997 (191.90208394473308, 1.0, 0.0)
18.2199999999997 (192.13065476950686, 1.0, 0.0)
18.2399999999997 (192.35922560273372, 1.0, 0.0)
18.2599999999997 (192.5877964442954, 1.0, 0.0)
18.2799999999997 (192.8163672940753, 1.0, 0.0)
18.2999999999997 (193.0449381519582, 1.0, 0.0)
18.3199999999997 (193.2735090178308, 1.0, 0.0)
18.339999999999698 (193.50207989158122, 1.0, 0.0)
18.359999999999697 (193.73065077309906, 1.0, 0.0)
18.379999999999697 (193.95922166227564, 1.0, 0.0)
18.399999999999697 (194.18779255900375, 1.0, 0.0)
18.419999999999696 (194.41636346317767, 1.0, 0.0)
18.439999999999696 (194.64493437469315, 1.0, 0.0)
18.459999999999695 (194.8735052934474, 1.0, 0.0)
18.479999999999695 (195.10207621933915, 1.0, 0.0)
18.499999999999694 (195.33064715226834, 1.0, 0.0)
18.519999999999694 (195.55921809213652, 1.0, 0.0)
18.539999999999694 (195.7877890388466, 1.0, 0.0)
18.559999999999693 (196.01635999230274, 1.0, 0.0)
18.579999999999693 (196.24493095241047, 1.0, 0.0)
18.599999999999692 (196.47350191907668, 1.0, 0.0)
18.619999999999692 (196.70207289220963, 1.0, 0.0)
18.63999999999969 (196.9306438717187, 1.0, 0.0)
18.65999999999969 (197.15921485751466, 1.0, 0.0)
18.67999999999969 (197.38778584950938, 1.0, 0.0)
18.69999999999969 (197.61635684761626, 1.0, 0.0)
18.71999999999969 (197.84492785174967, 1.0, 0.0)
18.73999999999969 (198.07349886182516, 1.0, 0.0)
18.75999999999969 (198.3020698777596, 1.0, 0.0)
18.77999999999969 (198.53064089947094, 1.0, 0.0)
18.799999999999688 (198.75921192687832, 1.0, 0.0)
18.819999999999688 (198.98778295990206, 1.0, 0.0)
18.839999999999687 (199.21635399846338, 1.0, 0.0)
18.859999999999687 (199.44492504248484, 1.0, 0.0)
18.879999999999686 (199.67349609189006, 1.0, 0.0)
18.899999999999686 (199.90206714660354, 1.0, 0.0)
18.919999999999686 (200.13063820655105, 1.0, 0.0)
18.939999999999685 (200.35920927165938, 1.0, 0.0)
18.959999999999685 (200.5877803418561, 1.0, 0.0)
18.979999999999684 (200.81635141707005, 1.0, 0.0)
18.999999999999684 (201.04492249723108, 1.0, 0.0)
19.019999999999683 (201.27349358226985, 1.0, 0.0)
19.039999999999683 (201.50206467211802, 1.0, 0.0)
19.059999999999683 (201.7306357667083, 1.0, 0.0)
19.079999999999682 (201.9592068659744, 1.0, 0.0)
19.09999999999968 (202.18777796985074, 1.0, 0.0)
19.11999999999968 (202.41634907827284, 1.0, 0.0)
19.13999999999968 (202.64492019117705, 1.0, 0.0)
19.15999999999968 (202.8734913085006, 1.0, 0.0)
19.17999999999968 (203.10206243018155, 1.0, 0.0)
19.19999999999968 (203.33063355615894, 1.0, 0.0)
19.21999999999968 (203.55920468637265, 1.0, 0.0)
19.23999999999968 (203.78777582076344, 1.0, 0.0)
19.25999999999968 (204.01634695927277, 1.0, 0.0)
19.279999999999678 (204.24491810184298, 1.0, 0.0)
19.299999999999677 (204.47348924841714, 1.0, 0.0)
19.319999999999677 (204.7020603989393, 1.0, 0.0)
19.339999999999677 (204.9306315533541, 1.0, 0.0)
19.359999999999676 (205.15920271160707, 1.0, 0.0)
19.379999999999676 (205.38777387364456, 1.0, 0.0)
19.399999999999675 (205.6163450394135, 1.0, 0.0)
19.419999999999675 (205.84491620886166, 1.0, 0.0)
19.439999999999674 (206.07348738193758, 1.0, 0.0)
19.459999999999674 (206.30205855859043, 1.0, 0.0)
19.479999999999674 (206.5306297387702, 1.0, 0.0)
19.499999999999673 (206.7592009224274, 1.0, 0.0)
19.519999999999673 (206.9877721095134, 1.0, 0.0)
19.539999999999672 (207.21634329998022, 1.0, 0.0)
19.559999999999672 (207.44491449378046, 1.0, 0.0)
19.57999999999967 (207.6734856908675, 1.0, 0.0)
19.59999999999967 (207.9020568911953, 1.0, 0.0)
19.61999999999967 (208.1306280947186, 1.0, 0.0)
19.63999999999967 (208.3591993013925, 1.0, 0.0)
19.65999999999967 (208.587770511173, 1.0, 0.0)
19.67999999999967 (208.81634172401658, 1.0, 0.0)
19.69999999999967 (209.04491293988036, 1.0, 0.0)
19.71999999999967 (209.27348415872206, 1.0, 0.0)
19.739999999999668 (209.50205538049994, 1.0, 0.0)
19.759999999999668 (209.73062660517297, 1.0, 0.0)
19.779999999999667 (209.95919783270057, 1.0, 0.0)
19.799999999999667 (210.1877690630427, 1.0, 0.0)
19.819999999999666 (210.41634029616006, 1.0, 0.0)
19.839999999999666 (210.64491153201385, 1.0, 0.0)
19.859999999999665 (210.87348277056566, 1.0, 0.0)
19.879999999999665 (211.10205401177774, 1.0, 0.0)
19.899999999999665 (211.3306252556128, 1.0, 0.0)
19.919999999999664 (211.55919650203424, 1.0, 0.0)
19.939999999999664 (211.7877677510058, 1.0, 0.0)
19.959999999999663 (212.01633900249175, 1.0, 0.0)
19.979999999999663 (212.24491025645688, 1.0, 0.0)
19.999999999999662 (212.4734815128665, 1.0, 0.0)
