0.0 (13.125, 1.0, 0.0)
0.21999999999999997 (13.105885764948969, 1.0, 0.028435821200491002)
0.4200000000000001 (13.103536862774051, 1.0, 0.039348916170094124)
0.6200000000000002 (13.104141474258583, 1.0, 0.039060272751492035)
0.8200000000000004 (13.104423904081843, 1.0, 0.05281540075916623)
1.0200000000000005 (13.104515757901208, 1.0, 0.060921360543145106)
1.2200000000000006 (13.104194852509321, 1.0, 0.06405074409499112)
1.4200000000000008 (13.103392315702603, 1.0, 0.06380236993034147)
1.620000000000001 (13.102279946220674, 1.0, 0.05847355140747373)
1.8200000000000012 (13.100718830379922, 1.0, 0.060554005128149235)
2.0200000000000014 (13.09861979760496, 1.0, 0.06076261137326753)
2.2200000000000015 (13.095895083939777, 1.0, 0.06168286660777155)
2.4200000000000017 (13.092904929633011, 1.0, 0.06145030769416478)
2.620000000000002 (13.089742580640765, 1.0, 0.05707173180426765)
2.820000000000002 (13.086398649224408, 1.0, 0.052416776655482764)
3.0200000000000022 (13.083036252656278, 1.0, 0.04626901541019638)
3.2200000000000024 (13.079607210779743, 1.0, 0.03960382446125256)
3.4200000000000026 (13.076091817600101, 1.0, 0.0332546396539335)
3.6200000000000028 (13.072523999257402, 1.0, 0.03128558272345913)
3.820000000000003 (13.06942599118003, 1.0, 0.02764223350703844)
4.040000000000002 (13.066407581803295, 1.0, 0.02038971749704648)
4.259999999999997 (13.063383327184033, 1.0, 0.006847241669409192)
4.479999999999992 (13.060456487614031, 1.0, -0.014106113462346696)
4.699999999999988 (13.058103312391609, 1.0, -0.022127606226485536)
4.919999999999983 (13.055680557636105, 1.0, -0.027893521780145352)
5.139999999999978 (13.053263476938968, 1.0, -0.022747919831241237)
5.359999999999974 (13.051092208583896, 1.0, -0.03059300058716884)
5.579999999999969 (13.048666748616538, 1.0, -0.03722742561567419)
5.799999999999964 (13.045699667858866, 1.0, -0.05091219407610041)
6.01999999999996 (13.042367860630664, 1.0, -0.06286143660639443)
6.239999999999955 (13.038703103806055, 1.0, -0.06539715699957435)
6.45999999999995 (13.034574007746212, 1.0, -0.06394169298424805)
6.6799999999999455 (13.030156392574566, 1.0, -0.06070782214134361)
6.899999999999941 (13.02520280728354, 1.0, -0.06197295512489201)
7.119999999999936 (13.019630746620381, 1.0, -0.061990809361535795)
7.3399999999999315 (13.013479966897487, 1.0, -0.06331235715091442)
7.559999999999927 (13.007294376723424, 1.0, -0.059121447776347556)
7.779999999999922 (13.000930974092796, 1.0, -0.053935865801449906)
7.999999999999917 (12.994550553298318, 1.0, -0.047300217685087215)
8.219999999999914 (12.988095264791998, 1.0, -0.04004989720925924)
8.439999999999909 (12.98164698366941, 1.0, -0.03305386705236184)
8.659999999999904 (12.97520446172654, 1.0, -0.03120954217850995)
8.8799999999999 (12.969538223387843, 1.0, -0.025841091786602807)
9.099999999999895 (12.964137144214693, 1.0, -0.018054694508925946)
9.31999999999989 (12.958811477181738, 1.0, -0.0012939828084943925)
9.539999999999885 (12.953778698980543, 1.0, 0.016167357209698936)
9.75999999999988 (12.949160602814562, 1.0, 0.024376778578302814)
9.979999999999876 (12.944562488038168, 1.0, 0.027359460792382273)
10.199999999999871 (12.940108817038128, 1.0, 0.024629997351418118)
10.419999999999867 (12.935814231364413, 1.0, 0.03255566589500767)
10.639999999999862 (12.931245110477727, 1.0, 0.04032729826404179)
10.859999999999857 (12.926096885068716, 1.0, 0.05594940752511383)
11.079999999999853 (12.920828186461346, 1.0, 0.06346978412328096)
11.299999999999848 (12.915139133618583, 1.0, 0.06572608575045376)
11.519999999999843 (12.909068795782463, 1.0, 0.06212111424111095)
11.739999999999839 (12.902786983910802, 1.0, 0.061163306114609156)
11.959999999999834 (12.895902195271098, 1.0, 0.061609862698994364)
12.17999999999983 (12.888428987677694, 1.0, 0.061998181181926376)
12.399999999999824 (12.880597504464978, 1.0, 0.06231862306762261)
12.61999999999982 (12.872696032367816, 1.0, 0.05734265655727602)
12.839999999999815 (12.864745307091233, 1.0, 0.05179680591173505)
13.05999999999981 (12.856798940923609, 1.0, 0.04474037787490863)
13.279999999999806 (12.848831897763512, 1.0, 0.03734750296404935)
13.499999999999801 (12.840912336365436, 1.0, 0.03175034578218523)
13.719999999999796 (12.83318705412279, 1.0, 0.02995632310510718)
13.939999999999792 (12.826201033317345, 1.0, 0.022941972959265013)
14.159999999999787 (12.819452720905579, 1.0, 0.01376496238392279)
14.379999999999782 (12.812688407979897, 1.0, -0.0054463140304168295)
14.599999999999778 (12.806628241125182, 1.0, -0.019912859185947422)
14.819999999999773 (12.800679284960411, 1.0, -0.027182158989873206)
15.039999999999768 (12.794825570738377, 1.0, -0.027123913808596342)
15.259999999999764 (12.789264870973156, 1.0, -0.02815654573517916)
15.479999999999759 (12.783707857691754, 1.0, -0.03506390263147815)
15.699999999999754 (12.777841293987507, 1.0, -0.044806730329829486)
15.91999999999975 (12.771457723045723, 1.0, -0.06126346129054869)
16.139999999999745 (12.765025128980266, 1.0, -0.06498269390194214)
16.35999999999974 (12.758134312755134, 1.0, -0.066439447135602)
16.579999999999735 (12.750959071036377, 1.0, -0.06111260652257892)
16.79999999999973 (12.743447160283022, 1.0, -0.06232162234999183)
17.019999999999726 (12.73542467640013, 1.0, -0.06226586693302173)
17.23999999999972 (12.726780625278687, 1.0, -0.06316424278809048)
17.459999999999717 (12.718012239979114, 1.0, -0.06169439752804943)
17.679999999999712 (12.709107295852872, 1.0, -0.05666200957980963)
17.899999999999707 (12.7002373313442, 1.0, -0.05052634921914997)
18.119999999999703 (12.69139740721918, 1.0, -0.04336224634985869)
18.339999999999698 (12.682578473277408, 1.0, -0.03584871006728612)
18.559999999999693 (12.673805459148165, 1.0, -0.03144230285007783)
18.77999999999969 (12.665435448091676, 1.0, -0.028988342460576036)
18.999999999999684 (12.657749501824611, 1.0, -0.021475478510813283)
19.21999999999968 (12.650237206825498, 1.0, -0.009553222569917716)
19.439999999999674 (12.642713910650746, 1.0, 0.012174628051857246)
19.65999999999967 (12.636042562033573, 1.0, 0.021238652127998976)
19.879999999999665 (12.629383625763234, 1.0, 0.028180699472353528)
