0.0 [0.0, 1.0, 0.0]
0.21999999999999997 [0.0029066654327887798, 1.0, 3.767427256867045e-05]
0.4200000000000001 [0.010913877815215023, 1.0, 0.0022770145824174692]
0.6200000000000002 [0.06062350470920047, 1.0, 0.008676303146440162]
0.8200000000000004 [0.19760933163739153, 1.0, 0.01732853330066672]
1.0200000000000005 [0.364434028778727, 1.0, -0.017592358361461335]
1.2200000000000006 [0.52397154493913, 1.0, -0.08069667051070786]
1.4200000000000008 [0.683896836160339, 1.0, -0.1467721413744142]
1.620000000000001 [0.8731008079438525, 1.0, -0.20529979872060589]
1.8200000000000012 [1.0755921773433124, 1.0, -0.23595156682837992]
2.0200000000000014 [1.265956942163777, 1.0, -0.21802633166150318]
2.2200000000000015 [1.4384741727877959, 1.0, -0.17144662355134532]
2.4200000000000017 [1.6340344649557579, 1.0, -0.12902802963369822]
2.620000000000002 [1.8502396711940208, 1.0, -0.1204162275900269]
2.820000000000002 [2.0464362457593075, 1.0, -0.16203492771976985]
3.0200000000000022 [2.21604021568086, 1.0, -0.23052214939462565]
3.2200000000000024 [2.401182457118577, 1.0, -0.295799832050107]
3.4200000000000026 [2.611400172601759, 1.0, -0.33588558285130665]
3.6200000000000028 [2.812778920612583, 1.0, -0.3292265788406742]
3.820000000000003 [2.9902712432548677, 1.0, -0.28653440210395537]
4.040000000000002 [3.196871357565146, 1.0, -0.2415967167268066]
4.259999999999997 [3.433354418106367, 1.0, -0.22752165915533634]
4.479999999999992 [3.650766768755226, 1.0, -0.26987809599041523]
4.699999999999988 [3.8374809343993053, 1.0, -0.347566170090265]
4.919999999999983 [4.045935275239146, 1.0, -0.42287555802287385]
5.139999999999978 [4.278376632264261, 1.0, -0.460986309111495]
5.359999999999974 [4.49321054658252, 1.0, -0.43914699841976945]
5.579999999999969 [4.690405292832958, 1.0, -0.3915629033077736]
5.799999999999964 [4.917550991895417, 1.0, -0.357116916633671]
6.01999999999996 [5.150549692514826, 1.0, -0.3713311005634249]
6.239999999999955 [5.3513387806531165, 1.0, -0.43835406976813224]
6.45999999999995 [5.539855796460075, 1.0, -0.5174490501260538]
6.6799999999999455 [5.76411980560669, 1.0, -0.5844892046439423]
6.899999999999941 [5.992436105097298, 1.0, -0.5997274336094573]
7.119999999999936 [6.19495379058454, 1.0, -0.5611407667838303]
7.3399999999999315 [6.398101202167897, 1.0, -0.5177320795582951]
7.559999999999927 [6.633612743288899, 1.0, -0.5001706073293182]
7.779999999999922 [6.853869350265224, 1.0, -0.536884614902956]
7.999999999999917 [7.038945682523309, 1.0, -0.6143827029090971]
8.219999999999914 [7.2375493233901, 1.0, -0.6920683359764206]
8.439999999999909 [7.468724448464817, 1.0, -0.7399840771453642]
8.659999999999904 [7.688461217175598, 1.0, -0.7291887862766717]
8.8799999999999 [7.885416241920365, 1.0, -0.6831773912643284]
9.099999999999895 [8.106420866221004, 1.0, -0.6451363704308638]
9.31999999999989 [8.341890217918086, 1.0, -0.6499643305416638]
9.539999999999885 [8.54883483760699, 1.0, -0.7104110753354078]
9.75999999999988 [8.735772202666489, 1.0, -0.7897947800567306]
9.979999999999876 [8.95528297471664, 1.0, -0.8607181225073357]
