0.0 [0.0, 1.0, 0.0]
0.21999999999999997 [0.04321237201762901, 1.0, 0.007632756752874635]
0.4200000000000001 [0.2731430987477829, 1.0, 0.05998796103280438]
0.6200000000000002 [0.6328598651740208, 1.0, 0.002895427475182538]
0.8200000000000004 [0.9745554695284424, 1.0, -0.11647746947620655]
1.0200000000000005 [1.3615254257965055, 1.0, -0.19473613974222237]
1.2200000000000006 [1.8104277796279178, 1.0, -0.2612148211634028]
1.4200000000000008 [2.3019204494509786, 1.0, -0.3126515467812756]
1.620000000000001 [2.821661117219563, 1.0, -0.3006335528107709]
1.8200000000000012 [3.373416588434112, 1.0, -0.2180256733304466]
2.0200000000000014 [3.9562724194566856, 1.0, -0.128038926188449]
2.2200000000000015 [4.525778869299519, 1.0, -0.1258036551753147]
2.4200000000000017 [5.0408147271821075, 1.0, -0.2397623822342617]
2.620000000000002 [5.54267334201262, 1.0, -0.4217386084278898]
2.820000000000002 [6.078798703010143, 1.0, -0.6029806602032249]
3.0200000000000022 [6.60124715301993, 1.0, -0.7212869593964142]
3.2200000000000024 [7.108637308678693, 1.0, -0.7416478195115797]
3.4200000000000026 [7.63461962436872, 1.0, -0.6756153773623396]
3.6200000000000028 [8.18279089351163, 1.0, -0.5960771300628807]
3.820000000000003 [8.723702893230179, 1.0, -0.5649006471588728]
4.040000000000002 [9.2995501415798, 1.0, -0.6527858031461741]
4.259999999999997 [9.857972071833354, 1.0, -0.8579323630585012]
4.479999999999992 [10.438193114820228, 1.0, -1.0738305177888567]
4.699999999999988 [11.020055960501972, 1.0, -1.2101102010706017]
4.919999999999983 [11.586251412031972, 1.0, -1.2161024039821005]
5.139999999999978 [12.163672488210238, 1.0, -1.1383695098866164]
5.359999999999974 [12.780023367684711, 1.0, -1.0718524130192917]
5.579999999999969 [13.377379031383729, 1.0, -1.098598747510644]
5.799999999999964 [13.925056672939114, 1.0, -1.2507578940896384]
6.01999999999996 [14.467723996956803, 1.0, -1.4616099264414006]
6.239999999999955 [15.050541848055362, 1.0, -1.6528631255975363]
6.45999999999995 [15.641206411301338, 1.0, -1.7349340346351383]
6.6799999999999455 [16.219872589736465, 1.0, -1.6829835882505262]
6.899999999999941 [16.809276841988904, 1.0, -1.594243284879437]
7.119999999999936 [17.41475873679004, 1.0, -1.548528624485464]
7.3399999999999315 [17.99717611574149, 1.0, -1.621176392274237]
7.559999999999927 [18.552812345140637, 1.0, -1.8138097392588979]
7.779999999999922 [19.12289521794196, 1.0, -2.0300318998562816]
7.999999999999917 [19.703497991872702, 1.0, -2.1856061531168076]
8.219999999999914 [20.277117292262027, 1.0, -2.2137568630751727]
8.439999999999909 [20.85909659933293, 1.0, -2.1362570640851235]
8.659999999999904 [21.470870241450754, 1.0, -2.0584419804086025]
8.8799999999999 [22.067857849580356, 1.0, -2.0617645222554444]
9.099999999999895 [22.621905777744878, 1.0, -2.190524182468588]
9.31999999999989 [23.16775547760258, 1.0, -2.401040303364642]
9.539999999999885 [23.75475796082433, 1.0, -2.601146056782855]
9.75999999999988 [24.343740079504876, 1.0, -2.7004897157860603]
9.979999999999876 [24.9123735639496, 1.0, -2.6687596008991203]
10.199999999999871 [25.3242585097598, 1.0, -2.6753416871882574]
10.419999999999867 [25.567792339075098, 1.0, -2.834296890874362]
10.639999999999862 [25.846878903936318, 1.0, -2.968776432800235]
10.859999999999857 [26.104094169795495, 1.0, -3.020784941478732]
11.079999999999853 [26.308121636151842, 1.0, -3.0537418115382535]
11.299999999999848 [26.465477919670658, 1.0, -3.0795022455193575]
11.519999999999843 [26.586817613902074, 1.0, -3.099394650588264]
11.739999999999839 [26.68038565463816, 1.0, -3.1147471747181]
11.959999999999834 [26.75253865252116, 1.0, -3.1265936690577143]
12.17999999999983 [26.808178114600835, 1.0, -3.135733467914429]
12.399999999999824 [26.851083595588964, 1.0, -3.1427842078336607]
12.61999999999982 [26.88416954779766, 1.0, -3.148222909199141]
12.839999999999815 [26.909683355680237, 1.0, -3.1524178593536822]
13.05999999999981 [26.929358028790546, 1.0, -3.1556533198728607]
13.279999999999806 [26.944529937950854, 1.0, -3.158148651218903]
13.499999999999801 [26.95622959953834, 1.0, -3.16007310326784]
13.719999999999796 [26.965251678882577, 1.0, -3.161557246292811]
13.939999999999792 [26.972208970337423, 1.0, -3.1627018009682653]
14.159999999999787 [26.977574022099464, 1.0, -3.163584456530448]
14.379999999999782 [26.981711233970817, 1.0, -3.16426513388252]
14.599999999999778 [26.984901608765945, 1.0, -3.16479004736814]
14.819999999999773 [26.98736183884705, 1.0, -3.165194838861719]
15.039999999999768 [26.989259024365943, 1.0, -3.1655069957184634]
15.259999999999764 [26.990722023006516, 1.0, -3.1657477160239393]
15.479999999999759 [26.991850202180956, 1.0, -3.165933347362758]
15.699999999999754 [26.99272018817572, 1.0, -3.166076496549205]
15.91999999999975 [26.993391070677383, 1.0, -3.1661868855272437]
16.139999999999745 [26.993908416186574, 1.0, -3.1662720114742364]
16.35999999999974 [26.99430736292128, 1.0, -3.1663376558841514]
16.579999999999735 [26.99461500742143, 1.0, -3.1663882771724126]
16.79999999999973 [26.99485224495673, 1.0, -3.1664273134474845]
17.019999999999726 [26.99503518874039, 1.0, -3.166457416001133]
17.23999999999972 [26.995176264343236, 1.0, -3.1664806293687415]
17.459999999999717 [26.99528505364165, 1.0, -3.166498530185044]
17.679999999999712 [26.995368945620704, 1.0, -3.166512334263784]
17.899999999999707 [26.995433638235546, 1.0, -3.166522979172628]
18.119999999999703 [26.995483525417566, 1.0, -3.166531187910908]
18.339999999999698 [26.995521995510998, 1.0, -3.166537518014658]
18.559999999999693 [26.99555166140976, 1.0, -3.166542399423838]
18.77999999999969 [26.99557453802565, 1.0, -3.1665461636834915]
18.999999999999684 [26.995592179141436, 1.0, -3.1665490664620886]
19.21999999999968 [26.995605782944047, 1.0, -3.1665513049164105]
19.439999999999674 [26.99561627340551, 1.0, -3.166553031082373]
19.65999999999967 [26.995624363039337, 1.0, -3.166554362201279]
19.879999999999665 [26.99563060129452, 1.0, -3.166555388682829]
