0.0 (4.375, 1.0, 0.0)
0.21999999999999997 (3.7708646555461516, 1.0, 0.48263683081950615)
0.4200000000000001 (3.308990622908482, 1.0, 0.7045640025266005)
0.6200000000000002 (3.23089158927466, 1.0, 0.7967322111920161)
0.8200000000000004 (3.7246269376830208, 1.0, 0.46296400618953)
1.0200000000000005 (4.156272638775157, 1.0, -0.06330638631390252)
1.2200000000000006 (4.639432157645553, 1.0, -0.5936149255593139)
1.4200000000000008 (5.218464020039563, 1.0, -1.0374925639567611)
1.620000000000001 (5.861525016857784, 1.0, -1.1484061171767825)
1.8200000000000012 (6.495582745808276, 1.0, -0.8399921585886224)
2.0200000000000014 (7.014106645734605, 1.0, -0.3339456078497025)
2.2200000000000015 (7.502892161647211, 1.0, 0.0803628080526668)
2.4200000000000017 (8.129895535815523, 1.0, 0.07353520782166244)
2.620000000000002 (8.666904423488473, 1.0, -0.3416749022335676)
2.820000000000002 (9.000422370616857, 1.0, -0.9774097247870436)
3.0200000000000022 (9.387658118242909, 1.0, -1.486389597696753)
3.2200000000000024 (10.034366396692683, 1.0, -1.697484789890968)
3.4200000000000026 (10.675998819077162, 1.0, -1.4587730536512)
3.6200000000000028 (11.149513276152144, 1.0, -0.9272878366140103)
3.820000000000003 (11.65378158772419, 1.0, -0.49299597046515187)
4.040000000000002 (12.401536910629837, 1.0, -0.38562473421817317)
4.259999999999997 (13.003533755835434, 1.0, -0.7770105480965881)
4.479999999999992 (13.384397629753705, 1.0, -1.4547431753094162)
4.699999999999988 (13.828226509942724, 1.0, -2.0089154875123585)
4.919999999999983 (14.524503041932908, 1.0, -2.181769966272308)
5.139999999999978 (15.203302695481563, 1.0, -1.8588949726379331)
5.359999999999974 (15.763515358509093, 1.0, -1.3016141844408358)
5.579999999999969 (16.358809048235347, 1.0, -0.9132972152161672)
5.799999999999964 (17.013517590409585, 1.0, -1.0077570737323343)
6.01999999999996 (17.54466599675445, 1.0, -1.5484759102800671)
6.239999999999955 (18.004469823161863, 1.0, -2.178299768496005)
6.45999999999995 (18.597258835773612, 1.0, -2.607155592743945)
6.6799999999999455 (19.2298132522187, 1.0, -2.544175354669119)
6.899999999999941 (19.787178333021323, 1.0, -2.034237054329597)
7.119999999999936 (20.354908852052333, 1.0, -1.54428073374202)
7.3399999999999315 (21.094095547823176, 1.0, -1.3711528314180896)
7.559999999999927 (21.70518296070484, 1.0, -1.692540388239127)
7.779999999999922 (22.08654705131728, 1.0, -2.349678174170648)
7.999999999999917 (22.516117867713593, 1.0, -2.928381335517675)
8.219999999999914 (23.215093834887014, 1.0, -3.173789381429786)
8.439999999999909 (23.899062430852137, 1.0, -2.9026399359820263)
8.659999999999904 (24.434953222433837, 1.0, -2.3317504598367713)
8.8799999999999 (25.010811679837083, 1.0, -1.9051549806436248)
9.099999999999895 (25.712622344735202, 1.0, -1.9215804788116613)
9.31999999999989 (26.284035042391068, 1.0, -2.409776049224674)
9.539999999999885 (26.712960772073583, 1.0, -3.0694725061038453)
9.75999999999988 (27.22549328150945, 1.0, -3.5619330160713094)
9.979999999999876 (27.88277984268014, 1.0, -3.580613578896449)
10.199999999999871 (28.797843805378754, 1.0, -3.887666700777569)
10.419999999999867 (29.456665180072278, 1.0, -4.03024888766396)
10.639999999999862 (30.044704722333673, 1.0, -3.948171712599552)
10.859999999999857 (30.413145891284056, 1.0, -3.770925258472029)
11.079999999999853 (30.62414993537911, 1.0, -3.769464913398179)
11.299999999999848 (30.7814444704527, 1.0, -3.7956212478325386)
11.519999999999843 (30.902679867875246, 1.0, -3.8161443435097193)
11.739999999999839 (30.99616744912008, 1.0, -3.831983022201309)
11.959999999999834 (31.068258375403815, 1.0, -3.84420433548696)
12.17999999999983 (31.123849956068426, 1.0, -3.8536331282463885)
12.399999999999824 (31.1667185045378, 1.0, -3.860906696886557)
12.61999999999982 (31.19977597109398, 1.0, -3.8665172149997815)
12.839999999999815 (31.225267809263162, 1.0, -3.8708446508393677)
13.05999999999981 (31.24492553868514, 1.0, -3.8741822710245213)
13.279999999999806 (31.260084380715114, 1.0, -3.8767563786397368)
13.499999999999801 (31.27177396501185, 1.0, -3.878741576389431)
13.719999999999796 (31.280788272931346, 1.0, -3.8802725617906333)
13.939999999999792 (31.28773957127506, 1.0, -3.8814532378834934)
14.159999999999787 (31.293100001355416, 1.0, -3.8823637477664734)
14.379999999999782 (31.297233649169662, 1.0, -3.883065904503719)
14.599999999999778 (31.300421275520677, 1.0, -3.8836073814950915)
14.819999999999773 (31.30287938613147, 1.0, -3.884024945713679)
15.039999999999768 (31.304774937220238, 1.0, -3.8843469521012026)
15.259999999999764 (31.30623667547273, 1.0, -3.8845952677611346)
15.479999999999759 (31.307363882702848, 1.0, -3.8847867561772436)
15.699999999999754 (31.308233119186923, 1.0, -3.8849344219901654)
15.91999999999975 (31.30890342370729, 1.0, -3.8850482939213924)
16.139999999999745 (31.30942032350959, 1.0, -3.8851361057154805)
16.35999999999974 (31.309818926540263, 1.0, -3.885203821292191)
16.579999999999735 (31.310126305995386, 1.0, -3.8852560397424765)
16.79999999999973 (31.310363339143095, 1.0, -3.8852963076552127)
17.019999999999726 (31.310546125314758, 1.0, -3.8853273599757228)
17.23999999999972 (31.310687079376304, 1.0, -3.8853513057480153)
17.459999999999717 (31.310795774949074, 1.0, -3.88536977135205)
17.679999999999712 (31.310879594652327, 1.0, -3.885384010962145)
17.899999999999707 (31.310944231532254, 1.0, -3.8853949917273827)
18.119999999999703 (31.310994075734733, 1.0, -3.8854034594585474)
18.339999999999698 (31.311032512684847, 1.0, -3.8854099892825276)
18.559999999999693 (31.311062153025393, 1.0, -3.8854150247043218)
18.77999999999969 (31.31108500993227, 1.0, -3.885418907729541)
18.999999999999684 (31.31110263584962, 1.0, -3.8854219020932312)
19.21999999999968 (31.311116227932068, 1.0, -3.8854242111726474)
19.439999999999674 (31.31112670935563, 1.0, -3.885425991800577)
19.65999999999967 (31.311134792019956, 1.0, -3.885427364917381)
19.879999999999665 (31.311141024900657, 1.0, -3.8854284237852688)
