0.0 [0.0, 1.0, 0.0]
0.21999999999999997 [0.00027403241439205583, 1.0, -2.857599704016167e-05]
0.4200000000000001 [-0.002338488133849348, 1.0, 0.0008518184567058232]
0.6200000000000002 [-0.012146680478312966, 1.0, 0.0009719565077870307]
0.8200000000000004 [-0.00898972198711806, 1.0, 0.003006768614438767]
1.0200000000000005 [0.023652629674040304, 1.0, 0.0026511099705182964]
1.2200000000000006 [0.07819180862159009, 1.0, -0.0025294439976928373]
1.4200000000000008 [0.14271719969422458, 1.0, -0.004743820854784198]
1.620000000000001 [0.21086981227924345, 1.0, -0.005097821486840515]
1.8200000000000012 [0.28847439635470834, 1.0, -0.013064263312078328]
2.0200000000000014 [0.37600260641940636, 1.0, -0.02709219798616848]
2.2200000000000015 [0.46559157903947607, 1.0, -0.038456859255045724]
2.4200000000000017 [0.5461181293825239, 1.0, -0.049364649392199374]
2.620000000000002 [0.6282534720278214, 1.0, -0.05555256045372882]
2.820000000000002 [0.722115745688268, 1.0, -0.06203608669925832]
3.0200000000000022 [0.8213566671577643, 1.0, -0.07793009193646026]
3.2200000000000024 [0.9221367561208123, 1.0, -0.1005855790084191]
3.4200000000000026 [1.0379380110600924, 1.0, -0.1266296048172207]
3.6200000000000028 [1.170961277991121, 1.0, -0.14662071721273578]
3.820000000000003 [1.3093719085509468, 1.0, -0.16248275932464007]
4.040000000000002 [1.4583136752775228, 1.0, -0.18133096897710776]
4.259999999999997 [1.611219351335035, 1.0, -0.1961786403318686]
4.479999999999992 [1.776788756840654, 1.0, -0.20753875088826929]
4.699999999999988 [1.9520906190895801, 1.0, -0.23288537365854273]
4.919999999999983 [2.1258118501411607, 1.0, -0.26451282652500613]
5.139999999999978 [2.3137170057729604, 1.0, -0.2967354538202486]
5.359999999999974 [2.5245840420530943, 1.0, -0.3211527628509409]
5.579999999999969 [2.739392258449292, 1.0, -0.3408665748337277]
5.799999999999964 [2.9474103043074362, 1.0, -0.35816128696043775]
6.01999999999996 [3.156855581036496, 1.0, -0.3679444654190632]
6.239999999999955 [3.3632537805200733, 1.0, -0.38521903388578976]
6.45999999999995 [3.5532335645962414, 1.0, -0.4004235932106335]
6.6799999999999455 [3.7295531098604484, 1.0, -0.3989086812407853]
6.899999999999941 [3.90341535719955, 1.0, -0.40199850047942054]
7.119999999999936 [4.078803931101435, 1.0, -0.4176443802047129]
7.3399999999999315 [4.24947450307747, 1.0, -0.4291103061937916]
7.559999999999927 [4.427911015187871, 1.0, -0.4327162600230676]
7.779999999999922 [4.620937668339073, 1.0, -0.4394734078494053]
7.999999999999917 [4.813509338572418, 1.0, -0.44904443762060475]
8.219999999999914 [4.997121122199086, 1.0, -0.4544812972958073]
8.439999999999909 [5.178058269094278, 1.0, -0.4588555147313114]
8.659999999999904 [5.361572556991636, 1.0, -0.46023017201086897]
8.8799999999999 [5.551209038955599, 1.0, -0.43936269405213035]
9.099999999999895 [5.735105366901554, 1.0, -0.4094709191840394]
9.31999999999989 [5.927910617520277, 1.0, -0.38494446823205813]
9.539999999999885 [6.139601290176013, 1.0, -0.3668528609496167]
9.75999999999988 [6.354534328313269, 1.0, -0.35037239144288657]
9.979999999999876 [6.565882372280275, 1.0, -0.33611260723532016]
10.199999999999871 [6.782014628320486, 1.0, -0.3293961469992802]
10.419999999999867 [6.992913927536441, 1.0, -0.31470812477220733]
10.639999999999862 [7.195648447242969, 1.0, -0.2989607758327814]
10.859999999999857 [7.391844219028385, 1.0, -0.2909399845823125]
11.079999999999853 [7.584941462475211, 1.0, -0.2803564235246703]
11.299999999999848 [7.775483960404555, 1.0, -0.26421243262901334]
11.519999999999843 [7.962810813530429, 1.0, -0.24322179968865015]
11.739999999999839 [8.146221194025882, 1.0, -0.21940721697268795]
11.959999999999834 [8.32600726474648, 1.0, -0.1939160603006168]
12.17999999999983 [8.502667966824314, 1.0, -0.1671900480173365]
12.399999999999824 [8.67641483970269, 1.0, -0.13971513632288501]
12.61999999999982 [8.847362701053866, 1.0, -0.11188265522294938]
12.839999999999815 [9.01560134027636, 1.0, -0.0839565124241667]
13.05999999999981 [9.181203557612417, 1.0, -0.05611227492055036]
13.279999999999806 [9.344230554247893, 1.0, -0.028465281416438712]
13.499999999999801 [9.504735552801366, 1.0, -0.0010900122983251853]
13.719999999999796 [9.662766239066187, 1.0, 0.025966611838758757]
13.939999999999792 [9.818366412360518, 1.0, 0.05267613582486387]
14.159999999999787 [9.971577101700934, 1.0, 0.07902237780203446]
14.379999999999782 [10.122437320273708, 1.0, 0.10499723404173575]
14.599999999999778 [10.270984574667548, 1.0, 0.13059785283950814]
14.819999999999773 [10.417255207874486, 1.0, 0.1558247432914087]
15.039999999999768 [10.561284629795635, 1.0, 0.1806805195918068]
15.259999999999764 [10.703107471835063, 1.0, 0.20516907513838628]
15.479999999999759 [10.842757690474992, 1.0, 0.22929504559984143]
15.699999999999754 [10.98026863674179, 1.0, 0.2530634649115081]
15.91999999999975 [11.115673103016173, 1.0, 0.2764795490225493]
16.139999999999745 [11.24900335491498, 1.0, 0.2995485633973089]
16.35999999999974 [11.380291153431639, 1.0, 0.3222757447544268]
16.579999999999735 [11.50956777079513, 1.0, 0.3446662573864658]
16.79999999999973 [11.636864002337413, 1.0, 0.3667251710827471]
17.019999999999726 [11.76221017587031, 1.0, 0.38845745217873057]
17.23999999999972 [11.885636159544065, 1.0, 0.4098679622678315]
17.459999999999717 [12.007171368807642, 1.0, 0.43096146111255207]
17.679999999999712 [12.126844772858583, 1.0, 0.4517426116085781]
17.899999999999707 [12.244684900818347, 1.0, 0.47221598551221045]
18.119999999999703 [12.360719847771316, 1.0, 0.49238606919099726]
18.339999999999698 [12.474977280743676, 1.0, 0.5122572690034364]
18.559999999999693 [12.58748444465991, 1.0, 0.5318339161261677]
18.77999999999969 [12.698268168291648, 1.0, 0.5511202707731718]
18.999999999999684 [12.80735487020042, 1.0, 0.5701205258224141]
19.21999999999968 [12.914770564668743, 1.0, 0.5888388099018406]
19.439999999999674 [13.020540867610876, 1.0, 0.6072791900020855]
19.65999999999967 [13.12469100245352, 1.0, 0.6254456736864816]
19.879999999999665 [13.227245805977105, 1.0, 0.6433422109654204]
