0.0 (4.375, 1.0, 0.0)
0.21999999999999997 (4.297997438907736, 1.0, 0.15696819926802136)
0.4200000000000001 (4.062081182461139, 1.0, 0.3761589278347654)
0.6200000000000002 (3.7813337921284225, 1.0, 0.3500385791622358)
0.8200000000000004 (3.398481552549605, 1.0, 0.09860572925847125)
1.0200000000000005 (3.136163678399157, 1.0, -0.22864529703687633)
1.2200000000000006 (2.9096243207029264, 1.0, -0.5008985808464698)
1.4200000000000008 (2.9651984131800755, 1.0, -0.6593157881617994)
1.620000000000001 (3.1868601391221034, 1.0, -0.67191244999888)
1.8200000000000012 (3.641501727168629, 1.0, -0.7213950425976825)
2.0200000000000014 (4.120704847310319, 1.0, -0.7133093313218793)
2.2200000000000015 (4.487511339337266, 1.0, -0.7098980229874399)
2.4200000000000017 (4.4917289140969, 1.0, -0.7016069873189662)
2.620000000000002 (4.249718561525307, 1.0, -0.7176969707963925)
2.820000000000002 (4.113552919721547, 1.0, -0.8936736456794618)
3.0200000000000022 (4.236116804164496, 1.0, -1.034060577888049)
3.2200000000000024 (4.331172075816713, 1.0, -0.9690168095542728)
3.4200000000000026 (4.348470470586388, 1.0, -0.6823416374910691)
3.6200000000000028 (4.436586854183572, 1.0, -0.41173661506232034)
3.820000000000003 (4.589634875606335, 1.0, -0.2556544387141821)
4.040000000000002 (4.936561246834295, 1.0, -0.2950652400360307)
4.259999999999997 (5.368310322945908, 1.0, -0.5284248299969049)
4.479999999999992 (5.779016051113846, 1.0, -0.8782753539519259)
4.699999999999988 (5.99417731478591, 1.0, -1.1449057171299128)
4.919999999999983 (5.996928816308161, 1.0, -1.0402989796533715)
5.139999999999978 (5.853851715472586, 1.0, -0.6802034778961514)
5.359999999999974 (5.694220966748121, 1.0, -0.2932329939369155)
5.579999999999969 (5.791671231371073, 1.0, -0.09760657737415805)
5.799999999999964 (6.012654539034296, 1.0, -0.16822295144494276)
6.01999999999996 (6.394923759801355, 1.0, -0.2287696504935951)
6.239999999999955 (6.886690445379916, 1.0, -0.23984729719474898)
6.45999999999995 (7.3481808073578465, 1.0, -0.04733434970636542)
6.6799999999999455 (7.379799486585684, 1.0, -0.0188206785325574)
6.899999999999941 (7.2167817939207675, 1.0, 0.11629099468764004)
7.119999999999936 (7.156438923441969, 1.0, 0.2755719638284932)
7.3399999999999315 (7.392552086495212, 1.0, 0.3153508650650514)
7.559999999999927 (7.584728797361768, 1.0, 0.0604530901930395)
7.779999999999922 (7.807990973750774, 1.0, -0.1903990256271177)
7.999999999999917 (8.031943399623282, 1.0, -0.3369347592702914)
8.219999999999914 (8.412408152035017, 1.0, -0.24952325294472208)
8.439999999999909 (8.892935447047822, 1.0, 0.03552888478755168)
8.659999999999904 (9.264369072648137, 1.0, 0.4416025532191611)
8.8799999999999 (9.356655603485862, 1.0, 0.7158400322698574)
9.099999999999895 (9.36007566536659, 1.0, 0.5660059260790501)
9.31999999999989 (9.352888526504133, 1.0, 0.19644610504186277)
9.539999999999885 (9.31568260093393, 1.0, -0.1894414206648706)
9.75999999999988 (9.500112857333823, 1.0, -0.35263198108405375)
9.979999999999876 (9.768914890947498, 1.0, -0.24302909114190702)
10.199999999999871 (10.220057654110889, 1.0, -0.20919785451810244)
10.419999999999867 (10.787006097786247, 1.0, -0.23461451014612789)
10.639999999999862 (11.206450912443202, 1.0, -0.17188538005412027)
10.859999999999857 (11.583841627942753, 1.0, 0.028444315187327755)
11.079999999999853 (11.85632613936832, 1.0, 0.26593007855742706)
11.299999999999848 (12.079422693663847, 1.0, 0.48646244599489086)
11.519999999999843 (12.243426900248883, 1.0, 0.6452316413059053)
11.739999999999839 (12.423488371437971, 1.0, 0.6736620670815446)
11.959999999999834 (12.626492776394594, 1.0, 0.6086473410960026)
12.17999999999983 (12.809081934273769, 1.0, 0.6043856392321928)
12.399999999999824 (12.98406548378154, 1.0, 0.624926394788827)
12.61999999999982 (13.155892429719309, 1.0, 0.647790167947902)
12.839999999999815 (13.324750952206, 1.0, 0.6721925059089521)
13.05999999999981 (13.490784565616652, 1.0, 0.6975744975539436)
13.279999999999806 (13.654105600653132, 1.0, 0.7235385738096699)
13.499999999999801 (13.814804418776946, 1.0, 0.7498025088961628)
13.719999999999796 (13.972955775343703, 1.0, 0.7761664899776378)
13.939999999999792 (14.12862325049926, 1.0, 0.8024895568219904)
14.159999999999787 (14.281862354961772, 1.0, 0.8286727541395575)
14.379999999999782 (14.432722718278002, 1.0, 0.8546470896578426)
14.599999999999778 (14.581249636939257, 1.0, 0.8803649307806486)
14.819999999999773 (14.727485173252623, 1.0, 0.9057938604138613)
15.039999999999768 (14.87146893751998, 1.0, 0.9309122907433423)
15.259999999999764 (15.01323864621168, 1.0, 0.9557063331929668)
15.479999999999759 (15.152830521295698, 1.0, 0.9801675656715805)
15.699999999999754 (15.290279576718639, 1.0, 1.0042914405189256)
15.91999999999975 (15.425619824605977, 1.0, 1.0280761497714468)
16.139999999999745 (15.558884424292005, 1.0, 1.0515218167387832)
16.35999999999974 (15.690105790605584, 1.0, 1.074629920328703)
16.579999999999735 (15.819315673100018, 1.0, 1.0974028853248368)
16.79999999999973 (15.946545214550419, 1.0, 1.1198437909471042)
17.019999999999726 (16.071824994648786, 1.0, 1.1419561636860185)
17.23999999999972 (16.19518506312312, 1.0, 1.163743830156809)
17.459999999999717 (16.31665496529297, 1.0, 1.185210812682378)
17.679999999999712 (16.43626376220879, 1.0, 1.2063612552826997)
17.899999999999707 (16.554040046905577, 1.0, 1.227199371292476)
18.119999999999703 (16.670011957861668, 1.0, 1.2477294063561173)
18.339999999999698 (16.784207190440156, 1.0, 1.2679556123505669)
18.559999999999693 (16.896653006866853, 1.0, 1.2878822290701006)
18.77999999999969 (17.007376245139543, 1.0, 1.3075134714215368)
18.999999999999684 (17.116403327149882, 1.0, 1.3268535205291978)
19.21999999999968 (17.223760266218445, 1.0, 1.3459065176123057)
19.439999999999674 (17.329472674185816, 1.0, 1.3646765598270219)
19.65999999999967 (17.433565768161767, 1.0, 1.3831676974997218)
19.879999999999665 (17.536064377005452, 1.0, 1.4013839323446482)
