0.0 [0.0, 1.0, 0.0]
0.21999999999999997 [0.020070663334795957, 1.0, 0.0013522311600063022]
0.4200000000000001 [0.12268248115092828, 1.0, 0.024439828992097592]
0.6200000000000002 [0.3976288926030757, 1.0, 0.03973676641766241]
0.8200000000000004 [0.7690760699113248, 1.0, -0.041982000481518095]
1.0200000000000005 [1.124415207072185, 1.0, -0.1810332513250682]
1.2200000000000006 [1.5117220756073693, 1.0, -0.295892910696416]
1.4200000000000008 [1.9721142559196696, 1.0, -0.3679016346103133]
1.620000000000001 [2.459125742645714, 1.0, -0.3534657843627077]
1.8200000000000012 [2.9379527387219317, 1.0, -0.23981111093762336]
2.0200000000000014 [3.4045488304436087, 1.0, -0.0797533486883326]
2.2200000000000015 [3.9219620058708182, 1.0, 0.05398281318057557]
2.4200000000000017 [4.473976340728471, 1.0, 0.05580974534526134]
2.620000000000002 [4.973472163816585, 1.0, -0.10324434612402619]
2.820000000000002 [5.44247458849703, 1.0, -0.2953232853586733]
3.0200000000000022 [5.932653356963571, 1.0, -0.45577796076597143]
3.2200000000000024 [6.457884092882884, 1.0, -0.498351030846409]
3.4200000000000026 [6.947994873621308, 1.0, -0.4000652799636224]
3.6200000000000028 [7.409516674075991, 1.0, -0.2510095909442563]
3.820000000000003 [7.891664399656092, 1.0, -0.10933775531729684]
4.040000000000002 [8.485724459216023, 1.0, -0.07771145601236837]
4.259999999999997 [9.033792917156834, 1.0, -0.22450392150135226]
4.479999999999992 [9.536543824803056, 1.0, -0.4341885714586122]
4.699999999999988 [10.071615332444068, 1.0, -0.6142223438553381]
4.919999999999983 [10.65209475394598, 1.0, -0.6489465610513785]
5.139999999999978 [11.188716226100146, 1.0, -0.5215891355832329]
5.359999999999974 [11.702869556611116, 1.0, -0.3506635694297603]
5.579999999999969 [12.270578050770617, 1.0, -0.23433767346897139]
5.799999999999964 [12.846910288584784, 1.0, -0.280241545488233]
6.01999999999996 [13.359652045654522, 1.0, -0.46700962024260156]
6.239999999999955 [13.864700140158329, 1.0, -0.6721887923175468]
6.45999999999995 [14.441934508333526, 1.0, -0.7979362591600268]
6.6799999999999455 [15.012629976697209, 1.0, -0.7519300359668053]
6.899999999999941 [15.52965291840265, 1.0, -0.5878358415577309]
7.119999999999936 [16.0497145353735, 1.0, -0.419416257883302]
7.3399999999999315 [16.638469860980667, 1.0, -0.3655927163629794]
7.559999999999927 [17.1891157903408, 1.0, -0.4842967086182154]
7.779999999999922 [17.69043141753394, 1.0, -0.6850779441186587]
7.999999999999917 [18.213725310863193, 1.0, -0.8782828297199688]
8.219999999999914 [18.80294155715849, 1.0, -0.9408500220100842]
8.439999999999909 [19.35181263222656, 1.0, -0.8251324376208921]
8.659999999999904 [19.867609312603687, 1.0, -0.6554790580491812]
8.8799999999999 [20.421941194620658, 1.0, -0.5224980297747732]
9.099999999999895 [21.005059855297866, 1.0, -0.5398727077983525]
9.31999999999989 [21.529649251338743, 1.0, -0.7178804752631769]
9.539999999999885 [22.029215243766686, 1.0, -0.9288199584904245]
9.75999999999988 [22.589074403942423, 1.0, -1.0771945698776553]
9.979999999999876 [23.160285371092538, 1.0, -1.0627894535639018]
10.199999999999871 [23.608167833879047, 1.0, -0.9432673586755673]
10.419999999999867 [23.895743805178434, 1.0, -0.9536803102521922]
10.639999999999862 [24.183250211202388, 1.0, -1.0763198151409463]
10.859999999999857 [24.473298861091774, 1.0, -1.1654645683400535]
11.079999999999853 [24.743851722824438, 1.0, -1.2003440388729125]
11.299999999999848 [24.983908526245667, 1.0, -1.2265723720829986]
11.519999999999843 [25.195975047425634, 1.0, -1.2498133674341074]
11.739999999999839 [25.383307181189814, 1.0, -1.2704034389493302]
11.959999999999834 [25.54879110557418, 1.0, -1.2886294740821957]
12.17999999999983 [25.69497543913235, 1.0, -1.3047579946024042]
12.399999999999824 [25.824111320506386, 1.0, -1.3190273901156688]
12.61999999999982 [25.938187234947627, 1.0, -1.3316496976157317]
12.839999999999815 [26.03895968242652, 1.0, -1.3428132804466886]
13.05999999999981 [26.127980254228238, 1.0, -1.3526853513888646]
13.279999999999806 [26.206619546145774, 1.0, -1.3614142593972007]
13.499999999999801 [26.276088278958422, 1.0, -1.3691315496550365]
13.719999999999796 [26.33745595280907, 1.0, -1.3759538141790786]
13.939999999999792 [26.391667323765837, 1.0, -1.3819843505892218]
14.159999999999787 [26.439556957079013, 1.0, -1.3873146461318442]
14.379999999999782 [26.48186208184473, 1.0, -1.392025703219388]
14.599999999999778 [26.519233945488228, 1.0, -1.3961892217599328]
14.819999999999773 [26.552247843268333, 1.0, -1.399868652476236]
15.039999999999768 [26.581411977516208, 1.0, -1.4031201343086706]
15.259999999999764 [26.60717528323495, 1.0, -1.4059933278988868]
15.479999999999759 [26.629934340718677, 1.0, -1.4085321560866801]
15.699999999999754 [26.650039481752078, 1.0, -1.410775461338631]
15.91999999999975 [26.667800183503577, 1.0, -1.4127575890739008]
16.139999999999745 [26.683489833233647, 1.0, -1.4145089049657344]
16.35999999999974 [26.697349937233724, 1.0, -1.416056253478914]
16.579999999999735 [26.70959383884006, 1.0, -1.4174233641532548]
16.79999999999973 [26.72041000279707, 1.0, -1.4186312114593682]
17.019999999999726 [26.72996491655983, 1.0, -1.419698333432221]
17.23999999999972 [26.738405653221193, 1.0, -1.420641113726801]
17.459999999999717 [26.745862135534395, 1.0, -1.4214740312343463]
17.679999999999712 [26.75244913589634, 1.0, -1.4222098809428985]
17.899999999999707 [26.758268043089036, 1.0, -1.422859969318106]
18.119999999999703 [26.763408422983286, 1.0, -1.4234342871151784]
18.339999999999698 [26.767949397235327, 1.0, -1.4239416622066918]
18.559999999999693 [26.771960861203684, 1.0, -1.4243898947198659]
18.77999999999969 [26.775504559837497, 1.0, -1.4247858765175452]
18.999999999999684 [26.77863503810016, 1.0, -1.4251356968261892]
19.21999999999968 [26.781400480560347, 1.0, -1.42544473560881]
19.439999999999674 [26.78384345307574, 1.0, -1.4257177460982844]
19.65999999999967 [26.78600155798722, 1.0, -1.425958927744408]
19.879999999999665 [26.78790801290982, 1.0, -1.4261719906842378]
