0.0 (4.375, 1.0, 0.0)
0.21999999999999997 (3.8359505850717452, 1.0, 0.49205243567465734)
0.4200000000000001 (3.281714413161253, 1.0, 0.726613659324386)
0.6200000000000002 (3.3266038544937317, 1.0, 0.7882257643544377)
0.8200000000000004 (3.54850344131561, 1.0, 0.5216244107420789)
1.0200000000000005 (3.89859677037579, 1.0, -0.028143316757739588)
1.2200000000000006 (4.399733953889405, 1.0, -0.4860004414020227)
1.4200000000000008 (4.900360563439389, 1.0, -0.8874621198298914)
1.620000000000001 (5.525206432683508, 1.0, -0.8539291372789382)
1.8200000000000012 (6.086310018470006, 1.0, -0.4909519538518245)
2.0200000000000014 (6.555555023614077, 1.0, -0.017133468587150515)
2.2200000000000015 (7.071508853249853, 1.0, 0.4117031645691368)
2.4200000000000017 (7.652260658270952, 1.0, 0.3851954815070499)
2.620000000000002 (8.09821146426373, 1.0, 0.0167299062818991)
2.820000000000002 (8.438198911635, 1.0, -0.5535260080319805)
3.0200000000000022 (8.897741664125073, 1.0, -1.0180331612986715)
3.2200000000000024 (9.51095397703178, 1.0, -1.0976296443890783)
3.4200000000000026 (10.029714834630916, 1.0, -0.7985629553933155)
3.6200000000000028 (10.423050510818811, 1.0, -0.26451097586586125)
3.820000000000003 (10.9830638798912, 1.0, 0.15956224912524386)
4.040000000000002 (11.647355738797765, 1.0, 0.26342504492557106)
4.259999999999997 (12.160512265682181, 1.0, -0.08175672129270944)
4.479999999999992 (12.546898896232424, 1.0, -0.6795319321480391)
4.699999999999988 (13.073655176154219, 1.0, -1.178472753600987)
4.919999999999983 (13.726776273246053, 1.0, -1.2155646419688448)
5.139999999999978 (14.292411827279022, 1.0, -0.8254919391694273)
5.359999999999974 (14.786579014777976, 1.0, -0.2873373387560962)
5.579999999999969 (15.331797702357967, 1.0, 0.14299376079939788)
5.799999999999964 (15.931206464750447, 1.0, 0.028765946749332215)
6.01999999999996 (16.433236293565933, 1.0, -0.46678949193307906)
6.239999999999955 (16.97325571458041, 1.0, -1.000189499792475)
6.45999999999995 (17.515534678643807, 1.0, -1.3796025437419062)
6.6799999999999455 (18.075799852596205, 1.0, -1.2104948261335564)
6.899999999999941 (18.5345289868833, 1.0, -0.6697585072331882)
7.119999999999936 (19.14925157809802, 1.0, -0.20758099933222024)
7.3399999999999315 (19.768899606206155, 1.0, -0.0019466574643994309)
7.559999999999927 (20.299540703374227, 1.0, -0.2912998770938201)
7.779999999999922 (20.69349700582401, 1.0, -0.8902210069916098)
7.999999999999917 (21.252754379313203, 1.0, -1.40180814383534)
8.219999999999914 (21.90255833289263, 1.0, -1.523019428090561)
8.439999999999909 (22.44714089946485, 1.0, -1.195645261302837)
8.659999999999904 (22.908489703575626, 1.0, -0.6295160309177977)
8.8799999999999 (23.479683829887193, 1.0, -0.17903416415534304)
9.099999999999895 (24.12383892796063, 1.0, -0.22096058994229284)
9.31999999999989 (24.635175197051385, 1.0, -0.6665147799083214)
9.539999999999885 (25.101894173335374, 1.0, -1.2272772881732448)
9.75999999999988 (25.609802500704117, 1.0, -1.675007482257207)
9.979999999999876 (26.216643091474182, 1.0, -1.5671967999309315)
10.199999999999871 (27.05750496862595, 1.0, -1.78676887654637)
10.419999999999867 (27.66308086334242, 1.0, -1.9771446456781308)
10.639999999999862 (28.280997136393605, 1.0, -1.9555229917813381)
10.859999999999857 (28.798387681028093, 1.0, -1.7489545180667414)
11.079999999999853 (29.09152113810454, 1.0, -1.6876531437677267)
11.299999999999848 (29.331922840517603, 1.0, -1.7115062035903614)
11.519999999999843 (29.543841392987822, 1.0, -1.7360750511045882)
11.739999999999839 (29.731066749390163, 1.0, -1.7576215341748969)
11.959999999999834 (29.896457789718287, 1.0, -1.7766780297327331)
12.17999999999983 (30.042560071384177, 1.0, -1.793538973775068)
12.399999999999824 (30.171623396461626, 1.0, -1.8084551054775093)
12.61999999999982 (30.28563515411677, 1.0, -1.8216485579315982)
12.839999999999815 (30.386350878034115, 1.0, -1.833316550601094)
13.05999999999981 (30.475321303272334, 1.0, -1.8436341079817729)
13.279999999999806 (30.553916266931754, 1.0, -1.8527564731136648)
13.499999999999801 (30.62334581775281, 1.0, -1.8608212762680705)
13.719999999999796 (30.68467886078908, 1.0, -1.8679504810142495)
13.939999999999792 (30.73885962530856, 1.0, -1.8742521270633334)
14.159999999999787 (30.786722210330996, 1.0, -1.8798218883708682)
14.379999999999782 (30.829003432418226, 1.0, -1.884744463968636)
14.599999999999778 (30.866354174043725, 1.0, -1.8890948178566678)
14.819999999999773 (30.899349407663664, 1.0, -1.8929392830817118)
15.039999999999768 (30.928497050130392, 1.0, -1.8963365439097464)
15.259999999999764 (30.95424578400966, 1.0, -1.8993385088033494)
15.479999999999759 (30.976991966401297, 1.0, -1.901991085763765)
15.699999999999754 (30.997085731771293, 1.0, -1.9043348705077439)
15.91999999999975 (31.01483638286075, 1.0, -1.9064057569297035)
16.139999999999745 (31.030517152750736, 1.0, -1.9082354783547002)
16.35999999999974 (31.04436941146027, 1.0, -1.9098520872183664)
16.579999999999735 (31.056606381887786, 1.0, -1.9112803800149576)
16.79999999999973 (31.067416422340322, 1.0, -1.9125422736314655)
17.019999999999726 (31.076965926213013, 1.0, -1.913657138530371)
17.23999999999972 (31.08540188348035, 1.0, -1.9146420936520039)
17.459999999999717 (31.092854143448726, 1.0, -1.9155122673747862)
17.679999999999712 (31.099437413616535, 1.0, -1.9162810283933707)
17.899999999999707 (31.105253025422297, 1.0, -1.9169601899460702)
18.119999999999703 (31.110390494070188, 1.0, -1.917560190439646)
18.339999999999698 (31.114928896450227, 1.0, -1.9180902531771817)
18.559999999999693 (31.1189380883688, 1.0, -1.9185585275894905)
18.77999999999969 (31.122479779830304, 1.0, -1.918972214098553)
18.999999999999684 (31.12560848492455, 1.0, -1.919337674499505)
19.21999999999968 (31.12837236094385, 1.0, -1.9196605295325893)
19.439999999999674 (31.130813949647933, 1.0, -1.9199457451253463)
19.65999999999967 (31.13297083208798, 1.0, -1.9201977086156714)
19.879999999999665 (31.134876207070498, 1.0, -1.9204202961158547)
