0.0 (4.375, 1.0, 0.0)
0.21999999999999997 (4.318819980804258, 1.0, 0.06682507135453157)
0.4200000000000001 (4.257071218883706, 1.0, 0.19817162901192886)
0.6200000000000002 (4.031478097789226, 1.0, 0.21401764058229955)
0.8200000000000004 (3.6923807902288117, 1.0, 0.10161717371528514)
1.0200000000000005 (3.5168388070048793, 1.0, -0.06528973595729885)
1.2200000000000006 (3.3530249536722287, 1.0, -0.2259321980348282)
1.4200000000000008 (3.230401996001172, 1.0, -0.27572363741621464)
1.620000000000001 (3.1279992217899006, 1.0, -0.22216417870627025)
1.8200000000000012 (3.1929136004708, 1.0, -0.16166831625410188)
2.0200000000000014 (3.467101809346075, 1.0, -0.14876062884361424)
2.2200000000000015 (3.7310389856100845, 1.0, -0.029684772777354318)
2.4200000000000017 (3.894381638304334, 1.0, 0.17881324855511493)
2.620000000000002 (3.8993102085017983, 1.0, 0.31689689200306076)
2.820000000000002 (4.01690258567975, 1.0, 0.33457757287290935)
3.0200000000000022 (4.049216522285143, 1.0, 0.31990371561003744)
3.2200000000000024 (3.9220837878893837, 1.0, 0.43006254745273126)
3.4200000000000026 (3.6091253319148766, 1.0, 0.5643376234202255)
3.6200000000000028 (3.2768965104787506, 1.0, 0.7531754488597081)
3.820000000000003 (2.971356921404864, 1.0, 0.8463266681340188)
4.040000000000002 (2.7390267455390966, 1.0, 0.8422553957635316)
4.259999999999997 (2.61815289463551, 1.0, 0.8171928617800955)
4.479999999999992 (2.662098111780651, 1.0, 0.9997427846882974)
4.699999999999988 (2.8059902532462417, 1.0, 1.1110072090960041)
4.919999999999983 (2.9548757860016637, 1.0, 1.087244874776292)
5.139999999999978 (2.9399167426894173, 1.0, 0.9573138162211413)
5.359999999999974 (2.888278380479476, 1.0, 0.9808924931052804)
5.579999999999969 (2.9724976388409794, 1.0, 1.0181418855421278)
5.799999999999964 (3.1238939996576063, 1.0, 0.9627571440185441)
6.01999999999996 (3.385645832708804, 1.0, 0.9277069475527556)
6.239999999999955 (3.6857975036981188, 1.0, 0.9190089965020801)
6.45999999999995 (3.7972190714374965, 1.0, 0.8538981399610931)
6.6799999999999455 (3.8095335323443593, 1.0, 0.8948373271909223)
6.899999999999941 (3.8944811576916805, 1.0, 1.089294153905127)
7.119999999999936 (3.8067057591700997, 1.0, 1.193672044265506)
7.3399999999999315 (3.7113006697809428, 1.0, 1.1406615004807035)
7.559999999999927 (3.709870278544703, 1.0, 1.0408329461306827)
7.779999999999922 (3.9476721979692893, 1.0, 1.0457823675147158)
7.999999999999917 (4.147021398730201, 1.0, 0.9733206043415551)
8.219999999999914 (4.189463050463836, 1.0, 0.9820181317951511)
8.439999999999909 (4.100762041917698, 1.0, 1.068709398207553)
8.659999999999904 (3.9585994599210363, 1.0, 1.1964598731544824)
8.8799999999999 (3.785610742240534, 1.0, 1.217468608347523)
9.099999999999895 (3.7116324593272085, 1.0, 1.153240404492053)
9.31999999999989 (3.7952695037855313, 1.0, 1.148420986362176)
9.539999999999885 (4.051638057041768, 1.0, 1.206856803071232)
9.75999999999988 (4.221394801849451, 1.0, 1.2219665438449614)
9.979999999999876 (4.175695518928025, 1.0, 1.2902041276667477)
10.199999999999871 (4.041828155063987, 1.0, 1.3165784048718547)
10.419999999999867 (4.109600991616298, 1.0, 1.3769213711083417)
10.639999999999862 (4.287651819955326, 1.0, 1.371690036826175)
10.859999999999857 (4.521043501442763, 1.0, 1.282677478423557)
11.079999999999853 (4.786879211759747, 1.0, 1.101665697847381)
11.299999999999848 (4.958190462203344, 1.0, 0.8617836649078772)
11.519999999999843 (5.025794601270852, 1.0, 0.6649013452627871)
11.739999999999839 (5.04756050675573, 1.0, 0.554267823665088)
11.959999999999834 (5.05801220303149, 1.0, 0.5017186762243061)
12.17999999999983 (5.0725813813972485, 1.0, 0.507480419658118)
12.399999999999824 (5.092494532538376, 1.0, 0.5640350421493876)
12.61999999999982 (5.10939601450491, 1.0, 0.6645658350326344)
12.839999999999815 (5.120104628293824, 1.0, 0.7355943578444938)
13.05999999999981 (5.1352854898939535, 1.0, 0.7470312761421983)
13.279999999999806 (5.1532082367247805, 1.0, 0.7296851355069781)
13.499999999999801 (5.168560329946673, 1.0, 0.7369329332570282)
13.719999999999796 (5.183816661083975, 1.0, 0.744126445745556)
13.939999999999792 (5.199030769006242, 1.0, 0.750632362074691)
14.159999999999787 (5.214197344390152, 1.0, 0.7565301678090246)
14.379999999999782 (5.229311653756363, 1.0, 0.7618901568593892)
14.599999999999778 (5.244369503939416, 1.0, 0.7667743887661427)
14.819999999999773 (5.2593671956556065, 1.0, 0.7712376549168893)
15.039999999999768 (5.274301478761151, 1.0, 0.775328331239723)
15.259999999999764 (5.289169509820328, 1.0, 0.7790891307172018)
15.479999999999759 (5.3039688123510835, 1.0, 0.7825577675136183)
15.699999999999754 (5.318697239933686, 1.0, 0.7857675431162932)
15.91999999999975 (5.333352942237535, 1.0, 0.7887478636645722)
16.139999999999745 (5.347934333929817, 1.0, 0.7915246965583802)
16.35999999999974 (5.3624400663674185, 1.0, 0.7941209734843734)
16.579999999999735 (5.376869001933095, 1.0, 0.7965569461567137)
16.79999999999973 (5.391220190852433, 1.0, 0.798850500327881)
17.019999999999726 (5.4054928503155155, 1.0, 0.8010174329709482)
17.23999999999972 (5.41968634572291, 1.0, 0.8030716969579578)
17.459999999999717 (5.433800173877239, 1.0, 0.8050256170503313)
17.679999999999712 (5.447833947947293, 1.0, 0.8068900805685197)
17.899999999999707 (5.461787384040032, 1.0, 0.8086747057122781)
18.119999999999703 (5.475660289225708, 1.0, 0.8103879901537676)
18.339999999999698 (5.489452550872244, 1.0, 0.8120374422176129)
18.559999999999693 (5.503164127156085, 1.0, 0.8136296966902506)
18.77999999999969 (5.516795038627872, 1.0, 0.8151706170610825)
18.999999999999684 (5.530345360721994, 1.0, 0.8166653857863327)
19.21999999999968 (5.5438152171093815, 1.0, 0.8181185839797875)
19.439999999999674 (5.557204773802487, 1.0, 0.8195342617698101)
19.65999999999967 (5.570514233930452, 1.0, 0.820916000416607)
19.879999999999665 (5.583743833110716, 1.0, 0.8222669671553953)
