0.0 [0.0, 1.0, 0.0]
0.21999999999999997 [0.00483530111489483, 1.0, 8.058352912515554e-05]
0.4200000000000001 [0.019402805805928958, 1.0, 0.004408866481042658]
0.6200000000000002 [0.11062400445932158, 1.0, 0.013668060599665008]
0.8200000000000004 [0.3648151399355362, 1.0, 0.00949419805782084]
1.0200000000000005 [0.6796845286973593, 1.0, -0.07380570337245201]
1.2200000000000006 [0.9938274268372435, 1.0, -0.19019811220722627]
1.4200000000000008 [1.3411545772280253, 1.0, -0.31147820545259575]
1.620000000000001 [1.7535259936411438, 1.0, -0.3843688408384778]
1.8200000000000012 [2.177816673411229, 1.0, -0.3645232357280674]
2.0200000000000014 [2.584039831777733, 1.0, -0.28395132622915975]
2.2200000000000015 [3.0038768915680407, 1.0, -0.1670902043886997]
2.4200000000000017 [3.4923354558495334, 1.0, -0.08132194964417233]
2.620000000000002 [3.9887775231680505, 1.0, -0.11772854641365407]
2.820000000000002 [4.427037812380287, 1.0, -0.237104548564483]
3.0200000000000022 [4.84522565915268, 1.0, -0.38425815027264987]
3.2200000000000024 [5.312049809509896, 1.0, -0.5009595866553755]
3.4200000000000026 [5.787093797309616, 1.0, -0.5104305422190913]
3.6200000000000028 [6.2128315610196, 1.0, -0.4371311332180192]
3.820000000000003 [6.619429101043262, 1.0, -0.32895019587477436]
4.040000000000002 [7.128299953310645, 1.0, -0.22819866795779212]
4.259999999999997 [7.6591968595389375, 1.0, -0.25072323011953024]
4.479999999999992 [8.12986561403344, 1.0, -0.3772864447703957]
4.699999999999988 [8.586401173051069, 1.0, -0.5428446635324017]
4.919999999999983 [9.108681162918032, 1.0, -0.6713427308973361]
5.139999999999978 [9.631133174549186, 1.0, -0.6621002516268228]
5.359999999999974 [10.096060530749524, 1.0, -0.5695717235719554]
5.579999999999969 [10.567755356901907, 1.0, -0.45113277207407454]
5.799999999999964 [11.098810072993468, 1.0, -0.3990693628591926]
6.01999999999996 [11.60044584475765, 1.0, -0.4871378531022217]
6.239999999999955 [12.049981407597759, 1.0, -0.6397597087348577]
6.45999999999995 [12.528183265626408, 1.0, -0.8092672600052397]
6.6799999999999455 [13.06158671311108, 1.0, -0.8954328761729439]
6.899999999999941 [13.55942398688345, 1.0, -0.848970064783049]
7.119999999999936 [14.019462032012786, 1.0, -0.7456191931710576]
7.3399999999999315 [14.527324952033183, 1.0, -0.6499336857771404]
7.559999999999927 [15.060457387490015, 1.0, -0.6682813091415959]
7.779999999999922 [15.528089500634966, 1.0, -0.7971227114549897]
7.999999999999917 [15.96361611663664, 1.0, -0.9673676381521688]
8.219999999999914 [16.463392261015773, 1.0, -1.1212133919888962]
8.439999999999909 [16.991939999634265, 1.0, -1.1470208539300994]
8.659999999999904 [17.471150565645846, 1.0, -1.0696278185504668]
8.8799999999999 [17.946919039831208, 1.0, -0.9560140930753465]
9.099999999999895 [18.482067518979516, 1.0, -0.8912259782512371]
9.31999999999989 [18.997373592734153, 1.0, -0.96189145516672]
9.539999999999885 [19.44886309463907, 1.0, -1.1065077853657255]
9.75999999999988 [19.91119202076973, 1.0, -1.2735737358398784]
9.979999999999876 [20.43553385651696, 1.0, -1.3710620068011605]
10.199999999999871 [20.90666772344415, 1.0, -1.3338500179278485]
10.419999999999867 [21.222133835079735, 1.0, -1.2918399221549561]
10.639999999999862 [21.49509757747468, 1.0, -1.3297435406620872]
10.859999999999857 [21.765072807377837, 1.0, -1.4227525071552432]
11.079999999999853 [22.03519820291949, 1.0, -1.5030911915189966]
11.299999999999848 [22.29647254762722, 1.0, -1.5511867247098896]
11.519999999999843 [22.543344124437244, 1.0, -1.5887072359582797]
11.739999999999839 [22.77564848117619, 1.0, -1.6224567849592302]
11.959999999999834 [22.994067546337487, 1.0, -1.653926210334682]
12.17999999999983 [23.199394250360783, 1.0, -1.6835049849019084]
12.399999999999824 [23.392406480369157, 1.0, -1.7113487112300543]
12.61999999999982 [23.573841935507293, 1.0, -1.7375634245139386]
12.839999999999815 [23.744395171599816, 1.0, -1.7622425835363613]
13.05999999999981 [23.90471918713379, 1.0, -1.7854738474202536]
13.279999999999806 [24.055427766659385, 1.0, -1.8073401909056122]
13.499999999999801 [24.197097827598455, 1.0, -1.8279201401878789]
13.719999999999796 [24.330271642127123, 1.0, -1.8472879370892277]
13.939999999999792 [24.455458923671276, 1.0, -1.8655137230642937]
14.159999999999787 [24.573138785695054, 1.0, -1.882663734538019]
14.379999999999782 [24.68376158151613, 1.0, -1.8988004985507505]
14.599999999999778 [24.787750632919, 1.0, -1.9139830234470228]
14.819999999999773 [24.885503854526895, 1.0, -1.9282669826168766]
15.039999999999768 [24.97739528032014, 1.0, -1.9417048906568577]
15.259999999999764 [25.06377649824391, 1.0, -1.9543462718295537]
15.479999999999759 [25.144977998468153, 1.0, -1.9662378208932656]
15.699999999999754 [25.221310440517406, 1.0, -1.9774235564528553]
15.91999999999975 [25.293065844169522, 1.0, -1.9879449670215936]
16.139999999999745 [25.360518708723973, 1.0, -1.9978411500064404]
16.35999999999974 [25.423927064961006, 1.0, -2.007148943843907]
16.579999999999735 [25.483533463850844, 1.0, -2.0159030535234876]
16.79999999999973 [25.539565905825906, 1.0, -2.024136169741913]
17.019999999999726 [25.592238714198043, 1.0, -2.0318790819348638]
17.23999999999972 [25.64175335608615, 1.0, -2.0391607854338902]
17.459999999999717 [25.68829921401537, 1.0, -2.0460085829953476]
17.679999999999712 [25.73205431115847, 1.0, -2.052448180945782]
17.899999999999707 [25.773185993009896, 1.0, -2.0585037801843535]
18.119999999999703 [25.811851568114797, 1.0, -2.0641981622781307]
18.339999999999698 [25.848198910316643, 1.0, -2.0695527708803962]
18.559999999999693 [25.88236702483839, 1.0, -2.074587788695822]
18.77999999999969 [25.914486580372657, 1.0, -2.0793222102095346]
18.999999999999684 [25.944680409224777, 1.0, -2.0837739103899353]
19.21999999999968 [25.97306397742966, 1.0, -2.087959709567709]
19.439999999999674 [25.9997458266474, 1.0, -2.0918954346858563]
19.65999999999967 [26.024827989533883, 1.0, -2.095595977107927]
19.879999999999665 [26.048406380180374, 1.0, -2.099075347163966]
