0.0 (4.375, 1.0, 0.0)
0.21999999999999997 (4.032873036325178, 1.0, 0.3999584317637213)
0.4200000000000001 (3.467503649834973, 1.0, 0.6592974349805916)
0.6200000000000002 (3.4143094444179876, 1.0, 0.6653540188520983)
0.8200000000000004 (3.4555101372018293, 1.0, 0.3640025237221851)
1.0200000000000005 (3.534671903892579, 1.0, -0.1714797200506299)
1.2200000000000006 (3.8656021187244924, 1.0, -0.6134097567483282)
1.4200000000000008 (4.280418265523317, 1.0, -1.0096070052764867)
1.620000000000001 (4.8420481712321335, 1.0, -0.9694091283237138)
1.8200000000000012 (5.3559589980550575, 1.0, -0.6184955698900055)
2.0200000000000014 (5.7385538234531435, 1.0, -0.09723735519452839)
2.2200000000000015 (6.311468733321011, 1.0, 0.27796187989161947)
2.4200000000000017 (6.854740155454098, 1.0, 0.25956401320871236)
2.620000000000002 (7.222692819335599, 1.0, -0.09189206434215456)
2.820000000000002 (7.417164192827995, 1.0, -0.657948306657492)
3.0200000000000022 (7.903095902819084, 1.0, -1.0930005022887161)
3.2200000000000024 (8.448910913025976, 1.0, -1.1970414844695165)
3.4200000000000026 (8.898688855582881, 1.0, -0.9108187295109584)
3.6200000000000028 (9.224625718734268, 1.0, -0.3617010681879818)
3.820000000000003 (9.789752339340273, 1.0, 0.021881295280048695)
4.040000000000002 (10.403109558262905, 1.0, 0.158008654762495)
4.259999999999997 (10.863399263485238, 1.0, -0.17786426613611916)
4.479999999999992 (11.149109090178374, 1.0, -0.8028592753584534)
4.699999999999988 (11.699520630301755, 1.0, -1.2855340107060929)
4.919999999999983 (12.286515065118715, 1.0, -1.350410299870545)
5.139999999999978 (12.77527884923098, 1.0, -0.98751080031303)
5.359999999999974 (13.161230651260928, 1.0, -0.4249378618042754)
5.579999999999969 (13.762888172916846, 1.0, -0.04859980518330425)
5.799999999999964 (14.318954482722791, 1.0, -0.1764169901569757)
6.01999999999996 (14.741760589967365, 1.0, -0.6617056686200976)
6.239999999999955 (15.134103942489595, 1.0, -1.2295533934234324)
6.45999999999995 (15.655821472052274, 1.0, -1.627784052805084)
6.6799999999999455 (16.19926386890533, 1.0, -1.465483531819666)
6.899999999999941 (16.636438777850113, 1.0, -0.9494198138447897)
7.119999999999936 (17.183311905309377, 1.0, -0.5049698457808456)
7.3399999999999315 (17.75914613671104, 1.0, -0.28758926670117074)
7.559999999999927 (18.220502622637365, 1.0, -0.590211305019958)
7.779999999999922 (18.526055434255092, 1.0, -1.204423455309606)
7.999999999999917 (19.081962440774376, 1.0, -1.692520988611248)
8.219999999999914 (19.68181216358593, 1.0, -1.8512081015589887)
8.439999999999909 (20.15703925484434, 1.0, -1.549092388774424)
8.659999999999904 (20.510993608028276, 1.0, -0.9537295417108131)
8.8799999999999 (21.111623593537388, 1.0, -0.5375045442552161)
9.099999999999895 (21.70896375198665, 1.0, -0.5703552082736488)
9.31999999999989 (22.168795480889134, 1.0, -1.0082775530761054)
9.539999999999885 (22.494090158470403, 1.0, -1.5964023000122631)
9.75999999999988 (23.033374282991122, 1.0, -2.021220733209496)
9.979999999999876 (23.585974136038406, 1.0, -1.917683205761331)
10.199999999999871 (24.30536060820484, 1.0, -2.0467377548857226)
10.419999999999867 (24.838246090316524, 1.0, -2.337313419738314)
10.639999999999862 (25.343272096913196, 1.0, -2.3977714684029006)
10.859999999999857 (25.910789222938984, 1.0, -2.3411899053021883)
11.079999999999853 (26.357568707045655, 1.0, -2.1550477515094593)
11.299999999999848 (26.6278288235588, 1.0, -2.1672576946080127)
11.519999999999843 (26.873380211776773, 1.0, -2.214165370024039)
11.739999999999839 (27.105065475066066, 1.0, -2.2521873362312768)
11.959999999999834 (27.32320316330161, 1.0, -2.285589503724161)
12.17999999999983 (27.52834919284795, 1.0, -2.3164065193204277)
12.399999999999824 (27.721214814078582, 1.0, -2.345253360980883)
12.61999999999982 (27.902518818538518, 1.0, -2.372366149173599)
12.839999999999815 (28.072950172644344, 1.0, -2.3978768653550606)
13.05999999999981 (28.233160009394442, 1.0, -2.4218861266207496)
13.279999999999806 (28.383761300952365, 1.0, -2.4444826305116725)
13.499999999999801 (28.525330461748343, 1.0, -2.4657484876290487)
13.719999999999796 (28.658409362700077, 1.0, -2.4857608087197898)
13.939999999999792 (28.783507359139445, 1.0, -2.5045922912380205)
14.159999999999787 (28.901103232521006, 1.0, -2.5223115335101514)
14.379999999999782 (29.011647024727672, 1.0, -2.538983269995119)
14.599999999999778 (29.1155617644264, 1.0, -2.5546685791789807)
14.819999999999773 (29.2132450901213, 1.0, -2.5694250779086993)
15.039999999999768 (29.30507077564785, 1.0, -2.5833071059430215)
15.259999999999764 (29.391390163871208, 1.0, -2.596365901847799)
15.479999999999759 (29.47253351410004, 1.0, -2.608649770676237)
15.699999999999754 (29.548811268418316, 1.0, -2.6202042437084)
15.91999999999975 (29.620515241828443, 1.0, -2.631072230493364)
16.139999999999745 (29.68791974080385, 1.0, -2.6412941634394165)
16.35999999999974 (29.751282614570236, 1.0, -2.6509081352054205)
16.579999999999735 (29.81084624317294, 1.0, -2.659950029153244)
16.79999999999973 (29.866838466141854, 1.0, -2.6684536431255315)
17.019999999999726 (29.919473455334227, 1.0, -2.6764508068149215)
17.23999999999972 (29.96895253531912, 1.0, -2.6839714929906515)
17.459999999999717 (30.0154649544633, 1.0, -2.691043922846305)
17.679999999999712 (30.05918860968768, 1.0, -2.6976946657289607)
17.899999999999707 (30.10029072768335, 1.0, -2.7039487335051495)
18.119999999999703 (30.138928505208142, 1.0, -2.7098296698132405)
18.339999999999698 (30.175249710926092, 1.0, -2.7153596344453748)
18.559999999999693 (30.209393251103457, 1.0, -2.720559483094834)
18.77999999999969 (30.241489701335485, 1.0, -2.725448842697219)
18.999999999999684 (30.271661806346813, 1.0, -2.730046182585859)
19.21999999999968 (30.300024949785104, 1.0, -2.7343688816737814)
19.439999999999674 (30.326687595811972, 1.0, -2.73843329186637)
19.65999999999967 (30.351751704186423, 1.0, -2.742254797900543)
19.879999999999665 (30.375313120433756, 1.0, -2.7458478737981005)
