0.0 [0.0, 1.0, 0.0]
0.21999999999999997 [0.06510006687751446, 1.0, 0.012805815796113063]
0.4200000000000001 [0.3785544784393837, 1.0, 0.06660183019045052]
0.6200000000000002 [0.7517863794774573, 1.0, -0.031833615217394834]
0.8200000000000004 [1.1055314743453872, 1.0, -0.1061909036309781]
1.0200000000000005 [1.5299310427823247, 1.0, -0.17020893316179891]
1.2200000000000006 [2.0046522537557094, 1.0, -0.22294215496122127]
1.4200000000000008 [2.5042201359432643, 1.0, -0.25883738090514347]
1.620000000000001 [3.027088558380141, 1.0, -0.24203443276643863]
1.8200000000000012 [3.585567742027326, 1.0, -0.19378559094079179]
2.0200000000000014 [4.182091001888625, 1.0, -0.1378387416140767]
2.2200000000000015 [4.740378336982237, 1.0, -0.17542874413496287]
2.4200000000000017 [5.244186000080448, 1.0, -0.3029160423917463]
2.620000000000002 [5.7642255686876664, 1.0, -0.45724420676980704]
2.820000000000002 [6.32142163338466, 1.0, -0.6285653426895366]
3.0200000000000022 [6.846468703760886, 1.0, -0.724708793346281]
3.2200000000000024 [7.349038930966356, 1.0, -0.7405313743200002]
3.4200000000000026 [7.8921764091458515, 1.0, -0.7163714051594597]
3.6200000000000028 [8.46710773124352, 1.0, -0.6563448895443968]
3.820000000000003 [9.004819878306908, 1.0, -0.6559862757491042]
4.040000000000002 [9.563662797964476, 1.0, -0.7611499023489969]
4.259999999999997 [10.13979466327565, 1.0, -0.934705016735697]
4.479999999999992 [10.742667432568298, 1.0, -1.1391419857437375]
4.699999999999988 [11.324261106584203, 1.0, -1.2461272386153928]
4.919999999999983 [11.884096701283294, 1.0, -1.2451128563786478]
5.139999999999978 [12.476441312169417, 1.0, -1.2048152263992276]
5.359999999999974 [13.108859874407889, 1.0, -1.1645915995231326]
5.579999999999969 [13.696358907385584, 1.0, -1.221990935565944]
5.799999999999964 [14.245950667696796, 1.0, -1.374043354161633]
6.01999999999996 [14.815484187222733, 1.0, -1.5640867359777622]
6.239999999999955 [15.411657542321263, 1.0, -1.7346612107678325]
6.45999999999995 [15.993584366820066, 1.0, -1.7953720351204867]
6.6799999999999455 [16.581268281439076, 1.0, -1.7637149621037342]
6.899999999999941 [17.19351555042813, 1.0, -1.698743378200566]
7.119999999999936 [17.79837251854608, 1.0, -1.6831554732910041]
7.3399999999999315 [18.36670066000154, 1.0, -1.7727340795503923]
7.559999999999927 [18.942794226328438, 1.0, -1.9446474336038488]
7.779999999999922 [19.538919508316138, 1.0, -2.1541820789415493]
7.999999999999917 [20.121545400980157, 1.0, -2.2836738798190765]
8.219999999999914 [20.68604052538449, 1.0, -2.3019759609686505]
8.439999999999909 [21.284050522311507, 1.0, -2.2649159874592217]
8.659999999999904 [21.91911879650204, 1.0, -2.2111735211669807]
8.8799999999999 [22.50821355987945, 1.0, -2.249392792158819]
9.099999999999895 [23.05257000653777, 1.0, -2.386789756366077]
9.31999999999989 [23.618641321825415, 1.0, -2.5674236489268183]
9.539999999999885 [24.222240146834096, 1.0, -2.7481106415702934]
9.75999999999988 [24.806172290675516, 1.0, -2.821390064480126]
9.979999999999876 [25.379663065157178, 1.0, -2.796845104828983]
10.199999999999871 [25.74412551955875, 1.0, -2.8681117974938384]
10.419999999999867 [25.979786349578237, 1.0, -3.0418784490563375]
10.639999999999862 [26.26541080450904, 1.0, -3.1588179250300503]
10.859999999999857 [26.503839688171347, 1.0, -3.203487921464854]
11.079999999999853 [26.670504285556465, 1.0, -3.230034733071271]
11.299999999999848 [26.78316767364893, 1.0, -3.2481810569612093]
11.519999999999843 [26.859281010059583, 1.0, -3.2604503330620593]
11.739999999999839 [26.910702160518213, 1.0, -3.2687435950628836]
11.959999999999834 [26.94544174901373, 1.0, -3.2743483996293037]
12.17999999999983 [26.968911517297514, 1.0, -3.278135853904685]
12.399999999999824 [26.984767522499613, 1.0, -3.2806950396325747]
12.61999999999982 [26.99547973868988, 1.0, -3.2824241959363856]
12.839999999999815 [27.002716850198865, 1.0, -3.2835924891879706]
13.05999999999981 [27.007606203954225, 1.0, -3.284381820744774]
13.279999999999806 [27.010909426492432, 1.0, -3.284915106884581]
13.499999999999801 [27.013141067456687, 1.0, -3.2852754004910825]
13.719999999999796 [27.014648753438603, 1.0, -3.2855188168300855]
13.939999999999792 [27.015667339018027, 1.0, -3.2856832694553373]
14.159999999999787 [27.016355490717242, 1.0, -3.2857943736576725]
14.379999999999782 [27.016820402844175, 1.0, -3.285869435498076]
14.599999999999778 [27.017134495353652, 1.0, -3.2859201470951223]
14.819999999999773 [27.01734669482399, 1.0, -3.285954407692619]
15.039999999999768 [27.017490055823185, 1.0, -3.2859775540302527]
15.259999999999764 [27.01758690986482, 1.0, -3.2859931916063694]
15.479999999999759 [27.017652344017144, 1.0, -3.286003756289009]
15.699999999999754 [27.017696551034646, 1.0, -3.2860108937440202]
15.91999999999975 [27.01772641709591, 1.0, -3.2860157157778263]
16.139999999999745 [27.017746594472015, 1.0, -3.286018973522749]
16.35999999999974 [27.017760226216208, 1.0, -3.286021174440811]
16.579999999999735 [27.01776943576103, 1.0, -3.2860226613712546]
16.79999999999973 [27.017775657687956, 1.0, -3.2860236659348145]
17.019999999999726 [27.017779861193695, 1.0, -3.2860243446134505]
17.23999999999972 [27.017782701063208, 1.0, -3.2860248031256876]
17.459999999999717 [27.017784619666223, 1.0, -3.2860251128944893]
17.679999999999712 [27.01778591586575, 1.0, -3.2860253221728963]
17.899999999999707 [27.017786791572313, 1.0, -3.2860254635604456]
18.119999999999703 [27.017787383195706, 1.0, -3.2860255590812355]
18.339999999999698 [27.01778778289382, 1.0, -3.2860256236146514]
18.559999999999693 [27.017788052928058, 1.0, -3.2860256672131376]
18.77999999999969 [27.017788235361973, 1.0, -3.2860256966680783]
18.999999999999684 [27.017788358613508, 1.0, -3.286025716567704]
19.21999999999968 [27.01778844188169, 1.0, -3.286025730011802]
19.439999999999674 [27.017788498137307, 1.0, -3.2860257390945757]
19.65999999999967 [27.017788536143364, 1.0, -3.2860257452308583]
19.879999999999665 [27.017788561820083, 1.0, -3.286025749376502]
