0.0 (4.375, 1.0, 0.0)
0.21999999999999997 (3.787061633683196, 1.0, 0.4650720562549887)
0.4200000000000001 (3.3703057537244447, 1.0, 0.6879907298377037)
0.6200000000000002 (3.3176712693181116, 1.0, 0.782240248251002)
0.8200000000000004 (3.913561923354624, 1.0, 0.504105931090913)
1.0200000000000005 (4.3540861565241045, 1.0, -0.023970235130702063)
1.2200000000000006 (4.800680974149331, 1.0, -0.5870005372711113)
1.4200000000000008 (5.361569928874929, 1.0, -1.0653057351759982)
1.620000000000001 (6.026703198784889, 1.0, -1.2037470300213462)
1.8200000000000012 (6.685948782415041, 1.0, -0.9019561806661619)
2.0200000000000014 (7.1875192289009675, 1.0, -0.38301608912992097)
2.2200000000000015 (7.6818924877079064, 1.0, 0.02843636832836483)
2.4200000000000017 (8.328340494737363, 1.0, 0.053830417175327855)
2.620000000000002 (8.905360946477515, 1.0, -0.35784083078978296)
2.820000000000002 (9.227652383958219, 1.0, -1.000827017868456)
3.0200000000000022 (9.59418069484167, 1.0, -1.5261228845203045)
3.2200000000000024 (10.247575039581648, 1.0, -1.7872917416078382)
3.4200000000000026 (10.943847951646276, 1.0, -1.5651151640188679)
3.6200000000000028 (11.405681514478164, 1.0, -1.0217515248582294)
3.820000000000003 (11.874562725472854, 1.0, -0.5709004379238098)
4.040000000000002 (12.633286433348898, 1.0, -0.4190427856716657)
4.259999999999997 (13.300706582409944, 1.0, -0.817635276284067)
4.479999999999992 (13.665858337636783, 1.0, -1.5057574181874336)
4.699999999999988 (14.088241776557917, 1.0, -2.073370120232372)
4.919999999999983 (14.79979034321162, 1.0, -2.2934020170697518)
5.139999999999978 (15.516159936031501, 1.0, -1.9834386783212712)
5.359999999999974 (16.055562259805534, 1.0, -1.4116642420623986)
5.579999999999969 (16.658737946667866, 1.0, -1.009092569422546)
5.799999999999964 (17.360917559169536, 1.0, -1.08417243958041)
6.01999999999996 (17.899459619789372, 1.0, -1.6294247166767437)
6.239999999999955 (18.311201934480486, 1.0, -2.27686928676149)
6.45999999999995 (18.90538246141822, 1.0, -2.7422172489036343)
6.6799999999999455 (19.606892032344497, 1.0, -2.6972452036670127)
6.899999999999941 (20.15561099962651, 1.0, -2.191198239988895)
7.119999999999936 (20.68469857291061, 1.0, -1.678084170596084)
7.3399999999999315 (21.444951165681275, 1.0, -1.4671029346467024)
7.559999999999927 (22.120374204616464, 1.0, -1.7967410583615575)
7.779999999999922 (22.485926710331753, 1.0, -2.4622620718406587)
7.999999999999917 (22.883953744743987, 1.0, -3.0532514064005576)
8.219999999999914 (23.591582728153977, 1.0, -3.349627525235334)
8.439999999999909 (24.32993175245248, 1.0, -3.093715755277045)
8.659999999999904 (24.84920811134638, 1.0, -2.50810132153021)
8.8799999999999 (25.408365141712853, 1.0, -2.0666067731172357)
9.099999999999895 (26.143002756034846, 1.0, -2.0531779861860846)
9.31999999999989 (26.744842109308802, 1.0, -2.541567716137219)
9.539999999999885 (27.143529890725866, 1.0, -3.2138970516473107)
9.75999999999988 (27.662038357880785, 1.0, -3.7289963096420857)
9.979999999999876 (28.356810879484165, 1.0, -3.782172009382738)
10.199999999999871 (29.26797109088164, 1.0, -4.078928401259513)
10.419999999999867 (29.917653451976754, 1.0, -4.199508921950351)
10.639999999999862 (30.47287020378713, 1.0, -4.123643705663762)
10.859999999999857 (30.813163842570468, 1.0, -3.9504586484324227)
11.079999999999853 (30.988426546556145, 1.0, -3.9342615474420377)
11.299999999999848 (31.100991301514174, 1.0, -3.9530156894024424)
11.519999999999843 (31.177038893022246, 1.0, -3.9656899283102995)
11.739999999999839 (31.228415611916013, 1.0, -3.974256735728525)
11.959999999999834 (31.26312517598331, 1.0, -3.980046325525662)
12.17999999999983 (31.286574656858914, 1.0, -3.98395861036523)
12.399999999999824 (31.30241695459253, 1.0, -3.9866021267206797)
12.61999999999982 (31.313119909445984, 1.0, -3.9883882544356446)
12.839999999999815 (31.320350763748753, 1.0, -3.9895950364116044)
13.05999999999981 (31.32523589003199, 1.0, -3.9904103703643203)
13.279999999999806 (31.32853625644896, 1.0, -3.990961223417142)
13.499999999999801 (31.330765967803124, 1.0, -3.99133338506484)
13.719999999999796 (31.33227235013665, 1.0, -3.9915848193596823)
13.939999999999792 (31.333290054971368, 1.0, -3.991754688861804)
14.159999999999787 (31.333977611640833, 1.0, -3.9918694526735323)
14.379999999999782 (31.334442121767157, 1.0, -3.9919469869257975)
14.599999999999778 (31.3347559426863, 1.0, -3.9919993688714355)
14.819999999999773 (31.334967958671175, 1.0, -3.992034757948125)
15.039999999999768 (31.335111195708315, 1.0, -3.9920586666808546)
15.259999999999764 (31.33520796600169, 1.0, -3.9920748193274944)
15.479999999999759 (31.33527334357404, 1.0, -3.9920857319893805)
15.699999999999754 (31.33531751236636, 1.0, -3.992093104537567)
15.91999999999975 (31.335347352602863, 1.0, -3.992098085399246)
16.139999999999745 (31.335367512531867, 1.0, -3.9921014504475543)
16.35999999999974 (31.335381132488877, 1.0, -3.992103723859299)
16.579999999999735 (31.335390334070336, 1.0, -3.992105259766145)
16.79999999999973 (31.33539655061724, 1.0, -3.9921062974179398)
17.019999999999726 (31.335400750488272, 1.0, -3.9921069984508377)
17.23999999999972 (31.335403587902185, 1.0, -3.9921074720655114)
17.459999999999717 (31.335405504846214, 1.0, -3.9921077920374546)
17.679999999999712 (31.335406799924936, 1.0, -3.9921080082090556)
17.899999999999707 (31.335407674874286, 1.0, -3.992108154253616)
18.119999999999703 (31.335408265986104, 1.0, -3.9921082529206617)
18.339999999999698 (31.33540866533861, 1.0, -3.9921083195796734)
18.559999999999693 (31.335408935139355, 1.0, -3.9921083646142024)
18.77999999999969 (31.335409117415523, 1.0, -3.9921083950393275)
18.999999999999684 (31.335409240560473, 1.0, -3.992108415594403)
19.21999999999968 (31.33540932375666, 1.0, -3.9921084294813216)
19.439999999999674 (31.335409379963636, 1.0, -3.9921084388632617)
19.65999999999967 (31.33540941793683, 1.0, -3.9921084452016626)
19.879999999999665 (31.335409443591345, 1.0, -3.992108449483857)
