0.0 [0.0, 1.0, 0.0]
0.21999999999999997 [0.0039599933668158505, 1.0, 3.841154738078861e-05]
0.4200000000000001 [0.004081212474217777, 1.0, 0.005607636622255864]
0.6200000000000002 [0.034895243995706926, 1.0, 0.019345899858478375]
0.8200000000000004 [0.18214409124816933, 1.0, 0.032842721561519836]
1.0200000000000005 [0.36819332040955827, 1.0, 0.0009229739844767576]
1.2200000000000006 [0.5236361847080168, 1.0, -0.07699012041229093]
1.4200000000000008 [0.6625395492442661, 1.0, -0.145893394285252]
1.620000000000001 [0.8386488903309107, 1.0, -0.2079801509358737]
1.8200000000000012 [1.0390018345730598, 1.0, -0.23097825234737354]
2.0200000000000014 [1.2125188512238936, 1.0, -0.19539119052594628]
2.2200000000000015 [1.348837138924597, 1.0, -0.1435138579986502]
2.4200000000000017 [1.5029913419318248, 1.0, -0.11578056815490478]
2.620000000000002 [1.6990749523016793, 1.0, -0.12658217231497162]
2.820000000000002 [1.8718712969316686, 1.0, -0.18385503395501493]
3.0200000000000022 [2.0025368068277323, 1.0, -0.26081794179557455]
3.2200000000000024 [2.1497276239080367, 1.0, -0.33322946207214554]
3.4200000000000026 [2.3532233578005526, 1.0, -0.3744290465472825]
3.6200000000000028 [2.5459265901486665, 1.0, -0.35014721460053105]
3.820000000000003 [2.699025194682691, 1.0, -0.30272659009257735]
4.040000000000002 [2.8722567690919263, 1.0, -0.2733825385600114]
4.259999999999997 [3.0950669770483232, 1.0, -0.28717009304225405]
4.479999999999992 [3.288294875869266, 1.0, -0.3593385118851816]
4.699999999999988 [3.4291487824353606, 1.0, -0.45500614623846447]
4.919999999999983 [3.5921895110731152, 1.0, -0.5393524326935365]
5.139999999999978 [3.813371681100195, 1.0, -0.5857874305894734]
5.359999999999974 [4.0139623274925595, 1.0, -0.5595566268869124]
5.579999999999969 [4.1775597720996345, 1.0, -0.5188918174001647]
5.799999999999964 [4.378706508665827, 1.0, -0.5045784127586493]
6.01999999999996 [4.599618541323406, 1.0, -0.5519389260425431]
6.239999999999955 [4.766769703351026, 1.0, -0.6512590870322812]
6.45999999999995 [4.907823725778292, 1.0, -0.7417247717072917]
6.6799999999999455 [5.105678106362353, 1.0, -0.8184286966758465]
6.899999999999941 [5.324823006882671, 1.0, -0.8351233401504822]
7.119999999999936 [5.505371208049412, 1.0, -0.7938358898717629]
7.3399999999999315 [5.673514729177054, 1.0, -0.7610611385073459]
7.559999999999927 [5.896818416309871, 1.0, -0.7690949898102708]
7.779999999999922 [6.097576341159278, 1.0, -0.8441951768870324]
7.999999999999917 [6.24346652235986, 1.0, -0.9439187894948973]
8.219999999999914 [6.4018348218863474, 1.0, -1.0289123655795949]
8.439999999999909 [6.622226511535612, 1.0, -1.0840195504209114]
8.659999999999904 [6.829465933251946, 1.0, -1.067326154007944]
8.8799999999999 [6.994393448343459, 1.0, -1.0228312207236034]
9.099999999999895 [7.18342993102171, 1.0, -1.0001430248151746]
9.31999999999989 [7.407936888956711, 1.0, -1.0347583357687289]
9.539999999999885 [7.586069605491318, 1.0, -1.1279452267075198]
9.75999999999988 [7.726144938579666, 1.0, -1.220895495783356]
9.979999999999876 [7.914027382831717, 1.0, -1.3016527231121446]
10.199999999999871 [8.08932957355084, 1.0, -1.3331293469516652]
10.419999999999867 [8.137183693072464, 1.0, -1.351323806404348]
10.639999999999862 [8.161436088933648, 1.0, -1.3655316512599445]
10.859999999999857 [8.173302054887184, 1.0, -1.3705508691061223]
11.079999999999853 [8.177852930927862, 1.0, -1.3715218707091619]
11.299999999999848 [8.179419983393226, 1.0, -1.3717771687069926]
11.519999999999843 [8.179953973787, 1.0, -1.3718599343083473]
11.739999999999839 [8.180135750216737, 1.0, -1.3718878816174311]
11.959999999999834 [8.180197618952967, 1.0, -1.3718973814580782]
12.17999999999983 [8.180218675821099, 1.0, -1.3719006140496601]
12.399999999999824 [8.180225842443908, 1.0, -1.3719017142144438]
12.61999999999982 [8.18022828157442, 1.0, -1.3719020886491122]
12.839999999999815 [8.180229111722348, 1.0, -1.3719022160862953]
13.05999999999981 [8.180229394259735, 1.0, -1.3719022594590042]
13.279999999999806 [8.180229490420158, 1.0, -1.3719022742207252]
13.499999999999801 [8.180229523147958, 1.0, -1.371902279244815]
13.719999999999796 [8.180229534286727, 1.0, -1.3719022809547436]
13.939999999999792 [8.18022953807776, 1.0, -1.3719022815367103]
14.159999999999787 [8.180229539368023, 1.0, -1.3719022817347806]
14.379999999999782 [8.18022953980716, 1.0, -1.3719022818021926]
14.599999999999778 [8.180229539956619, 1.0, -1.371902281825136]
14.819999999999773 [8.180229540007488, 1.0, -1.371902281832945]
15.039999999999768 [8.180229540024799, 1.0, -1.3719022818356024]
15.259999999999764 [8.180229540030691, 1.0, -1.371902281836507]
15.479999999999759 [8.180229540032695, 1.0, -1.3719022818368147]
15.699999999999754 [8.180229540033372, 1.0, -1.3719022818369193]
15.91999999999975 [8.180229540033604, 1.0, -1.3719022818369548]
16.139999999999745 [8.180229540033684, 1.0, -1.371902281836967]
16.35999999999974 [8.180229540033706, 1.0, -1.3719022818369704]
16.579999999999735 [8.180229540033706, 1.0, -1.3719022818369706]
16.79999999999973 [8.180229540033706, 1.0, -1.3719022818369706]
17.019999999999726 [8.180229540033706, 1.0, -1.3719022818369706]
17.23999999999972 [8.180229540033706, 1.0, -1.3719022818369706]
17.459999999999717 [8.180229540033706, 1.0, -1.3719022818369706]
17.679999999999712 [8.180229540033706, 1.0, -1.3719022818369706]
17.899999999999707 [8.180229540033706, 1.0, -1.3719022818369706]
18.119999999999703 [8.180229540033706, 1.0, -1.3719022818369706]
18.339999999999698 [8.180229540033706, 1.0, -1.3719022818369706]
18.559999999999693 [8.180229540033706, 1.0, -1.3719022818369706]
18.77999999999969 [8.180229540033706, 1.0, -1.3719022818369706]
18.999999999999684 [8.180229540033706, 1.0, -1.3719022818369706]
19.21999999999968 [8.180229540033706, 1.0, -1.3719022818369706]
19.439999999999674 [8.180229540033706, 1.0, -1.3719022818369706]
19.65999999999967 [8.180229540033706, 1.0, -1.3719022818369706]
19.879999999999665 [8.180229540033706, 1.0, -1.3719022818369706]
