0.0 [0.0, 1.0, 0.0]
0.21999999999999997 [0.0019149721562453093, 1.0, 1.3094363878182746e-05]
0.4200000000000001 [0.012881382031285527, 1.0, 0.0003962176117815186]
0.6200000000000002 [0.056937296281402316, 1.0, -0.003659099333318691]
0.8200000000000004 [0.15151343172909315, 1.0, -0.010306892882021329]
1.0200000000000005 [0.2723242327383095, 1.0, -0.029835885646745386]
1.2200000000000006 [0.40216039523711034, 1.0, -0.062131409840590485]
1.4200000000000008 [0.5407212031588622, 1.0, -0.10612797841946785]
1.620000000000001 [0.7084234249963544, 1.0, -0.15528476574994882]
1.8200000000000012 [0.8964245824338564, 1.0, -0.1859393348916225]
2.0200000000000014 [1.0836939174449753, 1.0, -0.18184689951283878]
2.2200000000000015 [1.2625769555633477, 1.0, -0.15110089535798427]
2.4200000000000017 [1.4558389857398852, 1.0, -0.1130102820549818]
2.620000000000002 [1.6584591060518084, 1.0, -0.09027860642229169]
2.820000000000002 [1.8520686519276304, 1.0, -0.09414711960729097]
3.0200000000000022 [2.0315722990812914, 1.0, -0.11806770657391845]
3.2200000000000024 [2.2205247781333473, 1.0, -0.14978254471134983]
3.4200000000000026 [2.4244535944522356, 1.0, -0.16904009896080063]
3.6200000000000028 [2.6235220824910765, 1.0, -0.1596725894198882]
3.820000000000003 [2.8093205087319877, 1.0, -0.12287162155270442]
4.040000000000002 [3.0211270640280343, 1.0, -0.06713973452161012]
4.259999999999997 [3.2492028848578998, 1.0, -0.022226488058862154]
4.479999999999992 [3.469483344358111, 1.0, -0.013178729054279706]
4.699999999999988 [3.6726344904643393, 1.0, -0.03190742511094525]
4.919999999999983 [3.8871578128461945, 1.0, -0.05843715128669928]
5.139999999999978 [4.112775665226134, 1.0, -0.06540536968161628]
5.359999999999974 [4.3266332298837025, 1.0, -0.03857398058179462]
5.579999999999969 [4.527609414598959, 1.0, 0.014036705244586535]
5.799999999999964 [4.745520354862423, 1.0, 0.07535177796742085]
6.01999999999996 [4.971770948733212, 1.0, 0.11059468771354118]
6.239999999999955 [5.185218406761594, 1.0, 0.10909002483524881]
6.45999999999995 [5.392427548927128, 1.0, 0.087543101303997]
6.6799999999999455 [5.617281317740507, 1.0, 0.06801877424848679]
6.899999999999941 [5.840916580785574, 1.0, 0.07779020672398906]
7.119999999999936 [6.047295203951004, 1.0, 0.12001059908099423]
7.3399999999999315 [6.253560617444036, 1.0, 0.18003053368260133]
7.559999999999927 [6.4781513197185205, 1.0, 0.23517586256392442]
7.779999999999922 [6.700618361360464, 1.0, 0.2562146080220269]
7.999999999999917 [6.909116269823626, 1.0, 0.24483841214260663]
8.219999999999914 [7.126456293481481, 1.0, 0.22207669155512322]
8.439999999999909 [7.35626328188832, 1.0, 0.21523681776180775]
8.659999999999904 [7.572923329611614, 1.0, 0.24179669915437965]
8.8799999999999 [7.770616375344698, 1.0, 0.2934193827108842]
9.099999999999895 [7.980895360959096, 1.0, 0.35475811355739745]
9.31999999999989 [8.204369189323454, 1.0, 0.397868339773619]
9.539999999999885 [8.419794363582595, 1.0, 0.4039965713004491]
9.75999999999988 [8.62626694022516, 1.0, 0.3840669695463116]
9.979999999999876 [8.850738951665953, 1.0, 0.3611890713261965]
10.199999999999871 [9.06580229546989, 1.0, 0.36201504540657037]
10.419999999999867 [9.227249772149673, 1.0, 0.3624241142725941]
10.639999999999862 [9.363444526807722, 1.0, 0.3416065860893464]
10.859999999999857 [9.477477781238562, 1.0, 0.3201138446401073]
11.079999999999853 [9.56594838877271, 1.0, 0.3104622460789835]
11.299999999999848 [9.633920035960786, 1.0, 0.30699234776665724]
11.519999999999843 [9.68620966427311, 1.0, 0.30634541569202]
11.739999999999839 [9.72647075306671, 1.0, 0.3068861300168973]
11.959999999999834 [9.75748810567227, 1.0, 0.3078366915234597]
12.17999999999983 [9.781393069892829, 1.0, 0.30884397184763374]
12.399999999999824 [9.799821154924985, 1.0, 0.3097618630028974]
12.61999999999982 [9.814029535841806, 1.0, 0.31054239122499816]
12.839999999999815 [9.824985664302472, 1.0, 0.3111817789216515]
13.05999999999981 [9.83343459499825, 1.0, 0.3116941891000541]
13.279999999999806 [9.839950396037743, 1.0, 0.312099330906663]
13.499999999999801 [9.844975536439252, 1.0, 0.3124169289066915]
13.719999999999796 [9.848851129376836, 1.0, 0.312664526474809]
13.939999999999792 [9.851840188526323, 1.0, 0.31285685543410535]
14.159999999999787 [9.854145529351223, 1.0, 0.31300589732745754]
14.379999999999782 [9.85592355751135, 1.0, 0.3131212125935908]
14.599999999999778 [9.857294894035848, 1.0, 0.3132103397100276]
14.819999999999773 [9.858352565366483, 1.0, 0.3132791779176187]
15.039999999999768 [9.85916831761359, 1.0, 0.3133323210152541]
15.259999999999764 [9.859797485284323, 1.0, 0.3133733347208857]
15.479999999999759 [9.860282745740733, 1.0, 0.313404980866171]
15.699999999999754 [9.860657014573661, 1.0, 0.3134293956127162]
15.91999999999975 [9.860945678553797, 1.0, 0.31344822964103447]
16.139999999999745 [9.861168317759029, 1.0, 0.31346275768638443]
16.35999999999974 [9.861340033760703, 1.0, 0.31347396374957925]
16.579999999999735 [9.861472473996017, 1.0, 0.31348260719399823]
16.79999999999973 [9.861574621828206, 1.0, 0.3134892739186667]
17.019999999999726 [9.86165340589372, 1.0, 0.3134944159269701]
17.23999999999972 [9.861714170073117, 1.0, 0.31349838189673634]
17.459999999999717 [9.861761035966131, 1.0, 0.3135014407848785]
17.679999999999712 [9.861797182458766, 1.0, 0.31350380004684814]
17.899999999999707 [9.86182506134594, 1.0, 0.3135056196959614]
18.119999999999703 [9.861846563635622, 1.0, 0.3135070231506797]
18.339999999999698 [9.861863147814931, 1.0, 0.313508105602742]
18.559999999999693 [9.861875938778514, 1.0, 0.31350894047227623]
18.77999999999969 [9.861885804129502, 1.0, 0.3135095843869703]
18.999999999999684 [9.861893413028517, 1.0, 0.31351008102264427]
19.21999999999968 [9.861899281582444, 1.0, 0.3135104640655212]
19.439999999999674 [9.861903807851641, 1.0, 0.31351075949702406]
19.65999999999967 [9.861907298850124, 1.0, 0.31351098735601673]
19.879999999999665 [9.861909991370135, 1.0, 0.31351116309799587]
