0.0 (4.375, 1.0, 0.0)
0.21999999999999997 (3.959258620217493, 1.0, 0.4540794457745239)
0.4200000000000001 (3.1863941870501855, 1.0, 0.852680883784566)
0.6200000000000002 (2.94959068135832, 1.0, 1.0020323370426583)
0.8200000000000004 (3.0053931883017286, 1.0, 0.6980014701911453)
1.0200000000000005 (3.1323229323855775, 1.0, 0.08572500678797755)
1.2200000000000006 (3.4310036972156026, 1.0, -0.4093987208114992)
1.4200000000000008 (3.7986087501036807, 1.0, -0.7857976340194291)
1.620000000000001 (4.255242517533278, 1.0, -0.6737451989082418)
1.8200000000000012 (4.386155588250668, 1.0, -0.1437624016872283)
2.0200000000000014 (4.195897021911928, 1.0, 0.46192334277965025)
2.2200000000000015 (4.310736526296059, 1.0, 0.8847908880336054)
2.4200000000000017 (4.65008360231804, 1.0, 0.8843729361101442)
2.620000000000002 (4.883783352610368, 1.0, 0.3965820374721018)
2.820000000000002 (4.839478881624913, 1.0, -0.2834778355442722)
3.0200000000000022 (5.133326132920104, 1.0, -0.6902993297451295)
3.2200000000000024 (5.596776340646731, 1.0, -0.7325211647694052)
3.4200000000000026 (5.804163979363227, 1.0, -0.3191070988427612)
3.6200000000000028 (5.705032722690903, 1.0, 0.37165470112339327)
3.820000000000003 (5.903380246860391, 1.0, 0.8467764839671125)
4.040000000000002 (6.284289865113897, 1.0, 1.039457730418402)
4.259999999999997 (6.52915899446755, 1.0, 0.6004045270818734)
4.479999999999992 (6.486418032313637, 1.0, -0.14626660291907204)
4.699999999999988 (6.7824967953640805, 1.0, -0.589154428906023)
4.919999999999983 (7.2412384918926715, 1.0, -0.5612867918744835)
5.139999999999978 (7.444695829168153, 1.0, 0.00025556195888096905)
5.359999999999974 (7.386100342067535, 1.0, 0.6891593194795467)
5.579999999999969 (7.633673387142075, 1.0, 1.1517060457648585)
5.799999999999964 (8.026260231612445, 1.0, 1.040186429342253)
6.01999999999996 (8.194582828467167, 1.0, 0.41776422099458177)
6.239999999999955 (8.28194631920063, 1.0, -0.19552134565588083)
6.45999999999995 (8.620313967468693, 1.0, -0.527026568554187)
6.6799999999999455 (8.950723534344776, 1.0, -0.21538323851245375)
6.899999999999941 (8.960877712176615, 1.0, 0.5051571777170162)
7.119999999999936 (9.1019075674967, 1.0, 1.0693593689484677)
7.3399999999999315 (9.45416678473224, 1.0, 1.3564763384781504)
7.559999999999927 (9.743692470305872, 1.0, 0.9989803442130798)
7.779999999999922 (9.75668735039326, 1.0, 0.23962944261135025)
7.999999999999917 (10.033208497506298, 1.0, -0.24524161531434072)
8.219999999999914 (10.471708045969008, 1.0, -0.3297361852418214)
8.439999999999909 (10.677779023646497, 1.0, 0.1600063779356572)
8.659999999999904 (10.571510874111256, 1.0, 0.8797053313962911)
8.8799999999999 (10.812739054937726, 1.0, 1.3579509534776042)
9.099999999999895 (11.25215223350034, 1.0, 1.369254244672225)
9.31999999999989 (11.525805778490055, 1.0, 0.8071640081732339)
9.539999999999885 (11.562034512856528, 1.0, 0.1412471237504513)
9.75999999999988 (11.854117826533336, 1.0, -0.26123687356364556)
9.979999999999876 (12.201801140576121, 1.0, -0.05010889048332673)
10.199999999999871 (12.73758000972851, 1.0, -0.0024769125124621486)
10.419999999999867 (13.222713682004342, 1.0, -0.052910347604499204)
10.639999999999862 (13.644377162338591, 1.0, 0.2669659266198092)
10.859999999999857 (13.843259917317777, 1.0, 0.5974946835490069)
11.079999999999853 (13.931100843072787, 1.0, 0.6036999447255806)
11.299999999999848 (13.999395042377651, 1.0, 0.5953877632239011)
11.519999999999843 (14.05185371444526, 1.0, 0.592170469321121)
11.739999999999839 (14.092202549241142, 1.0, 0.591367788525703)
11.959999999999834 (14.123265595142843, 1.0, 0.5916162557397674)
12.17999999999983 (14.147194393648713, 1.0, 0.5922566202222509)
12.399999999999824 (14.165634921389671, 1.0, 0.592982772672205)
12.61999999999982 (14.17984980049881, 1.0, 0.5936631133935981)
12.839999999999815 (14.190809323013339, 1.0, 0.5942501579982369)
13.05999999999981 (14.199260026324044, 1.0, 0.5947352268404491)
13.279999999999806 (14.205776752937894, 1.0, 0.5951260910989143)
13.499999999999801 (14.210802376435868, 1.0, 0.5954362366291838)
13.719999999999796 (14.214678221363425, 1.0, 0.5956799467082723)
13.939999999999792 (14.217667411829519, 1.0, 0.5958702497294123)
14.159999999999787 (14.219972820988627, 1.0, 0.5960182373064558)
14.379999999999782 (14.221750884632838, 1.0, 0.5961330050485266)
14.599999999999778 (14.22312223952468, 1.0, 0.5962218487192023)
14.819999999999773 (14.224179920317146, 1.0, 0.5962905408840435)
15.039999999999768 (14.224995677403008, 1.0, 0.5963436092745976)
15.259999999999764 (14.225624847520509, 1.0, 0.5963845851870582)
15.479999999999759 (14.226110109192268, 1.0, 0.5964162125465335)
15.699999999999754 (14.226484378611426, 1.0, 0.5964406182207892)
15.91999999999975 (14.22677304286017, 1.0, 0.5964594480831972)
16.139999999999745 (14.226995682176634, 1.0, 0.5964739743954267)
16.35999999999974 (14.227167398213952, 1.0, 0.5964851798954902)
16.579999999999735 (14.227299838450547, 1.0, 0.5964938233099443)
16.79999999999973 (14.227401986270017, 1.0, 0.5965004902228732)
17.019999999999726 (14.227480770318564, 1.0, 0.5965056324868685)
17.23999999999972 (14.227541534481128, 1.0, 0.596509598711602)
17.459999999999717 (14.2275884003592, 1.0, 0.5965126578265882)
17.679999999999712 (14.22762454683929, 1.0, 0.5965150172793016)
17.899999999999707 (14.227652425716254, 1.0, 0.5965168370837824)
18.119999999999703 (14.227673927997781, 1.0, 0.596518240662646)
18.339999999999698 (14.227690512170655, 1.0, 0.5965193232127142)
18.559999999999693 (14.227703303129196, 1.0, 0.5965201581590169)
18.77999999999969 (14.227713168476253, 1.0, 0.5965208021335373)
18.999999999999684 (14.227720777372221, 1.0, 0.5965212988156761)
19.21999999999968 (14.227726645923786, 1.0, 0.5965216818945588)
19.439999999999674 (14.227731172191154, 1.0, 0.5965219773539203)
19.65999999999967 (14.227734663188222, 1.0, 0.5965222052344457)
19.879999999999665 (14.227737355707143, 1.0, 0.5965223809930568)
