0.0 [0.0, 1.0, 0.0]
0.21999999999999997 [0.0032719452843160135, 1.0, 0.0003015577541971848]
0.4200000000000001 [0.015128816522381683, 1.0, 0.005484839567878555]
0.6200000000000002 [0.06881118463123959, 1.0, 0.011358250703287678]
0.8200000000000004 [0.20712922126655586, 1.0, 0.01696427841138551]
1.0200000000000005 [0.3721998010551808, 1.0, -0.012959822668861531]
1.2200000000000006 [0.5207387715968116, 1.0, -0.0700716171520342]
1.4200000000000008 [0.665229090579031, 1.0, -0.12834019571931057]
1.620000000000001 [0.8451513858705287, 1.0, -0.17879171114087128]
1.8200000000000012 [1.0472836879237941, 1.0, -0.19733926714636296]
2.0200000000000014 [1.2416297134685967, 1.0, -0.16090080629903647]
2.2200000000000015 [1.420248495775045, 1.0, -0.09130251768892897]
2.4200000000000017 [1.6215526933756301, 1.0, -0.02416977346879591]
2.620000000000002 [1.834634103396493, 1.0, 0.006489752294579751]
2.820000000000002 [2.0229447687152384, 1.0, -0.004738579638886409]
3.0200000000000022 [2.1874897295415576, 1.0, -0.03463909491914971]
3.2200000000000024 [2.3672496227786652, 1.0, -0.056010040762950325]
3.4200000000000026 [2.575829873766385, 1.0, -0.04496488165786558]
3.6200000000000028 [2.7704795662289468, 1.0, 0.015765597695844985]
3.820000000000003 [2.936239326063898, 1.0, 0.11699104668816705]
4.040000000000002 [3.129888653062417, 1.0, 0.2339736405709172]
4.259999999999997 [3.3500934029842986, 1.0, 0.3234625584168678]
4.479999999999992 [3.554840112888023, 1.0, 0.35875985084748996]
4.699999999999988 [3.7375632028924137, 1.0, 0.36547253986169154]
4.919999999999983 [3.940374089874264, 1.0, 0.3882785629134336]
5.139999999999978 [4.15924823464621, 1.0, 0.4610267717648392]
5.359999999999974 [4.3401864553737, 1.0, 0.5902975026199306]
5.579999999999969 [4.490683082396664, 1.0, 0.7426000002907436]
5.799999999999964 [4.666787533077423, 1.0, 0.899370049619628]
6.01999999999996 [4.861279985808119, 1.0, 1.0132484835695168]
6.239999999999955 [5.045431459246006, 1.0, 1.0761172174870253]
6.45999999999995 [5.223533931638363, 1.0, 1.1293093808760781]
6.6799999999999455 [5.42627280414814, 1.0, 1.2216366289353122]
6.899999999999941 [5.604309491945756, 1.0, 1.3630211362313909]
7.119999999999936 [5.72638852769887, 1.0, 1.541459530600134]
7.3399999999999315 [5.844399854749506, 1.0, 1.7304220896967601]
7.559999999999927 [5.997106693525902, 1.0, 1.914322221715152]
7.779999999999922 [6.164782545526674, 1.0, 2.0455510657478597]
7.999999999999917 [6.327070237439509, 1.0, 2.137094743425408]
8.219999999999914 [6.494268338953542, 1.0, 2.243391637205615]
8.439999999999909 [6.662296193678539, 1.0, 2.400474395391662]
8.659999999999904 [6.7746752168672515, 1.0, 2.592229149587006]
8.8799999999999 [6.8381984259978115, 1.0, 2.79288095846519]
9.099999999999895 [6.918153732519011, 1.0, 3.0090464146120586]
9.31999999999989 [7.036862057428797, 1.0, 3.206072261000735]
9.539999999999885 [7.171978622020112, 1.0, 3.3513178985750067]
9.75999999999988 [7.307094568886091, 1.0, 3.474966835950049]
9.979999999999876 [7.44986007889804, 1.0, 3.6391503993641177]
10.199999999999871 [7.5560297166994514, 1.0, 3.8433431724804525]
10.419999999999867 [7.594459018154155, 1.0, 4.0595041742740845]
10.639999999999862 [7.614699626324867, 1.0, 4.278331224480219]
10.859999999999857 [7.661602789142308, 1.0, 4.512929747107476]
11.079999999999853 [7.748080684374709, 1.0, 4.712651258102849]
11.299999999999848 [7.855231276858124, 1.0, 4.872508451487946]
11.519999999999843 [7.962140072767426, 1.0, 5.036762245186953]
11.739999999999839 [8.029561528155593, 1.0098685064386874, 5.113373598242829]
11.959999999999834 [8.069393997490664, 1.0296139340044805, 5.07512644478786]
12.17999999999983 [8.09711584530919, 1.0519084988598728, 4.977979025158524]
12.399999999999824 [8.112832413550318, 1.079067202411332, 4.869863696016418]
12.61999999999982 [8.11313106836526, 1.0914279923717083, 4.800295092473724]
12.839999999999815 [8.107533627822146, 1.0933601397461479, 4.760855809018915]
13.05999999999981 [8.102702642272687, 1.0930794116059657, 4.738035457623696]
13.279999999999806 [8.099457942004255, 1.0925489474423504, 4.724672116819776]
13.499999999999801 [8.097440741434138, 1.092143492303339, 4.716805090278826]
13.719999999999796 [8.096222845607386, 1.0918813954950162, 4.712163407747399]
13.939999999999792 [8.095496137923208, 1.0917212836452235, 4.70942240940369]
14.159999999999787 [8.095064628830556, 1.0916255097033845, 4.707803485838781]
14.379999999999782 [8.094808988479121, 1.0915686276059782, 4.706847472647062]
14.599999999999778 [8.094657775752896, 1.0915348991212568, 4.7062832174464955]
14.819999999999773 [8.094568489857393, 1.0915149028234574, 4.705950509594723]
15.039999999999768 [8.09451590161244, 1.0915030594602444, 4.70575467105881]
15.259999999999764 [8.094485045675455, 1.0914960683097812, 4.705639747965743]
15.479999999999759 [8.094467049655849, 1.0914919701496266, 4.705572671270572]
15.699999999999754 [8.094456657686077, 1.0914895969665264, 4.705533896185056]
15.91999999999975 [8.094450759992114, 1.0914882502138044, 4.705511870315791]
16.139999999999745 [8.094447519313984, 1.0914875118750065, 4.705499764659254]
16.35999999999974 [8.094445851844759, 1.0914871325281252, 4.70549354189391]
16.579999999999735 [8.094445119009583, 1.0914869643580145, 4.705490814893698]
16.79999999999973 [8.094444944699905, 1.0914869207084479, 4.705490172154054]
17.019999999999726 [8.0944451071274, 1.0914869514977177, 4.705490779094501]
17.23999999999972 [8.094445475015384, 1.0914870282183766, 4.705492142369257]
17.459999999999717 [8.094445970099885, 1.0914871347813209, 4.705493970500517]
17.679999999999712 [8.09444654521816, 1.091487261961115, 4.705496091433583]
17.899999999999707 [8.094447171606701, 1.0914874040933225, 4.7054984037345475]
18.119999999999703 [8.094447831605958, 1.0914875572067553, 4.705500847679094]
18.339999999999698 [8.094448514494337, 1.0914877180829108, 4.705503388112813]
18.559999999999693 [8.09444921408338, 1.0914878839078836, 4.7055060042912045]
18.77999999999969 [8.094449927257333, 1.0914880522763442, 4.705508683871379]
18.999999999999684 [8.094450652984692, 1.0914882213618962, 4.705511419383661]
19.21999999999968 [8.09445139155037, 1.0914883901085677, 4.705514206189456]
19.439999999999674 [8.094452143900645, 1.0914885583383678, 4.705517041328284]
19.65999999999967 [8.094452911081602, 1.0914887267145608, 4.70551992288897]
19.879999999999665 [8.094453693798467, 1.091488896547641, 4.7055228496774735]
20.09999999999966 [8.094454492136013, 1.0914890694749346, 4.705525821038127]
20.319999999999656 [8.094455305467838, 1.0914892470781115, 4.705528836739673]
20.53999999999965 [8.094456132554267, 1.0914894305196916, 4.70553189687565]
20.759999999999646 [8.094456902158422, 1.0914896045171136, 4.70553473207887]
20.97999999999964 [8.094457667033359, 1.0914897807921387, 4.705537564158946]
21.199999999999637 [8.094458442273913, 1.0914899618743723, 4.705540448290136]
21.419999999999632 [8.094459226814415, 1.0914901462261328, 4.7055433801068425]
21.639999999999628 [8.094460020246297, 1.0914903322296188, 4.705546356945563]
21.859999999999623 [8.094460822979148, 1.0914905185342232, 4.705549377109962]
22.079999999999618 [8.094461636036362, 1.0914907043237814, 4.705552439413403]
22.299999999999613 [8.094462460728082, 1.0914908894739384, 4.7055555429589875]
22.51999999999961 [8.094463298295368, 1.0914910745659223, 4.705558687062438]
22.739999999999604 [8.094464149595561, 1.0914912607508551, 4.705561871245624]
22.9599999999996 [8.094465014888545, 1.091491449492169, 4.705565095251786]
23.179999999999595 [8.094465893764275, 1.0914916422413194, 4.70556835905072]
23.39999999999959 [8.094466785223412, 1.0914918401171545, 4.70557166281666]
23.619999999999585 [8.094467687890774, 1.0914920436587507, 4.705575006874286]
23.83999999999958 [8.09446860031331, 1.09149225270552, 4.7055783916192215]
24.059999999999576 [8.094469521276496, 1.0914924664305439, 4.70558181742716]
24.27999999999957 [8.094470450069416, 1.091492683519637, 4.705585284569575]
24.499999999999567 [8.094471386640487, 1.0914929024568647, 4.705588793153286]
24.719999999999562 [8.094472331609737, 1.0914931218541664, 4.705592343096335]
24.939999999999557 [8.094473286135086, 1.0914933407532927, 4.705595934144994]
25.159999999999553 [8.094474251661724, 1.0914935588344699, 4.7055995659279475]
25.379999999999548 [8.094475229609104, 1.0914937764866401, 4.705603238035666]
25.599999999999543 [8.094476221063381, 1.0914939947242426, 4.705606950107718]
25.81999999999954 [8.09447722654183, 1.0914942149687545, 4.705610701909031]
26.039999999999534 [8.094478245879955, 1.0914944387423933, 4.7056144933786355]
26.25999999999953 [8.094479278265467, 1.0914946673401624, 4.705618324640422]
26.479999999999524 [8.094480322411494, 1.0914949015508906, 4.705622195973648]
26.69999999999952 [8.09448137683156, 1.091495141487135, 4.705626107749582]
26.919999999999515 [8.094482440157076, 1.0914953865602333, 4.7056300603480015]
27.13999999999951 [8.094483511429246, 1.0914956356055385, 4.705634054071428]
27.359999999999506 [8.094484590302953, 1.0914958871306977, 4.705638089075471]
27.5799999999995 [8.0944856771193, 1.0914961396336447, 4.705642165330137]
27.799999999999496 [8.094486772831663, 1.091496391922311, 4.705646282620268]
28.01999999999949 [8.094487793094459, 1.0914966243451436, 4.7056501276053675]
28.239999999999487 [8.094488762950398, 1.0914968419948166, 4.705653776334963]
28.459999999999482 [8.094489752075564, 1.0914970611847434, 4.705657484625244]
28.679999999999477 [8.094490757808838, 1.0914972824769054, 4.705661243014402]
28.899999999999473 [8.094491778570434, 1.0914975068834494, 4.705665045864151]
29.119999999999468 [8.094492812947282, 1.0914977354820532, 4.705668889933506]
29.339999999999463 [8.094493859425043, 1.0914979690878714, 4.705672773469367]
29.55999999999946 [8.094494916416142, 1.0914982080222124, 4.705676695621432]
29.779999999999454 [8.094495982432594, 1.0914984520093984, 4.7056806560524596]
29.99999999999945 [8.094497056305942, 1.091498700213265, 4.70568465467042]
