0.0 (4.375, 1.0, 0.0)
0.21999999999999997 (4.013936590330483, 1.0, 0.41333169448406154)
0.4200000000000001 (3.4567206663881875, 1.0, 0.7271733846534897)
0.6200000000000002 (3.379028163144133, 1.0, 0.7935184220497931)
0.8200000000000004 (3.435400714180605, 1.0, 0.5291432483761546)
1.0200000000000005 (3.4528942988934883, 1.0, -0.03029607097711049)
1.2200000000000006 (3.620827034053692, 1.0, -0.48297269506865054)
1.4200000000000008 (3.930333113992285, 1.0, -0.745958736526827)
1.620000000000001 (4.344945435200416, 1.0, -0.5390953546776078)
1.8200000000000012 (4.464450967954231, 1.0, 0.07007571758968179)
2.0200000000000014 (4.2497723375346705, 1.0, 0.6783623208346813)
2.2200000000000015 (4.345350937531833, 1.0, 1.1469053305602754)
2.4200000000000017 (4.740093540468646, 1.0, 1.250245954554156)
2.620000000000002 (5.0522069852205895, 1.0, 0.8900992140177172)
2.820000000000002 (5.189388675277854, 1.0, 0.3112258527674815)
3.0200000000000022 (5.537512747451862, 1.0, 0.05068154724443638)
3.2200000000000024 (5.944884466556965, 1.0, 0.1993220261459382)
3.4200000000000026 (5.965642938946626, 1.0, 0.7104060354721238)
3.6200000000000028 (5.544603645913477, 1.0, 1.2988272499104694)
3.820000000000003 (5.488662351941164, 1.0, 1.8253581767195193)
4.040000000000002 (5.794117135266667, 1.0, 2.17680065819305)
4.259999999999997 (6.216073892237838, 1.0, 1.9515203948423185)
4.479999999999992 (6.55741072620827, 1.0, 1.3899628260671995)
4.699999999999988 (7.01479127470246, 1.0, 1.2229069509414594)
4.919999999999983 (7.363060774426222, 1.0, 1.5396118053204697)
5.139999999999978 (7.143941479222416, 1.0, 2.1381729659225663)
5.359999999999974 (6.584289417441954, 1.0, 2.607553898369586)
5.579999999999969 (6.4614890718602505, 1.0, 3.113717513310472)
5.799999999999964 (6.8562950938066916, 1.0, 3.3175943948416555)
6.01999999999996 (7.4065974750213455, 1.0, 3.038700622177212)
6.239999999999955 (7.901435106286719, 1.0, 2.763194103323657)
6.45999999999995 (8.316806333149678, 1.0, 2.824887201302512)
6.6799999999999455 (8.290578709050003, 1.0, 3.2813046352909785)
6.899999999999941 (7.7013510760816635, 1.0, 3.729844225214752)
7.119999999999936 (7.275516453361167, 1.0, 4.166671877773479)
7.3399999999999315 (7.270478179303672, 1.0, 4.627369547571907)
7.559999999999927 (7.711710976923041, 1.0, 4.682837535378246)
7.779999999999922 (8.302246630578104, 1.0, 4.354238256044064)
7.999999999999917 (8.817626124154256, 1.0, 4.382246149172784)
8.219999999999914 (9.0722050452136, 1.0, 4.767633526344681)
8.439999999999909 (8.706979127537126, 1.0, 5.218766951114283)
8.659999999999904 (7.960683129937069, 1.0, 5.386722247572609)
8.8799999999999 (7.592680158257541, 1.0, 5.777862856893182)
9.099999999999895 (7.771554540896271, 1.0, 6.194923583510941)
9.31999999999989 (8.346189766492405, 1.0, 6.229507013048016)
9.539999999999885 (8.926580651848035, 1.0, 6.105579217318731)
9.75999999999988 (9.317036596342684, 1.0, 6.317164470389217)
9.979999999999876 (9.190934158226991, 1.0, 6.742630169391739)
10.199999999999871 (8.526997853978047, 1.0, 6.9605167347793)
10.419999999999867 (7.890615555562434, 1.0, 7.0812765365195744)
10.639999999999862 (7.592163510675492, 1.0, 7.451750209652419)
10.859999999999857 (7.905899143752372, 1.0, 7.756999298481194)
11.079999999999853 (8.57007346975806, 1.0, 7.773814197895279)
11.299999999999848 (9.051055098838106, 1.0, 8.007002649406493)
11.519999999999843 (9.190830346862723, 1.0, 8.422719457204774)
11.739999999999839 (8.737307266196773, 1.0, 8.671533285934427)
11.959999999999834 (7.970542055465185, 1.0, 8.505910099206405)
12.17999999999983 (7.416245615471731, 1.0, 8.651726741916764)
12.399999999999824 (7.282480612368986, 1.0, 9.097098697355264)
12.61999999999982 (7.70940099019653, 1.0, 9.405035609091287)
12.839999999999815 (8.341819317051714, 1.0, 9.529472193072246)
13.05999999999981 (8.650213199199342, 1.0, 9.88510539207541)
13.279999999999806 (8.438886008324548, 1.0, 10.28945567118372)
13.499999999999801 (7.769127951823606, 1.0, 10.291933494777014)
13.719999999999796 (7.13775090547606, 1.0, 10.038439180933093)
13.939999999999792 (6.666040997299903, 1.0, 10.168239670889282)
14.159999999999787 (6.725392818098765, 1.0, 10.588183950528695)
14.379999999999782 (7.2623808457288535, 1.0, 10.9266193525314)
14.599999999999778 (7.653086176346037, 1.0, 11.299023260322777)
14.819999999999773 (7.676639061905282, 1.0, 11.735633063536168)
15.039999999999768 (7.21419700942866, 1.0, 11.821718574831813)
15.259999999999764 (6.58227485412512, 1.0, 11.385503212240913)
15.479999999999759 (6.013685660695956, 1.0, 11.223406363902505)
15.699999999999754 (5.6299943308592475, 1.0, 11.496695561106552)
15.91999999999975 (5.809636758646089, 1.0, 11.943999423145021)
16.139999999999745 (6.344427838760422, 1.0, 12.342658711558487)
16.35999999999974 (6.495710674032815, 1.0, 12.816604603963947)
16.579999999999735 (6.188757010494888, 1.0, 13.153338630862924)
16.79999999999973 (5.610146155521245, 1.0, 12.923171635984113)
17.019999999999726 (5.161740746704855, 1.0, 12.334516758894642)
17.23999999999972 (4.660028398994976, 1.0, 12.164253015181751)
17.459999999999717 (4.418164214276381, 1.0, 12.528286891796684)
17.679999999999712 (4.660641094913332, 1.0, 13.084423250490941)
17.899999999999707 (4.92980734331458, 1.0, 13.592632312574931)
18.119999999999703 (4.8576926936142915, 1.0, 14.013545665218556)
18.339999999999698 (4.397212595948761, 1.0, 13.996816910530507)
18.559999999999693 (3.9588853728147146, 1.0, 13.413067964163185)
18.77999999999969 (3.5596489348454883, 1.0, 12.96296737893225)
18.999999999999684 (3.1039703079941705, 1.0, 12.92634614284248)
19.21999999999968 (3.0200332133243135, 1.0, 13.357865248239762)
19.439999999999674 (3.323061943315435, 1.0, 13.954015545030083)
19.65999999999967 (3.2814977426142202, 1.0, 14.466549478191245)
19.879999999999665 (2.8753270565759177, 1.0, 14.712576563024092)
20.09999999999966 (2.4748041091956523, 1.0, 14.330133331365497)
20.319999999999656 (2.3443225609021834, 1.0, 13.563269006387412)
20.53999999999965 (1.9735527105149624, 1.0, 13.150091173483261)
20.759999999999646 (1.529423829992668, 1.0, 13.288124406523803)
20.97999999999964 (1.438599795615599, 1.0, 13.85538127595066)
21.199999999999637 (1.5294182251543804, 1.0, 14.457217647254883)
21.419999999999632 (1.3155505951581148, 1.0, 14.847193193895128)
21.639999999999628 (0.8909567196012672, 1.0, 14.720782713490692)
21.859999999999623 (0.6867001624043185, 1.0, 14.056704395718198)
22.079999999999618 (0.6101421471677072, 1.0, 13.407352783001288)
22.299999999999613 (0.2770745362117649, 1.0, 13.066771579747689)
22.51999999999961 (-0.046201631841217984, 1.0, 13.344906363810528)
22.739999999999604 (-0.1028381305652844, 1.0, 14.004349370185894)
22.9599999999996 (-0.3497888003514039, 1.0, 14.481774133624551)
23.179999999999595 (-0.7668252314961439, 1.0, 14.620374218213128)
23.39999999999959 (-1.0171902904888401, 1.0, 14.171925167863298)
23.619999999999585 (-0.8281410474885321, 1.0, 13.416712945436398)
23.83999999999958 (-0.9517490098022894, 1.0, 12.867945348366682)
24.059999999999576 (-1.3870616711728727, 1.0, 12.704392728352131)
24.27999999999957 (-1.707729854012413, 1.0, 13.104435917638197)
24.499999999999567 (-1.8423966044233857, 1.0, 13.732182637910237)
24.719999999999562 (-2.2161121614419628, 1.0, 14.024926786777895)
24.939999999999557 (-2.618172048563474, 1.0, 13.803831964541073)
25.159999999999553 (-2.5765947197935146, 1.0, 13.151167673291127)
25.379999999999548 (-2.2676176710692544, 1.0, 12.520537850859887)
25.599999999999543 (-2.358446431127979, 1.0, 12.022761884161337)
25.81999999999954 (-2.7931564693428728, 1.0, 12.035247147954568)
26.039999999999534 (-3.1862239730800406, 1.0, 12.532996012543272)
26.25999999999953 (-3.5836963681240177, 1.0, 12.915644774032089)
26.479999999999524 (-4.001948498995109, 1.0, 12.952676371267534)
26.69999999999952 (-4.087954664165274, 1.0, 12.487649610950506)
26.919999999999515 (-3.6374265441661957, 1.0, 11.872427940094264)
27.13999999999951 (-3.435976223942355, 1.0, 11.311464053125746)
27.359999999999506 (-3.65359789193687, 1.0, 10.905577747157086)
27.5799999999995 (-4.089900311586272, 1.0, 11.060983427292172)
27.799999999999496 (-4.497895856374917, 1.0, 11.622790950772304)
28.01999999999949 (-5.002961599101487, 1.0, 11.789365619607533)
28.239999999999487 (-5.397699777627506, 1.0, 11.53054449592414)
28.459999999999482 (-5.292786319954842, 1.0, 10.97006998831477)
28.679999999999477 (-4.814131776124634, 1.0, 10.484688447799765)
28.899999999999473 (-4.749383803728542, 1.0, 10.022397871341418)
29.119999999999468 (-5.144807714318389, 1.0, 9.889389763627944)
29.339999999999463 (-5.619650662247651, 1.0, 10.312295727501933)
29.55999999999946 (-6.007451947428315, 1.0, 10.78689993734687)
29.779999999999454 (-6.4608930895490095, 1.0, 10.881638403496973)
29.99999999999945 (-6.620474290715812, 1.0, 10.46455199611927)
