0.0 [0.0, 1.0, 0.0]
0.21999999999999997 [0.002445433964469834, 1.0, -0.0002295440171723659]
0.4200000000000001 [0.006521372938039061, 1.0, -0.0009646210275206027]
0.6200000000000002 [0.0494870675587723, 1.0, 0.002649707871948917]
0.8200000000000004 [0.17998165868119326, 1.0, 0.010629940216410921]
1.0200000000000005 [0.3465912000787158, 1.0, -0.02182433524944813]
1.2200000000000006 [0.5131062666822257, 1.0, -0.08215107496907494]
1.4200000000000008 [0.6833640772581078, 1.0, -0.1517402710206447]
1.620000000000001 [0.8781058332585957, 1.0, -0.21847916477017998]
1.8200000000000012 [1.0786861272166313, 1.0, -0.2557636545877453]
2.0200000000000014 [1.2588171292814037, 1.0, -0.25462340357950664]
2.2200000000000015 [1.4198988641918433, 1.0, -0.23440604493419587]
2.4200000000000017 [1.601756642205357, 1.0, -0.22445505730704393]
2.620000000000002 [1.8083971947522492, 1.0, -0.2509285913783548]
2.820000000000002 [1.9947221983764778, 1.0, -0.328852398827861]
3.0200000000000022 [2.152283559060015, 1.0, -0.43984536989747786]
3.2200000000000024 [2.324932881870142, 1.0, -0.5540337563153284]
3.4200000000000026 [2.5191009576316237, 1.0, -0.6429515066463213]
3.6200000000000028 [2.7028120541316714, 1.0, -0.6880527693190202]
3.820000000000003 [2.868637739079408, 1.0, -0.7054090306498586]
4.040000000000002 [3.0597001874729983, 1.0, -0.7348246805401832]
4.259999999999997 [3.275810812076155, 1.0, -0.8108219880552191]
4.479999999999992 [3.4577802009151344, 1.0, -0.9405919824073208]
4.699999999999988 [3.5974020490034717, 1.0, -1.102454496704096]
4.919999999999983 [3.755287830797306, 1.0, -1.2727172023766924]
5.139999999999978 [3.941677122097965, 1.0, -1.4108716125922582]
5.359999999999974 [4.1239625981978865, 1.0, -1.4958440012512695]
5.579999999999969 [4.296237361095271, 1.0, -1.559643170145153]
5.799999999999964 [4.487807916291051, 1.0, -1.6548997190838957]
6.01999999999996 [4.665080727786006, 1.0, -1.798809572621391]
6.239999999999955 [4.782499391598683, 1.0, -1.981028534948348]
6.45999999999995 [4.878414168831857, 1.0, -2.171593802470662]
6.6799999999999455 [5.005839804507093, 1.0, -2.3713895575868587]
6.899999999999941 [5.159717025835044, 1.0, -2.5275315404401386]
7.119999999999936 [5.314925042963458, 1.0, -2.634860450260045]
7.3399999999999315 [5.471277828192481, 1.0, -2.7436280092015264]
7.559999999999927 [5.6352492100661, 1.0, -2.904020541321002]
7.779999999999922 [5.74954278318381, 1.0, -3.1002746753837007]
7.999999999999917 [5.806490037594385, 1.0, -3.308594034160867]
8.219999999999914 [5.867954347781853, 1.0, -3.529136196747403]
8.439999999999909 [5.96656149080837, 1.0, -3.7431268352347797]
8.659999999999904 [6.091015405954297, 1.0, -3.9092201749649846]
8.8799999999999 [6.2234565296295585, 1.0, -4.044634280807577]
9.099999999999895 [6.358458339653902, 1.0, -4.209605664902522]
9.31999999999989 [6.466356081812174, 1.0, -4.416213321862974]
9.539999999999885 [6.508266543344504, 1.0, -4.627361994520588]
9.75999999999988 [6.517730112835842, 1.0, -4.829424548353466]
9.979999999999876 [6.5457975657188925, 1.0, -5.057820918419985]
10.199999999999871 [6.621875886336822, 1.0, -5.274427687684704]
10.419999999999867 [6.736862838465265, 1.0, -5.445938517367596]
10.639999999999862 [6.857034748611723, 1.0, -5.608364824817913]
10.859999999999857 [6.937433101259987, 1.0084838956939963, -5.751336406693409]
11.079999999999853 [6.945001677867009, 1.0305911722001195, -5.7609582920698985]
11.299999999999848 [6.948985437849956, 1.0462352335923504, -5.7274513991894365]
11.519999999999843 [6.967175252132145, 1.0538553373345545, -5.697784705394505]
11.739999999999839 [6.979630228932977, 1.057131928261361, -5.680127643672257]
11.959999999999834 [6.982214862466196, 1.0579425389043324, -5.671020967685658]
12.17999999999983 [6.982129305927708, 1.0580593953435284, -5.6661064817243885]
12.399999999999824 [6.981666633029771, 1.0580356830311124, -5.663323587630348]
12.61999999999982 [6.981287936649735, 1.0579979393028647, -5.6617098871283575]
12.839999999999815 [6.981037261887967, 1.0579695613954756, -5.66076411373883]
13.05999999999981 [6.980882280884736, 1.0579512372849342, -5.660207247119971]
13.279999999999806 [6.9807889766342806, 1.057940012750108, -5.659878765045278]
13.499999999999801 [6.980733434053933, 1.0579332815573639, -5.659684904420695]
13.719999999999796 [6.980700544761128, 1.057929282803626, -5.659570525951474]
13.939999999999792 [6.980681130180575, 1.0579269189986442, -5.659503107911309]
14.159999999999787 [6.980669701716223, 1.05792552679024, -5.6594634440076055]
14.379999999999782 [6.9806629990628695, 1.057924710257409, -5.659440185306033]
14.599999999999778 [6.980659091049061, 1.0579242343619584, -5.659426624144055]
14.819999999999773 [6.98065683518514, 1.0579239599003842, -5.659418795618349]
15.039999999999768 [6.9806555559258285, 1.0579238045147625, -5.659414355966218]
15.259999999999764 [6.980654853917606, 1.0579237195031004, -5.659411919698191]
15.479999999999759 [6.9806544931030965, 1.057923676072784, -5.6594106677902545]
15.699999999999754 [6.98065433395517, 1.0579236572038588, -5.659410116079114]
15.91999999999975 [6.98065429400484, 1.0579236528361338, -5.659409978352551]
16.139999999999745 [6.9806543245086035, 1.0579236570233237, -5.659410085416367]
16.35999999999974 [6.980654396656917, 1.057923666250635, -5.659410337251182]
16.579999999999735 [6.98065449342249, 1.057923678440284, -5.659410674730112]
16.79999999999973 [6.98065460474213, 1.0579236923637274, -5.659411062899731]
17.019999999999726 [6.980654724668909, 1.0579237072942989, -5.659411481096669]
17.23999999999972 [6.980654849688933, 1.0579237228019442, -5.659411917105063]
17.459999999999717 [6.980654977726436, 1.057923738631936, -5.659412363702769]
17.679999999999712 [6.9806551075557275, 1.0579237546332172, -5.659412816619623]
17.899999999999707 [6.9806552384536005, 1.0579237707160654, -5.6594132733305225]
18.119999999999703 [6.980655369993882, 1.0579237868270897, -5.659413732341939]
18.339999999999698 [6.980655501925985, 1.0579238029344582, -5.659414192770143]
18.559999999999693 [6.980655634103123, 1.0579238190191749, -5.659414654091881]
18.77999999999969 [6.980655766439869, 1.057923835069927, -5.659415115996988]
18.999999999999684 [6.980655898887059, 1.0579238510800417, -5.659415578301267]
19.21999999999968 [6.980656031416953, 1.0579238670456892, -5.6594160408949845]
19.439999999999674 [6.98065616401447, 1.0579238829648179, -5.659416503712428]
19.65999999999967 [6.9806562966719765, 1.057923898836527, -5.659416966713911]
19.879999999999665 [6.980656429386216, 1.0579239146606907, -5.659417429875137]
20.09999999999966 [6.980656562156492, 1.0579239304377372, -5.659417893180919]
20.319999999999656 [6.9806566949835736, 1.0579239461685124, -5.6594183566214555]
20.53999999999965 [6.98065682786905, 1.0579239618541982, -5.659418820190155]
20.759999999999646 [6.980656960814946, 1.0579239774962583, -5.659419283882323]
20.97999999999964 [6.980657093823487, 1.0579239930964053, -5.659419747694406]
21.199999999999637 [6.980657226896955, 1.0579240086565738, -5.659420211623538]
21.419999999999632 [6.980657360037597, 1.0579240241789012, -5.659420675667287]
21.639999999999628 [6.980657493247574, 1.0579240396657128, -5.659421139823481]
21.859999999999623 [6.9806576265289175, 1.0579240551195033, -5.659421604090134]
22.079999999999618 [6.980657759883508, 1.0579240705429263, -5.659422068465391]
22.299999999999613 [6.980657893313054, 1.057924085938778, -5.659422532947484]
22.51999999999961 [6.9806580268190785, 1.0579241013099832, -5.659422997534736]
22.739999999999604 [6.980658160402913, 1.0579241166595823, -5.659423462225539]
22.9599999999996 [6.9806582940656865, 1.0579241319907147, -5.659423927018355]
23.179999999999595 [6.980658427808314, 1.0579241473066043, -5.659424391911705]
23.39999999999959 [6.980658561631502, 1.0579241626105451, -5.659424856904189]
23.619999999999585 [6.980658695535743, 1.0579241779058866, -5.659425321994454]
23.83999999999958 [6.980658829521302, 1.0579241931960164, -5.65942578718123]
24.059999999999576 [6.980658963588227, 1.057924208484346, -5.659426252463301]
24.27999999999957 [6.9806590977363445, 1.057924223774296, -5.659426717839525]
24.499999999999567 [6.980659231965266, 1.0579242390692796, -5.659427183308815]
24.719999999999562 [6.980659366274376, 1.0579242543726874, -5.659427648870161]
24.939999999999557 [6.980659500662854, 1.057924269687874, -5.659428114522617]
25.159999999999553 [6.980659635129658, 1.057924285018141, -5.6594285802653]
25.379999999999548 [6.980659769673545, 1.0579243003667251, -5.659429046097391]
25.599999999999543 [6.980659904293067, 1.0579243157367828, -5.659429512018136]
25.81999999999954 [6.980660038986583, 1.0579243311313766, -5.6594299780268384]
26.039999999999534 [6.980660173752263, 1.0579243465534627, -5.659430444122869]
26.25999999999953 [6.980660308588101, 1.0579243620058791, -5.6594309103056535]
26.479999999999524 [6.980660443491912, 1.0579243774913327, -5.659431376574668]
26.69999999999952 [6.98066057846135, 1.0579243930123885, -5.659431842929453]
26.919999999999515 [6.980660713493926, 1.0579244085714599, -5.659432309369593]
27.13999999999951 [6.980660848586998, 1.0579244241707983, -5.659432775894726]
27.359999999999506 [6.980660983737799, 1.057924439812484, -5.659433242504531]
27.5799999999995 [6.980661118943442, 1.05792445549842, -5.659433709198734]
27.799999999999496 [6.9806612542009345, 1.0579244712303209, -5.659434175977099]
28.01999999999949 [6.98066138950719, 1.0579244870097106, -5.6594346428394235]
28.239999999999487 [6.980661524859036, 1.0579245028379138, -5.659435109785541]
28.459999999999482 [6.980661660253233, 1.057924518716054, -5.659435576815313]
28.679999999999477 [6.9806617956864905, 1.0579245346450477, -5.659436043928628]
28.899999999999473 [6.980661931155469, 1.0579245506256023, -5.659436511125393]
29.119999999999468 [6.9806620666568024, 1.0579245666582147, -5.659436978405536]
29.339999999999463 [6.980662202187109, 1.0579245827431683, -5.659437445768996]
29.55999999999946 [6.980662337743009, 1.0579245988805368, -5.659437913215727]
29.779999999999454 [6.980662473321127, 1.0579246150701818, -5.659438380745685]
29.99999999999945 [6.980662608918115, 1.057924631311755, -5.659438848358828]
