0.0 (4.375, 1.0, 0.0)
0.21999999999999997 (4.024448851421213, 1.0, 0.4062528908711651)
0.4200000000000001 (3.481033736572361, 1.0, 0.6676405559972453)
0.6200000000000002 (3.4660469979673265, 1.0, 0.6382542236912644)
0.8200000000000004 (3.381268404020762, 1.0, 0.2757105224859325)
1.0200000000000005 (3.1951969597799836, 1.0, -0.3743088390587969)
1.2200000000000006 (3.181756155907469, 1.0, -0.993319076295061)
1.4200000000000008 (3.3335736567633343, 1.0, -1.4967865447146147)
1.620000000000001 (3.8034371991192937, 1.0, -1.5856835179569682)
1.8200000000000012 (4.258981136124384, 1.0, -1.240301412520573)
2.0200000000000014 (4.520894839470677, 1.0, -0.7530043782243295)
2.2200000000000015 (4.881962964753137, 1.0, -0.5711472889573177)
2.4200000000000017 (5.211601779348968, 1.0, -0.8159743697043306)
2.620000000000002 (5.114905255731277, 1.0, -1.356193163097595)
2.820000000000002 (4.603966143917253, 1.0, -1.855080557064346)
3.0200000000000022 (4.489213435581884, 1.0, -2.3512850990523924)
3.2200000000000024 (4.801146804291281, 1.0, -2.6561159853824736)
3.4200000000000026 (5.2076804673813095, 1.0, -2.4740511724845984)
3.6200000000000028 (5.57161009006664, 1.0, -1.975530387902737)
3.820000000000003 (6.029188827183504, 1.0, -1.8352597314939445)
4.040000000000002 (6.430069983813335, 1.0, -2.0751079724195396)
4.259999999999997 (6.281421674309125, 1.0, -2.602534151451875)
4.479999999999992 (5.639939883363974, 1.0, -3.0482256701983586)
4.699999999999988 (5.403458864418678, 1.0, -3.553197726918955)
4.919999999999983 (5.693908757065024, 1.0, -3.906125171534476)
5.139999999999978 (6.233631734570949, 1.0, -3.749743013695979)
5.359999999999974 (6.7374921628397395, 1.0, -3.3888225472257583)
5.579999999999969 (7.1896279044441, 1.0, -3.4113557398808334)
5.799999999999964 (7.291344132086912, 1.0, -3.8533188161196583)
6.01999999999996 (6.807013291656461, 1.0, -4.3428305201155375)
6.239999999999955 (6.250797717900518, 1.0, -4.674039170202062)
6.45999999999995 (6.0874616801741155, 1.0, -5.1174276231531275)
6.6799999999999455 (6.472341512574005, 1.0, -5.2997870759886565)
6.899999999999941 (7.082195010040047, 1.0, -5.070429944518286)
7.119999999999936 (7.613125607207154, 1.0, -5.063066630030208)
7.3399999999999315 (7.926623612788623, 1.0, -5.3847918946769155)
7.559999999999927 (7.633031942705125, 1.0, -5.778294056133593)
7.779999999999922 (6.865953747279578, 1.0, -5.934620283047382)
7.999999999999917 (6.3950316960363764, 1.0, -6.276050010646858)
8.219999999999914 (6.411122711264877, 1.0, -6.750843998098855)
8.439999999999909 (6.906686981519309, 1.0, -6.865885002346615)
8.659999999999904 (7.57149584798776, 1.0, -6.679806870301987)
8.8799999999999 (8.054262081839378, 1.0, -6.867903420171088)
9.099999999999895 (8.138171954299743, 1.0, -7.323850167724329)
9.31999999999989 (7.640270187941288, 1.0, -7.684206940584497)
9.539999999999885 (7.004409544196534, 1.0, -7.780690810724512)
9.75999999999988 (6.730203303675919, 1.0, -8.129387430158753)
9.979999999999876 (7.036416182196514, 1.0, -8.42442201377193)
10.199999999999871 (7.691090489382817, 1.0, -8.325141704743286)
10.419999999999867 (8.261886574332584, 1.0, -8.255353831500614)
10.639999999999862 (8.633326808265622, 1.0, -8.508723011446358)
10.859999999999857 (8.911117176185984, 1.0523392695681562, -8.915623188510917)
11.079999999999853 (8.892459094092263, 1.1810467320306353, -9.141082881887929)
11.299999999999848 (8.770608264477467, 1.2560510838710621, -9.383167188757966)
11.519999999999843 (8.544855035492585, 1.2576052065650105, -9.679218074598595)
11.739999999999839 (8.251386911633064, 1.2164685332706189, -9.861096389699563)
11.959999999999834 (8.20187001756949, 1.2075477831208334, -9.869867130930627)
12.17999999999983 (8.199468832838416, 1.2077300065268366, -9.865636420506505)
12.399999999999824 (8.198616526404994, 1.2081555167710445, -9.862950418749577)
12.61999999999982 (8.197869190898567, 1.2085162482980638, -9.861429261628194)
12.839999999999815 (8.197238922759125, 1.2088545205150798, -9.860580275079942)
13.05999999999981 (8.196685846482682, 1.2091744388812706, -9.860126505705763)
13.279999999999806 (8.196175100648096, 1.2094726243866514, -9.859907692103704)
13.499999999999801 (8.195683879618299, 1.2097452258698853, -9.859829795349793)
13.719999999999796 (8.195198828009165, 1.2099891860226357, -9.859837216015599)
13.939999999999792 (8.194712779971503, 1.2102022457754358, -9.859896892479249)
14.159999999999787 (8.194222392493915, 1.2103827544106744, -9.859989034118822)
14.379999999999782 (8.193726632164635, 1.210529507478302, -9.860101677989325)
14.599999999999778 (8.193225848696258, 1.210641638069312, -9.860227480713858)
14.819999999999773 (8.192721216031163, 1.210718549125776, -9.860361825394516)
15.039999999999768 (8.192214395911476, 1.2107598723383062, -9.860501704311618)
15.259999999999764 (8.191707334234192, 1.210765443191047, -9.860645059839419)
15.479999999999759 (8.191202136228048, 1.2107352854669668, -9.8607903961406)
15.699999999999754 (8.190700988340547, 1.2106696011152547, -9.860936550903709)
15.91999999999975 (8.190206107822753, 1.2105687630171056, -9.861082561673191)
16.139999999999745 (8.189719708785114, 1.210433309184302, -9.861227588078387)
16.35999999999974 (8.189243978107891, 1.2102639375264543, -9.861370867082313)
16.579999999999735 (8.188781057315284, 1.210061500683425, -9.86151168771928)
16.79999999999973 (8.188333028131972, 1.209827000635491, -9.861649377316866)
17.019999999999726 (8.187901900390592, 1.2095615829334008, -9.861783294465138)
17.23999999999972 (8.187489601518946, 1.2092665304685186, -9.861912825927837)
17.459999999999717 (8.187097967165275, 1.2089432567505274, -9.86203738583251)
17.679999999999712 (8.186728732713675, 1.2085932986890806, -9.862156416152246)
17.899999999999707 (8.186383525554891, 1.2082183088937355, -9.86226938789135)
18.119999999999703 (8.186063858043502, 1.2078200475178178, -9.862375802623957)
18.339999999999698 (8.185771121109964, 1.207400373679207, -9.862475194174673)
18.559999999999693 (8.185506578517064, 1.206961236495872, -9.862567130313781)
18.77999999999969 (8.185271361761416, 1.2065046657773275, -9.86265121438882)
18.999999999999684 (8.185066465625939, 1.2060327624154543, -9.86272708684422)
19.21999999999968 (8.18489274439108, 1.2055476885197802, -9.8627944265985)
19.439999999999674 (8.184750908712402, 1.2050516573434045, -9.862852952259347)
19.65999999999967 (8.18464152317075, 1.2045469230465222, -9.862902423163963)
19.879999999999665 (8.18456500449903, 1.204035770344886, -9.862942640236222)
20.09999999999966 (8.184521620487246, 1.203520504090724, -9.86297344665539)
20.319999999999656 (8.184511489564644, 1.2030034388334927, -9.86299472833309)
20.53999999999965 (8.184534581054953, 1.202486888407532, -9.863006414196928)
20.759999999999646 (8.184590716097919, 1.2019731555931124, -9.86300847628047)
20.97999999999964 (8.18467956922737, 1.2014645218965998, -9.863000929620384)
21.199999999999637 (8.184800670593397, 1.2009632374944974, -9.862983831962596)
21.419999999999632 (8.184953408813275, 1.2004715113849467, -9.862957283280183)
21.639999999999628 (8.185137034433314, 1.1999915017889415, -9.862921425106622)
21.859999999999623 (8.18535066398113, 1.1995253068419607, -9.862876439688888)
22.079999999999618 (8.18559328458548, 1.199074955615065, -9.86282254896557)
22.299999999999613 (8.185863759138462, 1.1986423995026276, -9.862760013375967)
22.51999999999961 (8.18616083197269, 1.1982295040118967, -9.862689130506865)
22.739999999999604 (8.186483135024156, 1.1978380409874667, -9.862610233584308)
22.9599999999996 (8.186829194449388, 1.1974696813014643, -9.86252368981823)
23.179999999999595 (8.187197437664103, 1.1971259880379141, -9.862429898608612)
23.39999999999959 (8.187586200768717, 1.1968084101972776, -9.86232928962205)
23.619999999999585 (8.187993736324918, 1.1965182769446177, -9.862222320748383)
23.83999999999958 (8.188418221446199, 1.1962567924222005, -9.862109475947328)
24.059999999999576 (8.188857766164237, 1.1960250311446867, -9.861991262995407)
24.27999999999957 (8.189310422032182, 1.1958239339922954, -9.861868211143983)
24.499999999999567 (8.189774190925267, 1.1956543048145765, -9.861740868699284)
24.719999999999562 (8.190247033998595, 1.1955168076546074, -9.861609800535692)
24.939999999999557 (8.190726880761801, 1.195411964600638, -9.86147558555368)
25.159999999999553 (8.19121163822997, 1.1953401542693751, -9.861338814093928)
25.379999999999548 (8.191699200110465, 1.1953016109223253, -9.861200085319236)
25.599999999999543 (8.192187455985382, 1.1952964242138193, -9.861060004575885)
25.81999999999954 (8.192674300449863, 1.19532453956662, -9.860919180746047)
26.039999999999534 (8.193157642167012, 1.1953857591683261, -9.860778223602786)
26.25999999999953 (8.193635412800973, 1.1954797435791473, -9.860637741179103)
26.479999999999524 (8.19410557579051, 1.195606013939085, -9.860498337162209)
26.69999999999952 (8.19456613492666, 1.1957639547600598, -9.860360608324157)
26.919999999999515 (8.195015142699027, 1.1959528172861482, -9.860225141999496)
27.13999999999951 (8.195450708376805, 1.1961717234028082, -9.860092513620463)
27.359999999999506 (8.195871005791975, 1.1964196700737784, -9.859963284319821)
27.5799999999995 (8.196274280793755, 1.1966955342822998, -9.859837998611061)
27.799999999999496 (8.196658858345117, 1.196998078451328, -9.859717182155238)
28.01999999999949 (8.197023149233958, 1.1973259563156526, -9.85960133962332)
28.239999999999487 (8.197365656373451, 1.197677719217108, -9.85949095266235)
28.459999999999482 (8.19768498066812, 1.1980518227925772, -9.85938647797325)
28.679999999999477 (8.197979826424246, 1.1984466340230842, -9.859288345507537)
28.899999999999473 (8.198249006285327, 1.1988604386110409, -9.859196956789619)
29.119999999999468 (8.198491445675621, 1.1992914486516437, -9.85911268337076)
29.339999999999463 (8.198706186736947, 1.1997378105634908, -9.859035865420196)
29.55999999999946 (8.198892391746288, 1.200197613242737, -9.858966810458208)
29.779999999999454 (8.199049346004022, 1.2006688964044796, -9.85890579223535)
29.99999999999945 (8.199176460184956, 1.2011496590746653, -9.85885304976137)
