0.0 [0.0, 1.0, 0.0]
0.21999999999999997 [0.002445433964469834, 1.0, -0.0002295440171723659]
0.4200000000000001 [0.006521372938039061, 1.0, -0.0009646210275206027]
0.6200000000000002 [0.0494870675587723, 1.0, 0.002649707871948917]
0.8200000000000004 [0.17998165868119326, 1.0, 0.010629940216410921]
1.0200000000000005 [0.3465912000787158, 1.0, -0.02182433524944813]
1.2200000000000006 [0.5131062666822257, 1.0, -0.08215107496907494]
1.4200000000000008 [0.6833640772581078, 1.0, -0.1517402710206447]
1.620000000000001 [0.8781058332585957, 1.0, -0.21847916477017998]
1.8200000000000012 [1.0786861272166313, 1.0, -0.2557636545877453]
2.0200000000000014 [1.2588171292814037, 1.0, -0.25462340357950664]
2.2200000000000015 [1.4198988641918433, 1.0, -0.23440604493419587]
2.4200000000000017 [1.601756642205357, 1.0, -0.22445505730704393]
2.620000000000002 [1.8083971947522492, 1.0, -0.2509285913783548]
2.820000000000002 [1.9947221983764778, 1.0, -0.328852398827861]
3.0200000000000022 [2.152283559060015, 1.0, -0.43984536989747786]
3.2200000000000024 [2.324932881870142, 1.0, -0.5540337563153284]
3.4200000000000026 [2.5191009576316237, 1.0, -0.6429515066463213]
3.6200000000000028 [2.7028120541316714, 1.0, -0.6880527693190202]
3.820000000000003 [2.868637739079408, 1.0, -0.7054090306498586]
4.040000000000002 [3.0597001874729983, 1.0, -0.7348246805401832]
4.259999999999997 [3.275810812076155, 1.0, -0.8108219880552191]
4.479999999999992 [3.4577802009151344, 1.0, -0.9405919824073208]
4.699999999999988 [3.5974020490034717, 1.0, -1.102454496704096]
4.919999999999983 [3.755287830797306, 1.0, -1.2727172023766924]
5.139999999999978 [3.941677122097965, 1.0, -1.4108716125922582]
5.359999999999974 [4.1239625981978865, 1.0, -1.4958440012512695]
5.579999999999969 [4.296237361095271, 1.0, -1.559643170145153]
5.799999999999964 [4.487807916291051, 1.0, -1.6548997190838957]
6.01999999999996 [4.665080727786006, 1.0, -1.798809572621391]
6.239999999999955 [4.782499391598683, 1.0, -1.981028534948348]
6.45999999999995 [4.878414168831857, 1.0, -2.171593802470662]
6.6799999999999455 [5.005839804507093, 1.0, -2.3713895575868587]
6.899999999999941 [5.159717025835044, 1.0, -2.5275315404401386]
7.119999999999936 [5.314925042963458, 1.0, -2.634860450260045]
7.3399999999999315 [5.471277828192481, 1.0, -2.7436280092015264]
7.559999999999927 [5.6352492100661, 1.0, -2.904020541321002]
7.779999999999922 [5.74954278318381, 1.0, -3.1002746753837007]
7.999999999999917 [5.806490037594385, 1.0, -3.308594034160867]
8.219999999999914 [5.867954347781853, 1.0, -3.529136196747403]
8.439999999999909 [5.966722087322178, 1.0, -3.742926083980497]
8.659999999999904 [6.089759497086719, 1.0, -3.9074294228134283]
8.8799999999999 [6.216991616530937, 1.0, -4.040341926661392]
9.099999999999895 [6.346673165701635, 1.0, -4.202338077496891]
9.31999999999989 [6.449940424735605, 1.0, -4.408221781516431]
9.539999999999885 [6.48531284299868, 1.0, -4.626406201139552]
9.75999999999988 [6.486812642506925, 1.0, -4.842229534247779]
9.979999999999876 [6.5075147448170885, 1.0, -5.079442996205435]
10.199999999999871 [6.572828282410251, 1.0, -5.29408558429179]
10.419999999999867 [6.662671545462563, 1.0, -5.46578105075181]
10.639999999999862 [6.7528470883859075, 1.0, -5.629948397470768]
10.859999999999857 [6.832166210226953, 1.0, -5.840171148042202]
11.079999999999853 [6.857294431651311, 1.0, -6.0647813359031995]
11.299999999999848 [6.8172184876810595, 1.0, -6.274457193971684]
11.519999999999843 [6.770386538764121, 1.0, -6.4899860171609705]
11.739999999999839 [6.753434076862673, 1.0, -6.7265045396539085]
11.959999999999834 [6.78291235373023, 1.0, -6.934806220737608]
12.17999999999983 [6.836169034951709, 1.0, -7.110855100337761]
12.399999999999824 [6.883411471209694, 1.0, -7.305940431130567]
12.61999999999982 [6.891778314202451, 1.0, -7.537472126586719]
12.839999999999815 [6.835062233962819, 1.0, -7.754444077992676]
13.05999999999981 [6.74148099646788, 1.0, -7.947838609453029]
13.279999999999806 [6.650144842809562, 1.0, -8.164412590156985]
13.499999999999801 [6.602923240587257, 1.0, -8.387926087427417]
13.719999999999796 [6.602070355714249, 1.0, -8.58504045303717]
13.939999999999792 [6.612380391480365, 1.0, -8.769455731529977]
14.159999999999787 [6.597091979254484, 1.0, -8.988377223105276]
14.379999999999782 [6.528545248798329, 1.0, -9.20611613832557]
14.599999999999778 [6.403763175124771, 1.0, -9.384093673669419]
14.819999999999773 [6.265207660565458, 1.0, -9.555920510000409]
15.039999999999768 [6.1383567630164695, 1.0, -9.759152453986829]
15.259999999999764 [6.065734780524863, 1.0, -9.962355272331383]
15.479999999999759 [6.031834194859489, 1.0, -10.14716877123015]
15.699999999999754 [5.989704046986515, 1.0, -10.33739100656714]
15.91999999999975 [5.901703295989436, 1.0, -10.54950651937612]
16.139999999999745 [5.7626350857702215, 1.0, -10.7242379217621]
16.35999999999974 [5.594821702208666, 1.0, -10.851945933096953]
16.579999999999735 [5.417823362495963, 1.0, -10.99593108691515]
16.79999999999973 [5.266582830985518, 1.0, -11.172301332470711]
17.019999999999726 [5.169982466775091, 1.0, -11.348958690180398]
17.23999999999972 [5.0989573493386695, 1.0, -11.517259288604622]
17.459999999999717 [4.996663281810563, 1.0, -11.704596403653671]
17.679999999999712 [4.843162073158803, 1.0, -11.876951173840387]
17.899999999999707 [4.653639923195352, 1.0, -11.99009527625623]
18.119999999999703 [4.455233564429067, 1.0, -12.080352290124242]
18.339999999999698 [4.247781251251299, 1.0, -12.198805814049617]
18.559999999999693 [4.083530620436842, 1.0, -12.345039490333194]
18.77999999999969 [3.967298017842068, 1.0, -12.495557861812552]
18.999999999999684 [3.850722620795811, 1.0, -12.645357690061761]
19.21999999999968 [3.683846984095987, 1.0, -12.80044908739184]
19.439999999999674 [3.484285535552274, 1.0, -12.90602760411559]
19.65999999999967 [3.2743751618839267, 1.0, -12.951085513926131]
19.879999999999665 [3.051791416986778, 1.0, -12.999344911806373]
20.09999999999966 [2.831830834828593, 1.0, -13.086291270177151]
20.319999999999656 [2.6590402927569223, 1.0, -13.20072849152142]
20.53999999999965 [2.5184096641428804, 1.0, -13.320413115280541]
20.759999999999646 [2.3509361276839544, 1.0, -13.440801008231762]
20.97999999999964 [2.1410371370140124, 1.0, -13.534517168545168]
21.199999999999637 [1.9224034197106283, 1.0, -13.559331464785872]
21.419999999999632 [1.7111559002683125, 1.0, -13.54809201629688]
21.639999999999628 [1.4763093742845927, 1.0, -13.553457159727595]
21.859999999999623 [1.2570921573763456, 1.0, -13.603679654001992]
22.079999999999618 [1.0813128565933123, 1.0, -13.683057357224815]
22.299999999999613 [0.9152197478543653, 1.0, -13.765650708668277]
22.51999999999961 [0.7022035305712429, 1.0, -13.836501182076756]
22.739999999999604 [0.47428893632971797, 1.0, -13.852031782025874]
22.9599999999996 [0.26246076432303284, 1.0, -13.804271269472089]
23.179999999999595 [0.04611331913161243, 1.0, -13.747469988694018]
23.39999999999959 [-0.19034719521469395, 1.0, -13.718053274736024]
23.619999999999585 [-0.40083093030723427, 1.0, -13.73670360634141]
23.83999999999958 [-0.5809968034092309, 1.0, -13.781400073280038]
24.059999999999576 [-0.777146564996496, 1.0, -13.81805968610921]
24.27999999999957 [-1.0078193305571261, 1.0, -13.816255478349575]
24.499999999999567 [-1.2212994627598164, 1.0, -13.750962562040016]
24.719999999999562 [-1.4086143542778038, 1.0, -13.64702399676598]
24.939999999999557 [-1.6195547103263548, 1.0, -13.543875153219776]
25.159999999999553 [-1.8417436447780684, 1.0, -13.48488029418104]
25.379999999999548 [-2.0400940984309877, 1.0, -13.472769335963065]
25.599999999999543 [-2.2247745090766573, 1.0, -13.4728924911288]
25.81999999999954 [-2.4414197579353143, 1.0, -13.447207503096362]
26.039999999999534 [-2.655565857082404, 1.0, -13.36958528894784]
26.25999999999953 [-2.82570108913501, 1.0, -13.236771866394209]
26.479999999999524 [-2.9852180780013975, 1.0, -13.09134179875664]
26.69999999999952 [-3.1781143714714126, 1.0, -12.95233943062402]
26.919999999999515 [-3.377026299763586, 1.0, -12.86542983059608]
27.13999999999951 [-3.563898078571887, 1.0, -12.821437558007933]
27.359999999999506 [-3.756444470922903, 1.0, -12.772385196886283]
27.5799999999995 [-3.9699746785241232, 1.0, -12.676946218785915]
27.799999999999496 [-4.143469293832738, 1.0, -12.537134880756025]
28.01999999999949 [-4.2676454953077, 1.0, -12.374446643330806]
28.239999999999487 [-4.406957944155507, 1.0, -12.202218429432895]
28.459999999999482 [-4.586078142988035, 1.0, -12.04859794456668]
28.679999999999477 [-4.780608795552666, 1.0, -11.952814260209355]
28.899999999999473 [-4.9719278357922025, 1.0, -11.888205090057154]
29.119999999999468 [-5.136308181177904, 1.0060453505636904, -11.812956932803806]
29.339999999999463 [-5.145062246626135, 1.0340022440447552, -11.797657355882677]
29.55999999999946 [-5.133563749825159, 1.0509157541821226, -11.817253859995233]
29.779999999999454 [-5.133093280653812, 1.059528501464077, -11.849010337023945]
29.99999999999945 [-5.1369821496935915, 1.0635537951210297, -11.872310328588416]
