0.0 (4.375, 1.0, 0.0)
0.21999999999999997 (4.024448851421213, 1.0, 0.4062528908711651)
0.4200000000000001 (3.481033736572361, 1.0, 0.6676405559972453)
0.6200000000000002 (3.4660469979673265, 1.0, 0.6382542236912644)
0.8200000000000004 (3.381268404020762, 1.0, 0.2757105224859325)
1.0200000000000005 (3.1951969597799836, 1.0, -0.3743088390587969)
1.2200000000000006 (3.181756155907469, 1.0, -0.993319076295061)
1.4200000000000008 (3.3335736567633343, 1.0, -1.4967865447146147)
1.620000000000001 (3.8034371991192937, 1.0, -1.5856835179569682)
1.8200000000000012 (4.258981136124384, 1.0, -1.240301412520573)
2.0200000000000014 (4.520894839470677, 1.0, -0.7530043782243295)
2.2200000000000015 (4.881962964753137, 1.0, -0.5711472889573177)
2.4200000000000017 (5.211601779348968, 1.0, -0.8159743697043306)
2.620000000000002 (5.114905255731277, 1.0, -1.356193163097595)
2.820000000000002 (4.603966143917253, 1.0, -1.855080557064346)
3.0200000000000022 (4.489213435581884, 1.0, -2.3512850990523924)
3.2200000000000024 (4.801146804291281, 1.0, -2.6561159853824736)
3.4200000000000026 (5.2076804673813095, 1.0, -2.4740511724845984)
3.6200000000000028 (5.57161009006664, 1.0, -1.975530387902737)
3.820000000000003 (6.029188827183504, 1.0, -1.8352597314939445)
4.040000000000002 (6.430069983813335, 1.0, -2.0751079724195396)
4.259999999999997 (6.281421674309125, 1.0, -2.602534151451875)
4.479999999999992 (5.639939883363974, 1.0, -3.0482256701983586)
4.699999999999988 (5.403458864418678, 1.0, -3.553197726918955)
4.919999999999983 (5.693908757065024, 1.0, -3.906125171534476)
5.139999999999978 (6.233631734570949, 1.0, -3.749743013695979)
5.359999999999974 (6.7374921628397395, 1.0, -3.3888225472257583)
5.579999999999969 (7.1896279044441, 1.0, -3.4113557398808334)
5.799999999999964 (7.291344132086912, 1.0, -3.8533188161196583)
6.01999999999996 (6.807013291656461, 1.0, -4.3428305201155375)
6.239999999999955 (6.250797717900518, 1.0, -4.674039170202062)
6.45999999999995 (6.0874616801741155, 1.0, -5.1174276231531275)
6.6799999999999455 (6.472341512574005, 1.0, -5.2997870759886565)
6.899999999999941 (7.082195010040047, 1.0, -5.070429944518286)
7.119999999999936 (7.613125607207154, 1.0, -5.063066630030208)
7.3399999999999315 (7.926623612788623, 1.0, -5.3847918946769155)
7.559999999999927 (7.633031942705125, 1.0, -5.778294056133593)
7.779999999999922 (6.865953747279578, 1.0, -5.934620283047382)
7.999999999999917 (6.3950316960363764, 1.0, -6.276050010646858)
8.219999999999914 (6.411122711264877, 1.0, -6.750843998098855)
8.439999999999909 (6.901877768690569, 1.0, -6.890905939172077)
8.659999999999904 (7.541776503712822, 1.0, -6.75828016024216)
8.8799999999999 (7.976651619128825, 1.0, -6.965612208193949)
9.099999999999895 (7.970502218871798, 1.0, -7.418067776914966)
9.31999999999989 (7.373357070713191, 1.0, -7.6783193289021145)
9.539999999999885 (6.662973967072639, 1.0, -7.65844801817018)
9.75999999999988 (6.234097673930346, 1.0, -7.936910222591846)
9.979999999999876 (6.40751668209562, 1.0, -8.327110441209493)
10.199999999999871 (7.015466387919128, 1.0, -8.477848361990413)
10.419999999999867 (7.545333339313511, 1.0, -8.654972455041893)
10.639999999999862 (7.774818786390738, 1.0, -9.011315924123975)
10.859999999999857 (7.410236239878134, 1.0, -9.314404453194499)
11.079999999999853 (6.66697414671056, 1.0, -9.20038690538163)
11.299999999999848 (6.083006729653857, 1.0, -9.252739897693761)
11.519999999999843 (5.804206773731717, 1.0, -9.615473402526748)
11.739999999999839 (6.115990568495349, 1.0, -9.949329927648895)
11.959999999999834 (6.765623042334325, 1.0, -10.099097321441509)
12.17999999999983 (7.100019931739553, 1.0, -10.475158374308716)
12.399999999999824 (6.967810513454507, 1.0, -10.931537984745407)
12.61999999999982 (6.376936349433337, 1.0, -10.952634350457998)
12.839999999999815 (5.729205177687281, 1.0, -10.557717277515039)
13.05999999999981 (5.189943648035303, 1.0, -10.586822730581552)
13.279999999999806 (5.062996138102511, 1.0, -11.02294080883949)
13.499999999999801 (5.471361515166151, 1.0, -11.460033519743325)
13.719999999999796 (5.941240923783057, 1.0, -11.809314727765187)
13.939999999999792 (6.061691449224035, 1.0, -12.222487268677774)
14.159999999999787 (5.653062794631951, 1.0, -12.403386952869942)
14.379999999999782 (5.023990762943756, 1.0, -12.061017678726493)
14.599999999999778 (4.477104413401726, 1.0, -11.74783506740192)
14.819999999999773 (4.019816813557506, 1.0, -11.832906894659963)
15.039999999999768 (4.0676489520353085, 1.0, -12.263199284638462)
15.259999999999764 (4.557191229525348, 1.0, -12.724418418708268)
15.479999999999759 (4.7253974367435525, 1.0, -13.225091467007228)
15.699999999999754 (4.496385047327759, 1.0, -13.616591875015262)
15.91999999999975 (3.9739726971187195, 1.0, -13.465049197581848)
16.139999999999745 (3.5505625184606897, 1.0, -12.812866633479514)
16.35999999999974 (3.055707573242394, 1.0, -12.570777283499785)
16.579999999999735 (2.678802725906229, 1.0, -12.838603065375715)
16.79999999999973 (2.8014535336679285, 1.0, -13.370636939330558)
17.019999999999726 (3.1551035939838097, 1.0, -13.878504222985411)
17.23999999999972 (3.1097310310058672, 1.0, -14.334852912715123)
17.459999999999717 (2.670047541261687, 1.0, -14.426599710138616)
17.679999999999712 (2.2206312412267772, 1.0, -13.920048635439475)
17.899999999999707 (1.9238675179420803, 1.0, -13.31551703377832)
18.119999999999703 (1.483835687809328, 1.0, -13.102335382527162)
18.339999999999698 (1.2552422429644878, 1.0, -13.47117560664481)
18.559999999999693 (1.419375308103191, 1.0, -14.101309884897226)
18.77999999999969 (1.39688415804984, 1.0, -14.642790041061698)
18.999999999999684 (1.100817979367584, 1.0, -14.949648777598854)
19.21999999999968 (0.7067800596266199, 1.0, -14.655174563618525)
19.439999999999674 (0.5782836554087372, 1.0, -13.887811257343337)
19.65999999999967 (0.26886679510020167, 1.0, -13.39190108907189)
19.879999999999665 (-0.19392052192202835, 1.0, -13.353225411563477)
20.09999999999966 (-0.35657472469040646, 1.0, -13.819300983864332)
20.319999999999656 (-0.2490118115867144, 1.0, -14.472673389761917)
20.53999999999965 (-0.4750817588073094, 1.0, -14.905088202006414)
20.759999999999646 (-0.9358587905603789, 1.0, -14.900809062999976)
20.97999999999964 (-1.1931469267701864, 1.0, -14.308569871663279)
21.199999999999637 (-1.125954619419828, 1.0, -13.599345138977595)
21.419999999999632 (-1.3874747577696211, 1.0, -13.166139633525823)
21.639999999999628 (-1.7931464603426233, 1.0, -13.307316949117196)
21.859999999999623 (-1.974430816320446, 1.0, -13.896415138611253)
22.079999999999618 (-2.1481931331168367, 1.0, -14.420910011820014)
22.299999999999613 (-2.522937321772009, 1.0, -14.63620120917245)
22.51999999999961 (-2.796700134222662, 1.0, -14.271699441797516)
22.739999999999604 (-2.6493821221950156, 1.0, -13.539695384850479)
22.9599999999996 (-2.6460487973832647, 1.0, -12.934639237814944)
23.179999999999595 (-2.9859390898060343, 1.0, -12.614003355450166)
23.39999999999959 (-3.352672712437797, 1.0, -12.890714436893443)
23.619999999999585 (-3.5595540574923463, 1.0, -13.531413562878429)
23.83999999999958 (-3.9573697369656053, 1.0, -13.853877089154594)
24.059999999999576 (-4.395857566731668, 1.0, -13.727101059129742)
24.27999999999957 (-4.407088995906118, 1.0, -13.139613483577762)
24.499999999999567 (-3.976119375731757, 1.0, -12.507781441093774)
24.719999999999562 (-3.960747462060334, 1.0, -11.961704009358947)
24.939999999999557 (-4.37614404997286, 1.0, -11.789997707703284)
25.159999999999553 (-4.826445994656845, 1.0, -12.163763621294907)
25.379999999999548 (-5.193472459659785, 1.0, -12.633461655467366)
25.599999999999543 (-5.616412715416813, 1.0, -12.744472267756622)
25.81999999999954 (-5.8085893533924695, 1.0, -12.334490537062786)
26.039999999999534 (-5.468727632291286, 1.0, -11.712989567824646)
26.25999999999953 (-5.118884567368697, 1.0, -11.196856806648979)
26.479999999999524 (-5.174154703044228, 1.0, -10.73813748448689)
26.69999999999952 (-5.599635572951546, 1.0, -10.765701139961713)
26.919999999999515 (-6.06836678989632, 1.0, -11.263701267292337)
27.13999999999951 (-6.583095451312372, 1.0, -11.470412447607801)
27.359999999999506 (-7.01324794420804, 1.0, -11.314467545199323)
27.5799999999995 (-6.96172906475619, 1.0, -10.821515553974502)
27.799999999999496 (-6.435002418341976, 1.0, -10.32798669546818)
28.01999999999949 (-6.289558578040807, 1.0, -9.84788679182114)
28.239999999999487 (-6.631646561862795, 1.0, -9.564291014724924)
28.459999999999482 (-7.118051069712383, 1.0, -9.861508282545183)
28.679999999999477 (-7.497947218459656, 1.0, -10.432882156932973)
28.899999999999473 (-7.971674006752026, 1.0, -10.582748268225748)
29.119999999999468 (-8.481090092998537, 1.0383451416805185, -10.409066343189094)
29.339999999999463 (-8.62021558435665, 1.1999533281348593, -10.170965232168504)
29.55999999999946 (-8.660016213310225, 1.282515041632393, -9.865772464796732)
29.779999999999454 (-8.658106816449136, 1.294509777509199, -9.49165768918447)
29.99999999999945 (-8.523330653171614, 1.2542595521858932, -9.11772818811257)
