0.0 (4.375, 1.0, 0.0)
0.21999999999999997 (4.317322937874343, 1.0, 0.6914686570977273)
0.4200000000000001 (5.67948276989036, 1.0, 0.192474516908208)
0.6200000000000002 (6.816859997257336, 1.0, 0.519280091935949)
0.8200000000000004 (8.130446183738506, 1.0, 0.8634483477465114)
1.0200000000000005 (9.74136088081352, 1.0, 0.4247710026610697)
1.2200000000000006 (10.987781904544217, 1.0, 1.38471484294752)
1.4200000000000008 (12.648094323497991, 1.0, 1.0489787829083344)
1.620000000000001 (14.153980371412937, 1.0, 1.4731634164561596)
1.8200000000000012 (15.657219337125378, 1.0, 1.9736285296542064)
2.0200000000000014 (17.335257983811065, 1.0, 1.620081258200574)
2.2200000000000015 (18.692597839699943, 1.0, 2.660261519314574)
2.4200000000000017 (20.37249639769255, 1.0, 2.3924044953938237)
2.620000000000002 (21.90311451195166, 1.0, 2.866168437397067)
2.820000000000002 (23.42501291171424, 1.0, 3.417948104055748)
3.0200000000000022 (25.09811471101834, 1.0, 3.096978675671103)
3.2200000000000024 (26.46583507979815, 1.0, 4.168533957774668)
3.4200000000000026 (28.143728433902847, 1.0, 3.9272374549973583)
3.6200000000000028 (29.67149386406249, 1.0, 4.421981409926403)
3.820000000000003 (31.194296206127827, 1.0, 4.994014586098294)
4.040000000000002 (33.01891895855295, 1.0, 4.765886740954762)
4.259999999999997 (34.56297255919691, 1.0, 5.862352553597107)
4.479999999999992 (36.42135825454279, 1.0, 5.463712553670489)
4.699999999999988 (37.94470550308324, 1.0, 6.524539006591996)
4.919999999999983 (39.78659210471128, 1.0, 6.369137403331444)
5.139999999999978 (41.42519551426812, 1.0, 7.0215341391258415)
5.359999999999974 (43.156888661866304, 1.0, 7.3744143037466126)
5.579999999999969 (44.940542084427356, 1.0, 7.462724509941813)
5.799999999999964 (46.5330104440902, 1.0, 8.345179574930379)
6.01999999999996 (48.37576452641873, 1.0, 8.01071784182346)
6.239999999999955 (49.912463148297036, 1.0, 9.151965867230624)
6.45999999999995 (51.744444602151425, 1.0, 8.786197518808956)
6.6799999999999455 (53.32981912364494, 1.0, 9.758652359685481)
6.899999999999941 (55.11511266437099, 1.0, 9.775872457928214)
7.119999999999936 (56.806416216060114, 1.0, 10.267758463681146)
7.3399999999999315 (58.484211825661724, 1.0, 10.842393987988942)
7.559999999999927 (60.292592654598394, 1.0, 10.78154301488013)
7.779999999999922 (61.83472919521023, 1.0, 11.806870162842007)
7.999999999999917 (63.7118504121029, 1.0, 11.431833658937398)
8.219999999999914 (65.21719984406725, 1.0, 12.55508539788702)
8.439999999999909 (67.06265628141121, 1.0, 12.291529526768047)
8.659999999999904 (68.67514111267894, 1.0, 13.116042267633112)
8.8799999999999 (70.41990789274226, 1.0, 13.297419842822762)
9.099999999999895 (72.16658216895011, 1.0, 13.608309123564897)
9.31999999999989 (73.79385354006392, 1.0, 14.365113802956527)
9.539999999999885 (75.61979144514356, 1.0, 14.173808924080477)
9.75999999999988 (77.14530886476975, 1.0, 15.30081079184164)
9.979999999999876 (79.0089767111975, 1.0, 14.937836126303363)
10.199999999999871 (80.48842420833203, 1.0, 15.447755297486967)
10.419999999999867 (81.2638804243827, 1.0, 15.657329270466503)
10.639999999999862 (81.72543622879864, 1.0, 15.752939372906098)
10.859999999999857 (81.99827697794322, 1.0, 15.808467481026003)
11.079999999999853 (82.15945392824975, 1.0, 15.841253437864868)
11.299999999999848 (82.25466623346061, 1.0, 15.860615361168058)
11.519999999999843 (82.31091087079207, 1.0, 15.872050986556184)
11.739999999999839 (82.3441360946558, 1.0, 15.878805614279457)
11.959999999999834 (82.36376309699952, 1.0, 15.882795502284612)
12.17999999999983 (82.37535726522752, 1.0, 15.885152344504748)
12.399999999999824 (82.38220623049122, 1.0, 15.886544560211533)
12.61999999999982 (82.38625208422096, 1.0, 15.887366966119338)
12.839999999999815 (82.38864206991781, 1.0, 15.887852777946657)
13.05999999999981 (82.39005389330912, 1.0, 15.888139757680127)
13.279999999999806 (82.3908878920845, 1.0, 15.88830928321738)
13.499999999999801 (82.39138055563721, 1.0, 15.888409425959313)
13.719999999999796 (82.39167158408615, 1.0, 15.888468582680046)
13.939999999999792 (82.39184350172926, 1.0, 15.888503527987075)
14.159999999999787 (82.39194505769689, 1.0, 15.888524171030303)
14.379999999999782 (82.39200504929708, 1.0, 15.888536365379792)
14.599999999999778 (82.39204048780624, 1.0, 15.888543568880234)
14.819999999999773 (82.39206142220245, 1.0, 15.888547824164267)
15.039999999999768 (82.39207378866351, 1.0, 15.888550337864777)
15.259999999999764 (82.39208109383519, 1.0, 15.888551822769248)
15.479999999999759 (82.39208540917922, 1.0, 15.88855269993871)
15.699999999999754 (82.39208795835869, 1.0, 15.888553218104201)
15.91999999999975 (82.39208946422153, 1.0, 15.888553524197267)
16.139999999999745 (82.39209035377162, 1.0, 15.888553705013946)
16.35999999999974 (82.3920908792507, 1.0, 15.888553811826789)
16.579999999999735 (82.39209118966406, 1.0, 15.888553874923756)
16.79999999999973 (82.39209137303286, 1.0, 15.888553912196684)
17.019999999999726 (82.39209148135332, 1.0, 15.888553934214723)
17.23999999999972 (82.39209154534093, 1.0, 15.888553947221327)
17.459999999999717 (82.39209158314002, 1.0, 15.88855395490466)
17.679999999999712 (82.39209160546885, 1.0, 15.888553959443389)
17.899999999999707 (82.39209161865901, 1.0, 15.888553962124528)
18.119999999999703 (82.39209162645082, 1.0, 15.888553963708354)
18.339999999999698 (82.39209163105366, 1.0, 15.888553964643954)
18.559999999999693 (82.39209163377268, 1.0, 15.888553965196635)
18.77999999999969 (82.39209163537889, 1.0, 15.888553965523123)
18.999999999999684 (82.39209163632773, 1.0, 15.888553965715985)
19.21999999999968 (82.39209163688825, 1.0, 15.888553965829919)
19.439999999999674 (82.39209163721941, 1.0, 15.888553965897238)
19.65999999999967 (82.39209163741495, 1.0, 15.88855396593699)
19.879999999999665 (82.39209163753046, 1.0, 15.888553965960483)
