0.0 [0.0, 1.0, 0.0]
0.21999999999999997 [0.010005157095554384, 1.0, 0.0008117803292330148]
0.4200000000000001 [0.09227808909880542, 1.0, 0.006020479657226324]
0.6200000000000002 [0.20965205135116094, 1.0, 0.014174251108977218]
0.8200000000000004 [0.3372318036336347, 1.0, 0.02542438521625014]
1.0200000000000005 [0.5126007743564905, 1.0, 0.03236303927135526]
1.2200000000000006 [0.7114671672826718, 1.0, 0.03943492169330819]
1.4200000000000008 [0.950276833582259, 1.0, 0.05139120823542427]
1.620000000000001 [1.2187873951670976, 1.0, 0.05151521873964838]
1.8200000000000012 [1.5114726365002271, 1.0, 0.06187282136989046]
2.0200000000000014 [1.840402707037198, 1.0, 0.06222524380021085]
2.2200000000000015 [2.1888725452586923, 1.0, 0.06000112280035849]
2.4200000000000017 [2.566966127921312, 1.0, 0.06199235471454942]
2.620000000000002 [2.9671179165054866, 1.0, 0.045444343732299566]
2.820000000000002 [3.3847496049922734, 1.0, 0.04025756987945506]
3.0200000000000022 [3.8273054938670685, 1.0, 0.017229572327471306]
3.2200000000000024 [4.284179958040493, 1.0, -0.011279402957749131]
3.4200000000000026 [4.760871233874524, 1.0, -0.04070055754532528]
3.6200000000000028 [5.250437391689624, 1.0, -0.09665501503150682]
3.820000000000003 [5.751725775130846, 1.0, -0.1440415650231887]
4.040000000000002 [6.319308916003992, 1.0, -0.22871750418181802]
4.259999999999997 [6.896935320165912, 1.0, -0.32126599791756777]
4.479999999999992 [7.489044300349787, 1.0, -0.43584933565652595]
4.699999999999988 [8.0860745291339, 1.0, -0.5783809035574031]
4.919999999999983 [8.69456084327339, 1.0, -0.7293071241018236]
5.139999999999978 [9.302523498621147, 1.0, -0.9235418577488111]
5.359999999999974 [9.918951117987833, 1.0, -1.119302774771918]
5.579999999999969 [10.531720238625216, 1.0, -1.3624089024973496]
5.799999999999964 [11.147830748822102, 1.0, -1.6122233950553488]
6.01999999999996 [11.760712405048118, 1.0, -1.90108658481625]
6.239999999999955 [12.368372871171399, 1.0, -2.212393728873558]
6.45999999999995 [12.975862207483399, 1.0, -2.546184139467147]
6.6799999999999455 [13.567330347870024, 1.0, -2.9187667848839003]
6.899999999999941 [14.161410999864364, 1.0, -3.299220073558366]
7.119999999999936 [14.732356039621067, 1.0, -3.7264052202708093]
7.3399999999999315 [15.304549564663073, 1.0, -4.157298761952463]
7.559999999999927 [15.854523797087358, 1.0, -4.631174437557754]
7.779999999999922 [16.396794729860936, 1.0, -5.115841445114717]
7.999999999999917 [16.925252378601286, 1.0, -5.6302972010471795]
8.219999999999914 [17.43211300280063, 1.0, -6.168662681564325]
8.439999999999909 [17.9348422464752, 1.0, -6.71973497177351]
8.659999999999904 [18.404259622008233, 1.0, -7.304735195881506]
8.8799999999999 [18.87453266498063, 1.0, -7.891240343480135]
9.099999999999895 [19.30807750786772, 1.0, -8.513867628978945]
9.31999999999989 [19.738475402839946, 1.0, -9.13719906179546]
9.539999999999885 [20.1384943751855, 1.0, -9.790103793037176]
9.75999999999988 [20.52186776374162, 1.0, -10.451578175417637]
9.979999999999876 [20.888242716458677, 1.0, -11.130444168704745]
10.199999999999871 [21.209226007244595, 1.0, -11.824324587109754]
10.419999999999867 [21.494366193624405, 1.0, -12.505016131617774]
10.639999999999862 [21.744909075130142, 1.0, -13.174369750349209]
10.859999999999857 [21.967750317711964, 1.0, -13.829463438699104]
11.079999999999853 [22.170211755225342, 1.0, -14.46858161729095]
11.299999999999848 [22.357767394843616, 1.0, -15.090744632870427]
11.519999999999843 [22.534160469825473, 1.0, -15.69551407441585]
11.739999999999839 [22.701848487996248, 1.0, -16.28281787000703]
11.959999999999834 [22.862414939642765, 1.0, -16.852817404357864]
12.17999999999983 [23.016878814701627, 1.0, -17.405815477083117]
12.399999999999824 [23.165906116866125, 1.0, -17.942195915491443]
12.61999999999982 [23.309946684304848, 1.0, -18.462385435890273]
12.839999999999815 [23.449319603795395, 1.0, -18.96683026332584]
13.05999999999981 [23.58426523300355, 1.0, -19.45598216213175]
13.279999999999806 [23.71497632555487, 1.0, -19.930290295544147]
13.499999999999801 [23.841616413403788, 1.0, -20.390196615829506]
13.719999999999796 [23.96433056582365, 1.0, -20.836133354523334]
13.939999999999792 [24.08325165349937, 1.0, -21.2685217429821]
14.159999999999787 [24.198503992152258, 1.0, -21.687771443756212]
14.379999999999782 [24.31020547191068, 1.0, -22.094280386927757]
14.599999999999778 [24.41846881753973, 1.0, -22.488434833439058]
14.819999999999773 [24.523402352152292, 1.0, -22.870609562873216]
15.039999999999768 [24.62511047795637, 1.0, -23.241168127123363]
15.259999999999764 [24.72369399565067, 1.0, -23.600463136775662]
15.479999999999759 [24.819250331368703, 1.0, -23.94883656157058]
15.699999999999754 [24.91187371005508, 1.0, -24.286620034575357]
15.91999999999975 [25.00165529716294, 1.0, -24.614135154375585]
16.139999999999745 [25.088683320984973, 1.0, -24.93169378222174]
16.35999999999974 [25.17304318255598, 1.0, -25.239598332536758]
16.579999999999735 [25.25481755705756, 1.0, -25.538142056008894]
16.79999999999973 [25.334086488977412, 1.0, -25.827609314946674]
17.019999999999726 [25.410927482339325, 1.0, -26.10827585082127]
17.23999999999972 [25.48541558679774, 1.0, -26.38040904405633]
17.459999999999717 [25.557623480098698, 1.0, -26.644268166197488]
17.679999999999712 [25.62762154724391, 1.0, -26.900104624630735]
17.899999999999707 [25.695477956600843, 1.0, -27.14816220003673]
18.119999999999703 [25.761258733146896, 1.0, -27.38867727677553]
18.339999999999698 [25.825027829002384, 1.0, -27.621879066398044]
18.559999999999693 [25.886847191386437, 1.0, -27.847989824478688]
18.77999999999969 [25.946776828115492, 1.0, -28.067225060961]
18.999999999999684 [26.004874870754094, 1.0, -28.279793744203587]
19.21999999999968 [26.061197635519697, 1.0, -28.48589849890963]
19.439999999999674 [26.115799682036673, 1.0, -28.68573579811848]
19.65999999999967 [26.168733870029243, 1.0, -28.87949614943307]
19.879999999999665 [26.220051414037965, 1.0, -29.06736427565242]
