0.0 [0.0, 1.0, 0.0]
0.21999999999999997 [0.19435756108677288, 1.0, 0.014470676471331309]
0.4200000000000001 [0.8991707697250406, 1.0, 0.03580499024172329]
0.6200000000000002 [1.8171732405781407, 1.0, 0.04904747700504261]
0.8200000000000004 [2.920033364243387, 1.0, 0.1313992728170283]
1.0200000000000005 [4.161636199725148, 1.0, 0.1353320074944859]
1.2200000000000006 [5.481404290219221, 1.0, 0.27694667978044263]
1.4200000000000008 [6.863604308666882, 1.0, 0.36276696863270574]
1.620000000000001 [8.303247945970842, 1.0, 0.4783205868511069]
1.8200000000000012 [9.7683977350877, 1.0, 0.693318291299175]
2.0200000000000014 [11.262467662487332, 1.0, 0.7968815305730758]
2.2200000000000015 [12.749482926583658, 1.0, 1.0594331293313886]
2.4200000000000017 [14.251517473019701, 1.0, 1.2418766279985347]
2.620000000000002 [15.76626119859296, 1.0, 1.448720853049755]
2.820000000000002 [17.278324330060382, 1.0, 1.7452415018023186]
3.0200000000000022 [18.808051924514135, 1.0, 1.9146359321091169]
3.2200000000000024 [20.310141557485185, 1.0, 2.2367195945064973]
3.4200000000000026 [21.82579831852516, 1.0, 2.46920325950041]
3.6200000000000028 [23.346090885840557, 1.0, 2.72012223140674]
3.820000000000003 [24.859542338686317, 1.0, 3.0548587266271596]
4.040000000000002 [26.543520229506527, 1.0, 3.2849104353351044]
4.259999999999997 [28.196070127660484, 1.0, 3.6786638940314256]
4.479999999999992 [29.87230386307461, 1.0, 3.9282847635466966]
4.699999999999988 [31.523573964777768, 1.0, 4.298931955754923]
4.919999999999983 [33.19138595762189, 1.0, 4.604825244820423]
5.139999999999978 [34.85653816557814, 1.0, 4.926842425782357]
5.359999999999974 [36.51565570330112, 1.0, 5.299233223438924]
5.579999999999969 [38.19581311335905, 1.0, 5.57778839889124]
5.799999999999964 [39.84580341820625, 1.0, 5.995440178172283]
6.01999999999996 [41.52445724125853, 1.0, 6.260024194579381]
6.239999999999955 [43.16944503541751, 1.0, 6.681476894001938]
6.45999999999995 [44.836057296030404, 1.0, 6.975754856080356]
6.6799999999999455 [46.486996449677015, 1.0, 7.360041492470675]
6.899999999999941 [48.1457757335575, 1.0, 7.7155588397411865]
7.119999999999936 [49.81109634668063, 1.0, 8.04739809020895]
7.3399999999999315 [51.46311309325135, 1.0, 8.464597282199954]
7.559999999999927 [53.1390503140336, 1.0, 8.759049865265485]
7.779999999999922 [54.7804507616089, 1.0, 9.207625900729465]
7.999999999999917 [56.45236726276245, 1.0, 9.501618075698868]
8.219999999999914 [58.09084366496558, 1.0, 9.93738159322783]
8.439999999999909 [59.74955976718712, 1.0, 10.273530576145454]
8.659999999999904 [61.40134411122624, 1.0, 10.664229325195064]
8.8799999999999 [63.04952659671762, 1.0, 11.064618410957296]
9.099999999999895 [64.7179670045607, 1.0, 11.405304556879932]
9.31999999999989 [66.35886249431127, 1.0, 11.860356416272984]
9.539999999999885 [68.0309827973753, 1.0, 12.173517434588438]
9.75999999999988 [69.66363206908373, 1.0, 12.646026637192435]
9.979999999999876 [71.32738974540135, 1.0, 12.973543004209377]
10.199999999999871 [72.82543539098464, 1.0, 13.311534611245623]
10.419999999999867 [73.9727121634514, 1.0, 13.56007511935049]
10.639999999999862 [74.86726872743546, 1.0, 13.74981356028514]
10.859999999999857 [75.56432008790595, 1.0, 13.897366229169997]
11.079999999999853 [76.10745144953714, 1.0, 14.012211686765989]
11.299999999999848 [76.53064647325459, 1.0, 14.101620173941711]
11.519999999999843 [76.86038733941227, 1.0, 14.171237987724457]
11.739999999999839 [77.11730992665338, 1.0, 14.225453359432016]
11.959999999999834 [77.31749407025283, 1.0, 14.267678584763715]
12.17999999999983 [77.47346921547187, 1.0, 14.300568196353417]
12.399999999999824 [77.59499818681333, 1.0, 14.326187933476863]
12.61999999999982 [77.68968799322053, 1.0, 14.346145767143625]
12.839999999999815 [77.76346581714236, 1.0, 14.36169360312004]
13.05999999999981 [77.82094993020564, 1.0, 14.373806288041546]
13.279999999999806 [77.86573872175761, 1.0, 14.383243022937322]
13.499999999999801 [77.90063591335247, 1.0, 14.390595125650863]
13.719999999999796 [77.92782604540633, 1.0, 14.3963231913276]
13.939999999999792 [77.94901121410165, 1.0, 14.40078601335519]
14.159999999999787 [77.96551761381741, 1.0, 14.404263097231931]
14.379999999999782 [77.9783785519636, 1.0, 14.40697219014493]
14.599999999999778 [77.98839913134556, 1.0, 14.409082931775206]
14.819999999999773 [77.99620664821964, 1.0, 14.410727485839331]
15.039999999999768 [78.00228986039363, 1.0, 14.412008820925946]
15.259999999999764 [78.00702958322401, 1.0, 14.413007160847467]
15.479999999999759 [78.01072252862785, 1.0, 14.413785009418946]
15.699999999999754 [78.01359987932204, 1.0, 14.414391064896924]
15.91999999999975 [78.01584176097717, 1.0, 14.414863269537477]
16.139999999999745 [78.01758851820993, 1.0, 14.415231185428889]
16.35999999999974 [78.01894950027585, 1.0, 14.415517845480615]
16.579999999999735 [78.02000990643877, 1.0, 14.415741195534654]
16.79999999999973 [78.02083611953539, 1.0, 14.415915217933314]
17.019999999999726 [78.02147986161647, 1.0, 14.416050806914134]
17.23999999999972 [78.02198143180877, 1.0, 14.416156450653357]
17.459999999999717 [78.0223722290904, 1.0, 14.41623876266737]
17.679999999999712 [78.02267671790672, 1.0, 14.416302895846103]
17.899999999999707 [78.02291395967653, 1.0, 14.416352865042125]
18.119999999999703 [78.02309880606185, 1.0, 14.416391798412642]
18.339999999999698 [78.02324282870205, 1.0, 14.416422133250574]
18.559999999999693 [78.02335504361383, 1.0, 14.41644576856491]
18.77999999999969 [78.02344247560639, 1.0, 14.41646418396282]
18.999999999999684 [78.02351059804386, 1.0, 14.416478532276052]
19.21999999999968 [78.02356367548543, 1.0, 14.416489711730307]
19.439999999999674 [78.02360503065282, 1.0, 14.416498422175817]
19.65999999999967 [78.023637252437, 1.0, 14.416505208899075]
19.879999999999665 [78.02366235796651, 1.0, 14.416510496758724]
