0.0 (4.375, 1.0, 0.0)
0.21999999999999997 (4.159734648144425, 1.0, 0.6720302340476826)
0.4200000000000001 (5.185337242903044, 1.0, 0.07685564159195887)
0.6200000000000002 (6.019706409103664, 1.0, 0.3812307210259639)
0.8200000000000004 (7.08742787569937, 1.0, 0.6074572612496346)
1.0200000000000005 (8.482063051622095, 1.0, 0.1613183538753581)
1.2200000000000006 (9.583696095063024, 1.0, 1.031368391170121)
1.4200000000000008 (11.11314913209338, 1.0, 0.6245859451202884)
1.620000000000001 (12.516047774051051, 1.0, 1.0157265384174057)
1.8200000000000012 (13.945124731408157, 1.0, 1.4057796624703776)
2.0200000000000014 (15.535887933853076, 1.0, 1.065588970336757)
2.2200000000000015 (16.851547672087268, 1.0, 2.0157054982634386)
2.4200000000000017 (18.47337878970504, 1.0, 1.7003233665247233)
2.620000000000002 (19.9550073122233, 1.0, 2.1528209204165876)
2.820000000000002 (21.441129405500476, 1.0, 2.607968798383789)
3.0200000000000022 (23.05526057339067, 1.0, 2.315173036143826)
3.2200000000000024 (24.39790135971654, 1.0, 3.30425461266522)
3.4200000000000026 (26.031928992826177, 1.0, 3.0285173876115734)
3.6200000000000028 (27.51801580782033, 1.0, 3.5121473216326606)
3.820000000000003 (29.009873280502873, 1.0, 3.997112870737616)
4.040000000000002 (30.773996730874615, 1.0, 3.797978145882878)
4.259999999999997 (32.29550632399484, 1.0, 4.801555552840993)
4.479999999999992 (34.096067166696265, 1.0, 4.4171289899787505)
4.699999999999988 (35.5931962825147, 1.0, 5.425177843521263)
4.919999999999983 (37.384818095972655, 1.0, 5.244175367589397)
5.139999999999978 (38.97824892101163, 1.0, 5.89234997466769)
5.359999999999974 (40.67194389771396, 1.0, 6.178724044070644)
5.579999999999969 (42.396156563407125, 1.0, 6.300594507545937)
5.799999999999964 (43.955397885185825, 1.0, 7.100610010148951)
6.01999999999996 (45.74629726249981, 1.0, 6.813980334239305)
6.239999999999955 (47.245284950343255, 1.0, 7.880396354118235)
6.45999999999995 (49.033085573147325, 1.0, 7.5356257557824895)
6.6799999999999455 (50.57320771191426, 1.0, 8.478251658918019)
6.899999999999941 (52.31510008137693, 1.0, 8.469727454502559)
7.119999999999936 (53.952620309279425, 1.0, 8.981693338178395)
7.3399999999999315 (55.59193541878091, 1.0, 9.492753245989201)
7.559999999999927 (57.338531004445855, 1.0, 9.487480554875322)
7.779999999999922 (58.84845812735572, 1.0, 10.439889616104713)
7.999999999999917 (60.668523509501256, 1.0, 10.12649800832526)
8.219999999999914 (62.126403606202345, 1.0, 11.207330588033832)
8.439999999999909 (63.9323141490259, 1.0, 10.961776716048446)
8.659999999999904 (65.4871918023148, 1.0, 11.788076834622162)
8.8799999999999 (67.19264855030364, 1.0, 11.944466280399405)
9.099999999999895 (68.87659656643183, 1.0, 12.306815988079663)
9.31999999999989 (70.46127222738522, 1.0, 13.002104564486322)
9.539999999999885 (72.23031698892531, 1.0, 12.883583555371033)
9.75999999999988 (73.70974098032754, 1.0, 13.95536328164813)
9.979999999999876 (75.5236038822475, 1.0, 13.651330128287668)
10.199999999999871 (77.11007286022287, 1.0, 14.17984990349935)
10.419999999999867 (78.25322564685881, 1.0, 14.464177300802113)
10.639999999999862 (79.14787367361205, 1.0, 14.653548210822034)
10.859999999999857 (79.84514742398635, 1.0, 14.800067556769788)
11.079999999999853 (80.38845289555881, 1.0, 14.914103080302807)
11.299999999999848 (80.8117841951974, 1.0, 15.00287704368464)
11.519999999999843 (81.14163161255419, 1.0, 15.07199837725571)
11.739999999999839 (81.39863744313067, 1.0, 15.125825653112601)
11.959999999999834 (81.59888658089537, 1.0, 15.16774772961495)
12.17999999999983 (81.75491244793362, 1.0, 15.200400680486432)
12.399999999999824 (81.87648098852166, 1.0, 15.225835743496932)
12.61999999999982 (81.97120165515601, 1.0, 15.245649518787362)
12.839999999999815 (82.04500354188825, 1.0, 15.261085008967925)
13.05999999999981 (82.10250641442556, 1.0, 15.273110097431651)
13.279999999999806 (82.1473098290417, 1.0, 15.282478543844112)
13.499999999999801 (82.18221841820417, 1.0, 15.289777416746576)
13.719999999999796 (82.20941743309771, 1.0, 15.295463994584795)
13.939999999999792 (82.23060952432418, 1.0, 15.299894482990737)
14.159999999999787 (82.2471213186165, 1.0, 15.303346369061508)
14.379999999999782 (82.25998646048215, 1.0, 15.30603582604285)
14.599999999999778 (82.2700103155148, 1.0, 15.308131266488914)
14.819999999999773 (82.27782038480628, 1.0, 15.309763897521355)
15.039999999999768 (82.28390558581286, 1.0, 15.311035942107656)
15.259999999999764 (82.28864685831192, 1.0, 15.312027042933744)
15.479999999999759 (82.29234101118165, 1.0, 15.31279925092358)
15.699999999999754 (82.2952193026975, 1.0, 15.313400911399265)
15.91999999999975 (82.29746191740828, 1.0, 15.313869691589131)
16.139999999999745 (82.29920924580979, 1.0, 15.314234939270136)
16.35999999999974 (82.30057067290664, 1.0, 15.314519520356924)
16.579999999999735 (82.3016314258181, 1.0, 15.314741250569002)
16.79999999999973 (82.30245790908535, 1.0, 15.314914010858642)
17.019999999999726 (82.30310186167058, 1.0, 15.315048616462294)
17.23999999999972 (82.30360359587755, 1.0, 15.315153494000706)
17.459999999999717 (82.30399452095135, 1.0, 15.315235209028234)
17.679999999999712 (82.30429910933697, 1.0, 15.315298877064572)
17.899999999999707 (82.30453642868612, 1.0, 15.315348483844899)
18.119999999999703 (82.30472133551734, 1.0, 15.315387134839407)
18.339999999999698 (82.30486540525388, 1.0, 15.31541724966433)
18.559999999999693 (82.30497765686073, 1.0, 15.315440713555795)
18.77999999999969 (82.30506511744419, 1.0, 15.315458995389832)
18.999999999999684 (82.3051332621582, 1.0, 15.315473239636981)
19.21999999999968 (82.30518635695648, 1.0, 15.315484338008336)
19.439999999999674 (82.30522772564734, 1.0, 15.315492985278254)
19.65999999999967 (82.3052599579683, 1.0, 15.31549972277838)
19.879999999999665 (82.30528507170753, 1.0, 15.315504972285913)
