0.0 [0.0, 1.0, 0.0]
0.21999999999999997 [0.08957013363713323, 1.0, 0.008274306568972198]
0.4200000000000001 [0.49622895311533255, 1.0, 0.02624861045239555]
0.6200000000000002 [1.0562531786934382, 1.0, 0.02663243319919245]
0.8200000000000004 [1.7810229799258321, 1.0, 0.07043013560895235]
1.0200000000000005 [2.6460253127201856, 1.0, 0.05853810820640523]
1.2200000000000006 [3.606052246093953, 1.0, 0.1100147992120227]
1.4200000000000008 [4.664416498049386, 1.0, 0.16026952611884798]
1.620000000000001 [5.800131950102319, 1.0, 0.18825409018439315]
1.8200000000000012 [6.990678438077051, 1.0, 0.32521700317708924]
2.0200000000000014 [8.231380676476899, 1.0, 0.3779173643499288]
2.2200000000000015 [9.500947300180687, 1.0, 0.5331475880374847]
2.4200000000000017 [10.801231252761218, 1.0, 0.6836712894991118]
2.620000000000002 [12.135573955255932, 1.0, 0.8062528865528619]
2.820000000000002 [13.476273601399496, 1.0, 1.0479421772532802]
3.0200000000000022 [14.842203642490219, 1.0, 1.185561504377898]
3.2200000000000024 [16.204520955457053, 1.0, 1.4283366552736532]
3.4200000000000026 [17.578555937424223, 1.0, 1.6561046577838388]
3.6200000000000028 [18.97161102360793, 1.0, 1.8473015890344535]
3.820000000000003 [20.353138327059565, 1.0, 2.1543172017120322]
4.040000000000002 [21.89580811756214, 1.0, 2.3679439951634644]
4.259999999999997 [23.419588933745196, 1.0, 2.7105199185469346]
4.479999999999992 [24.95921258872592, 1.0, 2.972830475226776]
4.699999999999988 [26.492081659076867, 1.0, 3.289515002760353]
4.919999999999983 [28.02660073543225, 1.0, 3.617440565947699]
5.139999999999978 [29.572727455753082, 1.0, 3.901025872355346]
5.359999999999974 [31.10120928013504, 1.0, 4.284482156121763]
5.579999999999969 [32.654632898883186, 1.0, 4.553668143479858]
5.799999999999964 [34.17799299970534, 1.0, 4.961488387723944]
6.01999999999996 [35.72574674322213, 1.0, 5.249155458515452]
6.239999999999955 [37.25032180375426, 1.0, 5.64372211675774]
6.45999999999995 [38.785288369476454, 1.0, 5.982062023911807]
6.6799999999999455 [40.31909802557605, 1.0, 6.340004078480111]
6.899999999999941 [41.84434083488984, 1.0, 6.739400418487923]
7.119999999999936 [43.388502404381256, 1.0, 7.064512755070301]
7.3399999999999315 [44.90559365069575, 1.0, 7.507891745000641]
7.559999999999927 [46.45156087564298, 1.0, 7.826201759854847]
7.779999999999922 [47.963394191412604, 1.0, 8.279118877107354]
7.999999999999917 [49.499493855214965, 1.0, 8.626255543118488]
8.219999999999914 [51.01514613893513, 1.0, 9.05395504917279]
8.439999999999909 [52.53650198831646, 1.0, 9.456832294672296]
8.659999999999904 [54.0650012801083, 1.0, 9.845997209380615]
8.8799999999999 [55.5744166582422, 1.0, 10.305881521268331]
9.099999999999895 [57.11217281063875, 1.0, 10.668875600672525]
9.31999999999989 [58.61350602224325, 1.0, 11.161926190068058]
9.539999999999885 [60.147927479266535, 1.0, 11.529023473818159]
9.75999999999988 [61.646996121587065, 1.0, 12.018924499886856]
9.979999999999876 [63.16764746774845, 1.0, 12.425365096664548]
10.199999999999871 [64.62329697863466, 1.0, 12.8196440822318]
10.419999999999867 [65.89514830492448, 1.0, 13.172652747002358]
10.639999999999862 [67.02252869928635, 1.0, 13.470156767078645]
10.859999999999857 [68.01910279148625, 1.0, 13.730044828777869]
11.079999999999853 [68.89951059856865, 1.0, 13.959088328861002]
11.299999999999848 [69.6772332154604, 1.0, 14.161176021863177]
11.519999999999843 [70.3642374681898, 1.0, 14.339517235123505]
11.739999999999839 [70.97110080907768, 1.0, 14.496919365397408]
11.959999999999834 [71.5071685924037, 1.0, 14.635853410104106]
12.17999999999983 [71.98069711677384, 1.0, 14.758496063169131]
12.399999999999824 [72.3989803702763, 1.0, 14.866765385311638]
12.61999999999982 [72.76846207456892, 1.0, 14.962351970093662]
12.839999999999815 [73.09483470872965, 1.0, 15.046746263402351]
13.05999999999981 [73.38312701987445, 1.0, 15.121262532009323]
13.279999999999806 [73.63778135520542, 1.0, 15.187059905828205]
13.499999999999801 [73.86272199624393, 1.0, 15.245160862095444]
13.719999999999796 [74.06141548528177, 1.0, 15.296467257400083]
13.939999999999792 [74.2369249577346, 1.0, 15.341768635145849]
14.159999999999787 [74.39195473348086, 1.0, 15.381774817073943]
14.379999999999782 [74.52889379336281, 1.0, 15.417107573241534]
14.599999999999778 [74.64985301312812, 1.0, 15.44831347365644]
14.819999999999773 [74.75669703352305, 1.0, 15.475874904369359]
15.039999999999768 [74.85107293908189, 1.0, 15.500217775952077]
15.259999999999764 [74.93443563415434, 1.0, 15.521718163265396]
15.479999999999759 [75.00807026266982, 1.0, 15.540708150686426]
15.699999999999754 [75.0731120133393, 1.0, 15.557480988185054]
15.91999999999975 [75.13056361486451, 1.0, 15.572295640785436]
16.139999999999745 [75.18131079044556, 1.0, 15.585380803303007]
16.35999999999974 [75.22613590952253, 1.0, 15.596938443583998]
16.579999999999735 [75.26573004696588, 1.0, 15.607146929916262]
16.79999999999973 [75.30070363543538, 1.0, 15.616163791644777]
17.019999999999726 [75.33159587498113, 1.0, 15.624128156193812]
17.23999999999972 [75.35888304483618, 1.0, 15.631162900570173]
17.459999999999717 [75.38298584545105, 1.0, 15.637376550911387]
17.679999999999712 [75.40427588389197, 1.0, 15.642864959672718]
17.899999999999707 [75.42308140253272, 1.0, 15.64771278655196]
18.119999999999703 [75.43969233931799, 1.0, 15.651994806172564]
18.339999999999698 [75.4543647975794, 1.0, 15.655777062833822]
18.559999999999693 [75.46732499429142, 1.0, 15.659117890246806]
18.77999999999969 [75.478772747618, 1.0, 15.662068812067993]
18.999999999999684 [75.48888455750388, 1.0, 15.664675337185173]
19.21999999999968 [75.49781632679299, 1.0, 15.666977662072139]
19.439999999999674 [75.5057057648176, 1.0, 15.669011291083784]
19.65999999999967 [75.51267451050836, 1.0, 15.67080758428882]
19.879999999999665 [75.51883000775281, 1.0, 15.672394241312714]
