0.0 (4.375, 1.0, 0.0)
0.21999999999999997 (4.078883645725607, 1.0, 0.6517052046768239)
0.4200000000000001 (4.780978532273333, 1.0, 0.02663344268411781)
0.6200000000000002 (5.267637259133112, 1.0, 0.28218278579281375)
0.8200000000000004 (5.953640213553403, 1.0, 0.4488145356965247)
1.0200000000000005 (6.977594862109063, 1.0, -0.029844087933189118)
1.2200000000000006 (7.726790316426618, 1.0, 0.7636082260485269)
1.4200000000000008 (8.931166418617943, 1.0, 0.27566618526941106)
1.620000000000001 (10.024481092087012, 1.0, 0.6136889145760382)
1.8200000000000012 (11.179738566175093, 1.0, 0.9154911617837505)
2.0200000000000014 (12.52654624052537, 1.0, 0.5436079659086066)
2.2200000000000015 (13.616471657741611, 1.0, 1.4178839274307393)
2.4200000000000017 (15.046427668245014, 1.0, 1.040136397081972)
2.620000000000002 (16.33097294146557, 1.0, 1.4597641127563137)
2.820000000000002 (17.64674745264389, 1.0, 1.8478310837279504)
3.0200000000000022 (19.107730044044395, 1.0, 1.5526220814703675)
3.2200000000000024 (20.29523179527791, 1.0, 2.4839401349192176)
3.4200000000000026 (21.80282496596615, 1.0, 2.1758784186991877)
3.6200000000000028 (23.140390393071268, 1.0, 2.647912212285142)
3.820000000000003 (24.502167814895152, 1.0, 3.087553790262853)
4.040000000000002 (26.130654341442057, 1.0, 2.9015101036089788)
4.259999999999997 (27.515389536691476, 1.0, 3.854636993074743)
4.479999999999992 (29.191650408674402, 1.0, 3.47449424525911)
4.699999999999988 (30.557725617679704, 1.0, 4.462514280043675)
4.919999999999983 (32.2278462935059, 1.0, 4.285961553078654)
5.139999999999978 (33.6786301047098, 1.0, 4.939044967979116)
5.359999999999974 (35.25102697792917, 1.0, 5.206960709492745)
5.579999999999969 (36.838776614343146, 1.0, 5.363643554560333)
5.799999999999964 (38.264453026541915, 1.0, 6.138902767929123)
6.01999999999996 (39.94633994469896, 1.0, 5.905890100911485)
6.239999999999955 (41.29242750988513, 1.0, 6.950545239177585)
6.45999999999995 (42.98747859481307, 1.0, 6.645783101721459)
6.6799999999999455 (44.3729970493186, 1.0, 7.585576830573991)
6.899999999999941 (46.00295849853979, 1.0, 7.590999677224923)
7.119999999999936 (47.49411317375717, 1.0, 8.140153178913481)
7.3399999999999315 (49.0088561303533, 1.0, 8.64346791456873)
7.559999999999927 (50.62197772223661, 1.0, 8.694943791357998)
7.779999999999922 (51.99552552721219, 1.0, 9.640448326127139)
7.999999999999917 (53.701507709329455, 1.0, 9.402068096768563)
8.219999999999914 (54.995718755796744, 1.0, 10.494627435611513)
8.439999999999909 (56.70602763765257, 1.0, 10.30685477098684)
8.659999999999904 (58.09376302691037, 1.0, 11.164657612873425)
8.8799999999999 (59.68345459490172, 1.0, 11.351652922092951)
9.099999999999895 (61.22063813822425, 1.0, 11.78135368981389)
9.31999999999989 (62.659354637312106, 1.0, 12.48335268619482)
9.539999999999885 (64.3116436197025, 1.0, 12.451092628191345)
9.75999999999988 (65.62591086640657, 1.0, 13.529317443378421)
9.979999999999876 (67.33630088328711, 1.0, 13.30239335476551)
10.199999999999871 (68.85343233609952, 1.0, 13.919671278391304)
10.419999999999867 (70.12754472164484, 1.0, 14.280326365905449)
10.639999999999862 (71.25670165587358, 1.0, 14.571073334270167)
10.859999999999857 (72.25373829646175, 1.0, 14.829193837282306)
11.079999999999853 (73.13445406172696, 1.0, 15.057061662549664)
11.299999999999848 (73.91244350278997, 1.0, 15.258129822021694)
11.519999999999843 (74.59968412412668, 1.0, 15.435567000947456)
11.739999999999839 (75.20675707188515, 1.0, 15.592166754657848)
11.959999999999834 (75.74301064903882, 1.0, 15.730389030111484)
12.17999999999983 (76.21670378256468, 1.0, 15.852400640069469)
12.399999999999824 (76.63513281701883, 1.0, 15.960110759848783)
12.61999999999982 (77.00474358292652, 1.0, 16.055202010383226)
12.839999999999815 (77.3312304429476, 1.0, 16.139157700290408)
13.05999999999981 (77.61962382377898, 1.0, 16.21328571927031)
13.279999999999806 (77.87436756823479, 1.0, 16.278739508633528)
13.499999999999801 (78.09938728809635, 1.0, 16.33653647808049)
13.719999999999796 (78.2980370930795, 1.0, 16.388021726270377)
13.939999999999792 (78.47359491133702, 1.0, 16.433137619517677)
14.159999999999787 (78.62866258252272, 1.0, 16.47299871194695)
14.379999999999782 (78.7656348652386, 1.0, 16.508204265009294)
14.599999999999778 (78.88662345350346, 1.0, 16.539297705341564)
14.819999999999773 (78.99349344694988, 1.0, 16.566759666060175)
15.039999999999768 (79.08789232021336, 1.0, 16.591014567898487)
15.259999999999764 (79.17127532272971, 1.0, 16.612437167282607)
15.479999999999759 (79.24492790444087, 1.0, 16.63135837898638)
15.699999999999754 (79.30998552534103, 1.0, 16.648070415756848)
15.91999999999975 (79.36745115452321, 1.0, 16.662831323228463)
16.139999999999745 (79.41821072812138, 1.0, 16.675868981621463)
16.35999999999974 (79.46304680412372, 1.0, 16.687384637306025)
16.579999999999735 (79.50265062430603, 1.0, 16.69755601977706)
16.79999999999973 (79.53763276903618, 1.0, 16.70654009295557)
17.019999999999726 (79.56853256905352, 1.0, 16.71447548390934)
17.23999999999972 (79.59582641919887, 1.0, 16.721484626965594)
17.459999999999717 (79.61993512217184, 1.0, 16.727675656686195)
17.679999999999712 (79.64123037545832, 1.0, 16.733144079213737)
17.899999999999707 (79.66004050138035, 1.0, 16.737974248009916)
18.119999999999703 (79.67665550856348, 1.0, 16.74224066693625)
18.339999999999698 (79.69133156282078, 1.0, 16.74600914092256)
18.559999999999693 (79.7042949363544, 1.0, 16.74933779208469)
18.77999999999969 (79.71574549614083, 1.0, 16.75227795705214)
18.999999999999684 (79.72585978526396, 1.0, 16.754874979414392)
19.21999999999968 (79.73479374469058, 1.0, 16.757168909561273)
19.439999999999674 (79.74268511744101, 1.0, 16.759195122752487)
19.65999999999967 (79.74965557221344, 1.0, 16.76098486498077)
19.879999999999665 (79.7558125791978, 1.0, 16.762565735072236)
