0.0 [0.0, 1.0, 0.0]
0.21999999999999997 [0.47448111433006396, 1.0, 0.0348002400628817]
0.4200000000000001 [1.6353403596284886, 1.0, 0.07861295368139536]
0.6200000000000002 [2.9401001324426272, 1.0, 0.15959670389220204]
0.8200000000000004 [4.347660722201877, 1.0, 0.3061055440975207]
1.0200000000000005 [5.835376609295674, 1.0, 0.39037493992924777]
1.2200000000000006 [7.339252321776691, 1.0, 0.6354671639679952]
1.4200000000000008 [8.84988586392664, 1.0, 0.8006327256175206]
1.620000000000001 [10.401890020944169, 1.0, 1.037765428401872]
1.8200000000000012 [11.965748076872263, 1.0, 1.331109146097279]
2.0200000000000014 [13.544765224593869, 1.0, 1.5349643387102456]
2.2200000000000015 [15.089684153357403, 1.0, 1.8884362957193614]
2.4200000000000017 [16.64223356305295, 1.0, 2.1364186930433458]
2.620000000000002 [18.201532489441657, 1.0, 2.4446118766233313]
2.820000000000002 [19.7736754620269, 1.0, 2.7945892652038227]
3.0200000000000022 [21.357420785438784, 1.0, 3.0411845330275376]
3.2200000000000024 [22.898196972025747, 1.0, 3.425920369994398]
3.4200000000000026 [24.453575410685374, 1.0, 3.6969057765712163]
3.6200000000000028 [26.00956035541786, 1.0, 4.021870349645846]
3.820000000000003 [27.58163226169887, 1.0, 4.38312622312034]
4.040000000000002 [29.319081260131256, 1.0, 4.67309029343634]
4.259999999999997 [31.023912151822184, 1.0, 5.097494871556534]
4.479999999999992 [32.75217213916043, 1.0, 5.37335107740634]
4.699999999999988 [34.44378209514052, 1.0, 5.778005400346007]
4.919999999999983 [36.1681265074472, 1.0, 6.082393606035671]
5.139999999999978 [37.87953407023308, 1.0, 6.438390667944873]
5.359999999999974 [39.60051515486532, 1.0, 6.79328062886019]
5.579999999999969 [41.34233207475602, 1.0, 7.096467441015751]
5.799999999999964 [43.05774697889201, 1.0, 7.4923038869395215]
6.01999999999996 [44.79676587345207, 1.0, 7.755368188835796]
6.239999999999955 [46.50315136204052, 1.0, 8.161065292473987]
6.45999999999995 [48.22465302387323, 1.0, 8.420955844714875]
6.6799999999999455 [49.93113674325245, 1.0, 8.79295634991306]
6.899999999999941 [51.655826536970984, 1.0, 9.09137745580873]
7.119999999999936 [53.37870137506765, 1.0, 9.406087839912669]
7.3399999999999315 [55.11121249255436, 1.0, 9.754981992152914]
7.559999999999927 [56.8540430494713, 1.0, 10.016305171963916]
7.779999999999922 [58.572970098318805, 1.0, 10.396302804004174]
7.999999999999917 [60.31245937660461, 1.0, 10.627658229233816]
8.219999999999914 [62.01948785396329, 1.0, 11.000154921254234]
8.439999999999909 [63.74244445193351, 1.0, 11.244749877415634]
8.659999999999904 [65.4641949391356, 1.0, 11.575979808964812]
8.8799999999999 [67.18564459177934, 1.0, 11.865833182303424]
9.099999999999895 [68.93064408613026, 1.0, 12.138580317332266]
9.31999999999989 [70.66112313111694, 1.0, 12.477013605289073]
9.539999999999885 [72.40832542326415, 1.0, 12.701280771586752]
9.75999999999988 [74.12829272562797, 1.0, 13.058724606597451]
9.979999999999876 [75.86648523800514, 1.0, 13.265303262913472]
10.199999999999871 [77.13823136527648, 1.0, 13.447063812682453]
10.419999999999867 [77.6624945483942, 1.0, 13.519959807295766]
10.639999999999862 [77.89774559041355, 1.0, 13.552522898246071]
10.859999999999857 [78.00351839672727, 1.0, 13.567154752028543]
11.079999999999853 [78.05107576310888, 1.0, 13.573731825066389]
11.299999999999848 [78.07245835875504, 1.0, 13.576688649815665]
11.519999999999843 [78.08207232374515, 1.0, 13.57801801818068]
11.739999999999839 [78.08639491746385, 1.0, 13.578615709801086]
11.959999999999834 [78.08833842485157, 1.0, 13.578884438731723]
12.17999999999983 [78.08921225681576, 1.0, 13.579005262985682]
12.399999999999824 [78.08960514560513, 1.0, 13.579059587383165]
12.61999999999982 [78.0897817946678, 1.0, 13.579084012475143]
12.839999999999815 [78.08986121890155, 1.0, 13.579094994381078]
13.05999999999981 [78.0898969293027, 1.0, 13.579099932020037]
13.279999999999806 [78.089912985268, 1.0, 13.57910215206099]
13.499999999999801 [78.08992020428582, 1.0, 13.579103150226736]
13.719999999999796 [78.08992345007128, 1.0, 13.579103599017957]
13.939999999999792 [78.08992490942809, 1.0, 13.579103800801628]
14.159999999999787 [78.08992556557814, 1.0, 13.57910389152678]
14.379999999999782 [78.08992586059368, 1.0, 13.579103932318253]
14.599999999999778 [78.0899259932373, 1.0, 13.57910395065874]
14.819999999999773 [78.08992605287594, 1.0, 13.579103958904913]
15.039999999999768 [78.0899260796904, 1.0, 13.579103962612518]
15.259999999999764 [78.0899260917466, 1.0, 13.57910396427951]
15.479999999999759 [78.08992609716731, 1.0, 13.579103965029024]
15.699999999999754 [78.08992609960458, 1.0, 13.579103965366022]
15.91999999999975 [78.08992610070045, 1.0, 13.579103965517549]
16.139999999999745 [78.08992610119316, 1.0, 13.579103965585679]
16.35999999999974 [78.08992610141472, 1.0, 13.579103965616314]
16.579999999999735 [78.08992610151432, 1.0, 13.579103965630086]
16.79999999999973 [78.08992610155907, 1.0, 13.579103965636273]
17.019999999999726 [78.08992610157914, 1.0, 13.57910396563905]
17.23999999999972 [78.08992610158816, 1.0, 13.579103965640307]
17.459999999999717 [78.08992610159218, 1.0, 13.579103965640872]
17.679999999999712 [78.08992610159396, 1.0, 13.579103965641119]
17.899999999999707 [78.0899261015948, 1.0, 13.579103965641231]
18.119999999999703 [78.08992610159525, 1.0, 13.579103965641298]
18.339999999999698 [78.08992610159525, 1.0, 13.579103965641298]
18.559999999999693 [78.08992610159525, 1.0, 13.579103965641298]
18.77999999999969 [78.08992610159525, 1.0, 13.579103965641298]
18.999999999999684 [78.08992610159525, 1.0, 13.579103965641298]
19.21999999999968 [78.08992610159525, 1.0, 13.579103965641298]
19.439999999999674 [78.08992610159525, 1.0, 13.579103965641298]
19.65999999999967 [78.08992610159525, 1.0, 13.579103965641298]
19.879999999999665 [78.08992610159525, 1.0, 13.579103965641298]
