0.0 (4.375, 1.0, 0.0)
0.21999999999999997 (1.8384949482967292, 1.0, -0.38952777972909486)
0.4200000000000001 (1.3660913924032765, 1.0, -0.42242144153618505)
0.6200000000000002 (1.3648873590108443, 1.0, -0.2274092055198143)
0.8200000000000004 (1.4905190598664841, 1.0, -0.05404932577811302)
1.0200000000000005 (1.7043334348580597, 1.0, 0.05387256003081661)
1.2200000000000006 (1.8652336516300205, 1.0, 0.17754074057706137)
1.4200000000000008 (2.0804857128386476, 1.0, 0.18031161644190302)
1.620000000000001 (2.3408671493630924, 1.0, 0.056009140270196614)
1.8200000000000012 (2.4792395818298165, 1.0, -0.030758031899229158)
2.0200000000000014 (2.563385249329884, 1.0, -0.1660223693010684)
2.2200000000000015 (2.5625058588578886, 1.0, -0.3714588096760567)
2.4200000000000017 (2.5194017148494874, 1.0, -0.6058691103787652)
2.620000000000002 (2.3874202023893423, 1.0, -0.7616133187912962)
2.820000000000002 (2.2353313030653688, 1.0, -0.9342058773136767)
3.0200000000000022 (2.0072068593620402, 1.0, -1.1021179632212996)
3.2200000000000024 (1.8513771636781324, 1.0, -1.2883522693151852)
3.4200000000000026 (1.8503997541049888, 1.0, -1.5226213653501168)
3.6200000000000028 (1.8114045478659426, 1.0, -1.7441804878947837)
3.820000000000003 (1.8641442683608989, 1.0, -1.9395553813511341)
4.040000000000002 (2.065022969314534, 1.0, -2.130601987072872)
4.259999999999997 (2.2824094419939236, 1.0, -2.2579713796842302)
4.479999999999992 (2.432064233496855, 1.0, -2.2774688118577524)
4.699999999999988 (2.62411935538051, 1.0, -2.1786656062876903)
4.919999999999983 (2.8262251266499447, 1.0, -2.0095391486852625)
5.139999999999978 (2.9030617013404525, 1.0, -1.800590756211439)
5.359999999999974 (2.9676882289592874, 1.0, -1.5379377739048592)
5.579999999999969 (3.01537076102191, 1.0, -1.246068551857761)
5.799999999999964 (3.1405483465050414, 1.0, -1.024060156114033)
6.01999999999996 (3.376695505357138, 1.0, -0.9034758206125575)
6.239999999999955 (3.5581274195656762, 1.0, -0.7752870972131198)
6.45999999999995 (3.7958932253837494, 1.0, -0.7840115175749409)
6.6799999999999455 (4.075950658773529, 1.0, -0.935783153333181)
6.899999999999941 (4.188450361960237, 1.0, -1.0254179260320864)
7.119999999999936 (4.2453856669537196, 1.0, -1.2189367311125765)
7.3399999999999315 (4.223427268644251, 1.0, -1.4774023890785737)
7.559999999999927 (4.088109575733628, 1.0, -1.6727151420333233)
7.779999999999922 (3.9517342048986555, 1.0, -1.8567729818444314)
7.999999999999917 (3.6972788605422013, 1.0, -2.041091991717985)
8.219999999999914 (3.5237224253603467, 1.0, -2.2450544581960403)
8.439999999999909 (3.524701344384516, 1.0, -2.5037895452307666)
8.659999999999904 (3.4800225368533395, 1.0, -2.7400412066719557)
8.8799999999999 (3.572016873744202, 1.0, -2.9513816546627565)
9.099999999999895 (3.8142564368326726, 1.0, -3.1337848155972297)
9.31999999999989 (3.9824507154689925, 1.0, -3.2231190697024408)
9.539999999999885 (4.160270730608098, 1.0, -3.2218953650707984)
9.75999999999988 (4.3618982439929015, 1.0, -3.0955285242929973)
9.979999999999876 (4.5221822156077565, 1.0, -2.90431012597457)
10.199999999999871 (6.571681921287467, 1.0, -4.743228465303282)
10.419999999999867 (7.216614880139626, 1.0, -5.162447698760541)
10.639999999999862 (7.590031874103078, 1.0, -5.459670399934291)
10.859999999999857 (7.858240044511392, 1.0, -5.682204106781754)
11.079999999999853 (8.054243071394124, 1.0, -5.845230509782346)
11.299999999999848 (8.197623093833815, 1.0, -5.964489924917759)
11.519999999999843 (8.302508617024888, 1.0, -6.051731981370608)
11.739999999999839 (8.379234728437, 1.0, -6.1155521644936295)
11.959999999999834 (8.435361665704589, 1.0, -6.1622384634237255)
12.17999999999983 (8.476419862113223, 1.0, -6.196390791432093)
12.399999999999824 (8.5064549325302, 1.0, -6.221374148613551)
12.61999999999982 (8.528426327453273, 1.0, -6.239650142578229)
12.839999999999815 (8.544498949898731, 1.0, -6.253019514836421)
13.05999999999981 (8.556256476090425, 1.0, -6.262799560483521)
13.279999999999806 (8.564857402638872, 1.0, -6.2699539180649495)
13.499999999999801 (8.57114919780265, 1.0, -6.275187515663189)
13.719999999999796 (8.575751805399275, 1.0, -6.2790160271682804)
13.939999999999792 (8.579118729702838, 1.0, -6.281816681727535)
14.159999999999787 (8.581581720422747, 1.0, -6.283865432375053)
14.379999999999782 (8.583383460808736, 1.0, -6.285364145949921)
14.599999999999778 (8.584701479782007, 1.0, -6.286460493277698)
14.819999999999773 (8.585665644241665, 1.0, -6.2872624993789765)
15.039999999999768 (8.5863709551185, 1.0, -6.287849187336043)
15.259999999999764 (8.586886908006894, 1.0, -6.288278364562398)
15.479999999999759 (8.587264340701742, 1.0, -6.2885923186626735)
15.699999999999754 (8.587540442344142, 1.0, -6.28882198410221)
15.91999999999975 (8.587742417738077, 1.0, -6.2889899902336115)
16.139999999999745 (8.587890167890944, 1.0, -6.289112891006705)
16.35999999999974 (8.58799825089695, 1.0, -6.2892027960587225)
16.579999999999735 (8.58807731637322, 1.0, -6.289268563898557)
16.79999999999973 (8.588135154786265, 1.0, -6.289316674751647)
17.019999999999726 (8.588177465061039, 1.0, -6.289351869068325)
17.23999999999972 (8.588208416106518, 1.0, -6.289377614609004)
17.459999999999717 (8.588231057585963, 1.0, -6.289396448128929)
17.679999999999712 (8.58824762040585, 1.0, -6.289410225329302)
17.899999999999707 (8.588259736531185, 1.0, -6.2894203037029035)
18.119999999999703 (8.588268599786, 1.0, -6.289427676290344)
18.339999999999698 (8.588275083483037, 1.0, -6.289433069526166)
18.559999999999693 (8.588279826472851, 1.0, -6.289437014815778)
18.77999999999969 (8.588283296090912, 1.0, -6.289439900895793)
18.999999999999684 (8.588285834205049, 1.0, -6.289442012136961)
19.21999999999968 (8.588287690900302, 1.0, -6.289443556563745)
19.439999999999674 (8.588289049120249, 1.0, -6.289444686351343)
19.65999999999967 (8.588290042692796, 1.0, -6.289445512819796)
19.879999999999665 (8.588290769516462, 1.0, -6.289446117402557)
