0.0 [0.0, 1.0, 0.0]
0.21999999999999997 [-0.051242025245830825, 1.0, 0.14145932704136158]
0.4200000000000001 [0.1065203561244222, 1.0, 0.22311891295583333]
0.6200000000000002 [0.24922841296832104, 1.0, 0.17520942646254475]
0.8200000000000004 [0.3909388092120124, 1.0, 0.07371418946630195]
1.0200000000000005 [0.536226939295298, 1.0, -0.03051958409385036]
1.2200000000000006 [0.681525294060035, 1.0, -0.13804796110484716]
1.4200000000000008 [0.8184844804689714, 1.0, -0.22677490883661017]
1.620000000000001 [0.9520970779671181, 1.0, -0.30354696575886647]
1.8200000000000012 [1.0943576796380292, 1.0, -0.3522043305385625]
2.0200000000000014 [1.2670382289524418, 1.0, -0.38141510093228015]
2.2200000000000015 [1.4413617621378931, 1.0, -0.4164128518465833]
2.4200000000000017 [1.620858297204714, 1.0, -0.44293649729895584]
2.620000000000002 [1.7872558813264712, 1.0, -0.48198091239866303]
2.820000000000002 [1.931590890723417, 1.0, -0.5200760708316796]
3.0200000000000022 [2.069350942918115, 1.0, -0.5837794064610047]
3.2200000000000024 [2.204578161201993, 1.0, -0.680658865964367]
3.4200000000000026 [2.3460999342035094, 1.0, -0.784379107943331]
3.6200000000000028 [2.489896947338626, 1.0, -0.8959021171286683]
3.820000000000003 [2.6396453761699092, 1.0, -0.993607606234596]
4.040000000000002 [2.7782935977439265, 1.0, -1.0832298670712939]
4.259999999999997 [2.9336438697863145, 1.0, -1.1501859442397908]
4.479999999999992 [3.114781597034597, 1.0, -1.1854781778502073]
4.699999999999988 [3.305955555304847, 1.0, -1.2226119469597598]
4.919999999999983 [3.5038898668986955, 1.0, -1.2522925553049882]
5.139999999999978 [3.6847724402705944, 1.0, -1.294403793233756]
5.359999999999974 [3.844314432526251, 1.0, -1.3401330438199999]
5.579999999999969 [3.9909971542906297, 1.0, -1.4182320849133452]
5.799999999999964 [4.1433705455095815, 1.0, -1.5334434760042899]
6.01999999999996 [4.30233455755901, 1.0, -1.6490779077758577]
6.239999999999955 [4.46388941904003, 1.0, -1.7663594852283102]
6.45999999999995 [4.609068482515613, 1.0, -1.862034825377633]
6.6799999999999455 [4.760862133451118, 1.0, -1.9409301981224687]
6.899999999999941 [4.92724951077996, 1.0, -1.9844095049461985]
7.119999999999936 [5.118822356841864, 1.0, -2.0163888867307875]
7.3399999999999315 [5.316383397341206, 1.0, -2.0503837975374424]
7.559999999999927 [5.507681236645363, 1.0, -2.090563215364484]
7.779999999999922 [5.668576506386492, 1.0, -2.1294821903544268]
7.999999999999917 [5.823003625283149, 1.0, -2.1955061508333955]
8.219999999999914 [5.970483205865935, 1.0, -2.2997462534144812]
8.439999999999909 [6.126830374568599, 1.0, -2.414037973911218]
8.659999999999904 [6.2843642399501265, 1.0, -2.536288586120595]
8.8799999999999 [6.443550719784638, 1.0, -2.6383512725223137]
9.099999999999895 [6.586556802709117, 1.0, -2.724992176357196]
9.31999999999989 [6.743187174519374, 1.0, -2.7807729741003193]
9.539999999999885 [6.933427398080312, 1.0, -2.81282809396036]
9.75999999999988 [7.126982573569682, 1.0, -2.8508322928516328]
9.979999999999876 [7.322689832975228, 1.0, -2.883549690867499]
10.199999999999871 [7.635523755240629, 1.0, -3.296246175731592]
10.419999999999867 [8.210048081788258, 1.0, -3.674846106988476]
10.639999999999862 [8.645768381230925, 1.0, -3.9341217210185064]
10.859999999999857 [8.96394517793836, 1.0, -4.124928825174967]
11.079999999999853 [9.196687421646342, 1.0, -4.26452859632078]
11.299999999999848 [9.366940237181236, 1.0, -4.366655156535329]
11.519999999999843 [9.491482265237776, 1.0, -4.441366339595434]
11.739999999999839 [9.582586673829622, 1.0, -4.4960210288144795]
11.959999999999834 [9.649231152380652, 1.0, -4.536003125515464]
12.17999999999983 [9.697982869060818, 1.0, -4.565251452855757]
12.399999999999824 [9.7336457437527, 1.0, -4.586647550272771]
12.61999999999982 [9.759733894103244, 1.0, -4.602299436718838]
12.839999999999815 [9.778817946443795, 1.0, -4.613749233605833]
13.05999999999981 [9.792778356618507, 1.0, -4.622125068869089]
13.279999999999806 [9.802990712831269, 1.0, -4.628252210566894]
13.499999999999801 [9.810461285157059, 1.0, -4.632734370213416]
13.719999999999796 [9.815926181132065, 1.0, -4.636013181537284]
13.939999999999792 [9.819923879299083, 1.0, -4.638411712437314]
14.159999999999787 [9.822848288614784, 1.0, -4.640166295986623]
14.379999999999782 [9.824987562340842, 1.0, -4.64144981608727]
14.599999999999778 [9.826552491151082, 1.0, -4.642388741755818]
14.819999999999773 [9.827697273268013, 1.0, -4.643075588254494]
15.039999999999768 [9.82853470825872, 1.0, -4.643578032782351]
15.259999999999764 [9.8291473116286, 1.0, -4.643945582860969]
15.479999999999759 [9.829595445394645, 1.0, -4.644214454438563]
15.699999999999754 [9.829923265783902, 1.0, -4.644411140350318]
15.91999999999975 [9.830163074110997, 1.0, -4.644555020737715]
16.139999999999745 [9.830338499545386, 1.0, -4.644660272635252]
16.35999999999974 [9.830466827379444, 1.0, -4.644737266879998]
16.579999999999735 [9.83056070221077, 1.0, -4.6447935899848005]
16.79999999999973 [9.83062937385981, 1.0, -4.644834791663164]
17.019999999999726 [9.83067960878781, 1.0, -4.644864931661577]
17.23999999999972 [9.830716356820366, 1.0, -4.6448869797803995]
17.459999999999717 [9.830743238871404, 1.0, -4.644903108498632]
17.679999999999712 [9.830762903724693, 1.0, -4.6449149070358855]
17.899999999999707 [9.830777289027907, 1.0, -4.644923537943753]
18.119999999999703 [9.830787812215927, 1.0, -4.644929851656114]
18.339999999999698 [9.830795510175745, 1.0, -4.644934470285386]
18.559999999999693 [9.83080114141461, 1.0, -4.644937848921459]
18.77999999999969 [9.830805260798435, 1.0, -4.644940320473304]
18.999999999999684 [9.830808274224701, 1.0, -4.644942128471679]
19.21999999999968 [9.83081047861697, 1.0, -4.644943451065064]
19.439999999999674 [9.830812091181826, 1.0, -4.644944418573272]
19.65999999999967 [9.83081327081099, 1.0, -4.644945126328307]
19.879999999999665 [9.830814133737503, 1.0, -4.644945644067784]
