0.0 (4.375, 1.0, 0.0)
0.21999999999999997 (1.8865236881577712, 1.0, -0.143314497687188)
0.4200000000000001 (1.5892566614360923, 1.0, 0.07965939894021151)
0.6200000000000002 (1.9156225101726898, 1.0, 0.30057263639717957)
0.8200000000000004 (2.352351628772911, 1.0, 0.29057042927309495)
1.0200000000000005 (2.693700664083853, 1.0, 0.04205688096742549)
1.2200000000000006 (2.7459257962125823, 1.0, -0.3700000755913214)
1.4200000000000008 (2.541964866777383, 1.0, -0.7425715332917956)
1.620000000000001 (2.2115942168000147, 1.0, -1.115648725400422)
1.8200000000000012 (2.1881779645952464, 1.0, -1.548675032281171)
2.0200000000000014 (2.406309036458193, 1.0, -1.9055218872705217)
2.2200000000000015 (2.8265359989710697, 1.0, -2.0410548062856386)
2.4200000000000017 (3.154335726450123, 1.0, -1.8822161280158878)
2.620000000000002 (3.3423968923491842, 1.0, -1.4879755372803083)
2.820000000000002 (3.393348921953388, 1.0, -1.0084862929770233)
3.0200000000000022 (3.6284254444730633, 1.0, -0.6438776386834025)
3.2200000000000024 (4.0173350890617465, 1.0, -0.48024999757300013)
3.4200000000000026 (4.4486248401547135, 1.0, -0.6440109182954431)
3.6200000000000028 (4.632320474145829, 1.0, -0.9512289302378868)
3.820000000000003 (4.526688670184919, 1.0, -1.374729898618383)
4.040000000000002 (4.204294790814486, 1.0, -1.7706664730327584)
4.259999999999997 (4.065016439547406, 1.0, -2.226746840849032)
4.479999999999992 (4.220917658876013, 1.0, -2.6575093233848355)
4.699999999999988 (4.67660253880968, 1.0, -2.850276489226944)
4.919999999999983 (5.037190216992389, 1.0, -2.691760831320517)
5.139999999999978 (5.239338994469326, 1.0, -2.260349831215817)
5.359999999999974 (5.296685264691865, 1.0, -1.7262874340247527)
5.579999999999969 (5.6111155406657005, 1.0, -1.3696326439936206)
5.799999999999964 (6.0770887347437546, 1.0, -1.3158742220217352)
6.01999999999996 (6.459877951217662, 1.0, -1.57717549067908)
6.239999999999955 (6.50119160037067, 1.0, -2.0332890639524246)
6.45999999999995 (6.2340402197066425, 1.0, -2.4345012952893588)
6.6799999999999455 (5.914951997804754, 1.0, -2.8573404750837557)
6.899999999999941 (5.9958673361908685, 1.0, -3.328853722874521)
7.119999999999936 (6.4213425070250265, 1.0, -3.625116169254915)
7.3399999999999315 (6.805907112342965, 1.0, -3.609841001432896)
7.559999999999927 (7.076725414781065, 1.0, -3.2303236592843585)
7.779999999999922 (7.142481132761478, 1.0, -2.7221418396918597)
7.999999999999917 (7.355368648497312, 1.0, -2.287770605018469)
8.219999999999914 (7.783289389422211, 1.0, -2.099783419634948)
8.439999999999909 (8.240469525152443, 1.0, -2.2834606065083323)
8.659999999999904 (8.394610165283082, 1.0, -2.650468533290439)
8.8799999999999 (8.23987104904576, 1.0, -3.0987681857175287)
9.099999999999895 (7.885767997105334, 1.0, -3.5054519948496563)
9.31999999999989 (7.836565611307622, 1.0, -3.9776474792919023)
9.539999999999885 (8.091262999513056, 1.0, -4.359769848794361)
9.75999999999988 (8.54594915060543, 1.0, -4.46884894748696)
9.979999999999876 (8.901481288472779, 1.0, -4.2071398554245505)
10.199999999999871 (11.205675309470946, 1.0, -5.616374795668097)
10.419999999999867 (11.954323343799835, 1.0, -5.9360809412906255)
10.639999999999862 (12.396648648582195, 1.0, -6.186074226223647)
10.859999999999857 (12.714921771602432, 1.0, -6.376726070031605)
11.079999999999853 (12.9475818683044, 1.0, -6.516464629242624)
11.299999999999848 (13.117775304042315, 1.0, -6.618691521780014)
11.519999999999843 (13.242274273015761, 1.0, -6.693475465805298)
11.739999999999839 (13.333347385577543, 1.0, -6.748183041755487)
11.959999999999834 (13.399969078850745, 1.0, -6.788203644564071)
12.17999999999983 (13.448704185640619, 1.0, -6.8174800427379445)
12.399999999999824 (13.484354940890253, 1.0, -6.8388966225620464)
12.61999999999982 (13.510434242219075, 1.0, -6.854563464505614)
12.839999999999815 (13.529511830194831, 1.0, -6.866024186778695)
13.05999999999981 (13.543467516299, 1.0, -6.874408006238711)
13.279999999999806 (13.55367641929266, 1.0, -6.8805409842937815)
13.499999999999801 (13.561144466871847, 1.0, -6.885027411087671)
13.719999999999796 (13.566607516665446, 1.0, -6.888309342707315)
13.939999999999792 (13.570603864698047, 1.0, -6.890710155522712)
14.159999999999787 (13.573527286567733, 1.0, -6.892466407996618)
14.379999999999782 (13.575665838065678, 1.0, -6.893751148767488)
14.599999999999778 (13.577230238608923, 1.0, -6.894690967284755)
14.819999999999773 (13.578374634318156, 1.0, -6.895378466869625)
15.039999999999768 (13.57921178665968, 1.0, -6.89588138911669)
15.259999999999764 (13.579824183274201, 1.0, -6.89624928864279)
15.479999999999759 (13.580272165798744, 1.0, -6.896518415841221)
15.699999999999754 (13.58059987555391, 1.0, -6.896715288741237)
15.91999999999975 (13.580839602950963, 1.0, -6.896859305912592)
16.139999999999745 (13.581014969183878, 1.0, -6.896964657869559)
16.35999999999974 (13.581143253711065, 1.0, -6.897041725309458)
16.579999999999735 (13.581237096862608, 1.0, -6.897098101957879)
16.79999999999973 (13.581305745337263, 1.0, -6.897139342804466)
17.019999999999726 (13.581355963312708, 1.0, -6.897169511455253)
17.23999999999972 (13.581392698944109, 1.0, -6.897191580533907)
17.459999999999717 (13.581419571923428, 1.0, -6.897207724584718)
17.679999999999712 (13.58143923014055, 1.0, -6.897219534338099)
17.899999999999707 (13.581453610589254, 1.0, -6.897228173450819)
18.119999999999703 (13.581464130226092, 1.0, -6.897234493165222)
18.339999999999698 (13.581471825588135, 1.0, -6.8972391161851245)
18.559999999999693 (13.581477454926667, 1.0, -6.897242498033046)
18.77999999999969 (13.581481572920357, 1.0, -6.897244971934434)
18.999999999999684 (13.581484585329704, 1.0, -6.897246781651553)
19.21999999999968 (13.581486788978074, 1.0, -6.897248105502241)
19.439999999999674 (13.581488400998749, 1.0, -6.897249073930194)
19.65999999999967 (13.581489580229833, 1.0, -6.8972497823580445)
19.879999999999665 (13.581490442865142, 1.0, -6.8972503005897)
