0.0 [0.0, 1.0, 0.0]
0.21999999999999997 [0.024377035049823026, 1.0, 0.13326801269263627]
0.4200000000000001 [0.2798127199282263, 1.0, 0.16880050270409258]
0.6200000000000002 [0.525520479992333, 1.0, 0.048249589395747056]
0.8200000000000004 [0.7696586524966595, 1.0, -0.11485469925593195]
1.0200000000000005 [0.9941028140946692, 1.0, -0.2672535566088575]
1.2200000000000006 [1.2241554689660499, 1.0, -0.3723605610328986]
1.4200000000000008 [1.4968448064689583, 1.0, -0.41672927941033944]
1.620000000000001 [1.7915884428598934, 1.0, -0.43957884552506055]
1.8200000000000012 [2.068190714843893, 1.0, -0.45868032531262953]
2.0200000000000014 [2.3162327224748234, 1.0, -0.5086663100363685]
2.2200000000000015 [2.556379594693607, 1.0, -0.634469193421534]
2.4200000000000017 [2.8009613578486277, 1.0, -0.7990328336481094]
2.620000000000002 [3.033149216990431, 1.0, -0.9608160925068603]
2.820000000000002 [3.254536745979636, 1.0, -1.0863810154932647]
3.0200000000000022 [3.513379897605132, 1.0, -1.1472770531396608]
3.2200000000000024 [3.8047630740657055, 1.0, -1.1738849315713098]
3.4200000000000026 [4.09183744515692, 1.0, -1.1933113914225615]
3.6200000000000028 [4.346954315573629, 1.0, -1.2260739530934195]
3.820000000000003 [4.587434281943812, 1.0, -1.3275990859767397]
4.040000000000002 [4.855225838193606, 1.0, -1.5013394312057002]
4.259999999999997 [5.115111654336594, 1.0, -1.681889481497161]
4.479999999999992 [5.357959301446055, 1.0, -1.8243406304035783]
4.699999999999988 [5.643250489039969, 1.0, -1.8908145647168402]
4.919999999999983 [5.965381939270934, 1.0, -1.9185922990830857]
5.139999999999978 [6.273935860654062, 1.0, -1.9395508829528496]
5.359999999999974 [6.5473682414443415, 1.0, -1.994072233159625]
5.579999999999969 [6.8119611450152, 1.0, -2.137525235150037]
5.799999999999964 [7.080566133860105, 1.0, -2.320306319858082]
6.01999999999996 [7.328603148531682, 1.0, -2.4902905590391424]
6.239999999999955 [7.584036816225509, 1.0, -2.6021408252362805]
6.45999999999995 [7.889714031488576, 1.0, -2.645222373287114]
6.6799999999999455 [8.212904505084598, 1.0, -2.6686474739711006]
6.899999999999941 [8.504002351396743, 1.0, -2.6946957397025795]
7.119999999999936 [8.77039493457262, 1.0, -2.786999445908915]
7.3399999999999315 [9.037450907017023, 1.0, -2.9551878736304316]
7.559999999999927 [9.300966552288576, 1.0, -3.1379314950515034]
7.779999999999922 [9.542901844696368, 1.0, -3.2891635689810936]
7.999999999999917 [9.820047147786664, 1.0, -3.3666918983239587]
8.219999999999914 [10.139156189763774, 1.0, -3.397185826913194]
8.439999999999909 [10.453018918739634, 1.0, -3.41848648897714]
8.659999999999904 [10.729939320335648, 1.0, -3.462668115438415]
8.8799999999999 [10.994128859592676, 1.0, -3.5942255138018733]
9.099999999999895 [11.262910732662478, 1.0, -3.774921552758091]
9.31999999999989 [11.51503177679549, 1.0, -3.9496155621866063]
9.539999999999885 [11.76448663767336, 1.0, -4.073412564925056]
9.75999999999988 [12.063668261531399, 1.0, -4.12345379294874]
9.979999999999876 [12.38778582220552, 1.0, -4.14800161130549]
10.199999999999871 [12.802568581108154, 1.0, -4.549618757797378]
10.419999999999867 [13.45850698725266, 1.0, -4.887866377343879]
10.639999999999862 [13.954011852016352, 1.0, -5.111751745723938]
10.859999999999857 [14.316025565788783, 1.0, -5.276824922457832]
11.079999999999853 [14.580830541452988, 1.0, -5.397613094618196]
11.299999999999848 [14.774534763009456, 1.0, -5.485984628685116]
11.519999999999843 [14.916230100438433, 1.0, -5.55063683928985]
11.739999999999839 [15.019881360309316, 1.0, -5.5979347634126615]
11.959999999999834 [15.095703399754946, 1.0, -5.63253602018275]
12.17999999999983 [15.151168229491292, 1.0, -5.657848528972683]
12.399999999999824 [15.191741581281645, 1.0, -5.676365664066489]
12.61999999999982 [15.221421643256821, 1.0, -5.68991159827305]
12.839999999999815 [15.243133113905548, 1.0, -5.6998208673403505]
13.05999999999981 [15.25901543825545, 1.0, -5.707069773023269]
13.279999999999806 [15.27063364654754, 1.0, -5.712372532631427]
13.499999999999801 [15.279132580590819, 1.0, -5.71625162795975]
13.719999999999796 [15.285349710011538, 1.0, -5.719089274189307]
13.939999999999792 [15.289897657755038, 1.0, -5.721165074280861]
14.159999999999787 [15.29322456814438, 1.0, -5.722683565974755]
14.379999999999782 [15.295658266780297, 1.0, -5.723794374067742]
14.599999999999778 [15.297438564094293, 1.0, -5.72460695278904]
14.819999999999773 [15.298740885879862, 1.0, -5.725201370452421]
15.039999999999768 [15.299693559407267, 1.0, -5.725636198808547]
15.259999999999764 [15.300390458510572, 1.0, -5.725954284350297]
15.479999999999759 [15.300900253692042, 1.0, -5.726186970183268]
15.699999999999754 [15.301273178741228, 1.0, -5.726357184432033]
15.91999999999975 [15.301545980641777, 1.0, -5.726481699483189]
16.139999999999745 [15.301745540520953, 1.0, -5.726572784672934]
16.35999999999974 [15.301891522442693, 1.0, -5.726639415264131]
16.579999999999735 [15.301998311050145, 1.0, -5.7266881568385894]
16.79999999999973 [15.302076428988276, 1.0, -5.726723812248351]
17.019999999999726 [15.30213357377574, 1.0, -5.726749894873708]
17.23999999999972 [15.302175376296647, 1.0, -5.726768974820977]
17.459999999999717 [15.302205955651905, 1.0, -5.726782932173039]
17.679999999999712 [15.302228325043728, 1.0, -5.726793142247142]
17.899999999999707 [15.30224468868798, 1.0, -5.726800611114606]
18.119999999999703 [15.302256659011327, 1.0, -5.726806074736164]
18.339999999999698 [15.302265415535185, 1.0, -5.726810071481407]
18.559999999999693 [15.302271821102341, 1.0, -5.726812995178139]
18.77999999999969 [15.302276506899041, 1.0, -5.726815133919055]
18.999999999999684 [15.302279934650278, 1.0, -5.726816698449549]
19.21999999999968 [15.302282442116832, 1.0, -5.726817842933973]
19.439999999999674 [15.302284276377286, 1.0, -5.726818680146546]
19.65999999999967 [15.302285618174412, 1.0, -5.726819292583792]
19.879999999999665 [15.30228659972505, 1.0, -5.726819740593525]
