0.0 (4.375, 1.0, 0.0)
0.21999999999999997 (1.9442305900793906, 1.0, 0.0834387190029043)
0.4200000000000001 (1.982033522721015, 1.0, 0.3714392944592671)
0.6200000000000002 (2.657384626101454, 1.0, 0.26022716696048803)
0.8200000000000004 (2.9518125787693696, 1.0, -0.26174404676628865)
1.0200000000000005 (2.6604499348877426, 1.0, -0.8510141290748335)
1.2200000000000006 (2.4760256161819365, 1.0, -1.4495576204274103)
1.4200000000000008 (2.972326224334783, 1.0, -1.89254392126052)
1.620000000000001 (3.5702372770820356, 1.0, -1.7681874120957983)
1.8200000000000012 (3.7720393509171277, 1.0, -1.1627393117969904)
2.0200000000000014 (3.929103518521914, 1.0, -0.5363923734162441)
2.2200000000000015 (4.560318957240028, 1.0, -0.3917553168318221)
2.4200000000000017 (5.037902776376965, 1.0, -0.8036113211386611)
2.620000000000002 (4.905577348917665, 1.0, -1.407248408835122)
2.820000000000002 (4.577486759033264, 1.0, -1.9835347399401444)
3.0200000000000022 (4.866895037293354, 1.0, -2.539449291380753)
3.2200000000000024 (5.512006524344132, 1.0, -2.6180984402397542)
3.4200000000000026 (5.862986566002298, 1.0, -2.1312600230506695)
3.6200000000000028 (5.9382497074757445, 1.0, -1.460956974529887)
3.820000000000003 (6.4350795629303175, 1.0, -1.1062242282072974)
4.040000000000002 (7.085225714347971, 1.0, -1.4174703847007555)
4.259999999999997 (7.06518190465492, 1.0, -2.0712230663108726)
4.479999999999992 (6.692635881822889, 1.0, -2.70380485176264)
4.699999999999988 (7.020012590966851, 1.0, -3.3046033204522662)
4.919999999999983 (7.714484190092074, 1.0, -3.3130704052903606)
5.139999999999978 (7.993068113014535, 1.0, -2.690697004322975)
5.359999999999974 (8.166414689668203, 1.0, -2.0032651340353365)
5.579999999999969 (8.8727311370364, 1.0, -1.9035622316054088)
5.799999999999964 (9.28732465937593, 1.0, -2.4238787853065618)
6.01999999999996 (8.99486860304302, 1.0, -3.0744129171099615)
6.239999999999955 (8.831853958476984, 1.0, -3.7334760917287744)
6.45999999999995 (9.441706648873748, 1.0, -4.139603661279257)
6.6799999999999455 (10.01417133946838, 1.0, -3.8419937774156927)
6.899999999999941 (10.123761837301336, 1.0, -3.1140264063920022)
7.119999999999936 (10.543358330240464, 1.0, -2.6032318528690097)
7.3399999999999315 (11.243421156231, 1.0, -2.8187038198318097)
7.559999999999927 (11.339861984783141, 1.0, -3.454402829405469)
7.779999999999922 (10.947440074835775, 1.0, -4.084182249003318)
7.999999999999917 (11.142449377569426, 1.0, -4.721818880734778)
8.219999999999914 (11.846399640041852, 1.0, -4.8413993355820075)
8.439999999999909 (12.206667498145347, 1.0, -4.287316596934608)
8.659999999999904 (12.325640261557314, 1.0, -3.5687290378368055)
8.8799999999999 (12.982742759106149, 1.0, -3.350421246227543)
9.099999999999895 (13.49451375882993, 1.0, -3.806587424409565)
9.31999999999989 (13.285145784085735, 1.0, -4.46487822377422)
9.539999999999885 (13.023410837263883, 1.0, -5.11434923813465)
9.75999999999988 (13.55225842816247, 1.0, -5.603988601318632)
9.979999999999876 (14.182236540779497, 1.0, -5.412910571963986)
10.199999999999871 (16.588903392778228, 1.0, -6.4828334805052386)
10.419999999999867 (17.431353983843938, 1.0, -6.717848555312587)
10.639999999999862 (17.933459189478015, 1.0, -6.929543993580633)
10.859999999999857 (18.295476235106857, 1.0, -7.0946172901962266)
11.079999999999853 (18.560155721988284, 1.0, -7.215682756515015)
11.299999999999848 (18.753768853935295, 1.0, -7.304255555020858)
11.519999999999843 (18.89539793398979, 1.0, -7.3690541536107785)
11.739999999999839 (18.999000926866202, 1.0, -7.416458713300849)
11.959999999999834 (19.074787765974488, 1.0, -7.451137735159082)
12.17999999999983 (19.13022690374173, 1.0, -7.476507001691074)
12.399999999999824 (19.170781492274177, 1.0, -7.495065587174562)
12.61999999999982 (19.20044784510867, 1.0, -7.508641806219289)
12.839999999999815 (19.222149296110437, 1.0, -7.518573209472271)
13.05999999999981 (19.23802429563333, 1.0, -7.525838296166522)
13.279999999999806 (19.24963714820851, 1.0, -7.531152886839395)
13.499999999999801 (19.258132165798166, 1.0, -7.535040633792807)
13.719999999999796 (19.264346430983355, 1.0, -7.5378846072334555)
13.939999999999792 (19.268892283871654, 1.0, -7.539965034935514)
14.159999999999787 (19.27221766204175, 1.0, -7.541486911352241)
14.379999999999782 (19.27465023994085, 1.0, -7.542600195187342)
14.599999999999778 (19.27642971747367, 1.0, -7.54341458482916)
14.819999999999773 (19.277731439605276, 1.0, -7.544010327144936)
15.039999999999768 (19.278683674491223, 1.0, -7.544446124471948)
15.259999999999764 (19.27938025272891, 1.0, -7.544764918814342)
15.479999999999759 (19.279889813195837, 1.0, -7.5449981231378445)
15.699999999999754 (19.280262566549396, 1.0, -7.545168716666667)
15.91999999999975 (19.280535242852665, 1.0, -7.545293509165423)
16.139999999999745 (19.280734710855736, 1.0, -7.545384797311804)
16.35999999999974 (19.28088062556872, 1.0, -7.5454515763688255)
16.579999999999735 (19.28098736501188, 1.0, -7.545500426548439)
16.79999999999973 (19.281065446985494, 1.0, -7.545536161404722)
17.019999999999726 (19.281122565464273, 1.0, -7.5455623021466165)
17.23999999999972 (19.2811643487399, 1.0, -7.545581424607188)
17.459999999999717 (19.28119491401688, 1.0, -7.545595413058516)
17.679999999999712 (19.28121727311018, 1.0, -7.545605645882316)
17.899999999999707 (19.281233629220864, 1.0, -7.545613131391612)
18.119999999999703 (19.281245594033265, 1.0, -7.545618607186989)
18.339999999999698 (19.28125434652576, 1.0, -7.545622612837609)
18.559999999999693 (19.2812607491439, 1.0, -7.545625543048796)
18.77999999999969 (19.281265432783336, 1.0, -7.5456276865551635)
18.999999999999684 (19.28126885895649, 1.0, -7.5456292545716765)
19.21999999999968 (19.28127136526865, 1.0, -7.545630401606192)
19.439999999999674 (19.281273198684644, 1.0, -7.545631240684202)
19.65999999999967 (19.28127453986402, 1.0, -7.545631854486053)
19.879999999999665 (19.281275520962772, 1.0, -7.545632303494023)
