0.0 [0.0, 1.0, 0.0]
0.21999999999999997 [0.18581740271958647, 1.0, 0.11557288001652007]
0.4200000000000001 [0.6835912883277343, 1.0, 0.02242619021231504]
0.6200000000000002 [1.1919902236407633, 1.0, -0.26294177290685966]
0.8200000000000004 [1.7151554016267645, 1.0, -0.4857064875620735]
1.0200000000000005 [2.311179551604689, 1.0, -0.48783690971425775]
1.2200000000000006 [2.898265934001092, 1.0, -0.4400662517472327]
1.4200000000000008 [3.45035210821114, 1.0, -0.595525556788871]
1.620000000000001 [3.966263802771147, 1.0, -0.9098287644896191]
1.8200000000000012 [4.48683474192968, 1.0, -1.1407080011806707]
2.0200000000000014 [5.082455401815396, 1.0, -1.1440605987044088]
2.2200000000000015 [5.669496234505589, 1.0, -1.096527378849103]
2.4200000000000017 [6.22157466926982, 1.0, -1.2520320832147618]
2.620000000000002 [6.737485020378504, 1.0, -1.56634088387372]
2.820000000000002 [7.258055542340276, 1.0, -1.7972212612131093]
3.0200000000000022 [7.8536761667259025, 1.0, -1.8005740200658829]
3.2200000000000024 [8.440716995607751, 1.0, -1.7530408258486045]
3.4200000000000026 [8.992795429524419, 1.0, -1.9085455348883609]
3.6200000000000028 [9.508705780483057, 1.0, -2.222854336090379]
3.820000000000003 [10.02927630240501, 1.0, -2.453734713537385]
4.040000000000002 [10.685578563308063, 1.0, -2.4512683932783896]
4.259999999999997 [11.325243098586618, 1.0, -2.417695173331371]
4.479999999999992 [11.922417048612173, 1.0, -2.653930480798793]
4.699999999999988 [12.479017070243442, 1.0, -2.997643067591657]
4.919999999999983 [13.093108220847396, 1.0, -3.1318863335061162]
5.139999999999978 [13.753508205145694, 1.0, -3.076704291167036]
5.359999999999974 [14.373545446124925, 1.0, -3.14728578132812]
5.579999999999969 [14.951265899708742, 1.0, -3.471536812832932]
5.799999999999964 [15.515543754866469, 1.0, -3.7551486966637118]
6.01999999999996 [16.167338446909646, 1.0, -3.7701143770897003]
6.239999999999955 [16.811138002854214, 1.0, -3.725167976518064]
6.45999999999995 [17.41238013998343, 1.0, -3.9362955024139215]
6.6799999999999455 [17.97123816124964, 1.0, -4.283145087563152]
6.899999999999941 [18.57564500909276, 1.0, -4.444903717437157]
7.119999999999936 [19.237636221452913, 1.0, -4.395462426685934]
7.3399999999999315 [19.861417775725503, 1.0, -4.440206526572298]
7.559999999999927 [20.443067139845024, 1.0, -4.751940731968887]
7.779999999999922 [21.00272050582198, 1.0, -5.053721739939591]
7.999999999999917 [21.64897726701549, 1.0, -5.088427086729349]
8.219999999999914 [22.296820795913284, 1.0, -5.035608087559165]
8.439999999999909 [22.902044636737987, 1.0, -5.219600188542178]
8.659999999999904 [23.46390675424105, 1.0, -5.5670572079828355]
8.8799999999999 [24.058753421622523, 1.0, -5.755960629575778]
9.099999999999895 [24.72128378034724, 1.0, -5.714727175604236]
9.31999999999989 [25.34890065206272, 1.0, -5.735690682227851]
9.539999999999885 [25.93434324087987, 1.0, -6.032331400270901]
9.75999999999988 [26.490960925784755, 1.0, -6.349308736435313]
9.979999999999876 [27.13064806749526, 1.0, -6.406090844652187]
10.199999999999871 [27.815781841475328, 1.0, -6.758116533972441]
10.419999999999867 [28.536178042531542, 1.0, -6.949722148135697]
10.639999999999862 [29.06947131468185, 1.0, -7.076235663419916]
10.859999999999857 [29.45933448687867, 1.0, -7.170019439897079]
11.079999999999853 [29.744503944748715, 1.0, -7.238742455804996]
11.299999999999848 [29.95310028202431, 1.0, -7.289075241253699]
11.519999999999843 [30.105687578045675, 1.0, -7.325927218152676]
11.739999999999839 [30.217306019592655, 1.0, -7.352902704394876]
11.959999999999834 [30.298956329052892, 1.0, -7.372645279548104]
12.17999999999983 [30.35868500190519, 1.0, -7.387092499582963]
12.399999999999824 [30.40237783436498, 1.0, -7.397663724027425]
12.61999999999982 [30.434340222437697, 1.0, -7.405398316610738]
12.839999999999815 [30.457721566607567, 1.0, -7.411057170663819]
13.05999999999981 [30.474825682551455, 1.0, -7.41519720666055]
13.279999999999806 [30.487337847161967, 1.0, -7.418225991756826]
13.499999999999801 [30.496490874299333, 1.0, -7.420441761108792]
13.719999999999796 [30.503186596148023, 1.0, -7.42206272972924]
13.939999999999792 [30.508084726252264, 1.0, -7.423248553768393]
14.159999999999787 [30.511667863292473, 1.0, -7.4241160401465525]
14.379999999999782 [30.51428904216408, 1.0, -7.42475064401613]
14.599999999999778 [30.516206518442893, 1.0, -7.425214882394261]
14.819999999999773 [30.517609213980588, 1.0, -7.425554490541831]
15.039999999999768 [30.518635330985866, 1.0, -7.42580292637528]
15.259999999999764 [30.5193859687232, 1.0, -7.425984666029276]
15.479999999999759 [30.519935084513516, 1.0, -7.426117614902837]
15.699999999999754 [30.52033678049934, 1.0, -7.42621487154367]
15.91999999999975 [30.52063063413395, 1.0, -7.426286018054109]
16.139999999999745 [30.520845597598544, 1.0, -7.426338064101009]
16.35999999999974 [30.52100285034805, 1.0, -7.426376137508936]
16.579999999999735 [30.521117885838457, 1.0, -7.426403989461802]
16.79999999999973 [30.521202038034406, 1.0, -7.426424364079813]
17.019999999999726 [30.521263598098272, 1.0, -7.426439268779972]
17.23999999999972 [30.521308631284167, 1.0, -7.42645017205511]
17.459999999999717 [30.52134157452224, 1.0, -7.426458148156561]
17.679999999999712 [30.521365673570912, 1.0, -7.426463982934682]
17.899999999999707 [30.5213833028078, 1.0, -7.426468251264856]
18.119999999999703 [30.52139619916723, 1.0, -7.426471373687265]
18.339999999999698 [30.52140563327307, 1.0, -7.426473657840815]
18.559999999999693 [30.52141253462796, 1.0, -7.426475328773405]
18.77999999999969 [30.52141758319324, 1.0, -7.4264765511149085]
18.999999999999684 [30.521421276382764, 1.0, -7.426477445297445]
19.21999999999968 [30.521423978070853, 1.0, -7.426478099421028]
19.439999999999674 [30.52142595444346, 1.0, -7.426478577933684]
19.65999999999967 [30.521427400224205, 1.0, -7.426478927981237]
19.879999999999665 [30.521428457859784, 1.0, -7.426479184052392]
