0.0 (4.375, 1.0, 0.0)
0.21999999999999997 (2.1639399406825017, 1.0, 0.4484838442615583)
0.4200000000000001 (3.092902191455329, 1.0, 0.23334384961698026)
0.6200000000000002 (3.314364164114739, 1.0, -0.8077849086769439)
0.8200000000000004 (3.488628097928616, 1.0, -1.6789117861121896)
1.0200000000000005 (4.6046867763556305, 1.0, -1.4231841053778704)
1.2200000000000006 (4.851649258368322, 1.0, -0.4250835759862344)
1.4200000000000008 (5.888822377232337, 1.0, -0.4442472977583549)
1.620000000000001 (6.087335616114738, 1.0, -1.4693117328229732)
1.8200000000000012 (6.259032327173446, 1.0, -2.3355794531295944)
2.0200000000000014 (7.375793438390909, 1.0, -2.0797219969711898)
2.2200000000000015 (7.622879475584685, 1.0, -1.0816083423764746)
2.4200000000000017 (8.66004582203981, 1.0, -1.100761508941844)
2.620000000000002 (8.858556441491283, 1.0, -2.125825454356025)
2.820000000000002 (9.03025299822855, 1.0, -2.992092899017009)
3.0200000000000022 (10.147014189937588, 1.0, -2.7362354497779475)
3.2200000000000024 (10.394100236755559, 1.0, -1.738121795552222)
3.4200000000000026 (11.431266582348014, 1.0, -1.7572749613311522)
3.6200000000000028 (11.629777201557012, 1.0, -2.782338906719312)
3.820000000000003 (11.801473758281578, 1.0, -3.6486063513583407)
4.040000000000002 (12.974238123687421, 1.0, -3.2977379123471544)
4.259999999999997 (13.296146920239872, 1.0, -2.258505106572598)
4.479999999999992 (14.42869602300518, 1.0, -2.6954989692564544)
4.699999999999988 (14.272019053467337, 1.0, -3.818890360040487)
4.919999999999983 (15.204549008933093, 1.0, -4.361049523641972)
5.139999999999978 (15.8487142460976, 1.0, -3.42937904118989)
5.359999999999974 (16.63353293828282, 1.0, -2.881212097928003)
5.579999999999969 (17.24369817965933, 1.0, -3.892583238352509)
5.799999999999964 (17.241652143561744, 1.0, -4.902583216796626)
6.01999999999996 (18.460676470120145, 1.0, -4.705775806804782)
6.239999999999955 (18.76414817077168, 1.0, -3.632799813368922)
6.45999999999995 (19.911471839399024, 1.0, -3.907686560101436)
6.6799999999999455 (19.833587319821927, 1.0, -5.037593593041046)
6.899999999999941 (20.620012065197866, 1.0, -5.695755710474573)
7.119999999999936 (21.384276890984463, 1.0, -4.847016182049102)
7.3399999999999315 (22.050536450695557, 1.0, -4.162608904012789)
7.559999999999927 (22.80843291468196, 1.0, -5.0988290423807765)
7.779999999999922 (22.700489134270654, 1.0, -6.144067944047674)
7.999999999999917 (23.93213275045577, 1.0, -6.104922378249619)
8.219999999999914 (24.250204037061124, 1.0, -5.020689057263707)
8.439999999999909 (25.378058626899538, 1.0, -5.126253894136921)
8.659999999999904 (25.40694976641079, 1.0, -6.2563276402839)
8.8799999999999 (26.031510761170836, 1.0, -7.0145195219139715)
9.099999999999895 (26.916808851500075, 1.0, -6.2664528226601295)
9.31999999999989 (27.468799779377594, 1.0, -5.4628725312696185)
9.539999999999885 (28.359510323901635, 1.0, -6.302586556479242)
9.75999999999988 (28.180975520932492, 1.0, -7.375785243594119)
9.979999999999876 (29.38920319951956, 1.0, -7.493330906608989)
10.199999999999871 (31.936510266099045, 1.0, -7.919785216525214)
10.419999999999867 (32.78500346043278, 1.0, -7.9896716581000815)
10.639999999999862 (33.32137204465292, 1.0, -8.106616134163371)
10.859999999999857 (33.710779354750194, 1.0, -8.20228579107871)
11.079999999999853 (33.995622551589925, 1.0, -8.272356366563047)
11.299999999999848 (34.20398010311569, 1.0, -8.323674232327354)
11.519999999999843 (34.356392657570375, 1.0, -8.361246453750956)
11.739999999999839 (34.46788323692527, 1.0, -8.388748622114838)
11.959999999999834 (34.549439993400625, 1.0, -8.408876375185146)
12.17999999999983 (34.60910021978777, 1.0, -8.423605308008181)
12.399999999999824 (34.652742976403296, 1.0, -8.4343825837984)
12.61999999999982 (34.68466872967985, 1.0, -8.442267893196982)
12.839999999999815 (34.70802327286831, 1.0, -8.448036992698665)
13.05999999999981 (34.725107782254675, 1.0, -8.452257672113806)
13.279999999999806 (34.73760560362008, 1.0, -8.455345447970425)
13.499999999999801 (34.74674813798768, 1.0, -8.457604369631321)
13.719999999999796 (34.75343618391668, 1.0, -8.45925690484586)
13.939999999999792 (34.758328698773326, 1.0, -8.460465820487817)
14.159999999999787 (34.7619077280438, 1.0, -8.461350198916884)
14.379999999999782 (34.76452590193036, 1.0, -8.461997159759845)
14.599999999999778 (34.76644117995534, 1.0, -8.462470437606239)
14.819999999999773 (34.7678422673938, 1.0, -8.462816658386824)
15.039999999999768 (34.76886720801947, 1.0, -8.463069931559188)
15.259999999999764 (34.76961698519543, 1.0, -8.463255209874678)
15.479999999999759 (34.770165471456345, 1.0, -8.463390747389223)
15.699999999999754 (34.77056670692055, 1.0, -8.463489897702434)
15.91999999999975 (34.7708602236684, 1.0, -8.46356242949434)
16.139999999999745 (34.77107494068927, 1.0, -8.463615488918895)
16.35999999999974 (34.77123201315712, 1.0, -8.463654303645097)
16.579999999999735 (34.7713469167656, 1.0, -8.463682697896152)
16.79999999999973 (34.77143097248562, 1.0, -8.463703469222795)
17.019999999999726 (34.77149246197419, 1.0, -8.463718664128137)
17.23999999999972 (34.77153744353197, 1.0, -8.463729779697768)
17.459999999999717 (34.77157034900239, 1.0, -8.463737911099518)
17.679999999999712 (34.771594420422794, 1.0, -8.463743859484842)
17.899999999999707 (34.77161202944871, 1.0, -8.463748210922372)
18.119999999999703 (34.77162491102315, 1.0, -8.463751394140509)
18.339999999999698 (34.771634334313305, 1.0, -8.463753722768109)
18.559999999999693 (34.771641227756156, 1.0, -8.463755426234908)
18.77999999999969 (34.77164627053353, 1.0, -8.463756672376238)
18.999999999999684 (34.771649959489004, 1.0, -8.463757583969127)
19.21999999999968 (34.77165265807976, 1.0, -8.463758250828946)
19.439999999999674 (34.771654632186554, 1.0, -8.463758738658573)
19.65999999999967 (34.771656076309796, 1.0, -8.46375909552179)
19.879999999999665 (34.77165713273285, 1.0, -8.463759356578825)
