0.0 [0.0, 1.0, 0.0]
0.21999999999999997 [0.604022498522126, 1.0, 0.03394660841896435]
0.4200000000000001 [2.038040207525244, 1.0, -0.3494735044459236]
0.6200000000000002 [3.7394248443467535, 1.0, -0.2931527507418866]
0.8200000000000004 [5.4081925896120495, 1.0, -0.5030187934364936]
1.0200000000000005 [7.078633177615097, 1.0, -0.9029767939918099]
1.2200000000000006 [8.809718500370748, 1.0, -0.7825543528332513]
1.4200000000000008 [10.42695273624045, 1.0, -1.3352814153650683]
1.620000000000001 [12.104825021965686, 1.0, -1.3157439323325895]
1.8200000000000012 [13.773812478937838, 1.0, -1.532192165838789]
2.0200000000000014 [15.444445907693794, 1.0, -1.932531219293793]
2.2200000000000015 [17.17541658346276, 1.0, -1.8114899355863132]
2.4200000000000017 [18.79289739546128, 1.0, -2.363527302024821]
2.620000000000002 [20.47076004938178, 1.0, -2.343257588126535]
2.820000000000002 [22.139842068097465, 1.0, -2.5589757154680077]
3.0200000000000022 [23.810650528631037, 1.0, -2.958583679797632]
3.2200000000000024 [25.541568068000046, 1.0, -2.8367849209317084]
3.4200000000000026 [27.15929030260488, 1.0, -3.3881144084728207]
3.6200000000000028 [28.83714392559931, 1.0, -3.3671104462856167]
3.820000000000003 [30.50632018501226, 1.0, -3.582098145192414]
4.040000000000002 [32.3380307329958, 1.0, -3.96803637510707]
4.259999999999997 [34.22655220012096, 1.0, -3.930913574447923]
4.479999999999992 [36.03728068954321, 1.0, -4.4947273237895216]
4.699999999999988 [37.92235956559211, 1.0, -4.348077979304858]
4.919999999999983 [39.70971835437599, 1.0, -4.918130033354233]
5.139999999999978 [41.568008188452836, 1.0, -4.872716687203019]
5.359999999999974 [43.38102682323783, 1.0, -5.240863026308132]
5.579999999999969 [45.22083628095183, 1.0, -5.454728295987433]
5.799999999999964 [47.08419491642045, 1.0, -5.55823963377623]
6.01999999999996 [48.91194723900228, 1.0, -6.014772870584228]
6.239999999999955 [50.804841669532465, 1.0, -5.922033074945501]
6.45999999999995 [52.60539276159256, 1.0, -6.510692826374144]
6.6799999999999455 [54.48141898996839, 1.0, -6.370253452075547]
6.899999999999941 [56.27184885708537, 1.0, -6.8905754948729845]
7.119999999999936 [58.12299905247529, 1.0, -6.921761311360718]
7.3399999999999315 [59.95264743725431, 1.0, -7.197979427906861]
7.559999999999927 [61.788501086222496, 1.0, -7.499283515755209]
7.779999999999922 [63.666576912797346, 1.0, -7.525277403060711]
7.999999999999917 [65.48785039491617, 1.0, -8.040727551777138]
8.219999999999914 [67.37901162684317, 1.0, -7.9083377417975775]
8.439999999999909 [69.17129147861732, 1.0, -8.498447686029179]
8.659999999999904 [71.03784335358334, 1.0, -8.390924459586742]
8.8799999999999 [72.8377140543844, 1.0, -8.840197395838764]
9.099999999999895 [74.68291580003728, 1.0, -8.95898314704984]
9.31999999999989 [76.52989570257306, 1.0, -9.143819543312347]
9.539999999999885 [78.36252984255697, 1.0, -9.525347992932891]
9.75999999999988 [80.25095649040284, 1.0, -9.483679901699311]
9.979999999999876 [82.06303675325483, 1.0, -10.043133856314718]
10.199999999999871 [83.47387718151263, 1.0, -10.278397139694405]
10.419999999999867 [84.4256119766567, 1.0, -10.39912073927617]
10.639999999999862 [85.12143582136629, 1.0, -10.494710937229273]
10.859999999999857 [85.63033637761716, 1.0, -10.565588264530932]
11.079999999999853 [86.00258836070896, 1.0, -10.617618160516589]
11.299999999999848 [86.27488926933349, 1.0, -10.655775798066106]
11.519999999999843 [86.4740789782127, 1.0, -10.68374071502191]
11.739999999999839 [86.61978882733247, 1.0, -10.704225427825962]
11.959999999999834 [86.72637822335078, 1.0, -10.719225351348268]
12.17999999999983 [86.80435070391334, 1.0, -10.730206140624409]
12.399999999999824 [86.86138950028162, 1.0, -10.73824314812973]
12.61999999999982 [86.90311490554771, 1.0, -10.744124728797946]
12.839999999999815 [86.93363821781472, 1.0, -10.748428498975104]
13.05999999999981 [86.95596691600936, 1.0, -10.751577490087268]
13.279999999999806 [86.9723010314808, 1.0, -10.753881423521355]
13.499999999999801 [86.98424993861963, 1.0, -10.755567009713161]
13.719999999999796 [86.9929909362859, 1.0, -10.756800169171115]
13.939999999999792 [86.99938525101004, 1.0, -10.757702317971619]
14.159999999999787 [87.00406289481406, 1.0, -10.758362297228462]
14.379999999999782 [87.0074847402355, 1.0, -10.758845108501149]
14.599999999999778 [87.00998792956287, 1.0, -10.759198308638599]
14.819999999999773 [87.01181909281078, 1.0, -10.759456690280809]
15.039999999999768 [87.01315864755563, 1.0, -10.759645707117066]
15.259999999999764 [87.01413857495095, 1.0, -10.759783980279405]
15.479999999999759 [87.01485542340365, 1.0, -10.759885132228375]
15.699999999999754 [87.01537982115451, 1.0, -10.759959128501986]
15.91999999999975 [87.01576343502313, 1.0, -10.760013259356677]
16.139999999999745 [87.01604406094636, 1.0, -10.76005285792731]
16.35999999999974 [87.0162493478672, 1.0, -10.760081825615405]
16.579999999999735 [87.01639952187746, 1.0, -10.760103016444177]
16.79999999999973 [87.01650937901519, 1.0, -10.760118518235586]
17.019999999999726 [87.01658974305917, 1.0, -10.760129858305133]
17.23999999999972 [87.01664853195288, 1.0, -10.760138153936806]
17.459999999999717 [87.01669153792746, 1.0, -10.760144222461756]
17.679999999999712 [87.01672299818696, 1.0, -10.76014866178508]
17.899999999999707 [87.01674601238305, 1.0, -10.760151909294189]
18.119999999999703 [87.0167628480109, 1.0, -10.760154284952378]
18.339999999999698 [87.01677516381652, 1.0, -10.760156022823285]
18.559999999999693 [87.01678417322621, 1.0, -10.760157294132103]
18.77999999999969 [87.01679076390047, 1.0, -10.760158224135637]
18.999999999999684 [87.01679558519163, 1.0, -10.760158904463296]
19.21999999999968 [87.01679911212189, 1.0, -10.760159402144975]
19.439999999999674 [87.01680169218528, 1.0, -10.760159766215212]
19.65999999999967 [87.01680357958497, 1.0, -10.76016003254435]
19.879999999999665 [87.01680496027883, 1.0, -10.760160227372722]
