0.0 (4.375, 1.0, 0.0)
0.21999999999999997 (3.3958146600249064, 1.0, 0.6637477744158479)
0.4200000000000001 (4.7861838558331735, 1.0, -1.3218150754231752)
0.6200000000000002 (6.669883559670987, 1.0, -0.20152019964448653)
0.8200000000000004 (8.489631131141717, 1.0, -0.9210407335511358)
1.0200000000000005 (10.1554060854987, 1.0, -1.6856430205303004)
1.2200000000000006 (11.840501212345298, 1.0, -0.46844911428163966)
1.4200000000000008 (13.138207722211586, 1.0, -2.3612791639218442)
1.620000000000001 (15.035915702787014, 1.0, -1.2332065477127676)
1.8200000000000012 (16.855423944200208, 1.0, -1.9503821580123015)
2.0200000000000014 (18.521470017009516, 1.0, -2.714023633842796)
2.2200000000000015 (20.20607109671563, 1.0, -1.4960799181220594)
2.4200000000000017 (21.50459937122039, 1.0, -3.3883407930641387)
2.620000000000002 (23.40181439039661, 1.0, -2.2594378980814236)
2.820000000000002 (25.221636238434364, 1.0, -2.975817168699788)
3.0200000000000022 (26.888016330001193, 1.0, -3.7387294865990546)
3.2200000000000024 (28.572084264656535, 1.0, -2.520048688092277)
3.4200000000000026 (29.871440487782706, 1.0, -4.4117411322359095)
3.6200000000000028 (31.768161305589224, 1.0, -3.282008104172776)
3.820000000000003 (33.58829647445197, 1.0, -3.997590933079467)
4.040000000000002 (35.45231012421245, 1.0, -4.582593389074707)
4.259999999999997 (37.388018974414486, 1.0, -3.8376049807825505)
4.479999999999992 (38.951429383475265, 1.0, -5.500367248928447)
4.699999999999988 (40.87623892119332, 1.0, -3.982253963502602)
4.919999999999983 (42.42253987989535, 1.0, -5.9399762386319885)
5.139999999999978 (44.45378797450297, 1.0, -4.658092164605282)
5.359999999999974 (46.255178235375766, 1.0, -5.961545002360578)
5.579999999999969 (48.28577444934141, 1.0, -5.697557099637676)
5.799999999999964 (50.23689414716297, 1.0, -5.795437359234196)
6.01999999999996 (51.99033458809829, 1.0, -6.790877943520506)
6.239999999999955 (53.91217362878424, 1.0, -5.694737996518107)
6.45999999999995 (55.42565449460787, 1.0, -7.56393402194089)
6.6799999999999455 (57.37659088488224, 1.0, -6.005033849221817)
6.899999999999941 (58.99944543780044, 1.0, -7.835588070430148)
7.119999999999936 (61.05388264869038, 1.0, -6.8321698169307306)
7.3399999999999315 (62.93482978868466, 1.0, -7.771649178532204)
7.559999999999927 (64.89838550385184, 1.0, -7.926027065420716)
7.779999999999922 (66.84533871429996, 1.0, -7.585723663566064)
7.999999999999917 (68.49667317604136, 1.0, -8.947423113765403)
8.219999999999914 (70.40882753414553, 1.0, -7.584971343966548)
8.439999999999909 (71.92009103336164, 1.0, -9.554126527509702)
8.659999999999904 (73.90897580645408, 1.0, -8.076539847239797)
8.8799999999999 (75.62217628316552, 1.0, -9.681375824994648)
9.099999999999895 (77.68079197024355, 1.0, -9.02195462532347)
9.31999999999989 (79.6128630961907, 1.0, -9.55189325644289)
9.539999999999885 (81.47827936319383, 1.0, -10.13240760666539)
9.75999999999988 (83.41218952727581, 1.0, -9.382762384907872)
9.979999999999876 (84.97959743629954, 1.0, -11.04175693410447)
10.199999999999871 (87.7518598399866, 1.0, -10.975870001932547)
10.419999999999867 (88.75680575774352, 1.0, -11.014386560060794)
10.639999999999862 (89.45362257649066, 1.0, -11.105037031596002)
10.859999999999857 (89.96219701925932, 1.0, -11.178238781262005)
11.079999999999853 (90.33421072443758, 1.0, -11.231961381692235)
11.299999999999848 (90.60633708050185, 1.0, -11.27135600209574)
11.519999999999843 (90.80539896831799, 1.0, -11.300225123823877)
11.739999999999839 (90.9510152427912, 1.0, -11.321370923039717)
11.959999999999834 (91.05753614889827, 1.0, -11.33685425525056)
12.17999999999983 (91.13545850710257, 1.0, -11.348188567922703)
12.399999999999824 (91.19246062678056, 1.0, -11.356484132641167)
12.61999999999982 (91.23415919621523, 1.0, -11.362554825981922)
12.839999999999815 (91.26466287418486, 1.0, -11.366996921980382)
13.05999999999981 (91.28697720764173, 1.0, -11.370247094224734)
13.279999999999806 (91.30330081397959, 1.0, -11.37262504028302)
13.499999999999801 (91.31524203288559, 1.0, -11.374364766615763)
13.719999999999796 (91.32397740611395, 1.0, -11.375637530006099)
13.939999999999792 (91.33036760624778, 1.0, -11.37656864965094)
14.159999999999787 (91.33504224002527, 1.0, -11.377249821635498)
14.379999999999782 (91.33846188347721, 1.0, -11.377748135869346)
14.599999999999778 (91.34096346197248, 1.0, -11.378112676814647)
14.819999999999773 (91.34279344683382, 1.0, -11.378379354565809)
15.039999999999768 (91.34413213954504, 1.0, -11.378574440242536)
15.259999999999764 (91.34511143633179, 1.0, -11.378717152941016)
15.479999999999759 (91.34582782347229, 1.0, -11.378821552545146)
15.699999999999754 (91.34635188375746, 1.0, -11.37889792457864)
15.91999999999975 (91.34673525075858, 1.0, -11.378953793375876)
16.139999999999745 (91.34701569609001, 1.0, -11.378994663306253)
16.35999999999974 (91.34722085090195, 1.0, -11.379024561034337)
16.579999999999735 (91.34737092827025, 1.0, -11.379046432217015)
16.79999999999973 (91.3474807147112, 1.0, -11.379062431709073)
17.019999999999726 (91.34756102703818, 1.0, -11.37907413586261)
17.23999999999972 (91.34761977809922, 1.0, -11.379082697833423)
17.459999999999717 (91.34766275639798, 1.0, -11.379088961194025)
17.679999999999712 (91.34769419641172, 1.0, -11.379093543045904)
17.899999999999707 (91.34771719579739, 1.0, -11.37909689481925)
18.119999999999703 (91.34773402059092, 1.0, -11.379099346750092)
18.339999999999698 (91.34774632847092, 1.0, -11.379101140416907)
18.559999999999693 (91.34775533208271, 1.0, -11.37910245254223)
18.77999999999969 (91.34776191851566, 1.0, -11.379103412404358)
18.999999999999684 (91.34776673670414, 1.0, -11.379104114574545)
19.21999999999968 (91.34777026136467, 1.0, -11.379104628234737)
19.439999999999674 (91.34777283976771, 1.0, -11.379105003993768)
19.65999999999967 (91.34777472595282, 1.0, -11.379105278873636)
19.879999999999665 (91.34777610575816, 1.0, -11.379105479957145)
