0.0 [0.0, 1.0, 0.0]
0.21999999999999997 [0.971715975306656, 1.0, -0.03542712644088042]
0.4200000000000001 [3.6777909715496127, 1.0, -0.17284098220101402]
0.6200000000000002 [6.598743012038889, 1.0, -0.4627576530677818]
0.8200000000000004 [9.58056392308989, 1.0, -0.41736019276921565]
1.0200000000000005 [12.49449970038834, 1.0, -0.9142371151424606]
1.2200000000000006 [15.423486850777314, 1.0, -0.8849912658911466]
1.4200000000000008 [18.335961846979167, 1.0, -1.1723601637122822]
1.620000000000001 [21.280008586607234, 1.0, -1.4677809728126232]
1.8200000000000012 [24.260779279094773, 1.0, -1.4215661906414885]
2.0200000000000014 [27.17543014836701, 1.0, -1.9182351250583578]
2.2200000000000015 [30.104363454980238, 1.0, -1.888935503395974]
2.4200000000000017 [33.01684309078681, 1.0, -2.176295158661981]
2.620000000000002 [35.960890372988274, 1.0, -2.4717138379192987]
2.820000000000002 [38.941660873823544, 1.0, -2.4254986144779833]
3.0200000000000022 [41.856311802868376, 1.0, -2.922167488339101]
3.2200000000000024 [44.78524510405147, 1.0, -2.8928678568678277]
3.4200000000000026 [47.697724740304864, 1.0, -3.180227510699869]
3.6200000000000028 [50.64177202253771, 1.0, -3.475646189694958]
3.820000000000003 [53.62254252335835, 1.0, -3.4294309662056452]
4.040000000000002 [56.81845877827912, 1.0, -3.914925835009246]
4.259999999999997 [60.0313396479094, 1.0, -4.042093368422891]
4.479999999999992 [63.30465804913227, 1.0, -4.100839899998397]
4.699999999999988 [66.51511663465311, 1.0, -4.591284080694781]
4.919999999999983 [69.71928639130624, 1.0, -4.682628467245555]
5.139999999999978 [72.98973032204859, 1.0, -4.769794989153158]
5.359999999999974 [76.20747595697472, 1.0, -5.2655433540589165]
5.579999999999969 [79.41032552482865, 1.0, -5.329030522617572]
5.799999999999964 [82.67412745562623, 1.0, -5.443764193432984]
6.01999999999996 [85.89895675148666, 1.0, -5.93396454350016]
6.239999999999955 [89.1058023651286, 1.0, -5.973183759781168]
6.45999999999995 [92.35409883105672, 1.0, -6.122770472877974]
6.6799999999999455 [95.5928461630146, 1.0, -6.605527433192816]
6.899999999999941 [98.79757174857727, 1.0, -6.616291413623534]
7.119999999999936 [102.03790605165025, 1.0, -6.798599853008395]
7.3399999999999315 [105.28282756823481, 1.0, -7.273012018873744]
7.559999999999927 [108.49136127966148, 1.0, -7.265617044840964]
7.779999999999922 [111.72335768563258, 1.0, -7.47859635993847]
7.999999999999917 [114.97010225906638, 1.0, -7.93448529853995]
8.219999999999914 [118.18965335174744, 1.0, -7.912529615468559]
8.439999999999909 [121.40461116299916, 1.0, -8.16203673027004]
8.659999999999904 [124.65943195305925, 1.0, -8.598847178734758]
8.8799999999999 [127.88394837889125, 1.0, -8.55939179713688]
9.099999999999895 [131.09014941745914, 1.0, -8.841125335917152]
9.31999999999989 [134.34640020095281, 1.0, -9.258023989724146]
9.539999999999885 [137.57865606583272, 1.0, -9.212111028026174]
9.75999999999988 [140.77893926190131, 1.0, -9.523499096118815]
9.979999999999876 [144.02978316935494, 1.0, -9.91089863164638]
10.199999999999871 [146.48513854707002, 1.0, -10.127289344012356]
10.419999999999867 [148.06513354132915, 1.0, -10.375783764614532]
10.639999999999862 [149.21725096080792, 1.0, -10.578383547925021]
10.859999999999857 [150.05979046516774, 1.0, -10.728204863140395]
11.079999999999853 [150.67604432231397, 1.0, -10.838318135266125]
11.299999999999848 [151.12680531529645, 1.0, -10.919143751414808]
11.519999999999843 [151.45652558448765, 1.0, -10.978416804315335]
11.739999999999839 [151.69771277282211, 1.0, -11.021855271754754]
11.959999999999834 [151.87414162823293, 1.0, -11.053673793588692]
12.17999999999983 [152.00320112694268, 1.0, -11.076972472980431]
12.399999999999824 [152.09761025226925, 1.0, -11.094028196951964]
12.61999999999982 [152.1666724891541, 1.0, -11.106511425966925]
12.839999999999815 [152.21719317749466, 1.0, -11.115646746231237]
13.05999999999981 [152.254150398385, 1.0, -11.122331367741651]
13.279999999999806 [152.2811856488402, 1.0, -11.127222369943707]
13.499999999999801 [152.30096273262447, 1.0, -11.130800824402776]
13.719999999999796 [152.3154302718644, 1.0, -11.133418862855997]
13.939999999999792 [152.3260137275036, 1.0, -11.135334194728435]
14.159999999999787 [152.33375586033156, 1.0, -11.13673540366903]
14.379999999999782 [152.33941947843516, 1.0, -11.137760477321804]
14.599999999999778 [152.3435625979827, 1.0, -11.138510375584085]
14.819999999999773 [152.34659342455058, 1.0, -11.13905896325466]
15.039999999999768 [152.3488105731008, 1.0, -11.139460279849802]
15.259999999999764 [152.35043248985983, 1.0, -11.139753859723488]
15.479999999999759 [152.3516189751996, 1.0, -11.139968624986476]
15.699999999999754 [152.35248692823265, 1.0, -11.140125733880625]
15.91999999999975 [152.35312186444702, 1.0, -11.140240664766797]
16.139999999999745 [152.35358634120757, 1.0, -11.140324740795615]
16.35999999999974 [152.35392612127157, 1.0, -11.1403862453426]
16.579999999999735 [152.35417468159642, 1.0, -11.140431238033088]
16.79999999999973 [152.35435651167592, 1.0, -11.140464151716643]
17.019999999999726 [152.3544895263806, 1.0, -11.140488229187026]
17.23999999999972 [152.35458683102823, 1.0, -11.140505842664584]
17.459999999999717 [152.35465801259073, 1.0, -11.140518727511992]
17.679999999999712 [152.3547100842542, 1.0, -11.140528153207097]
17.899999999999707 [152.35474817639565, 1.0, -11.140535048416352]
18.119999999999703 [152.35477604205508, 1.0, -11.140540092490712]
18.339999999999698 [152.3547964267053, 1.0, -11.140543782398268]
18.559999999999693 [152.3548113387502, 1.0, -11.14054648168783]
18.77999999999969 [152.3548222474035, 1.0, -11.140548456307448]
18.999999999999684 [152.35483022744376, 1.0, -11.14054990080701]
19.21999999999968 [152.35483606510672, 1.0, -11.140550957506193]
19.439999999999674 [152.35484033555, 1.0, -11.140551730516576]
19.65999999999967 [152.35484345952034, 1.0, -11.140552295999223]
19.879999999999665 [152.3548457448079, 1.0, -11.140552709668471]
