0.0 (4.375, 1.0, 0.0)
0.21999999999999997 (4.483528842356743, 1.0, 0.07064198650688848)
0.4200000000000001 (7.212268052504029, 1.0, -0.09243642869759876)
0.6200000000000002 (10.021898743807979, 1.0, -1.2557527736384693)
0.8200000000000004 (13.104965766884616, 1.0, -0.037438187790774034)
1.0200000000000005 (16.04624744084101, 1.0, -1.5993357192257274)
1.2200000000000006 (19.03402185399165, 1.0, -1.0478016764278615)
1.4200000000000008 (21.876369968040223, 1.0, -1.11299714409821)
1.620000000000001 (24.698071705229324, 1.0, -2.261916770921628)
1.8200000000000012 (27.786233245027393, 1.0, -1.0417984889111878)
2.0200000000000014 (30.727029840062997, 1.0, -2.603319632613036)
2.2200000000000015 (33.71491170917734, 1.0, -2.0517473348882627)
2.4200000000000017 (36.55725150180084, 1.0, -2.116931597327772)
2.620000000000002 (39.378953080569765, 1.0, -3.2658494331509895)
2.820000000000002 (42.46711493528353, 1.0, -2.045730888876198)
3.0200000000000022 (45.407911481598155, 1.0, -3.6072519899973097)
3.2200000000000024 (48.39579335962442, 1.0, -3.0556796878709966)
3.4200000000000026 (51.238133151313214, 1.0, -3.1208639492444945)
3.6200000000000028 (54.0598347300892, 1.0, -4.269781784901003)
3.820000000000003 (57.14799658482604, 1.0, -3.049663240600671)
4.040000000000002 (60.41261698730278, 1.0, -4.402698143833424)
4.259999999999997 (63.50638291352609, 1.0, -4.6479931775359775)
4.479999999999992 (66.8183570022024, 1.0, -3.7125571010023504)
4.699999999999988 (70.09982284087086, 1.0, -5.1460487542537265)
4.919999999999983 (73.21865552467324, 1.0, -5.223397750402166)
5.139999999999978 (76.49770789781763, 1.0, -4.3874209722260264)
5.359999999999974 (79.77667440482551, 1.0, -5.8890997709905175)
5.579999999999969 (82.93732323897437, 1.0, -5.798479313726576)
5.799999999999964 (86.16940266326658, 1.0, -5.06819130432497)
6.01999999999996 (89.45055643021524, 1.0, -6.619049045158155)
6.239999999999955 (92.65474088127547, 1.0, -6.373498395736916)
6.45999999999995 (95.84601289994542, 1.0, -5.768108263933678)
6.6799999999999455 (99.12526580450195, 1.0, -7.3387026396987425)
6.899999999999941 (102.37164399496645, 1.0, -6.9378855549071075)
7.119999999999936 (105.53225586614263, 1.0, -6.477160293706945)
7.3399999999999315 (108.78692967171935, 1.0, -8.053856895836896)
7.559999999999927 (112.08817019000972, 1.0, -7.504357576984653)
7.779999999999922 (115.2151744894542, 1.0, -7.189803274626007)
7.999999999999917 (118.45162105032904, 1.0, -8.750653581726668)
8.219999999999914 (121.80020160732063, 1.0, -8.075341446470935)
8.439999999999909 (124.9062692540472, 1.0, -7.921690855526853)
8.659999999999904 (128.12387828333888, 1.0, -9.43615077965182)
8.8799999999999 (131.5048660011155, 1.0, -8.642581860685754)
9.099999999999895 (134.6077034111116, 1.0, -8.658887387402903)
9.31999999999989 (137.78733734718884, 1.0, -10.114179011073048)
9.539999999999885 (141.2057566337351, 1.0, -9.218154790971179)
9.75999999999988 (144.30411452284318, 1.0, -9.396299818466028)
9.979999999999876 (147.45791547379721, 1.0, -10.773889227215598)
10.199999999999871 (150.76416187759142, 1.0, -10.925163884754795)
10.419999999999867 (152.37119356430784, 1.0, -11.14826287460269)
10.639999999999862 (153.52349864992178, 1.0, -11.350736309012264)
10.859999999999857 (154.36532651083624, 1.0, -11.504533467789987)
11.079999999999853 (154.9810590846047, 1.0, -11.61754576967721)
11.299999999999848 (155.43143818968608, 1.0, -11.700488130377083)
11.519999999999843 (155.76087880374268, 1.0, -11.76130751228506)
11.739999999999839 (156.00186126061186, 1.0, -11.805876024057987)
11.959999999999834 (156.17814026610623, 1.0, -11.838520596588353)
12.17999999999983 (156.3070901009554, 1.0, -11.86242323051891)
12.399999999999824 (156.4014189802522, 1.0, -11.879920591126902)
12.61999999999982 (156.47042250208594, 1.0, -11.892726797679293)
12.839999999999815 (156.52090023178934, 1.0, -11.902098336230177)
13.05999999999981 (156.557826023471, 1.0, -11.908955732216455)
13.279999999999806 (156.584838280526, 1.0, -11.913973110201894)
13.499999999999801 (156.60459854286484, 1.0, -11.917644004985808)
13.719999999999796 (156.61905377611964, 1.0, -11.9203296624504)
13.939999999999792 (156.62962822923427, 1.0, -11.922294457647741)
14.159999999999787 (156.63736377626302, 1.0, -11.92373184945871)
14.379999999999782 (156.64302257655388, 1.0, -11.924783391441807)
14.599999999999778 (156.64716217166793, 1.0, -11.92555265182243)
14.819999999999773 (156.65019041997252, 1.0, -11.926115403340402)
15.039999999999768 (156.6524056824253, 1.0, -11.926527081160518)
15.259999999999764 (156.65402621943485, 1.0, -11.92682824056046)
15.479999999999759 (156.65521169543877, 1.0, -11.927048550469424)
15.699999999999754 (156.65607891010728, 1.0, -11.927209715440341)
15.91999999999975 (156.65671330618264, 1.0, -11.927327613472672)
16.139999999999745 (156.65717738781305, 1.0, -11.927413860062636)
16.35999999999974 (156.65751687882604, 1.0, -11.92747695244451)
16.579999999999735 (156.65776522770028, 1.0, -11.927523106687444)
16.79999999999973 (156.65794690309667, 1.0, -11.927556870084322)
17.019999999999726 (156.65807980464544, 1.0, -11.927581569147726)
17.23999999999972 (156.6581770265158, 1.0, -11.927599637340915)
17.459999999999717 (156.658248147524, 1.0, -11.927612854827718)
17.679999999999712 (156.65830017488997, 1.0, -11.927622523859487)
17.899999999999707 (156.6583382346263, 1.0, -11.927629597077521)
18.119999999999703 (156.65836607658036, 1.0, -11.927634771371162)
18.339999999999698 (156.6583864438893, 1.0, -11.927638556538419)
18.559999999999693 (156.65840134324847, 1.0, -11.927641325513589)
18.77999999999969 (156.65841224262178, 1.0, -11.927643351110534)
18.999999999999684 (156.65842021587335, 1.0, -11.927644832901686)
19.21999999999968 (156.65842604857022, 1.0, -11.9276459168809)
19.439999999999674 (156.6584303153806, 1.0, -11.927646709847524)
19.65999999999967 (156.6584334366934, 1.0, -11.927647289928831)
19.879999999999665 (156.65843572003683, 1.0, -11.927647714277471)
