0.0 [0.0, 1.0, 0.0]
0.21999999999999997 [1.2986564763928805, 1.0, -0.057053346634738544]
0.4200000000000001 [4.7692200267574725, 1.0, 0.01915767847379668]
0.6200000000000002 [8.638174531621841, 1.0, 0.18415841542699934]
0.8200000000000004 [12.581398455165289, 1.0, 0.2824567033857857]
1.0200000000000005 [16.59057406719879, 1.0, 0.48134393249567886]
1.2200000000000006 [20.53393335455823, 1.0, 0.8638268218027128]
1.4200000000000008 [24.51555238310952, 1.0, 1.303456025336014]
1.620000000000001 [28.493295567401663, 1.0, 1.625553198397779]
1.8200000000000012 [32.462866556786295, 1.0, 1.7846392170302545]
2.0200000000000014 [36.47598856584695, 1.0, 1.9993448888937428]
2.2200000000000015 [40.41939082803134, 1.0, 2.3799614633103094]
2.4200000000000017 [44.40178380670545, 1.0, 2.8121565168308793]
2.620000000000002 [48.38032312605129, 1.0, 3.1247762986137766]
2.820000000000002 [52.3503038887755, 1.0, 3.2737904106216]
3.0200000000000022 [56.363969448292345, 1.0, 3.478074649864969]
3.2200000000000024 [60.30834977037242, 1.0, 3.8483729085005245]
3.4200000000000026 [64.29186151661762, 1.0, 4.270122823402742]
3.6200000000000028 [68.2712077500259, 1.0, 4.572298569548133]
3.820000000000003 [72.24156612250714, 1.0, 4.710888935243804]
4.040000000000002 [76.64528362658821, 1.0, 4.953457382591635]
4.259999999999997 [81.02821925986625, 1.0, 5.2398398701444275]
4.479999999999992 [85.37838708330152, 1.0, 5.5928954327452285]
4.699999999999988 [89.745928014661, 1.0, 5.9875580944332665]
4.919999999999983 [94.13398450593112, 1.0, 6.359139559924941]
5.139999999999978 [98.52275933112809, 1.0, 6.691942009571123]
5.359999999999974 [102.88217432997797, 1.0, 6.939385348035277]
5.579999999999969 [107.25479807903187, 1.0, 7.146205213563163]
5.799999999999964 [111.65479003614247, 1.0, 7.353102980732957]
6.01999999999996 [116.05021882347637, 1.0, 7.601025740032804]
6.239999999999955 [120.4116413346183, 1.0, 7.912635420716864]
6.45999999999995 [124.76657099267895, 1.0, 8.274783317756818]
6.6799999999999455 [129.15595796860447, 1.0, 8.642757286361629]
6.899999999999941 [133.54661993401314, 1.0, 8.964256925178539]
7.119999999999936 [137.91779661853843, 1.0, 9.227209741946746]
7.3399999999999315 [142.28179928563307, 1.0, 9.414115364375018]
7.559999999999927 [146.67476243745259, 1.0, 9.598429835416102]
7.779999999999922 [151.0784187773907, 1.0, 9.807417786605196]
7.999999999999917 [155.45093165279317, 1.0, 10.073721813636615]
8.219999999999914 [159.80719751151653, 1.0, 10.406868864824556]
8.439999999999909 [164.1810567759626, 1.0, 10.752178298512348]
8.659999999999904 [168.58315550172193, 1.0, 11.07758095307378]
8.8799999999999 [172.9596771667051, 1.0, 11.334536795951838]
9.099999999999895 [177.3224536516644, 1.0, 11.527440343115748]
9.31999999999989 [181.70605790844505, 1.0, 11.680942505777985]
9.539999999999885 [186.11281931380194, 1.0, 11.85988725463042]
9.75999999999988 [190.4994337772952, 1.0, 12.082941604019977]
9.979999999999876 [194.85424673964886, 1.0, 12.373135306673877]
10.199999999999871 [198.44491817295048, 1.0, 12.46791142074485]
10.419999999999867 [200.86550735545734, 1.0, 12.290098919214179]
10.639999999999862 [202.63280959637783, 1.0, 12.126666568685216]
10.859999999999857 [203.92549999752367, 1.0, 12.00544551638906]
11.079999999999853 [204.87110675785505, 1.0, 11.916298645521808]
11.299999999999848 [205.5628293887574, 1.0, 11.85083337314077]
11.519999999999843 [206.06883735149685, 1.0, 11.802808662879341]
11.739999999999839 [206.4389940627139, 1.0, 11.767604826559229]
11.959999999999834 [206.70977372638419, 1.0, 11.741813381192774]
12.17999999999983 [206.9078571037807, 1.0, 11.72292535626583]
12.399999999999824 [207.0527613702035, 1.0, 11.709097025797977]
12.61999999999982 [207.15876363827033, 1.0, 11.698975180817467]
12.839999999999815 [207.23630791715664, 1.0, 11.69156751388539]
13.05999999999981 [207.29303426436178, 1.0, 11.686146838747632]
13.279999999999806 [207.33453159945626, 1.0, 11.682180508436574]
13.499999999999801 [207.36488838898572, 1.0, 11.679278506265009]
13.719999999999796 [207.38709547880384, 1.0, 11.677155324862152]
13.939999999999792 [207.40334077330027, 1.0, 11.67560200026938]
14.159999999999787 [207.41522480012515, 1.0, 11.67446561155843]
14.379999999999782 [207.42391840160136, 1.0, 11.673634261410488]
14.599999999999778 [207.4302780906702, 1.0, 11.673026076741033]
14.819999999999773 [207.4349304374145, 1.0, 11.672581155767272]
15.039999999999768 [207.4383338005904, 1.0, 11.67225567352067]
15.259999999999764 [207.44082348635018, 1.0, 11.672017567954622]
15.479999999999759 [207.4426447834233, 1.0, 11.671843383178961]
15.699999999999754 [207.44397712952238, 1.0, 11.671715959637561]
15.91999999999975 [207.4449517899366, 1.0, 11.671622744103136]
16.139999999999745 [207.44566479006184, 1.0, 11.671554553223688]
16.35999999999974 [207.44618637601735, 1.0, 11.671504668929495]
16.579999999999735 [207.44656793543263, 1.0, 11.67146817664621]
16.79999999999973 [207.44684706025694, 1.0, 11.671441481149953]
17.019999999999726 [207.44705125038996, 1.0, 11.671421952384906]
17.23999999999972 [207.44720062302522, 1.0, 11.67140766635907]
17.459999999999717 [207.4473098946333, 1.0, 11.671397215596373]
17.679999999999712 [207.44738983085674, 1.0, 11.671389570473478]
17.899999999999707 [207.44744830716135, 1.0, 11.671383977781451]
18.119999999999703 [207.44749108474136, 1.0, 11.671379886519368]
18.339999999999698 [207.4475223781236, 1.0, 11.671376893609281]
18.559999999999693 [207.4475452703905, 1.0, 11.671374704184544]
18.77999999999969 [207.44756201693065, 1.0, 11.671373102539205]
18.999999999999684 [207.4475742676443, 1.0, 11.671371930876305]
19.21999999999968 [207.4475832294946, 1.0, 11.671371073761504]
19.439999999999674 [207.44758978541967, 1.0, 11.671370446750295]
19.65999999999967 [207.44759458132143, 1.0, 11.671369988068383]
19.879999999999665 [207.44759808970102, 1.0, 11.67136965252558]
