0.0 (4.375, 1.0, 0.0)
0.21999999999999997 (5.2975532472518, 1.0, -0.4408054670174216)
0.4200000000000001 (8.605521809590915, 1.0, 0.3213409685319841)
0.6200000000000002 (12.437595237264194, 1.0, 0.936192174465514)
0.8200000000000004 (16.411659216075073, 1.0, 0.7825889431056775)
1.0200000000000005 (20.50845859180977, 1.0, 0.3993536384280914)
1.2200000000000006 (24.40096434069978, 1.0, 0.7059217826257644)
1.4200000000000008 (28.392441562755973, 1.0, 1.7154809772592998)
1.620000000000001 (32.30842311975476, 1.0, 2.4240348871216124)
1.8200000000000012 (36.29256560170935, 1.0, 2.2945799059423386)
2.0200000000000014 (40.39065657976637, 1.0, 1.914088952614311)
2.2200000000000015 (44.2855369316074, 1.0, 2.2142090885349286)
2.4200000000000017 (48.27993327664898, 1.0, 3.214794372729129)
2.620000000000002 (52.19757965664164, 1.0, 3.913525136334691)
2.820000000000002 (56.18131290330341, 1.0, 3.7737637306473517)
3.0200000000000022 (60.278387966476764, 1.0, 3.382571644405366)
3.2200000000000024 (64.17404549790945, 1.0, 3.6724793622514156)
3.4200000000000026 (68.17105584154517, 1.0, 4.662579203117014)
3.6200000000000028 (72.09052249787453, 1.0, 5.351022209202869)
3.820000000000003 (76.07387473718241, 1.0, 5.200801069049691)
4.040000000000002 (80.54852268448357, 1.0, 5.057728939942686)
4.259999999999997 (84.93667739772889, 1.0, 5.053954356233059)
4.479999999999992 (89.2534439115421, 1.0, 5.365333238965706)
4.699999999999988 (93.61137692796453, 1.0, 5.976251616485987)
4.919999999999983 (98.01469456931173, 1.0, 6.736313350861548)
5.139999999999978 (102.37716709690072, 1.0, 7.369363941177556)
5.359999999999974 (106.6878746796329, 1.0, 7.705941516110772)
5.579999999999969 (111.08537754575595, 1.0, 7.712145234863532)
5.799999999999964 (115.53983261572697, 1.0, 7.5607094523614435)
6.01999999999996 (119.96376349105762, 1.0, 7.474689472576688)
6.239999999999955 (124.29828041016684, 1.0, 7.647500551998539)
6.45999999999995 (128.6335709441524, 1.0, 8.159229208783698)
6.6799999999999455 (133.03530759191054, 1.0, 8.860766084062154)
6.899999999999941 (137.41807737554618, 1.0, 9.544730539970333)
7.119999999999936 (141.74410695456578, 1.0, 9.970798927945616)
7.3399999999999315 (146.0861560432716, 1.0, 10.065453547426866)
7.559999999999927 (150.5449618369976, 1.0, 9.916054294097437)
7.779999999999922 (154.98907860787318, 1.0, 9.760447482618815)
7.999999999999917 (159.34356350386963, 1.0, 9.808877212924038)
8.219999999999914 (163.67025071058515, 1.0, 10.18023721507206)
8.439999999999909 (168.05459353190238, 1.0, 10.830130229185624)
8.659999999999904 (172.4643234668323, 1.0, 11.521926949956109)
8.8799999999999 (176.79972435581737, 1.0, 12.040439954332983)
9.099999999999895 (181.13848019125123, 1.0, 12.218805290743399)
9.31999999999989 (185.54504214970976, 1.0, 12.115457420938506)
9.539999999999885 (190.01715718722824, 1.0, 11.90777743486057)
9.75999999999988 (194.40479974370373, 1.0, 11.840629599481726)
9.979999999999876 (198.72561298613573, 1.0, 12.089633349720373)
10.199999999999871 (202.7891102575185, 1.0, 12.071616006576576)
10.419999999999867 (205.22106919724575, 1.0, 11.879384266523106)
10.639999999999862 (206.98843810082727, 1.0, 11.71577270087052)
10.859999999999857 (208.2809057886395, 1.0, 11.592145967634222)
11.079999999999853 (209.22634871249647, 1.0, 11.501238571302466)
11.299999999999848 (209.91795093999264, 1.0, 11.434484400430415)
11.519999999999843 (210.423870528993, 1.0, 11.385516285532983)
11.739999999999839 (210.79396243437893, 1.0, 11.349622036257385)
11.959999999999834 (211.06469460618177, 1.0, 11.32332538162981)
12.17999999999983 (211.26274319660723, 1.0, 11.304067699704875)
12.399999999999824 (211.40762199105507, 1.0, 11.289968910159322)
12.61999999999982 (211.51360561258284, 1.0, 11.279649192365625)
12.839999999999815 (211.59113624396346, 1.0, 11.272096762425853)
13.05999999999981 (211.64785260383655, 1.0, 11.266570181535542)
13.279999999999806 (211.68934263086086, 1.0, 11.262526373906962)
13.499999999999801 (211.71969407321413, 1.0, 11.259567692425795)
13.719999999999796 (211.74189725081175, 1.0, 11.257403047056632)
13.939999999999792 (211.75813968307276, 1.0, 11.25581938952816)
14.159999999999787 (211.77002161590522, 1.0, 11.254660810879606)
14.379999999999782 (211.7787136854623, 1.0, 11.253813227825374)
14.599999999999778 (211.78507225382938, 1.0, 11.253193168106314)
14.819999999999773 (211.78972378071416, 1.0, 11.252739560052657)
15.039999999999768 (211.79312654411925, 1.0, 11.252407722863364)
15.259999999999764 (211.7956157911175, 1.0, 11.252164968409668)
15.479999999999759 (211.79743676721645, 1.0, 11.251987382794315)
15.699999999999754 (211.7987688785091, 1.0, 11.251857471409425)
15.91999999999975 (211.79974336715253, 1.0, 11.251762435923622)
16.139999999999745 (211.8004562416206, 1.0, 11.251692913681424)
16.35999999999974 (211.80097773565285, 1.0, 11.251642055445604)
16.579999999999735 (211.80135922782281, 1.0, 11.251604850687702)
16.79999999999973 (211.80163830345455, 1.0, 11.25157763398976)
17.019999999999726 (211.8018424576013, 1.0, 11.251557723946322)
17.23999999999972 (211.80199180391122, 1.0, 11.251543159001189)
17.459999999999717 (211.8021010562614, 1.0, 11.251532504198682)
17.679999999999712 (211.802180978397, 1.0, 11.251524709813104)
17.899999999999707 (211.8022394443957, 1.0, 11.2515190079299)
18.119999999999703 (211.80228221443662, 1.0, 11.25151483679043)
18.339999999999698 (211.8023135023038, 1.0, 11.251511785447073)
18.559999999999693 (211.80233639053614, 1.0, 11.251509553276241)
18.77999999999969 (211.80235313412493, 1.0, 11.25150792036055)
18.999999999999684 (211.80236538267948, 1.0, 11.251506725822228)
19.21999999999968 (211.80237434295032, 1.0, 11.251505851973212)
19.439999999999674 (211.80238089771998, 1.0, 11.251505212720303)
19.65999999999967 (211.80238569277654, 1.0, 11.251504745083135)
19.879999999999665 (211.8023892005378, 1.0, 11.251504402989237)
