0.0 [-6.0, 1.0, 0.0]
0.02 [-6.0, 1.0, 0.0]
0.04 [-6.000017758257951, 1.0, -3.553726246087463e-07]
0.06 [-6.000057421663829, 1.0, 7.1058776727507544e-06]
0.08 [-6.000047284491656, 1.0, 1.5920773314977155e-05]
0.1 [-5.999866548327885, 1.0, 2.0289440521448904e-06]
0.12000000000000001 [-5.999391751024083, 1.0, -6.29749915976481e-05]
0.14 [-5.998540313612056, 1.0, -0.00021214199153057542]
0.16 [-5.997276099544779, 1.0, -0.0004802838574742216]
0.18 [-5.995596064207855, 1.0, -0.0008944420819313875]
0.19999999999999998 [-5.99351729447698, 1.0, -0.0014690142334009837]
0.21999999999999997 [-5.99106721254621, 1.0, -0.0022053792320304577]
0.23999999999999996 [-5.988275704770041, 1.0, -0.0030929424037638847]
0.25999999999999995 [-5.985168825878373, 1.0, -0.004111030138931632]
0.27999999999999997 [-5.981764184223406, 1.0, -0.005231708003050312]
0.3 [-5.97805998113213, 1.0, -0.006423321619862754]
0.32 [-5.974039075951801, 1.0, -0.007655780544744695]
0.34 [-5.969672269645753, 1.0, -0.008904181068885603]
0.36000000000000004 [-5.964920563737314, 1.0, -0.010151365407601642]
0.38000000000000006 [-5.959738384216897, 1.0, -0.01138930775062813]
0.4000000000000001 [-5.954077347065718, 1.0, -0.012619212451099426]
0.4200000000000001 [-5.947890102717242, 1.0, -0.013850386458561015]
0.4400000000000001 [-5.941133817546214, 1.0, -0.015098099922714964]
0.46000000000000013 [-5.933772942505256, 1.0, -0.016380759074630366]
0.48000000000000015 [-5.925781066606485, 1.0, -0.017716786820131822]
0.5000000000000001 [-5.917141817598905, 1.0, -0.019121640741780535]
0.5200000000000001 [-5.907848334897127, 1.0, -0.020605239630228825]
0.5400000000000001 [-5.8979040745262035, 1.0, -0.02217096183452713]
0.5600000000000002 [-5.887320988630902, 1.0, -0.023814495792938442]
0.5800000000000002 [-5.876118386355066, 1.0, -0.025524643988436804]
0.6000000000000002 [-5.8643216873101425, 1.0, -0.027284633704531297]
0.6200000000000002 [-5.85196148582298, 1.0, -0.029074088141754682]
0.6400000000000002 [-5.839072516789412, 1.0, -0.030871089196850804]
0.6600000000000003 [-5.825692429398862, 1.0, -0.03265427456006379]
0.6800000000000003 [-5.8118602393281025, 1.0, -0.03440473135136839]
0.7000000000000003 [-5.79761442191646, 1.0, -0.03610752158694586]
0.7200000000000003 [-5.782990733112136, 1.0, -0.0377526939387688]
0.7400000000000003 [-5.76801994563652, 1.0, -0.039335663423707576]
0.7600000000000003 [-5.7527257340335085, 1.0, -0.04085689893656039]
0.7800000000000004 [-5.737122935387945, 1.0, -0.0423209428452329]
0.8000000000000004 [-5.7212163729447045, 1.0, -0.043734881767553885]
0.8200000000000004 [-5.705000379148236, 1.0, -0.0451064747050304]
0.8400000000000004 [-5.6884591034063705, 1.0, -0.04644220550252401]
0.8600000000000004 [-5.671567633950126, 1.0, -0.047745547246873854]
0.8800000000000004 [-5.654293890801489, 1.0, -0.04901570273648717]
0.9000000000000005 [-5.636601154254989, 1.0, -0.05024702403427668]
0.9200000000000005 [-5.618450995865766, 1.0, -0.05142922697674736]
0.9400000000000005 [-5.599806307880612, 1.0, -0.052548413256693155]
0.9600000000000005 [-5.58063411128256, 1.0, -0.05358879904629939]
0.9800000000000005 [-5.560907869826803, 1.0, -0.054534931409708914]
1.0000000000000004 [-5.540609130039931, 1.0, -0.05537406755925106]
1.0200000000000005 [-5.519728055913813, 1.0, -0.05609842255780586]
1.0400000000000005 [-5.498264486228599, 1.0, -0.056706356945150006]
1.0600000000000005 [-5.476227006754598, 1.0, -0.057203455168689916]
1.0800000000000005 [-5.4536318890763, 1.0, -0.05760209891707447]
1.1000000000000005 [-5.430502615801897, 1.0, -0.05792006823282861]
1.1200000000000006 [-5.406868383365636, 1.0, -0.05817904106599041]
1.1400000000000006 [-5.382762849689243, 1.0, -0.05840229845783476]
1.1600000000000006 [-5.3582227755039655, 1.0, -0.05861263936341163]
1.1800000000000006 [-5.3332863843135865, 1.0, -0.058830505130948674]
1.2000000000000006 [-5.3079913950568525, 1.0, -0.05907246596286561]
1.2200000000000006 [-5.282372819511814, 1.0, -0.059350227372496456]
1.2400000000000007 [-5.256460708258092, 1.0, -0.05967026909903249]
1.2600000000000007 [-5.230278065902597, 1.0, -0.060034163354762415]
1.2800000000000007 [-5.203839147486259, 1.0, -0.06043953961497442]
1.3000000000000007 [-5.177148309815454, 1.0, -0.060881577456786795]
1.3200000000000007 [-5.15019954444621, 1.0, -0.06135482961469341]
1.3400000000000007 [-5.122976774082665, 1.0, -0.061855120202488234]
1.3600000000000008 [-5.095454945090868, 1.0, -0.06238124051130456]
1.3800000000000008 [-5.067601881074326, 1.0, -0.06293618192311767]
1.4000000000000008 [-5.039380770519618, 1.0, -0.06352769929935867]
1.4200000000000008 [-5.010753061302143, 1.0, -0.06416808096211313]
1.4400000000000008 [-4.981681459616565, 1.0, -0.06487310508805139]
1.4600000000000009 [-4.952132711962614, 1.0, -0.06566028034289066]
1.4800000000000009 [-4.922079895172176, 1.0, -0.0665465916951588]
1.5000000000000009 [-4.891504033366719, 1.0, -0.06754608203180788]
1.520000000000001 [-4.860394610638081, 1.0, -0.06866757483100999]
1.540000000000001 [-4.8287506221814125, 1.0, -0.06991345048188069]
1.560000000000001 [-4.796579628999933, 1.0, -0.07127854983079226]
1.580000000000001 [-4.7638966948972845, 1.0, -0.07275059304864712]
1.600000000000001 [-4.730723964055702, 1.0, -0.07431156383098592]
1.620000000000001 [-4.697089183355029, 1.0, -0.07593919769201084]
1.640000000000001 [-4.6630245060084565, 1.0, -0.07760927977336335]
1.660000000000001 [-4.628565200187506, 1.0, -0.07929773415366417]
1.680000000000001 [-4.593748086645488, 1.0, -0.08098251932564089]
1.700000000000001 [-4.558609654643965, 1.0, -0.08264518325186838]
1.720000000000001 [-4.523183940551324, 1.0, -0.0842719220360478]
1.740000000000001 [-4.487500342827974, 1.0, -0.08585402992249742]
1.7600000000000011 [-4.451581582731779, 1.0, -0.08738769118775312]
1.7800000000000011 [-4.415442012451058, 1.0, -0.08887313974168405]
1.8000000000000012 [-4.379086438378769, 1.0, -0.09031329278862872]
1.8200000000000012 [-4.342509587007636, 1.0, -0.09171204033697167]
1.8400000000000012 [-4.305696303684151, 1.0, -0.0930724290940503]
1.8600000000000012 [-4.268622531690998, 1.0, -0.09439500594181283]
1.8800000000000012 [-4.231257054269859, 1.0, -0.0956765770320928]
1.9000000000000012 [-4.193563889160082, 1.0, -0.09690959400241932]
1.9200000000000013 [-4.155505120767453, 1.0, -0.0980823034424628]
1.9400000000000013 [-4.117043874001812, 1.0, -0.09917969524125375]
1.9600000000000013 [-4.078147108699133, 1.0, -0.10018516616860587]
1.9800000000000013 [-4.038787954003503, 1.0, -0.10108268785464403]
2.0000000000000013 [-3.9989473907892603, 1.0, -0.10185915419624632]
2.0200000000000014 [-3.958614821767133, 1.0, -0.10250662364383054]
2.0400000000000014 [-3.917789222120225, 1.0, -0.10302345754172863]
2.0600000000000014 [-3.876478215804009, 1.0, -0.1034154431006704]
2.0800000000000014 [-3.8346969849720924, 1.0, -0.10369537844469859]
2.1000000000000014 [-3.792467914275199, 1.0, -0.1038816553481424]
2.1200000000000014 [-3.7498190288508653, 1.0, -0.10399684737876244]
2.1400000000000015 [-3.706782738941077, 1.0, -0.10406541658875429]
2.1600000000000015 [-3.6633945053703703, 1.0, -0.10411166933099741]
2.1800000000000015 [-3.6196912432381074, 1.0, -0.10415791810790528]
2.2000000000000015 [-3.575709418278915, 1.0, -0.10422299188389728]
2.2200000000000015 [-3.5314829269871657, 1.0, -0.10432124610336085]
2.2400000000000015 [-3.4870409361547843, 1.0, -0.10446217446792708]
2.2600000000000016 [-3.442405886923151, 1.0, -0.10465066016793048]
2.2800000000000016 [-3.3975918562250684, 1.0, -0.10488783272220753]
2.3000000000000016 [-3.3526034324822573, 1.0, -0.10517242286498851]
2.3200000000000016 [-3.3074352232590623, 1.0, -0.10550243887539637]
2.3400000000000016 [-3.2620720789846365, 1.0, -0.10587693405335541]
2.3600000000000017 [-3.216490078533595, 1.0, -0.10629760712821479]
2.3800000000000017 [-3.1706582607727487, 1.0, -0.10676998247852953]
2.4000000000000017 [-3.1245409940152387, 1.0, -0.10730395775301066]
2.4200000000000017 [-3.078100769975364, 1.0, -0.10791358084989669]
2.4400000000000017 [-3.0313011267324197, 1.0, -0.10861602107485999]
2.4600000000000017 [-2.9841093805350924, 1.0, -0.10942982268234593]
2.4800000000000018 [-2.9364988891525248, 1.0, -0.11037265950613827]
2.5000000000000018 [-2.88845066174726, 1.0, -0.11145892416074722]
2.520000000000002 [-2.8399538602947745, 1.0, -0.11269745396685558]
2.540000000000002 [-2.7910069248960077, 1.0, -0.1140903454743503]
2.560000000000002 [-2.7416166107284266, 1.0, -0.11563184052224726]
2.580000000000002 [-2.6917969032829783, 1.0, -0.11730876402686247]
2.600000000000002 [-2.6415687474751426, 1.0, -0.11910194099518738]
2.620000000000002 [-2.590958525144284, 1.0, -0.12098763220560693]
2.640000000000002 [-2.5399968932826074, 1.0, -0.1229398614693487]
2.660000000000002 [-2.4887175457240924, 1.0, -0.1249324909713932]
2.680000000000002 [-2.4371557161655986, 1.0, -0.12694110661644123]
2.700000000000002 [-2.3853463707656632, 1.0, -0.12894457668847165]
2.720000000000002 [-2.333322173034516, 1.0, -0.13092613223731042]
2.740000000000002 [-2.281111387449247, 1.0, -0.13287386410863156]
2.760000000000002 [-2.2287359177646344, 1.0, -0.13478059362574296]
2.780000000000002 [-2.176209665672502, 1.0, -0.13664314243756515]
2.800000000000002 [-2.12353736362572, 1.0, -0.1384610972689769]
2.820000000000002 [-2.0707140027002997, 1.0, -0.14023523162067505]
2.840000000000002 [-2.0177249497970826, 1.0, -0.1419657998515481]
2.860000000000002 [-1.9645468159895056, 1.0, -0.14365095048375745]
2.880000000000002 [-1.9111490789474312, 1.0, -0.14528550778250046]
2.900000000000002 [-1.8574963691530364, 1.0, -0.14686033926104636]
2.920000000000002 [-1.8035512197834505, 1.0, -0.1483624607051303]
2.940000000000002 [-1.7492769912931614, 1.0, -0.1497759320063579]
2.960000000000002 [-1.6946406492889785, 1.0, -0.15108347344543596]
2.980000000000002 [-1.639615109417666, 1.0, -0.1522685975639131]
3.000000000000002 [-1.5841809485593112, 1.0, -0.15331793161317417]
3.0200000000000022 [-1.5283270008490952, 1.0, -0.15422345393635845]
3.0400000000000023 [-1.4720515781726915, 1.0, -0.15498359103180756]
3.0600000000000023 [-1.415361550059031, 1.0, -0.15560437219709877]
3.0800000000000023 [-1.3582712285919483, 1.0, -0.15609902054552896]
3.1000000000000023 [-1.3008021167440318, 1.0, -0.15648651644599174]
3.1200000000000023 [-1.2429812951840846, 1.0, -0.15679025424263504]
3.1400000000000023 [-1.184840167728541, 1.0, -0.15703574576298646]
3.1600000000000024 [-1.1264131492260452, 1.0, -0.1572486055729583]
3.1800000000000024 [-1.0677361066297815, 1.0, -0.15745273914337723]
3.2000000000000024 [-1.008844507772609, 1.0, -0.15766886834874722]
3.2200000000000024 [-0.9497713679513733, 1.0, -0.15791354042979822]
3.2400000000000024 [-0.8905451633245148, 1.0, -0.15819871456252682]
3.2600000000000025 [-0.8311879037801803, 1.0, -0.1585319568322019]
3.2800000000000025 [-0.7717135431629604, 1.0, -0.15891720931914713]
3.3000000000000025 [-0.712126870682672, 1.0, -0.15935603473259322]
3.3200000000000025 [-0.6524229945946866, 1.0, -0.15984917701192775]
3.3400000000000025 [-0.592587504775782, 1.0, -0.16039822723291972]
3.3600000000000025 [-0.5325973709571272, 1.0, -0.16100715177591665]
3.3800000000000026 [-0.47242257631425527, 1.0, -0.16168343508887353]
3.4000000000000026 [-0.4120283935101767, 1.0, -0.16243861958916972]
3.4200000000000026 [-0.351378100642758, 1.0, -0.16328809294471727]
3.4400000000000026 [-0.2904358468685803, 1.0, -0.16425007524295665]
3.4600000000000026 [-0.22916934815120577, 1.0, -0.16534388633776553]
3.4800000000000026 [-0.16755213362007815, 1.0, -0.16658771017188512]
3.5000000000000027 [-0.10556515391871368, 1.0, -0.16799619179893294]
3.5200000000000027 [-0.04319727889582625, 1.0, -0.16957816636445558]
3.5400000000000027 [0.019553519266098274, 1.0, -0.1713355048892519]
3.5600000000000027 [0.08268114078690048, 1.0, -0.17326198566042653]
3.5800000000000027 [0.14617246217023072, 1.0, -0.17534374607017297]
3.6000000000000028 [0.21000748634175892, 1.0, -0.17756072316942464]
3.6200000000000028 [0.2741609038348376, 1.0, -0.17988804680558157]
3.640000000000003 [0.3386032299135414, 1.0, -0.18229838816376973]
3.660000000000003 [0.40330200370793323, 1.0, -0.18476402200370487]
3.680000000000003 [0.4682232357214603, 1.0, -0.18725870171857226]
3.700000000000003 [0.533333156070204, 1.0, -0.1897592183620848]
3.720000000000003 [0.5986001820733147, 1.0, -0.19224649566546897]
3.740000000000003 [0.6639969445463465, 1.0, -0.1947061219122166]
3.760000000000003 [0.7295021874548051, 1.0, -0.19712828104812896]
3.780000000000003 [0.7951023680992142, 1.0, -0.1995071085019846]
3.800000000000003 [0.8607928151823949, 1.0, -0.20183955915348809]
3.820000000000003 [0.9265783293016502, 1.0, -0.20412393389861733]
3.840000000000003 [0.9924731285468746, 1.0, -0.2063582619669106]
3.860000000000003 [1.058500066269655, 1.0, -0.2085387713230198]
3.880000000000003 [1.1246891022545822, 1.0, -0.21065869068006393]
3.900000000000003 [1.1910751018760621, 1.0, -0.21270760555807705]
3.920000000000003 [1.257695151863526, 1.0, -0.21467153197401181]
3.940000000000003 [1.3245856761590047, 1.0, -0.21653377461168122]
3.960000000000003 [1.3917796734107977, 1.0, -0.2182765091172504]
3.980000000000003 [1.4593043665680692, 1.0, -0.21988288791719862]
4.000000000000003 [1.5271794718200966, 1.0, -0.2213393442152332]
4.020000000000002 [1.5954165840253418, 1.0, -0.22263782370579394]
4.040000000000002 [1.6640179033097502, 1.0, -0.2237768478770608]
4.060000000000001 [1.7329771533448746, 1.0, -0.22476269204619634]
4.080000000000001 [1.8022807170314945, 1.0, -0.22560897869309507]
4.1000000000000005 [1.8719078006514467, 1.0, -0.22633522314705384]
4.12 [1.9418320874004031, 1.0, -0.22696554293301996]
4.14 [2.01202298916097, 1.0, -0.22752635628942117]
4.159999999999999 [2.0824469388263807, 1.0, -0.22804438896938428]
4.179999999999999 [2.1530689178346956, 1.0, -0.22854488142444243]
4.199999999999998 [2.223854264486732, 1.0, -0.229050124328768]
4.219999999999998 [2.2947706738777667, 1.0, -0.22957846463116974]
4.2399999999999975 [2.3657902257945036, 1.0, -0.2301438701580894]
4.259999999999997 [2.4368912578141684, 1.0, -0.23075607826612415]
4.279999999999997 [2.508059917553385, 1.0, -0.2314212940704267]
4.299999999999996 [2.5792912604390303, 1.0, -0.23214334697963185]
4.319999999999996 [2.6505897869089474, 1.0, -0.23292515957511997]
4.339999999999995 [2.7219693301151024, 1.0, -0.2337703337943172]
4.359999999999995 [2.793452228351183, 1.0, -0.23468462336918078]
4.379999999999995 [2.8650677698874287, 1.0, -0.235677049042489]
4.399999999999994 [2.936849990953569, 1.0, -0.23676043488272072]
4.419999999999994 [3.008835020780749, 1.0, -0.2379512063794798]
4.439999999999993 [3.0810582598327048, 1.0, -0.23926839280938755]
4.459999999999993 [3.1535517104565014, 1.0, -0.2407319076926055]
4.479999999999992 [3.2263417414787736, 1.0, -0.2423603225146814]
4.499999999999992 [3.2994474785486596, 1.0, -0.2441684711754883]
4.519999999999992 [3.372880306151516, 1.0, -0.2461651818036944]
4.539999999999991 [3.4466426393630702, 1.0, -0.24835214820123655]
4.559999999999991 [3.5207289063210947, 1.0, -0.2507227891626682]
4.57999999999999 [3.5951266685161904, 1.0, -0.253262710880878]
4.59999999999999 [3.66981667484206, 1.0, -0.25595116503633647]
4.6199999999999894 [3.7447744553531903, 1.0, -0.2587624075947174]
4.639999999999989 [3.8199714406647662, 1.0, -0.26166806302909185]
4.659999999999989 [3.8953761318107722, 1.0, -0.2646391750289619]
4.679999999999988 [3.970955509985712, 1.0, -0.2676480721582055]
4.699999999999988 [4.046676738887156, 1.0, -0.2706699258200612]
4.719999999999987 [4.1225090793643755, 1.0, -0.27368385549528584]
4.739999999999987 [4.198425860347361, 1.0, -0.2766734869737755]
4.7599999999999865 [4.274406329187044, 1.0, -0.27962693034426894]
4.779999999999986 [4.350437218813062, 1.0, -0.28253620326892637]
4.799999999999986 [4.426513897981996, 1.0, -0.2853961804286072]
4.819999999999985 [4.502640993510725, 1.0, -0.2882032032296492]
4.839999999999985 [4.578832384844153, 1.0, -0.2909535324603928]
4.859999999999984 [4.655110489292487, 1.0, -0.2936418647880326]
4.879999999999984 [4.731504806756027, 1.0, -0.2962601523073003]
4.8999999999999835 [4.808049786252463, 1.0, -0.2987969513668405]
4.919999999999983 [4.884782193913715, 1.0, -0.3012374736456638]
4.939999999999983 [4.961738261672489, 1.0, -0.30356441682337554]
4.959999999999982 [5.038950938248189, 1.0, -0.3057595220887612]
4.979999999999982 [5.116447536041506, 1.0, -0.3078056609413145]
4.999999999999981 [5.194247986094171, 1.0, -0.30968912546407534]
5.019999999999981 [5.27236421000732, 1.0, -0.311401856438384]
5.0399999999999805 [5.350798806041361, 1.0, -0.31294247930452135]
5.05999999999998 [5.429545966614855, 1.0, -0.31431749973600165]
5.07999999999998 [5.508592631091387, 1.0, -0.3155408972711927]
5.099999999999979 [5.587918577151993, 1.0, -0.3166326555598302]
5.119999999999979 [5.667498106328716, 1.0, -0.3176175123308619]
5.139999999999978 [5.747301292216153, 1.0, -0.31852265240993266]
5.159999999999978 [5.82729525583187, 1.0, -0.3193757305595684]
5.1799999999999775 [5.907445667136445, 1.0, -0.3202030926867882]
5.199999999999977 [5.987718518427434, 1.0, -0.32102831817233496]
5.219999999999977 [6.068082081267592, 1.0, -0.3218712224398724]
5.239999999999976 [6.148508887592603, 1.0, -0.32274740301012295]
5.259999999999976 [6.228977560098656, 1.0, -0.3236683504106077]
5.279999999999975 [6.309474335228936, 1.0, -0.3246420894057453]
5.299999999999975 [6.389994153156954, 1.0, -0.32567426514915004]
5.3199999999999745 [6.470541212524104, 1.0, -0.32676953917804563]
5.339999999999974 [6.551128899015879, 1.0, -0.32793311265942315]
5.359999999999974 [6.631779014665383, 1.0, -0.3291721553672944]
5.379999999999973 [6.71252028539304, 1.0, -0.3304969001881861]
5.399999999999973 [6.793386217758129, 1.0, -0.3319211780115544]
5.419999999999972 [6.874412491929751, 1.0, -0.3334622259469772]
5.439999999999972 [6.955634173777029, 1.0, -0.3351397032480325]
5.4599999999999715 [7.0370830651439045, 1.0, -0.33697398350129104]
5.479999999999971 [7.118785475588722, 1.0, -0.3389839368900013]
5.499999999999971 [7.20076061012746, 1.0, -0.34118454133918485]
5.51999999999997 [7.283020068978476, 1.0, -0.34358461687165276]
5.53999999999997 [7.365566584024838, 1.0, -0.3461857180771208]
5.559999999999969 [7.448395006453207, 1.0, -0.34898098358624785]
5.579999999999969 [7.531493440895404, 1.0, -0.35195560649418256]
5.599999999999969 [7.614843223042876, 1.0, -0.3550883058529482]
5.619999999999968 [7.698420540411291, 1.0, -0.35835265778475534]
5.639999999999968 [7.782197538866545, 1.0, -0.36171947143990585]
5.659999999999967 [7.866143470365891, 1.0, -0.3651588298971586]
5.679999999999967 [7.9502260736418995, 1.0, -0.36864194764591085]
5.699999999999966 [8.034413240763541, 1.0, -0.37214272693662565]
5.719999999999966 [8.11867489016504, 1.0, -0.375638870353053]
5.739999999999966 [8.202984893816163, 1.0, -0.3791124592545797]
5.759999999999965 [8.287322888426921, 1.0, -0.38254996840372446]
5.779999999999965 [8.371675816258106, 1.0, -0.385941742382272]
5.799999999999964 [8.456039068923094, 1.0, -0.38928100948757105]
5.819999999999964 [8.540417126544778, 1.0, -0.3925625573890245]
5.839999999999963 [8.624823590780528, 1.0, -0.3957812417730845]
5.859999999999963 [8.709280523163223, 1.0, -0.3989305398402424]
5.879999999999963 [8.793817047810629, 1.0, -0.40200138450121353]
5.899999999999962 [8.878467271202737, 1.0, -0.40498150852806947]
5.919999999999962 [8.963267691705505, 1.0, -0.407855479017841]
5.939999999999961 [9.048254374746062, 1.0, -0.41060550768591336]
5.959999999999961 [9.133460215285218, 1.0, -0.413212990051879]
5.9799999999999605 [9.218912583586569, 1.0, -0.4156605781912901]
5.99999999999996 [9.30463157016631, 1.0, -0.4179344607083061]
6.01999999999996 [9.390629347711027, 1.0, -0.42002658808334736]
6.039999999999959 [9.476908825916095, 1.0, -0.4219356866073507]
6.059999999999959 [9.563464568794357, 1.0, -0.42366846724837115]
6.079999999999958 [9.650283961533908, 1.0, -0.42523921852709984]
6.099999999999958 [9.737347241887445, 1.0, -0.42666832374049424]
6.1199999999999575 [9.824629211176282, 1.0, -0.4279810424411454]
6.139999999999957 [9.912100478799186, 1.0, -0.42920519811962343]
6.159999999999957 [9.999728723336005, 1.0, -0.4303692131426843]
6.179999999999956 [10.087480172715306, 1.0, -0.4315003404622742]
6.199999999999956 [10.175321349310693, 1.0, -0.43262321066652987]
6.219999999999955 [10.263220992338795, 1.0, -0.43375883109009145]
6.239999999999955 [10.351152001638848, 1.0, -0.43492411647626955]
6.2599999999999545 [10.439093234186208, 1.0, -0.43613196932263687]
6.279999999999954 [10.527031004092253, 1.0, -0.4373918753679822]
6.299999999999954 [10.61496016683144, 1.0, -0.4387109335323062]
6.319999999999953 [10.702884688449391, 1.0, -0.44009519392081936]
6.339999999999953 [10.790817607167629, 1.0, -0.4415511312300541]
6.359999999999952 [10.87878030834252, 1.0, -0.44308703962022583]
6.379999999999952 [10.96680108210406, 1.0, -0.44471411143079725]
6.3999999999999515 [11.054913026815695, 1.0, -0.4464469717811438]
6.419999999999951 [11.143151479840215, 1.0, -0.4483034957565504]
6.439999999999951 [11.23155125595147, 1.0, -0.45030383601764007]
6.45999999999995 [11.32014401237961, 1.0, -0.4524687251307928]
6.47999999999995 [11.408956025262961, 1.0, -0.4548172652945258]
6.499999999999949 [11.498006574357047, 1.0, -0.4573645453136706]
6.519999999999949 [11.587307439706944, 1.0, -0.4601193771612401]
6.5399999999999485 [11.676861610428716, 1.0, -0.46308320560957367]
6.559999999999948 [11.766664275842519, 1.0, -0.46624894970985453]
6.579999999999948 [11.856703971162137, 1.0, -0.46960147934207147]
6.599999999999947 [11.946962494294851, 1.0, -0.47311909711999506]
6.619999999999947 [12.037416548773287, 1.0, -0.47677484721173885]
6.639999999999946 [12.128038840828582, 1.0, -0.48053890018990403]
6.659999999999946 [12.218799210264802, 1.0, -0.48438058574515863]
6.6799999999999455 [12.3096659886339, 1.0, -0.4882702432471135]
6.699999999999945 [12.40060763778033, 1.0, -0.4921807763524393]
6.719999999999945 [12.491594590064864, 1.0, -0.4960887709417354]
6.739999999999944 [12.582601140901518, 1.0, -0.4999750892003014]
6.759999999999944 [12.673607228897673, 1.0, -0.5038249130175917]
6.779999999999943 [12.764599955681172, 1.0, -0.5076272623878838]
6.799999999999943 [12.855574724466264, 1.0, -0.5113740603767758]
6.8199999999999426 [12.946535892481483, 1.0, -0.5150588611375356]
6.839999999999942 [13.037496834316357, 1.0, -0.5186754031171168]
6.859999999999942 [13.128479322185482, 1.0, -0.5222161921824865]
6.879999999999941 [13.219512174457668, 1.0, -0.5256713478858637]
6.899999999999941 [13.310629217590252, 1.0, -0.5290279445488436]
6.91999999999994 [13.401866728674376, 1.0, -0.5322700333520921]
6.93999999999994 [13.49326063190987, 1.0, -0.5353794373432693]
6.95999999999994 [13.584843770676557, 1.0, -0.5383372769125032]
6.979999999999939 [13.676643553033777, 1.0, -0.5411260320386221]
6.999999999999939 [13.768680189385693, 1.0, -0.5437318144527871]
7.019999999999938 [13.86096604688923, 1.0, -0.5461465908414709]
7.039999999999938 [13.953504280002013, 1.0, -0.5483691790905728]
7.059999999999937 [14.046289747906988, 1.0, -0.5504064673055123]
7.079999999999937 [14.139310192862617, 1.0, -0.5522730054441446]
7.099999999999937 [14.232546222506112, 1.0, -0.5539895117512912]
7.119999999999936 [14.325973041163891, 1.0, -0.555581678789166]
7.139999999999936 [14.419561690857568, 1.0, -0.5570778562709437]
7.159999999999935 [14.513280300586688, 1.0, -0.5585070952198151]
7.179999999999935 [14.607095549092426, 1.0, -0.5598973876342044]
7.1999999999999345 [14.700974387108031, 1.0, -0.5612742168729394]
7.219999999999934 [14.79488593206945, 1.0, -0.5626595535917661]
7.239999999999934 [14.888803382111606, 1.0, -0.5640713737664028]
7.259999999999933 [14.982705785676284, 1.0, -0.5655237143815579]
7.279999999999933 [15.076579523388107, 1.0, -0.5670272322630825]
7.299999999999932 [15.170419387963292, 1.0, -0.5685901891374989]
7.319999999999932 [15.26422916525091, 1.0, -0.5702197434693183]
7.3399999999999315 [15.358021622440637, 1.0, -0.57192338433342]
7.359999999999931 [15.451817819613252, 1.0, -0.5737102994283934]
7.379999999999931 [15.545645707389118, 1.0, -0.5755924416465428]
7.39999999999993 [15.639538067537934, 1.0, -0.5775850639654401]
7.41999999999993 [15.733529973619008, 1.0, -0.5797065443403134]
7.439999999999929 [15.827656049960286, 1.0, -0.5819774231718448]
7.459999999999929 [15.921947847936076, 1.0, -0.5844187142087169]
7.4799999999999285 [16.0164316255664, 1.0, -0.5870497006269785]
7.499999999999928 [16.111126729212813, 1.0, -0.5898855569550465]
7.519999999999928 [16.20604508701828, 1.0, -0.5929350874984403]
7.539999999999927 [16.301189895919162, 1.0, -0.5961996499239948]
7.559999999999927 [16.39655661517667, 1.0, -0.599671990262574]
7.579999999999926 [16.492134121604686, 1.0, -0.603336724168721]
7.599999999999926 [16.587904577962693, 1.0, -0.6071718269940221]
7.6199999999999255 [16.68384509395583, 1.0, -0.6111499246773862]
7.639999999999925 [16.779928816290763, 1.0, -0.615240685400453]
7.659999999999925 [16.876126046581337, 1.0, -0.6194128455498722]
7.679999999999924 [16.97240558198773, 1.0, -0.623636054512726]
7.699999999999924 [17.06873633174303, 1.0, -0.6278824276153088]
7.719999999999923 [17.165089131457748, 1.0, -0.6321276680394643]
7.739999999999923 [17.261438608202802, 1.0, -0.6363516730785846]
7.7599999999999225 [17.357764935967943, 1.0, -0.6405386002062411]
7.779999999999922 [17.454055338773173, 1.0, -0.6446764187140716]
7.799999999999922 [17.55030522499968, 1.0, -0.6487560152022482]
7.819999999999921 [17.64651885025913, 1.0, -0.6527699632072489]
7.839999999999921 [17.74270940470234, 1.0, -0.6567111118909861]
7.85999999999992 [17.838898426447024, 1.0, -0.6605711928752744]
7.87999999999992 [17.93511448638089, 1.0, -0.6643396763778833]
7.8999999999999195 [18.03139118351956, 1.0, -0.6680031102678374]
7.919999999999919 [18.127764613823576, 1.0, -0.6715451328367308]
7.939999999999919 [18.22427058376567, 1.0, -0.6749472562211601]
7.959999999999918 [18.320941890326235, 1.0, -0.6781903815072802]
7.979999999999918 [18.41780596666407, 1.0, -0.6812568530328824]
7.999999999999917 [18.51488311440118, 1.0, -0.6841327245716252]
8.019999999999918 [18.612185852320085, 1.0, -0.6868099808542589]
8.039999999999917 [18.709717527939667, 1.0, -0.6892875196307902]
8.059999999999917 [18.807473235195324, 1.0, -0.6915723784943026]
8.079999999999917 [18.905441002123833, 1.0, -0.6936793251110562]
8.099999999999916 [19.003601733223054, 1.0, -0.6956293548140569]
8.119999999999916 [19.101930956964168, 1.0, -0.6974485158347776]
8.139999999999915 [19.200400063655398, 1.0, -0.6991655878971978]
8.159999999999915 [19.298977545018566, 1.0, -0.7008101334635498]
8.179999999999914 [19.3976304428413, 1.0, -0.7024107434827744]
8.199999999999914 [19.496326052835794, 1.0, -0.703993590164073]
8.219999999999914 [19.595033797177482, 1.0, -0.7055814201213022]
8.239999999999913 [19.693727114743687, 1.0, -0.7071930620872551]
8.259999999999913 [19.792385209337304, 1.0, -0.7088434627617013]
8.279999999999912 [19.89099451724584, 1.0, -0.7105442163018859]
8.299999999999912 [19.98954978388506, 1.0, -0.7123045135596406]
8.319999999999911 [20.08805465446914, 1.0, -0.7141323971557004]
8.339999999999911 [20.186521683605882, 1.0, -0.7160361639647834]
8.35999999999991 [20.284971676146498, 1.0, -0.7180257119301842]
8.37999999999991 [20.383432316777252, 1.0, -0.7201135972360301]
8.39999999999991 [20.481936140191376, 1.0, -0.7223155697640418]
8.41999999999991 [20.580518015383674, 1.0, -0.7246504044814569]
8.439999999999909 [20.679212420764298, 1.0, -0.7271389471076006]
8.459999999999908 [20.77805082905217, 1.0, -0.7298024321519934]
8.479999999999908 [20.877059489005443, 1.0, -0.7326602843057928]
8.499999999999908 [20.976257804348315, 1.0, -0.7357277444980479]
8.519999999999907 [21.075657824149957, 1.0, -0.7390136098607367]
8.539999999999907 [21.17526291267405, 1.0, -0.7425191686153835]
8.559999999999906 [21.275068744584118, 1.0, -0.7462370298363245]
8.579999999999906 [21.37506446799292, 1.0, -0.7501516083509534]
8.599999999999905 [21.475232534304947, 1.0, -0.7542406212570361]
8.619999999999905 [21.575550373870023, 1.0, -0.7584763644082416]
8.639999999999905 [21.675991480773902, 1.0, -0.7628281093202194]
8.659999999999904 [21.776526520702063, 1.0, -0.7672641236100186]
8.679999999999904 [21.87712465785213, 1.0, -0.7717535110389807]
8.699999999999903 [21.977755154102724, 1.0, -0.7762677629429852]
8.719999999999903 [22.07838916279649, 1.0, -0.780781883132309]
8.739999999999903 [22.179001572028024, 1.0, -0.7852750036684937]
8.759999999999902 [22.27957274046961, 1.0, -0.7897304688359129]
8.779999999999902 [22.380089987154278, 1.0, -0.7941354131318968]
8.799999999999901 [22.480548722381382, 1.0, -0.7984798989492241]
8.8199999999999 [22.580953118812946, 1.0, -0.8027557193036254]
8.8399999999999 [22.68131621774527, 1.0, -0.8069550147957189]
8.8599999999999 [22.781659368809866, 1.0, -0.8110688994130454]
8.8799999999999 [22.88201094353544, 1.0, -0.815086324703115]
8.899999999999899 [22.982404357238707, 1.0, -0.8189934174812445]
8.919999999999899 [23.08287555875543, 1.0, -0.8227734855208367]
8.939999999999898 [23.183460257706066, 1.0, -0.8264077921172123]
8.959999999999898 [23.284191210977998, 1.0, -0.8298770632723742]
8.979999999999897 [23.38509586877097, 1.0, -0.8331635359286829]
8.999999999999897 [23.486194602854233, 1.0, -0.8362532195331914]
9.019999999999897 [23.587500050874624, 1.0, -0.8391381162249776]
9.039999999999896 [23.689015713053152, 1.0, -0.8418171915406004]
9.059999999999896 [23.79073687016686, 1.0, -0.8442976072662838]
9.079999999999895 [23.89265177878375, 1.0, -0.8465943102846254]
9.099999999999895 [23.994741581262716, 1.0, -0.8487285229742062]
9.119999999999894 [24.096982066196496, 1.0, -0.8507265835088872]
9.139999999999894 [24.199344903549786, 1.0, -0.8526176208370141]
9.159999999999894 [24.301798876323033, 1.0, -0.8544316114106129]
9.179999999999893 [24.40431131780816, 1.0, -0.856197629619233]
9.199999999999893 [24.50684980067462, 1.0, -0.8579424022955144]
9.219999999999892 [24.609383991772322, 1.0, -0.8596892994652778]
9.239999999999892 [24.7118875234252, 1.0, -0.8614578336927273]
9.259999999999891 [24.814339724654793, 1.0, -0.8632636799906015]
9.279999999999891 [24.916727077417786, 1.0, -0.8651191818405999]
9.29999999999989 [25.019044290770136, 1.0, -0.8670342718449896]
9.31999999999989 [25.12129489934871, 1.0, -0.8690176975227165]
9.33999999999989 [25.223491290140462, 1.0, -0.8710783988608595]
9.35999999999989 [25.325654066777563, 1.0, -0.8732268383734374]
9.379999999999889 [25.427810704626943, 1.0, -0.8754760509709032]
9.399999999999888 [25.52999354449499, 1.0, -0.877842180085254]
9.419999999999888 [25.632237295676006, 1.0, -0.8803443144621348]
9.439999999999888 [25.734576323762973, 1.0, -0.8830035405775865]
9.459999999999887 [25.837042042197233, 1.0, -0.8858412665514528]
9.479999999999887 [25.939660695463466, 1.0, -0.8888770279240126]
9.499999999999886 [26.04245173558302, 1.0, -0.8921261171156318]
9.519999999999886 [26.14542730975459, 1.0, -0.8955973246455582]
9.539999999999885 [26.24859091664402, 1.0, -0.899291883144946]
9.559999999999885 [26.35193840277889, 1.0, -0.9032022928869505]
9.579999999999885 [26.455459131975402, 1.0, -0.9073128095154319]
9.599999999999884 [26.559135784464893, 1.0, -0.9116009456621181]
9.619999999999884 [26.6629460443877, 1.0, -0.9160387358726146]
9.639999999999883 [26.7668636805932, 1.0, -0.9205951375908723]
9.659999999999883 [26.870859646681826, 1.0, -0.925238047106325]
9.679999999999882 [26.974903397130007, 1.0, -0.9299361357076377]
9.699999999999882 [27.078964472740196, 1.0, -0.9346603997955132]
9.719999999999882 [27.183014278147795, 1.0, -0.9393852880385758]
9.739999999999881 [27.287027907784516, 1.0, -0.9440893246203916]
9.75999999999988 [27.390985866071077, 1.0, -0.9487552073750802]
9.77999999999988 [27.49487554656216, 1.0, -0.9533694066953957]
9.79999999999988 [27.598692360078466, 1.0, -0.9579213288117241]
9.81999999999988 [27.702440412290112, 1.0, -0.9624021448692146]
9.839999999999879 [27.806132625010164, 1.0, -0.9668034304310262]
9.859999999999879 [27.90979019673357, 1.0, -0.9711158064560124]
9.879999999999878 [28.013441339026734, 1.0, -0.9753278099956714]
9.899999999999878 [28.11711931950334, 1.0, -0.9794252310057732]
9.919999999999877 [28.220859968213464, 1.0, -0.9833911126145538]
9.939999999999877 [28.324698915877594, 1.0, -0.9872065188621459]
9.959999999999877 [28.4286688856468, 1.0, -0.9908520357875163]
9.979999999999876 [28.532797339593856, 1.0, -0.9943098149855485]
9.999999999999876 [28.637104703919235, 1.0, -0.9975658315741738]
