0.0 (-2.25, 1.0, 0.0)
0.02 (-2.2508993032571607, 1.0, -0.02471572405625761)
0.04 (-2.26538093775063, 1.0, -0.053810157155198574)
0.06 (-2.3112369583298253, 1.0, -0.05878609280933731)
0.08 (-2.3776362813331713, 1.0, -0.03616117277977358)
0.1 (-2.447095345823945, 1.0, 0.009654495050044011)
0.12000000000000001 (-2.5172021647588383, 1.0, 0.0712210477563684)
0.14 (-2.5913674662831574, 1.0, 0.14158837237405025)
0.16 (-2.6681947476614263, 1.0, 0.21598829227997007)
0.18 (-2.7434561349922117, 1.0, 0.29141938904637515)
0.19999999999999998 (-2.813091514893418, 1.0, 0.3659430538124193)
0.21999999999999997 (-2.8737349130851264, 1.0, 0.4381427750405895)
0.23999999999999996 (-2.922644596434761, 1.0, 0.5068060245991904)
0.25999999999999995 (-2.9577932604852526, 1.0, 0.5707149977993665)
0.27999999999999997 (-2.9779644223622066, 1.0, 0.628540223338778)
0.3 (-2.9827635066376366, 1.0, 0.6788299584266398)
0.32 (-2.9726241340067974, 1.0, 0.7200710558721687)
0.34 (-2.9487746759844056, 1.0, 0.7507978843632332)
0.36000000000000004 (-2.9131644583729717, 1.0, 0.7697184409096156)
0.38000000000000006 (-2.868350299646473, 1.0, 0.7758368761971887)
0.4000000000000001 (-2.8173446549161154, 1.0, 0.7685542504829058)
0.4200000000000001 (-2.7634316752786092, 1.0, 0.7477341088590327)
0.4400000000000001 (-2.70995892029495, 1.0, 0.7137254437605848)
0.46000000000000013 (-2.6601142128481117, 1.0, 0.667340583274348)
0.48000000000000015 (-2.616701451962208, 1.0, 0.609789624639732)
0.5000000000000001 (-2.5819989175755844, 1.0, 0.5426769916787618)
0.5200000000000001 (-2.557431096446327, 1.0, 0.4674434126225446)
0.5400000000000001 (-2.5435526581104853, 1.0, 0.3859216260172586)
0.5600000000000002 (-2.540278886026937, 1.0, 0.29974096678620876)
0.5800000000000002 (-2.546760414651955, 1.0, 0.21034928333293035)
0.6000000000000002 (-2.561530962872185, 1.0, 0.1189961115308348)
0.6200000000000002 (-2.582720324969431, 1.0, 0.026746466110346614)
0.6400000000000002 (-2.6081705163525184, 1.0, -0.06547723161323107)
0.6600000000000003 (-2.6355441707608813, 1.0, -0.15683787883923472)
0.6800000000000003 (-2.6624301914972572, 1.0, -0.24652014423108948)
0.7000000000000003 (-2.6864498756516375, 1.0, -0.3336688169623389)
0.7200000000000003 (-2.7053684391483057, 1.0, -0.4173374555771933)
0.7400000000000003 (-2.717209131706442, 1.0, -0.4964556700082428)
0.7600000000000003 (-2.720362662435631, 1.0, -0.5698218875320318)
0.7800000000000004 (-2.7136837551035606, 1.0, -0.63612489397485)
0.8000000000000004 (-2.696567174650503, 1.0, -0.6939929547653388)
0.8200000000000004 (-2.6689966583486933, 1.0, -0.7420652943510383)
0.8400000000000004 (-2.6315618957160885, 1.0, -0.7790778736709068)
0.8600000000000004 (-2.5854409227825257, 1.0, -0.8039539010473021)
0.8800000000000004 (-2.532347575401459, 1.0, -0.8158892253054759)
0.9000000000000005 (-2.4744453753071003, 1.0, -0.8144235171708476)
0.9200000000000005 (-2.41422990504626, 1.0, -0.7994897218187752)
0.9400000000000005 (-2.3543815206471903, 1.0, -0.7714362414018792)
0.9600000000000005 (-2.297590592317112, 1.0, -0.7310181228589205)
0.9800000000000005 (-2.246360907163608, 1.0, -0.6793550567124622)
1.0000000000000004 (-2.202844648948812, 1.0, -0.6179195634527777)
1.0200000000000005 (-2.1685466954494745, 1.0, -0.5481602681706457)
1.0400000000000005 (-2.144227241121133, 1.0, -0.47182089987266973)
1.0600000000000005 (-2.129963860555604, 1.0, -0.39051080415725625)
1.0800000000000005 (-2.1251030220950886, 1.0, -0.3057035726019918)
1.1000000000000005 (-2.1283906899526497, 1.0, -0.21869803396072118)
1.1200000000000006 (-2.1380112358847203, 1.0, -0.13059342570289384)
1.1400000000000006 (-2.1518272616945353, 1.0, -0.042336348272106694)
1.1600000000000006 (-2.167519524413343, 1.0, 0.04521355911274237)
1.1800000000000006 (-2.1826878867128694, 1.0, 0.1312173103299181)
1.2000000000000006 (-2.1949605284869373, 1.0, 0.2147943993857239)
1.2200000000000006 (-2.202110504813326, 1.0, 0.29497096950936474)
1.2400000000000007 (-2.2021727364807426, 1.0, 0.37064731211855373)
1.2600000000000007 (-2.193554584228689, 1.0, 0.44059180884509924)
1.2800000000000007 (-2.1751328060973343, 1.0, 0.5034643096923078)
1.3000000000000007 (-2.1463294467355105, 1.0, 0.5578674190455127)
1.3200000000000007 (-2.1071600086511246, 1.0, 0.602420194459334)
1.3400000000000007 (-2.058249047545236, 1.0, 0.6358459283584049)
1.3600000000000008 (-2.0008106495438005, 1.0, 0.657064197058046)
1.3800000000000008 (-1.9365935875832856, 1.0, 0.6652771239983738)
1.4000000000000008 (-1.867792736229827, 1.0, 0.6600406202578779)
1.4200000000000008 (-1.7969290464685488, 1.0, 0.6413129977383282)
1.4400000000000008 (-1.7267001963328845, 1.0, 0.6094753742721107)
1.4600000000000009 (-1.6598043848936996, 1.0, 0.565320160692211)
1.4800000000000009 (-1.5987431785562443, 1.0, 0.510005548866331)
1.5000000000000009 (-1.545656813352413, 1.0, 0.44504142380926665)
1.520000000000001 (-1.502032379598746, 1.0, 0.37190193760941787)
1.540000000000001 (-1.4686032400395506, 1.0, 0.29234991376411457)
1.560000000000001 (-1.4454207511792083, 1.0, 0.20800125482185203)
1.580000000000001 (-1.4318064123319296, 1.0, 0.12032398340911593)
1.600000000000001 (-1.4264846804837374, 1.0, 0.03060080514978246)
1.620000000000001 (-1.427618937541562, 1.0, -0.060096464344059145)
1.640000000000001 (-1.4330536517407924, 1.0, -0.15085605138902186)
1.660000000000001 (-1.440453263264466, 1.0, -0.2408583205140246)
1.680000000000001 (-1.447401191674345, 1.0, -0.32930802449042906)
1.700000000000001 (-1.4515075964398634, 1.0, -0.4153704093031117)
1.720000000000001 (-1.4505248261960093, 1.0, -0.4981172654924259)
1.740000000000001 (-1.4424635956795437, 1.0, -0.576492045025265)
1.7600000000000011 (-1.4257031681700294, 1.0, -0.6493012946399752)
1.7800000000000011 (-1.3990884674001767, 1.0, -0.715235535841786)
1.8000000000000012 (-1.3620067065097123, 1.0, -0.7729182223791063)
1.8200000000000012 (-1.3144368387104177, 1.0, -0.8209774528300536)
1.8400000000000012 (-1.2569668616725895, 1.0, -0.8581322763623233)
1.8600000000000012 (-1.1907762739992296, 1.0, -0.8832839257657052)
1.8800000000000012 (-1.1175832877722303, 1.0, -0.8956020475769029)
1.9000000000000012 (-1.0395581685090507, 1.0, -0.8945967875376611)
1.9200000000000013 (-0.9592048054694449, 1.0, -0.8801692032032609)
1.9400000000000013 (-0.8792124639964655, 1.0, -0.8526344899628548)
1.9600000000000013 (-0.8022800741934654, 1.0, -0.8127143511198397)
1.9800000000000013 (-0.7309189044228724, 1.0, -0.7614963721827502)
2.0000000000000013 (-0.6672913520002748, 1.0, -0.7004287458291619)
2.0200000000000014 (-0.6129030732134207, 1.0, -0.630923137078664)
2.0400000000000014 (-0.5685144832232015, 1.0, -0.5547124382746887)
2.0600000000000014 (-0.5342083817093742, 1.0, -0.4733935168632557)
2.0800000000000014 (-0.5093404625686, 1.0, -0.38843677057052317)
2.1000000000000014 (-0.49267351519912106, 1.0, -0.3011471109903117)
2.1200000000000014 (-0.4823950670419741, 1.0, -0.21263548428342877)
2.1400000000000015 (-0.4763732302354564, 1.0, -0.12386511989312608)
2.1600000000000015 (-0.4722980382768927, 1.0, -0.035716919678350015)
2.1800000000000015 (-0.4677795905008568, 1.0, 0.05094549193796456)
2.2000000000000015 (-0.4604569334272993, 1.0, 0.13521532186378585)
2.2200000000000015 (-0.4481153742169669, 1.0, 0.21609244271755337)
2.2400000000000015 (-0.4288040893521172, 1.0, 0.2924525311535598)
2.2600000000000016 (-0.40094688692683106, 1.0, 0.36304263109333884)
2.2800000000000016 (-0.3634389264930677, 1.0, 0.42650601573993796)
2.3000000000000016 (-0.3157219447859924, 1.0, 0.4814346651520825)
2.3200000000000016 (-0.2578313622887928, 1.0, 0.5264437245459573)
2.3400000000000016 (-0.19041050475781165, 1.0, 0.5602595089537009)
2.3600000000000017 (-0.1146895382656605, 1.0, 0.5818111882862543)
2.3800000000000017 (-0.03242907586562194, 1.0, 0.5903161121524495)
2.4000000000000017 (0.0541698034008544, 1.0, 0.585349604227564)
2.4200000000000017 (0.14258666930644262, 1.0, 0.5668917219971511)
2.4400000000000017 (0.2301317259669571, 1.0, 0.5353455156904294)
2.4600000000000017 (0.3141220441989937, 1.0, 0.4915232055761921)
2.4800000000000018 (0.39207796757659313, 1.0, 0.4365983732519018)
2.5000000000000018 (0.46188345618626603, 1.0, 0.3720957979945142)
2.520000000000002 (0.5220818143909631, 1.0, 0.299477752321858)
2.540000000000002 (0.5719751414365856, 1.0, 0.22050659883475088)
2.560000000000002 (0.6115380334407938, 1.0, 0.13678314306158137)
2.580000000000002 (0.641467086914877, 1.0, 0.049756325956105324)
2.600000000000002 (0.6630441154378965, 1.0, -0.039311243461918756)
2.620000000000002 (0.6781222580976773, 1.0, -0.1293725240199464)
2.640000000000002 (0.6888681205143432, 1.0, -0.21954053486435904)
2.660000000000002 (0.6976226974481011, 1.0, -0.30901791264227574)
2.680000000000002 (0.706806499049195, 1.0, -0.39702859952438935)
2.700000000000002 (0.7188132198427506, 1.0, -0.4827536897156216)
2.720000000000002 (0.7358943766244607, 1.0, -0.565277058198287)
2.740000000000002 (0.7600429803825925, 1.0, -0.6435501114570226)
2.760000000000002 (0.7928831427405924, 1.0, -0.7163830579710286)
2.780000000000002 (0.8355726542966968, 1.0, -0.7824658329220799)
2.800000000000002 (0.8887260047969416, 1.0, -0.8404172732961956)
2.820000000000002 (0.9523646436086687, 1.0, -0.8888571776853256)
2.840000000000002 (1.0258995275576568, 1.0, -0.9264930371950775)
2.860000000000002 (1.108148702468466, 1.0, -0.9522117237195761)
2.880000000000002 (1.1973903286934853, 1.0, -0.9651661741855766)
2.900000000000002 (1.2914497638220435, 1.0, -0.964847920388028)
2.920000000000002 (1.3878185528803022, 1.0, -0.9511379520610522)
2.940000000000002 (1.483803291449266, 1.0, -0.9243304381742805)
2.960000000000002 (1.5767018832407094, 1.0, -0.8851256912943986)
2.980000000000002 (1.6640011866924174, 1.0, -0.8345902886738361)
3.000000000000002 (1.743534953493307, 1.0, -0.7741567226433771)
3.0200000000000022 (1.8138008725473092, 1.0, -0.7052095860028705)
3.0400000000000023 (1.8740421941205836, 1.0, -0.6294741424947866)
3.0600000000000023 (1.924175316785173, 1.0, -0.548536948695754)
3.0800000000000023 (1.9648398449783504, 1.0, -0.4638642145911808)
3.1000000000000023 (1.9972615039620616, 1.0, -0.3767629988493374)
3.1200000000000023 (2.023252217941303, 1.0, -0.28835004603658415)
3.1400000000000023 (2.0449411042696473, 1.0, -0.19959777160119066)
3.1600000000000024 (2.064632078820738, 1.0, -0.11139970418888351)
3.1800000000000024 (2.0847081443340723, 1.0, -0.024634762309642608)
3.2000000000000024 (2.1075228958051695, 1.0, 0.05977347510473052)
3.2200000000000024 (2.1352826828449665, 1.0, 0.140807733977754)
3.2400000000000024 (2.169928554651944, 1.0, 0.21732730160458327)
3.2600000000000025 (2.2130253529269357, 1.0, 0.28806471341280987)
3.2800000000000025 (2.265665137571584, 1.0, 0.35165166063834963)
3.3000000000000025 (2.3283924007465404, 1.0, 0.4066723226016585)
3.3200000000000025 (2.4011576858760098, 1.0, 0.451738385599378)
3.3400000000000025 (2.483304319746355, 1.0, 0.48557723571351946)
3.3600000000000025 (2.573590564243054, 1.0, 0.5071234204884948)
3.3800000000000026 (2.670247118288374, 1.0, 0.5156033460007132)
3.4000000000000026 (2.7710681150650465, 1.0, 0.5106040868540431)
3.4200000000000026 (2.873533049904656, 1.0, 0.49211887881059296)
3.4400000000000026 (2.974957264673415, 1.0, 0.4605639140614061)
3.4600000000000026 (3.0726682427133714, 1.0, 0.4167629566105372)
3.4800000000000026 (3.164201510488167, 1.0, 0.36189800531105565)
3.5000000000000027 (3.2474576418763346, 1.0, 0.2975024734676084)
3.5200000000000027 (3.3210013670775687, 1.0, 0.2250271479572052)
3.5400000000000027 (3.384160058050547, 1.0, 0.1462329623626686)
3.5600000000000027 (3.436926289840288, 1.0, 0.06270883847013439)
3.5800000000000027 (3.4800087112484968, 1.0, -0.02411022225785846)
3.6000000000000028 (3.5146922091411748, 1.0, -0.1129754498873344)
3.6200000000000028 (3.5428413693466263, 1.0, -0.20285669305607323)
3.640000000000003 (3.5666302043658353, 1.0, -0.29288345332465404)
3.660000000000003 (3.5884028491974633, 1.0, -0.3822726459461484)
3.680000000000003 (3.610581846066541, 1.0, -0.47026002185458765)
3.700000000000003 (3.635562846968878, 1.0, -0.5560359698572973)
3.720000000000003 (3.665599248321349, 1.0, -0.6386909662777052)
3.740000000000003 (3.7026857021628516, 1.0, -0.7171801849468721)
3.760000000000003 (3.748447551566063, 1.0, -0.7903147726550184)
3.780000000000003 (3.804043199786082, 1.0, -0.8567829178484297)
3.800000000000003 (3.870086925037838, 1.0, -0.9151992723911205)
3.820000000000003 (3.9465990117333116, 1.0, -0.9641773195664355)
3.840000000000003 (4.032988295143791, 1.0, -1.002416430039023)
3.860000000000003 (4.128069887302076, 1.0, -1.0287938539357766)
3.880000000000003 (4.230118492371158, 1.0, -1.0424516659837266)
3.900000000000003 (4.336955901008219, 1.0, -1.0428695116942979)
3.920000000000003 (4.446070468379407, 1.0, -1.0299156603465358)
3.940000000000003 (4.554766469826516, 1.0, -1.0038709249758984)
3.960000000000003 (4.660340753909732, 1.0, -0.9654218812537427)
3.980000000000003 (4.76028056171195, 1.0, -0.9156213489037853)
4.000000000000003 (4.852418751762117, 1.0, -0.8558918232028758)
4.020000000000002 (4.93525787945289, 1.0, -0.7875978277460993)
4.040000000000002 (5.008046517562323, 1.0, -0.7124593435143559)
4.060000000000001 (5.070702538473316, 1.0, -0.632054568334017)
4.080000000000001 (5.123863617082445, 1.0, -0.5478453758036239)
4.1000000000000005 (5.16874779718188, 1.0, -0.4611388478362682)
4.12 (5.207167918447407, 1.0, -0.3730541077651325)
4.14 (5.24125200635983, 1.0, -0.28456832483320904)
4.159999999999999 (5.273300100580407, 1.0, -0.1965823756845273)
4.179999999999999 (5.305690591518497, 1.0, -0.10998464241215128)
4.199999999999998 (5.340772110923906, 1.0, -0.02570947298709391)
4.219999999999998 (5.380745328581478, 1.0, 0.05521456038507004)
4.2399999999999975 (5.427544570786335, 1.0, 0.13163568970671793)
4.259999999999997 (5.482726798654097, 1.0, 0.2022764273066373)
4.279999999999997 (5.547375119297247, 1.0, 0.2657602215389176)
4.299999999999996 (5.62202429170001, 1.0, 0.32066541230839546)
4.319999999999996 (5.706614844795684, 1.0, 0.3656006713496317)
4.339999999999995 (5.800480480051456, 1.0, 0.39929335500496965)
4.359999999999995 (5.902371000582252, 1.0, 0.4206808335718275)
4.379999999999995 (6.0105106192785565, 1.0, 0.42899476731056085)
4.399999999999994 (6.122689709012268, 1.0, 0.42382924087249996)
4.419999999999994 (6.236387348470129, 1.0, 0.4051853805124433)
4.439999999999993 (6.348922204559098, 1.0, 0.37348713924483423)
4.459999999999993 (6.457628909439592, 1.0, 0.3295648425332898)
4.479999999999992 (6.560053623682411, 1.0, 0.274604821283231)
4.499999999999992 (6.654108453440037, 1.0, 0.21014537893715274)
4.519999999999992 (6.738373478338998, 1.0, 0.13762694282078458)
4.539999999999991 (6.812194336523712, 1.0, 0.058808705579422325)
4.559999999999991 (6.875576271185078, 1.0, -0.02472974412448864)
4.57999999999999 (6.9292360941214, 1.0, -0.11156369082437206)
4.59999999999999 (6.974459979756716, 1.0, -0.20045402571930582)
4.6199999999999894 (7.013120604038466, 1.0, -0.2903822378393502)
4.639999999999989 (7.047397035465449, 1.0, -0.3804888889744086)
4.659999999999989 (7.079635199203104, 1.0, -0.47000008635833496)
4.679999999999988 (7.112258592235528, 1.0, -0.5581587980151355)
4.699999999999988 (7.147663743271391, 1.0, -0.6441607186162318)
4.719999999999987 (7.188104799132881, 1.0, -0.7270996760342227)
4.739999999999987 (7.235576882712337, 1.0, -0.8059322251660561)
4.7599999999999865 (7.291705390946081, 1.0, -0.8794690130469303)
4.779999999999986 (7.357648222037883, 1.0, -0.9463960314146911)
4.799999999999986 (7.43401847471419, 1.0, -1.0053242819147503)
4.819999999999985 (7.520834541667566, 1.0, -1.054862409971744)
4.839999999999985 (7.617502725484132, 1.0, -1.0937040110982015)
4.859999999999984 (7.722835152903244, 1.0, -1.1207198274219563)
4.879999999999984 (7.8351033854118395, 1.0, -1.135044836179525)
4.8999999999999835 (7.952126289640545, 1.0, -1.1361510802715262)
4.919999999999983 (8.071389930535123, 1.0, -1.123898764688529)
4.939999999999983 (8.190197321045346, 1.0, -1.0985602100396232)
4.959999999999982 (8.305845365205085, 1.0, -1.060813135273399)
4.979999999999982 (8.41582276311979, 1.0, -1.011701278021006)
4.999999999999981 (8.517963011667032, 1.0, -0.9526407566069341)
5.019999999999981 (8.610773890531608, 1.0, -0.8849810360802389)
5.0399999999999805 (8.69350971827063, 1.0, -0.8104383830286142)
5.05999999999998 (8.766090854554621, 1.0, -0.7305842443817339)
5.07999999999998 (8.829154570293367, 1.0, -0.6468764168391307)
5.099999999999979 (8.883913711001851, 1.0, -0.5606209592825264)
5.119999999999979 (8.932182705429168, 1.0, -0.47293748239756894)
5.139999999999978 (8.976089424802055, 1.0, -0.3848053351447326)
5.159999999999978 (9.017931433320815, 1.0, -0.29712955388761547)
5.1799999999999775 (9.060084025528397, 1.0, -0.21080436151229237)
5.199999999999977 (9.104892470482527, 1.0, -0.12677106109276062)
5.219999999999977 (9.154553547760642, 1.0, -0.04606575480223364)
5.239999999999976 (9.210996922191043, 1.0, 0.030152224122164374)
5.259999999999976 (9.275774029507739, 1.0, 0.10059834977241129)
5.279999999999975 (9.349961634829853, 1.0, 0.16389010210513363)
5.299999999999975 (9.434087532931823, 1.0, 0.21860138355175696)
5.3199999999999745 (9.528085013512205, 1.0, 0.2633382803666164)
5.339999999999974 (9.631280741704291, 1.0, 0.29682755067427546)
5.359999999999974 (9.742418251453202, 1.0, 0.31800787867979075)
5.379999999999973 (9.8597168486827, 1.0, 0.32611386644204193)
5.399999999999973 (9.980963927499863, 1.0, 0.3207436996748025)
5.419999999999972 (10.103637991691357, 1.0, 0.3019031526896899)
5.439999999999972 (10.22505985693344, 1.0, 0.2700206672039512)
5.4599999999999715 (10.3425691158718, 1.0, 0.2259301552941742)
5.479999999999971 (10.453719473621684, 1.0, 0.17081992849821248)
5.499999999999971 (10.556431144657433, 1.0, 0.1062309586442598)
5.51999999999997 (10.649295377457902, 1.0, 0.033594686746163546)
5.53999999999997 (10.731671194476101, 1.0, -0.0453314281696031)
5.559999999999969 (10.803572910755767, 1.0, -0.12897512846623455)
5.579999999999969 (10.865722958218267, 1.0, -0.2159193674355936)
5.599999999999969 (10.919407826616302, 1.0, -0.30493187764772034)
5.619999999999968 (10.966506011753001, 1.0, -0.395002270696687)
5.639999999999968 (11.009200098407575, 1.0, -0.4852786133497129)
5.659999999999967 (11.049837005738821, 1.0, -0.5749929641822404)
5.679999999999967 (11.09084058484979, 1.0, -0.6633926657981818)
5.699999999999966 (11.134607640913615, 1.0, -0.7496763222936808)
5.719999999999966 (11.18339245253033, 1.0, -0.8329392341813949)
5.739999999999966 (11.239189991901528, 1.0, -0.9121380399121979)
5.759999999999965 (11.303625112878182, 1.0, -0.9860822065213168)
5.779999999999965 (11.377854681116709, 1.0, -1.0534554723579164)
5.799999999999964 (11.462490212080048, 1.0, -1.1128657358884824)
5.819999999999964 (11.557547975889905, 1.0, -1.162917914171282)
5.839999999999963 (11.662431716927179, 1.0, -1.2023014430207075)
5.859999999999963 (11.77595076467524, 1.0, -1.2298826124312208)
5.879999999999963 (11.896373920244889, 1.0, -1.244791728238752)
5.899999999999962 (12.021517656757512, 1.0, -1.2464959539915026)
5.919999999999962 (12.14886636004154, 1.0, -1.2348503735804448)
5.939999999999961 (12.275722393308136, 1.0, -1.2101218925455872)
5.959999999999961 (12.399383255631868, 1.0, -1.1729824840190943)
5.9799999999999605 (12.517339522692012, 1.0, -1.1244698266798896)
5.99999999999996 (12.627426039537006, 1.0, -1.0659959540044346)
6.01999999999996 (12.728155575477105, 1.0, -0.9988989080506336)
6.039999999999959 (12.818787969326374, 1.0, -0.9248922988632599)
6.059999999999959 (12.899246379441886, 1.0, -0.8455421332473052)
6.079999999999958 (12.970168461949367, 1.0, -0.7623025695391303)
6.099999999999958 (13.0327634980072, 1.0, -0.6764782051040421)
6.1199999999999575 (13.088847725061685, 1.0, -0.5891881542246035)
6.139999999999957 (13.140549345414705, 1.0, -0.5014124951804404)
6.159999999999957 (13.190164342178006, 1.0, -0.4140585202912858)
6.179999999999956 (13.240065914894066, 1.0, -0.32802404635239474)
6.199999999999956 (13.292597033911477, 1.0, -0.24425490552187634)
6.219999999999955 (13.349951787038586, 1.0, -0.1637922842197606)
6.239999999999955 (13.414056569538916, 1.0, -0.0878007725799282)
6.2599999999999545 (13.486458894372685, 1.0, -0.01756991971946795)
6.279999999999954 (13.568230974693941, 1.0, 0.045513364309231356)
6.299999999999954 (13.659895554684214, 1.0, 0.10001957075000514)
6.319999999999953 (13.761380619660477, 1.0, 0.1445526007457924)
6.339999999999953 (13.872007622229448, 1.0, 0.17783836677882464)
6.359999999999952 (13.99051539113043, 1.0, 0.19881600672712924)
6.379999999999952 (14.115119479544136, 1.0, 0.20672168194278223)
6.3999999999999515 (14.243604911853568, 1.0, 0.201155913826179)
6.419999999999951 (14.373449574629065, 1.0, 0.1821271546697043)
6.439999999999951 (14.501975676283203, 1.0, 0.150066365461131)
6.45999999999995 (14.626526297348354, 1.0, 0.10580929548664994)
6.47999999999995 (14.74466057158245, 1.0, 0.05054492322218425)
6.499999999999949 (14.854304495564916, 1.0, -0.014184411509141164)
6.519999999999949 (14.954057564526087, 1.0, -0.08695487482125713)
6.5399999999999485 (15.043288736788748, 1.0, -0.1660105901473271)
6.559999999999948 (15.122018924815272, 1.0, -0.24978506559617206)
6.579999999999948 (15.190974493591318, 1.0, -0.33686702944624114)
6.599999999999947 (15.251441745848446, 1.0, -0.4260291296261881)
6.619999999999947 (15.305303431477768, 1.0, -0.5162667230759554)
6.639999999999946 (15.354744624214817, 1.0, -0.6067330353462801)
6.659999999999946 (15.402112770474908, 1.0, -0.6966640080270949)
6.6799999999999455 (15.449831753300064, 1.0, -0.7853096092060955)
6.699999999999945 (15.500298336909864, 1.0, -0.8718699373521157)
6.719999999999945 (15.555766614823364, 1.0, -0.9554407181033542)
6.739999999999944 (15.618231110503574, 1.0, -1.034978021767224)
6.759999999999944 (15.689315877690861, 1.0, -1.1092898878555453)
6.779999999999943 (15.77017656341348, 1.0, -1.1770579466575954)
6.799999999999943 (15.861423016627707, 1.0, -1.2368875047096148)
6.8199999999999426 (15.96306942829718, 1.0, -1.2873805901207276)
6.839999999999942 (16.074517163051294, 1.0, -1.3272236035175058)
6.859999999999942 (16.194573055824293, 1.0, -1.355279748887424)
6.879999999999941 (16.321503543725097, 1.0, -1.3706762275724742)
6.899999999999941 (16.45312314835281, 1.0, -1.3728770538756352)
6.91999999999994 (16.586915003874815, 1.0, -1.3617340476785795)
6.93999999999994 (16.72018117337186, 1.0, -1.3375106445200255)
6.95999999999994 (16.850219969229656, 1.0, -1.3008750572900054)
6.979999999999939 (16.974523902199643, 1.0, -1.2528608700521469)
6.999999999999939 (17.09092941316681, 1.0, -1.1948774817333363)
7.019999999999938 (17.197953755512053, 1.0, -1.128254185873566)
7.039999999999938 (17.2948617549298, 1.0, -1.0547026592250366)
7.059999999999937 (17.381579307634606, 1.0, -0.9757845317535218)
7.079999999999937 (17.458744817285833, 1.0, -0.8929508173745346)
7.099999999999937 (17.527565085872542, 1.0, -0.8075045469870659)
7.119999999999936 (17.589858132426837, 1.0, -0.7205638846227922)
7.139999999999936 (17.647752708530586, 1.0, -0.633108860075483)
7.159999999999935 (17.703543784313265, 1.0, -0.5460479039361004)
7.179999999999935 (17.759603125080645, 1.0, -0.4602810374654656)
7.1999999999999345 (17.81827211030687, 1.0, -0.37675707268056247)
7.219999999999934 (17.881742940516183, 1.0, -0.2965206795532754)
7.239999999999934 (17.951939685667423, 1.0, -0.22074016023097426)
7.259999999999933 (18.030407034026815, 1.0, -0.1507087063827518)
7.279999999999933 (18.118213885053947, 1.0, -0.08781650317502752)
7.299999999999932 (18.21587926898565, 1.0, -0.033495704922657264)
7.319999999999932 (18.32332723222962, 1.0, 0.010855765527571785)
7.3399999999999315 (18.43987531717512, 1.0, 0.04396291244709809)
7.359999999999931 (18.564258781100293, 1.0, 0.0647648619190918)
7.379999999999931 (18.694690281503, 1.0, 0.07249852630640262)
7.39999999999993 (18.828952953643693, 1.0, 0.06676570624913035)
7.41999999999993 (18.96452409045059, 1.0, 0.047576349247754356)
7.439999999999929 (19.09872680932561, 1.0, 0.015362766808315654)
7.459999999999929 (19.228906679950207, 1.0, -0.029038460402343494)
7.4799999999999285 (19.352626799304502, 1.0, -0.0844383856487235)
7.499999999999928 (19.46781734844039, 1.0, -0.14929404613285188)
7.519999999999928 (19.573083993857043, 1.0, -0.22218794334073144)
7.539999999999927 (19.667803159345336, 1.0, -0.30136557892924465)
7.559999999999927 (19.752000625065854, 1.0, -0.3852650035167515)
7.579999999999926 (19.826405553497175, 1.0, -0.47247933507756174)
7.599999999999926 (19.89230382699485, 1.0, -0.5617848040987796)
7.6199999999999255 (19.95158135017364, 1.0, -0.6521808899578629)
7.639999999999925 (20.00642498839318, 1.0, -0.7428244158782391)
7.659999999999925 (20.05918244560213, 1.0, -0.8329538825123357)
7.679999999999924 (20.11227747621617, 1.0, -0.9218208148106947)
7.699999999999924 (20.16810665052147, 1.0, -1.0086259897031347)
7.719999999999923 (20.22892373495042, 1.0, -1.0924650066099868)
7.739999999999923 (20.29672269142805, 1.0, -1.1722930891090175)
7.7599999999999225 (20.373126707778248, 1.0, -1.2469168371941366)
7.779999999999922 (20.459290213626755, 1.0, -1.3150160083049884)
7.799999999999922 (20.555821477781695, 1.0, -1.3751937709507518)
7.819999999999921 (20.662732792656858, 1.0, -1.4260499037384347)
7.839999999999921 (20.779423413529408, 1.0, -1.466268564049223)
7.85999999999992 (20.904698021329075, 1.0, -1.4947107852805965)
7.87999999999992 (21.036821065813342, 1.0, -1.510501680291102)
7.8999999999999195 (21.17360548431888, 1.0, -1.5131032139746499)
7.919999999999919 (21.31253346534709, 1.0, -1.502365113147693)
7.939999999999919 (21.450906965923863, 1.0, -1.4785485729635575)
7.959999999999918 (21.586025155070963, 1.0, -1.4423193172489692)
7.979999999999918 (21.7153823571185, 1.0, -1.3947081210184347)
7.999999999999917 (21.83681660768666, 1.0, -1.3371226674295598)
8.019999999999918 (21.948849045383245, 1.0, -1.2708854947231756)
8.039999999999917 (22.050748835673307, 1.0, -1.1977068491321914)
8.059999999999917 (22.142444371493003, 1.0, -1.119144843844824)
8.079999999999917 (22.22457492605086, 1.0, -1.0366478328361037)
8.099999999999916 (22.29834555072172, 1.0, -0.9515173490099229)
8.119999999999916 (22.36557589660163, 1.0, -0.8648704527140605)
8.139999999999915 (22.428395331172382, 1.0, -0.7776867431790793)
8.159999999999915 (22.489098171587052, 1.0, -0.6908751489612149)
8.179999999999914 (22.55005518718937, 1.0, -0.6053370396768311)
8.199999999999914 (22.613606640058975, 1.0, -0.5220232128818183)
8.219999999999914 (22.6819433872681, 1.0, -0.44198076402656217)
8.239999999999913 (22.75698781976786, 1.0, -0.36638065962752075)
8.259999999999913 (22.840282561466246, 1.0, -0.2965187731210715)
8.279999999999912 (22.932894064909448, 1.0, -0.233787763859273)
8.299999999999912 (23.035338592115437, 1.0, -0.17962185194160193)
8.319999999999911 (23.14753722744542, 1.0, -0.13542046750130549)
8.339999999999911 (23.26880454620508, 1.0, -0.10245947740834224)
8.35999999999991 (23.397873067828407, 1.0, -0.0817999980135384)
8.37999999999991 (23.532953199051434, 1.0, -0.0742048241732942)
8.39999999999991 (23.67182656766236, 1.0, -0.08007149688727704)
8.41999999999991 (23.81196992943597, 1.0, -0.09938927265523083)
8.439999999999909 (23.9507070013976, 1.0, -0.13172516984120258)
8.459999999999908 (24.0853851574267, 1.0, -0.1762423355788085)
8.479999999999908 (24.213570429166364, 1.0, -0.2317521951770889)
8.499999999999908 (24.33319607063171, 1.0, -0.29671157605831383)
8.519999999999907 (24.442872421890364, 1.0, -0.36970819612640293)
8.539999999999907 (24.541981577337566, 1.0, -0.4489887237634086)
8.559999999999906 (24.630552956493936, 1.0, -0.5329947949279112)
8.579999999999906 (24.709317743557683, 1.0, -0.6203228926256076)
8.599999999999905 (24.779561317761242, 1.0, -0.7097518946789033)
8.619999999999905 (24.843171953506033, 1.0, -0.8002842816336626)
8.639999999999905 (24.90233782645042, 1.0, -0.8910794249706048)
8.659999999999904 (24.959406745961996, 1.0, -0.9813775331237231)
8.679999999999904 (25.016802269325346, 1.0, -1.0704310404667639)
8.699999999999903 (25.07692071317194, 1.0, -1.1574409477929644)
8.719999999999903 (25.14201547281906, 1.0, -1.2415024666723296)
8.739999999999903 (25.214079937137832, 1.0, -1.3215699027777492)
8.759999999999902 (25.29473646321851, 1.0, -1.39644852288987)
8.779999999999902 (25.385138358689915, 1.0, -1.4648164734227156)
8.799999999999901 (25.485892477617213, 1.0, -1.5252751750628668)
8.8199999999999 (25.597009450292337, 1.0, -1.5764226471859921)
8.8399999999999 (25.7178867195074, 1.0, -1.6169413687786343)
8.8599999999999 (25.847327146882115, 1.0, -1.645690822549798)
8.8799999999999 (25.983593534145434, 1.0, -1.6617946957361356)
8.899999999999899 (26.12449753755184, 1.0, -1.664713604638895)
8.919999999999899 (26.26752062316795, 1.0, -1.6542959218599014)
8.939999999999898 (26.409964744761393, 1.0, -1.63080138091202)
8.959999999999898 (26.549129881782108, 1.0, -1.5948940346062803)
8.979999999999897 (26.68251197058304, 1.0, -1.5476026984190816)
8.999999999999897 (26.807950516884812, 1.0, -1.4903339237625906)
9.019999999999897 (26.92396994660018, 1.0, -1.4244049967765526)
9.039999999999896 (27.029843110191816, 1.0, -1.3515250891208437)
9.059999999999896 (27.12550058507215, 1.0, -1.2732494914734753)
9.079999999999895 (27.211582507070474, 1.0, -1.1910243412902568)
9.099999999999895 (27.289292672114335, 1.0, -1.106149822896069)
9.119999999999894 (27.360452163724812, 1.0, -1.019741901767438)
9.139999999999894 (27.42719095069608, 1.0, -0.9327795912681472)
9.159999999999894 (27.491802925363547, 1.0, -0.8461719642294585)
9.179999999999893 (27.556658154267645, 1.0, -0.7608212132070657)
9.199999999999893 (27.624096101801083, 1.0, -0.6776794787723326)
9.219999999999892 (27.696306653202697, 1.0, -0.5977955741171129)
9.239999999999892 (27.77521096820512, 1.0, -0.5223424092054204)
9.259999999999891 (27.862350139854453, 1.0, -0.4526178598275837)
9.279999999999891 (27.95878878904202, 1.0, -0.39001647487687463)
9.29999999999989 (28.065041088352764, 1.0, -0.33597409599062616)
9.31999999999989 (28.181025869091005, 1.0, -0.2918913889041846)
9.33999999999989 (28.306055432233823, 1.0, -0.2590450065920448)
9.35999999999989 (28.43886018057123, 1.0, -0.23849640293903906)
9.379999999999889 (28.57764876090824, 1.0, -0.23100832822541809)
9.399999999999888 (28.720201597581607, 1.0, -0.23697802127305162)
9.419999999999888 (28.86399497844759, 1.0, -0.2563943475825686)
9.439999999999888 (29.00635302169845, 1.0, -0.28882404099995906)
9.459999999999887 (29.14462442917418, 1.0, -0.3334302712572725)
9.479999999999887 (29.276377434527447, 1.0, -0.3890249726080991)
9.499999999999886 (29.399547580179682, 1.0, -0.454064980330844)
9.519999999999886 (29.512748782416097, 1.0, -0.5271422723440647)
9.539999999999885 (29.615367484173355, 1.0, -0.6065044867164455)
9.559999999999885 (29.707435858425676, 1.0, -0.6905960942247956)
9.579999999999885 (29.789686572894063, 1.0, -0.7780161767086067)
9.599999999999884 (29.863404501823428, 1.0, -0.8675455934869672)
9.619999999999884 (29.93047972003254, 1.0, -0.9581890410908892)
9.639999999999883 (29.99310137566522, 1.0, -1.049107725102687)
9.659999999999883 (30.053617301027288, 1.0, -1.1395430107984947)
9.679999999999882 (30.114450838449706, 1.0, -1.2287478535577374)
9.699999999999882 (30.177998041902264, 1.0, -1.3159232378785661)
9.719999999999882 (30.246511943524272, 1.0, -1.4001638898506654)
9.739999999999881 (30.321985398840425, 1.0, -1.4804232344972408)
9.75999999999988 (30.406040016981663, 1.0, -1.5555053621547648)
9.77999999999988 (30.499828118653916, 1.0, -1.6240870629397162)
9.79999999999988 (30.603955335427248, 1.0, -1.6847683380346452)
9.81999999999988 (30.71843088180316, 1.0, -1.7361458257695461)
9.839999999999879 (30.84265067568042, 1.0, -1.7769007350428065)
9.859999999999879 (30.975416065865694, 1.0, -1.8058914230249152)
9.879999999999878 (31.11498850122669, 1.0, -1.822240587567042)
9.899999999999878 (31.259178605476134, 1.0, -1.8254079449719067)
9.919999999999877 (31.40546728771624, 1.0, -1.8152409810567705)
9.939999999999877 (31.551156548515426, 1.0, -1.7919984628199592)
9.959999999999877 (31.693547091096278, 1.0, -1.7563433025635695)
9.979999999999876 (31.830136238414354, 1.0, -1.7093029244841658)
9.999999999999876 (31.9587647900259, 1.0, -1.6522831216714482)
