0.0 (-9.75, 1.0, 0.0)
0.02 (-9.750375286069943, 1.0, 0.06209946411977495)
0.04 (-9.740803236752505, 1.0, 0.17331912164180516)
0.06 (-9.702053364098557, 1.0, 0.2791304338369637)
0.08 (-9.642363504360468, 1.0, 0.3749401849738507)
0.1 (-9.576456598808877, 1.0, 0.4605279040351568)
0.12000000000000001 (-9.506241275020612, 1.0, 0.5330295477897818)
0.14 (-9.428897211554323, 1.0, 0.5897478737584383)
0.16 (-9.346614943624072, 1.0, 0.6295386578636727)
0.18 (-9.264339857391892, 1.0, 0.6520176336657254)
0.19999999999999998 (-9.186678703490344, 1.0, 0.6572498816626551)
0.21999999999999997 (-9.117407726751333, 1.0, 0.6459151313874406)
0.23999999999999996 (-9.059576194963967, 1.0, 0.6192731403704886)
0.25999999999999995 (-9.015425654457536, 1.0, 0.5789810993173482)
0.27999999999999997 (-8.98629805247011, 1.0, 0.5269255344765695)
0.3 (-8.972613844481387, 1.0, 0.4650726113787734)
0.32 (-8.973889284531477, 1.0, 0.3953250787583229)
0.34 (-8.98878981215325, 1.0, 0.31940288732252897)
0.36000000000000004 (-9.015221132013092, 1.0, 0.23876935290164836)
0.38000000000000006 (-9.050457200476616, 1.0, 0.15461522898332491)
0.4000000000000001 (-9.09130210336949, 1.0, 0.06790229699277309)
0.4200000000000001 (-9.134281621937612, 1.0, -0.020543683305639153)
0.4400000000000001 (-9.17585998606098, 1.0, -0.10991284116767067)
0.46000000000000013 (-9.212674031846287, 1.0, -0.19929418153305722)
0.48000000000000015 (-9.241769209970375, 1.0, -0.28759218482349463)
0.5000000000000001 (-9.260756481466487, 1.0, -0.3735239652803476)
0.5200000000000001 (-9.268097768388555, 1.0, -0.45558000411028576)
0.5400000000000001 (-9.263200957621024, 1.0, -0.5321195702135745)
0.5600000000000002 (-9.246118412273338, 1.0, -0.6015203973688225)
0.5800000000000002 (-9.217661115554995, 1.0, -0.6621967466067432)
0.6000000000000002 (-9.17927176898139, 1.0, -0.7127247220223377)
0.6200000000000002 (-9.132820496563863, 1.0, -0.7518534322808786)
0.6400000000000002 (-9.080507238082406, 1.0, -0.7785806940443409)
0.6600000000000003 (-9.024763830641884, 1.0, -0.7922151567336312)
0.6800000000000003 (-8.96815312982102, 1.0, -0.7924264052791093)
0.7000000000000003 (-8.913257457644038, 1.0, -0.7792776606601423)
0.7200000000000003 (-8.862551947141105, 1.0, -0.7532317522729975)
0.7400000000000003 (-8.818267853997352, 1.0, -0.7151252693755298)
0.7600000000000003 (-8.782256921233383, 1.0, -0.6661099121989995)
0.7800000000000004 (-8.755869637582325, 1.0, -0.6075645709091712)
0.8000000000000004 (-8.739859370673178, 1.0, -0.5409870171178941)
0.8200000000000004 (-8.734321640516953, 1.0, -0.46787918433799414)
0.8400000000000004 (-8.738673730298599, 1.0, -0.38964332028617693)
0.8600000000000004 (-8.751675545704199, 1.0, -0.3075067106340231)
0.8800000000000004 (-8.771489556487747, 1.0, -0.22248956396824496)
0.9000000000000005 (-8.795776708309262, 1.0, -0.13542384800678567)
0.9200000000000005 (-8.821826206574801, 1.0, -0.047020880746627025)
0.9400000000000005 (-8.846718486569161, 1.0, 0.04202618164008428)
0.9600000000000005 (-8.867519781342352, 1.0, 0.1309293359435345)
0.9800000000000005 (-8.881500811350348, 1.0, 0.21871204293259316)
1.0000000000000004 (-8.886325885024725, 1.0, 0.30417796140455566)
1.0200000000000005 (-8.88033336491761, 1.0, 0.38587952125406527)
1.0400000000000005 (-8.862687768598079, 1.0, 0.46219845474691207)
1.0600000000000005 (-8.8332752063641, 1.0, 0.5314380783524755)
1.0800000000000005 (-8.792725639169836, 1.0, 0.5920638112619615)
1.1000000000000005 (-8.742306819149029, 1.0, 0.642540111221214)
1.1200000000000006 (-8.683884678066269, 1.0, 0.6815794986831056)
1.1400000000000006 (-8.619681315839893, 1.0, 0.7081588042932625)
1.1600000000000006 (-8.552153829103187, 1.0, 0.7215745500328681)
1.1800000000000006 (-8.48389583904299, 1.0, 0.7214976970450359)
1.2000000000000006 (-8.417521794890957, 1.0, 0.7080037089968656)
1.2200000000000006 (-8.35553479735547, 1.0, 0.6815752317139584)
1.2400000000000007 (-8.30018692856936, 1.0, 0.643073628447088)
1.2600000000000007 (-8.25334260616489, 1.0, 0.5936776237062259)
1.2800000000000007 (-8.216356776743025, 1.0, 0.5347923914835176)
1.3000000000000007 (-8.189979667860824, 1.0, 0.4679382960029781)
1.3200000000000007 (-8.174297304811276, 1.0, 0.3946335855153394)
1.3400000000000007 (-8.16871279180933, 1.0, 0.31628855218694285)
1.3600000000000008 (-8.17196897617561, 1.0, 0.23412901966460758)
1.3800000000000008 (-8.182210023956568, 1.0, 0.14916382967919392)
1.4000000000000008 (-8.197078530735334, 1.0, 0.062204119324789586)
1.4200000000000008 (-8.213845899593968, 1.0, -0.02606785879029671)
1.4400000000000008 (-8.229575267778785, 1.0, -0.1149943039462281)
1.4600000000000009 (-8.24131550726206, 1.0, -0.20382627558245442)
1.4800000000000009 (-8.246319049610026, 1.0, -0.291626886774173)
1.5000000000000009 (-8.24222969647854, 1.0, -0.3772373999123803)
1.520000000000001 (-8.227363290426434, 1.0, -0.4592403110543516)
1.540000000000001 (-8.200859983619145, 1.0, -0.5360369003725467)
1.560000000000001 (-8.162577184038854, 1.0, -0.6059391450350518)
1.580000000000001 (-8.113115000217753, 1.0, -0.6674133914155533)
1.600000000000001 (-8.053707210163653, 1.0, -0.7189092358779621)
1.620000000000001 (-7.986189501242387, 1.0, -0.7591139902880027)
1.640000000000001 (-7.912754832078782, 1.0, -0.786970565081205)
1.660000000000001 (-7.8358339277206115, 1.0, -0.8017343101062192)
1.680000000000001 (-7.757998986140557, 1.0, -0.803029304383798)
1.700000000000001 (-7.68184930263841, 1.0, -0.7908802173533057)
1.720000000000001 (-7.609879756795635, 1.0, -0.7657172868126578)
1.740000000000001 (-7.544341268496965, 1.0, -0.7283506106486579)
1.7600000000000011 (-7.487103680845821, 1.0, -0.6799118505456864)
1.7800000000000011 (-7.439532850313422, 1.0, -0.6217664862078941)
1.8000000000000012 (-7.402393754926981, 1.0, -0.5554055996021875)
1.8200000000000012 (-7.3757890531311325, 1.0, -0.48233124906870867)
1.8400000000000012 (-7.359138435270724, 1.0, -0.4039527249733682)
1.8600000000000012 (-7.351199803622625, 1.0, -0.3215113637793387)
1.8800000000000012 (-7.350130225309272, 1.0, -0.2360484352928888)
1.9000000000000012 (-7.3535835874067494, 1.0, -0.14842373964787972)
1.9200000000000013 (-7.358842758469552, 1.0, -0.05938249225150523)
1.9400000000000013 (-7.362985275238195, 1.0, 0.030343604882955972)
1.9600000000000013 (-7.363080456338805, 1.0, 0.11992563225545366)
1.9800000000000013 (-7.35640981985698, 1.0, 0.2083468208199736)
2.0000000000000013 (-7.340653315092598, 1.0, 0.29437570656886203)
2.0200000000000014 (-7.314175985320811, 1.0, 0.37653512622982876)
2.0400000000000014 (-7.27617869466272, 1.0, 0.4531863204781392)
2.0600000000000014 (-7.226579545597981, 1.0, 0.5226161967872411)
2.0800000000000014 (-7.166031728982822, 1.0, 0.583304226260961)
2.1000000000000014 (-7.09581969086824, 1.0, 0.6337133722564416)
2.1200000000000014 (-7.017836421586247, 1.0, 0.672570576179237)
2.1400000000000015 (-6.934323307166957, 1.0, 0.6988715373145264)
2.1600000000000015 (-6.847748726163461, 1.0, 0.7119343292898599)
2.1800000000000015 (-6.7607117296426145, 1.0, 0.7114541428360776)
2.2000000000000015 (-6.675826407953256, 1.0, 0.6975317980531209)
2.2200000000000015 (-6.59558909892498, 1.0, 0.6706744243297145)
2.2400000000000015 (-6.522238591544438, 1.0, 0.6317649941993674)
2.2600000000000016 (-6.457620032109923, 1.0, 0.5819990695393139)
2.2800000000000016 (-6.403064219744853, 1.0, 0.5227922897922163)
2.3000000000000016 (-6.3592938638685546, 1.0, 0.4556680712020889)
2.3200000000000016 (-6.326365828485597, 1.0, 0.38214000711826895)
2.3400000000000016 (-6.303654141840399, 1.0, 0.30360654448461466)
2.3600000000000017 (-6.289874184584179, 1.0, 0.22127573129120992)
2.3800000000000017 (-6.283145446054589, 1.0, 0.13613452896216788)
2.4000000000000017 (-6.281089420653073, 1.0, 0.04897022963645992)
2.4200000000000017 (-6.280960401053714, 1.0, -0.039558544931389265)
2.4400000000000017 (-6.279808513256044, 1.0, -0.1288154364712446)
2.4600000000000017 (-6.27467356993904, 1.0, -0.21806914983362385)
2.4800000000000018 (-6.2628024971518785, 1.0, -0.30639545796053624)
2.5000000000000018 (-6.241833605693042, 1.0, -0.3926443078156507)
2.520000000000002 (-6.2100829652775476, 1.0, -0.47539783910263106)
2.540000000000002 (-6.166697299947937, 1.0, -0.5530489662891667)
2.560000000000002 (-6.11153496316169, 1.0, -0.6238909773151339)
2.580000000000002 (-6.0451925711607215, 1.0, -0.6863890893590736)
2.600000000000002 (-5.968893658319329, 1.0, -0.7389636706238223)
2.620000000000002 (-5.884480869792878, 1.0, -0.7802781847273674)
2.640000000000002 (-5.794152119857063, 1.0, -0.8092507367951491)
2.660000000000002 (-5.700341632770715, 1.0, -0.825111576633484)
2.680000000000002 (-5.605626705498726, 1.0, -0.8274612897250044)
2.700000000000002 (-5.512613674804744, 1.0, -0.8163032849556967)
2.720000000000002 (-5.423805510839177, 1.0, -0.7920491859144781)
2.740000000000002 (-5.341461314449388, 1.0, -0.7554935516983224)
2.760000000000002 (-5.267458359583057, 1.0, -0.7077559128232668)
2.780000000000002 (-5.203168420224306, 1.0, -0.6501932409791539)
2.800000000000002 (-5.14936024310105, 1.0, -0.5842919012534102)
2.820000000000002 (-5.106137691744503, 1.0, -0.5115532078876568)
2.840000000000002 (-5.072918988981451, 1.0, -0.43338989988292653)
2.860000000000002 (-5.048458172626894, 1.0, -0.3510511966167484)
2.880000000000002 (-5.030906774341766, 1.0, -0.2655908788778137)
2.900000000000002 (-5.017912671676291, 1.0, -0.1778859033116505)
2.920000000000002 (-5.006753847463868, 1.0, -0.08870295311964785)
2.940000000000002 (-4.994505871156373, 1.0, 0.0012013546915557137)
2.960000000000002 (-4.978240653056505, 1.0, 0.09097123289243911)
2.980000000000002 (-4.955247905593853, 1.0, 0.17956314394350714)
3.000000000000002 (-4.923218894469741, 1.0, 0.26572208729801816)
3.0200000000000022 (-4.880537985075118, 1.0, 0.34795046067631213)
3.0400000000000023 (-4.826432466632271, 1.0, 0.42459472277847526)
3.0600000000000023 (-4.760843222786345, 1.0, 0.4939285258200741)
3.0800000000000023 (-4.684438981405124, 1.0, 0.5544414755095355)
3.1000000000000023 (-4.598514695561356, 1.0, 0.6045923078989649)
3.1200000000000023 (-4.504983056208984, 1.0, 0.6431158399402623)
3.1400000000000023 (-4.406099474201467, 1.0, 0.6690185890882216)
3.1600000000000024 (-4.304340569064832, 1.0, 0.6816312183230243)
3.1800000000000024 (-4.202309681583851, 1.0, 0.6806635311480104)
3.2000000000000024 (-4.102621318238724, 1.0, 0.6662319579704687)
3.2200000000000024 (-4.007767832918956, 1.0, 0.6388588567338813)
3.2400000000000024 (-3.9199794476429366, 1.0, 0.5994406748291674)
3.2600000000000025 (-3.841088469084156, 1.0, 0.5491833941932198)
3.2800000000000025 (-3.77240928885422, 1.0, 0.4895089216617732)
3.3000000000000025 (-3.714645638993477, 1.0, 0.4219420837811063)
3.3200000000000025 (-3.667834007699746, 1.0, 0.3479928549808944)
3.3400000000000025 (-3.6313278468021966, 1.0, 0.2690514387927838)
3.3600000000000025 (-3.603822849021381, 1.0, 0.1863139463521274)
3.3800000000000026 (-3.583420596373607, 1.0, 0.10075303259779997)
3.4000000000000026 (-3.5677271208109094, 1.0, 0.013140838392109264)
3.4200000000000026 (-3.553984147214936, 1.0, -0.07587849803135267)
3.4400000000000026 (-3.5392323892654427, 1.0, -0.16568112508120758)
3.4600000000000026 (-3.5205054743503, 1.0, -0.25554529763785233)
3.4800000000000026 (-3.4950472077726493, 1.0, -0.3445527642354228)
3.5000000000000027 (-3.4604931231681295, 1.0, -0.4315569650963212)
3.5200000000000027 (-3.4151613386746793, 1.0, -0.5151374009157845)
3.5400000000000027 (-3.3582058365875325, 1.0, -0.593679215911958)
3.5600000000000027 (-3.2894878405621206, 1.0, -0.6654608972924339)
3.5800000000000027 (-3.2096032347040477, 1.0, -0.7289477878209457)
3.6000000000000028 (-3.1197692715409993, 1.0, -0.7825391838078157)
3.6200000000000028 (-3.021835529527254, 1.0, -0.824882378814145)
3.640000000000003 (-2.918004867294483, 1.0, -0.8548790156875763)
3.660000000000003 (-2.8107148338780736, 1.0, -0.8717429313511553)
3.680000000000003 (-2.7025467826807104, 1.0, -0.8750596773214631)
3.700000000000003 (-2.596112076148562, 1.0, -0.8648193333398838)
3.720000000000003 (-2.493918983083111, 1.0, -0.8414220489231019)
3.740000000000003 (-2.3982314730977956, 1.0, -0.8056529236939722)
3.760000000000003 (-2.3109306931802704, 1.0, -0.7586241378576911)
3.780000000000003 (-2.2333908272308736, 1.0, -0.7016874534664538)
3.800000000000003 (-2.1663812262798006, 1.0, -0.6363262048446818)
3.820000000000003 (-2.110004388624697, 1.0, -0.5640409574189915)
3.840000000000003 (-2.0636752612712694, 1.0, -0.48624617360754635)
3.860000000000003 (-2.0261430176777147, 1.0, -0.4041955287430668)
3.880000000000003 (-1.9955533567130574, 1.0, -0.3189502589743454)
3.900000000000003 (-1.969548281344144, 1.0, -0.23139793775406464)
3.920000000000003 (-1.9454010399096426, 1.0, -0.14231893774189686)
3.940000000000003 (-1.9201849002414544, 1.0, -0.052486154217649086)
3.960000000000003 (-1.890973058563777, 1.0, 0.037226718212987245)
3.980000000000003 (-1.8550608016061165, 1.0, 0.1257579887544578)
4.000000000000003 (-1.8101471865191872, 1.0, 0.2118365420618175)
4.020000000000002 (-1.7546305183245046, 1.0, 0.2939502687279107)
4.040000000000002 (-1.6877575640618168, 1.0, 0.37043462530182936)
4.060000000000001 (-1.609485676743087, 1.0, 0.4395525230040019)
4.080000000000001 (-1.5204943103302178, 1.0, 0.4998007896461892)
4.1000000000000005 (-1.422085268485156, 1.0, 0.5496329392336418)
4.12 (-1.316185870818874, 1.0, 0.5877877444004035)
4.14 (-1.2050619472455475, 1.0, 0.6132776602442075)
4.159999999999999 (-1.0911962990557234, 1.0, 0.6254404886444666)
4.179999999999999 (-0.9771957378411013, 1.0, 0.6239947218221392)
4.199999999999998 (-0.8656756095542679, 1.0, 0.6090663449744018)
4.219999999999998 (-0.7591260359867121, 1.0, 0.5811871762811471)
4.2399999999999975 (-0.6597717366111416, 1.0, 0.5412620766587046)
4.259999999999997 (-0.5694364074686071, 1.0, 0.49050348946543576)
4.279999999999997 (-0.4894231705496117, 1.0, 0.43033706469877053)
4.299999999999996 (-0.4204224955051171, 1.0, 0.36228816773042294)
4.319999999999996 (-0.36245641925830646, 1.0, 0.2878640049813733)
4.339999999999995 (-0.3148635963249673, 1.0, 0.20844901935412388)
4.359999999999995 (-0.2763253680799081, 1.0, 0.12523126168539317)
4.379999999999995 (-0.24493009571704144, 1.0, 0.039173997466605145)
4.399999999999994 (-0.21827227939045804, 1.0, -0.048960250128597047)
4.419999999999994 (-0.19358423981005285, 1.0, -0.13853612382000033)
4.439999999999993 (-0.1678997369236887, 1.0, -0.22893683828666794)
4.459999999999993 (-0.13824807537726436, 1.0, -0.3194454081030841)
4.479999999999992 (-0.10187134053000874, 1.0, -0.4091457487400474)
4.499999999999992 (-0.056403842601515264, 1.0, -0.4968919172425337)
4.519999999999992 (-0.00016651471150487193, 1.0, -0.5812598319236466)
4.539999999999991 (0.06767957797570169, 1.0, -0.6606277680693027)
4.559999999999991 (0.14726953885262198, 1.0, -0.7332624835788544)
4.57999999999999 (0.23800676254646855, 1.0, -0.7976300576835913)
4.59999999999999 (0.33867774123026473, 1.0, -0.8521143767569946)
4.6199999999999894 (0.4474264422265484, 1.0, -0.895351655088358)
4.639999999999989 (0.5620453868078292, 1.0, -0.9262325156079273)
4.659999999999989 (0.6800939882096153, 1.0, -0.9439599906850924)
4.679999999999988 (0.798987621610206, 1.0, -0.9481099913234704)
4.699999999999988 (0.91611125332205, 1.0, -0.938664271651778)
4.719999999999987 (1.0289530884580054, 1.0, -0.9160159750943395)
4.739999999999987 (1.135246297964069, 1.0, -0.8809445247117516)
4.7599999999999865 (1.2331079271033873, 1.0, -0.8345577201846961)
4.779999999999986 (1.3211633190083472, 1.0, -0.778204174673656)
4.799999999999986 (1.398644153376967, 1.0, -0.7133652747838559)
4.819999999999985 (1.4654504913629196, 1.0, -0.6415408952237341)
4.839999999999985 (1.5221713348935708, 1.0, -0.5641462263122434)
4.859999999999984 (1.5700625275797635, 1.0, -0.48243734113593406)
4.879999999999984 (1.6109839352906707, 1.0, -0.39747982851829833)
4.8999999999999835 (1.6472989459691993, 1.0, -0.31016779394613403)
4.919999999999983 (1.6817386436348094, 1.0, -0.22129036483659048)
4.939999999999983 (1.717232089540206, 1.0, -0.13163115963849792)
4.959999999999982 (1.7567055876392808, 1.0, -0.042075947274695595)
4.979999999999982 (1.8028600442410225, 1.0, 0.046301098576349176)
4.999999999999981 (1.857990995407707, 1.0, 0.13221766304012064)
5.019999999999981 (1.9236899714064541, 1.0, 0.21415116387526204)
5.0399999999999805 (2.0006956953544197, 1.0, 0.29042873559097443)
5.05999999999998 (2.089038769754512, 1.0, 0.35930457919887215)
5.07999999999998 (2.18803222033958, 1.0, 0.41928072192262544)
5.099999999999979 (2.296369754305205, 1.0, 0.46880533162667337)
5.119999999999979 (2.4121130550074916, 1.0, 0.5066188432604336)
5.139999999999978 (2.532988449158204, 1.0, 0.5317367347316782)
5.159999999999978 (2.6565084327381516, 1.0, 0.5435006651015112)
5.1799999999999775 (2.7800633730113193, 1.0, 0.5416341860293397)
5.199999999999977 (2.9010369115536703, 1.0, 0.5262690833275859)
5.219999999999977 (3.016940089095979, 1.0, 0.49794303910267074)
5.239999999999976 (3.1255517178901897, 1.0, 0.4575661714837349)
5.259999999999976 (3.2250539289456666, 1.0, 0.4063549346592013)
5.279999999999975 (3.3141514371612164, 1.0, 0.3457371994485456)
5.299999999999975 (3.3921631708128945, 1.0, 0.2772384201728736)
5.3199999999999745 (3.459077492890654, 1.0, 0.2023636984627318)
5.339999999999974 (3.515566548499097, 1.0, 0.12249342199635523)
5.359999999999974 (3.562959610548543, 1.0, 0.03881015583839553)
5.379999999999973 (3.603178215717523, 1.0, -0.047729031565166946)
5.399999999999973 (3.6386365795375304, 1.0, -0.13636772045744733)
5.419999999999972 (3.6721095125599352, 1.0, -0.22647580313302382)
5.439999999999972 (3.7065684701530826, 1.0, -0.317440294226585)
5.4599999999999715 (3.744987224015717, 1.0, -0.4085462055202355)
5.479999999999971 (3.790124584042505, 1.0, -0.4988775480738392)
5.499999999999971 (3.844346595409027, 1.0, -0.5872875081819088)
5.51999999999997 (3.9093293315286117, 1.0, -0.6723482257463318)
5.53999999999997 (3.9859052523641276, 1.0, -0.7524320901982193)
5.559999999999969 (4.074205640261525, 1.0, -0.8257965605484053)
5.579999999999969 (4.173632494090275, 1.0, -0.8909087039777398)
5.599999999999969 (4.282974467504509, 1.0, -0.9461409892061133)
5.619999999999968 (4.400369779843402, 1.0, -0.9901219487601537)
5.639999999999968 (4.523606823636334, 1.0, -1.0217347514827724)
5.659999999999967 (4.650242328990117, 1.0, -1.0401752550891599)
5.679999999999967 (4.777689024200572, 1.0, -1.045013164856602)
5.699999999999966 (4.903329147277474, 1.0, -1.0362250501721684)
5.719999999999966 (5.024648521573987, 1.0, -1.0141998210761525)
5.739999999999966 (5.139378674012886, 1.0, -0.9797135521035338)
5.759999999999965 (5.245636008812987, 1.0, -0.9338714835948889)
5.779999999999965 (5.342046400195043, 1.0, -0.8780203506411304)
5.799999999999964 (5.427843300090545, 1.0, -0.8136402804138178)
5.819999999999964 (5.502929736517585, 1.0, -0.742230534965772)
5.839999999999963 (5.567898704017882, 1.0, -0.6652064742624783)
5.859999999999963 (5.624010768010963, 1.0, -0.5838253517852676)
5.879999999999963 (5.673130814290216, 1.0, -0.4991552211205633)
5.899999999999962 (5.717626984624217, 1.0, -0.41209417677943316)
5.919999999999962 (5.760234181436605, 1.0, -0.3234369669903104)
5.939999999999961 (5.803883649246734, 1.0, -0.23397434381376703)
5.959999999999961 (5.8515016405316, 1.0, -0.1446003242810038)
5.9799999999999605 (5.905786443299297, 1.0, -0.05639779418251169)
5.99999999999996 (5.969029802800433, 1.0, 0.02934302589510666)
6.01999999999996 (6.0428157532896005, 1.0, 0.1110918726084122)
6.039999999999959 (6.127872097453806, 1.0, 0.18716950482694075)
6.059999999999959 (6.224220524801486, 1.0, 0.25582306752984446)
6.079999999999958 (6.3311687029083075, 1.0, 0.3155583721350494)
6.099999999999958 (6.447407374004567, 1.0, 0.36481857387773164)
6.1199999999999575 (6.570989864579433, 1.0, 0.40234448284486674)
6.139999999999957 (6.699636530255338, 1.0, 0.42715290405908485)
6.159999999999957 (6.830856250159787, 1.0, 0.43858741650605526)
6.179999999999956 (6.9620370982396365, 1.0, 0.436374432744044)
6.199999999999956 (7.090561683050341, 1.0, 0.4206492252815131)
6.219999999999955 (7.2139415753530205, 1.0, 0.3919531036519471)
6.239999999999955 (7.329957858641725, 1.0, 0.3511994757494424)
6.2599999999999545 (7.436796653138562, 1.0, 0.299607288966773)
6.279999999999954 (7.53316819939954, 1.0, 0.23860571880076742)
6.299999999999954 (7.618398181860326, 1.0, 0.16972009095681667)
6.319999999999953 (7.692482555603211, 1.0, 0.09445390738312652)
6.339999999999953 (7.756101456690618, 1.0, 0.014184673622030707)
6.359999999999952 (7.810592109595952, 1.0, -0.06990881651925351)
6.379999999999952 (7.857883547861592, 1.0, -0.15687361626268698)
6.3999999999999515 (7.90039664385561, 1.0, -0.24595718230196006)
6.419999999999951 (7.940911670328191, 1.0, -0.3365324881133912)
6.439999999999951 (7.982404038751098, 1.0, -0.42798842479929655)
6.45999999999995 (8.027849743186, 1.0, -0.5196104689094784)
6.47999999999995 (8.080008008213753, 1.0, -0.610481686661521)
6.499999999999949 (8.141244772299281, 1.0, -0.699453718809729)
6.519999999999949 (8.213233248022993, 1.0, -0.7850951208942981)
6.5399999999999485 (8.296800207422846, 1.0, -0.8657733426200311)
6.559999999999948 (8.392073317756193, 1.0, -0.9397384680329847)
6.579999999999948 (8.498452953774645, 1.0, -1.005458606522558)
6.599999999999947 (8.614728965807778, 1.0, -1.061297665740749)
6.619999999999947 (8.73903460673504, 1.0, -1.1058787814847744)
6.639999999999946 (8.869154692423662, 1.0, -1.1380800179842734)
6.659999999999946 (9.002643644555011, 1.0, -1.1570924164802538)
6.6799999999999455 (9.136912052230558, 1.0, -1.1624816633872492)
6.699999999999945 (9.269340098898024, 1.0, -1.1542211058198348)
6.719999999999945 (9.39741197498898, 1.0, -1.1326971263565957)
6.739999999999944 (9.518858292571995, 1.0, -1.0986838669387844)
6.759999999999944 (9.631795444333562, 1.0, -1.0532851105810275)
6.779999999999943 (9.734850295677534, 1.0, -0.9978464888293583)
6.799999999999943 (9.8272583063519, 1.0, -0.9338473052160334)
6.8199999999999426 (9.908925450231408, 1.0, -0.8627862904362397)
6.839999999999942 (9.98044843508708, 1.0, -0.786078677910702)
6.859999999999942 (10.043092045509846, 1.0, -0.7049821995662272)
6.879999999999941 (10.098725538886642, 1.0, -0.6205662401278361)
6.899999999999941 (10.149721138220658, 1.0, -0.5337313079989514)
6.91999999999994 (10.198817025680201, 1.0, -0.44527578014323216)
6.93999999999994 (10.24894639929248, 1.0, -0.35599521041761617)
6.95999999999994 (10.30303569678095, 1.0, -0.2667893323287908)
6.979999999999939 (10.363781388245906, 1.0, -0.17874720749620945)
6.999999999999939 (10.433472528858644, 1.0, -0.09316472648579202)
7.019999999999938 (10.513687562418873, 1.0, -0.011577868579674154)
7.039999999999938 (10.605145993387103, 1.0, 0.06432919152867228)
7.059999999999937 (10.707862838926674, 1.0, 0.13279789303170872)
7.079999999999937 (10.821141886591718, 1.0, 0.19233683236928284)
7.099999999999937 (10.943671898569185, 1.0, 0.24138469548139008)
7.119999999999936 (11.073499790682819, 1.0, 0.2786819907342451)
7.139999999999936 (11.208341329230045, 1.0, 0.3032459003409779)
7.159999999999935 (11.345702587442881, 1.0, 0.3144208106084423)
7.179999999999935 (11.482969778121118, 1.0, 0.3119346825091524)
7.1999999999999345 (11.617524540209057, 1.0, 0.2959248593076482)
7.219999999999934 (11.746878614929898, 1.0, 0.2669348915077602)
7.239999999999934 (11.868814553316161, 1.0, 0.22588025151996088)
7.259999999999933 (11.981521244238436, 1.0, 0.1739814405767083)
7.279999999999933 (12.083712882225344, 1.0, 0.11266839036321111)
7.299999999999932 (12.174720079463583, 1.0, 0.043466206932628024)
7.319999999999932 (12.254544409700047, 1.0, -0.03212282656795437)
7.3399999999999315 (12.323871996622906, 1.0, -0.11272327590235769)
7.359999999999931 (12.38404608892389, 1.0, -0.19715897103275018)
7.379999999999931 (12.437001454298635, 1.0, -0.2844797339127606)
7.39999999999993 (12.48516409269499, 1.0, -0.37393548911812785)
7.41999999999993 (12.531318493551888, 1.0, -0.46490097388259505)
7.439999999999929 (12.578443096210197, 1.0, -0.5567658536735696)
7.459999999999929 (12.629515521289015, 1.0, -0.6488152716916691)
7.4799999999999285 (12.687295134856438, 1.0, -0.7401309052476971)
7.499999999999928 (12.754147544712485, 1.0, -0.8295626341095088)
7.519999999999928 (12.83174338349119, 1.0, -0.9156758034832205)
7.539999999999927 (12.920904556794484, 1.0, -0.9968337764929949)
7.559999999999927 (13.021755491272133, 1.0, -1.0712807852731119)
7.579999999999926 (13.133694951013135, 1.0, -1.1374859322805595)
7.599999999999926 (13.255513409276137, 1.0, -1.193806636827566)
7.6199999999999255 (13.385339918443677, 1.0, -1.238862189181196)
7.639999999999925 (13.520956263854867, 1.0, -1.2715271083571538)
7.659999999999925 (13.659914920058704, 1.0, -1.2909891594432903)
7.679999999999924 (13.799624751635363, 1.0, -1.2968114037351808)
7.699999999999924 (13.937464378340033, 1.0, -1.28896518707714)
7.719999999999923 (14.070916853767475, 1.0, -1.2678354045178002)
7.739999999999923 (14.197712306685505, 1.0, -1.234195115205714)
7.7599999999999225 (14.315967431370847, 1.0, -1.1891473017428635)
7.779999999999922 (14.42431023687114, 1.0, -1.1340369587325858)
7.799999999999922 (14.521978154187003, 1.0, -1.070342842499414)
7.819999999999921 (14.60887986766306, 1.0, -0.9995632299967118)
7.839999999999921 (14.685615376429979, 1.0, -0.9231130870714735)
7.85999999999992 (14.753453113535787, 1.0, -0.8422502353397044)
7.87999999999992 (14.81426605413399, 1.0, -0.758044722702559)
7.8999999999999195 (14.870429859782432, 1.0, -0.6713985022041371)
7.919999999999919 (14.924685478446623, 1.0, -0.5831123115166975)
7.939999999999919 (14.979967803198154, 1.0, -0.49398498140016744)
7.959999999999918 (15.039203565605685, 1.0, -0.4049202695513752)
7.979999999999918 (15.105087959120866, 1.0, -0.31701168546472624)
7.999999999999917 (15.179908104605623, 1.0, -0.23155925060317878)
8.019999999999918 (15.265238231503314, 1.0, -0.15010325345376516)
8.039999999999917 (15.36179148348065, 1.0, -0.0743317161183877)
8.059999999999917 (15.469577828099055, 1.0, -0.006007804140110703)
8.079999999999917 (15.587898198714214, 1.0, 0.053379151244261805)
8.099999999999916 (15.715440016304072, 1.0, 0.10226397659648763)
8.119999999999916 (15.850245239108316, 1.0, 0.13938656266400354)
8.139999999999915 (15.990026077670741, 1.0, 0.1637639671590779)
8.159999999999915 (16.13228641340097, 1.0, 0.17474076995014293)
8.179999999999914 (16.274410952010875, 1.0, 0.17204571181115375)
8.199999999999914 (16.413780466136615, 1.0, 0.15581734770580774)
8.219999999999914 (16.54790667428928, 1.0, 0.1266006124518617)
8.239999999999913 (16.67457308300991, 1.0, 0.08531228048429473)
8.259999999999913 (16.791970532221697, 1.0, 0.03317382579918642)
8.279999999999912 (16.898816088725837, 1.0, -0.028384389544471818)
8.299999999999912 (16.99444400956495, 1.0, -0.09783750323641793)
8.319999999999911 (17.07886007991541, 1.0, -0.17368416452767083)
8.339999999999911 (17.15275496097231, 1.0, -0.2545504458065504)
8.35999999999991 (17.21747651027307, 1.0, -0.3392620272442645)
8.37999999999991 (17.27496391767965, 1.0, -0.42687061352027833)
8.39999999999991 (17.327647160208237, 1.0, -0.5166277072468785)
8.41999999999991 (17.378314003043712, 1.0, -0.607909019583572)
8.439999999999909 (17.429945219958686, 1.0, -0.7001043841422315)
8.459999999999908 (17.48551963620956, 1.0, -0.7924982412982062)
8.479999999999908 (17.547796610883868, 1.0, -0.8841707675215886)
8.499999999999908 (17.619141333855392, 1.0, -0.9739701121664266)
8.519999999999907 (17.701222193156195, 1.0, -1.0604588447838896)
8.539999999999907 (17.794857006739136, 1.0, -1.141996981856598)
8.559999999999906 (17.900167393928523, 1.0, -1.216824109510142)
8.579999999999906 (18.016550641251563, 1.0, -1.283410225162061)
8.599999999999905 (18.142797513197703, 1.0, -1.3401077838933302)
8.619999999999905 (18.277033563849255, 1.0, -1.385533295231228)
8.639999999999905 (18.41703805160914, 1.0, -1.4185587777397703)
8.659999999999904 (18.560361832695364, 1.0, -1.4383697340711894)
8.679999999999904 (18.70441238515351, 1.0, -1.4445274911022585)
8.699999999999903 (18.846567128193122, 1.0, -1.437002150341465)
8.719999999999903 (18.98430831129094, 1.0, -1.4161777468115293)
8.739999999999903 (19.11536583027973, 1.0, -1.3828267588618655)
8.759999999999902 (19.237856812304575, 1.0, -1.338051753262273)
8.779999999999902 (19.350410397020838, 1.0, -1.2831973653235285)
8.799999999999901 (19.452265816510533, 1.0, -1.2197419806955359)
8.8199999999999 (19.54333414036839, 1.0, -1.1491834935306058)
8.8399999999999 (19.62421819725918, 1.0, -1.072936550621922)
8.8599999999999 (19.696189506252484, 1.0, -0.9922588619678108)
8.8799999999999 (19.76112415200794, 1.0, -0.9082207554842222)
8.899999999999899 (19.821400654048198, 1.0, -0.8217250371259694)
8.919999999999899 (19.879762261599026, 1.0, -0.7335739960835976)
8.939999999999898 (19.939145307407586, 1.0, -0.6445687342767896)
8.959999999999898 (20.002476850960324, 1.0, -0.5556158886419342)
8.979999999999897 (20.072451177615427, 1.0, -0.4678122223771543)
8.999999999999897 (20.151353998224494, 1.0, -0.3824608120296042)
9.019999999999897 (20.24075633362679, 1.0, -0.3011052318399297)
9.039999999999896 (20.341366414232105, 1.0, -0.22543652223411895)
9.059999999999896 (20.453190348193917, 1.0, -0.15722155774643595)
9.079999999999895 (20.57552693822467, 1.0, -0.0979481113212117)
9.099999999999895 (20.707062681301856, 1.0, -0.04918461767931703)
9.119999999999894 (20.845835675683016, 1.0, -0.012191913372161108)
9.139999999999894 (20.989555358574037, 1.0, 0.012046696338466834)
9.159999999999894 (21.13572388988372, 1.0, 0.02287566745677864)
9.179999999999893 (21.281724757664755, 1.0, 0.02002408206303798)
9.199999999999893 (21.424937984858328, 1.0, 0.003631190834945481)
9.219999999999892 (21.562875172926177, 1.0, -0.02575721480631088)
9.239999999999892 (21.693320457233316, 1.0, -0.06722353297341589)
9.259999999999891 (21.814466074939297, 1.0, -0.11954567633958457)
9.279999999999891 (21.925031210311733, 1.0, -0.18129304399187482)
9.29999999999989 (22.02435285186037, 1.0, -0.2509410079792118)
9.31999999999989 (22.11243997788755, 1.0, -0.3269889343025302)
9.33999999999989 (22.1899867224409, 1.0, -0.40806400486690864)
9.35999999999989 (22.2583444986586, 1.0, -0.49299322360522824)
9.379999999999889 (22.319455930326058, 1.0, -0.5808295938114113)
9.399999999999888 (22.37575409675685, 1.0, -0.6708256340767391)
9.419999999999888 (22.430029321041765, 1.0, -0.7623575639559049)
9.439999999999888 (22.485264187792335, 1.0, -0.8548150731305709)
9.459999999999887 (22.54443842415718, 1.0, -0.9474817718491305)
9.479999999999887 (22.61031130792483, 1.0, -1.039436397814412)
9.499999999999886 (22.685247599212882, 1.0, -1.1295255205217822)
9.519999999999886 (22.77091377939429, 1.0, -1.2163093648553085)
9.539999999999885 (22.868124278144435, 1.0, -1.2981452265050595)
9.559999999999885 (22.97699833824417, 1.0, -1.3732690007556103)
9.579999999999885 (23.09693195068924, 1.0, -1.4401514640577302)
9.599999999999884 (23.226715986276872, 1.0, -1.4971412420732257)
9.619999999999884 (23.364473118329585, 1.0, -1.5428528039416232)
9.639999999999883 (23.50798052282596, 1.0, -1.5761563759092054)
9.659999999999883 (23.654787725607004, 1.0, -1.596235872014584)
9.679999999999882 (23.802301092503054, 1.0, -1.6026514567446095)
9.699999999999882 (23.947897114232422, 1.0, -1.5953724552353723)
9.719999999999882 (24.089057462270837, 1.0, -1.5747824167404758)
9.739999999999881 (24.223511940613093, 1.0, -1.5416535294799083)
9.75999999999988 (24.349378139973908, 1.0, -1.497088164373634)
9.77999999999988 (24.46528623609317, 1.0, -1.4424307603558237)
9.79999999999988 (24.570477038278504, 1.0, -1.3791594464315382)
9.81999999999988 (24.66486365601328, 1.0, -1.3087717970056334)
9.839999999999879 (24.749051300671088, 1.0, -1.2326821377921553)
9.859999999999879 (24.824314061444653, 1.0, -1.1521479755151665)
9.879999999999878 (24.892530592643734, 1.0, -1.068239706869089)
9.899999999999878 (24.95608176547077, 1.0, -0.9818606328154758)
9.919999999999877 (25.017712724810092, 1.0, -0.8938140754877568)
9.939999999999877 (25.080361007490637, 1.0, -0.8049027374751914)
9.959999999999877 (25.146953994003503, 1.0, -0.7160353494587909)
9.979999999999876 (25.220185314895602, 1.0, -0.628311090179278)
9.999999999999876 (25.302339639198774, 1.0, -0.5430353270887622)
