0.0 (-6.75, 1.0, 0.0)
0.02 (-6.7503921969086775, 1.0, 0.008840811828444248)
0.04 (-6.752407273874004, 1.0, 0.016778801920140952)
0.06 (-6.747758456330652, 1.0, -0.005401368977931909)
0.08 (-6.735721015922236, 1.0, -0.07687158669681474)
0.1 (-6.721346524221168, 1.0, -0.1920712607259657)
0.12000000000000001 (-6.706783522527773, 1.0, -0.3342577779090506)
0.14 (-6.693425890903542, 1.0, -0.4872859305065749)
0.16 (-6.682876637780328, 1.0, -0.6404040015642016)
0.18 (-6.6761005657873165, 1.0, -0.7868647849441462)
0.19999999999999998 (-6.673244562339111, 1.0, -0.9221022927911054)
0.21999999999999997 (-6.673868305333301, 1.0, -1.0428279881182108)
0.23999999999999996 (-6.677161850305902, 1.0, -1.1466854686147376)
0.25999999999999995 (-6.682093631073905, 1.0, -1.2319560196118837)
0.27999999999999997 (-6.687516733452351, 1.0, -1.2973589674175678)
0.3 (-6.69225485543544, 1.0, -1.3419634000569478)
0.32 (-6.695189274913357, 1.0, -1.3651558220524855)
0.34 (-6.695346312888235, 1.0, -1.3666275196130757)
0.36000000000000004 (-6.691977101372815, 1.0, -1.3463700841860258)
0.38000000000000006 (-6.684627389478922, 1.0, -1.3046818784053413)
0.4000000000000001 (-6.67318789361041, 1.0, -1.242185899188492)
0.4200000000000001 (-6.657912347682053, 1.0, -1.159856019666557)
0.4400000000000001 (-6.63939372740032, 1.0, -1.0590439781416485)
0.46000000000000013 (-6.6184969449486974, 1.0, -0.9414935167812248)
0.48000000000000015 (-6.596256567095109, 1.0, -0.8093248665105879)
0.5000000000000001 (-6.573676892149477, 1.0, -0.664988732537436)
0.5200000000000001 (-6.55188558562229, 1.0, -0.5110425649657845)
0.5400000000000001 (-6.531771770791217, 1.0, -0.3503533486285749)
0.5600000000000002 (-6.513941355904312, 1.0, -0.18564626761907307)
0.5800000000000002 (-6.498774476121113, 1.0, -0.019545000426020906)
0.6000000000000002 (-6.486440774139878, 1.0, 0.14547190717090283)
0.6200000000000002 (-6.4768915868152135, 1.0, 0.3070200649074457)
0.6400000000000002 (-6.469889161738264, 1.0, 0.46279552569602045)
0.6600000000000003 (-6.465043605889809, 1.0, 0.6105671066325224)
0.6800000000000003 (-6.461845863940455, 1.0, 0.7481879743024664)
0.7000000000000003 (-6.459700186671589, 1.0, 0.873624148355692)
0.7200000000000003 (-6.4579538925977324, 1.0, 0.9849908161697075)
0.7400000000000003 (-6.455923367077768, 1.0, 1.0805890116674155)
0.7600000000000003 (-6.452916527455918, 1.0, 1.1589384941453953)
0.7800000000000004 (-6.448253512561673, 1.0, 1.2188042353055517)
0.8000000000000004 (-6.441288717878566, 1.0, 1.2592149103794057)
0.8200000000000004 (-6.431437936513666, 1.0, 1.2794733866612633)
0.8400000000000004 (-6.418213620037093, 1.0, 1.2791612256798424)
0.8600000000000004 (-6.401268652460849, 1.0, 1.2581410533749722)
0.8800000000000004 (-6.3804447399134965, 1.0, 1.2165617334624006)
0.9000000000000005 (-6.355816734291009, 1.0, 1.1548709733531206)
0.9200000000000005 (-6.3277208613273475, 1.0, 1.073837641657042)
0.9400000000000005 (-6.296754865703949, 1.0, 0.9745812973835385)
0.9600000000000005 (-6.263742507276941, 1.0, 0.8585997571194246)
0.9800000000000005 (-6.229662941809687, 1.0, 0.7277792054185969)
1.0000000000000004 (-6.195504112270901, 1.0, 0.5843773914629486)
1.0200000000000005 (-6.1623292084045405, 1.0, 0.4308743834633179)
1.0400000000000005 (-6.131013410586856, 1.0, 0.2700714892611629)
1.0600000000000005 (-6.102156655193775, 1.0, 0.1047467528268873)
1.0800000000000005 (-6.076220513816127, 1.0, -0.062398792405972105)
1.1000000000000005 (-6.053353314554581, 1.0, -0.2286885832612867)
1.1200000000000006 (-6.033494094035365, 1.0, -0.3916377873897503)
1.1400000000000006 (-6.016397850497371, 1.0, -0.5488796242912347)
1.1600000000000006 (-6.001652950362815, 1.0, -0.6981379230397453)
1.1800000000000006 (-5.988719282284995, 1.0, -0.8372371234591424)
1.2000000000000006 (-5.976963147652354, 1.0, -0.9641284281508086)
1.2200000000000006 (-5.965688856684955, 1.0, -1.0769216767655272)
1.2400000000000007 (-5.954166411411147, 1.0, -1.1739186972609972)
1.2600000000000007 (-5.941655682640989, 1.0, -1.253644387805164)
1.2800000000000007 (-5.927428817165892, 1.0, -1.3148720346979534)
1.3000000000000007 (-5.910793889115056, 1.0, -1.3566408156234986)
1.3200000000000007 (-5.891123498313156, 1.0, -1.3782653793221435)
1.3400000000000007 (-5.867891303705945, 1.0, -1.379339432862141)
1.3600000000000008 (-5.840716872225565, 1.0, -1.3597371356575172)
1.3800000000000008 (-5.809414952077627, 1.0, -1.3196172520799905)
1.4000000000000008 (-5.7740405111161675, 1.0, -1.2594347702522093)
1.4200000000000008 (-5.734917536695618, 1.0, -1.1799623833533384)
1.4400000000000008 (-5.692639620818207, 1.0, -1.082319457178445)
1.4600000000000009 (-5.64803473353821, 1.0, -0.967999402568674)
1.4800000000000009 (-5.602094619221166, 1.0, -0.8388799971505116)
1.5000000000000009 (-5.555826969979814, 1.0, -0.6972081068626556)
1.520000000000001 (-5.510322866754625, 1.0, -0.545447386262611)
1.540000000000001 (-5.466492046179771, 1.0, -0.3863848868266833)
1.560000000000001 (-5.424969868514816, 1.0, -0.22278429783538511)
1.580000000000001 (-5.386258010337427, 1.0, -0.057331705339105456)
1.600000000000001 (-5.350545087635438, 1.0, 0.10730416684120904)
1.620000000000001 (-5.317810769427434, 1.0, 0.26864502244393274)
1.640000000000001 (-5.2878520943269605, 1.0, 0.42432704653533004)
1.660000000000001 (-5.260300893891701, 1.0, 0.5720729784165832)
1.680000000000001 (-5.234662023875581, 1.0, 0.7097028635360113)
1.700000000000001 (-5.210347980577182, 1.0, 0.8351609039589621)
1.720000000000001 (-5.186710065533864, 1.0, 0.9465478277996875)
1.740000000000001 (-5.163065526320004, 1.0, 1.0421546314452488)
1.7600000000000011 (-5.1387211205128915, 1.0, 1.1204940045992422)
1.7800000000000011 (-5.1129948802139795, 1.0, 1.180325978344293)
1.8000000000000012 (-5.085239113836561, 1.0, 1.2206758274184262)
1.8200000000000012 (-5.054868341825423, 1.0, 1.2408442418321373)
1.8400000000000012 (-5.021395108320661, 1.0, 1.240411819378594)
1.8600000000000012 (-4.9844739590406055, 1.0, 1.219241736088466)
1.8800000000000012 (-4.9439495758066, 1.0, 1.1774854797157912)
1.9000000000000012 (-4.899900302629627, 1.0, 1.1155961225948055)
1.9200000000000013 (-4.852665032181148, 1.0, 1.0343511499083018)
1.9400000000000013 (-4.802841603388232, 1.0, 0.9348820262245398)
1.9600000000000013 (-4.751249450061609, 1.0, 0.8187010667706601)
1.9800000000000013 (-4.6988574664039, 1.0, 0.6877100574376855)
2.0000000000000013 (-4.646632208919711, 1.0, 0.5441815224584349)
2.0200000000000014 (-4.595620140204772, 1.0, 0.39060256301684604)
2.0400000000000014 (-4.546668512091808, 1.0, 0.22978837474708624)
2.0600000000000014 (-4.500338285121678, 1.0, 0.06451790522259401)
2.0800000000000014 (-4.457066199510092, 1.0, -0.10251414377863954)
2.1000000000000014 (-4.416960662173524, 1.0, -0.2686259224964856)
2.1200000000000014 (-4.379924129420341, 1.0, -0.4313406585808999)
2.1400000000000015 (-4.345677201877244, 1.0, -0.5883015955563657)
2.1600000000000015 (-4.313773192558351, 1.0, -0.7372419786091557)
2.1800000000000015 (-4.283637464785111, 1.0, -0.8759960131391166)
2.2000000000000015 (-4.254603408712768, 1.0, -1.002525683214852)
2.2200000000000015 (-4.225945170374135, 1.0, -1.114952436561836)
2.2400000000000015 (-4.196906492467195, 1.0, -1.211590122856407)
2.2600000000000016 (-4.16672600821551, 1.0, -1.290975681447941)
2.2800000000000016 (-4.13466061909367, 1.0, -1.3518940325031028)
2.3000000000000016 (-4.100009870466985, 1.0, -1.393395101654715)
2.3200000000000016 (-4.062144966529985, 1.0, -1.4148029065780494)
2.3400000000000016 (-4.02054538367246, 1.0, -1.4157186864949673)
2.3600000000000017 (-3.974843455380876, 1.0, -1.3960219337217337)
2.3800000000000017 (-3.924873047596237, 1.0, -1.3558743422482005)
2.4000000000000017 (-3.870713693999371, 1.0, -1.2957314213406046)
2.4200000000000017 (-3.812718242046596, 1.0, -1.2163641597150392)
2.4400000000000017 (-3.751512116910199, 1.0, -1.1188882900083086)
2.4600000000000017 (-3.6879567071917654, 1.0, -1.0047919588175576)
2.4800000000000018 (-3.623077400221734, 1.0, -0.8759462598131436)
2.5000000000000018 (-3.557910162729414, 1.0, -0.7345913721146282)
2.520000000000002 (-3.4935817857851577, 1.0, -0.5831756382321515)
2.540000000000002 (-3.4310316552594937, 1.0, -0.4244828390780263)
2.560000000000002 (-3.3709112540653607, 1.0, -0.26126702849858946)
2.580000000000002 (-3.3137502186707994, 1.0, -0.09620017604033931)
2.600000000000002 (-3.2597481584208734, 1.0, 0.068043716715007)
2.620000000000002 (-3.2088938633038184, 1.0, 0.22899095780323836)
2.640000000000002 (-3.160992280700819, 1.0, 0.3842810590171163)
2.660000000000002 (-3.115679547784856, 1.0, 0.5316365095868655)
2.680000000000002 (-3.0724621703932526, 1.0, 0.6688753710013047)
2.700000000000002 (-3.0307521964781254, 1.0, 0.7939395519488162)
2.720000000000002 (-2.989898937841048, 1.0, 0.9049276341780184)
2.740000000000002 (-2.949216715189693, 1.0, 1.0001287626404964)
2.760000000000002 (-2.908009075779062, 1.0, 1.0780541688805492)
2.780000000000002 (-2.8655912224461164, 1.0, 1.1374628383962264)
2.800000000000002 (-2.8213136244867862, 1.0, 1.1773793746608496)
2.820000000000002 (-2.7745904400683856, 1.0, 1.1971041618161118)
2.840000000000002 (-2.7249356223815564, 1.0, 1.1962179611984827)
2.860000000000002 (-2.672006922651807, 1.0, 1.1745848495781268)
2.880000000000002 (-2.615653705085125, 1.0, 1.132358375421741)
2.900000000000002 (-2.55595975900006, 1.0, 1.0699953157225814)
2.920000000000002 (-2.493269089826935, 1.0, 0.9882788718065346)
2.940000000000002 (-2.4281829526906, 1.0, 0.888348267500196)
2.960000000000002 (-2.3615210953821952, 1.0, 0.7717251375461368)
2.980000000000002 (-2.2942484824970895, 1.0, 0.6403211161620599)
3.000000000000002 (-2.2273193762947416, 1.0, 0.4964178509410391)
3.0200000000000022 (-2.161772037014672, 1.0, 0.34250542247191634)
3.0400000000000023 (-2.098436952693102, 1.0, 0.18140794911373137)
3.0600000000000023 (-2.037849323450896, 1.0, 0.015903526531002674)
3.0800000000000023 (-1.9804316333486334, 1.0, -0.15131921622274355)
3.1000000000000023 (-1.9262652203875117, 1.0, -0.3175742298770698)
3.1200000000000023 (-1.8752278725986753, 1.0, -0.48039107290733124)
3.1400000000000023 (-1.8270169731490706, 1.0, -0.6374205552327854)
3.1600000000000024 (-1.7811617367244486, 1.0, -0.7864027080652988)
3.1800000000000024 (-1.7370635071440543, 1.0, -0.9251786105126198)
3.2000000000000024 (-1.6940325754814098, 1.0, -1.0517178150560598)
3.2200000000000024 (-1.6513217675832297, 1.0, -1.1641499248807885)
3.2400000000000024 (-1.608156160889393, 1.0, -1.2607972356205133)
3.2600000000000025 (-1.5637592304019838, 1.0, -1.3402051379443052)
3.2800000000000025 (-1.5173769754765325, 1.0, -1.4011666956552595)
3.3000000000000025 (-1.4683028640498814, 1.0, -1.4427393193466604)
3.3200000000000025 (-1.4159071864906327, 1.0, -1.4642535006980915)
3.3400000000000025 (-1.3596737517431507, 1.0, -1.4653156328750674)
3.3600000000000025 (-1.2992442866803315, 1.0, -1.4458088238058515)
3.3800000000000026 (-1.2344666571993683, 1.0, -1.4058967603629322)
3.4000000000000026 (-1.1654382952633524, 1.0, -1.3460353887522416)
3.4200000000000026 (-1.0925329210711177, 1.0, -1.2669947682662182)
3.4400000000000026 (-1.0163987360653348, 1.0, -1.1698885702182507)
3.4600000000000026 (-0.937920683670137, 1.0, -1.0562019260673905)
3.4800000000000026 (-0.8581474027300545, 1.0, -0.9278020156106196)
3.5000000000000027 (-0.7781334444488011, 1.0, -0.786925142605843)
3.5200000000000027 (-0.6990297340266306, 1.0, -0.6360089707384069)
3.5400000000000027 (-0.621794765485946, 1.0, -0.47783582087140497)
3.5600000000000027 (-0.5470885458025488, 1.0, -0.3151529526390191)
3.5800000000000027 (-0.47545871276632223, 1.0, -0.15062169082307952)
3.6000000000000028 (-0.4071097927375957, 1.0, 0.013079663338970364)
3.6200000000000028 (-0.34203428333022223, 1.0, 0.17348120517194465)
3.640000000000003 (-0.28004013898206936, 1.0, 0.3282254659567062)
3.660000000000003 (-0.2207639039260146, 1.0, 0.4750353281945962)
3.680000000000003 (-0.16371063971246608, 1.0, 0.6117280256861045)
3.700000000000003 (-0.10828956869950099, 1.0, 0.7362444926708421)
3.720000000000003 (-0.05384627929184123, 1.0, 0.8466825058359506)
3.740000000000003 (0.0003090076397027231, 1.0, 0.9413306544336952)
3.760000000000003 (0.054876667925190054, 1.0, 1.0186999102355123)
3.780000000000003 (0.11054469543954233, 1.0, 1.077549282472067)
3.800000000000003 (0.16796460029465995, 1.0, 1.1169036241489592)
3.820000000000003 (0.22772260729962854, 1.0, 1.1360637563745821)
3.840000000000003 (0.2903033350246015, 1.0, 1.134611108842226)
3.860000000000003 (0.3560457982044676, 1.0, 1.1124108243336577)
3.880000000000003 (0.4250958711926096, 1.0, 1.0696182008343316)
3.900000000000003 (0.4973640594822745, 1.0, 1.0066927885178178)
3.920000000000003 (0.5725005824531664, 1.0, 0.924421851472887)
3.940000000000003 (0.6498994142759152, 1.0, 0.8239499956802439)
3.960000000000003 (0.7287381445159979, 1.0, 0.7068052174095899)
3.980000000000003 (0.8080521607770024, 1.0, 0.5749057551811833)
4.000000000000003 (0.8868939252202276, 1.0, 0.43053927077371773)
4.020000000000002 (0.964228334991552, 1.0, 0.27619686263271187)
4.040000000000002 (1.0392346986557335, 1.0, 0.11470875806211037)
4.060000000000001 (1.111394961477241, 1.0, -0.05114839725150151)
4.080000000000001 (1.1802946140886446, 1.0, -0.21869134557437014)
4.1000000000000005 (1.2458708574783321, 1.0, -0.3852307470544275)
4.12 (1.3082627567115979, 1.0, -0.5483011317561233)
4.14 (1.3677888320340066, 1.0, -0.7055590537656449)
4.159999999999999 (1.4249366915701864, 1.0, -0.8547494780272716)
4.179999999999999 (1.4803219662841736, 1.0, -0.9937183596990158)
4.199999999999998 (1.5346508394671938, 1.0, -1.1204406018890172)
4.219999999999998 (1.5886858031334332, 1.0, -1.233051580849109)
4.2399999999999975 (1.6432152715017387, 1.0, -1.3298795780485173)
4.259999999999997 (1.6990267787116236, 1.0, -1.4094759780521675)
4.279999999999997 (1.756882268971194, 1.0, -1.47063961714578)
4.299999999999996 (1.8174927028233385, 1.0, -1.5124331982653836)
4.319999999999996 (1.8814884268799459, 1.0, -1.5341917707971104)
4.339999999999995 (1.949382397818019, 1.0, -1.5355253392271533)
4.359999999999995 (2.0215259137118435, 1.0, -1.5163195455164533)
4.379999999999995 (2.0980607399435582, 1.0, -1.4767395131845937)
4.399999999999994 (2.1788762391138436, 1.0, -1.417241623077406)
4.419999999999994 (2.2635833884259395, 1.0, -1.338595543113206)
4.439999999999993 (2.351517452737773, 1.0, -1.241913909982659)
4.459999999999993 (2.441776634044129, 1.0, -1.1286802792755584)
4.479999999999992 (2.5332959802651684, 1.0, -1.0007596834141617)
4.499999999999992 (2.6250085902451996, 1.0, -0.8603863198836711)
4.519999999999992 (2.715746988141058, 1.0, -0.7099903859616589)
4.539999999999991 (2.804540287462574, 1.0, -0.5523538232152044)
4.559999999999991 (2.89072438475481, 1.0, -0.3902190637759109)
4.57999999999999 (2.9737399628127785, 1.0, -0.22623938603787713)
4.59999999999999 (3.05338100930947, 1.0, -0.06309658578868012)
4.6199999999999894 (3.1296543051509698, 1.0, 0.09674251678540377)
4.639999999999989 (3.2027515692083317, 1.0, 0.25092308559402615)
4.659999999999989 (3.273037838735841, 1.0, 0.39716869211121897)
4.679999999999988 (3.3410109447838887, 1.0, 0.5332963925411711)
4.699999999999988 (3.407265474218673, 1.0, 0.6572468929004323)
4.719999999999987 (3.4724601530309265, 1.0, 0.7671179116002933)
4.739999999999987 (3.537289138960022, 1.0, 0.8611981879895272)
4.7599999999999865 (3.602456789365909, 1.0, 0.9379990678798061)
4.779999999999986 (3.668654232155522, 1.0, 0.9962801296623612)
4.799999999999986 (3.7365348697660137, 1.0, 1.035066926345836)
4.819999999999985 (3.8066852815954713, 1.0, 1.053661058885735)
4.839999999999985 (3.879588744952596, 1.0, 1.0516448269414458)
4.859999999999984 (3.95558125809792, 1.0, 1.028884436535792)
4.879999999999984 (4.034804240540431, 1.0, 0.9855366387480273)
4.8999999999999835 (4.117162778805337, 1.0, 0.9220630705844886)
4.919999999999983 (4.202301405857125, 1.0, 0.8392539135387472)
4.939999999999983 (4.289608990601084, 1.0, 0.7382575503175377)
4.959999999999982 (4.378259468207387, 1.0, 0.620606372457228)
4.979999999999982 (4.467286744918556, 1.0, 0.488223100601285)
4.999999999999981 (4.5557466991891005, 1.0, 0.3433994136763066)
5.019999999999981 (4.6426046166053885, 1.0, 0.18862637206743646)
5.0399999999999805 (4.727045361005812, 1.0, 0.0267384640015204)
5.05999999999998 (4.808562421309606, 1.0, -0.13948926978381826)
5.07999999999998 (4.8867455240153665, 1.0, -0.30737817055978794)
5.099999999999979 (4.9615447348759165, 1.0, -0.4742362677563911)
5.119999999999979 (5.033110799010406, 1.0, -0.6376019718118139)
5.139999999999978 (5.101773290712122, 1.0, -0.7951362024336912)
5.159999999999978 (5.168031740641448, 1.0, -0.9445875245212179)
5.1799999999999775 (5.2325139590021905, 1.0, -1.083805368050072)
5.199999999999977 (5.295938057610731, 1.0, -1.2107684421880112)
5.219999999999977 (5.35907770086392, 1.0, -1.323616241412548)
5.239999999999976 (5.422731202809045, 1.0, -1.42068132845294)
5.259999999999976 (5.487694215478038, 1.0, -1.5005193842855964)
5.279999999999975 (5.554734562361614, 1.0, -1.5619333872981527)
5.299999999999975 (5.624566487904672, 1.0, -1.6039898356961801)
5.3199999999999745 (5.697820802180508, 1.0, -1.6260270410426894)
5.339999999999974 (5.77500803183253, 1.0, -1.627657589545099)
5.359999999999974 (5.856474244286533, 1.0, -1.6087689464370878)
5.379999999999973 (5.942353440594885, 1.0, -1.5695273126374738)
5.399999999999973 (6.0325251246580285, 1.0, -1.510389501714885)
5.419999999999972 (6.126588912490097, 1.0, -1.4321251240577366)
5.439999999999972 (6.223867903976205, 1.0, -1.3358464100758125)
5.4599999999999715 (6.323448066922769, 1.0, -1.223036214939079)
5.479999999999971 (6.424252833446118, 1.0, -1.0955585042800577)
5.499999999999971 (6.52520699877881, 1.0, -0.9556464398646951)
5.51999999999997 (6.6251315658207695, 1.0, -0.8057249571738092)
5.53999999999997 (6.723047550808721, 1.0, -0.6485762122171441)
5.559999999999969 (6.818289269735883, 1.0, -0.4869391662689092)
5.579999999999969 (6.91028975829638, 1.0, -0.3234609801640019)
5.599999999999969 (6.99884335442445, 1.0, -0.1608262781583031)
5.619999999999968 (7.083957661838334, 1.0, -0.0014993803840962425)
5.639999999999968 (7.165825435157338, 1.0, 0.15216711813584138)
5.659999999999967 (7.2448141684674425, 1.0, 0.2978975779627894)
5.679999999999967 (7.321425092553323, 1.0, 0.4335092227087304)
5.699999999999966 (7.396256808500874, 1.0, 0.5569429284336057)
5.719999999999966 (7.469972326240389, 1.0, 0.6662967415944836)
5.739999999999966 (7.5432699896579445, 1.0, 0.7598599015784246)
5.759999999999965 (7.616857863978523, 1.0, 0.8361444243655728)
5.779999999999965 (7.691429940029178, 1.0, 0.893910693098097)
5.799999999999964 (7.767641322374307, 1.0, 0.932185136847046)
5.819999999999964 (7.846078899853916, 1.0, 0.9502702501135399)
5.839999999999963 (7.927224748843976, 1.0, 0.9477492361229853)
5.859999999999963 (8.011412182997038, 1.0, 0.9244892784576995)
5.879999999999963 (8.098778651577918, 1.0, 0.8806483173175255)
5.899999999999962 (8.189224368731763, 1.0, 0.8166895685095903)
5.919999999999962 (8.282388648248487, 1.0, 0.7334053304851933)
5.939999999999961 (8.377655464648294, 1.0, 0.6319466683228456)
5.959999999999961 (8.474194870980226, 1.0, 0.5138490495550253)
5.9799999999999605 (8.571038479688786, 1.0, 0.38103827632628695)
5.99999999999996 (8.667243667227758, 1.0, 0.235808748649215)
6.01999999999996 (8.761774692879497, 1.0, 0.08065096525681997)
6.039999999999959 (8.8538194295466, 1.0, -0.0815975612401483)
6.059999999999959 (8.942879239979838, 1.0, -0.24816333456237533)
6.079999999999958 (9.028545903358433, 1.0, -0.41637155447231206)
6.099999999999958 (9.110778539753563, 1.0, -0.5835281294091482)
6.1199999999999575 (9.189736112472902, 1.0, -0.7471744956587112)
6.139999999999957 (9.265755997797452, 1.0, -0.9049749051296522)
6.159999999999957 (9.339346305105748, 1.0, -1.0546805689362377)
6.179999999999956 (9.411143713030492, 1.0, -1.1941434142675589)
6.199999999999956 (9.481875095377138, 1.0, -1.3213448831706036)
6.219999999999955 (9.552322380023023, 1.0, -1.4344274381555233)
6.239999999999955 (9.623291244920583, 1.0, -1.5317267380975372)
6.2599999999999545 (9.695583408695843, 1.0, -1.6118015804394954)
6.279999999999954 (9.76997110483397, 1.0, -1.6734579541010177)
6.299999999999954 (9.847171047420998, 1.0, -1.7157651172528103)
6.319999999999953 (9.92781439318295, 1.0, -1.7380637528531384)
6.339999999999953 (10.012409828128897, 1.0, -1.7399683257800758)
6.359999999999952 (10.10129945868008, 1.0, -1.7213676412596606)
6.379999999999952 (10.194611411338837, 1.0, -1.6824287289890507)
6.3999999999999515 (10.292217749425125, 1.0, -1.6236088158855022)
6.419999999999951 (10.39370955594527, 1.0, -1.545677641401798)
6.439999999999951 (10.498400867826103, 1.0, -1.4497473899911117)
6.45999999999995 (10.605368651309893, 1.0, -1.3373007217261177)
6.47999999999995 (10.713527946596482, 1.0, -1.2102011694507835)
6.499999999999949 (10.821797893565794, 1.0, -1.070681481354984)
6.519999999999949 (10.928991351173693, 1.0, -0.9211628422350631)
6.5399999999999485 (11.034123996194047, 1.0, -0.7644279109942661)
6.559999999999948 (11.13652993592374, 1.0, -0.6032131186031924)
6.579999999999948 (11.23563714388866, 1.0, -0.4401609417731507)
6.599999999999947 (11.33124120100059, 1.0, -0.2779582851536101)
6.619999999999947 (11.423351238795853, 1.0, -0.11906744821067546)
6.639999999999946 (11.512161645857335, 1.0, 0.03416085157893902)
6.659999999999946 (11.59804262198657, 1.0, 0.1794517570553822)
6.6799999999999455 (11.681498791938008, 1.0, 0.31462282256316115)
6.699999999999945 (11.763132567850146, 1.0, 0.4376152843783519)
6.719999999999945 (11.843610902327384, 1.0, 0.5465276893513089)
6.739999999999944 (11.923635910581297, 1.0, 0.6396499178118419)
6.759999999999944 (12.003918946527378, 1.0, 0.7154947564555794)
6.779999999999943 (12.085156510027563, 1.0, 0.77282345237975)
6.799999999999943 (12.16800518228546, 1.0, 0.8106633336176511)
6.8199999999999426 (12.253052114109437, 1.0, 0.8283177773146432)
6.839999999999942 (12.340778340550147, 1.0, 0.8253708372316475)
6.859999999999942 (12.431514858237533, 1.0, 0.8016905550576936)
6.879999999999941 (12.525395687210716, 1.0, 0.7574358346466287)
6.899999999999941 (12.622316809146731, 1.0, 0.6930710932689682)
6.91999999999994 (12.721912944723318, 1.0, 0.6093901823563813)
6.93999999999994 (12.823563647093804, 1.0, 0.5075460966258508)
6.95999999999994 (12.92643526438238, 1.0, 0.38907648621947194)
6.979999999999939 (13.029556880538653, 1.0, 0.2559093022736368)
6.999999999999939 (13.131986296755368, 1.0, 0.11034081647269256)
7.019999999999938 (13.232686118846965, 1.0, -0.04513925102907459)
7.039999999999938 (13.330845728744324, 1.0, -0.20769120467298974)
7.059999999999937 (13.425971937864407, 1.0, -0.3745429368182022)
7.079999999999937 (13.517657338400783, 1.0, -0.5430228402987873)
7.099999999999937 (13.605867518016122, 1.0, -0.7104351093587767)
7.119999999999936 (13.69076731316585, 1.0, -0.8743235434366762)
7.139999999999936 (13.77269969368685, 1.0, -1.0323549523073083)
7.159999999999935 (13.852179034083434, 1.0, -1.1822825105993024)
7.179999999999935 (13.929848562157542, 1.0, -1.3219599596380216)
7.1999999999999345 (14.006441674480289, 1.0, -1.4493707262169089)
7.219999999999934 (14.082746489363204, 1.0, -1.5626594372342588)
7.239999999999934 (14.159574229548229, 1.0, -1.6601640179043968)
7.259999999999933 (14.23773120075807, 1.0, -1.7404455545528186)
7.279999999999933 (14.317992982279925, 1.0, -1.8023122525679813)
7.299999999999932 (14.401078166791104, 1.0, -1.8448354045116928)
7.319999999999932 (14.487618174725636, 1.0, -1.8673574422300767)
7.3399999999999315 (14.578120285880575, 1.0, -1.8694942192414021)
7.359999999999931 (14.672923579529655, 1.0, -1.8511355425412883)
7.379999999999931 (14.772151695410493, 1.0, -1.8124490892906602)
7.39999999999993 (14.875671026033737, 1.0, -1.7538924650266432)
7.41999999999993 (14.983066178426167, 1.0, -1.6762356281041546)
7.439999999999929 (15.093644360336175, 1.0, -1.5805909065323678)
7.459999999999929 (15.206475830649294, 1.0, -1.468441037668139)
7.4799999999999285 (15.320469481012895, 1.0, -1.3416494749918753)
7.499999999999928 (15.434540544767126, 1.0, -1.2024488967365152)
7.519999999999928 (15.54749603470891, 1.0, -1.0532577778794123)
7.539999999999927 (15.658348066992094, 1.0, -0.8968593876235555)
7.559999999999927 (15.766431236761738, 1.0, -0.73598828563627)
7.579999999999926 (15.871170122485, 1.0, -0.5732833362399843)
7.599999999999926 (15.972361898020743, 1.0, -0.41143327687901615)
7.6199999999999255 (16.070017454349102, 1.0, -0.2528987771695208)
7.639999999999925 (16.164332984314047, 1.0, -0.10002899953478289)
7.659999999999925 (16.2556813090311, 1.0, 0.04490191993646448)
7.679999999999924 (16.344570184068033, 1.0, 0.17971192439700756)
7.699999999999924 (16.431605439607797, 1.0, 0.3023426796603949)
7.719999999999923 (16.517457499324887, 1.0, 0.41089328271912545)
7.739999999999923 (16.60283175480437, 1.0, 0.503654278050597)
7.7599999999999225 (16.688442388530238, 1.0, 0.5791392159530526)
7.779999999999922 (16.774988041401222, 1.0, 0.6361101721960662)
7.799999999999922 (16.863126546036675, 1.0, 0.6735953171488044)
7.819999999999921 (16.9534452713019, 1.0, 0.6908988377133639)
7.839999999999921 (17.046424369457878, 1.0, 0.6876055460858244)
7.85999999999992 (17.142392879317725, 1.0, 0.6635842157090474)
7.87999999999992 (17.241481921780277, 1.0, 0.6189945264918902)
7.8999999999999195 (17.34358388625777, 1.0, 0.5543018157047646)
7.919999999999919 (17.44832956075059, 1.0, 0.4703010868307272)
7.939999999999919 (17.555094647944653, 1.0, 0.36814674126122593)
7.959999999999918 (17.663042160069985, 1.0, 0.24937800046143155)
7.979999999999918 (17.771198727286798, 1.0, 0.11592433751999144)
7.999999999999917 (17.878622008426184, 1.0, -0.029916666886717597)
8.019999999999918 (17.98427277122923, 1.0, -0.1856561179433045)
8.039999999999917 (18.08734104581233, 1.0, -0.3484527192022322)
8.059999999999917 (18.187337473089443, 1.0, -0.5155355637041198)
8.079999999999917 (18.283854783738256, 1.0, -0.684235661108896)
8.099999999999916 (18.376863255177952, 1.0, -0.851855820766345)
8.119999999999916 (18.466531986916756, 1.0, -1.0159416925250735)
8.139999999999915 (18.553208021716777, 1.0, -1.1741620614436756)
8.159999999999915 (18.637410374768628, 1.0, -1.3242715740067528)
8.179999999999914 (18.719787173938805, 1.0, -1.4641253053768093)
8.199999999999914 (18.80107673110618, 1.0, -1.5917081416744827)
8.219999999999914 (18.882071855247286, 1.0, -1.7051663077925627)
8.239999999999913 (18.96358798920251, 1.0, -1.802839408521794)
8.259999999999913 (19.046434942476974, 1.0, -1.8832902321858525)
8.279999999999912 (19.131390857414058, 1.0, -1.9453286365020381)
8.299999999999912 (19.21917576906139, 1.0, -1.9880274328208694)
8.319999999999911 (19.310421300527562, 1.0, -2.010730359908922)
8.339999999999911 (19.405633648421993, 1.0, -2.013054311899457)
8.35999999999991 (19.50514955941775, 1.0, -1.9948898550546839)
8.37999999999991 (19.609089217781197, 1.0, -1.956405176949638)
8.39999999999991 (19.717314656630794, 1.0, -1.898058218303949)
8.41999999999991 (19.829405522693506, 1.0, -1.8206191870218011)
8.439999999999909 (19.94466382512508, 1.0, -1.725200640291743)
8.459999999999908 (20.062154766829114, 1.0, -1.6132855240215878)
8.479999999999908 (20.18078267425407, 1.0, -1.48673739502321)
8.499999999999908 (20.299460040807617, 1.0, -1.347789037364108)
8.519999999999907 (20.416989618450796, 1.0, -1.1988569399282318)
8.539999999999907 (20.53238111693446, 1.0, -1.0427249887008434)
8.559999999999906 (20.64496992589186, 1.0, -0.8821263402269509)
8.579999999999906 (20.754178312132638, 1.0, -0.7196970544079668)
8.599999999999905 (20.859805093376952, 1.0, -0.5581273383602676)
8.619999999999905 (20.961862897852853, 1.0, -0.399876549356757)
8.639999999999905 (21.06054966650384, 1.0, -0.24729257291683446)
8.659999999999904 (21.156240597132033, 1.0, -0.10264890875073518)
8.679999999999904 (21.24944620409015, 1.0, 0.03187277503053138)
8.699999999999903 (21.340775277376466, 1.0, 0.15421457617617118)
8.719999999999903 (21.430901210697783, 1.0, 0.2624761252263096)
8.739999999999903 (21.52053217458755, 1.0, 0.35494859219577196)
8.759999999999902 (21.610384734547807, 1.0, 0.4301462295373441)
8.779999999999902 (21.70115932561337, 1.0, 0.48683186104592036)
8.799999999999901 (21.79351482414239, 1.0, 0.5240344068538917)
8.8199999999999 (21.888038778673295, 1.0, 0.5410587651548943)
8.8399999999999 (21.985210605156645, 1.0, 0.5374904021960536)
8.8599999999999 (22.085357712968108, 1.0, 0.5131987035719641)
8.8799999999999 (22.1886088090184, 1.0, 0.4683439717063536)
8.899999999999899 (22.2948532831409, 1.0, 0.4033922527472482)
8.919999999999899 (22.40371861924322, 1.0, 0.31913941429277226)
8.939999999999898 (22.514577247263272, 1.0, 0.21674089688317247)
8.959999999999898 (22.626589281708718, 1.0, 0.0977370699920643)
8.979999999999897 (22.73877912379564, 1.0, -0.035941497969880346)
8.999999999999897 (22.85020401977594, 1.0, -0.18199629474336854)
9.019999999999897 (22.959822950069515, 1.0, -0.33793920911209274)
9.039999999999896 (23.066826117576092, 1.0, -0.5009277531087385)
9.059999999999896 (23.17072689856664, 1.0, -0.6681920326157484)
9.079999999999895 (23.271117820315517, 1.0, -0.8370651867064616)
9.099999999999895 (23.367972611141212, 1.0, -1.0048489075906026)
9.119999999999894 (23.46146351169949, 1.0, -1.1690902982569142)
9.139999999999894 (23.551940574796127, 1.0, -1.3274596779371641)
9.159999999999894 (23.639926298242337, 1.0, -1.4777128076304)
9.179999999999893 (23.726072519619404, 1.0, -1.6177057553296905)
9.199999999999893 (23.811121295036624, 1.0, -1.7454244936226055)
9.219999999999892 (23.895869023360476, 1.0, -1.8590164417469903)
9.239999999999892 (23.98113438921657, 1.0, -1.956822464242506)
9.259999999999891 (24.06772990167435, 1.0, -2.037406630014442)
9.279999999999891 (24.156435682516232, 1.0, -2.0995800429783746)
9.29999999999989 (24.247972882715676, 1.0, -2.142416661653651)
9.31999999999989 (24.342973282148346, 1.0, -2.165261213065971)
9.33999999999989 (24.441942236871622, 1.0, -2.1677313804898817)
9.35999999999989 (24.54521468323058, 1.0, -2.1497183120292322)
9.379999999999889 (24.65290812511308, 1.0, -2.1113905997067484)
9.399999999999888 (24.764881219427497, 1.0, -2.053206473297837)
9.419999999999888 (24.880709783132243, 1.0, -1.975936387275669)
9.439999999999888 (24.999691832612907, 1.0, -1.8806931535322784)
9.459999999999887 (25.12088872000765, 1.0, -1.7689599757947798)
9.479999999999887 (25.24320134034855, 1.0, -1.6426005964798402)
9.499999999999886 (25.365540234493878, 1.0, -1.5038479834475142)
9.519999999999886 (25.4867050037143, 1.0, -1.3551171490946508)
9.539999999999885 (25.605703706160817, 1.0, -1.1991925511841457)
9.559999999999885 (25.721872615089445, 1.0, -1.038806280966156)
9.579999999999885 (25.83463239657339, 1.0, -0.8765922085056062)
9.599999999999884 (25.943783409704878, 1.0, -0.7152417175010899)
9.619999999999884 (26.049339873311258, 1.0, -0.5572131101655243)
9.639999999999883 (26.151501312083813, 1.0, -0.4048532304375373)
9.659999999999883 (26.250644994860675, 1.0, -0.26043503214435404)
9.679999999999882 (26.347283796937873, 1.0, -0.12613982431832987)
9.699999999999882 (26.442029012392094, 1.0, -0.004025109063709679)
9.719999999999882 (26.535556527509755, 1.0, 0.10400922866300612)
9.739999999999881 (26.62857683108881, 1.0, 0.19625491733643258)
9.75999999999988 (26.721808467380484, 1.0, 0.27122682720851193)
9.77999999999988 (26.815953355675454, 1.0, 0.327688432611933)
9.79999999999988 (26.91167123304585, 1.0, 0.36466929979849805)
9.81999999999988 (27.0095497951024, 1.0, 0.3814749345226467)
9.839999999999879 (27.11006785093571, 1.0, 0.3776913547044498)
9.859999999999879 (27.21355146868168, 1.0, 0.35318845131962523)
9.879999999999878 (27.32012736734617, 1.0, 0.30812702493186295)
9.899999999999878 (27.429682461430342, 1.0, 0.2429736711488343)
9.919999999999877 (27.541841496082494, 1.0, 0.1585249125393895)
9.939999999999877 (27.655974166198792, 1.0, 0.05593696715517606)
9.959999999999877 (27.77123812844272, 1.0, -0.06324894469451219)
9.979999999999876 (27.88665583819324, 1.0, -0.19710145358048092)
9.999999999999876 (28.001284027852844, 1.0, -0.34332137250680184)
