0.0 (-5.25, 1.0, 0.0)
0.02 (-5.25114361406937, 1.0, -0.049273087159657926)
0.04 (-5.2606914594340335, 1.0, -0.16263471833473542)
0.06 (-5.277430624257238, 1.0, -0.3048086903108529)
0.08 (-5.293136148119055, 1.0, -0.46019918826605866)
0.1 (-5.299803838008718, 1.0, -0.6178087457031507)
0.12000000000000001 (-5.297422017632845, 1.0, -0.7695222860006024)
0.14 (-5.290368833471252, 1.0, -0.9061921076711476)
0.16 (-5.282207897900609, 1.0, -1.022517913868337)
0.18 (-5.275088942755669, 1.0, -1.115975778741999)
0.19999999999999998 (-5.270502754824128, 1.0, -1.1852304049711904)
0.21999999999999997 (-5.269412892433173, 1.0, -1.2297938627817055)
0.23999999999999996 (-5.272185904624858, 1.0, -1.2498237614947536)
0.25999999999999995 (-5.2786738343836905, 1.0, -1.2458569569479978)
0.27999999999999997 (-5.288333664014022, 1.0, -1.2186647422114256)
0.3 (-5.300317959568083, 1.0, -1.1692208325069073)
0.32 (-5.313571239731642, 1.0, -1.0987195247579202)
0.34 (-5.326926042564156, 1.0, -1.008601186417261)
0.36000000000000004 (-5.3391905933846076, 1.0, -0.9005714241131567)
0.38000000000000006 (-5.349230335637713, 1.0, -0.7766105678417456)
0.4000000000000001 (-5.356042730044361, 1.0, -0.6389704956901803)
0.4200000000000001 (-5.358822428037167, 1.0, -0.49015837282553243)
0.4400000000000001 (-5.357012568650805, 1.0, -0.3329074479236458)
0.46000000000000013 (-5.350337387832266, 1.0, -0.1701327165644019)
0.48000000000000015 (-5.338812058133554, 1.0, -0.004867032007414188)
0.5000000000000001 (-5.322660436793181, 1.0, 0.15985341393117383)
0.5200000000000001 (-5.302543465115282, 1.0, 0.3210860726745362)
0.5400000000000001 (-5.279123574932197, 1.0, 0.4758715347156865)
0.5600000000000002 (-5.253241463120613, 1.0, 0.6216621542282758)
0.5800000000000002 (-5.225826838135917, 1.0, 0.7562088583698932)
0.6000000000000002 (-5.1978401142448725, 1.0, 0.8775803017675144)
0.6200000000000002 (-5.170250592427687, 1.0, 0.9841054914305426)
0.6400000000000002 (-5.143984911215887, 1.0, 1.074367729695421)
0.6600000000000003 (-5.1198761080153075, 1.0, 1.1471927750580266)
0.6800000000000003 (-5.098609303689014, 1.0, 1.2016417323819528)
0.7000000000000003 (-5.080674206351774, 1.0, 1.23701044727312)
0.7200000000000003 (-5.0663319359428, 1.0, 1.2528308523146305)
0.7400000000000003 (-5.05559901351647, 1.0, 1.2488735461609453)
0.7600000000000003 (-5.048247254417897, 1.0, 1.2251526115264857)
0.7800000000000004 (-5.043816924631724, 1.0, 1.1819329459818853)
0.8000000000000004 (-5.041640915790627, 1.0, 1.1197390398093876)
0.8200000000000004 (-5.040878831342377, 1.0, 1.039363215890641)
0.8400000000000004 (-5.040561056455524, 1.0, 0.9418710565216669)
0.8600000000000004 (-5.039643298119079, 1.0, 0.8286021891137089)
0.8800000000000004 (-5.0370711545575055, 1.0, 0.7011657594098892)
0.9000000000000005 (-5.031852107766384, 1.0, 0.5614313044098408)
0.9200000000000005 (-5.023129671865491, 1.0, 0.41151633562467793)
0.9400000000000005 (-5.010252235265383, 1.0, 0.2537706082487606)
0.9600000000000005 (-4.992828105294903, 1.0, 0.09075348495123171)
0.9800000000000005 (-4.970758679039953, 1.0, -0.0748033268639956)
1.0000000000000004 (-4.944200949430284, 1.0, -0.240074245705383)
1.0200000000000005 (-4.913711394007545, 1.0, -0.4022241829395182)
1.0400000000000005 (-4.8799524122365066, 1.0, -0.5583767609199461)
1.0600000000000005 (-4.8437419668461095, 1.0, -0.7059266970628382)
1.0800000000000005 (-4.806073234625311, 1.0, -0.8425821906292494)
1.1000000000000005 (-4.767941364142451, 1.0, -0.9662535228177208)
1.1200000000000006 (-4.730293687179237, 1.0, -1.0751952132062925)
1.1400000000000006 (-4.694032984267441, 1.0, -1.167934993571822)
1.1600000000000006 (-4.6599634189279, 1.0, -1.2432510746014693)
1.1800000000000006 (-4.628735395153057, 1.0, -1.3001704264112686)
1.2000000000000006 (-4.600799624818613, 1.0, -1.3379651354969966)
1.2200000000000006 (-4.5763770946900095, 1.0, -1.356150280274784)
1.2400000000000007 (-4.555445334009168, 1.0, -1.354485043948129)
1.2600000000000007 (-4.537739821111011, 1.0, -1.3329771840856652)
1.2800000000000007 (-4.522768497737818, 1.0, -1.2918902336220346)
1.3000000000000007 (-4.509837228795767, 1.0, -1.2317521502486004)
1.3200000000000007 (-4.498085003183356, 1.0, -1.1533633839438484)
1.3400000000000007 (-4.486528890443283, 1.0, -1.0578019863498698)
1.3600000000000008 (-4.474119200216236, 1.0, -0.9464238357167861)
1.3800000000000008 (-4.459804378235634, 1.0, -0.8208572470682933)
1.4000000000000008 (-4.442603037045115, 1.0, -0.6829926634713805)
1.4200000000000008 (-4.421677884197481, 1.0, -0.5349687743451679)
1.4400000000000008 (-4.396404117063824, 1.0, -0.3791551287555142)
1.4600000000000009 (-4.366423790584665, 1.0, -0.2181277999490767)
1.4800000000000009 (-4.331678027652568, 1.0, -0.054630580506137)
1.5000000000000009 (-4.292367147055504, 1.0, 0.10850430428994756)
1.520000000000001 (-4.249096004435617, 1.0, 0.2684435620564169)
1.540000000000001 (-4.202576224185299, 1.0, 0.4223145749325968)
1.560000000000001 (-4.153672643779633, 1.0, 0.5675222224267182)
1.580000000000001 (-4.103425122157716, 1.0, 0.7017915245255303)
1.600000000000001 (-4.052873657189482, 1.0, 0.8230482827222184)
1.620000000000001 (-4.003006022224012, 1.0, 0.9295648044285323)
1.640000000000001 (-3.954763645612809, 1.0, 1.0198869051226291)
1.660000000000001 (-3.908987546638165, 1.0, 1.0928100815016608)
1.680000000000001 (-3.866362848124807, 1.0, 1.1473771098934364)
1.700000000000001 (-3.827372680756331, 1.0, 1.1828734752002772)
1.720000000000001 (-3.7922680582758383, 1.0, 1.1988243973368689)
1.740000000000001 (-3.7610539457051075, 1.0, 1.1949952998982203)
1.7600000000000011 (-3.7334902948992426, 1.0, 1.1713958455898157)
1.7800000000000011 (-3.7091060024716196, 1.0, 1.1282868960916588)
1.8000000000000012 (-3.6872236270958574, 1.0, 1.0661891167259483)
1.8200000000000012 (-3.6669936878318756, 1.0, 0.9858912273091324)
1.8400000000000012 (-3.6474386138811625, 1.0, 0.8884555786381036)
1.8600000000000012 (-3.6275068612769465, 1.0, 0.7752191897466304)
1.8800000000000012 (-3.606136792202233, 1.0, 0.6477895478426587)
1.9000000000000012 (-3.5823277603852457, 1.0, 0.5080358325039394)
1.9200000000000013 (-3.5552132048614524, 1.0, 0.35807678830973966)
1.9400000000000013 (-3.5241283939749093, 1.0, 0.20026511353690238)
1.9600000000000013 (-3.4886644839821974, 1.0, 0.037164682536120285)
1.9800000000000013 (-3.448701025029019, 1.0, -0.1284871356246493)
2.0000000000000013 (-3.4043648846985683, 1.0, -0.29386051998584295)
2.0200000000000014 (-3.3561891905308996, 1.0, -0.4561160204659098)
2.0400000000000014 (-3.30479852842053, 1.0, -0.6123639775653091)
2.0600000000000014 (-3.2509699812713078, 1.0, -0.7599926014188327)
2.0800000000000014 (-3.195670534016734, 1.0, -0.8967111745372612)
2.1000000000000014 (-3.139864999358206, 1.0, -1.0204145946676317)
2.1200000000000014 (-3.084467807506143, 1.0, -1.1293509278890703)
2.1400000000000015 (-3.0303543956626555, 1.0, -1.2220403317051884)
2.1600000000000015 (-2.978306211696536, 1.0, -1.2972523677087016)
2.1800000000000015 (-2.9289550253812893, 1.0, -1.3540070161555129)
2.2000000000000015 (-2.8827370997339514, 1.0, -1.3915721619479313)
2.2200000000000015 (-2.8398637880339406, 1.0, -1.4094619696918813)
2.2400000000000015 (-2.8003084141443613, 1.0, -1.4074383225531164)
2.2600000000000016 (-2.7638081439775464, 1.0, -1.385515396566693)
2.2800000000000016 (-2.7298788201764013, 1.0, -1.3439666696428425)
2.3000000000000016 (-2.6978405399661325, 1.0, -1.2833331215417971)
2.3200000000000016 (-2.666852697185291, 1.0, -1.2044306635328366)
2.3400000000000016 (-2.63595845858748, 1.0, -1.1083544689308136)
2.3600000000000017 (-2.6041391142171375, 1.0, -0.9964783120432802)
2.3800000000000017 (-2.570377868984801, 1.0, -0.8704482166054639)
2.4000000000000017 (-2.533730546695229, 1.0, -0.7321711430989353)
2.4200000000000017 (-2.493398068525373, 1.0, -0.5838000987555484)
2.4400000000000017 (-2.448793375129342, 1.0, -0.4277157843701566)
2.4600000000000017 (-2.399594373984012, 1.0, -0.26650140309200954)
2.4800000000000018 (-2.3457748273857755, 1.0, -0.10290322852114608)
2.5000000000000018 (-2.2875593803260696, 1.0, 0.06024993635633083)
2.520000000000002 (-2.225582713277683, 1.0, 0.22013550949029137)
2.540000000000002 (-2.160571448897215, 1.0, 0.37388307852930236)
2.560000000000002 (-2.093395411118289, 1.0, 0.5189082584884279)
2.580000000000002 (-2.025107338670198, 1.0, 0.6529575746249643)
2.600000000000002 (-1.9567515209142847, 1.0, 0.7739599919832909)
2.620000000000002 (-1.889309357667344, 1.0, 0.8801984970458612)
2.640000000000002 (-1.8237155881311227, 1.0, 0.9702270703384263)
2.660000000000002 (-1.7608037930624698, 1.0, 1.0428458875289726)
2.680000000000002 (-1.7012503834183321, 1.0, 1.0971007594514626)
2.700000000000002 (-1.64552875508288, 1.0, 1.1322789652695961)
2.720000000000002 (-1.5938799542452935, 1.0, 1.147906394618841)
2.740000000000002 (-1.5462994724122954, 1.0, 1.143748294945634)
2.760000000000002 (-1.5025388264028803, 1.0, 1.119813655466883)
2.780000000000002 (-1.4621199105942313, 1.0, 1.0763624525744202)
2.800000000000002 (-1.4243599285619106, 1.0, 1.0139144591031863)
2.820000000000002 (-1.388405683520513, 1.0, 0.9332576479718637)
2.840000000000002 (-1.3532772859901492, 1.0, 0.835453899122411)
2.860000000000002 (-1.3179218066347627, 1.0, 0.7218401698652264)
2.880000000000002 (-1.2812764987794094, 1.0, 0.5940244413173775)
2.900000000000002 (-1.2423390770323735, 1.0, 0.45387708621420636)
2.920000000000002 (-1.2002399131131007, 1.0, 0.30351883631540333)
2.940000000000002 (-1.1543088726674708, 1.0, 0.14530515402374883)
2.960000000000002 (-1.1041285713727416, 1.0, -0.018196724075837792)
2.980000000000002 (-1.0495663287559363, 1.0, -0.18424580266594734)
3.000000000000002 (-0.9907301588639182, 1.0, -0.3500103035610178)
3.0200000000000022 (-0.9281396461744551, 1.0, -0.512649287783612)
3.0400000000000023 (-0.8623941385988284, 1.0, -0.6692646235997012)
3.0600000000000023 (-0.794242370830139, 1.0, -0.8172415289593121)
3.0800000000000023 (-0.7246345165385224, 1.0, -0.9542925375808079)
3.1000000000000023 (-0.6545144671921596, 1.0, -1.0783020906471572)
3.1200000000000023 (-0.5847728734257149, 1.0, -1.1875150888279795)
3.1400000000000023 (-0.5162652715022414, 1.0, -1.280447413218145)
3.1600000000000024 (-0.4497563570488992, 1.0, -1.3558631834001944)
3.1800000000000024 (-0.3858638831707761, 1.0, -1.4127779212920886)
3.2000000000000024 (-0.32501294513236184, 1.0, -1.450456867974587)
3.2200000000000024 (-0.2674071136190302, 1.0, -1.4684137034715463)
3.2400000000000024 (-0.21301582915228356, 1.0, -1.4664122295464486)
3.2600000000000025 (-0.16157666060211398, 1.0, -1.4444710446591131)
3.2800000000000025 (-0.11261040526642344, 1.0, -1.402870441819724)
3.3000000000000025 (-0.06544676705840478, 1.0, -1.3421603122969312)
3.3200000000000025 (-0.01925927789607102, 1.0, -1.263167146537606)
3.3400000000000025 (0.026890599135745513, 1.0, -1.1669978401149357)
3.3600000000000025 (0.07399974768309447, 1.0, -1.0550384380193623)
3.3800000000000026 (0.12306046249571415, 1.0, -0.9289471403361782)
3.4000000000000026 (0.17499077247813782, 1.0, -0.79064231874397)
3.4200000000000026 (0.23056308421871421, 1.0, -0.642286947369132)
3.4400000000000026 (0.29033839791761945, 1.0, -0.48626958611352344)
3.4600000000000026 (0.35461444913343426, 1.0, -0.3251785836238257)
3.4800000000000026 (0.423395812676792, 1.0, -0.16176218037413437)
3.5000000000000027 (0.4964427918291451, 1.0, 0.0011530556036835685)
3.5200000000000027 (0.5731012803555416, 1.0, 0.16075204114718036)
3.5400000000000027 (0.6526367772780065, 1.0, 0.31416493166761095)
3.5600000000000027 (0.7341790598761215, 1.0, 0.4588143828347685)
3.5800000000000027 (0.8166683253652276, 1.0, 0.5924623269263244)
3.6000000000000028 (0.8990594662826189, 1.0, 0.7130386921268002)
3.6200000000000028 (0.980378177628319, 1.0, 0.818833407374435)
3.640000000000003 (1.0596965953754327, 1.0, 0.9084055356228885)
3.660000000000003 (1.1361881727958587, 1.0, 0.9805577819077808)
3.680000000000003 (1.2091841321980432, 1.0, 1.0343374511309344)
3.700000000000003 (1.2782191266000227, 1.0, 1.0690326545601052)
3.720000000000003 (1.34305996190044, 1.0, 1.0841695771072966)
3.740000000000003 (1.4037182382515514, 1.0, 1.079513453274122)
3.760000000000003 (1.4604483485607014, 1.0, 1.0550732114507373)
3.780000000000003 (1.5137328224633744, 1.0, 1.011108911218749)
3.800000000000003 (1.5642572345608756, 1.0, 0.9481406662055532)
3.820000000000003 (1.6128759335290332, 1.0, 0.8669571085873401)
3.840000000000003 (1.6605685454076888, 1.0, 0.7686211284578826)
3.860000000000003 (1.7083867143642986, 1.0, 0.6544710683134447)
3.880000000000003 (1.7573914327876725, 1.0, 0.5261166952245517)
3.900000000000003 (1.8085834375012892, 1.0, 0.38543058680681536)
3.920000000000003 (1.8628317610019491, 1.0, 0.2345360794795638)
3.940000000000003 (1.9208076476138995, 1.0, 0.07579154287435727)
3.960000000000003 (1.9829319693578253, 1.0, -0.08823278083103028)
3.980000000000003 (2.049343756523301, 1.0, -0.25479308778382465)
4.000000000000003 (2.1199466664173046, 1.0, -0.4210564965440799)
4.020000000000002 (2.194228527443223, 1.0, -0.5841818039715031)
4.040000000000002 (2.27160694060653, 1.0, -0.7412650966707839)
4.060000000000001 (2.351353017156332, 1.0, -0.8896904174268362)
4.080000000000001 (2.4325274918040787, 1.0, -1.0271742774636965)
4.1000000000000005 (2.5142011143078618, 1.0, -1.1515939772289305)
4.12 (2.5955006426714333, 1.0, -1.261193119311715)
4.14 (2.675585216043391, 1.0, -1.3544852768932367)
4.159999999999999 (2.7537026443092874, 1.0, -1.4302311509554158)
4.179999999999999 (2.829245826670051, 1.0, -1.487443413599537)
4.199999999999998 (2.9017983596732875, 1.0, -1.5253856450840075)
4.219999999999998 (2.9711629583967945, 1.0, -1.5435713001944487)
4.2399999999999975 (3.037373637705408, 1.0, -1.541765579156502)
4.259999999999997 (3.100693134605387, 1.0, -1.5199901957467898)
4.279999999999997 (3.161597588954309, 1.0, -1.4785302143414418)
4.299999999999996 (3.22075077931436, 1.0, -1.4179417571495945)
4.319999999999996 (3.278969291453051, 1.0, -1.339058713266193)
4.339999999999995 (3.3371787037669147, 1.0, -1.2429961857859206)
4.359999999999995 (3.3963603528622985, 1.0, -1.1311488302327988)
4.379999999999995 (3.45748906246441, 1.0, -1.0051834231036447)
4.399999999999994 (3.5214642639810814, 1.0, -0.86702642196886)
4.419999999999994 (3.5890395116805416, 1.0, -0.7188479300700211)
4.439999999999993 (3.6607575820890648, 1.0, -0.563042214787318)
4.459999999999993 (3.7368994561766256, 1.0, -0.402201472566437)
4.479999999999992 (3.8174551748860672, 1.0, -0.23907558020850322)
4.499999999999992 (3.902175754499237, 1.0, -0.07648968867678965)
4.519999999999992 (3.9903943117242062, 1.0, 0.08274637678861889)
4.539999999999991 (4.081372622646161, 1.0, 0.23576245071383756)
4.559999999999991 (4.174242370838308, 1.0, 0.37998584468499713)
4.57999999999999 (4.267940095638861, 1.0, 0.5131896580858046)
4.59999999999999 (4.361421675427742, 1.0, 0.6333036103603623)
4.6199999999999894 (4.453719709323535, 1.0, 0.7386222009710401)
4.639999999999989 (4.543912771872149, 1.0, 0.8277076710412478)
4.659999999999989 (4.631180612381465, 1.0, 0.8993640116370716)
4.679999999999988 (4.714860966813805, 1.0, 0.9526391632851402)
4.699999999999988 (4.794495081780376, 1.0, 0.9868215516845418)
4.719999999999987 (4.869855959078369, 1.0, 1.001437473821226)
4.739999999999987 (4.940960557143814, 1.0, 0.9962522586743768)
4.7599999999999865 (5.008067460929013, 1.0, 0.9712751068617974)
4.779999999999986 (5.071661990228463, 1.0, 0.9267666575899426)
4.799999999999986 (5.132430987253774, 1.0, 0.8632479704440547)
4.819999999999985 (5.191228570110829, 1.0, 0.7815090000800918)
4.839999999999985 (5.24903281608264, 1.0, 0.682614316904699)
4.859999999999984 (5.306892831632339, 1.0, 0.5679042701499544)
4.879999999999984 (5.3658665416355795, 1.0, 0.4389909245180714)
4.8999999999999835 (5.4269516437008765, 1.0, 0.29774940149650847)
4.919999999999983 (5.49101477472467, 1.0, 0.14630575435492296)
4.939999999999983 (5.55872604614124, 1.0, -0.01297888596562563)
4.959999999999982 (5.6305070159501796, 1.0, -0.17753167165870254)
4.979999999999982 (5.7064996335282805, 1.0, -0.3446066015842254)
4.999999999999981 (5.786614749411649, 1.0, -0.5113701819960074)
5.019999999999981 (5.870343972612821, 1.0, -0.6749815692704622)
5.0399999999999805 (5.957116412708341, 1.0, -0.832532818087744)
5.05999999999998 (6.046217272223581, 1.0, -0.9814077569295243)
5.07999999999998 (6.13671442098708, 1.0, -1.1193269214735726)
5.099999999999979 (6.227688985683987, 1.0, -1.2441626402360715)
5.119999999999979 (6.3182806291330085, 1.0, -1.3541582187347183)
5.139999999999978 (6.407659439858755, 1.0, -1.4478260559878304)
5.159999999999978 (6.49508265964277, 1.0, -1.523924684055903)
5.1799999999999775 (6.579951350406595, 1.0, -1.5814649288684832)
5.199999999999977 (6.66185590729234, 1.0, -1.6197093154125093)
5.219999999999977 (6.740604113516246, 1.0, -1.6381712136663096)
5.239999999999976 (6.816232974257678, 1.0, -1.6366168561770205)
5.259999999999976 (6.889005877713268, 1.0, -1.6150701890136545)
5.279999999999975 (6.959397095661352, 1.0, -1.5738196780229223)
5.299999999999975 (7.028065946172001, 1.0, -1.5134258842894666)
5.3199999999999745 (7.095822028814945, 1.0, -1.4347279714260646)
5.339999999999974 (7.163581633519693, 1.0, -1.338846903095906)
5.359999999999974 (7.232314885648465, 1.0, -1.2271834995606068)
5.379999999999973 (7.302983992550166, 1.0, -1.1014107035747533)
5.399999999999973 (7.376474985728006, 1.0, -0.9634608242519271)
5.419999999999972 (7.453527915884096, 1.0, -0.8155091754769227)
5.439999999999972 (7.534672641140417, 1.0, -0.6599542623683904)
5.4599999999999715 (7.620178461373694, 1.0, -0.499391223657438)
5.479999999999971 (7.710025548215512, 1.0, -0.3365713130139639)
5.499999999999971 (7.80395921106519, 1.0, -0.17431879953321539)
5.51999999999997 (7.901304069286278, 1.0, -0.015439793694606477)
5.53999999999997 (8.001320535371644, 1.0, 0.1371947907997681)
5.559999999999969 (8.103143198599925, 1.0, 0.2810153807704347)
5.579999999999969 (8.20570690077468, 1.0, 0.4138032718885386)
5.599999999999969 (8.307969334745755, 1.0, 0.533487408224206)
5.619999999999968 (8.408969378344771, 1.0, 0.6383653417167527)
5.639999999999968 (8.507791333893897, 1.0, 0.7270013118137238)
5.659999999999967 (8.60362039899759, 1.0, 0.7981998890389479)
5.679999999999967 (8.69579976890334, 1.0, 0.8510091848914966)
5.699999999999966 (8.783876055578316, 1.0, 0.8847176696006753)
5.719999999999966 (8.867627157948487, 1.0, 0.8988516641603059)
5.739999999999966 (8.947074118269285, 1.0, 0.8931766491825838)
5.759999999999965 (9.02247853441227, 1.0, 0.8677022520915472)
5.779999999999965 (9.094327484325042, 1.0, 0.8226899024217172)
5.799999999999964 (9.163308221842797, 1.0, 0.7586618405859948)
5.819999999999964 (9.230273955245474, 1.0, 0.6764095767071724)
5.839999999999963 (9.296200681637535, 1.0, 0.5769995687621535)
5.859999999999963 (9.362134529317993, 1.0, 0.46177432936471924)
5.879999999999963 (9.42912992488481, 1.0, 0.3323482996343591)
5.899999999999962 (9.498181005265952, 1.0, 0.19059911863998386)
5.919999999999962 (9.570151287364903, 1.0, 0.03865540448537057)
5.939999999999961 (9.645708708879331, 1.0, -0.12111923341313222)
5.959999999999961 (9.725274056821046, 1.0, -0.2861497373689959)
5.9799999999999605 (9.808990260513644, 1.0, -0.45368837659344585)
5.99999999999996 (9.896772580842415, 1.0, -0.6209013271782281)
6.01999999999996 (9.988114306105105, 1.0, -0.7849483850207882)
6.039999999999959 (10.082452460625571, 1.0, -0.9429187366363476)
6.059999999999959 (10.179082398006145, 1.0, -1.0921964742949222)
6.079999999999958 (10.277076703834757, 1.0, -1.2305058689110426)
6.099999999999958 (10.375523961099649, 1.0, -1.3557157232360928)
6.1199999999999575 (10.47357351293598, 1.0, -1.4660695529398255)
6.139999999999957 (10.570403708288403, 1.0, -1.5600792256353933)
6.159999999999957 (10.665278971625265, 1.0, -1.6365018826457485)
6.179999999999956 (10.75760666685627, 1.0, -1.6943471366521294)
6.199999999999956 (10.846982529281913, 1.0, -1.732876833740775)
6.219999999999955 (10.933218421475232, 1.0, -1.751604332215175)
6.239999999999955 (11.016353884551178, 1.0, -1.7502966353835783)
6.2599999999999545 (11.096653086526583, 1.0, -1.7289793141556902)
6.279999999999954 (11.174589175704064, 1.0, -1.687943299922618)
6.299999999999954 (11.25081838190166, 1.0, -1.6277523704811918)
6.319999999999953 (11.326145301421546, 1.0, -1.549249515608655)
6.339999999999953 (11.401479479564344, 1.0, -1.4535599580346146)
6.359999999999952 (11.477782852107424, 1.0, -1.3420890107790666)
6.379999999999952 (11.556008396644321, 1.0, -1.2165141297425892)
6.3999999999999515 (11.637032361148451, 1.0, -1.0787719344454634)
6.419999999999951 (11.721584991346267, 1.0, -0.9310416140264871)
6.439999999999951 (11.81018685811611, 1.0, -0.7757248723279107)
6.45999999999995 (11.903099000286607, 1.0, -0.6154191290463494)
6.47999999999995 (12.000294796908493, 1.0, -0.45287679176397516)
6.499999999999949 (12.101516068096469, 1.0, -0.2909215871341451)
6.519999999999949 (12.206081710237342, 1.0, -0.1323569707892098)
6.5399999999999485 (12.313252053065355, 1.0, 0.019945238287744325)
6.559999999999948 (12.422164865481259, 1.0, 0.1634175819177611)
6.579999999999948 (12.531754388037152, 1.0, 0.29584744790731865)
6.599999999999947 (12.640980403346584, 1.0, 0.4151627840523377)
6.619999999999947 (12.74888727501615, 1.0, 0.5196632138058245)
6.639999999999946 (12.854564240454225, 1.0, 0.6079142417917034)
6.659999999999946 (12.95720110727777, 1.0, 0.6787206280412286)
6.6799999999999455 (13.056145588325256, 1.0, 0.7311304165924172)
6.699999999999945 (13.150948639871455, 1.0, 0.7644319902556127)
6.719999999999945 (13.241392037428726, 1.0, 0.778151653694594)
6.739999999999944 (13.327499960386868, 1.0, 0.7720550605832304)
6.759999999999944 (13.409536201543645, 1.0, 0.7461523130795558)
6.779999999999943 (13.487988947389999, 1.0, 0.700705678028034)
6.799999999999943 (13.563545403502532, 1.0, 0.6362386046779137)
6.8199999999999426 (13.637057596636849, 1.0, 0.5535441559471467)
6.839999999999942 (13.70949933435515, 1.0, 0.45369063557302225)
6.859999999999942 (13.781913770774505, 1.0, 0.33802263078998784)
6.879999999999941 (13.855351882394782, 1.0, 0.20815681501764752)
6.899999999999941 (13.930804253112615, 1.0, 0.06597313780019962)
6.91999999999994 (14.009131152921547, 1.0, -0.08639749068062932)
6.93999999999994 (14.090997989480293, 1.0, -0.24658931285356717)
6.95999999999994 (14.176824109002863, 1.0, -0.4120254258754828)
6.979999999999939 (14.266752378337394, 1.0, -0.5799567316601363)
6.999999999999939 (14.360700746728181, 1.0, -0.7475492366495486)
7.019999999999938 (14.458163008225622, 1.0, -0.9119634643943412)
7.039999999999938 (14.558581708397123, 1.0, -1.0702865233426657)
7.059999999999937 (14.66125961915369, 1.0, -1.2199029783732824)
7.079999999999937 (14.765272483023793, 1.0, -1.3585404030971482)
7.099999999999937 (14.869714316975273, 1.0, -1.4840650565398719)
7.119999999999936 (14.973741804942296, 1.0, -1.5947208935697392)
7.139999999999936 (15.076539590910539, 1.0, -1.6890196047595427)
7.159999999999935 (15.177377616894258, 1.0, -1.7657174289915416)
7.179999999999935 (15.275668144088694, 1.0, -1.8238231691411062)
7.1999999999999345 (15.371011116900398, 1.0, -1.862598228472503)
7.219999999999934 (15.463221676142593, 1.0, -1.8815559891827374)
7.239999999999934 (15.552341481435999, 1.0, -1.8804640361480427)
7.259999999999933 (15.638635487260009, 1.0, -1.859349140236836)
7.279999999999933 (15.72257617673769, 1.0, -1.8185040475345424)
7.299999999999932 (15.804817611819994, 1.0, -1.7584949035302258)
7.319999999999932 (15.886160755738052, 1.0, -1.680167517523734)
7.3399999999999315 (15.96751019111999, 1.0, -1.5846502566225003)
7.359999999999931 (16.04982179389978, 1.0, -1.473351759873537)
7.379999999999931 (16.134041702389368, 1.0, -1.3479528378691656)
7.39999999999993 (16.221038927831643, 1.0, -1.2103933332423216)
7.41999999999993 (16.311536500033174, 1.0, -1.0628553581450302)
7.439999999999929 (16.406048218265887, 1.0, -0.9077430609771446)
7.459999999999929 (16.504829192125932, 1.0, -0.7476556447457593)
7.4799999999999285 (16.607848056422274, 1.0, -0.5853464756387602)
7.499999999999928 (16.71484451027905, 1.0, -0.4236389487106915)
7.519999999999928 (16.825133540085563, 1.0, -0.26533459607104837)
7.539999999999927 (16.93797603603842, 1.0, -0.11330614984421838)
7.559999999999927 (17.052512838128838, 1.0, 0.029880391979236663)
7.579999999999926 (17.167678170605708, 1.0, 0.16201699997987437)
7.599999999999926 (17.282433882270528, 1.0, 0.2810305938766775)
7.6199999999999255 (17.39582900702142, 1.0, 0.3852222274902753)
7.639999999999925 (17.506956944475064, 1.0, 0.4731582135363335)
7.659999999999925 (17.615011342327087, 1.0, 0.5436432966539272)
7.679999999999924 (17.719343617117836, 1.0, 0.5957253432183868)
7.699999999999924 (17.81950822962533, 1.0, 0.6286925925974001)
7.719999999999923 (17.915290028349823, 1.0, 0.6420713167382341)
7.739999999999923 (18.006715619541456, 1.0, 0.6356273416062566)
7.7599999999999225 (18.094050416615048, 1.0, 0.6093712327483866)
7.779999999999922 (18.177783306916997, 1.0, 0.5635660540650427)
7.799999999999922 (18.25860122262351, 1.0, 0.49873638484416266)
7.819999999999921 (18.337354963762042, 1.0, 0.4156767198145275)
7.839999999999921 (18.415016260649995, 1.0, 0.31545704512909056)
7.85999999999992 (18.492625521611277, 1.0, 0.19942381814807378)
7.87999999999992 (18.57123055960632, 1.0, 0.06919570045506221)
7.8999999999999195 (18.651818679688873, 1.0, -0.07334532914424968)
7.919999999999919 (18.7352470888799, 1.0, -0.22606638033359291)
7.939999999999919 (18.822178680131593, 1.0, -0.38659987618292174)
7.959999999999918 (18.913031135523177, 1.0, -0.5523673904738271)
7.979999999999918 (19.007946746169896, 1.0, -0.7206187408563531)
7.999999999999917 (19.1068450895311, 1.0, -0.8885198536894665)
8.019999999999918 (19.209219845573173, 1.0, -1.0532319662853054)
8.039999999999917 (19.314517470868537, 1.0, -1.211840656042374)
8.059999999999917 (19.42204623367975, 1.0, -1.3617310229722128)
8.079999999999917 (19.530884022082926, 1.0, -1.5006334733980555)
8.099999999999916 (19.64012886866975, 1.0, -1.6264124014151844)
8.119999999999916 (19.748943077977348, 1.0, -1.7373122772624578)
8.139999999999915 (19.85651613414948, 1.0, -1.8318448007118628)
8.159999999999915 (19.962122249812257, 1.0, -1.9087656170087708)
8.179999999999914 (20.0651775129679, 1.0, -1.967082979339398)
8.199999999999914 (20.165285194893496, 1.0, -2.0060579976800024)
8.219999999999914 (20.26226306713163, 1.0, -2.0252040931083566)
8.239999999999913 (20.356154539211005, 1.0, -2.0242892936023744)
8.259999999999913 (20.44722529562971, 1.0, -2.0033412680402)
8.279999999999912 (20.53594743289808, 1.0, -1.9626541168731078)
8.299999999999912 (20.62297346778694, 1.0, -1.9027957530524777)
8.319999999999911 (20.70910168833836, 1.0, -1.8246140930460648)
8.339999999999911 (20.7952329783686, 1.0, -1.7292398580425647)
8.35999999999991 (20.88231867431684, 1.0, -1.6180841834445647)
8.37999999999991 (20.971299784569116, 1.0, -1.4928304069026805)
8.39999999999991 (21.063039900969333, 1.0, -1.3554208117732411)
8.41999999999991 (21.158256674078082, 1.0, -1.2080397404003125)
8.439999999999909 (21.257458897706947, 1.0, -1.0530932271412055)
8.459999999999908 (21.360897362493475, 1.0, -0.8931818766951245)
8.479999999999908 (21.46853733761732, 1.0, -0.7310598443339547)
8.499999999999908 (21.58011724136096, 1.0, -0.5695503226271558)
8.519999999999907 (21.69494934620524, 1.0, -0.4114534296214116)
8.539999999999907 (21.812295378083817, 1.0, -0.259642742989985)
8.559999999999906 (21.931298957239456, 1.0, -0.11668323416556439)
8.579999999999906 (22.05089457891936, 1.0, 0.01522055265548728)
8.599999999999905 (22.170045986641682, 1.0, 0.1339945736167783)
8.619999999999905 (22.287806120416874, 1.0, 0.23794088827509358)
8.639999999999905 (22.40327183822786, 1.0, 0.32562633127987567)
8.659999999999904 (22.515639950663235, 1.0, 0.3958555334442984)
8.679999999999904 (22.624264889809563, 1.0, 0.44767614419433005)
8.699999999999903 (22.72870393555539, 1.0, 0.48037624413701535)
8.719999999999903 (22.828744375333343, 1.0, 0.493482067974859)
8.739999999999903 (22.924414704250776, 1.0, 0.4867596010196955)
8.759999999999902 (23.015981547739717, 1.0, 0.46021983123372984)
8.779999999999902 (23.10393423864303, 1.0, 0.41412653821919854)
8.799999999999901 (23.188959345630767, 1.0, 0.34900530487349385)
8.8199999999999 (23.271906514198008, 1.0, 0.2656518868818539)
8.8399999999999 (23.353745612865442, 1.0, 0.16513774146900914)
8.8599999999999 (23.43551462835601, 1.0, 0.048810949843342256)
8.8799999999999 (23.518258595077075, 1.0, -0.0817081132052227)
8.899999999999899 (23.60296192688263, 1.0, -0.22453573589325038)
8.919999999999899 (23.69047909417397, 1.0, -0.3775373551279059)
8.939999999999898 (23.78147067601891, 1.0, -0.5383438774454622)
8.959999999999898 (23.87635270785801, 1.0, -0.7043756292266843)
8.979999999999897 (23.97526669572916, 1.0, -0.8728815662358845)
8.999999999999897 (24.078133196355054, 1.0, -1.04102758323382)
9.019999999999897 (24.184445479312444, 1.0, -1.205975567977539)
9.039999999999896 (24.29365281573616, 1.0, -1.364809952790996)
9.059999999999896 (24.405067598573243, 1.0, -1.5149163597305142)
9.079999999999895 (24.517769199055767, 1.0, -1.6540275756818121)
9.099999999999895 (24.63085865647547, 1.0, -1.7800066072594154)
9.119999999999894 (24.74350261484432, 1.0, -1.8910984359585372)
9.139999999999894 (24.8548943083283, 1.0, -1.985814860408407)
9.159999999999894 (24.964311276298865, 1.0, -2.0629111292169506)
9.179999999999893 (25.07117261081794, 1.0, -2.121395115715727)
9.199999999999893 (25.175084218545024, 1.0, -2.1605277323366265)
9.219999999999892 (25.275865979587586, 1.0, -2.179822443075234)
9.239999999999892 (25.373562736605418, 1.0, -2.1790476164895956)
9.259999999999891 (25.468440819882257, 1.0, -2.1582316015383576)
9.279999999999891 (25.560972106402986, 1.0, -2.1176695221010062)
9.29999999999989 (25.65180799394016, 1.0, -2.0579306270765323)
9.31999999999989 (25.741744774066945, 1.0, -1.9798644273332608)
9.33999999999989 (25.831680540473727, 1.0, -1.8846034280811144)
9.35999999999989 (25.922563190266892, 1.0, -1.7735606607387686)
9.379999999999889 (26.015329840968835, 1.0, -1.6484213883250098)
9.399999999999888 (26.11083997978987, 1.0, -1.5111297620946957)
9.419999999999888 (26.20980719932397, 1.0, -1.3638718419336913)
9.439999999999888 (26.312736545574836, 1.0, -1.209055127891708)
9.459999999999887 (26.419875617923726, 1.0, -1.0492813302735329)
9.479999999999887 (26.531187259586673, 1.0, -0.8873052487017098)
9.499999999999886 (26.6464091209455, 1.0, -0.7259499515703113)
9.519999999999886 (26.764851558766157, 1.0, -0.56801450242836)
9.539999999999885 (26.885777205415028, 1.0, -0.4163732246526058)
9.559999999999885 (27.00833210212809, 1.0, -0.2735903544160912)
9.579999999999885 (27.131451133545706, 1.0, -0.1418677598140454)
9.599999999999884 (27.254099705806095, 1.0, -0.02328034112484839)
9.619999999999884 (27.37533398506309, 1.0, 0.08047468142317968)
9.639999999999883 (27.494253672188886, 1.0, 0.16796448427463528)
9.659999999999883 (27.610058161459957, 1.0, 0.23799354571702525)
9.679999999999882 (27.72210432754071, 1.0, 0.2896092965048117)
9.699999999999882 (27.82995171326484, 1.0, 0.32209966390766465)
9.719999999999882 (27.933389543775156, 1.0, 0.3349908465020703)
9.739999999999881 (28.03244779190983, 1.0, 0.32804897045362746)
9.75999999999988 (28.12739400029357, 1.0, 0.30128539321886444)
9.77999999999988 (28.218717787385877, 1.0, 0.25496451433475353)
9.79999999999988 (28.30710534257605, 1.0, 0.18961277982039815)
9.81999999999988 (28.3934052822659, 1.0, 0.1060270238346446)
9.839999999999879 (28.478585863922795, 1.0, 0.005279955849753572)
9.859999999999879 (28.563683000270306, 1.0, -0.11127896699029027)
9.879999999999878 (28.64973935228164, 1.0, -0.24202792560599454)
9.899999999999878 (28.737736857698117, 1.0, -0.3850817560426036)
9.919999999999877 (28.82852762319407, 1.0, -0.5383045037792508)
9.939999999999877 (28.92277019229649, 1.0, -0.6993258254922287)
9.959999999999877 (29.020879090272818, 1.0, -0.865565032363881)
9.979999999999876 (29.12299499627269, 1.0, -1.0342703938052271)
9.999999999999876 (29.2290390515319, 1.0, -1.2026077980148775)
