0.0 (-3.75, 1.0, 0.0)
0.02 (-3.7504260028069316, 1.0, -0.061952757797168495)
0.04 (-3.758133061020211, 1.0, -0.19507051835288178)
0.06 (-3.7812666853390255, 1.0, -0.3361435524225027)
0.08 (-3.8096012945143487, 1.0, -0.4513909677324436)
0.1 (-3.830881662550287, 1.0, -0.5394585613734197)
0.12000000000000001 (-3.84608293965323, 1.0, -0.6018645978930405)
0.14 (-3.8623678646424655, 1.0, -0.639220804489812)
0.16 (-3.883444675423471, 1.0, -0.653299007915443)
0.18 (-3.910003852900386, 1.0, -0.6463264997126338)
0.19999999999999998 (-3.9417912984327144, 1.0, -0.6202832397986053)
0.21999999999999997 (-3.9779247719584827, 1.0, -0.5770532151441141)
0.23999999999999996 (-4.016841455852134, 1.0, -0.518476322586464)
0.25999999999999995 (-4.056491124002689, 1.0, -0.44631585396794277)
0.27999999999999997 (-4.094566555228605, 1.0, -0.3622898831846886)
0.3 (-4.1286782600145, 1.0, -0.26814725570473946)
0.32 (-4.156539349998504, 1.0, -0.16574884981633847)
0.34 (-4.176145848638079, 1.0, -0.05712306263732532)
0.36000000000000004 (-4.1859403752247, 1.0, 0.05551115340107436)
0.38000000000000006 (-4.184949833695972, 1.0, 0.169757881707445)
0.4000000000000001 (-4.172883854611109, 1.0, 0.2830953790399156)
0.4200000000000001 (-4.1501810626337905, 1.0, 0.3929594523244164)
0.4400000000000001 (-4.1179922285818895, 1.0, 0.49684862230561044)
0.46000000000000013 (-4.078094447236973, 1.0, 0.5924374032214759)
0.48000000000000015 (-4.032739395940893, 1.0, 0.6776826561145332)
0.5000000000000001 (-3.984412127304897, 1.0, 0.7510844280040981)
0.5200000000000001 (-3.9357780068556916, 1.0, 0.8110892710746997)
0.5400000000000001 (-3.8891726673260507, 1.0, 0.856914401372924)
0.5600000000000002 (-3.846730492390342, 1.0, 0.8881427376603369)
0.5800000000000002 (-3.8101684668037494, 1.0, 0.9046647384666596)
0.6000000000000002 (-3.780737209215875, 1.0, 0.9066222200681076)
0.6200000000000002 (-3.7592738869068825, 1.0, 0.894326023998564)
0.6400000000000002 (-3.746185989824503, 1.0, 0.8682224621387536)
0.6600000000000003 (-3.7414404643862103, 1.0, 0.8288647388223347)
0.6800000000000003 (-3.744555662398111, 1.0, 0.776894434904914)
0.7000000000000003 (-3.754603959202362, 1.0, 0.7130337660314057)
0.7200000000000003 (-3.770236233267872, 1.0, 0.6380856334373173)
0.7400000000000003 (-3.7897329777908833, 1.0, 0.552941148058257)
0.7600000000000003 (-3.811081911097203, 1.0, 0.45859456178240243)
0.7800000000000004 (-3.8320798073442526, 1.0, 0.35616449209857354)
0.8000000000000004 (-3.8504548312354063, 1.0, 0.24691874166116176)
0.8200000000000004 (-3.8640040434605236, 1.0, 0.13229805920794147)
0.8400000000000004 (-3.870739018005462, 1.0, 0.013932339850217822)
0.8600000000000004 (-3.8690306420924223, 1.0, -0.1063580408910918)
0.8800000000000004 (-3.8577421311624267, 1.0, -0.22658196201932398)
0.9000000000000005 (-3.8363374316323826, 1.0, -0.3446213941027493)
0.9200000000000005 (-3.804951159772321, 1.0, -0.4582979567181377)
0.9400000000000005 (-3.7644067645596064, 1.0, -0.5654565991827634)
0.9600000000000005 (-3.7161724603220505, 1.0, -0.6640579342742201)
0.9800000000000005 (-3.6622505937676304, 1.0, -0.7522692930495487)
1.0000000000000004 (-3.6049814376061686, 1.0, -0.8286556806650422)
1.0200000000000005 (-3.5469400180513646, 1.0, -0.8918263522058507)
1.0400000000000005 (-3.4905216806550454, 1.0, -0.94097737034654)
1.0600000000000005 (-3.4379070238680765, 1.0, -0.9756339873425035)
1.0800000000000005 (-3.39092720617483, 1.0, -0.9956551265817131)
1.1000000000000005 (-3.3509743667886727, 1.0, -1.001111698122654)
1.1200000000000006 (-3.3189025428926713, 1.0, -0.9922812125324952)
1.1400000000000006 (-3.2951193166008577, 1.0, -0.9695756150172089)
1.1600000000000006 (-3.2795906111924014, 1.0, -0.9335165964642231)
1.1800000000000006 (-3.271826505579574, 1.0, -0.8847248214789225)
1.2000000000000006 (-3.2708861186837805, 1.0, -0.823910778977587)
1.2200000000000006 (-3.2754066266613964, 1.0, -0.7518738272062637)
1.2400000000000007 (-3.2836569571699887, 1.0, -0.6695098471031571)
1.2600000000000007 (-3.2936166366146424, 1.0, -0.5778262133381222)
1.2800000000000007 (-3.3030786377029853, 1.0, -0.47796245844732804)
1.3000000000000007 (-3.3097727280374785, 1.0, -0.3712139199292425)
1.3200000000000007 (-3.3115038747710654, 1.0, -0.25905376162297356)
1.3400000000000007 (-3.3062985397662006, 1.0, -0.14314691061843046)
1.3600000000000008 (-3.2925498099851156, 1.0, -0.025348703543886672)
1.3800000000000008 (-3.2691502499234466, 1.0, 0.09231778703369445)
1.4000000000000008 (-3.235599534776255, 1.0, 0.2077085346735605)
1.4200000000000008 (-3.1920729748715595, 1.0, 0.31862776061645487)
1.4400000000000008 (-3.1394376833496382, 1.0, 0.4229136106028668)
1.4600000000000009 (-3.079206107134573, 1.0, 0.5185314928614526)
1.4800000000000009 (-3.0134228655402335, 1.0, 0.60366487192092)
1.5000000000000009 (-2.944464083550211, 1.0, 0.6769062655129708)
1.520000000000001 (-2.8749407716537756, 1.0, 0.7368950604914923)
1.540000000000001 (-2.807272383083732, 1.0, 0.7828631906542832)
1.560000000000001 (-2.7436581112753595, 1.0, 0.814371547330189)
1.580000000000001 (-2.6859434296268216, 1.0, 0.8313130144191325)
1.600000000000001 (-2.6355321791214035, 1.0, 0.8337864706146383)
1.620000000000001 (-2.5932846759037407, 1.0, 0.8220908486758415)
1.640000000000001 (-2.559613407789748, 1.0, 0.7966529570630937)
1.660000000000001 (-2.534488090356005, 1.0, 0.7580024663583356)
1.680000000000001 (-2.517420959355633, 1.0, 0.7067604258246045)
1.700000000000001 (-2.5074715563814425, 1.0, 0.6436293758010325)
1.720000000000001 (-2.5032757093482028, 1.0, 0.5693920502913855)
1.740000000000001 (-2.5030989999322695, 1.0, 0.4849191809108113)
1.7600000000000011 (-2.504915149201579, 1.0, 0.3911851618359699)
1.7800000000000011 (-2.5065081796246695, 1.0, 0.2892900083083094)
1.8000000000000012 (-2.505594877685537, 1.0, 0.18048493366151563)
1.8200000000000012 (-2.4999621854681617, 1.0, 0.06619692607442296)
1.8400000000000012 (-2.4876124997944706, 1.0, -0.05195420431429085)
1.8600000000000012 (-2.4669080214065118, 1.0, -0.17215366279927208)
1.8800000000000012 (-2.4367032484269067, 1.0, -0.2924106647995221)
1.9000000000000012 (-2.3964528341719826, 1.0, -0.4106017196463088)
1.9200000000000013 (-2.3462809908895914, 1.0, -0.5245369400712714)
1.9400000000000013 (-2.286999161177713, 1.0, -0.6320438954326721)
1.9600000000000013 (-2.2200615691828554, 1.0, -0.7310606173802177)
1.9800000000000013 (-2.1474544418550208, 1.0, -0.8197278298407283)
2.0000000000000013 (-2.0714991924448456, 1.0, -0.8965913120044386)
2.0200000000000014 (-1.9947548109592095, 1.0, -0.9602140418522432)
2.0400000000000014 (-1.9195938083662023, 1.0, -1.0097670062635373)
2.0600000000000014 (-1.8481769742278067, 1.0, -1.0447493830820669)
2.0800000000000014 (-1.782326307128954, 1.0, -1.0650016220146494)
2.1000000000000014 (-1.7234318683709853, 1.0, -1.070573710105158)
2.1200000000000014 (-1.6723368572246335, 1.0, -1.061731322219121)
2.1400000000000015 (-1.6294439897748023, 1.0, -1.0388781632646005)
2.1600000000000015 (-1.5947202262017328, 1.0, -1.002532771957525)
2.1800000000000015 (-1.5676797542393945, 1.0, -0.9533195343076821)
2.2000000000000015 (-1.547388129534648, 1.0, -0.891959472502804)
2.2200000000000015 (-1.5324915879627206, 1.0, -0.8192688367437)
2.2400000000000015 (-1.5212710795114008, 1.0, -0.7361660583485671)
2.2600000000000016 (-1.511721366326425, 1.0, -0.6436855963208481)
2.2800000000000016 (-1.5016540943397336, 1.0, -0.5429970325224117)
2.3000000000000016 (-1.4888212832275958, 1.0, -0.43542682767985075)
2.3200000000000016 (-1.471053677484442, 1.0, -0.3224782954690574)
2.3400000000000016 (-1.446406690542803, 1.0, -0.20584350661471884)
2.3600000000000017 (-1.4133048084511195, 1.0, -0.0874000847302131)
2.3800000000000017 (-1.3706733023750801, 1.0, 0.03081297755692093)
2.4000000000000017 (-1.3180443322272646, 1.0, 0.14664313113557134)
2.4200000000000017 (-1.2556236475222784, 1.0, 0.2578939085434723)
2.4400000000000017 (-1.1843048042374253, 1.0, 0.36241036186898606)
2.4600000000000017 (-1.105620849766598, 1.0, 0.458171444922872)
2.4800000000000018 (-1.0216297083255246, 1.0, 0.543379149968226)
2.5000000000000018 (-0.9347093317726377, 1.0, 0.6166566606635566)
2.520000000000002 (-0.8474754947761154, 1.0, 0.6766493624842578)
2.540000000000002 (-0.7623335528472911, 1.0, 0.7226107532991398)
2.560000000000002 (-0.681465667693934, 1.0, 0.7541163403067425)
2.580000000000002 (-0.6067050925727885, 1.0, 0.7710736432702333)
2.600000000000002 (-0.5394472047887192, 1.0, 0.7735841772815656)
2.620000000000002 (-0.4805305278479371, 1.0, 0.7619474305247504)
2.640000000000002 (-0.43034943593189934, 1.0, 0.7365855923400269)
2.660000000000002 (-0.3888596210114414, 1.0, 0.6980204781190346)
2.680000000000002 (-0.3555606460123993, 1.0, 0.6468638410212675)
2.700000000000002 (-0.32950019082448345, 1.0, 0.583807814447254)
2.720000000000002 (-0.3093034135929179, 1.0, 0.5096240382252986)
2.740000000000002 (-0.2932266867333599, 1.0, 0.42517207527053963)
2.760000000000002 (-0.27923605244786986, 1.0, 0.3314156654453402)
2.780000000000002 (-0.2651093689455613, 1.0, 0.22944517429580746)
2.800000000000002 (-0.24855867023743614, 1.0, 0.1205035882348283)
2.820000000000002 (-0.22736733276326648, 1.0, 0.006011477524521774)
2.840000000000002 (-0.1995350243648193, 1.0, -0.1124155767941068)
2.860000000000002 (-0.16342160116985527, 1.0, -0.2329644418056349)
2.880000000000002 (-0.11787908092026403, 1.0, -0.35364307198097217)
2.900000000000002 (-0.06235894882588333, 1.0, -0.4723235105078911)
2.920000000000002 (0.0030189881181518184, 1.0, -0.5868080593319237)
2.940000000000002 (0.07744943496405703, 1.0, -0.6949132094963696)
2.960000000000002 (0.1594864498718748, 1.0, -0.7945629938561662)
2.980000000000002 (0.24715439038133116, 1.0, -0.8838818408544987)
3.000000000000002 (0.3381453377571114, 1.0, -0.9614056044092913)
3.0200000000000022 (0.4299118318003772, 1.0, -1.0256658617591037)
3.0400000000000023 (0.5200991049712402, 1.0, -1.0758186195636112)
3.0600000000000023 (0.6065623017998842, 1.0, -1.1113465463552983)
3.0800000000000023 (0.6874870547312504, 1.0, -1.1320788213159816)
3.1000000000000023 (0.7614855356383001, 1.0, -1.1380509867487245)
3.1200000000000023 (0.8277244660067086, 1.0, -1.1295206866828993)
3.1400000000000023 (0.8858064672822625, 1.0, -1.1068854848477143)
3.1600000000000024 (0.93576531212451, 1.0, -1.0706609318717484)
3.1800000000000024 (0.9780852159718445, 1.0, -1.0214730827633307)
3.2000000000000024 (1.0136972711379921, 1.0, -0.9600492817166848)
3.2200000000000024 (1.0439498787517132, 1.0, -0.887216469575444)
3.2400000000000024 (1.0705544460753202, 1.0, -0.8039077022190028)
3.2600000000000025 (1.0955061105051818, 1.0, -0.711175264708638)
3.2800000000000025 (1.1209805233112728, 1.0, -0.6102087124311599)
3.3000000000000025 (1.149210285950326, 1.0, -0.5023553413758405)
3.3200000000000025 (1.1823466767034372, 1.0, -0.3891387672101174)
3.3400000000000025 (1.2223140059507491, 1.0, -0.272269448538578)
3.3600000000000025 (1.2706657842951237, 1.0, -0.15364023464401677)
3.3800000000000026 (1.3284538757651903, 1.0, -0.03530117421764724)
3.4000000000000026 (1.3961235327327053, 1.0, 0.08058897230567413)
3.4200000000000026 (1.4734480355315394, 1.0, 0.1918326427506297)
3.4400000000000026 (1.5595158965504297, 1.0, 0.2962787321644309)
3.4600000000000026 (1.6527805065389443, 1.0, 0.39191432402268916)
3.4800000000000026 (1.7511757766248643, 1.0, 0.4769527182373327)
3.5000000000000027 (1.8523241132160948, 1.0, 0.5500374947306576)
3.5200000000000027 (1.9536074482050512, 1.0, 0.6098148686842144)
3.5400000000000027 (2.052632313744492, 1.0, 0.6555516511128546)
3.5600000000000027 (2.147230234967107, 1.0, 0.6868316087605975)
3.5800000000000027 (2.235577401362405, 1.0, 0.703571189022462)
3.6000000000000028 (2.3162845585485483, 1.0, 0.7058721327799324)
3.6200000000000028 (2.388529534070856, 1.0, 0.6940332327660254)
3.640000000000003 (2.451931204076372, 1.0, 0.6684726091115595)
3.660000000000003 (2.5065437630119516, 1.0, 0.6297061349918253)
3.680000000000003 (2.552876359786772, 1.0, 0.5783391347824617)
3.700000000000003 (2.591889289479751, 1.0, 0.5150570498934254)
3.720000000000003 (2.6249643351105147, 1.0, 0.4406248360474585)
3.740000000000003 (2.6538508143687793, 1.0, 0.3558957667774784)
3.760000000000003 (2.680587054798836, 1.0, 0.26182802335648575)
3.780000000000003 (2.7073982400216097, 1.0, 0.15950737517481106)
3.800000000000003 (2.7365741100271537, 1.0, 0.05017333048175994)
3.820000000000003 (2.770331956379375, 1.0, -0.06475578046755323)
3.840000000000003 (2.810671947028323, 1.0, -0.1836652630882641)
3.860000000000003 (2.859233604761342, 1.0, -0.30474139088095037)
3.880000000000003 (2.9171642891892544, 1.0, -0.42598991111174567)
3.900000000000003 (2.985012398713814, 1.0, -0.545278930772606)
3.920000000000003 (3.0626590447307698, 1.0, -0.660405030638606)
3.940000000000003 (3.1493013921774176, 1.0, -0.7691772444745127)
3.960000000000003 (3.243497918516961, 1.0, -0.8695105987138425)
3.980000000000003 (3.343279587327792, 1.0, -0.9595192948727082)
4.000000000000003 (3.4463479426395653, 1.0, -1.0377344893039067)
4.020000000000002 (3.550163550595143, 1.0, -1.1026658441752581)
4.040000000000002 (3.65238537745493, 1.0, -1.1534604666193846)
4.060000000000001 (3.750881246392791, 1.0, -1.1895905106508897)
4.080000000000001 (3.843843123580395, 1.0, -1.210878313702625)
4.1000000000000005 (3.929885446493444, 1.0, -1.217349360766217)
4.12 (4.008183675719071, 1.0, -1.2092557680853004)
4.14 (4.078345634009885, 1.0, -1.1869904859761828)
4.159999999999999 (4.140406702554594, 1.0, -1.1510664127431343)
4.179999999999999 (4.1948509279659465, 1.0, -1.1021101451784545)
4.199999999999998 (4.242607903135657, 1.0, -1.0408527896426405)
4.219999999999998 (4.285022986254503, 1.0, -0.9681280945557533)
4.2399999999999975 (4.3238027857824255, 1.0, -0.8848787016565193)
4.259999999999997 (4.360935754076764, 1.0, -0.792168780494684)
4.279999999999997 (4.398588873351264, 1.0, -0.6912013540220964)
4.299999999999996 (4.43898405305812, 1.0, -0.5833378840037072)
4.319999999999996 (4.484259935477029, 1.0, -0.47011588698027995)
4.339999999999995 (4.536326497127709, 1.0, -0.3532585064906936)
4.359999999999995 (4.596721663843425, 1.0, -0.23466920672838693)
4.379999999999995 (4.666481123977135, 1.0, -0.11640589900902795)
4.399999999999994 (4.746034218497126, 1.0, -0.0006320043600889814)
4.419999999999994 (4.835139577962984, 1.0, 0.1104536293968994)
4.439999999999993 (4.932873376715831, 1.0, 0.2147018554347363)
4.459999999999993 (5.037679955693633, 1.0, 0.31010451388797683)
4.479999999999992 (5.147488206224709, 1.0, 0.39488171247999737)
4.499999999999992 (5.259921888575097, 1.0, 0.4676907371037258)
4.519999999999992 (5.37236204598765, 1.0, 0.527175974430552)
4.539999999999991 (5.482425050724973, 1.0, 0.5726124415993133)
4.559999999999991 (5.587953382688048, 1.0, 0.6035883948337337)
4.57999999999999 (5.687130549978439, 1.0, 0.6200256998349987)
4.59999999999999 (5.778571793951402, 1.0, 0.6220251153870086)
4.6199999999999894 (5.861467338525064, 1.0, 0.609884210310217)
4.639999999999989 (5.9354458877916745, 1.0, 0.5840176557857236)
4.659999999999989 (6.0005687216710735, 1.0, 0.544936818493461)
4.679999999999988 (6.057351075904898, 1.0, 0.49324254189914024)
4.699999999999988 (6.106758686688484, 1.0, 0.4296159664609708)
4.719999999999987 (6.150177899374332, 1.0, 0.35481810023915605)
4.739999999999987 (6.189361539195228, 1.0, 0.26969886604560006)
4.7599999999999865 (6.226350322017617, 1.0, 0.17521387492546392)
4.779999999999986 (6.2633706816314625, 1.0, 0.07244719081960105)
4.799999999999986 (6.302712504268369, 1.0, -0.0373625065528615)
4.819999999999985 (6.346592242079602, 1.0, -0.15279686056426917)
4.839999999999985 (6.3970084531726465, 1.0, -0.2722403206301507)
4.859999999999984 (6.455598588884648, 1.0, -0.39387748313043336)
4.879999999999984 (6.52350786458771, 1.0, -0.5157115837107663)
4.8999999999999835 (6.601282909361014, 1.0, -0.6356073591105756)
4.919999999999983 (6.688803918698055, 1.0, -0.7513571500099376)
4.939999999999983 (6.785268464658647, 1.0, -0.8607649099836288)
4.959999999999982 (6.889237154547938, 1.0, -0.9617398366648149)
4.979999999999982 (6.998745045081174, 1.0, -1.0523897092768337)
4.999999999999981 (7.111500401997535, 1.0, -1.1312439505700678)
5.019999999999981 (7.224969410538413, 1.0, -1.1967966963327774)
5.0399999999999805 (7.336821711783552, 1.0, -1.2481898499497968)
5.05999999999998 (7.444935201699762, 1.0, -1.284888825872167)
5.07999999999998 (7.5475070383874865, 1.0, -1.3067118473816586)
5.099999999999979 (7.6431537487228205, 1.0, -1.313677297139926)
5.119999999999979 (7.7310582749686105, 1.0, -1.3060334212335902)
5.139999999999978 (7.8108331764649055, 1.0, -1.284169663316677)
5.159999999999978 (7.882515760388364, 1.0, -1.24859663818027)
5.1799999999999775 (7.946590640147697, 1.0, -1.199940883342704)
5.199999999999977 (8.00398696514464, 1.0, -1.1389357086786578)
5.219999999999977 (8.056048463469892, 1.0, -1.066419222336608)
5.239999999999976 (8.104478757742482, 1.0, -0.9833404194231492)
5.259999999999976 (8.151261860585683, 1.0, -0.8907714998811025)
5.279999999999975 (8.198558791772978, 1.0, -0.7899247021340077)
5.299999999999975 (8.248583954908838, 1.0, -0.6821712710519106)
5.3199999999999745 (8.303467014459978, 1.0, -0.5690583993717643)
5.339999999999974 (8.365107696058015, 1.0, -0.45231813513791164)
5.359999999999974 (8.435032750619921, 1.0, -0.33386148190865556)
5.379999999999973 (8.514266273590449, 1.0, -0.21575205577147544)
5.399999999999973 (8.603226243236056, 1.0, -0.1001568432054176)
5.419999999999972 (8.701660908020596, 1.0, 0.01072399410842801)
5.439999999999972 (8.808637826755387, 1.0, 0.11474215167021307)
5.4599999999999715 (8.922595218065101, 1.0, 0.20989216122015275)
5.479999999999971 (9.041458888985316, 1.0, 0.2943981625116675)
5.499999999999971 (9.162854320254668, 1.0, 0.36692676680785047)
5.51999999999997 (9.284162437664477, 1.0, 0.4261193385178221)
5.53999999999997 (9.403007669014654, 1.0, 0.47125594402677107)
5.559999999999969 (9.517241245403303, 1.0, 0.5019271239324393)
5.579999999999969 (9.62505236835058, 1.0, 0.5180580104885181)
5.599999999999969 (9.725059623786878, 1.0, 0.5197478588761659)
5.619999999999968 (9.816462718880613, 1.0, 0.5072928645814804)
5.639999999999968 (9.89889773653085, 1.0, 0.4811048386394465)
5.659999999999967 (9.972431112567346, 1.0, 0.4416917130763579)
5.679999999999967 (10.037582402929251, 1.0, 0.3896511748052631)
5.699999999999966 (10.095321111903546, 1.0, 0.32566159464984057)
5.719999999999966 (10.147036617096955, 1.0, 0.2504817088548688)
5.739999999999966 (10.194483897743993, 1.0, 0.16495981950131652)
5.759999999999965 (10.239704888107171, 1.0, 0.07005066121760953)
5.779999999999965 (10.284926281539496, 1.0, -0.033161830021638264)
5.799999999999964 (10.332437283810394, 1.0, -0.14343841449185374)
5.819999999999964 (10.384452814307293, 1.0, -0.2593595788648774)
5.839999999999963 (10.442969215930487, 1.0, -0.37930811251765817)
5.859999999999963 (10.50962129474841, 1.0, -0.5014665233076417)
5.879999999999963 (10.58555151710626, 1.0, -0.6238355769691173)
5.899999999999962 (10.67130404319886, 1.0, -0.7442771815242788)
5.919999999999962 (10.766757297201577, 1.0, -0.860580501385594)
5.939999999999961 (10.87110819310402, 1.0, -0.970545983502495)
5.959999999999961 (10.982918153935234, 1.0, -1.0720790247164433)
5.9799999999999605 (11.10022475516725, 1.0, -1.1632833655232875)
5.99999999999996 (11.220741104229958, 1.0, -1.242688300943171)
6.01999999999996 (11.341937356796592, 1.0, -1.308776800338398)
6.039999999999959 (11.461491487705903, 1.0, -1.360687791242133)
6.059999999999959 (11.577289394962753, 1.0, -1.3978823325462642)
6.079999999999958 (11.687532461654879, 1.0, -1.4201762020650255)
6.099999999999958 (11.790839050562774, 1.0, -1.4275826918745553)
6.1199999999999575 (11.886398389773413, 1.0, -1.4203472904916294)
6.139999999999957 (11.973827183603312, 1.0, -1.3988567483052172)
6.159999999999957 (12.053164678561224, 1.0, -1.363619752491574)
6.179999999999956 (12.12489638279227, 1.0, -1.3152624863772402)
6.199999999999956 (12.189951569337039, 1.0, -1.254519520393338)
6.219999999999955 (12.249673173768995, 1.0, -1.1822317738574426)
6.239999999999955 (12.305762974888584, 1.0, -1.099352505799025)
6.2599999999999545 (12.360202015008705, 1.0, -1.0069594216898616)
6.279999999999954 (12.415147167228897, 1.0, -0.9062711640536263)
6.299999999999954 (12.472807501254415, 1.0, -0.7986658431874686)
6.319999999999953 (12.535306221877187, 1.0, -0.6856974989898251)
6.339999999999953 (12.604535628763673, 1.0, -0.5691045365072471)
6.359999999999952 (12.682014353703977, 1.0, -0.45080340720601086)
6.379999999999952 (12.768758070294075, 1.0, -0.33286193760910426)
6.3999999999999515 (12.865176527832656, 1.0, -0.21744987704523305)
6.419999999999951 (12.971010509049314, 1.0, -0.10676862802385621)
6.439999999999951 (13.085321465135475, 1.0, -0.002966283245915746)
6.45999999999995 (13.206543412614012, 1.0, 0.09195313964343199)
6.47999999999995 (13.332600267837064, 1.0, 0.1762161191089706)
6.499999999999949 (13.461119272841039, 1.0, 0.24849570275838356)
6.519999999999949 (13.589481631964546, 1.0, 0.3074298665352842)
6.5399999999999485 (13.715318320829358, 1.0, 0.35230177885805486)
6.559999999999948 (13.836487555021728, 1.0, 0.3827030025491658)
6.579999999999948 (13.951182981874611, 1.0, 0.39856062291179856)
6.599999999999947 (14.058025704136643, 1.0, 0.39997225020343197)
6.619999999999947 (14.15622273997395, 1.0, 0.38723274763015525)
6.639999999999946 (14.245415771527044, 1.0, 0.3607515855699566)
6.659999999999946 (14.325675039434527, 1.0, 0.3210340627290366)
6.6799999999999455 (14.397523213252876, 1.0, 0.2686756144975178)
6.699999999999945 (14.46193244714195, 1.0, 0.20435282009557712)
6.719999999999945 (14.520294159551176, 1.0, 0.12882315523462975)
6.739999999999944 (14.574364646525279, 1.0, 0.04293428896050038)
6.759999999999944 (14.626186385548493, 1.0, -0.05235900854549332)
6.779999999999943 (14.677985815998749, 1.0, -0.1559721332856079)
6.799999999999943 (14.732051102217287, 1.0, -0.266664637058384)
6.8199999999999426 (14.79059540061244, 1.0, -0.3830153763229778)
6.839999999999942 (14.85561270396204, 1.0, -0.5034052084675373)
6.859999999999942 (14.928735086190628, 1.0, -0.6260145094949411)
6.879999999999941 (15.011102169854576, 1.0, -0.7488417866799594)
6.899999999999941 (15.103255482657795, 1.0, -0.8697466066897406)
6.91999999999994 (15.205071382865803, 1.0, -0.9865157308343008)
6.93999999999994 (15.315745642410954, 1.0, -1.0969471504298334)
6.95999999999994 (15.433839779854862, 1.0, -1.198943759720046)
6.979999999999939 (15.557392910109671, 1.0, -1.290606752161524)
6.999999999999939 (15.684121677735167, 1.0, -1.370466099684442)
7.019999999999938 (15.811499076840704, 1.0, -1.4369966220296384)
7.039999999999938 (15.937209614975481, 1.0, -1.4893355989886956)
7.059999999999937 (16.059145550459615, 1.0, -1.5269412450477649)
7.079999999999937 (16.175511688488715, 1.0, -1.5496279054083502)
7.099999999999937 (16.284927960001706, 1.0, -1.5574051685324386)
7.119999999999936 (16.386588805462882, 1.0, -1.550516523880436)
7.139999999999936 (16.480114464354504, 1.0, -1.529346635219273)
7.159999999999935 (16.56554598210264, 1.0, -1.4944025847907536)
7.179999999999935 (16.643369858207382, 1.0, -1.446310081861198)
7.1999999999999345 (16.714515764571953, 1.0, -1.3858043930357744)
7.219999999999934 (16.780326324548657, 1.0, -1.313728266002973)
7.239999999999934 (16.842502185548792, 1.0, -1.2310378622132256)
7.259999999999933 (16.90302238108436, 1.0, -1.1388147210026387)
7.279999999999933 (16.964040861122694, 1.0, -1.0382820073272974)
7.299999999999932 (17.02776285246842, 1.0, -0.9308227280977951)
7.319999999999932 (17.0963068487562, 1.0, -0.8179958477713738)
7.3399999999999315 (17.171559697730196, 1.0, -0.7015443836735389)
7.359999999999931 (17.255034052875764, 1.0, -0.5833887867473833)
7.379999999999931 (17.347739386204857, 1.0, -0.4656000366151411)
7.39999999999993 (17.450079404092442, 1.0, -0.35035004183880386)
7.41999999999993 (17.561789442427454, 1.0, -0.23984131988346105)
7.439999999999929 (17.681926556305115, 1.0, -0.13622208485746007)
7.459999999999929 (17.808921833624492, 1.0, -0.04149563313291807)
7.4799999999999285 (17.94069803567282, 1.0, 0.042565832547983434)
7.499999999999928 (18.074884047263048, 1.0, 0.11463987279982288)
7.519999999999928 (18.208861528586322, 1.0, 0.17336115242865666)
7.539999999999927 (18.340266751802975, 1.0, 0.21801474393756615)
7.559999999999927 (18.46696350452144, 1.0, 0.24819253354463733)
7.579999999999926 (18.587148917825616, 1.0, 0.263822762500569)
7.599999999999926 (18.69944600723784, 1.0, 0.26500145428264543)
7.6199999999999255 (18.803067464335083, 1.0, 0.25202226785564846)
7.639999999999925 (18.897659259410723, 1.0, 0.22529277415477691)
7.659999999999925 (18.98329447701609, 1.0, 0.1853162406277283)
7.679999999999924 (19.060498064051057, 1.0, 0.13268647481672652)
7.699999999999924 (19.130244067621156, 1.0, 0.06807888854104972)
7.719999999999923 (19.19392529957463, 1.0, -0.007749703556268091)
7.739999999999923 (19.253298857132993, 1.0, -0.09395172636495441)
7.7599999999999225 (19.31040738479704, 1.0, -0.18957192442161258)
7.779999999999922 (19.36747683280062, 1.0, -0.29352468252172625)
7.799999999999922 (19.426794224688443, 1.0, -0.4045681158941454)
7.819999999999921 (19.490570974461605, 1.0, -0.5212793422114218)
7.839999999999921 (19.560798837414634, 1.0, -0.6420373016864551)
7.85999999999992 (19.639107320879017, 1.0, -0.7650203820963523)
7.87999999999992 (19.72663337362523, 1.0, -0.8882251118408196)
7.8999999999999195 (19.823916010341232, 1.0, -1.0095091386524433)
7.919999999999919 (19.930829534300404, 1.0, -1.1266573890311378)
7.939999999999919 (20.04656842143765, 1.0, -1.237466107940238)
7.959999999999918 (20.169693919880476, 1.0, -1.3398365215215158)
7.979999999999918 (20.298246078940114, 1.0, -1.4318682090208512)
7.999999999999917 (20.429944162786914, 1.0, -1.5120921629226698)
8.019999999999918 (20.562263221429113, 1.0, -1.5789771712368332)
8.039999999999917 (20.69289290154588, 1.0, -1.6316596459837205)
8.059999999999917 (20.81973052035892, 1.0, -1.6695959199517707)
8.079999999999917 (20.940983645907576, 1.0, -1.6925995147831912)
8.099999999999916 (21.055273524490243, 1.0, -1.700677285120027)
8.119999999999916 (21.16179887807074, 1.0, -1.694071247405844)
8.139999999999915 (21.260182908553542, 1.0, -1.6731644373835017)
8.159999999999915 (21.35046825326311, 1.0, -1.6384626144563037)
8.179999999999914 (21.433142375608394, 1.0, -1.5905909906173425)
8.199999999999914 (21.50913545298929, 1.0, -1.5302851960409611)
8.219999999999914 (21.579790059410293, 1.0, -1.4583891806758469)
8.239999999999913 (21.646806151660144, 1.0, -1.3758611129113907)
8.259999999999913 (21.712161385906683, 1.0, -1.2837852459420458)
8.279999999999912 (21.778007620294066, 1.0, -1.1833879908030744)
8.299999999999912 (21.846547272904004, 1.0, -1.0760559032009709)
8.319999999999911 (21.91989535431275, 1.0, -0.9633515453674427)
8.339999999999911 (21.999934656687063, 1.0, -0.8470213323214354)
8.35999999999991 (22.088173374239346, 1.0, -0.7289886936143738)
8.37999999999991 (22.185616352624415, 1.0, -0.6113269994727113)
8.39999999999991 (22.292662801167697, 1.0, -0.4962098556647234)
8.41999999999991 (22.409044026113534, 1.0, -0.3858407485809724)
8.439999999999909 (22.53381387072583, 1.0, -0.2823681703600769)
8.459999999999908 (22.665401348982414, 1.0, -0.18779511248563988)
8.479999999999908 (22.801728519355944, 1.0, -0.10389306392482246)
8.499999999999908 (22.94042572296267, 1.0, -0.031981246564900215)
8.519999999999907 (23.078875129559048, 1.0, 0.026571986882761228)
8.539999999999907 (23.21471728090932, 1.0, 0.07105287801392267)
8.559999999999906 (23.345820408920993, 1.0, 0.10105326966535559)
8.579999999999906 (23.47038438305712, 1.0, 0.11650207879527234)
8.599999999999905 (23.587033684972926, 1.0, 0.11749389461175737)
8.619999999999905 (23.694985433173265, 1.0, 0.10432133095683624)
8.639999999999905 (23.793888907968686, 1.0, 0.07739042589024613)
8.659999999999904 (23.883819344135734, 1.0, 0.037202870964516216)
8.679999999999904 (23.96530337756368, 1.0, -0.01564871959967873)
8.699999999999903 (24.03931642888812, 1.0, -0.0804897024519681)
8.719999999999903 (24.107252276603102, 1.0, -0.15656357673559995)
8.739999999999903 (24.170868503145837, 1.0, -0.24302258792930645)
8.759999999999902 (24.23220772183403, 1.0, -0.33891081110190047)
8.779999999999902 (24.29349531579515, 1.0, -0.4431415291457132)
8.799999999999901 (24.357017207107884, 1.0, -0.554471419920488)
8.8199999999999 (24.424983212283482, 1.0, -0.6714759440214895)
8.8399999999999 (24.49938307763653, 1.0, -0.7925322809625656)
8.8599999999999 (24.581844023832392, 1.0, -0.9158170558137408)
8.8799999999999 (24.673500616130806, 1.0, -1.0393251098409788)
8.899999999999899 (24.774889608983568, 1.0, -1.1609125291496722)
8.919999999999899 (24.885883414360954, 1.0, -1.2783628277931964)
8.939999999999898 (25.005675235795305, 1.0, -1.389470988940963)
8.959999999999898 (25.132825890676024, 1.0, -1.4921371103222236)
8.979999999999897 (25.265375991413272, 1.0, -1.5844597404059286)
8.999999999999897 (25.401046767070905, 1.0, -1.664970980511879)
9.019999999999897 (25.537314777145088, 1.0, -1.7321350961856017)
9.039999999999896 (25.671873723229417, 1.0, -1.7850880805223257)
9.059999999999896 (25.802624949020522, 1.0, -1.8232850021610276)
9.079999999999895 (25.927778247800155, 1.0, -1.8465389213113979)
9.099999999999895 (26.045955955542787, 1.0, -1.8548546472027536)
9.119999999999894 (26.15636028646692, 1.0, -1.8484730946495898)
9.139999999999894 (26.25861689399799, 1.0, -1.8277760221282742)
9.159999999999894 (26.35276978260807, 1.0, -1.7932681070057177)
9.179999999999893 (26.439307291890525, 1.0, -1.7455740908903294)
9.199999999999893 (26.519160118472666, 1.0, -1.6854297757200354)
9.219999999999892 (26.593670920561568, 1.0, -1.6136799127595407)
9.239999999999892 (26.66453923504304, 1.0, -1.531284081762714)
9.259999999999891 (26.733741758437354, 1.0, -1.4393284891949922)
9.279999999999891 (26.803428828384455, 1.0, -1.3390419136217229)
9.29999999999989 (26.875800780847737, 1.0, -1.2318135225462659)
9.31999999999989 (26.952970017535733, 1.0, -1.119208545651156)
9.33999999999989 (27.03681627630408, 1.0, -1.0029759360926327)
9.35999999999989 (27.12884438495783, 1.0, -0.8850413702398626)
9.379999999999889 (27.230055696238757, 1.0, -0.767480049700992)
9.399999999999888 (27.340846031418536, 1.0, -0.6524669195619239)
9.419999999999888 (27.46094367660258, 1.0, -0.5422062888120021)
9.439999999999888 (27.58940009480364, 1.0, -0.4388469832902351)
9.459999999999887 (27.7246428073704, 1.0, -0.3443919177178496)
9.479999999999887 (27.864593446983932, 1.0, -0.26061221936945156)
9.499999999999886 (28.00688360594613, 1.0, -0.1888247774599881)
9.519999999999886 (28.14889595105592, 1.0, -0.13040058310531805)
9.539999999999885 (28.288274457140425, 1.0, -0.08605267544926125)
9.559999999999885 (28.422890900616597, 1.0, -0.05618942989191869)
9.579999999999885 (28.55094730924398, 1.0, -0.040881540617423336)
9.599999999999884 (28.671069296667635, 1.0, -0.04003566533381434)
9.619999999999884 (28.78247745151928, 1.0, -0.053360074236607005)
9.639999999999883 (28.884823626133894, 1.0, -0.08044996171279015)
9.659999999999883 (28.97818469752425, 1.0, -0.12080486518067157)
9.679999999999882 (29.063088570306622, 1.0, -0.17383305706510607)
9.699999999999882 (29.140511676908503, 1.0, -0.23886040657125046)
9.719999999999882 (29.21184847799311, 1.0, -0.31513053169926963)
9.739999999999881 (29.27885684867414, 1.0, -0.4017953785020065)
9.75999999999988 (29.34357927660899, 1.0, -0.4978983146832466)
9.77999999999988 (29.408240584122908, 1.0, -0.6023515630584991)
9.79999999999988 (29.475125697328853, 1.0, -0.7139104763158698)
9.81999999999988 (29.54644303119199, 1.0, -0.8311490278529788)
9.839999999999879 (29.62418059202708, 1.0, -0.9524428511455765)
9.859999999999879 (29.709963629615785, 1.0, -1.0759670572024178)
9.879999999999878 (29.804924654020606, 1.0, -1.1997150752772934)
9.899999999999878 (29.909598459655037, 1.0, -1.3215417271485062)
9.919999999999877 (30.023855794803307, 1.0, -1.4392294317284227)
9.939999999999877 (30.14688870114124, 1.0, -1.5505722461251583)
9.959999999999877 (30.27725751998383, 1.0, -1.6534694916662647)
9.979999999999876 (30.413003200536664, 1.0, -1.7460190515467788)
9.999999999999876 (30.551848462609023, 1.0, -1.826754091160915)
