0.0 (-0.75, 1.0, 0.0)
0.02 (-0.7523718141424458, 1.0, 0.05686466022657224)
0.04 (-0.780883818073502, 1.0, 0.17859975687238105)
0.06 (-0.8591052236954779, 1.0, 0.32572406554255695)
0.08 (-0.9685961128147624, 1.0, 0.47610902580756675)
0.1 (-1.0834306080390699, 1.0, 0.6241891301715293)
0.12000000000000001 (-1.1954807221105301, 1.0, 0.7622457953267401)
0.14 (-1.3033467710843891, 1.0, 0.8817666512924361)
0.16 (-1.4021475846143276, 1.0, 0.978579451295374)
0.18 (-1.4861058260382205, 1.0, 1.0513964980192956)
0.19999999999999998 (-1.5514350307392644, 1.0, 1.099885021448951)
0.21999999999999997 (-1.5966079211808715, 1.0, 1.1241795412663205)
0.23999999999999996 (-1.6218768699875652, 1.0, 1.1247260455309374)
0.25999999999999995 (-1.6288775161359743, 1.0, 1.1021343904680667)
0.27999999999999997 (-1.6202839858804494, 1.0, 1.0571595816422579)
0.3 (-1.5994446491179592, 1.0, 0.9907814211599604)
0.32 (-1.570086958300323, 1.0, 0.9043100710387788)
0.34 (-1.5360423095541864, 1.0, 0.799467724290448)
0.36000000000000004 (-1.501001538437814, 1.0, 0.6784220166852382)
0.38000000000000006 (-1.4683017753241785, 1.0, 0.5437708735244954)
0.4000000000000001 (-1.4407440397509053, 1.0, 0.39847940594802866)
0.4200000000000001 (-1.420446896121975, 1.0, 0.24577402058415224)
0.4400000000000001 (-1.4087422059869847, 1.0, 0.08900508833296225)
0.46000000000000013 (-1.4061188745382698, 1.0, -0.0685059380103493)
0.48000000000000015 (-1.4122205276794992, 1.0, -0.22361655050401824)
0.5000000000000001 (-1.4261913150349383, 1.0, -0.37370304862478987)
0.5200000000000001 (-1.445853549642438, 1.0, -0.5160195668659573)
0.5400000000000001 (-1.4688043417650385, 1.0, -0.6485547312889545)
0.5600000000000002 (-1.492633673826622, 1.0, -0.7697474606854938)
0.5800000000000002 (-1.514838628157925, 1.0, -0.8783557637711192)
0.6000000000000002 (-1.5330780211344988, 1.0, -0.9733671321779612)
0.6200000000000002 (-1.5453951296483412, 1.0, -1.0538877957116122)
0.6400000000000002 (-1.5503163366114845, 1.0, -1.119092176211776)
0.6600000000000003 (-1.5468937904958502, 1.0, -1.1681999999578299)
0.6800000000000003 (-1.5347126184042879, 1.0, -1.2004867768086087)
0.7000000000000003 (-1.51387042385456, 1.0, -1.215322153039032)
0.7200000000000003 (-1.4849370338146006, 1.0, -1.2122229358881766)
0.7400000000000003 (-1.44889869297883, 1.0, -1.1909104538284379)
0.7600000000000003 (-1.407089620497685, 1.0, -1.151365003065621)
0.7800000000000004 (-1.3611144965672253, 1.0, -1.0938724739228802)
0.8000000000000004 (-1.3127655078125235, 1.0, -1.019060307768037)
0.8200000000000004 (-1.2639361084682592, 1.0, -0.9279214289205157)
0.8400000000000004 (-1.2165316860889088, 1.0, -0.8218250061319878)
0.8600000000000004 (-1.1723764661960685, 1.0, -0.7025118557309461)
0.8800000000000004 (-1.133117073289632, 1.0, -0.5720710864882054)
0.9000000000000005 (-1.100125646060201, 1.0, -0.4328946371521909)
0.9200000000000005 (-1.0744077769565294, 1.0, -0.2876084426945838)
0.9400000000000005 (-1.0565216052194868, 1.0, -0.1389826088024775)
0.9600000000000005 (-1.0465144448348511, 1.0, 0.01017315837395439)
0.9800000000000005 (-1.0438840210707832, 1.0, 0.15711959887579563)
1.0000000000000004 (-1.0477566562181542, 1.0, 0.299426108785386)
1.0200000000000005 (-1.056328452788812, 1.0, 0.43459476820929677)
1.0400000000000005 (-1.0675432399719975, 1.0, 0.5606333709514909)
1.0600000000000005 (-1.079219708200457, 1.0, 0.6759133187169132)
1.0800000000000005 (-1.089080415585491, 1.0, 0.7790824729350878)
1.1000000000000005 (-1.0949957079290504, 1.0, 0.8689731840403276)
1.1200000000000006 (-1.095073004478986, 1.0, 0.9446039498738762)
1.1400000000000006 (-1.0878563798745444, 1.0, 1.0050802579773592)
1.1600000000000006 (-1.0724154973586746, 1.0, 1.0495642511008938)
1.1800000000000006 (-1.0483538389980729, 1.0, 1.0772896999631854)
1.2000000000000006 (-1.01578838846363, 1.0, 1.0875972625936516)
1.2200000000000006 (-0.975311015370899, 1.0, 1.0799840834855379)
1.2400000000000007 (-0.9279329199681979, 1.0, 1.0541596043943473)
1.2600000000000007 (-0.8750149230043233, 1.0, 1.0100996010853815)
1.2800000000000007 (-0.8181880981018611, 1.0, 0.9480926100579194)
1.3000000000000007 (-0.759268857114044, 1.0, 0.8687755539468482)
1.3200000000000007 (-0.7001707410775495, 1.0, 0.7731570992068867)
1.3400000000000007 (-0.6428131755743431, 1.0, 0.6626274711659567)
1.3600000000000008 (-0.5890266503415378, 1.0, 0.5389524318816585)
1.3800000000000008 (-0.5404548987499125, 1.0, 0.40424799310395)
1.4000000000000008 (-0.498457149083743, 1.0, 0.26093257734362824)
1.4200000000000008 (-0.46401587728869614, 1.0, 0.11165551089943765)
1.4400000000000008 (-0.4376564948354129, 1.0, -0.04079555663677788)
1.4600000000000009 (-0.4193853753179487, 1.0, -0.19360180152563594)
1.4800000000000009 (-0.4086532205564292, 1.0, -0.34402538273121996)
1.5000000000000009 (-0.4045413586396471, 1.0, -0.48964866402485924)
1.520000000000001 (-0.4051877753937546, 1.0, -0.6279989274206913)
1.540000000000001 (-0.4084860450139505, 1.0, -0.7571211188233152)
1.560000000000001 (-0.4122115105475308, 1.0, -0.8754305816846997)
1.580000000000001 (-0.4140476144213628, 1.0, -0.9816233952897593)
1.600000000000001 (-0.41182974402389794, 1.0, -1.0745787058168281)
1.620000000000001 (-0.40363125349801693, 1.0, -1.1533606064875104)
1.640000000000001 (-0.3879632375331593, 1.0, -1.2171133839413948)
1.660000000000001 (-0.3638630287230849, 1.0, -1.2650287676019543)
1.680000000000001 (-0.33090194861785477, 1.0, -1.296360213695987)
1.700000000000001 (-0.28916538772635925, 1.0, -1.3104577226526903)
1.720000000000001 (-0.23921532094568076, 1.0, -1.3068172983271624)
1.740000000000001 (-0.1820362518090807, 1.0, -1.285137040281171)
1.7600000000000011 (-0.11896711601365248, 1.0, -1.245371880391709)
1.7800000000000011 (-0.05162348864114549, 1.0, -1.1877810568134808)
1.8000000000000012 (0.018185896228781105, 1.0, -1.1129650660925114)
1.8200000000000012 (0.08854613412426804, 1.0, -1.0218905928957562)
1.8400000000000012 (0.1575264546003746, 1.0, -0.9159021486840823)
1.8600000000000012 (0.2232744688796296, 1.0, -0.7967181553799679)
1.8800000000000012 (0.2841139034147768, 1.0, -0.666408060486088)
1.9000000000000012 (0.3386428711074271, 1.0, -0.5273471523615769)
1.9200000000000013 (0.3858273243124047, 1.0, -0.38214784383142486)
1.9400000000000013 (0.42508322392597503, 1.0, -0.23356985272382436)
1.9600000000000013 (0.4563408587077334, 1.0, -0.08441559471057902)
1.9800000000000013 (0.4800840428162702, 1.0, 0.06257986920548562)
2.0000000000000013 (0.49715753231306714, 1.0, 0.20500050900611053)
2.0200000000000014 (0.509371233652618, 1.0, 0.3403270269377372)
2.0400000000000014 (0.5187770656509453, 1.0, 0.46656080702258235)
2.0600000000000014 (0.5275425303766056, 1.0, 0.5820696492780671)
2.0800000000000014 (0.5379306443595269, 1.0, 0.6854934110220487)
2.1000000000000014 (0.552050285476014, 1.0, 0.7756488008165014)
2.1200000000000014 (0.5717853904897717, 1.0, 0.8515448396490859)
2.1400000000000015 (0.5985832161206264, 1.0, 0.9122787048608537)
2.1600000000000015 (0.6333628575512333, 1.0, 0.9570062705444771)
2.1800000000000015 (0.6765101069869631, 1.0, 0.9849589741526392)
2.2000000000000015 (0.727899455833252, 1.0, 0.9954793159454142)
2.2200000000000015 (0.7869331783394903, 1.0, 0.9880701318601449)
2.2400000000000015 (0.8525971061690728, 1.0, 0.9624499726793263)
2.2600000000000016 (0.9235306178994275, 1.0, 0.9186066276081976)
2.2800000000000016 (0.9981063066644771, 1.0, 0.8568429037929971)
2.3000000000000016 (1.0745151748191275, 1.0, 0.7778114693240349)
2.3200000000000016 (1.15085509993915, 1.0, 0.6825372994762333)
2.3400000000000016 (1.2252222927004992, 1.0, 0.5724264387190516)
2.3600000000000017 (1.295806232924886, 1.0, 0.44925878185498047)
2.3800000000000017 (1.360987432820515, 1.0, 0.31516148588624543)
2.4000000000000017 (1.4194348773864611, 1.0, 0.172559814583805)
2.4200000000000017 (1.4701976498823683, 1.0, 0.024104425143607167)
2.4400000000000017 (1.5127842698090548, 1.0, -0.12742216956280167)
2.4600000000000017 (1.5472233221048466, 1.0, -0.2792133192954982)
2.4800000000000018 (1.5740983902485624, 1.0, -0.4285504300398986)
2.5000000000000018 (1.5943423487979305, 1.0, -0.5730510872652141)
2.520000000000002 (1.609866831284367, 1.0, -0.7102591850463279)
2.540000000000002 (1.622805163226981, 1.0, -0.83825377286014)
2.560000000000002 (1.6353911078748335, 1.0, -0.9554872233429114)
2.580000000000002 (1.6499439425369915, 1.0, -1.0606882422951474)
2.600000000000002 (1.6686210534610697, 1.0, -1.152756228273052)
2.620000000000002 (1.693350930010216, 1.0, -1.2307770284691844)
2.640000000000002 (1.7256227742855723, 1.0, -1.2939090536741376)
2.660000000000002 (1.7663957580297924, 1.0, -1.3413500194518932)
2.680000000000002 (1.8160940373253436, 1.0, -1.3723535205188102)
2.700000000000002 (1.8746277301098877, 1.0, -1.3862648655068806)
2.720000000000002 (1.941430025467982, 1.0, -1.3825712254763178)
2.740000000000002 (2.015510566009522, 1.0, -1.3609585692432302)
2.760000000000002 (2.0955230260206443, 1.0, -1.3213673695780472)
2.780000000000002 (2.1798425934575993, 1.0, -1.2640410263637962)
2.800000000000002 (2.2666493486338357, 1.0, -1.18956366556988)
2.820000000000002 (2.354015369720236, 1.0, -1.098885775495411)
2.840000000000002 (2.439995360717836, 1.0, -0.9933363875652119)
2.860000000000002 (2.522721398442572, 1.0, -0.8746195349047229)
2.880000000000002 (2.600501302623131, 1.0, -0.7447915941242912)
2.900000000000002 (2.6719176316268345, 1.0, -0.6062162094894081)
2.920000000000002 (2.7359218768126428, 1.0, -0.4614956039363632)
2.940000000000002 (2.7919172870809095, 1.0, -0.313380749334388)
2.960000000000002 (2.839823625286123, 1.0, -0.1646667645820188)
2.980000000000002 (2.880116447456868, 1.0, -0.018082939134046253)
3.000000000000002 (2.913622700859804, 1.0, 0.1239693933095452)
3.0200000000000022 (2.9421615698241577, 1.0, 0.25895797806704046)
3.0400000000000023 (2.967784756402968, 1.0, 0.38488343629863636)
3.0600000000000023 (2.9926510324136646, 1.0, 0.5001150884353633)
3.0800000000000023 (3.01901337676116, 1.0, 0.6032906528083367)
3.1000000000000023 (3.0489649148234252, 1.0, 0.6932180007553569)
3.1200000000000023 (3.084383641242492, 1.0, 0.7689017207905651)
3.1400000000000023 (3.126710745844373, 1.0, 0.8294345872609467)
3.1600000000000024 (3.176857040085262, 1.0, 0.8739687094833455)
3.1800000000000024 (3.2352003099783952, 1.0, 0.9017339419494053)
3.2000000000000024 (3.3016086135425087, 1.0, 0.9120736319217089)
3.2200000000000024 (3.3754796417945183, 1.0, 0.9044937254628784)
3.2400000000000024 (3.45579656940686, 1.0, 0.8787179295628006)
3.2600000000000025 (3.5411981837648487, 1.0, 0.8347409753656566)
3.2800000000000025 (3.630058729307912, 1.0, 0.7728740402994997)
3.3000000000000025 (3.720573285888778, 1.0, 0.693779127457427)
3.3200000000000025 (3.8108464239977953, 1.0, 0.5984909423474729)
3.3400000000000025 (3.898983841490147, 1.0, 0.4884249683231531)
3.3600000000000025 (3.9831874271515977, 1.0, 0.3653694427828218)
3.3800000000000026 (4.061853043744649, 1.0, 0.23145787603184242)
3.4000000000000026 (4.133667821327746, 1.0, 0.08911898123060631)
3.4200000000000026 (4.197701418226713, 1.0, -0.0589968824097596)
3.4400000000000026 (4.253484739566331, 1.0, -0.210111916493091)
3.4600000000000026 (4.301069666253518, 1.0, -0.36142899210037266)
3.4800000000000026 (4.341062803087659, 1.0, -0.5102438466915347)
3.5000000000000027 (4.374404718883097, 1.0, -0.654200320929534)
3.5200000000000027 (4.403042886861744, 1.0, -0.7908530441578786)
3.5400000000000027 (4.429129255088696, 1.0, -0.9183051064527072)
3.5600000000000027 (4.454902770784547, 1.0, -1.0350350065753424)
3.5800000000000027 (4.482683335211702, 1.0, -1.1397940321357776)
3.6000000000000028 (4.514621517814839, 1.0, -1.231494642435837)
3.6200000000000028 (4.552646371402101, 1.0, -1.3092374158557976)
3.640000000000003 (4.598246616937657, 1.0, -1.3721901229798823)
3.660000000000003 (4.652378095401784, 1.0, -1.4195541489535501)
3.680000000000003 (4.7154609590836545, 1.0, -1.450582880247193)
3.700000000000003 (4.787401517227855, 1.0, -1.4646182970115624)
3.720000000000003 (4.867629105438767, 1.0, -1.4611415882863936)
3.740000000000003 (4.955148998715934, 1.0, -1.4398306543191006)
3.760000000000003 (5.048609636975946, 1.0, -1.4006164656183198)
3.780000000000003 (5.146379906148898, 1.0, -1.343732115483254)
3.800000000000003 (5.246632465932165, 1.0, -1.2697511658870708)
3.820000000000003 (5.347430960725234, 1.0, -1.1796137213775342)
3.840000000000003 (5.446820899112301, 1.0, -1.0746389199787225)
3.860000000000003 (5.542924771992546, 1.0, -0.9565215718838732)
3.880000000000003 (5.6340408796225265, 1.0, -0.8273095675534229)
3.900000000000003 (5.71874282815801, 1.0, -0.6893587824447716)
3.920000000000003 (5.795974212025645, 1.0, -0.545264317709419)
3.940000000000003 (5.865131836086544, 1.0, -0.39777059047064356)
3.960000000000003 (5.9261306821572015, 1.0, -0.24966669018953225)
3.980000000000003 (5.979443113467707, 1.0, -0.10367644856429337)
4.000000000000003 (6.025884645905655, 1.0, 0.037811960215809966)
4.020000000000002 (6.067284837794035, 1.0, 0.17225799492987642)
4.040000000000002 (6.105697388555763, 1.0, 0.2976641447209264)
4.060000000000001 (6.1432756657059695, 1.0, 0.4124035598668801)
4.080000000000001 (6.182265796724267, 1.0, 0.5151148737917168)
4.1000000000000005 (6.22474915694267, 1.0, 0.6046012371818736)
4.12 (6.272599724531433, 1.0, 0.6798656957097163)
4.14 (6.327254447113631, 1.0, 0.739998941456719)
4.159999999999999 (6.389618005653235, 1.0, 0.7841508830613982)
4.179999999999999 (6.460062170465968, 1.0, 0.8115503031085493)
4.199999999999998 (6.538450104084242, 1.0, 0.8215408440428741)
4.219999999999998 (6.624175890408777, 1.0, 0.8136300439629722)
4.2399999999999975 (6.7162203888990115, 1.0, 0.7875444076346597)
4.259999999999997 (6.813221424830611, 1.0, 0.7432825568276985)
4.279999999999997 (6.913553736379932, 1.0, 0.6811604683113938)
4.299999999999996 (7.015414475566844, 1.0, 0.601845585443844)
4.319999999999996 (7.116912005645315, 1.0, 0.5063783408331497)
4.339999999999995 (7.216157687463555, 1.0, 0.3961797816000995)
4.359999999999995 (7.311361068909568, 1.0, 0.27304299840804713)
4.379999999999995 (7.400927727460087, 1.0, 0.1391050234269352)
4.399999999999994 (7.483556511228336, 1.0, -0.003203884422600854)
4.419999999999994 (7.558330594849715, 1.0, -0.15123439558232613)
4.439999999999993 (7.624795805723411, 1.0, -0.3022127932587281)
4.459999999999993 (7.683019745132768, 1.0, -0.4533493566323118)
4.479999999999992 (7.733624699942728, 1.0, -0.6019505481565195)
4.499999999999992 (7.777555176010948, 1.0, -0.7456799738943981)
4.519999999999992 (7.816784904906201, 1.0, -0.882099154168918)
4.539999999999991 (7.853478978484394, 1.0, -1.0093283243309688)
4.559999999999991 (7.889879253686343, 1.0, -1.125864676375556)
4.57999999999999 (7.928305227967157, 1.0, -1.2304753583105805)
4.59999999999999 (7.97090141334714, 1.0, -1.3220813395570483)
4.6199999999999894 (8.019596779415767, 1.0, -1.399793312029714)
4.639999999999989 (8.075879230821354, 1.0, -1.4627853260438235)
4.659999999999989 (8.140701612145099, 1.0, -1.51026101820199)
4.679999999999988 (8.214480621808617, 1.0, -1.5414734280163631)
4.699999999999988 (8.297119368070978, 1.0, -1.5557621585970764)
4.719999999999987 (8.388044086466323, 1.0, -1.5526043131255665)
4.739999999999987 (8.486256723374682, 1.0, -1.531672384885763)
4.7599999999999865 (8.590401920961932, 1.0, -1.492891062521397)
4.779999999999986 (8.69884416993378, 1.0, -1.4364867049009107)
4.799999999999986 (8.809751117724575, 1.0, -1.3630260424565488)
4.819999999999985 (8.921180872893355, 1.0, -1.2734425205204483)
4.839999999999985 (9.031173082293067, 1.0, -1.169048959682681)
4.859999999999984 (9.137844328821258, 1.0, -1.051534262047)
4.879999999999984 (9.239487291111969, 1.0, -0.9229407987321352)
4.8999999999999835 (9.334670590685906, 1.0, -0.7856192307518756)
4.919999999999983 (9.422333797823466, 1.0, -0.6421596343551161)
4.939999999999983 (9.501870891080886, 1.0, -0.49530148147331005)
4.959999999999982 (9.573195303146829, 1.0, -0.3478289336817448)
4.979999999999982 (9.63677897671992, 1.0, -0.20246094070666135)
4.999999999999981 (9.69343002298671, 1.0, -0.06157429879857271)
5.019999999999981 (9.744988168383209, 1.0, 0.07228514589664062)
5.0399999999999805 (9.79351006545826, 1.0, 0.19712293209143333)
5.05999999999998 (9.841145738686558, 1.0, 0.3113168978256968)
5.07999999999998 (9.890136569937836, 1.0, 0.4135080382340913)
5.099999999999979 (9.94255507864376, 1.0, 0.5024971743904065)
5.119999999999979 (10.000272495846144, 1.0, 0.5772873642835129)
5.139999999999978 (10.064722764856688, 1.0, 0.6369685283182991)
5.159999999999978 (10.136805981009738, 1.0, 0.680689311476603)
5.1799999999999775 (10.216889351772796, 1.0, 0.7076777499612652)
5.199999999999977 (10.304832283791693, 1.0, 0.7172774744619418)
5.219999999999977 (10.400026012857532, 1.0, 0.708996729486125)
5.239999999999976 (10.501449425059445, 1.0, 0.6825634230014886)
5.259999999999976 (10.607739264499356, 1.0, 0.6379782462172097)
5.279999999999975 (10.717270138599316, 1.0, 0.5755598281875721)
5.299999999999975 (10.828240102209378, 1.0, 0.4959786980339195)
5.3199999999999745 (10.938759563488986, 1.0, 0.4002785883062786)
5.339999999999974 (11.046943194809915, 1.0, 0.2898837626414984)
5.359999999999974 (11.151005238811237, 1.0, 0.1665900681192771)
5.379999999999973 (11.249357427060048, 1.0, 0.03253639538516219)
5.399999999999973 (11.340706221535221, 1.0, -0.1098464973220207)
5.419999999999972 (11.424143761931617, 1.0, -0.2579105727654496)
5.439999999999972 (11.499225943920164, 1.0, -0.4088855432797842)
5.4599999999999715 (11.566031125208191, 1.0, -0.5599874512228942)
5.479999999999971 (11.625192438429435, 1.0, -0.7085308426855902)
5.499999999999971 (11.677656186849568, 1.0, -0.8521943454315019)
5.51999999999997 (11.72541559613724, 1.0, -0.9885438825830184)
5.53999999999997 (11.770645200523427, 1.0, -1.1157120711563175)
5.559999999999969 (11.815588443667227, 1.0, -1.2322096662599542)
5.579999999999969 (11.862563964316594, 1.0, -1.3368151221710323)
5.599999999999969 (11.913711069567436, 1.0, -1.4284550160044325)
5.619999999999968 (11.970958344756934, 1.0, -1.506247084365764)
5.639999999999968 (12.035792780839115, 1.0, -1.5693696480589758)
5.659999999999967 (12.109164620982535, 1.0, -1.6170277250382534)
5.679999999999967 (12.191487642532293, 1.0, -1.6484739743921242)
5.699999999999966 (12.282662291901339, 1.0, -1.663046286554702)
5.719999999999966 (12.382112306220531, 1.0, -1.660218944349894)
5.739999999999966 (12.488837063099277, 1.0, -1.639660782359364)
5.759999999999965 (12.601478400050645, 1.0, -1.6012923017057379)
5.779999999999965 (12.718397685655859, 1.0, -1.545335431971819)
5.799999999999964 (12.837759125977923, 1.0, -1.472352465366401)
5.819999999999964 (12.957617149820562, 1.0, -1.3832725647983612)
5.839999999999963 (13.076007641991371, 1.0, -1.2794045101796818)
5.859999999999963 (13.191043553847702, 1.0, -1.162433410374134)
5.879999999999963 (13.301014308257638, 1.0, -1.0343980276666984)
5.899999999999962 (13.40448589554477, 1.0, -0.8976454884009075)
5.919999999999962 (13.500396095873217, 1.0, -0.7547622787172966)
5.939999999999961 (13.588138077753493, 1.0, -0.6084841082731148)
5.959999999999961 (13.667625451611814, 1.0, -0.4615911361700686)
5.9799999999999605 (13.739331151294019, 1.0, -0.3167980873732939)
5.99999999999996 (13.804058439653472, 1.0, -0.17647213959716765)
6.01999999999996 (13.863656348640289, 1.0, -0.04316253934591009)
6.039999999999959 (13.920184734284021, 1.0, 0.08113966595563928)
6.059999999999959 (13.975791553864402, 1.0, 0.1948170724942575)
6.079999999999958 (14.032714850696179, 1.0, 0.2965135755110292)
6.099999999999958 (14.09302040575167, 1.0, 0.3850290255240323)
6.1199999999999575 (14.158577544350546, 1.0, 0.459367265431667)
6.139999999999957 (14.230818051492703, 1.0, 0.5186181531352938)
6.159999999999957 (14.31063855602303, 1.0, 0.5619296275851687)
6.179999999999956 (14.398402773036999, 1.0, 0.5885291917204414)
6.199999999999956 (14.493967205080843, 1.0, 0.5977603072468822)
6.219999999999955 (14.59672083172912, 1.0, 0.5891314258019893)
6.239999999999955 (14.705640882026579, 1.0, 0.5623710537098379)
6.2599999999999545 (14.819363036637967, 1.0, 0.5174808847243934)
6.279999999999954 (14.936261464979433, 1.0, 0.4547809279680275)
6.299999999999954 (15.054534466851827, 1.0, 0.37494339132384336)
6.319999999999953 (15.172293462211988, 1.0, 0.2790138494805173)
6.339999999999953 (15.287655005167036, 1.0, 0.16841837273832863)
6.359999999999952 (15.398836193743286, 1.0, 0.04495431632685953)
6.379999999999952 (15.50425266776549, 1.0, -0.08923853285705075)
6.3999999999999515 (15.602615877590441, 1.0, -0.231729467102261)
6.419999999999951 (15.693023979649094, 1.0, -0.379871763237402)
6.439999999999951 (15.77503975778366, 1.0, -0.5308979650862953)
6.45999999999995 (15.848749041927793, 1.0, -0.6820286082096894)
6.47999999999995 (15.914792585863008, 1.0, -0.8305843797770234)
6.499999999999949 (15.974117303945123, 1.0, -0.9742554232695032)
6.519999999999949 (16.0287310697098, 1.0, -1.1106104676309543)
6.5399999999999485 (16.080815311791756, 1.0, -1.2377911871530005)
6.559999999999948 (16.13261429490461, 1.0, -1.3543183124111966)
6.579999999999948 (16.186445649148965, 1.0, -1.4589784773926784)
6.599999999999947 (16.24444430210063, 1.0, -1.5507020011889905)
6.619999999999947 (16.308538341073618, 1.0, -1.6286116021527912)
6.639999999999946 (16.380213868472275, 1.0, -1.6918885482146961)
6.659999999999946 (16.460418921968607, 1.0, -1.7397387045571115)
6.6799999999999455 (16.549564845223163, 1.0, -1.7714143670262745)
6.699999999999945 (16.647549892675244, 1.0, -1.7862521793241328)
6.719999999999945 (16.75379579090588, 1.0, -1.7837244533437355)
6.739999999999944 (16.867299920255956, 1.0, -1.7634975185309227)
6.759999999999944 (16.98670201895695, 1.0, -1.7254890546165953)
6.779999999999943 (17.110361202376726, 1.0, -1.6699180513581946)
6.799999999999943 (17.236439276746466, 1.0, -1.5973438966858478)
6.8199999999999426 (17.362988192869732, 1.0, -1.5086929847428097)
6.839999999999942 (17.488041402836075, 1.0, -1.405271499879348)
6.859999999999942 (17.609709633792704, 1.0, -1.288762102907108)
6.879999999999941 (17.726280475882312, 1.0, -1.1612011760522194)
6.899999999999941 (17.8363186572501, 1.0, -1.0249334184550147)
6.91999999999994 (17.938761413130933, 1.0, -0.8825427149624825)
6.93999999999994 (18.03300216379385, 1.0, -0.7367618885116969)
6.95999999999994 (18.118955539656387, 1.0, -0.5903678604387101)
6.979999999999939 (18.19709608900824, 1.0, -0.44607177829875716)
6.999999999999939 (18.26822385966147, 1.0, -0.3062328128811207)
7.019999999999938 (18.334196054231274, 1.0, -0.17340239531683782)
7.039999999999938 (18.397075610193127, 1.0, -0.049568234350495156)
7.059999999999937 (18.459009206469975, 1.0, 0.06365669608427023)
7.079999999999937 (18.5222325001854, 1.0, 0.16491923639984274)
7.099999999999937 (18.58880610150999, 1.0, 0.2530190118233992)
7.119999999999936 (18.66059799289718, 1.0, 0.3269609736197749)
7.139999999999936 (18.73903838559197, 1.0, 0.3858352731008819)
7.159999999999935 (18.825021262030347, 1.0, 0.4287894714116018)
7.179999999999935 (18.918907642146976, 1.0, 0.4550506817184597)
7.1999999999999345 (19.020551767273208, 1.0, 0.46396212866966796)
7.219999999999934 (19.12934082436348, 1.0, 0.45503220476120204)
7.239999999999934 (19.244250665749046, 1.0, 0.4279895673028561)
7.259999999999933 (19.36391599484126, 1.0, 0.38283630488762616)
7.279999999999933 (19.48671041973961, 1.0, 0.31989306899911846)
7.299999999999932 (19.610832135521136, 1.0, 0.23983291971209636)
7.319999999999932 (19.734392979580573, 1.0, 0.14370241050623933)
7.3399999999999315 (19.85551053051763, 1.0, 0.03292858244929327)
7.359999999999931 (19.972403607622457, 1.0, -0.09069043304455027)
7.379999999999931 (20.083490343761042, 1.0, -0.22501449520580194)
7.39999999999993 (20.187485492820137, 1.0, -0.36761321145023007)
7.41999999999993 (20.283491305781002, 1.0, -0.5158410779883974)
7.439999999999929 (20.371075352331456, 1.0, -0.6669329516366987)
7.459999999999929 (20.45032873736707, 1.0, -0.8181128817587098)
7.4799999999999285 (20.52189765782928, 1.0, -0.9667062574989308)
7.499999999999928 (20.586729011194773, 1.0, -1.1104121178426691)
7.519999999999928 (20.646841796921358, 1.0, -1.2468009790526822)
7.539999999999927 (20.704422552622475, 1.0, -1.3740212253630735)
7.559999999999927 (20.761715927059456, 1.0, -1.4906010189674004)
7.579999999999926 (20.82103854889453, 1.0, -1.5953329969286707)
7.599999999999926 (20.88452171221124, 1.0, -1.6871500108660655)
7.6199999999999255 (20.954092991133262, 1.0, -1.7651783566227748)
7.639999999999925 (21.031237682252943, 1.0, -1.828601368164258)
7.659999999999925 (21.116901984184608, 1.0, -1.8766254302236052)
7.679999999999924 (21.211495235848943, 1.0, -1.9085025142944319)
7.699999999999924 (21.314913901345605, 1.0, -1.9235683464701894)
7.719999999999923 (21.42657809329367, 1.0, -1.921293842373429)
7.739999999999923 (21.54548363177875, 1.0, -1.9013435925661044)
7.7599999999999225 (21.6702686669418, 1.0, -1.86363335106928)
7.779999999999922 (21.799290664969647, 1.0, -1.8083801334674805)
7.799999999999922 (21.930709733006058, 1.0, -1.7361414080961486)
7.819999999999921 (22.062576129800952, 1.0, -1.6478417642416456)
7.839999999999921 (22.1929217201032, 1.0, -1.5447857069952022)
7.85999999999992 (22.31985587445423, 1.0, -1.4286543042141129)
7.87999999999992 (22.441665195109586, 1.0, -1.3014823498809203)
7.8999999999999195 (22.556913921780897, 1.0, -1.165612850867424)
7.919999999999919 (22.664539401608383, 1.0, -1.0236277798343034)
7.939999999999919 (22.763935811042323, 1.0, -0.8782577275004481)
7.959999999999918 (22.855019136930895, 1.0, -0.7322770035988184)
7.979999999999918 (22.93826572430523, 1.0, -0.5883937720782301)
7.999999999999917 (23.014473457508455, 1.0, -0.44896061106841273)
8.019999999999918 (23.08550652132401, 1.0, -0.3165303609967319)
8.039999999999917 (23.153430636103476, 1.0, -0.19308768312225544)
8.059999999999917 (23.220391689616175, 1.0, -0.08024162413979846)
8.079999999999917 (23.28862360670429, 1.0, 0.020657397228528256)
8.099999999999916 (23.360183000539376, 1.0, 0.10840916534017324)
8.119999999999916 (23.43693689175133, 1.0, 0.18201981457867705)
8.139999999999915 (23.52031432723928, 1.0, 0.24057994265235377)
8.159999999999915 (23.61120725129467, 1.0, 0.2832369229439069)
8.179999999999914 (23.709974588934493, 1.0, 0.30921757814095774)
8.199999999999914 (23.816468810315666, 1.0, 0.31786487880256836)
8.219999999999914 (23.93007567466499, 1.0, 0.3086870297637253)
8.239999999999913 (24.049769899520815, 1.0, 0.28141260540795393)
8.259999999999913 (24.174185325991836, 1.0, 0.2360437576432192)
8.279999999999912 (24.301694980144344, 1.0, 0.17290136597553404)
8.299999999999912 (24.43049678467452, 1.0, 0.09265886879791224)
8.319999999999911 (24.55870266592981, 1.0, -0.003636702873449426)
8.339999999999911 (24.684430722375442, 1.0, -0.1145578237669595)
8.35999999999991 (24.80590080016621, 1.0, -0.23830600606440724)
8.37999999999991 (24.921532633331474, 1.0, -0.37274104834644023)
8.39999999999991 (25.030043192698137, 1.0, -0.5154329773439806)
8.41999999999991 (25.130537559952867, 1.0, -0.6637373655137937)
8.439999999999909 (25.222586685377937, 1.0, -0.8148909458320007)
8.459999999999908 (25.30628545965581, 1.0, -0.9661205244406373)
8.479999999999908 (25.38228403067496, 1.0, -1.1147551168951881)
8.499999999999908 (25.451528973629596, 1.0, -1.2585006786290585)
8.519999999999907 (25.516047819153584, 1.0, -1.3949288666323914)
8.539999999999907 (25.578030941245412, 1.0, -1.5221930962374972)
8.559999999999906 (25.639723129519147, 1.0, -1.6388271318081573)
8.579999999999906 (25.703440093554352, 1.0, -1.743628075895336)
8.599999999999905 (25.771310142619676, 1.0, -1.8355305210632147)
8.619999999999905 (25.845260371221602, 1.0, -1.9136633715251208)
8.639999999999905 (25.92677537443834, 1.0, -1.9772114333686774)
8.659999999999904 (26.01679983556351, 1.0, -2.025381410099135)
8.679999999999904 (26.11574145619284, 1.0, -2.0574249944260496)
8.699999999999903 (26.2234952476131, 1.0, -2.0726772294738307)
8.719999999999903 (26.3394800300198, 1.0, -2.070608027280494)
8.739999999999903 (26.4626904006626, 1.0, -2.05088075305692)
8.759999999999902 (26.591763297791346, 1.0, -2.0134098267251086)
8.779999999999902 (26.725054965088713, 1.0, -1.958410919310525)
8.799999999999901 (26.86072428870428, 1.0, -1.8864402140520857)
8.8199999999999 (26.996820354646285, 1.0, -1.7984211104736125)
8.8399999999999 (27.131373980476372, 1.0, -1.6956570160426645)
8.8599999999999 (27.262493712940483, 1.0, -1.5798279502026689)
8.8799999999999 (27.388465658963685, 1.0, -1.452967631462771)
8.899999999999899 (27.507853988187026, 1.0, -1.3174178670310324)
8.919999999999899 (27.619596473492408, 1.0, -1.1757592042672491)
8.939999999999898 (27.72308823603768, 1.0, -1.0307204961403091)
8.959999999999898 (27.81824667821235, 1.0, -0.8850739505348838)
8.979999999999897 (27.905549890871043, 1.0, -0.7415252703139423)
8.999999999999897 (27.985794278328424, 1.0, -0.6024216487247723)
9.019999999999897 (28.06084988137792, 1.0, -0.47031684116935496)
9.039999999999896 (28.132784839793846, 1.0, -0.347192839416)
9.059999999999896 (28.203744550795147, 1.0, -0.2346553144084009)
9.079999999999895 (28.27596166286121, 1.0, -0.13405225691990932)
9.099999999999895 (28.351489680224454, 1.0, -0.046583547127623234)
9.119999999999894 (28.432194923331977, 1.0, 0.02675807762631752)
9.139999999999894 (28.51950556584594, 1.0, 0.08506370191086164)
9.159999999999894 (28.614311970485165, 1.0, 0.12748061873592592)
9.179999999999893 (28.71697142405525, 1.0, 0.15323543080789404)
9.199999999999893 (28.827335002579655, 1.0, 0.1616708650365176)
9.219999999999892 (28.944787326107928, 1.0, 0.15229488914659167)
9.239999999999892 (29.068302182509484, 1.0, 0.12483588537586328)
9.259999999999891 (29.19651267200151, 1.0, 0.07929590064208143)
9.279999999999891 (29.327791271553714, 1.0, 0.0159958209809836)
9.29999999999989 (29.460335568259932, 1.0, -0.06439079898893575)
9.31999999999989 (29.592257407349365, 1.0, -0.16081673364630208)
9.33999999999989 (29.721675117442892, 1.0, -0.271854249458654)
9.35999999999989 (29.846809149720215, 1.0, -0.39570473517360644)
9.379999999999889 (29.966080276467288, 1.0, -0.5302280763692764)
9.399999999999888 (30.07820697963991, 1.0, -0.6729947364776336)
9.419999999999888 (30.182296331612257, 1.0, -0.8213612089990536)
9.439999999999888 (30.27792171151339, 1.0, -0.972565741431565)
9.459999999999887 (30.365180771662864, 1.0, -1.1238373093646374)
9.479999999999887 (30.44472657253856, 1.0, -1.2725077434219618)
9.499999999999886 (30.51750524367456, 1.0, -1.416288406188653)
9.519999999999886 (30.58555091056411, 1.0, -1.5527516860765078)
9.539999999999885 (30.651056861654638, 1.0, -1.680054812548562)
9.559999999999885 (30.71626789778921, 1.0, -1.7967358177843809)
9.579999999999885 (30.783498921851304, 1.0, -1.9015951673276845)
9.599999999999884 (30.854875808784456, 1.0, -1.9935686707583682)
9.619999999999884 (30.932325227996103, 1.0, -2.07178716185539)
9.639999999999883 (31.017331179619735, 1.0, -2.135436512869345)
9.659999999999883 (31.110837109207147, 1.0, -2.183723623230412)
9.679999999999882 (31.213249389680804, 1.0, -2.2158999516482107)
9.699999999999882 (31.324461859305888, 1.0, -2.2313000273732726)
9.719999999999882 (31.443892305448358, 1.0, -2.2293930304367264)
9.739999999999881 (31.570534364578982, 1.0, -2.20984144873565)
9.75999999999988 (31.703024043320877, 1.0, -2.1725587627430785)
9.77999999999988 (31.839716668665098, 1.0, -2.1177597128282564)
9.79999999999988 (31.978770236550407, 1.0, -2.0459996085752956)
9.81999999999988 (32.118233007253544, 1.0, -1.9582010540222643)
9.839999999999879 (32.256135098274676, 1.0, -1.855666729506834)
9.859999999999879 (32.390584558285944, 1.0, -1.7400759543744957)
9.879999999999878 (32.519867278832876, 1.0, -1.6134617064057653)
9.899999999999878 (32.64254756948403, 1.0, -1.4781649276309476)
9.919999999999877 (32.75756374858931, 1.0, -1.3367650893705263)
9.939999999999877 (32.864311899573764, 1.0, -1.1919896842009503)
9.959999999999877 (32.96271075763799, 1.0, -1.0466092314337472)
9.979999999999876 (33.05323999706005, 1.0, -0.9033274204325938)
9.999999999999876 (33.13669499143516, 1.0, -0.7644870721700991)
