0.0 (4.375, 1.0, 0.0)
0.21999999999999997 (4.013936590330483, 1.0, 0.41333169448406154)
0.4200000000000001 (3.4567206663881875, 1.0, 0.7271733846534897)
0.6200000000000002 (3.379028163144133, 1.0, 0.7935184220497931)
0.8200000000000004 (3.435400714180605, 1.0, 0.5291432483761546)
1.0200000000000005 (3.4528942988934883, 1.0, -0.03029607097711049)
1.2200000000000006 (3.620827034053692, 1.0, -0.48297269506865054)
1.4200000000000008 (3.930333113992285, 1.0, -0.745958736526827)
1.620000000000001 (4.344945435200416, 1.0, -0.5390953546776078)
1.8200000000000012 (4.464450967954231, 1.0, 0.07007571758968179)
2.0200000000000014 (4.2497723375346705, 1.0, 0.6783623208346813)
2.2200000000000015 (4.345350937531833, 1.0, 1.1469053305602754)
2.4200000000000017 (4.740093540468646, 1.0, 1.250245954554156)
2.620000000000002 (5.0522069852205895, 1.0, 0.8900992140177172)
2.820000000000002 (5.189388675277854, 1.0, 0.3112258527674815)
3.0200000000000022 (5.537512747451862, 1.0, 0.05068154724443638)
3.2200000000000024 (5.944884466556965, 1.0, 0.1993220261459382)
3.4200000000000026 (5.965642938946626, 1.0, 0.7104060354721238)
3.6200000000000028 (5.544603645913477, 1.0, 1.2988272499104694)
3.820000000000003 (5.488662351941164, 1.0, 1.8253581767195193)
4.040000000000002 (5.794117135266667, 1.0, 2.17680065819305)
4.259999999999997 (6.216073892237838, 1.0, 1.9515203948423185)
4.479999999999992 (6.55741072620827, 1.0, 1.3899628260671995)
4.699999999999988 (7.01479127470246, 1.0, 1.2229069509414594)
4.919999999999983 (7.363060774426222, 1.0, 1.5396118053204697)
5.139999999999978 (7.143941479222416, 1.0, 2.1381729659225663)
5.359999999999974 (6.584289417441954, 1.0, 2.607553898369586)
5.579999999999969 (6.4614890718602505, 1.0, 3.113717513310472)
5.799999999999964 (6.8562950938066916, 1.0, 3.3175943948416555)
6.01999999999996 (7.4065974750213455, 1.0, 3.038700622177212)
6.239999999999955 (7.901435106286719, 1.0, 2.763194103323657)
6.45999999999995 (8.316806333149678, 1.0, 2.824887201302512)
6.6799999999999455 (8.290578709050003, 1.0, 3.2813046352909785)
6.899999999999941 (7.7013510760816635, 1.0, 3.729844225214752)
7.119999999999936 (7.275516453361167, 1.0, 4.166671877773479)
7.3399999999999315 (7.270478179303672, 1.0, 4.627369547571907)
7.559999999999927 (7.711710976923041, 1.0, 4.682837535378246)
7.779999999999922 (8.302246630578104, 1.0, 4.354238256044064)
7.999999999999917 (8.817626124154256, 1.0, 4.382246149172784)
8.219999999999914 (9.0722050452136, 1.0, 4.767633526344681)
8.439999999999909 (8.706979127537126, 1.0, 5.218766951114283)
8.659999999999904 (7.960683129937069, 1.0, 5.386722247572609)
8.8799999999999 (7.592680158257541, 1.0, 5.777862856893182)
9.099999999999895 (7.771554540896271, 1.0, 6.194923583510941)
9.31999999999989 (8.346189766492405, 1.0, 6.229507013048016)
9.539999999999885 (8.926580651848035, 1.0, 6.105579217318731)
9.75999999999988 (9.317036596342684, 1.0, 6.317164470389217)
9.979999999999876 (9.190934158226991, 1.0, 6.742630169391739)
10.199999999999871 (8.526997853978047, 1.0, 6.9605167347793)
10.419999999999867 (7.890615555562434, 1.0, 7.0812765365195744)
10.639999999999862 (7.592163510675492, 1.0, 7.451750209652419)
10.859999999999857 (7.9106514382707465, 1.0, 7.745812548721855)
11.079999999999853 (8.591509668579496, 1.0, 7.732449015665106)
11.299999999999848 (9.115873481797934, 1.0, 7.938085553905798)
11.519999999999843 (9.46130814056194, 1.0, 8.307530782780075)
11.739999999999839 (9.682314172072342, 1.0637241822644279, 8.550569772009027)
11.959999999999834 (9.721377638450567, 1.1930671198771303, 8.680166119344833)
12.17999999999983 (9.677892649241048, 1.3259148519257136, 8.806076061744987)
12.399999999999824 (9.477867404652336, 1.4268779802869518, 8.956655429766377)
12.61999999999982 (9.253180005268517, 1.366181099091894, 9.014608444947362)
12.839999999999815 (9.231756482664903, 1.354349504171324, 8.980845817326346)
13.05999999999981 (9.22517802053297, 1.3533129384584055, 8.95853711945559)
13.279999999999806 (9.220758903545946, 1.3494029443338469, 8.945692843554342)
13.499999999999801 (9.219240112445119, 1.3449288104497017, 8.937938894958881)
13.719999999999796 (9.220299175101674, 1.3411505551736858, 8.932900449247285)
13.939999999999792 (9.22316102174998, 1.3389216027985489, 8.92932369144001)
14.159999999999787 (9.226814089639488, 1.3387073850654432, 8.92661797069666)
14.379999999999782 (9.230195244316901, 1.3405180907531873, 8.924574728124822)
14.599999999999778 (9.232389137497806, 1.343908333236985, 8.923174847374005)
14.819999999999773 (9.232807869781112, 1.3480765480488996, 8.922452174469143)
15.039999999999768 (9.231306376683905, 1.3520474684925112, 8.922402879505476)
15.259999999999764 (9.22820283510439, 1.3548957173046832, 8.922937664807353)
15.479999999999759 (9.224196747534304, 1.3559581508217549, 8.923873822584133)
15.699999999999754 (9.22020221167647, 1.35498552144139, 8.924960638457783)
15.91999999999975 (9.217134105352722, 1.3521985188818855, 8.92592731003454)
16.139999999999745 (9.215695967435021, 1.3482356432562865, 8.926539396174514)
16.35999999999974 (9.216217898335435, 1.344005396100435, 8.926649105598514)
16.579999999999735 (9.2185811425187, 1.3404771864944196, 8.926226934986214)
16.79999999999973 (9.222245989150652, 1.3384591629149258, 8.925366932955532)
17.019999999999726 (9.226375934132818, 1.3384138312602252, 8.924264192659615)
17.23999999999972 (9.230029155045317, 1.3403533238091145, 8.923169667315332)
17.459999999999717 (9.232373243074074, 1.3438377211920274, 8.922332617043741)
17.679999999999712 (9.232874185582451, 1.348076206414445, 8.921943781823941)
17.899999999999707 (9.231416818726556, 1.3521074726603355, 8.922092140732298)
18.119999999999703 (9.228329839402658, 1.3550180128339786, 8.92274495612412)
18.339999999999698 (9.224310280654572, 1.3561486589491574, 8.923755465977852)
18.559999999999693 (9.220265116494296, 1.3552427768004442, 8.924896311583959)
18.77999999999969 (9.217106222252527, 1.3525030452319793, 8.925911000051205)
18.999999999999684 (9.2155451393513, 1.348544595221626, 8.926571701608946)
19.21999999999968 (9.215933772574129, 1.3442556801702856, 8.926730350708745)
19.439999999999674 (9.218186474593264, 1.3405977122649768, 8.926351626613902)
19.65999999999967 (9.221800457046918, 1.3383898292743626, 8.925520540171725)
19.879999999999665 (9.225969342940454, 1.3381262525385866, 8.924423090909029)
20.09999999999966 (9.22976392539697, 1.339866986232976, 8.923304482640326)
20.319999999999656 (9.232339433823848, 1.3432257346825036, 8.922414349871419)
20.53999999999965 (9.23312304694872, 1.347457094239477, 8.921951258845398)
20.759999999999646 (9.23124795386811, 1.3515979966299905, 8.922211827748649)
20.97999999999964 (9.22844960931181, 1.3544509486275698, 8.922791277258012)
21.199999999999637 (9.224716816460242, 1.3556887370469326, 8.92371889145236)
21.419999999999632 (9.220872841012154, 1.3550370859878573, 8.924790816121138)
21.639999999999628 (9.217765075425458, 1.3526383195341012, 8.925771494383357)
21.859999999999623 (9.216078226196542, 1.349019169986302, 8.926445645296216)
22.079999999999618 (9.216184159463841, 1.3449741053125477, 8.926665544038423)
22.299999999999613 (9.21806105416845, 1.3413903368842364, 8.926383275472464)
22.51999999999961 (9.221299163101143, 1.3390532101277746, 8.925660983010358)
22.739999999999604 (9.225191421414749, 1.3384746795232234, 8.924656996799884)
22.9599999999996 (9.228888619470013, 1.3397822095308713, 8.923591010377027)
23.179999999999595 (9.231584921611224, 1.3426919846243006, 8.922696022263088)
23.39999999999959 (9.232693156515767, 1.3465717711249614, 8.922167584518347)
23.619999999999585 (9.231971831611604, 1.350579238559817, 8.922121407252279)
23.83999999999958 (9.22957659028077, 1.353845272947574, 8.922568471074591)
24.059999999999576 (9.226025412878515, 1.3556622934876155, 8.923412935651555)
24.27999999999957 (9.22208560786919, 1.3556368061027502, 8.924473159720897)
24.499999999999567 (9.218607472199535, 1.3537734653861122, 8.925521153069134)
24.719999999999562 (9.216340808839776, 1.3504729397935171, 8.926331842197387)
24.939999999999557 (9.215773898650186, 1.3464445700770264, 8.926731485632798)
25.159999999999553 (9.217029387522523, 1.3425531165619342, 8.92663484113139)
25.379999999999548 (9.219839065978015, 1.3396328808986144, 8.92606318246283)
25.599999999999543 (9.223602445147698, 1.3383092120047388, 8.925139428230468)
25.81999999999954 (9.227516075317293, 1.3388655070644795, 8.924061569291348)
26.039999999999534 (9.230745557015831, 1.341183799972868, 8.923060204343534)
26.25999999999953 (9.232603324102138, 1.3447711204381867, 8.922349332735283)
26.479999999999524 (9.232694351585515, 1.3488654613363311, 8.922080913328394)
26.69999999999952 (9.230999063349163, 1.3525983365816685, 8.922312812175992)
26.919999999999515 (9.227876282208296, 1.3551791051720499, 8.92299684387347)
27.13999999999951 (9.223986128483716, 1.356061920591646, 8.923989303341465)
27.359999999999506 (9.220149685182554, 1.3550601630375005, 8.925081613551324)
27.5799999999995 (9.217175440826061, 1.352384583093138, 8.926044492647563)
27.799999999999496 (9.215689259895894, 1.3485976465740375, 8.926676253948047)
28.01999999999949 (9.216628818961874, 1.3444671904138858, 8.926684504377453)
28.239999999999487 (9.218622525577862, 1.3411962096119039, 8.92635260838491)
28.459999999999482 (9.221805455618906, 1.3391604575915614, 8.925627459746046)
28.679999999999477 (9.225512764823511, 1.3387861515906976, 8.924661267057687)
28.899999999999473 (9.228970871772697, 1.340152134996227, 8.923656410899136)
29.119999999999468 (9.231459035287529, 1.3429743599341262, 8.922823112200211)
29.339999999999463 (9.232459254042675, 1.3466659934324203, 8.922335646385278)
29.55999999999946 (9.231763385371103, 1.3504602157621033, 8.92229621589342)
29.779999999999454 (9.229515490888884, 1.3535698548121116, 8.922713937113908)
29.99999999999945 (9.226181007708343, 1.3553505520668605, 8.923503209468768)
