0.0 [-12.75, 1.0, 0.0]
0.02 [-12.75, 1.0, -8.163404592832033e-19]
0.04 [-12.750002154308255, 1.0, 1.2961567138546152e-07]
0.06 [-12.750009526173523, 1.0, 6.994193038361802e-07]
0.08 [-12.75002685505443, 1.0, 4.863053478889993e-06]
0.1 [-12.750060408884108, 1.0, 1.381951068278679e-05]
0.12000000000000001 [-12.750109345793092, 1.0, 3.35547746732024e-05]
0.14 [-12.750167787435018, 1.0, 8.664081991901561e-05]
0.16 [-12.750216146701135, 1.0, 0.0001927280758080574]
0.18 [-12.750232538161296, 1.0, 0.00036637578931666807]
0.19999999999999998 [-12.750211869467822, 1.0, 0.0006097687670177474]
0.21999999999999997 [-12.750176887685114, 1.0, 0.0008885007594980376]
0.23999999999999996 [-12.750153007201858, 1.0, 0.0011294737967362505]
0.25999999999999995 [-12.75014786659162, 1.0, 0.0012994815443562768]
0.27999999999999997 [-12.75015068923226, 1.0, 0.0013951617096553486]
0.3 [-12.750155125418337, 1.0, 0.001412316729354856]
0.32 [-12.750159835777625, 1.0, 0.0013570516023331518]
0.34 [-12.750171762178477, 1.0, 0.001238607062693559]
0.36000000000000004 [-12.750206094056056, 1.0, 0.0010601252096902455]
0.38000000000000006 [-12.750275579108123, 1.0, 0.0008334778013342416]
0.4000000000000001 [-12.75038894826226, 1.0, 0.0005734695261010839]
0.4200000000000001 [-12.750550753727328, 1.0, 0.00029522597825969903]
0.4400000000000001 [-12.750761516801171, 1.0, 1.3203412030946156e-05]
0.46000000000000013 [-12.751018946081409, 1.0, -0.0002618450331860021]
0.48000000000000015 [-12.751319565789325, 1.0, -0.0005257855704197514]
0.5000000000000001 [-12.75166011607341, 1.0, -0.0007813494185367704]
0.5200000000000001 [-12.752036693189165, 1.0, -0.001035939178296938]
0.5400000000000001 [-12.752442870988869, 1.0, -0.001295668017124238]
0.5600000000000002 [-12.752870400729323, 1.0, -0.0015679760585793118]
0.5800000000000002 [-12.753308867500222, 1.0, -0.0018627696565527952]
0.6000000000000002 [-12.753746645074237, 1.0, -0.002192459155700178]
0.6200000000000002 [-12.754172018910857, 1.0, -0.0025713529893898975]
0.6400000000000002 [-12.754574186399564, 1.0, -0.0030148864150848693]
0.6600000000000003 [-12.754944202173442, 1.0, -0.0035386596336814302]
0.6800000000000003 [-12.755275271034694, 1.0, -0.004159525183101789]
0.7000000000000003 [-12.755563717189753, 1.0, -0.004891886693254185]
0.7200000000000003 [-12.755808840359004, 1.0, -0.005743965708180078]
0.7400000000000003 [-12.756013346587132, 1.0, -0.006716664205920927]
0.7600000000000003 [-12.756184059599718, 1.0, -0.007803331214485019]
0.7800000000000004 [-12.756332600787438, 1.0, -0.008989241496561395]
0.8000000000000004 [-12.756475206979857, 1.0, -0.010250457541187488]
0.8200000000000004 [-12.756629554270786, 1.0, -0.011554022253873749]
0.8400000000000004 [-12.756814917609173, 1.0, -0.012867010915498349]
0.8600000000000004 [-12.75705058402395, 1.0, -0.014159829365632452]
0.8800000000000004 [-12.757352899605074, 1.0, -0.01540602851245102]
0.9000000000000005 [-12.757732617145287, 1.0, -0.016580517027909924]
0.9200000000000005 [-12.758193707656032, 1.0, -0.017659349253149343]
0.9400000000000005 [-12.758732007534128, 1.0, -0.01861959255575459]
0.9600000000000005 [-12.759334624155532, 1.0, -0.019440114070760975]
0.9800000000000005 [-12.759980002401559, 1.0, -0.02010383109510097]
1.0000000000000004 [-12.760638412817187, 1.0, -0.02060103781693608]
1.0200000000000005 [-12.761277377812712, 1.0, -0.02093473777987942]
1.0400000000000005 [-12.76186579115091, 1.0, -0.021124156519848638]
1.0600000000000005 [-12.762377945409822, 1.0, -0.021205742715906643]
1.0800000000000005 [-12.76280088468835, 1.0, -0.02123065901080931]
1.1000000000000005 [-12.763134864850255, 1.0, -0.021253725027465246]
1.1200000000000006 [-12.763393359416654, 1.0, -0.021322935598938688]
1.1400000000000006 [-12.763596956548454, 1.0, -0.021471701833101067]
1.1600000000000006 [-12.763834272105347, 1.0, -0.02172019038106249]
1.1800000000000006 [-12.764256496989004, 1.0, -0.022131077830907658]
1.2000000000000006 [-12.764863731310024, 1.0, -0.02265506849525955]
1.2200000000000006 [-12.765654069207269, 1.0, -0.02325787546447111]
1.2400000000000007 [-12.76662275692952, 1.0, -0.02391014759760642]
1.2600000000000007 [-12.767759411366082, 1.0, -0.02459019204703498]
1.2800000000000007 [-12.768871630222124, 1.0, -0.025271113259650008]
1.3000000000000007 [-12.769973916183865, 1.0, -0.02595310322385894]
1.3200000000000007 [-12.771071835751004, 1.0, -0.026636697376693653]
1.3400000000000007 [-12.772167236348936, 1.0, -0.02732455759160973]
1.3600000000000008 [-12.773255589267785, 1.0, -0.028023202558797724]
1.3800000000000008 [-12.77432942146271, 1.0, -0.02874026256625816]
1.4000000000000008 [-12.775380818355464, 1.0, -0.02948088973721971]
1.4200000000000008 [-12.776401741685445, 1.0, -0.030245670657187796]
1.4400000000000008 [-12.77738340891709, 1.0, -0.03102959793159421]
1.4600000000000009 [-12.778316727864016, 1.0, -0.03182259514466345]
1.4800000000000009 [-12.779190085923789, 1.0, -0.032608181866376554]
1.5000000000000009 [-12.779993422259784, 1.0, -0.033364925456104526]
1.520000000000001 [-12.780721485148598, 1.0, -0.03407214000205823]
1.540000000000001 [-12.781374418123576, 1.0, -0.034711778288195015]
1.560000000000001 [-12.781957737008442, 1.0, -0.035269902936341586]
1.580000000000001 [-12.78248169310421, 1.0, -0.035737598231966344]
1.600000000000001 [-12.782960480174296, 1.0, -0.036111424293646624]
1.620000000000001 [-12.78341140080515, 1.0, -0.03639362796119944]
1.640000000000001 [-12.783854008485457, 1.0, -0.03659206487230162]
1.660000000000001 [-12.784308834988236, 1.0, -0.036723389743635926]
1.680000000000001 [-12.784793081419217, 1.0, -0.03681013207622259]
1.700000000000001 [-12.785316882395328, 1.0, -0.036873245946998645]
1.720000000000001 [-12.785881811802104, 1.0, -0.03692648550759029]
1.740000000000001 [-12.786483231669592, 1.0, -0.03696999093918804]
1.7600000000000011 [-12.787116289957327, 1.0, -0.03700317130120384]
1.7800000000000011 [-12.787778391040943, 1.0, -0.03703439361862457]
1.8000000000000012 [-12.788467154768124, 1.0, -0.037074811325787806]
1.8200000000000012 [-12.789179760941664, 1.0, -0.03713165853582331]
1.8400000000000012 [-12.789913214192776, 1.0, -0.037205644553219785]
1.8600000000000012 [-12.790665650408233, 1.0, -0.03729157460611532]
1.8800000000000012 [-12.791437013819396, 1.0, -0.03737962168405291]
1.9000000000000012 [-12.792228918971679, 1.0, -0.037456435873886654]
1.9200000000000013 [-12.79304414836094, 1.0, -0.037508374473831534]
1.9400000000000013 [-12.793886201312855, 1.0, -0.03752335694005658]
1.9600000000000013 [-12.79475726129843, 1.0, -0.03748965666436329]
1.9800000000000013 [-12.795655862031097, 1.0, -0.03739488366405208]
2.0000000000000013 [-12.796575809266836, 1.0, -0.03722684971677977]
2.0200000000000014 [-12.79750639827702, 1.0, -0.03697765808490239]
2.0400000000000014 [-12.798432726494703, 1.0, -0.036644164286274525]
2.0600000000000014 [-12.799336716210352, 1.0, -0.03622995385956795]
2.0800000000000014 [-12.800199354521508, 1.0, -0.03574596740659062]
2.1000000000000014 [-12.801001560483014, 1.0, -0.035208756738743054]
2.1200000000000014 [-12.801723115292347, 1.0, -0.034634540207573915]
2.1400000000000015 [-12.802346937045474, 1.0, -0.034043385617998335]
2.1600000000000015 [-12.802871837549848, 1.0, -0.033463208116496695]
2.1800000000000015 [-12.803307578673873, 1.0, -0.03292642032332022]
2.2000000000000015 [-12.80367943130176, 1.0, -0.03246751648534283]
2.2200000000000015 [-12.804020222074879, 1.0, -0.03210981005911739]
2.2400000000000015 [-12.804352588918178, 1.0, -0.031860075244829346]
2.2600000000000016 [-12.804691445648237, 1.0, -0.03171876529657145]
2.2800000000000016 [-12.80504587581353, 1.0, -0.031681045309483645]
2.3000000000000016 [-12.805423587055587, 1.0, -0.031738234680686]
2.3200000000000016 [-12.805831780187772, 1.0, -0.03187906817788858]
2.3400000000000016 [-12.806276758657829, 1.0, -0.03209103193971137]
2.3600000000000017 [-12.806764123386998, 1.0, -0.03236210740380854]
2.3800000000000017 [-12.807298168165955, 1.0, -0.0326807845984921]
2.4000000000000017 [-12.807880822852999, 1.0, -0.03303572648126683]
2.4200000000000017 [-12.808508250857482, 1.0, -0.03341598055749824]
2.4400000000000017 [-12.809171419920103, 1.0, -0.0338097676658154]
2.4600000000000017 [-12.809857220359897, 1.0, -0.03420396189121912]
2.4800000000000018 [-12.81054870243613, 1.0, -0.034584426268424076]
2.5000000000000018 [-12.81122611567866, 1.0, -0.034936615748352044]
2.520000000000002 [-12.811870309476769, 1.0, -0.035246279496007844]
2.540000000000002 [-12.812462752990257, 1.0, -0.035502825276134894]
2.560000000000002 [-12.812993485569697, 1.0, -0.03570492994531402]
2.580000000000002 [-12.81345860005198, 1.0, -0.03585703979165345]
2.600000000000002 [-12.813859370924128, 1.0, -0.03596625074122204]
2.620000000000002 [-12.814201317387967, 1.0, -0.036041785096171015]
2.640000000000002 [-12.814493557646278, 1.0, -0.03609384151261744]
2.660000000000002 [-12.814748779702688, 1.0, -0.03613621261171741]
2.680000000000002 [-12.814980536449086, 1.0, -0.03618496229187559]
2.700000000000002 [-12.81520013042512, 1.0, -0.03625304400211311]
2.720000000000002 [-12.815416403499704, 1.0, -0.036349726607634185]
2.740000000000002 [-12.815635210561346, 1.0, -0.03647869839348526]
2.760000000000002 [-12.815858461899849, 1.0, -0.036631344784566505]
2.780000000000002 [-12.816089429335387, 1.0, -0.03679566657766345]
2.800000000000002 [-12.816335095939458, 1.0, -0.03696221280480859]
2.820000000000002 [-12.816604511583032, 1.0, -0.03712497058383747]
2.840000000000002 [-12.816906117110419, 1.0, -0.037278544924738706]
2.860000000000002 [-12.817246039837634, 1.0, -0.037415758974411205]
2.880000000000002 [-12.817626743266956, 1.0, -0.037525664919865684]
2.900000000000002 [-12.818046528120174, 1.0, -0.037593785081053654]
2.920000000000002 [-12.818500345189367, 1.0, -0.03760385079503551]
2.940000000000002 [-12.81897880465749, 1.0, -0.03753929967908012]
2.960000000000002 [-12.819468213103232, 1.0, -0.0373845723770998]
2.980000000000002 [-12.81995082761032, 1.0, -0.037127200662731515]
3.000000000000002 [-12.820406033754729, 1.0, -0.03676036556539241]
3.0200000000000022 [-12.820811888512571, 1.0, -0.03628506481919511]
3.0400000000000023 [-12.821146873389283, 1.0, -0.03571148664544174]
3.0600000000000023 [-12.821392301961707, 1.0, -0.035059499989083684]
3.0800000000000023 [-12.821533732872426, 1.0, -0.03435797618823699]
3.1000000000000023 [-12.821571016981864, 1.0, -0.033646255393568004]
3.1200000000000023 [-12.82152105004788, 1.0, -0.03296631809494949]
3.1400000000000023 [-12.821413960336228, 1.0, -0.032355982156756564]
3.1600000000000024 [-12.821292499961768, 1.0, -0.031843127229070026]
3.1800000000000024 [-12.82118937559877, 1.0, -0.03143494090524691]
3.2000000000000024 [-12.82112874973967, 1.0, -0.031129395924549264]
3.2200000000000024 [-12.821125046826317, 1.0, -0.030916876537341792]
3.2400000000000024 [-12.821181275108668, 1.0, -0.030783319794772196]
3.2600000000000025 [-12.82129979960921, 1.0, -0.03071339335870796]
3.2800000000000025 [-12.8214804660907, 1.0, -0.030690147893615762]
3.3000000000000025 [-12.821723409115384, 1.0, -0.030698056033185435]
3.3200000000000025 [-12.822029466830513, 1.0, -0.030722843807521733]
3.3400000000000025 [-12.822399296203708, 1.0, -0.030751583684725296]
3.3600000000000025 [-12.822833131793962, 1.0, -0.030772820914055095]
3.3800000000000026 [-12.823329665888144, 1.0, -0.030778068658643225]
3.4000000000000026 [-12.82388437874816, 1.0, -0.030763371414937762]
3.4200000000000026 [-12.824490614598107, 1.0, -0.03072590724025207]
3.4400000000000026 [-12.825137035146499, 1.0, -0.030659617248994183]
3.4600000000000026 [-12.825806130614353, 1.0, -0.030557610780581248]
3.4800000000000026 [-12.82647473939255, 1.0, -0.03041335021830817]
3.5000000000000027 [-12.827116159181555, 1.0, -0.030221528214752356]
3.5200000000000027 [-12.827703508448781, 1.0, -0.02997854835361929]
3.5400000000000027 [-12.82822121034683, 1.0, -0.0296851479843959]
3.5600000000000027 [-12.828662556255322, 1.0, -0.02934587331457576]
3.5800000000000027 [-12.829027131959513, 1.0, -0.02896642810171138]
3.6000000000000028 [-12.8293190512606, 1.0, -0.02855287797813447]
3.6200000000000028 [-12.829545773256545, 1.0, -0.028111234311081017]
3.640000000000003 [-12.829717542002191, 1.0, -0.027647369324961178]
3.660000000000003 [-12.829847043246794, 1.0, -0.027166978615969423]
3.680000000000003 [-12.829948667967233, 1.0, -0.02667438088935814]
3.700000000000003 [-12.830041144303573, 1.0, -0.02617740743608475]
3.720000000000003 [-12.830139391731109, 1.0, -0.025682132559601854]
3.740000000000003 [-12.830252458999723, 1.0, -0.02519280221804475]
3.760000000000003 [-12.830384613669931, 1.0, -0.02471147420544634]
3.780000000000003 [-12.830532514972667, 1.0, -0.024235083365224952]
3.800000000000003 [-12.830691030016968, 1.0, -0.02375756170209954]
3.820000000000003 [-12.830859540803596, 1.0, -0.02327324688988722]
3.840000000000003 [-12.831043112629478, 1.0, -0.022778074564598003]
3.860000000000003 [-12.831246983146963, 1.0, -0.02226693047214531]
3.880000000000003 [-12.831472614504062, 1.0, -0.021732416699171253]
3.900000000000003 [-12.8317163660248, 1.0, -0.021164978139282302]
3.920000000000003 [-12.83196992971153, 1.0, -0.02055409324002506]
3.940000000000003 [-12.832221120117213, 1.0, -0.01988955378734988]
3.960000000000003 [-12.83245449729929, 1.0, -0.019163309947070967]
3.980000000000003 [-12.83265191975333, 1.0, -0.018370949315596064]
4.000000000000003 [-12.832794036311107, 1.0, -0.017513634830895623]
4.020000000000002 [-12.832862050381955, 1.0, -0.01659938633625208]
4.040000000000002 [-12.832839961620081, 1.0, -0.015643707368047387]
4.060000000000001 [-12.832717037362286, 1.0, -0.014669313492080626]
4.080000000000001 [-12.832490117412299, 1.0, -0.013705005875343675]
4.1000000000000005 [-12.83217157208385, 1.0, -0.01278264819814352]
4.12 [-12.831790604237064, 1.0, -0.011929463460376573]
4.14 [-12.83138597907823, 1.0, -0.01116392537452218]
4.159999999999999 [-12.83100339018391, 1.0, -0.0104922447166206]
4.179999999999999 [-12.830681282992042, 1.0, -0.009904623185473426]
4.199999999999998 [-12.830440316343497, 1.0, -0.00938667576294893]
4.219999999999998 [-12.830291056318037, 1.0, -0.008923776414984359]
4.2399999999999975 [-12.830232437253217, 1.0, -0.008502982529690768]
4.259999999999997 [-12.830258800375974, 1.0, -0.008113430764294507]
4.279999999999997 [-12.830366330292257, 1.0, -0.007743715652425559]
4.299999999999996 [-12.830551370752609, 1.0, -0.007381869186293584]
4.319999999999996 [-12.83081140466966, 1.0, -0.007016430007352421]
4.339999999999995 [-12.831142958760145, 1.0, -0.006643249715070223]
4.359999999999995 [-12.831541908709516, 1.0, -0.0062590679317296675]
4.379999999999995 [-12.832003037211598, 1.0, -0.005861720763833948]
4.399999999999994 [-12.83251954699417, 1.0, -0.005450317602405415]
4.419999999999994 [-12.833083191066962, 1.0, -0.005019262700230865]
4.439999999999993 [-12.833679543579297, 1.0, -0.004565351914043771]
4.459999999999993 [-12.834287964023616, 1.0, -0.004087352968655471]
4.479999999999992 [-12.834883137493238, 1.0, -0.0035852794373988817]
4.499999999999992 [-12.83543746670899, 1.0, -0.003060076619674511]
4.519999999999992 [-12.835923517769414, 1.0, -0.0025131902547140096]
4.539999999999991 [-12.83631634474088, 1.0, -0.0019464486082916548]
4.559999999999991 [-12.836595474757567, 1.0, -0.0013622258546041371]
4.57999999999999 [-12.836746782916718, 1.0, -0.0007644724526526863]
4.59999999999999 [-12.836773887358817, 1.0, -0.0001562531510290471]
4.6199999999999894 [-12.836693973282648, 1.0, 0.0004602346694159611]
4.639999999999989 [-12.836530121221399, 1.0, 0.0010874391722834886]
4.659999999999989 [-12.836314229580239, 1.0, 0.001725441130697777]
4.679999999999988 [-12.836074455474787, 1.0, 0.0023744831281536077]
4.699999999999988 [-12.835830542081696, 1.0, 0.0030342703290953776]
4.719999999999987 [-12.835596020148902, 1.0, 0.0037034907060410284]
4.739999999999987 [-12.835375697092626, 1.0, 0.004382716912096254]
4.7599999999999865 [-12.835169006630982, 1.0, 0.005076168920118588]
4.779999999999986 [-12.834976829940874, 1.0, 0.00578807488848345]
4.799999999999986 [-12.83480473118955, 1.0, 0.006520696547631629]
4.819999999999985 [-12.834658362007259, 1.0, 0.007275533778556283]
4.839999999999985 [-12.83454051290926, 1.0, 0.008054910460730421]
4.859999999999984 [-12.834449053149582, 1.0, 0.008863427295494308]
4.879999999999984 [-12.834377583635082, 1.0, 0.009708026967123369]
4.8999999999999835 [-12.834316333811266, 1.0, 0.010597198088237636]
4.919999999999983 [-12.83425261567452, 1.0, 0.011539950979158341]
4.939999999999983 [-12.834169633080979, 1.0, 0.012544981105593375]
4.959999999999982 [-12.834048515497956, 1.0, 0.01361844530220695]
4.979999999999982 [-12.833869151638874, 1.0, 0.014762031358158168]
4.999999999999981 [-12.833612262332254, 1.0, 0.015971640376401877]
5.019999999999981 [-12.833261867449751, 1.0, 0.017236597782978886]
5.0399999999999805 [-12.832807791568003, 1.0, 0.01853944589825746]
5.05999999999998 [-12.832247685866735, 1.0, 0.019856678139170417]
5.07999999999998 [-12.831588016475305, 1.0, 0.02116042698042473]
5.099999999999979 [-12.8308436315494, 1.0, 0.02242088507250283]
5.119999999999979 [-12.830040830119406, 1.0, 0.023610644928812576]
5.139999999999978 [-12.829216320420826, 1.0, 0.024712783380464304]
5.159999999999978 [-12.828406665457969, 1.0, 0.02572160059344717]
5.1799999999999775 [-12.827652561245605, 1.0, 0.026645955220779748]
5.199999999999977 [-12.826982194850276, 1.0, 0.0275060823333492]
5.219999999999977 [-12.826410429199244, 1.0, 0.028319045369327087]
5.239999999999976 [-12.825941652897836, 1.0, 0.029099016958369073]
5.259999999999976 [-12.82557020377267, 1.0, 0.02985569702364256]
5.279999999999975 [-12.825289252760838, 1.0, 0.030600304074586502]
5.299999999999975 [-12.825089571223415, 1.0, 0.03134399949297609]
5.3199999999999745 [-12.824962228366159, 1.0, 0.0320975473867303]
5.339999999999974 [-12.824899125736124, 1.0, 0.03287125798562514]
5.359999999999974 [-12.824892627420569, 1.0, 0.03367463518722991]
5.379999999999973 [-12.824934985312705, 1.0, 0.034515625044036435]
5.399999999999973 [-12.825017290871052, 1.0, 0.035397595941269004]
5.419999999999972 [-12.825127744728691, 1.0, 0.036318964664351375]
5.439999999999972 [-12.825251078309332, 1.0, 0.037274985161654346]
5.4599999999999715 [-12.825368450448579, 1.0, 0.03825957884145016]
5.479999999999971 [-12.825458752321154, 1.0, 0.03926603803341999]
5.499999999999971 [-12.82549979420575, 1.0, 0.04028448061318951]
5.51999999999997 [-12.825469757193831, 1.0, 0.041302394767754776]
5.53999999999997 [-12.825353937348265, 1.0, 0.042308903069889166]
5.559999999999969 [-12.825149436362395, 1.0, 0.04329671135161083]
5.579999999999969 [-12.824860436791882, 1.0, 0.044261735987076646]
5.599999999999969 [-12.824495266378406, 1.0, 0.04520303719759187]
5.619999999999968 [-12.824065088082532, 1.0, 0.04612220992669999]
5.639999999999968 [-12.823582967136831, 1.0, 0.0470227913285862]
5.659999999999967 [-12.823062501792435, 1.0, 0.04791001740400363]
5.679999999999967 [-12.822521956964774, 1.0, 0.048790020877428064]
5.699999999999966 [-12.82197994604791, 1.0, 0.04966802486707616]
5.719999999999966 [-12.821452247221684, 1.0, 0.05054782516686148]
5.739999999999966 [-12.8209483317197, 1.0, 0.05143083653148353]
5.759999999999965 [-12.820468590909163, 1.0, 0.05231728665887987]
5.779999999999965 [-12.820004374006174, 1.0, 0.0532081657473412]
5.799999999999964 [-12.819549502204453, 1.0, 0.05410686654453959]
5.819999999999964 [-12.819103047524539, 1.0, 0.05501930089909144]
5.839999999999963 [-12.818665213767474, 1.0, 0.05595225066088528]
5.859999999999963 [-12.818233685657034, 1.0, 0.056912342011561916]
5.879999999999963 [-12.817801051865718, 1.0, 0.057904774664900224]
5.899999999999962 [-12.817355398703777, 1.0, 0.05893293855336575]
5.919999999999962 [-12.816881544452908, 1.0, 0.0599982859174318]
5.939999999999961 [-12.816362152904626, 1.0, 0.06109882663914825]
5.959999999999961 [-12.815779315627523, 1.0, 0.06222900178955747]
5.9799999999999605 [-12.815116033185337, 1.0, 0.06337853395958808]
5.99999999999996 [-12.814358961055586, 1.0, 0.06453261770443382]
6.01999999999996 [-12.813499999643655, 1.0, 0.0656715658110123]
6.039999999999959 [-12.812538515483178, 1.0, 0.06677167875392964]
6.059999999999959 [-12.811483805645743, 1.0, 0.06780770058253971]
6.079999999999958 [-12.810355535061223, 1.0, 0.06875519880985055]
6.099999999999958 [-12.809187131383364, 1.0, 0.06959719154719621]
6.1199999999999575 [-12.808022815181262, 1.0, 0.07033288197192204]
6.139999999999957 [-12.806906750845243, 1.0, 0.07097451698928028]
6.159999999999957 [-12.805879459216339, 1.0, 0.07154874537810212]
6.179999999999956 [-12.804963886072436, 1.0, 0.07208950355128019]
6.199999999999956 [-12.804166309020337, 1.0, 0.0726221839685842]
6.219999999999955 [-12.803484544727448, 1.0, 0.07316639667126432]
6.239999999999955 [-12.80290794662515, 1.0, 0.07373255279025823]
6.2599999999999545 [-12.802423087579289, 1.0, 0.0743265657790495]
6.279999999999954 [-12.802016419485147, 1.0, 0.07495453281472729]
6.299999999999954 [-12.801674421059586, 1.0, 0.07562222499659853]
6.319999999999953 [-12.801385006696995, 1.0, 0.07633573141225046]
6.339999999999953 [-12.801137287977522, 1.0, 0.07710087734072824]
6.359999999999952 [-12.80092379582694, 1.0, 0.07791860404020283]
6.379999999999952 [-12.800737965079461, 1.0, 0.0787875746357455]
6.3999999999999515 [-12.800573273802303, 1.0, 0.079704804487574]
6.419999999999951 [-12.800421723426169, 1.0, 0.0806643336194926]
6.439999999999951 [-12.8002696734345, 1.0, 0.08165855232074959]
6.45999999999995 [-12.800101686709263, 1.0, 0.08267410786596159]
6.47999999999995 [-12.79990079421699, 1.0, 0.08369316744622865]
6.499999999999949 [-12.799649854646635, 1.0, 0.08469495902974475]
6.519999999999949 [-12.799332772262042, 1.0, 0.0856573689528991]
6.5399999999999485 [-12.798936801432808, 1.0, 0.08656044231295337]
6.559999999999948 [-12.79845945749391, 1.0, 0.0873954961056277]
6.579999999999948 [-12.797904653884004, 1.0, 0.088161574736799]
6.599999999999947 [-12.797279141122722, 1.0, 0.08886380273547521]
6.619999999999947 [-12.796591343771704, 1.0, 0.08951180361287202]
6.639999999999946 [-12.79585088713993, 1.0, 0.0901186602476956]
6.659999999999946 [-12.795068548311166, 1.0, 0.0907005571324615]
6.6799999999999455 [-12.794259889994953, 1.0, 0.09127469763348287]
6.699999999999945 [-12.793438593805652, 1.0, 0.09185499394242502]
6.719999999999945 [-12.792615361015232, 1.0, 0.09245056902127277]
6.739999999999944 [-12.79179855760787, 1.0, 0.09306714347796519]
6.759999999999944 [-12.790986548903975, 1.0, 0.09370471935139853]
6.779999999999943 [-12.79017342902409, 1.0, 0.09436291723735417]
6.799999999999943 [-12.789355946851725, 1.0, 0.09504475450078938]
6.8199999999999426 [-12.788535351136725, 1.0, 0.09575615054595561]
6.839999999999942 [-12.787712206699055, 1.0, 0.09650285480687693]
6.859999999999942 [-12.786883533565167, 1.0, 0.09728821307033719]
6.879999999999941 [-12.786041767257423, 1.0, 0.09811267141547726]
6.899999999999941 [-12.78517478824237, 1.0, 0.09897368117771406]
6.91999999999994 [-12.78426818322787, 1.0, 0.09986546671599511]
6.93999999999994 [-12.783306456877263, 1.0, 0.10077942855678428]
6.95999999999994 [-12.782274475296687, 1.0, 0.10170379965700323]
6.979999999999939 [-12.781159381862029, 1.0, 0.10262348510371415]
6.999999999999939 [-12.779952756019641, 1.0, 0.10352066799777351]
7.019999999999938 [-12.778652746016565, 1.0, 0.10437590043927335]
7.039999999999938 [-12.777265796609779, 1.0, 0.1051697016116089]
7.059999999999937 [-12.775807374752958, 1.0, 0.10588334253729614]
7.079999999999937 [-12.774302360987642, 1.0, 0.10650206263921244]
7.099999999999937 [-12.772783600487458, 1.0, 0.10701786099158654]
7.119999999999936 [-12.771291506168637, 1.0, 0.10744192167125047]
7.139999999999936 [-12.76986258890524, 1.0, 0.10779927902608254]
7.159999999999935 [-12.768524723338063, 1.0, 0.10812513665447593]
7.179999999999935 [-12.767289724322088, 1.0, 0.10845841545698856]
7.1999999999999345 [-12.766154254601018, 1.0, 0.10882798867137086]
7.219999999999934 [-12.765111303216111, 1.0, 0.10925189891512567]
7.239999999999934 [-12.764150992758639, 1.0, 0.10973792004514304]
7.259999999999933 [-12.763262230167841, 1.0, 0.1102846301247535]
7.279999999999933 [-12.762433280851347, 1.0, 0.11089196510927878]
7.299999999999932 [-12.761651309640753, 1.0, 0.11155889307027972]
7.319999999999932 [-12.760904083715626, 1.0, 0.11228513500379397]
7.3399999999999315 [-12.760180113703376, 1.0, 0.11307115377827574]
7.359999999999931 [-12.759468705611638, 1.0, 0.11391734243671657]
7.379999999999931 [-12.75876366220046, 1.0, 0.11482033505327943]
7.39999999999993 [-12.758059443576224, 1.0, 0.11577398435141428]
7.41999999999993 [-12.757350328419328, 1.0, 0.11676794003230463]
7.439999999999929 [-12.756627749797344, 1.0, 0.1177888467097406]
7.459999999999929 [-12.75588192818504, 1.0, 0.11881989077499146]
7.4799999999999285 [-12.7551042327443, 1.0, 0.1198404842596975]
7.499999999999928 [-12.754287309183589, 1.0, 0.12082764698429002]
7.519999999999928 [-12.75342556200902, 1.0, 0.12175765623699701]
7.539999999999927 [-12.752515843426078, 1.0, 0.1226076259335429]
7.559999999999927 [-12.751558772029343, 1.0, 0.1233656385865021]
7.579999999999926 [-12.75055953098945, 1.0, 0.12403198341028798]
7.599999999999926 [-12.749524187058912, 1.0, 0.1246144637426316]
7.6199999999999255 [-12.748458448550629, 1.0, 0.12512591364453737]
7.639999999999925 [-12.747367591367144, 1.0, 0.1255825992616411]
7.659999999999925 [-12.746255508263246, 1.0, 0.12600194695057146]
7.679999999999924 [-12.745130658817711, 1.0, 0.1264055719655642]
7.699999999999924 [-12.74400108588158, 1.0, 0.1268110403861627]
7.719999999999923 [-12.742874316327146, 1.0, 0.12723126299220086]
7.739999999999923 [-12.74175602168738, 1.0, 0.12767268302610782]
7.7599999999999225 [-12.740643795284413, 1.0, 0.12813115532373245]
7.779999999999922 [-12.739533417216641, 1.0, 0.12860256809973414]
7.799999999999922 [-12.738421500866368, 1.0, 0.12908764603010742]
7.819999999999921 [-12.737306382620355, 1.0, 0.12959017797812303]
7.839999999999921 [-12.736185380209308, 1.0, 0.13011400755542657]
7.85999999999992 [-12.7350529436127, 1.0, 0.13065922146968353]
7.87999999999992 [-12.733900394389781, 1.0, 0.13122133895845622]
7.8999999999999195 [-12.732716874609732, 1.0, 0.131792410307536]
7.919999999999919 [-12.731491559891948, 1.0, 0.13236070077803905]
7.939999999999919 [-12.730214158512426, 1.0, 0.1329117698825389]
7.959999999999918 [-12.728876509300635, 1.0, 0.13342852668660557]
7.979999999999918 [-12.72747446329447, 1.0, 0.13389199327548895]
7.999999999999917 [-12.726009544783638, 1.0, 0.13428286037968268]
8.019999999999918 [-12.724490434194797, 1.0, 0.13458348219340688]
8.039999999999917 [-12.722933712257662, 1.0, 0.13477986930487007]
8.059999999999917 [-12.721363805442653, 1.0, 0.13486323819250068]
8.079999999999917 [-12.719811901233102, 1.0, 0.13483290391389796]
8.099999999999916 [-12.718313050465786, 1.0, 0.13469782929297242]
8.119999999999916 [-12.716899283751387, 1.0, 0.13448899837165879]
8.139999999999915 [-12.715592286631523, 1.0, 0.13424409887818714]
8.159999999999915 [-12.71440122996923, 1.0, 0.13400884662115398]
8.179999999999914 [-12.713318181382979, 1.0, 0.13382729342300498]
8.199999999999914 [-12.712325649084736, 1.0, 0.13372448758144873]
8.219999999999914 [-12.71140646745607, 1.0, 0.133714526539725]
8.239999999999913 [-12.710544831577993, 1.0, 0.13380013828006718]
8.259999999999913 [-12.709727839581365, 1.0, 0.13397468772287588]
8.279999999999912 [-12.708942044776524, 1.0, 0.13423242840398608]
8.299999999999912 [-12.708173967857633, 1.0, 0.13456560788028696]
8.319999999999911 [-12.707411018786052, 1.0, 0.1349674132574505]
8.339999999999911 [-12.706641468574905, 1.0, 0.1354319807007862]
8.35999999999991 [-12.705854835671655, 1.0, 0.1359537647903031]
8.37999999999991 [-12.705046957133678, 1.0, 0.13652603594917365]
8.39999999999991 [-12.704215460604404, 1.0, 0.1371402997659342]
8.41999999999991 [-12.703359992377399, 1.0, 0.13778429624832697]
8.439999999999909 [-12.702481242098251, 1.0, 0.13844122348341648]
8.459999999999908 [-12.70157889082491, 1.0, 0.13909054975957358]
8.479999999999908 [-12.700655560342407, 1.0, 0.13970853590919743]
8.499999999999908 [-12.699716486036602, 1.0, 0.14026972426540155]
8.519999999999907 [-12.698768100529165, 1.0, 0.14075068185671502]
8.539999999999907 [-12.697815569892311, 1.0, 0.14113992997930905]
8.559999999999906 [-12.69686279786094, 1.0, 0.1414343552382309]
8.579999999999906 [-12.695911550524592, 1.0, 0.14163667517594436]
8.599999999999905 [-12.694961530413948, 1.0, 0.14175388446425533]
8.619999999999905 [-12.69401064760952, 1.0, 0.1417965962577739]
8.639999999999905 [-12.693055327368402, 1.0, 0.14177847034768642]
8.659999999999904 [-12.69209047136725, 1.0, 0.14171450083932158]
8.679999999999904 [-12.691112698714544, 1.0, 0.14162645170955088]
8.699999999999903 [-12.6901196596145, 1.0, 0.14153375459457984]
8.719999999999903 [-12.689110410358692, 1.0, 0.14145227175000893]
8.739999999999903 [-12.688085588500808, 1.0, 0.14139182108119586]
8.759999999999902 [-12.687044348035753, 1.0, 0.14135133004523392]
8.779999999999902 [-12.685983136963745, 1.0, 0.14132447917562282]
8.799999999999901 [-12.684897300580367, 1.0, 0.14130874936529322]
8.8199999999999 [-12.68378236645899, 1.0, 0.1413074351376675]
8.8399999999999 [-12.682633837277598, 1.0, 0.14132358104896348]
8.8599999999999 [-12.681447239133085, 1.0, 0.1413566973158476]
8.8799999999999 [-12.680217942738865, 1.0, 0.1414008925074724]
8.899999999999899 [-12.67894131628396, 1.0, 0.14144471608933565]
8.919999999999899 [-12.67761363482639, 1.0, 0.14147300956249728]
8.939999999999898 [-12.676233493921417, 1.0, 0.1414678273224949]
8.959999999999898 [-12.674802172887482, 1.0, 0.1414097954905377]
8.979999999999897 [-12.673325043379812, 1.0, 0.14127930388777535]
8.999999999999897 [-12.671812318765419, 1.0, 0.14105883342107034]
9.019999999999897 [-12.67027932748189, 1.0, 0.14073532400184438]
9.039999999999896 [-12.668746226813049, 1.0, 0.14030254795184216]
9.059999999999896 [-12.66723761499357, 1.0, 0.13976223088658069]
9.079999999999895 [-12.66578014807396, 1.0, 0.1391261096156315]
9.099999999999895 [-12.664399283960774, 1.0, 0.1384172454653267]
9.119999999999894 [-12.663107694399498, 1.0, 0.13767743464883508]
9.139999999999894 [-12.661905521866467, 1.0, 0.13695085395736004]
9.159999999999894 [-12.66077949405296, 1.0, 0.13628083617286343]
9.179999999999893 [-12.659704116946827, 1.0, 0.13569857353696693]
9.199999999999893 [-12.658655858016004, 1.0, 0.13521747429464046]
9.219999999999892 [-12.65761666785751, 1.0, 0.13484199255198903]
9.239999999999892 [-12.656575308596299, 1.0, 0.1345673488006055]
9.259999999999891 [-12.655526530061046, 1.0, 0.13438306305037728]
9.279999999999891 [-12.654463908311223, 1.0, 0.13427919474188682]
9.29999999999989 [-12.653381165886561, 1.0, 0.13424436375733192]
9.31999999999989 [-12.65227171152252, 1.0, 0.13426834395843526]
9.33999999999989 [-12.651128673427554, 1.0, 0.13434200510063857]
9.35999999999989 [-12.649945630939156, 1.0, 0.134456850835278]
9.379999999999889 [-12.64872186869168, 1.0, 0.1346060578070185]
9.399999999999888 [-12.647459063851914, 1.0, 0.1347817214012084]
9.419999999999888 [-12.646162217736594, 1.0, 0.13497333374767037]
9.439999999999888 [-12.644835984640798, 1.0, 0.13516581304890768]
9.459999999999887 [-12.643488435359378, 1.0, 0.13534165093458536]
9.479999999999887 [-12.642131334555854, 1.0, 0.1354820921709158]
9.499999999999886 [-12.640779081389136, 1.0, 0.13556812401754106]
9.519999999999886 [-12.639447624412586, 1.0, 0.13558181925704946]
9.539999999999885 [-12.638153571803953, 1.0, 0.13550780382937153]
9.559999999999885 [-12.636906375293009, 1.0, 0.13534038448176072]
9.579999999999885 [-12.635708289418023, 1.0, 0.13508437473747126]
9.599999999999884 [-12.634556064414854, 1.0, 0.13474948871793757]
9.619999999999884 [-12.633442325408598, 1.0, 0.13434791220229325]
9.639999999999883 [-12.632357020262607, 1.0, 0.13389313156188742]
9.659999999999883 [-12.631288623268972, 1.0, 0.13339752422381335]
9.679999999999882 [-12.630224391307381, 1.0, 0.13288014484415178]
9.699999999999882 [-12.629154535527997, 1.0, 0.13235788999297443]
9.719999999999882 [-12.628072723940715, 1.0, 0.13184522413867605]
9.739999999999881 [-12.626977705712322, 1.0, 0.1313508470459195]
9.75999999999988 [-12.625872851220722, 1.0, 0.1308708278992606]
9.77999999999988 [-12.62476059867042, 1.0, 0.13039996769918863]
9.79999999999988 [-12.62363985469571, 1.0, 0.12993631469396907]
9.81999999999988 [-12.622507663020972, 1.0, 0.129480984546212]
9.839999999999879 [-12.621360154661879, 1.0, 0.12903398168353603]
9.859999999999879 [-12.620194759418393, 1.0, 0.12859065579989762]
9.879999999999878 [-12.619010795790725, 1.0, 0.12814124573852462]
9.899999999999878 [-12.617809437313804, 1.0, 0.12767263542255083]
9.919999999999877 [-12.616594018887865, 1.0, 0.1271694929745518]
9.939999999999877 [-12.61537057301625, 1.0, 0.12661537432153458]
9.959999999999877 [-12.61414829561726, 1.0, 0.12599431530825628]
9.979999999999876 [-12.612939946644238, 1.0, 0.12529272298007327]
9.999999999999876 [-12.611761702158253, 1.0, 0.12450152946924502]
