0.0 (-2.25, 1.0, 0.0)
0.02 (-2.2497837268714367, 1.0, 0.038028780251968104)
0.04 (-2.2550771791968343, 1.0, 0.07872651819489443)
0.06 (-2.2811975964563427, 1.0, 0.10306135160416019)
0.08 (-2.343258927261696, 1.0, 0.10721556323616573)
0.1 (-2.446605170202015, 1.0, 0.08648526762304559)
0.12000000000000001 (-2.5812797418373634, 1.0, 0.04117729461436548)
0.14 (-2.728101022921576, 1.0, -0.028314831825028326)
0.16 (-2.877543940470128, 1.0, -0.12351259990578588)
0.18 (-3.036545202762763, 1.0, -0.24376905837359844)
0.19999999999999998 (-3.2166946122731686, 1.0, -0.3834806405645767)
0.21999999999999997 (-3.4309702393282615, 1.0, -0.5370693731005748)
0.23999999999999996 (-3.698159821811723, 1.0, -0.6840074445438785)
0.25999999999999995 (-4.018256418662188, 1.0, -0.8089955255095228)
0.27999999999999997 (-4.369705663715297, 1.0, -0.9151008184224901)
0.3 (-4.729781921230202, 1.0, -1.0060622910341266)
0.32 (-5.081358248262026, 1.0, -1.0832525615923607)
0.34 (-5.417524671026984, 1.0, -1.1496428787118165)
0.36000000000000004 (-5.736992523713685, 1.0, -1.2068531027008889)
0.38000000000000006 (-6.038578330513125, 1.0, -1.2563888972405748)
0.4000000000000001 (-6.3210738051635085, 1.0, -1.3009433726238686)
0.4200000000000001 (-6.5839641545941605, 1.0, -1.3429864269396623)
0.4400000000000001 (-6.827831916183344, 1.0, -1.3839252229108547)
0.46000000000000013 (-7.0539533100079135, 1.0, -1.424026867503883)
0.48000000000000015 (-7.263284077375831, 1.0, -1.4634524759373575)
0.5000000000000001 (-7.45664718116959, 1.0, -1.5024021706423096)
0.5200000000000001 (-7.634789754404856, 1.0, -1.5410799729879427)
0.5400000000000001 (-7.7984402565257875, 1.0, -1.5796322522359905)
0.5600000000000002 (-7.948109659515581, 1.0, -1.6181701074579609)
0.5800000000000002 (-8.084025187131823, 1.0, -1.6570064751711633)
0.6000000000000002 (-8.206237526852107, 1.0, -1.6966859741790392)
0.6200000000000002 (-8.314701591793446, 1.0, -1.7378372317647264)
0.6400000000000002 (-8.40931381652146, 1.0, -1.781057858046061)
0.6600000000000003 (-8.489942382797222, 1.0, -1.8269158379266568)
0.6800000000000003 (-8.556424419847731, 1.0, -1.8760427902406314)
0.7000000000000003 (-8.608460528864953, 1.0, -1.9288972051997435)
0.7200000000000003 (-8.645728508381334, 1.0, -1.9854616322984784)
0.7400000000000003 (-8.667989591198001, 1.0, -2.045145547539902)
0.7600000000000003 (-8.675109356026097, 1.0, -2.10677467430496)
0.7800000000000004 (-8.666997025285653, 1.0, -2.1687709245455022)
0.8000000000000004 (-8.648874304357337, 1.0, -2.2279323847603663)
0.8200000000000004 (-8.630762060069955, 1.0, -2.278194377763544)
0.8400000000000004 (-8.619445875932664, 1.0, -2.314910091159325)
0.8600000000000004 (-8.619428652844315, 1.0, -2.335561334390956)
0.8800000000000004 (-8.631461461720614, 1.0, -2.340484139244728)
0.9000000000000005 (-8.655881263494583, 1.0, -2.3317526340867687)
0.9200000000000005 (-8.692837470727303, 1.0, -2.310907696355175)
0.9400000000000005 (-8.742674940232778, 1.0, -2.278830890327253)
0.9600000000000005 (-8.805825534429882, 1.0, -2.2360601192413436)
0.9800000000000005 (-8.8828070353381, 1.0, -2.182883237215222)
1.0000000000000004 (-8.974199846493923, 1.0, -2.1193553723253102)
1.0200000000000005 (-9.080629802905154, 1.0, -2.045345865179967)
1.0400000000000005 (-9.202744391040186, 1.0, -1.9606627222540747)
1.0600000000000005 (-9.341163411758771, 1.0, -1.8646854940415507)
1.0800000000000005 (-9.492586454745778, 1.0, -1.7565078102047222)
1.1000000000000005 (-9.650037064966519, 1.0, -1.6387764304157215)
1.1200000000000006 (-9.807156850747477, 1.0, -1.5151274945383866)
1.1400000000000006 (-9.957713243181473, 1.0, -1.3893398549282554)
1.1600000000000006 (-10.096339954175901, 1.0, -1.2633654940016128)
1.1800000000000006 (-10.22003741873066, 1.0, -1.141222486949034)
1.2000000000000006 (-10.329623284904411, 1.0, -1.0281539406192421)
1.2200000000000006 (-10.425881013576053, 1.0, -0.9257394078689514)
1.2400000000000007 (-10.509180095030958, 1.0, -0.8352264791273658)
1.2600000000000007 (-10.522630899488522, 1.0, -0.8193336112623146)
1.2800000000000007 (-10.504621431772975, 1.0, -0.8468592572311008)
1.3000000000000007 (-10.47092709761835, 1.0, -0.878913464798751)
1.3200000000000007 (-10.422642886477721, 1.0, -0.9171730353642017)
1.3400000000000007 (-10.360260177145646, 1.0, -0.9637477186006118)
1.3600000000000008 (-10.284553199126304, 1.0, -1.0208393178854536)
1.3800000000000008 (-10.196167501824375, 1.0, -1.0908567396708606)
1.4000000000000008 (-10.09597195234488, 1.0, -1.1745307635278177)
1.4200000000000008 (-9.984019827754796, 1.0, -1.2706384009358414)
1.4400000000000008 (-9.860205966374329, 1.0, -1.3777163977045936)
1.4600000000000009 (-9.724552461274143, 1.0, -1.4942263642944673)
1.4800000000000009 (-9.577632442869186, 1.0, -1.6174573609958152)
1.5000000000000009 (-9.420123025012389, 1.0, -1.7424059932955867)
1.520000000000001 (-9.252417070608246, 1.0, -1.8648850897159275)
1.540000000000001 (-9.07505012738575, 1.0, -1.982346585486493)
1.560000000000001 (-8.888529137260596, 1.0, -2.0937749407446917)
1.580000000000001 (-8.693215118151686, 1.0, -2.199296605718644)
1.600000000000001 (-8.48927069580348, 1.0, -2.299688664274881)
1.620000000000001 (-8.276656953769464, 1.0, -2.3959706496036834)
1.640000000000001 (-8.055160670940946, 1.0, -2.4892036442380343)
1.660000000000001 (-7.824351006544739, 1.0, -2.5805825077244164)
1.680000000000001 (-7.583503930212463, 1.0, -2.6710042605251294)
1.700000000000001 (-7.333444909035008, 1.0, -2.7599046579406266)
1.720000000000001 (-7.083817803502446, 1.0, -2.8437745806344714)
1.740000000000001 (-6.847248990997468, 1.0, -2.9174000333542454)
1.7600000000000011 (-6.630287511594161, 1.0, -2.9779562243023023)
1.7800000000000011 (-6.433152454258281, 1.0, -3.025895180719498)
1.8000000000000012 (-6.254625357810371, 1.0, -3.0629757341414)
1.8200000000000012 (-6.094655121120094, 1.0, -3.090285703723501)
1.8400000000000012 (-5.953621067828433, 1.0, -3.108428323859062)
1.8600000000000012 (-5.83199629848545, 1.0, -3.1180543107987533)
1.8800000000000012 (-5.730217854219638, 1.0, -3.1199940934292614)
1.9000000000000012 (-5.648453034329224, 1.0, -3.115360381539242)
1.9200000000000013 (-5.586257003041641, 1.0, -3.106017897279712)
1.9400000000000013 (-5.5425356817957665, 1.0, -3.094576270458787)
1.9600000000000013 (-5.516583888988137, 1.0, -3.083043417299299)
1.9800000000000013 (-5.5081610462033685, 1.0, -3.0727433805237823)
2.0000000000000013 (-5.5174172548710025, 1.0, -3.0645116923617217)
2.0200000000000014 (-5.544914938355213, 1.0, -3.0586857886295284)
2.0400000000000014 (-5.591618850188198, 1.0, -3.0550369798388917)
2.0600000000000014 (-5.658908189675086, 1.0, -3.0526009985719993)
2.0800000000000014 (-5.748498775365145, 1.0, -3.0495473957125436)
2.1000000000000014 (-5.862354248955641, 1.0, -3.04296955112519)
2.1200000000000014 (-6.001935492854052, 1.0, -3.0294992306105026)
2.1400000000000015 (-6.167700850261681, 1.0, -3.0071341208077977)
2.1600000000000015 (-6.359245814121747, 1.0, -2.9750241179844705)
2.1800000000000015 (-6.572428576246966, 1.0, -2.935795590190197)
2.2000000000000015 (-6.802881563508593, 1.0, -2.8939891297460814)
2.2200000000000015 (-7.042884132842107, 1.0, -2.850241679716573)
2.2400000000000015 (-7.280957584680894, 1.0, -2.805877078221567)
2.2600000000000016 (-7.506526585367995, 1.0, -2.7646257587692067)
2.2800000000000016 (-7.715267393895112, 1.0, -2.728587322969505)
2.3000000000000016 (-7.905940800910485, 1.0, -2.698152892124313)
2.3200000000000016 (-8.078505261683796, 1.0, -2.6743276127402615)
2.3400000000000016 (-8.233012852514628, 1.0, -2.6581710233989)
2.3600000000000017 (-8.369741259526752, 1.0, -2.6507255012786812)
2.3800000000000017 (-8.489173079747232, 1.0, -2.652856834199901)
2.4000000000000017 (-8.591925392919519, 1.0, -2.665174035285964)
2.4200000000000017 (-8.678692747331073, 1.0, -2.688035441011901)
2.4400000000000017 (-8.75020632544006, 1.0, -2.7216002777119828)
2.4600000000000017 (-8.807203349787438, 1.0, -2.7658954366231785)
2.4800000000000018 (-8.85040153324809, 1.0, -2.8208812983239686)
2.5000000000000018 (-8.880473950102077, 1.0, -2.886498767751372)
2.520000000000002 (-8.898254626778627, 1.0, -2.962317465721093)
2.540000000000002 (-8.90539049064235, 1.0, -3.044389950314364)
2.560000000000002 (-8.901865439090392, 1.0, -3.12929234615738)
2.580000000000002 (-8.887573792360227, 1.0, -3.2158686853365466)
2.600000000000002 (-8.862444481214908, 1.0, -3.3042290097911016)
2.620000000000002 (-8.826404357354116, 1.0, -3.395036421444758)
2.640000000000002 (-8.779350715370589, 1.0, -3.489178230977486)
2.660000000000002 (-8.721135641241831, 1.0, -3.58786289306185)
2.680000000000002 (-8.651416488222173, 1.0, -3.692197241694507)
2.700000000000002 (-8.569630944171516, 1.0, -3.8024559974665393)
2.720000000000002 (-8.475169700552216, 1.0, -3.917756908278716)
2.740000000000002 (-8.373469113713433, 1.0, -4.033617528251942)
2.760000000000002 (-8.274796558988902, 1.0, -4.141040833797182)
2.780000000000002 (-8.186513338517226, 1.0, -4.233580323391436)
2.800000000000002 (-8.110847458134765, 1.0, -4.3092217874928)
2.820000000000002 (-8.047290870876143, 1.0, -4.369564137544946)
2.840000000000002 (-7.995674821707503, 1.0, -4.4161961412396655)
2.860000000000002 (-7.956151249585207, 1.0, -4.449858605665087)
2.880000000000002 (-7.929015221716914, 1.0, -4.471138572486329)
2.900000000000002 (-7.914698795434224, 1.0, -4.480698826087358)
2.920000000000002 (-7.913664272221644, 1.0, -4.479112610697517)
2.940000000000002 (-7.926376902968153, 1.0, -4.466918224467026)
2.960000000000002 (-7.953345672272904, 1.0, -4.444551820116196)
2.980000000000002 (-7.995125516786153, 1.0, -4.412363572486768)
3.000000000000002 (-8.052295788250909, 1.0, -4.370596017249872)
3.0200000000000022 (-8.125431382906038, 1.0, -4.319363343987494)
3.0400000000000023 (-8.215040732668486, 1.0, -4.258688019084978)
3.0600000000000023 (-8.32160228051954, 1.0, -4.188383782525691)
3.0800000000000023 (-8.445507663216025, 1.0, -4.107944142728286)
3.1000000000000023 (-8.587005761966486, 1.0, -4.0165159479189585)
3.1200000000000023 (-8.746133536989673, 1.0, -3.9131812459992537)
3.1400000000000023 (-8.922650202964023, 1.0, -3.796941145369925)
3.1600000000000024 (-9.1100335251676, 1.0, -3.667499765392374)
3.1800000000000024 (-9.29810800436673, 1.0, -3.5304667628588997)
3.2000000000000024 (-9.479132618782554, 1.0, -3.393440775246423)
3.2200000000000024 (-9.647220527877861, 1.0, -3.263352687302543)
3.2400000000000024 (-9.801457373263103, 1.0, -3.1440118770088867)
3.2600000000000025 (-9.942821031462561, 1.0, -3.036824823937139)
3.2800000000000025 (-10.071841347191588, 1.0, -2.9430960394465475)
3.3000000000000025 (-10.189241783191031, 1.0, -2.8642829593692425)
3.3200000000000025 (-10.29595161977428, 1.0, -2.8016378644108473)
3.3400000000000025 (-10.392953054932944, 1.0, -2.7560808858756767)
3.3600000000000025 (-10.48115775685947, 1.0, -2.7281600570493305)
3.3800000000000026 (-10.561351510017696, 1.0, -2.718069471137339)
3.4000000000000026 (-10.63418950810505, 1.0, -2.72571229780704)
3.4200000000000026 (-10.700198439313741, 1.0, -2.750763852665454)
3.4400000000000026 (-10.759864090070632, 1.0, -2.792745737702568)
3.4600000000000026 (-10.813643086799066, 1.0, -2.851103226796709)
3.4800000000000026 (-10.861932061147588, 1.0, -2.925257976661789)
3.5000000000000027 (-10.905114617970415, 1.0, -3.014544622617431)
3.5200000000000027 (-10.942761392299658, 1.0, -3.1152574707185243)
3.5400000000000027 (-10.972745828886662, 1.0, -3.2233221427608156)
3.5600000000000027 (-10.99375192880303, 1.0, -3.3366662467940924)
3.5800000000000027 (-11.005291743201376, 1.0, -3.4545283412539556)
3.6000000000000028 (-11.007392765412789, 1.0, -3.5770482485859154)
3.6200000000000028 (-11.000334630205613, 1.0, -3.704855640444429)
3.640000000000003 (-10.984431356839265, 1.0, -3.8387382017393468)
3.660000000000003 (-10.959900001496953, 1.0, -3.9794600536546136)
3.680000000000003 (-10.92685666736951, 1.0, -4.127708673809579)
3.700000000000003 (-10.885410995845552, 1.0, -4.2840304989755875)
3.720000000000003 (-10.835317128675802, 1.0, -4.448935873094703)
3.740000000000003 (-10.775921686526866, 1.0, -4.6224333735574685)
3.760000000000003 (-10.709217097817907, 1.0, -4.800137188943271)
3.780000000000003 (-10.640756677950701, 1.0, -4.971307031859976)
3.800000000000003 (-10.575533319394191, 1.0, -5.125510404869889)
3.820000000000003 (-10.514862106965078, 1.0, -5.259046337332086)
3.840000000000003 (-10.458830394559952, 1.0, -5.373290136165134)
3.860000000000003 (-10.407967047785611, 1.0, -5.4694764920762395)
3.880000000000003 (-10.362875912267729, 1.0, -5.548099880332785)
3.900000000000003 (-10.324226854760742, 1.0, -5.609511238363901)
3.920000000000003 (-10.292759282991964, 1.0, -5.654077940667006)
3.940000000000003 (-10.269242124749201, 1.0, -5.682157497282073)
3.960000000000003 (-10.254461871570022, 1.0, -5.694116981762178)
3.980000000000003 (-10.249200523083706, 1.0, -5.6902917496623076)
4.000000000000003 (-10.254232673197546, 1.0, -5.67095453135526)
4.020000000000002 (-10.270261349943846, 1.0, -5.636325613060528)
4.040000000000002 (-10.29792998524859, 1.0, -5.586557612375965)
4.060000000000001 (-10.337788954824365, 1.0, -5.521597258728418)
4.080000000000001 (-10.390231353109675, 1.0, -5.441110258516475)
4.1000000000000005 (-10.455410672848101, 1.0, -5.344422235140734)
4.12 (-10.533175646620949, 1.0, -5.230835755660993)
4.14 (-10.62317132890566, 1.0, -5.099854491411961)
4.159999999999999 (-10.722966096712854, 1.0, -4.952130597279262)
4.179999999999999 (-10.825606084634366, 1.0, -4.793597878392872)
4.199999999999998 (-10.92581556369384, 1.0, -4.63428443265096)
4.219999999999998 (-11.020145085692942, 1.0, -4.483488923070913)
4.2399999999999975 (-11.106982144506617, 1.0, -4.346946303478733)
4.259999999999997 (-11.186361124520491, 1.0, -4.226756513571764)
4.279999999999997 (-11.259131374414546, 1.0, -4.123648414518593)
4.299999999999996 (-11.326134344354088, 1.0, -4.03850638219698)
4.319999999999996 (-11.388314643470286, 1.0, -3.9720744173837006)
4.339999999999995 (-11.446589011517295, 1.0, -3.9248234881942365)
4.359999999999995 (-11.501721394859793, 1.0, -3.8969275422450456)
4.379999999999995 (-11.554253828433454, 1.0, -3.88828293738894)
4.399999999999994 (-11.604507768547473, 1.0, -3.8985533839155857)
4.419999999999994 (-11.652640090457608, 1.0, -3.9271878690338724)
4.439999999999993 (-11.69873732803256, 1.0, -3.9735318197612512)
4.459999999999993 (-11.742862889406208, 1.0, -4.036885506557057)
4.479999999999992 (-11.785059369085072, 1.0, -4.116555377036594)
4.499999999999992 (-11.825417895885934, 1.0, -4.211917435444466)
4.519999999999992 (-11.86409146806617, 1.0, -4.322462872337282)
4.539999999999991 (-11.901256305260096, 1.0, -4.447812531871678)
4.559999999999991 (-11.937036531480423, 1.0, -4.5877006445709885)
4.57999999999999 (-11.97026682244184, 1.0, -4.738743526443702)
4.59999999999999 (-11.997387946435556, 1.0, -4.896737955516091)
4.6199999999999894 (-12.016516132865643, 1.0, -5.060651812805604)
4.639999999999989 (-12.027550145284467, 1.0, -5.2310327054101995)
4.659999999999989 (-12.031335778619518, 1.0, -5.409219963223521)
4.679999999999988 (-12.028526109324003, 1.0, -5.5967089195199895)
4.699999999999988 (-12.018915559834749, 1.0, -5.794266991247079)
4.719999999999987 (-12.002943293079813, 1.0, -5.998550010264546)
4.739999999999987 (-11.983320082395766, 1.0, -6.1974414211790965)
4.7599999999999865 (-11.9619972117954, 1.0, -6.378520049567128)
4.779999999999986 (-11.939587301232667, 1.0, -6.536964655618614)
4.799999999999986 (-11.916711554903909, 1.0, -6.674023140736918)
4.819999999999985 (-11.894382762324216, 1.0, -6.791478667976656)
4.839999999999985 (-11.87331323722326, 1.0, -6.890008275097139)
4.859999999999984 (-11.854058621989548, 1.0, -6.969847357213051)
4.879999999999984 (-11.837288913572758, 1.0, -7.031127821968731)
4.8999999999999835 (-11.823752413130341, 1.0, -7.073951450782973)
4.919999999999983 (-11.814262844230319, 1.0, -7.0984972209935835)
4.939999999999983 (-11.809749027824047, 1.0, -7.105212154000474)
4.959999999999982 (-11.811192598009457, 1.0, -7.094670540899652)
4.979999999999982 (-11.81958097254232, 1.0, -7.067456589954637)
4.999999999999981 (-11.835825551891485, 1.0, -7.023872601846275)
5.019999999999981 (-11.860679106679159, 1.0, -6.963917033935855)
5.0399999999999805 (-11.894652752233936, 1.0, -6.887197072573368)
5.05999999999998 (-11.93787394812018, 1.0, -6.792811081854494)
5.07999999999998 (-11.989994030563778, 1.0, -6.679376284267784)
5.099999999999979 (-12.050096579556064, 1.0, -6.54512175397346)
5.119999999999979 (-12.116661593803489, 1.0, -6.388069854476988)
5.139999999999978 (-12.187851750100352, 1.0, -6.206502239223944)
5.159999999999978 (-12.26224645108621, 1.0, -6.001330341133023)
5.1799999999999775 (-12.337758148270247, 1.0, -5.779782436509393)
5.199999999999977 (-12.412110017448626, 1.0, -5.552083374667067)
5.219999999999977 (-12.483176250892834, 1.0, -5.32901808622664)
5.239999999999976 (-12.549781963626396, 1.0, -5.120009263374446)
5.259999999999976 (-12.612903221979195, 1.0, -4.928579811020648)
5.279999999999975 (-12.673045170859233, 1.0, -4.755067318770583)
5.299999999999975 (-12.731343186001883, 1.0, -4.600239276688356)
5.3199999999999745 (-12.78911644608987, 1.0, -4.464680431265006)
5.339999999999974 (-12.847693695396256, 1.0, -4.348693209010768)
5.359999999999974 (-12.908259932857149, 1.0, -4.252296002261175)
5.379999999999973 (-12.971752050692418, 1.0, -4.175262004643272)
5.399999999999973 (-13.038843847233975, 1.0, -4.11717232183784)
5.419999999999972 (-13.109984182674326, 1.0, -4.0774691719445455)
5.439999999999972 (-13.185446079491628, 1.0, -4.055506795069681)
5.4599999999999715 (-13.265394105336297, 1.0, -4.050587032429982)
5.479999999999971 (-13.349962511541237, 1.0, -4.061998783511682)
5.499999999999971 (-13.43926994752086, 1.0, -4.0890828368650665)
5.51999999999997 (-13.532458888706037, 1.0, -4.1302469878350685)
5.53999999999997 (-13.625790610472645, 1.0, -4.182672859840245)
5.559999999999969 (-13.716311657812103, 1.0, -4.245247543104128)
5.579999999999969 (-13.80294730848409, 1.0, -4.317621668270234)
5.599999999999969 (-13.885737286488936, 1.0, -4.3998930344529725)
5.619999999999968 (-13.965317935800512, 1.0, -4.492427218824422)
5.639999999999968 (-14.04250323947077, 1.0, -4.595704550393462)
5.659999999999967 (-14.118075854660486, 1.0, -4.71024482212593)
5.679999999999967 (-14.192832621702385, 1.0, -4.836598208777899)
5.699999999999966 (-14.267353711699759, 1.0, -4.975459701566454)
5.719999999999966 (-14.341395400300975, 1.0, -5.127409151788018)
5.739999999999966 (-14.413761307554779, 1.0, -5.290389629626328)
5.759999999999965 (-14.482100728924173, 1.0, -5.453409285526198)
5.779999999999965 (-14.542940003258675, 1.0, -5.604210004070733)
5.799999999999964 (-14.59448097895108, 1.0, -5.736983230122618)
5.819999999999964 (-14.636874993838044, 1.0, -5.851502761918991)
5.839999999999963 (-14.671382374086573, 1.0, -5.949002886796089)
5.859999999999963 (-14.698920818923026, 1.0, -6.029690685080192)
5.879999999999963 (-14.720160579869967, 1.0, -6.093479356765964)
5.899999999999962 (-14.735814235500884, 1.0, -6.1402029735823636)
5.919999999999962 (-14.746612678143942, 1.0, -6.169665294378435)
5.939999999999961 (-14.753335156362468, 1.0, -6.181693643582929)
5.959999999999961 (-14.75673387210947, 1.0, -6.176044849935713)
5.9799999999999605 (-14.757531308337525, 1.0, -6.152446298681115)
5.99999999999996 (-14.756319195461266, 1.0, -6.11052165655963)
6.01999999999996 (-14.753539203392467, 1.0, -6.049810393202346)
6.039999999999959 (-14.74955777186098, 1.0, -5.96992494203931)
6.059999999999959 (-14.744530042404106, 1.0, -5.8703418289930385)
6.079999999999958 (-14.7382217993646, 1.0, -5.750417507508751)
6.099999999999958 (-14.729912496989579, 1.0, -5.609432632893046)
6.1199999999999575 (-14.718622045072955, 1.0, -5.446930919341667)
6.139999999999957 (-14.703507644692268, 1.0, -5.26285588578443)
6.159999999999957 (-14.68302191589193, 1.0, -5.059693875541304)
6.179999999999956 (-14.65604884938984, 1.0, -4.846771650512487)
6.199999999999956 (-14.625452109840166, 1.0, -4.635269355374779)
6.219999999999955 (-14.595001716693575, 1.0, -4.434608067351765)
6.239999999999955 (-14.567803220089313, 1.0, -4.249844816708211)
6.2599999999999545 (-14.545657260531554, 1.0, -4.08218023446719)
6.279999999999954 (-14.529848977834085, 1.0, -3.9315645499508713)
6.299999999999954 (-14.52184248828151, 1.0, -3.7980273756385214)
6.319999999999953 (-14.523090194507361, 1.0, -3.6813728186511465)
6.339999999999953 (-14.534830065667602, 1.0, -3.581192961385643)
6.359999999999952 (-14.557971268932693, 1.0, -3.4969519641186215)
6.379999999999952 (-14.593057792453987, 1.0, -3.428057731895994)
6.3999999999999515 (-14.640296824100954, 1.0, -3.3739050275136604)
6.419999999999951 (-14.69964050159096, 1.0, -3.333879442035209)
6.439999999999951 (-14.770878377732, 1.0, -3.3073238180557762)
6.45999999999995 (-14.853710983810226, 1.0, -3.2935893875666165)
6.47999999999995 (-14.947809956358139, 1.0, -3.292059004413934)
6.499999999999949 (-15.05289785932156, 1.0, -3.3021468591742873)
6.519999999999949 (-15.16848706767746, 1.0, -3.323188019461008)
6.5399999999999485 (-15.290230585505958, 1.0, -3.3538004227285865)
6.559999999999948 (-15.413838762882003, 1.0, -3.3942955587550543)
6.579999999999948 (-15.53764555592817, 1.0, -3.4449601507978467)
6.599999999999947 (-15.661526895612717, 1.0, -3.5059227568704068)
6.619999999999947 (-15.786233109221305, 1.0, -3.5772625463514727)
6.639999999999946 (-15.91285027587555, 1.0, -3.6590754703696526)
6.659999999999946 (-16.042554766725633, 1.0, -3.7514725694472157)
6.6799999999999455 (-16.176621249659753, 1.0, -3.8546232862192356)
6.699999999999945 (-16.31581067437317, 1.0, -3.9690848439803488)
6.719999999999945 (-16.459760874952746, 1.0, -4.095515978699415)
6.739999999999944 (-16.604710561722047, 1.0, -4.2296026897494725)
6.759999999999944 (-16.74222589201249, 1.0, -4.361181900857399)
6.779999999999943 (-16.864857201148038, 1.0, -4.481615010086223)
6.799999999999943 (-16.970133367217567, 1.0, -4.588727657011113)
6.8199999999999426 (-17.059799970478533, 1.0, -4.683288360700377)
6.839999999999942 (-17.13531502849526, 1.0, -4.76538691634842)
6.859999999999942 (-17.1973606306746, 1.0, -4.8347840499881265)
6.879999999999941 (-17.246464125829696, 1.0, -4.891076688574312)
6.899999999999941 (-17.28326465670288, 1.0, -4.933759574351394)
6.91999999999994 (-17.3084705505737, 1.0, -4.9623251615936805)
6.93999999999994 (-17.322748079804015, 1.0, -4.976277032902516)
6.95999999999994 (-17.32678313314542, 1.0, -4.975102428027981)
6.979999999999939 (-17.321255105666655, 1.0, -4.958274124847389)
6.999999999999939 (-17.30679870703141, 1.0, -4.92524563618523)
7.019999999999938 (-17.2838401209612, 1.0, -4.875408434825898)
7.039999999999938 (-17.252446396674966, 1.0, -4.808116071093883)
7.059999999999937 (-17.212277559367113, 1.0, -4.722732412152004)
7.079999999999937 (-17.162507929388003, 1.0, -4.618684322598349)
7.099999999999937 (-17.101845882016494, 1.0, -4.495615171318168)
7.119999999999936 (-17.028966758174672, 1.0, -4.353580873668375)
7.139999999999936 (-16.94302543716985, 1.0, -4.192957693704903)
7.159999999999935 (-16.84389186692733, 1.0, -4.01549966163287)
7.179999999999935 (-16.734068167662194, 1.0, -3.8281732646792914)
7.1999999999999345 (-16.620006549732643, 1.0, -3.639734842316601)
7.219999999999934 (-16.508880443107355, 1.0, -3.4579690703768655)
7.239999999999934 (-16.406423690286648, 1.0, -3.2887123103607303)
7.259999999999933 (-16.31560175641799, 1.0, -3.1332511677759936)
7.279999999999933 (-16.237147558931127, 1.0, -2.991158729544651)
7.299999999999932 (-16.17232520292905, 1.0, -2.862000252872591)
7.319999999999932 (-16.122347954171616, 1.0, -2.745119551699886)
7.3399999999999315 (-16.08819392389534, 1.0, -2.6397161413739445)
7.359999999999931 (-16.070521619100585, 1.0, -2.5449585029023223)
7.379999999999931 (-16.06964509433481, 1.0, -2.4600764889872697)
7.39999999999993 (-16.085571831717548, 1.0, -2.3843927806670058)
7.41999999999993 (-16.118072876685456, 1.0, -2.3173128454167395)
7.439999999999929 (-16.16673500239652, 1.0, -2.2583024249317)
7.459999999999929 (-16.231050129788223, 1.0, -2.2068669191187342)
7.4799999999999285 (-16.310509966880257, 1.0, -2.1625271641439676)
7.499999999999928 (-16.404656661386603, 1.0, -2.1248245622968085)
7.519999999999928 (-16.513104854815484, 1.0, -2.0933456530365975)
7.539999999999927 (-16.633330478567572, 1.0, -2.0678813959717672)
7.559999999999927 (-16.760587604367092, 1.0, -2.0498776450985425)
7.579999999999926 (-16.89258407988767, 1.0, -2.0407881370792644)
7.599999999999926 (-17.028886509953843, 1.0, -2.0410654247903226)
7.6199999999999255 (-17.170056295454497, 1.0, -2.050632208367858)
7.639999999999925 (-17.317098098652064, 1.0, -2.0692066496840025)
7.659999999999925 (-17.47115953520416, 1.0, -2.0964535652871126)
7.679999999999924 (-17.633511201100085, 1.0, -2.1320307802984257)
7.699999999999924 (-17.805054276698556, 1.0, -2.176153141970648)
7.719999999999923 (-17.985627719664368, 1.0, -2.2295883637775122)
7.739999999999923 (-18.168344291149953, 1.0, -2.2882685937314067)
7.7599999999999225 (-18.340500009473907, 1.0, -2.3459923918341996)
7.779999999999922 (-18.49365069381842, 1.0, -2.3986884000992386)
7.799999999999922 (-18.625861860645227, 1.0, -2.445793427896969)
7.819999999999921 (-18.73955527591023, 1.0, -2.487520439382104)
7.839999999999921 (-18.835836565443575, 1.0, -2.523341749902484)
7.85999999999992 (-18.915030840859828, 1.0, -2.552811489962274)
7.87999999999992 (-18.977402932433762, 1.0, -2.575330457273672)
7.8999999999999195 (-19.023290622076917, 1.0, -2.5902229067903866)
7.919999999999919 (-19.053119769605203, 1.0, -2.5967830223370094)
7.939999999999919 (-19.0672517064472, 1.0, -2.594325176275871)
7.959999999999918 (-19.066071123266184, 1.0, -2.5821420357086544)
7.979999999999918 (-19.049972885264125, 1.0, -2.559501109373586)
7.999999999999917 (-19.01929812672779, 1.0, -2.525670569642876)
8.019999999999918 (-18.9741265773417, 1.0, -2.4799482299138513)
8.039999999999917 (-18.91416833622527, 1.0, -2.4217635231785843)
8.059999999999917 (-18.838759343394823, 1.0, -2.3507242210214763)
8.079999999999917 (-18.746736252181993, 1.0, -2.266749947338515)
8.099999999999916 (-18.636424493376424, 1.0, -2.170201790466485)
8.119999999999916 (-18.505847674655488, 1.0, -2.061908863407288)
8.139999999999915 (-18.354467429364952, 1.0, -1.9429785212343764)
8.159999999999915 (-18.183356446457974, 1.0, -1.8147301383590966)
8.179999999999914 (-17.997624891593468, 1.0, -1.6828316551206493)
8.199999999999914 (-17.80711658912789, 1.0, -1.5528122973984566)
8.219999999999914 (-17.621839836314127, 1.0, -1.428570795552075)
8.239999999999913 (-17.449411695253957, 1.0, -1.3126105595824804)
8.259999999999913 (-17.293039143255328, 1.0, -1.204692324495889)
8.279999999999912 (-17.153404405171198, 1.0, -1.1037411043542096)
8.299999999999912 (-17.031506126034902, 1.0, -1.0086971595236127)
8.319999999999911 (-16.928227921916168, 1.0, -0.9182905221616883)
8.339999999999911 (-16.844156126178117, 1.0, -0.8312069694536103)
8.35999999999991 (-16.77955274892007, 1.0, -0.7462524455488093)
8.37999999999991 (-16.73438135154467, 1.0, -0.6624522546421674)
8.39999999999991 (-16.708360981570905, 1.0, -0.5790658961021056)
8.41999999999991 (-16.70102931020477, 1.0, -0.49554140987101053)
8.439999999999909 (-16.711793249547444, 1.0, -0.41147074113963905)
8.459999999999908 (-16.73997500624336, 1.0, -0.32653979382873594)
8.479999999999908 (-16.784897051526112, 1.0, -0.2404818320363505)
8.499999999999908 (-16.845650399339743, 1.0, -0.15316977074696367)
8.519999999999907 (-16.918762733152455, 1.0, -0.06679493320853198)
8.539999999999907 (-17.00191964252928, 1.0, 0.01557337665719193)
8.559999999999906 (-17.094125343767402, 1.0, 0.09253677565529767)
8.579999999999906 (-17.19512342688778, 1.0, 0.16379681002076682)
8.599999999999905 (-17.305168993712567, 1.0, 0.229731688485052)
8.619999999999905 (-17.424788217612758, 1.0, 0.2910250769935697)
8.639999999999905 (-17.554613994777913, 1.0, 0.3483925217745219)
8.659999999999904 (-17.69533477275774, 1.0, 0.40254945587214497)
8.679999999999904 (-17.847793085444717, 1.0, 0.4542881926682452)
8.699999999999903 (-18.01283497550916, 1.0, 0.5038192263259493)
8.719999999999903 (-18.190771917278525, 1.0, 0.5504332557131479)
8.739999999999903 (-18.377025840477142, 1.0, 0.5934473021083306)
8.759999999999902 (-18.558830414807744, 1.0, 0.6322219196396399)
8.779999999999902 (-18.724328791726162, 1.0, 0.6657551694764299)
8.799999999999901 (-18.869314925826227, 1.0, 0.6933630683790405)
8.8199999999999 (-18.99482565678182, 1.0, 0.7157177473477832)
8.8399999999999 (-19.102014488982604, 1.0, 0.7339151964831743)
8.8599999999999 (-19.191179020352404, 1.0, 0.7487014344366776)
8.8799999999999 (-19.26234254128318, 1.0, 0.7607212911062627)
8.899999999999899 (-19.315461115978838, 1.0, 0.7707591751534839)
8.919999999999899 (-19.350513067579826, 1.0, 0.7796331709515703)
8.939999999999898 (-19.367496586320296, 1.0, 0.7881621852231718)
8.959999999999898 (-19.36634048884903, 1.0, 0.7971493707668231)
8.979999999999897 (-19.346944604155127, 1.0, 0.8073862268107709)
8.999999999999897 (-19.309132056477164, 1.0, 0.8196120995633536)
9.019999999999897 (-19.25262504561026, 1.0, 0.8344629409480785)
9.039999999999896 (-19.176918135858177, 1.0, 0.8523404301262671)
9.059999999999896 (-19.081432998593723, 1.0, 0.8733681604868705)
9.079999999999895 (-18.96546396996538, 1.0, 0.8974327401851332)
9.099999999999895 (-18.828088143566987, 1.0, 0.923884558329516)
9.119999999999894 (-18.668453746099768, 1.0, 0.9515918590750503)
9.139999999999894 (-18.48630158748996, 1.0, 0.9795624784441901)
9.159999999999894 (-18.283285620664817, 1.0, 1.0064945640683014)
9.179999999999893 (-18.066958375337347, 1.0, 1.030208035088136)
9.199999999999893 (-17.84857273787722, 1.0, 1.0506990102148324)
9.219999999999892 (-17.63850600295568, 1.0, 1.069479581964237)
9.239999999999892 (-17.44396520863196, 1.0, 1.0879742138149586)
9.259999999999891 (-17.267370662702096, 1.0, 1.1076634322746077)
9.279999999999891 (-17.108823518931644, 1.0, 1.129766748185358)
9.29999999999989 (-16.968659447758434, 1.0, 1.1555994890402201)
9.31999999999989 (-16.847028193497938, 1.0, 1.1865701083441025)
9.33999999999989 (-16.74382202198095, 1.0, 1.2239701530222133)
9.35999999999989 (-16.6587252654372, 1.0, 1.2688307527791673)
9.379999999999889 (-16.59127788472437, 1.0, 1.321855862789727)
9.399999999999888 (-16.54092307522405, 1.0, 1.3834404140523537)
9.419999999999888 (-16.50703783607222, 1.0, 1.4537374478344907)
9.439999999999888 (-16.488936195771313, 1.0, 1.532711170371605)
9.459999999999887 (-16.485919554485424, 1.0, 1.6202278902438023)
9.479999999999887 (-16.497303744430397, 1.0, 1.7161417473426608)
9.499999999999886 (-16.522449964800966, 1.0, 1.8203370947886357)
9.519999999999886 (-16.56079837813556, 1.0, 1.9327311731727064)
9.539999999999885 (-16.610686592983203, 1.0, 2.051267094926698)
9.559999999999885 (-16.670661726551394, 1.0, 2.171198963463043)
9.579999999999885 (-16.740626212846514, 1.0, 2.2898777711201754)
9.599999999999884 (-16.820705362796758, 1.0, 2.4067163237940283)
9.619999999999884 (-16.911155282127833, 1.0, 2.522231882830017)
9.639999999999883 (-17.012313864919424, 1.0, 2.6374096730393686)
9.659999999999883 (-17.124563893782444, 1.0, 2.7533573160069005)
9.679999999999882 (-17.248332602911074, 1.0, 2.8712719969347718)
9.699999999999882 (-17.38429006603528, 1.0, 2.9918243289966684)
9.719999999999882 (-17.532989577499887, 1.0, 3.1145301609323393)
9.739999999999881 (-17.687047722289336, 1.0, 3.2360861819916193)
9.75999999999988 (-17.83409918119177, 1.0, 3.349607775027186)
9.77999999999988 (-17.966158032534725, 1.0, 3.45051617910689)
9.79999999999988 (-18.08175584260137, 1.0, 3.537579745027383)
9.81999999999988 (-18.182412127767822, 1.0, 3.612583970562959)
9.839999999999879 (-18.268320384080507, 1.0, 3.6766684671752508)
9.859999999999879 (-18.339249378436712, 1.0, 3.730329641418804)
9.879999999999878 (-18.394853600951205, 1.0, 3.774126798167399)
9.899999999999878 (-18.43476939172853, 1.0, 3.8087094142217652)
9.919999999999877 (-18.458619190846086, 1.0, 3.83472485125139)
9.939999999999877 (-18.46604508468584, 1.0, 3.852872147428907)
9.959999999999877 (-18.456701217007858, 1.0, 3.863910147842683)
9.979999999999876 (-18.430231044786094, 1.0, 3.8686386683499503)
9.999999999999876 (-18.3862336650603, 1.0, 3.8677975735754555)
