0.0 (-23.25, 1.0, 0.0)
0.02 (-23.25049798500093, 1.0, -0.042369351629847486)
0.04 (-23.245418857761347, 1.0, -0.09387751268630493)
0.06 (-23.22128973697803, 1.0, -0.12548361788236906)
0.08 (-23.160054492113666, 1.0, -0.13352491591161758)
0.1 (-23.057508901436133, 1.0, -0.11350914416284746)
0.12000000000000001 (-22.931524478093014, 1.0, -0.06591489230329978)
0.14 (-22.80021083351129, 1.0, 0.009546947189982405)
0.16 (-22.66782147021974, 1.0, 0.11387925624072247)
0.18 (-22.521036309275786, 1.0, 0.24521581580805651)
0.19999999999999998 (-22.335763367431028, 1.0, 0.3933665184110322)
0.21999999999999997 (-22.09728829876819, 1.0, 0.5409089012125075)
0.23999999999999996 (-21.80929452351057, 1.0, 0.6700242849689247)
0.25999999999999995 (-21.4909347470137, 1.0, 0.7747767993835959)
0.27999999999999997 (-21.165687044225553, 1.0, 0.8607231769121617)
0.3 (-20.850785259692096, 1.0, 0.9349752152523103)
0.32 (-20.553217413432115, 1.0, 1.0015073056560369)
0.34 (-20.27345937916938, 1.0, 1.0611418795081513)
0.36000000000000004 (-20.011991733583795, 1.0, 1.1142806938437193)
0.38000000000000006 (-19.769536339812344, 1.0, 1.162413823209343)
0.4000000000000001 (-19.546705513920422, 1.0, 1.207627984191928)
0.4200000000000001 (-19.343745518907703, 1.0, 1.2517870602996533)
0.4400000000000001 (-19.16054338776883, 1.0, 1.2961925489719635)
0.46000000000000013 (-18.996866362542235, 1.0, 1.3419155283330253)
0.48000000000000015 (-18.852478339270476, 1.0, 1.3899386595201426)
0.5000000000000001 (-18.726660391583728, 1.0, 1.4408161356607037)
0.5200000000000001 (-18.616676316036312, 1.0, 1.4931838281433525)
0.5400000000000001 (-18.52144085813074, 1.0, 1.5451883099085524)
0.5600000000000002 (-18.440638177466813, 1.0, 1.5959033373778047)
0.5800000000000002 (-18.37415670388009, 1.0, 1.6446993817157134)
0.6000000000000002 (-18.321961202160217, 1.0, 1.6910128331514054)
0.6200000000000002 (-18.284005484734152, 1.0, 1.7342331256132757)
0.6400000000000002 (-18.26021935752315, 1.0, 1.7736644757987934)
0.6600000000000003 (-18.24711735036528, 1.0, 1.8088393260534472)
0.6800000000000003 (-18.23740107230396, 1.0, 1.8383380886135918)
0.7000000000000003 (-18.22525552087089, 1.0, 1.861104595376587)
0.7200000000000003 (-18.20699240620847, 1.0, 1.8771445456289841)
0.7400000000000003 (-18.180088337255704, 1.0, 1.8871859819114034)
0.7600000000000003 (-18.142764905530292, 1.0, 1.892309335587953)
0.7800000000000004 (-18.093787442054055, 1.0, 1.8937605606025698)
0.8000000000000004 (-18.032875265032377, 1.0, 1.892856058125032)
0.8200000000000004 (-17.960482811062434, 1.0, 1.8910549309104203)
0.8400000000000004 (-17.87719470144896, 1.0, 1.8892416591103216)
0.8600000000000004 (-17.782493287844886, 1.0, 1.8872754060397434)
0.8800000000000004 (-17.675240690273075, 1.0, 1.88421676345772)
0.9000000000000005 (-17.55406588004151, 1.0, 1.8786157569172794)
0.9200000000000005 (-17.41755737930205, 1.0, 1.8687912143463976)
0.9400000000000005 (-17.26439091405895, 1.0, 1.8529839811620232)
0.9600000000000005 (-17.09360747540198, 1.0, 1.8294791213996608)
0.9800000000000005 (-16.90465814720224, 1.0, 1.7969025602278026)
1.0000000000000004 (-16.69742022367748, 1.0, 1.7522176326502026)
1.0200000000000005 (-16.477454927167425, 1.0, 1.6925635638915137)
1.0400000000000005 (-16.25154221680464, 1.0, 1.6180307608456401)
1.0600000000000005 (-16.026398285749615, 1.0, 1.5291921127413575)
1.0800000000000005 (-15.809363595829822, 1.0, 1.4274717010848934)
1.1000000000000005 (-15.606712022305343, 1.0, 1.3170346874872425)
1.1200000000000006 (-15.419964189530505, 1.0, 1.2035923403245203)
1.1400000000000006 (-15.256577718571162, 1.0, 1.0946301524858977)
1.1600000000000006 (-15.179813152936571, 1.0, 1.0497620070975335)
1.1800000000000006 (-15.14331171677808, 1.0, 1.0457974908689538)
1.2000000000000006 (-15.126499682328838, 1.0, 1.0441688591908147)
1.2200000000000006 (-15.124042315324376, 1.0, 1.0501258372796118)
1.2400000000000007 (-15.134827492876857, 1.0, 1.0652254491705462)
1.2600000000000007 (-15.159042901835988, 1.0, 1.089184371924788)
1.2800000000000007 (-15.19620261411658, 1.0, 1.1203675568886877)
1.3000000000000007 (-15.24684649658848, 1.0, 1.1572234982971954)
1.3200000000000007 (-15.311417520703499, 1.0, 1.1982823630731965)
1.3400000000000007 (-15.38997105625475, 1.0, 1.2420658701488558)
1.3600000000000008 (-15.482580676232477, 1.0, 1.290007876220243)
1.3800000000000008 (-15.58803659457115, 1.0, 1.3481364833834504)
1.4000000000000008 (-15.704487517736041, 1.0, 1.4193006114116251)
1.4200000000000008 (-15.831201815229587, 1.0, 1.5030691830595595)
1.4400000000000008 (-15.968070284073782, 1.0, 1.59849593914727)
1.4600000000000009 (-16.114749613969245, 1.0, 1.7040733696938268)
1.4800000000000009 (-16.27054760175332, 1.0, 1.8161159942736935)
1.5000000000000009 (-16.435431078194696, 1.0, 1.9310593317032678)
1.520000000000001 (-16.609319216496825, 1.0, 2.046108070767255)
1.540000000000001 (-16.79222498392739, 1.0, 2.1592699690719352)
1.560000000000001 (-16.984279599364378, 1.0, 2.26935923954722)
1.580000000000001 (-17.185677972509083, 1.0, 2.3756749643768473)
1.600000000000001 (-17.39662625026028, 1.0, 2.4776283033792867)
1.620000000000001 (-17.617286225451913, 1.0, 2.5744936698471177)
1.640000000000001 (-17.844666211180897, 1.0, 2.664751429172085)
1.660000000000001 (-18.06988050185821, 1.0, 2.7451356450052624)
1.680000000000001 (-18.28461714113134, 1.0, 2.813046109197849)
1.700000000000001 (-18.48370266288862, 1.0, 2.8688349363156416)
1.720000000000001 (-18.666027402603696, 1.0, 2.915104345131892)
1.740000000000001 (-18.832660927607368, 1.0, 2.9553648115037934)
1.7600000000000011 (-18.985447232727815, 1.0, 2.991791177755079)
1.7800000000000011 (-19.124325725746075, 1.0, 3.0245284581232554)
1.8000000000000012 (-19.248157461103904, 1.0, 3.052795567787334)
1.8200000000000012 (-19.356207240175227, 1.0, 3.0761991109946507)
1.8400000000000012 (-19.447756044691328, 1.0, 3.094622725152254)
1.8600000000000012 (-19.52209859284019, 1.0, 3.1081482085785073)
1.8800000000000012 (-19.57861880189834, 1.0, 3.117106865937044)
1.9000000000000012 (-19.616798164444297, 1.0, 3.1220392834757504)
1.9200000000000013 (-19.63632575005326, 1.0, 3.123695567941899)
1.9400000000000013 (-19.63709632594503, 1.0, 3.123146402746051)
1.9600000000000013 (-19.61884421916163, 1.0, 3.121340180250828)
1.9800000000000013 (-19.581036699784182, 1.0, 3.1187238962958412)
2.0000000000000013 (-19.522939843558508, 1.0, 3.1152232641216413)
2.0200000000000014 (-19.44366843711294, 1.0, 3.1101867888180217)
2.0400000000000014 (-19.342275390374695, 1.0, 3.1023383759180017)
2.0600000000000014 (-19.217887512405788, 1.0, 3.0897971747397985)
2.0800000000000014 (-19.069882051273503, 1.0, 3.070201248105883)
2.1000000000000014 (-18.898215164539597, 1.0, 3.041060944832351)
2.1200000000000014 (-18.70643343708768, 1.0, 3.002184639906389)
2.1400000000000015 (-18.50227920861041, 1.0, 2.9550682088910936)
2.1600000000000015 (-18.29516329777405, 1.0, 2.903310815672437)
2.1800000000000015 (-18.093118942953282, 1.0, 2.851020894648101)
2.2000000000000015 (-17.903431618476393, 1.0, 2.801854912206628)
2.2200000000000015 (-17.730031068873185, 1.0, 2.7584227793496026)
2.2400000000000015 (-17.573869797431804, 1.0, 2.722778642687546)
2.2600000000000016 (-17.43423819976744, 1.0, 2.6961994573639867)
2.2800000000000016 (-17.31062790057119, 1.0, 2.678478935217624)
2.3000000000000016 (-17.20283760961717, 1.0, 2.6692106182408057)
2.3200000000000016 (-17.110732272809702, 1.0, 2.6690379098192945)
2.3400000000000016 (-17.033871962120823, 1.0, 2.67905261688566)
2.3600000000000017 (-16.97152552646679, 1.0, 2.70013789008739)
2.3800000000000017 (-16.92285569662482, 1.0, 2.732567226043904)
2.4000000000000017 (-16.887063863003878, 1.0, 2.775965866096846)
2.4200000000000017 (-16.863437946612496, 1.0, 2.8294677475500696)
2.4400000000000017 (-16.851391460558002, 1.0, 2.8919196742216693)
2.4600000000000017 (-16.850492731179564, 1.0, 2.9620667677699424)
2.4800000000000018 (-16.86047414485844, 1.0, 3.0386940727169023)
2.5000000000000018 (-16.88122846924971, 1.0, 3.1207072208119575)
2.520000000000002 (-16.912792411760677, 1.0, 3.207146124004675)
2.540000000000002 (-16.955264034778388, 1.0, 3.2971303044650258)
2.560000000000002 (-17.008692021396268, 1.0, 3.3895961003423185)
2.580000000000002 (-17.07328871717749, 1.0, 3.483446927636076)
2.600000000000002 (-17.14942131977327, 1.0, 3.5778410935725695)
2.620000000000002 (-17.237466087325906, 1.0, 3.6720194196816025)
2.640000000000002 (-17.335555207274997, 1.0, 3.7643568147113715)
2.660000000000002 (-17.436837562408535, 1.0, 3.850739900781654)
2.680000000000002 (-17.534596941287727, 1.0, 3.9270151348173643)
2.700000000000002 (-17.624332914039034, 1.0, 3.9918184980071207)
2.720000000000002 (-17.702695512888123, 1.0, 4.045516092033794)
2.740000000000002 (-17.768638089250896, 1.0, 4.089964265581116)
2.760000000000002 (-17.822383274329994, 1.0, 4.127994832913883)
2.780000000000002 (-17.865171719178367, 1.0, 4.161813384436065)
2.800000000000002 (-17.896673521907914, 1.0, 4.191487142471318)
2.820000000000002 (-17.916368875767624, 1.0, 4.215911973426469)
2.840000000000002 (-17.923758784465683, 1.0, 4.234209041660549)
2.860000000000002 (-17.918108430423764, 1.0, 4.245751314390797)
2.880000000000002 (-17.8984536405461, 1.0, 4.249835103298426)
2.900000000000002 (-17.86400798792412, 1.0, 4.245787087296021)
2.920000000000002 (-17.814092248090187, 1.0, 4.233088472173984)
2.940000000000002 (-17.748191875994127, 1.0, 4.211425530226158)
2.960000000000002 (-17.665746723984974, 1.0, 4.180602790714446)
2.980000000000002 (-17.56618562305404, 1.0, 4.140113132454359)
3.000000000000002 (-17.448990900546562, 1.0, 4.088942115889865)
3.0200000000000022 (-17.31381948298468, 1.0, 4.025626192536563)
3.0400000000000023 (-17.160599835698527, 1.0, 3.948316740272802)
3.0600000000000023 (-16.989850230970198, 1.0, 3.8553690867928205)
3.0800000000000023 (-16.805170115615738, 1.0, 3.7461640445159143)
3.1000000000000023 (-16.614705357551664, 1.0, 3.62333044822791)
3.1200000000000023 (-16.42635822328354, 1.0, 3.492561724914083)
3.1400000000000023 (-16.246726269848555, 1.0, 3.3599377911483987)
3.1600000000000024 (-16.08084511622052, 1.0, 3.231630787935962)
3.1800000000000024 (-15.929441959388484, 1.0, 3.1121382658931247)
3.2000000000000024 (-15.791085535141569, 1.0, 3.0032400244681545)
3.2200000000000024 (-15.665091416926144, 1.0, 2.906153103857728)
3.2400000000000024 (-15.55097491678293, 1.0, 2.8222059413862497)
3.2600000000000025 (-15.447934556033344, 1.0, 2.752914766506993)
3.2800000000000025 (-15.354751597228423, 1.0, 2.700137045103041)
3.3000000000000025 (-15.269970381964262, 1.0, 2.6652564723141956)
3.3200000000000025 (-15.192255251709868, 1.0, 2.648999492961413)
3.3400000000000025 (-15.120683819135916, 1.0, 2.6514270357243044)
3.3600000000000025 (-15.054511092152998, 1.0, 2.672357674869025)
3.3800000000000026 (-14.993112536262245, 1.0, 2.711455024010343)
3.4000000000000026 (-14.935973283282987, 1.0, 2.7681831599154534)
3.4200000000000026 (-14.882978841475259, 1.0, 2.8407182951690455)
3.4400000000000026 (-14.835067407620448, 1.0, 2.926317858524084)
3.4600000000000026 (-14.793230372925175, 1.0, 3.0228661175385834)
3.4800000000000026 (-14.758156182347475, 1.0, 3.1289368675018068)
3.5000000000000027 (-14.730369108923377, 1.0, 3.243546145514643)
3.5200000000000027 (-14.710266665270783, 1.0, 3.3660190521584137)
3.5400000000000027 (-14.698328309049051, 1.0, 3.495506109697583)
3.5600000000000027 (-14.695250722414391, 1.0, 3.631044290841054)
3.5800000000000027 (-14.7017412925786, 1.0, 3.7719907094136467)
3.6000000000000028 (-14.718389082202664, 1.0, 3.9180080203673415)
3.6200000000000028 (-14.745713398482458, 1.0, 4.068852424029654)
3.640000000000003 (-14.784253247183145, 1.0, 4.2241711872969745)
3.660000000000003 (-14.834487119188058, 1.0, 4.383847961964797)
3.680000000000003 (-14.894550125911046, 1.0, 4.544083640259362)
3.700000000000003 (-14.960404970238699, 1.0, 4.69626133835557)
3.720000000000003 (-15.027940120521023, 1.0, 4.834309281817592)
3.740000000000003 (-15.093716371435233, 1.0, 4.955394150862287)
3.760000000000003 (-15.154794020752036, 1.0, 5.059387713346073)
3.780000000000003 (-15.209304635314572, 1.0, 5.148395597206326)
3.800000000000003 (-15.256152772691008, 1.0, 5.225080584708977)
3.820000000000003 (-15.295339891509544, 1.0, 5.291009432955662)
3.840000000000003 (-15.326509397563134, 1.0, 5.346213903084235)
3.860000000000003 (-15.3491496121601, 1.0, 5.389902197562843)
3.880000000000003 (-15.362798952315718, 1.0, 5.421170428717065)
3.900000000000003 (-15.367018881944297, 1.0, 5.439186747072611)
3.920000000000003 (-15.361368046157352, 1.0, 5.443238799433857)
3.940000000000003 (-15.345393113647853, 1.0, 5.432734128462502)
3.960000000000003 (-15.318672893978682, 1.0, 5.407123557411098)
3.980000000000003 (-15.280843589476348, 1.0, 5.365824590283414)
4.000000000000003 (-15.231690248366235, 1.0, 5.308159089778177)
4.020000000000002 (-15.171197818490597, 1.0, 5.23339385212385)
4.040000000000002 (-15.099590862563726, 1.0, 5.140747805483405)
4.060000000000001 (-15.017365534712368, 1.0, 5.0294621974058265)
4.080000000000001 (-14.926993842702558, 1.0, 4.900005482327037)
4.1000000000000005 (-14.8342245140985, 1.0, 4.757269646783976)
4.12 (-14.743608935067126, 1.0, 4.609006813322971)
4.14 (-14.658380777929931, 1.0, 4.46276582500888)
4.159999999999999 (-14.58106519221947, 1.0, 4.326167883125903)
4.179999999999999 (-14.511468029905354, 1.0, 4.204315915581511)
4.199999999999998 (-14.448069912979916, 1.0, 4.0991030478547525)
4.219999999999998 (-14.389538729761433, 1.0, 4.011532015866698)
4.2399999999999975 (-14.334963564176121, 1.0, 3.9421573977477906)
4.259999999999997 (-14.28360813769234, 1.0, 3.891554470001713)
4.279999999999997 (-14.23472217325764, 1.0, 3.860228911549487)
4.299999999999996 (-14.187462138626502, 1.0, 3.8485492224515445)
4.319999999999996 (-14.14101859815201, 1.0, 3.8565617351524315)
4.339999999999995 (-14.094936708354878, 1.0, 3.8838584050251295)
4.359999999999995 (-14.048932596117501, 1.0, 3.929902641754671)
4.379999999999995 (-14.002837426532189, 1.0, 3.994069119129346)
4.399999999999994 (-13.956599630657006, 1.0, 4.075616571825185)
4.419999999999994 (-13.910841116116107, 1.0, 4.172672044781088)
4.439999999999993 (-13.867238746709212, 1.0, 4.282811389019385)
4.459999999999993 (-13.827279046237537, 1.0, 4.404230465747905)
4.479999999999992 (-13.792034529026921, 1.0, 4.535630156051229)
4.499999999999992 (-13.762347101183105, 1.0, 4.676063345683855)
4.519999999999992 (-13.738908494373966, 1.0, 4.824863430152424)
4.539999999999991 (-13.7223533412424, 1.0, 4.98155997496024)
4.559999999999991 (-13.71339484225466, 1.0, 5.145695709135002)
4.57999999999999 (-13.712842915043808, 1.0, 5.316751593280099)
4.59999999999999 (-13.721508441306382, 1.0, 5.493976894677122)
4.6199999999999894 (-13.740167124360939, 1.0, 5.676795349836609)
4.639999999999989 (-13.7672216734942, 1.0, 5.859932612684458)
4.659999999999989 (-13.800537013386254, 1.0, 6.034023847827383)
4.679999999999988 (-13.83720419643932, 1.0, 6.193735547666021)
4.699999999999988 (-13.874052575789563, 1.0, 6.336414126937662)
4.719999999999987 (-13.908227456420024, 1.0, 6.46197361842745)
4.739999999999987 (-13.937679511756237, 1.0, 6.572459549945703)
4.7599999999999865 (-13.96144656769687, 1.0, 6.671294187005964)
4.779999999999986 (-13.979249079281272, 1.0, 6.759439079576102)
4.799999999999986 (-13.99124061326795, 1.0, 6.835509350639565)
4.819999999999985 (-13.997700184208941, 1.0, 6.898440969326545)
4.839999999999985 (-13.998600920029569, 1.0, 6.947435581159793)
4.859999999999984 (-13.993718357267703, 1.0, 6.981825054412989)
4.879999999999984 (-13.982702715619022, 1.0, 7.001022155882649)
4.8999999999999835 (-13.965094695798319, 1.0, 7.00452682494212)
4.919999999999983 (-13.940210353032393, 1.0, 6.9917833944564425)
4.939999999999983 (-13.907535555280878, 1.0, 6.96226988169096)
4.959999999999982 (-13.86671046095641, 1.0, 6.91562093237831)
4.979999999999982 (-13.81733803577899, 1.0, 6.8514029275318915)
4.999999999999981 (-13.759385132209303, 1.0, 6.768646827825759)
5.019999999999981 (-13.693270817200586, 1.0, 6.66601983949705)
5.0399999999999805 (-13.619887607092904, 1.0, 6.541968796771859)
5.05999999999998 (-13.54064034202961, 1.0, 6.394851027320064)
5.07999999999998 (-13.457444923148353, 1.0, 6.223096049604015)
5.099999999999979 (-13.373704602141315, 1.0, 6.0278570036347086)
5.119999999999979 (-13.29442450222629, 1.0, 5.816785706605804)
5.139999999999978 (-13.221671906191734, 1.0, 5.6006019760482575)
5.159999999999978 (-13.15588177409274, 1.0, 5.388914828871719)
5.1799999999999775 (-13.096759173793846, 1.0, 5.190395638518592)
5.199999999999977 (-13.042136616272858, 1.0, 5.008887960429758)
5.219999999999977 (-12.989724027220307, 1.0, 4.8450854673819)
5.239999999999976 (-12.93818452864333, 1.0, 4.699266581760419)
5.259999999999976 (-12.88690719618957, 1.0, 4.571500896385834)
5.279999999999975 (-12.83510298645685, 1.0, 4.46201160624611)
5.299999999999975 (-12.781356486234717, 1.0, 4.371240832814059)
5.3199999999999745 (-12.72396475871032, 1.0, 4.299368620587235)
5.339999999999974 (-12.661556448287486, 1.0, 4.2461008306678)
5.359999999999974 (-12.593290252997187, 1.0, 4.210864917089999)
5.379999999999973 (-12.51894641675503, 1.0, 4.192813612355821)
5.399999999999973 (-12.439082532118523, 1.0, 4.190770038289211)
5.419999999999972 (-12.35469508465973, 1.0, 4.203563531593077)
5.439999999999972 (-12.266939463716776, 1.0, 4.230112335696053)
5.4599999999999715 (-12.177001060970547, 1.0, 4.269491431713585)
5.479999999999971 (-12.085995326207353, 1.0, 4.320971327998497)
5.499999999999971 (-11.994819303155339, 1.0, 4.384069291986048)
5.51999999999997 (-11.904222754332103, 1.0, 4.458491289056844)
5.53999999999997 (-11.81496292597227, 1.0, 4.543960306367101)
5.559999999999969 (-11.728054116988364, 1.0, 4.640118215440822)
5.579999999999969 (-11.644554351002178, 1.0, 4.746792420111737)
5.599999999999969 (-11.565258087705711, 1.0, 4.864046758309605)
5.619999999999968 (-11.490822678052758, 1.0, 4.992003692097958)
5.639999999999968 (-11.421908374716429, 1.0, 5.130767423032473)
5.659999999999967 (-11.359251691374599, 1.0, 5.27772476799146)
5.679999999999967 (-11.304307164554363, 1.0, 5.424490922329848)
5.699999999999966 (-11.258234618030897, 1.0, 5.563080991906402)
5.719999999999966 (-11.2204987824944, 1.0, 5.688771643747255)
5.739999999999966 (-11.189311731030607, 1.0, 5.798840733228926)
5.759999999999965 (-11.162275358516975, 1.0, 5.893583544359224)
5.779999999999965 (-11.136815819298, 1.0, 5.974598367123982)
5.799999999999964 (-11.111726140992646, 1.0, 6.043034110932078)
5.819999999999964 (-11.086844169826847, 1.0, 6.098888917628942)
5.839999999999963 (-11.06264229481241, 1.0, 6.141143388402611)
5.859999999999963 (-11.039600948240746, 1.0, 6.168692641331311)
5.879999999999963 (-11.01809428470535, 1.0, 6.180516881292805)
5.899999999999962 (-10.998376963237623, 1.0, 6.175718928247081)
5.919999999999962 (-10.980585977374385, 1.0, 6.153493856474095)
5.939999999999961 (-10.964844079763939, 1.0, 6.113066756296217)
5.959999999999961 (-10.951267065790836, 1.0, 6.053691703882159)
5.9799999999999605 (-10.940121596401687, 1.0, 5.974679216727336)
5.99999999999996 (-10.931799412726388, 1.0, 5.875406341018229)
6.01999999999996 (-10.92696835222551, 1.0, 5.755253074341972)
6.039999999999959 (-10.926587767728202, 1.0, 5.6137396547876754)
6.059999999999959 (-10.931847027048784, 1.0, 5.450597841271817)
6.079999999999958 (-10.944503224400115, 1.0, 5.267334441788452)
6.099999999999958 (-10.966184313497681, 1.0, 5.071468149545648)
6.1199999999999575 (-10.995114247246919, 1.0, 4.872460159692569)
6.139999999999957 (-11.028453290230088, 1.0, 4.678532360581815)
6.159999999999957 (-11.062759923249825, 1.0, 4.4973982332837705)
6.179999999999956 (-11.093984416021515, 1.0, 4.332599628093389)
6.199999999999956 (-11.119601510925921, 1.0, 4.184224602858747)
6.219999999999955 (-11.137929724274203, 1.0, 4.051975487157279)
6.239999999999955 (-11.147875517247687, 1.0, 3.9357328024162257)
6.2599999999999545 (-11.14841359400949, 1.0, 3.835384518475847)
6.279999999999954 (-11.138178358266268, 1.0, 3.7507060266629315)
6.299999999999954 (-11.11570636549853, 1.0, 3.6812491795172657)
6.319999999999953 (-11.079916335539576, 1.0, 3.6262803127420704)
6.339999999999953 (-11.030308051581414, 1.0, 3.585058510939662)
6.359999999999952 (-10.966882546144516, 1.0, 3.5568702451233705)
6.379999999999952 (-10.889794593430512, 1.0, 3.5410602845445154)
6.3999999999999515 (-10.799550126231683, 1.0, 3.5369022538061627)
6.419999999999951 (-10.698291456711708, 1.0, 3.5435842978147765)
6.439999999999951 (-10.588440689694426, 1.0, 3.5608190284316756)
6.45999999999995 (-10.471975386044937, 1.0, 3.5884250859914344)
6.47999999999995 (-10.350369907003099, 1.0, 3.6262994714086476)
6.499999999999949 (-10.224764409551565, 1.0, 3.6744250713969073)
6.519999999999949 (-10.096018101441988, 1.0, 3.732873577029513)
6.5399999999999485 (-9.964893417146206, 1.0, 3.801757443222161)
6.559999999999948 (-9.832436232501694, 1.0, 3.881139795931151)
6.579999999999948 (-9.699817299196829, 1.0, 3.971229499832435)
6.599999999999947 (-9.567901928625853, 1.0, 4.072388599640022)
6.619999999999947 (-9.437323487326667, 1.0, 4.1849954259377204)
6.639999999999946 (-9.308469850113676, 1.0, 4.3093651502576185)
6.659999999999946 (-9.184806855430303, 1.0, 4.439634311160936)
6.6799999999999455 (-9.072112210707372, 1.0, 4.567756582448969)
6.699999999999945 (-8.972561072637195, 1.0, 4.6883168190538855)
6.719999999999945 (-8.886151545456142, 1.0, 4.79739791705779)
6.739999999999944 (-8.81089224231684, 1.0, 4.89366562041991)
6.759999999999944 (-8.743663780355973, 1.0, 4.977025567410792)
6.779999999999943 (-8.681762448680127, 1.0, 5.048812682833408)
6.799999999999943 (-8.62448591380807, 1.0, 5.109118757876837)
6.8199999999999426 (-8.572776912951683, 1.0, 5.157287149057133)
6.839999999999942 (-8.527488049177752, 1.0, 5.192741394432767)
6.859999999999942 (-8.48913318154758, 1.0, 5.214827017532851)
6.879999999999941 (-8.458215335329204, 1.0, 5.2226423565537665)
6.899999999999941 (-8.43522380602869, 1.0, 5.215384263773045)
6.91999999999994 (-8.420539206685888, 1.0, 5.192334820160319)
6.93999999999994 (-8.414409396421929, 1.0, 5.1528357416922494)
6.95999999999994 (-8.417027100801258, 1.0, 5.096315770053695)
6.979999999999939 (-8.428725367677664, 1.0, 5.02217166968847)
6.999999999999939 (-8.45024495026745, 1.0, 4.929828625724521)
7.019999999999938 (-8.482753647070473, 1.0, 4.818849984686158)
7.039999999999938 (-8.527510646970809, 1.0, 4.689176871536913)
7.059999999999937 (-8.585791105242121, 1.0, 4.541014586159925)
7.079999999999937 (-8.658918322628095, 1.0, 4.37489414440951)
7.099999999999937 (-8.74758692936485, 1.0, 4.195681263528781)
7.119999999999936 (-8.848135306567626, 1.0, 4.012115507658905)
7.139999999999936 (-8.954301907867608, 1.0, 3.8316864941674162)
7.159999999999935 (-9.0596909609714, 1.0, 3.66060437084544)
7.179999999999935 (-9.158004830611526, 1.0, 3.5031660020737148)
7.1999999999999345 (-9.245479214544355, 1.0, 3.359667861663843)
7.219999999999934 (-9.320296036395437, 1.0, 3.228683168112983)
7.239999999999934 (-9.38155575335399, 1.0, 3.109494746436405)
7.259999999999933 (-9.42872594199405, 1.0, 3.001683215917151)
7.279999999999933 (-9.461015050669566, 1.0, 2.904720882209945)
7.299999999999932 (-9.477185976907403, 1.0, 2.817758916819602)
7.319999999999932 (-9.476166013652776, 1.0, 2.739635286700012)
7.3399999999999315 (-9.457468167652154, 1.0, 2.6692043094679097)
7.359999999999931 (-9.421102900953482, 1.0, 2.605575821490457)
7.379999999999931 (-9.367642057037113, 1.0, 2.548102244955087)
7.39999999999993 (-9.298488498549, 1.0, 2.4965229292803697)
7.41999999999993 (-9.215325605021293, 1.0, 2.4509572091608036)
7.439999999999929 (-9.119831106210729, 1.0, 2.4116817519163636)
7.459999999999929 (-9.013539783519468, 1.0, 2.379059491010224)
7.4799999999999285 (-8.89775182908598, 1.0, 2.3534922600612944)
7.499999999999928 (-8.773453672988754, 1.0, 2.335373852535033)
7.519999999999928 (-8.641382102769946, 1.0, 2.3251109688779774)
7.539999999999927 (-8.502104457972521, 1.0, 2.3231267360409618)
7.559999999999927 (-8.356362390538356, 1.0, 2.3298908460293397)
7.579999999999926 (-8.205119976552808, 1.0, 2.3460190819020936)
7.599999999999926 (-8.049134521323897, 1.0, 2.3722229730262634)
7.6199999999999255 (-7.888900416743859, 1.0, 2.409169948633964)
7.639999999999925 (-7.724616552108218, 1.0, 2.457390738092218)
7.659999999999925 (-7.561433786493378, 1.0, 2.5133151109541223)
7.679999999999924 (-7.408019878209538, 1.0, 2.5722752199638643)
7.699999999999924 (-7.2688241843511125, 1.0, 2.6304072133410927)
7.719999999999923 (-7.145691087158817, 1.0, 2.6842565640964087)
7.739999999999923 (-7.037773402285887, 1.0, 2.731510047291388)
7.7599999999999225 (-6.942543812415066, 1.0, 2.770782331356745)
7.779999999999922 (-6.857180758341131, 1.0, 2.802235251503518)
7.799999999999922 (-6.781322357866809, 1.0, 2.8256108650819014)
7.819999999999921 (-6.716114547001831, 1.0, 2.8407815642928074)
7.839999999999921 (-6.662495499135579, 1.0, 2.847586848270697)
7.85999999999992 (-6.621305013440352, 1.0, 2.8455663523315327)
7.87999999999992 (-6.5934390959459295, 1.0, 2.834247167284491)
7.8999999999999195 (-6.5796342751743015, 1.0, 2.8131755181858753)
7.919999999999919 (-6.580558424147887, 1.0, 2.781878498278898)
7.939999999999919 (-6.59669474479788, 1.0, 2.7398909733320687)
7.959999999999918 (-6.628452599930331, 1.0, 2.686799585708258)
7.979999999999918 (-6.676405541388883, 1.0, 2.6222216088061914)
7.999999999999917 (-6.74149758677085, 1.0, 2.546000150528262)
8.019999999999918 (-6.824984388635121, 1.0, 2.4582966277050105)
8.039999999999917 (-6.927995012308675, 1.0, 2.359646308136816)
8.059999999999917 (-7.051518143312113, 1.0, 2.2508035440551386)
8.079999999999917 (-7.196457704743349, 1.0, 2.132844800319447)
8.099999999999916 (-7.360620467955219, 1.0, 2.011151447891752)
8.119999999999916 (-7.535993252365629, 1.0, 1.8916898954623145)
8.139999999999915 (-7.713706462831642, 1.0, 1.7779754949314626)
8.159999999999915 (-7.885349275806662, 1.0, 1.6725483316582943)
8.179999999999914 (-8.043974430684159, 1.0, 1.575916542707081)
8.199999999999914 (-8.186573649117227, 1.0, 1.486576799630581)
8.219999999999914 (-8.312302023466556, 1.0, 1.4025438189645478)
8.239999999999913 (-8.420360256994758, 1.0, 1.3227845520573152)
8.259999999999913 (-8.510589942098937, 1.0, 1.2467467186820642)
8.279999999999912 (-8.58250978138355, 1.0, 1.1735093551924551)
8.299999999999912 (-8.635353897673399, 1.0, 1.1016801453241734)
8.319999999999911 (-8.668767052632912, 1.0, 1.029761365929312)
8.339999999999911 (-8.682848949680638, 1.0, 0.9565496547652176)
8.35999999999991 (-8.678009028914628, 1.0, 0.8813037729971206)
8.37999999999991 (-8.654962402392858, 1.0, 0.8036480763405063)
8.39999999999991 (-8.61503431975944, 1.0, 0.7238875083642783)
8.41999999999991 (-8.559793174656505, 1.0, 0.6429912560998644)
8.439999999999909 (-8.490675872431375, 1.0, 0.5620899078345053)
8.459999999999908 (-8.408915268028755, 1.0, 0.4822631401876426)
8.479999999999908 (-8.315473614241252, 1.0, 0.4044490881918826)
8.499999999999908 (-8.211054510284006, 1.0, 0.32944896302546756)
8.519999999999907 (-8.096213865518214, 1.0, 0.2579818962065532)
8.539999999999907 (-7.971599456968812, 1.0, 0.19087603254931346)
8.559999999999906 (-7.837769763940787, 1.0, 0.12910764895078355)
8.579999999999906 (-7.694969290121503, 1.0, 0.07352541092487647)
8.599999999999905 (-7.5432403785538185, 1.0, 0.02478992978208375)
8.619999999999905 (-7.38264429043548, 1.0, -0.016430136178916012)
8.639999999999905 (-7.21330074422716, 1.0, -0.049433695534546525)
8.659999999999904 (-7.041579836229183, 1.0, -0.07509626827756091)
8.679999999999904 (-6.877551848713516, 1.0, -0.09375561256715781)
8.699999999999903 (-6.727038020466421, 1.0, -0.10676413873808582)
8.719999999999903 (-6.593246349331591, 1.0, -0.11636859512862151)
8.739999999999903 (-6.476279454570882, 1.0, -0.12487018687781368)
8.759999999999902 (-6.37446221361614, 1.0, -0.1346854977793016)
8.779999999999902 (-6.2850396314345796, 1.0, -0.147231506642475)
8.799999999999901 (-6.207347963317125, 1.0, -0.16307709760771583)
8.8199999999999 (-6.142421614648929, 1.0, -0.18190583693428808)
8.8399999999999 (-6.091289800875008, 1.0, -0.20331607904442436)
8.8599999999999 (-6.054847934462691, 1.0, -0.2272321544767232)
8.8799999999999 (-6.034178677992206, 1.0, -0.25373621953299846)
8.899999999999899 (-6.030259694927133, 1.0, -0.2828625250464062)
8.919999999999899 (-6.043924508616813, 1.0, -0.3146869531893978)
8.939999999999898 (-6.075945535824192, 1.0, -0.34930103913229194)
8.959999999999898 (-6.126922144115965, 1.0, -0.3868300728206693)
8.979999999999897 (-6.197555758753904, 1.0, -0.4273171114923148)
8.999999999999897 (-6.2887828855093595, 1.0, -0.47043134726321423)
9.019999999999897 (-6.401704416068257, 1.0, -0.5153865665893868)
9.039999999999896 (-6.537124161813034, 1.0, -0.5611016167263725)
9.059999999999896 (-6.6955940591176395, 1.0, -0.606353631452731)
9.079999999999895 (-6.8774382509632055, 1.0, -0.6497036510525485)
9.099999999999895 (-7.078320541538178, 1.0, -0.687300156833007)
9.119999999999894 (-7.288446939214384, 1.0, -0.7173546956184141)
9.139999999999894 (-7.49830678749031, 1.0, -0.7406554758132925)
9.159999999999894 (-7.699175292151544, 1.0, -0.7587273191846988)
9.179999999999893 (-7.884570647772028, 1.0, -0.7744200475216111)
9.199999999999893 (-8.052538120358882, 1.0, -0.7906054836480393)
9.219999999999892 (-8.203137074539054, 1.0, -0.8094702801489129)
9.239999999999892 (-8.33641278752917, 1.0, -0.8320727785509944)
9.259999999999891 (-8.452331418777609, 1.0, -0.859207148302797)
9.279999999999891 (-8.550804316756496, 1.0, -0.8921327758181062)
9.29999999999989 (-8.631834641644835, 1.0, -0.9325711096454317)
9.31999999999989 (-8.695818179648287, 1.0, -0.9821597370957208)
9.33999999999989 (-8.743444170279945, 1.0, -1.0419973947817838)
9.35999999999989 (-8.775457711121797, 1.0, -1.1126114498713715)
9.379999999999889 (-8.792727213153869, 1.0, -1.1939549878918878)
9.399999999999888 (-8.796286414949927, 1.0, -1.2850262564974237)
9.419999999999888 (-8.787005340629845, 1.0, -1.3843259605598228)
9.439999999999888 (-8.765605594410564, 1.0, -1.490278146773496)
9.459999999999887 (-8.732652267822681, 1.0, -1.6014018159867283)
9.479999999999887 (-8.688543112295223, 1.0, -1.7164188642826521)
9.499999999999886 (-8.633507963112086, 1.0, -1.8343137312151614)
9.519999999999886 (-8.567625587614119, 1.0, -1.9542781852073137)
9.539999999999885 (-8.490867156382063, 1.0, -2.0756334309936117)
9.559999999999885 (-8.403262135791731, 1.0, -2.1975222040090325)
9.579999999999885 (-8.304834950043384, 1.0, -2.318807899731304)
9.599999999999884 (-8.195411276311763, 1.0, -2.4384747780006)
9.619999999999884 (-8.074708044881916, 1.0, -2.5557648350419413)
9.639999999999883 (-7.942360260057685, 1.0, -2.6702041338346545)
9.659999999999883 (-7.80326840173191, 1.0, -2.7798566785853938)
9.679999999999882 (-7.666122942724101, 1.0, -2.880179124145943)
9.699999999999882 (-7.537055628996657, 1.0, -2.9692263800288585)
9.719999999999882 (-7.420183768873354, 1.0, -3.0471440241568257)
9.739999999999881 (-7.3172889939512356, 1.0, -3.1158034484404467)
9.75999999999988 (-7.2282410754564665, 1.0, -3.1779907692063776)
9.77999999999988 (-7.151305851180229, 1.0, -3.236025176205352)
9.79999999999988 (-7.086373223174201, 1.0, -3.290473129752248)
9.81999999999988 (-7.034182718165737, 1.0, -3.3405465899434916)
9.839999999999879 (-6.9954245585072155, 1.0, -3.3855536087413642)
9.859999999999879 (-6.970987720529898, 1.0, -3.4250126695304615)
9.879999999999878 (-6.961746968146827, 1.0, -3.4583969456261667)
9.899999999999878 (-6.96846081051584, 1.0, -3.485356633886418)
9.919999999999877 (-6.991834863079657, 1.0, -3.5057061978664423)
9.939999999999877 (-7.0325398909465715, 1.0, -3.5193278803644668)
9.959999999999877 (-7.091188906909875, 1.0, -3.5260918795105)
9.979999999999876 (-7.168421784390512, 1.0, -3.52569853079204)
9.999999999999876 (-7.264859318620003, 1.0, -3.5175324639872847)
