0.0 (-11.25, 1.0, 0.0)
0.02 (-11.251675032707892, 1.0, 0.057776842165205206)
0.04 (-11.258014100376927, 1.0, 0.16341425525947412)
0.06 (-11.270680697862119, 1.0, 0.2703006497557835)
0.08 (-11.291866120584393, 1.0, 0.3733339067320784)
0.1 (-11.316789367143395, 1.0, 0.4664085583984649)
0.12000000000000001 (-11.340939694980841, 1.0, 0.5512403113634988)
0.14 (-11.362805778499553, 1.0, 0.6338380271846266)
0.16 (-11.381913857258922, 1.0, 0.7131780844801361)
0.18 (-11.400433447560891, 1.0, 0.7842312605802966)
0.19999999999999998 (-11.426694825059522, 1.0, 0.845431597215156)
0.21999999999999997 (-11.465761775120034, 1.0, 0.8957361806148008)
0.23999999999999996 (-11.505330597367683, 1.0, 0.9343509860621515)
0.25999999999999995 (-11.536808202662973, 1.0, 0.9601441395345891)
0.27999999999999997 (-11.56058916561579, 1.0, 0.979181758101179)
0.3 (-11.577772826874396, 1.0, 1.0015481824897072)
0.32 (-11.591308219251307, 1.0, 1.028355985878122)
0.34 (-11.602925429843786, 1.0, 1.0543997803790892)
0.36000000000000004 (-11.611306659984251, 1.0, 1.0764281691146502)
0.38000000000000006 (-11.61690765091225, 1.0, 1.0943560542486042)
0.4000000000000001 (-11.620487317883121, 1.0, 1.1093988904054704)
0.4200000000000001 (-11.622522338990333, 1.0, 1.1227410970948424)
0.4400000000000001 (-11.624069457357962, 1.0, 1.134766599583239)
0.46000000000000013 (-11.626719378875043, 1.0, 1.1452801297710364)
0.48000000000000015 (-11.6317099144304, 1.0, 1.1540130563662607)
0.5000000000000001 (-11.640037116368283, 1.0, 1.1605229563579118)
0.5200000000000001 (-11.65148859062642, 1.0, 1.164654835325817)
0.5400000000000001 (-11.665462514297975, 1.0, 1.1668927802569284)
0.5600000000000002 (-11.682021787607841, 1.0, 1.1676950712318819)
0.5800000000000002 (-11.701504614717603, 1.0, 1.167548695680472)
0.6000000000000002 (-11.72421253184741, 1.0, 1.1670679297711992)
0.6200000000000002 (-11.750235595210262, 1.0, 1.1669466526958747)
0.6400000000000002 (-11.779463961256775, 1.0, 1.1679331198403333)
0.6600000000000003 (-11.812445891605144, 1.0, 1.1725033536793759)
0.6800000000000003 (-11.851733844679316, 1.0, 1.1855641837850626)
0.7000000000000003 (-11.89974206189485, 1.0, 1.2106988772758274)
0.7200000000000003 (-11.957376657985497, 1.0, 1.2492762154817143)
0.7400000000000003 (-12.024530468505338, 1.0, 1.300963779291818)
0.7600000000000003 (-12.100466013590072, 1.0, 1.364116683102903)
0.7800000000000004 (-12.183895894043204, 1.0, 1.4361822758555796)
0.8000000000000004 (-12.267966200017305, 1.0, 1.5088455737557085)
0.8200000000000004 (-12.344316807038647, 1.0, 1.57332303868168)
0.8400000000000004 (-12.410401672422605, 1.0, 1.623946389293815)
0.8600000000000004 (-12.466404880692375, 1.0, 1.6584650314167526)
0.8800000000000004 (-12.513122530658991, 1.0, 1.678953336886338)
0.9000000000000005 (-12.552640380403265, 1.0, 1.6889707006210317)
0.9200000000000005 (-12.58709692523858, 1.0, 1.692116023334857)
0.9400000000000005 (-12.617556789519554, 1.0, 1.691411593054455)
0.9600000000000005 (-12.64434046897393, 1.0, 1.689021622068155)
0.9800000000000005 (-12.667462681625638, 1.0, 1.6861754943397422)
1.0000000000000004 (-12.68588448828848, 1.0, 1.6823565760880308)
1.0200000000000005 (-12.696613853280816, 1.0, 1.675197967334642)
1.0400000000000005 (-12.696361971576229, 1.0, 1.662349995503056)
1.0600000000000005 (-12.682601905870008, 1.0, 1.6424732664169301)
1.0800000000000005 (-12.65603398880815, 1.0, 1.6170011223035516)
1.1000000000000005 (-12.621049141161711, 1.0, 1.5887516390439156)
1.1200000000000006 (-12.582450475582522, 1.0, 1.5601022694484832)
1.1400000000000006 (-12.538270417382016, 1.0, 1.5304059148558948)
1.1600000000000006 (-12.46727288313539, 1.0, 1.4636786932456236)
1.1800000000000006 (-12.40092405302525, 1.0, 1.3919311637177185)
1.2000000000000006 (-12.33801369877355, 1.0, 1.3293245403264953)
1.2200000000000006 (-12.273692326814512, 1.0, 1.2698216774873035)
1.2400000000000007 (-12.206012656387028, 1.0, 1.212082709211406)
1.2600000000000007 (-12.171802541802677, 1.0, 1.196646634186383)
1.2800000000000007 (-12.13428688819329, 1.0, 1.1872291934766384)
1.3000000000000007 (-12.088960893291656, 1.0, 1.1698807179737207)
1.3200000000000007 (-12.03840043442998, 1.0, 1.1465162318637008)
1.3400000000000007 (-11.983317516418587, 1.0, 1.1200332811029574)
1.3600000000000008 (-11.928869384675322, 1.0, 1.0940896313981)
1.3800000000000008 (-11.881928392183159, 1.0, 1.0697182566590437)
1.4000000000000008 (-11.845627826863593, 1.0, 1.0474587567650253)
1.4200000000000008 (-11.819764953798128, 1.0, 1.0281405151653669)
1.4400000000000008 (-11.802561597644942, 1.0, 1.0118363927839225)
1.4600000000000009 (-11.792667564820063, 1.0, 0.9981459507043117)
1.4800000000000009 (-11.789175346566982, 1.0, 0.9870436458208832)
1.5000000000000009 (-11.791996626979293, 1.0, 0.9781574309413457)
1.520000000000001 (-11.800409219223335, 1.0, 0.9707431814842346)
1.540000000000001 (-11.813648573541219, 1.0, 0.9639310241000765)
1.560000000000001 (-11.831142814901227, 1.0, 0.9571240504928246)
1.580000000000001 (-11.852397813078518, 1.0, 0.9501336106390729)
1.600000000000001 (-11.876892436070898, 1.0, 0.9431159701218209)
1.620000000000001 (-11.904012507881164, 1.0, 0.9364845175271709)
1.640000000000001 (-11.933682908491988, 1.0, 0.9325842715232553)
1.660000000000001 (-11.967939597912304, 1.0, 0.9379126874270238)
1.680000000000001 (-12.009327143415852, 1.0, 0.9586963242444619)
1.700000000000001 (-12.056782196258641, 1.0, 0.9960088376533128)
1.720000000000001 (-12.100774519033502, 1.0, 1.0403221026819862)
1.740000000000001 (-12.133716664139166, 1.0, 1.080591071989923)
1.7600000000000011 (-12.156157932614628, 1.0, 1.1117869243659848)
1.7800000000000011 (-12.172030698711456, 1.0, 1.1346302113358073)
1.8000000000000012 (-12.183513719080427, 1.0, 1.151352427229519)
1.8200000000000012 (-12.190546924969434, 1.0, 1.1636041791009242)
1.8400000000000012 (-12.192522521124275, 1.0, 1.1721615273868973)
1.8600000000000012 (-12.18895659726092, 1.0, 1.1774633679744302)
1.8800000000000012 (-12.179695717993257, 1.0, 1.1798649661105647)
1.9000000000000012 (-12.165138973007272, 1.0, 1.179700737462689)
1.9200000000000013 (-12.147068463363496, 1.0, 1.1773902092471131)
1.9400000000000013 (-12.127770475096263, 1.0, 1.1737261232563205)
1.9600000000000013 (-12.10895994759491, 1.0, 1.1694225079738427)
1.9800000000000013 (-12.091794508700344, 1.0, 1.1648329500716594)
2.0000000000000013 (-12.07693774336179, 1.0, 1.160015357153113)
2.0200000000000014 (-12.064594457558341, 1.0, 1.1546841470803262)
2.0400000000000014 (-12.05459754672373, 1.0, 1.1483523865113339)
2.0600000000000014 (-12.04606205989515, 1.0, 1.1395678763624173)
2.0800000000000014 (-12.03754123174614, 1.0, 1.1269992155106539)
2.1000000000000014 (-12.026979609868219, 1.0, 1.1093756992914812)
2.1200000000000014 (-12.013801031711116, 1.0, 1.0861112060705307)
2.1400000000000015 (-11.998725576316177, 1.0, 1.0546274805227973)
2.1600000000000015 (-11.980487069272469, 1.0, 1.014469212051238)
2.1800000000000015 (-11.957444559314634, 1.0, 0.9668254147844627)
2.2000000000000015 (-11.927160392092155, 1.0, 0.9144041536940688)
2.2200000000000015 (-11.891896724736869, 1.0, 0.8661728836041453)
2.2400000000000015 (-11.857305168147422, 1.0, 0.8283098243325018)
2.2600000000000016 (-11.826594184476384, 1.0, 0.804290960661961)
2.2800000000000016 (-11.800174377548606, 1.0, 0.7909852645143031)
2.3000000000000016 (-11.77583160623102, 1.0, 0.7823620135558144)
2.3200000000000016 (-11.752268200294488, 1.0, 0.7744185869639504)
2.3400000000000016 (-11.72993339942066, 1.0, 0.7653081699448457)
2.3600000000000017 (-11.709386517804589, 1.0, 0.7543632243648659)
2.3800000000000017 (-11.690915000853321, 1.0, 0.7415111880391028)
2.4000000000000017 (-11.6746072744622, 1.0, 0.7270368935061642)
2.4200000000000017 (-11.660438562023467, 1.0, 0.7115275063360519)
2.4400000000000017 (-11.648331397326636, 1.0, 0.6958218685640418)
2.4600000000000017 (-11.638204854174907, 1.0, 0.6809333694397521)
2.4800000000000018 (-11.629999045672996, 1.0, 0.6679661327235576)
2.5000000000000018 (-11.623656123842238, 1.0, 0.6580329153040978)
2.520000000000002 (-11.619317796162127, 1.0, 0.6521572923799552)
2.540000000000002 (-11.619319088962236, 1.0, 0.6507090906723225)
2.560000000000002 (-11.624444325589696, 1.0, 0.6529769111185517)
2.580000000000002 (-11.634151570059345, 1.0, 0.6580190740338462)
2.600000000000002 (-11.64783129934052, 1.0, 0.6652140914592104)
2.620000000000002 (-11.664826533212734, 1.0, 0.6743616134515834)
2.640000000000002 (-11.68442645708625, 1.0, 0.6869556933325341)
2.660000000000002 (-11.706955693306638, 1.0, 0.70872653545601)
2.680000000000002 (-11.733535031160535, 1.0, 0.7457010430567544)
2.700000000000002 (-11.764454687748058, 1.0, 0.8006494856567868)
2.720000000000002 (-11.799312736447039, 1.0, 0.8735834709725887)
2.740000000000002 (-11.833148135670452, 1.0, 0.9537293217443229)
2.760000000000002 (-11.859806135604547, 1.0, 1.0273744716169635)
2.780000000000002 (-11.879112406891522, 1.0, 1.0862318184804995)
2.800000000000002 (-11.89361380922407, 1.0, 1.1305260384153697)
2.820000000000002 (-11.905976163007223, 1.0, 1.1638914786124976)
2.840000000000002 (-11.917746607325002, 1.0, 1.1896475822311579)
2.860000000000002 (-11.928744906346909, 1.0, 1.2094899668657264)
2.880000000000002 (-11.937697122927727, 1.0, 1.224556355329309)
2.900000000000002 (-11.943481206127274, 1.0, 1.2359201163119342)
2.920000000000002 (-11.945717577474975, 1.0, 1.2444720910561844)
2.940000000000002 (-11.944291035392421, 1.0, 1.250776069893369)
2.960000000000002 (-11.939443542952692, 1.0, 1.2549885081103906)
2.980000000000002 (-11.931701297304183, 1.0, 1.256998397497702)
3.000000000000002 (-11.921708088931899, 1.0, 1.2565724173256896)
3.0200000000000022 (-11.910084959849135, 1.0, 1.2535225512291184)
3.0400000000000023 (-11.897350032635396, 1.0, 1.2476253490606664)
3.0600000000000023 (-11.883934117752299, 1.0, 1.2389058899430914)
3.0800000000000023 (-11.870430292867699, 1.0, 1.2256941170255262)
3.1000000000000023 (-11.856271221426814, 1.0, 1.2034936927344102)
3.1200000000000023 (-11.83885407963031, 1.0, 1.168942830922112)
3.1400000000000023 (-11.815369144591827, 1.0, 1.120215486633039)
3.1600000000000024 (-11.784700491489241, 1.0, 1.0624735198093518)
3.1800000000000024 (-11.75098224960319, 1.0, 1.0046631796663479)
3.2000000000000024 (-11.717158068015003, 1.0, 0.9540084481766756)
3.2200000000000024 (-11.684877609854855, 1.0, 0.9130825640852487)
3.2400000000000024 (-11.654540742635957, 1.0, 0.8780477595858012)
3.2600000000000025 (-11.624774626285786, 1.0, 0.8441000668638164)
3.2800000000000025 (-11.596668616670222, 1.0, 0.8087893764947154)
3.3000000000000025 (-11.571547707999132, 1.0, 0.771164669698675)
3.3200000000000025 (-11.55021083973342, 1.0, 0.7310758521980731)
3.3400000000000025 (-11.532942702748903, 1.0, 0.6888017333258194)
3.3600000000000025 (-11.519876051781798, 1.0, 0.6449131343625107)
3.3800000000000026 (-11.511051001014119, 1.0, 0.6002012978819385)
3.4000000000000026 (-11.506582244318384, 1.0, 0.5558373895580071)
3.4200000000000026 (-11.50615373114688, 1.0, 0.5130217868154678)
3.4400000000000026 (-11.508463635572154, 1.0, 0.4729448176097787)
3.4600000000000026 (-11.512314700799577, 1.0, 0.4369347275591392)
3.4800000000000026 (-11.516886910391161, 1.0, 0.4059375450614182)
3.5000000000000027 (-11.521626683966128, 1.0, 0.3809201531725386)
3.5200000000000027 (-11.528265533698638, 1.0, 0.36302860953602856)
3.5400000000000027 (-11.538572700501135, 1.0, 0.3524331034846239)
3.5600000000000027 (-11.552789496549222, 1.0, 0.3481927473877217)
3.5800000000000027 (-11.570798258085794, 1.0, 0.34915562376475556)
3.6000000000000028 (-11.592182870272389, 1.0, 0.35447553946780086)
3.6200000000000028 (-11.616262130648124, 1.0, 0.3636223502926113)
3.640000000000003 (-11.642136871715788, 1.0, 0.3762623387110737)
3.660000000000003 (-11.669069360083848, 1.0, 0.3924894921806619)
3.680000000000003 (-11.695167885626171, 1.0, 0.41356151545472913)
3.700000000000003 (-11.717570115015238, 1.0, 0.44601600615693854)
3.720000000000003 (-11.734941285973365, 1.0, 0.4955160894706137)
3.740000000000003 (-11.746414695036126, 1.0, 0.5633739219322745)
3.760000000000003 (-11.750692342556361, 1.0, 0.6423168647726248)
3.780000000000003 (-11.746742600365168, 1.0, 0.7176455259407306)
3.800000000000003 (-11.736449631839207, 1.0, 0.7785867582809286)
3.820000000000003 (-11.723514269006488, 1.0, 0.8250607835223613)
3.840000000000003 (-11.710685406924892, 1.0, 0.8604602949583455)
3.860000000000003 (-11.698470004978308, 1.0, 0.8874825470903727)
3.880000000000003 (-11.685951793019875, 1.0, 0.9074049795808595)
3.900000000000003 (-11.672141107105722, 1.0, 0.9209007220224894)
3.920000000000003 (-11.65635094516414, 1.0, 0.9283371186710246)
3.940000000000003 (-11.638402379043296, 1.0, 0.9300639049309091)
3.960000000000003 (-11.618556048569497, 1.0, 0.9264527440900211)
3.980000000000003 (-11.597289593142397, 1.0, 0.9178417666504886)
4.000000000000003 (-11.575311312038787, 1.0, 0.9046663168425388)
4.020000000000002 (-11.55348798093577, 1.0, 0.887321326985087)
4.040000000000002 (-11.532701116782649, 1.0, 0.8662415535546794)
4.060000000000001 (-11.513806437202524, 1.0, 0.8419107602009613)
4.080000000000001 (-11.498138468155325, 1.0, 0.8135924150114657)
4.1000000000000005 (-11.487086337991785, 1.0, 0.7775657351600356)
4.12 (-11.479646753223196, 1.0, 0.729909212736223)
4.14 (-11.473935269690708, 1.0, 0.6682080486592092)
4.159999999999999 (-11.467437910445755, 1.0, 0.5926811977625246)
4.179999999999999 (-11.4583586653785, 1.0, 0.5124101450816851)
4.199999999999998 (-11.447193509134959, 1.0, 0.4368274327707158)
4.219999999999998 (-11.433579901816053, 1.0, 0.37122058717559786)
4.2399999999999975 (-11.418868140834805, 1.0, 0.31586641752390165)
4.259999999999997 (-11.404846744983631, 1.0, 0.2664619870591174)
4.279999999999997 (-11.392622202959592, 1.0, 0.2187058201292298)
4.299999999999996 (-11.383709120342385, 1.0, 0.17091112352541987)
4.319999999999996 (-11.379058182319257, 1.0, 0.12269208569448582)
4.339999999999995 (-11.378889813501807, 1.0, 0.07415404222851618)
4.359999999999995 (-11.38308518562827, 1.0, 0.02571475740193343)
4.379999999999995 (-11.39141944763599, 1.0, -0.021937304479054724)
4.399999999999994 (-11.403624354347107, 1.0, -0.06789280539018244)
4.419999999999994 (-11.419032667703059, 1.0, -0.11129513879135722)
4.439999999999993 (-11.43619402132322, 1.0, -0.15160804900479985)
4.459999999999993 (-11.45372822825726, 1.0, -0.188095122260892)
4.479999999999992 (-11.470666132224096, 1.0, -0.2199904500343574)
4.499999999999992 (-11.486207311851496, 1.0, -0.24638436429977653)
4.519999999999992 (-11.499641463103695, 1.0, -0.2664048476111854)
4.539999999999991 (-11.510312869564462, 1.0, -0.2793669786438804)
4.559999999999991 (-11.517547462485037, 1.0, -0.28502316978127784)
4.57999999999999 (-11.52246750808802, 1.0, -0.2822022660417021)
4.59999999999999 (-11.527387734190135, 1.0, -0.27047687228819994)
4.6199999999999894 (-11.532791030197401, 1.0, -0.2515445372242657)
4.639999999999989 (-11.53699703681187, 1.0, -0.22584715040829884)
4.659999999999989 (-11.535848081258536, 1.0, -0.1887393177330323)
4.679999999999988 (-11.52668524052482, 1.0, -0.13611879704994087)
4.699999999999988 (-11.508292736432857, 1.0, -0.06696064771529657)
4.719999999999987 (-11.48197242332645, 1.0, 0.01260365597644807)
4.739999999999987 (-11.452195215540417, 1.0, 0.08677219057574992)
4.7599999999999865 (-11.424431314307297, 1.0, 0.14502427062454587)
4.779999999999986 (-11.401851414270848, 1.0, 0.18760899508330844)
4.799999999999986 (-11.384384076718085, 1.0, 0.21879899830119925)
4.819999999999985 (-11.371083170415915, 1.0, 0.2426831230956322)
4.839999999999985 (-11.360815284115585, 1.0, 0.2608890411515095)
4.859999999999984 (-11.352674474288674, 1.0, 0.27386351639020373)
4.879999999999984 (-11.346017062267727, 1.0, 0.2818039734295958)
4.8999999999999835 (-11.340454606835317, 1.0, 0.2849396564900976)
4.919999999999983 (-11.335531748291647, 1.0, 0.2832048962178914)
4.939999999999983 (-11.330615356016354, 1.0, 0.27703194352478266)
4.959999999999982 (-11.3254967623335, 1.0, 0.2672643610373278)
4.979999999999982 (-11.320412690999095, 1.0, 0.2549722285289971)
4.999999999999981 (-11.315926690465174, 1.0, 0.2411808167469404)
5.019999999999981 (-11.31271586514505, 1.0, 0.22675027208697124)
5.0399999999999805 (-11.311437995199398, 1.0, 0.21212677863058668)
5.05999999999998 (-11.31261630703546, 1.0, 0.19711619583516787)
5.07999999999998 (-11.316605046911336, 1.0, 0.1809137017403811)
5.099999999999979 (-11.324348555155133, 1.0, 0.1615905747362985)
5.119999999999979 (-11.338263539282988, 1.0, 0.13443673839217993)
5.139999999999978 (-11.358478755742356, 1.0, 0.09433315120011601)
5.159999999999978 (-11.383632037157023, 1.0, 0.03939520158614141)
5.1799999999999775 (-11.408763577589154, 1.0, -0.026449596580046638)
5.199999999999977 (-11.429871908039017, 1.0, -0.09215856679054317)
5.219999999999977 (-11.44409402183837, 1.0, -0.15024683264281566)
5.239999999999976 (-11.45070377551391, 1.0, -0.19763334643367872)
5.259999999999976 (-11.453181059800777, 1.0, -0.237325790500733)
5.279999999999975 (-11.454452667385073, 1.0, -0.2744072158379639)
5.299999999999975 (-11.456954951250982, 1.0, -0.3107981727297403)
5.3199999999999745 (-11.462314087318, 1.0, -0.3466386914102239)
5.339999999999974 (-11.47126987910334, 1.0, -0.38163498404602747)
5.359999999999974 (-11.483961971464852, 1.0, -0.4154193421251645)
5.379999999999973 (-11.500119111485969, 1.0, -0.44760093873224727)
5.399999999999973 (-11.519044167494435, 1.0, -0.47784242030414653)
5.419999999999972 (-11.53971672307609, 1.0, -0.5058133870671678)
5.439999999999972 (-11.560972058633057, 1.0, -0.5310784517983068)
5.4599999999999715 (-11.581638343917215, 1.0, -0.5532588485530631)
5.479999999999971 (-11.600466783265487, 1.0, -0.5718201544300696)
5.499999999999971 (-11.616346702681602, 1.0, -0.5862746856527647)
5.51999999999997 (-11.628852237112904, 1.0, -0.5955595571294292)
5.53999999999997 (-11.639137920460534, 1.0, -0.5976152897970662)
5.559999999999969 (-11.648143722218839, 1.0, -0.5925211657088321)
5.579999999999969 (-11.656529350612338, 1.0, -0.5813178297877749)
5.599999999999969 (-11.664617753336403, 1.0, -0.5649914314426456)
5.619999999999968 (-11.672265468575604, 1.0, -0.5444069201637929)
5.639999999999968 (-11.678962896961863, 1.0, -0.520283184883121)
5.659999999999967 (-11.682838748434948, 1.0, -0.49268116752541197)
5.679999999999967 (-11.67839412800292, 1.0, -0.4589178934833945)
5.699999999999966 (-11.660463474804466, 1.0, -0.4154272181937229)
5.719999999999966 (-11.6268198657981, 1.0, -0.36111651169762504)
5.739999999999966 (-11.579244119550468, 1.0, -0.2992597230386399)
5.759999999999965 (-11.526921713307805, 1.0, -0.24237078969767079)
5.779999999999965 (-11.47864613096041, 1.0, -0.1987404229231287)
5.799999999999964 (-11.439090581664686, 1.0, -0.1678011579073081)
5.819999999999964 (-11.408116892094236, 1.0, -0.1455277396217143)
5.839999999999963 (-11.384151863540259, 1.0, -0.12862710695468585)
5.859999999999963 (-11.365287910533432, 1.0, -0.11648931779475784)
5.879999999999963 (-11.349942665883962, 1.0, -0.10938313779385765)
5.899999999999962 (-11.337035458761637, 1.0, -0.10768658783223739)
5.919999999999962 (-11.325844627900498, 1.0, -0.11118387715117)
5.939999999999961 (-11.315950523242199, 1.0, -0.11967139743420176)
5.959999999999961 (-11.30720579548308, 1.0, -0.13286851815868247)
5.9799999999999605 (-11.299809600768455, 1.0, -0.150004773750044)
5.99999999999996 (-11.29424062729321, 1.0, -0.17038161666015061)
6.01999999999996 (-11.2907753140809, 1.0, -0.19320008778837672)
6.039999999999959 (-11.289963981734239, 1.0, -0.21769489750490642)
6.059999999999959 (-11.292169112032163, 1.0, -0.24310268539131835)
6.079999999999958 (-11.298660476795007, 1.0, -0.26902813430945516)
6.099999999999958 (-11.31337249888701, 1.0, -0.2973055664607555)
6.1199999999999575 (-11.33866173353652, 1.0, -0.33203105500998215)
6.139999999999957 (-11.374840986191627, 1.0, -0.376609150524318)
6.159999999999957 (-11.419697168648163, 1.0, -0.43266855928502096)
6.179999999999956 (-11.465497121243597, 1.0, -0.4943161198240159)
6.199999999999956 (-11.506137350709118, 1.0, -0.5540943239441318)
6.219999999999955 (-11.537951710797726, 1.0, -0.6084026287961058)
6.239999999999955 (-11.56242481993939, 1.0, -0.6567483162021079)
6.2599999999999545 (-11.583756632163936, 1.0, -0.701436415814931)
6.279999999999954 (-11.605557993580165, 1.0, -0.7443585310288143)
6.299999999999954 (-11.629954573842166, 1.0, -0.785372568636524)
6.319999999999953 (-11.65786025385249, 1.0, -0.8238975224875782)
6.339999999999953 (-11.689376702332133, 1.0, -0.8595465200770427)
6.359999999999952 (-11.724135488300817, 1.0, -0.8920588823333286)
6.379999999999952 (-11.761483241440999, 1.0, -0.9210999389570754)
6.3999999999999515 (-11.800556033660577, 1.0, -0.9462582010426636)
6.419999999999951 (-11.840100206632384, 1.0, -0.9676886591238419)
6.439999999999951 (-11.87862787580208, 1.0, -0.9860232029584127)
6.45999999999995 (-11.914609917199664, 1.0, -1.001587614743921)
6.47999999999995 (-11.946775719158255, 1.0, -1.014543479659897)
6.499999999999949 (-11.973894656410355, 1.0, -1.0249735489381322)
6.519999999999949 (-11.994918637528851, 1.0, -1.0328202377610942)
6.5399999999999485 (-12.009730643060323, 1.0, -1.0355585525265993)
6.559999999999948 (-12.019195752552852, 1.0, -1.0320695738266785)
6.579999999999948 (-12.024513413334965, 1.0, -1.0230682725526747)
6.599999999999947 (-12.026653058872526, 1.0, -1.0094746293482233)
6.619999999999947 (-12.026008224124407, 1.0, -0.9922573156576239)
6.639999999999946 (-12.022348442166546, 1.0, -0.9721331916440997)
6.659999999999946 (-12.011877797709623, 1.0, -0.9498695679988393)
6.6799999999999455 (-11.986869040003283, 1.0, -0.924346372326797)
6.699999999999945 (-11.942997472657263, 1.0, -0.8948166640228844)
6.719999999999945 (-11.879422348897764, 1.0, -0.8616668836690693)
6.739999999999944 (-11.804863011715227, 1.0, -0.829620633916388)
6.759999999999944 (-11.733901811180113, 1.0, -0.8056384317284475)
6.779999999999943 (-11.67672447207022, 1.0, -0.7913825271205069)
6.799999999999943 (-11.633332403855073, 1.0, -0.7832982465622249)
6.8199999999999426 (-11.600698155880972, 1.0, -0.7780309029341957)
6.839999999999942 (-11.57591952412955, 1.0, -0.7743732435922762)
6.859999999999942 (-11.5575161079694, 1.0, -0.7724769358436155)
6.879999999999941 (-11.544794057432767, 1.0, -0.773194878369811)
6.899999999999941 (-11.536755625635049, 1.0, -0.777400194278013)
6.91999999999994 (-11.53262547638531, 1.0, -0.7853394896003655)
6.93999999999994 (-11.531979647834909, 1.0, -0.7968981171893204)
6.95999999999994 (-11.534504138589945, 1.0, -0.8115854263298646)
6.979999999999939 (-11.53998825551756, 1.0, -0.8286172172275629)
6.999999999999939 (-11.548260019476414, 1.0, -0.8470597184790085)
7.019999999999938 (-11.559307993021788, 1.0, -0.8659338697572613)
7.039999999999938 (-11.572791476635578, 1.0, -0.8843513816991548)
7.059999999999937 (-11.588877739877587, 1.0, -0.9013769695392922)
7.079999999999937 (-11.608010675111816, 1.0, -0.9163884811192511)
7.099999999999937 (-11.63327028197805, 1.0, -0.9290430504636594)
7.119999999999936 (-11.669591997804977, 1.0, -0.9409774205929644)
7.139999999999936 (-11.719759830491872, 1.0, -0.9556132818347054)
7.159999999999935 (-11.783965628239034, 1.0, -0.9764610216907189)
7.179999999999935 (-11.854536061497956, 1.0, -1.0039315405931994)
7.1999999999999345 (-11.9214254170143, 1.0, -1.0332378191500386)
7.219999999999934 (-11.977776085099404, 1.0, -1.0623527572314262)
7.239999999999934 (-12.021889691749031, 1.0, -1.0898838999730598)
7.259999999999933 (-12.05848652359037, 1.0, -1.1153156837929996)
7.279999999999933 (-12.092916854533982, 1.0, -1.139595977654338)
7.299999999999932 (-12.127882015507527, 1.0, -1.1619436661289722)
7.319999999999932 (-12.164363465593684, 1.0, -1.1812346293455454)
7.3399999999999315 (-12.202507318948307, 1.0, -1.1967949428459597)
7.359999999999931 (-12.242041100966926, 1.0, -1.208352245167815)
7.379999999999931 (-12.282415995702054, 1.0, -1.2158826782795313)
7.39999999999993 (-12.32286684976566, 1.0, -1.2197384635872404)
7.41999999999993 (-12.362445612089775, 1.0, -1.2205679372616658)
7.439999999999929 (-12.400060440738464, 1.0, -1.219053755962148)
7.459999999999929 (-12.434612331094291, 1.0, -1.2158599330028896)
7.4799999999999285 (-12.464897772524926, 1.0, -1.2115823437089326)
7.499999999999928 (-12.489814232595661, 1.0, -1.2067437555027039)
7.519999999999928 (-12.50845239809939, 1.0, -1.2018646037253329)
7.539999999999927 (-12.519803142544832, 1.0, -1.196088455880134)
7.559999999999927 (-12.52354017402057, 1.0, -1.1871902074085527)
7.579999999999926 (-12.520861666940412, 1.0, -1.174888659565091)
7.599999999999926 (-12.51332221678035, 1.0, -1.1596186874048267)
7.6199999999999255 (-12.502016735829388, 1.0, -1.1420748867036208)
7.639999999999925 (-12.487257298100676, 1.0, -1.1230248888740642)
7.659999999999925 (-12.466262978606432, 1.0, -1.1046781924191111)
7.679999999999924 (-12.431822593616221, 1.0, -1.0894742658045076)
7.699999999999924 (-12.379624989382748, 1.0, -1.078694082383719)
7.719999999999923 (-12.309049153196566, 1.0, -1.0731489474935063)
7.739999999999923 (-12.232705199925233, 1.0, -1.0738675852356152)
7.7599999999999225 (-12.165293869727579, 1.0, -1.0809551153132837)
7.779999999999922 (-12.11383828313365, 1.0, -1.0904677649939314)
7.799999999999922 (-12.075871038107163, 1.0, -1.0996917572120535)
7.819999999999921 (-12.046889580603947, 1.0, -1.106924374723796)
7.839999999999921 (-12.024555112550985, 1.0, -1.1127322902913914)
7.85999999999992 (-12.008280671079003, 1.0, -1.118185047123138)
7.87999999999992 (-11.997807682436866, 1.0, -1.1243876336327492)
7.8999999999999195 (-11.992605688228457, 1.0, -1.1324205682267867)
7.919999999999919 (-11.99208572075261, 1.0, -1.1426903954316099)
7.939999999999919 (-11.99588792451268, 1.0, -1.1551705111492248)
7.959999999999918 (-12.003550348969531, 1.0, -1.169473271591291)
7.979999999999918 (-12.014547635882149, 1.0, -1.1849256501064749)
7.999999999999917 (-12.02830247595294, 1.0, -1.2007255675862747)
8.019999999999918 (-12.044258924444806, 1.0, -1.2160252330112788)
8.039999999999917 (-12.061991136830356, 1.0, -1.2300758545087527)
8.059999999999917 (-12.081263372111414, 1.0, -1.2420167020249735)
8.079999999999917 (-12.102370428588266, 1.0, -1.2511456445171907)
8.099999999999916 (-12.128654255632854, 1.0, -1.2556348241964366)
8.119999999999916 (-12.16583676232563, 1.0, -1.2552542182276438)
8.139999999999915 (-12.217473179865927, 1.0, -1.251815424202029)
8.159999999999915 (-12.284765233704531, 1.0, -1.247779736754517)
8.179999999999914 (-12.36050303905478, 1.0, -1.247034898938975)
8.199999999999914 (-12.433531239487856, 1.0, -1.2494137976297501)
8.219999999999914 (-12.497070257821512, 1.0, -1.2558983643169683)
8.239999999999913 (-12.54944150631127, 1.0, -1.2658152630422799)
8.259999999999913 (-12.594913848445296, 1.0, -1.2766795035875134)
8.279999999999912 (-12.638697851137813, 1.0, -1.2871342277403475)
8.299999999999912 (-12.682600602800846, 1.0, -1.2952653049191816)
8.319999999999911 (-12.7268967314365, 1.0, -1.2997067598928904)
8.339999999999911 (-12.771380749520182, 1.0, -1.2998893140013175)
8.35999999999991 (-12.815665396230099, 1.0, -1.2957621609447167)
8.37999999999991 (-12.859187206209617, 1.0, -1.2875631192776822)
8.39999999999991 (-12.901334306420644, 1.0, -1.2759312708833923)
8.41999999999991 (-12.941540964628667, 1.0, -1.2619726134227045)
8.439999999999909 (-12.979200128397219, 1.0, -1.2469374156642004)
8.459999999999908 (-13.013580760885107, 1.0, -1.2320381323743577)
8.479999999999908 (-13.043943557929532, 1.0, -1.218392545442597)
8.499999999999908 (-13.06948663722973, 1.0, -1.2069075969796186)
8.519999999999907 (-13.088190841537399, 1.0, -1.1965586611996706)
8.539999999999907 (-13.099463402255122, 1.0, -1.1863676493281943)
8.559999999999906 (-13.104106723935708, 1.0, -1.175908995319459)
8.579999999999906 (-13.10297965121701, 1.0, -1.1649538506135417)
8.599999999999905 (-13.096764195662743, 1.0, -1.1536391871365244)
8.619999999999905 (-13.086045814004875, 1.0, -1.1424486310384487)
8.639999999999905 (-13.071213790241648, 1.0, -1.1321167890576784)
8.659999999999904 (-13.050254350625002, 1.0, -1.126080354194469)
8.679999999999904 (-13.017608257897647, 1.0, -1.1296455439655506)
8.699999999999903 (-12.970084467937896, 1.0, -1.1458262782547126)
8.719999999999903 (-12.907405676435364, 1.0, -1.1756146123872138)
8.739999999999903 (-12.837122215614325, 1.0, -1.215488560611441)
8.759999999999902 (-12.774064736873903, 1.0, -1.2579600988810902)
8.779999999999902 (-12.726686779726618, 1.0, -1.295839868245792)
8.799999999999901 (-12.693081540671463, 1.0, -1.3262364292819986)
8.8199999999999 (-12.668975400700605, 1.0, -1.3494236745821881)
8.8399999999999 (-12.651122632414719, 1.0, -1.3669234608059946)
8.8599999999999 (-12.638488467420228, 1.0, -1.3800908261173117)
8.8799999999999 (-12.631264872875501, 1.0, -1.3901500299057283)
8.899999999999899 (-12.629701421287429, 1.0, -1.3984363416015642)
8.919999999999899 (-12.633340743646674, 1.0, -1.4057202724902988)
8.939999999999898 (-12.641864693438267, 1.0, -1.4123833516491304)
8.959999999999898 (-12.654810958074643, 1.0, -1.4184189571742372)
8.979999999999897 (-12.671527200592843, 1.0, -1.4234964916802728)
8.999999999999897 (-12.691278973328696, 1.0, -1.427132026060547)
9.019999999999897 (-12.713338999277385, 1.0, -1.4287797329443768)
9.039999999999896 (-12.736894452638825, 1.0, -1.4280685561708686)
9.059999999999896 (-12.761290778897932, 1.0, -1.4244254892579735)
9.079999999999895 (-12.785893880632834, 1.0, -1.417120421748132)
9.099999999999895 (-12.812379626969944, 1.0, -1.4031353196275227)
9.119999999999894 (-12.84542438864042, 1.0, -1.3797085171616923)
9.139999999999894 (-12.889317841533122, 1.0, -1.3469307140723565)
9.159999999999894 (-12.946753165963088, 1.0, -1.3069925164093597)
9.179999999999893 (-13.011856653306797, 1.0, -1.2665255435883918)
9.199999999999893 (-13.075253536436707, 1.0, -1.2303718975144144)
9.219999999999892 (-13.132056661151408, 1.0, -1.202562228049485)
9.239999999999892 (-13.180759642789681, 1.0, -1.1829396530399077)
9.259999999999891 (-13.223976498981582, 1.0, -1.167416880794603)
9.279999999999891 (-13.26535787786622, 1.0, -1.152457654233592)
9.29999999999989 (-13.305473982168925, 1.0, -1.135560648050641)
9.31999999999989 (-13.343855914540509, 1.0, -1.1153989342367432)
9.33999999999989 (-13.38000850388163, 1.0, -1.0915501443879039)
9.35999999999989 (-13.413534622321242, 1.0, -1.0641279001789552)
9.379999999999889 (-13.444061318229698, 1.0, -1.0335956667924264)
9.399999999999888 (-13.471413742890926, 1.0, -1.0008192129784674)
9.419999999999888 (-13.495591131519213, 1.0, -0.9669979221882246)
9.439999999999888 (-13.516556874714686, 1.0, -0.9334562631754189)
9.459999999999887 (-13.534219216459404, 1.0, -0.901518419817369)
9.479999999999887 (-13.548390222852959, 1.0, -0.8725100329432716)
9.499999999999886 (-13.558884761262217, 1.0, -0.8476371219303372)
9.519999999999886 (-13.565627648412262, 1.0, -0.827943654881063)
9.539999999999885 (-13.567291718834722, 1.0, -0.8137236964012127)
9.559999999999885 (-13.56191777220313, 1.0, -0.8039538477157756)
9.579999999999885 (-13.5500354359169, 1.0, -0.7974902262879998)
9.599999999999884 (-13.532915849596733, 1.0, -0.7933099030405082)
9.619999999999884 (-13.511772611794164, 1.0, -0.7909168899639628)
9.639999999999883 (-13.48748109548212, 1.0, -0.79046516045701)
9.659999999999883 (-13.460398101695615, 1.0, -0.7949580877684141)
9.679999999999882 (-13.428784705573637, 1.0, -0.8115494914459593)
9.699999999999882 (-13.391106866802332, 1.0, -0.8450233477136643)
9.719999999999882 (-13.347604044387852, 1.0, -0.8966780078836534)
9.739999999999881 (-13.306367415180311, 1.0, -0.9569589546664647)
9.75999999999988 (-13.275689957383618, 1.0, -1.0140359767794334)
9.77999999999988 (-13.256107965565942, 1.0, -1.059955105785875)
9.79999999999988 (-13.24381599878446, 1.0, -1.0951535111965254)
9.81999999999988 (-13.234935893393656, 1.0, -1.122155450627384)
9.839999999999879 (-13.228812451236504, 1.0, -1.1430619424484643)
9.859999999999879 (-13.226117808667048, 1.0, -1.1589163279836603)
9.879999999999878 (-13.227633631986247, 1.0, -1.1707205280144777)
9.899999999999878 (-13.233729451451408, 1.0, -1.1792771833895455)
9.919999999999877 (-13.244433479067657, 1.0, -1.1850945361861789)
9.939999999999877 (-13.259442440390494, 1.0, -1.1884631483424104)
9.959999999999877 (-13.278117352645937, 1.0, -1.1895535254047003)
9.979999999999876 (-13.299554545381882, 1.0, -1.1884822210485015)
9.999999999999876 (-13.322672624634182, 1.0, -1.1853564445562512)
