0.0 (-6.75, 1.0, 0.0)
0.02 (-6.7502584426455865, 1.0, 0.0017460918985265522)
0.04 (-6.756298612919945, 1.0, -0.0010534642668087314)
0.06 (-6.773334615698301, 1.0, -0.015405334867756568)
0.08 (-6.803357124681182, 1.0, -0.021946081999366325)
0.1 (-6.856284653773771, 1.0, 0.008189599644954526)
0.12000000000000001 (-6.924564967413773, 1.0, 0.08135528549689597)
0.14 (-6.990632663113975, 1.0, 0.19388073443040982)
0.16 (-7.039537805165422, 1.0, 0.34877786180760356)
0.18 (-7.0642083682800685, 1.0, 0.5473999270164829)
0.19999999999999998 (-7.069489850634014, 1.0, 0.7820322879374675)
0.21999999999999997 (-7.069202210051528, 1.0, 1.0444133878182615)
0.23999999999999996 (-7.087394389366903, 1.0, 1.29141186386802)
0.25999999999999995 (-7.135018278289552, 1.0, 1.500352785704926)
0.27999999999999997 (-7.200321219057631, 1.0, 1.6750272938248159)
0.3 (-7.266709136462219, 1.0, 1.8182491617753267)
0.32 (-7.326812051789996, 1.0, 1.9355737316446904)
0.34 (-7.38132353367719, 1.0, 2.038142891882359)
0.36000000000000004 (-7.4367883303623215, 1.0, 2.1290118334230543)
0.38000000000000006 (-7.497321456328179, 1.0, 2.2084901696715558)
0.4000000000000001 (-7.5635886467565365, 1.0, 2.2787901303599134)
0.4200000000000001 (-7.635753751938776, 1.0, 2.341835757456405)
0.4400000000000001 (-7.713545844711135, 1.0, 2.3981452780854173)
0.46000000000000013 (-7.795383810988264, 1.0, 2.4474772005713703)
0.48000000000000015 (-7.8799361691970455, 1.0, 2.4896758857387797)
0.5000000000000001 (-7.966254652465592, 1.0, 2.52452625151692)
0.5200000000000001 (-8.053209456180241, 1.0, 2.551958794129193)
0.5400000000000001 (-8.138774485856766, 1.0, 2.572159800955123)
0.5600000000000002 (-8.22114188178216, 1.0, 2.584901121362426)
0.5800000000000002 (-8.29910858357504, 1.0, 2.5897157469525642)
0.6000000000000002 (-8.37177240016674, 1.0, 2.5862594696270382)
0.6200000000000002 (-8.438375868836394, 1.0, 2.5743650604109614)
0.6400000000000002 (-8.498258976468708, 1.0, 2.553999577121426)
0.6600000000000003 (-8.550623661073027, 1.0, 2.5251313306453964)
0.6800000000000003 (-8.594633666953202, 1.0, 2.487632437613408)
0.7000000000000003 (-8.631081227935788, 1.0, 2.4414091263135953)
0.7200000000000003 (-8.662182356178464, 1.0, 2.386775500391602)
0.7400000000000003 (-8.690705053076798, 1.0, 2.324502268476178)
0.7600000000000003 (-8.719572824691118, 1.0, 2.255613280009915)
0.7800000000000004 (-8.751483598889198, 1.0, 2.1813987415584646)
0.8000000000000004 (-8.787873456594381, 1.0, 2.111066456921625)
0.8200000000000004 (-8.827669232893612, 1.0, 2.0516359359186107)
0.8400000000000004 (-8.868177916173774, 1.0, 2.0054992432206578)
0.8600000000000004 (-8.906429345876212, 1.0, 1.9734456013561306)
0.8800000000000004 (-8.943073227836136, 1.0, 1.9536930666625856)
0.9000000000000005 (-8.977377110221994, 1.0, 1.9443103222402223)
0.9200000000000005 (-9.008040439108209, 1.0, 1.9431718990742868)
0.9400000000000005 (-9.033863275798222, 1.0, 1.9486019819801408)
0.9600000000000005 (-9.053965167659134, 1.0, 1.9594689486909396)
0.9800000000000005 (-9.067808848913124, 1.0, 1.9749302536129096)
1.0000000000000004 (-9.075116362056548, 1.0, 1.9944270786133456)
1.0200000000000005 (-9.075331824608982, 1.0, 2.017936468926742)
1.0400000000000005 (-9.067444766361701, 1.0, 2.0454145754937105)
1.0600000000000005 (-9.049834053279564, 1.0, 2.0754731627813117)
1.0800000000000005 (-9.02283408516401, 1.0, 2.1010524735031657)
1.1000000000000005 (-8.98874216646409, 1.0, 2.1173192813870743)
1.1200000000000006 (-8.950254640668444, 1.0, 2.1219173923715964)
1.1400000000000006 (-8.909331617511063, 1.0, 2.1147398472221854)
1.1600000000000006 (-8.857902008361016, 1.0, 2.1014554612357936)
1.1800000000000006 (-8.80228650377989, 1.0, 2.079362535547442)
1.2000000000000006 (-8.747292827809147, 1.0, 2.0520069264841045)
1.2200000000000006 (-8.694096076796809, 1.0, 2.0242861357909554)
1.2400000000000007 (-8.641583511105736, 1.0, 1.9991930726248914)
1.2600000000000007 (-8.599183164382934, 1.0, 1.9824588429051875)
1.2800000000000007 (-8.564701003752438, 1.0, 1.9805015558746009)
1.3000000000000007 (-8.527445052352874, 1.0, 1.9870044483954352)
1.3200000000000007 (-8.485564064189967, 1.0, 2.002263296478026)
1.3400000000000007 (-8.441623678348716, 1.0, 2.0230735611174167)
1.3600000000000008 (-8.39804218903917, 1.0, 2.0462574429345812)
1.3800000000000008 (-8.360118732456952, 1.0, 2.0687268106190806)
1.4000000000000008 (-8.330772382158877, 1.0, 2.088342237309018)
1.4200000000000008 (-8.310369232929784, 1.0, 2.104975982916854)
1.4400000000000008 (-8.299181861645707, 1.0, 2.1192983621219863)
1.4600000000000009 (-8.29801045280771, 1.0, 2.1310920641820514)
1.4800000000000009 (-8.305708362708181, 1.0, 2.1388328936336527)
1.5000000000000009 (-8.31819374894828, 1.0, 2.1400307926861277)
1.520000000000001 (-8.332094000860442, 1.0, 2.132697983933174)
1.540000000000001 (-8.344781951903203, 1.0, 2.1152303838404323)
1.560000000000001 (-8.354351488634691, 1.0, 2.0864048287281025)
1.580000000000001 (-8.359492033744283, 1.0, 2.045389652056612)
1.600000000000001 (-8.359353035857842, 1.0, 1.9916336196746343)
1.620000000000001 (-8.35339917337424, 1.0, 1.9247229822945346)
1.640000000000001 (-8.341083386777338, 1.0, 1.8441339403814363)
1.660000000000001 (-8.322003318743024, 1.0, 1.748962116604081)
1.680000000000001 (-8.297906323670425, 1.0, 1.6381474674074556)
1.700000000000001 (-8.27287510010255, 1.0, 1.5133037759097476)
1.720000000000001 (-8.250183729790832, 1.0, 1.385243299733528)
1.740000000000001 (-8.230565457231936, 1.0, 1.2605900093480997)
1.7600000000000011 (-8.2136909398261, 1.0, 1.139052045458081)
1.7800000000000011 (-8.199615305785224, 1.0, 1.0189194890950404)
1.8000000000000012 (-8.187947653819581, 1.0, 0.9011170253283467)
1.8200000000000012 (-8.178453475408471, 1.0, 0.787065375880831)
1.8400000000000012 (-8.171107211367012, 1.0, 0.6780337588615455)
1.8600000000000012 (-8.165638329745478, 1.0, 0.5754272790483581)
1.8800000000000012 (-8.161370708545693, 1.0, 0.48080938989986155)
1.9000000000000012 (-8.157147551128794, 1.0, 0.3960978937716272)
1.9200000000000013 (-8.150264501441274, 1.0, 0.3243333218360416)
1.9400000000000013 (-8.138170587954894, 1.0, 0.2681754539806014)
1.9600000000000013 (-8.119247500214074, 1.0, 0.22903360145495705)
1.9800000000000013 (-8.092566660105264, 1.0, 0.20756021343241335)
2.0000000000000013 (-8.057767797907275, 1.0, 0.20396008508107427)
2.0200000000000014 (-8.014984065569294, 1.0, 0.21810211558217085)
2.0400000000000014 (-7.964873253340591, 1.0, 0.24951184770661416)
2.0600000000000014 (-7.90909485188473, 1.0, 0.29717670710894023)
2.0800000000000014 (-7.850449190596651, 1.0, 0.3591603415604125)
2.1000000000000014 (-7.79367739360968, 1.0, 0.43079751833857627)
2.1200000000000014 (-7.743769918342533, 1.0, 0.5058200701417853)
2.1400000000000015 (-7.703886994246017, 1.0, 0.5777235880720895)
2.1600000000000015 (-7.672190856625687, 1.0, 0.6404700278144109)
2.1800000000000015 (-7.645661711021196, 1.0, 0.6979604664544468)
2.2000000000000015 (-7.624697222451106, 1.0, 0.7508722632990487)
2.2200000000000015 (-7.6112506408721945, 1.0, 0.7915259853629177)
2.2400000000000015 (-7.602868185883488, 1.0, 0.8163259714854133)
2.2600000000000016 (-7.597195058756373, 1.0, 0.8259526784836936)
2.2800000000000016 (-7.590147941800525, 1.0, 0.8260798415833971)
2.3000000000000016 (-7.5812084898794545, 1.0, 0.8222727247074506)
2.3200000000000016 (-7.572351246304658, 1.0, 0.8179570825543528)
2.3400000000000016 (-7.565655090330749, 1.0, 0.8147702845284626)
2.3600000000000017 (-7.562559624152494, 1.0, 0.8137903183092475)
2.3800000000000017 (-7.563957349468653, 1.0, 0.8157745300162537)
2.4000000000000017 (-7.570439845162223, 1.0, 0.8211047066761955)
2.4200000000000017 (-7.582421029068766, 1.0, 0.8297498012864921)
2.4400000000000017 (-7.60021599712829, 1.0, 0.8412792518837402)
2.4600000000000017 (-7.624128042330611, 1.0, 0.8548996408019777)
2.4800000000000018 (-7.654524683008979, 1.0, 0.86950936943879)
2.5000000000000018 (-7.6918973221949285, 1.0, 0.8837628775185362)
2.520000000000002 (-7.736205553800569, 1.0, 0.895786279626537)
2.540000000000002 (-7.782438396536437, 1.0, 0.9008994069042654)
2.560000000000002 (-7.827295035357829, 1.0, 0.8958729250976688)
2.580000000000002 (-7.869005435990477, 1.0, 0.8794625371257822)
2.600000000000002 (-7.90683422921766, 1.0, 0.8511109316528193)
2.620000000000002 (-7.9404820416015385, 1.0, 0.8109793789580676)
2.640000000000002 (-7.969677841804585, 1.0, 0.758877104602556)
2.660000000000002 (-7.994284391275959, 1.0, 0.6944001655994052)
2.680000000000002 (-8.015688725477709, 1.0, 0.6173863664273542)
2.700000000000002 (-8.0371864738556, 1.0, 0.5284191524666408)
2.720000000000002 (-8.062753312455644, 1.0, 0.42863928613237356)
2.740000000000002 (-8.092343199871388, 1.0, 0.3288299678912168)
2.760000000000002 (-8.124079749692067, 1.0, 0.23660533103886403)
2.780000000000002 (-8.1547804748489, 1.0, 0.15480447934222805)
2.800000000000002 (-8.18371145810441, 1.0, 0.08091346781604389)
2.820000000000002 (-8.210405980449984, 1.0, 0.013835761218042014)
2.840000000000002 (-8.234129026260177, 1.0, -0.04686071501309223)
2.860000000000002 (-8.25471586091642, 1.0, -0.10124081829738396)
2.880000000000002 (-8.271695455117264, 1.0, -0.14911164585640307)
2.900000000000002 (-8.284071140918373, 1.0, -0.19014196208993864)
2.920000000000002 (-8.290942798243906, 1.0, -0.22425175691181873)
2.940000000000002 (-8.291712392090465, 1.0, -0.2514528061097476)
2.960000000000002 (-8.285981306622793, 1.0, -0.27173596823584756)
2.980000000000002 (-8.27350809458935, 1.0, -0.28516947838399326)
3.000000000000002 (-8.254227914415242, 1.0, -0.29196485795188915)
3.0200000000000022 (-8.22835691010684, 1.0, -0.29253559279160674)
3.0400000000000023 (-8.196411590769753, 1.0, -0.2873453982800475)
3.0600000000000023 (-8.159264320328035, 1.0, -0.27703182112216385)
3.0800000000000023 (-8.118134186738537, 1.0, -0.26222706535327445)
3.1000000000000023 (-8.074221995639924, 1.0, -0.24366160710775678)
3.1200000000000023 (-8.027708703123011, 1.0, -0.22254675191068995)
3.1400000000000023 (-7.978069332117664, 1.0, -0.20062241703279368)
3.1600000000000024 (-7.933772775386748, 1.0, -0.18850918347540804)
3.1800000000000024 (-7.898209607192235, 1.0, -0.19254748228912635)
3.2000000000000024 (-7.870651692617319, 1.0, -0.21264813637385074)
3.2200000000000024 (-7.850441571177178, 1.0, -0.24546812118728809)
3.2400000000000024 (-7.832421601699561, 1.0, -0.28372310680034707)
3.2600000000000025 (-7.815805805433929, 1.0, -0.3223051397952784)
3.2800000000000025 (-7.8014673954787215, 1.0, -0.35862237641583145)
3.3000000000000025 (-7.790313774229429, 1.0, -0.3908973048295083)
3.3200000000000025 (-7.782767529527191, 1.0, -0.41783868011401926)
3.3400000000000025 (-7.778903356679855, 1.0, -0.4385583305658757)
3.3600000000000025 (-7.778784191084453, 1.0, -0.45255470553250093)
3.3800000000000026 (-7.782599604268802, 1.0, -0.45978704976964185)
3.4000000000000026 (-7.790750005378133, 1.0, -0.4606407667504101)
3.4200000000000026 (-7.803760220349961, 1.0, -0.4557163779324022)
3.4400000000000026 (-7.821776475535976, 1.0, -0.44576988866349526)
3.4600000000000026 (-7.844959707802568, 1.0, -0.4317283101479723)
3.4800000000000026 (-7.873986876026125, 1.0, -0.41463599007518204)
3.5000000000000027 (-7.909653173863143, 1.0, -0.3958595527891278)
3.5200000000000027 (-7.950003657296179, 1.0, -0.38042413282592463)
3.5400000000000027 (-7.993203953999832, 1.0, -0.3728517771215475)
3.5600000000000027 (-8.038048513411715, 1.0, -0.37535536548516163)
3.5800000000000027 (-8.083781246077296, 1.0, -0.3890079267189617)
3.6000000000000028 (-8.129993250689873, 1.0, -0.414233853081877)
3.6200000000000028 (-8.17645715888271, 1.0, -0.45111644966931697)
3.640000000000003 (-8.223026788621459, 1.0, -0.49961610329699047)
3.660000000000003 (-8.269692587907207, 1.0, -0.5596759915921389)
3.680000000000003 (-8.316361943216036, 1.0, -0.631399972494478)
3.700000000000003 (-8.36204304989574, 1.0, -0.7156214932489658)
3.720000000000003 (-8.407779568204935, 1.0, -0.8120009333957032)
3.740000000000003 (-8.456586009910533, 1.0, -0.91819704250317)
3.760000000000003 (-8.50776366911954, 1.0, -1.0268679989944056)
3.780000000000003 (-8.556883401415813, 1.0, -1.129119797193058)
3.800000000000003 (-8.600874108765169, 1.0, -1.2219755285530562)
3.820000000000003 (-8.640736419750079, 1.0, -1.3082592826923385)
3.840000000000003 (-8.677099629853526, 1.0, -1.3891152378367146)
3.860000000000003 (-8.709403034934464, 1.0, -1.465224705551501)
3.880000000000003 (-8.736908243322517, 1.0, -1.5368224473613732)
3.900000000000003 (-8.758772178073938, 1.0, -1.6039652267126872)
3.920000000000003 (-8.774135939931714, 1.0, -1.666631852212452)
3.940000000000003 (-8.782231577751348, 1.0, -1.7248639512055775)
3.960000000000003 (-8.78248311348549, 1.0, -1.7787522058944136)
3.980000000000003 (-8.774517822458057, 1.0, -1.828422843241034)
4.000000000000003 (-8.758170958265977, 1.0, -1.8740435996665306)
4.020000000000002 (-8.733669725835075, 1.0, -1.915677689112691)
4.040000000000002 (-8.701637257176463, 1.0, -1.9532891556783192)
4.060000000000001 (-8.662964691949023, 1.0, -1.9868102344156657)
4.080000000000001 (-8.618484210925496, 1.0, -2.0161323469531816)
4.1000000000000005 (-8.56877093552881, 1.0, -2.0413114930235725)
4.12 (-8.514625315541696, 1.0, -2.0631688296218966)
4.14 (-8.456732246577223, 1.0, -2.0831965391834033)
4.159999999999999 (-8.401389280471234, 1.0, -2.104612595637495)
4.179999999999999 (-8.359177519786186, 1.0, -2.1333862937680803)
4.199999999999998 (-8.331016656663516, 1.0, -2.1716844880530912)
4.219999999999998 (-8.315603448310599, 1.0, -2.218394387992558)
4.2399999999999975 (-8.308383518988668, 1.0, -2.2712292920844304)
4.259999999999997 (-8.303779057660641, 1.0, -2.326391873972186)
4.279999999999997 (-8.299881969423259, 1.0, -2.3801519036766234)
4.299999999999996 (-8.296484858502064, 1.0, -2.42994529057395)
4.319999999999996 (-8.293572922591418, 1.0, -2.4740889560138326)
4.339999999999995 (-8.29099999933238, 1.0, -2.5115510610257115)
4.359999999999995 (-8.288694828616912, 1.0, -2.541781544194691)
4.379999999999995 (-8.286889513455243, 1.0, -2.5645902550591906)
4.399999999999994 (-8.286131495036116, 1.0, -2.580080407041943)
4.419999999999994 (-8.287100837867499, 1.0, -2.5886274790780655)
4.439999999999993 (-8.290194471234507, 1.0, -2.590964200559659)
4.459999999999993 (-8.295897506033002, 1.0, -2.5880639120297904)
4.479999999999992 (-8.305186670433654, 1.0, -2.5809334119652516)
4.499999999999992 (-8.319295806712118, 1.0, -2.570658856401936)
4.519999999999992 (-8.339588671978902, 1.0, -2.558307672719049)
4.539999999999991 (-8.367557756549761, 1.0, -2.54483122203076)
4.559999999999991 (-8.404860498789699, 1.0, -2.531013493913728)
4.57999999999999 (-8.451191652367891, 1.0, -2.5229699752151884)
4.59999999999999 (-8.505257601397297, 1.0, -2.528216012394648)
4.6199999999999894 (-8.565807354419643, 1.0, -2.5492978073127994)
4.639999999999989 (-8.632023087381173, 1.0, -2.5865841102947105)
4.659999999999989 (-8.703486223700878, 1.0, -2.6400406696104746)
4.679999999999988 (-8.781846514487412, 1.0, -2.707278551787173)
4.699999999999988 (-8.869978063476612, 1.0, -2.7841561661477146)
4.719999999999987 (-8.966162226867919, 1.0, -2.8634972781901746)
4.739999999999987 (-9.06223874115289, 1.0, -2.93711233972713)
4.7599999999999865 (-9.153702324900005, 1.0, -3.0031876436445555)
4.779999999999986 (-9.24069810123551, 1.0, -3.0640143922073233)
4.799999999999986 (-9.323604613205323, 1.0, -3.1207761620937036)
4.819999999999985 (-9.401549206570598, 1.0, -3.1742452065078455)
4.839999999999985 (-9.474085466232161, 1.0, -3.224296703496723)
4.859999999999984 (-9.540889825541619, 1.0, -3.2704618372225864)
4.879999999999984 (-9.601303248094212, 1.0, -3.3124122698816953)
4.8999999999999835 (-9.654383047353122, 1.0, -3.3501149455684436)
4.919999999999983 (-9.69890869601814, 1.0, -3.383878211129794)
4.939999999999983 (-9.733430999576766, 1.0, -3.414317496550471)
4.959999999999982 (-9.75670654043406, 1.0, -3.4420076132297535)
4.979999999999982 (-9.76780031561976, 1.0, -3.467298101623046)
4.999999999999981 (-9.76603829707895, 1.0, -3.490613184233015)
5.019999999999981 (-9.750885326068728, 1.0, -3.51247611183638)
5.0399999999999805 (-9.722185399706694, 1.0, -3.5333611896585753)
5.05999999999998 (-9.680597495353588, 1.0, -3.5534698848208937)
5.07999999999998 (-9.627715152123045, 1.0, -3.5726573568855695)
5.099999999999979 (-9.566329836368599, 1.0, -3.5903512706744314)
5.119999999999979 (-9.500742167415057, 1.0, -3.605793336206849)
5.139999999999978 (-9.4364245555067, 1.0, -3.619815375347795)
5.159999999999978 (-9.377291719404402, 1.0, -3.6337453018964836)
5.1799999999999775 (-9.335524192244543, 1.0, -3.6473081767795423)
5.199999999999977 (-9.311912693988338, 1.0, -3.663474998245174)
5.219999999999977 (-9.305274330048519, 1.0, -3.685111870911003)
5.239999999999976 (-9.313325412155569, 1.0, -3.7118498827342434)
5.259999999999976 (-9.327102585573494, 1.0, -3.74256508590332)
5.279999999999975 (-9.342625151085144, 1.0, -3.7744028322314476)
5.299999999999975 (-9.358490494524048, 1.0, -3.804308641582613)
5.3199999999999745 (-9.374206817650727, 1.0, -3.8300452486370307)
5.339999999999974 (-9.389352781808961, 1.0, -3.8501258033811534)
5.359999999999974 (-9.403527957455324, 1.0, -3.8636405729347953)
5.379999999999973 (-9.416544525483918, 1.0, -3.8700762352305444)
5.399999999999973 (-9.428463749741212, 1.0, -3.8692588204237)
5.419999999999972 (-9.439597163754533, 1.0, -3.861305113755726)
5.439999999999972 (-9.45059574527311, 1.0, -3.8464737202114754)
5.4599999999999715 (-9.462429541396777, 1.0, -3.8250947523150693)
5.479999999999971 (-9.47634614453324, 1.0, -3.7975533221408657)
5.499999999999971 (-9.4938541269346, 1.0, -3.7641135095897833)
5.51999999999997 (-9.516676530969706, 1.0, -3.7272322867205183)
5.53999999999997 (-9.54667245389958, 1.0, -3.69318070176662)
5.559999999999969 (-9.584870099870985, 1.0, -3.6654655788604886)
5.579999999999969 (-9.631479663728282, 1.0, -3.6458213050770913)
5.599999999999969 (-9.686493250430155, 1.0, -3.634942957858198)
5.619999999999968 (-9.749819050057889, 1.0, -3.6329862273518208)
5.639999999999968 (-9.821368311439237, 1.0, -3.639898364034091)
5.659999999999967 (-9.90116330500073, 1.0, -3.6557333513184647)
5.679999999999967 (-9.989391197901952, 1.0, -3.681047714756135)
5.699999999999966 (-10.08675332998658, 1.0, -3.7148411013223903)
5.719999999999966 (-10.194293002719036, 1.0, -3.753711313137072)
5.739999999999966 (-10.309505373983127, 1.0, -3.7930833162606743)
5.759999999999965 (-10.42129994625373, 1.0, -3.828321705582025)
5.779999999999965 (-10.524782306043114, 1.0, -3.858977148108157)
5.799999999999964 (-10.619883839091715, 1.0, -3.88661877469628)
5.819999999999964 (-10.708831292054064, 1.0, -3.9119032070468474)
5.839999999999963 (-10.791756161927143, 1.0, -3.935753899295889)
5.859999999999963 (-10.868118782529365, 1.0, -3.9589426124342264)
5.879999999999963 (-10.937310693036922, 1.0, -3.982138421790544)
5.899999999999962 (-10.998594975540895, 1.0, -4.005990232699859)
5.919999999999962 (-11.051455871914595, 1.0, -4.031182982976453)
5.939999999999961 (-11.095503338723745, 1.0, -4.058230860086545)
5.959999999999961 (-11.13038697921122, 1.0, -4.087661170191066)
5.9799999999999605 (-11.155902073489301, 1.0, -4.1198765197452385)
5.99999999999996 (-11.172118692864787, 1.0, -4.155019471653532)
6.01999999999996 (-11.179466286074351, 1.0, -4.193121028975432)
6.039999999999959 (-11.178283882731186, 1.0, -4.23394034939012)
6.059999999999959 (-11.169143419052638, 1.0, -4.277099866733596)
6.079999999999958 (-11.1526946702094, 1.0, -4.322129174117616)
6.099999999999958 (-11.129702427265006, 1.0, -4.368516713207674)
6.1199999999999575 (-11.101868465134594, 1.0, -4.415875523993829)
6.139999999999957 (-11.071163712967063, 1.0, -4.464604545577085)
6.159999999999957 (-11.04536422150739, 1.0, -4.512284817677683)
6.179999999999956 (-11.035872992591662, 1.0, -4.556524715829476)
6.199999999999956 (-11.044738264218969, 1.0, -4.59850191459802)
6.219999999999955 (-11.07015640832118, 1.0, -4.638203670007507)
6.239999999999955 (-11.105915953381805, 1.0, -4.6769951877287514)
6.2599999999999545 (-11.145342288946063, 1.0, -4.715435168037092)
6.279999999999954 (-11.184764265107638, 1.0, -4.7519836320179385)
6.299999999999954 (-11.222324916408772, 1.0, -4.784859645861612)
6.319999999999953 (-11.256800987331554, 1.0, -4.812819787578249)
6.339999999999953 (-11.28726485158593, 1.0, -4.835213059689287)
6.359999999999952 (-11.313141315285552, 1.0, -4.851715985314314)
6.379999999999952 (-11.334305132274489, 1.0, -4.862091038238457)
6.3999999999999515 (-11.351079612791596, 1.0, -4.86607348642389)
6.419999999999951 (-11.36403667452964, 1.0, -4.863571825343705)
6.439999999999951 (-11.373869382001205, 1.0, -4.854842632617896)
6.45999999999995 (-11.381623348532857, 1.0, -4.84000156571861)
6.47999999999995 (-11.388662803395954, 1.0, -4.818842078733781)
6.499999999999949 (-11.39654036995654, 1.0, -4.791018462065473)
6.519999999999949 (-11.407143797510864, 1.0, -4.75647749895278)
6.5399999999999485 (-11.425099761275792, 1.0, -4.720325362257871)
6.559999999999948 (-11.453726258573539, 1.0, -4.686193387828612)
6.579999999999948 (-11.494201417956376, 1.0, -4.655993847982314)
6.599999999999947 (-11.546836471950721, 1.0, -4.630565687540205)
6.619999999999947 (-11.611568401547212, 1.0, -4.610108773219809)
6.639999999999946 (-11.68824854134609, 1.0, -4.594436316793685)
6.659999999999946 (-11.77703932481426, 1.0, -4.583622427807364)
6.6799999999999455 (-11.878393599537905, 1.0, -4.577666627553743)
6.699999999999945 (-11.992151728694978, 1.0, -4.573559939139134)
6.719999999999945 (-12.117321967683262, 1.0, -4.566778538843973)
6.739999999999944 (-12.245141810951061, 1.0, -4.555197508407511)
6.759999999999944 (-12.36619307143171, 1.0, -4.539906362971868)
6.779999999999943 (-12.47685400229825, 1.0, -4.52376500752751)
6.799999999999943 (-12.580660001193399, 1.0, -4.507261860956652)
6.8199999999999426 (-12.678413609819232, 1.0, -4.491061120872348)
6.839999999999942 (-12.770136321919168, 1.0, -4.476098555014365)
6.859999999999942 (-12.855573395389925, 1.0, -4.462714569919647)
6.879999999999941 (-12.934256760877334, 1.0, -4.45142703712815)
6.899999999999941 (-13.005743638373579, 1.0, -4.4433612490739645)
6.91999999999994 (-13.06965709943836, 1.0, -4.439671240447997)
6.93999999999994 (-13.125699819946057, 1.0, -4.441216874927816)
6.95999999999994 (-13.173657933918408, 1.0, -4.448705690630301)
6.979999999999939 (-13.21339990036631, 1.0, -4.462665209323138)
6.999999999999939 (-13.244887583974451, 1.0, -4.483440533559893)
7.019999999999938 (-13.268192014172625, 1.0, -4.511366747229056)
7.039999999999938 (-13.283762388533736, 1.0, -4.546454069043112)
7.059999999999937 (-13.292025666818413, 1.0, -4.588616689280246)
7.079999999999937 (-13.293492128103088, 1.0, -4.6373653405397155)
7.099999999999937 (-13.288823354682203, 1.0, -4.691239402259997)
7.119999999999936 (-13.2789889425247, 1.0, -4.748194231889728)
7.139999999999936 (-13.265702103188485, 1.0, -4.806715512823754)
7.159999999999935 (-13.253562018050937, 1.0, -4.861900048377527)
7.179999999999935 (-13.252301648206613, 1.0, -4.90365987053832)
7.1999999999999345 (-13.26520731352214, 1.0, -4.933490821703438)
7.219999999999934 (-13.292513900233955, 1.0, -4.9540831337324684)
7.239999999999934 (-13.331939437890512, 1.0, -4.967605769560018)
7.259999999999933 (-13.377027386472786, 1.0, -4.979476687885436)
7.279999999999933 (-13.423169581740273, 1.0, -4.990673325857357)
7.299999999999932 (-13.467388249324562, 1.0, -5.000291893979689)
7.319999999999932 (-13.507802596058355, 1.0, -5.0073746480452375)
7.3399999999999315 (-13.543121609916524, 1.0, -5.011394301825691)
7.359999999999931 (-13.572506635531589, 1.0, -5.012128989793393)
7.379999999999931 (-13.595557478354971, 1.0, -5.009389432125212)
7.39999999999993 (-13.612282558889758, 1.0, -5.0029936005053575)
7.41999999999993 (-13.62305820469406, 1.0, -4.992795236073573)
7.439999999999929 (-13.628583816549177, 1.0, -4.978494555192264)
7.459999999999929 (-13.62981738028314, 1.0, -4.95957710968758)
7.4799999999999285 (-13.627913091913918, 1.0, -4.93534414316262)
7.499999999999928 (-13.624097530429028, 1.0, -4.904867508920566)
7.519999999999928 (-13.619600713898906, 1.0, -4.866991330550892)
7.539999999999927 (-13.618485117402454, 1.0, -4.822700013351648)
7.559999999999927 (-13.62693499727171, 1.0, -4.774820379324886)
7.579999999999926 (-13.64787980372903, 1.0, -4.724979467632657)
7.599999999999926 (-13.682268205342409, 1.0, -4.674110564743431)
7.6199999999999255 (-13.730157182955713, 1.0, -4.6225518201793765)
7.639999999999925 (-13.791259028353632, 1.0, -4.570244348257393)
7.659999999999925 (-13.86559761672459, 1.0, -4.517097997431611)
7.679999999999924 (-13.953480832418272, 1.0, -4.462884079435405)
7.699999999999924 (-14.053541091868732, 1.0, -4.4049742704001655)
7.719999999999923 (-14.163064123918588, 1.0, -4.339671545463821)
7.739999999999923 (-14.270998351533526, 1.0, -4.271543043996931)
7.7599999999999225 (-14.371271488175186, 1.0, -4.204532133718088)
7.779999999999922 (-14.462728535130024, 1.0, -4.1416804148056094)
7.799999999999922 (-14.548438108718905, 1.0, -4.0809784702124)
7.819999999999921 (-14.629201128652317, 1.0, -4.022919684971985)
7.839999999999921 (-14.704939008187063, 1.0, -3.9683815851342588)
7.85999999999992 (-14.77541900201064, 1.0, -3.9178857180779105)
7.87999999999992 (-14.84048158294337, 1.0, -3.8724519895333396)
7.8999999999999195 (-14.900256995572672, 1.0, -3.83335946186297)
7.919999999999919 (-14.954914127581239, 1.0, -3.8018021107648337)
7.939999999999919 (-15.004544531186541, 1.0, -3.778671322968142)
7.959999999999918 (-15.049272638874841, 1.0, -3.764703220813307)
7.979999999999918 (-15.08922696622664, 1.0, -3.7604422123261223)
7.999999999999917 (-15.124559448888704, 1.0, -3.7662629214773)
8.019999999999918 (-15.155603459035829, 1.0, -3.782415854043527)
8.039999999999917 (-15.182794527402333, 1.0, -3.8088189282909077)
8.059999999999917 (-15.20654456159749, 1.0, -3.845389089450821)
8.079999999999917 (-15.227145266604436, 1.0, -3.8912025138417343)
8.099999999999916 (-15.244675221478447, 1.0, -3.9442001664838506)
8.119999999999916 (-15.259899261489997, 1.0, -4.001129596026413)
8.139999999999915 (-15.274022978104826, 1.0, -4.059535067870358)
8.159999999999915 (-15.288694867583297, 1.0, -4.114825336608616)
8.179999999999914 (-15.308653240733422, 1.0, -4.153486489073928)
8.199999999999914 (-15.337371410789595, 1.0, -4.174738211160052)
8.219999999999914 (-15.375673967143863, 1.0, -4.1807034207556155)
8.239999999999913 (-15.421938122260219, 1.0, -4.174790637200212)
8.259999999999913 (-15.472362876688493, 1.0, -4.164593063971445)
8.279999999999912 (-15.522860964499982, 1.0, -4.1529300079163605)
8.299999999999912 (-15.5704395993759, 1.0, -4.140191269482075)
8.319999999999911 (-15.613023588254194, 1.0, -4.12642370907129)
8.339999999999911 (-15.649256248684496, 1.0, -4.11186972673015)
8.35999999999991 (-15.678310810717226, 1.0, -4.096812849006246)
8.37999999999991 (-15.699755664016825, 1.0, -4.08131802064135)
8.39999999999991 (-15.713502575885126, 1.0, -4.065218249106254)
8.41999999999991 (-15.71980667535741, 1.0, -4.048244752671069)
8.439999999999909 (-15.719158140776923, 1.0, -4.0298874305503265)
8.459999999999908 (-15.712156065127012, 1.0, -4.009257291391168)
8.479999999999908 (-15.699417978143606, 1.0, -3.985133829227317)
8.499999999999908 (-15.682054325670169, 1.0, -3.956160234342395)
8.519999999999907 (-15.666178946955462, 1.0, -3.9217414028471205)
8.539999999999907 (-15.656240301756538, 1.0, -3.8812754602018242)
8.559999999999906 (-15.654531847454171, 1.0, -3.8346435056405284)
8.579999999999906 (-15.662214873273854, 1.0, -3.781803329761876)
8.599999999999905 (-15.6797599014322, 1.0, -3.722706905659097)
8.619999999999905 (-15.707292545931127, 1.0, -3.6573108033489525)
8.639999999999905 (-15.744797987651543, 1.0, -3.58552184804921)
8.659999999999904 (-15.792676971778807, 1.0, -3.5071664761813914)
8.679999999999904 (-15.85126350397679, 1.0, -3.421750507518863)
8.699999999999903 (-15.918221789393973, 1.0, -3.3276233377695066)
8.719999999999903 (-15.989551905198855, 1.0, -3.2228646480051832)
8.739999999999903 (-16.058859753640593, 1.0, -3.1118674547068035)
8.759999999999902 (-16.12073249982143, 1.0, -3.003550289510984)
8.779999999999902 (-16.175144257372004, 1.0, -2.902736641535446)
8.799999999999901 (-16.224649710449942, 1.0, -2.808065300159799)
8.8199999999999 (-16.27050912930731, 1.0, -2.718752453431796)
8.8399999999999 (-16.313691799966115, 1.0, -2.635157552960124)
8.8599999999999 (-16.354459337650535, 1.0, -2.5576388042123397)
8.8799999999999 (-16.393004788333645, 1.0, -2.486772862007475)
8.899999999999899 (-16.429944927145563, 1.0, -2.4235798174761944)
8.919999999999899 (-16.466028553005945, 1.0, -2.3689064061346006)
8.939999999999898 (-16.501750614923232, 1.0, -2.323345160911312)
8.959999999999898 (-16.537540046784994, 1.0, -2.2874302917178304)
8.979999999999897 (-16.573751796423238, 1.0, -2.261540423585434)
8.999999999999897 (-16.61066204473159, 1.0, -2.2458160658761623)
9.019999999999897 (-16.6485027348827, 1.0, -2.240239896639976)
9.039999999999896 (-16.687495189016403, 1.0, -2.2443965663055914)
9.059999999999896 (-16.727562239323962, 1.0, -2.2576654448171882)
9.079999999999895 (-16.768694541803082, 1.0, -2.2798112979451797)
9.099999999999895 (-16.810218544106107, 1.0, -2.3098154182015307)
9.119999999999894 (-16.85129777444914, 1.0, -2.345636707684106)
9.139999999999894 (-16.892023595598715, 1.0, -2.384883951830191)
9.159999999999894 (-16.930775670594752, 1.0, -2.4196771193539344)
9.179999999999893 (-16.96627697667571, 1.0, -2.4378959173090826)
9.199999999999893 (-17.00160433620654, 1.0, -2.437569826465541)
9.219999999999892 (-17.0380764260536, 1.0, -2.4202652188669975)
9.239999999999892 (-17.076103684051514, 1.0, -2.390007410307348)
9.259999999999891 (-17.115898740728607, 1.0, -2.354690430048606)
9.279999999999891 (-17.155243973032327, 1.0, -2.318465334533188)
9.29999999999989 (-17.191753745381273, 1.0, -2.282953009630483)
9.31999999999989 (-17.223660460598513, 1.0, -2.2490676154019575)
9.33999999999989 (-17.24988730122551, 1.0, -2.21756421688657)
9.35999999999989 (-17.269833062479965, 1.0, -2.189000239449857)
9.379999999999889 (-17.283150517583344, 1.0, -2.1635804203215154)
9.399999999999888 (-17.28972402281129, 1.0, -2.1411830256750184)
9.419999999999888 (-17.28968686287511, 1.0, -2.121426988791169)
9.439999999999888 (-17.28323453329531, 1.0, -2.1035856082040585)
9.459999999999887 (-17.27051774691811, 1.0, -2.086588893304036)
9.479999999999887 (-17.251622341070863, 1.0, -2.0691014421832743)
9.499999999999886 (-17.226490661716124, 1.0, -2.0496017587655717)
9.519999999999886 (-17.19487291832709, 1.0, -2.026434698818179)
9.539999999999885 (-17.1600569158386, 1.0, -1.9968023263576176)
9.559999999999885 (-17.12778919417188, 1.0, -1.9572910711057196)
9.579999999999885 (-17.100966207962063, 1.0, -1.906478367258427)
9.599999999999884 (-17.080830738711395, 1.0, -1.8441226550849017)
9.619999999999884 (-17.067653459072677, 1.0, -1.7703595554330667)
9.639999999999883 (-17.061214989987658, 1.0, -1.685384130576734)
9.659999999999883 (-17.061352488464998, 1.0, -1.5891341987754903)
9.679999999999882 (-17.06816107647078, 1.0, -1.4812332157415091)
9.699999999999882 (-17.079048914771064, 1.0, -1.3612610988262506)
9.719999999999882 (-17.089507338421726, 1.0, -1.2292773252475528)
9.739999999999881 (-17.097009151246734, 1.0, -1.0970711368399038)
9.75999999999988 (-17.101248542719272, 1.0, -0.9717707393238542)
9.77999999999988 (-17.10379443438093, 1.0, -0.8557789088642853)
9.79999999999988 (-17.10460825471144, 1.0, -0.7454992390727115)
9.81999999999988 (-17.104450470277527, 1.0, -0.640595969365798)
9.839999999999879 (-17.103947870461088, 1.0, -0.5417328281707331)
9.859999999999879 (-17.103553462077425, 1.0, -0.44948155727096184)
9.879999999999878 (-17.104180061010254, 1.0, -0.3645498604223873)
9.899999999999878 (-17.106899265027877, 1.0, -0.2876271778789817)
9.919999999999877 (-17.1126968012475, 1.0, -0.2192690216128987)
9.939999999999877 (-17.12243257925814, 1.0, -0.1599430779933124)
9.959999999999877 (-17.136851736973707, 1.0, -0.11001509960916467)
9.979999999999876 (-17.156560365250957, 1.0, -0.06974208869339947)
9.999999999999876 (-17.182096687028913, 1.0, -0.03926021521528103)
