0.0 (-3.75, 1.0, 0.0)
0.02 (-3.7497170673789353, 1.0, 0.022534184713409983)
0.04 (-3.7526108093985138, 1.0, 0.08837112847760112)
0.06 (-3.771704054468207, 1.0, 0.1902589481374748)
0.08 (-3.8163278599478785, 1.0, 0.30431038070893646)
0.1 (-3.8884978544010522, 1.0, 0.40656051784528824)
0.12000000000000001 (-3.975982242969253, 1.0, 0.4934929986806414)
0.14 (-4.056507623181549, 1.0, 0.5667661164969255)
0.16 (-4.11563124908165, 1.0, 0.6252890612857979)
0.18 (-4.155310483378792, 1.0, 0.6631568626260299)
0.19999999999999998 (-4.18824935979115, 1.0, 0.6708856866040831)
0.21999999999999997 (-4.233929193313276, 1.0, 0.6451983815331301)
0.23999999999999996 (-4.326254304188513, 1.0, 0.596200349438796)
0.25999999999999995 (-4.477815768703276, 1.0, 0.5360228163792099)
0.27999999999999997 (-4.667367879093208, 1.0, 0.46985174739961577)
0.3 (-4.870908145710644, 1.0, 0.40011113021108163)
0.32 (-5.075480368120079, 1.0, 0.3274160629456189)
0.34 (-5.280450487987012, 1.0, 0.25282278780564926)
0.36000000000000004 (-5.489405606482357, 1.0, 0.1805687921484012)
0.38000000000000006 (-5.702275540871903, 1.0, 0.11404527773925471)
0.4000000000000001 (-5.916497519321622, 1.0, 0.05420590848289647)
0.4200000000000001 (-6.130020362007148, 1.0, 0.0010324525249020364)
0.4400000000000001 (-6.341563914199757, 1.0, -0.045459733250644056)
0.46000000000000013 (-6.549550076231627, 1.0, -0.08550813068766935)
0.48000000000000015 (-6.752229675628787, 1.0, -0.12017038299296813)
0.5000000000000001 (-6.948169045297804, 1.0, -0.1507110521856439)
0.5200000000000001 (-7.136149086109417, 1.0, -0.17843161834223698)
0.5400000000000001 (-7.314889766774107, 1.0, -0.2045800279816045)
0.5600000000000002 (-7.482937718672867, 1.0, -0.23032188793563782)
0.5800000000000002 (-7.638817175995135, 1.0, -0.25681645625897975)
0.6000000000000002 (-7.781173089256653, 1.0, -0.2851677300925038)
0.6200000000000002 (-7.908820442348271, 1.0, -0.3163319916274762)
0.6400000000000002 (-8.020728326282146, 1.0, -0.35107799031958603)
0.6600000000000003 (-8.11596519651652, 1.0, -0.3900638529192837)
0.6800000000000003 (-8.19360085614499, 1.0, -0.4339590168849391)
0.7000000000000003 (-8.253063221429363, 1.0, -0.4831202585034524)
0.7200000000000003 (-8.294509820857346, 1.0, -0.5372763092653576)
0.7400000000000003 (-8.318658766309289, 1.0, -0.5955104029972127)
0.7600000000000003 (-8.326384211735654, 1.0, -0.6563393578831529)
0.7800000000000004 (-8.31918397599391, 1.0, -0.7178203129767546)
0.8000000000000004 (-8.30615996434456, 1.0, -0.7756575049116822)
0.8200000000000004 (-8.297175842956735, 1.0, -0.823612175379782)
0.8400000000000004 (-8.293879447119899, 1.0, -0.8585280068208064)
0.8600000000000004 (-8.29543047518936, 1.0, -0.8792289801773028)
0.8800000000000004 (-8.299797425258676, 1.0, -0.8870128065920305)
0.9000000000000005 (-8.30636343849013, 1.0, -0.8840876146910354)
0.9200000000000005 (-8.314982876950658, 1.0, -0.8724777631697022)
0.9400000000000005 (-8.326135159054722, 1.0, -0.8537666051588735)
0.9600000000000005 (-8.34075466076232, 1.0, -0.8293469861312761)
0.9800000000000005 (-8.360130442946389, 1.0, -0.8004710141616055)
1.0000000000000004 (-8.385853078257037, 1.0, -0.7682318875149778)
1.0200000000000005 (-8.419776235157473, 1.0, -0.7335717496709453)
1.0400000000000005 (-8.46374906355707, 1.0, -0.697447621226992)
1.0600000000000005 (-8.519152830078488, 1.0, -0.660625051262947)
1.0800000000000005 (-8.582895243366055, 1.0, -0.6246235066099962)
1.1000000000000005 (-8.651594870817977, 1.0, -0.5933776251165876)
1.1200000000000006 (-8.723813341338541, 1.0, -0.5688425787311573)
1.1400000000000006 (-8.797892290082098, 1.0, -0.5512715007863619)
1.1600000000000006 (-8.871028629320072, 1.0, -0.5385110661131246)
1.1800000000000006 (-8.942148116012715, 1.0, -0.5311825776234597)
1.2000000000000006 (-9.01242361035952, 1.0, -0.5285040543741494)
1.2200000000000006 (-9.081390320070579, 1.0, -0.5263311628896282)
1.2400000000000007 (-9.146952876288518, 1.0, -0.5227456103298028)
1.2600000000000007 (-9.159162721746736, 1.0, -0.5332771813421233)
1.2800000000000007 (-9.140924048529047, 1.0, -0.5522804359898579)
1.3000000000000007 (-9.111973016700793, 1.0, -0.564261056735036)
1.3200000000000007 (-9.070228945574007, 1.0, -0.5707206551399122)
1.3400000000000007 (-9.01710061223488, 1.0, -0.5746755529838177)
1.3600000000000008 (-8.954394598085544, 1.0, -0.5790186419416111)
1.3800000000000008 (-8.884176420840383, 1.0, -0.5864189582939424)
1.4000000000000008 (-8.80868899894769, 1.0, -0.5977091090391479)
1.4200000000000008 (-8.729613513218109, 1.0, -0.6126433921556549)
1.4400000000000008 (-8.648788201097672, 1.0, -0.6310630571285286)
1.4600000000000009 (-8.568074827784951, 1.0, -0.6531698006638751)
1.4800000000000009 (-8.488960375889533, 1.0, -0.678894372887791)
1.5000000000000009 (-8.411132240385216, 1.0, -0.7076501486919662)
1.520000000000001 (-8.33305053973033, 1.0, -0.739769928772776)
1.540000000000001 (-8.252508869463279, 1.0, -0.7759532084981693)
1.560000000000001 (-8.167135073487373, 1.0, -0.8169725265496411)
1.580000000000001 (-8.074747745997021, 1.0, -0.8634895023084512)
1.600000000000001 (-7.973511413648495, 1.0, -0.915956456598889)
1.620000000000001 (-7.86193544440367, 1.0, -0.9745928411994105)
1.640000000000001 (-7.738753196086664, 1.0, -1.0394855367947817)
1.660000000000001 (-7.602720944530788, 1.0, -1.1108140692034676)
1.680000000000001 (-7.453109003702661, 1.0, -1.1883351349385518)
1.700000000000001 (-7.292994739941964, 1.0, -1.2703817167779587)
1.720000000000001 (-7.136544635238562, 1.0, -1.3527174340442552)
1.740000000000001 (-6.9937956122250755, 1.0, -1.4306649220420333)
1.7600000000000011 (-6.863163584606785, 1.0, -1.5009580158385745)
1.7800000000000011 (-6.739013980828743, 1.0, -1.5617639625845405)
1.8000000000000012 (-6.619168377742734, 1.0, -1.6123416251564162)
1.8200000000000012 (-6.504670449779868, 1.0, -1.6521295512957992)
1.8400000000000012 (-6.397260010487749, 1.0, -1.680899678611066)
1.8600000000000012 (-6.298509298106964, 1.0, -1.6988215700979885)
1.8800000000000012 (-6.2095554973097995, 1.0, -1.706438756277149)
1.9000000000000012 (-6.130991455601999, 1.0, -1.704799576592587)
1.9200000000000013 (-6.062297152703934, 1.0, -1.6957808114858166)
1.9400000000000013 (-6.002009999178535, 1.0, -1.6819226059928658)
1.9600000000000013 (-5.9489396243510235, 1.0, -1.6653931378207492)
1.9800000000000013 (-5.9024548742900595, 1.0, -1.6480821768387506)
2.0000000000000013 (-5.862467699017564, 1.0, -1.631669608217706)
2.0200000000000014 (-5.829544480998846, 1.0, -1.6176268334719188)
2.0400000000000014 (-5.804995214138551, 1.0, -1.6071175758789435)
2.0600000000000014 (-5.791099960544002, 1.0, -1.6007415220384325)
2.0800000000000014 (-5.791099521350271, 1.0, -1.5982516485730949)
2.1000000000000014 (-5.808872822437457, 1.0, -1.59802752822756)
2.1200000000000014 (-5.84757385543341, 1.0, -1.5979698754852234)
2.1400000000000015 (-5.908285794480888, 1.0, -1.596921689022036)
2.1600000000000015 (-5.989702117447172, 1.0, -1.5954593526821814)
2.1800000000000015 (-6.0899261969353455, 1.0, -1.5981527143177148)
2.2000000000000015 (-6.208969124731945, 1.0, -1.6086069737542534)
2.2200000000000015 (-6.342521255421418, 1.0, -1.6255308617284585)
2.2400000000000015 (-6.482275544610581, 1.0, -1.6486786668656555)
2.2600000000000016 (-6.6209198047226225, 1.0, -1.6780501250204825)
2.2800000000000016 (-6.7559418798404804, 1.0, -1.7108207089041567)
2.3000000000000016 (-6.886494992299451, 1.0, -1.7432780076564738)
2.3200000000000016 (-7.011835313526339, 1.0, -1.7729478344046856)
2.3400000000000016 (-7.130843722780505, 1.0, -1.798574036870613)
2.3600000000000017 (-7.242540836230116, 1.0, -1.8198137925321056)
2.3800000000000017 (-7.346326174937034, 1.0, -1.836938467713269)
2.4000000000000017 (-7.442047296742359, 1.0, -1.8506341719912378)
2.4200000000000017 (-7.529970338387542, 1.0, -1.8618963672967637)
2.4400000000000017 (-7.610710095579078, 1.0, -1.8719585404508534)
2.4600000000000017 (-7.68514687471301, 1.0, -1.8822245896746286)
2.4800000000000018 (-7.754346652152873, 1.0, -1.8942045544512118)
2.5000000000000018 (-7.819503344141824, 1.0, -1.9094451722456234)
2.520000000000002 (-7.881866489510729, 1.0, -1.9291956427869692)
2.540000000000002 (-7.940660827075694, 1.0, -1.9530980160640434)
2.560000000000002 (-7.992955548491241, 1.0, -1.9823426408825877)
2.580000000000002 (-8.036143116195023, 1.0, -2.01824803063747)
2.600000000000002 (-8.068236643627747, 1.0, -2.0618587175472864)
2.620000000000002 (-8.087935974220361, 1.0, -2.1138191043770136)
2.640000000000002 (-8.094288296233243, 1.0, -2.1747047174878515)
2.660000000000002 (-8.086486958861698, 1.0, -2.245258579061935)
2.680000000000002 (-8.064055874290451, 1.0, -2.3258698768687776)
2.700000000000002 (-8.027259992894683, 1.0, -2.415815711322391)
2.720000000000002 (-7.9769822954738085, 1.0, -2.5132185005455905)
2.740000000000002 (-7.923317386969912, 1.0, -2.611575032603415)
2.760000000000002 (-7.87611958483808, 1.0, -2.702170009831148)
2.780000000000002 (-7.836832482897516, 1.0, -2.7808504484548116)
2.800000000000002 (-7.800243527571535, 1.0, -2.8471573560471826)
2.820000000000002 (-7.762458201047596, 1.0, -2.90240151096988)
2.840000000000002 (-7.722670199914174, 1.0, -2.947277575507838)
2.860000000000002 (-7.681923499022389, 1.0, -2.982008962286994)
2.880000000000002 (-7.641800731838555, 1.0, -3.0070469104102227)
2.900000000000002 (-7.60376616161086, 1.0, -3.023185268244364)
2.920000000000002 (-7.569062573044631, 1.0, -3.031420167831458)
2.940000000000002 (-7.538869966011574, 1.0, -3.0329067093851343)
2.960000000000002 (-7.514459293048388, 1.0, -3.0288328125507746)
2.980000000000002 (-7.4971584190791045, 1.0, -3.020408572933275)
3.000000000000002 (-7.4883605874900026, 1.0, -3.008819941645715)
3.0200000000000022 (-7.489574496240415, 1.0, -2.995165485674878)
3.0400000000000023 (-7.502487002579552, 1.0, -2.9804233976705987)
3.0600000000000023 (-7.528979607020094, 1.0, -2.9652317734905007)
3.0800000000000023 (-7.571108779791679, 1.0, -2.9496973154560515)
3.1000000000000023 (-7.6309207459462325, 1.0, -2.9333479742746897)
3.1200000000000023 (-7.7100771196670665, 1.0, -2.9156204360781706)
3.1400000000000023 (-7.809848166744247, 1.0, -2.89586909058982)
3.1600000000000024 (-7.925242583625471, 1.0, -2.873683739946779)
3.1800000000000024 (-8.04966472816607, 1.0, -2.853841472286517)
3.2000000000000024 (-8.178482370927574, 1.0, -2.83937375498892)
3.2200000000000024 (-8.307770574740392, 1.0, -2.8304385882271337)
3.2400000000000024 (-8.436401224367275, 1.0, -2.8241694614891193)
3.2600000000000025 (-8.562527184180215, 1.0, -2.816808180069568)
3.2800000000000025 (-8.683561333042217, 1.0, -2.806972878324183)
3.3000000000000025 (-8.797301586538344, 1.0, -2.7946828172442566)
3.3200000000000025 (-8.902181681915652, 1.0, -2.7805767474309087)
3.3400000000000025 (-8.99735204249771, 1.0, -2.765587969040613)
3.3600000000000025 (-9.082648428908332, 1.0, -2.750716060343327)
3.3800000000000026 (-9.158520083693217, 1.0, -2.7369332949162657)
3.4000000000000026 (-9.225935149510532, 1.0, -2.725185898337028)
3.4200000000000026 (-9.286254085263698, 1.0, -2.716311977145958)
3.4400000000000026 (-9.34115867815551, 1.0, -2.711071981197115)
3.4600000000000026 (-9.392515359000333, 1.0, -2.7101526188511733)
3.4800000000000026 (-9.442255077885283, 1.0, -2.714162543171955)
3.5000000000000027 (-9.492310691590818, 1.0, -2.723618398889286)
3.5200000000000027 (-9.542630477125272, 1.0, -2.7380670611286706)
3.5400000000000027 (-9.591288820563568, 1.0, -2.758639558000783)
3.5600000000000027 (-9.636452143721243, 1.0, -2.7872039399498965)
3.5800000000000027 (-9.676462045713329, 1.0, -2.8254328338717185)
3.6000000000000028 (-9.710061226824402, 1.0, -2.8747000816426613)
3.6200000000000028 (-9.736348499866846, 1.0, -2.936040865959456)
3.640000000000003 (-9.75464307276712, 1.0, -3.0101673158126245)
3.660000000000003 (-9.764353851689103, 1.0, -3.0975385094280106)
3.680000000000003 (-9.764953967040395, 1.0, -3.1984348801002866)
3.700000000000003 (-9.7558108281422, 1.0, -3.3132015856701296)
3.720000000000003 (-9.736230273279183, 1.0, -3.4418862582875844)
3.740000000000003 (-9.706150895645768, 1.0, -3.583093060275633)
3.760000000000003 (-9.670113633581414, 1.0, -3.729096200162629)
3.780000000000003 (-9.635275789380097, 1.0, -3.8674315191085804)
3.800000000000003 (-9.603601555571622, 1.0, -3.990964376098827)
3.820000000000003 (-9.570446229749107, 1.0, -4.101244500221973)
3.840000000000003 (-9.532745939460153, 1.0, -4.201295661344618)
3.860000000000003 (-9.490191183426704, 1.0, -4.291971169638632)
3.880000000000003 (-9.443901273527466, 1.0, -4.373045384083704)
3.900000000000003 (-9.395416438094408, 1.0, -4.444333246404132)
3.920000000000003 (-9.346383216759719, 1.0, -4.505915033276659)
3.940000000000003 (-9.298458740406492, 1.0, -4.558120985770746)
3.960000000000003 (-9.253293401864042, 1.0, -4.601493826111304)
3.980000000000003 (-9.212565985823165, 1.0, -4.636677223364767)
4.000000000000003 (-9.17799445360643, 1.0, -4.6643362684467276)
4.020000000000002 (-9.15139606607765, 1.0, -4.685054858922967)
4.040000000000002 (-9.134701315143035, 1.0, -4.6992168270739185)
4.060000000000001 (-9.129862921538923, 1.0, -4.706834228832641)
4.080000000000001 (-9.138719867140006, 1.0, -4.707488139640872)
4.1000000000000005 (-9.16284069518024, 1.0, -4.700326769121308)
4.12 (-9.20346137509182, 1.0, -4.684472301999116)
4.14 (-9.261572533820347, 1.0, -4.659203088129499)
4.159999999999999 (-9.336118033929596, 1.0, -4.624374778766445)
4.179999999999999 (-9.421867545043792, 1.0, -4.584320311763589)
4.199999999999998 (-9.515404190349845, 1.0, -4.545503603742425)
4.219999999999998 (-9.613105480583382, 1.0, -4.511125838001196)
4.2399999999999975 (-9.711325728081938, 1.0, -4.481031140116854)
4.259999999999997 (-9.80702644305663, 1.0, -4.453406808231075)
4.279999999999997 (-9.897419154268016, 1.0, -4.426873742182381)
4.299999999999996 (-9.980410072187482, 1.0, -4.401550383097417)
4.319999999999996 (-10.05464686473517, 1.0, -4.378154243241171)
4.339999999999995 (-10.11949633167111, 1.0, -4.357555377826659)
4.359999999999995 (-10.17496212439327, 1.0, -4.340546967990829)
4.379999999999995 (-10.221573647640719, 1.0, -4.327738620730645)
4.399999999999994 (-10.260291157995127, 1.0, -4.319552948185742)
4.419999999999994 (-10.29243575230534, 1.0, -4.316253264916567)
4.439999999999993 (-10.319630007720175, 1.0, -4.318065619246803)
4.459999999999993 (-10.34367474939649, 1.0, -4.325236613979933)
4.479999999999992 (-10.366415776341055, 1.0, -4.338039057944065)
4.499999999999992 (-10.38971775847132, 1.0, -4.35685441698376)
4.519999999999992 (-10.415403835365865, 1.0, -4.382152435772739)
4.539999999999991 (-10.4451989200467, 1.0, -4.4144027314210605)
4.559999999999991 (-10.480703289518406, 1.0, -4.45395290442413)
4.57999999999999 (-10.521116662181472, 1.0, -4.500386561038902)
4.59999999999999 (-10.562787466369505, 1.0, -4.556378562563909)
4.6199999999999894 (-10.602763318909949, 1.0, -4.625635552289178)
4.639999999999989 (-10.6390144686653, 1.0, -4.710624406206047)
4.659999999999989 (-10.670567163154876, 1.0, -4.812986502050923)
4.679999999999988 (-10.696962859369128, 1.0, -4.933003882279479)
4.699999999999988 (-10.717918537404824, 1.0, -5.069060553331793)
4.719999999999987 (-10.735382919119184, 1.0, -5.213616316934992)
4.739999999999987 (-10.753629047627149, 1.0, -5.351399308537784)
4.7599999999999865 (-10.772517287456365, 1.0, -5.474196388440118)
4.779999999999986 (-10.787621385770809, 1.0, -5.5839503676807185)
4.799999999999986 (-10.795686022246478, 1.0, -5.68457953398224)
4.819999999999985 (-10.795691612074043, 1.0, -5.777644929519049)
4.839999999999985 (-10.788093348076782, 1.0, -5.862543199924916)
4.859999999999984 (-10.774075525211959, 1.0, -5.938171517482248)
4.879999999999984 (-10.75510239955842, 1.0, -6.00363472813618)
4.8999999999999835 (-10.732642549413754, 1.0, -6.058464776515329)
4.919999999999983 (-10.708147751766674, 1.0, -6.10268355305996)
4.939999999999983 (-10.68310298806168, 1.0, -6.1369267278841635)
4.959999999999982 (-10.659087137057217, 1.0, -6.162111452771638)
4.979999999999982 (-10.637925729345092, 1.0, -6.179134922141894)
4.999999999999981 (-10.621424279289334, 1.0, -6.188733496487671)
5.019999999999981 (-10.611349278897213, 1.0, -6.191441474209244)
5.0399999999999805 (-10.609421463162363, 1.0, -6.187364058114939)
5.05999999999998 (-10.61727998961807, 1.0, -6.175846129133758)
5.07999999999998 (-10.636359800814589, 1.0, -6.155347978837872)
5.099999999999979 (-10.667683122940606, 1.0, -6.123420780017818)
5.119999999999979 (-10.711628179482325, 1.0, -6.0769408221471375)
5.139999999999978 (-10.767916542912987, 1.0, -6.0134023210390035)
5.159999999999978 (-10.836935460644497, 1.0, -5.933262001406923)
5.1799999999999775 (-10.918257472385243, 1.0, -5.840910314310577)
5.199999999999977 (-11.010100175004839, 1.0, -5.742477711744141)
5.219999999999977 (-11.109748621812786, 1.0, -5.644283844922297)
5.239999999999976 (-11.213405795020433, 1.0, -5.550224766975229)
5.259999999999976 (-11.3180345785928, 1.0, -5.459366294794452)
5.279999999999975 (-11.419471508453151, 1.0, -5.370381745128803)
5.299999999999975 (-11.515253571500155, 1.0, -5.283681877808322)
5.3199999999999745 (-11.603782569579984, 1.0, -5.200265110277541)
5.339999999999974 (-11.684307097733372, 1.0, -5.121247082054833)
5.359999999999974 (-11.756807163791931, 1.0, -5.047586591551125)
5.379999999999973 (-11.821839960542041, 1.0, -4.9799375222953195)
5.399999999999973 (-11.880429901065613, 1.0, -4.918623107963771)
5.419999999999972 (-11.933972018135881, 1.0, -4.863669169101865)
5.439999999999972 (-11.984119405858609, 1.0, -4.814857566585936)
5.4599999999999715 (-12.032702643687388, 1.0, -4.7717913308885676)
5.479999999999971 (-12.081681824020366, 1.0, -4.733972685558344)
5.499999999999971 (-12.133031677164013, 1.0, -4.700817123496403)
5.51999999999997 (-12.18777736427609, 1.0, -4.671656841206429)
5.53999999999997 (-12.244996763348782, 1.0, -4.647701275067156)
5.559999999999969 (-12.304457804150571, 1.0, -4.631911812295543)
5.579999999999969 (-12.366041567042004, 1.0, -4.626989235678715)
5.599999999999969 (-12.429685035770454, 1.0, -4.635012895113876)
5.619999999999968 (-12.495416345306051, 1.0, -4.657452712404878)
5.639999999999968 (-12.563262540468976, 1.0, -4.695312630977184)
5.659999999999967 (-12.633230485371243, 1.0, -4.749330933130407)
5.679999999999967 (-12.705404165157677, 1.0, -4.820271808129988)
5.699999999999966 (-12.779682238090984, 1.0, -4.908646668278863)
5.719999999999966 (-12.855311890985329, 1.0, -5.013794307302932)
5.739999999999966 (-12.930916420580887, 1.0, -5.130612082236947)
5.759999999999965 (-13.004291265709352, 1.0, -5.243708848451919)
5.779999999999965 (-13.071953386168996, 1.0, -5.3443478977289764)
5.799999999999964 (-13.131042759519893, 1.0, -5.434381392833855)
5.819999999999964 (-13.180026018138769, 1.0, -5.51863567586052)
5.839999999999963 (-13.218926693985779, 1.0, -5.5994715753097415)
5.859999999999963 (-13.24822879518911, 1.0, -5.676334698274539)
5.879999999999963 (-13.268801038130576, 1.0, -5.748121922625344)
5.899999999999962 (-13.281784433329069, 1.0, -5.813804792360767)
5.919999999999962 (-13.288519190179573, 1.0, -5.872594842160965)
5.939999999999961 (-13.290536159373042, 1.0, -5.923865160166329)
5.959999999999961 (-13.289470106381577, 1.0, -5.967020720382745)
5.9799999999999605 (-13.287032256223636, 1.0, -6.001524966037986)
5.99999999999996 (-13.284913686414605, 1.0, -6.026678683661553)
6.01999999999996 (-13.284750523182911, 1.0, -6.041676266684117)
6.039999999999959 (-13.288213462768447, 1.0, -6.045520711821354)
6.059999999999959 (-13.296721781798466, 1.0, -6.03688632350191)
6.079999999999958 (-13.311281831539338, 1.0, -6.014111537117428)
6.099999999999958 (-13.332325331473838, 1.0, -5.975255194960253)
6.1199999999999575 (-13.359949800802617, 1.0, -5.918489247082391)
6.139999999999957 (-13.394267309316142, 1.0, -5.84240367570679)
6.159999999999957 (-13.434247421105807, 1.0, -5.747633231506952)
6.179999999999956 (-13.478954857399513, 1.0, -5.640907097946281)
6.199999999999956 (-13.530190075132625, 1.0, -5.529413213005905)
6.219999999999955 (-13.587353679962442, 1.0, -5.418037064050202)
6.239999999999955 (-13.647815885186285, 1.0, -5.308649155991636)
6.2599999999999545 (-13.707866194412391, 1.0, -5.201730652145248)
6.279999999999954 (-13.764418698248928, 1.0, -5.098370274016391)
6.299999999999954 (-13.816029665450605, 1.0, -5.000299759535781)
6.319999999999953 (-13.862249352241458, 1.0, -4.909154444864356)
6.339999999999953 (-13.903300824671241, 1.0, -4.826151839770844)
6.359999999999952 (-13.939846340860406, 1.0, -4.7519697182206535)
6.379999999999952 (-13.972822575465127, 1.0, -4.68673933683089)
6.3999999999999515 (-14.003347173672212, 1.0, -4.630104982819827)
6.419999999999951 (-14.032689493874013, 1.0, -4.581305150355173)
6.439999999999951 (-14.062250682798368, 1.0, -4.539255017314489)
6.45999999999995 (-14.093491694528387, 1.0, -4.502690368329775)
6.47999999999995 (-14.127889937849684, 1.0, -4.4702588777697)
6.499999999999949 (-14.166950954278775, 1.0, -4.440574222052952)
6.519999999999949 (-14.211920159710472, 1.0, -4.412255984817006)
6.5399999999999485 (-14.262028691015601, 1.0, -4.385948664361393)
6.559999999999948 (-14.317934631767775, 1.0, -4.364777396256791)
6.579999999999948 (-14.380714605387453, 1.0, -4.351704629585755)
6.599999999999947 (-14.451185931797287, 1.0, -4.349049691069977)
6.619999999999947 (-14.52998797306118, 1.0, -4.358380336860253)
6.639999999999946 (-14.617572965633247, 1.0, -4.380693565624068)
6.659999999999946 (-14.714360986378852, 1.0, -4.416651520483271)
6.6799999999999455 (-14.820909873986317, 1.0, -4.466928603741377)
6.699999999999945 (-14.93694798434589, 1.0, -4.53165721555651)
6.719999999999945 (-15.060886895755544, 1.0, -4.609942510543507)
6.739999999999944 (-15.18685349786727, 1.0, -4.692992031788545)
6.759999999999944 (-15.305994791912633, 1.0, -4.76918034635021)
6.779999999999943 (-15.413042091081216, 1.0, -4.835201591077012)
6.799999999999943 (-15.507568453776619, 1.0, -4.8971722205979695)
6.8199999999999426 (-15.590944936646059, 1.0, -4.959446231710011)
6.839999999999942 (-15.66352412241957, 1.0, -5.022617894873739)
6.859999999999942 (-15.725305164148606, 1.0, -5.0855281359784055)
6.879999999999941 (-15.776501120163159, 1.0, -5.146588347142559)
6.899999999999941 (-15.817750366011763, 1.0, -5.204422932222105)
6.91999999999994 (-15.850012477268224, 1.0, -5.25793179371149)
6.93999999999994 (-15.874418256376101, 1.0, -5.306043516443805)
6.95999999999994 (-15.892275805776906, 1.0, -5.347703177981981)
6.979999999999939 (-15.90500693032038, 1.0, -5.381835049316715)
6.999999999999939 (-15.914081682491787, 1.0, -5.407259569371505)
7.019999999999938 (-15.920851694475283, 1.0, -5.4227158736366885)
7.039999999999938 (-15.926387455844642, 1.0, -5.426828316)
7.059999999999937 (-15.93139225463059, 1.0, -5.418041090616602)
7.079999999999937 (-15.93601515096486, 1.0, -5.394563573229111)
7.099999999999937 (-15.939701333331953, 1.0, -5.354351611015693)
7.119999999999936 (-15.941532952529869, 1.0, -5.295379842884677)
7.139999999999936 (-15.94078739393065, 1.0, -5.216025966966328)
7.159999999999935 (-15.936911658549123, 1.0, -5.115833475082668)
7.179999999999935 (-15.930919839308189, 1.0, -4.999193182654599)
7.1999999999999345 (-15.927138488073467, 1.0, -4.87236977255606)
7.219999999999934 (-15.928504638444108, 1.0, -4.741096066546224)
7.239999999999934 (-15.93482714980375, 1.0, -4.610235056966497)
7.259999999999933 (-15.943604794626145, 1.0, -4.481649718263452)
7.279999999999933 (-15.951602276967357, 1.0, -4.35752785250154)
7.299999999999932 (-15.957793726337787, 1.0, -4.2399251324401295)
7.319999999999932 (-15.962090799075009, 1.0, -4.130552775006661)
7.3399999999999315 (-15.964956131592501, 1.0, -4.030537831234157)
7.359999999999931 (-15.967133292509304, 1.0, -3.940360831893048)
7.379999999999931 (-15.969457630045929, 1.0, -3.8598947202596476)
7.39999999999993 (-15.97278923265547, 1.0, -3.7884772476423207)
7.41999999999993 (-15.97800092669423, 1.0, -3.7250042652665076)
7.439999999999929 (-15.985949377964909, 1.0, -3.66804172975294)
7.459999999999929 (-15.997491150877114, 1.0, -3.615940244612145)
7.4799999999999285 (-16.013519386298192, 1.0, -3.56693238572496)
7.499999999999928 (-16.03492005268478, 1.0, -3.5192125463547623)
7.519999999999928 (-16.06250752651941, 1.0, -3.470981410818268)
7.539999999999927 (-16.09612926673557, 1.0, -3.4216474721032015)
7.559999999999927 (-16.136578486366687, 1.0, -3.373609740391203)
7.579999999999926 (-16.186228871259512, 1.0, -3.329544730689565)
7.599999999999926 (-16.24702462317662, 1.0, -3.291638171643067)
7.6199999999999255 (-16.320307428656523, 1.0, -3.2613677466644537)
7.639999999999925 (-16.406937965888513, 1.0, -3.2396181425649866)
7.659999999999925 (-16.507550627552153, 1.0, -3.2268795985046017)
7.679999999999924 (-16.622874630473486, 1.0, -3.223524737245045)
7.699999999999924 (-16.75264160955073, 1.0, -3.229760864725786)
7.719999999999923 (-16.894932627481957, 1.0, -3.245377103743493)
7.739999999999923 (-17.03851374258571, 1.0, -3.2623812272144215)
7.7599999999999225 (-17.171345645300974, 1.0, -3.2749637243218808)
7.779999999999922 (-17.289820592772067, 1.0, -3.284176380551377)
7.799999999999922 (-17.396189865616755, 1.0, -3.2957501342424274)
7.819999999999921 (-17.49334284344743, 1.0, -3.3126842117348456)
7.839999999999921 (-17.581192837903547, 1.0, -3.3347301094785875)
7.85999999999992 (-17.65908102106789, 1.0, -3.3606052959091635)
7.87999999999992 (-17.726639582014926, 1.0, -3.388831780498022)
7.8999999999999195 (-17.78399959148616, 1.0, -3.4180352224384967)
7.919999999999919 (-17.831676492369336, 1.0, -3.4469004723330654)
7.939999999999919 (-17.87029026917688, 1.0, -3.4740142219555477)
7.959999999999918 (-17.900643613540353, 1.0, -3.4978926268496813)
7.979999999999918 (-17.923638004681024, 1.0, -3.5169604069248988)
7.999999999999917 (-17.940168987228535, 1.0, -3.529509586893236)
8.019999999999918 (-17.950960776912655, 1.0, -3.5338313617119432)
8.039999999999917 (-17.956392095920375, 1.0, -3.5282025177174186)
8.059999999999917 (-17.956419436096958, 1.0, -3.5108816765417235)
8.079999999999917 (-17.950233577544598, 1.0, -3.480135390168042)
8.099999999999916 (-17.93605210216714, 1.0, -3.4343492902865815)
8.119999999999916 (-17.91146330243381, 1.0, -3.3723384438088915)
8.139999999999915 (-17.875546096470504, 1.0, -3.2931481949436954)
8.159999999999915 (-17.828080700023992, 1.0, -3.196157616486449)
8.179999999999914 (-17.77161491354132, 1.0, -3.085248608781392)
8.199999999999914 (-17.712817733655147, 1.0, -2.964231984290226)
8.219999999999914 (-17.656535777529534, 1.0, -2.836943214026155)
8.239999999999913 (-17.604307065416084, 1.0, -2.7076534716144387)
8.259999999999913 (-17.554528111412104, 1.0, -2.579205510853781)
8.279999999999912 (-17.505196268650156, 1.0, -2.4548858830062534)
8.299999999999912 (-17.456321186333106, 1.0, -2.3371789826161447)
8.319999999999911 (-17.40871934212665, 1.0, -2.2277414916579836)
8.339999999999911 (-17.363446455476126, 1.0, -2.1274112420592015)
8.35999999999991 (-17.321498588426433, 1.0, -2.0362884149638036)
8.37999999999991 (-17.28365753158151, 1.0, -1.9538585801632864)
8.39999999999991 (-17.250454777577243, 1.0, -1.8790952394954281)
8.41999999999991 (-17.22219565532722, 1.0, -1.8105492139361157)
8.439999999999909 (-17.198985115257813, 1.0, -1.7464698964611476)
8.459999999999908 (-17.180772157705036, 1.0, -1.6849082413496344)
8.479999999999908 (-17.167405471919473, 1.0, -1.6238061257207304)
8.499999999999908 (-17.15854193128956, 1.0, -1.5612327938011825)
8.519999999999907 (-17.154128619552232, 1.0, -1.4976242629358405)
8.539999999999907 (-17.156474620683333, 1.0, -1.4336591761590254)
8.559999999999906 (-17.168114056136663, 1.0, -1.3697244430715183)
8.579999999999906 (-17.191191168088437, 1.0, -1.3061639250943107)
8.599999999999905 (-17.227390983835345, 1.0, -1.243151312036303)
8.619999999999905 (-17.277969920172758, 1.0, -1.1807613205542757)
8.639999999999905 (-17.343858563737815, 1.0, -1.1190605292289066)
8.659999999999904 (-17.42588969825774, 1.0, -1.058051693593576)
8.679999999999904 (-17.525034475558527, 1.0, -0.9976586168710088)
8.699999999999903 (-17.641335713765482, 1.0, -0.9381416479068811)
8.719999999999903 (-17.773328496503748, 1.0, -0.8802301192045848)
8.739999999999903 (-17.912183504542664, 1.0, -0.8237310956505488)
8.759999999999902 (-18.042818611004744, 1.0, -0.7685818628007943)
8.779999999999902 (-18.158312717818273, 1.0, -0.716891526794435)
8.799999999999901 (-18.262398056608742, 1.0, -0.6724306295707735)
8.8199999999999 (-18.359571584024405, 1.0, -0.6370329042085158)
8.8399999999999 (-18.451211031823103, 1.0, -0.6108922004606717)
8.8599999999999 (-18.536596670275337, 1.0, -0.5933517337661164)
8.8799999999999 (-18.614624730654047, 1.0, -0.5832800208481824)
8.899999999999899 (-18.68450493779914, 1.0, -0.5793278250145328)
8.919999999999899 (-18.745874725911275, 1.0, -0.580059633726571)
8.939999999999898 (-18.798521089116747, 1.0, -0.5839040619340113)
8.959999999999898 (-18.84225029635191, 1.0, -0.5891789368217881)
8.979999999999897 (-18.876932968998158, 1.0, -0.5941210431052661)
8.999999999999897 (-18.902386859898474, 1.0, -0.5969239364820179)
9.019999999999897 (-18.918289438747525, 1.0, -0.5957621161072402)
9.039999999999896 (-18.92407043866033, 1.0, -0.5889638777556799)
9.059999999999896 (-18.918848871687672, 1.0, -0.5749594915107755)
9.079999999999895 (-18.901396934158434, 1.0, -0.5523759003359713)
9.099999999999895 (-18.869786966129052, 1.0, -0.5203683508031326)
9.119999999999894 (-18.821740871985757, 1.0, -0.4786323693505159)
9.139999999999894 (-18.755599718588467, 1.0, -0.4269176055184604)
9.159999999999894 (-18.67100277491146, 1.0, -0.3655672742293212)
9.179999999999893 (-18.572766604298405, 1.0, -0.29655836596230356)
9.199999999999893 (-18.468829705015143, 1.0, -0.21994947873178025)
9.219999999999892 (-18.364983063282843, 1.0, -0.13683241164678794)
9.239999999999892 (-18.264189366318806, 1.0, -0.05031415555682607)
9.259999999999891 (-18.166497318045252, 1.0, 0.03628875292352871)
9.279999999999891 (-18.071857626861785, 1.0, 0.11942712480718698)
9.29999999999989 (-17.981426301128284, 1.0, 0.19708178977334012)
9.31999999999989 (-17.896618768123805, 1.0, 0.2682814488616457)
9.33999999999989 (-17.818658526831253, 1.0, 0.3328361311591485)
9.35999999999989 (-17.74837571202488, 1.0, 0.39113403768307586)
9.379999999999889 (-17.686143961221216, 1.0, 0.44397245055442486)
9.399999999999888 (-17.631906708382463, 1.0, 0.4924656216723407)
9.419999999999888 (-17.58524850912425, 1.0, 0.5379831574914608)
9.439999999999888 (-17.545467683233987, 1.0, 0.582061831992671)
9.459999999999887 (-17.51169176396503, 1.0, 0.626354358368388)
9.479999999999887 (-17.482970450707406, 1.0, 0.6725989201591398)
9.499999999999886 (-17.458317867282002, 1.0, 0.7225476740155403)
9.519999999999886 (-17.436712018868707, 1.0, 0.7778875118281531)
9.539999999999885 (-17.417604485550655, 1.0, 0.8387528527992628)
9.559999999999885 (-17.403485579162012, 1.0, 0.9044438037836086)
9.579999999999885 (-17.397866881924642, 1.0, 0.9753845830451574)
9.599999999999884 (-17.4036105555698, 1.0, 1.0519204954592527)
9.619999999999884 (-17.422664215677067, 1.0, 1.1343156049237921)
9.639999999999883 (-17.45622572489021, 1.0, 1.2227744018369127)
9.659999999999883 (-17.50503974548943, 1.0, 1.317512561009928)
9.679999999999882 (-17.569801926748987, 1.0, 1.4188905262379303)
9.699999999999882 (-17.650633837880196, 1.0, 1.5266545658471593)
9.719999999999882 (-17.746356251545336, 1.0, 1.639437110245776)
9.739999999999881 (-17.843841176846535, 1.0, 1.75257208402243)
9.75999999999988 (-17.931479636901678, 1.0, 1.8595024561912747)
9.77999999999988 (-18.00831035968862, 1.0, 1.9567003472459639)
9.79999999999988 (-18.080265284960646, 1.0, 2.042764832880089)
9.81999999999988 (-18.151308659245963, 1.0, 2.1182792801051344)
9.839999999999879 (-18.221073835013264, 1.0, 2.183276984500781)
9.859999999999879 (-18.288117027824455, 1.0, 2.2379158776473034)
9.879999999999878 (-18.351110834840313, 1.0, 2.2827368042341845)
9.899999999999878 (-18.409030326079904, 1.0, 2.3185939359222716)
9.919999999999877 (-18.461010866813666, 1.0, 2.3465641055922535)
9.939999999999877 (-18.50627732446896, 1.0, 2.367966226319255)
9.959999999999877 (-18.54411414531137, 1.0, 2.3843285196925477)
9.979999999999876 (-18.573767428051205, 1.0, 2.397339131863253)
9.999999999999876 (-18.59440104607283, 1.0, 2.408743596310934)
