0.0 (-0.75, 1.0, 0.0)
0.02 (-0.7531283344214718, 1.0, -0.0578064600177117)
0.04 (-0.7795911045861611, 1.0, -0.1767299403160191)
0.06 (-0.8553455242689303, 1.0, -0.3412078842419446)
0.08 (-1.001893657075314, 1.0, -0.5361033958942677)
0.1 (-1.221790912498996, 1.0, -0.7442162181420013)
0.12000000000000001 (-1.5029176072215154, 1.0, -0.9595528398911501)
0.14 (-1.8273486287899385, 1.0, -1.1802851189318284)
0.16 (-2.1864622066775796, 1.0, -1.4029361059029726)
0.18 (-2.583263612726787, 1.0, -1.6175032516883496)
0.19999999999999998 (-3.0169273991998984, 1.0, -1.8085099366693504)
0.21999999999999997 (-3.483922677894325, 1.0, -1.9678256981353375)
0.23999999999999996 (-3.9814596944684078, 1.0, -2.08074490032163)
0.25999999999999995 (-4.498891703150522, 1.0, -2.1436120984170604)
0.27999999999999997 (-5.020844886109351, 1.0, -2.168868026836127)
0.3 (-5.5290623476058745, 1.0, -2.1659782910590053)
0.32 (-6.005038441162012, 1.0, -2.1425686088703584)
0.34 (-6.43922944444821, 1.0, -2.111124818306262)
0.36000000000000004 (-6.8306528312812125, 1.0, -2.08364025011223)
0.38000000000000006 (-7.181920006315535, 1.0, -2.067610703857441)
0.4000000000000001 (-7.496502030387338, 1.0, -2.0678154660903965)
0.4200000000000001 (-7.777277111620622, 1.0, -2.087148858429315)
0.4400000000000001 (-8.026959828640836, 1.0, -2.1263841524082387)
0.46000000000000013 (-8.248508327850622, 1.0, -2.183371962283849)
0.48000000000000015 (-8.444110663526105, 1.0, -2.254637823206939)
0.5000000000000001 (-8.615346695906075, 1.0, -2.3367607881266217)
0.5200000000000001 (-8.763555298886097, 1.0, -2.426539428002143)
0.5400000000000001 (-8.890281448255447, 1.0, -2.520836668944619)
0.5600000000000002 (-8.99726462967271, 1.0, -2.616646400153365)
0.5800000000000002 (-9.08627908887445, 1.0, -2.711610971891393)
0.6000000000000002 (-9.159087782259391, 1.0, -2.80425271906544)
0.6200000000000002 (-9.217414041886832, 1.0, -2.8938048728427876)
0.6400000000000002 (-9.26292314067697, 1.0, -2.9799809275175693)
0.6600000000000003 (-9.297234832791496, 1.0, -3.062839946062909)
0.6800000000000003 (-9.321955564891672, 1.0, -3.1427584872799903)
0.7000000000000003 (-9.338183580236164, 1.0, -3.2203172204409656)
0.7200000000000003 (-9.346185792961304, 1.0, -3.2960543524027393)
0.7400000000000003 (-9.345623941455576, 1.0, -3.370152966894491)
0.7600000000000003 (-9.33594495950865, 1.0, -3.442186516487352)
0.7800000000000004 (-9.316120282689528, 1.0, -3.5113829570595927)
0.8000000000000004 (-9.287483448205373, 1.0, -3.576594379267978)
0.8200000000000004 (-9.257717696195018, 1.0, -3.6330490346233106)
0.8400000000000004 (-9.238782793003306, 1.0, -3.6736709402012195)
0.8600000000000004 (-9.241418052690861, 1.0, -3.6931454054702813)
0.8800000000000004 (-9.270807111716357, 1.0, -3.689571014031142)
0.9000000000000005 (-9.32810278233729, 1.0, -3.664007485653259)
0.9200000000000005 (-9.412815332055235, 1.0, -3.6168338225280205)
0.9400000000000005 (-9.523750662279006, 1.0, -3.5475486915732906)
0.9600000000000005 (-9.659156271561413, 1.0, -3.455143422128912)
0.9800000000000005 (-9.816795908940334, 1.0, -3.3383694254642085)
1.0000000000000004 (-9.994000528990462, 1.0, -3.1959349442620555)
1.0200000000000005 (-10.187736842030274, 1.0, -3.026737231289427)
1.0400000000000005 (-10.394843552510755, 1.0, -2.8299977335680926)
1.0600000000000005 (-10.612212823669589, 1.0, -2.6047671140908393)
1.0800000000000005 (-10.833521745620196, 1.0, -2.3488518974237285)
1.1000000000000005 (-11.046913568476302, 1.0, -2.0652193082411987)
1.1200000000000006 (-11.240426918342452, 1.0, -1.762905850596939)
1.1400000000000006 (-11.40432997615262, 1.0, -1.453879594362663)
1.1600000000000006 (-11.533002260551896, 1.0, -1.1489196422705694)
1.1800000000000006 (-11.625859293826137, 1.0, -0.8579290437646019)
1.2000000000000006 (-11.688486295945323, 1.0, -0.5929225399107046)
1.2200000000000006 (-11.728875909738818, 1.0, -0.3616510045934353)
1.2400000000000007 (-11.754649243459196, 1.0, -0.1669646528893123)
1.2600000000000007 (-11.73881812986717, 1.0, -0.1192431376491948)
1.2800000000000007 (-11.71898321428635, 1.0, -0.14213096194714042)
1.3000000000000007 (-11.6883195804276, 1.0, -0.18628164641407322)
1.3200000000000007 (-11.652794425301288, 1.0, -0.2519411195190452)
1.3400000000000007 (-11.611398545514987, 1.0, -0.3407936690709725)
1.3600000000000008 (-11.562992028105198, 1.0, -0.45511843691836873)
1.3800000000000008 (-11.50609761375518, 1.0, -0.5980061227826948)
1.4000000000000008 (-11.439116817732417, 1.0, -0.7716702985479943)
1.4200000000000008 (-11.358831068561809, 1.0, -0.9756905558414084)
1.4400000000000008 (-11.260951869525558, 1.0, -1.208537577322704)
1.4600000000000009 (-11.140891385631456, 1.0, -1.4677947603093675)
1.4800000000000009 (-10.994483121847622, 1.0, -1.748628056602997)
1.5000000000000009 (-10.818407621461724, 1.0, -2.0410362243451234)
1.520000000000001 (-10.610855870289495, 1.0, -2.3334246183134755)
1.540000000000001 (-10.372680889348667, 1.0, -2.6160088576340286)
1.560000000000001 (-10.106707610823937, 1.0, -2.8819863551258544)
1.580000000000001 (-9.816753711192169, 1.0, -3.1275753256408665)
1.600000000000001 (-9.506820610264784, 1.0, -3.3513962198448297)
1.620000000000001 (-9.180618729483385, 1.0, -3.553668547496343)
1.640000000000001 (-8.841416462772806, 1.0, -3.7355728543318767)
1.660000000000001 (-8.492021834834874, 1.0, -3.8990248806192533)
1.680000000000001 (-8.134169083800364, 1.0, -4.046357785815674)
1.700000000000001 (-7.76851595426413, 1.0, -4.179330608904949)
1.720000000000001 (-7.399940307627834, 1.0, -4.297204245111202)
1.740000000000001 (-7.042532299273112, 1.0, -4.394413459435132)
1.7600000000000011 (-6.713109575774988, 1.0, -4.467333901483125)
1.7800000000000011 (-6.421688826411556, 1.0, -4.518667933241275)
1.8000000000000012 (-6.170455710154197, 1.0, -4.554101798024691)
1.8200000000000012 (-5.958656655414864, 1.0, -4.577981243375387)
1.8400000000000012 (-5.785126240304747, 1.0, -4.592918330669163)
1.8600000000000012 (-5.64889683602632, 1.0, -4.600655664175066)
1.8800000000000012 (-5.5493232908550185, 1.0, -4.6024157795470755)
1.9000000000000012 (-5.485825380310704, 1.0, -4.599112054033689)
1.9200000000000013 (-5.457670445372423, 1.0, -4.591930882845315)
1.9400000000000013 (-5.463711278169695, 1.0, -4.582398138451165)
1.9600000000000013 (-5.503048186000417, 1.0, -4.570940875440612)
1.9800000000000013 (-5.574905046103124, 1.0, -4.556792067837134)
2.0000000000000013 (-5.678442909098864, 1.0, -4.538366200051282)
2.0200000000000014 (-5.812624279921932, 1.0, -4.513406009413475)
2.0400000000000014 (-5.976090319980493, 1.0, -4.479144358602544)
2.0600000000000014 (-6.167032739992094, 1.0, -4.432475850994573)
2.0800000000000014 (-6.3831792802137945, 1.0, -4.37020881275338)
2.1000000000000014 (-6.622093889571464, 1.0, -4.2891896434621435)
2.1200000000000014 (-6.881467574354386, 1.0, -4.186515699390612)
2.1400000000000015 (-7.159224200907007, 1.0, -4.060838104992622)
2.1600000000000015 (-7.453785095027508, 1.0, -3.911103159275033)
2.1800000000000015 (-7.759125548537447, 1.0, -3.7399695206402708)
2.2000000000000015 (-8.066667569224979, 1.0, -3.5563174008327936)
2.2200000000000015 (-8.366221937268733, 1.0, -3.367147297724172)
2.2400000000000015 (-8.645945370269905, 1.0, -3.1788669147868083)
2.2600000000000016 (-8.896328704879336, 1.0, -3.001593197756926)
2.2800000000000016 (-9.115613865617924, 1.0, -2.8447556300210266)
2.3000000000000016 (-9.307188582216705, 1.0, -2.713801340962742)
2.3200000000000016 (-9.475809123741302, 1.0, -2.6123314520298564)
2.3400000000000016 (-9.62549654987312, 1.0, -2.542251918012526)
2.3600000000000017 (-9.759303096933637, 1.0, -2.5044336639508744)
2.3800000000000017 (-9.87918428353142, 1.0, -2.499060790853625)
2.4000000000000017 (-9.985976667071375, 1.0, -2.525798975944653)
2.4200000000000017 (-10.079490649116003, 1.0, -2.5838855561003675)
2.4400000000000017 (-10.158684774642483, 1.0, -2.6721829565359285)
2.4600000000000017 (-10.221886336594824, 1.0, -2.7892192068895065)
2.4800000000000018 (-10.267020084863136, 1.0, -2.933226895191767)
2.5000000000000018 (-10.291808511865696, 1.0, -3.102187541826407)
2.520000000000002 (-10.294147900520729, 1.0, -3.2934680590140446)
2.540000000000002 (-10.273686901566201, 1.0, -3.498894233308245)
2.560000000000002 (-10.230400788463871, 1.0, -3.7074693428573147)
2.580000000000002 (-10.165863769015324, 1.0, -3.912096025377364)
2.600000000000002 (-10.082501360793692, 1.0, -4.109384079129584)
2.620000000000002 (-9.982810858182013, 1.0, -4.298360910513632)
2.640000000000002 (-9.86914795626612, 1.0, -4.479281078420206)
2.660000000000002 (-9.743738317516904, 1.0, -4.653273519099676)
2.680000000000002 (-9.608194028483663, 1.0, -4.822012669402455)
2.700000000000002 (-9.462923001507603, 1.0, -4.987104421904514)
2.720000000000002 (-9.30733421107434, 1.0, -5.149348273164186)
2.740000000000002 (-9.142844371677207, 1.0, -5.307982524882974)
2.760000000000002 (-8.978282492555094, 1.0, -5.455163452296885)
2.780000000000002 (-8.827287793584532, 1.0, -5.581036702075027)
2.800000000000002 (-8.701690400371536, 1.0, -5.680324619470941)
2.820000000000002 (-8.607045320115297, 1.0, -5.754159030527262)
2.840000000000002 (-8.544649347082414, 1.0, -5.805305846194998)
2.860000000000002 (-8.513736800485601, 1.0, -5.835461501960346)
2.880000000000002 (-8.512830319651215, 1.0, -5.8455012982354555)
2.900000000000002 (-8.540467799281611, 1.0, -5.835731740791461)
2.920000000000002 (-8.595240784167263, 1.0, -5.805804480747555)
2.940000000000002 (-8.675602088198177, 1.0, -5.754980151341444)
2.960000000000002 (-8.779733250063837, 1.0, -5.682281184580266)
2.980000000000002 (-8.905567556707735, 1.0, -5.58664761867035)
3.000000000000002 (-9.050775526900459, 1.0, -5.467055399462535)
3.0200000000000022 (-9.212721165674926, 1.0, -5.322663134371545)
3.0400000000000023 (-9.388408506346195, 1.0, -5.1530407445413156)
3.0600000000000023 (-9.574613074890514, 1.0, -4.958270600156454)
3.0800000000000023 (-9.768012065938656, 1.0, -4.738969023890156)
3.1000000000000023 (-9.965426879244262, 1.0, -4.496246000833891)
3.1200000000000023 (-10.16408952064617, 1.0, -4.2315736086475955)
3.1400000000000023 (-10.361602064454878, 1.0, -3.9465814803605586)
3.1600000000000024 (-10.55031175544784, 1.0, -3.64401288651612)
3.1800000000000024 (-10.71850978623416, 1.0, -3.332587060451171)
3.2000000000000024 (-10.859018735176285, 1.0, -3.027088142479723)
3.2200000000000024 (-10.969939875711143, 1.0, -2.7432596991552423)
3.2400000000000024 (-11.057083053513292, 1.0, -2.4919021292123986)
3.2600000000000025 (-11.130033293383232, 1.0, -2.2778920171388104)
3.2800000000000025 (-11.196403216802215, 1.0, -2.1021875295030705)
3.3000000000000025 (-11.262164362296938, 1.0, -1.9642512463146402)
3.3200000000000025 (-11.331862587379101, 1.0, -1.863013746391822)
3.3400000000000025 (-11.408539685190554, 1.0, -1.7972945974579775)
3.3600000000000025 (-11.493757045053476, 1.0, -1.76606873974044)
3.3800000000000026 (-11.587714692794668, 1.0, -1.7685843712550449)
3.4000000000000026 (-11.689412591634527, 1.0, -1.8043441367215856)
3.4200000000000026 (-11.796894076283724, 1.0, -1.873062705176878)
3.4400000000000026 (-11.907527739823408, 1.0, -1.9745272908962324)
3.4600000000000026 (-12.018231783284419, 1.0, -2.1084971351944124)
3.4800000000000026 (-12.125615630073954, 1.0, -2.274599833585818)
3.5000000000000027 (-12.226132083362854, 1.0, -2.4721159356455225)
3.5200000000000027 (-12.315269414776413, 1.0, -2.6960033559498)
3.5400000000000027 (-12.386407419177749, 1.0, -2.9370722839620345)
3.5600000000000027 (-12.435411858069976, 1.0, -3.1871933382795357)
3.5800000000000027 (-12.46126152926245, 1.0, -3.4405481125659354)
3.6000000000000028 (-12.464927961542632, 1.0, -3.693522467371336)
3.6200000000000028 (-12.4484446401925, 1.0, -3.944194439212407)
3.640000000000003 (-12.414226574976071, 1.0, -4.191727504256386)
3.660000000000003 (-12.364683870661759, 1.0, -4.435891715608336)
3.680000000000003 (-12.302081837301692, 1.0, -4.676830012984346)
3.700000000000003 (-12.22868295673068, 1.0, -4.91465434052258)
3.720000000000003 (-12.146263803047953, 1.0, -5.149767905017336)
3.740000000000003 (-12.055363124513686, 1.0, -5.3833435803565735)
3.760000000000003 (-11.956765206927026, 1.0, -5.615367624850971)
3.780000000000003 (-11.854193875584267, 1.0, -5.8389227634807535)
3.800000000000003 (-11.754977852598538, 1.0, -6.0405606669878935)
3.820000000000003 (-11.667114512033699, 1.0, -6.209074328805263)
3.840000000000003 (-11.595684093853551, 1.0, -6.3419794518285055)
3.860000000000003 (-11.542640298935492, 1.0, -6.440578435589168)
3.880000000000003 (-11.5079205405995, 1.0, -6.506377707690245)
3.900000000000003 (-11.49068113263155, 1.0, -6.540514483589241)
3.920000000000003 (-11.489733523606965, 1.0, -6.543765373467438)
3.940000000000003 (-11.503636092521827, 1.0, -6.51658973731931)
3.960000000000003 (-11.530743127854024, 1.0, -6.459284599431356)
3.980000000000003 (-11.56918029014502, 1.0, -6.372128637892431)
4.000000000000003 (-11.616878796377579, 1.0, -6.255502429577305)
4.020000000000002 (-11.6715380042621, 1.0, -6.110085887843982)
4.040000000000002 (-11.730733938888147, 1.0, -5.937042918620011)
4.060000000000001 (-11.792069416484221, 1.0, -5.737970423924113)
4.080000000000001 (-11.85332849463964, 1.0, -5.514758357537287)
4.1000000000000005 (-11.912575719127618, 1.0, -5.2693811477651)
4.12 (-11.968162630041595, 1.0, -5.003926879456585)
4.14 (-12.01882210639798, 1.0, -4.7207238951390575)
4.159999999999999 (-12.062072939910099, 1.0, -4.423549551191926)
4.179999999999999 (-12.091586985266321, 1.0, -4.121505758269374)
4.199999999999998 (-12.103668372100366, 1.0, -3.8287819059038077)
4.219999999999998 (-12.10029770989652, 1.0, -3.560690125864846)
4.2399999999999975 (-12.087680169097696, 1.0, -3.327548678627437)
4.259999999999997 (-12.073737484816304, 1.0, -3.13249431973929)
4.279999999999997 (-12.065967154089712, 1.0, -2.9745811237457414)
4.299999999999996 (-12.069558790702827, 1.0, -2.8518033471084423)
4.319999999999996 (-12.088087153809175, 1.0, -2.7619915562514437)
4.339999999999995 (-12.123728511944599, 1.0, -2.7032923726963496)
4.359999999999995 (-12.177365533788274, 1.0, -2.6744101272421283)
4.379999999999995 (-12.248713009202369, 1.0, -2.674683950834043)
4.399999999999994 (-12.336460493961225, 1.0, -2.7040295757245247)
4.419999999999994 (-12.43842598541631, 1.0, -2.762739126679315)
4.439999999999993 (-12.551753753244036, 1.0, -2.851326202580633)
4.459999999999993 (-12.67310366169474, 1.0, -2.9703096470992794)
4.479999999999992 (-12.798820893397426, 1.0, -3.1200488247367493)
4.499999999999992 (-12.925121972896017, 1.0, -3.3005962159869835)
4.519999999999992 (-13.048284397637616, 1.0, -3.511645928848752)
4.539999999999991 (-13.164782068214814, 1.0, -3.752571853658553)
4.559999999999991 (-13.271320106113475, 1.0, -4.022523459469382)
4.57999999999999 (-13.363453776207255, 1.0, -4.3163843944888916)
4.59999999999999 (-13.4337398950171, 1.0, -4.622673031692178)
4.6199999999999894 (-13.478887622723581, 1.0, -4.931875831511365)
4.639999999999989 (-13.500571031448453, 1.0, -5.238953583089509)
4.659999999999989 (-13.50267877755225, 1.0, -5.5422356408098805)
4.679999999999988 (-13.489008539620908, 1.0, -5.842503482004632)
4.699999999999988 (-13.461783817236702, 1.0, -6.141877052446244)
4.719999999999987 (-13.422252215268774, 1.0, -6.4413822660997875)
4.739999999999987 (-13.37234858945821, 1.0, -6.734257118963233)
4.7599999999999865 (-13.315426383185484, 1.0, -7.004355021185148)
4.779999999999986 (-13.25751666998156, 1.0, -7.237314210470739)
4.799999999999986 (-13.205117289591819, 1.0, -7.4288183583752)
4.819999999999985 (-13.162805402927779, 1.0, -7.580190235398373)
4.839999999999985 (-13.132448603943724, 1.0, -7.693771025384462)
4.859999999999984 (-13.11430816005622, 1.0, -7.771661082524647)
4.879999999999984 (-13.108018107464599, 1.0, -7.815475097067003)
4.8999999999999835 (-13.11292586529329, 1.0, -7.826199243784211)
4.919999999999983 (-13.128198839859644, 1.0, -7.804363759070611)
4.939999999999983 (-13.152915697979898, 1.0, -7.750347989969245)
4.959999999999982 (-13.185900490138105, 1.0, -7.66456966897785)
4.979999999999982 (-13.225570180869212, 1.0, -7.547703178172431)
4.999999999999981 (-13.270029138851166, 1.0, -7.400380856274893)
5.019999999999981 (-13.317066816677228, 1.0, -7.223191663129752)
5.0399999999999805 (-13.364139970534238, 1.0, -7.016794000549064)
5.05999999999998 (-13.408350786423979, 1.0, -6.78206661559306)
5.07999999999998 (-13.44661179677688, 1.0, -6.520258349373893)
5.099999999999979 (-13.475884427857297, 1.0, -6.233063930740351)
5.119999999999979 (-13.493445537920582, 1.0, -5.922551971694815)
5.139999999999978 (-13.497098357578848, 1.0, -5.590658174763097)
5.159999999999978 (-13.48524949620969, 1.0, -5.240747441297375)
5.1799999999999775 (-13.456851622340457, 1.0, -4.883558769984677)
5.199999999999977 (-13.41285092237263, 1.0, -4.534304152319258)
5.219999999999977 (-13.356467506363803, 1.0, -4.2078257523096685)
5.239999999999976 (-13.294516525559223, 1.0, -3.9165278027285844)
5.259999999999976 (-13.236645000829881, 1.0, -3.6645737024248737)
5.279999999999975 (-13.19105644723277, 1.0, -3.449418868684436)
5.299999999999975 (-13.163239994120417, 1.0, -3.267625321105296)
5.3199999999999745 (-13.157095885284818, 1.0, -3.115708522210782)
5.339999999999974 (-13.175167198508353, 1.0, -2.9906611903203686)
5.359999999999974 (-13.218802870665106, 1.0, -2.8902684364179714)
5.379999999999973 (-13.288323249279117, 1.0, -2.8132487087003577)
5.399999999999973 (-13.383172828162099, 1.0, -2.7592356385163703)
5.419999999999972 (-13.502062779070085, 1.0, -2.728645409389613)
5.439999999999972 (-13.643102325558448, 1.0, -2.7224789723652134)
5.4599999999999715 (-13.803914675573955, 1.0, -2.7420842769295897)
5.479999999999971 (-13.98175066570434, 1.0, -2.7889314634361284)
5.499999999999971 (-14.173617974216578, 1.0, -2.864490860425774)
5.51999999999997 (-14.375213763755832, 1.0, -2.968959132656403)
5.53999999999997 (-14.577287315380485, 1.0, -3.0990533775475964)
5.559999999999969 (-14.770183307744283, 1.0, -3.2505712907378426)
5.579999999999969 (-14.948545783955389, 1.0, -3.4192678025804693)
5.599999999999969 (-15.110514369145923, 1.0, -3.601544281021188)
5.619999999999968 (-15.25640947301495, 1.0, -3.7946424626931385)
5.639999999999968 (-15.387662921583846, 1.0, -3.9965285483851747)
5.659999999999967 (-15.506141715997787, 1.0, -4.205682831273557)
5.679999999999967 (-15.61391489507608, 1.0, -4.420835100865284)
5.699999999999966 (-15.713034578263262, 1.0, -4.6413019637187976)
5.719999999999966 (-15.804917713055898, 1.0, -4.867529119351986)
5.739999999999966 (-15.890072964708601, 1.0, -5.099827763072556)
5.759999999999965 (-15.967617714050474, 1.0, -5.332962717719212)
5.779999999999965 (-16.033948032164137, 1.0, -5.552551212278465)
5.799999999999964 (-16.087377590551466, 1.0, -5.7432287037928)
5.819999999999964 (-16.12963049822335, 1.0, -5.8967702059426745)
5.839999999999963 (-16.16368704237003, 1.0, -6.011699822809337)
5.859999999999963 (-16.191283215855083, 1.0, -6.089059054982196)
5.879999999999963 (-16.212884705435254, 1.0, -6.130256049830426)
5.899999999999962 (-16.228309236688027, 1.0, -6.136612167359545)
5.919999999999962 (-16.236858920494754, 1.0, -6.109267804521291)
5.939999999999961 (-16.237489750631564, 1.0, -6.049367178575078)
5.959999999999961 (-16.228855060406275, 1.0, -5.958130063325718)
5.9799999999999605 (-16.209420239411667, 1.0, -5.836909752384519)
5.99999999999996 (-16.177500785588972, 1.0, -5.6873296822130115)
6.01999999999996 (-16.131371909572223, 1.0, -5.511271016133974)
6.039999999999959 (-16.06950860387571, 1.0, -5.311146488289073)
6.059999999999959 (-15.990705265831835, 1.0, -5.089713252486336)
6.079999999999958 (-15.894021121625231, 1.0, -4.849915866685441)
6.099999999999958 (-15.77879967057929, 1.0, -4.59473264781552)
6.1199999999999575 (-15.644833941945992, 1.0, -4.327230062625824)
6.139999999999957 (-15.492614901875609, 1.0, -4.050463678799931)
6.159999999999957 (-15.322891922409164, 1.0, -3.7696304506718543)
6.179999999999956 (-15.137439454293906, 1.0, -3.4962893698924398)
6.199999999999956 (-14.94339071154952, 1.0, -3.24377691074076)
6.219999999999955 (-14.752916146704461, 1.0, -3.0223275951256476)
6.239999999999955 (-14.578308955653922, 1.0, -2.834973740030322)
6.2599999999999545 (-14.428481210881552, 1.0, -2.6779002490925965)
6.279999999999954 (-14.30862876360037, 1.0, -2.5447917204813453)
6.299999999999954 (-14.221405850903194, 1.0, -2.430086400514078)
6.319999999999953 (-14.168122747545347, 1.0, -2.3291891906136235)
6.339999999999953 (-14.14923620641969, 1.0, -2.2387189899291933)
6.359999999999952 (-14.164623090546304, 1.0, -2.156640775117867)
6.379999999999952 (-14.213758498729057, 1.0, -2.082248319882119)
6.3999999999999515 (-14.295808472028266, 1.0, -2.0160316246521823)
6.419999999999951 (-14.409662902607627, 1.0, -1.9594524616206739)
6.439999999999951 (-14.553927977104234, 1.0, -1.9146450096031917)
6.45999999999995 (-14.726944300977712, 1.0, -1.8841848018227212)
6.47999999999995 (-14.926776986498268, 1.0, -1.870864649759688)
6.499999999999949 (-15.151240609383052, 1.0, -1.877490252020654)
6.519999999999949 (-15.397687355442757, 1.0, -1.906628942035595)
6.5399999999999485 (-15.657849061865805, 1.0, -1.9592755929182115)
6.559999999999948 (-15.919635871062876, 1.0, -2.036143431535887)
6.579999999999948 (-16.1748128551298, 1.0, -2.13579562104838)
6.599999999999947 (-16.419358337015016, 1.0, -2.2554796251683147)
6.619999999999947 (-16.652192045797268, 1.0, -2.3921964483493636)
6.639999999999946 (-16.873934833233108, 1.0, -2.5432051611551927)
6.659999999999946 (-17.086028519038656, 1.0, -2.7061217547387755)
6.6799999999999455 (-17.290287062785, 1.0, -2.8787660688216095)
6.699999999999945 (-17.48869212824691, 1.0, -3.0601283337695504)
6.719999999999945 (-17.682798242452307, 1.0, -3.250635558375567)
6.739999999999944 (-17.87264804171944, 1.0, -3.4495428250838414)
6.759999999999944 (-18.052002246240242, 1.0, -3.6495800294211325)
6.779999999999943 (-18.210642621952505, 1.0, -3.837214318203998)
6.799999999999943 (-18.342129484050332, 1.0, -3.999805358170094)
6.8199999999999426 (-18.447648210766392, 1.0, -4.131520533086438)
6.839999999999942 (-18.53015317486355, 1.0, -4.231042991010781)
6.859999999999942 (-18.591562033968685, 1.0, -4.299030320401239)
6.879999999999941 (-18.632957201960416, 1.0, -4.336705881763713)
6.899999999999941 (-18.65483445284903, 1.0, -4.345204102574124)
6.91999999999994 (-18.657180601387232, 1.0, -4.325565573798792)
6.93999999999994 (-18.639563372205373, 1.0, -4.279012446148954)
6.95999999999994 (-18.60135117390345, 1.0, -4.206979435318418)
6.979999999999939 (-18.541831695212856, 1.0, -4.111159308329742)
6.999999999999939 (-18.460330079740285, 1.0, -3.9935628424896805)
7.019999999999938 (-18.35616411560999, 1.0, -3.856414806106406)
7.039999999999938 (-18.228608646126094, 1.0, -3.7021442253958496)
7.059999999999937 (-18.076991289976107, 1.0, -3.5334113497450192)
7.079999999999937 (-17.900821530109766, 1.0, -3.3531141545691985)
7.099999999999937 (-17.700036332063423, 1.0, -3.1644251082947568)
7.119999999999936 (-17.4754458445255, 1.0, -2.970669423311931)
7.139999999999936 (-17.22894784841424, 1.0, -2.7748463240745194)
7.159999999999935 (-16.963794814344244, 1.0, -2.5805245057044908)
7.179999999999935 (-16.68668036613673, 1.0, -2.395442733019234)
7.1999999999999345 (-16.408523524909032, 1.0, -2.2283643931571526)
7.219999999999934 (-16.142841811267726, 1.0, -2.085021300822286)
7.239999999999934 (-15.90252228285103, 1.0, -1.9665169228989547)
7.259999999999933 (-15.69558547608993, 1.0, -1.8677311542090775)
7.279999999999933 (-15.524852118304635, 1.0, -1.7807921490783996)
7.299999999999932 (-15.39091419180618, 1.0, -1.6995858053399953)
7.319999999999932 (-15.293411048724598, 1.0, -1.6192707333295304)
7.3399999999999315 (-15.231575445688813, 1.0, -1.5363773106880727)
7.359999999999931 (-15.204554655451002, 1.0, -1.4488560408513387)
7.379999999999931 (-15.211594215249216, 1.0, -1.3560184652544387)
7.39999999999993 (-15.252092363694828, 1.0, -1.2583963146447676)
7.41999999999993 (-15.32556347094453, 1.0, -1.157540653257453)
7.439999999999929 (-15.431526855018625, 1.0, -1.055784505389017)
7.459999999999929 (-15.569414315834901, 1.0, -0.9560071528859152)
7.4799999999999285 (-15.738490307080204, 1.0, -0.8614046662002458)
7.499999999999928 (-15.9378133429861, 1.0, -0.7752907333268327)
7.519999999999928 (-16.166242968418135, 1.0, -0.7009616215108009)
7.539999999999927 (-16.41974135615895, 1.0, -0.6417810032704057)
7.559999999999927 (-16.68802958153579, 1.0, -0.6025633242994969)
7.579999999999926 (-16.96126692411656, 1.0, -0.5865131878681547)
7.599999999999926 (-17.233365334313557, 1.0, -0.5933200436169311)
7.6199999999999255 (-17.501459774817462, 1.0, -0.6208147388561189)
7.639999999999925 (-17.764789471669364, 1.0, -0.6662086881286428)
7.659999999999925 (-18.02374231702067, 1.0, -0.7266910329184393)
7.679999999999924 (-18.279245403405717, 1.0, -0.7995200976657647)
7.699999999999924 (-18.5327901709612, 1.0, -0.8829887092359268)
7.719999999999923 (-18.785936419054792, 1.0, -0.9769156041101311)
7.739999999999923 (-19.037745468611075, 1.0, -1.079792432852562)
7.7599999999999225 (-19.27695771037046, 1.0, -1.1861716464679812)
7.779999999999922 (-19.488895806131787, 1.0, -1.2869341956665425)
7.799999999999922 (-19.664823502131597, 1.0, -1.3735097172481574)
7.819999999999921 (-19.80504135027189, 1.0, -1.440956884237424)
7.839999999999921 (-19.9121792668363, 1.0, -1.4876753916639125)
7.85999999999992 (-19.98813686613361, 1.0, -1.5139147778158135)
7.87999999999992 (-20.03418522346683, 1.0, -1.5203679123635574)
7.8999999999999195 (-20.050970852521374, 1.0, -1.507847363003139)
7.919999999999919 (-20.038719680068944, 1.0, -1.4773381198019335)
7.939999999999919 (-19.997380860783966, 1.0, -1.430217392660492)
7.959999999999918 (-19.92682998094298, 1.0, -1.3681568889878133)
7.979999999999918 (-19.82702876837327, 1.0, -1.2931085929064459)
7.999999999999917 (-19.69812153531002, 1.0, -1.207320895622983)
8.019999999999918 (-19.540294184302162, 1.0, -1.1132388365199735)
8.039999999999917 (-19.353782682651584, 1.0, -1.0135529676102495)
8.059999999999917 (-19.138996683445253, 1.0, -0.9111531542826579)
8.079999999999917 (-18.89663956262492, 1.0, -0.8091344474240971)
8.099999999999916 (-18.627852564046194, 1.0, -0.710675385522782)
8.119999999999916 (-18.33414783574547, 1.0, -0.6187197552811896)
8.139999999999915 (-18.018160379506778, 1.0, -0.5357586432947355)
8.159999999999915 (-17.68479908474493, 1.0, -0.4635887407253028)
8.179999999999914 (-17.343757595306705, 1.0, -0.4068212216758838)
8.199999999999914 (-17.009191338175754, 1.0, -0.3692332313171129)
8.219999999999914 (-16.696461159119504, 1.0, -0.3499152262467283)
8.239999999999913 (-16.417908528866963, 1.0, -0.34366329281071867)
8.259999999999913 (-16.17851577786681, 1.0, -0.34186923586488277)
8.279999999999912 (-15.977542220580355, 1.0, -0.33547343250162254)
8.299999999999912 (-15.812717333494914, 1.0, -0.3182089175148802)
8.319999999999911 (-15.681390612449553, 1.0, -0.28555008593915937)
8.339999999999911 (-15.581142007398412, 1.0, -0.2344399639376567)
8.35999999999991 (-15.51012249670014, 1.0, -0.16318005701523255)
8.37999999999991 (-15.467209909642769, 1.0, -0.07128770985448579)
8.39999999999991 (-15.452009210762593, 1.0, 0.040667489549535786)
8.41999999999991 (-15.464739583303661, 1.0, 0.17124565118231916)
8.439999999999909 (-15.506049125169598, 1.0, 0.31831475244257235)
8.459999999999908 (-15.57680097079731, 1.0, 0.4792066886230619)
8.479999999999908 (-15.677932478991996, 1.0, 0.6508779207744249)
8.499999999999908 (-15.81005753655043, 1.0, 0.8299143545839622)
8.519999999999907 (-15.969797934059963, 1.0, 1.009619589829357)
8.539999999999907 (-16.151743050475986, 1.0, 1.1805431580667474)
8.559999999999906 (-16.350775957974452, 1.0, 1.3365759044327048)
8.579999999999906 (-16.562695157565724, 1.0, 1.475084212684412)
8.599999999999905 (-16.784380013020037, 1.0, 1.59578706722339)
8.619999999999905 (-17.0136415905052, 1.0, 1.6997864721605256)
8.639999999999905 (-17.248968543892747, 1.0, 1.7888281430018678)
8.659999999999904 (-17.489274584884484, 1.0, 1.864954608555689)
8.679999999999904 (-17.73378615793347, 1.0, 1.930471167253777)
8.699999999999903 (-17.98273876405384, 1.0, 1.987252881542072)
8.719999999999903 (-18.237239769198453, 1.0, 2.0360890290854305)
8.739999999999903 (-18.497032813907257, 1.0, 2.0771710731730715)
8.759999999999902 (-18.75378740061058, 1.0, 2.1098961104348692)
8.779999999999902 (-18.99110153073443, 1.0, 2.1337118828120643)
8.799999999999901 (-19.194263273092584, 1.0, 2.150547920077188)
8.8199999999999 (-19.3578396239266, 1.0, 2.1643944552031864)
8.8399999999999 (-19.481913521771524, 1.0, 2.178443336496104)
8.8599999999999 (-19.568039375519586, 1.0, 2.1939425557197927)
8.8799999999999 (-19.61785174227971, 1.0, 2.210978094049436)
8.899999999999899 (-19.632612321702208, 1.0, 2.2291795099422598)
8.919999999999899 (-19.613173801753057, 1.0, 2.2477900211295636)
8.939999999999898 (-19.5603206722537, 1.0, 2.265665625970137)
8.959999999999898 (-19.474886112005297, 1.0, 2.281331739197337)
8.979999999999897 (-19.35782155801486, 1.0, 2.2931020125415724)
8.999999999999897 (-19.210293911257004, 1.0, 2.29913309391677)
9.019999999999897 (-19.033756363024143, 1.0, 2.297480423471694)
9.039999999999896 (-18.82984277266705, 1.0, 2.2861147912979987)
9.059999999999896 (-18.600603688570875, 1.0, 2.2630058801087207)
9.079999999999895 (-18.348457876651192, 1.0, 2.2263774086502117)
9.099999999999895 (-18.076164652174953, 1.0, 2.174674141827752)
9.119999999999894 (-17.78681381471545, 1.0, 2.106772536638453)
9.139999999999894 (-17.483708389337284, 1.0, 2.02241059526436)
9.159999999999894 (-17.171792230909514, 1.0, 1.9219727539720282)
9.179999999999893 (-16.861594646620688, 1.0, 1.80622478318004)
9.199999999999893 (-16.566922999122795, 1.0, 1.6786009098436463)
9.219999999999892 (-16.300345861701015, 1.0, 1.54746107699375)
9.239999999999892 (-16.069284503906406, 1.0, 1.4231544911654102)
9.259999999999891 (-15.873456399739595, 1.0, 1.314911040457648)
9.279999999999891 (-15.707990280018178, 1.0, 1.2297021568357476)
9.29999999999989 (-15.568118282028225, 1.0, 1.1715726922605232)
9.31999999999989 (-15.449627633196993, 1.0, 1.1429508337953402)
9.33999999999989 (-15.349224650944782, 1.0, 1.1451495360492687)
9.35999999999989 (-15.264749340429802, 1.0, 1.178611144860436)
9.379999999999889 (-15.195223584559795, 1.0, 1.2430872557844148)
9.399999999999888 (-15.140760976879081, 1.0, 1.3377630227566624)
9.419999999999888 (-15.10237580745728, 1.0, 1.4613441340282798)
9.439999999999888 (-15.08171395715079, 1.0, 1.612094298110915)
9.459999999999887 (-15.080823441042373, 1.0, 1.7879045081928848)
9.479999999999887 (-15.101914280087136, 1.0, 1.98635284574633)
9.499999999999886 (-15.147173775738434, 1.0, 2.2047836215937604)
9.519999999999886 (-15.218662006033574, 1.0, 2.440388146043856)
9.539999999999885 (-15.316775761163717, 1.0, 2.6878119653255634)
9.559999999999885 (-15.439627182560844, 1.0, 2.9357592970762654)
9.579999999999885 (-15.584261786501282, 1.0, 3.17444589190877)
9.599999999999884 (-15.746986849870623, 1.0, 3.3991415468594166)
9.619999999999884 (-15.924421402718894, 1.0, 3.6087682555473415)
9.639999999999883 (-16.11386414960971, 1.0, 3.8042938286520775)
9.659999999999883 (-16.31325599725095, 1.0, 3.987612166735372)
9.679999999999882 (-16.520886467125887, 1.0, 4.160996625217238)
9.699999999999882 (-16.73608522990243, 1.0, 4.326630323853935)
9.719999999999882 (-16.959507188322547, 1.0, 4.485949792429293)
9.739999999999881 (-17.189309796217817, 1.0, 4.639123840635607)
9.75999999999988 (-17.414512679537154, 1.0, 4.7800153566414965)
9.77999999999988 (-17.619320446652534, 1.0, 4.901787875689825)
9.79999999999988 (-17.791932550127843, 1.0, 5.00223320336139)
9.81999999999988 (-17.928597707297072, 1.0, 5.084359455048514)
9.839999999999879 (-18.02959952743532, 1.0, 5.151158570845682)
9.859999999999879 (-18.096188889024123, 1.0, 5.204024345299336)
9.879999999999878 (-18.129546621568235, 1.0, 5.243593532886612)
9.899999999999878 (-18.13065052484915, 1.0, 5.269931906272481)
9.919999999999877 (-18.100434153478783, 1.0, 5.282573891407724)
9.939999999999877 (-18.039960026916994, 1.0, 5.280712655370984)
9.959999999999877 (-17.950502328490423, 1.0, 5.263342880839709)
9.979999999999876 (-17.833648730232007, 1.0, 5.229384660576507)
9.999999999999876 (-17.691291108852162, 1.0, 5.177710626583688)
