0.0 (0.0, 1.0, 0.0)
0.02 (0.0032, 1.0, 0.0)
0.04 (0.0095552, 1.0, 0.0)
0.06 (0.0190214272, 1.0, 0.0)
0.08 (0.0315551272192, 1.0, 0.0)
0.1 (0.047113355438131214, 1.0, 0.0)
0.12000000000000001 (0.06565376846199739, 1.0, 0.0)
0.14 (0.08713461570352943, 1.0, 0.0)
0.16 (0.11151473108368004, 1.0, 0.0)
0.18 (0.13875352484850853, 1.0, 0.0)
0.19999999999999998 (0.16881097550062937, 1.0, 0.0)
0.21999999999999997 (0.2016476218436206, 1.0, 0.0)
0.23999999999999996 (0.2372245551378099, 1.0, 0.0)
0.25999999999999995 (0.2755034113658806, 1.0, 0.0)
0.27999999999999997 (0.3164463636067583, 1.0, 0.0)
0.3 (0.36001611451626375, 1.0, 0.0)
0.32 (0.4061758889130361, 1.0, 0.0)
0.34 (0.45488942646825353, 1.0, 0.0)
0.36000000000000004 (0.506120974497698, 1.0, 0.0)
0.38000000000000006 (0.5598352808547304, 1.0, 0.0)
0.4000000000000001 (0.6159975869227641, 1.0, 0.0)
0.4200000000000001 (0.6745736207058453, 1.0, 0.0)
0.4400000000000001 (0.7355295900159635, 1.0, 0.0)
0.46000000000000013 (0.79883217575574, 1.0, 0.0)
0.48000000000000015 (0.8644485252951595, 1.0, 0.0)
0.5000000000000001 (0.9323462459410272, 1.0, 0.0)
0.5200000000000001 (1.002493398497853, 1.0, 0.0)
0.5400000000000001 (1.0748584909188834, 1.0, 0.0)
0.5600000000000002 (1.149410472046019, 1.0, 0.0)
0.5800000000000002 (1.2261187254373749, 1.0, 0.0)
0.6000000000000002 (1.3049530632812518, 1.0, 0.0)
0.6200000000000002 (1.385883720395314, 1.0, 0.0)
0.6400000000000002 (1.46888134830978, 1.0, 0.0)
0.6600000000000003 (1.553917009433443, 1.0, 0.0)
0.6800000000000003 (1.6409621713013751, 1.0, 0.0)
0.7000000000000003 (1.7299887009031558, 1.0, 0.0)
0.7200000000000003 (1.8209688590905115, 1.0, 0.0)
0.7400000000000003 (1.9138752950632443, 1.0, 0.0)
0.7600000000000003 (2.008681040932359, 1.0, 0.0)
0.7800000000000004 (2.1053595063593065, 1.0, 0.0)
0.8000000000000004 (2.2038844732702767, 1.0, 0.0)
0.8200000000000004 (2.3042300906444932, 1.0, 0.0)
0.8400000000000004 (2.40637086937547, 1.0, 0.0)
0.8600000000000004 (2.5102816772042136, 1.0, 0.0)
0.8800000000000004 (2.6159377337233547, 1.0, 0.0)
0.9000000000000005 (2.723314605451227, 1.0, 0.0)
0.9200000000000005 (2.8323882009749095, 1.0, 0.0)
0.9400000000000005 (2.9431347661612612, 1.0, 0.0)
0.9600000000000005 (3.055530879435004, 1.0, 0.0)
0.9800000000000005 (3.1695534471229134, 1.0, 0.0)
1.0000000000000004 (3.2851796988631925, 1.0, 0.0)
1.0200000000000005 (3.4023871830791084, 1.0, 0.0)
1.0400000000000005 (3.5211537625160005, 1.0, 0.0)
1.0600000000000005 (3.641457609840776, 1.0, 0.0)
1.0800000000000005 (3.763277203303005, 1.0, 0.0)
1.1000000000000005 (3.8865913224567628, 1.0, 0.0)
1.1200000000000006 (4.011379043942368, 1.0, 0.0)
1.1400000000000006 (4.137619737327176, 1.0, 0.0)
1.1600000000000006 (4.265293061004597, 1.0, 0.0)
1.1800000000000006 (4.394378958150531, 1.0, 0.0)
1.2000000000000006 (4.524857652736424, 1.0, 0.0)
1.2200000000000006 (4.656709645598115, 1.0, 0.0)
1.2400000000000007 (4.789915710559741, 1.0, 0.0)
1.2600000000000007 (4.924456890611905, 1.0, 0.0)
1.2800000000000007 (5.06031449414334, 1.0, 0.0)
1.3000000000000007 (5.197470091225332, 1.0, 0.0)
1.3200000000000007 (5.335905509948178, 1.0, 0.0)
1.3400000000000007 (5.475602832808905, 1.0, 0.0)
1.3600000000000008 (5.61654439314958, 1.0, 0.0)
1.3800000000000008 (5.758712771645486, 1.0, 0.0)
1.4000000000000008 (5.902090792842449, 1.0, 0.0)
1.4200000000000008 (6.046661521742655, 1.0, 0.0)
1.4400000000000008 (6.192408260438258, 1.0, 0.0)
1.4600000000000009 (6.339314544792122, 1.0, 0.0)
1.4800000000000009 (6.487364141165033, 1.0, 0.0)
1.5000000000000009 (6.636541043188723, 1.0, 0.0)
1.520000000000001 (6.786829468584083, 1.0, 0.0)
1.540000000000001 (6.938213856023905, 1.0, 0.0)
1.560000000000001 (7.090678862039569, 1.0, 0.0)
1.580000000000001 (7.244209357971014, 1.0, 0.0)
1.600000000000001 (7.398790426959421, 1.0, 0.0)
1.620000000000001 (7.554407360981989, 1.0, 0.0)
1.640000000000001 (7.71104565792824, 1.0, 0.0)
1.660000000000001 (7.868691018717245, 1.0, 0.0)
1.680000000000001 (8.027329344455202, 1.0, 0.0)
1.700000000000001 (8.186946733632828, 1.0, 0.0)
1.720000000000001 (8.347529479361965, 1.0, 0.0)
1.740000000000001 (8.509064066650899, 1.0, 0.0)
1.7600000000000011 (8.671537169717785, 1.0, 0.0)
1.7800000000000011 (8.834935649341736, 1.0, 0.0)
1.8000000000000012 (8.99924655025095, 1.0, 0.0)
1.8200000000000012 (9.164457098547436, 1.0, 0.0)
1.8400000000000012 (9.330554699167768, 1.0, 0.0)
1.8600000000000012 (9.497526933379417, 1.0, 0.0)
1.8800000000000012 (9.665361556312105, 1.0, 0.0)
1.9000000000000012 (9.834046494523738, 1.0, 0.0)
1.9200000000000013 (10.003569843600408, 1.0, 0.0)
1.9400000000000013 (10.173919865790003, 1.0, 0.0)
1.9600000000000013 (10.345084987668946, 1.0, 0.0)
1.9800000000000013 (10.517053797841582, 1.0, 0.0)
2.0000000000000013 (10.689815044671802, 1.0, 0.0)
2.0200000000000014 (10.8633576340464, 1.0, 0.0)
2.0400000000000014 (11.037670627169751, 1.0, 0.0)
2.0600000000000014 (11.212743238389377, 1.0, 0.0)
2.0800000000000014 (11.388564833051928, 1.0, 0.0)
2.1000000000000014 (11.565124925389204, 1.0, 0.0)
2.1200000000000014 (11.742413176433756, 1.0, 0.0)
2.1400000000000015 (11.920419391963682, 1.0, 0.0)
2.1600000000000015 (12.099133520476192, 1.0, 0.0)
2.1800000000000015 (12.278545651189523, 1.0, 0.0)
2.2000000000000015 (12.458646012072867, 1.0, 0.0)
2.2200000000000015 (12.639424967903848, 1.0, 0.0)
2.2400000000000015 (12.820873018353195, 1.0, 0.0)
2.2600000000000016 (13.002980796096251, 1.0, 0.0)
2.2800000000000016 (13.185739064950907, 1.0, 0.0)
2.3000000000000016 (13.369138718041595, 1.0, 0.0)
2.3200000000000016 (13.553170775989015, 1.0, 0.0)
2.3400000000000016 (13.737826385125166, 1.0, 0.0)
2.3600000000000017 (13.923096815733414, 1.0, 0.0)
2.3800000000000017 (14.10897346031315, 1.0, 0.0)
2.4000000000000017 (14.295447831868769, 1.0, 0.0)
2.4200000000000017 (14.482511562222603, 1.0, 0.0)
2.4400000000000017 (14.670156400351486, 1.0, 0.0)
2.4600000000000017 (14.858374210746566, 1.0, 0.0)
2.4800000000000018 (15.047156971796111, 1.0, 0.0)
2.5000000000000018 (15.236496774190966, 1.0, 0.0)
2.520000000000002 (15.426385819352296, 1.0, 0.0)
2.540000000000002 (15.616816417881365, 1.0, 0.0)
2.560000000000002 (15.807780988031025, 1.0, 0.0)
2.580000000000002 (15.99927205419859, 1.0, 0.0)
2.600000000000002 (16.19128224543981, 1.0, 0.0)
2.620000000000002 (16.383804294003657, 1.0, 0.0)
2.640000000000002 (16.576831033887604, 1.0, 0.0)
2.660000000000002 (16.77035539941318, 1.0, 0.0)
2.680000000000002 (16.964370423821396, 1.0, 0.0)
2.700000000000002 (17.158869237887902, 1.0, 0.0)
2.720000000000002 (17.353845068557465, 1.0, 0.0)
2.740000000000002 (17.54929123759766, 1.0, 0.0)
2.760000000000002 (17.745201160271296, 1.0, 0.0)
2.780000000000002 (17.941568344027505, 1.0, 0.0)
2.800000000000002 (18.138386387211117, 1.0, 0.0)
2.820000000000002 (18.33564897779016, 1.0, 0.0)
2.840000000000002 (18.533349892101104, 1.0, 0.0)
2.860000000000002 (18.73148299361168, 1.0, 0.0)
2.880000000000002 (18.930042231701112, 1.0, 0.0)
2.900000000000002 (19.1290216404573, 1.0, 0.0)
2.920000000000002 (19.3284153374909, 1.0, 0.0)
2.940000000000002 (19.52821752276603, 1.0, 0.0)
2.960000000000002 (19.728422477447314, 1.0, 0.0)
2.980000000000002 (19.92902456276305, 1.0, 0.0)
3.000000000000002 (20.130018218884363, 1.0, 0.0)
3.0200000000000022 (20.331397963819985, 1.0, 0.0)
3.0400000000000023 (20.533158392326502, 1.0, 0.0)
3.0600000000000023 (20.73529417483393, 1.0, 0.0)
3.0800000000000023 (20.937800056386255, 1.0, 0.0)
3.1000000000000023 (21.14067085559684, 1.0, 0.0)
3.1200000000000023 (21.343901463618483, 1.0, 0.0)
3.1400000000000023 (21.547486843127817, 1.0, 0.0)
3.1600000000000024 (21.75142202732403, 1.0, 0.0)
3.1800000000000024 (21.955702118941492, 1.0, 0.0)
3.2000000000000024 (22.160322289276312, 1.0, 0.0)
3.2200000000000024 (22.365277777226442, 1.0, 0.0)
3.2400000000000024 (22.570563888345266, 1.0, 0.0)
3.2600000000000025 (22.776175993908428, 1.0, 0.0)
3.2800000000000025 (22.98210952999371, 1.0, 0.0)
3.3000000000000025 (23.188359996573798, 1.0, 0.0)
3.3200000000000025 (23.39492295662176, 1.0, 0.0)
3.3400000000000025 (23.60179403522905, 1.0, 0.0)
3.3600000000000025 (23.808968918735847, 1.0, 0.0)
3.3800000000000026 (24.016443353873544, 1.0, 0.0)
3.4000000000000026 (24.224213146919315, 1.0, 0.0)
3.4200000000000026 (24.432274162862445, 1.0, 0.0)
3.4400000000000026 (24.64062232458237, 1.0, 0.0)
3.4600000000000026 (24.849253612038215, 1.0, 0.0)
3.4800000000000026 (25.058164061469686, 1.0, 0.0)
3.5000000000000027 (25.26734976460911, 1.0, 0.0)
3.5200000000000027 (25.47680686790459, 1.0, 0.0)
3.5400000000000027 (25.68653157175392, 1.0, 0.0)
3.5600000000000027 (25.896520129749366, 1.0, 0.0)
3.5800000000000027 (26.106768847932873, 1.0, 0.0)
3.6000000000000028 (26.31727408406181, 1.0, 0.0)
3.6200000000000028 (26.52803224688495, 1.0, 0.0)
3.640000000000003 (26.739039795428557, 1.0, 0.0)
3.660000000000003 (26.950293238292563, 1.0, 0.0)
3.680000000000003 (27.16178913295646, 1.0, 0.0)
3.700000000000003 (27.373524085095074, 1.0, 0.0)
3.720000000000003 (27.58549474790374, 1.0, 0.0)
3.740000000000003 (27.797697821433093, 1.0, 0.0)
3.760000000000003 (28.010130051933036, 1.0, 0.0)
3.780000000000003 (28.22278823120597, 1.0, 0.0)
3.800000000000003 (28.435669195969087, 1.0, 0.0)
3.820000000000003 (28.648769827225525, 1.0, 0.0)
3.840000000000003 (28.862087049644362, 1.0, 0.0)
3.860000000000003 (29.075617830949344, 1.0, 0.0)
3.880000000000003 (29.289359181316048, 1.0, 0.0)
3.900000000000003 (29.503308152777624, 1.0, 0.0)
3.920000000000003 (29.717461838638744, 1.0, 0.0)
3.940000000000003 (29.9318173728978, 1.0, 0.0)
3.960000000000003 (30.146371929677233, 1.0, 0.0)
3.980000000000003 (30.36112272266175, 1.0, 0.0)
4.000000000000003 (30.576067004544488, 1.0, 0.0)
4.020000000000002 (30.791202066480867, 1.0, 0.0)
4.040000000000002 (31.00652523755014, 1.0, 0.0)
4.060000000000001 (31.222033884224434, 1.0, 0.0)
4.080000000000001 (31.43772540984529, 1.0, 0.0)
4.1000000000000005 (31.653597254107456, 1.0, 0.0)
4.12 (31.869646892549955, 1.0, 0.0)
4.14 (32.08587183605425, 1.0, 0.0)
4.159999999999999 (32.302269630349485, 1.0, 0.0)
4.179999999999999 (32.518837855524595, 1.0, 0.0)
4.199999999999998 (32.73557412554726, 1.0, 0.0)
4.219999999999998 (32.95247608778959, 1.0, 0.0)
4.2399999999999975 (33.16954142256054, 1.0, 0.0)
4.259999999999997 (33.3867678426447, 1.0, 0.0)
4.279999999999997 (33.60415309284767, 1.0, 0.0)
4.299999999999996 (33.821694949547805, 1.0, 0.0)
4.319999999999996 (34.039391220254146, 1.0, 0.0)
4.339999999999995 (34.2572397431706, 1.0, 0.0)
4.359999999999995 (34.47523838676622, 1.0, 0.0)
4.379999999999995 (34.69338504935149, 1.0, 0.0)
4.399999999999994 (34.91167765866058, 1.0, 0.0)
4.419999999999994 (35.130114171439345, 1.0, 0.0)
4.439999999999993 (35.34869257303919, 1.0, 0.0)
4.459999999999993 (35.56741087701664, 1.0, 0.0)
4.479999999999992 (35.7862671247384, 1.0, 0.0)
4.499999999999992 (36.00525938499206, 1.0, 0.0)
4.519999999999992 (36.22438575360218, 1.0, 0.0)
4.539999999999991 (36.44364435305175, 1.0, 0.0)
4.559999999999991 (36.66303333210902, 1.0, 0.0)
4.57999999999999 (36.88255086545951, 1.0, 0.0)
4.59999999999999 (37.102195153343075, 1.0, 0.0)
4.6199999999999894 (37.32196442119627, 1.0, 0.0)
4.639999999999989 (37.54185691929953, 1.0, 0.0)
4.659999999999989 (37.76187092242935, 1.0, 0.0)
4.679999999999988 (37.98200472951535, 1.0, 0.0)
4.699999999999988 (38.20225666330214, 1.0, 0.0)
4.719999999999987 (38.4226250700159, 1.0, 0.0)
4.739999999999987 (38.64310831903566, 1.0, 0.0)
4.7599999999999865 (38.863704802569174, 1.0, 0.0)
4.779999999999986 (39.084412935333205, 1.0, 0.0)
4.799999999999986 (39.305231154238555, 1.0, 0.0)
4.819999999999985 (39.52615791807921, 1.0, 0.0)
4.839999999999985 (39.74719170722611, 1.0, 0.0)
4.859999999999984 (39.968331023324936, 1.0, 0.0)
4.879999999999984 (40.18957438899838, 1.0, 0.0)
4.8999999999999835 (40.410920347552405, 1.0, 0.0)
4.919999999999983 (40.63236746268666, 1.0, 0.0)
4.939999999999983 (40.853914318209036, 1.0, 0.0)
4.959999999999982 (41.0755595177541, 1.0, 0.0)
4.979999999999982 (41.297301684505555, 1.0, 0.0)
4.999999999999981 (41.519139460922474, 1.0, 0.0)
5.019999999999981 (41.74107150846956, 1.0, 0.0)
5.0399999999999805 (41.963096507351, 1.0, 0.0)
5.05999999999998 (42.185213156248096, 1.0, 0.0)
5.07999999999998 (42.407420172060625, 1.0, 0.0)
5.099999999999979 (42.62971628965178, 1.0, 0.0)
5.119999999999979 (42.85210026159666, 1.0, 0.0)
5.139999999999978 (43.074570857934305, 1.0, 0.0)
5.159999999999978 (43.29712686592322, 1.0, 0.0)
5.1799999999999775 (43.5197670898003, 1.0, 0.0)
5.199999999999977 (43.74249035054311, 1.0, 0.0)
5.219999999999977 (43.965295485635494, 1.0, 0.0)
5.239999999999976 (44.18818134883659, 1.0, 0.0)
5.259999999999976 (44.411146809952896, 1.0, 0.0)
5.279999999999975 (44.63419075461357, 1.0, 0.0)
5.299999999999975 (44.85731208404897, 1.0, 0.0)
5.3199999999999745 (45.08050971487228, 1.0, 0.0)
5.339999999999974 (45.30378257886406, 1.0, 0.0)
5.359999999999974 (45.52712962275996, 1.0, 0.0)
5.379999999999973 (45.75054980804131, 1.0, 0.0)
5.399999999999973 (45.97404211072873, 1.0, 0.0)
5.419999999999972 (46.19760552117853, 1.0, 0.0)
5.439999999999972 (46.421239043882025, 1.0, 0.0)
5.4599999999999715 (46.64494169726768, 1.0, 0.0)
5.479999999999971 (46.868712513505926, 1.0, 0.0)
5.499999999999971 (47.09255053831686, 1.0, 0.0)
5.51999999999997 (47.31645483078043, 1.0, 0.0)
5.53999999999997 (47.54042446314949, 1.0, 0.0)
5.559999999999969 (47.764458520665386, 1.0, 0.0)
5.579999999999969 (47.988556101376076, 1.0, 0.0)
5.599999999999969 (48.21271631595681, 1.0, 0.0)
5.619999999999968 (48.43693828753342, 1.0, 0.0)
5.639999999999968 (48.66122115150796, 1.0, 0.0)
5.659999999999967 (48.88556405538685, 1.0, 0.0)
5.679999999999967 (49.10996615861143, 1.0, 0.0)
5.699999999999966 (49.33442663239086, 1.0, 0.0)
5.719999999999966 (49.55894465953739, 1.0, 0.0)
5.739999999999966 (49.783519434303855, 1.0, 0.0)
5.759999999999965 (50.008150162223615, 1.0, 0.0)
5.779999999999965 (50.23283605995249, 1.0, 0.0)
5.799999999999964 (50.45757635511316, 1.0, 0.0)
5.819999999999964 (50.68237028614158, 1.0, 0.0)
5.839999999999963 (50.907217102135604, 1.0, 0.0)
5.859999999999963 (51.132116062705705, 1.0, 0.0)
5.879999999999963 (51.357066437827825, 1.0, 0.0)
5.899999999999962 (51.58206750769824, 1.0, 0.0)
5.919999999999962 (51.80711856259046, 1.0, 0.0)
5.939999999999961 (52.03221890271419, 1.0, 0.0)
5.959999999999961 (52.25736783807619, 1.0, 0.0)
5.9799999999999605 (52.48256468834313, 1.0, 0.0)
5.99999999999996 (52.70780878270634, 1.0, 0.0)
6.01999999999996 (52.93309945974846, 1.0, 0.0)
6.039999999999959 (53.15843606731198, 1.0, 0.0)
6.059999999999959 (53.38381796236962, 1.0, 0.0)
6.079999999999958 (53.609244510896445, 1.0, 0.0)
6.099999999999958 (53.83471508774389, 1.0, 0.0)
6.1199999999999575 (54.06022907651547, 1.0, 0.0)
6.139999999999957 (54.285785869444254, 1.0, 0.0)
6.159999999999957 (54.51138486727203, 1.0, 0.0)
6.179999999999956 (54.73702547913021, 1.0, 0.0)
6.199999999999956 (54.96270712242239, 1.0, 0.0)
6.219999999999955 (55.188429222708464, 1.0, 0.0)
6.239999999999955 (55.414191213590556, 1.0, 0.0)
6.2599999999999545 (55.63999253660029, 1.0, 0.0)
6.279999999999954 (55.86583264108788, 1.0, 0.0)
6.299999999999954 (56.09171098411264, 1.0, 0.0)
6.319999999999953 (56.317627030335075, 1.0, 0.0)
6.339999999999953 (56.543580251910385, 1.0, 0.0)
6.359999999999952 (56.769570128383634, 1.0, 0.0)
6.379999999999952 (56.99559614658625, 1.0, 0.0)
6.3999999999999515 (57.22165780053405, 1.0, 0.0)
6.419999999999951 (57.44775459132657, 1.0, 0.0)
6.439999999999951 (57.67388602704801, 1.0, 0.0)
6.45999999999995 (57.90005162266934, 1.0, 0.0)
6.47999999999995 (58.12625089995197, 1.0, 0.0)
6.499999999999949 (58.352483387352635, 1.0, 0.0)
6.519999999999949 (58.57874861992971, 1.0, 0.0)
6.5399999999999485 (58.80504613925069, 1.0, 0.0)
6.559999999999948 (59.03137549330117, 1.0, 0.0)
6.579999999999948 (59.25773623639495, 1.0, 0.0)
6.599999999999947 (59.48412792908542, 1.0, 0.0)
6.619999999999947 (59.71055013807822, 1.0, 0.0)
6.639999999999946 (59.93700243614512, 1.0, 0.0)
6.659999999999946 (60.1634844020391, 1.0, 0.0)
6.6799999999999455 (60.38999562041056, 1.0, 0.0)
6.699999999999945 (60.6165356817248, 1.0, 0.0)
6.719999999999945 (60.84310418218064, 1.0, 0.0)
6.739999999999944 (61.06970072363012, 1.0, 0.0)
6.759999999999944 (61.29632491349929, 1.0, 0.0)
6.779999999999943 (61.5229763647103, 1.0, 0.0)
6.799999999999943 (61.74965469560436, 1.0, 0.0)
6.8199999999999426 (61.9763595298659, 1.0, 0.0)
6.839999999999942 (62.20309049644777, 1.0, 0.0)
6.859999999999942 (62.42984722949751, 1.0, 0.0)
6.879999999999941 (62.65662936828454, 1.0, 0.0)
6.899999999999941 (62.88343655712856, 1.0, 0.0)
6.91999999999994 (63.11026844532876, 1.0, 0.0)
6.93999999999994 (63.33712468709416, 1.0, 0.0)
6.95999999999994 (63.56400494147485, 1.0, 0.0)
6.979999999999939 (63.79090887229421, 1.0, 0.0)
6.999999999999939 (64.0178361480821, 1.0, 0.0)
7.019999999999938 (64.24478644200894, 1.0, 0.0)
7.039999999999938 (64.47175943182083, 1.0, 0.0)
7.059999999999937 (64.69875479977532, 1.0, 0.0)
7.079999999999937 (64.92577223257848, 1.0, 0.0)
7.099999999999937 (65.15281142132238, 1.0, 0.0)
7.119999999999936 (65.3798720614239, 1.0, 0.0)
7.139999999999936 (65.60695385256395, 1.0, 0.0)
7.159999999999935 (65.83405649862806, 1.0, 0.0)
7.179999999999935 (66.06117970764728, 1.0, 0.0)
7.1999999999999345 (66.28832319174023, 1.0, 0.0)
7.219999999999934 (66.51548666705588, 1.0, 0.0)
7.239999999999934 (66.74266985371708, 1.0, 0.0)
7.259999999999933 (66.96987247576504, 1.0, 0.0)
7.279999999999933 (67.19709426110433, 1.0, 0.0)
7.299999999999932 (67.42433494144888, 1.0, 0.0)
7.319999999999932 (67.65159425226858, 1.0, 0.0)
7.3399999999999315 (67.87887193273684, 1.0, 0.0)
7.359999999999931 (68.10616772567852, 1.0, 0.0)
7.379999999999931 (68.33348137751904, 1.0, 0.0)
7.39999999999993 (68.56081263823376, 1.0, 0.0)
7.41999999999993 (68.78816126129851, 1.0, 0.0)
7.439999999999929 (69.01552700364033, 1.0, 0.0)
7.459999999999929 (69.24290962558939, 1.0, 0.0)
7.4799999999999285 (69.47030889083112, 1.0, 0.0)
7.499999999999928 (69.69772456635951, 1.0, 0.0)
7.519999999999928 (69.92515642243046, 1.0, 0.0)
7.539999999999927 (70.15260423251641, 1.0, 0.0)
7.559999999999927 (70.3800677732612, 1.0, 0.0)
7.579999999999926 (70.60754682443553, 1.0, 0.0)
7.599999999999926 (70.83504116889344, 1.0, 0.0)
7.6199999999999255 (71.06255059252891, 1.0, 0.0)
7.639999999999925 (71.29007488423349, 1.0, 0.0)
7.659999999999925 (71.5176138358542, 1.0, 0.0)
7.679999999999924 (71.74516724215226, 1.0, 0.0)
7.699999999999924 (71.97273490076213, 1.0, 0.0)
7.719999999999923 (72.20031661215148, 1.0, 0.0)
7.739999999999923 (72.42791217958137, 1.0, 0.0)
7.7599999999999225 (72.6555214090672, 1.0, 0.0)
7.779999999999922 (72.88314410934026, 1.0, 0.0)
7.799999999999922 (73.11078009180949, 1.0, 0.0)
7.819999999999921 (73.33842917052414, 1.0, 0.0)
7.839999999999921 (73.56609116213679, 1.0, 0.0)
7.85999999999992 (73.79376588586689, 1.0, 0.0)
7.87999999999992 (74.02145316346474, 1.0, 0.0)
7.8999999999999195 (74.24915281917623, 1.0, 0.0)
7.919999999999919 (74.47686467970777, 1.0, 0.0)
7.939999999999919 (74.70458857419186, 1.0, 0.0)
7.959999999999918 (74.93232433415318, 1.0, 0.0)
7.979999999999918 (75.16007179347503, 1.0, 0.0)
7.999999999999917 (75.38783078836639, 1.0, 0.0)
8.019999999999918 (75.61560115732925, 1.0, 0.0)
8.039999999999917 (75.84338274112662, 1.0, 0.0)
8.059999999999917 (76.07117538275082, 1.0, 0.0)
8.079999999999917 (76.29897892739228, 1.0, 0.0)
8.099999999999916 (76.5267932224088, 1.0, 0.0)
8.119999999999916 (76.75461811729508, 1.0, 0.0)
8.139999999999915 (76.98245346365297, 1.0, 0.0)
8.159999999999915 (77.21029911516183, 1.0, 0.0)
8.179999999999914 (77.43815492754959, 1.0, 0.0)
8.199999999999914 (77.66602075856389, 1.0, 0.0)
8.219999999999914 (77.89389646794399, 1.0, 0.0)
8.239999999999913 (78.12178191739275, 1.0, 0.0)
8.259999999999913 (78.34967697054924, 1.0, 0.0)
8.279999999999912 (78.57758149296154, 1.0, 0.0)
8.299999999999912 (78.80549535206006, 1.0, 0.0)
8.319999999999911 (79.0334184171312, 1.0, 0.0)
8.339999999999911 (79.26135055929137, 1.0, 0.0)
8.35999999999991 (79.48929165146131, 1.0, 0.0)
8.37999999999991 (79.71724156834085, 1.0, 0.0)
8.39999999999991 (79.94520018638406, 1.0, 0.0)
8.41999999999991 (80.17316738377468, 1.0, 0.0)
8.439999999999909 (80.40114304040185, 1.0, 0.0)
8.459999999999908 (80.62912703783621, 1.0, 0.0)
8.479999999999908 (80.8571192593065, 1.0, 0.0)
8.499999999999908 (81.0851195896762, 1.0, 0.0)
8.519999999999907 (81.31312791542075, 1.0, 0.0)
8.539999999999907 (81.54114412460484, 1.0, 0.0)
8.559999999999906 (81.76916810686038, 1.0, 0.0)
8.579999999999906 (81.99719975336433, 1.0, 0.0)
8.599999999999905 (82.22523895681724, 1.0, 0.0)
8.619999999999905 (82.45328561142179, 1.0, 0.0)
8.639999999999905 (82.6813396128619, 1.0, 0.0)
8.659999999999904 (82.90940085828186, 1.0, 0.0)
8.679999999999904 (83.13746924626594, 1.0, 0.0)
8.699999999999903 (83.36554467681822, 1.0, 0.0)
8.719999999999903 (83.59362705134276, 1.0, 0.0)
8.739999999999903 (83.82171627262397, 1.0, 0.0)
8.759999999999902 (84.04981224480724, 1.0, 0.0)
8.779999999999902 (84.27791487337993, 1.0, 0.0)
8.799999999999901 (84.50602406515259, 1.0, 0.0)
8.8199999999999 (84.73413972824045, 1.0, 0.0)
8.8399999999999 (84.96226177204511, 1.0, 0.0)
8.8599999999999 (85.19039010723645, 1.0, 0.0)
8.8799999999999 (85.41852464573515, 1.0, 0.0)
8.899999999999899 (85.64666530069485, 1.0, 0.0)
8.919999999999899 (85.8748119864851, 1.0, 0.0)
8.939999999999898 (86.10296461867432, 1.0, 0.0)
8.959999999999898 (86.33112311401288, 1.0, 0.0)
8.979999999999897 (86.55928739041673, 1.0, 0.0)
8.999999999999897 (86.78745736695089, 1.0, 0.0)
9.019999999999897 (87.01563296381357, 1.0, 0.0)
9.039999999999896 (87.24381410232019, 1.0, 0.0)
9.059999999999896 (87.4720007048877, 1.0, 0.0)
9.079999999999895 (87.70019269501927, 1.0, 0.0)
9.099999999999895 (87.928389997289, 1.0, 0.0)
9.119999999999894 (88.15659253732696, 1.0, 0.0)
9.139999999999894 (88.38480024180438, 1.0, 0.0)
9.159999999999894 (88.61301303841913, 1.0, 0.0)
9.179999999999893 (88.84123085588124, 1.0, 0.0)
9.199999999999893 (89.06945362389888, 1.0, 0.0)
9.219999999999892 (89.2976812731643, 1.0, 0.0)
9.239999999999892 (89.52591373534, 1.0, 0.0)
9.259999999999891 (89.75415094304526, 1.0, 0.0)
9.279999999999891 (89.98239282984264, 1.0, 0.0)
9.29999999999989 (90.21063933022486, 1.0, 0.0)
9.31999999999989 (90.43889037960173, 1.0, 0.0)
9.33999999999989 (90.66714591428729, 1.0, 0.0)
9.35999999999989 (90.89540587148724, 1.0, 0.0)
9.379999999999889 (91.12367018928643, 1.0, 0.0)
9.399999999999888 (91.35193880663644, 1.0, 0.0)
9.419999999999888 (91.5802116633435, 1.0, 0.0)
9.439999999999888 (91.80848870005667, 1.0, 0.0)
9.459999999999887 (92.03676985825587, 1.0, 0.0)
9.479999999999887 (92.2650550802403, 1.0, 0.0)
9.499999999999886 (92.49334430911694, 1.0, 0.0)
9.519999999999886 (92.72163748878927, 1.0, 0.0)
9.539999999999885 (92.94993456394621, 1.0, 0.0)
9.559999999999885 (93.17823548005094, 1.0, 0.0)
9.579999999999885 (93.40654018333021, 1.0, 0.0)
9.599999999999884 (93.63484862076359, 1.0, 0.0)
9.619999999999884 (93.86316074007289, 1.0, 0.0)
9.639999999999883 (94.09147648971185, 1.0, 0.0)
9.659999999999883 (94.31979581885588, 1.0, 0.0)
9.679999999999882 (94.54811867739187, 1.0, 0.0)
9.699999999999882 (94.7764450159084, 1.0, 0.0)
9.719999999999882 (95.0047747856857, 1.0, 0.0)
9.739999999999881 (95.23310793868609, 1.0, 0.0)
9.75999999999988 (95.4614444275445, 1.0, 0.0)
9.77999999999988 (95.68978420555891, 1.0, 0.0)
9.79999999999988 (95.91812722668107, 1.0, 0.0)
9.81999999999988 (96.14647344550752, 1.0, 0.0)
9.839999999999879 (96.3748228172704, 1.0, 0.0)
9.859999999999879 (96.60317529782861, 1.0, 0.0)
9.879999999999878 (96.83153084365904, 1.0, 0.0)
9.899999999999878 (97.05988941184779, 1.0, 0.0)
9.919999999999877 (97.28825096008194, 1.0, 0.0)
9.939999999999877 (97.5166154466408, 1.0, 0.0)
9.959999999999877 (97.74498283038781, 1.0, 0.0)
9.979999999999876 (97.97335307076236, 1.0, 0.0)
9.999999999999876 (98.20172612777168, 1.0, 0.0)
10.019999999999875 (98.43010196198287, 1.0, 0.0)
10.039999999999875 (98.6552805345151, 1.0, 0.0)
10.059999999999874 (98.87730660703187, 1.0, 0.0)
10.079999999999874 (99.0962243145334, 1.0, 0.0)
10.099999999999874 (99.31207717412991, 1.0, 0.0)
10.119999999999873 (99.52490809369209, 1.0, 0.0)
10.139999999999873 (99.73475938038041, 1.0, 0.0)
10.159999999999872 (99.9416727490551, 1.0, 0.0)
10.179999999999872 (100.1456893305683, 1.0, 0.0)
10.199999999999871 (100.34684967994036, 1.0, 0.0)
10.219999999999871 (100.5451937844212, 1.0, 0.0)
10.23999999999987 (100.7407610714393, 1.0, 0.0)
10.25999999999987 (100.93359041643913, 1.0, 0.0)
10.27999999999987 (101.12372015060896, 1.0, 0.0)
10.29999999999987 (101.31118806850043, 1.0, 0.0)
10.319999999999869 (101.4960314355414, 1.0, 0.0)
10.339999999999868 (101.67828699544384, 1.0, 0.0)
10.359999999999868 (101.8579909775076, 1.0, 0.0)
10.379999999999868 (102.03517910382249, 1.0, 0.0)
10.399999999999867 (102.20988659636896, 1.0, 0.0)
10.419999999999867 (102.3821481840198, 1.0, 0.0)
10.439999999999866 (102.5519981094435, 1.0, 0.0)
10.459999999999866 (102.71947013591131, 1.0, 0.0)
10.479999999999865 (102.88459755400856, 1.0, 0.0)
10.499999999999865 (103.04741318825245, 1.0, 0.0)
10.519999999999865 (103.20794940361691, 1.0, 0.0)
10.539999999999864 (103.36623811196625, 1.0, 0.0)
10.559999999999864 (103.52231077839872, 1.0, 0.0)
10.579999999999863 (103.6761984275011, 1.0, 0.0)
10.599999999999863 (103.82793164951607, 1.0, 0.0)
10.619999999999862 (103.97754060642285, 1.0, 0.0)
10.639999999999862 (104.12505503793295, 1.0, 0.0)
10.659999999999862 (104.27050426740186, 1.0, 0.0)
10.679999999999861 (104.41391720765824, 1.0, 0.0)
10.69999999999986 (104.555322366751, 1.0, 0.0)
10.71999999999986 (104.69474785361649, 1.0, 0.0)
10.73999999999986 (104.83222138366585, 1.0, 0.0)
10.75999999999986 (104.96777028429455, 1.0, 0.0)
10.779999999999859 (105.10142150031442, 1.0, 0.0)
10.799999999999859 (105.23320159931001, 1.0, 0.0)
10.819999999999858 (105.36313677691965, 1.0, 0.0)
10.839999999999858 (105.49125286204276, 1.0, 0.0)
10.859999999999857 (105.61757532197413, 1.0, 0.0)
10.879999999999857 (105.74212926746651, 1.0, 0.0)
10.899999999999856 (105.86493945772196, 1.0, 0.0)
10.919999999999856 (105.98603030531388, 1.0, 0.0)
10.939999999999856 (106.10542588103948, 1.0, 0.0)
10.959999999999855 (106.2231499187049, 1.0, 0.0)
10.979999999999855 (106.33922581984302, 1.0, 0.0)
10.999999999999854 (106.45367665836523, 1.0, 0.0)
11.019999999999854 (106.56652518514812, 1.0, 0.0)
11.039999999999853 (106.67779383255606, 1.0, 0.0)
11.059999999999853 (106.78750471890027, 1.0, 0.0)
11.079999999999853 (106.89567965283567, 1.0, 0.0)
11.099999999999852 (107.00234013769597, 1.0, 0.0)
11.119999999999852 (107.1075073757682, 1.0, 0.0)
11.139999999999851 (107.21120227250742, 1.0, 0.0)
11.159999999999851 (107.3134454406923, 1.0, 0.0)
11.17999999999985 (107.41425720452258, 1.0, 0.0)
11.19999999999985 (107.51365760365928, 1.0, 0.0)
11.21999999999985 (107.61166639720807, 1.0, 0.0)
11.23999999999985 (107.70830306764714, 1.0, 0.0)
11.259999999999849 (107.80358682470006, 1.0, 0.0)
11.279999999999848 (107.89753660915426, 1.0, 0.0)
11.299999999999848 (107.99017109662611, 1.0, 0.0)
11.319999999999848 (108.08150870127332, 1.0, 0.0)
11.339999999999847 (108.17156757945548, 1.0, 0.0)
11.359999999999847 (108.2603656333431, 1.0, 0.0)
11.379999999999846 (108.3479205144763, 1.0, 0.0)
11.399999999999846 (108.43424962727363, 1.0, 0.0)
11.419999999999845 (108.51937013249182, 1.0, 0.0)
11.439999999999845 (108.60329895063694, 1.0, 0.0)
11.459999999999845 (108.68605276532804, 1.0, 0.0)
11.479999999999844 (108.76764802661347, 1.0, 0.0)
11.499999999999844 (108.84810095424086, 1.0, 0.0)
11.519999999999843 (108.92742754088147, 1.0, 0.0)
11.539999999999843 (109.00564355530912, 1.0, 0.0)
11.559999999999842 (109.08276454553481, 1.0, 0.0)
11.579999999999842 (109.15880584189733, 1.0, 0.0)
11.599999999999842 (109.23378256011074, 1.0, 0.0)
11.619999999999841 (109.30770960426918, 1.0, 0.0)
11.63999999999984 (109.38060166980938, 1.0, 0.0)
11.65999999999984 (109.45247324643202, 1.0, 0.0)
11.67999999999984 (109.52333862098197, 1.0, 0.0)
11.69999999999984 (109.59321188028821, 1.0, 0.0)
11.719999999999839 (109.66210691396418, 1.0, 0.0)
11.739999999999839 (109.73003741716866, 1.0, 0.0)
11.759999999999838 (109.7970168933283, 1.0, 0.0)
11.779999999999838 (109.86305865682169, 1.0, 0.0)
11.799999999999837 (109.92817583562618, 1.0, 0.0)
11.819999999999837 (109.9923813739274, 1.0, 0.0)
11.839999999999836 (110.05568803469242, 1.0, 0.0)
11.859999999999836 (110.1181084022067, 1.0, 0.0)
11.879999999999836 (110.17965488457583, 1.0, 0.0)
11.899999999999835 (110.24033971619178, 1.0, 0.0)
11.919999999999835 (110.30017496016512, 1.0, 0.0)
11.939999999999834 (110.35917251072283, 1.0, 0.0)
11.959999999999834 (110.41734409557273, 1.0, 0.0)
11.979999999999833 (110.4747012782347, 1.0, 0.0)
11.999999999999833 (110.53125546033942, 1.0, 0.0)
12.019999999999833 (110.58701788389465, 1.0, 0.0)
12.039999999999832 (110.64199963352013, 1.0, 0.0)
12.059999999999832 (110.69621163865082, 1.0, 0.0)
12.079999999999831 (110.74966467570971, 1.0, 0.0)
12.099999999999831 (110.80236937024978, 1.0, 0.0)
12.11999999999983 (110.85433619906627, 1.0, 0.0)
12.13999999999983 (110.90557549227935, 1.0, 0.0)
12.15999999999983 (110.95609743538745, 1.0, 0.0)
12.17999999999983 (111.00591207129202, 1.0, 0.0)
12.199999999999829 (111.05502930229392, 1.0, 0.0)
12.219999999999828 (111.10345889206178, 1.0, 0.0)
12.239999999999828 (111.15121046757292, 1.0, 0.0)
12.259999999999827 (111.19829352102693, 1.0, 0.0)
12.279999999999827 (111.24471741173255, 1.0, 0.0)
12.299999999999827 (111.29049136796829, 1.0, 0.0)
12.319999999999826 (111.33562448881673, 1.0, 0.0)
12.339999999999826 (111.38012574597332, 1.0, 0.0)
12.359999999999825 (111.42400398552968, 1.0, 0.0)
12.379999999999825 (111.46726792973226, 1.0, 0.0)
12.399999999999824 (111.509926178716, 1.0, 0.0)
12.419999999999824 (111.55198721221399, 1.0, 0.0)
12.439999999999824 (111.59345939124302, 1.0, 0.0)
12.459999999999823 (111.63435095976558, 1.0, 0.0)
12.479999999999823 (111.67467004632886, 1.0, 0.0)
12.499999999999822 (111.71442466568027, 1.0, 0.0)
12.519999999999822 (111.75362272036074, 1.0, 0.0)
12.539999999999822 (111.7922720022757, 1.0, 0.0)
12.559999999999821 (111.83038019424384, 1.0, 0.0)
12.57999999999982 (111.86795487152443, 1.0, 0.0)
12.59999999999982 (111.90500350332309, 1.0, 0.0)
12.61999999999982 (111.94153345427657, 1.0, 0.0)
12.63999999999982 (111.9775519859167, 1.0, 0.0)
12.659999999999819 (112.0130662581139, 1.0, 0.0)
12.679999999999819 (112.04808333050028, 1.0, 0.0)
12.699999999999818 (112.08261016387326, 1.0, 0.0)
12.719999999999818 (112.11665362157902, 1.0, 0.0)
12.739999999999817 (112.15022047087689, 1.0, 0.0)
12.759999999999817 (112.18331738428463, 1.0, 0.0)
12.779999999999816 (112.21595094090463, 1.0, 0.0)
12.799999999999816 (112.24812762773195, 1.0, 0.0)
12.819999999999816 (112.2798538409437, 1.0, 0.0)
12.839999999999815 (112.31113588717051, 1.0, 0.0)
12.859999999999815 (112.34197998475014, 1.0, 0.0)
12.879999999999814 (112.37239226496365, 1.0, 0.0)
12.899999999999814 (112.40237877325416, 1.0, 0.0)
12.919999999999813 (112.43194547042862, 1.0, 0.0)
12.939999999999813 (112.46109823384262, 1.0, 0.0)
12.959999999999813 (112.4898428585688, 1.0, 0.0)
12.979999999999812 (112.51818505854885, 1.0, 0.0)
12.999999999999812 (112.54613046772914, 1.0, 0.0)
13.019999999999811 (112.57368464118093, 1.0, 0.0)
13.03999999999981 (112.60085305620441, 1.0, 0.0)
13.05999999999981 (112.62764111341755, 1.0, 0.0)
13.07999999999981 (112.65405413782969, 1.0, 0.0)
13.09999999999981 (112.68009737990008, 1.0, 0.0)
13.11999999999981 (112.70577601658147, 1.0, 0.0)
13.139999999999809 (112.73109515234933, 1.0, 0.0)
13.159999999999808 (112.75605982021642, 1.0, 0.0)
13.179999999999808 (112.78067498273339, 1.0, 0.0)
13.199999999999807 (112.80494553297513, 1.0, 0.0)
13.219999999999807 (112.82887629551345, 1.0, 0.0)
13.239999999999807 (112.85247202737628, 1.0, 0.0)
13.259999999999806 (112.87573741899303, 1.0, 0.0)
13.279999999999806 (112.89867709512714, 1.0, 0.0)
13.299999999999805 (112.92129561579537, 1.0, 0.0)
13.319999999999805 (112.94359747717425, 1.0, 0.0)
13.339999999999804 (112.96558711249384, 1.0, 0.0)
13.359999999999804 (112.9872688929189, 1.0, 0.0)
13.379999999999804 (113.00864712841803, 1.0, 0.0)
13.399999999999803 (113.02972606862016, 1.0, 0.0)
13.419999999999803 (113.05050990365947, 1.0, 0.0)
13.439999999999802 (113.07100276500825, 1.0, 0.0)
13.459999999999802 (113.09120872629813, 1.0, 0.0)
13.479999999999801 (113.11113180412997, 1.0, 0.0)
13.499999999999801 (113.13077595887216, 1.0, 0.0)
13.5199999999998 (113.15014509544795, 1.0, 0.0)
13.5399999999998 (113.1692430641117, 1.0, 0.0)
13.5599999999998 (113.1880736612141, 1.0, 0.0)
13.5799999999998 (113.20664062995712, 1.0, 0.0)
13.599999999999799 (113.22494766113772, 1.0, 0.0)
13.619999999999798 (113.2429983938818, 1.0, 0.0)
13.639999999999798 (113.26079641636744, 1.0, 0.0)
13.659999999999798 (113.27834526653828, 1.0, 0.0)
13.679999999999797 (113.29564843280673, 1.0, 0.0)
13.699999999999797 (113.31270935474743, 1.0, 0.0)
13.719999999999796 (113.32953142378096, 1.0, 0.0)
13.739999999999796 (113.34611798384805, 1.0, 0.0)
13.759999999999796 (113.36247233207416, 1.0, 0.0)
13.779999999999795 (113.3785977194251, 1.0, 0.0)
13.799999999999795 (113.39449735135315, 1.0, 0.0)
13.819999999999794 (113.4101743884342, 1.0, 0.0)
13.839999999999794 (113.42563194699613, 1.0, 0.0)
13.859999999999793 (113.44087309973821, 1.0, 0.0)
13.879999999999793 (113.4559008763419, 1.0, 0.0)
13.899999999999793 (113.47071826407313, 1.0, 0.0)
13.919999999999792 (113.48532820837613, 1.0, 0.0)
13.939999999999792 (113.49973361345889, 1.0, 0.0)
13.959999999999791 (113.51393734287046, 1.0, 0.0)
13.97999999999979 (113.52794222007026, 1.0, 0.0)
13.99999999999979 (113.54175102898927, 1.0, 0.0)
14.01999999999979 (113.5553665145834, 1.0, 0.0)
14.03999999999979 (113.56879138337922, 1.0, 0.0)
14.059999999999789 (113.58202830401189, 1.0, 0.0)
14.079999999999789 (113.59507990775575, 1.0, 0.0)
14.099999999999788 (113.60794878904716, 1.0, 0.0)
14.119999999999788 (113.62063750600049, 1.0, 0.0)
14.139999999999787 (113.6331485809165, 1.0, 0.0)
14.159999999999787 (113.64548450078365, 1.0, 0.0)
14.179999999999787 (113.6576477177727, 1.0, 0.0)
14.199999999999786 (113.66964064972387, 1.0, 0.0)
14.219999999999786 (113.68146568062775, 1.0, 0.0)
14.239999999999785 (113.69312516109898, 1.0, 0.0)
14.259999999999785 (113.7046214088436, 1.0, 0.0)
14.279999999999784 (113.71595670911978, 1.0, 0.0)
14.299999999999784 (113.72713331519208, 1.0, 0.0)
14.319999999999784 (113.73815344877937, 1.0, 0.0)
14.339999999999783 (113.74901930049646, 1.0, 0.0)
14.359999999999783 (113.75973303028951, 1.0, 0.0)
14.379999999999782 (113.77029676786543, 1.0, 0.0)
14.399999999999782 (113.78071261311533, 1.0, 0.0)
14.419999999999781 (113.79098263653174, 1.0, 0.0)
14.439999999999781 (113.8011088796203, 1.0, 0.0)
14.45999999999978 (113.81109335530562, 1.0, 0.0)
14.47999999999978 (113.82093804833136, 1.0, 0.0)
14.49999999999978 (113.83064491565472, 1.0, 0.0)
14.51999999999978 (113.84021588683555, 1.0, 0.0)
14.539999999999779 (113.84965286441985, 1.0, 0.0)
14.559999999999778 (113.85895772431797, 1.0, 0.0)
14.579999999999778 (113.86813231617754, 1.0, 0.0)
14.599999999999778 (113.87717846375108, 1.0, 0.0)
14.619999999999777 (113.88609796525856, 1.0, 0.0)
14.639999999999777 (113.89489259374494, 1.0, 0.0)
14.659999999999776 (113.90356409743254, 1.0, 0.0)
14.679999999999776 (113.91211420006846, 1.0, 0.0)
14.699999999999775 (113.92054460126752, 1.0, 0.0)
14.719999999999775 (113.92885697684977, 1.0, 0.0)
14.739999999999775 (113.93705297917387, 1.0, 0.0)
14.759999999999774 (113.94513423746542, 1.0, 0.0)
14.779999999999774 (113.95310235814088, 1.0, 0.0)
14.799999999999773 (113.96095892512693, 1.0, 0.0)
14.819999999999773 (113.96870550017513, 1.0, 0.0)
14.839999999999772 (113.97634362317268, 1.0, 0.0)
14.859999999999772 (113.98387481244828, 1.0, 0.0)
14.879999999999772 (113.99130056507403, 1.0, 0.0)
14.899999999999771 (113.99862235716301, 1.0, 0.0)
14.91999999999977 (114.00584164416273, 1.0, 0.0)
14.93999999999977 (114.01295986114445, 1.0, 0.0)
14.95999999999977 (114.01997842308845, 1.0, 0.0)
14.97999999999977 (114.02689872516521, 1.0, 0.0)
14.999999999999769 (114.03372214301288, 1.0, 0.0)
15.019999999999769 (114.0404500330107, 1.0, 0.0)
15.039999999999768 (114.04708373254857, 1.0, 0.0)
15.059999999999768 (114.05362456029292, 1.0, 0.0)
15.079999999999767 (114.06007381644883, 1.0, 0.0)
15.099999999999767 (114.06643278301857, 1.0, 0.0)
15.119999999999767 (114.07270272405628, 1.0, 0.0)
15.139999999999766 (114.07888488591948, 1.0, 0.0)
15.159999999999766 (114.0849804975166, 1.0, 0.0)
15.179999999999765 (114.09099077055134, 1.0, 0.0)
15.199999999999765 (114.09691689976364, 1.0, 0.0)
15.219999999999764 (114.10276006316695, 1.0, 0.0)
15.239999999999764 (114.10852142228259, 1.0, 0.0)
15.259999999999764 (114.11420212237061, 1.0, 0.0)
15.279999999999763 (114.11980329265742, 1.0, 0.0)
15.299999999999763 (114.12532604656025, 1.0, 0.0)
15.319999999999762 (114.13077148190843, 1.0, 0.0)
15.339999999999762 (114.13614068116169, 1.0, 0.0)
15.359999999999761 (114.14143471162544, 1.0, 0.0)
15.379999999999761 (114.14665462566268, 1.0, 0.0)
15.39999999999976 (114.15180146090341, 1.0, 0.0)
15.41999999999976 (114.15687624045074, 1.0, 0.0)
15.43999999999976 (114.16187997308441, 1.0, 0.0)
15.45999999999976 (114.16681365346125, 1.0, 0.0)
15.479999999999759 (114.17167826231281, 1.0, 0.0)
15.499999999999758 (114.17647476664041, 1.0, 0.0)
15.519999999999758 (114.18120411990742, 1.0, 0.0)
15.539999999999758 (114.18586726222873, 1.0, 0.0)
15.559999999999757 (114.19046512055752, 1.0, 0.0)
15.579999999999757 (114.1949986088697, 1.0, 0.0)
15.599999999999756 (114.19946862834553, 1.0, 0.0)
15.619999999999756 (114.20387606754866, 1.0, 0.0)
15.639999999999755 (114.20822180260296, 1.0, 0.0)
15.659999999999755 (114.2125066973665, 1.0, 0.0)
15.679999999999755 (114.21673160360336, 1.0, 0.0)
15.699999999999754 (114.22089736115294, 1.0, 0.0)
15.719999999999754 (114.22500479809679, 1.0, 0.0)
15.739999999999753 (114.22905473092345, 1.0, 0.0)
15.759999999999753 (114.23304796469051, 1.0, 0.0)
15.779999999999752 (114.23698529318483, 1.0, 0.0)
15.799999999999752 (114.24086749908025, 1.0, 0.0)
15.819999999999752 (114.24469535409315, 1.0, 0.0)
15.839999999999751 (114.24846961913585, 1.0, 0.0)
15.85999999999975 (114.25219104446796, 1.0, 0.0)
15.87999999999975 (114.25586036984544, 1.0, 0.0)
15.89999999999975 (114.25947832466761, 1.0, 0.0)
15.91999999999975 (114.26304562812226, 1.0, 0.0)
15.939999999999749 (114.26656298932852, 1.0, 0.0)
15.959999999999749 (114.2700311074779, 1.0, 0.0)
15.979999999999748 (114.2734506719732, 1.0, 0.0)
15.999999999999748 (114.27682236256555, 1.0, 0.0)
16.019999999999747 (114.28014684948965, 1.0, 0.0)
16.039999999999747 (114.2834247935968, 1.0, 0.0)
16.059999999999746 (114.28665684648644, 1.0, 0.0)
16.079999999999746 (114.28984365063565, 1.0, 0.0)
16.099999999999746 (114.29298583952675, 1.0, 0.0)
16.119999999999745 (114.29608403777337, 1.0, 0.0)
16.139999999999745 (114.29913886124456, 1.0, 0.0)
16.159999999999744 (114.30215091718713, 1.0, 0.0)
16.179999999999744 (114.30512080434653, 1.0, 0.0)
16.199999999999743 (114.3080491130857, 1.0, 0.0)
16.219999999999743 (114.31093642550252, 1.0, 0.0)
16.239999999999743 (114.31378331554549, 1.0, 0.0)
16.259999999999742 (114.31659034912786, 1.0, 0.0)
16.279999999999742 (114.3193580842401, 1.0, 0.0)
16.29999999999974 (114.32208707106071, 1.0, 0.0)
16.31999999999974 (114.32477785206584, 1.0, 0.0)
16.33999999999974 (114.32743096213693, 1.0, 0.0)
16.35999999999974 (114.330046928667, 1.0, 0.0)
16.37999999999974 (114.33262627166567, 1.0, 0.0)
16.39999999999974 (114.33516950386235, 1.0, 0.0)
16.41999999999974 (114.33767713080829, 1.0, 0.0)
16.43999999999974 (114.34014965097697, 1.0, 0.0)
16.459999999999738 (114.3425875558633, 1.0, 0.0)
16.479999999999738 (114.3449913300812, 1.0, 0.0)
16.499999999999737 (114.34736145146007, 1.0, 0.0)
16.519999999999737 (114.34969839113961, 1.0, 0.0)
16.539999999999736 (114.35200261366367, 1.0, 0.0)
16.559999999999736 (114.35427457707237, 1.0, 0.0)
16.579999999999735 (114.35651473299339, 1.0, 0.0)
16.599999999999735 (114.35872352673147, 1.0, 0.0)
16.619999999999735 (114.36090139735722, 1.0, 0.0)
16.639999999999734 (114.36304877779423, 1.0, 0.0)
16.659999999999734 (114.36516609490513, 1.0, 0.0)
16.679999999999733 (114.36725376957645, 1.0, 0.0)
16.699999999999733 (114.36931221680237, 1.0, 0.0)
16.719999999999732 (114.37134184576712, 1.0, 0.0)
16.739999999999732 (114.37334305992636, 1.0, 0.0)
16.75999999999973 (114.37531625708738, 1.0, 0.0)
16.77999999999973 (114.37726182948813, 1.0, 0.0)
16.79999999999973 (114.37918016387528, 1.0, 0.0)
16.81999999999973 (114.381071641581, 1.0, 0.0)
16.83999999999973 (114.38293663859889, 1.0, 0.0)
16.85999999999973 (114.38477552565848, 1.0, 0.0)
16.87999999999973 (114.38658866829928, 1.0, 0.0)
16.89999999999973 (114.38837642694307, 1.0, 0.0)
16.919999999999728 (114.39013915696586, 1.0, 0.0)
16.939999999999728 (114.39187720876834, 1.0, 0.0)
16.959999999999727 (114.3935909278456, 1.0, 0.0)
16.979999999999727 (114.39528065485575, 1.0, 0.0)
16.999999999999726 (114.39694672568777, 1.0, 0.0)
17.019999999999726 (114.39858947152811, 1.0, 0.0)
17.039999999999726 (114.4002092189267, 1.0, 0.0)
17.059999999999725 (114.40180628986172, 1.0, 0.0)
17.079999999999725 (114.40338100180367, 1.0, 0.0)
17.099999999999724 (114.40493366777844, 1.0, 0.0)
17.119999999999724 (114.40646459642954, 1.0, 0.0)
17.139999999999723 (114.40797409207954, 1.0, 0.0)
17.159999999999723 (114.4094624547904, 1.0, 0.0)
17.179999999999723 (114.41092998042336, 1.0, 0.0)
17.199999999999722 (114.41237696069743, 1.0, 0.0)
17.21999999999972 (114.41380368324769, 1.0, 0.0)
17.23999999999972 (114.41521043168223, 1.0, 0.0)
17.25999999999972 (114.41659748563865, 1.0, 0.0)
17.27999999999972 (114.41796512083971, 1.0, 0.0)
17.29999999999972 (114.41931360914793, 1.0, 0.0)
17.31999999999972 (114.42064321861989, 1.0, 0.0)
17.33999999999972 (114.42195421355922, 1.0, 0.0)
17.35999999999972 (114.42324685456941, 1.0, 0.0)
17.37999999999972 (114.42452139860546, 1.0, 0.0)
17.399999999999718 (114.42577809902497, 1.0, 0.0)
17.419999999999717 (114.4270172056386, 1.0, 0.0)
17.439999999999717 (114.42823896475966, 1.0, 0.0)
17.459999999999717 (114.42944361925305, 1.0, 0.0)
17.479999999999716 (114.43063140858351, 1.0, 0.0)
17.499999999999716 (114.43180256886336, 1.0, 0.0)
17.519999999999715 (114.43295733289926, 1.0, 0.0)
17.539999999999715 (114.4340959302387, 1.0, 0.0)
17.559999999999715 (114.43521858721533, 1.0, 0.0)
17.579999999999714 (114.43632552699432, 1.0, 0.0)
17.599999999999714 (114.43741696961638, 1.0, 0.0)
17.619999999999713 (114.43849313204174, 1.0, 0.0)
17.639999999999713 (114.43955422819317, 1.0, 0.0)
17.659999999999712 (114.44060046899847, 1.0, 0.0)
17.679999999999712 (114.44163206243252, 1.0, 0.0)
17.69999999999971 (114.44264921355847, 1.0, 0.0)
17.71999999999971 (114.44365212456864, 1.0, 0.0)
17.73999999999971 (114.44464099482468, 1.0, 0.0)
17.75999999999971 (114.44561602089715, 1.0, 0.0)
17.77999999999971 (114.4465773966046, 1.0, 0.0)
17.79999999999971 (114.44752531305215, 1.0, 0.0)
17.81999999999971 (114.44845995866945, 1.0, 0.0)
17.83999999999971 (114.44938151924805, 1.0, 0.0)
17.859999999999708 (114.45029017797856, 1.0, 0.0)
17.879999999999708 (114.45118611548685, 1.0, 0.0)
17.899999999999707 (114.45206950987006, 1.0, 0.0)
17.919999999999707 (114.45294053673189, 1.0, 0.0)
17.939999999999706 (114.45379936921762, 1.0, 0.0)
17.959999999999706 (114.45464617804856, 1.0, 0.0)
17.979999999999706 (114.45548113155587, 1.0, 0.0)
17.999999999999705 (114.45630439571408, 1.0, 0.0)
18.019999999999705 (114.4571161341741, 1.0, 0.0)
18.039999999999704 (114.45791650829568, 1.0, 0.0)
18.059999999999704 (114.45870567717952, 1.0, 0.0)
18.079999999999703 (114.45948379769902, 1.0, 0.0)
18.099999999999703 (114.46025102453126, 1.0, 0.0)
18.119999999999703 (114.46100751018781, 1.0, 0.0)
18.139999999999702 (114.46175340504516, 1.0, 0.0)
18.1599999999997 (114.46248885737452, 1.0, 0.0)
18.1799999999997 (114.46321401337127, 1.0, 0.0)
18.1999999999997 (114.46392901718406, 1.0, 0.0)
18.2199999999997 (114.46463401094348, 1.0, 0.0)
18.2399999999997 (114.4653291347903, 1.0, 0.0)
18.2599999999997 (114.46601452690322, 1.0, 0.0)
18.2799999999997 (114.46669032352656, 1.0, 0.0)
18.2999999999997 (114.46735665899718, 1.0, 0.0)
18.3199999999997 (114.4680136657712, 1.0, 0.0)
18.339999999999698 (114.46866147445041, 1.0, 0.0)
18.359999999999697 (114.46930021380808, 1.0, 0.0)
18.379999999999697 (114.46993001081478, 1.0, 0.0)
18.399999999999697 (114.47055099066336, 1.0, 0.0)
18.419999999999696 (114.47116327679407, 1.0, 0.0)
18.439999999999696 (114.47176699091898, 1.0, 0.0)
18.459999999999695 (114.47236225304613, 1.0, 0.0)
18.479999999999695 (114.47294918150351, 1.0, 0.0)
18.499999999999694 (114.47352789296247, 1.0, 0.0)
18.519999999999694 (114.474098502461, 1.0, 0.0)
18.539999999999694 (114.47466112342653, 1.0, 0.0)
18.559999999999693 (114.47521586769858, 1.0, 0.0)
18.579999999999693 (114.47576284555078, 1.0, 0.0)
18.599999999999692 (114.47630216571304, 1.0, 0.0)
18.619999999999692 (114.47683393539307, 1.0, 0.0)
18.63999999999969 (114.47735826029759, 1.0, 0.0)
18.65999999999969 (114.47787524465343, 1.0, 0.0)
18.67999999999969 (114.47838499122827, 1.0, 0.0)
18.69999999999969 (114.47888760135106, 1.0, 0.0)
18.71999999999969 (114.47938317493214, 1.0, 0.0)
18.73999999999969 (114.47987181048308, 1.0, 0.0)
18.75999999999969 (114.48035360513632, 1.0, 0.0)
18.77999999999969 (114.48082865466438, 1.0, 0.0)
18.799999999999688 (114.48129705349908, 1.0, 0.0)
18.819999999999688 (114.4817588947501, 1.0, 0.0)
18.839999999999687 (114.48221427022361, 1.0, 0.0)
18.859999999999687 (114.48266327044047, 1.0, 0.0)
18.879999999999686 (114.48310598465429, 1.0, 0.0)
18.899999999999686 (114.48354250086913, 1.0, 0.0)
18.919999999999686 (114.48397290585694, 1.0, 0.0)
18.939999999999685 (114.48439728517496, 1.0, 0.0)
18.959999999999685 (114.48481572318252, 1.0, 0.0)
18.979999999999684 (114.48522830305797, 1.0, 0.0)
18.999999999999684 (114.48563510681515, 1.0, 0.0)
19.019999999999683 (114.48603621531976, 1.0, 0.0)
19.039999999999683 (114.4864317083053, 1.0, 0.0)
19.059999999999683 (114.48682166438903, 1.0, 0.0)
19.079999999999682 (114.48720616108756, 1.0, 0.0)
19.09999999999968 (114.48758527483233, 1.0, 0.0)
19.11999999999968 (114.4879590809847, 1.0, 0.0)
19.13999999999968 (114.48832765385089, 1.0, 0.0)
19.15999999999968 (114.48869106669696, 1.0, 0.0)
19.17999999999968 (114.48904939176322, 1.0, 0.0)
19.19999999999968 (114.4894027002785, 1.0, 0.0)
19.21999999999968 (114.48975106247462, 1.0, 0.0)
19.23999999999968 (114.4900945476, 1.0, 0.0)
19.25999999999968 (114.49043322393362, 1.0, 0.0)
19.279999999999678 (114.49076715879858, 1.0, 0.0)
19.299999999999677 (114.49109641857541, 1.0, 0.0)
19.319999999999677 (114.49142106871534, 1.0, 0.0)
19.339999999999677 (114.49174117375333, 1.0, 0.0)
19.359999999999676 (114.4920567973208, 1.0, 0.0)
19.379999999999676 (114.49236800215829, 1.0, 0.0)
19.399999999999675 (114.49267485012808, 1.0, 0.0)
19.419999999999675 (114.4929774022263, 1.0, 0.0)
19.439999999999674 (114.49327571859516, 1.0, 0.0)
19.459999999999674 (114.49356985853484, 1.0, 0.0)
19.479999999999674 (114.49385988051534, 1.0, 0.0)
19.499999999999673 (114.49414584218812, 1.0, 0.0)
19.519999999999673 (114.49442780039749, 1.0, 0.0)
19.539999999999672 (114.49470581119192, 1.0, 0.0)
19.559999999999672 (114.49497992983521, 1.0, 0.0)
19.57999999999967 (114.49525021081752, 1.0, 0.0)
19.59999999999967 (114.49551670786605, 1.0, 0.0)
19.61999999999967 (114.4957794739559, 1.0, 0.0)
19.63999999999967 (114.49603856132052, 1.0, 0.0)
19.65999999999967 (114.496294021462, 1.0, 0.0)
19.67999999999967 (114.49654590516155, 1.0, 0.0)
19.69999999999967 (114.49679426248929, 1.0, 0.0)
19.71999999999967 (114.49703914281446, 1.0, 0.0)
19.739999999999668 (114.49728059481504, 1.0, 0.0)
19.759999999999668 (114.49751866648762, 1.0, 0.0)
19.779999999999667 (114.4977534051568, 1.0, 0.0)
19.799999999999667 (114.4979848574846, 1.0, 0.0)
19.819999999999666 (114.49821306947979, 1.0, 0.0)
19.839999999999666 (114.49843808650706, 1.0, 0.0)
19.859999999999665 (114.49865995329594, 1.0, 0.0)
19.879999999999665 (114.49887871394981, 1.0, 0.0)
19.899999999999665 (114.4990944119545, 1.0, 0.0)
19.919999999999664 (114.49930709018713, 1.0, 0.0)
19.939999999999664 (114.49951679092453, 1.0, 0.0)
19.959999999999663 (114.49972355585157, 1.0, 0.0)
19.979999999999663 (114.49992742606963, 1.0, 0.0)
19.999999999999662 (114.50012844210465, 1.0, 0.0)
20.019999999999662 (114.50032664391517, 1.0, 0.0)
20.03999999999966 (114.50052207090033, 1.0, 0.0)
20.05999999999966 (114.50071476190772, 1.0, 0.0)
20.07999999999966 (114.50090475524098, 1.0, 0.0)
20.09999999999966 (114.50109208866763, 1.0, 0.0)
20.11999999999966 (114.50127679942631, 1.0, 0.0)
20.13999999999966 (114.50145892423433, 1.0, 0.0)
20.15999999999966 (114.50163849929504, 1.0, 0.0)
20.17999999999966 (114.50181556030492, 1.0, 0.0)
20.19999999999966 (114.50199014246067, 1.0, 0.0)
20.219999999999658 (114.50216228046622, 1.0, 0.0)
20.239999999999657 (114.50233200853967, 1.0, 0.0)
20.259999999999657 (114.50249936042013, 1.0, 0.0)
20.279999999999657 (114.50266436937426, 1.0, 0.0)
20.299999999999656 (114.50282706820303, 1.0, 0.0)
20.319999999999656 (114.5029874892482, 1.0, 0.0)
20.339999999999655 (114.50314566439874, 1.0, 0.0)
20.359999999999655 (114.50330162509715, 1.0, 0.0)
20.379999999999654 (114.50345540234576, 1.0, 0.0)
20.399999999999654 (114.50360702671293, 1.0, 0.0)
20.419999999999654 (114.50375652833895, 1.0, 0.0)
20.439999999999653 (114.50390393694221, 1.0, 0.0)
20.459999999999653 (114.50404928182502, 1.0, 0.0)
20.479999999999652 (114.50419259187947, 1.0, 0.0)
20.499999999999652 (114.50433389559316, 1.0, 0.0)
20.51999999999965 (114.50447322105487, 1.0, 0.0)
20.53999999999965 (114.50461059596012, 1.0, 0.0)
20.55999999999965 (114.50474604761666, 1.0, 0.0)
20.57999999999965 (114.50487960295004, 1.0, 0.0)
20.59999999999965 (114.50501128850874, 1.0, 0.0)
20.61999999999965 (114.50514113046961, 1.0, 0.0)
20.63999999999965 (114.50526915464303, 1.0, 0.0)
20.65999999999965 (114.50539538647803, 1.0, 0.0)
20.679999999999648 (114.50551985106733, 1.0, 0.0)
20.699999999999648 (114.50564257315239, 1.0, 0.0)
20.719999999999647 (114.50576357712828, 1.0, 0.0)
20.739999999999647 (114.50588288704847, 1.0, 0.0)
20.759999999999646 (114.5060005266298, 1.0, 0.0)
20.779999999999646 (114.50611651925698, 1.0, 0.0)
20.799999999999645 (114.50623088798739, 1.0, 0.0)
20.819999999999645 (114.50634365555555, 1.0, 0.0)
20.839999999999645 (114.5064548443778, 1.0, 0.0)
20.859999999999644 (114.50656447655649, 1.0, 0.0)
20.879999999999644 (114.50667257388471, 1.0, 0.0)
20.899999999999643 (114.5067791578503, 1.0, 0.0)
20.919999999999643 (114.5068842496404, 1.0, 0.0)
20.939999999999642 (114.50698787014545, 1.0, 0.0)
20.959999999999642 (114.50709003996343, 1.0, 0.0)
20.97999999999964 (114.50719077940391, 1.0, 0.0)
20.99999999999964 (114.50729010849227, 1.0, 0.0)
21.01999999999964 (114.5073880469734, 1.0, 0.0)
21.03999999999964 (114.50748461431579, 1.0, 0.0)
21.05999999999964 (114.50757982971538, 1.0, 0.0)
21.07999999999964 (114.50767371209935, 1.0, 0.0)
21.09999999999964 (114.50776628012994, 1.0, 0.0)
21.11999999999964 (114.50785755220812, 1.0, 0.0)
21.139999999999638 (114.50794754647723, 1.0, 0.0)
21.159999999999638 (114.50803628082656, 1.0, 0.0)
21.179999999999637 (114.50812377289498, 1.0, 0.0)
21.199999999999637 (114.50821004007446, 1.0, 0.0)
21.219999999999636 (114.50829509951342, 1.0, 0.0)
21.239999999999636 (114.50837896812021, 1.0, 0.0)
21.259999999999636 (114.5084616625665, 1.0, 0.0)
21.279999999999635 (114.50854319929056, 1.0, 0.0)
21.299999999999635 (114.50862359450048, 1.0, 0.0)
21.319999999999634 (114.50870286417745, 1.0, 0.0)
21.339999999999634 (114.50878102407898, 1.0, 0.0)
21.359999999999634 (114.50885808974186, 1.0, 0.0)
21.379999999999633 (114.5089340764855, 1.0, 0.0)
21.399999999999633 (114.50900899941473, 1.0, 0.0)
21.419999999999632 (114.50908287342293, 1.0, 0.0)
21.439999999999632 (114.50915571319501, 1.0, 0.0)
21.45999999999963 (114.50922753321026, 1.0, 0.0)
21.47999999999963 (114.5092983477453, 1.0, 0.0)
21.49999999999963 (114.50936817087688, 1.0, 0.0)
21.51999999999963 (114.50943701648458, 1.0, 0.0)
21.53999999999963 (114.5095048982538, 1.0, 0.0)
21.55999999999963 (114.50957182967824, 1.0, 0.0)
21.57999999999963 (114.50963782406274, 1.0, 0.0)
21.59999999999963 (114.50970289452584, 1.0, 0.0)
21.619999999999628 (114.50976705400251, 1.0, 0.0)
21.639999999999628 (114.50983031524646, 1.0, 0.0)
21.659999999999627 (114.509892690833, 1.0, 0.0)
21.679999999999627 (114.50995419316132, 1.0, 0.0)
21.699999999999626 (114.51001483445708, 1.0, 0.0)
21.719999999999626 (114.51007462677467, 1.0, 0.0)
21.739999999999625 (114.51013358199981, 1.0, 0.0)
21.759999999999625 (114.5101917118518, 1.0, 0.0)
21.779999999999625 (114.51024902788589, 1.0, 0.0)
21.799999999999624 (114.51030554149548, 1.0, 0.0)
21.819999999999624 (114.51036126391455, 1.0, 0.0)
21.839999999999623 (114.51041620621976, 1.0, 0.0)
21.859999999999623 (114.51047037933267, 1.0, 0.0)
21.879999999999622 (114.51052379402199, 1.0, 0.0)
21.899999999999622 (114.51057646090567, 1.0, 0.0)
21.91999999999962 (114.51062839045301, 1.0, 0.0)
21.93999999999962 (114.51067959298666, 1.0, 0.0)
21.95999999999962 (114.51073007868484, 1.0, 0.0)
21.97999999999962 (114.51077985758326, 1.0, 0.0)
21.99999999999962 (114.5108289395771, 1.0, 0.0)
22.01999999999962 (114.51087733442301, 1.0, 0.0)
22.03999999999962 (114.51092505174108, 1.0, 0.0)
22.05999999999962 (114.5109721010167, 1.0, 0.0)
22.079999999999618 (114.51101849160244, 1.0, 0.0)
22.099999999999618 (114.51106423272, 1.0, 0.0)
22.119999999999617 (114.51110933346195, 1.0, 0.0)
22.139999999999617 (114.5111538027935, 1.0, 0.0)
22.159999999999616 (114.51119764955439, 1.0, 0.0)
22.179999999999616 (114.51124088246064, 1.0, 0.0)
22.199999999999616 (114.51128351010618, 1.0, 0.0)
22.219999999999615 (114.51132554096472, 1.0, 0.0)
22.239999999999615 (114.51136698339121, 1.0, 0.0)
22.259999999999614 (114.51140784562375, 1.0, 0.0)
22.279999999999614 (114.51144813578503, 1.0, 0.0)
22.299999999999613 (114.51148786188406, 1.0, 0.0)
22.319999999999613 (114.5115270318177, 1.0, 0.0)
22.339999999999613 (114.51156565337226, 1.0, 0.0)
22.359999999999612 (114.51160373422505, 1.0, 0.0)
22.37999999999961 (114.51164128194591, 1.0, 0.0)
22.39999999999961 (114.51167830399868, 1.0, 0.0)
22.41999999999961 (114.51171480774269, 1.0, 0.0)
22.43999999999961 (114.5117508004343, 1.0, 0.0)
22.45999999999961 (114.51178628922821, 1.0, 0.0)
22.47999999999961 (114.51182128117904, 1.0, 0.0)
22.49999999999961 (114.51185578324254, 1.0, 0.0)
22.51999999999961 (114.51188980227715, 1.0, 0.0)
22.53999999999961 (114.51192334504526, 1.0, 0.0)
22.559999999999608 (114.51195641821465, 1.0, 0.0)
22.579999999999607 (114.51198902835966, 1.0, 0.0)
22.599999999999607 (114.51202118196261, 1.0, 0.0)
22.619999999999607 (114.51205288541513, 1.0, 0.0)
22.639999999999606 (114.51208414501934, 1.0, 0.0)
22.659999999999606 (114.51211496698909, 1.0, 0.0)
22.679999999999605 (114.51214535745123, 1.0, 0.0)
22.699999999999605 (114.51217532244692, 1.0, 0.0)
22.719999999999605 (114.51220486793267, 1.0, 0.0)
22.739999999999604 (114.51223399978159, 1.0, 0.0)
22.759999999999604 (114.51226272378466, 1.0, 0.0)
22.779999999999603 (114.5122910456517, 1.0, 0.0)
22.799999999999603 (114.51231897101258, 1.0, 0.0)
22.819999999999602 (114.5123465054184, 1.0, 0.0)
22.839999999999602 (114.51237365434253, 1.0, 0.0)
22.8599999999996 (114.51240042318176, 1.0, 0.0)
22.8799999999996 (114.51242681725722, 1.0, 0.0)
22.8999999999996 (114.51245284181562, 1.0, 0.0)
22.9199999999996 (114.5124785020302, 1.0, 0.0)
22.9399999999996 (114.51250380300178, 1.0, 0.0)
22.9599999999996 (114.51252874975978, 1.0, 0.0)
22.9799999999996 (114.51255334726312, 1.0, 0.0)
22.9999999999996 (114.51257760040141, 1.0, 0.0)
23.019999999999598 (114.51260151399578, 1.0, 0.0)
23.039999999999598 (114.51262509279985, 1.0, 0.0)
23.059999999999597 (114.51264834150066, 1.0, 0.0)
23.079999999999597 (114.51267126471964, 1.0, 0.0)
23.099999999999596 (114.51269386701358, 1.0, 0.0)
23.119999999999596 (114.51271615287538, 1.0, 0.0)
23.139999999999596 (114.51273812673514, 1.0, 0.0)
23.159999999999595 (114.51275979296088, 1.0, 0.0)
23.179999999999595 (114.51278115585944, 1.0, 0.0)
23.199999999999594 (114.51280221967744, 1.0, 0.0)
23.219999999999594 (114.51282298860195, 1.0, 0.0)
23.239999999999593 (114.51284346676152, 1.0, 0.0)
23.259999999999593 (114.51286365822688, 1.0, 0.0)
23.279999999999593 (114.51288356701173, 1.0, 0.0)
23.299999999999592 (114.51290319707357, 1.0, 0.0)
23.31999999999959 (114.51292255231454, 1.0, 0.0)
23.33999999999959 (114.51294163658213, 1.0, 0.0)
23.35999999999959 (114.51296045366996, 1.0, 0.0)
23.37999999999959 (114.51297900731856, 1.0, 0.0)
23.39999999999959 (114.5129973012161, 1.0, 0.0)
23.41999999999959 (114.51301533899908, 1.0, 0.0)
23.43999999999959 (114.51303312425307, 1.0, 0.0)
23.45999999999959 (114.51305066051356, 1.0, 0.0)
23.47999999999959 (114.51306795126635, 1.0, 0.0)
23.499999999999588 (114.5130849999486, 1.0, 0.0)
23.519999999999587 (114.51310180994932, 1.0, 0.0)
23.539999999999587 (114.51311838461004, 1.0, 0.0)
23.559999999999587 (114.51313472722552, 1.0, 0.0)
23.579999999999586 (114.51315084104436, 1.0, 0.0)
23.599999999999586 (114.51316672926976, 1.0, 0.0)
23.619999999999585 (114.51318239505997, 1.0, 0.0)
23.639999999999585 (114.51319784152912, 1.0, 0.0)
23.659999999999584 (114.51321307174771, 1.0, 0.0)
23.679999999999584 (114.51322808874323, 1.0, 0.0)
23.699999999999584 (114.51324289550081, 1.0, 0.0)
23.719999999999583 (114.5132574949638, 1.0, 0.0)
23.739999999999583 (114.51327189003433, 1.0, 0.0)
23.759999999999582 (114.51328608357386, 1.0, 0.0)
23.779999999999582 (114.5133000784038, 1.0, 0.0)
23.79999999999958 (114.51331387730613, 1.0, 0.0)
23.81999999999958 (114.51332748302383, 1.0, 0.0)
23.83999999999958 (114.5133408982615, 1.0, 0.0)
23.85999999999958 (114.51335412568585, 1.0, 0.0)
23.87999999999958 (114.51336716792628, 1.0, 0.0)
23.89999999999958 (114.5133800275753, 1.0, 0.0)
23.91999999999958 (114.51339270718927, 1.0, 0.0)
23.93999999999958 (114.51340520928863, 1.0, 0.0)
23.959999999999578 (114.51341753635859, 1.0, 0.0)
23.979999999999578 (114.51342969084959, 1.0, 0.0)
23.999999999999577 (114.51344167517772, 1.0, 0.0)
24.019999999999577 (114.51345349172522, 1.0, 0.0)
24.039999999999576 (114.51346514284108, 1.0, 0.0)
24.059999999999576 (114.5134766308413, 1.0, 0.0)
24.079999999999576 (114.51348795800953, 1.0, 0.0)
24.099999999999575 (114.51349912659742, 1.0, 0.0)
24.119999999999575 (114.51351013882504, 1.0, 0.0)
24.139999999999574 (114.51352099688148, 1.0, 0.0)
24.159999999999574 (114.51353170292515, 1.0, 0.0)
24.179999999999573 (114.5135422590842, 1.0, 0.0)
24.199999999999573 (114.51355266745702, 1.0, 0.0)
24.219999999999573 (114.51356293011264, 1.0, 0.0)
24.239999999999572 (114.51357304909106, 1.0, 0.0)
24.25999999999957 (114.51358302640381, 1.0, 0.0)
24.27999999999957 (114.51359286403414, 1.0, 0.0)
24.29999999999957 (114.51360256393764, 1.0, 0.0)
24.31999999999957 (114.5136121280425, 1.0, 0.0)
24.33999999999957 (114.5136215582499, 1.0, 0.0)
24.35999999999957 (114.51363085643442, 1.0, 0.0)
24.37999999999957 (114.51364002444433, 1.0, 0.0)
24.39999999999957 (114.51364906410208, 1.0, 0.0)
24.41999999999957 (114.51365797720467, 1.0, 0.0)
24.439999999999568 (114.5136667655238, 1.0, 0.0)
24.459999999999567 (114.51367543080647, 1.0, 0.0)
24.479999999999567 (114.51368397477518, 1.0, 0.0)
24.499999999999567 (114.51369239912833, 1.0, 0.0)
24.519999999999566 (114.51370070554054, 1.0, 0.0)
24.539999999999566 (114.513708895663, 1.0, 0.0)
24.559999999999565 (114.5137169711237, 1.0, 0.0)
24.579999999999565 (114.51372493352795, 1.0, 0.0)
24.599999999999564 (114.51373278445857, 1.0, 0.0)
24.619999999999564 (114.51374052547612, 1.0, 0.0)
24.639999999999564 (114.51374815811948, 1.0, 0.0)
24.659999999999563 (114.5137556839058, 1.0, 0.0)
24.679999999999563 (114.51376310433113, 1.0, 0.0)
24.699999999999562 (114.51377042087051, 1.0, 0.0)
24.719999999999562 (114.51377763497834, 1.0, 0.0)
24.73999999999956 (114.51378474808865, 1.0, 0.0)
24.75999999999956 (114.51379176161544, 1.0, 0.0)
24.77999999999956 (114.51379867695283, 1.0, 0.0)
24.79999999999956 (114.51380549547548, 1.0, 0.0)
24.81999999999956 (114.51381221853882, 1.0, 0.0)
24.83999999999956 (114.51381884747929, 1.0, 0.0)
24.85999999999956 (114.51382538361457, 1.0, 0.0)
24.87999999999956 (114.51383182824395, 1.0, 0.0)
24.899999999999558 (114.51383818264856, 1.0, 0.0)
24.919999999999558 (114.5138444480915, 1.0, 0.0)
24.939999999999557 (114.51385062581824, 1.0, 0.0)
24.959999999999557 (114.5138567170568, 1.0, 0.0)
24.979999999999556 (114.51386272301801, 1.0, 0.0)
24.999999999999556 (114.51386864489575, 1.0, 0.0)
25.019999999999555 (114.5138744838672, 1.0, 0.0)
25.039999999999555 (114.51388024109303, 1.0, 0.0)
25.059999999999555 (114.51388591771774, 1.0, 0.0)
25.079999999999554 (114.51389151486967, 1.0, 0.0)
25.099999999999554 (114.51389703366152, 1.0, 0.0)
25.119999999999553 (114.51390247519026, 1.0, 0.0)
25.139999999999553 (114.51390784053763, 1.0, 0.0)
25.159999999999553 (114.5139131307701, 1.0, 0.0)
25.179999999999552 (114.5139183469393, 1.0, 0.0)
25.19999999999955 (114.51392349008216, 1.0, 0.0)
25.21999999999955 (114.51392856122101, 1.0, 0.0)
25.23999999999955 (114.5139335613639, 1.0, 0.0)
25.25999999999955 (114.5139384915048, 1.0, 0.0)
25.27999999999955 (114.51394335262376, 1.0, 0.0)
25.29999999999955 (114.51394814568704, 1.0, 0.0)
25.31999999999955 (114.5139528716474, 1.0, 0.0)
25.33999999999955 (114.51395753144436, 1.0, 0.0)
25.35999999999955 (114.51396212600412, 1.0, 0.0)
25.379999999999548 (114.51396665624009, 1.0, 0.0)
25.399999999999547 (114.51397112305273, 1.0, 0.0)
25.419999999999547 (114.51397552732999, 1.0, 0.0)
25.439999999999547 (114.51397986994738, 1.0, 0.0)
25.459999999999546 (114.51398415176811, 1.0, 0.0)
25.479999999999546 (114.51398837364337, 1.0, 0.0)
25.499999999999545 (114.51399253641239, 1.0, 0.0)
25.519999999999545 (114.51399664090263, 1.0, 0.0)
25.539999999999544 (114.51400068792998, 1.0, 0.0)
25.559999999999544 (114.51400467829899, 1.0, 0.0)
25.579999999999544 (114.5140086128028, 1.0, 0.0)
25.599999999999543 (114.51401249222357, 1.0, 0.0)
25.619999999999543 (114.51401631733245, 1.0, 0.0)
25.639999999999542 (114.51402008888982, 1.0, 0.0)
25.659999999999542 (114.51402380764534, 1.0, 0.0)
25.67999999999954 (114.51402747433832, 1.0, 0.0)
25.69999999999954 (114.5140310896976, 1.0, 0.0)
25.71999999999954 (114.51403465444184, 1.0, 0.0)
25.73999999999954 (114.51403816927967, 1.0, 0.0)
25.75999999999954 (114.51404163490974, 1.0, 0.0)
25.77999999999954 (114.514045052021, 1.0, 0.0)
25.79999999999954 (114.51404842129273, 1.0, 0.0)
25.81999999999954 (114.51405174339465, 1.0, 0.0)
25.839999999999538 (114.51405501898711, 1.0, 0.0)
25.859999999999538 (114.51405824872131, 1.0, 0.0)
25.879999999999537 (114.51406143323919, 1.0, 0.0)
25.899999999999537 (114.51406457317387, 1.0, 0.0)
25.919999999999536 (114.51406766914943, 1.0, 0.0)
25.939999999999536 (114.51407072178137, 1.0, 0.0)
25.959999999999535 (114.51407373167643, 1.0, 0.0)
25.979999999999535 (114.51407669943296, 1.0, 0.0)
25.999999999999535 (114.51407962564093, 1.0, 0.0)
26.019999999999534 (114.51408251088196, 1.0, 0.0)
26.039999999999534 (114.5140853557296, 1.0, 0.0)
26.059999999999533 (114.5140881607494, 1.0, 0.0)
26.079999999999533 (114.51409092649891, 1.0, 0.0)
26.099999999999532 (114.51409365352794, 1.0, 0.0)
26.119999999999532 (114.51409634237854, 1.0, 0.0)
26.13999999999953 (114.51409899358526, 1.0, 0.0)
26.15999999999953 (114.51410160767506, 1.0, 0.0)
26.17999999999953 (114.51410418516764, 1.0, 0.0)
26.19999999999953 (114.51410672657528, 1.0, 0.0)
26.21999999999953 (114.51410923240326, 1.0, 0.0)
26.23999999999953 (114.51411170314964, 1.0, 0.0)
26.25999999999953 (114.51411413930555, 1.0, 0.0)
26.27999999999953 (114.51411654135529, 1.0, 0.0)
26.299999999999528 (114.5141189097763, 1.0, 0.0)
26.319999999999528 (114.51412124503946, 1.0, 0.0)
26.339999999999527 (114.5141235476089, 1.0, 0.0)
26.359999999999527 (114.51412581794239, 1.0, 0.0)
26.379999999999526 (114.51412805649119, 1.0, 0.0)
26.399999999999526 (114.51413026370034, 1.0, 0.0)
26.419999999999526 (114.51413244000855, 1.0, 0.0)
26.439999999999525 (114.51413458584841, 1.0, 0.0)
26.459999999999525 (114.51413670164652, 1.0, 0.0)
26.479999999999524 (114.51413878782347, 1.0, 0.0)
26.499999999999524 (114.51414084479393, 1.0, 0.0)
26.519999999999524 (114.51414287296683, 1.0, 0.0)
26.539999999999523 (114.5141448727453, 1.0, 0.0)
26.559999999999523 (114.51414684452686, 1.0, 0.0)
26.579999999999522 (114.5141487887035, 1.0, 0.0)
26.599999999999522 (114.51415070566168, 1.0, 0.0)
26.61999999999952 (114.51415259578243, 1.0, 0.0)
26.63999999999952 (114.5141544594415, 1.0, 0.0)
26.65999999999952 (114.51415629700932, 1.0, 0.0)
26.67999999999952 (114.51415810885118, 1.0, 0.0)
26.69999999999952 (114.51415989532728, 1.0, 0.0)
26.71999999999952 (114.51416165679268, 1.0, 0.0)
26.73999999999952 (114.51416339359758, 1.0, 0.0)
26.75999999999952 (114.5141651060872, 1.0, 0.0)
26.779999999999518 (114.51416679460198, 1.0, 0.0)
26.799999999999518 (114.51416845947756, 1.0, 0.0)
26.819999999999517 (114.5141701010449, 1.0, 0.0)
26.839999999999517 (114.51417171963027, 1.0, 0.0)
26.859999999999516 (114.51417331555547, 1.0, 0.0)
26.879999999999516 (114.51417488913768, 1.0, 0.0)
26.899999999999515 (114.51417644068977, 1.0, 0.0)
26.919999999999515 (114.51417797052011, 1.0, 0.0)
26.939999999999515 (114.51417947893282, 1.0, 0.0)
26.959999999999514 (114.51418096622774, 1.0, 0.0)
26.979999999999514 (114.51418243270058, 1.0, 0.0)
26.999999999999513 (114.51418387864277, 1.0, 0.0)
27.019999999999513 (114.51418530434177, 1.0, 0.0)
27.039999999999512 (114.51418671008099, 1.0, 0.0)
27.059999999999512 (114.51418809613989, 1.0, 0.0)
27.07999999999951 (114.51418946279392, 1.0, 0.0)
27.09999999999951 (114.5141908103148, 1.0, 0.0)
27.11999999999951 (114.51419213897037, 1.0, 0.0)
27.13999999999951 (114.51419344902479, 1.0, 0.0)
27.15999999999951 (114.51419474073845, 1.0, 0.0)
27.17999999999951 (114.51419601436811, 1.0, 0.0)
27.19999999999951 (114.51419727016696, 1.0, 0.0)
27.21999999999951 (114.51419850838465, 1.0, 0.0)
27.239999999999508 (114.51419972926726, 1.0, 0.0)
27.259999999999508 (114.51420093305751, 1.0, 0.0)
27.279999999999507 (114.5142021199947, 1.0, 0.0)
27.299999999999507 (114.51420329031481, 1.0, 0.0)
27.319999999999506 (114.51420444425042, 1.0, 0.0)
27.339999999999506 (114.51420558203091, 1.0, 0.0)
27.359999999999506 (114.51420670388251, 1.0, 0.0)
27.379999999999505 (114.51420781002815, 1.0, 0.0)
27.399999999999505 (114.51420890068778, 1.0, 0.0)
27.419999999999504 (114.51420997607818, 1.0, 0.0)
27.439999999999504 (114.51421103641309, 1.0, 0.0)
27.459999999999503 (114.51421208190328, 1.0, 0.0)
27.479999999999503 (114.51421311275664, 1.0, 0.0)
27.499999999999503 (114.51421412917807, 1.0, 0.0)
27.519999999999502 (114.51421513136961, 1.0, 0.0)
27.5399999999995 (114.51421611953043, 1.0, 0.0)
27.5599999999995 (114.51421709385698, 1.0, 0.0)
27.5799999999995 (114.514218054543, 1.0, 0.0)
27.5999999999995 (114.5142190017794, 1.0, 0.0)
27.6199999999995 (114.51421993575451, 1.0, 0.0)
27.6399999999995 (114.51422085665394, 1.0, 0.0)
27.6599999999995 (114.51422176466076, 1.0, 0.0)
27.6799999999995 (114.51422265995552, 1.0, 0.0)
27.6999999999995 (114.51422354271614, 1.0, 0.0)
27.719999999999498 (114.51422441311814, 1.0, 0.0)
27.739999999999498 (114.51422527133451, 1.0, 0.0)
27.759999999999497 (114.51422611753583, 1.0, 0.0)
27.779999999999497 (114.51422695189035, 1.0, 0.0)
27.799999999999496 (114.51422777456389, 1.0, 0.0)
27.819999999999496 (114.51422858571999, 1.0, 0.0)
27.839999999999495 (114.51422938551991, 1.0, 0.0)
27.859999999999495 (114.51423017412264, 1.0, 0.0)
27.879999999999495 (114.51423095168491, 1.0, 0.0)
27.899999999999494 (114.51423171836132, 1.0, 0.0)
27.919999999999494 (114.51423247430426, 1.0, 0.0)
27.939999999999493 (114.51423321966399, 1.0, 0.0)
27.959999999999493 (114.51423395458869, 1.0, 0.0)
27.979999999999492 (114.51423467922444, 1.0, 0.0)
27.999999999999492 (114.5142353937153, 1.0, 0.0)
28.01999999999949 (114.5142360982033, 1.0, 0.0)
28.03999999999949 (114.51423679282846, 1.0, 0.0)
28.05999999999949 (114.51423747772884, 1.0, 0.0)
28.07999999999949 (114.51423815304065, 1.0, 0.0)
28.09999999999949 (114.5142388188981, 1.0, 0.0)
28.11999999999949 (114.5142394754335, 1.0, 0.0)
28.13999999999949 (114.51424012277744, 1.0, 0.0)
28.15999999999949 (114.51424076105855, 1.0, 0.0)
28.179999999999488 (114.51424139040375, 1.0, 0.0)
28.199999999999488 (114.51424201093812, 1.0, 0.0)
28.219999999999487 (114.51424262278499, 1.0, 0.0)
28.239999999999487 (114.51424322606601, 1.0, 0.0)
28.259999999999486 (114.51424382090107, 1.0, 0.0)
28.279999999999486 (114.51424440740846, 1.0, 0.0)
28.299999999999486 (114.51424498570475, 1.0, 0.0)
28.319999999999485 (114.51424555590489, 1.0, 0.0)
28.339999999999485 (114.51424611812223, 1.0, 0.0)
28.359999999999484 (114.51424667246852, 1.0, 0.0)
28.379999999999484 (114.51424721905397, 1.0, 0.0)
28.399999999999483 (114.51424775798722, 1.0, 0.0)
28.419999999999483 (114.51424828937542, 1.0, 0.0)
28.439999999999483 (114.51424881332417, 1.0, 0.0)
28.459999999999482 (114.51424932993763, 1.0, 0.0)
28.47999999999948 (114.5142498393185, 1.0, 0.0)
28.49999999999948 (114.51425034156802, 1.0, 0.0)
28.51999999999948 (114.51425083678606, 1.0, 0.0)
28.53999999999948 (114.51425132507109, 1.0, 0.0)
28.55999999999948 (114.51425180652012, 1.0, 0.0)
28.57999999999948 (114.51425228122883, 1.0, 0.0)
28.59999999999948 (114.51425274929164, 1.0, 0.0)
28.61999999999948 (114.51425321080154, 1.0, 0.0)
28.63999999999948 (114.51425366585033, 1.0, 0.0)
28.659999999999478 (114.51425411452846, 1.0, 0.0)
28.679999999999477 (114.51425455692504, 1.0, 0.0)
28.699999999999477 (114.51425499312808, 1.0, 0.0)
28.719999999999477 (114.51425542322431, 1.0, 0.0)
28.739999999999476 (114.51425584729918, 1.0, 0.0)
28.759999999999476 (114.51425626543698, 1.0, 0.0)
28.779999999999475 (114.51425667772088, 1.0, 0.0)
28.799999999999475 (114.51425708423278, 1.0, 0.0)
28.819999999999474 (114.51425748505352, 1.0, 0.0)
28.839999999999474 (114.51425788026279, 1.0, 0.0)
28.859999999999474 (114.51425826993909, 1.0, 0.0)
28.879999999999473 (114.51425865415996, 1.0, 0.0)
28.899999999999473 (114.51425903300174, 1.0, 0.0)
28.919999999999472 (114.51425940653974, 1.0, 0.0)
28.939999999999472 (114.5142597748482, 1.0, 0.0)
28.95999999999947 (114.51426013800034, 1.0, 0.0)
28.97999999999947 (114.51426049606835, 1.0, 0.0)
28.99999999999947 (114.51426084912339, 1.0, 0.0)
29.01999999999947 (114.51426119723567, 1.0, 0.0)
29.03999999999947 (114.51426154047437, 1.0, 0.0)
29.05999999999947 (114.51426187890775, 1.0, 0.0)
29.07999999999947 (114.51426221260306, 1.0, 0.0)
29.09999999999947 (114.51426254162664, 1.0, 0.0)
29.119999999999468 (114.51426286604385, 1.0, 0.0)
29.139999999999468 (114.51426318591922, 1.0, 0.0)
29.159999999999467 (114.51426350131635, 1.0, 0.0)
29.179999999999467 (114.51426381229794, 1.0, 0.0)
29.199999999999466 (114.51426411892578, 1.0, 0.0)
29.219999999999466 (114.5142644212608, 1.0, 0.0)
29.239999999999466 (114.51426471936315, 1.0, 0.0)
29.259999999999465 (114.51426501329206, 1.0, 0.0)
29.279999999999465 (114.51426530310596, 1.0, 0.0)
29.299999999999464 (114.51426558886249, 1.0, 0.0)
29.319999999999464 (114.51426587061843, 1.0, 0.0)
29.339999999999463 (114.51426614842978, 1.0, 0.0)
29.359999999999463 (114.5142664223518, 1.0, 0.0)
29.379999999999463 (114.51426669243887, 1.0, 0.0)
29.399999999999462 (114.51426695874471, 1.0, 0.0)
29.41999999999946 (114.51426722132231, 1.0, 0.0)
29.43999999999946 (114.5142674802238, 1.0, 0.0)
29.45999999999946 (114.51426773550065, 1.0, 0.0)
29.47999999999946 (114.51426798720365, 1.0, 0.0)
29.49999999999946 (114.51426823538281, 1.0, 0.0)
29.51999999999946 (114.51426848008748, 1.0, 0.0)
29.53999999999946 (114.51426872136625, 1.0, 0.0)
29.55999999999946 (114.51426895926716, 1.0, 0.0)
29.57999999999946 (114.51426919383744, 1.0, 0.0)
29.599999999999458 (114.5142694251237, 1.0, 0.0)
29.619999999999457 (114.514269653172, 1.0, 0.0)
29.639999999999457 (114.51426987802762, 1.0, 0.0)
29.659999999999457 (114.51427009973526, 1.0, 0.0)
29.679999999999456 (114.51427031833896, 1.0, 0.0)
29.699999999999456 (114.51427053388221, 1.0, 0.0)
29.719999999999455 (114.51427074640787, 1.0, 0.0)
29.739999999999455 (114.51427095595818, 1.0, 0.0)
29.759999999999454 (114.5142711625748, 1.0, 0.0)
29.779999999999454 (114.51427136629877, 1.0, 0.0)
29.799999999999454 (114.51427156717062, 1.0, 0.0)
29.819999999999453 (114.51427176523026, 1.0, 0.0)
29.839999999999453 (114.51427196051702, 1.0, 0.0)
29.859999999999452 (114.51427215306978, 1.0, 0.0)
29.879999999999452 (114.5142723429268, 1.0, 0.0)
29.89999999999945 (114.51427253012582, 1.0, 0.0)
29.91999999999945 (114.51427271470408, 1.0, 0.0)
29.93999999999945 (114.51427289669823, 1.0, 0.0)
29.95999999999945 (114.51427307614443, 1.0, 0.0)
29.97999999999945 (114.51427325307844, 1.0, 0.0)
29.99999999999945 (114.51427342753533, 1.0, 0.0)
