0.0 [0.0, 1.0, 0.0]
0.21999999999999997 [0.04398111927730558, 1.0, 0.024829192859335415]
0.4200000000000001 [0.4256130158555878, 1.0, 0.05300601657523628]
0.6200000000000002 [0.7457712330758338, 1.0, 0.004798220132212455]
0.8200000000000004 [1.0700431089043372, 1.0, -0.0362414380007873]
1.0200000000000005 [1.4853248876430183, 1.0, -0.10426050242956282]
1.2200000000000006 [1.995499646462303, 1.0, -0.19341137352433801]
1.4200000000000008 [2.5440465602582147, 1.0, -0.25480714188095954]
1.620000000000001 [3.074917227970849, 1.0, -0.23632785415436605]
1.8200000000000012 [3.636129213893415, 1.0, -0.1712395154500867]
2.0200000000000014 [4.227755031067597, 1.0, -0.10414259634347653]
2.2200000000000015 [4.762393672020399, 1.0, -0.12448061523787482]
2.4200000000000017 [5.240482510467453, 1.0, -0.23607650331714802]
2.620000000000002 [5.7450230519646635, 1.0, -0.39367985013307627]
2.820000000000002 [6.292225104174736, 1.0, -0.5846779968826538]
3.0200000000000022 [6.8178757979838975, 1.0, -0.7075144042684424]
3.2200000000000024 [7.317112208777533, 1.0, -0.7299355970486084]
3.4200000000000026 [7.849510566543032, 1.0, -0.6961114655456423]
3.6200000000000028 [8.419329077487285, 1.0, -0.6240426649094641]
3.820000000000003 [8.964113952723013, 1.0, -0.6064431074104197]
4.040000000000002 [9.512546745035113, 1.0, -0.7025486341400922]
4.259999999999997 [10.069816433504776, 1.0, -0.8790534772028749]
4.479999999999992 [10.663881717176874, 1.0, -1.09795434531493]
4.699999999999988 [11.242447385505123, 1.0, -1.2303876343307287]
4.919999999999983 [11.790767411696592, 1.0, -1.2380487464083993]
5.139999999999978 [12.375942136431908, 1.0, -1.1886338885580596]
5.359999999999974 [13.009637335367552, 1.0, -1.1284277000683993]
5.579999999999969 [13.59440561401924, 1.0, -1.164028113137108]
5.799999999999964 [14.12720185845937, 1.0, -1.3067715034534324]
6.01999999999996 [14.68830631457859, 1.0, -1.5054674608663512]
6.239999999999955 [15.285672764003088, 1.0, -1.6998358783488767]
6.45999999999995 [15.858415396861364, 1.0, -1.7771635014026717]
6.6799999999999455 [16.423459501872763, 1.0, -1.7481771696995463]
6.899999999999941 [17.029083714205836, 1.0, -1.6748209766362847]
7.119999999999936 [17.64248135561626, 1.0, -1.6389424711354035]
7.3399999999999315 [18.20365166198346, 1.0, -1.7177512058471085]
7.559999999999927 [18.758567564114344, 1.0, -1.8897123886866527]
7.779999999999922 [19.345034994306584, 1.0, -2.111166735262883]
7.999999999999917 [19.927788105462245, 1.0, -2.265265834677603]
8.219999999999914 [20.481275295760298, 1.0, -2.2922654893339702]
8.439999999999909 [21.065483728015657, 1.0, -2.2492678494514275]
8.659999999999904 [21.697797088245274, 1.0, -2.179430360591758]
8.8799999999999 [22.28860517981767, 1.0, -2.194953579203722]
9.099999999999895 [22.820826267182753, 1.0, -2.323074966870726]
9.31999999999989 [23.377514386139982, 1.0, -2.511564969256419]
9.539999999999885 [23.97825265722809, 1.0, -2.7147745100762264]
9.75999999999988 [24.553850668084714, 1.0, -2.8094803609900842]
9.979999999999876 [25.108295356678973, 1.0, -2.791001107467596]
10.199999999999871 [25.566730904038984, 1.0, -2.9638512494394718]
10.419999999999867 [25.85216409027445, 1.0, -3.0251885338023667]
10.639999999999862 [26.073006066731118, 1.0, -3.039399690274728]
10.859999999999857 [26.24325649819834, 1.0, -3.0509302201232993]
11.079999999999853 [26.37453888943616, 1.0, -3.05985841224179]
11.299999999999848 [26.475774531035857, 1.0, -3.06675607227805]
11.519999999999843 [26.55384041052848, 1.0, -3.072082705881318]
11.739999999999839 [26.61403947349359, 1.0, -3.0761947821174225]
11.959999999999834 [26.66046092472726, 1.0, -3.07936843733772]
12.17999999999983 [26.69625804470721, 1.0, -3.081817353270886]
12.399999999999824 [26.72386240987895, 1.0, -3.0837067492589005]
12.61999999999982 [26.74514907726108, 1.0, -3.0851642944300406]
12.839999999999815 [26.76156395923387, 1.0, -3.0862885951197634]
13.05999999999981 [26.774222043826835, 1.0, -3.087155783006167]
13.279999999999806 [26.783983134122206, 1.0, -3.0878246211245974]
13.499999999999801 [26.791510252557934, 1.0, -3.088340456556602]
13.719999999999796 [26.79731467794014, 1.0, -3.0887382775608736]
13.939999999999792 [26.801790674713985, 1.0, -3.0890450764292843]
14.159999999999787 [26.805242273718335, 1.0, -3.089281674776053]
14.379999999999782 [26.807903923646073, 1.0, -3.089464132989863]
14.599999999999778 [26.80995641604078, 1.0, -3.0896048382462378]
14.819999999999773 [26.811539165580925, 1.0, -3.089713344186692]
15.039999999999768 [26.812759679815578, 1.0, -3.0897970188260198]
15.259999999999764 [26.81370086159747, 1.0, -3.0898615444149704]
15.479999999999759 [26.81442664023873, 1.0, -3.089911303043865]
15.699999999999754 [26.814986313889126, 1.0, -3.089949674079508]
15.91999999999975 [26.81541789809479, 1.0, -3.089979263579476]
16.139999999999745 [26.81575070798858, 1.0, -3.0900020812314306]
16.35999999999974 [26.816007349507604, 1.0, -3.090019676815015]
16.579999999999735 [26.81620525489096, 1.0, -3.0900332454430104]
16.79999999999973 [26.816357866756192, 1.0, -3.090043708722801]
17.019999999999726 [26.81647555118238, 1.0, -3.0900517773465777]
17.23999999999972 [26.816566301820778, 1.0, -3.0900579993590904]
17.459999999999717 [26.816636282859506, 1.0, -3.0900627973799377]
17.679999999999712 [26.81669024772271, 1.0, -3.090066497307784]
17.899999999999707 [26.81673186194447, 1.0, -3.0900693504556607]
18.119999999999703 [26.81676395214818, 1.0, -3.090071550620565]
18.339999999999698 [26.816788698043474, 1.0, -3.0900732472465977]
18.559999999999693 [26.816807780481838, 1.0, -3.090074555575618]
18.77999999999969 [26.81682249562752, 1.0, -3.0900755644748443]
18.999999999999684 [26.816833842998754, 1.0, -3.0900763424730164]
19.21999999999968 [26.816842593359578, 1.0, -3.0900769424151235]
19.439999999999674 [26.81684934107346, 1.0, -3.0900774050518387]
19.65999999999967 [26.8168545444752, 1.0, -3.090077761807467]
19.879999999999665 [26.81685855700301, 1.0, -3.0900780369144187]
