0.0 (4.375, 1.0, 0.0)
0.21999999999999997 (3.609625374996267, 1.0, 0.6229790914501919)
0.4200000000000001 (2.2529053132218007, 1.0, 1.199772580319547)
0.6200000000000002 (2.1443711056454084, 1.0, 1.4162362712793615)
0.8200000000000004 (2.6637637453297933, 1.0, 1.1000488963742676)
1.0200000000000005 (3.242706539970704, 1.0, 0.37653844636110173)
1.2200000000000006 (3.733445715006055, 1.0, -0.31817060975293765)
1.4200000000000008 (3.977245118815614, 1.0, -0.8567888018538508)
1.620000000000001 (4.352338236940723, 1.0, -0.729290321607629)
1.8200000000000012 (4.598058656634107, 1.0, -0.13000670714133267)
2.0200000000000014 (4.73427101631507, 1.0, 0.6052065229495607)
2.2200000000000015 (4.979477595785439, 1.0, 1.1108143700358883)
2.4200000000000017 (5.536706696154615, 1.0, 1.0368844657471643)
2.620000000000002 (5.9651343675099096, 1.0, 0.47538604900376547)
2.820000000000002 (6.227136488828395, 1.0, -0.3256394684583238)
3.0200000000000022 (6.533756527490819, 1.0, -0.9022976529490728)
3.2200000000000024 (7.14687411393487, 1.0, -0.9369031316054593)
3.4200000000000026 (7.572035092526718, 1.0, -0.47190550226061234)
3.6200000000000028 (7.867461396527793, 1.0, 0.31217793445943975)
3.820000000000003 (8.27205339899162, 1.0, 0.8925748815276264)
4.040000000000002 (8.952139562779097, 1.0, 0.978376037869252)
4.259999999999997 (9.430363303162157, 1.0, 0.4414501018486536)
4.479999999999992 (9.712883060716571, 1.0, -0.41797538187120303)
4.699999999999988 (10.081864845926695, 1.0, -1.0337619442866153)
4.919999999999983 (10.762992908478806, 1.0, -1.0222898078491072)
5.139999999999978 (11.323447915260862, 1.0, -0.4172647767256964)
5.359999999999974 (11.757723060382371, 1.0, 0.3874416212879869)
5.579999999999969 (12.218677387651256, 1.0, 0.8961829075225615)
5.799999999999964 (12.832522102946653, 1.0, 0.6826930124656926)
6.01999999999996 (13.295161408281077, 1.0, -0.059238773444888024)
6.239999999999955 (13.716668569748581, 1.0, -0.8304863205771427)
6.45999999999995 (14.21517005723339, 1.0, -1.2561866603023437)
6.6799999999999455 (14.772517778089036, 1.0, -0.9714168107062331)
6.899999999999941 (15.23557089345591, 1.0, -0.17660937662322151)
7.119999999999936 (15.750054277834641, 1.0, 0.48283547292024726)
7.3399999999999315 (16.407427358656527, 1.0, 0.6690685863768304)
7.559999999999927 (16.884697828911275, 1.0, 0.2162248436751887)
7.779999999999922 (17.21438861385919, 1.0, -0.669335062473956)
7.999999999999917 (17.604713831808613, 1.0, -1.341471329657439)
8.219999999999914 (18.303880501537453, 1.0, -1.4513380689074153)
8.439999999999909 (18.85905288989935, 1.0, -0.9475611021282474)
8.659999999999904 (19.297533339898717, 1.0, -0.13060102723970923)
8.8799999999999 (19.77526049961433, 1.0, 0.4250555187788193)
9.099999999999895 (20.457146550581786, 1.0, 0.2936952344771606)
9.31999999999989 (20.93666967600818, 1.0, -0.40025206007394953)
9.539999999999885 (21.275159995210768, 1.0, -1.2217831630532936)
9.75999999999988 (21.693536534689223, 1.0, -1.7458809454492326)
9.979999999999876 (22.31830989984227, 1.0, -1.5643353430615492)
10.199999999999871 (23.27457499925146, 1.0, -1.7005245207323707)
10.419999999999867 (24.406819804352285, 1.0, -1.5212356902328048)
10.639999999999862 (25.093629258236398, 1.0, -1.2576201483292866)
10.859999999999857 (25.544456123259106, 1.0, -1.3114742541019002)
11.079999999999853 (25.977321899496562, 1.0, -1.4214785015474776)
11.299999999999848 (26.404534034424127, 1.0, -1.5188772944270985)
11.519999999999843 (26.82637340415237, 1.0, -1.6041256659042107)
11.739999999999839 (27.242619390560957, 1.0, -1.6808482080847875)
11.959999999999834 (27.653114743537135, 1.0, -1.7515143753929987)
12.17999999999983 (28.057764395828954, 1.0, -1.8178014845856763)
12.399999999999824 (28.456525095191072, 1.0, -1.8808452403397462)
12.61999999999982 (28.849393370837582, 1.0, -1.9414122617657787)
12.839999999999815 (29.236394769988912, 1.0, -2.0000186184610076)
13.05999999999981 (29.617575218382733, 1.0, -2.057011055225929)
13.279999999999806 (29.992994484752895, 1.0, -2.1126224766934425)
13.499999999999801 (30.36272141956498, 1.0, -2.167009710545161)
13.719999999999796 (30.726830577385293, 1.0, -2.2202790993984682)
13.939999999999792 (31.085399869758557, 1.0, -2.2725037571593836)
14.159999999999787 (31.43850896264713, 1.0, -2.3237351360157765)
14.379999999999782 (31.7862382001976, 1.0, -2.3740107255221194)
14.599999999999778 (32.128667894289755, 1.0, -2.4233591342260183)
14.819999999999773 (32.465877864687066, 1.0, -2.4718034096163395)
15.039999999999768 (32.79794714866584, 1.0, -2.519363179943102)
15.259999999999764 (33.12495382381516, 1.0, -2.5660560141474362)
15.479999999999759 (33.44697490540387, 1.0, -2.611898267628586)
15.699999999999754 (33.76408629214453, 1.0, -2.6569055937014525)
15.91999999999975 (34.076362742806374, 1.0, -2.7010932407445845)
16.139999999999745 (34.38387787204404, 1.0, -2.7444762144533006)
16.35999999999974 (34.68670415782669, 1.0, -2.7870693572362852)
16.579999999999735 (34.984912955554705, 1.0, -2.828887378440312)
16.79999999999973 (35.2785745157513, 1.0, -2.869944856871977)
17.019999999999726 (35.56775800340214, 1.0, -2.910256229025201)
17.23999999999972 (35.85253151778753, 1.0, -2.949835771161109)
17.459999999999717 (36.132962112145485, 1.0, -2.988697579996651)
17.679999999999712 (36.4091158128151, 1.0, -3.026855554610523)
17.899999999999707 (36.68105763769959, 1.0, -3.0643233808445127)
18.119999999999703 (36.94885161400078, 1.0, -3.1011145186792772)
18.339999999999698 (37.2125607952406, 1.0, -3.1372421926052025)
18.559999999999693 (37.472247277616574, 1.0, -3.172719384764986)
18.77999999999969 (37.72797221575255, 1.0, -3.2075588305322147)
18.999999999999684 (37.97979583790837, 1.0, -3.2417730161558893)
19.21999999999968 (38.22777746070922, 1.0, -3.275374178110403)
19.439999999999674 (38.47197550344892, 1.0, -3.3083743038225233)
19.65999999999967 (38.71244750201495, 1.0, -3.340785133488558)
19.879999999999665 (38.949250122475135, 1.0, -3.3726181627384264)
