0.0 (4.375, 1.0, 0.0)
0.21999999999999997 (3.458789148684892, 1.0, 0.5720274038111772)
0.4200000000000001 (2.488793306555781, 1.0, 0.9298540789973623)
0.6200000000000002 (2.986592096994408, 1.0, 0.8867292250756768)
0.8200000000000004 (3.7613294524169185, 1.0, 0.40750341951100716)
1.0200000000000005 (4.216360177828372, 1.0, -0.21722707736129218)
1.2200000000000006 (4.624506837662509, 1.0, -0.8225680115228537)
1.4200000000000008 (5.119769105624711, 1.0, -1.2748677094072718)
1.620000000000001 (5.817674060195809, 1.0, -1.2508149796062822)
1.8200000000000012 (6.4030973200801125, 1.0, -0.7964392505134857)
2.0200000000000014 (6.765408448171468, 1.0, -0.23109632045743614)
2.2200000000000015 (7.27224219169782, 1.0, 0.07894675927693479)
2.4200000000000017 (7.971812213582024, 1.0, -0.10498451415544578)
2.620000000000002 (8.473094207404078, 1.0, -0.6976931229418757)
2.820000000000002 (8.64510185000549, 1.0, -1.3920642698487526)
3.0200000000000022 (8.961322403985427, 1.0, -1.8998375991909615)
3.2200000000000024 (9.693322766309988, 1.0, -2.038015453064952)
3.4200000000000026 (10.40435628435356, 1.0, -1.6646951292101062)
3.6200000000000028 (10.780211383024294, 1.0, -1.0505218963075391)
3.820000000000003 (11.203916357954913, 1.0, -0.6320498790321551)
4.040000000000002 (12.016089000607206, 1.0, -0.6928629230010004)
4.259999999999997 (12.619217183947756, 1.0, -1.3132147298487569)
4.479999999999992 (12.814099213217366, 1.0, -2.0673056932424725)
4.699999999999988 (13.19265700862225, 1.0, -2.6082712602361835)
4.919999999999983 (14.000075982071596, 1.0, -2.6864118118019498)
5.139999999999978 (14.71014572152465, 1.0, -2.225749304076848)
5.359999999999974 (15.15340938409642, 1.0, -1.6115624001984488)
5.579999999999969 (15.774751733490106, 1.0, -1.3215918453810491)
5.799999999999964 (16.49749914329857, 1.0, -1.640102144957923)
6.01999999999996 (16.90166524408908, 1.0, -2.338012142226387)
6.239999999999955 (17.165226099534305, 1.0, -3.0050898175076224)
6.45999999999995 (17.801598868757754, 1.0, -3.382087916895271)
6.6799999999999455 (18.561860902952787, 1.0, -3.1741664448391846)
6.899999999999941 (19.03709288928202, 1.0, -2.5677098002580325)
7.119999999999936 (19.497217073025976, 1.0, -2.070208230347256)
7.3399999999999315 (20.306098294086574, 1.0, -2.055461622300424)
7.559999999999927 (20.935169962557442, 1.0, -2.6146117376093816)
7.779999999999922 (21.127370522631697, 1.0, -3.360206191496705)
7.999999999999917 (21.44094999586449, 1.0, -3.9362777656302765)
8.219999999999914 (22.239042056736658, 1.0, -4.106462504529163)
8.439999999999909 (22.995115382802204, 1.0, -3.693034409650619)
8.659999999999904 (23.423882034818234, 1.0, -3.046237522864286)
8.8799999999999 (23.98126254545537, 1.0, -2.680898909912643)
9.099999999999895 (24.75519875019871, 1.0, -2.904196615710747)
9.31999999999989 (25.24876981952468, 1.0, -3.5789230869416904)
9.539999999999885 (25.484076522386705, 1.0, -4.287685115480643)
9.75999999999988 (26.018714603846547, 1.0, -4.736508800172726)
9.979999999999876 (26.793810070270492, 1.0, -4.626539670189832)
10.199999999999871 (28.29146558092903, 1.0, -4.595355295381629)
10.419999999999867 (29.00127639611783, 1.0, -4.405190136063521)
10.639999999999862 (29.361738898632474, 1.0, -4.43157458380911)
10.859999999999857 (29.6756948839532, 1.0, -4.470276198870991)
11.079999999999853 (29.953219692112594, 1.0, -4.5027977737207205)
11.299999999999848 (30.19838083896034, 1.0, -4.531537388204418)
11.519999999999843 (30.414947244428745, 1.0, -4.55697937419708)
11.739999999999839 (30.606254414939944, 1.0, -4.579499230271416)
11.959999999999834 (30.775248978053362, 1.0, -4.599428043565896)
12.17999999999983 (30.924533725498797, 1.0, -4.617060261439172)
12.399999999999824 (31.05640773983529, 1.0, -4.632657680892185)
12.61999999999982 (31.17290185173514, 1.0, -4.646452893613)
12.839999999999815 (31.275809954584876, 1.0, -4.658652400548149)
13.05999999999981 (31.366716660234594, 1.0, -4.669439426999711)
13.279999999999806 (31.44702172406297, 1.0, -4.678976459586877)
13.499999999999801 (31.517961617329597, 1.0, -4.6874075264544475)
13.719999999999796 (31.580628580446625, 1.0, -4.694860242036346)
13.939999999999792 (31.635987451686052, 1.0, -4.70144763710708)
14.159999999999787 (31.684890531329362, 1.0, -4.707269793923365)
14.379999999999782 (31.728090710816783, 1.0, -4.71241530510627)
14.599999999999778 (31.766253069582664, 1.0, -4.71696257364022)
14.819999999999773 (31.7999651185481, 1.0, -4.72098097004025)
15.039999999999768 (31.829745848309635, 1.0, -4.724531861413475)
15.259999999999764 (31.85605372158462, 1.0, -4.72766952584894)
15.479999999999759 (31.87929373316165, 1.0, -4.730441964335067)
15.699999999999754 (31.899823646201984, 1.0, -4.732891621239702)
15.91999999999975 (31.917959501022168, 1.0, -4.735056023302302)
16.139999999999745 (31.933980481259837, 1.0, -4.7369683460846375)
16.35999999999974 (31.948133212409815, 1.0, -4.738657915905418)
16.579999999999735 (31.960635558962185, 1.0, -4.740150654443922)
16.79999999999973 (31.971679978641998, 1.0, -4.74146947243419)
17.019999999999726 (31.98143648542161, 1.0, -4.742634618180612)
17.23999999999972 (31.99005526694608, 1.0, -4.743663986002615)
17.459999999999717 (31.99766899668554, 1.0, -4.744573389156001)
17.679999999999712 (32.00439487642442, 1.0, -4.7453768012755555)
17.899999999999707 (32.01033644054206, 1.0, -4.746086569933519)
18.119999999999703 (32.01558514986957, 1.0, -4.746713605505991)
18.339999999999698 (32.02022179966608, 1.0, -4.747267548180269)
18.559999999999693 (32.02431776339443, 1.0, -4.747756915615889)
18.77999999999969 (32.02793609144719, 1.0, -4.74818923348713)
18.999999999999684 (32.031132481739995, 1.0, -4.74857115088113)
19.21999999999968 (32.03395613711587, 1.0, -4.748908542300431)
19.439999999999674 (32.03645052276132, 1.0, -4.749206597818578)
19.65999999999967 (32.038654035295, 1.0, -4.749469902759807)
19.879999999999665 (32.04060059382995, 1.0, -4.749702508116246)
