0.0 [0.0, 1.0, 0.0]
0.21999999999999997 [0.0006975222077311716, 1.0, -6.121200052180975e-07]
0.4200000000000001 [0.006698223380961654, 1.0, -0.0001732704529273238]
0.6200000000000002 [0.028640424997307734, 1.0, -0.0043485248855089365]
0.8200000000000004 [0.07131223573136058, 1.0, -0.014000924021680128]
1.0200000000000005 [0.12733011070607916, 1.0, -0.02998438105079909]
1.2200000000000006 [0.18730003791855399, 1.0, -0.04801791513112934]
1.4200000000000008 [0.25002627582403786, 1.0, -0.06581822634695747]
1.620000000000001 [0.3184037916580356, 1.0, -0.08138453961624263]
1.8200000000000012 [0.40084358456326175, 1.0, -0.08598978424057252]
2.0200000000000014 [0.4907207171904252, 1.0, -0.0822424367239305]
2.2200000000000015 [0.5858904705360493, 1.0, -0.0728079209839608]
2.4200000000000017 [0.6957476441796395, 1.0, -0.057689015022936885]
2.620000000000002 [0.8221808372307358, 1.0, -0.04153730641737956]
2.820000000000002 [0.9569807817315378, 1.0, -0.025321952397111484]
3.0200000000000022 [1.0963887015948162, 1.0, -0.00841518294151336]
3.2200000000000024 [1.246215298676609, 1.0, 0.008844617527353188]
3.4200000000000026 [1.4149121062687517, 1.0, 0.033991469891272996]
3.6200000000000028 [1.593500209153126, 1.0, 0.07176673073327955]
3.820000000000003 [1.7758618541313549, 1.0, 0.12610755114572295]
4.040000000000002 [1.9867792034503116, 1.0, 0.20355527584602223]
4.259999999999997 [2.2141786351874337, 1.0, 0.2912353543379895]
4.479999999999992 [2.4476803564949843, 1.0, 0.3782055220815074]
4.699999999999988 [2.6795037972990645, 1.0, 0.4652573699599796]
4.919999999999983 [2.918187041791505, 1.0, 0.5555029070421982]
5.139999999999978 [3.1689279979283596, 1.0, 0.6608159722072606]
5.359999999999974 [3.420439354557649, 1.0, 0.784624466827909]
5.579999999999969 [3.667317226284959, 1.0, 0.9290972310728758]
5.799999999999964 [3.920666733925407, 1.0, 1.0949314619692505]
6.01999999999996 [4.183086915958319, 1.0, 1.2652035211488029]
6.239999999999955 [4.440924506801648, 1.0, 1.4312518896200932]
6.45999999999995 [4.691673797453866, 1.0, 1.5941497340344426]
6.6799999999999455 [4.94754811486639, 1.0, 1.7650429291531273]
6.899999999999941 [5.202279464184372, 1.0, 1.9531248241174033]
7.119999999999936 [5.445241820652092, 1.0, 2.1600747524349946]
7.3399999999999315 [5.6774488688297975, 1.0, 2.387891210395907]
7.559999999999927 [5.913017216960187, 1.0, 2.6330303680881286]
7.779999999999922 [6.150369068397398, 1.0, 2.8741567559551817]
7.999999999999917 [6.37591596800812, 1.0, 3.1065863134127008]
8.219999999999914 [6.595454877691244, 1.0, 3.33427582412066]
8.439999999999909 [6.812565254032499, 1.0, 3.576794510697721]
8.659999999999904 [7.014515869235674, 1.0, 3.8337160039932465]
8.8799999999999 [7.194035699545898, 1.0, 4.102956371742626]
9.099999999999895 [7.359338131014502, 1.0, 4.391207037921141]
9.31999999999989 [7.526133133218194, 1.0, 4.689718944187403]
9.539999999999885 [7.689049091625483, 1.0, 4.978666197254289]
9.75999999999988 [7.842164354867699, 1.0, 5.255618291919809]
9.979999999999876 [7.991078648246659, 1.0, 5.53465436963828]
10.199999999999871 [8.125163924923005, 1.0, 5.822994766583682]
10.419999999999867 [8.240245333944745, 1.0, 6.10131366652078]
10.639999999999862 [8.334630404956275, 1.0, 6.371547360194578]
10.859999999999857 [8.410492792602252, 1.0, 6.634580020230884]
11.079999999999853 [8.469871936805315, 1.0, 6.890893393051751]
11.299999999999848 [8.514588253747075, 1.0, 7.14095404416238]
11.519999999999843 [8.546266335405388, 1.0, 7.38520484886823]
11.739999999999839 [8.566355930457483, 1.0, 7.6240622435624354]
11.959999999999834 [8.57615070068857, 1.0, 7.857914920648206]
12.17999999999983 [8.57680499230381, 1.0, 8.087123508987732]
12.399999999999824 [8.569348817152878, 1.0, 8.31202096067105]
12.61999999999982 [8.55470122630894, 1.0, 8.532913430516077]
12.839999999999815 [8.533682243945627, 1.0, 8.75008148597902]
13.05999999999981 [8.507023514403386, 1.0, 8.963781525101522]
13.279999999999806 [8.475377800563738, 1.0, 9.174247311139283]
13.499999999999801 [8.439327457636445, 1.0, 9.38169155651421]
13.719999999999796 [8.399391993461341, 1.0, 9.586307507221225]
13.939999999999792 [8.356034814537962, 1.0, 9.788270492999551]
14.159999999999787 [8.309669246236716, 1.0, 9.987739419390932]
14.379999999999782 [8.260663905975472, 1.0, 10.184858185997582]
14.599999999999778 [8.209347499496454, 1.0, 10.379757021405581]
14.819999999999773 [8.15601310266715, 1.0, 10.572553729813475]
15.039999999999768 [8.100921984367801, 1.0, 10.76335484776081]
15.259999999999764 [8.044307019931026, 1.0, 10.952256711768467]
15.479999999999759 [7.986375739184099, 1.0, 11.139346439402152]
15.699999999999754 [7.927313048336236, 1.0, 11.324702827423112]
15.91999999999975 [7.867283660683205, 1.0, 11.508397171430305]
16.139999999999745 [7.806434267308118, 1.0, 11.690494011828859]
16.35999999999974 [7.7448954755860075, 1.0, 11.87105181116124]
16.579999999999735 [7.68278354030139, 1.0, 12.050123567872161]
16.79999999999973 [7.620201909520453, 1.0, 12.227757371493073]
17.019999999999726 [7.5572426049842445, 1.0, 12.403996904063868]
17.23999999999972 [7.493987454673386, 1.0, 12.578881892385715]
17.459999999999717 [7.430509193308835, 1.0, 12.752448515440365]
17.679999999999712 [7.366872444871412, 1.0, 12.924729771033787]
17.899999999999707 [7.303134599722139, 1.0, 13.095755805436747]
18.119999999999703 [7.239346597566206, 1.0, 13.26555420951049]
18.339999999999698 [7.175553626307342, 1.0, 13.434150284527737]
18.559999999999693 [7.111795745771314, 1.0, 13.601567280632143]
18.77999999999969 [7.048108444322927, 1.0, 13.76782661062543]
18.999999999999684 [6.984523135548122, 1.0, 13.932948041532672]
19.21999999999968 [6.9210676014106, 1.0, 14.096949866173018]
19.439999999999674 [6.85776638761106, 1.0, 14.259849056756314]
19.65999999999967 [6.794641156268064, 1.0, 14.421661402334832]
19.879999999999665 [6.731711000494916, 1.0, 14.5824016317637]
