0.0 (4.375, 1.0, 0.0)
0.21999999999999997 (3.925783436079978, 1.0, 0.47926080187725606)
0.4200000000000001 (2.9012408182874605, 1.0, 0.9833657392278861)
0.6200000000000002 (2.328254860504888, 1.0, 1.2404528507152437)
0.8200000000000004 (2.20059065274691, 1.0, 1.137698312137332)
1.0200000000000005 (2.4178429947409494, 1.0, 0.9046211635384016)
1.2200000000000006 (2.902883457678252, 1.0, 0.8891109884192694)
1.4200000000000008 (3.3509762189377543, 1.0, 0.9695883912070256)
1.620000000000001 (3.569818955985235, 1.0, 1.4030252533212593)
1.8200000000000012 (3.4863114142993936, 1.0, 1.592177831367314)
2.0200000000000014 (2.9535890779605096, 1.0, 1.6387103446584694)
2.2200000000000015 (2.6915224964261473, 1.0, 1.845729137909416)
2.4200000000000017 (2.8036037476921347, 1.0, 1.9082310609279705)
2.620000000000002 (3.1407082226520426, 1.0, 1.6112666541560237)
2.820000000000002 (3.4972142556275054, 1.0, 1.1163048257943633)
3.0200000000000022 (4.052344096242783, 1.0, 1.0747184560882177)
3.2200000000000024 (4.6358718278922435, 1.0, 1.4078290594206313)
3.4200000000000026 (4.668908334920832, 1.0, 1.8393731548495251)
3.6200000000000028 (4.091456209483474, 1.0, 2.236803415072342)
3.820000000000003 (3.776965669761396, 1.0, 2.5676527022431097)
4.040000000000002 (3.7179488367187274, 1.0, 2.8052355411257035)
4.259999999999997 (4.136814369015904, 1.0, 2.611586614492918)
4.479999999999992 (4.669901874332905, 1.0, 2.1246974867161015)
4.699999999999988 (5.284203289261573, 1.0, 2.1654872842196973)
4.919999999999983 (5.79960921656931, 1.0, 2.6770394695533715)
5.139999999999978 (5.72215561921448, 1.0, 3.288872280948762)
5.359999999999974 (5.120140410458941, 1.0, 3.6050869239886545)
5.579999999999969 (4.83074448321459, 1.0, 3.953512096289141)
5.799999999999964 (5.043433227609041, 1.0, 4.019917084708489)
6.01999999999996 (5.615512149812935, 1.0, 3.817935175729008)
6.239999999999955 (6.213697197468026, 1.0, 3.627708299888723)
6.45999999999995 (6.767611558419334, 1.0, 4.063463732128964)
6.6799999999999455 (6.909603191716882, 1.0, 4.796975364031376)
6.899999999999941 (6.452195215036459, 1.0, 5.286623264086511)
7.119999999999936 (6.001472838035837, 1.0, 5.473727326271183)
7.3399999999999315 (5.765862561419072, 1.0, 5.623063306770801)
7.559999999999927 (6.174709601495631, 1.0, 5.605899701110124)
7.779999999999922 (6.878086448445487, 1.0, 5.457989210137082)
7.999999999999917 (7.366363220106919, 1.0, 5.805129991297885)
8.219999999999914 (7.54317709638708, 1.0, 6.659631774169261)
8.439999999999909 (7.258377043442918, 1.0, 7.320946633335502)
8.659999999999904 (6.664966363737238, 1.0, 7.242397956875347)
8.8799999999999 (6.31374620030567, 1.0, 7.295405005440763)
9.099999999999895 (6.360288193190645, 1.0, 7.3878776222253215)
9.31999999999989 (6.914862060137802, 1.0, 7.506452620799702)
9.539999999999885 (7.571910844010183, 1.0, 7.637920257088886)
9.75999999999988 (7.723221513542718, 1.0, 8.302850352459924)
9.979999999999876 (7.402570027741661, 1.0, 9.077834598654832)
10.199999999999871 (7.1188942648410265, 1.0, 9.898589867428054)
10.419999999999867 (6.927025172406123, 1.0, 10.271341259986086)
10.639999999999862 (7.027689464371945, 1.0, 10.546711268429224)
10.859999999999857 (7.0722699426891165, 1.0, 10.79986422199046)
11.079999999999853 (7.0995503954057275, 1.0, 11.045728037367276)
11.299999999999848 (7.115795889402113, 1.0, 11.28629014071194)
11.519999999999843 (7.122205139590325, 1.0, 11.521928278821242)
11.739999999999839 (7.11985173172549, 1.0, 11.752991449197125)
11.959999999999834 (7.109698179509871, 1.0, 11.979801341790571)
12.17999999999983 (7.092607192966467, 1.0, 12.202653552618875)
12.399999999999824 (7.069351840777192, 1.0, 12.421818982041879)
12.61999999999982 (7.040624705642153, 1.0, 12.637545339944564)
12.839999999999815 (7.007046125701492, 1.0, 12.850058698928613)
13.05999999999981 (6.969171608556923, 1.0, 13.05956505165829)
13.279999999999806 (6.927498497646849, 1.0, 13.26625184036239)
13.499999999999801 (6.882471963992524, 1.0, 13.470289435773154)
13.719999999999796 (6.834490389843551, 1.0, 13.671832549990727)
13.939999999999792 (6.783910204624939, 1.0, 13.87102157331303)
14.159999999999787 (6.731050227884219, 1.0, 14.06798382930431)
14.379999999999782 (6.676195568678323, 1.0, 14.262834745565252)
14.599999999999778 (6.619601126024893, 1.0, 14.455678940034668)
14.819999999999773 (6.561494730656022, 1.0, 14.646611224375222)
15.039999999999768 (6.502079964330286, 1.0, 14.835717527215198)
15.259999999999764 (6.441538689353508, 1.0, 15.023075740848805)
15.479999999999759 (6.38003331770007, 1.0, 15.208756495529085)
15.699999999999754 (6.317708846185559, 1.0, 15.392823865791069)
15.91999999999975 (6.254694681489423, 1.0, 15.575336013375663)
16.139999999999745 (6.191106276436028, 1.0, 15.75634577133035)
16.35999999999974 (6.127046596789575, 1.0, 15.935901173776271)
16.579999999999735 (6.062607435879266, 1.0, 16.11404593567968)
16.79999999999973 (5.997870592625397, 1.0, 16.290819886769636)
17.019999999999726 (5.932908926965259, 1.0, 16.466259363519622)
17.23999999999972 (5.86778730526302, 1.0, 16.640397562870206)
17.459999999999717 (5.80256344701422, 1.0, 16.81326486112276)
17.679999999999712 (5.737288683009443, 1.0, 16.984889101186546)
17.899999999999707 (5.67200863409012, 1.0, 17.15529585111895)
18.119999999999703 (5.60676381870126, 1.0, 17.324508636664074)
18.339999999999698 (5.541590196610695, 1.0, 17.492549150271238)
18.559999999999693 (5.476519655412933, 1.0, 17.659437438863144)
18.77999999999969 (5.41158044575979, 1.0, 17.825192072424844)
18.999999999999684 (5.346797570652016, 1.0, 17.989830295299306)
19.21999999999968 (5.282193133579301, 1.0, 18.15336816190344)
19.439999999999674 (5.217786649804514, 1.0, 18.31582065841953)
19.65999999999967 (5.15359532464605, 1.0, 18.477201811870813)
19.879999999999665 (5.0896343022149395, 1.0, 18.637524787855828)
