0.0 [0.0, 1.0, 0.0]
0.21999999999999997 [0.01191791349747906, 1.0, 0.007069369162339557]
0.4200000000000001 [0.17747604115065513, 1.0, 0.031953617998057]
0.6200000000000002 [0.4413462017639294, 1.0, 0.04551843689221266]
0.8200000000000004 [0.7169819258423042, 1.0, 0.047850897515130386]
1.0200000000000005 [1.0282779873038574, 1.0, 0.0379625502993621]
1.2200000000000006 [1.425439978547438, 1.0, -0.009889321908822482]
1.4200000000000008 [1.8811510728963854, 1.0, -0.09710999240354583]
1.620000000000001 [2.3526445079255236, 1.0, -0.1687150044461882]
1.8200000000000012 [2.832270030324691, 1.0, -0.1965174691496128]
2.0200000000000014 [3.3406912812186067, 1.0, -0.18360572153905333]
2.2200000000000015 [3.8596344789738364, 1.0, -0.1642789266074121]
2.4200000000000017 [4.349608111230684, 1.0, -0.18355703370224458]
2.620000000000002 [4.809804922836806, 1.0, -0.2584490220127239]
2.820000000000002 [5.275035387498421, 1.0, -0.39204016352162624]
3.0200000000000022 [5.753838578142379, 1.0, -0.558906002434043]
3.2200000000000024 [6.229204478592895, 1.0, -0.7019686169479257]
3.4200000000000026 [6.695806975581612, 1.0, -0.7871677720748947]
3.6200000000000028 [7.17673393645583, 1.0, -0.8197690266135206]
3.820000000000003 [7.684910608159663, 1.0, -0.8241494989140778]
4.040000000000002 [8.236199170168032, 1.0, -0.8517537285453574]
4.259999999999997 [8.74932109412692, 1.0, -0.9414546347737247]
4.479999999999992 [9.258741593849486, 1.0, -1.0962286844288767]
4.699999999999988 [9.785705776678236, 1.0, -1.2873991732633088]
4.919999999999983 [10.305209726769409, 1.0, -1.4413453298471912]
5.139999999999978 [10.81497015820908, 1.0, -1.525785667748228]
5.359999999999974 [11.357115390467923, 1.0, -1.553312819307783]
5.579999999999969 [11.920057763098114, 1.0, -1.5649532706117875]
5.799999999999964 [12.450906924964793, 1.0, -1.6195058619237808]
6.01999999999996 [12.953111704894365, 1.0, -1.7354017649456694]
6.239999999999955 [13.473707841393178, 1.0, -1.9135736268633887]
6.45999999999995 [14.004330913621441, 1.0, -2.0987481208183216]
6.6799999999999455 [14.517552207812166, 1.0, -2.2214163216687544]
6.899999999999941 [15.03262244357204, 1.0, -2.278606932597631]
7.119999999999936 [15.587083514452514, 1.0, -2.2909606501596516]
7.3399999999999315 [16.14374499858071, 1.0, -2.3135645458193617]
7.559999999999927 [16.66158224552202, 1.0, -2.39567157017419]
7.779999999999922 [17.167468473206778, 1.0, -2.5418951259873697]
7.999999999999917 [17.69313315635265, 1.0, -2.7334804441296314]
8.219999999999914 [18.217075591871367, 1.0, -2.898866237491133]
8.439999999999909 [18.72864638587913, 1.0, -2.993118970694623]
8.659999999999904 [19.263956060829816, 1.0, -3.0265801632436293]
8.8799999999999 [19.825804647437085, 1.0, -3.0357603433555154]
9.099999999999895 [20.363146620243036, 1.0, -3.080746455677456]
9.31999999999989 [20.867446880640408, 1.0, -3.1865992334613353]
9.539999999999885 [21.38463990068089, 1.0, -3.35662309373318]
9.75999999999988 [21.914559629836308, 1.0, -3.544925715382225]
9.979999999999876 [22.42875770756953, 1.0, -3.678658997130767]
10.199999999999871 [22.896083364215936, 1.0, -3.812699245590902]
10.419999999999867 [23.320980037808305, 1.0, -3.9704473277297416]
10.639999999999862 [23.73062607791624, 1.0, -4.056038520762164]
10.859999999999857 [24.11822737849381, 1.0, -4.119825017767106]
11.079999999999853 [24.483149981192707, 1.0, -4.176122538796294]
11.299999999999848 [24.826312165939765, 1.0, -4.228286119396062]
11.519999999999843 [25.148916409031685, 1.0, -4.277226246825134]
11.739999999999839 [25.452173148274852, 1.0, -4.323277687082016]
11.959999999999834 [25.73723856910444, 1.0, -4.3666370178597305]
12.17999999999983 [26.005203521420295, 1.0, -4.407463638074379]
12.399999999999824 [26.257094199632554, 1.0, -4.445902756320759]
12.61999999999982 [26.49387532091675, 1.0, -4.482090666588844]
12.839999999999815 [26.716453676580727, 1.0, -4.516156114330925]
13.05999999999981 [26.925681589762835, 1.0, -4.548220830570308]
13.279999999999806 [27.12236018857791, 1.0, -4.578399894759311]
13.499999999999801 [27.307242485981412, 1.0, -4.606802059866142]
13.719999999999796 [27.481036274319464, 1.0, -4.6335300637108645]
13.939999999999792 [27.644406845222004, 1.0, -4.658680929709276]
14.159999999999787 [27.79797954538905, 1.0, -4.682346256899632]
14.379999999999782 [27.942342178239546, 1.0, -4.704612498917384]
14.599999999999778 [28.078047260777755, 1.0, -4.725561231755434]
14.819999999999773 [28.205614144453136, 1.0, -4.745269410296556]
15.039999999999768 [28.325531008249918, 1.0, -4.763809613706723]
15.259999999999764 [28.438256731738452, 1.0, -4.781250279850056]
15.479999999999759 [28.544222655348012, 1.0, -4.797655928939671]
15.699999999999754 [28.643834234678547, 1.0, -4.813087376679737]
15.91999999999975 [28.73747259525325, 1.0, -4.82760193718555]
16.139999999999745 [28.82549599372467, 1.0, -4.841253615992226]
16.35999999999974 [28.908241191181325, 1.0, -4.854093293479986]
16.579999999999735 [28.986024743859055, 1.0, -4.866168899055976]
16.79999999999973 [29.059144216239016, 1.0, -4.877525576440106]
17.019999999999726 [29.12787932121244, 1.0, -4.888205840405973]
17.23999999999972 [29.192492991708352, 1.0, -4.898249725328564]
17.459999999999717 [29.253232387914228, 1.0, -4.907694925888319]
17.679999999999712 [29.31032984396951, 1.0, -4.9165769302768965]
17.899999999999707 [29.364003757777176, 1.0, -4.924929146244097]
18.119999999999703 [29.41445942735816, 1.0, -4.9327830203179746]
18.339999999999698 [29.461889836966215, 1.0, -4.940168150521748]
18.559999999999693 [29.506476395986784, 1.0, -4.947112392901825]
18.77999999999969 [29.548389633460417, 1.0, -4.953641962171282]
18.999999999999684 [29.5877898509002, 1.0, -4.959781526762758]
19.21999999999968 [29.624827735911367, 1.0, -4.965554298574013]
19.439999999999674 [29.65964493897, 1.0, -4.9709821176785365]
19.65999999999967 [29.692374615575783, 1.0, -4.976085532262589]
19.879999999999665 [29.723141935860014, 1.0, -4.980883874039194]
