0.0 [0.0, 1.0, 0.0]
0.21999999999999997 [0.0636746760098647, 1.0, 0.031440501861860794]
0.4200000000000001 [0.4855637540271523, 1.0, 0.04825108598452425]
0.6200000000000002 [0.8014175717535326, 1.0, -0.01740078377819196]
0.8200000000000004 [1.1413583294889045, 1.0, -0.04544428111098861]
1.0200000000000005 [1.5756361496501545, 1.0, -0.10854503228219663]
1.2200000000000006 [2.091030822744076, 1.0, -0.17946845688901045]
1.4200000000000008 [2.6513578281741195, 1.0, -0.20874332377312263]
1.620000000000001 [3.193740658945478, 1.0, -0.16290046752371568]
1.8200000000000012 [3.7645386372199336, 1.0, -0.08201281281769919]
2.0200000000000014 [4.3593321740723106, 1.0, -0.017556188203350052]
2.2200000000000015 [4.890626569903435, 1.0, -0.05031701497125668]
2.4200000000000017 [5.378712678433181, 1.0, -0.16234190237147095]
2.620000000000002 [5.9021027498387655, 1.0, -0.3020840171664727]
2.820000000000002 [6.469389425423746, 1.0, -0.4615006367248098]
3.0200000000000022 [6.999486081562149, 1.0, -0.5409869755367224]
3.2200000000000024 [7.5043070790722295, 1.0, -0.5325008616840612]
3.4200000000000026 [8.050974569629771, 1.0, -0.4863270865337118]
3.6200000000000028 [8.631588940742933, 1.0, -0.40534905878849065]
3.820000000000003 [9.169757699001675, 1.0, -0.3935027687228297]
4.040000000000002 [9.722429575188336, 1.0, -0.4905052353017483]
4.259999999999997 [10.302335970179861, 1.0, -0.6491604804398177]
4.479999999999992 [10.917324466203507, 1.0, -0.8382180892391577]
4.699999999999988 [11.499584383393668, 1.0, -0.9229795767452776]
4.919999999999983 [12.055846110089435, 1.0, -0.8969384053935496]
5.139999999999978 [12.653101036894604, 1.0, -0.8308343578877271]
5.359999999999974 [13.29066326267568, 1.0, -0.7693048621494423]
5.579999999999969 [13.873165394965497, 1.0, -0.8137215732394735]
5.799999999999964 [14.4222445647708, 1.0, -0.9522335296555575]
6.01999999999996 [15.00386736792013, 1.0, -1.133368806642932]
6.239999999999955 [15.610286038645755, 1.0, -1.2865009675734769]
6.45999999999995 [16.18853090665607, 1.0, -1.3210427991342355]
6.6799999999999455 [16.771808466900538, 1.0, -1.267861182193651]
6.899999999999941 [17.390246384337633, 1.0, -1.17742101265133]
7.119999999999936 [17.997566380284248, 1.0, -1.1449187222551414]
7.3399999999999315 [18.561586070168033, 1.0, -1.2254062156712242]
7.559999999999927 [19.14134993057827, 1.0, -1.3830231839027565]
7.779999999999922 [19.75047955231567, 1.0, -1.5805264334403506]
7.999999999999917 [20.337145283445615, 1.0, -1.688293942114218]
8.219999999999914 [20.89653092518274, 1.0, -1.679340149112679]
8.439999999999909 [21.494808204202624, 1.0, -1.6199192735122905]
8.659999999999904 [22.135393319707294, 1.0, -1.5445063106578243]
8.8799999999999 [22.72147400132593, 1.0, -1.5692260660978274]
9.099999999999895 [23.264351276929517, 1.0, -1.695906156537682]
9.31999999999989 [23.840762892678452, 1.0, -1.8663261164979406]
9.539999999999885 [24.455339261904815, 1.0, -2.030333427211589]
9.75999999999988 [25.036109857824663, 1.0, -2.0789844639114303]
9.979999999999876 [25.605548209404265, 1.0, -2.032867124790838]
10.199999999999871 [26.01853961787682, 1.0, -2.2232754965622603]
10.419999999999867 [26.22370089128031, 1.0, -2.2579796248549653]
10.639999999999862 [26.362934264695273, 1.0, -2.2625306702768624]
10.859999999999857 [26.456957375809534, 1.0, -2.265874308293546]
11.079999999999853 [26.520476282324363, 1.0, -2.2681420206064757]
11.299999999999848 [26.563388878020394, 1.0, -2.2696765001087273]
11.519999999999843 [26.592380121374703, 1.0, -2.2707142902236104]
11.739999999999839 [26.611966272026304, 1.0, -2.271415917636645]
11.959999999999834 [26.62519845416498, 1.0, -2.271890161195718]
12.17999999999983 [26.634137968763948, 1.0, -2.2722106607393098]
12.399999999999824 [26.640177405902286, 1.0, -2.272427235011939]
12.61999999999982 [26.644257583178835, 1.0, -2.272573572264782]
12.839999999999815 [26.64701410622394, 1.0, -2.27267244617607]
13.05999999999981 [26.64887638305774, 1.0, -2.2727392489044758]
13.279999999999806 [26.650134516963465, 1.0, -2.2727843821959444]
13.499999999999801 [26.650984498516465, 1.0, -2.272814874712899]
13.719999999999796 [26.65155873679636, 1.0, -2.272835475562135]
13.939999999999792 [26.65194668592753, 1.0, -2.2728493934710348]
14.159999999999787 [26.652208780139194, 1.0, -2.2728587963498548]
14.379999999999782 [26.652385848137406, 1.0, -2.2728651488740352]
14.599999999999778 [26.65250547335108, 1.0, -2.2728694405892367]
14.819999999999773 [26.652586290844468, 1.0, -2.2728723400340063]
15.039999999999768 [26.652640890264145, 1.0, -2.2728742988713115]
15.259999999999764 [26.65267777703836, 1.0, -2.2728756222422977]
15.479999999999759 [26.65270269734194, 1.0, -2.2728765162981683]
15.699999999999754 [26.652719533228076, 1.0, -2.2728771203129696]
15.91999999999975 [26.65273090736968, 1.0, -2.2728775283789733]
16.139999999999745 [26.65273859161608, 1.0, -2.2728778040640067]
16.35999999999974 [26.652743783009416, 1.0, -2.272877990313854]
16.579999999999735 [26.6527472902583, 1.0, -2.272878116142241]
16.79999999999973 [26.652749659717518, 1.0, -2.2728782011505397]
17.019999999999726 [26.652751260498388, 1.0, -2.2728782585812257]
17.23999999999972 [26.652752341968554, 1.0, -2.2728782973807746]
17.459999999999717 [26.652753072598045, 1.0, -2.272878323593328]
17.679999999999712 [26.652753566203387, 1.0, -2.272878341302245]
17.899999999999707 [26.652753899677784, 1.0, -2.2728783532661967]
18.119999999999703 [26.652754124969455, 1.0, -2.272878361348912]
18.339999999999698 [26.652754277174054, 1.0, -2.2728783668095063]
18.559999999999693 [26.652754380001838, 1.0, -2.272878370498625]
18.77999999999969 [26.652754449471153, 1.0, -2.2728783729909536]
18.999999999999684 [26.652754496403865, 1.0, -2.272878374674743]
19.21999999999968 [26.6527545281111, 1.0, -2.2728783758122932]
19.439999999999674 [26.65275454953216, 1.0, -2.2728783765808096]
19.65999999999967 [26.652754564003985, 1.0, -2.2728783771000103]
19.879999999999665 [26.652754573781007, 1.0, -2.272878377450777]
