0.0 (4.375, 1.0, 0.0)
0.21999999999999997 (3.513301216170018, 1.0, 0.47957019310802845)
0.4200000000000001 (2.756784605977772, 1.0, 0.7115124552938074)
0.6200000000000002 (3.1882227546982214, 1.0, 0.8004384888183739)
0.8200000000000004 (3.9494466512672077, 1.0, 0.5803695518595005)
1.0200000000000005 (4.511945132817819, 1.0, 0.06200233427272363)
1.2200000000000006 (5.029180805843235, 1.0, -0.5130933598438442)
1.4200000000000008 (5.593563745679832, 1.0, -0.9828292234935809)
1.620000000000001 (6.275078250365345, 1.0, -1.0355575220810935)
1.8200000000000012 (6.86932579429815, 1.0, -0.6560382265586804)
2.0200000000000014 (7.269222892281006, 1.0, -0.10259474813167392)
2.2200000000000015 (7.763009983365678, 1.0, 0.278147974087757)
2.4200000000000017 (8.450224147199163, 1.0, 0.28459814318588816)
2.620000000000002 (9.04640800972331, 1.0, -0.14329930437850383)
2.820000000000002 (9.36966641380235, 1.0, -0.7911502922645529)
3.0200000000000022 (9.747089838987302, 1.0, -1.295253134640929)
3.2200000000000024 (10.438838096196964, 1.0, -1.5007189719587395)
3.4200000000000026 (11.1427196108889, 1.0, -1.2124427834299394)
3.6200000000000028 (11.55821016869656, 1.0, -0.6268319682793342)
3.820000000000003 (11.978218852454532, 1.0, -0.16507443021627496)
4.040000000000002 (12.766154059712541, 1.0, -0.033030958758955835)
4.259999999999997 (13.464330709325822, 1.0, -0.4642035757449942)
4.479999999999992 (13.819337525491674, 1.0, -1.1617460759974956)
4.699999999999988 (14.259227497940259, 1.0, -1.6980833429786917)
4.919999999999983 (15.021448307740783, 1.0, -1.852120230605723)
5.139999999999978 (15.728135199801407, 1.0, -1.4750579628009943)
5.359999999999974 (16.208893683057685, 1.0, -0.8682392336922817)
5.579999999999969 (16.817679782635306, 1.0, -0.47965126932383545)
5.799999999999964 (17.55658303350009, 1.0, -0.5877867015358244)
6.01999999999996 (18.086518149001265, 1.0, -1.1514157534243343)
6.239999999999955 (18.470835628621426, 1.0, -1.7889553966717628)
6.45999999999995 (19.117828925976454, 1.0, -2.1999845116165213)
6.6799999999999455 (19.856328219855694, 1.0, -2.0824987205515297)
6.899999999999941 (20.35946252304548, 1.0, -1.5251539391476474)
7.119999999999936 (20.827433801551308, 1.0, -0.9918396018100003)
7.3399999999999315 (21.614293805762205, 1.0, -0.7988706833723425)
7.559999999999927 (22.329049834109085, 1.0, -1.1685498867746569)
7.779999999999922 (22.679199908138557, 1.0, -1.8470714423880286)
7.999999999999917 (23.069034298687402, 1.0, -2.4137429331315605)
8.219999999999914 (23.828095445274105, 1.0, -2.6491223187737063)
8.439999999999909 (24.576050394837885, 1.0, -2.324195550999563)
8.659999999999904 (25.046972796791447, 1.0, -1.6979222034390165)
8.8799999999999 (25.59468815490675, 1.0, -1.261261786124452)
9.099999999999895 (26.362425380110462, 1.0, -1.2752806715429796)
9.31999999999989 (26.967761253548165, 1.0, -1.7867188785104504)
9.539999999999885 (27.34391335368341, 1.0, -2.4551491633402804)
9.75999999999988 (27.909767126109173, 1.0, -2.9225886160209322)
9.979999999999876 (28.64954471116826, 1.0, -2.9036162815472273)
10.199999999999871 (30.137810724286837, 1.0, -2.72318226668446)
10.419999999999867 (30.592396348313926, 1.0, -2.4384030558399177)
10.639999999999862 (30.734912273024033, 1.0, -2.4242185323437218)
10.859999999999857 (30.828872212081396, 1.0, -2.429480061117103)
11.079999999999853 (30.892380742779256, 1.0, -2.4320330356146997)
11.299999999999848 (30.93528631937379, 1.0, -2.4337602022423686)
11.519999999999843 (30.964272816428018, 1.0, -2.434928155281773)
11.739999999999839 (30.983855758581974, 1.0, -2.435717712776882)
11.959999999999834 (30.99708577220519, 1.0, -2.436251357942325)
12.17999999999983 (31.006023821372846, 1.0, -2.4366119871954934)
12.399999999999824 (31.012062268296507, 1.0, -2.436855672038345)
12.61999999999982 (31.01614177651026, 1.0, -2.4370203246122784)
12.839999999999815 (31.018897847505226, 1.0, -2.4371315720250983)
13.05999999999981 (31.020759818921267, 1.0, -2.437206734097151)
13.279999999999806 (31.022017746482025, 1.0, -2.4372575148431617)
13.499999999999801 (31.022867588626955, 1.0, -2.437291822706616)
13.719999999999796 (31.023441732722592, 1.0, -2.43731500115681)
13.939999999999792 (31.023829618223143, 1.0, -2.4373306604623113)
14.159999999999787 (31.0240916694463, 1.0, -2.437341239808564)
14.379999999999782 (31.02426870840178, 1.0, -2.4373483871408146)
14.599999999999778 (31.024388313994436, 1.0, -2.4373532158194586)
14.819999999999773 (31.02446911823204, 1.0, -2.43735647803078)
15.039999999999768 (31.02452370869624, 1.0, -2.437358681949173)
15.259999999999764 (31.02456058942023, 1.0, -2.4373601708942525)
15.479999999999759 (31.024585505636324, 1.0, -2.4373611768101697)
15.699999999999754 (31.02460233876101, 1.0, -2.4373618563963984)
15.91999999999975 (31.02461371103701, 1.0, -2.437362315517635)
16.139999999999745 (31.02462139402303, 1.0, -2.4373626256950267)
16.35999999999974 (31.02462658456485, 1.0, -2.437362835247536)
16.579999999999735 (31.024630091238475, 1.0, -2.4373629768189478)
16.79999999999973 (31.024632460309043, 1.0, -2.4373630724630617)
17.019999999999726 (31.024634060827356, 1.0, -2.4373631370791897)
17.23999999999972 (31.02463514212014, 1.0, -2.4373631807331453)
17.459999999999717 (31.024635872629794, 1.0, -2.4373632102252833)
17.679999999999712 (31.02463636615417, 1.0, -2.4373632301498516)
17.899999999999707 (31.024636699573872, 1.0, -2.4373632436106725)
18.119999999999703 (31.02463692482859, 1.0, -2.437363252704657)
18.339999999999698 (31.024637077008222, 1.0, -2.4373632588484546)
18.559999999999693 (31.02463717981913, 1.0, -2.4373632629991375)
18.77999999999969 (31.024637249277056, 1.0, -2.437363265803293)
18.999999999999684 (31.024637296202073, 1.0, -2.4373632676977497)
19.21999999999968 (31.024637327904102, 1.0, -2.437363268977624)
19.439999999999674 (31.024637349321647, 1.0, -2.437363269842292)
19.65999999999967 (31.02463736379111, 1.0, -2.437363270426453)
19.879999999999665 (31.02463737356652, 1.0, -2.4373632708211055)
