0.0 [-12.75, 1.0, 0.0]
0.02 [-12.75, 1.0, 0.0]
0.04 [-12.750003187241836, 1.0, -7.826293595544928e-08]
0.06 [-12.750019248079132, 1.0, -3.464592525811504e-07]
0.08 [-12.750061978740359, 1.0, 3.8582976265544954e-07]
0.1 [-12.750145997390634, 1.0, 5.436459740643434e-06]
0.12000000000000001 [-12.750284634960842, 1.0, 2.0665605117082035e-05]
0.14 [-12.750484827773114, 1.0, 5.3571543355553983e-05]
0.16 [-12.750745154049426, 1.0, 0.00011035138229639262]
0.18 [-12.751055585383355, 1.0, 0.00019401403784530583]
0.19999999999999998 [-12.75139793190779, 1.0, 0.0003042928684841213]
0.21999999999999997 [-12.751745625539352, 1.0, 0.00044091615664907643]
0.23999999999999996 [-12.75206497493521, 1.0, 0.0006025403958986483]
0.25999999999999995 [-12.752316553648534, 1.0, 0.0007792026029867602]
0.27999999999999997 [-12.752461339353989, 1.0, 0.0009507049167007561]
0.3 [-12.752458642957533, 1.0, 0.0010946765217112204]
0.32 [-12.752268674097786, 1.0, 0.001193756049323134]
0.34 [-12.751856124477719, 1.0, 0.0012265003594984895]
0.36000000000000004 [-12.751191896256527, 1.0, 0.0011671463720956301]
0.38000000000000006 [-12.750255321264135, 1.0, 0.0009901374802494794]
0.4000000000000001 [-12.749038745846756, 1.0, 0.0006749502060619887]
0.4200000000000001 [-12.747571249529633, 1.0, 0.0002156907713962904]
0.4400000000000001 [-12.745902211857262, 1.0, -0.00040081782470318257]
0.46000000000000013 [-12.744091402992689, 1.0, -0.0011971853899940136]
0.48000000000000015 [-12.74219734458332, 1.0, -0.002209455665642284]
0.5000000000000001 [-12.740258379176804, 1.0, -0.0034663280323797715]
0.5200000000000001 [-12.738275945055706, 1.0, -0.00494669034524761]
0.5400000000000001 [-12.736237605701099, 1.0, -0.006604768036295972]
0.5600000000000002 [-12.734144484039096, 1.0, -0.008374354224025712]
0.5800000000000002 [-12.73202447595465, 1.0, -0.010177986045499505]
0.6000000000000002 [-12.729934710999299, 1.0, -0.011948706375275153]
0.6200000000000002 [-12.727936834971475, 1.0, -0.013614860179342946]
0.6400000000000002 [-12.72608013005754, 1.0, -0.015103271386200948]
0.6600000000000003 [-12.724402013903324, 1.0, -0.016343606284372245]
0.6800000000000003 [-12.722930357048009, 1.0, -0.017272239053767454]
0.7000000000000003 [-12.721686615358003, 1.0, -0.017837842406512858]
0.7200000000000003 [-12.720690931089042, 1.0, -0.017995691431616966]
0.7400000000000003 [-12.719963576975037, 1.0, -0.017711843225951932]
0.7600000000000003 [-12.71952246416998, 1.0, -0.01696954743313029]
0.7800000000000004 [-12.7193749369769, 1.0, -0.01577307313872151]
0.8000000000000004 [-12.719514504347842, 1.0, -0.014158195676238047]
0.8200000000000004 [-12.71992981615642, 1.0, -0.012175719085968517]
0.8400000000000004 [-12.72061086539889, 1.0, -0.009885468043651561]
0.8600000000000004 [-12.721552408568797, 1.0, -0.007349146206448593]
0.8800000000000004 [-12.722751277207662, 1.0, -0.004624789141248218]
0.9000000000000005 [-12.72421196741572, 1.0, -0.0017743686763015214]
0.9200000000000005 [-12.725987067838888, 1.0, 0.0011376304138328444]
0.9400000000000005 [-12.728084993952455, 1.0, 0.004063403612831216]
0.9600000000000005 [-12.730473830645872, 1.0, 0.006964450558773999]
0.9800000000000005 [-12.73311231047546, 1.0, 0.00980635272993357]
1.0000000000000004 [-12.735961938602031, 1.0, 0.01255225019165239]
1.0200000000000005 [-12.73898323941935, 1.0, 0.015161450485518228]
1.0400000000000005 [-12.742135656708749, 1.0, 0.017591208365865103]
1.0600000000000005 [-12.74540585601263, 1.0, 0.01987329163355775]
1.0800000000000005 [-12.74877955787482, 1.0, 0.021983321898866183]
1.1000000000000005 [-12.752218518093832, 1.0, 0.023890976514167783]
1.1200000000000006 [-12.755674900658036, 1.0, 0.025584582807988837]
1.1400000000000006 [-12.759114548332509, 1.0, 0.027069206286627946]
1.1600000000000006 [-12.762523763075132, 1.0, 0.028331888144152446]
1.1800000000000006 [-12.765893175068388, 1.0, 0.029354996979782885]
1.2000000000000006 [-12.769222417622077, 1.0, 0.030144400838052032]
1.2200000000000006 [-12.772525406648821, 1.0, 0.030757280430380146]
1.2400000000000007 [-12.77579856993098, 1.0, 0.03126249114301779]
1.2600000000000007 [-12.779016403170777, 1.0, 0.031713866198692105]
1.2800000000000007 [-12.78214192128533, 1.0, 0.03215933469518743]
1.3000000000000007 [-12.785136433003956, 1.0, 0.03264504173392142]
1.3200000000000007 [-12.787960868598972, 1.0, 0.033217781842017034]
1.3400000000000007 [-12.790572971179309, 1.0, 0.033916858322964656]
1.3600000000000008 [-12.792928004938055, 1.0, 0.03476550538842217]
1.3800000000000008 [-12.794983129067488, 1.0, 0.03576677070426018]
1.4000000000000008 [-12.796707910247548, 1.0, 0.03690553105378413]
1.4200000000000008 [-12.79807807028009, 1.0, 0.038181345461085835]
1.4400000000000008 [-12.799085342986945, 1.0, 0.039584111490857735]
1.4600000000000009 [-12.79973005916047, 1.0, 0.04109014721574829]
1.4800000000000009 [-12.800015822256572, 1.0, 0.04266331105215265]
1.5000000000000009 [-12.799947091133054, 1.0, 0.044248610706399634]
1.520000000000001 [-12.799527069118067, 1.0, 0.045781502894372245]
1.540000000000001 [-12.798752425480755, 1.0, 0.047195369269699895]
1.560000000000001 [-12.797603889319381, 1.0, 0.04841182638226583]
1.580000000000001 [-12.796042079717154, 1.0, 0.04935849374323511]
1.600000000000001 [-12.794020377109389, 1.0, 0.04997845680131114]
1.620000000000001 [-12.79152921183018, 1.0, 0.05026487014905291]
1.640000000000001 [-12.788582416813975, 1.0, 0.05024614805349413]
1.660000000000001 [-12.785191607860877, 1.0, 0.049949450148251306]
1.680000000000001 [-12.781366225241218, 1.0, 0.04939478619694032]
1.700000000000001 [-12.77711335978635, 1.0, 0.048606988391719876]
1.720000000000001 [-12.772437224171266, 1.0, 0.04761939097983431]
1.740000000000001 [-12.767340407765687, 1.0, 0.04647119345008268]
1.7600000000000011 [-12.76182561940891, 1.0, 0.04520493794091813]
1.7800000000000011 [-12.755897730144714, 1.0, 0.04386467429024471]
1.8000000000000012 [-12.74956557498671, 1.0, 0.04249514584083041]
1.8200000000000012 [-12.742844137173352, 1.0, 0.041141262284761795]
1.8400000000000012 [-12.735741818869613, 1.0, 0.03983677868339496]
1.8600000000000012 [-12.728256263275165, 1.0, 0.03859866027582164]
1.8800000000000012 [-12.720381977503951, 1.0, 0.03744386215253419]
1.9000000000000012 [-12.712116524649177, 1.0, 0.036390019341207065]
1.9200000000000013 [-12.703465191602772, 1.0, 0.03545778850977804]
1.9400000000000013 [-12.694441301504074, 1.0, 0.03467175259636983]
1.9600000000000013 [-12.68506232376639, 1.0, 0.03405949898395302]
1.9800000000000013 [-12.675345008239699, 1.0, 0.03364893647076214]
2.0000000000000013 [-12.665311634067628, 1.0, 0.033461176071683474]
2.0200000000000014 [-12.655018794720515, 1.0, 0.03350024739658461]
2.0400000000000014 [-12.644530370849266, 1.0, 0.03376988753895273]
2.0600000000000014 [-12.63390754145506, 1.0, 0.03428229890427719]
2.0800000000000014 [-12.623212381077717, 1.0, 0.03503710555386365]
2.1000000000000014 [-12.61251412159645, 1.0, 0.03599674288439133]
2.1200000000000014 [-12.60188216858908, 1.0, 0.037098237360052015]
2.1400000000000015 [-12.591369580483263, 1.0, 0.03826466504565227]
2.1600000000000015 [-12.58100655392495, 1.0, 0.03941382032486902]
2.1800000000000015 [-12.570787264551068, 1.0, 0.0405086084486349]
2.2000000000000015 [-12.560692988219683, 1.0, 0.041577407577970515]
2.2200000000000015 [-12.5506893136117, 1.0, 0.042645885152392295]
2.2400000000000015 [-12.540734524459456, 1.0, 0.04369217419595721]
2.2600000000000016 [-12.530787881541043, 1.0, 0.04467964637056373]
2.2800000000000016 [-12.520808125433705, 1.0, 0.04560637184950525]
2.3000000000000016 [-12.510741251913268, 1.0, 0.0464747386535094]
2.3200000000000016 [-12.500524921665473, 1.0, 0.04725680791296858]
2.3400000000000016 [-12.49011449180822, 1.0, 0.047927227596188914]
2.3600000000000017 [-12.479489031735508, 1.0, 0.048475713515056786]
2.3800000000000017 [-12.468644551275617, 1.0, 0.04892963061969466]
2.4000000000000017 [-12.457612164967728, 1.0, 0.04927259862398618]
2.4200000000000017 [-12.446452956899613, 1.0, 0.04945668648440334]
2.4400000000000017 [-12.435249558158583, 1.0, 0.049463786542395916]
2.4600000000000017 [-12.424065443755191, 1.0, 0.049278511338692]
2.4800000000000018 [-12.412951436209182, 1.0, 0.04889756896874153]
2.5000000000000018 [-12.401964430906128, 1.0, 0.04828486228176554]
2.520000000000002 [-12.39114525803435, 1.0, 0.04739392970625085]
2.540000000000002 [-12.380502576629409, 1.0, 0.04620886865154534]
2.560000000000002 [-12.370031983296295, 1.0, 0.04474383449857068]
2.580000000000002 [-12.359723813721583, 1.0, 0.04304748121045393]
2.600000000000002 [-12.349563075876297, 1.0, 0.0411967850131007]
2.620000000000002 [-12.339532747988052, 1.0, 0.03929958551925257]
2.640000000000002 [-12.329633819275596, 1.0, 0.037456259827799473]
2.660000000000002 [-12.31989447873237, 1.0, 0.03573558556570527]
2.680000000000002 [-12.310359636312022, 1.0, 0.034183515418473386]
2.700000000000002 [-12.301063930134045, 1.0, 0.03284418547084559]
2.720000000000002 [-12.292028046142335, 1.0, 0.0317644587352581]
2.740000000000002 [-12.283266275934224, 1.0, 0.030982396898661255]
2.760000000000002 [-12.274790165353991, 1.0, 0.03052253615878507]
2.780000000000002 [-12.266611360090153, 1.0, 0.030403431042911374]
2.800000000000002 [-12.258745607214777, 1.0, 0.030635560551356633]
2.820000000000002 [-12.251198342962574, 1.0, 0.031197710022504932]
2.840000000000002 [-12.243978757568563, 1.0, 0.032043574651044245]
2.860000000000002 [-12.237110283840487, 1.0, 0.033126007356471227]
2.880000000000002 [-12.230637093671998, 1.0, 0.034400656441389246]
2.900000000000002 [-12.224544054961138, 1.0, 0.03571253564603148]
2.920000000000002 [-12.218799047880982, 1.0, 0.03698846067685919]
2.940000000000002 [-12.213387622085925, 1.0, 0.03818704873493134]
2.960000000000002 [-12.208303407072675, 1.0, 0.03926944753984246]
2.980000000000002 [-12.203538145503206, 1.0, 0.04020321512570035]
3.000000000000002 [-12.199085004834458, 1.0, 0.04095894245603004]
3.0200000000000022 [-12.19494220856357, 1.0, 0.04150924244177932]
3.0400000000000023 [-12.191099225579652, 1.0, 0.04183038728659308]
3.0600000000000023 [-12.187505183427954, 1.0, 0.04190242569148806]
3.0800000000000023 [-12.184131100848218, 1.0, 0.041713358939775895]
3.1000000000000023 [-12.18097202917617, 1.0, 0.041231857996378574]
3.1200000000000023 [-12.17802616080782, 1.0, 0.04043930990508843]
3.1400000000000023 [-12.175264271176589, 1.0, 0.039429880281222816]
3.1600000000000024 [-12.17267735949592, 1.0, 0.038305042940824485]
3.1800000000000024 [-12.170260492703711, 1.0, 0.03716632697448188]
3.2000000000000024 [-12.16800948861394, 1.0, 0.03614475670518371]
3.2200000000000024 [-12.165890059920295, 1.0, 0.03535333731825271]
3.2400000000000024 [-12.163853830070153, 1.0, 0.034882289740839324]
3.2600000000000025 [-12.16185307154602, 1.0, 0.034805279722416316]
3.2800000000000025 [-12.159841711419029, 1.0, 0.0351879388495093]
3.3000000000000025 [-12.157773906125934, 1.0, 0.036086967468081085]
3.3200000000000025 [-12.155607007273499, 1.0, 0.03750962339604544]
3.3400000000000025 [-12.153305265517574, 1.0, 0.03941330009362735]
3.3600000000000025 [-12.15085423184885, 1.0, 0.041703175858352294]
3.3800000000000026 [-12.148256564243015, 1.0, 0.04425456351916262]
3.4000000000000026 [-12.14552431089938, 1.0, 0.04693288111813613]
3.4200000000000026 [-12.14267156606166, 1.0, 0.04961143210336495]
3.4400000000000026 [-12.139714444430991, 1.0, 0.05218151563070167]
3.4600000000000026 [-12.13666980016221, 1.0, 0.05456105559110265]
3.4800000000000026 [-12.133546586813965, 1.0, 0.05671828559144476]
3.5000000000000027 [-12.130351795746371, 1.0, 0.05866626009750858]
3.5200000000000027 [-12.127091671569227, 1.0, 0.060439326255006386]
3.5400000000000027 [-12.123774366195489, 1.0, 0.06206845457246]
3.5600000000000027 [-12.120404211990955, 1.0, 0.06356590127496903]
3.5800000000000027 [-12.116980881266286, 1.0, 0.06490889301229054]
3.6000000000000028 [-12.113503260945965, 1.0, 0.06606645130182913]
3.6200000000000028 [-12.109975493577785, 1.0, 0.06702731651168309]
3.640000000000003 [-12.10640872689679, 1.0, 0.06780940273650901]
3.660000000000003 [-12.102815417235574, 1.0, 0.06845205562122642]
3.680000000000003 [-12.099203979975085, 1.0, 0.06900968115862713]
3.700000000000003 [-12.095588124390687, 1.0, 0.06953835179286952]
3.720000000000003 [-12.091981567268967, 1.0, 0.07009326407915255]
3.740000000000003 [-12.088395908587863, 1.0, 0.07072420157285239]
3.760000000000003 [-12.08484456308737, 1.0, 0.0714698383585703]
3.780000000000003 [-12.081340605996806, 1.0, 0.0723695681048456]
3.800000000000003 [-12.077895820441688, 1.0, 0.07345742288589463]
3.820000000000003 [-12.074525204365578, 1.0, 0.07476211207069472]
3.840000000000003 [-12.071235334080725, 1.0, 0.07628298646041287]
3.860000000000003 [-12.068027689025039, 1.0, 0.07800068577915903]
3.880000000000003 [-12.064905694337968, 1.0, 0.07989722117611496]
3.900000000000003 [-12.061887910587386, 1.0, 0.08196514966896938]
3.920000000000003 [-12.059005603694013, 1.0, 0.08421270461169354]
3.940000000000003 [-12.056259911187224, 1.0, 0.08663525278097944]
3.960000000000003 [-12.053634557524038, 1.0, 0.08921940171980701]
3.980000000000003 [-12.051104665415645, 1.0, 0.09195363392882516]
4.000000000000003 [-12.04864969401411, 1.0, 0.09483366201428414]
4.020000000000002 [-12.046254473741133, 1.0, 0.09786020636091784]
4.040000000000002 [-12.043909219643973, 1.0, 0.1010379126759883]
4.060000000000001 [-12.041611338673174, 1.0, 0.10437766896479218]
4.080000000000001 [-12.039360804231187, 1.0, 0.10791002929699148]
4.1000000000000005 [-12.037151068338908, 1.0, 0.11168239291622484]
4.12 [-12.034976406200679, 1.0, 0.11575285807942252]
4.14 [-12.032836399769046, 1.0, 0.12018021088949951]
4.159999999999999 [-12.030735162317455, 1.0, 0.12501155757820026]
4.179999999999999 [-12.028683621956482, 1.0, 0.1302693804464369]
4.199999999999998 [-12.026703170175152, 1.0, 0.13594055635101931]
4.219999999999998 [-12.024825364192644, 1.0, 0.1419595625643345]
4.2399999999999975 [-12.023081281707901, 1.0, 0.14822110054750476]
4.259999999999997 [-12.021497402077964, 1.0, 0.15461499442113644]
4.279999999999997 [-12.020085682051796, 1.0, 0.16103517378880722]
4.299999999999996 [-12.01883972037133, 1.0, 0.16738463734023382]
4.319999999999996 [-12.017728066346873, 1.0, 0.1735959827266046]
4.339999999999995 [-12.01671352821619, 1.0, 0.1796313399346251]
4.359999999999995 [-12.015763474521458, 1.0, 0.18545382629170035]
4.379999999999995 [-12.014832609459607, 1.0, 0.19104353555256934]
4.399999999999994 [-12.01386738298497, 1.0, 0.19640038031357007]
4.419999999999994 [-12.01281733860421, 1.0, 0.20152868623745307]
4.439999999999993 [-12.011637728216003, 1.0, 0.20643079625626606]
4.459999999999993 [-12.010293770251545, 1.0, 0.21111098109471882]
4.479999999999992 [-12.008785662882888, 1.0, 0.21560449332130027]
4.499999999999992 [-12.007144437998429, 1.0, 0.21996689974112396]
4.519999999999992 [-12.005412743498654, 1.0, 0.22424963652121435]
4.539999999999991 [-12.003637510936546, 1.0, 0.22849245709226865]
4.559999999999991 [-12.001865059293499, 1.0, 0.23271171857280115]
4.57999999999999 [-12.00013661625632, 1.0, 0.23688741273743238]
4.59999999999999 [-11.998477248687728, 1.0, 0.24099001146169985]
4.6199999999999894 [-11.99690654151577, 1.0, 0.24497998077531016]
4.639999999999989 [-11.995429439173247, 1.0, 0.24883701051269186]
4.659999999999989 [-11.994033560679561, 1.0, 0.25259610882522016]
4.679999999999988 [-11.992708002696345, 1.0, 0.25635053457547263]
4.699999999999988 [-11.991452132466861, 1.0, 0.2602065630460568]
4.719999999999987 [-11.990276194044535, 1.0, 0.26423471931990145]
4.739999999999987 [-11.989195298303674, 1.0, 0.26848309621986766]
4.7599999999999865 [-11.988223943723385, 1.0, 0.2729954718216525]
4.779999999999986 [-11.987372350146273, 1.0, 0.27781433400292727]
4.799999999999986 [-11.98665175001686, 1.0, 0.2829730486067233]
4.819999999999985 [-11.986074641386073, 1.0, 0.28848711317444803]
4.839999999999985 [-11.98565124191693, 1.0, 0.2943280443367231]
4.859999999999984 [-11.985392196490325, 1.0, 0.30045687529993836]
4.879999999999984 [-11.985317066105203, 1.0, 0.306838890067793]
4.8999999999999835 [-11.985460498387573, 1.0, 0.31345313229615723]
4.919999999999983 [-11.985856519728856, 1.0, 0.3202897547437807]
4.939999999999983 [-11.986507322258285, 1.0, 0.3273151283435547]
4.959999999999982 [-11.987403856255675, 1.0, 0.3344928610412594]
4.979999999999982 [-11.988524688502139, 1.0, 0.34172063240566475]
4.999999999999981 [-11.989827104367857, 1.0, 0.348968029742492]
5.019999999999981 [-11.991293927088948, 1.0, 0.35620838533271554]
5.0399999999999805 [-11.992908784073443, 1.0, 0.3634287639483131]
5.05999999999998 [-11.994662388461574, 1.0, 0.3705921521885947]
5.07999999999998 [-11.996542327418714, 1.0, 0.37767252536028506]
5.099999999999979 [-11.998544460026736, 1.0, 0.38466044581425013]
5.119999999999979 [-12.000668904685247, 1.0, 0.39159619701258436]
5.139999999999978 [-12.002900855747939, 1.0, 0.39855616329847504]
5.159999999999978 [-12.005196849993267, 1.0, 0.4056252066094914]
5.1799999999999775 [-12.007500835117773, 1.0, 0.4128785689722536]
5.199999999999977 [-12.009755643448372, 1.0, 0.4203788003324809]
5.219999999999977 [-12.011904378301226, 1.0, 0.4281788682388155]
5.239999999999976 [-12.013893835863959, 1.0, 0.43631951753061005]
5.259999999999976 [-12.015680292132899, 1.0, 0.44481797940426454]
5.279999999999975 [-12.017234408962523, 1.0, 0.453658979611927]
5.299999999999975 [-12.018546797768694, 1.0, 0.46278642056436986]
5.3199999999999745 [-12.019629971145017, 1.0, 0.47210962465566303]
5.339999999999974 [-12.020517355965719, 1.0, 0.4815169637291866]
5.359999999999974 [-12.021254195320223, 1.0, 0.49089094704654684]
5.379999999999973 [-12.021884010520935, 1.0, 0.5001197439773539]
5.399999999999973 [-12.02244408958326, 1.0, 0.5091060879479938]
5.419999999999972 [-12.02296537837917, 1.0, 0.5177784614304305]
5.439999999999972 [-12.023455294691926, 1.0, 0.5260945588612972]
5.4599999999999715 [-12.02390320980806, 1.0, 0.5340512084586657]
5.479999999999971 [-12.024298973087976, 1.0, 0.541677938009795]
5.499999999999971 [-12.024638527009651, 1.0, 0.5490190309918707]
5.51999999999997 [-12.024927714336465, 1.0, 0.5561170221536947]
5.53999999999997 [-12.025180319937032, 1.0, 0.5629967078623894]
5.559999999999969 [-12.025418154515009, 1.0, 0.5696452328057223]
5.579999999999969 [-12.02565941608028, 1.0, 0.5760323902428264]
5.599999999999969 [-12.025918204663212, 1.0, 0.5821386136045074]
5.619999999999968 [-12.026202777108926, 1.0, 0.5879714318058051]
5.639999999999968 [-12.02650557545948, 1.0, 0.5935745380603957]
5.659999999999967 [-12.026804028425714, 1.0, 0.5990208539090839]
5.679999999999967 [-12.027082028549632, 1.0, 0.6043852568842415]
5.699999999999966 [-12.02732891456451, 1.0, 0.6097381074568569]
5.719999999999966 [-12.027532226941878, 1.0, 0.6151457230353978]
5.739999999999966 [-12.027682604064378, 1.0, 0.6206645672157629]
5.759999999999965 [-12.027776035504443, 1.0, 0.6263465691314115]
5.779999999999965 [-12.027810960062341, 1.0, 0.6322370937609799]
5.799999999999964 [-12.027792560534884, 1.0, 0.6383738895324067]
5.819999999999964 [-12.027731653209708, 1.0, 0.6447806254913]
5.839999999999963 [-12.027645596432004, 1.0, 0.6514407392428019]
5.859999999999963 [-12.027555070621982, 1.0, 0.6583271816827941]
5.879999999999963 [-12.027488646901803, 1.0, 0.6654181396557002]
5.899999999999962 [-12.027487024712215, 1.0, 0.6727079405309412]
5.919999999999962 [-12.02759349073857, 1.0, 0.6802080316440415]
5.939999999999961 [-12.02782236150936, 1.0, 0.6879006448931515]
5.959999999999961 [-12.028176086057448, 1.0, 0.6957587877396693]
5.9799999999999605 [-12.028652583886222, 1.0, 0.7036841728593458]
5.99999999999996 [-12.029218961613987, 1.0, 0.7116514138780391]
6.01999999999996 [-12.029872542207034, 1.0, 0.719644409923672]
6.039999999999959 [-12.030608874542919, 1.0, 0.7276574013314459]
6.059999999999959 [-12.031435619791084, 1.0, 0.7356547303696267]
6.079999999999958 [-12.03235626986232, 1.0, 0.7436153084929323]
6.099999999999958 [-12.033380718885532, 1.0, 0.7515385185166868]
6.1199999999999575 [-12.034501457477074, 1.0, 0.7594623692379265]
6.139999999999957 [-12.035676607509197, 1.0, 0.7674469845778673]
6.159999999999957 [-12.03684742656476, 1.0, 0.7755601802101486]
6.179999999999956 [-12.037956113642867, 1.0, 0.7838656468202354]
6.199999999999956 [-12.038948906127935, 1.0, 0.7924180508132547]
6.219999999999955 [-12.039778539624779, 1.0, 0.801262075602829]
6.239999999999955 [-12.040411403912689, 1.0, 0.8104251598957175]
6.2599999999999545 [-12.040839215618215, 1.0, 0.8199011716509691]
6.279999999999954 [-12.041087598937995, 1.0, 0.829627132315549]
6.299999999999954 [-12.0412101156854, 1.0, 0.8395068705473954]
6.319999999999953 [-12.041270165238512, 1.0, 0.849431297805324]
6.339999999999953 [-12.041325125698572, 1.0, 0.8592962861960014]
6.359999999999952 [-12.041417064795908, 1.0, 0.8690096410845163]
6.379999999999952 [-12.04157375987306, 1.0, 0.878499011776549]
6.3999999999999515 [-12.041809002885264, 1.0, 0.8877153670247689]
6.419999999999951 [-12.042110833092352, 1.0, 0.8966324889084296]
6.439999999999951 [-12.042460827136631, 1.0, 0.905237083803447]
6.45999999999995 [-12.042839556626632, 1.0, 0.9135207085432706]
6.47999999999995 [-12.043231031946974, 1.0, 0.9214755571254822]
6.499999999999949 [-12.043628553082037, 1.0, 0.9291029015139384]
6.519999999999949 [-12.04404123580247, 1.0, 0.9364171534020678]
6.5399999999999485 [-12.044491328491105, 1.0, 0.9434145347967027]
6.559999999999948 [-12.044998567423917, 1.0, 0.9500774685400529]
6.579999999999948 [-12.045555105276328, 1.0, 0.9564048191581854]
6.599999999999947 [-12.046128352436865, 1.0, 0.9624311471285961]
6.619999999999947 [-12.046691006653555, 1.0, 0.9682178996654036]
6.639999999999946 [-12.047216289573196, 1.0, 0.9738484664898772]
6.659999999999946 [-12.04767466960355, 1.0, 0.979416231710367]
6.6799999999999455 [-12.048046006083865, 1.0, 0.9850029794477146]
6.699999999999945 [-12.048315873263428, 1.0, 0.9906757443413241]
6.719999999999945 [-12.048462681602828, 1.0, 0.9964973246505321]
6.739999999999944 [-12.048469566164611, 1.0, 1.0025212906958139]
6.759999999999944 [-12.048330514532445, 1.0, 1.008792585908986]
6.779999999999943 [-12.04804344440013, 1.0, 1.0153518697649497]
6.799999999999943 [-12.047611590525504, 1.0, 1.022235171546711]
6.8199999999999426 [-12.047046129757245, 1.0, 1.0294594749068637]
6.839999999999942 [-12.04637712904162, 1.0, 1.0370163364372151]
6.859999999999942 [-12.045645918964635, 1.0, 1.0449000121760117]
6.879999999999941 [-12.044906457417774, 1.0, 1.0531186926150244]
6.899999999999941 [-12.044211866673509, 1.0, 1.0616773690010775]
6.91999999999994 [-12.043651216563203, 1.0, 1.0704044928069996]
6.93999999999994 [-12.043238315356845, 1.0, 1.079279051639461]
6.95999999999994 [-12.043006599162956, 1.0, 1.088282684007383]
6.979999999999939 [-12.042987490312857, 1.0, 1.097401980257404]
6.999999999999939 [-12.043209566769363, 1.0, 1.106627612720226]
7.019999999999938 [-12.04367920934718, 1.0, 1.1159284597024117]
7.039999999999938 [-12.044384471861994, 1.0, 1.125246761723904]
7.059999999999937 [-12.045316792066142, 1.0, 1.1345218069250702]
7.079999999999937 [-12.046470324117227, 1.0, 1.1437186095069498]
7.099999999999937 [-12.04785629718983, 1.0, 1.1527836068204962]
7.119999999999936 [-12.04947066416983, 1.0, 1.1616627375420532]
7.139999999999936 [-12.051259305675773, 1.0, 1.1704275789796312]
7.159999999999935 [-12.053202447842262, 1.0, 1.1791203045129568]
7.179999999999935 [-12.055248275082185, 1.0, 1.1877935913936213]
7.1999999999999345 [-12.057315585646009, 1.0, 1.1964919039721675]
7.219999999999934 [-12.05931592201732, 1.0, 1.2052525300760697]
7.239999999999934 [-12.061167458682855, 1.0, 1.2141075121597198]
7.259999999999933 [-12.06279411600373, 1.0, 1.223092785094008]
7.279999999999933 [-12.064118214934517, 1.0, 1.2322543128940164]
7.299999999999932 [-12.065083870311808, 1.0, 1.2416102412124277]
7.319999999999932 [-12.06566377077212, 1.0, 1.2511478393112787]
7.3399999999999315 [-12.0658793787853, 1.0, 1.2608137552521568]
7.359999999999931 [-12.065794033910962, 1.0, 1.2705276647951531]
7.379999999999931 [-12.065492528608248, 1.0, 1.2801964698006714]
7.39999999999993 [-12.065062151023923, 1.0, 1.2897286451671264]
7.41999999999993 [-12.064582639108155, 1.0, 1.2990423742910426]
7.439999999999929 [-12.064130394189899, 1.0, 1.3080716057646167]
7.459999999999929 [-12.063760627935471, 1.0, 1.3167742927920234]
7.4799999999999285 [-12.063506490585166, 1.0, 1.3251267185337494]
7.499999999999928 [-12.063384164908118, 1.0, 1.3331123596342072]
7.519999999999928 [-12.063407884609331, 1.0, 1.3407123973761348]
7.539999999999927 [-12.063595763666559, 1.0, 1.347898653276961]
7.559999999999927 [-12.063941181101338, 1.0, 1.3546540030817336]
7.579999999999926 [-12.064403228293818, 1.0, 1.3609879744196263]
7.599999999999926 [-12.064923867342404, 1.0, 1.3669387764162693]
7.6199999999999255 [-12.065442956244476, 1.0, 1.3725652282269762]
7.639999999999925 [-12.065904023106388, 1.0, 1.3779447133414346]
7.659999999999925 [-12.066263989299538, 1.0, 1.3831515771623921]
7.679999999999924 [-12.066494023101209, 1.0, 1.3882518610240164]
7.699999999999924 [-12.066571380748435, 1.0, 1.3933017921992359]
7.719999999999923 [-12.066471993540702, 1.0, 1.3983497610796352]
7.739999999999923 [-12.066174013260223, 1.0, 1.403438373672993]
7.7599999999999225 [-12.06566556573727, 1.0, 1.408604184916688]
7.779999999999922 [-12.064942907784754, 1.0, 1.4138796188213527]
7.799999999999922 [-12.064004830964766, 1.0, 1.41929531060595]
7.819999999999921 [-12.062853318086145, 1.0, 1.424882194635974]
7.839999999999921 [-12.06150774270137, 1.0, 1.4306467329267454]
7.85999999999992 [-12.06000736816405, 1.0, 1.436584390665622]
7.87999999999992 [-12.058398459989942, 1.0, 1.4427016031598654]
7.8999999999999195 [-12.0567349921203, 1.0, 1.449024554218]
7.919999999999919 [-12.05509106957461, 1.0, 1.4555555552665322]
7.939999999999919 [-12.053522785725129, 1.0, 1.4621880620680665]
7.959999999999918 [-12.052036782044048, 1.0, 1.46888728127927]
7.979999999999918 [-12.050651288664993, 1.0, 1.475631396575235]
7.999999999999917 [-12.049385470913808, 1.0, 1.4824012179228443]
8.019999999999918 [-12.04825950312387, 1.0, 1.4891784307680842]
8.039999999999917 [-12.047305103034692, 1.0, 1.4959605100562796]
8.059999999999917 [-12.046567531049547, 1.0, 1.5027710712462545]
8.079999999999917 [-12.04608132029279, 1.0, 1.5096314527371741]
8.099999999999916 [-12.045890406973093, 1.0, 1.5165219456509802]
8.119999999999916 [-12.046037697660044, 1.0, 1.5234128464845946]
8.139999999999915 [-12.0465287667761, 1.0, 1.5302815488358856]
8.159999999999915 [-12.047316007449098, 1.0, 1.5371458167707086]
8.179999999999914 [-12.048315778185277, 1.0, 1.5440471119357904]
8.199999999999914 [-12.049431643589658, 1.0, 1.5510284721865017]
8.219999999999914 [-12.050571765924232, 1.0, 1.5581226999323037]
8.239999999999913 [-12.051656706965485, 1.0, 1.5653516247830752]
8.259999999999913 [-12.05262031617246, 1.0, 1.5727325836894148]
8.279999999999912 [-12.05341589886417, 1.0, 1.5802737476985285]
8.299999999999912 [-12.054034843398412, 1.0, 1.5879518689826304]
8.319999999999911 [-12.054506190888882, 1.0, 1.5957154256055663]
8.339999999999911 [-12.054887536228819, 1.0, 1.6034906066011292]
8.35999999999991 [-12.055249677406316, 1.0, 1.6111981648512188]
8.37999999999991 [-12.055655407442622, 1.0, 1.6187716136915145]
8.39999999999991 [-12.056153188669358, 1.0, 1.626165590477285]
8.41999999999991 [-12.056774178594878, 1.0, 1.6333562593364892]
8.439999999999909 [-12.057547277281266, 1.0, 1.6403352777456817]
8.459999999999908 [-12.058502740955717, 1.0, 1.6471024217016725]
8.479999999999908 [-12.059675573164682, 1.0, 1.6536612676351603]
8.499999999999908 [-12.061100528194789, 1.0, 1.6600124320894718]
8.519999999999907 [-12.062790360791857, 1.0, 1.6661514109088185]
8.539999999999907 [-12.06472997440743, 1.0, 1.6720810786354656]
8.559999999999906 [-12.066842169315004, 1.0, 1.6778165568664551]
8.579999999999906 [-12.068989720242712, 1.0, 1.6833857281735345]
8.599999999999905 [-12.071056310536047, 1.0, 1.6888374180439172]
8.619999999999905 [-12.072982044557339, 1.0, 1.6942389252805967]
8.639999999999905 [-12.074734647761264, 1.0, 1.6996584096800182]
8.659999999999904 [-12.076285412879452, 1.0, 1.7051598883098416]
8.679999999999904 [-12.07761059418908, 1.0, 1.7107966824523018]
8.699999999999903 [-12.078694171650477, 1.0, 1.7166079607448896]
8.719999999999903 [-12.079521906131808, 1.0, 1.722626673925809]
8.739999999999903 [-12.080083914680454, 1.0, 1.728881526552768]
8.759999999999902 [-12.080383361015485, 1.0, 1.7353968771347166]
8.779999999999902 [-12.080429097910919, 1.0, 1.742198124225082]
8.799999999999901 [-12.080234450898708, 1.0, 1.7493105696513491]
8.8199999999999 [-12.079821072557058, 1.0, 1.7567425865480153]
8.8399999999999 [-12.079207322033362, 1.0, 1.764504941476337]
8.8599999999999 [-12.078410453556176, 1.0, 1.772578623756409]
8.8799999999999 [-12.077467265245858, 1.0, 1.7809038048429273]
8.899999999999899 [-12.076487505794848, 1.0, 1.7894127656347139]
8.919999999999899 [-12.075555110549546, 1.0, 1.798135840755503]
8.939999999999898 [-12.074726284459551, 1.0, 1.8071042821034475]
8.959999999999898 [-12.07404321846413, 1.0, 1.816324709248715]
8.979999999999897 [-12.073525498962477, 1.0, 1.8257585231092037]
8.999999999999897 [-12.073188856576326, 1.0, 1.8353454433376997]
9.019999999999897 [-12.073055939304888, 1.0, 1.8450235321209907]
9.039999999999896 [-12.073156582124952, 1.0, 1.8547353698735851]
9.059999999999896 [-12.073510377971042, 1.0, 1.864416418472545]
9.079999999999895 [-12.074125561605316, 1.0, 1.8739950400156813]
9.099999999999895 [-12.074925955018353, 1.0, 1.8834892154735083]
9.119999999999894 [-12.075892847804239, 1.0, 1.8929360270001345]
9.139999999999894 [-12.077055202974405, 1.0, 1.9023315529982283]
9.159999999999894 [-12.078433275332069, 1.0, 1.9116767313802754]
9.179999999999893 [-12.080015727270252, 1.0, 1.920988088503908]
9.199999999999893 [-12.081737915784457, 1.0, 1.9302798295663801]
9.219999999999892 [-12.083510095130915, 1.0, 1.9395572373156933]
9.239999999999892 [-12.085235715622852, 1.0, 1.9488188820322756]
9.259999999999891 [-12.086819088211595, 1.0, 1.9580572559402294]
9.279999999999891 [-12.088171678375739, 1.0, 1.9672594349358852]
9.29999999999989 [-12.089220974848281, 1.0, 1.9764077854919777]
9.31999999999989 [-12.089886500722775, 1.0, 1.9855067848926762]
9.33999999999989 [-12.090106183744503, 1.0, 1.99455478906909]
9.35999999999989 [-12.089860963461144, 1.0, 2.0035292968217884]
9.379999999999889 [-12.089184873125774, 1.0, 2.01239127154973]
9.399999999999888 [-12.088160477078967, 1.0, 2.0210961749487297]
9.419999999999888 [-12.08689553367023, 1.0, 2.029598318884072]
9.439999999999888 [-12.085505818211356, 1.0, 2.037854286305733]
9.459999999999887 [-12.084097944571694, 1.0, 2.0458290532351127]
9.479999999999887 [-12.082781149740772, 1.0, 2.053493859502746]
9.499999999999886 [-12.081643781186964, 1.0, 2.0608264812765507]
9.519999999999886 [-12.080750876888748, 1.0, 2.0678084646606147]
9.539999999999885 [-12.080148610446777, 1.0, 2.0744163508790505]
9.559999999999885 [-12.079849324003403, 1.0, 2.0806227366882184]
9.579999999999885 [-12.079819263955526, 1.0, 2.0864108637065937]
9.599999999999884 [-12.079997100223679, 1.0, 2.09177975201287]
9.619999999999884 [-12.080305262220818, 1.0, 2.096755493865773]
9.639999999999883 [-12.080677152149645, 1.0, 2.101380982958286]
9.659999999999883 [-12.081058664408053, 1.0, 2.1057022573031845]
9.679999999999882 [-12.081408134440965, 1.0, 2.109762959512317]
9.699999999999882 [-12.08169078510467, 1.0, 2.1136017494722394]
9.719999999999882 [-12.08187468955928, 1.0, 2.1172507095842463]
9.739999999999881 [-12.0819227173921, 1.0, 2.120738864798889]
9.75999999999988 [-12.081803165865592, 1.0, 2.124094162830452]
9.77999999999988 [-12.081495816492602, 1.0, 2.1273410395156875]
9.79999999999988 [-12.080988069598163, 1.0, 2.1305025372260067]
9.81999999999988 [-12.08027322737591, 1.0, 2.1336050087591296]
9.839999999999879 [-12.079345616495416, 1.0, 2.136682692780362]
9.859999999999879 [-12.078227836307512, 1.0, 2.1397418593489954]
9.879999999999878 [-12.076960046393072, 1.0, 2.14278110937989]
9.899999999999878 [-12.075582106348987, 1.0, 2.145804124478633]
9.919999999999877 [-12.07413368279283, 1.0, 2.1488255423047153]
9.939999999999877 [-12.072647766618566, 1.0, 2.1518719013901126]
9.959999999999877 [-12.07114796482978, 1.0, 2.1549807860137418]
9.979999999999876 [-12.06965027806978, 1.0, 2.158201694113736]
9.999999999999876 [-12.06816727748923, 1.0, 2.1615666077930507]
