0.0 (-9.75, 1.0, 0.0)
0.02 (-9.750012488007542, 1.0, -0.004857175540765665)
0.04 (-9.750331162892072, 1.0, -0.03198409758225574)
0.06 (-9.751457973161797, 1.0, -0.10188812283937392)
0.08 (-9.754662219327876, 1.0, -0.19519438132971448)
0.1 (-9.761355725869025, 1.0, -0.29136406793071945)
0.12000000000000001 (-9.772628316279327, 1.0, -0.37828487083752055)
0.14 (-9.787410303521957, 1.0, -0.4573131832013347)
0.16 (-9.802847570465346, 1.0, -0.5308072648890093)
0.18 (-9.816374236699138, 1.0, -0.5988077526824208)
0.19999999999999998 (-9.826517530660961, 1.0, -0.660159377207874)
0.21999999999999997 (-9.83231716059948, 1.0, -0.7130470903845139)
0.23999999999999996 (-9.833719749557849, 1.0, -0.7560159937361254)
0.25999999999999995 (-9.831789427377108, 1.0, -0.7880851872694323)
0.27999999999999997 (-9.828123365342437, 1.0, -0.8013551912672335)
0.3 (-9.822400903200826, 1.0, -0.7866975469965626)
0.32 (-9.813918890725201, 1.0, -0.7429433686836859)
0.34 (-9.801559512079269, 1.0, -0.667928653092008)
0.36000000000000004 (-9.783956595745039, 1.0, -0.5577701200839914)
0.38000000000000006 (-9.759510442548022, 1.0, -0.40820018132434327)
0.4000000000000001 (-9.721552950554235, 1.0, -0.22282082870279293)
0.4200000000000001 (-9.669998408255262, 1.0, -0.004879852219007323)
0.4400000000000001 (-9.608765847846906, 1.0, 0.24914320693259706)
0.46000000000000013 (-9.54321104256015, 1.0, 0.5471041471191722)
0.48000000000000015 (-9.48463319362012, 1.0, 0.8802891100022654)
0.5000000000000001 (-9.44961757124772, 1.0, 1.2203703119408498)
0.5200000000000001 (-9.454197357302474, 1.0, 1.5420814123536601)
0.5400000000000001 (-9.503449144494509, 1.0, 1.82201965386528)
0.5600000000000002 (-9.58689727307676, 1.0, 2.051382973595031)
0.5800000000000002 (-9.689795796459098, 1.0, 2.2507339085945657)
0.6000000000000002 (-9.80481140436439, 1.0, 2.4301665861268176)
0.6200000000000002 (-9.933189793893087, 1.0, 2.589984130960156)
0.6400000000000002 (-10.076086753585363, 1.0, 2.7259332946503476)
0.6600000000000003 (-10.229070497957599, 1.0, 2.8400273726279184)
0.6800000000000003 (-10.389546609026205, 1.0, 2.938343060709113)
0.7000000000000003 (-10.557913866533104, 1.0, 3.020342584032286)
0.7200000000000003 (-10.734985347829676, 1.0, 3.082268306538118)
0.7400000000000003 (-10.921761376516637, 1.0, 3.123213608237223)
0.7600000000000003 (-11.114487545675802, 1.0, 3.1431394904324614)
0.7800000000000004 (-11.302834005222584, 1.0, 3.1388077669838412)
0.8000000000000004 (-11.481401192541131, 1.0, 3.114619197653524)
0.8200000000000004 (-11.647594673652916, 1.0, 3.075507113892653)
0.8400000000000004 (-11.80123171764004, 1.0, 3.0258344082887296)
0.8600000000000004 (-11.943945429135246, 1.0, 2.968908469132944)
0.8800000000000004 (-12.075299628418835, 1.0, 2.907866154112352)
0.9000000000000005 (-12.17714553514508, 1.0, 2.8518949101913402)
0.9200000000000005 (-12.26812933473707, 1.0, 2.795217308155137)
0.9400000000000005 (-12.36426379810405, 1.0, 2.7336231364158867)
0.9600000000000005 (-12.467148736185134, 1.0, 2.66779065722389)
0.9800000000000005 (-12.571557957170299, 1.0, 2.598467554277648)
1.0000000000000004 (-12.67365028902272, 1.0, 2.52490583275901)
1.0200000000000005 (-12.771859399674419, 1.0, 2.445072969854814)
1.0400000000000005 (-12.866770124756203, 1.0, 2.3563152127645877)
1.0600000000000005 (-12.947751604337999, 1.0, 2.2617751909336468)
1.0800000000000005 (-13.000923035546196, 1.0, 2.164331022575884)
1.1000000000000005 (-13.03752900018241, 1.0, 2.058051159034204)
1.1200000000000006 (-13.05509527765824, 1.0, 1.9437264041567042)
1.1400000000000006 (-13.03839720444369, 1.0, 1.830653361741461)
1.1600000000000006 (-12.98410963626175, 1.0, 1.7183643250525091)
1.1800000000000006 (-12.899472390406704, 1.0, 1.5991040708359687)
1.2000000000000006 (-12.79314258739837, 1.0, 1.4682900903885137)
1.2200000000000006 (-12.668821214657342, 1.0, 1.3302275859581554)
1.2400000000000007 (-12.531062923809158, 1.0, 1.1971163995691056)
1.2600000000000007 (-12.387159983822633, 1.0, 1.0757300205819107)
1.2800000000000007 (-12.238697111142713, 1.0, 0.9653180043498066)
1.3000000000000007 (-12.087622792262346, 1.0, 0.8637893609948907)
1.3200000000000007 (-11.936376853486834, 1.0, 0.7702883690215714)
1.3400000000000007 (-11.788297494943526, 1.0, 0.686805590542331)
1.3600000000000008 (-11.647481945199203, 1.0, 0.6183418088652166)
1.3800000000000008 (-11.51776562113885, 1.0, 0.5677001549554301)
1.4000000000000008 (-11.40282445006067, 1.0, 0.5372862665829767)
1.4200000000000008 (-11.303594367017705, 1.0, 0.5306393816050634)
1.4400000000000008 (-11.220749622080204, 1.0, 0.5510130510897627)
1.4600000000000009 (-11.154792006852203, 1.0, 0.6015667800116308)
1.4800000000000009 (-11.107935048758586, 1.0, 0.6824874355262993)
1.5000000000000009 (-11.08067850146507, 1.0, 0.786309571617898)
1.520000000000001 (-11.059348122880131, 1.0, 0.8948822483629809)
1.540000000000001 (-11.038954129347184, 1.0, 1.009723207752236)
1.560000000000001 (-11.020801344182203, 1.0, 1.136164902598254)
1.580000000000001 (-11.00705944812059, 1.0, 1.2734311837582948)
1.600000000000001 (-10.999021936150415, 1.0, 1.4116207730444177)
1.620000000000001 (-10.99093904275578, 1.0, 1.53583966490958)
1.640000000000001 (-10.978915681750426, 1.0, 1.6366439538447901)
1.660000000000001 (-10.966439124156526, 1.0, 1.7182456506217216)
1.680000000000001 (-10.95609569492457, 1.0, 1.7825430535728326)
1.700000000000001 (-10.947828694618002, 1.0, 1.8284192962139838)
1.720000000000001 (-10.940677625314411, 1.0, 1.8539654555559322)
1.740000000000001 (-10.93358298339608, 1.0, 1.8571972605317502)
1.7600000000000011 (-10.925862665486752, 1.0, 1.8362084439240836)
1.7800000000000011 (-10.918014363107055, 1.0, 1.78962247027983)
1.8000000000000012 (-10.91172091978976, 1.0, 1.7167521269472261)
1.8200000000000012 (-10.905341239655414, 1.0, 1.6209329047864747)
1.8400000000000012 (-10.890275334399675, 1.0, 1.5116303164416376)
1.8600000000000012 (-10.861580058830135, 1.0, 1.3956932680486798)
1.8800000000000012 (-10.817199313763547, 1.0, 1.275113031893368)
1.9000000000000012 (-10.75798156104837, 1.0, 1.1485558122771646)
1.9200000000000013 (-10.687080764886234, 1.0, 1.0129795761717324)
1.9400000000000013 (-10.608665736108504, 1.0, 0.8641044014884866)
1.9600000000000013 (-10.526881395280189, 1.0, 0.6964084654831415)
1.9800000000000013 (-10.443917990875802, 1.0, 0.5067534875016534)
2.0000000000000013 (-10.347719999960836, 1.0, 0.3143096714565692)
2.0200000000000014 (-10.233303408323472, 1.0, 0.12368882286104499)
2.0400000000000014 (-10.107666546596189, 1.0, -0.06905733077372478)
2.0600000000000014 (-9.983949642700756, 1.0, -0.2689137668654636)
2.0800000000000014 (-9.866927182888686, 1.0, -0.47286286555430007)
2.1000000000000014 (-9.759231793611226, 1.0, -0.6739409357612662)
2.1200000000000014 (-9.680343144195325, 1.0, -0.8638889626472279)
2.1400000000000015 (-9.654427192968571, 1.0, -1.0217686515131146)
2.1600000000000015 (-9.684769005031525, 1.0, -1.12840517789368)
2.1800000000000015 (-9.745171950229446, 1.0, -1.1973894314116869)
2.2000000000000015 (-9.805830004142958, 1.0, -1.2523668822239795)
2.2200000000000015 (-9.85344603027835, 1.0, -1.3242483658556305)
2.2400000000000015 (-9.88631016970368, 1.0, -1.4067878390058324)
2.2600000000000016 (-9.908340731804326, 1.0, -1.4651383931475572)
2.2800000000000016 (-9.925231281349724, 1.0, -1.4840347180099085)
2.3000000000000016 (-9.93757099667613, 1.0, -1.46919655813788)
2.3200000000000016 (-9.939197949894034, 1.0, -1.427549672488949)
2.3400000000000016 (-9.925062188226013, 1.0, -1.363682680324075)
2.3600000000000017 (-9.892188222741119, 1.0, -1.277454149456304)
2.3800000000000017 (-9.827203298286348, 1.0, -1.1649074846097685)
2.4000000000000017 (-9.745126992063774, 1.0, -1.0265822051693416)
2.4200000000000017 (-9.652564677351572, 1.0, -0.8650768947027305)
2.4400000000000017 (-9.555692153340102, 1.0, -0.6810831130718162)
2.4600000000000017 (-9.45116746690018, 1.0, -0.46561199929741887)
2.4800000000000018 (-9.334652787073761, 1.0, -0.21559598432845456)
2.5000000000000018 (-9.209180952453211, 1.0, 0.06320733841616168)
2.520000000000002 (-9.086498009234052, 1.0, 0.35833404426024235)
2.540000000000002 (-8.977471838113647, 1.0, 0.6612954334253107)
2.560000000000002 (-8.888185292411455, 1.0, 0.9632926451370909)
2.580000000000002 (-8.828971192845, 1.0, 1.2497253522952105)
2.600000000000002 (-8.810986948053694, 1.0, 1.5011486417357542)
2.620000000000002 (-8.835217793935163, 1.0, 1.7065049148897826)
2.640000000000002 (-8.891808481255568, 1.0, 1.870269590179601)
2.660000000000002 (-8.967473414671714, 1.0, 2.0091487421558503)
2.680000000000002 (-9.056268471900196, 1.0, 2.132339113567838)
2.700000000000002 (-9.1586406099435, 1.0, 2.2355522840349034)
2.720000000000002 (-9.274324049700791, 1.0, 2.315026818044931)
2.740000000000002 (-9.402450469355983, 1.0, 2.371903110921481)
2.760000000000002 (-9.539695068179675, 1.0, 2.408042767145458)
2.780000000000002 (-9.684626237240535, 1.0, 2.4231038898522015)
2.800000000000002 (-9.832653543805447, 1.0, 2.419041554453259)
2.820000000000002 (-9.96974737215238, 1.0, 2.4048900152891406)
2.840000000000002 (-10.08845464903308, 1.0, 2.388218943537841)
2.860000000000002 (-10.190630397122305, 1.0, 2.3719625104023634)
2.880000000000002 (-10.262384001757695, 1.0, 2.336250218064805)
2.900000000000002 (-10.323866009877552, 1.0, 2.299325645365208)
2.920000000000002 (-10.390242679543409, 1.0, 2.2615781887472832)
2.940000000000002 (-10.452739909131468, 1.0, 2.215575675811884)
2.960000000000002 (-10.50978998774148, 1.0, 2.164809284485677)
2.980000000000002 (-10.561984739395125, 1.0, 2.110006564109571)
3.000000000000002 (-10.609376781401865, 1.0, 2.0487515550749578)
3.0200000000000022 (-10.65222648953108, 1.0, 1.975850744932873)
3.0400000000000023 (-10.69367945321782, 1.0, 1.8800059258913)
3.0600000000000023 (-10.729260764044358, 1.0, 1.7635486242025262)
3.0800000000000023 (-10.74238176430705, 1.0, 1.627930779440159)
3.1000000000000023 (-10.735621298983085, 1.0, 1.4747700292568873)
3.1200000000000023 (-10.71148246905938, 1.0, 1.3059554570738925)
3.1400000000000023 (-10.662759927511678, 1.0, 1.129060182160859)
3.1600000000000024 (-10.595538113449004, 1.0, 0.9360837506482825)
3.1800000000000024 (-10.518720136324303, 1.0, 0.727522840322994)
3.2000000000000024 (-10.432221013527657, 1.0, 0.5073064820881509)
3.2200000000000024 (-10.336505758016488, 1.0, 0.28011718595574725)
3.2400000000000024 (-10.234806621344676, 1.0, 0.04778939656626413)
3.2600000000000025 (-10.132295164321016, 1.0, -0.19049074897824378)
3.2800000000000025 (-10.032407079008681, 1.0, -0.4284568546773303)
3.3000000000000025 (-9.937009938549009, 1.0, -0.6531725072006667)
3.3200000000000025 (-9.844569497780235, 1.0, -0.8565585905077171)
3.3400000000000025 (-9.756275906639438, 1.0, -1.0369660200944741)
3.3600000000000025 (-9.677633237847811, 1.0, -1.1906483803014716)
3.3800000000000026 (-9.611994003112924, 1.0, -1.3157997182249552)
3.4000000000000026 (-9.560920636494842, 1.0, -1.4126493498791748)
3.4200000000000026 (-9.525736433592163, 1.0, -1.4807536017390743)
3.4400000000000026 (-9.508203930961502, 1.0, -1.514343625046621)
3.4600000000000026 (-9.503537501927202, 1.0, -1.5029578940095214)
3.4800000000000026 (-9.50129295033177, 1.0, -1.4494130696858667)
3.5000000000000027 (-9.493391080490737, 1.0, -1.3571262627717586)
3.5200000000000027 (-9.476930064041444, 1.0, -1.2257538211242156)
3.5400000000000027 (-9.452851356040116, 1.0, -1.051203335075245)
3.5600000000000027 (-9.426580730349245, 1.0, -0.838337872169201)
3.5800000000000027 (-9.406753880581373, 1.0, -0.6064038974136535)
3.6000000000000028 (-9.399414536590477, 1.0, -0.3735907002186729)
3.6200000000000028 (-9.404376376153042, 1.0, -0.15356171734437987)
3.640000000000003 (-9.418990732914766, 1.0, 0.045664971871365805)
3.660000000000003 (-9.440077883577837, 1.0, 0.222909987018367)
3.680000000000003 (-9.466823154351225, 1.0, 0.3761819518744738)
3.700000000000003 (-9.499717976772123, 1.0, 0.5020306167523383)
3.720000000000003 (-9.539052711255518, 1.0, 0.6018735621224162)
3.740000000000003 (-9.585709358893665, 1.0, 0.679248296988758)
3.760000000000003 (-9.63865805391998, 1.0, 0.7329697832447867)
3.780000000000003 (-9.696897740680198, 1.0, 0.7620936422609543)
3.800000000000003 (-9.762508946496746, 1.0, 0.7677688974740146)
3.820000000000003 (-9.830878286025921, 1.0, 0.7543976622609606)
3.840000000000003 (-9.888814484120346, 1.0, 0.7307039125368235)
3.860000000000003 (-9.93018625772994, 1.0, 0.7046709327304044)
3.880000000000003 (-9.955561225579984, 1.0, 0.6788326655161883)
3.900000000000003 (-9.969037482782445, 1.0, 0.6522082683142867)
3.920000000000003 (-9.98166632165208, 1.0, 0.6103236826077388)
3.940000000000003 (-9.999923381437887, 1.0, 0.5482258587904029)
3.960000000000003 (-10.020957554050199, 1.0, 0.46654430807308706)
3.980000000000003 (-10.040802717502443, 1.0, 0.3672045998801109)
4.000000000000003 (-10.05741850290402, 1.0, 0.25015774262140034)
4.020000000000002 (-10.07047375375272, 1.0, 0.11322664242938042)
4.040000000000002 (-10.080028735277361, 1.0, -0.0482481211136225)
4.060000000000001 (-10.08693089615622, 1.0, -0.23669930544089252)
4.080000000000001 (-10.089730133706388, 1.0, -0.44843621979049775)
4.1000000000000005 (-10.084797042880426, 1.0, -0.6785220619879891)
4.12 (-10.071804124624881, 1.0, -0.9218377883425753)
4.14 (-10.053187995554971, 1.0, -1.17340534349411)
4.159999999999999 (-10.031704684316438, 1.0, -1.4266059446634576)
4.179999999999999 (-10.009027014782587, 1.0, -1.6736597540131455)
4.199999999999998 (-9.986708295192214, 1.0, -1.9048349609335444)
4.219999999999998 (-9.965608951643652, 1.0, -2.109733682528568)
4.2399999999999975 (-9.946059501875153, 1.0, -2.282817290546397)
4.259999999999997 (-9.931441766294157, 1.0, -2.4245805348227463)
4.279999999999997 (-9.924898201385567, 1.0, -2.53509160809561)
4.299999999999996 (-9.924491872731865, 1.0, -2.6202843406001697)
4.319999999999996 (-9.92689872653082, 1.0, -2.68925434147872)
4.339999999999995 (-9.933455760810888, 1.0, -2.744334567598607)
4.359999999999995 (-9.940589213102047, 1.0, -2.7656942281187047)
4.379999999999995 (-9.945102620464311, 1.0, -2.746813907568984)
4.399999999999994 (-9.945925107421512, 1.0, -2.6901562236583247)
4.419999999999994 (-9.9406926552507, 1.0, -2.5975314079997838)
4.439999999999993 (-9.92509214040352, 1.0, -2.4686936583367163)
4.459999999999993 (-9.888067958532325, 1.0, -2.3113064320257353)
4.479999999999992 (-9.824511564778335, 1.0, -2.138448507618478)
4.499999999999992 (-9.73849240778924, 1.0, -1.953423026549792)
4.519999999999992 (-9.633234233686785, 1.0, -1.7520928439116972)
4.539999999999991 (-9.510174062621294, 1.0, -1.5258533445396623)
4.559999999999991 (-9.377696298601785, 1.0, -1.2739480150130311)
4.57999999999999 (-9.24914659525309, 1.0, -1.003202066322481)
4.59999999999999 (-9.134264167540497, 1.0, -0.713710124848998)
4.6199999999999894 (-9.042420310242786, 1.0, -0.41408443997243244)
4.639999999999989 (-8.983174245373489, 1.0, -0.12415595662903131)
4.659999999999989 (-8.964813714574275, 1.0, 0.12765029647600185)
4.679999999999988 (-8.98298064095678, 1.0, 0.3228319801839514)
4.699999999999988 (-9.020462552590493, 1.0, 0.4751847987764569)
4.719999999999987 (-9.06727860292408, 1.0, 0.6062580565513431)
4.739999999999987 (-9.126975264976268, 1.0, 0.7195665699574806)
4.7599999999999865 (-9.200200224131475, 1.0, 0.8088813594349177)
4.779999999999986 (-9.28542775337638, 1.0, 0.8746362985436883)
4.799999999999986 (-9.382576381366317, 1.0, 0.9218743720677512)
4.819999999999985 (-9.477780283119959, 1.0, 0.9561344395602266)
4.839999999999985 (-9.55875456935323, 1.0, 0.9829487305011471)
4.859999999999984 (-9.622304451793395, 1.0, 1.0059298491310704)
4.879999999999984 (-9.670265956802034, 1.0, 1.0263973348156665)
4.8999999999999835 (-9.708207869154544, 1.0, 1.0435799754599497)
4.919999999999983 (-9.749396246622263, 1.0, 1.0476534971507638)
4.939999999999983 (-9.798313953187318, 1.0, 1.0402653733091625)
4.959999999999982 (-9.8442088845285, 1.0, 1.0102898292580098)
4.979999999999982 (-9.888280781390025, 1.0, 0.9737566473719343)
4.999999999999981 (-9.93967768785197, 1.0, 0.9250895421812946)
5.019999999999981 (-9.991929702948305, 1.0, 0.8593517363470904)
5.0399999999999805 (-10.039159965897866, 1.0, 0.7722168332769185)
5.05999999999998 (-10.079349812090475, 1.0, 0.6654960394735724)
5.07999999999998 (-10.115253585023074, 1.0, 0.5380539161926672)
5.099999999999979 (-10.148654390132345, 1.0, 0.3887610363262818)
5.119999999999979 (-10.17775950649261, 1.0, 0.2156597065529356)
5.139999999999978 (-10.199217729055333, 1.0, 0.023573127159742628)
5.159999999999978 (-10.212168263210703, 1.0, -0.18016743107249086)
5.1799999999999775 (-10.217630214716635, 1.0, -0.3907148966158268)
5.199999999999977 (-10.216869456132434, 1.0, -0.6059215598807609)
5.219999999999977 (-10.21113252292097, 1.0, -0.8235290216803345)
5.239999999999976 (-10.201306672421964, 1.0, -1.0383753830043643)
5.259999999999976 (-10.186950622340358, 1.0, -1.2423590298121143)
5.279999999999975 (-10.166131792515104, 1.0, -1.4283762855844548)
5.299999999999975 (-10.139698682681152, 1.0, -1.5934108482827538)
5.3199999999999745 (-10.11157315920635, 1.0, -1.7323724164062275)
5.339999999999974 (-10.085534366118202, 1.0, -1.842951786899009)
5.359999999999974 (-10.063114493152158, 1.0, -1.9254310100805816)
5.379999999999973 (-10.044903115043224, 1.0, -1.9810968143357557)
5.399999999999973 (-10.03148736916999, 1.0, -2.0097723942711005)
5.419999999999972 (-10.020473544768635, 1.0, -2.002656043131617)
5.439999999999972 (-10.001620573184308, 1.0, -1.9501963367347597)
5.4599999999999715 (-9.966496229443496, 1.0, -1.860811085546153)
5.479999999999971 (-9.909427798068867, 1.0, -1.7410308990450751)
5.499999999999971 (-9.82824115270324, 1.0, -1.5914250757250525)
5.51999999999997 (-9.722269143679517, 1.0, -1.4072162762038951)
5.53999999999997 (-9.596459418409127, 1.0, -1.1869405795610615)
5.559999999999969 (-9.468031845306092, 1.0, -0.9443454650147447)
5.579999999999969 (-9.353617984577923, 1.0, -0.6935444836903104)
5.599999999999969 (-9.260884323578539, 1.0, -0.44529584371764647)
5.619999999999968 (-9.192448739100723, 1.0, -0.21204669571811066)
5.639999999999968 (-9.145680233220636, 1.0, -0.002409986838346749)
5.659999999999967 (-9.116295243586853, 1.0, 0.18325925216206942)
5.679999999999967 (-9.103387326659949, 1.0, 0.34681557055439255)
5.699999999999966 (-9.106279247373823, 1.0, 0.4903409703813655)
5.719999999999966 (-9.12608387439684, 1.0, 0.6147793860143852)
5.739999999999966 (-9.162866399795558, 1.0, 0.7204270920291111)
5.759999999999965 (-9.214093690916906, 1.0, 0.805408723122073)
5.779999999999965 (-9.279150215182577, 1.0, 0.8710316023720328)
5.799999999999964 (-9.359585039800937, 1.0, 0.9187088225139943)
5.819999999999964 (-9.441719517728984, 1.0, 0.9507358057671671)
5.839999999999963 (-9.511626636091364, 1.0, 0.9718221921932444)
5.859999999999963 (-9.564300060075539, 1.0, 0.9858712208073588)
5.879999999999963 (-9.600405919871806, 1.0, 0.9947623432425393)
5.899999999999962 (-9.624016970193917, 1.0, 1.0003339803664815)
5.919999999999962 (-9.649957817233338, 1.0, 0.99510912691917)
5.939999999999961 (-9.685133187413772, 1.0, 0.9807411450919851)
5.959999999999961 (-9.721801181187482, 1.0, 0.944039368129361)
5.9799999999999605 (-9.75930540602634, 1.0, 0.901307274881742)
5.99999999999996 (-9.806137480175577, 1.0, 0.848647791712643)
6.01999999999996 (-9.85632626305803, 1.0, 0.7805835278041472)
6.039999999999959 (-9.90613653081818, 1.0, 0.6891502362275365)
6.059999999999959 (-9.95460094905599, 1.0, 0.5785723825038338)
6.079999999999958 (-10.004389047151488, 1.0, 0.44645395298377044)
6.099999999999958 (-10.056570737726915, 1.0, 0.29199756114563635)
6.1199999999999575 (-10.107257300890504, 1.0, 0.11385137246216095)
6.139999999999957 (-10.153259626399255, 1.0, -0.08182705528360643)
6.159999999999957 (-10.194804173085544, 1.0, -0.28991054805280775)
6.179999999999956 (-10.23275963902738, 1.0, -0.5067230345953828)
6.199999999999956 (-10.26825380185821, 1.0, -0.7297103408018628)
6.219999999999955 (-10.301983831589304, 1.0, -0.9549500494036165)
6.239999999999955 (-10.333413029951801, 1.0, -1.1753757355249417)
6.2599999999999545 (-10.361103686997927, 1.0, -1.3810721879264085)
6.279999999999954 (-10.383450521270152, 1.0, -1.5615609722721229)
6.299999999999954 (-10.402593218052697, 1.0, -1.712278824285267)
6.319999999999953 (-10.420901038823075, 1.0, -1.8336564149443646)
6.339999999999953 (-10.438085418170305, 1.0, -1.9269805600155552)
6.359999999999952 (-10.454781710768673, 1.0, -1.994627575429624)
6.379999999999952 (-10.470174917180005, 1.0, -2.034328026914318)
6.3999999999999515 (-10.47063263315067, 1.0, -2.0322523134022066)
6.419999999999951 (-10.449787097849654, 1.0, -1.989759347050686)
6.439999999999951 (-10.402369467485329, 1.0, -1.909892919832725)
6.45999999999995 (-10.323329033356416, 1.0, -1.7940988252514474)
6.47999999999995 (-10.208076354711299, 1.0, -1.645299542409372)
6.499999999999949 (-10.055272233577083, 1.0, -1.4714903566073987)
6.519999999999949 (-9.866252268706065, 1.0, -1.2698413029046538)
6.5399999999999485 (-9.655475458201149, 1.0, -1.0439932088681796)
6.559999999999948 (-9.448646956597663, 1.0, -0.8055954575841126)
6.579999999999948 (-9.269579116013315, 1.0, -0.568064733925699)
6.599999999999947 (-9.129403332320678, 1.0, -0.3422523871143963)
6.619999999999947 (-9.024285252904818, 1.0, -0.13142428541511803)
6.639999999999946 (-8.945625400466575, 1.0, 0.06111893241021363)
6.659999999999946 (-8.88475556407334, 1.0, 0.23838296654107471)
6.6799999999999455 (-8.840840028600063, 1.0, 0.4056406882295788)
6.699999999999945 (-8.81691696602243, 1.0, 0.5611288682591462)
6.719999999999945 (-8.813448866915074, 1.0, 0.7032903327848862)
6.739999999999944 (-8.830355157970395, 1.0, 0.8341026088418457)
6.759999999999944 (-8.865784988273244, 1.0, 0.953099899586645)
6.779999999999943 (-8.919752630387901, 1.0, 1.061101775974242)
6.799999999999943 (-8.99211754853266, 1.0, 1.1587091731916312)
6.8199999999999426 (-9.06711659187731, 1.0, 1.2437637226962572)
6.839999999999942 (-9.132452001172302, 1.0, 1.3168725104540604)
6.859999999999942 (-9.186316847733602, 1.0, 1.3807429758090344)
6.879999999999941 (-9.236433983882607, 1.0, 1.43610109078458)
6.899999999999941 (-9.27040875538557, 1.0, 1.4455571454180658)
6.91999999999994 (-9.302266654149346, 1.0, 1.4699140170645721)
6.93999999999994 (-9.34265424813418, 1.0, 1.4902844399221002)
6.95999999999994 (-9.385933609324043, 1.0, 1.5023110284313137)
6.979999999999939 (-9.429979977159485, 1.0, 1.5093433726717103)
6.999999999999939 (-9.480573527197768, 1.0, 1.5077579236608243)
7.019999999999938 (-9.546625314006791, 1.0, 1.4939512757029323)
7.039999999999938 (-9.628589126353798, 1.0, 1.4639601006989067)
7.059999999999937 (-9.715440042749282, 1.0, 1.4151178148487624)
7.079999999999937 (-9.789661579078297, 1.0, 1.339129487763371)
7.099999999999937 (-9.848624705259391, 1.0, 1.2410656543481158)
7.119999999999936 (-9.897097913322558, 1.0, 1.1258636937915707)
7.139999999999936 (-9.936381005679902, 1.0, 0.9867654767514928)
7.159999999999935 (-9.975171545817423, 1.0, 0.8240550379023052)
7.179999999999935 (-10.014041350703954, 1.0, 0.6417081128635881)
7.1999999999999345 (-10.051198291037853, 1.0, 0.44725502902199427)
7.219999999999934 (-10.087182964189271, 1.0, 0.2451015966230987)
7.239999999999934 (-10.124959172016574, 1.0, 0.03703958057166703)
7.259999999999933 (-10.163321756105168, 1.0, -0.17091094115200461)
7.279999999999933 (-10.19972378413799, 1.0, -0.37522943284833093)
7.299999999999932 (-10.232661761971443, 1.0, -0.5717633179677925)
7.319999999999932 (-10.259306876953438, 1.0, -0.7532494496294622)
7.3399999999999315 (-10.279994309752306, 1.0, -0.9121972781461984)
7.359999999999931 (-10.294628052184084, 1.0, -1.043190273655651)
7.379999999999931 (-10.302491942601925, 1.0, -1.1442497761727757)
7.39999999999993 (-10.302504879004545, 1.0, -1.2146637818432242)
7.41999999999993 (-10.294516940325586, 1.0, -1.2521270661957051)
7.439999999999929 (-10.268799866355742, 1.0, -1.2481976696460517)
7.459999999999929 (-10.213978784664045, 1.0, -1.2024049230319451)
7.4799999999999285 (-10.121978448723908, 1.0, -1.1197056655225133)
7.499999999999928 (-9.98933100875328, 1.0, -1.0042669390959453)
7.519999999999928 (-9.818805340945348, 1.0, -0.8582910711049798)
7.539999999999927 (-9.632084821861515, 1.0, -0.6925449808443191)
7.559999999999927 (-9.454120401421697, 1.0, -0.5198626434863381)
7.579999999999926 (-9.29788646745026, 1.0, -0.3486930990777433)
7.599999999999926 (-9.162830600960627, 1.0, -0.18287147957528205)
7.6199999999999255 (-9.053815318515717, 1.0, -0.032926626987323834)
7.639999999999925 (-8.96504125970192, 1.0, 0.10187612302913865)
7.659999999999925 (-8.890014483352374, 1.0, 0.22869059689229002)
7.679999999999924 (-8.827474296223864, 1.0, 0.3519052798073461)
7.699999999999924 (-8.78279747072029, 1.0, 0.4686617199461703)
7.719999999999923 (-8.755592005316608, 1.0, 0.5771876886201244)
7.739999999999923 (-8.74607853376796, 1.0, 0.6795766005303405)
7.7599999999999225 (-8.757166340967581, 1.0, 0.7757734349978315)
7.779999999999922 (-8.787575950062758, 1.0, 0.8649009531127767)
7.799999999999922 (-8.838022172484541, 1.0, 0.9487980025259439)
7.819999999999921 (-8.903085932386706, 1.0, 1.0250832931681768)
7.839999999999921 (-8.965448740048197, 1.0, 1.0874146617105882)
7.85999999999992 (-9.01426739542144, 1.0, 1.1352190534490434)
7.87999999999992 (-9.047403331199371, 1.0, 1.1714673760664662)
7.8999999999999195 (-9.068922731962045, 1.0, 1.194377845142087)
7.919999999999919 (-9.090266658524847, 1.0, 1.185882796824849)
7.939999999999919 (-9.11334192981764, 1.0, 1.1893245131196224)
7.959999999999918 (-9.145335651340194, 1.0, 1.1894626695576338)
7.979999999999918 (-9.183188924493992, 1.0, 1.1806948363191252)
7.999999999999917 (-9.22443362354891, 1.0, 1.1638668410510085)
8.019999999999918 (-9.266479619921611, 1.0, 1.1384251601658149)
8.039999999999917 (-9.30547213630723, 1.0, 1.1031821607217556)
8.059999999999917 (-9.344718683111921, 1.0, 1.0558130920985014)
8.079999999999917 (-9.39187892240934, 1.0, 0.989822160345862)
8.099999999999916 (-9.446653733904508, 1.0, 0.901856590578493)
8.119999999999916 (-9.505456890383476, 1.0, 0.7895307356838632)
8.139999999999915 (-9.566085639138992, 1.0, 0.6546529000136555)
8.159999999999915 (-9.630137275334254, 1.0, 0.4986487280788157)
8.179999999999914 (-9.696833161412437, 1.0, 0.32635053833911476)
8.199999999999914 (-9.764088178266597, 1.0, 0.14411940693333042)
8.219999999999914 (-9.831653074433005, 1.0, -0.04520668249519471)
8.239999999999913 (-9.900172905904412, 1.0, -0.2396521705939158)
8.259999999999913 (-9.970332203774086, 1.0, -0.43626682331975647)
8.279999999999912 (-10.043048143366608, 1.0, -0.6290217346550837)
8.299999999999912 (-10.120226887914697, 1.0, -0.8071782320534039)
8.319999999999911 (-10.20135134229138, 1.0, -0.9591959455918619)
8.339999999999911 (-10.279496006840182, 1.0, -1.0774906452028552)
8.35999999999991 (-10.34915679228964, 1.0, -1.1635237978986401)
8.37999999999991 (-10.407661102793558, 1.0, -1.219680267276505)
8.39999999999991 (-10.441596747755591, 1.0, -1.2415274291658516)
8.41999999999991 (-10.437334878573555, 1.0, -1.231267775244757)
8.439999999999909 (-10.388849724911726, 1.0, -1.1953949647966136)
8.459999999999908 (-10.292901287914276, 1.0, -1.1370523157577828)
8.479999999999908 (-10.150076088480894, 1.0, -1.054534502143338)
8.499999999999908 (-9.967932391596335, 1.0, -0.9438381824859685)
8.519999999999907 (-9.750995318815175, 1.0, -0.8007330759275236)
8.539999999999907 (-9.523717711207485, 1.0, -0.6396975957923374)
8.559999999999906 (-9.32806844530295, 1.0, -0.4895086744077174)
8.579999999999906 (-9.172330987636423, 1.0, -0.3554080921543966)
8.599999999999905 (-9.049498729771384, 1.0, -0.23445878445166873)
8.619999999999905 (-8.950589253539471, 1.0, -0.12147168942735799)
8.639999999999905 (-8.864998799790845, 1.0, -0.009231833950149891)
8.659999999999904 (-8.786315105625762, 1.0, 0.10596360934683877)
8.679999999999904 (-8.717500299687051, 1.0, 0.22244945750022518)
8.699999999999903 (-8.663762289551823, 1.0, 0.3372304011343245)
8.719999999999903 (-8.625479578287813, 1.0, 0.45001274431249977)
8.739999999999903 (-8.604814793351764, 1.0, 0.5634807426352016)
8.759999999999902 (-8.602745262851622, 1.0, 0.6782001781744325)
8.779999999999902 (-8.619085648091447, 1.0, 0.7960299884975233)
8.799999999999901 (-8.650015614673565, 1.0, 0.9201285725984251)
8.8199999999999 (-8.688818977739517, 1.0, 1.0523902125960336)
8.8399999999999 (-8.744643888258993, 1.0, 1.1833350108910066)
8.8599999999999 (-8.821427683947512, 1.0, 1.3018310163595306)
8.8799999999999 (-8.903370820555157, 1.0, 1.3909545346346113)
8.899999999999899 (-8.956198228028141, 1.0, 1.434963126048042)
8.919999999999899 (-9.005248761989058, 1.0, 1.4750496317331532)
8.939999999999898 (-9.059116666549142, 1.0, 1.5132350530641505)
8.959999999999898 (-9.121525696972219, 1.0, 1.5515716895354739)
8.979999999999897 (-9.194402214726889, 1.0, 1.5935615817131639)
8.999999999999897 (-9.276615212343822, 1.0, 1.6356851390958216)
9.019999999999897 (-9.367083935041252, 1.0, 1.6726684391688018)
9.039999999999896 (-9.463722339895446, 1.0, 1.6995077023847998)
9.059999999999896 (-9.562443084420863, 1.0, 1.710850898900596)
9.079999999999895 (-9.66126224054384, 1.0, 1.7051883263997225)
9.099999999999895 (-9.750524282589756, 1.0, 1.6753484590611827)
9.119999999999894 (-9.832243800773382, 1.0, 1.611328070519057)
9.139999999999894 (-9.909883234320723, 1.0, 1.5212979644089797)
9.159999999999894 (-9.98881369756915, 1.0, 1.4058587730583572)
9.179999999999893 (-10.07071738935508, 1.0, 1.26705136454332)
9.199999999999893 (-10.15395122168848, 1.0, 1.108328264913926)
9.219999999999892 (-10.236384488153572, 1.0, 0.9369031740370438)
9.239999999999892 (-10.3162912288202, 1.0, 0.759298354563809)
9.259999999999891 (-10.39402674336522, 1.0, 0.577354082174153)
9.279999999999891 (-10.471584828266117, 1.0, 0.3931520148180469)
9.29999999999989 (-10.551667702145528, 1.0, 0.21211913897736479)
9.31999999999989 (-10.627998792117605, 1.0, 0.039868372089506436)
9.33999999999989 (-10.695043218001894, 1.0, -0.12196117108841426)
9.35999999999989 (-10.747412878951346, 1.0, -0.27011533935316007)
9.379999999999889 (-10.783373295880065, 1.0, -0.39998315230014325)
9.399999999999888 (-10.802490033296312, 1.0, -0.5069382186513792)
9.419999999999888 (-10.803654610234327, 1.0, -0.5891253580061877)
9.439999999999888 (-10.785784255236612, 1.0, -0.6467282159422362)
9.459999999999887 (-10.74895370823258, 1.0, -0.678170891054473)
9.479999999999887 (-10.6834306331626, 1.0, -0.6770027417766362)
9.499999999999886 (-10.578212969359146, 1.0, -0.6444276642453958)
9.519999999999886 (-10.431063718924598, 1.0, -0.5857389811897076)
9.539999999999885 (-10.252633747149195, 1.0, -0.5067961162937928)
9.559999999999885 (-10.068741218171574, 1.0, -0.4170738379337878)
9.579999999999885 (-9.896637812017262, 1.0, -0.3230404810626923)
9.599999999999884 (-9.749607950109086, 1.0, -0.23461439057004504)
9.619999999999884 (-9.628904604966987, 1.0, -0.15757125437279468)
9.639999999999883 (-9.52947761509481, 1.0, -0.08932481648729546)
9.659999999999883 (-9.444923529854579, 1.0, -0.023616920502111192)
9.679999999999882 (-9.370836563148638, 1.0, 0.04285582616541002)
9.699999999999882 (-9.30760973229035, 1.0, 0.10953578844747569)
9.719999999999882 (-9.25939477011111, 1.0, 0.1746585319189238)
9.739999999999881 (-9.22971682232355, 1.0, 0.23855577280933915)
9.75999999999988 (-9.222322510422021, 1.0, 0.3037211345168655)
9.77999999999988 (-9.237847944805539, 1.0, 0.36872088446344825)
9.79999999999988 (-9.272287785011015, 1.0, 0.4303835584042713)
9.81999999999988 (-9.327226319599516, 1.0, 0.49164882551145245)
9.839999999999879 (-9.39640841359746, 1.0, 0.5486475077015049)
9.859999999999879 (-9.465226652351102, 1.0, 0.5897321586565137)
9.879999999999878 (-9.524815920368539, 1.0, 0.6110937582023471)
9.899999999999878 (-9.572716071417485, 1.0, 0.6134089761393284)
9.919999999999877 (-9.607834423521844, 1.0, 0.5989581236356291)
9.939999999999877 (-9.628165606920716, 1.0, 0.570931833517273)
9.959999999999877 (-9.631790665836736, 1.0, 0.5329532061398301)
9.979999999999876 (-9.624149173361046, 1.0, 0.48894477347542353)
9.999999999999876 (-9.618680976583933, 1.0, 0.4456473618116182)
