0.0 (-2.25, 1.0, 0.0)
0.02 (-2.2499886541046332, 1.0, 0.020819284627100185)
0.04 (-2.2504683609632687, 1.0, 0.0529520739109846)
0.06 (-2.2528515885319345, 1.0, 0.0919884564244056)
0.08 (-2.260620602024365, 1.0, 0.1357594244282185)
0.1 (-2.2790762523407624, 1.0, 0.17718515451652803)
0.12000000000000001 (-2.310603103596056, 1.0, 0.2089336587924005)
0.14 (-2.3534829833602497, 1.0, 0.22696213763075818)
0.16 (-2.4051986239128675, 1.0, 0.23073691296800575)
0.18 (-2.4646959672871547, 1.0, 0.21983448353880816)
0.19999999999999998 (-2.532978437590333, 1.0, 0.19378280790145885)
0.21999999999999997 (-2.6113223881910037, 1.0, 0.15237164525544272)
0.23999999999999996 (-2.699436303851111, 1.0, 0.09571785128430996)
0.25999999999999995 (-2.796275730360227, 1.0, 0.02408055573865844)
0.27999999999999997 (-2.901422235467641, 1.0, -0.0620121287910195)
0.3 (-3.01277861739482, 1.0, -0.16164670026053649)
0.32 (-3.1262570523748, 1.0, -0.2742047821935991)
0.34 (-3.2392507506085333, 1.0, -0.399326609568723)
0.36000000000000004 (-3.3514047712865147, 1.0, -0.5366912709201636)
0.38000000000000006 (-3.4645357303357778, 1.0, -0.685733363387642)
0.4000000000000001 (-3.581507468281653, 1.0, -0.8425469694694291)
0.4200000000000001 (-3.700194470117512, 1.0, -1.0027586065745806)
0.4400000000000001 (-3.816948218395008, 1.0, -1.1652912116830376)
0.46000000000000013 (-3.930918739447778, 1.0, -1.3302521711959392)
0.48000000000000015 (-4.0473493950128745, 1.0, -1.4946558424442993)
0.5000000000000001 (-4.1791237997978925, 1.0, -1.645858449840488)
0.5200000000000001 (-4.3338096960520645, 1.0, -1.7738566508665046)
0.5400000000000001 (-4.510377063502793, 1.0, -1.87635542749027)
0.5600000000000002 (-4.701636416605502, 1.0, -1.955152805716408)
0.5800000000000002 (-4.895767720066218, 1.0, -2.0187856217924094)
0.6000000000000002 (-5.083593419656445, 1.0, -2.073292262283526)
0.6200000000000002 (-5.2606398256280835, 1.0, -2.118505922390182)
0.6400000000000002 (-5.425633134670808, 1.0, -2.1544091855313536)
0.6600000000000003 (-5.578684768008805, 1.0, -2.1812021865543616)
0.6800000000000003 (-5.719993911350456, 1.0, -2.198986743470733)
0.7000000000000003 (-5.8504809336051835, 1.0, -2.2061573259340097)
0.7200000000000003 (-5.97131372764612, 1.0, -2.200472112973365)
0.7400000000000003 (-6.083358599887007, 1.0, -2.1805626529514424)
0.7600000000000003 (-6.1872530152728, 1.0, -2.1463559890349737)
0.7800000000000004 (-6.283490856672384, 1.0, -2.099986133203838)
0.8000000000000004 (-6.3717408839337315, 1.0, -2.0445217029610028)
0.8200000000000004 (-6.451412698287488, 1.0, -1.9826129956972278)
0.8400000000000004 (-6.5217668810246145, 1.0, -1.9165822876353182)
0.8600000000000004 (-6.581897931373055, 1.0, -1.8484129730074712)
0.8800000000000004 (-6.6311443195577695, 1.0, -1.779692957297551)
0.9000000000000005 (-6.676400454219137, 1.0, -1.7086712468717216)
0.9200000000000005 (-6.716492434213871, 1.0, -1.6350581948134577)
0.9400000000000005 (-6.739820126279551, 1.0, -1.5653870881240048)
0.9600000000000005 (-6.743031113064412, 1.0, -1.5014254055411198)
0.9800000000000005 (-6.728706654383953, 1.0, -1.441336608267475)
1.0000000000000004 (-6.69924589852372, 1.0, -1.3834336208346292)
1.0200000000000005 (-6.655550442784702, 1.0, -1.3268563877419297)
1.0400000000000005 (-6.598664711804293, 1.0, -1.2704551011568102)
1.0600000000000005 (-6.536630120349672, 1.0, -1.2098718849952845)
1.0800000000000005 (-6.473052244184178, 1.0, -1.1446285437063524)
1.1000000000000005 (-6.400233535785915, 1.0, -1.078165089372656)
1.1200000000000006 (-6.319293349387471, 1.0, -1.0103427948261283)
1.1400000000000006 (-6.240527201254244, 1.0, -0.941356377837607)
1.1600000000000006 (-6.16799197685253, 1.0, -0.8725193463809188)
1.1800000000000006 (-6.098449777558845, 1.0, -0.8044152874834578)
1.2000000000000006 (-6.03185813163768, 1.0, -0.7362467065268444)
1.2200000000000006 (-5.970223651931868, 1.0, -0.6689710445133593)
1.2400000000000007 (-5.913383024376134, 1.0, -0.6064868828848855)
1.2600000000000007 (-5.8607577238734105, 1.0, -0.5525846906546275)
1.2800000000000007 (-5.81354098691638, 1.0, -0.5090266704815882)
1.3000000000000007 (-5.772774729813811, 1.0, -0.47565932522040677)
1.3200000000000007 (-5.738174164006802, 1.0, -0.45208100993523875)
1.3400000000000007 (-5.708313839132939, 1.0, -0.43832552682375386)
1.3600000000000008 (-5.6811634988931745, 1.0, -0.4349554348696823)
1.3800000000000008 (-5.654643556668487, 1.0, -0.4425401115893547)
1.4000000000000008 (-5.627063139284565, 1.0, -0.4612861322152991)
1.4200000000000008 (-5.59666035085908, 1.0, -0.49171949196660514)
1.4400000000000008 (-5.561510885290765, 1.0, -0.5341179396008822)
1.4600000000000009 (-5.520117434651926, 1.0, -0.5886692346746865)
1.4800000000000009 (-5.471890438804541, 1.0, -0.6553416910569708)
1.5000000000000009 (-5.417860436655696, 1.0, -0.73353785769881)
1.520000000000001 (-5.359945830673925, 1.0, -0.8204941605924579)
1.540000000000001 (-5.29619662963698, 1.0, -0.914739409986192)
1.560000000000001 (-5.223278415887105, 1.0, -1.0167723230500834)
1.580000000000001 (-5.140911916798164, 1.0, -1.1262875232378198)
1.600000000000001 (-5.054627545377809, 1.0, -1.2386671367175397)
1.620000000000001 (-4.97193364681107, 1.0, -1.344683270322551)
1.640000000000001 (-4.893224398685321, 1.0, -1.4385490892700026)
1.660000000000001 (-4.813471018009319, 1.0, -1.5197306143138332)
1.680000000000001 (-4.729889602321162, 1.0, -1.5884459842731071)
1.700000000000001 (-4.643430206421055, 1.0, -1.6430962511331064)
1.720000000000001 (-4.555950394866883, 1.0, -1.682040719345462)
1.740000000000001 (-4.469301964478118, 1.0, -1.7042277772295125)
1.7600000000000011 (-4.385382641728548, 1.0, -1.7090860713916451)
1.7800000000000011 (-4.3057675893949625, 1.0, -1.6965544841347329)
1.8000000000000012 (-4.231594445103329, 1.0, -1.6670881086513412)
1.8200000000000012 (-4.1634218903972835, 1.0, -1.6219139298509104)
1.8400000000000012 (-4.099279552779274, 1.0, -1.5647115748582587)
1.8600000000000012 (-4.034177359729406, 1.0, -1.5007366636219799)
1.8800000000000012 (-3.963302728519111, 1.0, -1.434273522801134)
1.9000000000000012 (-3.882491247728223, 1.0, -1.3684101919351856)
1.9200000000000013 (-3.787833887082778, 1.0, -1.3051605812391611)
1.9400000000000013 (-3.675996250717759, 1.0, -1.2454352264818735)
1.9600000000000013 (-3.544623615399387, 1.0, -1.1890748514041038)
1.9800000000000013 (-3.3931453635370996, 1.0, -1.1350113881487272)
2.0000000000000013 (-3.2254962887060707, 1.0, -1.0837357476916258)
2.0200000000000014 (-3.0439352839720653, 1.0, -1.0376690254305116)
2.0400000000000014 (-2.8462793935925297, 1.0, -0.9976426372568747)
2.0600000000000014 (-2.639363979057664, 1.0, -0.9632319734022488)
2.0800000000000014 (-2.4429432878301984, 1.0, -0.9351255535290028)
2.1000000000000014 (-2.2751035838319424, 1.0, -0.9148517769091989)
2.1200000000000014 (-2.1493980895567826, 1.0, -0.9031372072854505)
2.1400000000000015 (-2.092119232937286, 1.0, -0.9019444046998213)
2.1600000000000015 (-2.131736591806004, 1.0, -0.9150550200433366)
2.1800000000000015 (-2.2588688701842883, 1.0, -0.9427190954214327)
2.2000000000000015 (-2.4202192307715182, 1.0, -0.9833280051702414)
2.2200000000000015 (-2.568626668944075, 1.0, -1.0392685077454025)
2.2400000000000015 (-2.7057899909708225, 1.0, -1.109341803431282)
2.2600000000000016 (-2.8563000780344083, 1.0, -1.1896498659147858)
2.2800000000000016 (-3.02350049946216, 1.0, -1.2806893297451227)
2.3000000000000016 (-3.1961597259170498, 1.0, -1.384362263423341)
2.3200000000000016 (-3.3699764551524494, 1.0, -1.5000381418910544)
2.3400000000000016 (-3.54425937284951, 1.0, -1.6236027943665028)
2.3600000000000017 (-3.7153119295404387, 1.0, -1.7520917623982737)
2.3800000000000017 (-3.8656047337600907, 1.0, -1.8876712970092928)
2.4000000000000017 (-3.9871013753518953, 1.0, -2.0353119878293975)
2.4200000000000017 (-4.091366115287498, 1.0, -2.1895523213378003)
2.4400000000000017 (-4.183072592414323, 1.0, -2.346352742603714)
2.4600000000000017 (-4.263413123203078, 1.0, -2.5043821985661032)
2.4800000000000018 (-4.329087998045304, 1.0, -2.6673816373003008)
2.5000000000000018 (-4.383384012661888, 1.0, -2.8330361773733914)
2.520000000000002 (-4.434937395036809, 1.0, -2.9918365445195456)
2.540000000000002 (-4.4901115200517125, 1.0, -3.136546255830887)
2.560000000000002 (-4.551150005169919, 1.0, -3.265523985272016)
2.580000000000002 (-4.619097770277312, 1.0, -3.376324049111214)
2.600000000000002 (-4.69405055470464, 1.0, -3.4645029217461625)
2.620000000000002 (-4.773416336152066, 1.0, -3.528379221576958)
2.640000000000002 (-4.851372487405774, 1.0, -3.5722053255773885)
2.660000000000002 (-4.921707542076679, 1.0, -3.6033011479366293)
2.680000000000002 (-4.981487494980951, 1.0, -3.6251027156757045)
2.700000000000002 (-5.031207691300018, 1.0, -3.6349287372731913)
2.720000000000002 (-5.0724812763584755, 1.0, -3.6294943095242895)
2.740000000000002 (-5.106295890843349, 1.0, -3.6074532947339337)
2.760000000000002 (-5.133318576697037, 1.0, -3.5685810454282105)
2.780000000000002 (-5.154912354967463, 1.0, -3.512912741028426)
2.800000000000002 (-5.173975268773133, 1.0, -3.4398397383165693)
2.820000000000002 (-5.19333790780868, 1.0, -3.351346859718123)
2.840000000000002 (-5.2145063779229215, 1.0, -3.2518926992784674)
2.860000000000002 (-5.238259806267216, 1.0, -3.145079941107836)
2.880000000000002 (-5.261772861071257, 1.0, -3.039712881521077)
2.900000000000002 (-5.262394058255433, 1.0, -2.9592336658677305)
2.920000000000002 (-5.238311112459134, 1.0, -2.8943451733047327)
2.940000000000002 (-5.198760371855345, 1.0, -2.8345441398252587)
2.960000000000002 (-5.143422512898163, 1.0, -2.780153756035081)
2.980000000000002 (-5.071699839711983, 1.0, -2.731534617634655)
3.000000000000002 (-4.984897630047116, 1.0, -2.6872834586520216)
3.0200000000000022 (-4.884449666982239, 1.0, -2.6455670581482904)
3.0400000000000023 (-4.769483393096681, 1.0, -2.604408461494775)
3.0600000000000023 (-4.642769046660732, 1.0, -2.562581326129691)
3.0800000000000023 (-4.511963609796089, 1.0, -2.5210614628638517)
3.1000000000000023 (-4.375640315685774, 1.0, -2.482449792847223)
3.1200000000000023 (-4.235245193445605, 1.0, -2.446097541073151)
3.1400000000000023 (-4.098892689703351, 1.0, -2.4095637932995864)
3.1600000000000024 (-3.9699429384617577, 1.0, -2.3728473818886155)
3.1800000000000024 (-3.8514682075725073, 1.0, -2.3364749687000885)
3.2000000000000024 (-3.748424428616375, 1.0, -2.3011087910085113)
3.2200000000000024 (-3.6614239374155875, 1.0, -2.269219997792413)
3.2400000000000024 (-3.5902328428946064, 1.0, -2.2423187182807545)
3.2600000000000025 (-3.5368349941342507, 1.0, -2.2195178840589507)
3.2800000000000025 (-3.5035603246366245, 1.0, -2.20009355650099)
3.3000000000000025 (-3.4887122591729383, 1.0, -2.186014792766392)
3.3200000000000025 (-3.4863191173033, 1.0, -2.1807181044706994)
3.3400000000000025 (-3.4915507554980287, 1.0, -2.1868095012379847)
3.3600000000000025 (-3.5032599952543864, 1.0, -2.204304109323761)
3.3800000000000026 (-3.5200592991292035, 1.0, -2.233490264463832)
3.4000000000000026 (-3.5399802524819113, 1.0, -2.2752400067459324)
3.4200000000000026 (-3.5617768274625528, 1.0, -2.3300480299537885)
3.4400000000000026 (-3.5845620504902964, 1.0, -2.3982620241189387)
3.4600000000000026 (-3.606294107417265, 1.0, -2.4806877435249994)
3.4800000000000026 (-3.623615125404676, 1.0, -2.576223751623616)
3.5000000000000027 (-3.632386866526301, 1.0, -2.6828292923099197)
3.5200000000000027 (-3.628681999210724, 1.0, -2.7995072211738905)
3.5400000000000027 (-3.610293736053063, 1.0, -2.9264530347364777)
3.5600000000000027 (-3.579790966060865, 1.0, -3.0623572200921645)
3.5800000000000027 (-3.548625487690249, 1.0, -3.197952236930763)
3.6000000000000028 (-3.5279978012084388, 1.0, -3.322679388442059)
3.6200000000000028 (-3.521943051355402, 1.0, -3.430763696089465)
3.640000000000003 (-3.5283560399633593, 1.0, -3.520850204044674)
3.660000000000003 (-3.5427613919549006, 1.0, -3.593690911882959)
3.680000000000003 (-3.5612664793357185, 1.0, -3.6501626498116684)
3.700000000000003 (-3.5818676776746, 1.0, -3.6890438228739137)
3.720000000000003 (-3.6028366882303664, 1.0, -3.7102896585972176)
3.740000000000003 (-3.6237031637948918, 1.0, -3.7139330967106368)
3.760000000000003 (-3.645855122139579, 1.0, -3.6992485628066043)
3.780000000000003 (-3.6695535849761955, 1.0, -3.6667028136234134)
3.800000000000003 (-3.694043005559025, 1.0, -3.6178651388439507)
3.820000000000003 (-3.7197186840404197, 1.0, -3.553977073604737)
3.840000000000003 (-3.744735795437477, 1.0, -3.479726968127913)
3.860000000000003 (-3.7646034349592217, 1.0, -3.4018708189185505)
3.880000000000003 (-3.77732189198281, 1.0, -3.324610802768024)
3.900000000000003 (-3.7827615048309857, 1.0, -3.2499763595331883)
3.920000000000003 (-3.7775763201699504, 1.0, -3.1796387041852627)
3.940000000000003 (-3.754449457971475, 1.0, -3.1158314783566703)
3.960000000000003 (-3.7099875658383294, 1.0, -3.060000771402155)
3.980000000000003 (-3.6439682428934685, 1.0, -3.0127254012813665)
4.000000000000003 (-3.556822052811288, 1.0, -2.9740097939130528)
4.020000000000002 (-3.4489502757703456, 1.0, -2.943254275383162)
4.040000000000002 (-3.321711731600002, 1.0, -2.9189157995818866)
4.060000000000001 (-3.1797411272980507, 1.0, -2.898140463435353)
4.080000000000001 (-3.037069237741866, 1.0, -2.877212886844329)
4.1000000000000005 (-2.910688555733538, 1.0, -2.8541802351672274)
4.12 (-2.8095466022770483, 1.0, -2.8302907363489425)
4.14 (-2.7342170874638425, 1.0, -2.8081730794652278)
4.159999999999999 (-2.684833719315932, 1.0, -2.79006315975486)
4.179999999999999 (-2.664496874319465, 1.0, -2.7774571982631415)
4.199999999999998 (-2.675874128980546, 1.0, -2.772078267221992)
4.219999999999998 (-2.7175464157739375, 1.0, -2.7752689181583827)
4.2399999999999975 (-2.782370237590116, 1.0, -2.7880707833670435)
4.259999999999997 (-2.862443355015628, 1.0, -2.8121554953860244)
4.279999999999997 (-2.955606958039544, 1.0, -2.8482150285780845)
4.299999999999996 (-3.0616374263169517, 1.0, -2.8965730946237778)
4.319999999999996 (-3.176711044751863, 1.0, -2.957883470241893)
4.339999999999995 (-3.2965277786729144, 1.0, -3.032439182698881)
4.359999999999995 (-3.4180533632972514, 1.0, -3.1196661896515323)
4.379999999999995 (-3.5351001850535586, 1.0, -3.2194883268316605)
4.399999999999994 (-3.642819405792912, 1.0, -3.332383292309328)
4.419999999999994 (-3.7404804288469147, 1.0, -3.458743129642472)
4.439999999999993 (-3.8306505037959435, 1.0, -3.5985357249661956)
4.459999999999993 (-3.917694621512029, 1.0, -3.7475836448394966)
4.479999999999992 (-4.000244287622017, 1.0, -3.8997966312509056)
4.499999999999992 (-4.071037590003846, 1.0, -4.054427507152839)
4.519999999999992 (-4.12415523868907, 1.0, -4.2135373736044635)
4.539999999999991 (-4.156863520911745, 1.0, -4.379882306952165)
4.559999999999991 (-4.172076216338508, 1.0, -4.552636323114981)
4.57999999999999 (-4.180966136719024, 1.0, -4.720333059121487)
4.59999999999999 (-4.193244320533269, 1.0, -4.872981586749175)
4.6199999999999894 (-4.214958120169738, 1.0, -5.00615854519948)
4.639999999999989 (-4.253017913699477, 1.0, -5.111058583265612)
4.659999999999989 (-4.311993262110611, 1.0, -5.177300994090463)
4.679999999999988 (-4.388337037847414, 1.0, -5.203318232673848)
4.699999999999988 (-4.469752993744903, 1.0, -5.202735354297049)
4.719999999999987 (-4.544943326025847, 1.0, -5.190375038996011)
4.739999999999987 (-4.612095963410539, 1.0, -5.166542340983516)
4.7599999999999865 (-4.674915981721051, 1.0, -5.124557274707378)
4.779999999999986 (-4.734177188690354, 1.0, -5.064265339463905)
4.799999999999986 (-4.788667535636499, 1.0, -4.988945644451694)
4.819999999999985 (-4.838712936566164, 1.0, -4.901428634504703)
4.839999999999985 (-4.883747330539537, 1.0, -4.807685980119634)
4.859999999999984 (-4.923170335836456, 1.0, -4.712966325765307)
4.879999999999984 (-4.957570987439418, 1.0, -4.61989863836063)
4.8999999999999835 (-4.98684555629141, 1.0, -4.530652174585217)
4.919999999999983 (-5.006565965224508, 1.0, -4.4491341864571226)
4.939999999999983 (-5.011089135056812, 1.0, -4.380052739350923)
4.959999999999982 (-4.996552530318905, 1.0, -4.32831226949513)
4.979999999999982 (-4.949484671647192, 1.0, -4.304319204041244)
4.999999999999981 (-4.874896230970366, 1.0, -4.296976917040219)
5.019999999999981 (-4.786071332648366, 1.0, -4.2949476477342365)
5.0399999999999805 (-4.690772887061145, 1.0, -4.296242149571251)
5.05999999999998 (-4.58419178931689, 1.0, -4.305942711686535)
5.07999999999998 (-4.465305018669478, 1.0, -4.324431511970888)
5.099999999999979 (-4.342539634698135, 1.0, -4.345162354355198)
5.119999999999979 (-4.229208683849164, 1.0, -4.3601705090156795)
5.139999999999978 (-4.132973874699878, 1.0, -4.367430545976674)
5.159999999999978 (-4.054749983410547, 1.0, -4.370764441691763)
5.1799999999999775 (-3.9935376797210234, 1.0, -4.3743250039793615)
5.199999999999977 (-3.950404693988842, 1.0, -4.37909362833061)
5.219999999999977 (-3.9282139422010225, 1.0, -4.383767320347865)
5.239999999999976 (-3.9291469744829244, 1.0, -4.387489307083315)
5.259999999999976 (-3.9528195412377616, 1.0, -4.391512126595569)
5.279999999999975 (-3.995420408411794, 1.0, -4.398787305339661)
5.299999999999975 (-4.051828582417644, 1.0, -4.412887594608865)
5.3199999999999745 (-4.119664389193242, 1.0, -4.435122705077994)
5.339999999999974 (-4.198156583174671, 1.0, -4.465398554916732)
5.359999999999974 (-4.285878552352421, 1.0, -4.504458419764366)
5.379999999999973 (-4.381244191119944, 1.0, -4.553373992448869)
5.399999999999973 (-4.48339262967225, 1.0, -4.61253720292749)
5.419999999999972 (-4.5915259626309455, 1.0, -4.682404740707276)
5.439999999999972 (-4.702986378298608, 1.0, -4.764721597231158)
5.4599999999999715 (-4.813487480351773, 1.0, -4.859123349999003)
5.479999999999971 (-4.918493088160727, 1.0, -4.9644503842884316)
5.499999999999971 (-5.014062947938935, 1.0, -5.081020180215942)
5.51999999999997 (-5.098186170067501, 1.0, -5.210054417246247)
5.53999999999997 (-5.172394354656277, 1.0, -5.350717674999545)
5.559999999999969 (-5.243584355420726, 1.0, -5.491336317314562)
5.579999999999969 (-5.318756240933653, 1.0, -5.616904812919445)
5.599999999999969 (-5.400223161148271, 1.0, -5.720629435356155)
5.619999999999968 (-5.48665590357885, 1.0, -5.801500826170218)
5.639999999999968 (-5.574593768913892, 1.0, -5.860297621589115)
5.659999999999967 (-5.659402115305661, 1.0, -5.901005300062015)
5.679999999999967 (-5.7371035341331025, 1.0, -5.927202078674043)
5.699999999999966 (-5.805587510280717, 1.0, -5.94011497539863)
5.719999999999966 (-5.864286343521216, 1.0, -5.939130804207339)
5.739999999999966 (-5.913855572609519, 1.0, -5.922322008247521)
5.759999999999965 (-5.955141873770248, 1.0, -5.889084222504198)
5.779999999999965 (-5.988300078900048, 1.0, -5.8411555435223645)
5.799999999999964 (-6.014039107959632, 1.0, -5.778961504171225)
5.819999999999964 (-6.033999860470583, 1.0, -5.703642034836844)
5.839999999999963 (-6.048748538071877, 1.0, -5.621612889023849)
5.859999999999963 (-6.0585350852508135, 1.0, -5.538845721109071)
5.879999999999963 (-6.064317033478676, 1.0, -5.4583289799206645)
5.899999999999962 (-6.066451902272096, 1.0, -5.382522578101482)
5.919999999999962 (-6.061867248360522, 1.0, -5.315822875094712)
5.939999999999961 (-6.045272292000637, 1.0, -5.264461881495749)
5.959999999999961 (-6.013121465722937, 1.0, -5.234613435395029)
5.9799999999999605 (-5.953889576947933, 1.0, -5.238807697854741)
5.99999999999996 (-5.871105248186375, 1.0, -5.264327923530757)
6.01999999999996 (-5.776436885956514, 1.0, -5.2976176916751925)
6.039999999999959 (-5.675453048187222, 1.0, -5.3365293024385725)
6.059999999999959 (-5.563820775818181, 1.0, -5.387064257298003)
6.079999999999958 (-5.442150864386591, 1.0, -5.448057045699262)
6.099999999999958 (-5.31833680783526, 1.0, -5.510732652315876)
6.1199999999999575 (-5.2033128088937, 1.0, -5.56583964968515)
6.139999999999957 (-5.103197953131029, 1.0, -5.6115766456829945)
6.159999999999957 (-5.020070491088137, 1.0, -5.650856334014148)
6.179999999999956 (-4.95450513317634, 1.0, -5.686200462332314)
6.199999999999956 (-4.908385076327355, 1.0, -5.717148484610722)
6.219999999999955 (-4.8846279339331, 1.0, -5.741441392300383)
6.239999999999955 (-4.885332159369634, 1.0, -5.758060721442538)
6.2599999999999545 (-4.910188399357491, 1.0, -5.7684659890498615)
6.279999999999954 (-4.95570106912113, 1.0, -5.77599100579329)
6.299999999999954 (-5.01769172115113, 1.0, -5.785007058683618)
6.319999999999953 (-5.094369562542094, 1.0, -5.79749232080769)
6.339999999999953 (-5.184714464184353, 1.0, -5.81458466711977)
6.359999999999952 (-5.287170498151759, 1.0, -5.83808133439518)
6.379999999999952 (-5.400437748758666, 1.0, -5.869235368483782)
6.3999999999999515 (-5.521808532407822, 1.0, -5.910428057174234)
6.419999999999951 (-5.647086297060502, 1.0, -5.966108988231263)
6.439999999999951 (-5.77508941231024, 1.0, -6.0376683321073985)
6.45999999999995 (-5.907195972537241, 1.0, -6.123737046128155)
6.47999999999995 (-6.045564010097804, 1.0, -6.220742836324922)
6.499999999999949 (-6.189063415659738, 1.0, -6.323870442501494)
6.519999999999949 (-6.335174146303869, 1.0, -6.43294519786784)
6.5399999999999485 (-6.485034590097449, 1.0, -6.54290010504416)
6.559999999999948 (-6.641403048313962, 1.0, -6.634956704351439)
6.579999999999948 (-6.8041118667184906, 1.0, -6.693845629925789)
6.599999999999947 (-6.96960598266736, 1.0, -6.717320440712972)
6.619999999999947 (-7.132989884117547, 1.0, -6.713563106408173)
6.639999999999946 (-7.289592672360867, 1.0, -6.693028531510202)
6.659999999999946 (-7.434688495298252, 1.0, -6.663225746121979)
6.6799999999999455 (-7.565689350611389, 1.0, -6.628720794899683)
6.699999999999945 (-7.681594368166916, 1.0, -6.588249668339739)
6.719999999999945 (-7.78246349042239, 1.0, -6.540046932504757)
6.739999999999944 (-7.868378549384581, 1.0, -6.483466661217306)
6.759999999999944 (-7.939532027071506, 1.0, -6.418035695568567)
6.779999999999943 (-7.996255292212091, 1.0, -6.344065749154493)
6.799999999999943 (-8.039087010753784, 1.0, -6.260652365332194)
6.8199999999999426 (-8.070864000164653, 1.0, -6.167340475401083)
6.839999999999942 (-8.095496691070942, 1.0, -6.06670546033644)
6.859999999999942 (-8.115747007750699, 1.0, -5.9613187793933395)
6.879999999999941 (-8.132985591515741, 1.0, -5.853329561489438)
6.899999999999941 (-8.149535350427337, 1.0, -5.7645344031917)
6.91999999999994 (-8.155937420944671, 1.0, -5.719064056737613)
6.93999999999994 (-8.150437293687526, 1.0, -5.694227422727484)
6.95999999999994 (-8.13496433300484, 1.0, -5.6822837794897625)
6.979999999999939 (-8.109457493278773, 1.0, -5.685218692318314)
6.999999999999939 (-8.073348077331593, 1.0, -5.702192380683868)
7.019999999999938 (-8.024391039180838, 1.0, -5.732916647159704)
7.039999999999938 (-7.961715980051466, 1.0, -5.775807155560598)
7.059999999999937 (-7.8886842927456025, 1.0, -5.825844006328373)
7.079999999999937 (-7.812723426080891, 1.0, -5.878669023683163)
7.099999999999937 (-7.735096748537209, 1.0, -5.939564547328842)
7.119999999999936 (-7.656100720254653, 1.0, -6.009255127328278)
7.139999999999936 (-7.577958135194775, 1.0, -6.0809222275706425)
7.159999999999935 (-7.502285002970385, 1.0, -6.150445013988753)
7.179999999999935 (-7.43222903135851, 1.0, -6.214497177439923)
7.1999999999999345 (-7.371296411613953, 1.0, -6.272421214888077)
7.219999999999934 (-7.3223944437760204, 1.0, -6.324722601568217)
7.239999999999934 (-7.286843266369753, 1.0, -6.370932919055883)
7.259999999999933 (-7.265563202971506, 1.0, -6.409275688535122)
7.279999999999933 (-7.259240869464786, 1.0, -6.439714661579857)
7.299999999999932 (-7.267625374393953, 1.0, -6.464409850610425)
7.319999999999932 (-7.29029306093036, 1.0, -6.485687641331187)
7.3399999999999315 (-7.326433990270217, 1.0, -6.505232809213892)
7.359999999999931 (-7.375081871629174, 1.0, -6.524960777655013)
7.379999999999931 (-7.435569631805815, 1.0, -6.547277221815632)
7.39999999999993 (-7.5075196673368065, 1.0, -6.573916342014259)
7.41999999999993 (-7.5906617152516995, 1.0, -6.605713657938367)
7.439999999999929 (-7.684888573195177, 1.0, -6.643756214683928)
7.459999999999929 (-7.790610504763301, 1.0, -6.690254528752692)
7.4799999999999285 (-7.90839567019046, 1.0, -6.7449462125988955)
7.499999999999928 (-8.038537383444334, 1.0, -6.80538838304845)
7.519999999999928 (-8.18061236378657, 1.0, -6.867898002814798)
7.539999999999927 (-8.333235351146993, 1.0, -6.923024587387587)
7.559999999999927 (-8.492257089710177, 1.0, -6.956112226569975)
7.579999999999926 (-8.653237490974876, 1.0, -6.962200744156602)
7.599999999999926 (-8.812758553877032, 1.0, -6.945978366773794)
7.6199999999999255 (-8.966498906930969, 1.0, -6.913187529741053)
7.639999999999925 (-9.10925634616925, 1.0, -6.870263260525338)
7.659999999999925 (-9.238635263156493, 1.0, -6.825677966535252)
7.679999999999924 (-9.353643279208827, 1.0, -6.7825329360575655)
7.699999999999924 (-9.453138131890753, 1.0, -6.738830557768801)
7.719999999999923 (-9.536933859258674, 1.0, -6.693071326689852)
7.739999999999923 (-9.605025587670186, 1.0, -6.645032981411821)
7.7599999999999225 (-9.656950620234271, 1.0, -6.5930023092150805)
7.779999999999922 (-9.692828705855037, 1.0, -6.536134791637829)
7.799999999999922 (-9.713109833113657, 1.0, -6.474755758651137)
7.819999999999921 (-9.7190525188968, 1.0, -6.40719926637652)
7.839999999999921 (-9.714761381820558, 1.0, -6.332996095363576)
7.85999999999992 (-9.704725657419507, 1.0, -6.2551151688554)
7.87999999999992 (-9.692168981616192, 1.0, -6.176297828258312)
7.8999999999999195 (-9.679350916724568, 1.0, -6.099236399563891)
7.919999999999919 (-9.669961446556943, 1.0, -6.048311312470638)
7.939999999999919 (-9.657868827356388, 1.0, -6.042453601373021)
7.959999999999918 (-9.638709647755357, 1.0, -6.061373292713046)
7.979999999999918 (-9.612022425791961, 1.0, -6.097325562241964)
7.999999999999917 (-9.577848358974467, 1.0, -6.151085244430486)
8.019999999999918 (-9.536949998858713, 1.0, -6.220613413385657)
8.039999999999917 (-9.491489200175518, 1.0, -6.300921625580197)
8.059999999999917 (-9.443183215013342, 1.0, -6.387983120527323)
8.079999999999917 (-9.393507233911311, 1.0, -6.480605463385714)
8.099999999999916 (-9.342958900022149, 1.0, -6.582987012715617)
8.119999999999916 (-9.29177896833884, 1.0, -6.694237154688725)
8.139999999999915 (-9.241048619614004, 1.0, -6.806533813160352)
8.159999999999915 (-9.19314178943237, 1.0, -6.910625798508998)
8.179999999999914 (-9.150752356190445, 1.0, -7.003505663705988)
8.199999999999914 (-9.11662525427492, 1.0, -7.0862646485492515)
8.219999999999914 (-9.092935597067152, 1.0, -7.159631393480558)
8.239999999999913 (-9.080549813383058, 1.0, -7.223186284056074)
8.259999999999913 (-9.079444819484884, 1.0, -7.275700958195208)
8.279999999999912 (-9.089400732516522, 1.0, -7.316060469959053)
8.299999999999912 (-9.110448031255489, 1.0, -7.342725017562294)
8.319999999999911 (-9.142413542380908, 1.0, -7.3542618747773405)
8.339999999999911 (-9.185008778545999, 1.0, -7.3540477476444295)
8.35999999999991 (-9.239183587230025, 1.0, -7.348277670980179)
8.37999999999991 (-9.30567050077743, 1.0, -7.340246172639172)
8.39999999999991 (-9.384656397149026, 1.0, -7.331440403162312)
8.41999999999991 (-9.476728210410965, 1.0, -7.3257942657892)
8.439999999999909 (-9.582275750615512, 1.0, -7.326590438223221)
8.459999999999908 (-9.701131499829486, 1.0, -7.334282796673611)
8.479999999999908 (-9.833057168634692, 1.0, -7.346327122746508)
8.499999999999908 (-9.978952666437719, 1.0, -7.354713650942553)
8.519999999999907 (-10.136320772718376, 1.0, -7.349133818760663)
8.539999999999907 (-10.301199262099791, 1.0, -7.319823361443264)
8.559999999999906 (-10.468344720267313, 1.0, -7.2514976737208565)
8.579999999999906 (-10.631033909003976, 1.0, -7.142421972055193)
8.599999999999905 (-10.783107706824968, 1.0, -7.009210342081728)
8.619999999999905 (-10.923017414400622, 1.0, -6.8696491315312675)
8.639999999999905 (-11.049698418205432, 1.0, -6.734083970877403)
8.659999999999904 (-11.163145225810526, 1.0, -6.606282879489871)
8.679999999999904 (-11.26315670588787, 1.0, -6.485298856611358)
8.699999999999903 (-11.349055982287348, 1.0, -6.369684427886604)
8.719999999999903 (-11.420576665741095, 1.0, -6.258796652167718)
8.739999999999903 (-11.477101030458988, 1.0, -6.151988234613479)
8.759999999999902 (-11.517912549711063, 1.0, -6.048228207634861)
8.779999999999902 (-11.543345625259068, 1.0, -5.947593986077528)
8.799999999999901 (-11.553609041470919, 1.0, -5.850085661634204)
8.8199999999999 (-11.549109318560701, 1.0, -5.7558540171369525)
8.8399999999999 (-11.530883923963323, 1.0, -5.6649341591339235)
8.8599999999999 (-11.502996646080563, 1.0, -5.581044812409038)
8.8799999999999 (-11.471139765713374, 1.0, -5.508997777702403)
8.899999999999899 (-11.444808155966426, 1.0, -5.4449112698531765)
8.919999999999899 (-11.418548040266186, 1.0, -5.39237445268721)
8.939999999999898 (-11.38996256504707, 1.0, -5.352921865009371)
8.959999999999898 (-11.35909019334837, 1.0, -5.3311166396289655)
8.979999999999897 (-11.326097847619918, 1.0, -5.3316143076555935)
8.999999999999897 (-11.29036035214609, 1.0, -5.353278374969867)
9.019999999999897 (-11.251054583223587, 1.0, -5.3929016556213165)
9.039999999999896 (-11.207693238176589, 1.0, -5.447949776166494)
9.059999999999896 (-11.160187366875718, 1.0, -5.516359894314341)
9.079999999999895 (-11.108612021178391, 1.0, -5.594477159243378)
9.099999999999895 (-11.05506346413056, 1.0, -5.67141656347713)
9.119999999999894 (-11.003667289968572, 1.0, -5.744006176734893)
9.139999999999894 (-10.956307443325374, 1.0, -5.820434003487504)
9.159999999999894 (-10.911893951069475, 1.0, -5.900250871868394)
9.179999999999893 (-10.869005903114175, 1.0, -5.977365685151178)
9.199999999999893 (-10.828933909462986, 1.0, -6.04827375653818)
9.219999999999892 (-10.794507433197268, 1.0, -6.113175389100984)
9.239999999999892 (-10.768259405563692, 1.0, -6.172065569405534)
9.259999999999891 (-10.751674357035526, 1.0, -6.223977705025978)
9.279999999999891 (-10.744807663469908, 1.0, -6.268358353122976)
9.29999999999989 (-10.746889625270464, 1.0, -6.304745896551714)
9.31999999999989 (-10.758038295375764, 1.0, -6.333139264872401)
9.33999999999989 (-10.77945168755761, 1.0, -6.356072246159564)
9.35999999999989 (-10.811844461095887, 1.0, -6.376673670882772)
9.379999999999889 (-10.855256781577424, 1.0, -6.396911885469679)
9.399999999999888 (-10.909625214192856, 1.0, -6.417734326883593)
9.419999999999888 (-10.975229437296296, 1.0, -6.440222242859724)
9.439999999999888 (-11.052246901048193, 1.0, -6.465443255652088)
9.459999999999887 (-11.140438233527655, 1.0, -6.494315864584215)
9.479999999999887 (-11.240552027046135, 1.0, -6.526803725154118)
9.499999999999886 (-11.354214149577897, 1.0, -6.561523596905702)
9.519999999999886 (-11.481028026180295, 1.0, -6.595943296415487)
9.539999999999885 (-11.618875163282084, 1.0, -6.624775735556309)
9.559999999999885 (-11.761548728411938, 1.0, -6.636598181775262)
9.579999999999885 (-11.90182163069869, 1.0, -6.625856087179376)
9.599999999999884 (-12.035148203490815, 1.0, -6.594626844337694)
9.619999999999884 (-12.157443315629783, 1.0, -6.549392346912966)
9.639999999999883 (-12.267611331808284, 1.0, -6.500189793930832)
9.659999999999883 (-12.365658764627891, 1.0, -6.45481688326507)
9.679999999999882 (-12.45133701839623, 1.0, -6.415717702607905)
9.699999999999882 (-12.523379238965227, 1.0, -6.38195765765592)
9.719999999999882 (-12.580835855678759, 1.0, -6.352342285336867)
9.739999999999881 (-12.62296321576785, 1.0, -6.325676758604113)
9.75999999999988 (-12.648531305890684, 1.0, -6.3001063481529975)
9.77999999999988 (-12.656754416857297, 1.0, -6.273843492221367)
9.79999999999988 (-12.649356499528482, 1.0, -6.246786169364742)
9.81999999999988 (-12.628117508006515, 1.0, -6.218611652123528)
9.839999999999879 (-12.594164837320974, 1.0, -6.187994500097744)
9.859999999999879 (-12.552157814336473, 1.0, -6.156550758117572)
9.879999999999878 (-12.508003817649449, 1.0, -6.128814934535806)
9.899999999999878 (-12.465944614312948, 1.0, -6.108203993522353)
9.919999999999877 (-12.429034487158296, 1.0, -6.097535424442728)
9.939999999999877 (-12.3996131601585, 1.0, -6.099779769599279)
9.959999999999877 (-12.37934820935507, 1.0, -6.117191274170539)
9.979999999999876 (-12.368954213202862, 1.0, -6.151505749358496)
9.999999999999876 (-12.368407276479601, 1.0, -6.206987974269174)
