0.0 (-18.75, 1.0, 0.0)
0.02 (-18.750052050200416, 1.0, 0.01973573192285218)
0.04 (-18.750404435643638, 1.0, 0.07109308221743849)
0.06 (-18.750565932618006, 1.0, 0.154142542003146)
0.08 (-18.74822229670451, 1.0, 0.25751659042468267)
0.1 (-18.739954312666413, 1.0, 0.3677041885179603)
0.12000000000000001 (-18.723813084195726, 1.0, 0.4745311661374543)
0.14 (-18.700454153571297, 1.0, 0.5735120410420556)
0.16 (-18.672225719674984, 1.0, 0.6630782913894837)
0.18 (-18.640766889767917, 1.0, 0.7412933607679434)
0.19999999999999998 (-18.605838400204583, 1.0, 0.8061022696056557)
0.21999999999999997 (-18.56729194882928, 1.0, 0.8547818193231669)
0.23999999999999996 (-18.52586260795268, 1.0, 0.8850588877422041)
0.25999999999999995 (-18.482390173879423, 1.0, 0.8952938277612807)
0.27999999999999997 (-18.4364145019558, 1.0, 0.8840593172424561)
0.3 (-18.387912047115762, 1.0, 0.851269786163612)
0.32 (-18.339799484220674, 1.0, 0.7972883109709392)
0.34 (-18.294789548268568, 1.0, 0.72270251667168)
0.36000000000000004 (-18.254912191232535, 1.0, 0.6307702497241067)
0.38000000000000006 (-18.221333693825, 1.0, 0.5219904136177834)
0.4000000000000001 (-18.195268102869328, 1.0, 0.39440486816812276)
0.4200000000000001 (-18.179003360907696, 1.0, 0.245746707104258)
0.4400000000000001 (-18.172953888320478, 1.0, 0.07420849358101575)
0.46000000000000013 (-18.174799102024014, 1.0, -0.12315881266025192)
0.48000000000000015 (-18.175434605011468, 1.0, -0.3484889409060833)
0.5000000000000001 (-18.155314849295472, 1.0, -0.591782335386694)
0.5200000000000001 (-18.09927030765074, 1.0, -0.827221970802451)
0.5400000000000001 (-18.00734234038394, 1.0, -1.034965851333121)
0.5600000000000002 (-17.891552368142687, 1.0, -1.2193788639300502)
0.5800000000000002 (-17.771584803953527, 1.0, -1.395909063268192)
0.6000000000000002 (-17.657043501482505, 1.0, -1.5699531960876734)
0.6200000000000002 (-17.545718820065158, 1.0, -1.7329335110989261)
0.6400000000000002 (-17.43406851101433, 1.0, -1.8757621047962854)
0.6600000000000003 (-17.322682079325766, 1.0, -1.994834088174589)
0.6800000000000003 (-17.212927382663825, 1.0, -2.0940015450862077)
0.7000000000000003 (-17.106772514705302, 1.0, -2.1732522582421008)
0.7200000000000003 (-17.003943209348304, 1.0, -2.2306337232496136)
0.7400000000000003 (-16.90277343879665, 1.0, -2.266776712901381)
0.7600000000000003 (-16.803150818380193, 1.0, -2.285422169591446)
0.7800000000000004 (-16.70568823713679, 1.0, -2.2910006696617744)
0.8000000000000004 (-16.61016108806377, 1.0, -2.291955325802208)
0.8200000000000004 (-16.51742737054441, 1.0, -2.2944159408416023)
0.8400000000000004 (-16.430194797362283, 1.0, -2.296118440281681)
0.8600000000000004 (-16.348881367313357, 1.0, -2.2943309921053094)
0.8800000000000004 (-16.27356168429154, 1.0, -2.2872653317767004)
0.9000000000000005 (-16.21017087465184, 1.0, -2.2750709836238303)
0.9200000000000005 (-16.158092719459425, 1.0, -2.2565325917336514)
0.9400000000000005 (-16.107941226620277, 1.0, -2.227304632678196)
0.9600000000000005 (-16.05464386161792, 1.0, -2.1862721952003916)
0.9800000000000005 (-15.996034704249395, 1.0, -2.1337765982514276)
1.0000000000000004 (-15.93012290798259, 1.0, -2.0698990848589705)
1.0200000000000005 (-15.853961119313293, 1.0, -1.9946375533584106)
1.0400000000000005 (-15.798398798835208, 1.0, -1.9261446497114358)
1.0600000000000005 (-15.8150842288838, 1.0, -1.87473066390205)
1.0800000000000005 (-15.836859154941674, 1.0, -1.8227683001410122)
1.1000000000000005 (-15.865604036933581, 1.0, -1.7725854743559102)
1.1200000000000006 (-15.902145950854065, 1.0, -1.7226749590689951)
1.1400000000000006 (-15.944661172693062, 1.0, -1.672664686291576)
1.1600000000000006 (-15.993164646169129, 1.0, -1.622298786399574)
1.1800000000000006 (-16.046116441413403, 1.0, -1.5711110217261013)
1.2000000000000006 (-16.099816183559042, 1.0, -1.5185608444582765)
1.2200000000000006 (-16.160324220536726, 1.0, -1.472200879497247)
1.2400000000000007 (-16.232526191783982, 1.0, -1.438057052925528)
1.2600000000000007 (-16.32055859815936, 1.0, -1.4181806003744166)
1.2800000000000007 (-16.42597781591711, 1.0, -1.411134923800709)
1.3000000000000007 (-16.548178174403727, 1.0, -1.4134604092711134)
1.3200000000000007 (-16.68420750894286, 1.0, -1.4218733505394747)
1.3400000000000007 (-16.830386238968984, 1.0, -1.433991059831274)
1.3600000000000008 (-16.983461584133416, 1.0, -1.4482045468992077)
1.3800000000000008 (-17.1365460781736, 1.0, -1.462503257874846)
1.4000000000000008 (-17.292169815629567, 1.0, -1.4740690952399773)
1.4200000000000008 (-17.448306968169508, 1.0, -1.480220870069845)
1.4400000000000008 (-17.60127968043907, 1.0, -1.4820790328633424)
1.4600000000000009 (-17.74976341459935, 1.0, -1.4810251227970983)
1.4800000000000009 (-17.88839046249815, 1.0, -1.4790557162807316)
1.5000000000000009 (-18.010045699090206, 1.0, -1.4779328159310368)
1.520000000000001 (-18.111147925411284, 1.0, -1.4806137223632068)
1.540000000000001 (-18.189217690915516, 1.0, -1.4900240529579567)
1.560000000000001 (-18.24853817251684, 1.0, -1.5107839855498386)
1.580000000000001 (-18.29213129443162, 1.0, -1.543470107808762)
1.600000000000001 (-18.32162254592457, 1.0, -1.5806165748298542)
1.620000000000001 (-18.337607551386157, 1.0, -1.6139975224287735)
1.640000000000001 (-18.340706878422896, 1.0, -1.6434100321712808)
1.660000000000001 (-18.334171973740816, 1.0, -1.6700891272529246)
1.680000000000001 (-18.319404755801752, 1.0, -1.6928049124436804)
1.700000000000001 (-18.29633367867476, 1.0, -1.709340279612573)
1.720000000000001 (-18.265247680815726, 1.0, -1.7176121840601772)
1.740000000000001 (-18.2269682252771, 1.0, -1.7157861106579664)
1.7600000000000011 (-18.182659183177794, 1.0, -1.7019487959126902)
1.7800000000000011 (-18.133509656321053, 1.0, -1.6746668980895405)
1.8000000000000012 (-18.08024127756306, 1.0, -1.6318080071606742)
1.8200000000000012 (-18.023583754458773, 1.0, -1.572848874989641)
1.8400000000000012 (-17.968968220308916, 1.0, -1.500755547191807)
1.8600000000000012 (-17.924384114660025, 1.0, -1.4173097530025758)
1.8800000000000012 (-17.895003302348996, 1.0, -1.3264167118551982)
1.9000000000000012 (-17.883327003247512, 1.0, -1.229483468308262)
1.9200000000000013 (-17.890258616529263, 1.0, -1.1253288560920918)
1.9400000000000013 (-17.915682102037724, 1.0, -1.0125699232653689)
1.9600000000000013 (-17.959229929087257, 1.0, -0.8900848912367942)
1.9800000000000013 (-18.0206757569093, 1.0, -0.7572102171442594)
2.0000000000000013 (-18.1019766009654, 1.0, -0.6134938574780162)
2.0200000000000014 (-18.200750763668864, 1.0, -0.45351073435304806)
2.0400000000000014 (-18.310524688888794, 1.0, -0.2707369913236629)
2.0600000000000014 (-18.418222388766065, 1.0, -0.05866705720347404)
2.0800000000000014 (-18.507609577733884, 1.0, 0.1894635284920638)
2.1000000000000014 (-18.56720231877293, 1.0, 0.4754952361230037)
2.1200000000000014 (-18.588580088982756, 1.0, 0.7773609095820692)
2.1400000000000015 (-18.55528445590574, 1.0, 1.0645642650119167)
2.1600000000000015 (-18.45936126632143, 1.0, 1.297865975203487)
2.1800000000000015 (-18.321798767070227, 1.0, 1.46043008579564)
2.2000000000000015 (-18.17923185656668, 1.0, 1.5805882782598184)
2.2200000000000015 (-18.05649426579108, 1.0, 1.6913865367449192)
2.2400000000000015 (-17.954770294048238, 1.0, 1.7906097460572976)
2.2600000000000016 (-17.86135392045676, 1.0, 1.8565841677672794)
2.2800000000000016 (-17.768947040691152, 1.0, 1.8802760956930524)
2.3000000000000016 (-17.679448998605444, 1.0, 1.8735394261278264)
2.3200000000000016 (-17.59578568959152, 1.0, 1.8493066597966754)
2.3400000000000016 (-17.51992989522316, 1.0, 1.8119951865258346)
2.3600000000000017 (-17.45541217597084, 1.0, 1.7639455246866882)
2.3800000000000017 (-17.41494806559321, 1.0, 1.7112126730495192)
2.4000000000000017 (-17.404820683788742, 1.0, 1.6619768625132088)
2.4200000000000017 (-17.41725997082397, 1.0, 1.6104647892918968)
2.4400000000000017 (-17.444051122443994, 1.0, 1.5401322998132523)
2.4600000000000017 (-17.47976031206595, 1.0, 1.447968303309599)
2.4800000000000018 (-17.52994703188745, 1.0, 1.3391002337054707)
2.5000000000000018 (-17.591158024220434, 1.0, 1.2115152788958)
2.520000000000002 (-17.648419227411715, 1.0, 1.0571214640857995)
2.540000000000002 (-17.69011411276602, 1.0, 0.8661856766833304)
2.560000000000002 (-17.71175762013088, 1.0, 0.645902074368715)
2.580000000000002 (-17.707710687590183, 1.0, 0.4174361487410231)
2.600000000000002 (-17.672577956952434, 1.0, 0.19346211244719558)
2.620000000000002 (-17.607934010658425, 1.0, -0.01833759933574921)
2.640000000000002 (-17.527272995820972, 1.0, -0.21657170679676144)
2.660000000000002 (-17.446973662109677, 1.0, -0.4061701560099365)
2.680000000000002 (-17.370020621724212, 1.0, -0.579879093939891)
2.700000000000002 (-17.29253327218712, 1.0, -0.7308155508959417)
2.720000000000002 (-17.21134466584249, 1.0, -0.854895224833631)
2.740000000000002 (-17.126151773508976, 1.0, -0.954078421494896)
2.760000000000002 (-17.04214272786365, 1.0, -1.0291977806321193)
2.780000000000002 (-16.960054710427862, 1.0, -1.0809805997563096)
2.800000000000002 (-16.875931330784326, 1.0, -1.1107600000722004)
2.820000000000002 (-16.79546594926488, 1.0, -1.1262258641173577)
2.840000000000002 (-16.72493097091069, 1.0, -1.136802523857901)
2.860000000000002 (-16.6659293925299, 1.0, -1.145019267779403)
2.880000000000002 (-16.617981382430454, 1.0, -1.150176311599499)
2.900000000000002 (-16.57850050822388, 1.0, -1.1479100568876317)
2.920000000000002 (-16.55298867956897, 1.0, -1.1393171972245246)
2.940000000000002 (-16.54170735313377, 1.0, -1.123147087481152)
2.960000000000002 (-16.544016468823994, 1.0, -1.0975477109024494)
2.980000000000002 (-16.558768574640272, 1.0, -1.061528516409088)
3.000000000000002 (-16.584501964021964, 1.0, -1.0143866029529724)
3.0200000000000022 (-16.61850721032907, 1.0, -0.9556273791975017)
3.0400000000000023 (-16.65261465380203, 1.0, -0.8850191540746708)
3.0600000000000023 (-16.67907545788292, 1.0, -0.8022663431747743)
3.0800000000000023 (-16.693757387551155, 1.0, -0.7071918110386175)
3.1000000000000023 (-16.695977585961913, 1.0, -0.6024442727638402)
3.1200000000000023 (-16.72249588989742, 1.0, -0.503101960259836)
3.1400000000000023 (-16.803003019894334, 1.0, -0.41014499537400584)
3.1600000000000024 (-16.880788645897912, 1.0, -0.31861517412105095)
3.1800000000000024 (-16.945630703042927, 1.0, -0.22224581915817254)
3.2000000000000024 (-17.003770014574812, 1.0, -0.12670013097929833)
3.2200000000000024 (-17.06357539218702, 1.0, -0.036084646480490846)
3.2400000000000024 (-17.127277479676195, 1.0, 0.04897436175485381)
3.2600000000000025 (-17.19069297555387, 1.0, 0.12971000080187467)
3.2800000000000025 (-17.25696886470752, 1.0, 0.21187046424533312)
3.3000000000000025 (-17.321863102712616, 1.0, 0.2962216750305672)
3.3200000000000025 (-17.386165124766418, 1.0, 0.3838769695872688)
3.3400000000000025 (-17.44504031844345, 1.0, 0.4723558327957338)
3.3600000000000025 (-17.49381240025315, 1.0, 0.5583203697680537)
3.3800000000000026 (-17.532095174132706, 1.0, 0.637907351731407)
3.4000000000000026 (-17.562855692175088, 1.0, 0.7068419000383487)
3.4200000000000026 (-17.58803949480322, 1.0, 0.7614574787439035)
3.4400000000000026 (-17.60609737430717, 1.0, 0.7985721888288679)
3.4600000000000026 (-17.621265577377372, 1.0, 0.8203969450634361)
3.4800000000000026 (-17.640409685915706, 1.0, 0.8318930623925488)
3.5000000000000027 (-17.671690062309292, 1.0, 0.8340833740526051)
3.5200000000000027 (-17.720047842714926, 1.0, 0.8255653106365892)
3.5400000000000027 (-17.786720334435284, 1.0, 0.8038683452871813)
3.5600000000000027 (-17.86981913826823, 1.0, 0.7647019304744562)
3.5800000000000027 (-17.95744435779717, 1.0, 0.7076990309873123)
3.6000000000000028 (-18.03809447284154, 1.0, 0.6337477396393407)
3.6200000000000028 (-18.106741167266495, 1.0, 0.5481323203975854)
3.640000000000003 (-18.155198418907425, 1.0, 0.46604586310323115)
3.660000000000003 (-18.1869250905787, 1.0, 0.3868467699156072)
3.680000000000003 (-18.2043182569246, 1.0, 0.31114536252128117)
3.700000000000003 (-18.20589503968349, 1.0, 0.24447738157727225)
3.720000000000003 (-18.191302236705184, 1.0, 0.18793761401031098)
3.740000000000003 (-18.160681530910548, 1.0, 0.14035612222250313)
3.760000000000003 (-18.116473084332686, 1.0, 0.10501916649160321)
3.780000000000003 (-18.06122230548471, 1.0, 0.08385195808979466)
3.800000000000003 (-17.995167360244285, 1.0, 0.07760000401487992)
3.820000000000003 (-17.918475806631445, 1.0, 0.08397115412334506)
3.840000000000003 (-17.84172187582311, 1.0, 0.10084890910332113)
3.860000000000003 (-17.77420303254764, 1.0, 0.12387491699870988)
3.880000000000003 (-17.71959457244052, 1.0, 0.15265168381775687)
3.900000000000003 (-17.679133001629992, 1.0, 0.19154033341711216)
3.920000000000003 (-17.64849892819603, 1.0, 0.24122193345214704)
3.940000000000003 (-17.622529311826106, 1.0, 0.3024021956397586)
3.960000000000003 (-17.600345160106354, 1.0, 0.37614141163658665)
3.980000000000003 (-17.58160515331665, 1.0, 0.4628359305228714)
4.000000000000003 (-17.564902924732586, 1.0, 0.5629971383128223)
4.020000000000002 (-17.546872639701487, 1.0, 0.6771208877727426)
4.040000000000002 (-17.522931735448292, 1.0, 0.8054018871539846)
4.060000000000001 (-17.49211819871155, 1.0, 0.9449642821607129)
4.080000000000001 (-17.462913668024346, 1.0, 1.0885173836710267)
4.1000000000000005 (-17.434245044866213, 1.0, 1.2337036996763329)
4.12 (-17.402481013737503, 1.0, 1.379688181543946)
4.14 (-17.366040205474338, 1.0, 1.52709784503807)
4.159999999999999 (-17.323645933106242, 1.0, 1.676862254780456)
4.179999999999999 (-17.27278380720605, 1.0, 1.8297696863733417)
4.199999999999998 (-17.209107355536585, 1.0, 1.9849176861279958)
4.219999999999998 (-17.13235800693873, 1.0, 2.136538111350278)
4.2399999999999975 (-17.044999449410128, 1.0, 2.2824408458045737)
4.259999999999997 (-16.951981407006773, 1.0, 2.4173578435094063)
4.279999999999997 (-16.85796642144753, 1.0, 2.5347064563107655)
4.299999999999996 (-16.767725890877667, 1.0, 2.629653837760996)
4.319999999999996 (-16.692198697848664, 1.0, 2.6998315525479075)
4.339999999999995 (-16.63850799178264, 1.0, 2.7441532764762577)
4.359999999999995 (-16.603805685332734, 1.0, 2.763053298759609)
4.379999999999995 (-16.5824114690112, 1.0, 2.7635949455099262)
4.399999999999994 (-16.574648075963456, 1.0, 2.751582708243615)
4.419999999999994 (-16.58151465705359, 1.0, 2.7296944624869663)
4.439999999999993 (-16.604073798427684, 1.0, 2.6974462085290107)
4.459999999999993 (-16.643607909230756, 1.0, 2.6549220899544728)
4.479999999999992 (-16.703799248550563, 1.0, 2.603839257336272)
4.499999999999992 (-16.788120004558486, 1.0, 2.5444832867343807)
4.519999999999992 (-16.8985150778182, 1.0, 2.4754803568013646)
4.539999999999991 (-17.035609597377828, 1.0, 2.3954289633402412)
4.559999999999991 (-17.195682923971983, 1.0, 2.3020038076942906)
4.57999999999999 (-17.36310395052849, 1.0, 2.1915029175196703)
4.59999999999999 (-17.517170729426063, 1.0, 2.069331971654874)
4.6199999999999894 (-17.64341171716375, 1.0, 1.9431021157802164)
4.639999999999989 (-17.730683843020905, 1.0, 1.809381676755661)
4.659999999999989 (-17.771887250116905, 1.0, 1.677751154653855)
4.679999999999988 (-17.774113289917842, 1.0, 1.5563013093978144)
4.699999999999988 (-17.757545795046298, 1.0, 1.4456153452481313)
4.719999999999987 (-17.735185325861536, 1.0, 1.345143963187058)
4.739999999999987 (-17.7026971752847, 1.0, 1.2570110702779853)
4.7599999999999865 (-17.654796297317898, 1.0, 1.1865020237619308)
4.779999999999986 (-17.593278282124576, 1.0, 1.1333120330562632)
4.799999999999986 (-17.5190619605758, 1.0, 1.096236797281953)
4.819999999999985 (-17.437441258348237, 1.0, 1.070832306611641)
4.839999999999985 (-17.36045118805466, 1.0, 1.0536209290970864)
4.859999999999984 (-17.293773481951636, 1.0, 1.04131443684193)
4.879999999999984 (-17.23979896905373, 1.0, 1.0362429604171193)
4.8999999999999835 (-17.198926190930923, 1.0, 1.042154192483816)
4.919999999999983 (-17.16621344333768, 1.0, 1.0582997860914067)
4.939999999999983 (-17.137480023179553, 1.0, 1.0859164690394447)
4.959999999999982 (-17.112955535093334, 1.0, 1.1258833561592017)
4.979999999999982 (-17.10154939013315, 1.0, 1.179680645775424)
4.999999999999981 (-17.102704096797144, 1.0, 1.2465569304346722)
5.019999999999981 (-17.10829814621828, 1.0, 1.3259412541066222)
5.0399999999999805 (-17.108883666769326, 1.0, 1.4156520694839194)
5.05999999999998 (-17.10333699653684, 1.0, 1.51566932332106)
5.07999999999998 (-17.089040969988872, 1.0, 1.6244880015042833)
5.099999999999979 (-17.060586650915898, 1.0, 1.7398784561730445)
5.119999999999979 (-17.018750253248367, 1.0, 1.8574078394464693)
5.139999999999978 (-16.97491918075813, 1.0, 1.974059394565536)
5.159999999999978 (-16.936777173900527, 1.0, 2.089165661680126)
5.1799999999999775 (-16.90716033764143, 1.0, 2.2024427912079187)
5.199999999999977 (-16.886036883295088, 1.0, 2.314075043012586)
5.219999999999977 (-16.871082819106107, 1.0, 2.424916467158786)
5.239999999999976 (-16.85883130393689, 1.0, 2.5360848647966847)
5.259999999999976 (-16.84656254638883, 1.0, 2.648844084254015)
5.279999999999975 (-16.832847621590798, 1.0, 2.762586963170447)
5.299999999999975 (-16.8175369270968, 1.0, 2.873753471038766)
5.3199999999999745 (-16.798610175193758, 1.0, 2.978847345732125)
5.339999999999974 (-16.774691991279152, 1.0, 3.0743021284625724)
5.359999999999974 (-16.748861656366714, 1.0, 3.1563211808107443)
5.379999999999973 (-16.725298064393545, 1.0, 3.2211261733628636)
5.399999999999973 (-16.70906673639821, 1.0, 3.2642160314368076)
5.419999999999972 (-16.705485703771544, 1.0, 3.2842312890420104)
5.439999999999972 (-16.713794987663018, 1.0, 3.2882178165230944)
5.4599999999999715 (-16.736490169138133, 1.0, 3.283945246112228)
5.479999999999971 (-16.77835142100092, 1.0, 3.274844378513423)
5.499999999999971 (-16.84257327859682, 1.0, 3.261354139151466)
5.51999999999997 (-16.93007729799657, 1.0, 3.2421557619634305)
5.53999999999997 (-17.03982844111247, 1.0, 3.2128465265547304)
5.559999999999969 (-17.16107957072244, 1.0, 3.167331113917037)
5.579999999999969 (-17.27788829529814, 1.0, 3.1014765004018816)
5.599999999999969 (-17.379395904639946, 1.0, 3.0190087187671146)
5.619999999999968 (-17.453509268166236, 1.0, 2.9339618656560242)
5.639999999999968 (-17.505425112658802, 1.0, 2.847420279077446)
5.659999999999967 (-17.54165205577608, 1.0, 2.76018710692135)
5.679999999999967 (-17.561928417030625, 1.0, 2.677747473723806)
5.699999999999966 (-17.565499630562467, 1.0, 2.602140170421354)
5.719999999999966 (-17.550749673405374, 1.0, 2.532422150195019)
5.739999999999966 (-17.517671253393296, 1.0, 2.4692743965683337)
5.759999999999965 (-17.469820791725812, 1.0, 2.4165543887409693)
5.779999999999965 (-17.409807188331914, 1.0, 2.375365411619382)
5.799999999999964 (-17.335881729321784, 1.0, 2.345613523803176)
5.819999999999964 (-17.252341028446537, 1.0, 2.3245447149463985)
5.839999999999963 (-17.17156465815817, 1.0, 2.312030168506266)
5.859999999999963 (-17.100353056974864, 1.0, 2.306217125703409)
5.879999999999963 (-17.041190965480528, 1.0, 2.309838260542037)
5.899999999999962 (-16.994061803923394, 1.0, 2.3266333530952523)
5.919999999999962 (-16.954402201249202, 1.0, 2.3553375823539295)
5.939999999999961 (-16.91661252799923, 1.0, 2.3958941496992647)
5.959999999999961 (-16.880241524310268, 1.0, 2.4494745240887017)
5.9799999999999605 (-16.85372626280777, 1.0, 2.519033159370316)
5.99999999999996 (-16.83681270818271, 1.0, 2.6036098582653264)
6.01999999999996 (-16.821132293450766, 1.0, 2.7014318312340726)
6.039999999999959 (-16.79761377865403, 1.0, 2.8096790819079995)
6.059999999999959 (-16.764618160052112, 1.0, 2.928281294408219)
6.079999999999958 (-16.718566326322012, 1.0, 3.0553294850805806)
6.099999999999958 (-16.661751139306368, 1.0, 3.186987346941764)
6.1199999999999575 (-16.6070531164144, 1.0, 3.3206588278658087)
6.139999999999957 (-16.558082607765552, 1.0, 3.4548862282899675)
6.159999999999957 (-16.51450637243239, 1.0, 3.5888637440247924)
6.179999999999956 (-16.476157773371455, 1.0, 3.7230023214125625)
6.199999999999956 (-16.441408802303066, 1.0, 3.8578049545522726)
6.219999999999955 (-16.406721386433592, 1.0, 3.9936007444703523)
6.239999999999955 (-16.36743962281085, 1.0, 4.130425965971849)
6.2599999999999545 (-16.31989552608991, 1.0, 4.26290905985069)
6.279999999999954 (-16.262873161531658, 1.0, 4.387550376124983)
6.299999999999954 (-16.199601990974557, 1.0, 4.500322786180836)
6.319999999999953 (-16.13331012956241, 1.0, 4.598369285374053)
6.339999999999953 (-16.06985131765022, 1.0, 4.677528029408617)
6.359999999999952 (-16.017041790667545, 1.0, 4.7345429687326375)
6.379999999999952 (-15.98487383032761, 1.0, 4.767391091429752)
6.3999999999999515 (-15.972222825493432, 1.0, 4.780672602895175)
6.419999999999951 (-15.97675196664467, 1.0, 4.783309629903317)
6.439999999999951 (-15.998638334438942, 1.0, 4.780584369830578)
6.45999999999995 (-16.038317951771024, 1.0, 4.773253039335286)
6.47999999999995 (-16.09587587794181, 1.0, 4.760126541659137)
6.499999999999949 (-16.171621193956156, 1.0, 4.740997039594416)
6.519999999999949 (-16.26941403681784, 1.0, 4.712611871014983)
6.5399999999999485 (-16.389206438977258, 1.0, 4.666748094833555)
6.559999999999948 (-16.51488518707931, 1.0, 4.594971898129513)
6.579999999999948 (-16.63018199063059, 1.0, 4.491535685739057)
6.599999999999947 (-16.71578573110821, 1.0, 4.3721584751218)
6.619999999999947 (-16.777887336493656, 1.0, 4.246151773632935)
6.639999999999946 (-16.826210518503682, 1.0, 4.120568449099314)
6.659999999999946 (-16.867374960369748, 1.0, 3.9965851487367634)
6.6799999999999455 (-16.897120401569204, 1.0, 3.8774909196197043)
6.699999999999945 (-16.90846133808351, 1.0, 3.766568346131396)
6.719999999999945 (-16.899963534212418, 1.0, 3.662457179161126)
6.739999999999944 (-16.872768124857615, 1.0, 3.5646298401083256)
6.759999999999944 (-16.829645364472434, 1.0, 3.4775934159891957)
6.779999999999943 (-16.772278144874544, 1.0, 3.4024399236722567)
6.799999999999943 (-16.699087522435896, 1.0, 3.3378366653886853)
6.8199999999999426 (-16.616932502120502, 1.0, 3.282193753249987)
6.839999999999942 (-16.53718571672266, 1.0, 3.2363162477268066)
6.859999999999942 (-16.463904910429726, 1.0, 3.1996179441785753)
6.879999999999941 (-16.39547388603018, 1.0, 3.173073593168775)
6.899999999999941 (-16.327095369166038, 1.0, 3.155109829969761)
6.91999999999994 (-16.26457416397053, 1.0, 3.1508914312242267)
6.93999999999994 (-16.208715665865917, 1.0, 3.1610811467630313)
6.95999999999994 (-16.156491431963534, 1.0, 3.1870270114365757)
6.979999999999939 (-16.10591441283391, 1.0, 3.2288802086261095)
6.999999999999939 (-16.052210402527358, 1.0, 3.2843379157786843)
7.019999999999938 (-15.986859572065548, 1.0, 3.3484740952385885)
7.039999999999938 (-15.904150646964304, 1.0, 3.418085754678409)
7.059999999999937 (-15.81108134995065, 1.0, 3.4907691104913114)
7.079999999999937 (-15.726394177499849, 1.0, 3.5677186754640253)
7.099999999999937 (-15.663001863045597, 1.0, 3.6512652740299076)
7.119999999999936 (-15.648144082746164, 1.0, 3.7632899893149956)
7.139999999999936 (-15.652975446070847, 1.0, 3.885856652236351)
7.159999999999935 (-15.657017056253403, 1.0, 4.011710243547846)
7.179999999999935 (-15.663758269000738, 1.0, 4.139262270891189)
7.1999999999999345 (-15.67533830727966, 1.0, 4.265166169121829)
7.219999999999934 (-15.691948580093825, 1.0, 4.388445178266598)
7.239999999999934 (-15.710539294067615, 1.0, 4.509217730205216)
7.259999999999933 (-15.732198411843303, 1.0, 4.633862927787243)
7.279999999999933 (-15.753936044221657, 1.0, 4.76029220012167)
7.299999999999932 (-15.774301047592935, 1.0, 4.888974101830786)
7.319999999999932 (-15.788589077817724, 1.0, 5.015497300457772)
7.3399999999999315 (-15.792557618997673, 1.0, 5.134217939413044)
7.359999999999931 (-15.787426485330188, 1.0, 5.241340038865047)
7.379999999999931 (-15.778382075196278, 1.0, 5.3342692742389115)
7.39999999999993 (-15.771001912910782, 1.0, 5.411531055847652)
7.41999999999993 (-15.766619623648708, 1.0, 5.469162728282428)
7.439999999999929 (-15.768825678699878, 1.0, 5.507148595819424)
7.459999999999929 (-15.778809940228093, 1.0, 5.532442928698153)
7.4799999999999285 (-15.799981230870044, 1.0, 5.549999266979284)
7.499999999999928 (-15.835764043419308, 1.0, 5.5597717596242875)
7.519999999999928 (-15.886778626203087, 1.0, 5.558424832900116)
7.539999999999927 (-15.94738986073795, 1.0, 5.540040771054582)
7.559999999999927 (-16.006947469428855, 1.0, 5.498532599026746)
7.579999999999926 (-16.060514988980643, 1.0, 5.4342381635449994)
7.599999999999926 (-16.10953930535591, 1.0, 5.3522564946834725)
7.6199999999999255 (-16.151896569925043, 1.0, 5.261397603686661)
7.639999999999925 (-16.18911822458329, 1.0, 5.168015170679221)
7.659999999999925 (-16.2251082564345, 1.0, 5.072954004265447)
7.679999999999924 (-16.255067949860386, 1.0, 4.976076147698624)
7.699999999999924 (-16.270179662661473, 1.0, 4.8810268252897355)
7.719999999999923 (-16.270054556063993, 1.0, 4.789273636709005)
7.739999999999923 (-16.254921172519598, 1.0, 4.6998090068763885)
7.7599999999999225 (-16.223768019005504, 1.0, 4.614399653389225)
7.779999999999922 (-16.17843030051107, 1.0, 4.537483085991495)
7.799999999999922 (-16.11919477013306, 1.0, 4.47016374676814)
7.819999999999921 (-16.04467898862274, 1.0, 4.410054759098925)
7.839999999999921 (-15.963985865698476, 1.0, 4.359088515760087)
7.85999999999992 (-15.887895346365148, 1.0, 4.317513232369715)
7.87999999999992 (-15.820314770473479, 1.0, 4.2871949459848055)
7.8999999999999195 (-15.76110466298658, 1.0, 4.271407054932362)
7.919999999999919 (-15.703122860278173, 1.0, 4.267226629237193)
7.939999999999919 (-15.647096271356109, 1.0, 4.277507659010142)
7.959999999999918 (-15.595015364327395, 1.0, 4.3030329730581)
7.979999999999918 (-15.545231060720175, 1.0, 4.344461442272471)
7.999999999999917 (-15.496028165225303, 1.0, 4.40189876363727)
8.019999999999918 (-15.445865364854559, 1.0, 4.475234653181302)
8.039999999999917 (-15.393525332899605, 1.0, 4.56476303891925)
8.059999999999917 (-15.335263314016029, 1.0, 4.668117272251478)
8.079999999999917 (-15.262254146408566, 1.0, 4.778664524794857)
8.099999999999916 (-15.174519849595253, 1.0, 4.894461054954823)
8.119999999999916 (-15.095205381373829, 1.0, 5.018496707875553)
8.139999999999915 (-15.032182292932164, 1.0, 5.152103273886474)
8.159999999999915 (-14.982914891612078, 1.0, 5.292246958232622)
8.179999999999914 (-14.943723219686834, 1.0, 5.4366961964548945)
8.199999999999914 (-14.912293178604287, 1.0, 5.5839362875840095)
8.219999999999914 (-14.886780703484481, 1.0, 5.733050266813428)
8.239999999999913 (-14.86520201885371, 1.0, 5.884231885824031)
8.259999999999913 (-14.844321041476073, 1.0, 6.03708173176266)
8.279999999999912 (-14.81918976442922, 1.0, 6.184974706200124)
8.299999999999912 (-14.784073360200196, 1.0, 6.3202850503782715)
8.319999999999911 (-14.736126736658944, 1.0, 6.436141966544758)
8.339999999999911 (-14.679912594853858, 1.0, 6.5285697890242975)
8.35999999999991 (-14.62587147074912, 1.0, 6.597959389640819)
8.37999999999991 (-14.582697425144262, 1.0, 6.642937158164075)
8.39999999999991 (-14.556633991147178, 1.0, 6.665365167277688)
8.41999999999991 (-14.54879097827443, 1.0, 6.673524360091061)
8.439999999999909 (-14.560872219569394, 1.0, 6.674814624396107)
8.459999999999908 (-14.594983840960753, 1.0, 6.6710871213136755)
8.479999999999908 (-14.651185605440363, 1.0, 6.659185455147703)
8.499999999999908 (-14.724220214419597, 1.0, 6.632421350163195)
8.519999999999907 (-14.805017847744518, 1.0, 6.584671532509567)
8.539999999999907 (-14.887059564053473, 1.0, 6.512161083025909)
8.559999999999906 (-14.968040783953317, 1.0, 6.413062683589616)
8.579999999999906 (-15.048422654400502, 1.0, 6.293937402083412)
8.599999999999905 (-15.131552615847795, 1.0, 6.167135276380178)
8.619999999999905 (-15.215409582825203, 1.0, 6.042761260909735)
8.639999999999905 (-15.299096091451254, 1.0, 5.923127873129765)
8.659999999999904 (-15.380701856155575, 1.0, 5.806566164027976)
8.679999999999904 (-15.452732516674892, 1.0, 5.692878268557259)
8.699999999999903 (-15.50787866531223, 1.0, 5.585359475118616)
8.719999999999903 (-15.546502839468173, 1.0, 5.484083026523329)
8.739999999999903 (-15.568708205757074, 1.0, 5.387218527895112)
8.759999999999902 (-15.573237817151401, 1.0, 5.298569667236944)
8.779999999999902 (-15.560469643348258, 1.0, 5.219076924498883)
8.799999999999901 (-15.530791227822261, 1.0, 5.145970597135298)
8.8199999999999 (-15.489714805635296, 1.0, 5.081411156962899)
8.8399999999999 (-15.441066839074097, 1.0, 5.02492885395984)
8.8599999999999 (-15.385901812976256, 1.0, 4.969035546281175)
8.8799999999999 (-15.327332903031651, 1.0, 4.91417271342843)
8.899999999999899 (-15.2727040084182, 1.0, 4.874361952699901)
8.919999999999899 (-15.224414152590013, 1.0, 4.851979994280123)
8.939999999999898 (-15.174793815396956, 1.0, 4.845007442785074)
8.959999999999898 (-15.115969844484166, 1.0, 4.846917657898788)
8.979999999999897 (-15.042044943941137, 1.0, 4.85125325018473)
8.999999999999897 (-14.950457916501811, 1.0, 4.854720673002402)
9.019999999999897 (-14.840904600394296, 1.0, 4.855084468719705)
9.039999999999896 (-14.728925354141214, 1.0, 4.856246937945476)
9.059999999999896 (-14.626463195222865, 1.0, 4.865117351981216)
9.079999999999895 (-14.558800520382007, 1.0, 4.909789469630986)
9.099999999999895 (-14.521554624572822, 1.0, 4.988800710072784)
9.119999999999894 (-14.486606742370627, 1.0, 5.073187731419943)
9.139999999999894 (-14.450705703901729, 1.0, 5.166705211886176)
9.159999999999894 (-14.416484225057385, 1.0, 5.269557016209195)
9.179999999999893 (-14.391328852383143, 1.0, 5.381713912920409)
9.199999999999893 (-14.377427305482342, 1.0, 5.500831285119652)
9.219999999999892 (-14.375084557391597, 1.0, 5.624702414264189)
9.239999999999892 (-14.383749486662488, 1.0, 5.75150947324944)
9.259999999999891 (-14.402019442474554, 1.0, 5.880862923421575)
9.279999999999891 (-14.42656580539083, 1.0, 6.0108845594765095)
9.29999999999989 (-14.451236562924825, 1.0, 6.143051477867629)
9.31999999999989 (-14.47384587028555, 1.0, 6.2798022645631795)
9.33999999999989 (-14.493192877519235, 1.0, 6.41853325786879)
9.35999999999989 (-14.5073735367131, 1.0, 6.55646211492102)
9.379999999999889 (-14.513816165021954, 1.0, 6.68613108678277)
9.399999999999888 (-14.512913863532125, 1.0, 6.802934222142657)
9.419999999999888 (-14.50799041466472, 1.0, 6.904958199846169)
9.439999999999888 (-14.503512238401216, 1.0, 6.992486572569079)
9.459999999999887 (-14.500956726685196, 1.0, 7.061040926211785)
9.479999999999887 (-14.50443325072001, 1.0, 7.11085217612434)
9.499999999999886 (-14.512426434149557, 1.0, 7.146648261358324)
9.519999999999886 (-14.526341427753136, 1.0, 7.171645101826058)
9.539999999999885 (-14.547411325386884, 1.0, 7.1839326481602885)
9.559999999999885 (-14.572471125498568, 1.0, 7.177319911672251)
9.579999999999885 (-14.599209341409889, 1.0, 7.150283700488859)
9.599999999999884 (-14.630330024069451, 1.0, 7.1073278599268415)
9.619999999999884 (-14.6640616709798, 1.0, 7.056112387192333)
9.639999999999883 (-14.698611205742512, 1.0, 7.001981766063888)
9.659999999999883 (-14.735055640539777, 1.0, 6.944759321957469)
9.679999999999882 (-14.770834307381532, 1.0, 6.882184105148192)
9.699999999999882 (-14.799327661665679, 1.0, 6.815130934838518)
9.719999999999882 (-14.817224199866324, 1.0, 6.746663018997911)
9.739999999999881 (-14.823099832339645, 1.0, 6.676087865982291)
9.75999999999988 (-14.814269662535782, 1.0, 6.60090628158526)
9.77999999999988 (-14.78980451462575, 1.0, 6.52543846944569)
9.79999999999988 (-14.752519342802499, 1.0, 6.455231026080796)
9.81999999999988 (-14.70090959834329, 1.0, 6.391241629619032)
9.839999999999879 (-14.633741419319799, 1.0, 6.329557222723927)
9.859999999999879 (-14.559306598032691, 1.0, 6.275603398604886)
9.879999999999878 (-14.488812088003648, 1.0, 6.233833371789976)
9.899999999999878 (-14.424545064660657, 1.0, 6.207384673386107)
9.919999999999877 (-14.365832303253752, 1.0, 6.198856658267114)
9.939999999999877 (-14.312569884014039, 1.0, 6.2098482596704185)
9.959999999999877 (-14.264637908924092, 1.0, 6.241384827465377)
9.979999999999876 (-14.221144582709728, 1.0, 6.292809256794802)
9.999999999999876 (-14.176315625818736, 1.0, 6.358907636296646)
