0.0 (-17.25, 1.0, 0.0)
0.02 (-17.25003491002353, 1.0, 0.007063780838508426)
0.04 (-17.25038638583767, 1.0, 0.03176684199044656)
0.06 (-17.25090244402004, 1.0, 0.08544644981972992)
0.08 (-17.249186583946145, 1.0, 0.16334570756779843)
0.1 (-17.241885641540637, 1.0, 0.25290019788023055)
0.12000000000000001 (-17.22731524709948, 1.0, 0.34631096708282255)
0.14 (-17.20581519930944, 1.0, 0.4407696752486255)
0.16 (-17.17894880712879, 1.0, 0.5347456900080804)
0.18 (-17.147745310450034, 1.0, 0.6261838378765007)
0.19999999999999998 (-17.11219996268954, 1.0, 0.7125574257261528)
0.21999999999999997 (-17.07313552452327, 1.0, 0.789621152336594)
0.23999999999999996 (-17.031769136942884, 1.0, 0.8542307565496882)
0.25999999999999995 (-16.988898424180785, 1.0, 0.9041786880826275)
0.27999999999999997 (-16.94397988898248, 1.0, 0.9377039518816775)
0.3 (-16.89801069977352, 1.0, 0.9535386223158387)
0.32 (-16.854480309959882, 1.0, 0.949809028714051)
0.34 (-16.815471384149728, 1.0, 0.9251296250850886)
0.36000000000000004 (-16.782709711412934, 1.0, 0.8806997919173922)
0.38000000000000006 (-16.757083294316537, 1.0, 0.8151156212176938)
0.4000000000000001 (-16.739715818696826, 1.0, 0.7250948293772884)
0.4200000000000001 (-16.732109438694685, 1.0, 0.6092745992168009)
0.4400000000000001 (-16.73320716960862, 1.0, 0.46584623172081085)
0.46000000000000013 (-16.739339055986925, 1.0, 0.29058003687084627)
0.48000000000000015 (-16.73915133504926, 1.0, 0.0815050800925438)
0.5000000000000001 (-16.71187454802784, 1.0, -0.15452197121317246)
0.5200000000000001 (-16.647520545431803, 1.0, -0.3975457581928081)
0.5400000000000001 (-16.553146250590565, 1.0, -0.619406127730888)
0.5600000000000002 (-16.44210795142575, 1.0, -0.8114876863554291)
0.5800000000000002 (-16.330353671377747, 1.0, -0.9837274011896339)
0.6000000000000002 (-16.221501236863592, 1.0, -1.155143396603562)
0.6200000000000002 (-16.110411293724468, 1.0, -1.3301360964145408)
0.6400000000000002 (-15.997997752001638, 1.0, -1.4941148579101098)
0.6600000000000003 (-15.884800378464051, 1.0, -1.6438429000988737)
0.6800000000000003 (-15.771886176767572, 1.0, -1.7825635844667158)
0.7000000000000003 (-15.662309877707383, 1.0, -1.9075527338817393)
0.7200000000000003 (-15.55598392832611, 1.0, -2.0168954201246767)
0.7400000000000003 (-15.451813601058086, 1.0, -2.1116188476991735)
0.7600000000000003 (-15.350653892963878, 1.0, -2.1948794090458126)
0.7800000000000004 (-15.25375200386293, 1.0, -2.266942252184825)
0.8000000000000004 (-15.164550342292996, 1.0, -2.3358044903439152)
0.8200000000000004 (-15.086698479248374, 1.0, -2.4066198780062527)
0.8400000000000004 (-15.021134583583624, 1.0, -2.478222797804261)
0.8600000000000004 (-14.967293668643979, 1.0, -2.5496073901257525)
0.8800000000000004 (-14.924764982830082, 1.0, -2.620121703249437)
0.9000000000000005 (-14.90009295776187, 1.0, -2.697634254405651)
0.9200000000000005 (-14.89171567150002, 1.0, -2.7783583823556413)
0.9400000000000005 (-14.89094205339719, 1.0, -2.849288073910777)
0.9600000000000005 (-14.89277825730262, 1.0, -2.9092468018161464)
0.9800000000000005 (-14.895912785591655, 1.0, -2.9610194372728436)
1.0000000000000004 (-14.900235690405669, 1.0, -3.0055229110205914)
1.0200000000000005 (-14.905420776202746, 1.0, -3.0419518728708868)
1.0400000000000005 (-14.942216838616103, 1.0, -3.0604932604615205)
1.0600000000000005 (-15.03793769014414, 1.0, -3.059191129979277)
1.0800000000000005 (-15.136249164959514, 1.0, -3.057418851143147)
1.1000000000000005 (-15.239351715749104, 1.0, -3.0524031508456435)
1.1200000000000006 (-15.347111980008384, 1.0, -3.0425392624035124)
1.1400000000000006 (-15.459684719503695, 1.0, -3.0301473902652596)
1.1600000000000006 (-15.580974436086672, 1.0, -3.0171128105736678)
1.1800000000000006 (-15.708431239353313, 1.0, -3.0007763431065397)
1.2000000000000006 (-15.834075166094404, 1.0, -2.977514316695902)
1.2200000000000006 (-15.956463482465422, 1.0, -2.951968996182455)
1.2400000000000007 (-16.07716858295131, 1.0, -2.9297616762240066)
1.2600000000000007 (-16.195256482424732, 1.0, -2.9146749598813417)
1.2800000000000007 (-16.30841858707644, 1.0, -2.908190996797795)
1.3000000000000007 (-16.415357069550804, 1.0, -2.9089123630719875)
1.3200000000000007 (-16.514519646145796, 1.0, -2.913646820356628)
1.3400000000000007 (-16.60531930261281, 1.0, -2.9187061841717714)
1.3600000000000008 (-16.68812908350928, 1.0, -2.920699650880865)
1.3800000000000008 (-16.76013889660815, 1.0, -2.9163617710805347)
1.4000000000000008 (-16.82037306147282, 1.0, -2.8983357066939823)
1.4200000000000008 (-16.870861913360468, 1.0, -2.863668322182158)
1.4400000000000008 (-16.915222123312567, 1.0, -2.8134067517831727)
1.4600000000000009 (-16.957098742117523, 1.0, -2.749145174799644)
1.4800000000000009 (-16.994949390680944, 1.0, -2.6754617082157415)
1.5000000000000009 (-17.022795685014906, 1.0, -2.594617947053478)
1.520000000000001 (-17.037398538324453, 1.0, -2.509642373710155)
1.540000000000001 (-17.04335961964561, 1.0, -2.4339680720980996)
1.560000000000001 (-17.044868758915797, 1.0, -2.375005024140251)
1.580000000000001 (-17.04074443800349, 1.0, -2.3312691035854245)
1.600000000000001 (-17.029194923126855, 1.0, -2.2900319259621362)
1.620000000000001 (-17.009456597601645, 1.0, -2.24496008676651)
1.640000000000001 (-16.983380010180582, 1.0, -2.2014596429170217)
1.660000000000001 (-16.954891880350335, 1.0, -2.1630168007062474)
1.680000000000001 (-16.92367144578369, 1.0, -2.127896464130664)
1.700000000000001 (-16.88834409183875, 1.0, -2.0931526630832793)
1.720000000000001 (-16.848274956041664, 1.0, -2.0569383410013184)
1.740000000000001 (-16.80356355092522, 1.0, -2.0183511871998503)
1.7600000000000011 (-16.754718332293933, 1.0, -1.9767051088726657)
1.7800000000000011 (-16.702477150302233, 1.0, -1.931590189961042)
1.8000000000000012 (-16.647153199185663, 1.0, -1.8813763652864817)
1.8200000000000012 (-16.589468956892997, 1.0, -1.8257403510593406)
1.8400000000000012 (-16.535726223267805, 1.0, -1.7669484551061496)
1.8600000000000012 (-16.49352786931584, 1.0, -1.704224222533353)
1.8800000000000012 (-16.468467490047686, 1.0, -1.6381744430067715)
1.9000000000000012 (-16.463403610430852, 1.0, -1.5683062442868279)
1.9200000000000013 (-16.478821608132165, 1.0, -1.4926090425834224)
1.9400000000000013 (-16.51396174622671, 1.0, -1.408241918882328)
1.9600000000000013 (-16.567698811787388, 1.0, -1.3119017343995367)
1.9800000000000013 (-16.639006078361408, 1.0, -1.1992479591508636)
2.0000000000000013 (-16.729389772410926, 1.0, -1.0674437600011109)
2.0200000000000014 (-16.83426491189133, 1.0, -0.9166442703579886)
2.0400000000000014 (-16.94520824086853, 1.0, -0.7433649765979985)
2.0600000000000014 (-17.046454307888492, 1.0, -0.5420633130622361)
2.0800000000000014 (-17.12180811957491, 1.0, -0.3042769166439793)
2.1000000000000014 (-17.16306879663297, 1.0, -0.024204923662878255)
2.1200000000000014 (-17.16592556303375, 1.0, 0.2785922002017251)
2.1400000000000015 (-17.116145897673047, 1.0, 0.5731732104342651)
2.1600000000000015 (-17.01237403694431, 1.0, 0.8196233809341356)
2.1800000000000015 (-16.87891651122608, 1.0, 1.004217734200492)
2.2000000000000015 (-16.742389945716518, 1.0, 1.156096006782446)
2.2200000000000015 (-16.616594942206124, 1.0, 1.3041222380282123)
2.2400000000000015 (-16.503075011829274, 1.0, 1.4429844378775787)
2.2600000000000016 (-16.397822831072453, 1.0, 1.5497044005457186)
2.2800000000000016 (-16.297728773467835, 1.0, 1.6191319651603988)
2.3000000000000016 (-16.202716268517243, 1.0, 1.6623756578431177)
2.3200000000000016 (-16.114276306407255, 1.0, 1.691316684041686)
2.3400000000000016 (-16.036042043246955, 1.0, 1.7113600941237306)
2.3600000000000017 (-15.97316332611437, 1.0, 1.7200517926301169)
2.3800000000000017 (-15.94034485262206, 1.0, 1.7286959051426873)
2.4000000000000017 (-15.939829864005615, 1.0, 1.7384781726851053)
2.4200000000000017 (-15.965283624818683, 1.0, 1.727954894219423)
2.4400000000000017 (-16.006072287387738, 1.0, 1.6900237817065071)
2.4600000000000017 (-16.05631030272185, 1.0, 1.6278624736006309)
2.4800000000000018 (-16.12153095529663, 1.0, 1.545166840660955)
2.5000000000000018 (-16.192918098309782, 1.0, 1.439637408477941)
2.520000000000002 (-16.250381889742393, 1.0, 1.3038826398831231)
2.540000000000002 (-16.278406710790204, 1.0, 1.1361803756957125)
2.560000000000002 (-16.276865272578735, 1.0, 0.9417591094629267)
2.580000000000002 (-16.252324051376288, 1.0, 0.7237486893952756)
2.600000000000002 (-16.200246730635918, 1.0, 0.48984073014187635)
2.620000000000002 (-16.126414647515993, 1.0, 0.2647085790650674)
2.640000000000002 (-16.046183248247676, 1.0, 0.061019248023287564)
2.660000000000002 (-15.971533701891394, 1.0, -0.12410421677197543)
2.680000000000002 (-15.897848186455834, 1.0, -0.3062273146625365)
2.700000000000002 (-15.822147113784933, 1.0, -0.47791300868627395)
2.720000000000002 (-15.741132389318187, 1.0, -0.6365885267178218)
2.740000000000002 (-15.656796425431322, 1.0, -0.7781866971484336)
2.760000000000002 (-15.574014403928857, 1.0, -0.9028534088379371)
2.780000000000002 (-15.492602286788095, 1.0, -1.0125590098412611)
2.800000000000002 (-15.410092495567808, 1.0, -1.1078030073791725)
2.820000000000002 (-15.334307226570496, 1.0, -1.1907089046971406)
2.840000000000002 (-15.273928299721304, 1.0, -1.2724564250155357)
2.860000000000002 (-15.23299488942553, 1.0, -1.3563302163028803)
2.880000000000002 (-15.209514443499764, 1.0, -1.4415799187571863)
2.900000000000002 (-15.202124538983423, 1.0, -1.5317003259884214)
2.920000000000002 (-15.216580815973675, 1.0, -1.6173101104555425)
2.940000000000002 (-15.25225861665585, 1.0, -1.694156645008896)
2.960000000000002 (-15.308173289349348, 1.0, -1.7612319573101065)
2.980000000000002 (-15.382877643367909, 1.0, -1.8178525384241617)
3.000000000000002 (-15.474765971595732, 1.0, -1.8630594344026807)
3.0200000000000022 (-15.580583794267298, 1.0, -1.8957765798862845)
3.0400000000000023 (-15.690239798781933, 1.0, -1.9143451239823237)
3.0600000000000023 (-15.796209115836783, 1.0, -1.9178369548788945)
3.0800000000000023 (-15.899523205732015, 1.0, -1.9107343307675018)
3.1000000000000023 (-16.00454666546783, 1.0, -1.8939589635020087)
3.1200000000000023 (-16.135244230531846, 1.0, -1.855901760455105)
3.1400000000000023 (-16.294142836088447, 1.0, -1.7989867851358143)
3.1600000000000024 (-16.435010330533526, 1.0, -1.7370330769773163)
3.1800000000000024 (-16.550461986815936, 1.0, -1.662812621977307)
3.2000000000000024 (-16.644226101466852, 1.0, -1.5817211808782723)
3.2200000000000024 (-16.722078304403894, 1.0, -1.4972650824116405)
3.2400000000000024 (-16.782633805002483, 1.0, -1.411777207308809)
3.2600000000000025 (-16.818928377056395, 1.0, -1.3240770092475074)
3.2800000000000025 (-16.828468886619465, 1.0, -1.225551475847544)
3.3000000000000025 (-16.812845887659126, 1.0, -1.1152763773607042)
3.3200000000000025 (-16.780452585649048, 1.0, -0.989776989064893)
3.3400000000000025 (-16.737012881680624, 1.0, -0.8534280613485304)
3.3600000000000025 (-16.68307820982171, 1.0, -0.7091090107094441)
3.3800000000000026 (-16.621811913912055, 1.0, -0.5609325298253378)
3.4000000000000026 (-16.55808556992508, 1.0, -0.4140500794019299)
3.4200000000000026 (-16.49618969967329, 1.0, -0.27475760192937626)
3.4400000000000026 (-16.4421446057719, 1.0, -0.1561414579548978)
3.4600000000000026 (-16.399793098580595, 1.0, -0.05651016863085154)
3.4800000000000026 (-16.37528075604618, 1.0, 0.023217579345458823)
3.5000000000000027 (-16.374727553494665, 1.0, 0.07987558065802379)
3.5200000000000027 (-16.401378161389616, 1.0, 0.11051418681817896)
3.5400000000000027 (-16.45519741414902, 1.0, 0.11262963818380264)
3.5600000000000027 (-16.530737412049984, 1.0, 0.08578014258409122)
3.5800000000000027 (-16.61126549565493, 1.0, 0.03743707578656934)
3.6000000000000028 (-16.680752253315536, 1.0, -0.01707087719470594)
3.6200000000000028 (-16.734579963086542, 1.0, -0.06637922313659617)
3.640000000000003 (-16.773970170906097, 1.0, -0.11538695798153842)
3.660000000000003 (-16.803804722324216, 1.0, -0.17511228675004567)
3.680000000000003 (-16.823679796721116, 1.0, -0.24191430882475393)
3.700000000000003 (-16.830659600498972, 1.0, -0.3066044605557511)
3.720000000000003 (-16.824758481823405, 1.0, -0.37134312545336245)
3.740000000000003 (-16.805383748975974, 1.0, -0.43360070720706895)
3.760000000000003 (-16.774098643004336, 1.0, -0.486627387256534)
3.780000000000003 (-16.7334788318942, 1.0, -0.5311634117699995)
3.800000000000003 (-16.684352007899243, 1.0, -0.5681382210141135)
3.820000000000003 (-16.62752554231603, 1.0, -0.5986460532787274)
3.840000000000003 (-16.573722316885398, 1.0, -0.6217574535585643)
3.860000000000003 (-16.536010613785166, 1.0, -0.643029065476784)
3.880000000000003 (-16.518411078973447, 1.0, -0.6607168942600551)
3.900000000000003 (-16.519904667806536, 1.0, -0.6680164818737606)
3.920000000000003 (-16.534017387147284, 1.0, -0.662888485784626)
3.940000000000003 (-16.556361349317015, 1.0, -0.646308359228807)
3.960000000000003 (-16.587661698185748, 1.0, -0.6223915437047757)
3.980000000000003 (-16.629000708486426, 1.0, -0.5935050382000451)
4.000000000000003 (-16.680087148673373, 1.0, -0.5588456507502156)
4.020000000000002 (-16.738863864587678, 1.0, -0.5160968224616101)
4.040000000000002 (-16.8020308828282, 1.0, -0.46176783144788786)
4.060000000000001 (-16.86598200151538, 1.0, -0.39062350981952504)
4.080000000000001 (-16.925080532299297, 1.0, -0.2977667886720939)
4.1000000000000005 (-16.966208109635602, 1.0, -0.18523813695032293)
4.12 (-16.979755405101844, 1.0, -0.05732969711417589)
4.14 (-16.963180466471364, 1.0, 0.08245743098827894)
4.159999999999999 (-16.91414328889232, 1.0, 0.23308799839312672)
4.179999999999999 (-16.827877791682784, 1.0, 0.3957529533436228)
4.199999999999998 (-16.70119389878165, 1.0, 0.570279983645916)
4.219999999999998 (-16.541726519249174, 1.0, 0.7525964996091024)
4.2399999999999975 (-16.35921960895305, 1.0, 0.9423552278848862)
4.259999999999997 (-16.166796231446565, 1.0, 1.1329197920807481)
4.279999999999997 (-15.976848102111738, 1.0, 1.3141072002926384)
4.299999999999996 (-15.80187424846695, 1.0, 1.4765958823728158)
4.319999999999996 (-15.654301245936724, 1.0, 1.6154584426644423)
4.339999999999995 (-15.53668006413637, 1.0, 1.728153027873918)
4.359999999999995 (-15.442328748919863, 1.0, 1.8156140151422906)
4.379999999999995 (-15.368954222785396, 1.0, 1.8841613522423175)
4.399999999999994 (-15.316938000105305, 1.0, 1.9397089746623217)
4.419999999999994 (-15.28588999511875, 1.0, 1.9836833476444016)
4.439999999999993 (-15.2758389836273, 1.0, 2.0143376285192662)
4.459999999999993 (-15.289614499377299, 1.0, 2.0288648356049945)
4.479999999999992 (-15.330611736965807, 1.0, 2.0277763876395234)
4.499999999999992 (-15.399157000136377, 1.0, 2.012231042437067)
4.519999999999992 (-15.495542586625682, 1.0, 1.9806268289540654)
4.539999999999991 (-15.620829671395922, 1.0, 1.9289162134133595)
4.559999999999991 (-15.770898111250384, 1.0, 1.8512576413498287)
4.57999999999999 (-15.929130147580427, 1.0, 1.7446315524826677)
4.59999999999999 (-16.081644197924053, 1.0, 1.6100536596533626)
4.6199999999999894 (-16.21711385266083, 1.0, 1.4506870362811457)
4.639999999999989 (-16.3175375873051, 1.0, 1.281359648462063)
4.659999999999989 (-16.371054787113646, 1.0, 1.1288165346327612)
4.679999999999988 (-16.38593801387832, 1.0, 0.9971795956372314)
4.699999999999988 (-16.383536431505767, 1.0, 0.8755350131815706)
4.719999999999987 (-16.37627910425491, 1.0, 0.7553701157695929)
4.739999999999987 (-16.359839188452447, 1.0, 0.6433920429058638)
4.7599999999999865 (-16.330307623023497, 1.0, 0.5462745371950001)
4.779999999999986 (-16.289944421500387, 1.0, 0.46086897587198145)
4.799999999999986 (-16.239846722123048, 1.0, 0.38468431746684206)
4.819999999999985 (-16.18551240185155, 1.0, 0.3166777068453239)
4.839999999999985 (-16.140507219600217, 1.0, 0.255240153765647)
4.859999999999984 (-16.1139786271604, 1.0, 0.19703322618088814)
4.879999999999984 (-16.107174122541462, 1.0, 0.14704915262720933)
4.8999999999999835 (-16.11870886593723, 1.0, 0.11017268820881976)
4.919999999999983 (-16.141441603004704, 1.0, 0.08744642892519297)
4.939999999999983 (-16.171902741911033, 1.0, 0.07785325914086134)
4.959999999999982 (-16.213577193873032, 1.0, 0.0738571923011166)
4.979999999999982 (-16.280726157207653, 1.0, 0.07098233058588636)
4.999999999999981 (-16.365073977197575, 1.0, 0.0815702014453731)
5.019999999999981 (-16.454243531692942, 1.0, 0.10868869243877077)
5.0399999999999805 (-16.540071967597704, 1.0, 0.14733614650833332)
5.05999999999998 (-16.627559330925493, 1.0, 0.19352678558418265)
5.07999999999998 (-16.71483875557502, 1.0, 0.24782801655476464)
5.099999999999979 (-16.792823165628228, 1.0, 0.3135828810011859)
5.119999999999979 (-16.852925439123982, 1.0, 0.39413970906061446)
5.139999999999978 (-16.89525976748509, 1.0, 0.48955803647645363)
5.159999999999978 (-16.920816495484075, 1.0, 0.5951683155382074)
5.1799999999999775 (-16.930357107284088, 1.0, 0.704896551234597)
5.199999999999977 (-16.922498733983677, 1.0, 0.8151453560347581)
5.219999999999977 (-16.893270727255878, 1.0, 0.9251055159762555)
5.239999999999976 (-16.838592067778528, 1.0, 1.0360238792834116)
5.259999999999976 (-16.757094613011006, 1.0, 1.151094660375668)
5.279999999999975 (-16.65255466781018, 1.0, 1.27201290336524)
5.299999999999975 (-16.53233983647854, 1.0, 1.3982759030741354)
5.3199999999999745 (-16.400009995337435, 1.0, 1.5283377005424217)
5.339999999999974 (-16.259024324038105, 1.0, 1.6600125558547916)
5.359999999999974 (-16.117039692582203, 1.0, 1.7895195563579227)
5.379999999999973 (-15.984831933336379, 1.0, 1.9099693086902267)
5.399999999999973 (-15.875435871035732, 1.0, 2.0104920823732044)
5.419999999999972 (-15.792724017709764, 1.0, 2.088099649108186)
5.439999999999972 (-15.733476162461582, 1.0, 2.149117344954898)
5.4599999999999715 (-15.700642865950512, 1.0, 2.197917404037637)
5.479999999999971 (-15.698722301477558, 1.0, 2.234409100405304)
5.499999999999971 (-15.730520104582736, 1.0, 2.256716448404977)
5.51999999999997 (-15.79691730503854, 1.0, 2.261735323090465)
5.53999999999997 (-15.894120486944937, 1.0, 2.245570478845145)
5.559999999999969 (-16.004468312899895, 1.0, 2.2075550688906547)
5.579999999999969 (-16.10440893062963, 1.0, 2.156627199086038)
5.599999999999969 (-16.181992997047338, 1.0, 2.10489980127254)
5.619999999999968 (-16.237723210045225, 1.0, 2.051878402932324)
5.639999999999968 (-16.280336839557666, 1.0, 1.98868809479651)
5.659999999999967 (-16.314767330582008, 1.0, 1.9143192641351887)
5.679999999999967 (-16.337328891703773, 1.0, 1.8392302505400793)
5.699999999999966 (-16.348693916198638, 1.0, 1.7618823289109602)
5.719999999999966 (-16.346909893230308, 1.0, 1.6815026596581601)
5.739999999999966 (-16.329717842294304, 1.0, 1.6050301741779243)
5.759999999999965 (-16.300562406046783, 1.0, 1.5351201582096987)
5.779999999999965 (-16.262823874251474, 1.0, 1.4703333692656075)
5.799999999999964 (-16.21520334570629, 1.0, 1.4105884684586087)
5.819999999999964 (-16.162189883450594, 1.0, 1.3561464891893498)
5.839999999999963 (-16.11670068216079, 1.0, 1.3086512518484135)
5.859999999999963 (-16.088491583895152, 1.0, 1.2669588440154869)
5.879999999999963 (-16.07830179560547, 1.0, 1.2361741668631308)
5.899999999999962 (-16.08464277950731, 1.0, 1.2206848118600235)
5.919999999999962 (-16.10042087013969, 1.0, 1.220159260583574)
5.939999999999961 (-16.12093645600518, 1.0, 1.2331356624124858)
5.959999999999961 (-16.15095397793771, 1.0, 1.252986760413894)
5.9799999999999605 (-16.20520374329473, 1.0, 1.2779783757109824)
5.99999999999996 (-16.273173120217937, 1.0, 1.318898625141287)
6.01999999999996 (-16.342003529980826, 1.0, 1.3764337704885736)
6.039999999999959 (-16.405749299725937, 1.0, 1.4451731884781378)
6.059999999999959 (-16.468862453463665, 1.0, 1.5228551733256683)
6.079999999999958 (-16.527685473092447, 1.0, 1.610703527758538)
6.099999999999958 (-16.575468473036857, 1.0, 1.7130447324050522)
6.1199999999999575 (-16.609095139038402, 1.0, 1.8321334943164)
6.139999999999957 (-16.624415140084214, 1.0, 1.9612130267447478)
6.159999999999957 (-16.61903689410479, 1.0, 2.094280858289472)
6.179999999999956 (-16.593354688741965, 1.0, 2.227989683788264)
6.199999999999956 (-16.544782402865053, 1.0, 2.3612700961918693)
6.219999999999955 (-16.467717413610192, 1.0, 2.4944992034424027)
6.239999999999955 (-16.356505401764544, 1.0, 2.629455110410959)
6.2599999999999545 (-16.213895853367216, 1.0, 2.763512568086714)
6.279999999999954 (-16.046732530959783, 1.0, 2.8982585525923237)
6.299999999999954 (-15.86555340309155, 1.0, 3.0321322494297607)
6.319999999999953 (-15.678599317258788, 1.0, 3.162672425920227)
6.339999999999953 (-15.499108631032078, 1.0, 3.28397563644232)
6.359999999999952 (-15.344932079720756, 1.0, 3.387893843038808)
6.379999999999952 (-15.224977733827739, 1.0, 3.4699905785455614)
6.3999999999999515 (-15.134116223176935, 1.0, 3.534220835011455)
6.419999999999951 (-15.070739997497741, 1.0, 3.5875194186637307)
6.439999999999951 (-15.034905130106871, 1.0, 3.632641415091809)
6.45999999999995 (-15.027389455499346, 1.0, 3.6680010703028962)
6.47999999999995 (-15.049385417755362, 1.0, 3.690118130144077)
6.499999999999949 (-15.103565473752697, 1.0, 3.6957840588130604)
6.519999999999949 (-15.189898759969804, 1.0, 3.682103600193467)
6.5399999999999485 (-15.30059436207833, 1.0, 3.6430914828880145)
6.559999999999948 (-15.414528850104563, 1.0, 3.5742082330011304)
6.579999999999948 (-15.511137903574152, 1.0, 3.480079781528477)
6.599999999999947 (-15.57768390737003, 1.0, 3.381440557919611)
6.619999999999947 (-15.620688488686579, 1.0, 3.285826139398048)
6.639999999999946 (-15.656449872454717, 1.0, 3.1863465725061433)
6.659999999999946 (-15.695560176112815, 1.0, 3.073931930095969)
6.6799999999999455 (-15.72933440342334, 1.0, 2.958253018819479)
6.699999999999945 (-15.751827859412417, 1.0, 2.841889828995094)
6.719999999999945 (-15.761721483305731, 1.0, 2.722753256844411)
6.739999999999944 (-15.756768096137357, 1.0, 2.606711194586366)
6.759999999999944 (-15.739140411490395, 1.0, 2.498310757513592)
6.779999999999943 (-15.711154854953875, 1.0, 2.396419635684324)
6.799999999999943 (-15.671647006236526, 1.0, 2.300191251117419)
6.8199999999999426 (-15.626628361982817, 1.0, 2.2114764151069775)
6.839999999999942 (-15.588245870757055, 1.0, 2.132207045868124)
6.859999999999942 (-15.563835292211934, 1.0, 2.0621155984057253)
6.879999999999941 (-15.55161481518307, 1.0, 2.0030566759457176)
6.899999999999941 (-15.552552040453529, 1.0, 1.9440584132926375)
6.91999999999994 (-15.576657000439338, 1.0, 1.8912429064202645)
6.93999999999994 (-15.612174866915131, 1.0, 1.857026115840393)
6.95999999999994 (-15.656123234756285, 1.0, 1.8428393702987402)
6.979999999999939 (-15.707532940156607, 1.0, 1.847850448874061)
6.999999999999939 (-15.76109099071152, 1.0, 1.8694600120523035)
7.019999999999938 (-15.807221934077312, 1.0, 1.9039198051130122)
7.039999999999938 (-15.841438456325509, 1.0, 1.9498055942255257)
7.059999999999937 (-15.86801600121518, 1.0, 2.009143355955483)
7.079999999999937 (-15.899542316052454, 1.0, 2.0862871690684797)
7.099999999999937 (-15.945087582361579, 1.0, 2.1816612882879283)
7.119999999999936 (-16.003823019921327, 1.0, 2.3137561599274297)
7.139999999999936 (-16.06446364167272, 1.0, 2.4479192742832496)
7.159999999999935 (-16.111562081751483, 1.0, 2.58352415483745)
7.179999999999935 (-16.146202950275693, 1.0, 2.718476522277843)
7.1999999999999345 (-16.168378781517642, 1.0, 2.847756527445286)
7.219999999999934 (-16.176662094326954, 1.0, 2.9687190765726252)
7.239999999999934 (-16.168147862634807, 1.0, 3.081455782180714)
7.259999999999933 (-16.13781822428817, 1.0, 3.191333707539886)
7.279999999999933 (-16.084902904436785, 1.0, 3.2981033328193265)
7.299999999999932 (-16.00824292969725, 1.0, 3.407123053420465)
7.319999999999932 (-15.910077637703653, 1.0, 3.5180391233504262)
7.3399999999999315 (-15.793547926225788, 1.0, 3.629804812799009)
7.359999999999931 (-15.664574976043117, 1.0, 3.740797204311476)
7.379999999999931 (-15.531185094940183, 1.0, 3.8488040797622873)
7.39999999999993 (-15.400058802189704, 1.0, 3.9520677397802872)
7.41999999999993 (-15.283674373200267, 1.0, 4.0422357571743746)
7.439999999999929 (-15.188659576175297, 1.0, 4.117881435569237)
7.459999999999929 (-15.117833788171804, 1.0, 4.182086026052887)
7.4799999999999285 (-15.074518256189169, 1.0, 4.234653872642115)
7.499999999999928 (-15.060500356113307, 1.0, 4.273257860820289)
7.519999999999928 (-15.0741965576181, 1.0, 4.294400261036502)
7.539999999999927 (-15.1041175463001, 1.0, 4.294118947991955)
7.559999999999927 (-15.130111017379233, 1.0, 4.273747816622907)
7.579999999999926 (-15.142421329305414, 1.0, 4.240202626919831)
7.599999999999926 (-15.145082833026054, 1.0, 4.198662415953449)
7.6199999999999255 (-15.146433241832304, 1.0, 4.1497653282798215)
7.639999999999925 (-15.156731263492347, 1.0, 4.089275134066553)
7.659999999999925 (-15.181453957337503, 1.0, 4.011993324465494)
7.679999999999924 (-15.211718769080331, 1.0, 3.920858221836175)
7.699999999999924 (-15.233621150739353, 1.0, 3.8262677673410175)
7.719999999999923 (-15.248263280848208, 1.0, 3.7267703173146205)
7.739999999999923 (-15.25464291436842, 1.0, 3.621975803637143)
7.7599999999999225 (-15.248240639994448, 1.0, 3.519593042927785)
7.779999999999922 (-15.231511376339908, 1.0, 3.42246782156607)
7.799999999999922 (-15.205538155975729, 1.0, 3.329967778977035)
7.819999999999921 (-15.16937591356535, 1.0, 3.240963458147104)
7.839999999999921 (-15.13053672065483, 1.0, 3.1609260508249775)
7.85999999999992 (-15.102391843209091, 1.0, 3.0911206645908553)
7.87999999999992 (-15.087935382521342, 1.0, 3.035006862511788)
7.8999999999999195 (-15.085394431193357, 1.0, 2.996261044473171)
7.919999999999919 (-15.095204121203668, 1.0, 2.9631614052620083)
7.939999999999919 (-15.117134353714647, 1.0, 2.943243780054623)
7.959999999999918 (-15.145335076170744, 1.0, 2.9420044572363873)
7.979999999999918 (-15.176965665984246, 1.0, 2.960289305376523)
7.999999999999917 (-15.210398030627573, 1.0, 2.9974106741428144)
8.019999999999918 (-15.244225065356252, 1.0, 3.0528424571161703)
8.039999999999917 (-15.277768483354908, 1.0, 3.1265673182612397)
8.059999999999917 (-15.30693436815568, 1.0, 3.215230278886315)
8.079999999999917 (-15.323121586386415, 1.0, 3.312352829903132)
8.099999999999916 (-15.329057942772339, 1.0, 3.420315163972602)
8.119999999999916 (-15.336418013282557, 1.0, 3.5469994092251325)
8.139999999999915 (-15.343046062437166, 1.0, 3.6890792424542957)
8.159999999999915 (-15.339639503026204, 1.0, 3.8373448484090447)
8.179999999999914 (-15.320947320286916, 1.0, 3.9857847344686754)
8.199999999999914 (-15.285221551734734, 1.0, 4.131390544948279)
8.219999999999914 (-15.231306443944188, 1.0, 4.273483702148458)
8.239999999999913 (-15.157393013411738, 1.0, 4.413424983422871)
8.259999999999913 (-15.059601625580209, 1.0, 4.552575472813927)
8.279999999999912 (-14.937220212434546, 1.0, 4.687140215052026)
8.299999999999912 (-14.789775671749492, 1.0, 4.814905009484961)
8.319999999999911 (-14.620537175581099, 1.0, 4.932947893287591)
8.339999999999911 (-14.441322805595334, 1.0, 5.039534278606996)
8.35999999999991 (-14.267799627923798, 1.0, 5.134319530722242)
8.37999999999991 (-14.120519272726671, 1.0, 5.2097137956126005)
8.39999999999991 (-14.004656854631166, 1.0, 5.265841644332982)
8.41999999999991 (-13.920277465543837, 1.0, 5.309379312544004)
8.439999999999909 (-13.868435032910211, 1.0, 5.344503818203599)
8.459999999999908 (-13.85014563895619, 1.0, 5.37064905123855)
8.479999999999908 (-13.86451240793247, 1.0, 5.383453003829904)
8.499999999999908 (-13.904456457731097, 1.0, 5.375980165592365)
8.519999999999907 (-13.960790953567058, 1.0, 5.342650741014234)
8.539999999999907 (-14.024537431691238, 1.0, 5.281067812402723)
8.559999999999906 (-14.085038438869645, 1.0, 5.194211077186824)
8.579999999999906 (-14.13806683131284, 1.0, 5.095090793810587)
8.599999999999905 (-14.187757004717195, 1.0, 4.997772200388737)
8.619999999999905 (-14.246191863004832, 1.0, 4.900322267131993)
8.639999999999905 (-14.321108287603176, 1.0, 4.7944563521311805)
8.659999999999904 (-14.412739031160134, 1.0, 4.674652757852355)
8.679999999999904 (-14.506802116952723, 1.0, 4.5483762140540165)
8.699999999999903 (-14.592438582786864, 1.0, 4.423233303331872)
8.719999999999903 (-14.671224803198596, 1.0, 4.297138769649607)
8.739999999999903 (-14.739175391970381, 1.0, 4.173257478229485)
8.759999999999902 (-14.793404847980604, 1.0, 4.057487690257773)
8.779999999999902 (-14.835338917695028, 1.0, 3.9489236854088205)
8.799999999999901 (-14.866026267539402, 1.0, 3.8455498884497277)
8.8199999999999 (-14.888645984819284, 1.0, 3.752487224516988)
8.8399999999999 (-14.903793478982333, 1.0, 3.669771085315173)
8.8599999999999 (-14.915170775398684, 1.0, 3.5935973211107)
8.8799999999999 (-14.930684720952943, 1.0, 3.52354136614287)
8.899999999999899 (-14.97471742612136, 1.0, 3.4636772133896963)
8.919999999999899 (-15.033912386392357, 1.0, 3.4242609317624813)
8.939999999999898 (-15.093610958574136, 1.0, 3.407676345460288)
8.959999999999898 (-15.148030657682586, 1.0, 3.404839864204295)
8.979999999999897 (-15.1920358180438, 1.0, 3.4099317483560223)
8.999999999999897 (-15.22488582283023, 1.0, 3.420906889600873)
9.019999999999897 (-15.24686955927253, 1.0, 3.438423079083829)
9.039999999999896 (-15.264350924150929, 1.0, 3.4710878237752003)
9.059999999999896 (-15.282167764979917, 1.0, 3.524324433918067)
9.079999999999895 (-15.300229266942734, 1.0, 3.6186855232685744)
9.099999999999895 (-15.322735105346297, 1.0, 3.732975074617557)
9.119999999999894 (-15.341396284346649, 1.0, 3.8495882085942874)
9.139999999999894 (-15.356798935017684, 1.0, 3.97745510115226)
9.159999999999894 (-15.369792823157582, 1.0, 4.114880291270992)
9.179999999999893 (-15.382725115876507, 1.0, 4.256833427190488)
9.199999999999893 (-15.39394465072687, 1.0, 4.39742291705027)
9.219999999999892 (-15.402326815672854, 1.0, 4.531315849058462)
9.239999999999892 (-15.406827153805121, 1.0, 4.654539101481074)
9.259999999999891 (-15.405702163623303, 1.0, 4.766454289297455)
9.279999999999891 (-15.39590683624975, 1.0, 4.866125413095135)
9.29999999999989 (-15.366691662298576, 1.0, 4.955809627965202)
9.31999999999989 (-15.314931599370647, 1.0, 5.038220139664564)
9.33999999999989 (-15.24171302006399, 1.0, 5.11767691880458)
9.35999999999989 (-15.149141850375932, 1.0, 5.198113857953687)
9.379999999999889 (-15.041152737294263, 1.0, 5.277874716355257)
9.399999999999888 (-14.920796328687898, 1.0, 5.354760041337013)
9.419999999999888 (-14.793383585515159, 1.0, 5.427711889689567)
9.439999999999888 (-14.66480910072435, 1.0, 5.49718811722506)
9.459999999999887 (-14.550880212268437, 1.0, 5.557605809082157)
9.479999999999887 (-14.455432269633066, 1.0, 5.608339468630778)
9.499999999999886 (-14.378786985174001, 1.0, 5.650676763318089)
9.519999999999886 (-14.324161859551754, 1.0, 5.683575638359761)
9.539999999999885 (-14.288403425511914, 1.0, 5.70345870804001)
9.559999999999885 (-14.256719757001926, 1.0, 5.70679307423711)
9.579999999999885 (-14.220573083925343, 1.0, 5.695736882392298)
9.599999999999884 (-14.181306013069186, 1.0, 5.676762199988209)
9.619999999999884 (-14.14654158990036, 1.0, 5.654753007669804)
9.639999999999883 (-14.128029402075985, 1.0, 5.627241561521812)
9.659999999999883 (-14.130658083535998, 1.0, 5.589427930254396)
9.679999999999882 (-14.151663563121051, 1.0, 5.537561200799643)
9.699999999999882 (-14.174062562202979, 1.0, 5.4784031330057275)
9.719999999999882 (-14.19508857492311, 1.0, 5.413102596722742)
9.739999999999881 (-14.214736623099613, 1.0, 5.339147439657204)
9.75999999999988 (-14.226587580759311, 1.0, 5.257302722326001)
9.77999999999988 (-14.226833552894156, 1.0, 5.174603629262126)
9.79999999999988 (-14.22027420607615, 1.0, 5.09417482004859)
9.81999999999988 (-14.206348256361919, 1.0, 5.016041953040159)
9.839999999999879 (-14.183069096024091, 1.0, 4.938600565184594)
9.859999999999879 (-14.156359615745489, 1.0, 4.87093319207105)
9.879999999999878 (-14.135492084029853, 1.0, 4.81882942652892)
9.899999999999878 (-14.12152393351131, 1.0, 4.7862302638013094)
9.919999999999877 (-14.113323819364748, 1.0, 4.775682191092083)
9.939999999999877 (-14.11009483244265, 1.0, 4.7885467687787004)
9.959999999999877 (-14.110570531364967, 1.0, 4.82577109441069)
9.979999999999876 (-14.111956541715578, 1.0, 4.886022296939524)
9.999999999999876 (-14.108266972806739, 1.0, 4.962012069010116)
