0.0 (-20.25, 1.0, 0.0)
0.02 (-20.250126961460154, 1.0, 0.02403532912333721)
0.04 (-20.250790390896345, 1.0, 0.09183770095699104)
0.06 (-20.251328569316534, 1.0, 0.18257006639755502)
0.08 (-20.249392056520055, 1.0, 0.28245205292948866)
0.1 (-20.241260708680088, 1.0, 0.38085216686180123)
0.12000000000000001 (-20.224308559759134, 1.0, 0.4689032160925446)
0.14 (-20.199002314632942, 1.0, 0.5423708154674698)
0.16 (-20.168008641663633, 1.0, 0.6002963377997644)
0.18 (-20.133251422390906, 1.0, 0.6417786998315104)
0.19999999999999998 (-20.094305086350246, 1.0, 0.6657344134712496)
0.21999999999999997 (-20.050472026637266, 1.0, 0.6716101836708264)
0.23999999999999996 (-20.00240021961843, 1.0, 0.6586811733600136)
0.25999999999999995 (-19.951444869081556, 1.0, 0.6264024075747736)
0.27999999999999997 (-19.897818023504886, 1.0, 0.574198591329979)
0.3 (-19.841351047578375, 1.0, 0.5027859480393471)
0.32 (-19.784919814044976, 1.0, 0.413925379757393)
0.34 (-19.73221491346869, 1.0, 0.309150922059069)
0.36000000000000004 (-19.685232274445422, 1.0, 0.18897416472212014)
0.38000000000000006 (-19.645085747665835, 1.0, 0.05487787378876309)
0.4000000000000001 (-19.61326329410359, 1.0, -0.09228746047769654)
0.4200000000000001 (-19.593042307967867, 1.0, -0.25256949289952757)
0.4400000000000001 (-19.5865537435188, 1.0, -0.42540482017406567)
0.46000000000000013 (-19.593090642978304, 1.0, -0.6097467397998857)
0.48000000000000015 (-19.60580220752946, 1.0, -0.8030827765303601)
0.5000000000000001 (-19.605865407038056, 1.0, -0.9914854502427634)
0.5200000000000001 (-19.570903801552404, 1.0, -1.1543922347654796)
0.5400000000000001 (-19.49180543134522, 1.0, -1.2890037556245997)
0.5600000000000002 (-19.38078043588887, 1.0, -1.4051956603563083)
0.5800000000000002 (-19.260391602326703, 1.0, -1.518352883986889)
0.6000000000000002 (-19.14434089268353, 1.0, -1.6231628912443448)
0.6200000000000002 (-19.029368928495952, 1.0, -1.7091524023620903)
0.6400000000000002 (-18.90911212715325, 1.0, -1.7714231950793047)
0.6600000000000003 (-18.78383829023301, 1.0, -1.8086467982228567)
0.6800000000000003 (-18.65567563855104, 1.0, -1.8237335439540634)
0.7000000000000003 (-18.526344628187427, 1.0, -1.8188385186823288)
0.7200000000000003 (-18.396110170207525, 1.0, -1.7939599383931586)
0.7400000000000003 (-18.26396815269791, 1.0, -1.750087223698193)
0.7600000000000003 (-18.129962018710874, 1.0, -1.690679368468048)
0.7800000000000004 (-17.994774848845484, 1.0, -1.6215963805424687)
0.8000000000000004 (-17.856767842000274, 1.0, -1.5445391634634513)
0.8200000000000004 (-17.7141115868392, 1.0, -1.462879729990257)
0.8400000000000004 (-17.56902596122745, 1.0, -1.3797923640678738)
0.8600000000000004 (-17.42305041445166, 1.0, -1.295734435827795)
0.8800000000000004 (-17.277352819584134, 1.0, -1.2108779406353154)
0.9000000000000005 (-17.13658783192643, 1.0, -1.1250331119582966)
0.9200000000000005 (-17.00301261380711, 1.0, -1.0388088799851833)
0.9400000000000005 (-16.872033832762778, 1.0, -0.9518247640876782)
0.9600000000000005 (-16.741512212138243, 1.0, -0.8633489994041794)
0.9800000000000005 (-16.61154254927192, 1.0, -0.7728029079394645)
1.0000000000000004 (-16.482583075173665, 1.0, -0.679521932623107)
1.0200000000000005 (-16.35454150787257, 1.0, -0.5828591409146877)
1.0400000000000005 (-16.237132452401315, 1.0, -0.4900452492491013)
1.0600000000000005 (-16.172399174326735, 1.0, -0.4170198509099258)
1.0800000000000005 (-16.13213994147085, 1.0, -0.35199939463223023)
1.1000000000000005 (-16.10880492445264, 1.0, -0.2926796157346159)
1.1200000000000006 (-16.1025535344836, 1.0, -0.2372065596812462)
1.1400000000000006 (-16.112764553510402, 1.0, -0.18417757863208858)
1.1600000000000006 (-16.13952648001215, 1.0, -0.13233303304144878)
1.1800000000000006 (-16.182651393472494, 1.0, -0.08080605119078307)
1.2000000000000006 (-16.240556528788588, 1.0, -0.0288193569535152)
1.2200000000000006 (-16.30947333356031, 1.0, 0.01820935474724052)
1.2400000000000007 (-16.3911813436817, 1.0, 0.052372672635610275)
1.2600000000000007 (-16.489991345773987, 1.0, 0.07099304614791953)
1.2800000000000007 (-16.609510049495213, 1.0, 0.07611808152861875)
1.3000000000000007 (-16.750940826310693, 1.0, 0.07164920364580002)
1.3200000000000007 (-16.912426575361113, 1.0, 0.06053588680425052)
1.3400000000000007 (-17.09005917263928, 1.0, 0.044362601089385834)
1.3600000000000008 (-17.279555074398367, 1.0, 0.02400501515329987)
1.3800000000000008 (-17.474081904104825, 1.0, 0.0008570532222767751)
1.4000000000000008 (-17.674873680847604, 1.0, -0.023249767030200406)
1.4200000000000008 (-17.881535947234134, 1.0, -0.04550173733308451)
1.4400000000000008 (-18.088032125536554, 1.0, -0.06686018600787189)
1.4600000000000009 (-18.290799864227502, 1.0, -0.0889882592685938)
1.4800000000000009 (-18.4844827523152, 1.0, -0.11362396677167289)
1.5000000000000009 (-18.6623196802832, 1.0, -0.14299622772439735)
1.520000000000001 (-18.820520095694935, 1.0, -0.1801127942222706)
1.540000000000001 (-18.953653879898365, 1.0, -0.225785896231321)
1.560000000000001 (-19.062151871689185, 1.0, -0.2818204328460192)
1.580000000000001 (-19.14951741889193, 1.0, -0.3486736969472812)
1.600000000000001 (-19.219917877884377, 1.0, -0.42193152401130657)
1.620000000000001 (-19.27600450135949, 1.0, -0.49351238179172097)
1.640000000000001 (-19.316660650161833, 1.0, -0.5598636743294754)
1.660000000000001 (-19.342578240202236, 1.0, -0.6202814956945999)
1.680000000000001 (-19.355750004440683, 1.0, -0.6735897278092748)
1.700000000000001 (-19.357324563811776, 1.0, -0.7183036681929414)
1.720000000000001 (-19.348404715270945, 1.0, -0.7526362113057455)
1.740000000000001 (-19.3302231215308, 1.0, -0.77461565392953)
1.7600000000000011 (-19.304207616091123, 1.0, -0.7821705819054657)
1.7800000000000011 (-19.271534986476293, 1.0, -0.7731856860750234)
1.8000000000000012 (-19.233207405479106, 1.0, -0.7456835590403498)
1.8200000000000012 (-19.190049549223783, 1.0, -0.6987439996914079)
1.8400000000000012 (-19.146238643219874, 1.0, -0.6343091672947428)
1.8600000000000012 (-19.109822016014242, 1.0, -0.5549787923621252)
1.8800000000000012 (-19.08547308271754, 1.0, -0.46281522504323963)
1.9000000000000012 (-19.075519622130706, 1.0, -0.35953554790340464)
1.9200000000000013 (-19.081790440867206, 1.0, -0.24627039305777626)
1.9400000000000013 (-19.105482992773208, 1.0, -0.12372411858936659)
1.9600000000000013 (-19.14744836064435, 1.0, 0.007403134831766391)
1.9800000000000013 (-19.20847422725815, 1.0, 0.14622979215330276)
2.0000000000000013 (-19.290933894570124, 1.0, 0.29193738320763885)
2.0200000000000014 (-19.395919291423024, 1.0, 0.44613810984775215)
2.0400000000000014 (-19.520473072166045, 1.0, 0.6116697227986767)
2.0600000000000014 (-19.6557781363092, 1.0, 0.7895654729423232)
2.0800000000000014 (-19.787580392335645, 1.0, 0.9792313718442539)
2.1000000000000014 (-19.90064822437584, 1.0, 1.1797477131304686)
2.1200000000000014 (-19.974963453038523, 1.0, 1.3842771804363316)
2.1400000000000015 (-19.9871943922367, 1.0, 1.570222721392603)
2.1600000000000015 (-19.920724114467305, 1.0, 1.7090625465659273)
2.1800000000000015 (-19.79307990031013, 1.0, 1.7893077357406955)
2.2000000000000015 (-19.651920926690877, 1.0, 1.8329230809844366)
2.2200000000000015 (-19.534239073420466, 1.0, 1.866378122118168)
2.2400000000000015 (-19.441348164329, 1.0, 1.8896885168750108)
2.2600000000000016 (-19.35341425702759, 1.0, 1.8874580121450033)
2.2800000000000016 (-19.260363156903086, 1.0, 1.8512755256461366)
2.3000000000000016 (-19.167046489533774, 1.0, 1.7895382649757023)
2.3200000000000016 (-19.079471260227773, 1.0, 1.7085279944208822)
2.3400000000000016 (-18.998825344475524, 1.0, 1.608883948344674)
2.3600000000000017 (-18.92651263804167, 1.0, 1.4968934823110633)
2.3800000000000017 (-18.872270611739243, 1.0, 1.3785658284329994)
2.4000000000000017 (-18.845603325783422, 1.0, 1.2601957585154098)
2.4200000000000017 (-18.840529894971876, 1.0, 1.1433972572305822)
2.4400000000000017 (-18.850553142196993, 1.0, 1.0220086035765061)
2.4600000000000017 (-18.871237721050193, 1.0, 0.8923420678847429)
2.4800000000000018 (-18.90745245417717, 1.0, 0.7559356448182929)
2.5000000000000018 (-18.96058810790362, 1.0, 0.6141362656966742)
2.520000000000002 (-19.021241287013527, 1.0, 0.4677992777025435)
2.540000000000002 (-19.079942258634148, 1.0, 0.3181557782692387)
2.560000000000002 (-19.129662053800274, 1.0, 0.1684518132061522)
2.580000000000002 (-19.154190576649174, 1.0, 0.026204366251964907)
2.600000000000002 (-19.143830538727467, 1.0, -0.09796953378739326)
2.620000000000002 (-19.09538885834041, 1.0, -0.20557062809718857)
2.640000000000002 (-19.019892926553304, 1.0, -0.30402507922038907)
2.660000000000002 (-18.93560001832939, 1.0, -0.4010344300716453)
2.680000000000002 (-18.84976773302434, 1.0, -0.4830040208595314)
2.700000000000002 (-18.758351788714748, 1.0, -0.5429599411369516)
2.720000000000002 (-18.658247749962786, 1.0, -0.5774035794931321)
2.740000000000002 (-18.549240908027162, 1.0, -0.5895277002638901)
2.760000000000002 (-18.437169697861506, 1.0, -0.5814420662130594)
2.780000000000002 (-18.32438826884096, 1.0, -0.5536029524101033)
2.800000000000002 (-18.20761939509637, 1.0, -0.5072698945779606)
2.820000000000002 (-18.09055931122997, 1.0, -0.45009639065858165)
2.840000000000002 (-17.977806677011294, 1.0, -0.38299831671421924)
2.860000000000002 (-17.868818398258174, 1.0, -0.306782178562207)
2.880000000000002 (-17.7631167820357, 1.0, -0.22520400364039075)
2.900000000000002 (-17.658401602272118, 1.0, -0.14014741976892386)
2.920000000000002 (-17.560667668144887, 1.0, -0.05288677652061099)
2.940000000000002 (-17.4723019279257, 1.0, 0.035776696791331344)
2.960000000000002 (-17.39448597680785, 1.0, 0.12611105066490497)
2.980000000000002 (-17.328163621046155, 1.0, 0.21835315355229573)
3.000000000000002 (-17.27407763439106, 1.0, 0.31290767226727234)
3.0200000000000022 (-17.232357563540074, 1.0, 0.41024864971640757)
3.0400000000000023 (-17.200054435586292, 1.0, 0.5102806552706949)
3.0600000000000023 (-17.173126336864684, 1.0, 0.6134532126781176)
3.0800000000000023 (-17.1495057365214, 1.0, 0.7211359962999654)
3.1000000000000023 (-17.12804511066175, 1.0, 0.8333678050337856)
3.1200000000000023 (-17.120989926237378, 1.0, 0.9416283718850496)
3.1400000000000023 (-17.161987801890508, 1.0, 1.0423403688605126)
3.1600000000000024 (-17.225275821971003, 1.0, 1.1379229640512485)
3.1800000000000024 (-17.297761026663853, 1.0, 1.2327982482117388)
3.2000000000000024 (-17.373789801083163, 1.0, 1.3246767400496047)
3.2200000000000024 (-17.45738096531485, 1.0, 1.4088910760110314)
3.2400000000000024 (-17.552312691612087, 1.0, 1.484788848479012)
3.2600000000000025 (-17.657022458529003, 1.0, 1.552882670592967)
3.2800000000000025 (-17.77645590716665, 1.0, 1.6165860335197795)
3.3000000000000025 (-17.90661091593053, 1.0, 1.6765551403250984)
3.3200000000000025 (-18.044336912367143, 1.0, 1.7323266631210013)
3.3400000000000025 (-18.181187515209636, 1.0, 1.7820501814658067)
3.3600000000000025 (-18.30858626659586, 1.0, 1.8223663502198588)
3.3800000000000026 (-18.422697255421728, 1.0, 1.850301673492268)
3.4000000000000026 (-18.524139170784657, 1.0, 1.8635429674533084)
3.4200000000000026 (-18.61357069346397, 1.0, 1.8607865967744874)
3.4400000000000026 (-18.686566320082704, 1.0, 1.8431390417105356)
3.4600000000000026 (-18.74725754333341, 1.0, 1.8120661903067121)
3.4800000000000026 (-18.80462202146567, 1.0, 1.7727571629959835)
3.5000000000000027 (-18.866443082167798, 1.0, 1.7300517466277203)
3.5200000000000027 (-18.936258035430072, 1.0, 1.686845676333226)
3.5400000000000027 (-19.014037548291874, 1.0, 1.6442246905192406)
3.5600000000000027 (-19.09717204778038, 1.0, 1.6009971922523933)
3.5800000000000027 (-19.175460680154945, 1.0, 1.5550090206006302)
3.6000000000000028 (-19.237380570090156, 1.0, 1.5040359929714615)
3.6200000000000028 (-19.280069892376083, 1.0, 1.447803308188309)
3.640000000000003 (-19.301866320154726, 1.0, 1.3921855870452844)
3.660000000000003 (-19.30450820343848, 1.0, 1.3414053785219575)
3.680000000000003 (-19.29024507254903, 1.0, 1.2963824818108203)
3.700000000000003 (-19.259261409751932, 1.0, 1.2594943627564033)
3.720000000000003 (-19.21129135136608, 1.0, 1.2328022896956676)
3.740000000000003 (-19.146698196484028, 1.0, 1.214954163618264)
3.760000000000003 (-19.069124179400152, 1.0, 1.2069082297124758)
3.780000000000003 (-18.981819182962244, 1.0, 1.2113790083972653)
3.800000000000003 (-18.885094720294997, 1.0, 1.2299444604929253)
3.820000000000003 (-18.77843891878244, 1.0, 1.2608810185251922)
3.840000000000003 (-18.669794973395863, 1.0, 1.301993953797346)
3.860000000000003 (-18.563084636163182, 1.0, 1.3555711851161125)
3.880000000000003 (-18.460528025730834, 1.0, 1.4202699102459893)
3.900000000000003 (-18.36601133665638, 1.0, 1.495610363954554)
3.920000000000003 (-18.278807999924645, 1.0, 1.5801553440639187)
3.940000000000003 (-18.196566402354545, 1.0, 1.6720277726953547)
3.960000000000003 (-18.120387468902237, 1.0, 1.7714740519245282)
3.980000000000003 (-18.051806565392997, 1.0, 1.8792030741735561)
4.000000000000003 (-17.991610575333713, 1.0, 1.9957937223872586)
4.020000000000002 (-17.939288228963328, 1.0, 2.1216734080190736)
4.040000000000002 (-17.893323150430884, 1.0, 2.2571019542457305)
4.060000000000001 (-17.85208932547485, 1.0, 2.4006524450504854)
4.080000000000001 (-17.818476212748504, 1.0, 2.546407304154032)
4.1000000000000005 (-17.79601941174359, 1.0, 2.690053439987965)
4.12 (-17.784360482115073, 1.0, 2.830168634981436)
4.14 (-17.782427804197372, 1.0, 2.967249454276719)
4.159999999999999 (-17.78944305809561, 1.0, 3.1013301734285577)
4.179999999999999 (-17.804072499661604, 1.0, 3.231291994979227)
4.199999999999998 (-17.82229535504393, 1.0, 3.354084985021129)
4.219999999999998 (-17.83870776270251, 1.0, 3.4622157072812216)
4.2399999999999975 (-17.850190036069144, 1.0, 3.5517962537662413)
4.259999999999997 (-17.854878792770336, 1.0, 3.6198596746052845)
4.279999999999997 (-17.85232734435407, 1.0, 3.663353276718142)
4.299999999999996 (-17.84224777290661, 1.0, 3.6815790687066268)
4.319999999999996 (-17.832278205342604, 1.0, 3.6768486796853628)
4.339999999999995 (-17.832261913101316, 1.0, 3.6518168583546027)
4.359999999999995 (-17.84428831890577, 1.0, 3.606618428143056)
4.379999999999995 (-17.864926732846673, 1.0, 3.5434840687890903)
4.399999999999994 (-17.893261670390807, 1.0, 3.468212636746764)
4.419999999999994 (-17.930484219161233, 1.0, 3.3858850017074618)
4.439999999999993 (-17.977541618642505, 1.0, 3.2992083564343258)
4.459999999999993 (-18.035018853689238, 1.0, 3.2104320958739456)
4.479999999999992 (-18.106521877996123, 1.0, 3.1227428114331883)
4.499999999999992 (-18.196399198757078, 1.0, 3.039147057768573)
4.519999999999992 (-18.306555482689774, 1.0, 2.961849332264855)
4.539999999999991 (-18.436805905265448, 1.0, 2.8923925721035264)
4.559999999999991 (-18.582944776776827, 1.0, 2.8311560296232683)
4.57999999999999 (-18.728421398761057, 1.0, 2.775525883695418)
4.59999999999999 (-18.85055177181666, 1.0, 2.7230591040811074)
4.6199999999999894 (-18.935962903673502, 1.0, 2.6729717169152654)
4.639999999999989 (-18.974969934160764, 1.0, 2.6210888455638375)
4.659999999999989 (-18.966314762851933, 1.0, 2.558266497157705)
4.679999999999988 (-18.919741672602292, 1.0, 2.4903168346874867)
4.699999999999988 (-18.854511208940668, 1.0, 2.426702805786286)
4.719999999999987 (-18.78222941037151, 1.0, 2.373481269414513)
4.739999999999987 (-18.699313350198008, 1.0, 2.330643555223294)
4.7599999999999865 (-18.602068698719528, 1.0, 2.3000305265966543)
4.779999999999986 (-18.49246912694925, 1.0, 2.283252067108303)
4.799999999999986 (-18.371477904289748, 1.0, 2.2805914808503194)
4.819999999999985 (-18.242495815203913, 1.0, 2.2879508348975945)
4.839999999999985 (-18.112784856510398, 1.0, 2.305255381767334)
4.859999999999984 (-17.983485023030426, 1.0, 2.333154179913109)
4.879999999999984 (-17.857603196428258, 1.0, 2.369843065579109)
4.8999999999999835 (-17.73832431493018, 1.0, 2.4152653690764017)
4.919999999999983 (-17.62433685065842, 1.0, 2.4668345018137656)
4.939999999999983 (-17.514509517196853, 1.0, 2.5232331626152313)
4.959999999999982 (-17.410666666016418, 1.0, 2.5854227781030437)
4.979999999999982 (-17.319005038762942, 1.0, 2.6563631941595536)
4.999999999999981 (-17.242340082037405, 1.0, 2.735520094326828)
5.019999999999981 (-17.178106548142427, 1.0, 2.8219165812549116)
5.0399999999999805 (-17.121378556369642, 1.0, 2.91430310508408)
5.05999999999998 (-17.07075755718514, 1.0, 3.0141995709733247)
5.07999999999998 (-17.025689176424184, 1.0, 3.1220558579096984)
5.099999999999979 (-16.984096262830786, 1.0, 3.236957030163188)
5.119999999999979 (-16.944517205464642, 1.0, 3.355054879421881)
5.139999999999978 (-16.911709326763795, 1.0, 3.472127426237374)
5.159999999999978 (-16.891912807160942, 1.0, 3.586844563446002)
5.1799999999999775 (-16.8887591910378, 1.0, 3.699547702499279)
5.199999999999977 (-16.90362225196113, 1.0, 3.810533552247068)
5.219999999999977 (-16.936115403611275, 1.0, 3.9199390515576606)
5.239999999999976 (-16.984311267933364, 1.0, 4.0276741056742)
5.259999999999976 (-17.045664060951257, 1.0, 4.1332933282895645)
5.279999999999975 (-17.116901780901248, 1.0, 4.234816109264009)
5.299999999999975 (-17.193874207663892, 1.0, 4.327178813765138)
5.3199999999999745 (-17.271285355232543, 1.0, 4.405823139731152)
5.339999999999974 (-17.344352650191542, 1.0, 4.466823301672641)
5.359999999999974 (-17.411773902231253, 1.0, 4.507501588497405)
5.379999999999973 (-17.47370751260275, 1.0, 4.5268532416982605)
5.399999999999973 (-17.53036289402852, 1.0, 4.524932974772896)
5.419999999999972 (-17.58675773828481, 1.0, 4.50237413174942)
5.439999999999972 (-17.647233398293885, 1.0, 4.46422360195796)
5.4599999999999715 (-17.71480758502313, 1.0, 4.4191799248768495)
5.479999999999971 (-17.79281083873142, 1.0, 4.374101593217173)
5.499999999999971 (-17.88259890152292, 1.0, 4.332869551713302)
5.51999999999997 (-17.98335694059732, 1.0, 4.297071958183574)
5.53999999999997 (-18.092464917641767, 1.0, 4.265487196147614)
5.559999999999969 (-18.19998727303695, 1.0, 4.232483617394486)
5.579999999999969 (-18.290385187441363, 1.0, 4.190557603785913)
5.599999999999969 (-18.35694796459549, 1.0, 4.135831354125791)
5.619999999999968 (-18.397006973780375, 1.0, 4.073170750252558)
5.639999999999968 (-18.413460758535802, 1.0, 4.008527875530508)
5.659999999999967 (-18.41097180792367, 1.0, 3.945236048006371)
5.679999999999967 (-18.391210122421892, 1.0, 3.886062426126524)
5.699999999999966 (-18.353406370744597, 1.0, 3.8336479874606044)
5.719999999999966 (-18.296096247784206, 1.0, 3.7873971142762657)
5.739999999999966 (-18.220663085643032, 1.0, 3.7458559987863818)
5.759999999999965 (-18.131564073758717, 1.0, 3.712681036000562)
5.779999999999965 (-18.03122556718363, 1.0, 3.6904226465037544)
5.799999999999964 (-17.91832570829616, 1.0, 3.6791445260924847)
5.819999999999964 (-17.795409980735243, 1.0, 3.675958516112914)
5.839999999999963 (-17.67033579545063, 1.0, 3.682549996094943)
5.859999999999963 (-17.544814820170348, 1.0, 3.700242525366831)
5.879999999999963 (-17.422573391435755, 1.0, 3.7282424658520985)
5.899999999999962 (-17.306531547447385, 1.0, 3.7675343936516215)
5.919999999999962 (-17.195956397052864, 1.0, 3.8159187770557192)
5.939999999999961 (-17.088856285001867, 1.0, 3.871307795059924)
5.959999999999961 (-16.986334696296137, 1.0, 3.934837644652511)
5.9799999999999605 (-16.893933398211693, 1.0, 4.010615567044451)
5.99999999999996 (-16.8144922211001, 1.0, 4.098489048248286)
6.01999999999996 (-16.74537143562197, 1.0, 4.196816008455897)
6.039999999999959 (-16.681705982380084, 1.0, 4.303633592981666)
6.059999999999959 (-16.62190240151188, 1.0, 4.42022046473107)
6.079999999999958 (-16.56480738643705, 1.0, 4.546414399543513)
6.099999999999958 (-16.509994262769585, 1.0, 4.6790021209319645)
6.1199999999999575 (-16.463584312055463, 1.0, 4.813573965504927)
6.139999999999957 (-16.43162419696926, 1.0, 4.948481623166758)
6.159999999999957 (-16.415611836533508, 1.0, 5.083380776278663)
6.179999999999956 (-16.415685368823233, 1.0, 5.218755474417154)
6.199999999999956 (-16.431448103571494, 1.0, 5.354426205239073)
6.219999999999955 (-16.46150271758818, 1.0, 5.489529203631103)
6.239999999999955 (-16.502995106026567, 1.0, 5.622302311268594)
6.2599999999999545 (-16.550433526587206, 1.0, 5.745753214578581)
6.279999999999954 (-16.597950712891056, 1.0, 5.852727204551432)
6.299999999999954 (-16.64220426505981, 1.0, 5.9381121421992935)
6.319999999999953 (-16.682181361244826, 1.0, 5.999751824450073)
6.339999999999953 (-16.71833754481477, 1.0, 6.035989616347569)
6.359999999999952 (-16.75222745882782, 1.0, 6.047556870722067)
6.379999999999952 (-16.791376791552626, 1.0, 6.036338723334556)
6.3999999999999515 (-16.840883041422217, 1.0, 6.006436491912867)
6.419999999999951 (-16.901403522418658, 1.0, 5.965645110799081)
6.439999999999951 (-16.972681026135536, 1.0, 5.920833917133726)
6.45999999999995 (-17.053469608336, 1.0, 5.87544838089971)
6.47999999999995 (-17.142161244257704, 1.0, 5.830710033259847)
6.499999999999949 (-17.2379440956264, 1.0, 5.7881674034774315)
6.519999999999949 (-17.342695693428908, 1.0, 5.748735822440337)
6.5399999999999485 (-17.454810730319842, 1.0, 5.709034167496654)
6.559999999999948 (-17.557687081622987, 1.0, 5.66124879615512)
6.579999999999948 (-17.631098297857527, 1.0, 5.6000227861709995)
6.599999999999947 (-17.673876067133815, 1.0, 5.516034888311842)
6.619999999999947 (-17.694695054577814, 1.0, 5.415852627026416)
6.639999999999946 (-17.701136808027226, 1.0, 5.313547447197788)
6.659999999999946 (-17.695431121109916, 1.0, 5.2165517981345255)
6.6799999999999455 (-17.67477947379016, 1.0, 5.125261695930342)
6.699999999999945 (-17.6339544783454, 1.0, 5.040766962741474)
6.719999999999945 (-17.571501959284017, 1.0, 4.9624268975324215)
6.739999999999944 (-17.48992433042697, 1.0, 4.8883047986494095)
6.759999999999944 (-17.39358961535146, 1.0, 4.8220042481929974)
6.779999999999943 (-17.28452542617874, 1.0, 4.76599571037439)
6.799999999999943 (-17.16151417976717, 1.0, 4.719291049578833)
6.8199999999999426 (-17.029486581460652, 1.0, 4.679682956658215)
6.839999999999942 (-16.895215834032985, 1.0, 4.649959792585002)
6.859999999999942 (-16.7587681532984, 1.0, 4.6316021798995575)
6.879999999999941 (-16.619562717172933, 1.0, 4.623695296506196)
6.899999999999941 (-16.477730988425623, 1.0, 4.6218117623285515)
6.91999999999994 (-16.338135029098286, 1.0, 4.62869057485822)
6.93999999999994 (-16.205038717013217, 1.0, 4.64573561592266)
6.95999999999994 (-16.078565928279932, 1.0, 4.673778295333619)
6.979999999999939 (-15.958813367058342, 1.0, 4.713744241695843)
6.999999999999939 (-15.844520319459397, 1.0, 4.764906552750662)
7.019999999999938 (-15.731935907253094, 1.0, 4.8240564970296775)
7.039999999999938 (-15.617852110317596, 1.0, 4.889320955283958)
7.059999999999937 (-15.50289648287633, 1.0, 4.958925272521672)
7.079999999999937 (-15.396418232319219, 1.0, 5.031668205656764)
7.099999999999937 (-15.309798265835825, 1.0, 5.108877143003002)
7.119999999999936 (-15.263658893314682, 1.0, 5.207680081151969)
7.139999999999936 (-15.251333900309, 1.0, 5.3260077817925415)
7.159999999999935 (-15.256896723744159, 1.0, 5.453578607888846)
7.179999999999935 (-15.274739937017046, 1.0, 5.584710150028662)
7.1999999999999345 (-15.305789776339136, 1.0, 5.715637113837097)
7.219999999999934 (-15.350903447287408, 1.0, 5.845652925722233)
7.239999999999934 (-15.407803586130488, 1.0, 5.974771687398019)
7.259999999999933 (-15.479172105471374, 1.0, 6.108622218691804)
7.279999999999933 (-15.562987638459566, 1.0, 6.245792346593319)
7.299999999999932 (-15.65781326375991, 1.0, 6.383811595246605)
7.319999999999932 (-15.757507782447195, 1.0, 6.516931136666422)
7.3399999999999315 (-15.853918862670628, 1.0, 6.636840864561449)
7.359999999999931 (-15.943587043562152, 1.0, 6.738106958981794)
7.379999999999931 (-16.027793152925483, 1.0, 6.818397734129664)
7.39999999999993 (-16.1098503401444, 1.0, 6.877363935273856)
7.41999999999993 (-16.186861125737234, 1.0, 6.913705548401899)
7.439999999999929 (-16.259274912954652, 1.0, 6.927996909462995)
7.459999999999929 (-16.331941142593724, 1.0, 6.927011940492311)
7.4799999999999285 (-16.40812587611692, 1.0, 6.918313828158847)
7.499999999999928 (-16.488267834144352, 1.0, 6.904940227378859)
7.519999999999928 (-16.570291334489454, 1.0, 6.885871712405674)
7.539999999999927 (-16.648926872786358, 1.0, 6.856376580567076)
7.559999999999927 (-16.71499985397388, 1.0, 6.809354860352968)
7.579999999999926 (-16.76516240961359, 1.0, 6.742977966970916)
7.599999999999926 (-16.802296730068274, 1.0, 6.662251341041692)
7.6199999999999255 (-16.82828661424417, 1.0, 6.574324257771572)
7.639999999999925 (-16.84343333091417, 1.0, 6.4866265204785165)
7.659999999999925 (-16.84832616428099, 1.0, 6.402608440220199)
7.679999999999924 (-16.83963939982493, 1.0, 6.320417954114184)
7.699999999999924 (-16.81369689722144, 1.0, 6.23923428745972)
7.719999999999923 (-16.770124268938947, 1.0, 6.161307583124316)
7.739999999999923 (-16.709307533743527, 1.0, 6.086308670411378)
7.7599999999999225 (-16.632691796658495, 1.0, 6.013697135910285)
7.779999999999922 (-16.54300094931038, 1.0, 5.9480212707009)
7.799999999999922 (-16.440716502796633, 1.0, 5.891536563612502)
7.819999999999921 (-16.32440264188731, 1.0, 5.842148390400683)
7.839999999999921 (-16.201248249295954, 1.0, 5.800347774981341)
7.85999999999992 (-16.074403045616428, 1.0, 5.769958288483467)
7.87999999999992 (-15.94734510696576, 1.0, 5.751181466690243)
7.8999999999999195 (-15.822938157926592, 1.0, 5.745118232809116)
7.919999999999919 (-15.699664817971252, 1.0, 5.747964275691614)
7.939999999999919 (-15.57855439028583, 1.0, 5.761024034186659)
7.959999999999918 (-15.463054547235345, 1.0, 5.786236648087748)
7.979999999999918 (-15.353939157529974, 1.0, 5.824491514525645)
7.999999999999917 (-15.25143096392442, 1.0, 5.876574072467075)
8.019999999999918 (-15.1555755036376, 1.0, 5.943289919071847)
8.039999999999917 (-15.066413289343107, 1.0, 6.025951631558657)
8.059999999999917 (-14.983086555190388, 1.0, 6.124277947851471)
8.079999999999917 (-14.902152182766033, 1.0, 6.233803194597679)
8.099999999999916 (-14.82100185308955, 1.0, 6.351543901133384)
8.119999999999916 (-14.748197519801503, 1.0, 6.476580999641416)
8.139999999999915 (-14.694107745487319, 1.0, 6.610767562650642)
8.159999999999915 (-14.661341018052282, 1.0, 6.753479224843767)
8.179999999999914 (-14.64898573133554, 1.0, 6.9030427337324225)
8.199999999999914 (-14.65543206298353, 1.0, 7.057361321247468)
8.219999999999914 (-14.679575281036941, 1.0, 7.214503202698824)
8.239999999999913 (-14.719667499477563, 1.0, 7.373506950490265)
8.259999999999913 (-14.773462553401526, 1.0, 7.53295111807711)
8.279999999999912 (-14.83585521185563, 1.0, 7.685397894785324)
8.299999999999912 (-14.89892487167118, 1.0, 7.8197772811238435)
8.319999999999911 (-14.95514963964981, 1.0, 7.926539985995594)
8.339999999999911 (-15.00251780525363, 1.0, 8.000776293932292)
8.35999999999991 (-15.04546672456953, 1.0, 8.044501601561647)
8.37999999999991 (-15.08674133914278, 1.0, 8.06141143639269)
8.39999999999991 (-15.132724269756295, 1.0, 8.054869472957762)
8.41999999999991 (-15.188499668207786, 1.0, 8.032626724059343)
8.439999999999909 (-15.256526149062589, 1.0, 8.003783408188523)
8.459999999999908 (-15.336938493241753, 1.0, 7.97321188487842)
8.479999999999908 (-15.426964263627774, 1.0, 7.940574304298049)
8.499999999999908 (-15.52031746292301, 1.0, 7.900897120976673)
8.519999999999907 (-15.608107212462027, 1.0, 7.847705028819055)
8.539999999999907 (-15.683445640573469, 1.0, 7.777355867877294)
8.559999999999906 (-15.742581131966919, 1.0, 7.68970276660588)
8.579999999999906 (-15.790282701250081, 1.0, 7.586822537890615)
8.599999999999905 (-15.83587053533137, 1.0, 7.475254127632102)
8.619999999999905 (-15.87697296551491, 1.0, 7.366669046852984)
8.639999999999905 (-15.909324332221034, 1.0, 7.266220779296259)
8.659999999999904 (-15.928229602156591, 1.0, 7.172836477790491)
8.679999999999904 (-15.9296297754855, 1.0, 7.082188600959528)
8.699999999999903 (-15.911155608877756, 1.0, 6.994061021997343)
8.719999999999903 (-15.873147484120523, 1.0, 6.909687053688868)
8.739999999999903 (-15.817274656773566, 1.0, 6.8266028976865645)
8.759999999999902 (-15.745296221507113, 1.0, 6.747038610758736)
8.779999999999902 (-15.658164090904263, 1.0, 6.673420112494162)
8.799999999999901 (-15.555944743550713, 1.0, 6.603849249350109)
8.8199999999999 (-15.443888717891406, 1.0, 6.5392170807483785)
8.8399999999999 (-15.32518271787345, 1.0, 6.480361936973605)
8.8599999999999 (-15.195635276383875, 1.0, 6.420932567613672)
8.8799999999999 (-15.056963698724728, 1.0, 6.35894161266014)
8.899999999999899 (-14.917682212863475, 1.0, 6.305456158106465)
8.919999999999899 (-14.782484902321341, 1.0, 6.264697249094124)
8.939999999999898 (-14.649636835538837, 1.0, 6.234351208490464)
8.959999999999898 (-14.51650238853035, 1.0, 6.210713426761999)
8.979999999999897 (-14.380264567220898, 1.0, 6.189864575347119)
8.999999999999897 (-14.239457565896172, 1.0, 6.170801448269143)
9.019999999999897 (-14.093585837114938, 1.0, 6.1533412258958045)
9.039999999999896 (-13.947843776614997, 1.0, 6.137167207041064)
9.059999999999896 (-13.812802639560147, 1.0, 6.126606125780441)
9.079999999999895 (-13.704131094096415, 1.0, 6.139614682232095)
9.099999999999895 (-13.62927660513155, 1.0, 6.190545034550211)
9.119999999999894 (-13.572020228002362, 1.0, 6.259001973972996)
9.139999999999894 (-13.525009462932127, 1.0, 6.342814983262343)
9.159999999999894 (-13.486947237946856, 1.0, 6.441595193744567)
9.179999999999893 (-13.460561064263652, 1.0, 6.55298203024112)
9.199999999999893 (-13.44976038482499, 1.0, 6.674702280191613)
9.219999999999892 (-13.45630337026377, 1.0, 6.8055000395913)
9.239999999999892 (-13.480232150713638, 1.0, 6.944389293962108)
9.259999999999891 (-13.52073836951215, 1.0, 7.090951986515569)
9.279999999999891 (-13.57535963251994, 1.0, 7.243648341087259)
9.29999999999989 (-13.640061369215303, 1.0, 7.402707568178114)
9.31999999999989 (-13.712985709544174, 1.0, 7.571448549282033)
9.33999999999989 (-13.792465079311508, 1.0, 7.745486377334137)
9.35999999999989 (-13.875583551956307, 1.0, 7.919045181864462)
9.379999999999889 (-13.957384641323538, 1.0, 8.082217585953979)
9.399999999999888 (-14.035842716091675, 1.0, 8.228186027997134)
9.419999999999888 (-14.111819711715063, 1.0, 8.35404029756535)
9.439999999999888 (-14.187580059144713, 1.0, 8.459760944795205)
9.459999999999887 (-14.259466023087523, 1.0, 8.541557950274527)
9.479999999999887 (-14.328903253939995, 1.0, 8.59882332704474)
9.499999999999886 (-14.398055022740422, 1.0, 8.637525110375973)
9.519999999999886 (-14.467117275037413, 1.0, 8.66264029477271)
9.539999999999885 (-14.534949509586436, 1.0, 8.673537555058804)
9.559999999999885 (-14.597936710659589, 1.0, 8.664396641086494)
9.579999999999885 (-14.654037402538993, 1.0, 8.633122037788269)
9.599999999999884 (-14.70457187010511, 1.0, 8.58503603734994)
9.619999999999884 (-14.750490530699741, 1.0, 8.528345113336147)
9.639999999999883 (-14.789507047568515, 1.0, 8.469520454456493)
9.659999999999883 (-14.819463950311148, 1.0, 8.409488988523554)
9.679999999999882 (-14.837568436051365, 1.0, 8.345720498495394)
9.699999999999882 (-14.843057827691856, 1.0, 8.276989852429969)
9.719999999999882 (-14.83457100551593, 1.0, 8.206733475633014)
9.739999999999881 (-14.81035656170985, 1.0, 8.135169718592943)
9.75999999999988 (-14.769437248288027, 1.0, 8.059287776111455)
9.77999999999988 (-14.713281452289383, 1.0, 7.982060617433597)
9.79999999999988 (-14.643924470809928, 1.0, 7.91007615680544)
9.81999999999988 (-14.560262982627254, 1.0, 7.845051531909616)
9.839999999999879 (-14.461270611119836, 1.0, 7.783110272282072)
9.859999999999879 (-14.352784219122341, 1.0, 7.727728097248199)
9.879999999999878 (-14.240005326573616, 1.0, 7.683859552872685)
9.899999999999878 (-14.126638437027562, 1.0, 7.65323971480041)
9.919999999999877 (-14.014793692573004, 1.0, 7.637659402931659)
9.939999999999877 (-13.906390424620778, 1.0, 7.6385964686233825)
9.959999999999877 (-13.802951745801964, 1.0, 7.657224041619647)
9.979999999999876 (-13.705729276967617, 1.0, 7.693652466921891)
9.999999999999876 (-13.613618842569466, 1.0, 7.744578024083823)
