0.0 (-14.25, 1.0, 0.0)
0.02 (-14.250042788561796, 1.0, -0.019563198282512496)
0.04 (-14.25060981540665, 1.0, -0.05119023041708805)
0.06 (-14.252926501861934, 1.0, -0.07916279950696306)
0.08 (-14.255994888462284, 1.0, -0.10124152240124899)
0.1 (-14.257661543822485, 1.0, -0.11500239228736411)
0.12000000000000001 (-14.256743934839935, 1.0, -0.11843868873424941)
0.14 (-14.252478722190865, 1.0, -0.11012116261954359)
0.16 (-14.24326251072054, 1.0, -0.08787917547503914)
0.18 (-14.22654683018056, 1.0, -0.04924034746834035)
0.19999999999999998 (-14.201682032091492, 1.0, 0.002707087001639458)
0.21999999999999997 (-14.169590613474872, 1.0, 0.06511339024976207)
0.23999999999999996 (-14.130455971555094, 1.0, 0.13740037400387284)
0.25999999999999995 (-14.083616640257423, 1.0, 0.21909223451484203)
0.27999999999999997 (-14.028703240276565, 1.0, 0.3077286223220186)
0.3 (-13.9710394967138, 1.0, 0.3967577975045638)
0.32 (-13.915774394747974, 1.0, 0.48128893246945725)
0.34 (-13.86508132632775, 1.0, 0.556777763012399)
0.36000000000000004 (-13.821010539727686, 1.0, 0.61720626249842)
0.38000000000000006 (-13.785175791699553, 1.0, 0.6584435434382483)
0.4000000000000001 (-13.760832456913079, 1.0, 0.6817449348263493)
0.4200000000000001 (-13.750021949481129, 1.0, 0.6913881402759581)
0.4400000000000001 (-13.75264785488027, 1.0, 0.6880364229405403)
0.46000000000000013 (-13.767404577280493, 1.0, 0.6707471622085206)
0.48000000000000015 (-13.783627983865877, 1.0, 0.6455391071209078)
0.5000000000000001 (-13.787556101806095, 1.0, 0.6174735330126351)
0.5200000000000001 (-13.776994691158222, 1.0, 0.5789115051475322)
0.5400000000000001 (-13.752895527379712, 1.0, 0.5279392987953825)
0.5600000000000002 (-13.718390398244978, 1.0, 0.471844085935867)
0.5800000000000002 (-13.678849856230077, 1.0, 0.41207371152707745)
0.6000000000000002 (-13.640230830735272, 1.0, 0.354148503945638)
0.6200000000000002 (-13.608291493657081, 1.0, 0.3018311847044554)
0.6400000000000002 (-13.58008098220644, 1.0, 0.2477546142563248)
0.6600000000000003 (-13.551843218910266, 1.0, 0.18658719093966092)
0.6800000000000003 (-13.51926365167295, 1.0, 0.11618951860186691)
0.7000000000000003 (-13.472970115552247, 1.0, 0.03475460939809733)
0.7200000000000003 (-13.405443689678238, 1.0, -0.05865286686297518)
0.7400000000000003 (-13.318613440491236, 1.0, -0.161650655408832)
0.7600000000000003 (-13.221163044883715, 1.0, -0.2696313495566274)
0.7800000000000004 (-13.12097617689429, 1.0, -0.37607311307565205)
0.8000000000000004 (-13.028150365071053, 1.0, -0.4757973629027308)
0.8200000000000004 (-12.950545515209654, 1.0, -0.5664300675544527)
0.8400000000000004 (-12.892149624060476, 1.0, -0.6479363761238016)
0.8600000000000004 (-12.854040640403339, 1.0, -0.7219504336355977)
0.8800000000000004 (-12.837102750763247, 1.0, -0.7914608401689932)
0.9000000000000005 (-12.844881938419892, 1.0, -0.8763179303260334)
0.9200000000000005 (-12.867769969693125, 1.0, -0.9722481325783539)
0.9400000000000005 (-12.906325797324184, 1.0, -1.0643339862543812)
0.9600000000000005 (-12.963719585568379, 1.0, -1.1490290101614864)
0.9800000000000005 (-13.04222673948072, 1.0, -1.2303679485207313)
1.0000000000000004 (-13.14241175210657, 1.0, -1.3125067743694585)
1.0200000000000005 (-13.264293275850115, 1.0, -1.3971301850135205)
1.0400000000000005 (-13.37023728648174, 1.0, -1.4856907863856628)
1.0600000000000005 (-13.416501932914418, 1.0, -1.579436955826291)
1.0800000000000005 (-13.480614418703325, 1.0, -1.6831628935058283)
1.1000000000000005 (-13.557939369889908, 1.0, -1.7880059317945192)
1.1200000000000006 (-13.643760216931971, 1.0, -1.8930586124121154)
1.1400000000000006 (-13.736217095301193, 1.0, -2.0077820855040045)
1.1600000000000006 (-13.837607399533134, 1.0, -2.1421038062099207)
1.1800000000000006 (-13.948410285244702, 1.0, -2.2917451658763475)
1.2000000000000006 (-14.063068542920812, 1.0, -2.4453592661850543)
1.2200000000000006 (-14.17736935894726, 1.0, -2.5827952783724095)
1.2400000000000007 (-14.28985304749195, 1.0, -2.6908245784537783)
1.2600000000000007 (-14.393547816976316, 1.0, -2.764895812962287)
1.2800000000000007 (-14.482057099254638, 1.0, -2.8070501219150086)
1.3000000000000007 (-14.551116037301904, 1.0, -2.8222179409591814)
1.3200000000000007 (-14.599988264422985, 1.0, -2.812399790381666)
1.3400000000000007 (-14.631029321792852, 1.0, -2.778111267017732)
1.3600000000000008 (-14.64762645411412, 1.0, -2.7209313728418763)
1.3800000000000008 (-14.653396864018466, 1.0, -2.6462387457587053)
1.4000000000000008 (-14.64354216521824, 1.0, -2.563802999115417)
1.4200000000000008 (-14.614804008757686, 1.0, -2.487188446405686)
1.4400000000000008 (-14.572093888409077, 1.0, -2.4181715646012525)
1.4600000000000009 (-14.520224109216745, 1.0, -2.355448553407917)
1.4800000000000009 (-14.464173608820953, 1.0, -2.2935736939895746)
1.5000000000000009 (-14.40519544894832, 1.0, -2.2257398163762407)
1.520000000000001 (-14.348116601085648, 1.0, -2.1432122570637717)
1.540000000000001 (-14.305836458037275, 1.0, -2.0438552052463015)
1.560000000000001 (-14.282251856651824, 1.0, -1.9294798188881819)
1.580000000000001 (-14.273060144853028, 1.0, -1.7953615994229921)
1.600000000000001 (-14.270789649639788, 1.0, -1.639315041743773)
1.620000000000001 (-14.268024305443408, 1.0, -1.476174029097685)
1.640000000000001 (-14.270270320653252, 1.0, -1.3132263573721834)
1.660000000000001 (-14.28161304008775, 1.0, -1.1544809932458513)
1.680000000000001 (-14.298047926434492, 1.0, -1.002570793535232)
1.700000000000001 (-14.314773464812031, 1.0, -0.8595004875050882)
1.720000000000001 (-14.326307833130517, 1.0, -0.7288383340383902)
1.740000000000001 (-14.326973777271995, 1.0, -0.6148848026400872)
1.7600000000000011 (-14.311317539910572, 1.0, -0.5217797879591768)
1.7800000000000011 (-14.274985787108005, 1.0, -0.45211842595293833)
1.8000000000000012 (-14.215017157914328, 1.0, -0.4068428196108924)
1.8200000000000012 (-14.138672531021792, 1.0, -0.38135139517208916)
1.8400000000000012 (-14.061630707816695, 1.0, -0.3684561369852967)
1.8600000000000012 (-13.989952216785992, 1.0, -0.3646311917566766)
1.8800000000000012 (-13.929400595189376, 1.0, -0.36472280321733186)
1.9000000000000012 (-13.885000067390802, 1.0, -0.36435598917615264)
1.9200000000000013 (-13.859195220509186, 1.0, -0.36049184403947776)
1.9400000000000013 (-13.85200962438366, 1.0, -0.3509921218947462)
1.9600000000000013 (-13.862099990595329, 1.0, -0.3335853314924302)
1.9800000000000013 (-13.886872444483704, 1.0, -0.30731833366727374)
2.0000000000000013 (-13.924620101903333, 1.0, -0.2816438972892919)
2.0200000000000014 (-13.974105848078128, 1.0, -0.2620872287965001)
2.0400000000000014 (-14.031312821378789, 1.0, -0.2518050463719724)
2.0600000000000014 (-14.084216197752955, 1.0, -0.2516500597320006)
2.0800000000000014 (-14.126215061688292, 1.0, -0.25863112424155393)
2.1000000000000014 (-14.158923258328187, 1.0, -0.26577542479355604)
2.1200000000000014 (-14.178563048578782, 1.0, -0.2633027068869006)
2.1400000000000015 (-14.17269727059623, 1.0, -0.24829961257858812)
2.1600000000000015 (-14.136501370504241, 1.0, -0.21452781483151767)
2.1800000000000015 (-14.080011672578436, 1.0, -0.15136492489092018)
2.2000000000000015 (-14.010666477834583, 1.0, -0.06669656540831753)
2.2200000000000015 (-13.93019640504672, 1.0, 0.024412145140059342)
2.2400000000000015 (-13.83576766844789, 1.0, 0.11793913898907313)
2.2600000000000016 (-13.729704344298742, 1.0, 0.21566208130537334)
2.2800000000000016 (-13.617866892266774, 1.0, 0.31848997014549796)
2.3000000000000016 (-13.50438769113089, 1.0, 0.4197364327840333)
2.3200000000000016 (-13.392784377451255, 1.0, 0.5112823322415531)
2.3400000000000016 (-13.289903057714263, 1.0, 0.5920040250751448)
2.3600000000000017 (-13.203600676927291, 1.0, 0.6615006129618868)
2.3800000000000017 (-13.162589382517654, 1.0, 0.7159975706758805)
2.4000000000000017 (-13.147190229627551, 1.0, 0.7580566656362561)
2.4200000000000017 (-13.143916732606868, 1.0, 0.7944986224100102)
2.4400000000000017 (-13.147085224561962, 1.0, 0.8334268086253798)
2.4600000000000017 (-13.16499991238774, 1.0, 0.8679907584765606)
2.4800000000000018 (-13.201394920069841, 1.0, 0.8940878921217041)
2.5000000000000018 (-13.240841805727161, 1.0, 0.9157451975997315)
2.520000000000002 (-13.266090499625903, 1.0, 0.9368772813962548)
2.540000000000002 (-13.272987897591278, 1.0, 0.9547761546104264)
2.560000000000002 (-13.262120362788087, 1.0, 0.9677398440541418)
2.580000000000002 (-13.242413294066353, 1.0, 0.9808848035168305)
2.600000000000002 (-13.220310612512625, 1.0, 0.998278282764305)
2.620000000000002 (-13.20391350695497, 1.0, 1.0122386690770848)
2.640000000000002 (-13.198382165439185, 1.0, 1.0187584813865156)
2.660000000000002 (-13.20254314659145, 1.0, 1.017764001171357)
2.680000000000002 (-13.215052815594722, 1.0, 1.0113284540843397)
2.700000000000002 (-13.22753422122145, 1.0, 0.9910490455504493)
2.720000000000002 (-13.234550808430885, 1.0, 0.9536162301349291)
2.740000000000002 (-13.229166524300128, 1.0, 0.8949558387900558)
2.760000000000002 (-13.199013442579366, 1.0, 0.8091211343722053)
2.780000000000002 (-13.134104940384665, 1.0, 0.6945817658617794)
2.800000000000002 (-13.048363152191806, 1.0, 0.5659026325275821)
2.820000000000002 (-12.961769986756716, 1.0, 0.4331354726801546)
2.840000000000002 (-12.880396548817611, 1.0, 0.2963538330979244)
2.860000000000002 (-12.807460171482292, 1.0, 0.15188343146088004)
2.880000000000002 (-12.75911310040001, 1.0, 0.014028339357291454)
2.900000000000002 (-12.762038999820732, 1.0, -0.09860162978839637)
2.920000000000002 (-12.792028251029842, 1.0, -0.2009225238318395)
2.940000000000002 (-12.842755988384996, 1.0, -0.2981166322900368)
2.960000000000002 (-12.912700553970517, 1.0, -0.3933473749165809)
2.980000000000002 (-13.000138379247733, 1.0, -0.48894297783548346)
3.000000000000002 (-13.10278572030585, 1.0, -0.5869326173661411)
3.0200000000000022 (-13.217277166041791, 1.0, -0.6874698448881523)
3.0400000000000023 (-13.340564954769535, 1.0, -0.7820845625633596)
3.0600000000000023 (-13.471573085756772, 1.0, -0.8676655035015249)
3.0800000000000023 (-13.62066863733203, 1.0, -0.9489078862723941)
3.1000000000000023 (-13.789680258979939, 1.0, -1.0288033977291327)
3.1200000000000023 (-13.948782029617457, 1.0, -1.1115105867744148)
3.1400000000000023 (-14.064794881313217, 1.0, -1.213996329000408)
3.1600000000000024 (-14.174652376420804, 1.0, -1.3105544919625178)
3.1800000000000024 (-14.271685548700733, 1.0, -1.3950202543418837)
3.2000000000000024 (-14.351747202124907, 1.0, -1.4568721644771325)
3.2200000000000024 (-14.41289998286101, 1.0, -1.4904021805348862)
3.2400000000000024 (-14.45064704261971, 1.0, -1.4974184991034651)
3.2600000000000025 (-14.459962595152426, 1.0, -1.4783682088086059)
3.2800000000000025 (-14.424797052900265, 1.0, -1.4528885432652079)
3.3000000000000025 (-14.350246569351574, 1.0, -1.4266256739001117)
3.3200000000000025 (-14.250132968628026, 1.0, -1.4008710224863716)
3.3400000000000025 (-14.138870597741883, 1.0, -1.3695086434186947)
3.3600000000000025 (-14.024122517080805, 1.0, -1.3277510919296547)
3.3800000000000026 (-13.912044451105713, 1.0, -1.2729508963885199)
3.4000000000000026 (-13.806469528251485, 1.0, -1.2041361906823809)
3.4200000000000026 (-13.709773442764172, 1.0, -1.120656461707148)
3.4400000000000026 (-13.626999568912632, 1.0, -1.0215399716745328)
3.4600000000000026 (-13.56529798488779, 1.0, -0.9201203897045372)
3.4800000000000026 (-13.529920194235245, 1.0, -0.8303339696799346)
3.5000000000000027 (-13.522327682202567, 1.0, -0.7591640459180681)
3.5200000000000027 (-13.542812282639435, 1.0, -0.708318470404319)
3.5400000000000027 (-13.590065491042614, 1.0, -0.6761331507464856)
3.5600000000000027 (-13.653775571523445, 1.0, -0.6529831716635887)
3.5800000000000027 (-13.714988696672972, 1.0, -0.6237220752527338)
3.6000000000000028 (-13.762353059845562, 1.0, -0.5808999484188884)
3.6200000000000028 (-13.794037557568751, 1.0, -0.5237695716929173)
3.640000000000003 (-13.815401947202991, 1.0, -0.45063028625942403)
3.660000000000003 (-13.83134653074581, 1.0, -0.36354563298398906)
3.680000000000003 (-13.847030243627795, 1.0, -0.27181610619173757)
3.700000000000003 (-13.863613596429941, 1.0, -0.18710941938056252)
3.720000000000003 (-13.879811525292585, 1.0, -0.11504351274068235)
3.740000000000003 (-13.892126714416195, 1.0, -0.05806081771365168)
3.760000000000003 (-13.892261667468066, 1.0, -0.02698557172325559)
3.780000000000003 (-13.874485002218519, 1.0, -0.032267488989888765)
3.800000000000003 (-13.83495583271441, 1.0, -0.07802771614545323)
3.820000000000003 (-13.784452279273273, 1.0, -0.1456233285491996)
3.840000000000003 (-13.736486292334956, 1.0, -0.22395805245302916)
3.860000000000003 (-13.698095868009684, 1.0, -0.30978864112288856)
3.880000000000003 (-13.673683403461114, 1.0, -0.40270254574658454)
3.900000000000003 (-13.663047424450781, 1.0, -0.5045884497413893)
3.920000000000003 (-13.663539646251069, 1.0, -0.6077610097643406)
3.940000000000003 (-13.679250284797936, 1.0, -0.6998455572723148)
3.960000000000003 (-13.713413597096975, 1.0, -0.7771047251472162)
3.980000000000003 (-13.767910521764728, 1.0, -0.8413687682133917)
4.000000000000003 (-13.843512695120072, 1.0, -0.8957435782535874)
4.020000000000002 (-13.940858897792904, 1.0, -0.942324422905839)
4.040000000000002 (-14.05980864777499, 1.0, -0.9819443188206102)
4.060000000000001 (-14.19348575393617, 1.0, -1.0150468687746919)
4.080000000000001 (-14.32075713026128, 1.0, -1.039353933538565)
4.1000000000000005 (-14.423338077552533, 1.0, -1.0519269448410205)
4.12 (-14.491544255326518, 1.0, -1.054333481780107)
4.14 (-14.523064954574533, 1.0, -1.0494500999776428)
4.159999999999999 (-14.516374771631975, 1.0, -1.0415373855428314)
4.179999999999999 (-14.470261678614548, 1.0, -1.0350116183308968)
4.199999999999998 (-14.387221540686511, 1.0, -1.0291738788143583)
4.219999999999998 (-14.274033227824766, 1.0, -1.0104884090539665)
4.2399999999999975 (-14.143086660392694, 1.0, -0.9676471951605853)
4.259999999999997 (-13.999737445178784, 1.0, -0.8905734182166946)
4.279999999999997 (-13.843620864090234, 1.0, -0.781411715663428)
4.299999999999996 (-13.688181422718163, 1.0, -0.653804094779616)
4.319999999999996 (-13.538028586754583, 1.0, -0.5119361400111562)
4.339999999999995 (-13.387748489435632, 1.0, -0.3632602852556871)
4.359999999999995 (-13.239264115542413, 1.0, -0.2187538632777097)
4.379999999999995 (-13.111032856278861, 1.0, -0.08682767538577191)
4.399999999999994 (-13.012681088855874, 1.0, 0.02754962261092929)
4.419999999999994 (-12.943903473612165, 1.0, 0.12143365923667616)
4.439999999999993 (-12.901795701412865, 1.0, 0.1944803615690817)
4.459999999999993 (-12.885424205056994, 1.0, 0.25157275062197915)
4.479999999999992 (-12.893533307332289, 1.0, 0.299759336492187)
4.499999999999992 (-12.924122269359037, 1.0, 0.3412486120258251)
4.519999999999992 (-12.976850750202917, 1.0, 0.37670959647549784)
4.539999999999991 (-13.051520126563267, 1.0, 0.40633355447622277)
4.559999999999991 (-13.136465947024115, 1.0, 0.432599972645103)
4.57999999999999 (-13.215774878666656, 1.0, 0.45869842941289846)
4.59999999999999 (-13.286397958507557, 1.0, 0.48873592611268096)
4.6199999999999894 (-13.342956933668356, 1.0, 0.5270959035958109)
4.639999999999989 (-13.380437242161113, 1.0, 0.5708877899578744)
4.659999999999989 (-13.397407735473193, 1.0, 0.6209171209750054)
4.679999999999988 (-13.40120205442575, 1.0, 0.6807048726525109)
4.699999999999988 (-13.404484277563764, 1.0, 0.741221916182505)
4.719999999999987 (-13.412614608972381, 1.0, 0.7889141389045266)
4.739999999999987 (-13.418962949462992, 1.0, 0.813926503768505)
4.7599999999999865 (-13.415623380709459, 1.0, 0.807307240671464)
4.779999999999986 (-13.396715745878492, 1.0, 0.7619231669652264)
4.799999999999986 (-13.359954040928784, 1.0, 0.6796317754430474)
4.819999999999985 (-13.320552425019216, 1.0, 0.5859564152000586)
4.839999999999985 (-13.286844518273602, 1.0, 0.4880087669548478)
4.859999999999984 (-13.264089512606068, 1.0, 0.3885269973687266)
4.879999999999984 (-13.255003984652259, 1.0, 0.2856988884731347)
4.8999999999999835 (-13.258575433212949, 1.0, 0.17753474352775545)
4.919999999999983 (-13.271894754325954, 1.0, 0.07500408672378929)
4.939999999999983 (-13.297866614403771, 1.0, -0.011816448285254633)
4.959999999999982 (-13.348127769185183, 1.0, -0.07218193371645339)
4.979999999999982 (-13.434531536470747, 1.0, -0.1077590122483792)
4.999999999999981 (-13.540555489935981, 1.0, -0.13279827257153495)
5.019999999999981 (-13.65485416261684, 1.0, -0.155654685022102)
5.0399999999999805 (-13.77744793565891, 1.0, -0.17260356880546102)
5.05999999999998 (-13.917593980304165, 1.0, -0.18122453309660205)
5.07999999999998 (-14.073783859060216, 1.0, -0.18428517187499507)
5.099999999999979 (-14.234098079351144, 1.0, -0.18701946236422934)
5.119999999999979 (-14.381167042062968, 1.0, -0.18938654182802933)
5.139999999999978 (-14.501762796379658, 1.0, -0.18744277270619997)
5.159999999999978 (-14.591655573309392, 1.0, -0.18121146765497329)
5.1799999999999775 (-14.65112478608529, 1.0, -0.17297677331297867)
5.199999999999977 (-14.678557069680469, 1.0, -0.16446066737535317)
5.219999999999977 (-14.670179531253822, 1.0, -0.1582660016423138)
5.239999999999976 (-14.624054209866204, 1.0, -0.158760400028998)
5.259999999999976 (-14.543768622464476, 1.0, -0.16992121275191063)
5.279999999999975 (-14.43892923902291, 1.0, -0.18686621156170102)
5.299999999999975 (-14.318445389205817, 1.0, -0.19447142235464793)
5.3199999999999745 (-14.184837797927246, 1.0, -0.18218070348345253)
5.339999999999974 (-14.046260155538734, 1.0, -0.15500477385404113)
5.359999999999974 (-13.908881227060224, 1.0, -0.11092259841289472)
5.379999999999973 (-13.776241331772106, 1.0, -0.04674410422864651)
5.399999999999973 (-13.650132656803141, 1.0, 0.03878935705700412)
5.419999999999972 (-13.531752877806499, 1.0, 0.13965707287566453)
5.439999999999972 (-13.43240050036702, 1.0, 0.24200526060469202)
5.4599999999999715 (-13.362725156568398, 1.0, 0.3362402325257723)
5.479999999999971 (-13.325518698572889, 1.0, 0.41909805515585796)
5.499999999999971 (-13.321152468197829, 1.0, 0.4907165364200928)
5.51999999999997 (-13.348493421657983, 1.0, 0.5523752752805595)
5.53999999999997 (-13.397683860929881, 1.0, 0.6077164492116446)
5.559999999999969 (-13.444829647157738, 1.0, 0.6644902456523657)
5.579999999999969 (-13.475859827234688, 1.0, 0.727146425214235)
5.599999999999969 (-13.488932391573611, 1.0, 0.7964227615244109)
5.619999999999968 (-13.485714715750097, 1.0, 0.875545761011998)
5.639999999999968 (-13.469280863127201, 1.0, 0.9668867778715852)
5.659999999999967 (-13.449438252835975, 1.0, 1.0663935302365757)
5.679999999999967 (-13.434315371257247, 1.0, 1.159961977225228)
5.699999999999966 (-13.423685261142023, 1.0, 1.2409943907935528)
5.719999999999966 (-13.41574518634457, 1.0, 1.3064704355082728)
5.739999999999966 (-13.40599142942967, 1.0, 1.3496760484581212)
5.759999999999965 (-13.39074215586839, 1.0, 1.3576718132324241)
5.779999999999965 (-13.366710813187442, 1.0, 1.3221857029417368)
5.799999999999964 (-13.331575493320612, 1.0, 1.2472001835892552)
5.819999999999964 (-13.29630209835296, 1.0, 1.160123489185043)
5.839999999999963 (-13.26775293021047, 1.0, 1.0679326957981554)
5.859999999999963 (-13.250679436207841, 1.0, 0.974587437185984)
5.879999999999963 (-13.248176690197345, 1.0, 0.8797194087321865)
5.899999999999962 (-13.260489442368678, 1.0, 0.7809249985012062)
5.919999999999962 (-13.282462127383452, 1.0, 0.6866052536821656)
5.939999999999961 (-13.314459793135752, 1.0, 0.6089227902293897)
5.959999999999961 (-13.365843608210078, 1.0, 0.5622383566836664)
5.9799999999999605 (-13.447413909912335, 1.0, 0.5470333967116011)
5.99999999999996 (-13.545365702758133, 1.0, 0.545288703548333)
6.01999999999996 (-13.650433608501544, 1.0, 0.5461031626344953)
6.039999999999959 (-13.764512920259879, 1.0, 0.5566761319768715)
6.059999999999959 (-13.893909678326539, 1.0, 0.5789612084705174)
6.079999999999958 (-14.036902754205828, 1.0, 0.6103975544449837)
6.099999999999958 (-14.179627618315775, 1.0, 0.644946062713107)
6.1199999999999575 (-14.303086951839349, 1.0, 0.681621541943352)
6.139999999999957 (-14.397246921252984, 1.0, 0.7190475129787249)
6.159999999999957 (-14.460065894180248, 1.0, 0.7537129065194589)
6.179999999999956 (-14.49197926181705, 1.0, 0.7831187242499704)
6.199999999999956 (-14.491032719575156, 1.0, 0.8042874239659195)
6.219999999999955 (-14.45464965764369, 1.0, 0.8126573040784274)
6.239999999999955 (-14.384040937079448, 1.0, 0.8040300364768985)
6.2599999999999545 (-14.283003890539096, 1.0, 0.7906429699085672)
6.279999999999954 (-14.157619990076197, 1.0, 0.7912983986880606)
6.299999999999954 (-14.013273144446174, 1.0, 0.8161074544043285)
6.319999999999953 (-13.862737922200155, 1.0, 0.8560341417340545)
6.339999999999953 (-13.711311336882854, 1.0, 0.9139257648444992)
6.359999999999952 (-13.561712544944461, 1.0, 0.992439034195883)
6.379999999999952 (-13.413512338747141, 1.0, 1.0862986522664282)
6.3999999999999515 (-13.275694857290677, 1.0, 1.184260485858963)
6.419999999999951 (-13.163383052196203, 1.0, 1.2778442371448666)
6.439999999999951 (-13.081749431998476, 1.0, 1.3615494408874453)
6.45999999999995 (-13.030932395720365, 1.0, 1.4332934284520342)
6.47999999999995 (-13.009117306937034, 1.0, 1.4937595872892144)
6.499999999999949 (-13.014669864479773, 1.0, 1.547192161916048)
6.519999999999949 (-13.042517616128723, 1.0, 1.5945240397794462)
6.5399999999999485 (-13.07378674567042, 1.0, 1.636832779957994)
6.559999999999948 (-13.08856186265277, 1.0, 1.6748113596293002)
6.579999999999948 (-13.079780543876016, 1.0, 1.7098993537418368)
6.599999999999947 (-13.0536781368945, 1.0, 1.7479152945502043)
6.619999999999947 (-13.018711080580342, 1.0, 1.7908025577695832)
6.639999999999946 (-12.979435338230127, 1.0, 1.8405721633013057)
6.659999999999946 (-12.941518234643185, 1.0, 1.8999935689857614)
6.6799999999999455 (-12.912914278015515, 1.0, 1.955863717413081)
6.699999999999945 (-12.892433181325893, 1.0, 1.9998481219947366)
6.719999999999945 (-12.87836578522001, 1.0, 2.028931044942684)
6.739999999999944 (-12.86740933671093, 1.0, 2.0362509933968393)
6.759999999999944 (-12.855983609223602, 1.0, 2.0082466641751417)
6.779999999999943 (-12.839624853476439, 1.0, 1.9366627747343717)
6.799999999999943 (-12.816215384332388, 1.0, 1.8306186333133676)
6.8199999999999426 (-12.793607330969522, 1.0, 1.7139226275781927)
6.839999999999942 (-12.776745020914548, 1.0, 1.5909311297623063)
6.859999999999942 (-12.769524239105749, 1.0, 1.4625873271292742)
6.879999999999941 (-12.77281400837472, 1.0, 1.3280835878788586)
6.899999999999941 (-12.799455950223306, 1.0, 1.2360759443139617)
6.91999999999994 (-12.851504328259905, 1.0, 1.1819906230739374)
6.93999999999994 (-12.917038474785967, 1.0, 1.1436544987435016)
6.95999999999994 (-12.997385692716177, 1.0, 1.1167048504134278)
6.979999999999939 (-13.093238252859711, 1.0, 1.0977286096830112)
6.999999999999939 (-13.200401296562132, 1.0, 1.0864810913610297)
7.019999999999938 (-13.312449048716863, 1.0, 1.0906955476758045)
7.039999999999938 (-13.428188835511385, 1.0, 1.1162064345534208)
7.059999999999937 (-13.545812321637097, 1.0, 1.160303147654003)
7.079999999999937 (-13.66738087712955, 1.0, 1.2249397677711766)
7.099999999999937 (-13.794507496853306, 1.0, 1.3098182081638927)
7.119999999999936 (-13.911781520656184, 1.0, 1.3586959131896372)
7.139999999999936 (-14.024873274470771, 1.0, 1.3900102689814053)
7.159999999999935 (-14.12997258175235, 1.0, 1.422495011049419)
7.179999999999935 (-14.215044781567954, 1.0, 1.464694476927034)
7.1999999999999345 (-14.272682665468048, 1.0, 1.517461763634712)
7.219999999999934 (-14.299844515094108, 1.0, 1.5766336253011313)
7.239999999999934 (-14.298354729568302, 1.0, 1.635769658868579)
7.259999999999933 (-14.266995257784075, 1.0, 1.6741060022966856)
7.279999999999933 (-14.207872283244619, 1.0, 1.6906553768801011)
7.299999999999932 (-14.123917156972224, 1.0, 1.6896668592441209)
7.319999999999932 (-14.019498614010299, 1.0, 1.6823296558760712)
7.3399999999999315 (-13.901754300768163, 1.0, 1.6781456785034305)
7.359999999999931 (-13.776868920632735, 1.0, 1.6832164247008963)
7.379999999999931 (-13.64905200896409, 1.0, 1.7012106169158592)
7.39999999999993 (-13.52045640374861, 1.0, 1.733367368946747)
7.41999999999993 (-13.393366707302656, 1.0, 1.7836125973055346)
7.439999999999929 (-13.275449216548322, 1.0, 1.8503401173585303)
7.459999999999929 (-13.178549985396563, 1.0, 1.9243793724272231)
7.4799999999999285 (-13.106284625623301, 1.0, 1.9967391962280172)
7.499999999999928 (-13.057348650069489, 1.0, 2.0634088903309924)
7.519999999999928 (-13.02640287754355, 1.0, 2.124038580434399)
7.539999999999927 (-12.995657486148039, 1.0, 2.1787058023644623)
7.559999999999927 (-12.952852098794047, 1.0, 2.225474172637241)
7.579999999999926 (-12.897532983093551, 1.0, 2.2648709774454914)
7.599999999999926 (-12.835803765385053, 1.0, 2.2983303939690516)
7.6199999999999255 (-12.769407788496151, 1.0, 2.3350984706880995)
7.639999999999925 (-12.701634155086929, 1.0, 2.3808107992207006)
7.659999999999925 (-12.635430385006465, 1.0, 2.435845606644944)
7.679999999999924 (-12.576727738285198, 1.0, 2.497072587884886)
7.699999999999924 (-12.53035107121533, 1.0, 2.551315292039237)
7.719999999999923 (-12.494884149234196, 1.0, 2.5922179905763185)
7.739999999999923 (-12.46883420118373, 1.0, 2.616117041204672)
7.7599999999999225 (-12.449895469767862, 1.0, 2.6123727760281277)
7.779999999999922 (-12.436326648140126, 1.0, 2.568551981663916)
7.799999999999922 (-12.424009498486571, 1.0, 2.478124784517045)
7.819999999999921 (-12.411170165116802, 1.0, 2.362174813871328)
7.839999999999921 (-12.402992279642493, 1.0, 2.2413521711390683)
7.85999999999992 (-12.402912441416579, 1.0, 2.1211597200249432)
7.87999999999992 (-12.41492302950908, 1.0, 2.0030551194683346)
7.8999999999999195 (-12.440252349464265, 1.0, 1.8881064393960245)
7.919999999999919 (-12.474204495279144, 1.0, 1.8244363157148864)
7.939999999999919 (-12.517586552657002, 1.0, 1.8018750814082058)
7.959999999999918 (-12.567096456899336, 1.0, 1.8024511037218318)
7.979999999999918 (-12.623250636843897, 1.0, 1.8209269842005134)
7.999999999999917 (-12.686432257730349, 1.0, 1.8543940287635488)
8.019999999999918 (-12.757865319906752, 1.0, 1.8985480202648044)
8.039999999999917 (-12.840006364429959, 1.0, 1.9460120501125282)
8.059999999999917 (-12.930133347481721, 1.0, 1.9901681987665398)
8.079999999999917 (-13.023049103383757, 1.0, 2.0383107620090484)
8.099999999999916 (-13.121240878989898, 1.0, 2.105295017368109)
8.119999999999916 (-13.217339718003013, 1.0, 2.1913361231211197)
8.139999999999915 (-13.302129340782479, 1.0, 2.2827026348075945)
8.159999999999915 (-13.366833638846622, 1.0, 2.365515695414835)
8.179999999999914 (-13.407553294308109, 1.0, 2.4337306984998213)
8.199999999999914 (-13.423278076704396, 1.0, 2.486432818121941)
8.219999999999914 (-13.414016002942398, 1.0, 2.5251640545075227)
8.239999999999913 (-13.380971511248543, 1.0, 2.5486183672634755)
8.259999999999913 (-13.325446265917597, 1.0, 2.5542214503153757)
8.279999999999912 (-13.245433526161635, 1.0, 2.55223588180245)
8.299999999999912 (-13.138259385702211, 1.0, 2.553634766440396)
8.319999999999911 (-13.013199846963047, 1.0, 2.557585396648287)
8.339999999999911 (-12.88087042693981, 1.0, 2.5705846055448314)
8.35999999999991 (-12.747615352041699, 1.0, 2.597409463025209)
8.37999999999991 (-12.614520104524367, 1.0, 2.638922516278235)
8.39999999999991 (-12.487414349018039, 1.0, 2.689921352055204)
8.41999999999991 (-12.37767658842653, 1.0, 2.746096927317936)
8.439999999999909 (-12.289970072688945, 1.0, 2.8030236823519847)
8.459999999999908 (-12.2244798305942, 1.0, 2.857321498885094)
8.479999999999908 (-12.17854602095394, 1.0, 2.905896914376461)
8.499999999999908 (-12.14640491131767, 1.0, 2.942936094459513)
8.519999999999907 (-12.127159284777834, 1.0, 2.9627326395684825)
8.539999999999907 (-12.113028872086872, 1.0, 2.9635510167570063)
8.559999999999906 (-12.095281345812962, 1.0, 2.945511338898176)
8.579999999999906 (-12.077720571215865, 1.0, 2.915168136181325)
8.599999999999905 (-12.065484196015484, 1.0, 2.8839973690077407)
8.619999999999905 (-12.057227182159103, 1.0, 2.859810131207392)
8.639999999999905 (-12.049482973429212, 1.0, 2.844286348404926)
8.659999999999904 (-12.04178755173129, 1.0, 2.8394264928855057)
8.679999999999904 (-12.043242381148483, 1.0, 2.8411117679748403)
8.699999999999903 (-12.059511581256805, 1.0, 2.8367231852029637)
8.719999999999903 (-12.089568500672659, 1.0, 2.820494430809903)
8.739999999999903 (-12.130709210744204, 1.0, 2.7862680117976657)
8.759999999999902 (-12.182097065623545, 1.0, 2.7213371234217747)
8.779999999999902 (-12.241480871989056, 1.0, 2.6168152423269753)
8.799999999999901 (-12.304766796805435, 1.0, 2.488886870953195)
8.8199999999999 (-12.371289051954314, 1.0, 2.3502509417789255)
8.8399999999999 (-12.435092294063315, 1.0, 2.2048881766836264)
8.8599999999999 (-12.490020925040909, 1.0, 2.0730984598653306)
8.8799999999999 (-12.540958676769003, 1.0, 1.9747664861185033)
8.899999999999899 (-12.61706284934805, 1.0, 1.92068914945442)
8.919999999999899 (-12.708086586619661, 1.0, 1.8817565076940355)
8.939999999999898 (-12.809611410958023, 1.0, 1.8529381285171087)
8.959999999999898 (-12.913449881358401, 1.0, 1.8398770840410656)
8.979999999999897 (-13.014374687599124, 1.0, 1.849785709063882)
8.999999999999897 (-13.113541315780687, 1.0, 1.8856219900377744)
9.019999999999897 (-13.213889333240752, 1.0, 1.9479322709109548)
9.039999999999896 (-13.311805050551877, 1.0, 2.036842784257654)
9.059999999999896 (-13.40396818805277, 1.0, 2.1525242469142194)
9.079999999999895 (-13.488522586128243, 1.0, 2.249228574513312)
9.099999999999895 (-13.572367898122708, 1.0, 2.3053089430335447)
9.119999999999894 (-13.665068729648995, 1.0, 2.3641597271619665)
9.139999999999894 (-13.769883185484794, 1.0, 2.4300609635793946)
9.159999999999894 (-13.882299877854798, 1.0, 2.5015446936371646)
9.179999999999893 (-13.987410365357604, 1.0, 2.576832365514867)
9.199999999999893 (-14.072685189715061, 1.0, 2.6559824027548484)
9.219999999999892 (-14.131739411018318, 1.0, 2.7358817345509228)
9.239999999999892 (-14.161498134636801, 1.0, 2.8121526650249526)
9.259999999999891 (-14.161228676352414, 1.0, 2.8825828188827813)
9.279999999999891 (-14.131471585047594, 1.0, 2.947948292238913)
9.29999999999989 (-14.07983677376587, 1.0, 2.994251129873507)
9.31999999999989 (-14.012187211907202, 1.0, 3.0080190149492467)
9.33999999999989 (-13.931794353971277, 1.0, 2.9969367032305985)
9.35999999999989 (-13.840488759443662, 1.0, 2.973042013285277)
9.379999999999889 (-13.740164667319068, 1.0, 2.9482236965221458)
9.399999999999888 (-13.632273738185503, 1.0, 2.927901694718248)
9.419999999999888 (-13.518389789130863, 1.0, 2.915975558382103)
9.439999999999888 (-13.400321854247508, 1.0, 2.915547573405864)
9.459999999999887 (-13.27842742865551, 1.0, 2.933520741834601)
9.479999999999887 (-13.15718409390928, 1.0, 2.9679673241373217)
9.499999999999886 (-13.047040772748334, 1.0, 3.012129978809185)
9.519999999999886 (-12.951511156903495, 1.0, 3.0593526211143143)
9.539999999999885 (-12.862355291316822, 1.0, 3.1027875826746043)
9.559999999999885 (-12.769163369719333, 1.0, 3.135109834697014)
9.579999999999885 (-12.670255512893624, 1.0, 3.1566121868524437)
9.599999999999884 (-12.566850229616437, 1.0, 3.1731341109448867)
9.619999999999884 (-12.46231761997138, 1.0, 3.1936844299510545)
9.639999999999883 (-12.358473212740453, 1.0, 3.2213758084678705)
9.659999999999883 (-12.25477239353551, 1.0, 3.2579561403609762)
9.679999999999882 (-12.152362089088086, 1.0, 3.3066429705880203)
9.699999999999882 (-12.062000685989805, 1.0, 3.360713815343773)
9.719999999999882 (-11.986617588032557, 1.0, 3.407439236253044)
9.739999999999881 (-11.925945477970469, 1.0, 3.4410647836439727)
9.75999999999988 (-11.879804740509712, 1.0, 3.4576731916678085)
9.77999999999988 (-11.851846528023698, 1.0, 3.4456356225078326)
9.79999999999988 (-11.844810916308207, 1.0, 3.3947222887922677)
9.81999999999988 (-11.856570436895451, 1.0, 3.2986295195792614)
9.839999999999879 (-11.87433133822732, 1.0, 3.187276603700426)
9.859999999999879 (-11.895120493753216, 1.0, 3.0813135789591546)
9.879999999999878 (-11.917048860883167, 1.0, 2.988700091171525)
9.899999999999878 (-11.940920388259764, 1.0, 2.9146213045128846)
9.919999999999877 (-11.968425347441071, 1.0, 2.860460348559529)
9.939999999999877 (-12.001284738230275, 1.0, 2.825612786257119)
9.959999999999877 (-12.041399857598815, 1.0, 2.808218051801089)
9.979999999999876 (-12.086575577063195, 1.0, 2.8056794568441217)
9.999999999999876 (-12.127442190400236, 1.0, 2.820872510261678)
