0.0 (-11.25, 1.0, 0.0)
0.02 (-11.249998302298417, 1.0, -0.003486190514404761)
0.04 (-11.250256188509772, 1.0, -0.04133569103176618)
0.06 (-11.252180250271799, 1.0, -0.12665086200484882)
0.08 (-11.256488883212256, 1.0, -0.2350991278737961)
0.1 (-11.263575378648271, 1.0, -0.3438098401349444)
0.12000000000000001 (-11.273765084134455, 1.0, -0.44284235557118024)
0.14 (-11.286287339808476, 1.0, -0.5318281537504208)
0.16 (-11.298963425157067, 1.0, -0.6133591640331498)
0.18 (-11.310083404147228, 1.0, -0.6881310152591591)
0.19999999999999998 (-11.317401040667455, 1.0, -0.7516119792897653)
0.21999999999999997 (-11.317995846415117, 1.0, -0.7990039829888892)
0.23999999999999996 (-11.309209418735316, 1.0, -0.8285743880493324)
0.25999999999999995 (-11.288333699679974, 1.0, -0.8391692687330536)
0.27999999999999997 (-11.256548295402373, 1.0, -0.8271215661808695)
0.3 (-11.219395588227199, 1.0, -0.7901924268275076)
0.32 (-11.178137314484728, 1.0, -0.7318233205816309)
0.34 (-11.131682276942795, 1.0, -0.6550483081951197)
0.36000000000000004 (-11.078738392135563, 1.0, -0.5604568176181022)
0.38000000000000006 (-11.018624266309239, 1.0, -0.44569726520310754)
0.4000000000000001 (-10.956430563232471, 1.0, -0.2993395896744533)
0.4200000000000001 (-10.898655379357349, 1.0, -0.11866270985502747)
0.4400000000000001 (-10.85205856968085, 1.0, 0.09921749409303063)
0.46000000000000013 (-10.824130755303024, 1.0, 0.36129749068630673)
0.48000000000000015 (-10.816462865896844, 1.0, 0.6609256350907446)
0.5000000000000001 (-10.832428880984393, 1.0, 0.9737801906468637)
0.5200000000000001 (-10.880393986507311, 1.0, 1.2733722203349018)
0.5400000000000001 (-10.95717438320309, 1.0, 1.5328909794298706)
0.5600000000000002 (-11.05105906991561, 1.0, 1.7424585868004345)
0.5800000000000002 (-11.155052967279884, 1.0, 1.9214868631303244)
0.6000000000000002 (-11.26528040684004, 1.0, 2.0803783840610603)
0.6200000000000002 (-11.382019329783974, 1.0, 2.218647355996347)
0.6400000000000002 (-11.50517416552434, 1.0, 2.3300545544031093)
0.6600000000000003 (-11.632711220217333, 1.0, 2.414451107826467)
0.6800000000000003 (-11.762931115139697, 1.0, 2.4778290069508144)
0.7000000000000003 (-11.894600178432691, 1.0, 2.5225068952035)
0.7200000000000003 (-12.027271234169032, 1.0, 2.5468727240168194)
0.7400000000000003 (-12.155312231270935, 1.0, 2.548493371553052)
0.7600000000000003 (-12.270285878862666, 1.0, 2.5282160100119815)
0.7800000000000004 (-12.375714585090266, 1.0, 2.4861508425566505)
0.8000000000000004 (-12.472069985596566, 1.0, 2.428707376824127)
0.8200000000000004 (-12.56079057224083, 1.0, 2.3628846522238485)
0.8400000000000004 (-12.644202982538332, 1.0, 2.293832365339388)
0.8600000000000004 (-12.72488882484463, 1.0, 2.2243923964287866)
0.8800000000000004 (-12.804181122444595, 1.0, 2.152858769964217)
0.9000000000000005 (-12.870718330094256, 1.0, 2.064102316056191)
0.9200000000000005 (-12.928696249580776, 1.0, 1.9727720571799305)
0.9400000000000005 (-12.992748590035973, 1.0, 1.8826425478971422)
0.9600000000000005 (-13.068747582342134, 1.0, 1.797613675385522)
0.9800000000000005 (-13.155059665274512, 1.0, 1.7171616498002085)
1.0000000000000004 (-13.24876374522493, 1.0, 1.6386074497898566)
1.0200000000000005 (-13.34819329330624, 1.0, 1.5596037276080723)
1.0400000000000005 (-13.450338340246367, 1.0, 1.4770122307288232)
1.0600000000000005 (-13.530137298159344, 1.0, 1.3858778978201238)
1.0800000000000005 (-13.590185583439341, 1.0, 1.2903181551859437)
1.1000000000000005 (-13.642919574063407, 1.0, 1.1931869165436861)
1.1200000000000006 (-13.685087594895254, 1.0, 1.09381716183743)
1.1400000000000006 (-13.702434003016041, 1.0, 0.9808764417068546)
1.1600000000000006 (-13.69209684763859, 1.0, 0.8474621588322598)
1.1800000000000006 (-13.657380080678896, 1.0, 0.6916588588944754)
1.2000000000000006 (-13.600775253820128, 1.0, 0.5205278520855973)
1.2200000000000006 (-13.524506845859564, 1.0, 0.34598611984884864)
1.2400000000000007 (-13.433772048185746, 1.0, 0.1833940821686767)
1.2600000000000007 (-13.334388376887432, 1.0, 0.040773389100219715)
1.2800000000000007 (-13.22673277313646, 1.0, -0.08404508494187557)
1.3000000000000007 (-13.110465168285861, 1.0, -0.19357596777022848)
1.3200000000000007 (-12.986513502180138, 1.0, -0.2882589935030838)
1.3400000000000007 (-12.856766688041048, 1.0, -0.3670791903723118)
1.3600000000000008 (-12.723477876553295, 1.0, -0.42920591101875544)
1.3800000000000008 (-12.594970012118738, 1.0, -0.4728191316683768)
1.4000000000000008 (-12.475705091650017, 1.0, -0.4982797178033321)
1.4200000000000008 (-12.3688743022865, 1.0, -0.504777366088781)
1.4400000000000008 (-12.276044547866732, 1.0, -0.4917483266805866)
1.4600000000000009 (-12.196921032755137, 1.0, -0.45911715412517745)
1.4800000000000009 (-12.132979523979904, 1.0, -0.40572478918496785)
1.5000000000000009 (-12.087443645352703, 1.0, -0.32809087351189753)
1.520000000000001 (-12.0589920892752, 1.0, -0.22549600535106265)
1.540000000000001 (-12.052429913237257, 1.0, -0.09305383316471807)
1.560000000000001 (-12.074255563768647, 1.0, 0.07603278851609013)
1.580000000000001 (-12.122989946736434, 1.0, 0.28169677343925387)
1.600000000000001 (-12.175749171977749, 1.0, 0.4967985460093352)
1.620000000000001 (-12.219882574334669, 1.0, 0.7000870533153664)
1.640000000000001 (-12.254924419207075, 1.0, 0.8839459524989439)
1.660000000000001 (-12.284281565751616, 1.0, 1.0518944120044824)
1.680000000000001 (-12.309503141820267, 1.0, 1.2051296142233698)
1.700000000000001 (-12.329153900923256, 1.0, 1.342288477186875)
1.720000000000001 (-12.342516928226942, 1.0, 1.462089862129234)
1.740000000000001 (-12.34980217809487, 1.0, 1.5632998091833274)
1.7600000000000011 (-12.351892215817706, 1.0, 1.6447065898074718)
1.7800000000000011 (-12.350069318546414, 1.0, 1.7048626734480177)
1.8000000000000012 (-12.345849623338708, 1.0, 1.741048641628229)
1.8200000000000012 (-12.334450858542473, 1.0, 1.7493999475595463)
1.8400000000000012 (-12.306556054470008, 1.0, 1.7335643409748063)
1.8600000000000012 (-12.260499434118936, 1.0, 1.7005220499201417)
1.8800000000000012 (-12.19682936581982, 1.0, 1.6534931480795385)
1.9000000000000012 (-12.118913340265857, 1.0, 1.5932062556752575)
1.9200000000000013 (-12.03186264870111, 1.0, 1.5186455393809721)
1.9400000000000013 (-11.940938929702048, 1.0, 1.4272581089396854)
1.9600000000000013 (-11.850214092797783, 1.0, 1.3151695644551231)
1.9800000000000013 (-11.759967303217891, 1.0, 1.177701623853167)
2.0000000000000013 (-11.658665323044138, 1.0, 1.016436740288335)
2.0200000000000014 (-11.549030789456546, 1.0, 0.8274979522849236)
2.0400000000000014 (-11.442169557910884, 1.0, 0.6070701970580255)
2.0600000000000014 (-11.347337204124225, 1.0, 0.35966140982274103)
2.0800000000000014 (-11.26519803516396, 1.0, 0.08696476188719733)
2.1000000000000014 (-11.198739039153661, 1.0, -0.21756603687385032)
2.1200000000000014 (-11.162960837193756, 1.0, -0.5407878503802009)
2.1400000000000015 (-11.169444624539034, 1.0, -0.8378704729568391)
2.1600000000000015 (-11.208465023817949, 1.0, -1.0505032280104274)
2.1800000000000015 (-11.254131199726265, 1.0, -1.1704493000020657)
2.2000000000000015 (-11.291644198128916, 1.0, -1.2488483776549073)
2.2200000000000015 (-11.313780618716233, 1.0, -1.3410955578392343)
2.2400000000000015 (-11.308939162127816, 1.0, -1.4353996404534313)
2.2600000000000016 (-11.27544290307537, 1.0, -1.485056231235027)
2.2800000000000016 (-11.226516493774737, 1.0, -1.4831385513858806)
2.3000000000000016 (-11.168649266337402, 1.0, -1.4542042801872106)
2.3200000000000016 (-11.09836702980358, 1.0, -1.4092311116918035)
2.3400000000000016 (-11.01735820637967, 1.0, -1.3477876184073763)
2.3600000000000017 (-10.93343917027596, 1.0, -1.2670034142125552)
2.3800000000000017 (-10.866569518683908, 1.0, -1.1677808819694855)
2.4000000000000017 (-10.790343733209987, 1.0, -1.0577325901581478)
2.4200000000000017 (-10.702116737881372, 1.0, -0.9093696403485299)
2.4400000000000017 (-10.6136553908732, 1.0, -0.7278884826629858)
2.4600000000000017 (-10.53954123074499, 1.0, -0.5133154589079574)
2.4800000000000018 (-10.477446911104767, 1.0, -0.264080317878367)
2.5000000000000018 (-10.419901129194246, 1.0, 0.01672379660641729)
2.520000000000002 (-10.367544974007513, 1.0, 0.3200233298381811)
2.540000000000002 (-10.328007802693481, 1.0, 0.6363947313149224)
2.560000000000002 (-10.301761967366733, 1.0, 0.9544342052737645)
2.580000000000002 (-10.29282206421937, 1.0, 1.2581429591036664)
2.600000000000002 (-10.305360895999083, 1.0, 1.527768354919928)
2.620000000000002 (-10.340723029373594, 1.0, 1.750784840459028)
2.640000000000002 (-10.395363482867912, 1.0, 1.9330375664108863)
2.660000000000002 (-10.462003511783408, 1.0, 2.092407994180294)
2.680000000000002 (-10.53611511475508, 1.0, 2.236800273859799)
2.700000000000002 (-10.617237993568835, 1.0, 2.361803397150053)
2.720000000000002 (-10.705810001109674, 1.0, 2.4629158679435474)
2.740000000000002 (-10.800821101079555, 1.0, 2.54285135533787)
2.760000000000002 (-10.89922828600299, 1.0, 2.610336541902157)
2.780000000000002 (-11.003946235722037, 1.0, 2.664067408199199)
2.800000000000002 (-11.105940803553334, 1.0, 2.685957904820542)
2.820000000000002 (-11.185318357096351, 1.0, 2.6748683223251204)
2.840000000000002 (-11.23377135387429, 1.0, 2.640234394772685)
2.860000000000002 (-11.251354634883155, 1.0, 2.5846471117744874)
2.880000000000002 (-11.286790881287772, 1.0, 2.505442766121129)
2.900000000000002 (-11.361449090636906, 1.0, 2.4313281174993358)
2.920000000000002 (-11.434720775684415, 1.0, 2.3579286145710237)
2.940000000000002 (-11.500241221762122, 1.0, 2.2783844625129954)
2.960000000000002 (-11.558962580036477, 1.0, 2.192252259115855)
2.980000000000002 (-11.611777138307392, 1.0, 2.097501591071133)
3.000000000000002 (-11.658125628077974, 1.0, 1.9900327178376644)
3.0200000000000022 (-11.698425364058531, 1.0, 1.8672019578669046)
3.0400000000000023 (-11.738215534753781, 1.0, 1.7362201284709777)
3.0600000000000023 (-11.778491208468994, 1.0, 1.5968385430457512)
3.0800000000000023 (-11.819505307490836, 1.0, 1.4385995524536528)
3.1000000000000023 (-11.860379627046717, 1.0, 1.2596025508489477)
3.1200000000000023 (-11.892155480190215, 1.0, 1.0626290062113009)
3.1400000000000023 (-11.894552081160727, 1.0, 0.8513112885988355)
3.1600000000000024 (-11.878149971088655, 1.0, 0.6227716321833408)
3.1800000000000024 (-11.848717973246295, 1.0, 0.3827946256661519)
3.2000000000000024 (-11.804361864934886, 1.0, 0.13754424268134904)
3.2200000000000024 (-11.74433704923713, 1.0, -0.10865270069741836)
3.2400000000000024 (-11.669575270464815, 1.0, -0.3539031807320468)
3.2600000000000025 (-11.582228191975531, 1.0, -0.5965467238103519)
3.2800000000000025 (-11.48129135822858, 1.0, -0.8272029601507114)
3.3000000000000025 (-11.369472922778286, 1.0, -1.0395989485588464)
3.3200000000000025 (-11.252640363763332, 1.0, -1.234966161463495)
3.3400000000000025 (-11.136143184418334, 1.0, -1.4127656869832876)
3.3600000000000025 (-11.028755944893865, 1.0, -1.5623329560758852)
3.3800000000000026 (-10.934757633244159, 1.0, -1.6767721451731457)
3.4000000000000026 (-10.853225671881098, 1.0, -1.7539091068473174)
3.4200000000000026 (-10.782793131272914, 1.0, -1.7912228537269488)
3.4400000000000026 (-10.72665528162281, 1.0, -1.7832088183879269)
3.4600000000000026 (-10.689801659499688, 1.0, -1.7352863990101304)
3.4800000000000026 (-10.669083342454202, 1.0, -1.6534229834031116)
3.5000000000000027 (-10.660654717522634, 1.0, -1.5414423247421871)
3.5200000000000027 (-10.664646212224362, 1.0, -1.3979852399972943)
3.5400000000000027 (-10.683612920645121, 1.0, -1.216985552959579)
3.5600000000000027 (-10.715031644071262, 1.0, -0.9990051030701302)
3.5800000000000027 (-10.754083446230286, 1.0, -0.7565833865006014)
3.6000000000000028 (-10.79895545801444, 1.0, -0.5054392184468567)
3.6200000000000028 (-10.84565250410486, 1.0, -0.259733179618937)
3.640000000000003 (-10.890641306803511, 1.0, -0.028999822795694845)
3.660000000000003 (-10.931597290165541, 1.0, 0.18475753677850765)
3.680000000000003 (-10.968404785442686, 1.0, 0.37945008084191567)
3.700000000000003 (-11.002233906209055, 1.0, 0.5536672460913348)
3.720000000000003 (-11.034819902402834, 1.0, 0.7085159314242698)
3.740000000000003 (-11.068073326112144, 1.0, 0.8410867114647842)
3.760000000000003 (-11.101392927672919, 1.0, 0.9517002530880126)
3.780000000000003 (-11.13568685028307, 1.0, 1.044970092627051)
3.800000000000003 (-11.175324690728836, 1.0, 1.1211129677932408)
3.820000000000003 (-11.213890995409463, 1.0, 1.164792642654344)
3.840000000000003 (-11.238919802715724, 1.0, 1.175646335676526)
3.860000000000003 (-11.245340387185259, 1.0, 1.1607646423432085)
3.880000000000003 (-11.233111579493691, 1.0, 1.1203353896876247)
3.900000000000003 (-11.204419336554297, 1.0, 1.0508288961986971)
3.920000000000003 (-11.17588707964673, 1.0, 0.9559138097733435)
3.940000000000003 (-11.160122781406306, 1.0, 0.84505696232781)
3.960000000000003 (-11.159770174238508, 1.0, 0.7252603961812709)
3.980000000000003 (-11.173752828612178, 1.0, 0.5971499697077853)
4.000000000000003 (-11.201436878929941, 1.0, 0.45767644954080866)
4.020000000000002 (-11.243083217398436, 1.0, 0.30218862263702073)
4.040000000000002 (-11.298521146353432, 1.0, 0.12410870594613652)
4.060000000000001 (-11.362894339772843, 1.0, -0.08091455845007256)
4.080000000000001 (-11.423815042404112, 1.0, -0.3094346775392533)
4.1000000000000005 (-11.472286910334981, 1.0, -0.554300455098073)
4.12 (-11.506047715458733, 1.0, -0.8090501914430781)
4.14 (-11.525087272652653, 1.0, -1.06938392787166)
4.159999999999999 (-11.52855962000781, 1.0, -1.329873283770603)
4.179999999999999 (-11.514853964303585, 1.0, -1.5836877852818059)
4.199999999999998 (-11.484370158648861, 1.0, -1.8217098490507355)
4.219999999999998 (-11.443972791902363, 1.0, -2.028197785369595)
4.2399999999999975 (-11.408256504674968, 1.0, -2.200263663601164)
4.259999999999997 (-11.387527188273888, 1.0, -2.341654147451553)
4.279999999999997 (-11.380160150529143, 1.0, -2.443226223644052)
4.299999999999996 (-11.369079545025658, 1.0, -2.491898669705236)
4.319999999999996 (-11.341328527665006, 1.0, -2.500816473468989)
4.339999999999995 (-11.289361693272584, 1.0, -2.483464841248202)
4.359999999999995 (-11.225374446787514, 1.0, -2.437797682316289)
4.379999999999995 (-11.162805414913125, 1.0, -2.3666448130191546)
4.399999999999994 (-11.105173172428444, 1.0, -2.2805780276462344)
4.419999999999994 (-11.049713175304575, 1.0, -2.1881920549061653)
4.439999999999993 (-10.990732574406048, 1.0, -2.091287404933435)
4.459999999999993 (-10.922836383579176, 1.0, -1.9777612181732023)
4.479999999999992 (-10.847982580573186, 1.0, -1.8404845739215572)
4.499999999999992 (-10.772001566310967, 1.0, -1.680879040794982)
4.519999999999992 (-10.699525194005068, 1.0, -1.4955775960749724)
4.539999999999991 (-10.632951016129288, 1.0, -1.2763073902208761)
4.559999999999991 (-10.570057051218038, 1.0, -1.0238222369676282)
4.57999999999999 (-10.513207458678892, 1.0, -0.7441765482140089)
4.59999999999999 (-10.471482582398327, 1.0, -0.43631317437992034)
4.6199999999999894 (-10.444302268411537, 1.0, -0.11049787253949726)
4.639999999999989 (-10.42951974997056, 1.0, 0.2098849301930768)
4.659999999999989 (-10.427602998775837, 1.0, 0.49406858203073545)
4.679999999999988 (-10.437061634457523, 1.0, 0.7257115939308654)
4.699999999999988 (-10.45351316299453, 1.0, 0.9191072328078714)
4.719999999999987 (-10.475532098707967, 1.0, 1.0947237794073834)
4.739999999999987 (-10.506536712116185, 1.0, 1.2545554344073284)
4.7599999999999865 (-10.544813880669437, 1.0, 1.3919591033744183)
4.779999999999986 (-10.590231761315419, 1.0, 1.5097667422248038)
4.799999999999986 (-10.645779841175207, 1.0, 1.6061059365514154)
4.819999999999985 (-10.699045418935533, 1.0, 1.666935958498363)
4.839999999999985 (-10.738482021339376, 1.0, 1.6979223596402666)
4.859999999999984 (-10.760224031350505, 1.0, 1.7026199889546283)
4.879999999999984 (-10.76481932278006, 1.0, 1.6803168947186515)
4.8999999999999835 (-10.756599556660023, 1.0, 1.6310694249962565)
4.919999999999983 (-10.75293766407938, 1.0, 1.5650511588859852)
4.939999999999983 (-10.760597698549523, 1.0, 1.4915013722303596)
4.959999999999982 (-10.800007189130197, 1.0, 1.4183118871643379)
4.979999999999982 (-10.860920804799177, 1.0, 1.3547783799775819)
4.999999999999981 (-10.926971525545355, 1.0, 1.2797889793544122)
5.019999999999981 (-10.996753348358217, 1.0, 1.1889644313824377)
5.0399999999999805 (-11.074617834353637, 1.0, 1.0822652433524482)
5.05999999999998 (-11.163638919749319, 1.0, 0.96170292030301)
5.07999999999998 (-11.262770999314432, 1.0, 0.8231543877277604)
5.099999999999979 (-11.36398246889786, 1.0, 0.6621972476157812)
5.119999999999979 (-11.458322580090075, 1.0, 0.4769585086590951)
5.139999999999978 (-11.538079927257305, 1.0, 0.2741705182486287)
5.159999999999978 (-11.601969251288748, 1.0, 0.06248962127432893)
5.1799999999999775 (-11.650664582727575, 1.0, -0.15422785132458475)
5.199999999999977 (-11.683087683445308, 1.0, -0.37518480657763825)
5.219999999999977 (-11.697005630093162, 1.0, -0.5989169393470581)
5.239999999999976 (-11.690666235455788, 1.0, -0.820983856005066)
5.259999999999976 (-11.664520807561946, 1.0, -1.0349914606339417)
5.279999999999975 (-11.623903262912457, 1.0, -1.2359795165640652)
5.299999999999975 (-11.577380749616012, 1.0, -1.4237985347532955)
5.3199999999999745 (-11.53400184521467, 1.0, -1.593783902348536)
5.339999999999974 (-11.492628502088186, 1.0, -1.7279931402285023)
5.359999999999974 (-11.450262206469667, 1.0, -1.82110325480303)
5.379999999999973 (-11.401895924835246, 1.0, -1.8723574160463292)
5.399999999999973 (-11.340414167340956, 1.0, -1.8770986867616308)
5.419999999999972 (-11.267047361462804, 1.0, -1.833970969698012)
5.439999999999972 (-11.19430567402256, 1.0, -1.7523517932810453)
5.4599999999999715 (-11.123082689976425, 1.0, -1.6407152416927715)
5.479999999999971 (-11.051559003827073, 1.0, -1.5024658344823265)
5.499999999999971 (-10.979833373481712, 1.0, -1.3347564975873747)
5.51999999999997 (-10.908441605576623, 1.0, -1.129697860347241)
5.53999999999997 (-10.835946326999219, 1.0, -0.8841096750557288)
5.559999999999969 (-10.762982175355562, 1.0, -0.6107131174942078)
5.579999999999969 (-10.69687392604915, 1.0, -0.3235852975470673)
5.599999999999969 (-10.641056797684856, 1.0, -0.03550736063629588)
5.619999999999968 (-10.594582691108629, 1.0, 0.23822514265064074)
5.639999999999968 (-10.55481149214239, 1.0, 0.4880733976205883)
5.659999999999967 (-10.520640361755227, 1.0, 0.7141902201236738)
5.679999999999967 (-10.492719378935847, 1.0, 0.9203581821855458)
5.699999999999966 (-10.471050226861362, 1.0, 1.109089816435118)
5.719999999999966 (-10.458369841995317, 1.0, 1.2791547713300964)
5.739999999999966 (-10.455808086296859, 1.0, 1.4274098737800764)
5.759999999999965 (-10.460316615367136, 1.0, 1.557804050929633)
5.779999999999965 (-10.47304494782076, 1.0, 1.6752745909843354)
5.799999999999964 (-10.49937891057287, 1.0, 1.7729691485852195)
5.819999999999964 (-10.529663479898538, 1.0, 1.833296417842764)
5.839999999999963 (-10.551458297192433, 1.0, 1.8609022912674795)
5.859999999999963 (-10.560023718486587, 1.0, 1.8593498839435982)
5.879999999999963 (-10.555821651597105, 1.0, 1.8284872278375157)
5.899999999999962 (-10.542039769021036, 1.0, 1.7682551038702266)
5.919999999999962 (-10.534181425630866, 1.0, 1.6907604411347343)
5.939999999999961 (-10.539802414196673, 1.0, 1.607773513562984)
5.959999999999961 (-10.57804191738723, 1.0, 1.532211708102728)
5.9799999999999605 (-10.635136822809866, 1.0, 1.470871257334333)
5.99999999999996 (-10.699804876605988, 1.0, 1.398882349940221)
6.01999999999996 (-10.771563063280334, 1.0, 1.3120837381796144)
6.039999999999959 (-10.857517146135882, 1.0, 1.2114589619104135)
6.059999999999959 (-10.957694992779496, 1.0, 1.1003303896742949)
6.079999999999958 (-11.072063701881133, 1.0, 0.9730870623529351)
6.099999999999958 (-11.191904133671901, 1.0, 0.8240288600156334)
6.1199999999999575 (-11.306603454012071, 1.0, 0.6515265124742174)
6.139999999999957 (-11.409425937358433, 1.0, 0.4627302541506805)
6.159999999999957 (-11.500736570222225, 1.0, 0.2631046345587221)
6.179999999999956 (-11.580278697359445, 1.0, 0.05437016273963043)
6.199999999999956 (-11.64635531365168, 1.0, -0.16289642499930548)
6.219999999999955 (-11.696206170933936, 1.0, -0.38646479254053595)
6.239999999999955 (-11.727509564135497, 1.0, -0.6106627996073909)
6.2599999999999545 (-11.741442643943804, 1.0, -0.8236034219933038)
6.279999999999954 (-11.749850382702354, 1.0, -1.0145168226470844)
6.299999999999954 (-11.76229158066122, 1.0, -1.1745405018108641)
6.319999999999953 (-11.769839304959028, 1.0, -1.2898751028827369)
6.339999999999953 (-11.765097909939756, 1.0, -1.3593467275832884)
6.359999999999952 (-11.739741038563459, 1.0, -1.385196507759714)
6.379999999999952 (-11.68731824534938, 1.0, -1.3704206560160868)
6.3999999999999515 (-11.619336299020565, 1.0, -1.3176036262602697)
6.419999999999951 (-11.542797227588085, 1.0, -1.2388378500258028)
6.439999999999951 (-11.457793546100495, 1.0, -1.1433588116984486)
6.45999999999995 (-11.36164408327311, 1.0, -1.0328751011739559)
6.47999999999995 (-11.249984109954662, 1.0, -0.9011490202640389)
6.499999999999949 (-11.119827841108576, 1.0, -0.7336346275718731)
6.519999999999949 (-10.971788445366796, 1.0, -0.5246149551373782)
6.5399999999999485 (-10.809458646318893, 1.0, -0.2826118601801909)
6.559999999999948 (-10.64504696053049, 1.0, -0.02289195089356451)
6.579999999999948 (-10.49476195444002, 1.0, 0.2371973618260947)
6.599999999999947 (-10.368456711494447, 1.0, 0.4837712487965818)
6.619999999999947 (-10.264945579160473, 1.0, 0.7126449289108742)
6.639999999999946 (-10.178599087958153, 1.0, 0.9206245477199185)
6.659999999999946 (-10.103452086211524, 1.0, 1.1133776332951435)
6.6799999999999455 (-10.038425307764133, 1.0, 1.2966261509611001)
6.699999999999945 (-9.985936674404604, 1.0, 1.4677074554496778)
6.719999999999945 (-9.948577229625394, 1.0, 1.6245507103623356)
6.739999999999944 (-9.92719928978063, 1.0, 1.767403467935641)
6.759999999999944 (-9.916790975338136, 1.0, 1.899961683791564)
6.779999999999943 (-9.916655603994178, 1.0, 2.0249546689886926)
6.799999999999943 (-9.930156758818137, 1.0, 2.130604571882166)
6.8199999999999426 (-9.948616037650943, 1.0, 2.198038031532451)
6.839999999999942 (-9.960295969743632, 1.0, 2.227021594829298)
6.859999999999942 (-9.962402984033117, 1.0, 2.218005804432265)
6.879999999999941 (-9.961110023145503, 1.0, 2.174961325265801)
6.899999999999941 (-10.024402899947308, 1.0, 2.158523579978383)
6.91999999999994 (-10.090222098449798, 1.0, 2.160306489075092)
6.93999999999994 (-10.15741985424272, 1.0, 2.15137235117577)
6.95999999999994 (-10.227936803166235, 1.0, 2.1286519670054536)
6.979999999999939 (-10.303362257557788, 1.0, 2.0919829262574985)
6.999999999999939 (-10.384948788171597, 1.0, 2.0456900742290567)
7.019999999999938 (-10.471956202266178, 1.0, 1.999378906170476)
7.039999999999938 (-10.56240041577624, 1.0, 1.9549906676822435)
7.059999999999937 (-10.653551164887794, 1.0, 1.9065480271812973)
7.079999999999937 (-10.748050150909519, 1.0, 1.8442423580071254)
7.099999999999937 (-10.844202688495423, 1.0, 1.7702605065447772)
7.119999999999936 (-10.941135800382252, 1.0, 1.6786568254788705)
7.139999999999936 (-11.035869542770927, 1.0, 1.5580012008571167)
7.159999999999935 (-11.13107772556969, 1.0, 1.4132019930515032)
7.179999999999935 (-11.221211969863088, 1.0, 1.25072385917386)
7.1999999999999345 (-11.301442913529923, 1.0, 1.0790071020791754)
7.219999999999934 (-11.372400171909401, 1.0, 0.9006419070282679)
7.239999999999934 (-11.435641168220293, 1.0, 0.7183348669269977)
7.259999999999933 (-11.486991099396995, 1.0, 0.5308520866078987)
7.279999999999933 (-11.52415454476358, 1.0, 0.3391829932551262)
7.299999999999932 (-11.547528719056626, 1.0, 0.14665145194904894)
7.319999999999932 (-11.559399540855576, 1.0, -0.040529722146204525)
7.3399999999999315 (-11.561657645244036, 1.0, -0.2064186231728441)
7.359999999999931 (-11.554225405080182, 1.0, -0.33866268081284845)
7.379999999999931 (-11.535315020298171, 1.0, -0.43303609364375206)
7.39999999999993 (-11.50244396294914, 1.0, -0.4895089037451409)
7.41999999999993 (-11.451288844269392, 1.0, -0.5024665122040878)
7.439999999999929 (-11.38310879041661, 1.0, -0.46676814858854154)
7.459999999999929 (-11.29732706337365, 1.0, -0.38904046592440167)
7.4799999999999285 (-11.190372283126393, 1.0, -0.27746409212343626)
7.499999999999928 (-11.05941375819313, 1.0, -0.13286660650744925)
7.519999999999928 (-10.90319722157754, 1.0, 0.04885640221349669)
7.539999999999927 (-10.731605273601454, 1.0, 0.2518828863097716)
7.559999999999927 (-10.560789590849863, 1.0, 0.4593546799444812)
7.579999999999926 (-10.401666863940793, 1.0, 0.6598898328858526)
7.599999999999926 (-10.255941945507, 1.0, 0.8491195399504847)
7.6199999999999255 (-10.129978882836024, 1.0, 1.0168011800333296)
7.639999999999925 (-10.019469693836976, 1.0, 1.1674229706488368)
7.659999999999925 (-9.917682895581159, 1.0, 1.310254346164562)
7.679999999999924 (-9.824923962720272, 1.0, 1.4461737113531612)
7.699999999999924 (-9.74539353601236, 1.0, 1.5734867783706523)
7.719999999999923 (-9.678621847094478, 1.0, 1.6921183523463141)
7.739999999999923 (-9.62601283623092, 1.0, 1.8027880196693322)
7.7599999999999225 (-9.588296772031446, 1.0, 1.9064293783782056)
7.779999999999922 (-9.559284463626433, 1.0, 2.006397716386104)
7.799999999999922 (-9.540004302126933, 1.0, 2.1034376791401925)
7.819999999999921 (-9.538162925488937, 1.0, 2.177926558394014)
7.839999999999921 (-9.543892715428166, 1.0, 2.2157113561311137)
7.85999999999992 (-9.546460559180568, 1.0, 2.2170258742135673)
7.87999999999992 (-9.544385092008152, 1.0, 2.1835373286150896)
7.8999999999999195 (-9.546399039737508, 1.0, 2.1226108454085653)
7.919999999999919 (-9.58645755427911, 1.0, 2.1010721505035708)
7.939999999999919 (-9.62885919330228, 1.0, 2.100547849493271)
7.959999999999918 (-9.672041717716738, 1.0, 2.09636789270084)
7.979999999999918 (-9.716848254089808, 1.0, 2.0839873357416083)
7.999999999999917 (-9.764383223291675, 1.0, 2.063770331318901)
8.019999999999918 (-9.81741433329284, 1.0, 2.0328770028680356)
8.039999999999917 (-9.879323511398004, 1.0, 1.98461837007748)
8.059999999999917 (-9.952011836384994, 1.0, 1.9196367215985306)
8.079999999999917 (-10.040812382820857, 1.0, 1.8477963492373661)
8.099999999999916 (-10.148027209780771, 1.0, 1.7723300901528212)
8.119999999999916 (-10.266501352372135, 1.0, 1.6864985083773294)
8.139999999999915 (-10.386402998189386, 1.0, 1.5832655986889959)
8.159999999999915 (-10.50482834898411, 1.0, 1.4594739772186585)
8.179999999999914 (-10.618879761183894, 1.0, 1.317983071209157)
8.199999999999914 (-10.72561013832968, 1.0, 1.1642182156906025)
8.219999999999914 (-10.824957569343686, 1.0, 1.0010108477468689)
8.239999999999913 (-10.916902079861593, 1.0, 0.8291059286579808)
8.259999999999913 (-11.000823421876383, 1.0, 0.6491327509788684)
8.279999999999912 (-11.078277705572695, 1.0, 0.46464284320936783)
8.299999999999912 (-11.154187240115082, 1.0, 0.284751914056289)
8.319999999999911 (-11.219309954051699, 1.0, 0.13302183321431263)
8.339999999999911 (-11.266125212727504, 1.0, 0.0265764936471637)
8.35999999999991 (-11.290877875377847, 1.0, -0.03550472013809266)
8.37999999999991 (-11.285104142431889, 1.0, -0.05711838778627676)
8.39999999999991 (-11.243956355592255, 1.0, -0.03821782839118664)
8.41999999999991 (-11.168422263719096, 1.0, 0.01471650484019761)
8.439999999999909 (-11.059302453661614, 1.0, 0.09190516171230187)
8.459999999999908 (-10.915030987143156, 1.0, 0.19001111390613012)
8.479999999999908 (-10.735599819340484, 1.0, 0.30936346681565036)
8.499999999999908 (-10.5371770907824, 1.0, 0.4429923580466234)
8.519999999999907 (-10.330136610117844, 1.0, 0.590957164016562)
8.539999999999907 (-10.13095704733098, 1.0, 0.7429532394083698)
8.559999999999906 (-9.960980080591032, 1.0, 0.8781483609272037)
8.579999999999906 (-9.82641965104844, 1.0, 0.9930598300812915)
8.599999999999905 (-9.721365504276353, 1.0, 1.0951470648339106)
8.619999999999905 (-9.635857704260266, 1.0, 1.192845017938251)
8.639999999999905 (-9.559233649852414, 1.0, 1.291810862534563)
8.659999999999904 (-9.49034535444522, 1.0, 1.39017629930136)
8.679999999999904 (-9.43447839905819, 1.0, 1.4851877873302968)
8.699999999999903 (-9.395050900877317, 1.0, 1.5783946073956083)
8.719999999999903 (-9.369795585770294, 1.0, 1.6708587189356314)
8.739999999999903 (-9.360516823995294, 1.0, 1.7633913713745648)
8.759999999999902 (-9.364588110490713, 1.0, 1.8569430931728066)
8.779999999999902 (-9.380939345452813, 1.0, 1.9538209663840491)
8.799999999999901 (-9.410332040205825, 1.0, 2.0384673960138584)
8.8199999999999 (-9.4415998989328, 1.0, 2.0942608338304027)
8.8399999999999 (-9.477943978877438, 1.0, 2.1238832800373544)
8.8599999999999 (-9.525086218073131, 1.0, 2.1440685687991325)
8.8799999999999 (-9.59230107687095, 1.0, 2.167587197487182)
8.899999999999899 (-9.678701799442175, 1.0, 2.1917118911942137)
8.919999999999899 (-9.766799732697507, 1.0, 2.197816728523833)
8.939999999999898 (-9.864982361334018, 1.0, 2.189669001789926)
8.959999999999898 (-9.965690803273537, 1.0, 2.184467573623987)
8.979999999999897 (-10.0651672479575, 1.0, 2.1913258183559994)
8.999999999999897 (-10.162332674439353, 1.0, 2.210689123953425)
9.019999999999897 (-10.258016675930977, 1.0, 2.238878632025158)
9.039999999999896 (-10.350189964499195, 1.0, 2.271116074244783)
9.059999999999896 (-10.43460122049184, 1.0, 2.302900507915815)
9.079999999999895 (-10.51283869888327, 1.0, 2.3261300044954036)
9.099999999999895 (-10.590454314200764, 1.0, 2.319025758698097)
9.119999999999894 (-10.681344751581127, 1.0, 2.2848682602424213)
9.139999999999894 (-10.787494942097474, 1.0, 2.23297589035057)
9.159999999999894 (-10.908352172744026, 1.0, 2.161012640657395)
9.179999999999893 (-11.033914207260095, 1.0, 2.066215415514686)
9.199999999999893 (-11.156710322818665, 1.0, 1.9517321382882828)
9.219999999999892 (-11.272108656580064, 1.0, 1.824240905646347)
9.239999999999892 (-11.37698306621098, 1.0, 1.6887905448344593)
9.259999999999891 (-11.472231438792242, 1.0, 1.5456515685593233)
9.279999999999891 (-11.559410638656509, 1.0, 1.3955874057002604)
9.29999999999989 (-11.637603756703742, 1.0, 1.2451358496608735)
9.31999999999989 (-11.703090013691346, 1.0, 1.091919019178721)
9.33999999999989 (-11.754418756436364, 1.0, 0.9382030360831705)
9.35999999999989 (-11.791814776281964, 1.0, 0.7884534101628848)
9.379999999999889 (-11.81400530654224, 1.0, 0.6530689005240157)
9.399999999999888 (-11.818074176112129, 1.0, 0.5416018693760606)
9.419999999999888 (-11.800806314466595, 1.0, 0.4593885988018371)
9.439999999999888 (-11.759450265849544, 1.0, 0.4089811038934843)
9.459999999999887 (-11.687828098277533, 1.0, 0.3973025011112176)
9.479999999999887 (-11.583432290424838, 1.0, 0.4284697815442935)
9.499999999999886 (-11.444628581209267, 1.0, 0.49917400117886135)
9.519999999999886 (-11.268250273156578, 1.0, 0.6054437058412053)
9.539999999999885 (-11.064286120801695, 1.0, 0.730795549850092)
9.559999999999885 (-10.853153272341268, 1.0, 0.8583517885045474)
9.579999999999885 (-10.648499933215508, 1.0, 0.9811698850082506)
9.599999999999884 (-10.464817947543565, 1.0, 1.089241166990385)
9.619999999999884 (-10.30616098200803, 1.0, 1.1805528203188442)
9.639999999999883 (-10.163936610456078, 1.0, 1.2636281013281179)
9.659999999999883 (-10.031288359101493, 1.0, 1.3442138583306216)
9.679999999999882 (-9.908028671109095, 1.0, 1.420932038494239)
9.699999999999882 (-9.795689642011114, 1.0, 1.4903679185532785)
9.719999999999882 (-9.693677862304652, 1.0, 1.554442331303951)
9.739999999999881 (-9.60482338034801, 1.0, 1.615149522116319)
9.75999999999988 (-9.53511663560201, 1.0, 1.6736183729355318)
9.77999999999988 (-9.479655816577855, 1.0, 1.730175114835593)
9.79999999999988 (-9.430836770094722, 1.0, 1.7873602765609757)
9.81999999999988 (-9.394283679710904, 1.0, 1.8492391046917913)
9.839999999999879 (-9.385391691748417, 1.0, 1.8958491178090495)
9.859999999999879 (-9.393342465607697, 1.0, 1.9153217747803029)
9.879999999999878 (-9.406648396955745, 1.0, 1.9078894986924964)
9.899999999999878 (-9.422111570409186, 1.0, 1.8770950109317184)
9.919999999999877 (-9.439113139347745, 1.0, 1.826980471119258)
9.939999999999877 (-9.457506176134126, 1.0, 1.7611888285194883)
9.959999999999877 (-9.47848731410308, 1.0, 1.6819965358936089)
9.979999999999876 (-9.505100184301797, 1.0, 1.596126044208583)
9.999999999999876 (-9.540295480104856, 1.0, 1.5200108827462973)
