0.0 (-23.25, 1.0, 0.0)
0.02 (-23.250216332289817, 1.0, 0.016206527958010995)
0.04 (-23.250033325578205, 1.0, 0.02282552820498823)
0.06 (-23.245519847651906, 1.0, 0.014722424491961728)
0.08 (-23.232045040838514, 1.0, -0.00737188154301296)
0.1 (-23.20508547813139, 1.0, -0.04119778150357819)
0.12000000000000001 (-23.162400551264085, 1.0, -0.08487034226236295)
0.14 (-23.10626795359942, 1.0, -0.13707020040740953)
0.16 (-23.041778379476984, 1.0, -0.1966516334182616)
0.18 (-22.973361208730022, 1.0, -0.2623456279543133)
0.19999999999999998 (-22.902954064326174, 1.0, -0.3325061222837341)
0.21999999999999997 (-22.831440682550397, 1.0, -0.4050226603263297)
0.23999999999999996 (-22.761361110743067, 1.0, -0.4781760210686045)
0.25999999999999995 (-22.696317239775702, 1.0, -0.5508320717142241)
0.27999999999999997 (-22.63857914289627, 1.0, -0.6216908216538544)
0.3 (-22.588170683655267, 1.0, -0.6886679668634245)
0.32 (-22.54648323526727, 1.0, -0.7495348047792374)
0.34 (-22.516562810064833, 1.0, -0.8024846588971302)
0.36000000000000004 (-22.49926510993898, 1.0, -0.8465750493159466)
0.38000000000000006 (-22.492636368433192, 1.0, -0.8804576093215827)
0.4000000000000001 (-22.49457569493908, 1.0, -0.9024071403387719)
0.4200000000000001 (-22.505244725224564, 1.0, -0.9113931426692027)
0.4400000000000001 (-22.524143200165668, 1.0, -0.9061027702065501)
0.46000000000000013 (-22.54678766357508, 1.0, -0.8840320095568788)
0.48000000000000015 (-22.5625667721981, 1.0, -0.8417565256897731)
0.5000000000000001 (-22.54759870641473, 1.0, -0.7766078826945804)
0.5200000000000001 (-22.474093468017564, 1.0, -0.6910887647493001)
0.5400000000000001 (-22.33261831627763, 1.0, -0.5913208292856951)
0.5600000000000002 (-22.137420106617046, 1.0, -0.48101798450506644)
0.5800000000000002 (-21.90930933575313, 1.0, -0.359584984638076)
0.6000000000000002 (-21.66086503395173, 1.0, -0.22870485206006058)
0.6200000000000002 (-21.394134597760235, 1.0, -0.09125547775980702)
0.6400000000000002 (-21.109074499937535, 1.0, 0.0485512654172542)
0.6600000000000003 (-20.811690649541383, 1.0, 0.1886215226958556)
0.6800000000000003 (-20.50925336075217, 1.0, 0.3292376151681599)
0.7000000000000003 (-20.207381409987924, 1.0, 0.4688093780080249)
0.7200000000000003 (-19.912107023598143, 1.0, 0.6069108738146474)
0.7400000000000003 (-19.628599832020317, 1.0, 0.7443921635123287)
0.7600000000000003 (-19.36048371733025, 1.0, 0.8812364857293706)
0.7800000000000004 (-19.109129506097336, 1.0, 1.0157176354746105)
0.8000000000000004 (-18.87500348678591, 1.0, 1.146909928011387)
0.8200000000000004 (-18.65619900494866, 1.0, 1.2749305226191858)
0.8400000000000004 (-18.45046162714796, 1.0, 1.3981950222640842)
0.8600000000000004 (-18.257622400114133, 1.0, 1.5160517319937852)
0.8800000000000004 (-18.07789264281315, 1.0, 1.6286065755954493)
0.9000000000000005 (-17.911584114863206, 1.0, 1.7370075228398492)
0.9200000000000005 (-17.759338462457016, 1.0, 1.8416893079946726)
0.9400000000000005 (-17.621368155978832, 1.0, 1.9406747734553402)
0.9600000000000005 (-17.498131660009708, 1.0, 2.0339594382041115)
0.9800000000000005 (-17.3902769851775, 1.0, 2.1225694044537384)
1.0000000000000004 (-17.2983945174267, 1.0, 2.2071671475714716)
1.0200000000000005 (-17.223005001452368, 1.0, 2.2879820034087532)
1.0400000000000005 (-17.160390623882524, 1.0, 2.363733653553078)
1.0600000000000005 (-17.10366528966671, 1.0, 2.4278611230224607)
1.0800000000000005 (-17.064727246169667, 1.0, 2.4866442583767783)
1.1000000000000005 (-17.041875580119633, 1.0, 2.5421268052771646)
1.1200000000000006 (-17.034263314815448, 1.0, 2.5945048396190504)
1.1400000000000006 (-17.04235468961764, 1.0, 2.6456402347590684)
1.1600000000000006 (-17.066161994668207, 1.0, 2.6973016360658093)
1.1800000000000006 (-17.106148273814153, 1.0, 2.7503110460381377)
1.2000000000000006 (-17.162416577128504, 1.0, 2.805065370413058)
1.2200000000000006 (-17.22970209884953, 1.0, 2.85800767003769)
1.2400000000000007 (-17.300680164899163, 1.0, 2.900660194727674)
1.2600000000000007 (-17.372699465015543, 1.0, 2.9310025798123878)
1.2800000000000007 (-17.446914699184102, 1.0, 2.952493199949169)
1.3000000000000007 (-17.52520143100969, 1.0, 2.9686484832018856)
1.3200000000000007 (-17.6084806400371, 1.0, 2.98003482378871)
1.3400000000000007 (-17.696513357796267, 1.0, 2.9849520700146717)
1.3600000000000008 (-17.78855230646451, 1.0, 2.9815131245998594)
1.3800000000000008 (-17.88353176673344, 1.0, 2.969021844163555)
1.4000000000000008 (-17.98186327446112, 1.0, 2.9486363730031524)
1.4200000000000008 (-18.086171848412754, 1.0, 2.9234818461192953)
1.4400000000000008 (-18.196265899852538, 1.0, 2.8930544697826894)
1.4600000000000009 (-18.31144535253605, 1.0, 2.8558786264691083)
1.4800000000000009 (-18.43092337493038, 1.0, 2.811794594594803)
1.5000000000000009 (-18.553077631878196, 1.0, 2.760662371081439)
1.520000000000001 (-18.676645848513886, 1.0, 2.701968967022802)
1.540000000000001 (-18.798486662928322, 1.0, 2.6363369383450643)
1.560000000000001 (-18.913613530406906, 1.0, 2.5647038714835397)
1.580000000000001 (-19.019466828956222, 1.0, 2.4863042072153676)
1.600000000000001 (-19.116708060573625, 1.0, 2.4027214319780157)
1.620000000000001 (-19.207787945629526, 1.0, 2.3213932388758014)
1.640000000000001 (-19.2933185391965, 1.0, 2.248371602398764)
1.660000000000001 (-19.37299274164207, 1.0, 2.1849334109332013)
1.680000000000001 (-19.448043272407638, 1.0, 2.131232072395038)
1.700000000000001 (-19.5207010912732, 1.0, 2.087509085313862)
1.720000000000001 (-19.59354795993523, 1.0, 2.0544605902697453)
1.740000000000001 (-19.66915970019561, 1.0, 2.032881037019952)
1.7600000000000011 (-19.749972864581267, 1.0, 2.0233129159560224)
1.7800000000000011 (-19.8379087541024, 1.0, 2.026016193931)
1.8000000000000012 (-19.934373594498776, 1.0, 2.0406391383606244)
1.8200000000000012 (-20.040112134670903, 1.0, 2.0657884579867916)
1.8400000000000012 (-20.15509648274654, 1.0, 2.097910936978569)
1.8600000000000012 (-20.28072261547863, 1.0, 2.132986284169379)
1.8800000000000012 (-20.418023381214457, 1.0, 2.1687260623468356)
1.9000000000000012 (-20.566786513533586, 1.0, 2.2035965462863794)
1.9200000000000013 (-20.726934146490002, 1.0, 2.236361117791725)
1.9400000000000013 (-20.898981214824435, 1.0, 2.2662047286101012)
1.9600000000000013 (-21.083417960734494, 1.0, 2.292372925413954)
1.9800000000000013 (-21.280528906669936, 1.0, 2.3140082469364525)
2.0000000000000013 (-21.491080769065444, 1.0, 2.3308666045621766)
2.0200000000000014 (-21.717726039452916, 1.0, 2.3433837832041124)
2.0400000000000014 (-21.96135810221359, 1.0, 2.350365747995088)
2.0600000000000014 (-22.216858929828156, 1.0, 2.3460811362404854)
2.0800000000000014 (-22.47031473105147, 1.0, 2.319954233703953)
2.1000000000000014 (-22.70137092072668, 1.0, 2.262316762412428)
2.1200000000000014 (-22.878642334040794, 1.0, 2.1723391853649066)
2.1400000000000015 (-22.962883720236928, 1.0, 2.052129074690132)
2.1600000000000015 (-22.927075604927374, 1.0, 1.909362002581591)
2.1800000000000015 (-22.791537954309618, 1.0, 1.7569365340705645)
2.2000000000000015 (-22.624325705081922, 1.0, 1.6049004563065206)
2.2200000000000015 (-22.480786187173702, 1.0, 1.4577996148346297)
2.2400000000000015 (-22.365777873857425, 1.0, 1.3190511124903288)
2.2600000000000016 (-22.25739476549582, 1.0, 1.1913644493589226)
2.2800000000000016 (-22.146984193811754, 1.0, 1.0758227441598154)
2.3000000000000016 (-22.043424625563695, 1.0, 0.9708784126329129)
2.3200000000000016 (-21.95482976016425, 1.0, 0.8757006267876738)
2.3400000000000016 (-21.881632060737033, 1.0, 0.790400575954038)
2.3600000000000017 (-21.82089869288804, 1.0, 0.7149926445510962)
2.3800000000000017 (-21.775782457425706, 1.0, 0.6487240922771995)
2.4000000000000017 (-21.75714860775147, 1.0, 0.5890985459541603)
2.4200000000000017 (-21.760736649297005, 1.0, 0.5388039943938392)
2.4400000000000017 (-21.77803245271808, 1.0, 0.5020553330386813)
2.4600000000000017 (-21.804005645382908, 1.0, 0.4804890242535274)
2.4800000000000018 (-21.83966618175288, 1.0, 0.47312433353890904)
2.5000000000000018 (-21.88755165016178, 1.0, 0.48042925104126155)
2.520000000000002 (-21.938675441778052, 1.0, 0.5068389623383243)
2.540000000000002 (-21.97673520319884, 1.0, 0.5560829595921665)
2.560000000000002 (-21.990762000929944, 1.0, 0.6266852296206782)
2.580000000000002 (-21.961857561094853, 1.0, 0.7151613832338776)
2.600000000000002 (-21.878788897552717, 1.0, 0.8158064355341177)
2.620000000000002 (-21.740968728504782, 1.0, 0.9239455253709644)
2.640000000000002 (-21.557248541323094, 1.0, 1.0374166072197644)
2.660000000000002 (-21.34127380838252, 1.0, 1.15659123578168)
2.680000000000002 (-21.10537022345819, 1.0, 1.2780762275777888)
2.700000000000002 (-20.8564720220502, 1.0, 1.3996008665043886)
2.720000000000002 (-20.600861688564287, 1.0, 1.5203791967303912)
2.740000000000002 (-20.34448879314518, 1.0, 1.6396208723367152)
2.760000000000002 (-20.09550919295647, 1.0, 1.75736058596909)
2.780000000000002 (-19.86129720197284, 1.0, 1.8756242740886582)
2.800000000000002 (-19.64495063978616, 1.0, 1.9948416052706508)
2.820000000000002 (-19.4462027933922, 1.0, 2.1135234790032063)
2.840000000000002 (-19.266822453448054, 1.0, 2.231815121358422)
2.860000000000002 (-19.106623686133183, 1.0, 2.3508342077284516)
2.880000000000002 (-18.962824655381535, 1.0, 2.4690861731873626)
2.900000000000002 (-18.8321254061778, 1.0, 2.5822587379594553)
2.920000000000002 (-18.71513555733597, 1.0, 2.6912453733480675)
2.940000000000002 (-18.61260256372677, 1.0, 2.796500115396702)
2.960000000000002 (-18.52495913944914, 1.0, 2.8981633625705516)
2.980000000000002 (-18.452784283238344, 1.0, 2.9968956178571498)
3.000000000000002 (-18.396668377878385, 1.0, 3.093560409178583)
3.0200000000000022 (-18.357222125827292, 1.0, 3.189059682932375)
3.0400000000000023 (-18.334887518772696, 1.0, 3.2829818935791386)
3.0600000000000023 (-18.329553901191996, 1.0, 3.374032237666451)
3.0800000000000023 (-18.341394780440176, 1.0, 3.4625845954301933)
3.1000000000000023 (-18.37005267730514, 1.0, 3.5493600650578876)
3.1200000000000023 (-18.408372492689047, 1.0, 3.632304924895142)
3.1400000000000023 (-18.459377439384987, 1.0, 3.720093329530494)
3.1600000000000024 (-18.531593990325064, 1.0, 3.812294789510157)
3.1800000000000024 (-18.621570864983276, 1.0, 3.9013665289019532)
3.2000000000000024 (-18.72344606058992, 1.0, 3.9844024197893706)
3.2200000000000024 (-18.83221575494709, 1.0, 4.058892803992803)
3.2400000000000024 (-18.94791555226159, 1.0, 4.126981986194111)
3.2600000000000025 (-19.070542405697662, 1.0, 4.189736529787303)
3.2800000000000025 (-19.203255968126964, 1.0, 4.2493894395951415)
3.3000000000000025 (-19.34720758889417, 1.0, 4.3063290235761755)
3.3200000000000025 (-19.499633825621462, 1.0, 4.356966857366453)
3.3400000000000025 (-19.65509783840376, 1.0, 4.397822103859242)
3.3600000000000025 (-19.805291621812877, 1.0, 4.423916947691983)
3.3800000000000026 (-19.9435184833033, 1.0, 4.432847930499909)
3.4000000000000026 (-20.06582451438804, 1.0, 4.425545354297243)
3.4200000000000026 (-20.169464219962425, 1.0, 4.403918077312248)
3.4400000000000026 (-20.24949996050502, 1.0, 4.370146285147172)
3.4600000000000026 (-20.3037962512113, 1.0, 4.327873183237919)
3.4800000000000026 (-20.337520924774815, 1.0, 4.2850066157414775)
3.5000000000000027 (-20.356200449788094, 1.0, 4.249292957464209)
3.5200000000000027 (-20.361965547699793, 1.0, 4.2246204367164415)
3.5400000000000027 (-20.35414453137969, 1.0, 4.211237428344543)
3.5600000000000027 (-20.32999223808629, 1.0, 4.206804806481202)
3.5800000000000027 (-20.28462611044229, 1.0, 4.204669492331368)
3.6000000000000028 (-20.213126135449194, 1.0, 4.196790977352515)
3.6200000000000028 (-20.115391467525917, 1.0, 4.179613821559548)
3.640000000000003 (-19.99808107881879, 1.0, 4.154132079310872)
3.660000000000003 (-19.86681669521169, 1.0, 4.126961798323347)
3.680000000000003 (-19.725464014288445, 1.0, 4.1016936219038165)
3.700000000000003 (-19.578963052267515, 1.0, 4.079573794708332)
3.720000000000003 (-19.431369879815136, 1.0, 4.06438461112091)
3.740000000000003 (-19.285550665876713, 1.0, 4.057752006298502)
3.760000000000003 (-19.14601775755619, 1.0, 4.060248484139866)
3.780000000000003 (-19.01731892856998, 1.0, 4.075589965548162)
3.800000000000003 (-18.9021323992237, 1.0, 4.106762129092736)
3.820000000000003 (-18.801000226046288, 1.0, 4.153338644821167)
3.840000000000003 (-18.714192844419717, 1.0, 4.212184138428751)
3.860000000000003 (-18.643139483056583, 1.0, 4.2824543155788355)
3.880000000000003 (-18.586873690414304, 1.0, 4.363232272246589)
3.900000000000003 (-18.544624756125152, 1.0, 4.451950688330937)
3.920000000000003 (-18.51653341518816, 1.0, 4.546321836336981)
3.940000000000003 (-18.5022583709312, 1.0, 4.642778837525507)
3.960000000000003 (-18.502063863735877, 1.0, 4.740503731836636)
3.980000000000003 (-18.516677140135705, 1.0, 4.840435321004155)
4.000000000000003 (-18.546725371902255, 1.0, 4.943039810866387)
4.020000000000002 (-18.592796695849213, 1.0, 5.048183221659743)
4.040000000000002 (-18.655370296534446, 1.0, 5.155266961655471)
4.060000000000001 (-18.73353326708632, 1.0, 5.26247198615622)
4.080000000000001 (-18.823014028817855, 1.0, 5.364756310513623)
4.1000000000000005 (-18.92252578697286, 1.0, 5.458025564639704)
4.12 (-19.032758104463582, 1.0, 5.541525952058777)
4.14 (-19.153889524015394, 1.0, 5.61591382599493)
4.159999999999999 (-19.28602028591147, 1.0, 5.680696690043291)
4.179999999999999 (-19.428290354687945, 1.0, 5.733889457850446)
4.199999999999998 (-19.578604453977242, 1.0, 5.770721963542367)
4.219999999999998 (-19.729284223511034, 1.0, 5.782655691585759)
4.2399999999999975 (-19.872602379878046, 1.0, 5.764602217062842)
4.259999999999997 (-20.00200644131727, 1.0, 5.717123658316648)
4.279999999999997 (-20.11207593108606, 1.0, 5.64329338700301)
4.299999999999996 (-20.19777575718982, 1.0, 5.5485669838877065)
4.319999999999996 (-20.26085651858279, 1.0, 5.444102453321872)
4.339999999999995 (-20.31072591807605, 1.0, 5.343302181832995)
4.359999999999995 (-20.352317351272998, 1.0, 5.252201628233612)
4.379999999999995 (-20.38314150552882, 1.0, 5.169822025833545)
4.399999999999994 (-20.403386279189046, 1.0, 5.096647078141852)
4.419999999999994 (-20.416596406020417, 1.0, 5.035739802454113)
4.439999999999993 (-20.424352248190818, 1.0, 4.989187048196762)
4.459999999999993 (-20.426064224988355, 1.0, 4.957490103805833)
4.479999999999992 (-20.423512861374352, 1.0, 4.942152294118456)
4.499999999999992 (-20.420075631963066, 1.0, 4.945816276715054)
4.519999999999992 (-20.416154899884294, 1.0, 4.969748261867999)
4.539999999999991 (-20.40924923889154, 1.0, 5.013300431741087)
4.559999999999991 (-20.394307290522477, 1.0, 5.073787401911714)
4.57999999999999 (-20.35922252831686, 1.0, 5.1424996963810345)
4.59999999999999 (-20.289651722891353, 1.0, 5.204579486294385)
4.6199999999999894 (-20.181861433882734, 1.0, 5.250515914243694)
4.639999999999989 (-20.036772843885224, 1.0, 5.276065534008579)
4.659999999999989 (-19.854532582544042, 1.0, 5.27619298666918)
4.679999999999988 (-19.64395922024525, 1.0, 5.254283541693778)
4.699999999999988 (-19.419633461762263, 1.0, 5.22491638958956)
4.719999999999987 (-19.191849812997987, 1.0, 5.199456963833833)
4.739999999999987 (-18.965785156294235, 1.0, 5.178156196013147)
4.7599999999999865 (-18.746762015752324, 1.0, 5.161550947600695)
4.779999999999986 (-18.539515937725973, 1.0, 5.155319056883716)
4.799999999999986 (-18.34686397269587, 1.0, 5.163416045904566)
4.819999999999985 (-18.169031557964797, 1.0, 5.1845749471008284)
4.839999999999985 (-18.006927775522467, 1.0, 5.2171631707739134)
4.859999999999984 (-17.860799764918237, 1.0, 5.261107761531578)
4.879999999999984 (-17.729112459480692, 1.0, 5.314682793191679)
4.8999999999999835 (-17.611471460355137, 1.0, 5.3757343265491375)
4.919999999999983 (-17.507862319412705, 1.0, 5.441469180051543)
4.939999999999983 (-17.418271617233735, 1.0, 5.508739104330705)
4.959999999999982 (-17.343076488785613, 1.0, 5.578200622141793)
4.979999999999982 (-17.282140348409634, 1.0, 5.653146904376166)
4.999999999999981 (-17.23592517226502, 1.0, 5.7342625635216615)
5.019999999999981 (-17.205224544073477, 1.0, 5.820069366970504)
5.0399999999999805 (-17.19068204549141, 1.0, 5.909544382935498)
5.05999999999998 (-17.19207402586228, 1.0, 6.004067771121547)
5.07999999999998 (-17.209584594645857, 1.0, 6.1050857461935)
5.099999999999979 (-17.243704009665915, 1.0, 6.211547115815515)
5.119999999999979 (-17.2934785948005, 1.0, 6.319074197426808)
5.139999999999978 (-17.355420009287787, 1.0, 6.422093930191286)
5.159999999999978 (-17.427801319736087, 1.0, 6.519533866373758)
5.1799999999999775 (-17.510325951231593, 1.0, 6.614240718250858)
5.199999999999977 (-17.60323586168219, 1.0, 6.7082640625835515)
5.219999999999977 (-17.70704332036282, 1.0, 6.802033041289314)
5.239999999999976 (-17.822272712272955, 1.0, 6.894941316347487)
5.259999999999976 (-17.948955120558264, 1.0, 6.985425350032437)
5.279999999999975 (-18.0858168550786, 1.0, 7.070681129438222)
5.299999999999975 (-18.228684534531492, 1.0, 7.144689042586294)
5.3199999999999745 (-18.371924897992088, 1.0, 7.201591406568632)
5.339999999999974 (-18.509469716447878, 1.0, 7.237147140125929)
5.359999999999974 (-18.635848893791866, 1.0, 7.250105959179625)
5.379999999999973 (-18.746632343987546, 1.0, 7.242343461210455)
5.399999999999973 (-18.836823203100757, 1.0, 7.217603805753773)
5.419999999999972 (-18.90387855574473, 1.0, 7.1805469227597944)
5.439999999999972 (-18.949874703532732, 1.0, 7.1371792017085065)
5.4599999999999715 (-18.97911181220527, 1.0, 7.095263535893138)
5.479999999999971 (-18.995046386414298, 1.0, 7.062061885220023)
5.499999999999971 (-18.998665990689993, 1.0, 7.0408727326498814)
5.51999999999997 (-18.988941176662543, 1.0, 7.031409716007082)
5.53999999999997 (-18.963234779894737, 1.0, 7.0307085584694775)
5.559999999999969 (-18.916404910911307, 1.0, 7.030069675165125)
5.579999999999969 (-18.842412514976438, 1.0, 7.015852015162944)
5.599999999999969 (-18.740105875591723, 1.0, 6.980033995447369)
5.619999999999968 (-18.615984577720027, 1.0, 6.923822336397623)
5.639999999999968 (-18.47570876097654, 1.0, 6.856804599255606)
5.659999999999967 (-18.3229043871906, 1.0, 6.786230963109992)
5.679999999999967 (-18.162410847698364, 1.0, 6.715085372427135)
5.699999999999966 (-17.99807725495565, 1.0, 6.647945427146714)
5.719999999999966 (-17.832061919038864, 1.0, 6.588122649677672)
5.739999999999966 (-17.667607163224893, 1.0, 6.536198126365789)
5.759999999999965 (-17.508941751086464, 1.0, 6.496110907606107)
5.779999999999965 (-17.358798538169548, 1.0, 6.472743405958376)
5.799999999999964 (-17.21864918526276, 1.0, 6.468184569631555)
5.819999999999964 (-17.089070850590115, 1.0, 6.480363266927532)
5.839999999999963 (-16.971450268891584, 1.0, 6.507368121073533)
5.859999999999963 (-16.866318361913354, 1.0, 6.548635904184996)
5.879999999999963 (-16.772731934467515, 1.0, 6.6018366268787885)
5.899999999999962 (-16.690958914124764, 1.0, 6.665055518909763)
5.919999999999962 (-16.621593943540706, 1.0, 6.736184932205981)
5.939999999999961 (-16.565265644979416, 1.0, 6.811804035661696)
5.959999999999961 (-16.52233999379035, 1.0, 6.89205116218544)
5.9799999999999605 (-16.4923513858973, 1.0, 6.980428476404786)
5.99999999999996 (-16.475741419557526, 1.0, 7.077932646797773)
6.01999999999996 (-16.473634636965855, 1.0, 7.182848168949682)
6.039999999999959 (-16.486903364951022, 1.0, 7.293537693862089)
6.059999999999959 (-16.515380309370215, 1.0, 7.411043336443702)
6.079999999999958 (-16.55941609364344, 1.0, 7.535857585861063)
6.099999999999958 (-16.618208920992625, 1.0, 7.6644062420457395)
6.1199999999999575 (-16.688788111347815, 1.0, 7.790076859613919)
6.139999999999957 (-16.770081595471833, 1.0, 7.911276991559765)
6.159999999999957 (-16.86253034669159, 1.0, 8.029712582421649)
6.179999999999956 (-16.965894122147024, 1.0, 8.147215705911929)
6.199999999999956 (-17.080489329620452, 1.0, 8.264038314709895)
6.219999999999955 (-17.206910125854392, 1.0, 8.379187179932094)
6.239999999999955 (-17.345583721385065, 1.0, 8.490057207813154)
6.2599999999999545 (-17.494088195772747, 1.0, 8.589182127451213)
6.279999999999954 (-17.646320294826666, 1.0, 8.665784684761835)
6.299999999999954 (-17.795168015928148, 1.0, 8.713951823255735)
6.319999999999953 (-17.935177520675502, 1.0, 8.733394120944437)
6.339999999999953 (-18.061058858466023, 1.0, 8.726214969680909)
6.359999999999952 (-18.167484125744952, 1.0, 8.697246857354619)
6.379999999999952 (-18.252386073651714, 1.0, 8.655165071143937)
6.3999999999999515 (-18.318507299918714, 1.0, 8.608264037240671)
6.419999999999951 (-18.368919504224863, 1.0, 8.563079485296738)
6.439999999999951 (-18.406351066654597, 1.0, 8.524842331060537)
6.45999999999995 (-18.431156216839906, 1.0, 8.495772861727778)
6.47999999999995 (-18.441966455091592, 1.0, 8.475357001448682)
6.499999999999949 (-18.437725983705423, 1.0, 8.46288928227437)
6.519999999999949 (-18.41794656164912, 1.0, 8.459101751980784)
6.5399999999999485 (-18.37939697427542, 1.0, 8.460857798085211)
6.559999999999948 (-18.31428219789467, 1.0, 8.454152069984929)
6.579999999999948 (-18.217722307749515, 1.0, 8.423861111046907)
6.599999999999947 (-18.089498124508992, 1.0, 8.361578717858066)
6.619999999999947 (-17.93459251068939, 1.0, 8.271976158802891)
6.639999999999946 (-17.76223188031744, 1.0, 8.16866228681053)
6.659999999999946 (-17.577709622694627, 1.0, 8.062489128401555)
6.6799999999999455 (-17.384795608673336, 1.0, 7.9549874372862455)
6.699999999999945 (-17.187630394896516, 1.0, 7.847969698391786)
6.719999999999945 (-16.98840321368285, 1.0, 7.745763226763907)
6.739999999999944 (-16.79021638020929, 1.0, 7.650030391338955)
6.759999999999944 (-16.597511858645213, 1.0, 7.564775015722168)
6.779999999999943 (-16.413016324290062, 1.0, 7.495625408906418)
6.799999999999943 (-16.238122863577914, 1.0, 7.444939249591458)
6.8199999999999426 (-16.07344937821397, 1.0, 7.410999956167837)
6.839999999999942 (-15.920286688271279, 1.0, 7.392996414251546)
6.859999999999942 (-15.779132331068341, 1.0, 7.391148250899551)
6.879999999999941 (-15.649467704490446, 1.0, 7.404822488141443)
6.899999999999941 (-15.531313330489889, 1.0, 7.4288752242511435)
6.91999999999994 (-15.424781887545477, 1.0, 7.460539093004579)
6.93999999999994 (-15.33040296301491, 1.0, 7.500746279788885)
6.95999999999994 (-15.24888560997125, 1.0, 7.549497431697067)
6.979999999999939 (-15.180439742619875, 1.0, 7.607880163856968)
6.999999999999939 (-15.125572351720566, 1.0, 7.6762625031105145)
7.019999999999938 (-15.085523030618171, 1.0, 7.752556753214363)
7.039999999999938 (-15.061157767374922, 1.0, 7.834530706424865)
7.059999999999937 (-15.051066679405812, 1.0, 7.919819647206468)
7.079999999999937 (-15.051667343069948, 1.0, 8.003443067210668)
7.099999999999937 (-15.060373774111063, 1.0, 8.084631185059026)
7.119999999999936 (-15.076170848974565, 1.0, 8.176563332293151)
7.139999999999936 (-15.103675509160086, 1.0, 8.294975923162932)
7.159999999999935 (-15.146428608771796, 1.0, 8.426686915516102)
7.179999999999935 (-15.201601677557974, 1.0, 8.561401007921976)
7.1999999999999345 (-15.267165188658288, 1.0, 8.69532001578835)
7.219999999999934 (-15.342493372325684, 1.0, 8.828419614761158)
7.239999999999934 (-15.426632681777251, 1.0, 8.961107406588354)
7.259999999999933 (-15.52042596208992, 1.0, 9.097726279147532)
7.279999999999933 (-15.624726352048086, 1.0, 9.239551367258613)
7.299999999999932 (-15.73984873253348, 1.0, 9.38154477061289)
7.319999999999932 (-15.86435635738077, 1.0, 9.517708507708631)
7.3399999999999315 (-15.993650962898199, 1.0, 9.638073475822202)
7.359999999999931 (-16.1223226932615, 1.0, 9.735629990352319)
7.379999999999931 (-16.24574086215615, 1.0, 9.808655230202664)
7.39999999999993 (-16.36061618356793, 1.0, 9.858158091992598)
7.41999999999993 (-16.462157989756484, 1.0, 9.88438412339762)
7.439999999999929 (-16.54508562712313, 1.0, 9.887294873123032)
7.459999999999929 (-16.608807418687245, 1.0, 9.873705367342957)
7.4799999999999285 (-16.654914221433135, 1.0, 9.852814695976452)
7.499999999999928 (-16.683238312889195, 1.0, 9.828584282861836)
7.519999999999928 (-16.6925093910599, 1.0, 9.799223097071701)
7.539999999999927 (-16.681192145479475, 1.0, 9.759120040841855)
7.559999999999927 (-16.64783360609338, 1.0, 9.699617485300374)
7.579999999999926 (-16.592590326984098, 1.0, 9.616768527538783)
7.599999999999926 (-16.51755853511778, 1.0, 9.515125741497624)
7.6199999999999255 (-16.426373560408678, 1.0, 9.40177273909954)
7.639999999999925 (-16.322251979228717, 1.0, 9.284469041227464)
7.659999999999925 (-16.206279816149394, 1.0, 9.168830062948105)
7.679999999999924 (-16.07990202951663, 1.0, 9.054716191621097)
7.699999999999924 (-15.947003361753689, 1.0, 8.941654990905157)
7.719999999999923 (-15.809753929541525, 1.0, 8.83446818894889)
7.739999999999923 (-15.669473734734696, 1.0, 8.736555403056885)
7.7599999999999225 (-15.529645426917286, 1.0, 8.648346226829435)
7.779999999999922 (-15.393464677241345, 1.0, 8.574266277887695)
7.799999999999922 (-15.262529857618842, 1.0, 8.51889021317128)
7.819999999999921 (-15.138158922369506, 1.0, 8.482690011554247)
7.839999999999921 (-15.022068369166043, 1.0, 8.463044374770165)
7.85999999999992 (-14.915834837682736, 1.0, 8.460268490107492)
7.87999999999992 (-14.818891757210785, 1.0, 8.473027710656329)
7.8999999999999195 (-14.731671321066147, 1.0, 8.499146880916932)
7.919999999999919 (-14.655567645610319, 1.0, 8.535117133423887)
7.939999999999919 (-14.591096908658622, 1.0, 8.579165521789937)
7.959999999999918 (-14.53826119610208, 1.0, 8.63288602251549)
7.979999999999918 (-14.497559679832557, 1.0, 8.69671200127727)
7.999999999999917 (-14.469288409986367, 1.0, 8.771283823982213)
8.019999999999918 (-14.453578871312121, 1.0, 8.857526201224031)
8.039999999999917 (-14.450381186465307, 1.0, 8.956818412891929)
8.059999999999917 (-14.460048276050882, 1.0, 9.070023471245715)
8.079999999999917 (-14.484319374158785, 1.0, 9.193926683409922)
8.099999999999916 (-14.523301533881268, 1.0, 9.323686677219905)
8.119999999999916 (-14.572235458523759, 1.0, 9.455035240570373)
8.139999999999915 (-14.628995114921961, 1.0, 9.589384919131168)
8.159999999999915 (-14.69435727413763, 1.0, 9.730057614646338)
8.179999999999914 (-14.769362622153961, 1.0, 9.877233032279188)
8.199999999999914 (-14.854646432865255, 1.0, 10.029166666373163)
8.219999999999914 (-14.950526636688036, 1.0, 10.18389369251702)
8.239999999999913 (-15.057316887634446, 1.0, 10.340254655912533)
8.259999999999913 (-15.175406403331909, 1.0, 10.496795177302463)
8.279999999999912 (-15.303688082814297, 1.0, 10.646721873992666)
8.299999999999912 (-15.437545550299705, 1.0, 10.775901876172064)
8.319999999999911 (-15.570100726432234, 1.0, 10.871889666320438)
8.339999999999911 (-15.694315401598955, 1.0, 10.929155367731207)
8.35999999999991 (-15.805508896144499, 1.0, 10.952041089131164)
8.37999999999991 (-15.899284746316994, 1.0, 10.949561166086582)
8.39999999999991 (-15.972721440376683, 1.0, 10.92827767408011)
8.41999999999991 (-16.02709742949035, 1.0, 10.896609578883307)
8.439999999999909 (-16.065575160364556, 1.0, 10.864367820183816)
8.459999999999908 (-16.08901695658328, 1.0, 10.836826774408664)
8.479999999999908 (-16.09556841339758, 1.0, 10.812207697332832)
8.499999999999908 (-16.08167426827917, 1.0, 10.783067357637002)
8.519999999999907 (-16.04360908956909, 1.0, 10.739025968202856)
8.539999999999907 (-15.979841935044757, 1.0, 10.672826906294262)
8.559999999999906 (-15.891258130409527, 1.0, 10.582699942627496)
8.579999999999906 (-15.77938387306117, 1.0, 10.470766374083293)
8.599999999999905 (-15.646518183880415, 1.0, 10.341626090777678)
8.619999999999905 (-15.498429574689485, 1.0, 10.202211998665986)
8.639999999999905 (-15.338232717787237, 1.0, 10.059176910534841)
8.659999999999904 (-15.166602718438124, 1.0, 9.913873594516826)
8.679999999999904 (-14.985770057562075, 1.0, 9.763835668399429)
8.699999999999903 (-14.799961889723628, 1.0, 9.610266908993445)
8.719999999999903 (-14.610778489451214, 1.0, 9.458935872165306)
8.739999999999903 (-14.420526440529047, 1.0, 9.312147176973417)
8.759999999999902 (-14.232933732637738, 1.0, 9.173239426959832)
8.779999999999902 (-14.04925532497619, 1.0, 9.048472687740823)
8.799999999999901 (-13.870360428174711, 1.0, 8.940821845017648)
8.8199999999999 (-13.697936704891612, 1.0, 8.850307132021236)
8.8399999999999 (-13.533050814212862, 1.0, 8.777378582329135)
8.8599999999999 (-13.377110676563264, 1.0, 8.719079242387002)
8.8799999999999 (-13.230018436566837, 1.0, 8.672312227109186)
8.899999999999899 (-13.090727107213361, 1.0, 8.63757276729637)
8.919999999999899 (-12.95893728494751, 1.0, 8.616728157419168)
8.939999999999898 (-12.83674819219255, 1.0, 8.607715301512489)
8.959999999999898 (-12.725587339382278, 1.0, 8.60980715779891)
8.979999999999897 (-12.626796941246354, 1.0, 8.621875230411865)
8.999999999999897 (-12.54093519638395, 1.0, 8.643598545704531)
9.019999999999897 (-12.46824593725659, 1.0, 8.674818546276317)
9.039999999999896 (-12.407543238478501, 1.0, 8.710598341151595)
9.059999999999896 (-12.358484290694864, 1.0, 8.745680283184441)
9.079999999999895 (-12.31684455191845, 1.0, 8.783751562856722)
9.099999999999895 (-12.277003878105416, 1.0, 8.844787199856508)
9.119999999999894 (-12.24605956940969, 1.0, 8.925662923257638)
9.139999999999894 (-12.225516161903919, 1.0, 9.020290629890313)
9.159999999999894 (-12.212779561088562, 1.0, 9.130053696015738)
9.179999999999893 (-12.206164663234537, 1.0, 9.252231858806303)
9.199999999999893 (-12.206580028329896, 1.0, 9.3816643297096)
9.219999999999892 (-12.214277344020987, 1.0, 9.516199230411742)
9.239999999999892 (-12.22930140823885, 1.0, 9.655334795835273)
9.259999999999891 (-12.25193783254191, 1.0, 9.798522028883422)
9.279999999999891 (-12.282369970460849, 1.0, 9.945079712343581)
9.29999999999989 (-12.32059689405607, 1.0, 10.09439662473825)
9.31999999999989 (-12.365698566173585, 1.0, 10.251363479405033)
9.33999999999989 (-12.41887590555144, 1.0, 10.413443806839952)
9.35999999999989 (-12.481530641025074, 1.0, 10.574799429057022)
9.379999999999889 (-12.553039050411423, 1.0, 10.727856281265165)
9.399999999999888 (-12.631695206712102, 1.0, 10.865715243675554)
9.419999999999888 (-12.715059589228018, 1.0, 10.984386427561164)
9.439999999999888 (-12.800620544709263, 1.0, 11.082009681068369)
9.459999999999887 (-12.883982899132645, 1.0, 11.155872201312528)
9.479999999999887 (-12.960833169962722, 1.0, 11.202143359396446)
9.499999999999886 (-13.028839324177333, 1.0, 11.223555641755407)
9.519999999999886 (-13.08620993334988, 1.0, 11.225117029495452)
9.539999999999885 (-13.131976694300157, 1.0, 11.207732784703948)
9.559999999999885 (-13.166976813891644, 1.0, 11.168021081309565)
9.579999999999885 (-13.191867405798588, 1.0, 11.104169995461922)
9.599999999999884 (-13.205564883550347, 1.0, 11.020226909759357)
9.619999999999884 (-13.207511800211888, 1.0, 10.923365997930286)
9.639999999999883 (-13.197462160363642, 1.0, 10.821365475531993)
9.659999999999883 (-13.17456342108503, 1.0, 10.71812342083232)
9.679999999999882 (-13.139053301663663, 1.0, 10.61379867279151)
9.699999999999882 (-13.093843437205235, 1.0, 10.508600019365575)
9.719999999999882 (-13.040678625316767, 1.0, 10.407306443556223)
9.739999999999881 (-12.979442770512621, 1.0, 10.313996273188708)
9.75999999999988 (-12.911722869285324, 1.0, 10.229333877965022)
9.77999999999988 (-12.8406674306807, 1.0, 10.155255447723992)
9.79999999999988 (-12.76718204133986, 1.0, 10.09726168308907)
9.81999999999988 (-12.691868158472676, 1.0, 10.058871174908871)
9.839999999999879 (-12.616894563263982, 1.0, 10.039083412491221)
9.859999999999879 (-12.545708066860229, 1.0, 10.035595943676865)
9.879999999999878 (-12.479407382863846, 1.0, 10.048331536709778)
9.899999999999878 (-12.418792961254896, 1.0, 10.075269757980324)
9.919999999999877 (-12.365067397970328, 1.0, 10.1151925826559)
9.939999999999877 (-12.318818873907068, 1.0, 10.168072856219906)
9.959999999999877 (-12.280388089958844, 1.0, 10.234269651831145)
9.979999999999876 (-12.250238840824448, 1.0, 10.313879678435603)
9.999999999999876 (-12.229992686790267, 1.0, 10.405563370469796)
