0.0 (-15.75, 1.0, 0.0)
0.02 (-15.750050909828344, 1.0, -0.008051611975080262)
0.04 (-15.750570467163389, 1.0, -0.01342921966449486)
0.06 (-15.75202524134929, 1.0, 0.0005017948852995245)
0.08 (-15.752450985329062, 1.0, 0.03337668393828186)
0.1 (-15.748834578999126, 1.0, 0.07805199920439879)
0.12000000000000001 (-15.739556122335605, 1.0, 0.131730755352394)
0.14 (-15.724216583483608, 1.0, 0.19418192063769585)
0.16 (-15.702946795834299, 1.0, 0.26482653207881834)
0.18 (-15.675365057234435, 1.0, 0.34291049606236307)
0.19999999999999998 (-15.641312555278244, 1.0, 0.42564719185716504)
0.21999999999999997 (-15.60218937062215, 1.0, 0.5084798784823077)
0.23999999999999996 (-15.55927695834972, 1.0, 0.5887638337524695)
0.25999999999999995 (-15.513128931913315, 1.0, 0.664645485960719)
0.27999999999999997 (-15.463302408488781, 1.0, 0.7343659707260387)
0.3 (-15.412650553833437, 1.0, 0.794578068384693)
0.32 (-15.365659094804709, 1.0, 0.8413302584738377)
0.34 (-15.324373360069213, 1.0, 0.8709959832941901)
0.36000000000000004 (-15.290320048235294, 1.0, 0.878808977438412)
0.38000000000000006 (-15.26432919881632, 1.0, 0.8612581967391777)
0.4000000000000001 (-15.248142885293134, 1.0, 0.8166769084549264)
0.4200000000000001 (-15.243155042366018, 1.0, 0.7474209089614499)
0.4400000000000001 (-15.248098356833452, 1.0, 0.6536330973551706)
0.46000000000000013 (-15.259725334352957, 1.0, 0.5328591372515163)
0.48000000000000015 (-15.266419357039021, 1.0, 0.3882622827087861)
0.5000000000000001 (-15.250043500427836, 1.0, 0.22940658416424303)
0.5200000000000001 (-15.204031128334272, 1.0, 0.06297171301566246)
0.5400000000000001 (-15.133230572449639, 1.0, -0.09760674001040175)
0.5600000000000002 (-15.04859647859909, 1.0, -0.23945792093952767)
0.5800000000000002 (-14.961322031749896, 1.0, -0.368640419299592)
0.6000000000000002 (-14.876323822601158, 1.0, -0.49347318052819666)
0.6200000000000002 (-14.793229312756987, 1.0, -0.6180709072707291)
0.6400000000000002 (-14.70827566991175, 1.0, -0.7410802238943669)
0.6600000000000003 (-14.615574229576378, 1.0, -0.8668303207147459)
0.6800000000000003 (-14.516817246175085, 1.0, -0.9935376278146074)
0.7000000000000003 (-14.41536410037291, 1.0, -1.1159362102833827)
0.7200000000000003 (-14.309286923048914, 1.0, -1.2341571866092027)
0.7400000000000003 (-14.198383718058775, 1.0, -1.349083713811854)
0.7600000000000003 (-14.08590876574124, 1.0, -1.4612917600923936)
0.7800000000000004 (-13.97564473193991, 1.0, -1.5675385867116474)
0.8000000000000004 (-13.875198879033855, 1.0, -1.6656060477291341)
0.8200000000000004 (-13.790310128848795, 1.0, -1.7556995945068326)
0.8400000000000004 (-13.721931031103193, 1.0, -1.840803193495222)
0.8600000000000004 (-13.669425502313741, 1.0, -1.9235274704163248)
0.8800000000000004 (-13.632583900429891, 1.0, -2.0064289349605127)
0.9000000000000005 (-13.617201284454671, 1.0, -2.1069752693352086)
0.9200000000000005 (-13.619595303546216, 1.0, -2.2216512927531014)
0.9400000000000005 (-13.635794263704184, 1.0, -2.3328161950528163)
0.9600000000000005 (-13.664609782584009, 1.0, -2.4386266083239647)
0.9800000000000005 (-13.707699132191399, 1.0, -2.543809194988356)
1.0000000000000004 (-13.76770541618924, 1.0, -2.651050116791192)
1.0200000000000005 (-13.847412343570443, 1.0, -2.7599485676049884)
1.0400000000000005 (-13.9295680905264, 1.0, -2.8496927784363457)
1.0600000000000005 (-13.99713779010248, 1.0, -2.9160615368701928)
1.0800000000000005 (-14.08521188144845, 1.0, -2.9894606532028685)
1.1000000000000005 (-14.186126896955741, 1.0, -3.060239380722435)
1.1200000000000006 (-14.297065515629829, 1.0, -3.1268967053029932)
1.1400000000000006 (-14.4195902562708, 1.0, -3.1961288686450517)
1.1600000000000006 (-14.559748746488305, 1.0, -3.275016835643649)
1.1800000000000006 (-14.71730251640985, 1.0, -3.358510271126752)
1.2000000000000006 (-14.884650334222775, 1.0, -3.4370560553853835)
1.2200000000000006 (-15.050658038642045, 1.0, -3.4998579617049885)
1.2400000000000007 (-15.212022072329967, 1.0, -3.543989639227895)
1.2600000000000007 (-15.361065869622474, 1.0, -3.5704138705614277)
1.2800000000000007 (-15.490752502155871, 1.0, -3.582333782682592)
1.3000000000000007 (-15.598347527905963, 1.0, -3.582433379488623)
1.3200000000000007 (-15.68382711147615, 1.0, -3.5701139227808114)
1.3400000000000007 (-15.749869299098918, 1.0, -3.543053947834241)
1.3600000000000008 (-15.800425913237351, 1.0, -3.4990632046392625)
1.3800000000000008 (-15.835988804194486, 1.0, -3.4396744181788823)
1.4000000000000008 (-15.85083945199268, 1.0, -3.3646355984295013)
1.4200000000000008 (-15.844935071254557, 1.0, -3.2811865154191833)
1.4400000000000008 (-15.825841638885237, 1.0, -3.1904243407499004)
1.4600000000000009 (-15.800602833045268, 1.0, -3.091925990563185)
1.4800000000000009 (-15.773248148711822, 1.0, -2.985909468815352)
1.5000000000000009 (-15.74070785216612, 1.0, -2.8718793336988013)
1.520000000000001 (-15.701962913558052, 1.0, -2.749321834270217)
1.540000000000001 (-15.66782545333701, 1.0, -2.6297972197115316)
1.560000000000001 (-15.641087082679087, 1.0, -2.5198406409227188)
1.580000000000001 (-15.617502589523427, 1.0, -2.4152893306627075)
1.600000000000001 (-15.593969265470458, 1.0, -2.3026668420683345)
1.620000000000001 (-15.56793534661586, 1.0, -2.1841509080738457)
1.640000000000001 (-15.541381433253825, 1.0, -2.069647880258367)
1.660000000000001 (-15.517547608482591, 1.0, -1.9641184563581828)
1.680000000000001 (-15.494617625404056, 1.0, -1.8663460974753288)
1.700000000000001 (-15.470133814978698, 1.0, -1.77445755489855)
1.720000000000001 (-15.44194011394243, 1.0, -1.6885671142057241)
1.740000000000001 (-15.408297223097922, 1.0, -1.6100770122636994)
1.7600000000000011 (-15.36778215642558, 1.0, -1.540787844127322)
1.7800000000000011 (-15.319455755620051, 1.0, -1.481713762675026)
1.8000000000000012 (-15.262620847348586, 1.0, -1.4325835241668492)
1.8200000000000012 (-15.199258628669734, 1.0, -1.3918987881830742)
1.8400000000000012 (-15.138301931815537, 1.0, -1.3580679959861113)
1.8600000000000012 (-15.087338356356955, 1.0, -1.3279361304413015)
1.8800000000000012 (-15.052550549075951, 1.0, -1.2962686611846272)
1.9000000000000012 (-15.037932643835035, 1.0, -1.2595597585591374)
1.9200000000000013 (-15.044619406152336, 1.0, -1.215672551102978)
1.9400000000000013 (-15.0718494626658, 1.0, -1.161989785695118)
1.9600000000000013 (-15.118125833875343, 1.0, -1.0949911381165998)
1.9800000000000013 (-15.181682470999933, 1.0, -1.0097873430553195)
2.0000000000000013 (-15.263062572262298, 1.0, -0.9066707044286919)
2.0200000000000014 (-15.358284615149064, 1.0, -0.7925285654285585)
2.0400000000000014 (-15.45966081413033, 1.0, -0.669850603041198)
2.0600000000000014 (-15.55185945646286, 1.0, -0.5390133231525593)
2.0800000000000014 (-15.622754382067942, 1.0, -0.39504058582503876)
2.1000000000000014 (-15.668229318270848, 1.0, -0.2279492959452226)
2.1200000000000014 (-15.681440826570078, 1.0, -0.03748663399868662)
2.1400000000000015 (-15.647887659493797, 1.0, 0.15587372522276605)
2.1600000000000015 (-15.567684964013916, 1.0, 0.3260081491552615)
2.1800000000000015 (-15.462907661483039, 1.0, 0.46965727200842433)
2.2000000000000015 (-15.35070928471236, 1.0, 0.6049316496877503)
2.2200000000000015 (-15.237135469239748, 1.0, 0.7432370857112786)
2.2400000000000015 (-15.123170813170384, 1.0, 0.8772225346904384)
2.2600000000000016 (-15.010925880463871, 1.0, 0.9923824872986241)
2.2800000000000016 (-14.90174668757692, 1.0, 1.0880994367621366)
2.3000000000000016 (-14.79602537071274, 1.0, 1.169370206656737)
2.3200000000000016 (-14.696296591837092, 1.0, 1.2358188467541062)
2.3400000000000016 (-14.607896494486162, 1.0, 1.2881618569365225)
2.3600000000000017 (-14.536718550118449, 1.0, 1.3254378907548037)
2.3800000000000017 (-14.502067703700604, 1.0, 1.3574385550330303)
2.4000000000000017 (-14.498072985372007, 1.0, 1.380588539238153)
2.4200000000000017 (-14.51756466566046, 1.0, 1.375736968489618)
2.4400000000000017 (-14.549995325937472, 1.0, 1.3519871107163728)
2.4600000000000017 (-14.593434441297088, 1.0, 1.3130708464203271)
2.4800000000000018 (-14.652997496378726, 1.0, 1.2569994700082636)
2.5000000000000018 (-14.715939825599547, 1.0, 1.1851716761907554)
2.520000000000002 (-14.76179480916944, 1.0, 1.0990591618022827)
2.540000000000002 (-14.778808793181724, 1.0, 1.00774105542512)
2.560000000000002 (-14.769052109415734, 1.0, 0.9127371502754351)
2.580000000000002 (-14.743422497203492, 1.0, 0.8062735090540629)
2.600000000000002 (-14.703069256254672, 1.0, 0.6947845068878011)
2.620000000000002 (-14.655010552077835, 1.0, 0.5889552766214938)
2.640000000000002 (-14.608378483749874, 1.0, 0.4879239997135147)
2.660000000000002 (-14.567352682031817, 1.0, 0.3876842895915041)
2.680000000000002 (-14.527659802784244, 1.0, 0.27907022206416)
2.700000000000002 (-14.479252642517865, 1.0, 0.15720428133740194)
2.720000000000002 (-14.41466064314017, 1.0, 0.022433403455779932)
2.740000000000002 (-14.341966912096623, 1.0, -0.10848734757649005)
2.760000000000002 (-14.262734637632514, 1.0, -0.23775346015857846)
2.780000000000002 (-14.174090377024639, 1.0, -0.3693609537983247)
2.800000000000002 (-14.078415260758847, 1.0, -0.4999923524498756)
2.820000000000002 (-13.988843786365688, 1.0, -0.6257004608979829)
2.840000000000002 (-13.914380833597829, 1.0, -0.7483523227849869)
2.860000000000002 (-13.85926674764968, 1.0, -0.8707259727167039)
2.880000000000002 (-13.823999325742255, 1.0, -0.9916122399075475)
2.900000000000002 (-13.81761095556129, 1.0, -1.112528692759036)
2.920000000000002 (-13.837763747033378, 1.0, -1.2271449967838315)
2.940000000000002 (-13.881901083594164, 1.0, -1.3346519579814073)
2.960000000000002 (-13.94931690752862, 1.0, -1.4372580854491879)
2.980000000000002 (-14.039116763722719, 1.0, -1.536228212210293)
3.000000000000002 (-14.150293135068626, 1.0, -1.6318720957313368)
3.0200000000000022 (-14.280168143617178, 1.0, -1.7234604312895514)
3.0400000000000023 (-14.42110621550462, 1.0, -1.806503247364714)
3.0600000000000023 (-14.569336273164446, 1.0, -1.8784070744276744)
3.0800000000000023 (-14.733433445026883, 1.0, -1.9459217157861692)
3.1000000000000023 (-14.920087316512216, 1.0, -2.008564493466808)
3.1200000000000023 (-15.11033269828195, 1.0, -2.048115761397502)
3.1400000000000023 (-15.280691843975156, 1.0, -2.077443933862475)
3.1600000000000024 (-15.442392613383367, 1.0, -2.095635322225152)
3.1800000000000024 (-15.58627772410251, 1.0, -2.096460892544606)
3.2000000000000024 (-15.707021215800271, 1.0, -2.074897651148584)
3.2200000000000024 (-15.805526880950643, 1.0, -2.027403690467825)
3.2400000000000024 (-15.875384552928256, 1.0, -1.9593013787496507)
3.2600000000000025 (-15.905658708484843, 1.0, -1.8804151643214329)
3.2800000000000025 (-15.887480324004747, 1.0, -1.7917895146678247)
3.3000000000000025 (-15.827543309814663, 1.0, -1.694225218796712)
3.3200000000000025 (-15.739664655882573, 1.0, -1.5845358205989344)
3.3400000000000025 (-15.637941934523802, 1.0, -1.4630928639659118)
3.3600000000000025 (-15.527234605733236, 1.0, -1.3301504161983804)
3.3800000000000026 (-15.413019781502372, 1.0, -1.187817159977206)
3.4000000000000026 (-15.300728366023671, 1.0, -1.039381887405785)
3.4200000000000026 (-15.19537153064488, 1.0, -0.8893497819103893)
3.4400000000000026 (-15.106020917382503, 1.0, -0.7487815285849161)
3.4600000000000026 (-15.038021683084773, 1.0, -0.6228701885566987)
3.4800000000000026 (-14.997903599278823, 1.0, -0.5217946363943617)
3.5000000000000027 (-14.988697101518188, 1.0, -0.4514968987770621)
3.5200000000000027 (-15.010936702930593, 1.0, -0.4137266304327446)
3.5400000000000027 (-15.06276485140473, 1.0, -0.4079188311922071)
3.5600000000000027 (-15.134379287178833, 1.0, -0.42661673598876637)
3.5800000000000027 (-15.205180447508727, 1.0, -0.4535663354123317)
3.6000000000000028 (-15.257650707704958, 1.0, -0.46723400682781174)
3.6200000000000028 (-15.289515129797175, 1.0, -0.4575503464008688)
3.640000000000003 (-15.311295979092518, 1.0, -0.4370177471427735)
3.660000000000003 (-15.32867268323999, 1.0, -0.4156872255064258)
3.680000000000003 (-15.342383187323447, 1.0, -0.40121083984044864)
3.700000000000003 (-15.34895854436342, 1.0, -0.40319194007462256)
3.720000000000003 (-15.34535748319222, 1.0, -0.42859247586178845)
3.740000000000003 (-15.329868870597014, 1.0, -0.4640645236651493)
3.760000000000003 (-15.3031181581558, 1.0, -0.5010004479492678)
3.780000000000003 (-15.266209253457902, 1.0, -0.545456260661298)
3.800000000000003 (-15.219420379435116, 1.0, -0.6008403076468443)
3.820000000000003 (-15.166008268296233, 1.0, -0.662705027399504)
3.840000000000003 (-15.117788766419748, 1.0, -0.7251374768704774)
3.860000000000003 (-15.084430431189668, 1.0, -0.7857125723032856)
3.880000000000003 (-15.070420007843037, 1.0, -0.8423054313785662)
3.900000000000003 (-15.07557075253379, 1.0, -0.8923715338020558)
3.920000000000003 (-15.093609155752228, 1.0, -0.9331695856198325)
3.940000000000003 (-15.123619635855537, 1.0, -0.9632405565627694)
3.960000000000003 (-15.168561486691207, 1.0, -0.9876558236751165)
3.980000000000003 (-15.231444867494593, 1.0, -1.0104328164564949)
4.000000000000003 (-15.314221275501499, 1.0, -1.032140683792126)
4.020000000000002 (-15.418069278620678, 1.0, -1.0509895135927494)
4.040000000000002 (-15.54312568613547, 1.0, -1.0628486624054487)
4.060000000000001 (-15.682836172161654, 1.0, -1.0587065721094382)
4.080000000000001 (-15.814996797496129, 1.0, -1.0264669093026477)
4.1000000000000005 (-15.918894433784903, 1.0, -0.9669893230814197)
4.12 (-15.982163114693615, 1.0, -0.8876499041866203)
4.14 (-16.0021240666638, 1.0, -0.794774312572736)
4.159999999999999 (-15.97684306927457, 1.0, -0.6928071338912201)
4.179999999999999 (-15.903009753965874, 1.0, -0.5844516815038991)
4.199999999999998 (-15.780334194510427, 1.0, -0.46725867472592997)
4.219999999999998 (-15.612835323677118, 1.0, -0.32416029295745263)
4.2399999999999975 (-15.414238689864817, 1.0, -0.15960957848129909)
4.259999999999997 (-15.201687522333524, 1.0, 0.01753266873886615)
4.279999999999997 (-14.986682339514777, 1.0, 0.19984155418519986)
4.299999999999996 (-14.785282275463738, 1.0, 0.37584694139495156)
4.319999999999996 (-14.608590501418105, 1.0, 0.5402303422514358)
4.339999999999995 (-14.455057971893865, 1.0, 0.689106937412511)
4.359999999999995 (-14.319237793481763, 1.0, 0.8201523782021066)
4.379999999999995 (-14.209203730392712, 1.0, 0.9316503799312053)
4.399999999999994 (-14.128201743357852, 1.0, 1.025415599243204)
4.419999999999994 (-14.074667708057321, 1.0, 1.1014138074805528)
4.439999999999993 (-14.046578057751354, 1.0, 1.158933704375527)
4.459999999999993 (-14.046094648341366, 1.0, 1.1969826420574747)
4.479999999999992 (-14.074626996614398, 1.0, 1.218511278415374)
4.499999999999992 (-14.129738654840441, 1.0, 1.2269773543740399)
4.519999999999992 (-14.210377182206614, 1.0, 1.2230091325124754)
4.539999999999991 (-14.317252939395575, 1.0, 1.2036671015024727)
4.559999999999991 (-14.44311387874818, 1.0, 1.1653985051038522)
4.57999999999999 (-14.569845008103378, 1.0, 1.1094992423593402)
4.59999999999999 (-14.688359372149012, 1.0, 1.0377155978141777)
4.6199999999999894 (-14.79121533156, 1.0, 0.9517322911425482)
4.639999999999989 (-14.863443433989353, 1.0, 0.8685051031295581)
4.659999999999989 (-14.899387862449071, 1.0, 0.7998899154020666)
4.679999999999988 (-14.907778430275952, 1.0, 0.7436843640488914)
4.699999999999988 (-14.905439952384958, 1.0, 0.6837906323868486)
4.719999999999987 (-14.89934600605802, 1.0, 0.604891381179227)
4.739999999999987 (-14.884688166513568, 1.0, 0.5233726653785136)
4.7599999999999865 (-14.859029925972798, 1.0, 0.441905245668284)
4.779999999999986 (-14.823320990766222, 1.0, 0.3540695353955466)
4.799999999999986 (-14.777962066095574, 1.0, 0.2572881776690091)
4.819999999999985 (-14.730816651278834, 1.0, 0.15947908229714747)
4.839999999999985 (-14.692916999688725, 1.0, 0.06652883146069678)
4.859999999999984 (-14.671057607475884, 1.0, -0.0192320540545512)
4.879999999999984 (-14.66787550162187, 1.0, -0.09633686998347776)
4.8999999999999835 (-14.6825083754256, 1.0, -0.16403613508428638)
4.919999999999983 (-14.708110479298753, 1.0, -0.21880546859948488)
4.939999999999983 (-14.74445252430628, 1.0, -0.25995807158545964)
4.959999999999982 (-14.799215897502, 1.0, -0.2948636220510542)
4.979999999999982 (-14.889191618649855, 1.0, -0.3295307539083095)
4.999999999999981 (-15.001287225218022, 1.0, -0.3525688255802833)
5.019999999999981 (-15.123036983953169, 1.0, -0.36380682719175444)
5.0399999999999805 (-15.25101527655898, 1.0, -0.36690544967189986)
5.05999999999998 (-15.395632482879842, 1.0, -0.3650463304233515)
5.07999999999998 (-15.55675534244484, 1.0, -0.35672523201517514)
5.099999999999979 (-15.72338176168064, 1.0, -0.337572413754464)
5.119999999999979 (-15.87629074362436, 1.0, -0.30041811274830066)
5.139999999999978 (-16.00089475381287, 1.0, -0.24227594148818915)
5.159999999999978 (-16.09182576993757, 1.0, -0.17011302615710738)
5.1799999999999775 (-16.149141940021607, 1.0, -0.09204170284155824)
5.199999999999977 (-16.17135075376246, 1.0, -0.012447618945244158)
5.219999999999977 (-16.154363955499694, 1.0, 0.06598056265152571)
5.239999999999976 (-16.095258419964086, 1.0, 0.14096330386775718)
5.259999999999976 (-15.99567513402984, 1.0, 0.21277038142348165)
5.279999999999975 (-15.863287049937423, 1.0, 0.28824656710599816)
5.299999999999975 (-15.706751978614085, 1.0, 0.37924719074668206)
5.3199999999999745 (-15.533778662117458, 1.0, 0.4812802637249166)
5.339999999999974 (-15.351345956964972, 1.0, 0.5921774296454386)
5.359999999999974 (-15.168705252006223, 1.0, 0.7098786335151603)
5.379999999999973 (-14.997067681199033, 1.0, 0.8304923217663901)
5.399999999999973 (-14.848945513252563, 1.0, 0.9454755425478946)
5.419999999999972 (-14.726950246160685, 1.0, 1.0501162181513413)
5.439999999999972 (-14.632998120538087, 1.0, 1.142565812303251)
5.4599999999999715 (-14.573393311664336, 1.0, 1.2198566567811788)
5.479999999999971 (-14.551234066887265, 1.0, 1.279674447281632)
5.499999999999971 (-14.567345623824627, 1.0, 1.3207828623893838)
5.51999999999997 (-14.621055036317697, 1.0, 1.341774939850456)
5.53999999999997 (-14.703863415141711, 1.0, 1.3433593095741048)
5.559999999999969 (-14.790766774604156, 1.0, 1.3328915625707756)
5.579999999999969 (-14.855940128375293, 1.0, 1.326031675094121)
5.599999999999969 (-14.892129864923879, 1.0, 1.3336280817297488)
5.619999999999968 (-14.909610476552201, 1.0, 1.3490371478721332)
5.639999999999968 (-14.915815250828517, 1.0, 1.3670605915705838)
5.659999999999967 (-14.91862165816931, 1.0, 1.381308292817112)
5.679999999999967 (-14.920632704500397, 1.0, 1.3804997292731427)
5.699999999999966 (-14.921038085191531, 1.0, 1.3557682433699036)
5.719999999999966 (-14.914597247866567, 1.0, 1.3083945011358866)
5.739999999999966 (-14.89653150529465, 1.0, 1.256971099614969)
5.759999999999965 (-14.869697913907158, 1.0, 1.1986960558690432)
5.779999999999965 (-14.836796051704756, 1.0, 1.1281742340663194)
5.799999999999964 (-14.796922576865962, 1.0, 1.0457096417456753)
5.819999999999964 (-14.7558600641038, 1.0, 0.9605755107121333)
5.839999999999963 (-14.723325067458623, 1.0, 0.8795433075060408)
5.859999999999963 (-14.70564396244323, 1.0, 0.8067166388732474)
5.879999999999963 (-14.70522935104157, 1.0, 0.7447233810071425)
5.899999999999962 (-14.721836835808263, 1.0, 0.6944123877645644)
5.919999999999962 (-14.748035683956145, 1.0, 0.6571280883006807)
5.939999999999961 (-14.78199309327568, 1.0, 0.6344824231875028)
5.959999999999961 (-14.832729908459427, 1.0, 0.6211435444165544)
5.9799999999999605 (-14.917344837866445, 1.0, 0.6145837673699981)
5.99999999999996 (-15.020439288147035, 1.0, 0.6235058562779638)
6.01999999999996 (-15.130058054055251, 1.0, 0.6450700862650851)
6.039999999999959 (-15.245851227419616, 1.0, 0.6766570237608379)
6.059999999999959 (-15.377002737026158, 1.0, 0.7170946004751169)
6.079999999999958 (-15.521671655389381, 1.0, 0.7690486885133201)
6.099999999999958 (-15.66362401079223, 1.0, 0.8384727796769439)
6.1199999999999575 (-15.781111719421082, 1.0, 0.9288261838949924)
6.139999999999957 (-15.864248585730634, 1.0, 1.0318906219063058)
6.159999999999957 (-15.910470425829503, 1.0, 1.1378306961000912)
6.179999999999956 (-15.920899026275501, 1.0, 1.2416412511770964)
6.199999999999956 (-15.893303453937506, 1.0, 1.3404610546414188)
6.219999999999955 (-15.823268649334949, 1.0, 1.4316356734469304)
6.239999999999955 (-15.708553866956692, 1.0, 1.5141482031437847)
6.2599999999999545 (-15.549307767018362, 1.0, 1.6029209031032168)
6.279999999999954 (-15.356978040480902, 1.0, 1.701236393681307)
6.299999999999954 (-15.145435898228394, 1.0, 1.8086125826197792)
6.319999999999953 (-14.92638695707108, 1.0, 1.9211611009983662)
6.339999999999953 (-14.713751936205139, 1.0, 2.0356578768056672)
6.359999999999952 (-14.524300918453116, 1.0, 2.1467925407254085)
6.379999999999952 (-14.363390246404343, 1.0, 2.249308977304823)
6.3999999999999515 (-14.229799445176212, 1.0, 2.34160065420994)
6.419999999999951 (-14.12969760054065, 1.0, 2.422906971262841)
6.439999999999951 (-14.064678549435326, 1.0, 2.4917263018675526)
6.45999999999995 (-14.034639507255946, 1.0, 2.5457651191013113)
6.47999999999995 (-14.039560216055046, 1.0, 2.582560660065777)
6.499999999999949 (-14.08151102129344, 1.0, 2.6003466989740365)
6.519999999999949 (-14.155298223122799, 1.0, 2.599508053864939)
6.5399999999999485 (-14.24307109149231, 1.0, 2.5805753974974928)
6.559999999999948 (-14.318500091044266, 1.0, 2.545901889304266)
6.579999999999948 (-14.358489244610494, 1.0, 2.509252155512697)
6.599999999999947 (-14.371280131527389, 1.0, 2.477452288284918)
6.619999999999947 (-14.366805685107176, 1.0, 2.4542553682499166)
6.639999999999946 (-14.358113139390783, 1.0, 2.433445947637318)
6.659999999999946 (-14.355068661180296, 1.0, 2.4077276930904232)
6.6799999999999455 (-14.358298144081406, 1.0, 2.3681754174564915)
6.699999999999945 (-14.364110105137229, 1.0, 2.3053045651289414)
6.719999999999945 (-14.367419513380899, 1.0, 2.216959932744956)
6.739999999999944 (-14.360637716756019, 1.0, 2.122955268153753)
6.759999999999944 (-14.345701888616478, 1.0, 2.023308228874383)
6.779999999999943 (-14.324520883313411, 1.0, 1.9130512973677236)
6.799999999999943 (-14.296345151463328, 1.0, 1.7935921423180132)
6.8199999999999426 (-14.267269778081767, 1.0, 1.6746438596085718)
6.839999999999942 (-14.245505447473391, 1.0, 1.5621655316201375)
6.859999999999942 (-14.235966349152227, 1.0, 1.4587179686647866)
6.879999999999941 (-14.238506512999285, 1.0, 1.3641016787654008)
6.899999999999941 (-14.261092913188884, 1.0, 1.275173796248745)
6.91999999999994 (-14.315275840338797, 1.0, 1.200258817118283)
6.93999999999994 (-14.384168952982769, 1.0, 1.1456710636378824)
6.95999999999994 (-14.467973873972738, 1.0, 1.1098911922408052)
6.979999999999939 (-14.568028931821319, 1.0, 1.090608833249488)
6.999999999999939 (-14.68036438125136, 1.0, 1.085698995222831)
7.019999999999938 (-14.797169282534364, 1.0, 1.0963832313465838)
7.039999999999938 (-14.916655735037883, 1.0, 1.125777933797764)
7.059999999999937 (-15.036598912225976, 1.0, 1.1774330736989695)
7.079999999999937 (-15.158477685172715, 1.0, 1.2561132280370075)
7.099999999999937 (-15.286729971854918, 1.0, 1.3609061628350738)
7.119999999999936 (-15.397566039089153, 1.0, 1.4624660695809697)
7.139999999999936 (-15.504869495238065, 1.0, 1.558354993607146)
7.159999999999935 (-15.600364829068953, 1.0, 1.6611181269694695)
7.179999999999935 (-15.673586056698031, 1.0, 1.7727110666804282)
7.1999999999999345 (-15.719505919031763, 1.0, 1.889157561386225)
7.219999999999934 (-15.73465861191352, 1.0, 2.006389386241686)
7.239999999999934 (-15.72034378609848, 1.0, 2.113229137788191)
7.259999999999933 (-15.670902453699075, 1.0, 2.204091253856614)
7.279999999999933 (-15.588161325279593, 1.0, 2.2801589806603992)
7.299999999999932 (-15.472846231420109, 1.0, 2.3481586605340574)
7.319999999999932 (-15.33038162758782, 1.0, 2.416150946714897)
7.3399999999999315 (-15.168430801034374, 1.0, 2.488148263366571)
7.359999999999931 (-14.994826634210382, 1.0, 2.5653963878262775)
7.379999999999931 (-14.81741451170695, 1.0, 2.6478422957074916)
7.39999999999993 (-14.641844988178043, 1.0, 2.735012478995061)
7.41999999999993 (-14.48166133126114, 1.0, 2.8221935465866745)
7.439999999999929 (-14.344785211342082, 1.0, 2.9073482301775773)
7.459999999999929 (-14.24096229871537, 1.0, 2.9858641867332527)
7.4799999999999285 (-14.173586707842054, 1.0, 3.051756448799002)
7.499999999999928 (-14.14098030478062, 1.0, 3.101726933741286)
7.519999999999928 (-14.1374483485503, 1.0, 3.134319919685551)
7.539999999999927 (-14.144571070654063, 1.0, 3.1496549577422672)
7.559999999999927 (-14.138326332382137, 1.0, 3.153086850444524)
7.579999999999926 (-14.109622063778957, 1.0, 3.1532146916267285)
7.599999999999926 (-14.06574118215441, 1.0, 3.1542175456042734)
7.6199999999999255 (-14.018524416477602, 1.0, 3.1573968688218614)
7.639999999999925 (-13.978932361390948, 1.0, 3.1586729321092317)
7.659999999999925 (-13.951470064791383, 1.0, 3.1537755700547994)
7.679999999999924 (-13.935134936936869, 1.0, 3.1390251422566395)
7.699999999999924 (-13.927256231236095, 1.0, 3.1053015945541937)
7.719999999999923 (-13.92707532157784, 1.0, 3.0446889566565076)
7.739999999999923 (-13.92807971112204, 1.0, 2.960593160782986)
7.7599999999999225 (-13.921505475489932, 1.0, 2.8706401633979644)
7.779999999999922 (-13.91082819038687, 1.0, 2.7719984928125765)
7.799999999999922 (-13.89722681459497, 1.0, 2.6610076337492257)
7.819999999999921 (-13.879738393802397, 1.0, 2.542511590938303)
7.839999999999921 (-13.864429599122776, 1.0, 2.4286279658214855)
7.85999999999992 (-13.857671259209743, 1.0, 2.326221456199669)
7.87999999999992 (-13.862937233480809, 1.0, 2.238455600285769)
7.8999999999999195 (-13.880253295656054, 1.0, 2.1664960153942237)
7.919999999999919 (-13.912444466623938, 1.0, 2.109940879568632)
7.939999999999919 (-13.960094968980007, 1.0, 2.075718646464468)
7.959999999999918 (-14.015201974652408, 1.0, 2.0639887566963275)
7.979999999999918 (-14.076810287428257, 1.0, 2.073234982651213)
7.999999999999917 (-14.145053346265167, 1.0, 2.101520025344477)
8.019999999999918 (-14.220323562763253, 1.0, 2.1470578641003257)
8.039999999999917 (-14.304065424687346, 1.0, 2.20753380242254)
8.059999999999917 (-14.393638881494844, 1.0, 2.2779504390946888)
8.079999999999917 (-14.48335034126079, 1.0, 2.3567242952656815)
8.099999999999916 (-14.575871024047387, 1.0, 2.453682009764117)
8.119999999999916 (-14.66325512349505, 1.0, 2.575951761605322)
8.139999999999915 (-14.736516008538715, 1.0, 2.714105638474402)
8.159999999999915 (-14.784298480272465, 1.0, 2.8537207209099704)
8.179999999999914 (-14.801823017812737, 1.0, 2.9862127051764076)
8.199999999999914 (-14.788345905576785, 1.0, 3.107959007528552)
8.219999999999914 (-14.743966471528923, 1.0, 3.218507364918575)
8.239999999999913 (-14.668842368185203, 1.0, 3.3177196667898565)
8.259999999999913 (-14.561544386361007, 1.0, 3.405755275942677)
8.279999999999912 (-14.41899433332428, 1.0, 3.491361946856678)
8.299999999999912 (-14.244622734107637, 1.0, 3.5748905824360593)
8.319999999999911 (-14.046043042585477, 1.0, 3.655218203703718)
8.339999999999911 (-13.837975783498038, 1.0, 3.7338367276424314)
8.35999999999991 (-13.634937768695323, 1.0, 3.81238800064257)
8.37999999999991 (-13.455554434826809, 1.0, 3.8851615432841045)
8.39999999999991 (-13.30562387802987, 1.0, 3.949438159884442)
8.41999999999991 (-13.19061259050108, 1.0, 4.006369413212247)
8.439999999999909 (-13.112685199084158, 1.0, 4.055411921090024)
8.459999999999908 (-13.070876115509494, 1.0, 4.0944287556824515)
8.479999999999908 (-13.061669436024017, 1.0, 4.119810270760714)
8.499999999999908 (-13.075914413486322, 1.0, 4.125977850584301)
8.519999999999907 (-13.106680522550642, 1.0, 4.107806771787083)
8.539999999999907 (-13.142486523529602, 1.0, 4.065080741294731)
8.559999999999906 (-13.165633113338355, 1.0, 4.005094176705481)
8.579999999999906 (-13.175580514290944, 1.0, 3.9399443483822214)
8.599999999999905 (-13.182551304269367, 1.0, 3.8804293284275415)
8.619999999999905 (-13.197545847042246, 1.0, 3.825486519069246)
8.639999999999905 (-13.225644565821014, 1.0, 3.7679255896017967)
8.659999999999904 (-13.266568184122082, 1.0, 3.7049043597006985)
8.679999999999904 (-13.319274763700061, 1.0, 3.633855162357666)
8.699999999999903 (-13.383289382981054, 1.0, 3.546030961265164)
8.719999999999903 (-13.457540950337604, 1.0, 3.434918777005884)
8.739999999999903 (-13.528744973137963, 1.0, 3.31612449367517)
8.759999999999902 (-13.59443231501728, 1.0, 3.194258649526018)
8.779999999999902 (-13.657008411848707, 1.0, 3.064940101267589)
8.799999999999901 (-13.716624439037156, 1.0, 2.930960557195597)
8.8199999999999 (-13.774539497044366, 1.0, 2.8018369402707592)
8.8399999999999 (-13.827060533636269, 1.0, 2.679606620829889)
8.8599999999999 (-13.8702638621592, 1.0, 2.5707718590975324)
8.8799999999999 (-13.912939077799098, 1.0, 2.4796750488593062)
8.899999999999899 (-13.993714672334852, 1.0, 2.40615824079783)
8.919999999999899 (-14.093328057260923, 1.0, 2.3537571145672906)
8.939999999999898 (-14.199224760528107, 1.0, 2.3235569092878428)
8.959999999999898 (-14.307998572660997, 1.0, 2.3096343066352487)
8.979999999999897 (-14.415747662810753, 1.0, 2.3119468083991035)
8.999999999999897 (-14.524079170923223, 1.0, 2.3320633390581564)
9.019999999999897 (-14.634817843549312, 1.0, 2.373447222060405)
9.039999999999896 (-14.740917625023094, 1.0, 2.4430303026681655)
9.059999999999896 (-14.840070486607551, 1.0, 2.543214242540131)
9.079999999999895 (-14.917171232362453, 1.0, 2.648144282956432)
9.099999999999895 (-14.986753089712261, 1.0, 2.7380126645836658)
9.119999999999894 (-15.060083018145098, 1.0, 2.835739086749614)
9.139999999999894 (-15.139930427664877, 1.0, 2.9479006429823076)
9.159999999999894 (-15.22218788313749, 1.0, 3.0727154787367557)
9.179999999999893 (-15.295968363940734, 1.0, 3.205581125347683)
9.199999999999893 (-15.352681805788535, 1.0, 3.3416588886090395)
9.219999999999892 (-15.388190264442551, 1.0, 3.47387996070743)
9.239999999999892 (-15.40024391530179, 1.0, 3.596453828312881)
9.259999999999891 (-15.386778458496984, 1.0, 3.7084982278171297)
9.279999999999891 (-15.347971369736422, 1.0, 3.8071414981377685)
9.29999999999989 (-15.282808302127444, 1.0, 3.882452168291136)
9.31999999999989 (-15.191245210622867, 1.0, 3.9320310339702282)
9.33999999999989 (-15.07610979297426, 1.0, 3.965402534471298)
9.35999999999989 (-14.940161253091965, 1.0, 3.9937984019079367)
9.379999999999889 (-14.789013867821257, 1.0, 4.023435577326215)
9.399999999999888 (-14.626276481781176, 1.0, 4.055267238307864)
9.419999999999888 (-14.456796069622053, 1.0, 4.090217471794919)
9.439999999999888 (-14.28560047893672, 1.0, 4.129971059549792)
9.459999999999887 (-14.128598538727237, 1.0, 4.17384946559903)
9.479999999999887 (-13.98962338645046, 1.0, 4.21987493330619)
9.499999999999886 (-13.876293421320314, 1.0, 4.264587470949319)
9.519999999999886 (-13.792706096065166, 1.0, 4.302658492377161)
9.539999999999885 (-13.729400224218484, 1.0, 4.3291510587865405)
9.559999999999885 (-13.664317989627259, 1.0, 4.341487990885765)
9.579999999999885 (-13.586925815726081, 1.0, 4.3438033481401845)
9.599999999999884 (-13.496971436932977, 1.0, 4.344605777642268)
9.619999999999884 (-13.40527035810267, 1.0, 4.350834007021413)
9.639999999999883 (-13.325080330110275, 1.0, 4.360041573186955)
9.659999999999883 (-13.260370998697267, 1.0, 4.367830007367604)
9.679999999999882 (-13.210372365333681, 1.0, 4.372598134761624)
9.699999999999882 (-13.176644720180297, 1.0, 4.367605693542716)
9.719999999999882 (-13.161845563254367, 1.0, 4.342714294895073)
9.739999999999881 (-13.164552113055171, 1.0, 4.291026308580655)
9.75999999999988 (-13.1698486026188, 1.0, 4.221759136904503)
9.77999999999988 (-13.171845901552757, 1.0, 4.144499786320194)
9.79999999999988 (-13.177450222942669, 1.0, 4.057190107418902)
9.81999999999988 (-13.187504993313622, 1.0, 3.9574128157821193)
9.839999999999879 (-13.196555875261007, 1.0, 3.852599025581145)
9.859999999999879 (-13.204945884614128, 1.0, 3.7581958063195917)
9.879999999999878 (-13.213467331878542, 1.0, 3.682813904619297)
9.899999999999878 (-13.223135651323897, 1.0, 3.630911891608861)
9.919999999999877 (-13.23477220997138, 1.0, 3.6039700044150864)
9.939999999999877 (-13.249034605832781, 1.0, 3.6020655194924207)
9.959999999999877 (-13.26589306472544, 1.0, 3.62486824416667)
9.979999999999876 (-13.282685127668511, 1.0, 3.6698695541347157)
9.999999999999876 (-13.293748371308777, 1.0, 3.731688763504624)
