0.0 (-8.25, 1.0, 0.0)
0.02 (-8.249998309175881, 1.0, -0.01597329401682048)
0.04 (-8.2501242337934, 1.0, -0.04172522877518113)
0.06 (-8.250845255580519, 1.0, -0.07621436131026983)
0.08 (-8.254384895231704, 1.0, -0.12286750060998909)
0.1 (-8.263138390478636, 1.0, -0.17298670508725106)
0.12000000000000001 (-8.278663588560471, 1.0, -0.2160036082683725)
0.14 (-8.300130926258149, 1.0, -0.24910002828754035)
0.16 (-8.324607517150149, 1.0, -0.27319118662375214)
0.18 (-8.34977426512475, 1.0, -0.28839496821457783)
0.19999999999999998 (-8.374974830667913, 1.0, -0.2929500486530794)
0.21999999999999997 (-8.399911779987049, 1.0, -0.2847477419858577)
0.23999999999999996 (-8.424513891364708, 1.0, -0.2621773801574164)
0.25999999999999995 (-8.449552309174823, 1.0, -0.22405905829734757)
0.27999999999999997 (-8.474973198960557, 1.0, -0.17057337077845733)
0.3 (-8.497143204938524, 1.0, -0.10071168889868146)
0.32 (-8.513895676146413, 1.0, -0.010112434886557164)
0.34 (-8.524017136777813, 1.0, 0.10659643423946483)
0.36000000000000004 (-8.52663436503328, 1.0, 0.2542766476266173)
0.38000000000000006 (-8.520889455910503, 1.0, 0.43542993560900056)
0.4000000000000001 (-8.495490876183796, 1.0, 0.6349420285090444)
0.4200000000000001 (-8.44376723664129, 1.0, 0.8445376093864744)
0.4400000000000001 (-8.3652580387326, 1.0, 1.0642025628427216)
0.46000000000000013 (-8.262241510949051, 1.0, 1.2949285118620513)
0.48000000000000015 (-8.152402606243443, 1.0, 1.5329718017968406)
0.5000000000000001 (-8.065995477425021, 1.0, 1.7584691568552022)
0.5200000000000001 (-8.028510225505464, 1.0, 1.9530746276523376)
0.5400000000000001 (-8.051696966539064, 1.0, 2.110340386459372)
0.5600000000000002 (-8.124642391290461, 1.0, 2.2325529863648397)
0.5800000000000002 (-8.224132930240003, 1.0, 2.332875619380539)
0.6000000000000002 (-8.33902959841187, 1.0, 2.4199007495273244)
0.6200000000000002 (-8.471170227975724, 1.0, 2.4916215582869055)
0.6400000000000002 (-8.623976780626377, 1.0, 2.549011101758222)
0.6600000000000003 (-8.793825546563962, 1.0, 2.5954097580034046)
0.6800000000000003 (-8.97618780779308, 1.0, 2.6315102504841317)
0.7000000000000003 (-9.16981399880207, 1.0, 2.6542573109548173)
0.7200000000000003 (-9.374401682537563, 1.0, 2.66055169479438)
0.7400000000000003 (-9.589486133256381, 1.0, 2.6487518012218736)
0.7600000000000003 (-9.811118252863423, 1.0, 2.619947693737664)
0.7800000000000004 (-10.028777687956913, 1.0, 2.5791000837578038)
0.8000000000000004 (-10.235582993810496, 1.0, 2.5296382598533604)
0.8200000000000004 (-10.427890722539264, 1.0, 2.4738592637809966)
0.8400000000000004 (-10.604402795185816, 1.0, 2.4136737909651504)
0.8600000000000004 (-10.765598383428658, 1.0, 2.3507078056224935)
0.8800000000000004 (-10.911228715010635, 1.0, 2.2902451623015225)
0.9000000000000005 (-11.028265648943226, 1.0, 2.259324453631918)
0.9200000000000005 (-11.12847357515107, 1.0, 2.235923173495276)
0.9400000000000005 (-11.224846586602746, 1.0, 2.2090051059519276)
0.9600000000000005 (-11.318339463182548, 1.0, 2.1747275974673057)
0.9800000000000005 (-11.404343652082858, 1.0, 2.133883431238798)
1.0000000000000004 (-11.479818934466252, 1.0, 2.087508846601753)
1.0200000000000005 (-11.54372091745666, 1.0, 2.034827075142123)
1.0400000000000005 (-11.597344520944477, 1.0, 1.9755616035772186)
1.0600000000000005 (-11.638311226189467, 1.0, 1.9216036388190445)
1.0800000000000005 (-11.65322153375815, 1.0, 1.8706778312987633)
1.1000000000000005 (-11.649578823288072, 1.0, 1.812431025371348)
1.1200000000000006 (-11.629156973870769, 1.0, 1.7462028340765812)
1.1400000000000006 (-11.586761276907591, 1.0, 1.6926412248933043)
1.1600000000000006 (-11.517257973190722, 1.0, 1.6610531146219483)
1.1800000000000006 (-11.426036387886525, 1.0, 1.6437527693939242)
1.2000000000000006 (-11.32172606001972, 1.0, 1.6248307126528476)
1.2200000000000006 (-11.2100452053633, 1.0, 1.5987949872452765)
1.2400000000000007 (-11.093918323542113, 1.0, 1.5714714310354596)
1.2600000000000007 (-10.977175966040152, 1.0, 1.5466628380733871)
1.2800000000000007 (-10.862159943673538, 1.0, 1.527051374275729)
1.3000000000000007 (-10.750042615852825, 1.0, 1.51146916192571)
1.3200000000000007 (-10.642214520466911, 1.0, 1.497985844761167)
1.3400000000000007 (-10.539735588369982, 1.0, 1.4863295552130877)
1.3600000000000008 (-10.443289600746546, 1.0, 1.4786656001000729)
1.3800000000000008 (-10.353305881770083, 1.0, 1.476768773081578)
1.4000000000000008 (-10.270383794475729, 1.0, 1.481370994263764)
1.4200000000000008 (-10.192894337810952, 1.0, 1.4955638673153133)
1.4400000000000008 (-10.118931949022189, 1.0, 1.5218296209158342)
1.4600000000000009 (-10.046638148104353, 1.0, 1.561969680161589)
1.4800000000000009 (-9.976482030076385, 1.0, 1.6145104438416373)
1.5000000000000009 (-9.911975663483288, 1.0, 1.6724456179535039)
1.520000000000001 (-9.851756772540126, 1.0, 1.7257244281543291)
1.540000000000001 (-9.789478246434625, 1.0, 1.7740579369935292)
1.560000000000001 (-9.72358701527082, 1.0, 1.8185759021725796)
1.580000000000001 (-9.658305246879946, 1.0, 1.855626439439685)
1.600000000000001 (-9.60423710411378, 1.0, 1.8831073437932848)
1.620000000000001 (-9.561982161484165, 1.0, 1.895550145662679)
1.640000000000001 (-9.527172529582812, 1.0, 1.8885341499384474)
1.660000000000001 (-9.498539532186165, 1.0, 1.8618885225432278)
1.680000000000001 (-9.47867083556606, 1.0, 1.8163967147342053)
1.700000000000001 (-9.468517766807736, 1.0, 1.7507947937733774)
1.720000000000001 (-9.467634782622502, 1.0, 1.664561518458204)
1.740000000000001 (-9.474841293292043, 1.0, 1.5587672830604327)
1.7600000000000011 (-9.488346931915682, 1.0, 1.4352312471305404)
1.7800000000000011 (-9.506553320106146, 1.0, 1.2958298117851783)
1.8000000000000012 (-9.528387238782466, 1.0, 1.1426459369560487)
1.8200000000000012 (-9.550898910811078, 1.0, 0.9787629464636393)
1.8400000000000012 (-9.56591609589743, 1.0, 0.8099097886542987)
1.8600000000000012 (-9.567036662560858, 1.0, 0.6416549491486679)
1.8800000000000012 (-9.550313279036212, 1.0, 0.4771212483634461)
1.9000000000000012 (-9.5138332277048, 1.0, 0.31745476413197143)
1.9200000000000013 (-9.457577183479923, 1.0, 0.16237694836030928)
1.9400000000000013 (-9.382626878539797, 1.0, 0.010441128795346609)
1.9600000000000013 (-9.29048389074806, 1.0, -0.14074642348816757)
1.9800000000000013 (-9.18327073024901, 1.0, -0.29332533177479814)
2.0000000000000013 (-9.059547520622367, 1.0, -0.4404609025868234)
2.0200000000000014 (-8.91433845168978, 1.0, -0.5745113314095632)
2.0400000000000014 (-8.752086884294085, 1.0, -0.6950276340777237)
2.0600000000000014 (-8.586761722944464, 1.0, -0.8062774003288342)
2.0800000000000014 (-8.428987621957459, 1.0, -0.9061490153917534)
2.1000000000000014 (-8.285813807265153, 1.0, -0.9863213383615234)
2.1200000000000014 (-8.177519793654708, 1.0, -1.0421466383218285)
2.1400000000000015 (-8.132858703950747, 1.0, -1.0691139505708283)
2.1600000000000015 (-8.161760490344836, 1.0, -1.0663092445501965)
2.1800000000000015 (-8.23860315373033, 1.0, -1.0450669398261825)
2.2000000000000015 (-8.323852345681914, 1.0, -1.0170103073792427)
2.2200000000000015 (-8.398568227051607, 1.0, -0.9746645381715506)
2.2400000000000015 (-8.465536172104013, 1.0, -0.9228885155409856)
2.2600000000000016 (-8.529410917797675, 1.0, -0.8669389072954314)
2.2800000000000016 (-8.589882780459927, 1.0, -0.8011840629179635)
2.3000000000000016 (-8.645231095385377, 1.0, -0.7155942902097052)
2.3200000000000016 (-8.690511691265307, 1.0, -0.6101519439482214)
2.3400000000000016 (-8.718034852165099, 1.0, -0.49293153741595763)
2.3600000000000017 (-8.720158313980933, 1.0, -0.36979812887120395)
2.3800000000000017 (-8.668112623380978, 1.0, -0.24566358453083317)
2.4000000000000017 (-8.590750302093914, 1.0, -0.10204269426431384)
2.4200000000000017 (-8.491045705529073, 1.0, 0.0465309180493283)
2.4400000000000017 (-8.376023386320886, 1.0, 0.1994533946727292)
2.4600000000000017 (-8.237705518846067, 1.0, 0.35736132490266714)
2.4800000000000018 (-8.071588134130758, 1.0, 0.5229058308219083)
2.5000000000000018 (-7.8885268025249395, 1.0, 0.6931208875510608)
2.520000000000002 (-7.710608209972666, 1.0, 0.8587755603267048)
2.540000000000002 (-7.555190966382076, 1.0, 1.01189917373985)
2.560000000000002 (-7.4337324326162095, 1.0, 1.1501055411891756)
2.580000000000002 (-7.35950109426405, 1.0, 1.2699139752478026)
2.600000000000002 (-7.345146664562757, 1.0, 1.365884378693692)
2.620000000000002 (-7.388170901358272, 1.0, 1.4364434674171758)
2.640000000000002 (-7.472332878003106, 1.0, 1.4844422200014413)
2.660000000000002 (-7.580769218305337, 1.0, 1.5159095339207955)
2.680000000000002 (-7.707495202802944, 1.0, 1.5348574409959646)
2.700000000000002 (-7.8535606638512405, 1.0, 1.5399657086732053)
2.720000000000002 (-8.017788384340141, 1.0, 1.5294057257342912)
2.740000000000002 (-8.198461594303584, 1.0, 1.5024488126457631)
2.760000000000002 (-8.392568291938842, 1.0, 1.4587240520197797)
2.780000000000002 (-8.596162137608054, 1.0, 1.4011737839323788)
2.800000000000002 (-8.803520703645997, 1.0, 1.333081754044716)
2.820000000000002 (-9.003425821379775, 1.0, 1.260058390893988)
2.840000000000002 (-9.187254068071905, 1.0, 1.189538014996625)
2.860000000000002 (-9.352225002064479, 1.0, 1.1273227673686008)
2.880000000000002 (-9.456315334765588, 1.0, 1.0808829925740588)
2.900000000000002 (-9.510688060754276, 1.0, 1.050107896004282)
2.920000000000002 (-9.560068788662436, 1.0, 1.0241703054335898)
2.940000000000002 (-9.598506856975899, 1.0, 0.996435451999255)
2.960000000000002 (-9.623513548415646, 1.0, 0.9701575896431867)
2.980000000000002 (-9.63496708328907, 1.0, 0.9471441856529124)
3.000000000000002 (-9.63280329971109, 1.0, 0.9268979146014535)
3.0200000000000022 (-9.618745399863204, 1.0, 0.905321753879789)
3.0400000000000023 (-9.601727611196702, 1.0, 0.8652328891121968)
3.0600000000000023 (-9.580348857608085, 1.0, 0.8069184235572605)
3.0800000000000023 (-9.533880557265185, 1.0, 0.7459081560951599)
3.1000000000000023 (-9.46342369133907, 1.0, 0.6860410676846055)
3.1200000000000023 (-9.376036634133339, 1.0, 0.6253565668514872)
3.1400000000000023 (-9.272668857021651, 1.0, 0.5661994160166234)
3.1600000000000024 (-9.159246477563292, 1.0, 0.5004889094030781)
3.1800000000000024 (-9.047177134868274, 1.0, 0.4237410961671901)
3.2000000000000024 (-8.938957574708196, 1.0, 0.3378160818968656)
3.2200000000000024 (-8.83450883676136, 1.0, 0.24785272435251382)
3.2400000000000024 (-8.736545894213902, 1.0, 0.1556602735674442)
3.2600000000000025 (-8.650727640177715, 1.0, 0.058375875189973954)
3.2800000000000025 (-8.581121105316496, 1.0, -0.04492953600048479)
3.3000000000000025 (-8.524674618775052, 1.0, -0.1520586678211167)
3.3200000000000025 (-8.474628395347294, 1.0, -0.25464291857579546)
3.3400000000000025 (-8.430345359994595, 1.0, -0.3452542586774633)
3.3600000000000025 (-8.393704434695712, 1.0, -0.4247602418381561)
3.3800000000000026 (-8.365613624195321, 1.0, -0.4918789388515557)
3.4000000000000026 (-8.347330385900637, 1.0, -0.5437146121361119)
3.4200000000000026 (-8.33959053723874, 1.0, -0.5787353243203032)
3.4400000000000026 (-8.340865197637392, 1.0, -0.5947624807640561)
3.4600000000000026 (-8.342794475233665, 1.0, -0.5841283343444331)
3.4800000000000026 (-8.334178897885895, 1.0, -0.547165257969915)
3.5000000000000027 (-8.306907020557716, 1.0, -0.4874233198064745)
3.5200000000000027 (-8.25727471898922, 1.0, -0.40786768910480903)
3.5400000000000027 (-8.185422979626603, 1.0, -0.3106132765404599)
3.5600000000000027 (-8.101999465832245, 1.0, -0.19947292271156852)
3.5800000000000027 (-8.026523477562531, 1.0, -0.0877795015399665)
3.6000000000000028 (-7.973231679220707, 1.0, 0.011065231468440719)
3.6200000000000028 (-7.9463228545400435, 1.0, 0.08988872398846977)
3.640000000000003 (-7.94355950674856, 1.0, 0.1475243380007864)
3.660000000000003 (-7.960367361074229, 1.0, 0.18524280458935014)
3.680000000000003 (-7.99434112136301, 1.0, 0.20516857980516784)
3.700000000000003 (-8.044643186217813, 1.0, 0.20552942204771502)
3.720000000000003 (-8.110148604448742, 1.0, 0.18724064191636788)
3.740000000000003 (-8.190489800539046, 1.0, 0.15285029201495787)
3.760000000000003 (-8.283521853623535, 1.0, 0.1038818204026784)
3.780000000000003 (-8.38583697944506, 1.0, 0.04128124797353952)
3.800000000000003 (-8.496070848358912, 1.0, -0.03268689656622651)
3.820000000000003 (-8.61000759955225, 1.0, -0.11535668285386702)
3.840000000000003 (-8.716165726317001, 1.0, -0.20219302640747902)
3.860000000000003 (-8.807375069902449, 1.0, -0.287165758151493)
3.880000000000003 (-8.88127724380733, 1.0, -0.36547963769506375)
3.900000000000003 (-8.937831048845009, 1.0, -0.434197378063724)
3.920000000000003 (-8.979454715876264, 1.0, -0.5000604532351717)
3.940000000000003 (-9.009560912578685, 1.0, -0.5703291086708365)
3.960000000000003 (-9.026412981852255, 1.0, -0.6467166514676049)
3.980000000000003 (-9.026929981546573, 1.0, -0.7277292960680072)
4.000000000000003 (-9.009207536636682, 1.0, -0.8116588237935816)
4.020000000000002 (-8.972873231558406, 1.0, -0.8978495327377645)
4.040000000000002 (-8.918562701363706, 1.0, -0.9868449137354292)
4.060000000000001 (-8.851884195662873, 1.0, -1.0810868935206972)
4.080000000000001 (-8.782040879163318, 1.0, -1.1831290641757488)
4.1000000000000005 (-8.71298486612112, 1.0, -1.2925672919575173)
4.12 (-8.647104112287513, 1.0, -1.405011042095089)
4.14 (-8.587424836479961, 1.0, -1.5162270484220537)
4.159999999999999 (-8.537882913671787, 1.0, -1.6229285070856905)
4.179999999999999 (-8.501776455379355, 1.0, -1.7222295614812764)
4.199999999999998 (-8.481193261006837, 1.0, -1.811237987335278)
4.219999999999998 (-8.474139946215221, 1.0, -1.8954032567136987)
4.2399999999999975 (-8.473668639834697, 1.0, -1.9768832304256003)
4.259999999999997 (-8.478053417837588, 1.0, -2.0511260198928514)
4.279999999999997 (-8.489517874747218, 1.0, -2.114079425468876)
4.299999999999996 (-8.508331762890716, 1.0, -2.16135490366287)
4.319999999999996 (-8.531584152575082, 1.0, -2.188998864322205)
4.339999999999995 (-8.559044353538454, 1.0, -2.194737506624748)
4.359999999999995 (-8.584438248549036, 1.0, -2.179505607278819)
4.379999999999995 (-8.600992847156913, 1.0, -2.1396206346470734)
4.399999999999994 (-8.607005846033749, 1.0, -2.0684327580350232)
4.419999999999994 (-8.601901842493316, 1.0, -1.959803091247221)
4.439999999999993 (-8.585022341507367, 1.0, -1.81082261265359)
4.459999999999993 (-8.548411338097203, 1.0, -1.6412132976821427)
4.479999999999992 (-8.483034976959743, 1.0, -1.4756275026933727)
4.499999999999992 (-8.388052753407653, 1.0, -1.3194152018245455)
4.519999999999992 (-8.264241745089087, 1.0, -1.1716903093691604)
4.539999999999991 (-8.112629244454823, 1.0, -1.0298081232742617)
4.559999999999991 (-7.946204785858875, 1.0, -0.8889965725037342)
4.57999999999999 (-7.787280077750103, 1.0, -0.7525484453935185)
4.59999999999999 (-7.652188388200007, 1.0, -0.626802871527674)
4.6199999999999894 (-7.557525519822832, 1.0, -0.5124141503012971)
4.639999999999989 (-7.51874535690272, 1.0, -0.41228643280368193)
4.659999999999989 (-7.543062469700529, 1.0, -0.3322025877790517)
4.679999999999988 (-7.617520793923129, 1.0, -0.27673235610319696)
4.699999999999988 (-7.7161963294308356, 1.0, -0.24060240118817208)
4.719999999999987 (-7.825580853644413, 1.0, -0.21460764539978566)
4.739999999999987 (-7.94924330740874, 1.0, -0.19699113433726412)
4.7599999999999865 (-8.088665519049618, 1.0, -0.19115891786014838)
4.779999999999986 (-8.240464660383411, 1.0, -0.19699905903228285)
4.799999999999986 (-8.402345390824031, 1.0, -0.21121269480293672)
4.819999999999985 (-8.564615674649081, 1.0, -0.23193691545978887)
4.839999999999985 (-8.715820802601987, 1.0, -0.2559685766009115)
4.859999999999984 (-8.850388113583296, 1.0, -0.2788213022248645)
4.879999999999984 (-8.966041347914366, 1.0, -0.2968653068497205)
4.8999999999999835 (-9.06269918059567, 1.0, -0.30826470761850405)
4.919999999999983 (-9.144747878873575, 1.0, -0.3203971433491916)
4.939999999999983 (-9.216198016418499, 1.0, -0.3360303139028621)
4.959999999999982 (-9.252345006392387, 1.0, -0.3575621052017264)
4.979999999999982 (-9.261116315715034, 1.0, -0.3810661183643685)
4.999999999999981 (-9.265117259025462, 1.0, -0.4096801783355399)
5.019999999999981 (-9.261888754880701, 1.0, -0.44759541952577203)
5.0399999999999805 (-9.242467420230629, 1.0, -0.4937678250247556)
5.05999999999998 (-9.201735980596322, 1.0, -0.5454458307433703)
5.07999999999998 (-9.144414815416868, 1.0, -0.6014942787428498)
5.099999999999979 (-9.080514441624015, 1.0, -0.665006785291126)
5.119999999999979 (-9.01685776624611, 1.0, -0.7391434569539026)
5.139999999999978 (-8.95627285622959, 1.0, -0.8233705677215722)
5.159999999999978 (-8.898414511713753, 1.0, -0.9123318960629799)
5.1799999999999775 (-8.84272984938881, 1.0, -1.0007104007751122)
5.199999999999977 (-8.790737278252868, 1.0, -1.0863730770247297)
5.219999999999977 (-8.745719037243049, 1.0, -1.1690799867417683)
5.239999999999976 (-8.710617206888783, 1.0, -1.2481632622685488)
5.259999999999976 (-8.685351655762476, 1.0, -1.3225665492823246)
5.279999999999975 (-8.665212734535398, 1.0, -1.392368706187936)
5.299999999999975 (-8.646329428066782, 1.0, -1.4531048068523316)
5.3199999999999745 (-8.629652613755457, 1.0, -1.5026202632086032)
5.339999999999974 (-8.61703366655827, 1.0, -1.5404252720234943)
5.359999999999974 (-8.608763533909404, 1.0, -1.5641815526929395)
5.379999999999973 (-8.604990209393685, 1.0, -1.5710120106647254)
5.399999999999973 (-8.606029873366928, 1.0, -1.5600519903380698)
5.419999999999972 (-8.607922260193972, 1.0, -1.5295271081123785)
5.439999999999972 (-8.596697799609966, 1.0, -1.4749157191952214)
5.4599999999999715 (-8.562254212356471, 1.0, -1.4017239035038016)
5.479999999999971 (-8.499189428983842, 1.0, -1.3173032424169095)
5.499999999999971 (-8.405539346399907, 1.0, -1.226040487910433)
5.51999999999997 (-8.28171146683505, 1.0, -1.129603124260236)
5.53999999999997 (-8.136665776920713, 1.0, -1.0270597919064481)
5.559999999999969 (-7.996221288772592, 1.0, -0.9214580391838749)
5.579999999999969 (-7.8843491794686855, 1.0, -0.8201319840335682)
5.599999999999969 (-7.812010505227747, 1.0, -0.7273977676591137)
5.619999999999968 (-7.780237238944853, 1.0, -0.643924807791575)
5.639999999999968 (-7.783020365983339, 1.0, -0.5719849455877652)
5.659999999999967 (-7.812228593515803, 1.0, -0.5118142554948788)
5.679999999999967 (-7.864674802972451, 1.0, -0.4630034326184305)
5.699999999999966 (-7.939373954526161, 1.0, -0.42497293692312216)
5.719999999999966 (-8.036479445367576, 1.0, -0.3968517526343749)
5.739999999999966 (-8.155178617674633, 1.0, -0.3776135135272277)
5.759999999999965 (-8.290803844059559, 1.0, -0.3678164008453464)
5.779999999999965 (-8.43941552167297, 1.0, -0.36641366545158394)
5.799999999999964 (-8.599337539764761, 1.0, -0.3717807131945689)
5.819999999999964 (-8.761052467482594, 1.0, -0.3841334329728374)
5.839999999999963 (-8.912236483052352, 1.0, -0.4016223384075033)
5.859999999999963 (-9.045861432634265, 1.0, -0.42050765835723275)
5.879999999999963 (-9.158436466939511, 1.0, -0.4376601060573658)
5.899999999999962 (-9.248880546044761, 1.0, -0.4503538081443484)
5.919999999999962 (-9.322189545861653, 1.0, -0.46448586841654693)
5.939999999999961 (-9.384332494905651, 1.0, -0.4830510401080242)
5.959999999999961 (-9.412160095030794, 1.0, -0.5137424444545258)
5.9799999999999605 (-9.415587774421597, 1.0, -0.5514961517917867)
5.99999999999996 (-9.41506775982233, 1.0, -0.5948279247078255)
6.01999999999996 (-9.407917896701294, 1.0, -0.6475575777831404)
6.039999999999959 (-9.38369073631299, 1.0, -0.7120004588169114)
6.059999999999959 (-9.341569585925857, 1.0, -0.7854180134998772)
6.079999999999958 (-9.285451389380775, 1.0, -0.866905833673566)
6.099999999999958 (-9.22597891109529, 1.0, -0.9576966595352405)
6.1199999999999575 (-9.168239731194644, 1.0, -1.059366091890832)
6.139999999999957 (-9.114555934055875, 1.0, -1.169196164957964)
6.159999999999957 (-9.06393037603288, 1.0, -1.2814554587092848)
6.179999999999956 (-9.016294550924165, 1.0, -1.3921399564324606)
6.199999999999956 (-8.974071693691878, 1.0, -1.4991366744254335)
6.219999999999955 (-8.941104594870264, 1.0, -1.6010501641344084)
6.239999999999955 (-8.919942949785248, 1.0, -1.6957216344122237)
6.2599999999999545 (-8.91128428198763, 1.0, -1.7842592479643475)
6.279999999999954 (-8.911854879373772, 1.0, -1.869552439859878)
6.299999999999954 (-8.917838604870637, 1.0, -1.9478845563028668)
6.319999999999953 (-8.928631303612338, 1.0, -2.0148651003537)
6.339999999999953 (-8.94251735112045, 1.0, -2.067113756126739)
6.359999999999952 (-8.957728923740904, 1.0, -2.1009359001021997)
6.379999999999952 (-8.972704948826783, 1.0, -2.114536103206667)
6.3999999999999515 (-8.976148246904005, 1.0, -2.1082953469421004)
6.419999999999951 (-8.957358775937404, 1.0, -2.0761107197800968)
6.439999999999951 (-8.910123926852556, 1.0, -2.014300195152969)
6.45999999999995 (-8.831081347907062, 1.0, -1.923113289466425)
6.47999999999995 (-8.719772137259074, 1.0, -1.8110425404326502)
6.499999999999949 (-8.57875143096745, 1.0, -1.7007432096878625)
6.519999999999949 (-8.410902782015693, 1.0, -1.5958811453865054)
6.5399999999999485 (-8.231475966483373, 1.0, -1.4899700564055565)
6.559999999999948 (-8.070571815299685, 1.0, -1.381687669796832)
6.579999999999948 (-7.953463924804545, 1.0, -1.272415294946585)
6.599999999999947 (-7.887402331026197, 1.0, -1.1641328958263983)
6.619999999999947 (-7.863741105111492, 1.0, -1.0582789319949968)
6.639999999999946 (-7.867772252736769, 1.0, -0.9557133841678637)
6.659999999999946 (-7.89188170774329, 1.0, -0.86026630023534)
6.6799999999999455 (-7.936921908739245, 1.0, -0.7692813960993738)
6.699999999999945 (-8.005275779093958, 1.0, -0.681222597897456)
6.719999999999945 (-8.095726170381218, 1.0, -0.5966837997346424)
6.739999999999944 (-8.208002268124604, 1.0, -0.5156038792097059)
6.759999999999944 (-8.340686957514718, 1.0, -0.43930964425986496)
6.779999999999943 (-8.492887735469283, 1.0, -0.3677411442547031)
6.799999999999943 (-8.663912689625976, 1.0, -0.2998333805231473)
6.8199999999999426 (-8.839624785597593, 1.0, -0.23626152154947172)
6.839999999999942 (-9.006365584653041, 1.0, -0.17696792815027948)
6.859999999999942 (-9.157226160461098, 1.0, -0.11939909167325537)
6.879999999999941 (-9.291169237105434, 1.0, -0.06278302013743657)
6.899999999999941 (-9.335198305508987, 1.0, -0.04208849040526859)
6.91999999999994 (-9.358223088065733, 1.0, -0.018027057554772675)
6.93999999999994 (-9.377907826564101, 1.0, 0.004204925847768076)
6.95999999999994 (-9.386868547107007, 1.0, 0.019487266280680295)
6.979999999999939 (-9.38151607504331, 1.0, 0.031058417789333766)
6.999999999999939 (-9.370754740153753, 1.0, 0.035850934425048865)
7.019999999999938 (-9.371964475618519, 1.0, 0.027123280871621913)
7.039999999999938 (-9.3910058089553, 1.0, -0.00012882639491687553)
7.059999999999937 (-9.418424803925886, 1.0, -0.045830889191871456)
7.079999999999937 (-9.425422142718142, 1.0, -0.10887667771252214)
7.099999999999937 (-9.404857937731768, 1.0, -0.18571953537458574)
7.119999999999936 (-9.360021007313362, 1.0, -0.2705359392752373)
7.139999999999936 (-9.296476416062427, 1.0, -0.36678570714221)
7.159999999999935 (-9.228982218944482, 1.0, -0.47588402942217656)
7.179999999999935 (-9.165920207618246, 1.0, -0.5956066586881812)
7.1999999999999345 (-9.109642393890155, 1.0, -0.72143847735329)
7.219999999999934 (-9.05870604683464, 1.0, -0.8477672260608511)
7.239999999999934 (-9.014196173969836, 1.0, -0.9720390453235171)
7.259999999999933 (-8.978543783818138, 1.0, -1.090977545666316)
7.279999999999933 (-8.950829715535967, 1.0, -1.203050960948934)
7.299999999999932 (-8.929793674418676, 1.0, -1.3069594670363998)
7.319999999999932 (-8.913563538525937, 1.0, -1.4010345243138305)
7.3399999999999315 (-8.902675469115708, 1.0, -1.4852834400721422)
7.359999999999931 (-8.895860477070766, 1.0, -1.5587254069925793)
7.379999999999931 (-8.889908291514855, 1.0, -1.6186532530537563)
7.39999999999993 (-8.882131738416778, 1.0, -1.6627841675753836)
7.41999999999993 (-8.871861009254394, 1.0, -1.690419979228617)
7.439999999999929 (-8.852504772435461, 1.0, -1.701817127976966)
7.459999999999929 (-8.812186135963062, 1.0, -1.6943924261693677)
7.4799999999999285 (-8.744015703198775, 1.0, -1.669614537668182)
7.499999999999928 (-8.647685426092261, 1.0, -1.6331089177784142)
7.519999999999928 (-8.530551312796355, 1.0, -1.5907232460841467)
7.539999999999927 (-8.411805244668054, 1.0, -1.5373510345339496)
7.559999999999927 (-8.315371871538227, 1.0, -1.473279677417693)
7.579999999999926 (-8.251012485309396, 1.0, -1.4002580531387043)
7.599999999999926 (-8.214136264783194, 1.0, -1.3210446297893992)
7.6199999999999255 (-8.197624671087304, 1.0, -1.2388531480071234)
7.639999999999925 (-8.19861246539172, 1.0, -1.160777417960827)
7.659999999999925 (-8.215578388135997, 1.0, -1.0860104583888146)
7.679999999999924 (-8.249663909602194, 1.0, -1.0103078846323428)
7.699999999999924 (-8.303263576719601, 1.0, -0.9326400255090075)
7.719999999999923 (-8.375263074565904, 1.0, -0.8548180236458345)
7.739999999999923 (-8.465940183030478, 1.0, -0.7768126936383106)
7.7599999999999225 (-8.576895871232885, 1.0, -0.6983922016957455)
7.779999999999922 (-8.707867323482189, 1.0, -0.621123990651585)
7.799999999999922 (-8.858627621714339, 1.0, -0.5436794517130218)
7.819999999999921 (-9.021697161919256, 1.0, -0.46649966843373775)
7.839999999999921 (-9.18129959819459, 1.0, -0.39527766036040973)
7.85999999999992 (-9.325493620032688, 1.0, -0.3317721264770462)
7.87999999999992 (-9.447384413299806, 1.0, -0.27462550328639235)
7.8999999999999195 (-9.538175744918243, 1.0, -0.22721274048580553)
7.919999999999919 (-9.571730128266282, 1.0, -0.22553518827940786)
7.939999999999919 (-9.59200262446634, 1.0, -0.2254003370434032)
7.959999999999918 (-9.611915858332406, 1.0, -0.23062177284352667)
7.979999999999918 (-9.629046706773302, 1.0, -0.24666512921627554)
7.999999999999917 (-9.640808625251815, 1.0, -0.2732672107014009)
8.019999999999918 (-9.642910746069024, 1.0, -0.3109721145575013)
8.039999999999917 (-9.628177783451155, 1.0, -0.3602206892337479)
8.059999999999917 (-9.599732366277973, 1.0, -0.4212522980923697)
8.079999999999917 (-9.56253421602851, 1.0, -0.49821404475603387)
8.099999999999916 (-9.513159759910335, 1.0, -0.5942162722219129)
8.119999999999916 (-9.452606636137745, 1.0, -0.707934638539543)
8.139999999999915 (-9.389618028640257, 1.0, -0.8355562532664641)
8.159999999999915 (-9.33146119367741, 1.0, -0.9734726823002773)
8.179999999999914 (-9.280638594000038, 1.0, -1.1173978254501873)
8.199999999999914 (-9.23657755463148, 1.0, -1.2627390205726299)
8.219999999999914 (-9.197150752904815, 1.0, -1.4067567209063856)
8.239999999999913 (-9.162228507686633, 1.0, -1.5475489867331724)
8.259999999999913 (-9.13402095253771, 1.0, -1.68282710469301)
8.279999999999912 (-9.115933871264858, 1.0, -1.8087567510790767)
8.299999999999912 (-9.11319394210698, 1.0, -1.9187417792979327)
8.319999999999911 (-9.133382388318134, 1.0, -2.0116315956106203)
8.339999999999911 (-9.173528504863715, 1.0, -2.090348895726368)
8.35999999999991 (-9.221068437740826, 1.0, -2.153384500458195)
8.37999999999991 (-9.268222739734473, 1.0, -2.1986079155572456)
8.39999999999991 (-9.309478865809886, 1.0, -2.2283121703139517)
8.41999999999991 (-9.332292961387576, 1.0, -2.2452808601127248)
8.439999999999909 (-9.327493649741571, 1.0, -2.251441842211953)
8.459999999999908 (-9.293233989591908, 1.0, -2.248666328028991)
8.479999999999908 (-9.23267585376263, 1.0, -2.233864271827227)
8.499999999999908 (-9.1442798561468, 1.0, -2.1942798946124014)
8.519999999999907 (-9.037727064461293, 1.0, -2.125115821033625)
8.539999999999907 (-8.925444309521353, 1.0, -2.026767237124444)
8.559999999999906 (-8.821731653800441, 1.0, -1.912177445761673)
8.579999999999906 (-8.740120764004121, 1.0, -1.79592729031127)
8.599999999999905 (-8.678624910389122, 1.0, -1.68457962998489)
8.619999999999905 (-8.632406344002513, 1.0, -1.5782464740185065)
8.639999999999905 (-8.601651153502404, 1.0, -1.473521062048994)
8.659999999999904 (-8.583639687240368, 1.0, -1.3649804638755014)
8.679999999999904 (-8.577523303869915, 1.0, -1.2513120511811153)
8.699999999999903 (-8.583761122895242, 1.0, -1.1334719161200033)
8.719999999999903 (-8.604030769369356, 1.0, -1.0131362993565207)
8.739999999999903 (-8.641078123033367, 1.0, -0.8893288763809142)
8.759999999999902 (-8.69680196339698, 1.0, -0.7623409685533731)
8.779999999999902 (-8.771013696300843, 1.0, -0.6321138389984684)
8.799999999999901 (-8.864811872410536, 1.0, -0.49756192279029443)
8.8199999999999 (-8.978809955328723, 1.0, -0.3579479661931074)
8.8399999999999 (-9.109250112120158, 1.0, -0.21742958049802039)
8.8599999999999 (-9.249045071049016, 1.0, -0.08707701062488588)
8.8799999999999 (-9.368388301207116, 1.0, 0.018330070896410817)
8.899999999999899 (-9.416853914601708, 1.0, 0.07796832648761505)
8.919999999999899 (-9.444041212448882, 1.0, 0.12890640385698432)
8.939999999999898 (-9.45795626504205, 1.0, 0.1749787876727261)
8.959999999999898 (-9.473868731328945, 1.0, 0.2157319970047183)
8.979999999999897 (-9.500763208360663, 1.0, 0.25215424979704537)
8.999999999999897 (-9.539796558769646, 1.0, 0.2808190484474705)
9.019999999999897 (-9.589603872678822, 1.0, 0.2977501105878041)
9.039999999999896 (-9.648290311263976, 1.0, 0.2996618549714491)
9.059999999999896 (-9.712838468761491, 1.0, 0.2834655240997059)
9.079999999999895 (-9.77797653413358, 1.0, 0.25059333628567343)
9.099999999999895 (-9.827287111301143, 1.0, 0.20216538484143387)
9.119999999999894 (-9.84981178201001, 1.0, 0.13025293014714093)
9.139999999999894 (-9.845749183327964, 1.0, 0.03775832683425556)
9.159999999999894 (-9.823411140355203, 1.0, -0.07302408162308557)
9.179999999999893 (-9.797526277477447, 1.0, -0.198864411430986)
9.199999999999893 (-9.77428190526511, 1.0, -0.3355063039374483)
9.219999999999892 (-9.754827122246835, 1.0, -0.47727546191912956)
9.239999999999892 (-9.739085195052432, 1.0, -0.6192290632312315)
9.259999999999891 (-9.725213450038462, 1.0, -0.7586516783388387)
9.279999999999891 (-9.71448886188422, 1.0, -0.8939236380566632)
9.29999999999989 (-9.711382800010092, 1.0, -1.0212119086401579)
9.31999999999989 (-9.714924543295652, 1.0, -1.1376220321247714)
9.33999999999989 (-9.719810295491758, 1.0, -1.2440941297479973)
9.35999999999989 (-9.721477032555484, 1.0, -1.3414771441683462)
9.379999999999889 (-9.718927411184197, 1.0, -1.4291154340256111)
9.399999999999888 (-9.71284289548007, 1.0, -1.5053633562593534)
9.419999999999888 (-9.702034348329128, 1.0, -1.5699947654418334)
9.439999999999888 (-9.685023042663307, 1.0, -1.6244711111566854)
9.459999999999887 (-9.662272347346233, 1.0, -1.6693903955240907)
9.479999999999887 (-9.63061160836811, 1.0, -1.7028482280313797)
9.499999999999886 (-9.58282851564883, 1.0, -1.7265166312184397)
9.519999999999886 (-9.52049209988778, 1.0, -1.7443975260865705)
9.539999999999885 (-9.448560817117423, 1.0, -1.7474302957879535)
9.559999999999885 (-9.383202917460935, 1.0, -1.7298540517478238)
9.579999999999885 (-9.336504242857844, 1.0, -1.6944207824774526)
9.599999999999884 (-9.306855882500383, 1.0, -1.6461727919246747)
9.619999999999884 (-9.291279254310894, 1.0, -1.5950479746102992)
9.639999999999883 (-9.289076122620122, 1.0, -1.5450208921095905)
9.659999999999883 (-9.301622790729327, 1.0, -1.4932584178893533)
9.679999999999882 (-9.32884719716793, 1.0, -1.4356029079056318)
9.699999999999882 (-9.372112103427305, 1.0, -1.3709273759178138)
9.719999999999882 (-9.431769916422954, 1.0, -1.2998634520118952)
9.739999999999881 (-9.508332134368434, 1.0, -1.222570080633229)
9.75999999999988 (-9.603237740790961, 1.0, -1.1375855793803522)
9.77999999999988 (-9.716782395782465, 1.0, -1.046190656263889)
9.79999999999988 (-9.84297156234847, 1.0, -0.9527320449268928)
9.81999999999988 (-9.977999196019532, 1.0, -0.858176273809337)
9.839999999999879 (-10.117969472491984, 1.0, -0.7657448309545855)
9.859999999999879 (-10.253563162613968, 1.0, -0.685339632620409)
9.879999999999878 (-10.376333685138567, 1.0, -0.6220638972468309)
9.899999999999878 (-10.481045819641176, 1.0, -0.5777295690702928)
9.919999999999877 (-10.564265334732301, 1.0, -0.552720959158604)
9.939999999999877 (-10.622884591755021, 1.0, -0.5464695359490267)
9.959999999999877 (-10.654359113453587, 1.0, -0.557836896346353)
9.979999999999876 (-10.660483015181244, 1.0, -0.586464340585911)
9.999999999999876 (-10.651317743729939, 1.0, -0.6313207433825251)
