0.0 (-24.75, 1.0, 0.0)
0.02 (-24.748932932455155, 1.0, -0.04623009240828888)
0.04 (-24.740805661268794, 1.0, -0.14074697704341615)
0.06 (-24.718802432537125, 1.0, -0.26223582644864313)
0.08 (-24.678599239550795, 1.0, -0.3978414266991041)
0.1 (-24.61804926223852, 1.0, -0.5376170698111158)
0.12000000000000001 (-24.53876614449322, 1.0, -0.6735829366551161)
0.14 (-24.44709797995998, 1.0, -0.8016638168468752)
0.16 (-24.351343239326116, 1.0, -0.920653621641434)
0.18 (-24.25848083412647, 1.0, -1.0295295179464148)
0.19999999999999998 (-24.172662126990488, 1.0, -1.1262513277729642)
0.21999999999999997 (-24.096024991644704, 1.0, -1.208446340206695)
0.23999999999999996 (-24.0315714646993, 1.0, -1.274059629797646)
0.25999999999999995 (-23.982757800691704, 1.0, -1.321358449066827)
0.27999999999999997 (-23.95102400418352, 1.0, -1.3479205291319598)
0.3 (-23.934279907646676, 1.0, -1.350579742509117)
0.32 (-23.930208436988035, 1.0, -1.3271520136712984)
0.34 (-23.937857830161228, 1.0, -1.276349082054579)
0.36000000000000004 (-23.954097628113132, 1.0, -1.1970690064545941)
0.38000000000000006 (-23.972053835067015, 1.0, -1.0895211884632456)
0.4000000000000001 (-23.98471303100077, 1.0, -0.954757473718723)
0.4200000000000001 (-23.988030272233637, 1.0, -0.7947601930527729)
0.4400000000000001 (-23.978112814090757, 1.0, -0.6120964767313917)
0.46000000000000013 (-23.94784212210634, 1.0, -0.40906649084612956)
0.48000000000000015 (-23.885450256676123, 1.0, -0.18788804663171216)
0.5000000000000001 (-23.769734871410478, 1.0, 0.04484313508220172)
0.5200000000000001 (-23.580681612407176, 1.0, 0.2754019337550367)
0.5400000000000001 (-23.315286036055504, 1.0, 0.49589740173729907)
0.5600000000000002 (-22.988528543793244, 1.0, 0.7075760553522062)
0.5800000000000002 (-22.61781329091777, 1.0, 0.9163073732280175)
0.6000000000000002 (-22.216801647941253, 1.0, 1.1193648181064553)
0.6200000000000002 (-21.797632687081, 1.0, 1.3096365413135589)
0.6400000000000002 (-21.369581219931597, 1.0, 1.4833868614688053)
0.6600000000000003 (-20.942726567911006, 1.0, 1.6421220911278034)
0.6800000000000003 (-20.526715302869558, 1.0, 1.7906053728420723)
0.7000000000000003 (-20.128729856943554, 1.0, 1.9310912878738993)
0.7200000000000003 (-19.75634905761565, 1.0, 2.0664724162050794)
0.7400000000000003 (-19.416802862497647, 1.0, 2.200815342192963)
0.7600000000000003 (-19.11481123526314, 1.0, 2.3366655029293995)
0.7800000000000004 (-18.851672773873364, 1.0, 2.473696861623466)
0.8000000000000004 (-18.627445839555154, 1.0, 2.6109225260231685)
0.8200000000000004 (-18.440006755257215, 1.0, 2.748025908156277)
0.8400000000000004 (-18.28371322088328, 1.0, 2.8814497217279693)
0.8600000000000004 (-18.15428780297944, 1.0, 3.0081455012819887)
0.8800000000000004 (-18.04891880092056, 1.0, 3.1263460616629266)
0.9000000000000005 (-17.964285886821184, 1.0, 3.235633075232755)
0.9200000000000005 (-17.89697883518034, 1.0, 3.3358699915090035)
0.9400000000000005 (-17.846585828633273, 1.0, 3.424485844166978)
0.9600000000000005 (-17.81333477088702, 1.0, 3.500941911832932)
0.9800000000000005 (-17.796724924703152, 1.0, 3.5661455691314066)
1.0000000000000004 (-17.795780222805387, 1.0, 3.6209073490092307)
1.0200000000000005 (-17.80967172159836, 1.0, 3.6658306928821984)
1.0400000000000005 (-17.832991954517357, 1.0, 3.7010025499876793)
1.0600000000000005 (-17.837337074130616, 1.0, 3.7307491922626013)
1.0800000000000005 (-17.8363570396515, 1.0, 3.7658384039151187)
1.1000000000000005 (-17.83902053345443, 1.0, 3.8051198200967615)
1.1200000000000006 (-17.846012917574566, 1.0, 3.848013874763051)
1.1400000000000006 (-17.85821891385878, 1.0, 3.8967726703384367)
1.1600000000000006 (-17.876204259176152, 1.0, 3.9529859935403886)
1.1800000000000006 (-17.899529524463333, 1.0, 4.017707644949163)
1.2000000000000006 (-17.92871232451684, 1.0, 4.0903952356521085)
1.2200000000000006 (-17.96008892109978, 1.0, 4.166064873363154)
1.2400000000000007 (-17.98331739782085, 1.0, 4.235936576002661)
1.2600000000000007 (-17.991702060519373, 1.0, 4.297858204860714)
1.2800000000000007 (-17.983501387641674, 1.0, 4.354139964370532)
1.3000000000000007 (-17.959729837825762, 1.0, 4.40522486290858)
1.3200000000000007 (-17.92283378413352, 1.0, 4.447161099859962)
1.3400000000000007 (-17.87631939407312, 1.0, 4.473464801556164)
1.3600000000000008 (-17.82434014015852, 1.0, 4.478498928387845)
1.3800000000000008 (-17.771808899328374, 1.0, 4.45945555676656)
1.4000000000000008 (-17.722854071347275, 1.0, 4.416983591795368)
1.4200000000000008 (-17.682407870568415, 1.0, 4.354500267195964)
1.4400000000000008 (-17.65692622358139, 1.0, 4.273846801161345)
1.4600000000000009 (-17.65010283630043, 1.0, 4.177127665740214)
1.4800000000000009 (-17.66391856167769, 1.0, 4.068771016880754)
1.5000000000000009 (-17.699274090414942, 1.0, 3.9543388535594253)
1.520000000000001 (-17.755549889826618, 1.0, 3.8387380923070595)
1.540000000000001 (-17.829612173214446, 1.0, 3.7271606806429154)
1.560000000000001 (-17.91456239667909, 1.0, 3.62359579218191)
1.580000000000001 (-18.004045182011172, 1.0, 3.5267052102352605)
1.600000000000001 (-18.09502966486364, 1.0, 3.4354962181402944)
1.620000000000001 (-18.187729617791664, 1.0, 3.3554341675525055)
1.640000000000001 (-18.28437582046089, 1.0, 3.294364064632199)
1.660000000000001 (-18.386670666651202, 1.0, 3.2548967970043594)
1.680000000000001 (-18.49631470890241, 1.0, 3.235928646524227)
1.700000000000001 (-18.616358686415328, 1.0, 3.236018136009662)
1.720000000000001 (-18.75075316394915, 1.0, 3.2540871716366673)
1.740000000000001 (-18.903742630550546, 1.0, 3.288774190370856)
1.7600000000000011 (-19.07935648565297, 1.0, 3.3377804993020046)
1.7800000000000011 (-19.28084185264591, 1.0, 3.3977828577590303)
1.8000000000000012 (-19.510281235568296, 1.0, 3.464138745476472)
1.8200000000000012 (-19.76828119724212, 1.0, 3.530608583280297)
1.8400000000000012 (-20.052213801320047, 1.0, 3.588280313417316)
1.8600000000000012 (-20.356566023035448, 1.0, 3.6283172843674336)
1.8800000000000012 (-20.676020535378104, 1.0, 3.6460661994250367)
1.9000000000000012 (-21.00512519724418, 1.0, 3.639518785392605)
1.9200000000000013 (-21.33860381021477, 1.0, 3.608371760853191)
1.9400000000000013 (-21.672730805670568, 1.0, 3.5539430322883865)
1.9600000000000013 (-22.00492973557178, 1.0, 3.478319733855005)
1.9800000000000013 (-22.333300745070314, 1.0, 3.38392121618836)
2.0000000000000013 (-22.656932167621964, 1.0, 3.2742801949595233)
2.0200000000000014 (-22.978094098007595, 1.0, 3.15358879909582)
2.0400000000000014 (-23.299299813946572, 1.0, 3.0222794528260613)
2.0600000000000014 (-23.61709794578786, 1.0, 2.874792736692919)
2.0800000000000014 (-23.918439622775434, 1.0, 2.699370202486454)
2.1000000000000014 (-24.182735529016792, 1.0, 2.484192782516895)
2.1200000000000014 (-24.377368450891748, 1.0, 2.2276655672272576)
2.1400000000000015 (-24.460700593154645, 1.0, 1.944372529385846)
2.1600000000000015 (-24.408533560325488, 1.0, 1.6604745557690457)
2.1800000000000015 (-24.248635089070227, 1.0, 1.4002201135212804)
2.2000000000000015 (-24.056569667858394, 1.0, 1.1681105276879884)
2.2200000000000015 (-23.891747327858162, 1.0, 0.9580869076123205)
2.2400000000000015 (-23.761693594618432, 1.0, 0.7743770425425481)
2.2600000000000016 (-23.648027914668035, 1.0, 0.6292065447337578)
2.2800000000000016 (-23.543814135859698, 1.0, 0.5285748023574848)
2.3000000000000016 (-23.45609771650106, 1.0, 0.4673834457301167)
2.3200000000000016 (-23.389099372363827, 1.0, 0.43976226780541744)
2.3400000000000016 (-23.33922951851703, 1.0, 0.4445582619574598)
2.3600000000000017 (-23.29849130634038, 1.0, 0.4786965125820066)
2.3800000000000017 (-23.264786171633915, 1.0, 0.5358162594334928)
2.4000000000000017 (-23.246671561922554, 1.0, 0.6065861125071174)
2.4200000000000017 (-23.2393255540562, 1.0, 0.6879296141673421)
2.4400000000000017 (-23.233042008156012, 1.0, 0.7836483622593633)
2.4600000000000017 (-23.221639485507588, 1.0, 0.8975062834684014)
2.4800000000000018 (-23.204369520957645, 1.0, 1.0275774997077638)
2.5000000000000018 (-23.184109894893577, 1.0, 1.170304401785285)
2.520000000000002 (-23.15392044157668, 1.0, 1.325250985379575)
2.540000000000002 (-23.098180174382087, 1.0, 1.4944679717346598)
2.560000000000002 (-23.006365201462433, 1.0, 1.6758101622330512)
2.580000000000002 (-22.8646760559302, 1.0, 1.8613776307285417)
2.600000000000002 (-22.667661142838124, 1.0, 2.0423100388720274)
2.620000000000002 (-22.418661912232725, 1.0, 2.2150429237087548)
2.640000000000002 (-22.12501229661262, 1.0, 2.381068715865511)
2.660000000000002 (-21.795925404039906, 1.0, 2.544273258713076)
2.680000000000002 (-21.446505158287557, 1.0, 2.7003778504152054)
2.700000000000002 (-21.093989135864835, 1.0, 2.845758080823424)
2.720000000000002 (-20.75193347018938, 1.0, 2.9813724888147615)
2.740000000000002 (-20.42970668409015, 1.0, 3.1097425384644977)
2.760000000000002 (-20.13453169308124, 1.0, 3.2334081163636608)
2.780000000000002 (-19.874242601387394, 1.0, 3.3562018388289183)
2.800000000000002 (-19.654937635935564, 1.0, 3.479583383416026)
2.820000000000002 (-19.47567301886482, 1.0, 3.602017223282905)
2.840000000000002 (-19.333306102465706, 1.0, 3.7225514590793574)
2.860000000000002 (-19.225981268675465, 1.0, 3.8412408055367937)
2.880000000000002 (-19.148584498611765, 1.0, 3.955259848623051)
2.900000000000002 (-19.094925944570168, 1.0, 4.058538282933649)
2.920000000000002 (-19.05961764903595, 1.0, 4.151488756083301)
2.940000000000002 (-19.039169869162638, 1.0, 4.235150340365402)
2.960000000000002 (-19.03143104647064, 1.0, 4.310271910533069)
2.980000000000002 (-19.035055509158017, 1.0, 4.3785776037601645)
3.000000000000002 (-19.049191101574447, 1.0, 4.442235138373792)
3.0200000000000022 (-19.07347621122567, 1.0, 4.503573870025029)
3.0400000000000023 (-19.108383897743533, 1.0, 4.563334857736737)
3.0600000000000023 (-19.155073959709316, 1.0, 4.62030436327773)
3.0800000000000023 (-19.214936060559758, 1.0, 4.674703352798297)
3.1000000000000023 (-19.28839308507311, 1.0, 4.72751405405114)
3.1200000000000023 (-19.365784515482986, 1.0, 4.77916734705131)
3.1400000000000023 (-19.435616630222896, 1.0, 4.849944266131504)
3.1600000000000024 (-19.5085918027729, 1.0, 4.942707668365322)
3.1800000000000024 (-19.58940635987417, 1.0, 5.041307014417265)
3.2000000000000024 (-19.677390079192, 1.0, 5.13794551930105)
3.2200000000000024 (-19.765640932948738, 1.0, 5.230677383270798)
3.2400000000000024 (-19.851200711396707, 1.0, 5.323316762961815)
3.2600000000000025 (-19.933259646499916, 1.0, 5.416669456739158)
3.2800000000000025 (-20.01348751517874, 1.0, 5.511843593830752)
3.3000000000000025 (-20.094973174699845, 1.0, 5.6068730465169505)
3.3200000000000025 (-20.177333287901163, 1.0, 5.694776565757679)
3.3400000000000025 (-20.259019762176578, 1.0, 5.769278450094579)
3.3600000000000025 (-20.33544624231544, 1.0, 5.823491720297124)
3.3800000000000026 (-20.401116006306864, 1.0, 5.8548246605879735)
3.4000000000000026 (-20.450995937513337, 1.0, 5.865157888077374)
3.4200000000000026 (-20.480936513679865, 1.0, 5.857173456976705)
3.4400000000000026 (-20.487180281981598, 1.0, 5.832858744004276)
3.4600000000000026 (-20.465335754472573, 1.0, 5.796189157382867)
3.4800000000000026 (-20.416354134592968, 1.0, 5.755221977317813)
3.5000000000000027 (-20.344649866148522, 1.0, 5.717018124258166)
3.5200000000000027 (-20.253899875972508, 1.0, 5.684374708773879)
3.5400000000000027 (-20.14588824500372, 1.0, 5.656672704029061)
3.5600000000000027 (-20.02041199079669, 1.0, 5.631347318811411)
3.5800000000000027 (-19.87699828444995, 1.0, 5.60265159261966)
3.6000000000000028 (-19.71572872911792, 1.0, 5.564525112528243)
3.6200000000000028 (-19.536853131234622, 1.0, 5.5150747249851735)
3.640000000000003 (-19.3471222680269, 1.0, 5.456639441885672)
3.660000000000003 (-19.154368597062177, 1.0, 5.3984858578031005)
3.680000000000003 (-18.963897319511812, 1.0, 5.347305782377625)
3.700000000000003 (-18.781712473610646, 1.0, 5.3064059525678475)
3.720000000000003 (-18.613142562993783, 1.0, 5.281698490352098)
3.740000000000003 (-18.4625704327956, 1.0, 5.276996361094933)
3.760000000000003 (-18.334379823146374, 1.0, 5.292444890896362)
3.780000000000003 (-18.232903575582608, 1.0, 5.3305238795735965)
3.800000000000003 (-18.162420781364936, 1.0, 5.393568336080932)
3.820000000000003 (-18.12592283357491, 1.0, 5.479982690724042)
3.840000000000003 (-18.122598571275578, 1.0, 5.582332372057279)
3.860000000000003 (-18.149825390931266, 1.0, 5.694261152509612)
3.880000000000003 (-18.20487843560194, 1.0, 5.811729313931543)
3.900000000000003 (-18.282737483956836, 1.0, 5.928686076093905)
3.920000000000003 (-18.379932953539075, 1.0, 6.0409403476845505)
3.940000000000003 (-18.49434185416146, 1.0, 6.143977652931841)
3.960000000000003 (-18.623272606015988, 1.0, 6.2364608079595785)
3.980000000000003 (-18.76446823746857, 1.0, 6.319855006065268)
4.000000000000003 (-18.916264772032086, 1.0, 6.395701778344132)
4.020000000000002 (-19.077838060865396, 1.0, 6.465177829430396)
4.040000000000002 (-19.24915463496192, 1.0, 6.5289689228541805)
4.060000000000001 (-19.429493099939958, 1.0, 6.586377986645377)
4.080000000000001 (-19.612710665171516, 1.0, 6.634379920055767)
4.1000000000000005 (-19.79351824583387, 1.0, 6.67269388167311)
4.12 (-19.97219267945603, 1.0, 6.7037755855996135)
4.14 (-20.150854745652726, 1.0, 6.729436639159133)
4.159999999999999 (-20.33051249250652, 1.0, 6.750582637925418)
4.179999999999999 (-20.51200198347334, 1.0, 6.76544685751984)
4.199999999999998 (-20.694501486468187, 1.0, 6.769447311421976)
4.219999999999998 (-20.871518310136405, 1.0, 6.753689024510445)
4.2399999999999975 (-21.035722742894887, 1.0, 6.712457741276095)
4.259999999999997 (-21.18108973569226, 1.0, 6.646340454217185)
4.279999999999997 (-21.301212738354668, 1.0, 6.560192989430766)
4.299999999999996 (-21.389816115262658, 1.0, 6.461148395974556)
4.319999999999996 (-21.44622365591569, 1.0, 6.362985425643721)
4.339999999999995 (-21.476886517467992, 1.0, 6.283211819852647)
4.359999999999995 (-21.484196721077428, 1.0, 6.2301156499296875)
4.379999999999995 (-21.464167525995958, 1.0, 6.200218502367128)
4.399999999999994 (-21.417249779343514, 1.0, 6.188655997055177)
4.419999999999994 (-21.348223156403268, 1.0, 6.193661283945059)
4.439999999999993 (-21.2599353850202, 1.0, 6.213154811989087)
4.459999999999993 (-21.152923343979378, 1.0, 6.243913404031668)
4.479999999999992 (-21.029510021937842, 1.0, 6.284640130957179)
4.499999999999992 (-20.894012162583607, 1.0, 6.335682846396791)
4.519999999999992 (-20.74899869355743, 1.0, 6.3958775759280035)
4.539999999999991 (-20.59450711448262, 1.0, 6.4625861089951036)
4.559999999999991 (-20.428852249860878, 1.0, 6.5319231182549515)
4.57999999999999 (-20.247443686272906, 1.0, 6.595324980462834)
4.59999999999999 (-20.044218611345645, 1.0, 6.640310930281264)
4.6199999999999894 (-19.81862172083795, 1.0, 6.661039007886826)
4.639999999999989 (-19.574634159457894, 1.0, 6.658237053265479)
4.659999999999989 (-19.313825013469128, 1.0, 6.631507314646093)
4.679999999999988 (-19.03920778080194, 1.0, 6.584747007698689)
4.699999999999988 (-18.759027440825413, 1.0, 6.5316815493316644)
4.719999999999987 (-18.483088272171965, 1.0, 6.484812935502426)
4.739999999999987 (-18.221843967131885, 1.0, 6.448362634659978)
4.7599999999999865 (-17.984263128843242, 1.0, 6.425557527581316)
4.779999999999986 (-17.77602164999298, 1.0, 6.423535566588268)
4.799999999999986 (-17.60121714653383, 1.0, 6.447015751535646)
4.819999999999985 (-17.461324385941584, 1.0, 6.4941997793447)
4.839999999999985 (-17.354457433111456, 1.0, 6.559208746954249)
4.859999999999984 (-17.278359472299258, 1.0, 6.638285057193188)
4.879999999999984 (-17.229818740891687, 1.0, 6.726765466012895)
4.8999999999999835 (-17.204335989792277, 1.0, 6.818881186150918)
4.919999999999983 (-17.199283278225575, 1.0, 6.909978126901859)
4.939999999999983 (-17.212858125738144, 1.0, 6.9955007515216)
4.959999999999982 (-17.2424844318156, 1.0, 7.075286236406624)
4.979999999999982 (-17.28390752084509, 1.0, 7.152648598276659)
4.999999999999981 (-17.33328529338534, 1.0, 7.229531937254571)
5.019999999999981 (-17.390124432674817, 1.0, 7.305835744250692)
5.0399999999999805 (-17.456270681839428, 1.0, 7.38181130052811)
5.05999999999998 (-17.532666681086315, 1.0, 7.459636734528839)
5.07999999999998 (-17.61917084365193, 1.0, 7.541938819988457)
5.099999999999979 (-17.71634544128612, 1.0, 7.628551497627208)
5.119999999999979 (-17.823862564504783, 1.0, 7.715775573112085)
5.139999999999978 (-17.936948408684312, 1.0, 7.798836537802299)
5.159999999999978 (-18.049965293187203, 1.0, 7.878941424341578)
5.1799999999999775 (-18.159993675994592, 1.0, 7.961473912541258)
5.199999999999977 (-18.266055308149234, 1.0, 8.050132195211866)
5.219999999999977 (-18.36860589914841, 1.0, 8.145727118634033)
5.239999999999976 (-18.469290779150235, 1.0, 8.246885149447841)
5.259999999999976 (-18.57001304974885, 1.0, 8.350471012745043)
5.279999999999975 (-18.671785036710283, 1.0, 8.451849026304885)
5.299999999999975 (-18.772614807854257, 1.0, 8.543209272999164)
5.3199999999999745 (-18.868854479035853, 1.0, 8.617017496004848)
5.339999999999974 (-18.95597773572161, 1.0, 8.667956615434154)
5.359999999999974 (-19.02865976672785, 1.0, 8.694378101170617)
5.379999999999973 (-19.081387713028562, 1.0, 8.69820793913985)
5.399999999999973 (-19.108020554470674, 1.0, 8.683072542846288)
5.419999999999972 (-19.10209527612887, 1.0, 8.653596641175078)
5.439999999999972 (-19.06200853550137, 1.0, 8.614856230034045)
5.4599999999999715 (-18.992563515492726, 1.0, 8.572417783080216)
5.479999999999971 (-18.899549100960137, 1.0, 8.531518949753588)
5.499999999999971 (-18.787002276317473, 1.0, 8.493746775839531)
5.51999999999997 (-18.657153932994913, 1.0, 8.4576235327892)
5.53999999999997 (-18.510592530406235, 1.0, 8.419852525939591)
5.559999999999969 (-18.347144650073883, 1.0, 8.373110735133437)
5.579999999999969 (-18.167211431074495, 1.0, 8.307100775858622)
5.599999999999969 (-17.971017359391297, 1.0, 8.216586441059231)
5.619999999999968 (-17.764000807707752, 1.0, 8.104433783286076)
5.639999999999968 (-17.552465863465585, 1.0, 7.983038760270772)
5.659999999999967 (-17.340126639774127, 1.0, 7.862894131030906)
5.679999999999967 (-17.131929270532762, 1.0, 7.749563392437282)
5.699999999999966 (-16.932310729360672, 1.0, 7.650395887197572)
5.719999999999966 (-16.74445554927989, 1.0, 7.572307776965761)
5.739999999999966 (-16.572072724012735, 1.0, 7.517927622016308)
5.759999999999965 (-16.418363030813236, 1.0, 7.489842470030557)
5.779999999999965 (-16.286215092725204, 1.0, 7.492318984715583)
5.799999999999964 (-16.17920185050814, 1.0, 7.527700600115374)
5.819999999999964 (-16.10008920721052, 1.0, 7.5929318040847775)
5.839999999999963 (-16.048973394647383, 1.0, 7.6804995502170845)
5.859999999999963 (-16.024693389038816, 1.0, 7.7848431226648165)
5.879999999999963 (-16.024876440837005, 1.0, 7.899839152015056)
5.899999999999962 (-16.046254168320697, 1.0, 8.019147907626714)
5.919999999999962 (-16.086875388969155, 1.0, 8.138506174212136)
5.939999999999961 (-16.146158220230426, 1.0, 8.2532506750209)
5.959999999999961 (-16.22191857653454, 1.0, 8.362387102376985)
5.9799999999999605 (-16.309535746278257, 1.0, 8.468962826206525)
5.99999999999996 (-16.40494109638775, 1.0, 8.57489310823014)
6.01999999999996 (-16.50776427129745, 1.0, 8.67989934843931)
6.039999999999959 (-16.619959028815998, 1.0, 8.78385878208785)
6.059999999999959 (-16.7423051743196, 1.0, 8.888843157188266)
6.079999999999958 (-16.874869643142837, 1.0, 8.996561638131967)
6.099999999999958 (-17.016922572773332, 1.0, 9.10445802262194)
6.1199999999999575 (-17.162641090579612, 1.0, 9.207346873296538)
6.139999999999957 (-17.306670391801088, 1.0, 9.306139727203368)
6.159999999999957 (-17.447330576383116, 1.0, 9.405484872222711)
6.179999999999956 (-17.585121193392588, 1.0, 9.508677038861983)
6.199999999999956 (-17.72058567201663, 1.0, 9.616932365981134)
6.219999999999955 (-17.855145294274866, 1.0, 9.729468188627115)
6.239999999999955 (-17.99098478190052, 1.0, 9.842996755137596)
6.2599999999999545 (-18.12842689235699, 1.0, 9.948819328204104)
6.279999999999954 (-18.263912070914056, 1.0, 10.034071675201792)
6.299999999999954 (-18.392045576576166, 1.0, 10.091457514980934)
6.319999999999953 (-18.50697294284311, 1.0, 10.120649566222003)
6.339999999999953 (-18.602079917108426, 1.0, 10.124163185042889)
6.359999999999952 (-18.66993004511408, 1.0, 10.107060583843788)
6.379999999999952 (-18.70357106325804, 1.0, 10.078947404038775)
6.3999999999999515 (-18.700657797202712, 1.0, 10.048444609245935)
6.419999999999951 (-18.664356351172604, 1.0, 10.019463632608257)
6.439999999999951 (-18.60029801967666, 1.0, 9.993849480453813)
6.45999999999995 (-18.512686459754022, 1.0, 9.970881382006816)
6.47999999999995 (-18.403590006797412, 1.0, 9.947819366136855)
6.499999999999949 (-18.27451696544503, 1.0, 9.922419289846196)
6.519999999999949 (-18.126483525331945, 1.0, 9.894448388426923)
6.5399999999999485 (-17.958666151646124, 1.0, 9.860527945750219)
6.559999999999948 (-17.77047004876225, 1.0, 9.808500470608655)
6.579999999999948 (-17.564624976546177, 1.0, 9.72716071991305)
6.599999999999947 (-17.341565552819933, 1.0, 9.611809513046984)
6.619999999999947 (-17.10139415110898, 1.0, 9.466573203848299)
6.639999999999946 (-16.849332467739593, 1.0, 9.304126047697123)
6.659999999999946 (-16.59330111533581, 1.0, 9.138447738645208)
6.6799999999999455 (-16.340501990043503, 1.0, 8.976447417430661)
6.699999999999945 (-16.097229275449706, 1.0, 8.824444286458915)
6.719999999999945 (-15.866171036879592, 1.0, 8.690911554946737)
6.739999999999944 (-15.650032045782947, 1.0, 8.580037855519679)
6.759999999999944 (-15.4518146238126, 1.0, 8.494805599427258)
6.779999999999943 (-15.274017884374569, 1.0, 8.440659652639477)
6.799999999999943 (-15.119949574477946, 1.0, 8.421139785813331)
6.8199999999999426 (-14.991731594311947, 1.0, 8.4336188622771)
6.839999999999942 (-14.889180356737798, 1.0, 8.471744065465874)
6.859999999999942 (-14.811735056002254, 1.0, 8.531386236781373)
6.879999999999941 (-14.759365711635004, 1.0, 8.6094391047815)
6.899999999999941 (-14.732088284997442, 1.0, 8.697962171105678)
6.91999999999994 (-14.727053048363821, 1.0, 8.789173882200357)
6.93999999999994 (-14.739332450236844, 1.0, 8.88041683443945)
6.95999999999994 (-14.766769367250054, 1.0, 8.97050021450938)
6.979999999999939 (-14.807290821166967, 1.0, 9.060416683511397)
6.999999999999939 (-14.85977401169693, 1.0, 9.151156224823662)
7.019999999999938 (-14.925458915935486, 1.0, 9.241576353456113)
7.039999999999938 (-15.006022603949427, 1.0, 9.330033798508085)
7.059999999999937 (-15.100225609874402, 1.0, 9.414732056280041)
7.079999999999937 (-15.199805559564686, 1.0, 9.491175383894989)
7.099999999999937 (-15.293445158168312, 1.0, 9.560682463765001)
7.119999999999936 (-15.370008932135697, 1.0, 9.640089246338697)
7.139999999999936 (-15.429473064683814, 1.0, 9.751830946558728)
7.159999999999935 (-15.483382029081838, 1.0, 9.882345868766473)
7.179999999999935 (-15.537048388534458, 1.0, 10.018764855915164)
7.1999999999999345 (-15.58940056048132, 1.0, 10.156916413995944)
7.219999999999934 (-15.638991825729295, 1.0, 10.296631074743011)
7.239999999999934 (-15.68547028159961, 1.0, 10.437519516979673)
7.259999999999933 (-15.729054611304418, 1.0, 10.582635049466086)
7.279999999999933 (-15.771760395111304, 1.0, 10.73245825707327)
7.299999999999932 (-15.815959903478554, 1.0, 10.879916883808207)
7.319999999999932 (-15.86457029844693, 1.0, 11.017669425217925)
7.3399999999999315 (-15.918729650288206, 1.0, 11.135097062288676)
7.359999999999931 (-15.975750012604285, 1.0, 11.225255269445753)
7.379999999999931 (-16.030009377205968, 1.0, 11.28688030473162)
7.39999999999993 (-16.075485233564514, 1.0, 11.320980725988141)
7.41999999999993 (-16.10750857176111, 1.0, 11.327884880336141)
7.439999999999929 (-16.120065180923085, 1.0, 11.307055956133366)
7.459999999999929 (-16.108529222137882, 1.0, 11.26366615884986)
7.4799999999999285 (-16.073317622709425, 1.0, 11.205632344716012)
7.499999999999928 (-16.01675712509975, 1.0, 11.136817040128244)
7.519999999999928 (-15.940954011609124, 1.0, 11.056039055036747)
7.539999999999927 (-15.847765620293952, 1.0, 10.95934138322757)
7.559999999999927 (-15.740004516420337, 1.0, 10.841371215736432)
7.579999999999926 (-15.618803957751263, 1.0, 10.700169761372504)
7.599999999999926 (-15.484264090791937, 1.0, 10.540167919491495)
7.6199999999999255 (-15.33898560607822, 1.0, 10.36885068551947)
7.639999999999925 (-15.187058231368244, 1.0, 10.195806070179971)
7.659999999999925 (-15.030442930312004, 1.0, 10.029657352836495)
7.679999999999924 (-14.8718837451734, 1.0, 9.874367781332728)
7.699999999999924 (-14.715979761132447, 1.0, 9.732326029121145)
7.719999999999923 (-14.564694682633233, 1.0, 9.609765818575552)
7.739999999999923 (-14.419587190536191, 1.0, 9.51211323849306)
7.7599999999999225 (-14.284873543758177, 1.0, 9.440665388313784)
7.779999999999922 (-14.163773920568376, 1.0, 9.397835007461818)
7.799999999999922 (-14.058952747101525, 1.0, 9.387608824560592)
7.819999999999921 (-13.974616460442267, 1.0, 9.411130099541657)
7.839999999999921 (-13.91380555482927, 1.0, 9.462597515528943)
7.85999999999992 (-13.877095019414352, 1.0, 9.536154900861938)
7.87999999999992 (-13.863274713468373, 1.0, 9.626620795832356)
7.8999999999999195 (-13.870526475357403, 1.0, 9.727009228703722)
7.919999999999919 (-13.898674010424568, 1.0, 9.831185375207628)
7.939999999999919 (-13.94654163017724, 1.0, 9.934819510881653)
7.959999999999918 (-14.009854183057277, 1.0, 10.037469914557862)
7.979999999999918 (-14.085985751091098, 1.0, 10.138995983358209)
7.999999999999917 (-14.172814948480948, 1.0, 10.24037205679067)
8.019999999999918 (-14.268457671583821, 1.0, 10.343435065460724)
8.039999999999917 (-14.371139223534758, 1.0, 10.450789285463747)
8.059999999999917 (-14.479894266377363, 1.0, 10.564891740742015)
8.079999999999917 (-14.596634946669685, 1.0, 10.684121202166036)
8.099999999999916 (-14.723551088815382, 1.0, 10.804404657715153)
8.119999999999916 (-14.853828649889593, 1.0, 10.922495913773623)
8.139999999999915 (-14.977615485065556, 1.0, 11.042312345885017)
8.159999999999915 (-15.091295094740723, 1.0, 11.17088648583487)
8.179999999999914 (-15.195574421946427, 1.0, 11.31052982247204)
8.199999999999914 (-15.292708797897992, 1.0, 11.46005510868424)
8.219999999999914 (-15.38455638297366, 1.0, 11.617258828720558)
8.239999999999913 (-15.473167528094244, 1.0, 11.78014353118746)
8.259999999999913 (-15.56087773289789, 1.0, 11.946084692371555)
8.279999999999912 (-15.64934452248191, 1.0, 12.107041465839536)
8.299999999999912 (-15.737924218734687, 1.0, 12.24681822628042)
8.319999999999911 (-15.823741785274876, 1.0, 12.351283521814834)
8.339999999999911 (-15.900987780977413, 1.0, 12.414404455509853)
8.35999999999991 (-15.962255731936008, 1.0, 12.440843106865614)
8.37999999999991 (-16.000184382155158, 1.0, 12.440081235334997)
8.39999999999991 (-16.006897071552324, 1.0, 12.418242888114033)
8.41999999999991 (-15.979533837622656, 1.0, 12.382061460662957)
8.439999999999909 (-15.921280104632842, 1.0, 12.33908537988739)
8.459999999999908 (-15.836261611326549, 1.0, 12.292418802327937)
8.479999999999908 (-15.72717425246341, 1.0, 12.238581416974466)
8.499999999999908 (-15.595438465936734, 1.0, 12.169578705273146)
8.519999999999907 (-15.442499157638203, 1.0, 12.075810087444083)
8.539999999999907 (-15.270160450522976, 1.0, 11.951522098526324)
8.559999999999906 (-15.081237346216863, 1.0, 11.796923304755369)
8.579999999999906 (-14.876870274132646, 1.0, 11.615264743753439)
8.599999999999905 (-14.656606947921162, 1.0, 11.40991571455603)
8.619999999999905 (-14.42604001287873, 1.0, 11.187351703180203)
8.639999999999905 (-14.192254275286189, 1.0, 10.958548911727986)
8.659999999999904 (-13.958868327044009, 1.0, 10.731113608273976)
8.679999999999904 (-13.728747404460035, 1.0, 10.507954351082981)
8.699999999999903 (-13.505040253932979, 1.0, 10.292829732413646)
8.719999999999903 (-13.2877573981864, 1.0, 10.093518417467799)
8.739999999999903 (-13.07826887429363, 1.0, 9.91532562689102)
8.759999999999902 (-12.879417169871923, 1.0, 9.761651211178355)
8.779999999999902 (-12.6918672605942, 1.0, 9.638766945301615)
8.799999999999901 (-12.517368529075355, 1.0, 9.551696690431223)
8.8199999999999 (-12.358366119268704, 1.0, 9.499581463195891)
8.8399999999999 (-12.216415956531057, 1.0, 9.479820676204966)
8.8599999999999 (-12.095125505021409, 1.0, 9.489108730256765)
8.8799999999999 (-11.996676260134985, 1.0, 9.522500779815067)
8.899999999999899 (-11.917608107819547, 1.0, 9.57154411693937)
8.919999999999899 (-11.853432663110404, 1.0, 9.63130463014609)
8.939999999999898 (-11.805221689626055, 1.0, 9.697854901037537)
8.959999999999898 (-11.77399984142996, 1.0, 9.770057750370386)
8.979999999999897 (-11.761715086449847, 1.0, 9.847176942281251)
8.999999999999897 (-11.769007234542704, 1.0, 9.928485250048894)
9.019999999999897 (-11.795434509672896, 1.0, 10.01308800995149)
9.039999999999896 (-11.838202406832655, 1.0, 10.095162622556451)
9.059999999999896 (-11.88932533720603, 1.0, 10.166229307132332)
9.079999999999895 (-11.933853328437998, 1.0, 10.228001036534213)
9.099999999999895 (-11.950917059254486, 1.0, 10.301450623765838)
9.119999999999894 (-11.95262649343223, 1.0, 10.389603976325823)
9.139999999999894 (-11.950047066866848, 1.0, 10.488041128578555)
9.159999999999894 (-11.943612550149743, 1.0, 10.59960056700215)
9.179999999999893 (-11.93087999656845, 1.0, 10.721879733867505)
9.199999999999893 (-11.910132572647417, 1.0, 10.848551579962692)
9.219999999999892 (-11.880428864805046, 1.0, 10.976316049871837)
9.239999999999892 (-11.842099432045286, 1.0, 11.103445784373207)
9.259999999999891 (-11.79700591474189, 1.0, 11.227811257201298)
9.279999999999891 (-11.748106879111772, 1.0, 11.347324677894669)
9.29999999999989 (-11.699422197797915, 1.0, 11.460210898235548)
9.31999999999989 (-11.652609781213638, 1.0, 11.57066005177084)
9.33999999999989 (-11.61306108997316, 1.0, 11.676917640680259)
9.35999999999989 (-11.586993895620092, 1.0, 11.77467195660313)
9.379999999999889 (-11.578760600963301, 1.0, 11.860314146667783)
9.399999999999888 (-11.588754849893657, 1.0, 11.930303960770235)
9.419999999999888 (-11.613607369667076, 1.0, 11.982149201993986)
9.439999999999888 (-11.648689433573258, 1.0, 12.013908859574446)
9.459999999999887 (-11.689432775276165, 1.0, 12.024521786057862)
9.479999999999887 (-11.730127857549629, 1.0, 12.01030385708492)
9.499999999999886 (-11.765115553894665, 1.0, 11.970266327817136)
9.519999999999886 (-11.791527362497892, 1.0, 11.908035115651456)
9.539999999999885 (-11.80925212545838, 1.0, 11.826650255846872)
9.559999999999885 (-11.820656609853048, 1.0, 11.726890468899667)
9.579999999999885 (-11.826602907751253, 1.0, 11.609304445746412)
9.599999999999884 (-11.82460924849092, 1.0, 11.476880738715627)
9.619999999999884 (-11.81267496142852, 1.0, 11.33499630148161)
9.639999999999883 (-11.790533804658368, 1.0, 11.192176457378668)
9.659999999999883 (-11.757679001376882, 1.0, 11.056008194783004)
9.679999999999882 (-11.714630131999838, 1.0, 10.93046410890594)
9.699999999999882 (-11.664170827413216, 1.0, 10.817446333392937)
9.719999999999882 (-11.608210861742464, 1.0, 10.721349934659502)
9.739999999999881 (-11.54718245395507, 1.0, 10.64825770436692)
9.75999999999988 (-11.48404928787822, 1.0, 10.601757091338218)
9.77999999999988 (-11.423635222351576, 1.0, 10.582754801287939)
9.79999999999988 (-11.368085645139265, 1.0, 10.593525811461511)
9.81999999999988 (-11.320047829915309, 1.0, 10.636904676851021)
9.839999999999879 (-11.285119375382887, 1.0, 10.71293641216583)
9.859999999999879 (-11.269026173289104, 1.0, 10.815080979607176)
9.879999999999878 (-11.272712330964113, 1.0, 10.936440133956657)
9.899999999999878 (-11.295675568345533, 1.0, 11.069625763644542)
9.919999999999877 (-11.336752970631101, 1.0, 11.208566908647974)
9.939999999999877 (-11.393420565961558, 1.0, 11.350043938150908)
9.959999999999877 (-11.462706679934197, 1.0, 11.492650051182864)
9.979999999999876 (-11.541752502109004, 1.0, 11.635866045901052)
9.999999999999876 (-11.630006205470757, 1.0, 11.779069902322382)
