0.0 (-3.75, 1.0, 0.0)
0.02 (-3.75000868877624, 1.0, 0.0181765997657208)
0.04 (-3.7504537929775985, 1.0, 0.05325535540080716)
0.06 (-3.752598273065903, 1.0, 0.10576445032369834)
0.08 (-3.759697524711929, 1.0, 0.17087965743889727)
0.1 (-3.7764667370426963, 1.0, 0.2372520723886202)
0.12000000000000001 (-3.8047609646591503, 1.0, 0.2985231800679943)
0.14 (-3.842421203093355, 1.0, 0.3559094290220448)
0.16 (-3.8858963912559457, 1.0, 0.4122980384016128)
0.18 (-3.9327708467000297, 1.0, 0.46693973846905323)
0.19999999999999998 (-3.982655064521006, 1.0, 0.5172259476197979)
0.21999999999999997 (-4.035517190462154, 1.0, 0.5602637077594526)
0.23999999999999996 (-4.090156872557352, 1.0, 0.5938206091171465)
0.25999999999999995 (-4.145079238940917, 1.0, 0.6159971327858506)
0.27999999999999997 (-4.199726085152322, 1.0, 0.6249907156112402)
0.3 (-4.251490886131928, 1.0, 0.6202901273453945)
0.32 (-4.295875438838209, 1.0, 0.6018770126040374)
0.34 (-4.3302348719137145, 1.0, 0.5688597548138823)
0.36000000000000004 (-4.354552516943426, 1.0, 0.5198800918064843)
0.38000000000000006 (-4.371592312025575, 1.0, 0.4537051722775057)
0.4000000000000001 (-4.385142557897246, 1.0, 0.37294816623691623)
0.4200000000000001 (-4.393551363791559, 1.0, 0.28008576669704277)
0.4400000000000001 (-4.396050327242693, 1.0, 0.17485498423966042)
0.46000000000000013 (-4.396462064611385, 1.0, 0.05599176592329766)
0.48000000000000015 (-4.408981247704126, 1.0, -0.07364662306056721)
0.5000000000000001 (-4.460645776671931, 1.0, -0.20171582487384315)
0.5200000000000001 (-4.5672114028456665, 1.0, -0.31628834940807854)
0.5400000000000001 (-4.726746198812655, 1.0, -0.41137400745226066)
0.5600000000000002 (-4.9240989794610455, 1.0, -0.4868506782358713)
0.5800000000000002 (-5.137109597288042, 1.0, -0.5501341261857906)
0.6000000000000002 (-5.352599731670859, 1.0, -0.6059963703124474)
0.6200000000000002 (-5.568404622243155, 1.0, -0.6558122773443448)
0.6400000000000002 (-5.786829561636612, 1.0, -0.7014408437310774)
0.6600000000000003 (-6.008148399940381, 1.0, -0.7448984369867999)
0.6800000000000003 (-6.229790590597101, 1.0, -0.7876224181541964)
0.7000000000000003 (-6.449412245609147, 1.0, -0.8291375726822925)
0.7200000000000003 (-6.664774150017169, 1.0, -0.8681411894476243)
0.7400000000000003 (-6.873426294606548, 1.0, -0.9034737524508875)
0.7600000000000003 (-7.072917357449717, 1.0, -0.9346359836796925)
0.7800000000000004 (-7.26029460116651, 1.0, -0.9622075511882591)
0.8000000000000004 (-7.431868241585796, 1.0, -0.9861355014599166)
0.8200000000000004 (-7.584836505283614, 1.0, -1.0055141607975295)
0.8400000000000004 (-7.717507749321967, 1.0, -1.0192097710146255)
0.8600000000000004 (-7.8290744325436705, 1.0, -1.026116874011138)
0.8800000000000004 (-7.919766198434823, 1.0, -1.0251812027343798)
0.9000000000000005 (-7.996057889785889, 1.0, -1.0086473948430121)
0.9200000000000005 (-8.054830354899975, 1.0, -0.9736218123093431)
0.9400000000000005 (-8.090466828151843, 1.0, -0.9298645824378347)
0.9600000000000005 (-8.102051415282645, 1.0, -0.8811813263272611)
0.9800000000000005 (-8.091765481985945, 1.0, -0.8261447580099786)
1.0000000000000004 (-8.061545616237517, 1.0, -0.763070740221709)
1.0200000000000005 (-8.012259152841832, 1.0, -0.6915244506126128)
1.0400000000000005 (-7.945135073615331, 1.0, -0.6110921587851765)
1.0600000000000005 (-7.868081934307194, 1.0, -0.5175881222292154)
1.0800000000000005 (-7.781799281039914, 1.0, -0.41221958301576894)
1.1000000000000005 (-7.680002235797365, 1.0, -0.2991569806441119)
1.1200000000000006 (-7.5660919748439035, 1.0, -0.18194256316760318)
1.1400000000000006 (-7.45184190439455, 1.0, -0.06524658520461413)
1.1600000000000006 (-7.337331353590066, 1.0, 0.05355066582035238)
1.1800000000000006 (-7.217369585264104, 1.0, 0.17630525981093284)
1.2000000000000006 (-7.09445742339119, 1.0, 0.29918321403238185)
1.2200000000000006 (-6.975593046614145, 1.0, 0.4152205762540813)
1.2400000000000007 (-6.863495959877225, 1.0, 0.5193551618439347)
1.2600000000000007 (-6.758511104552873, 1.0, 0.6090211323558848)
1.2800000000000007 (-6.662020912870758, 1.0, 0.6836711494771286)
1.3000000000000007 (-6.574429229559605, 1.0, 0.744486857612874)
1.3200000000000007 (-6.495631168981899, 1.0, 0.7922117417964739)
1.3400000000000007 (-6.424876143318409, 1.0, 0.8269797929299563)
1.3600000000000008 (-6.360874117042338, 1.0, 0.8484753270097314)
1.3800000000000008 (-6.302104216945564, 1.0, 0.856517541576776)
1.4000000000000008 (-6.247779266296755, 1.0, 0.8508939187316843)
1.4200000000000008 (-6.196023126918065, 1.0, 0.8316196167461035)
1.4400000000000008 (-6.144694241037523, 1.0, 0.7987305301581534)
1.4600000000000009 (-6.092103090014317, 1.0, 0.752282433966054)
1.4800000000000009 (-6.0384729722274235, 1.0, 0.6919613478711558)
1.5000000000000009 (-5.987429742157125, 1.0, 0.6172974604038438)
1.520000000000001 (-5.9426315894013735, 1.0, 0.5301775277488658)
1.540000000000001 (-5.899746806673862, 1.0, 0.4319579791670206)
1.560000000000001 (-5.854420844131962, 1.0, 0.3223135427054141)
1.580000000000001 (-5.808581914086628, 1.0, 0.2001024376291975)
1.600000000000001 (-5.771315964107137, 1.0, 0.0678265251695799)
1.620000000000001 (-5.748609484760513, 1.0, -0.0674638936952478)
1.640000000000001 (-5.735414497247636, 1.0, -0.1998232357160915)
1.660000000000001 (-5.723571935411008, 1.0, -0.32779886726951085)
1.680000000000001 (-5.710759542813893, 1.0, -0.4522400797566481)
1.700000000000001 (-5.697653670164189, 1.0, -0.5732940886846959)
1.720000000000001 (-5.684237951500934, 1.0, -0.6901544361051187)
1.740000000000001 (-5.669758873112203, 1.0, -0.801340620829476)
1.7600000000000011 (-5.653289234279615, 1.0, -0.9048311876117092)
1.7800000000000011 (-5.633905755879051, 1.0, -0.9983140053127334)
1.8000000000000012 (-5.611021010753241, 1.0, -1.079554141008405)
1.8200000000000012 (-5.58425329109757, 1.0, -1.1471819556620488)
1.8400000000000012 (-5.551271665437581, 1.0, -1.2025458904465385)
1.8600000000000012 (-5.5076187406230845, 1.0, -1.2477587556203553)
1.8800000000000012 (-5.449560903324842, 1.0, -1.2834498740947926)
1.9000000000000012 (-5.374480782656715, 1.0, -1.309371875464651)
1.9200000000000013 (-5.2805470517316815, 1.0, -1.3249874009160767)
1.9400000000000013 (-5.166631643443934, 1.0, -1.3295577413754809)
1.9600000000000013 (-5.0323287779924755, 1.0, -1.3221016769732716)
1.9800000000000013 (-4.878668069013196, 1.0, -1.3014849983315526)
2.0000000000000013 (-4.710450154636862, 1.0, -1.2697029999291263)
2.0200000000000014 (-4.52921201347967, 1.0, -1.2289647270041169)
2.0400000000000014 (-4.333714492995373, 1.0, -1.1786342679318431)
2.0600000000000014 (-4.131745748694354, 1.0, -1.117423483750847)
2.0800000000000014 (-3.94117146600881, 1.0, -1.0465939519892602)
2.1000000000000014 (-3.7771259482232744, 1.0, -0.9687041474725221)
2.1200000000000014 (-3.652629735409927, 1.0, -0.8855470018229783)
2.1400000000000015 (-3.593234607177693, 1.0, -0.8031169556710795)
2.1600000000000015 (-3.6236634631153377, 1.0, -0.7319282197404285)
2.1800000000000015 (-3.731088407556168, 1.0, -0.672245248226975)
2.2000000000000015 (-3.861953993733475, 1.0, -0.6155870429899125)
2.2200000000000015 (-3.9702970709238175, 1.0, -0.5594155774198281)
2.2400000000000015 (-4.057541093536351, 1.0, -0.5095760378756856)
2.2600000000000016 (-4.148576690857795, 1.0, -0.4781746489960947)
2.2800000000000016 (-4.248043338853661, 1.0, -0.4675895106828733)
2.3000000000000016 (-4.343688800399595, 1.0, -0.473349012093178)
2.3200000000000016 (-4.43033119309841, 1.0, -0.49359974259009703)
2.3400000000000016 (-4.507116365873725, 1.0, -0.5271179608149309)
2.3600000000000017 (-4.571685168426472, 1.0, -0.5734956127292125)
2.3800000000000017 (-4.601215261730072, 1.0, -0.6337151880538945)
2.4000000000000017 (-4.595921431726264, 1.0, -0.716058699837858)
2.4200000000000017 (-4.5787870409958895, 1.0, -0.8200524401288529)
2.4400000000000017 (-4.55867211410864, 1.0, -0.9401650891599954)
2.4600000000000017 (-4.536198212642598, 1.0, -1.072214412187533)
2.4800000000000018 (-4.505234056492924, 1.0, -1.2167058590065762)
2.5000000000000018 (-4.4745175926686755, 1.0, -1.3698277547413962)
2.520000000000002 (-4.462849900730394, 1.0, -1.5206404371211684)
2.540000000000002 (-4.4817849308781925, 1.0, -1.6598108483979543)
2.560000000000002 (-4.533118994931912, 1.0, -1.7836556597678088)
2.580000000000002 (-4.617357569515952, 1.0, -1.8890708493399948)
2.600000000000002 (-4.734534369550088, 1.0, -1.9729220058339314)
2.620000000000002 (-4.877966141463295, 1.0, -2.036130698111996)
2.640000000000002 (-5.034253177961498, 1.0, -2.085131086496469)
2.660000000000002 (-5.191528292575364, 1.0, -2.12804355820236)
2.680000000000002 (-5.345670317960477, 1.0, -2.1688779591129745)
2.700000000000002 (-5.497408284825989, 1.0, -2.206926899362969)
2.720000000000002 (-5.646699867669406, 1.0, -2.2409911223937398)
2.740000000000002 (-5.791384917980235, 1.0, -2.2704806093317442)
2.760000000000002 (-5.928742131868286, 1.0, -2.295067996351703)
2.780000000000002 (-6.057273812593636, 1.0, -2.3139186478234874)
2.800000000000002 (-6.176874514023771, 1.0, -2.324948397671557)
2.820000000000002 (-6.287417699030623, 1.0, -2.3277851335091455)
2.840000000000002 (-6.387686807729554, 1.0, -2.3223323112279415)
2.860000000000002 (-6.476467670960434, 1.0, -2.3063044252241003)
2.880000000000002 (-6.549058490880563, 1.0, -2.284304857728527)
2.900000000000002 (-6.583488748712929, 1.0, -2.2707403243533544)
2.920000000000002 (-6.58258812800088, 1.0, -2.248748311190357)
2.940000000000002 (-6.555495186305482, 1.0, -2.212821255607292)
2.960000000000002 (-6.505320094131423, 1.0, -2.167349041004881)
2.980000000000002 (-6.433093423245612, 1.0, -2.1140096794640573)
3.000000000000002 (-6.339950522966807, 1.0, -2.0520530760092446)
3.0200000000000022 (-6.226889790888201, 1.0, -1.9808055989012947)
3.0400000000000023 (-6.093319417165393, 1.0, -1.9013758605135551)
3.0600000000000023 (-5.945310659544463, 1.0, -1.8185669803360585)
3.0800000000000023 (-5.7892543372965335, 1.0, -1.7351248619272264)
3.1000000000000023 (-5.621729380830061, 1.0, -1.650129484929373)
3.1200000000000023 (-5.44423474281962, 1.0, -1.5627857470709505)
3.1400000000000023 (-5.265578707328728, 1.0, -1.4741633706157138)
3.1600000000000024 (-5.089741193844191, 1.0, -1.386731886044114)
3.1800000000000024 (-4.923637716241228, 1.0, -1.3040358699022638)
3.2000000000000024 (-4.77468441829666, 1.0, -1.2290355671248947)
3.2200000000000024 (-4.643323561751485, 1.0, -1.1627328920646418)
3.2400000000000024 (-4.529073455653578, 1.0, -1.1049320346485514)
3.2600000000000025 (-4.435341726142432, 1.0, -1.055362388051389)
3.2800000000000025 (-4.366843196881094, 1.0, -1.0148361982328946)
3.3000000000000025 (-4.321763022143016, 1.0, -0.9843226387876903)
3.3200000000000025 (-4.291608846070036, 1.0, -0.9646432453820142)
3.3400000000000025 (-4.27061187057494, 1.0, -0.9569015880195065)
3.3600000000000025 (-4.2590929015153405, 1.0, -0.9619662319376034)
3.3800000000000026 (-4.256481780782683, 1.0, -0.9805641624911504)
3.4000000000000026 (-4.260975422271136, 1.0, -1.0132113299418397)
3.4200000000000026 (-4.271558379666807, 1.0, -1.060292445370309)
3.4400000000000026 (-4.28719055863449, 1.0, -1.122068610479563)
3.4600000000000026 (-4.303190780147034, 1.0, -1.197844884139336)
3.4800000000000026 (-4.31279562143029, 1.0, -1.2847900498729052)
3.5000000000000027 (-4.310595203808853, 1.0, -1.380933041437916)
3.5200000000000027 (-4.293911436543399, 1.0, -1.486255286508211)
3.5400000000000027 (-4.263485576521823, 1.0, -1.6024830993074686)
3.5600000000000027 (-4.227216479781531, 1.0, -1.730039196427249)
3.5800000000000027 (-4.204445436178928, 1.0, -1.8633805251461946)
3.6000000000000028 (-4.209977031560411, 1.0, -1.995490287139382)
3.6200000000000028 (-4.245513883740896, 1.0, -2.121282153301011)
3.640000000000003 (-4.3040006130700155, 1.0, -2.238308144445195)
3.660000000000003 (-4.376909877329815, 1.0, -2.3463450994843855)
3.680000000000003 (-4.458027860244935, 1.0, -2.4455992745131274)
3.700000000000003 (-4.5437522760027385, 1.0, -2.5351511151361668)
3.720000000000003 (-4.631311163958872, 1.0, -2.615512317826974)
3.740000000000003 (-4.719212756225368, 1.0, -2.6867920363425197)
3.760000000000003 (-4.806910615177194, 1.0, -2.7479108686500817)
3.780000000000003 (-4.892235745269752, 1.0, -2.7980373679519475)
3.800000000000003 (-4.972907070374896, 1.0, -2.8366370262012013)
3.820000000000003 (-5.048165889038933, 1.0, -2.86306830799836)
3.840000000000003 (-5.1151043389813005, 1.0, -2.8802945701206255)
3.860000000000003 (-5.169132462135232, 1.0, -2.8916456262002623)
3.880000000000003 (-5.208189328903111, 1.0, -2.8965114485327685)
3.900000000000003 (-5.232344277298109, 1.0, -2.892192057450007)
3.920000000000003 (-5.239179036225928, 1.0, -2.877489662051303)
3.940000000000003 (-5.224032774278946, 1.0, -2.855363940650044)
3.960000000000003 (-5.1851873318390425, 1.0, -2.8283362972638333)
3.980000000000003 (-5.12276704533355, 1.0, -2.7969218148361215)
4.000000000000003 (-5.037209726709626, 1.0, -2.760345855480121)
4.020000000000002 (-4.92878343010691, 1.0, -2.7173543271770986)
4.040000000000002 (-4.798404592917815, 1.0, -2.6661980545586483)
4.060000000000001 (-4.650399954382758, 1.0, -2.6051451497071443)
4.080000000000001 (-4.498681176183205, 1.0, -2.5349057527106025)
4.1000000000000005 (-4.359332584381939, 1.0, -2.4594210163100487)
4.12 (-4.241390256556681, 1.0, -2.3833689388667993)
4.14 (-4.145998708656938, 1.0, -2.3092125833056825)
4.159999999999999 (-4.073791981431119, 1.0, -2.238619231256389)
4.179999999999999 (-4.027859744460431, 1.0, -2.1734832415289635)
4.199999999999998 (-4.010679090938985, 1.0, -2.1160486804963283)
4.219999999999998 (-4.020213482205202, 1.0, -2.0667476488823096)
4.2399999999999975 (-4.048451749123467, 1.0, -2.02580480900931)
4.259999999999997 (-4.087900575926483, 1.0, -1.9948615773214176)
4.279999999999997 (-4.1376598645731235, 1.0, -1.976534417560004)
4.299999999999996 (-4.19807902632177, 1.0, -1.9725302692670035)
4.319999999999996 (-4.264353354583999, 1.0, -1.982234442550483)
4.339999999999995 (-4.331817526859695, 1.0, -2.0053005975138793)
4.359999999999995 (-4.39718484385294, 1.0, -2.0415978528158973)
4.379999999999995 (-4.452797266374304, 1.0, -2.0904013886706574)
4.399999999999994 (-4.493809291378941, 1.0, -2.152575614497491)
4.419999999999994 (-4.520667870570774, 1.0, -2.229920660536946)
4.439999999999993 (-4.537514460419124, 1.0, -2.323622389347131)
4.459999999999993 (-4.550532100190581, 1.0, -2.430437747559251)
4.479999999999992 (-4.558901285856192, 1.0, -2.5456227153062554)
4.499999999999992 (-4.556720426370693, 1.0, -2.6688427356831186)
4.519999999999992 (-4.541329506810078, 1.0, -2.8021633423783547)
4.539999999999991 (-4.513589553546121, 1.0, -2.9482121338911065)
4.559999999999991 (-4.482135366308259, 1.0, -3.105195053352832)
4.57999999999999 (-4.467010443966675, 1.0, -3.262218041048987)
4.59999999999999 (-4.482056434481422, 1.0, -3.410532348707485)
4.6199999999999894 (-4.533491945722382, 1.0, -3.5452093503143747)
4.639999999999989 (-4.627227607521473, 1.0, -3.658701069262689)
4.659999999999989 (-4.762474307700232, 1.0, -3.7431811189678386)
4.679999999999988 (-4.924663052083999, 1.0, -3.7982043380844166)
4.699999999999988 (-5.091305420880838, 1.0, -3.834811952901737)
4.719999999999987 (-5.248561648216743, 1.0, -3.864119495937455)
4.739999999999987 (-5.396452406409953, 1.0, -3.8863642081980854)
4.7599999999999865 (-5.539006559160187, 1.0, -3.8972756616545547)
4.779999999999986 (-5.675793660153054, 1.0, -3.897145448768855)
4.799999999999986 (-5.804585342020797, 1.0, -3.887719720181088)
4.819999999999985 (-5.9242312646685775, 1.0, -3.8707664842066927)
4.839999999999985 (-6.032235032386793, 1.0, -3.8500755120103936)
4.859999999999984 (-6.126132048041273, 1.0, -3.8266458598186093)
4.879999999999984 (-6.204790184316003, 1.0, -3.7983967454312615)
4.8999999999999835 (-6.267425500837866, 1.0, -3.763338171122217)
4.919999999999983 (-6.310594782866062, 1.0, -3.7237257302408193)
4.939999999999983 (-6.331122073220531, 1.0, -3.6837936584234297)
4.959999999999982 (-6.324960760238134, 1.0, -3.649098928126477)
4.979999999999982 (-6.278926077634417, 1.0, -3.6262119496701066)
4.999999999999981 (-6.198097588436718, 1.0, -3.6000381505403145)
5.019999999999981 (-6.094908018945311, 1.0, -3.5658102139606433)
5.0399999999999805 (-5.977933376414744, 1.0, -3.527584693889811)
5.05999999999998 (-5.8421257645187366, 1.0, -3.4906199341474142)
5.07999999999998 (-5.6865464986253915, 1.0, -3.45442656576055)
5.099999999999979 (-5.519726531474714, 1.0, -3.415487930423245)
5.119999999999979 (-5.356924604127805, 1.0, -3.3720091156718044)
5.139999999999978 (-5.208578430147983, 1.0, -3.326404829176499)
5.159999999999978 (-5.077303787694827, 1.0, -3.2826532343565864)
5.1799999999999775 (-4.961662223967426, 1.0, -3.24271461763811)
5.199999999999977 (-4.8620573739675645, 1.0, -3.206480451661644)
5.219999999999977 (-4.781835871265701, 1.0, -3.1732522454941776)
5.239999999999976 (-4.724422017022942, 1.0, -3.1430946742798866)
5.259999999999976 (-4.690001773356051, 1.0, -3.1171814997147482)
5.279999999999975 (-4.673691740857997, 1.0, -3.0973554792928026)
5.299999999999975 (-4.6695323006547875, 1.0, -3.0862516717726103)
5.3199999999999745 (-4.676502328414265, 1.0, -3.0854966849284255)
5.339999999999974 (-4.695912916798207, 1.0, -3.095788195945499)
5.359999999999974 (-4.72728755958791, 1.0, -3.11772293592601)
5.379999999999973 (-4.769417124804456, 1.0, -3.1517969791329876)
5.399999999999973 (-4.822125474645965, 1.0, -3.1980726955270824)
5.419999999999972 (-4.884543769150596, 1.0, -3.2566779794900738)
5.439999999999972 (-4.94998649797672, 1.0, -3.3281165506336876)
5.4599999999999715 (-5.010734694499654, 1.0, -3.411672179472572)
5.479999999999971 (-5.062527176317595, 1.0, -3.507216909135963)
5.499999999999971 (-5.10377594674614, 1.0, -3.6157323399401857)
5.51999999999997 (-5.135941523157876, 1.0, -3.7386052758222283)
5.53999999999997 (-5.165866564634376, 1.0, -3.8741567105695673)
5.559999999999969 (-5.210289111950741, 1.0, -4.00940320774014)
5.579999999999969 (-5.283519746906613, 1.0, -4.129540812156467)
5.599999999999969 (-5.3875151763845555, 1.0, -4.228419417056413)
5.619999999999968 (-5.516152630652817, 1.0, -4.305764100963152)
5.639999999999968 (-5.660332835892579, 1.0, -4.364027492950686)
5.659999999999967 (-5.810568869297859, 1.0, -4.408308854858803)
5.679999999999967 (-5.960806978694932, 1.0, -4.442636686886461)
5.699999999999966 (-6.108861676530487, 1.0, -4.469189861047721)
5.719999999999966 (-6.253925096840013, 1.0, -4.48851474567633)
5.739999999999966 (-6.395578395052437, 1.0, -4.499853338707667)
5.759999999999965 (-6.531988479978491, 1.0, -4.503391769086641)
5.779999999999965 (-6.660219868315341, 1.0, -4.50029660761202)
5.799999999999964 (-6.778345299195453, 1.0, -4.489780405927173)
5.819999999999964 (-6.885836090609779, 1.0, -4.472263484024158)
5.839999999999963 (-6.981067380387481, 1.0, -4.452090315141367)
5.859999999999963 (-7.061778325585672, 1.0, -4.431214025442389)
5.879999999999963 (-7.1263949633853, 1.0, -4.408180001677625)
5.899999999999962 (-7.173894058243898, 1.0, -4.3812333332995665)
5.919999999999962 (-7.201564959068439, 1.0, -4.352499706273344)
5.939999999999961 (-7.206595408957835, 1.0, -4.327258009650157)
5.959999999999961 (-7.185802545811669, 1.0, -4.312473548281215)
5.9799999999999605 (-7.127383382054807, 1.0, -4.31688195854658)
5.99999999999996 (-7.0343924883763025, 1.0, -4.324382991835012)
6.01999999999996 (-6.918877953425993, 1.0, -4.328250851858729)
6.039999999999959 (-6.787703660606596, 1.0, -4.331653993374903)
6.059999999999959 (-6.637142082514254, 1.0, -4.340592512735549)
6.079999999999958 (-6.467487046718505, 1.0, -4.353733440039166)
6.099999999999958 (-6.287738941386714, 1.0, -4.365801930610934)
6.1199999999999575 (-6.112020105271798, 1.0, -4.37323479382867)
6.139999999999957 (-5.949849943627696, 1.0, -4.377266254498625)
6.159999999999957 (-5.804363536821161, 1.0, -4.3801157245534235)
6.179999999999956 (-5.675060670870021, 1.0, -4.382560915814)
6.199999999999956 (-5.563605768377907, 1.0, -4.383747534596506)
6.219999999999955 (-5.4741171586410795, 1.0, -4.382149763757708)
6.239999999999955 (-5.410290437926581, 1.0, -4.377317122129972)
6.2599999999999545 (-5.372115006204367, 1.0, -4.37020177609605)
6.279999999999954 (-5.355233270596267, 1.0, -4.363446186266012)
6.299999999999954 (-5.355330748895602, 1.0, -4.360742441323555)
6.319999999999953 (-5.372213843029643, 1.0, -4.363908082680574)
6.339999999999953 (-5.405764977367799, 1.0, -4.373965644243206)
6.359999999999952 (-5.454145211071943, 1.0, -4.392101524262307)
6.379999999999952 (-5.515894115512373, 1.0, -4.419097248601128)
6.3999999999999515 (-5.585639725935932, 1.0, -4.457167962434159)
6.419999999999951 (-5.655393730588128, 1.0, -4.510511681353556)
6.439999999999951 (-5.7239779510733975, 1.0, -4.580820121174543)
6.45999999999995 (-5.794432084774127, 1.0, -4.667185602730756)
6.47999999999995 (-5.870761378195642, 1.0, -4.766134866258208)
6.499999999999949 (-5.9524764264682055, 1.0, -4.873422517302729)
6.519999999999949 (-6.038883376889453, 1.0, -4.989092532341012)
6.5399999999999485 (-6.137387027477612, 1.0, -5.104932080150866)
6.559999999999948 (-6.261121879973206, 1.0, -5.198994750433968)
6.579999999999948 (-6.414961086370285, 1.0, -5.254883778251953)
6.599999999999947 (-6.592465932772238, 1.0, -5.271329740821623)
6.619999999999947 (-6.782541398295566, 1.0, -5.258416315863262)
6.639999999999946 (-6.974965547189711, 1.0, -5.227857836799881)
6.659999999999946 (-7.162581258613704, 1.0, -5.188440968097846)
6.6799999999999455 (-7.344598691621811, 1.0, -5.144451141794551)
6.699999999999945 (-7.522807413021746, 1.0, -5.095274196856666)
6.719999999999945 (-7.697451685058072, 1.0, -5.040926864341787)
6.739999999999944 (-7.86671696977759, 1.0, -4.982247654430744)
6.759999999999944 (-8.028315070805498, 1.0, -4.92019984401254)
6.779999999999943 (-8.179826061850036, 1.0, -4.855862019472639)
6.799999999999943 (-8.319449759942895, 1.0, -4.7885768480069455)
6.8199999999999426 (-8.448167751969475, 1.0, -4.718234972129824)
6.839999999999942 (-8.565608250133085, 1.0, -4.646328204601851)
6.859999999999942 (-8.669296931412408, 1.0, -4.5724908620138125)
6.879999999999941 (-8.756337818060178, 1.0, -4.4955444329816645)
6.899999999999941 (-8.82698416370017, 1.0, -4.437606915425788)
6.91999999999994 (-8.865524339973701, 1.0, -4.409057827525117)
6.93999999999994 (-8.868897475682882, 1.0, -4.386439864068202)
6.95999999999994 (-8.843962496485133, 1.0, -4.367982961263839)
6.979999999999939 (-8.794826217037375, 1.0, -4.356798795124753)
6.999999999999939 (-8.72187329147585, 1.0, -4.353662925015289)
7.019999999999938 (-8.625833980724451, 1.0, -4.3612461692556215)
7.039999999999938 (-8.509956616511884, 1.0, -4.380622349639658)
7.059999999999937 (-8.381898351325672, 1.0, -4.4090511286642275)
7.079999999999937 (-8.24900428360006, 1.0, -4.443728361227951)
7.099999999999937 (-8.106743022465656, 1.0, -4.488124935260635)
7.119999999999936 (-7.952551637954811, 1.0, -4.54175921834052)
7.139999999999936 (-7.789028163707563, 1.0, -4.600575956824433)
7.159999999999935 (-7.622642031510819, 1.0, -4.662873040114622)
7.179999999999935 (-7.463255034212063, 1.0, -4.726200924690766)
7.1999999999999345 (-7.318358748399081, 1.0, -4.7893481301578)
7.219999999999934 (-7.191191984705368, 1.0, -4.8512563915332585)
7.239999999999934 (-7.08178263075026, 1.0, -4.910533944212176)
7.259999999999933 (-6.991911530581203, 1.0, -4.9646846377481575)
7.279999999999933 (-6.922457005022357, 1.0, -5.013007079303202)
7.299999999999932 (-6.872393259005997, 1.0, -5.056902923735965)
7.319999999999932 (-6.841073120084183, 1.0, -5.097999114176412)
7.3399999999999315 (-6.8279952822822, 1.0, -5.137226979866397)
7.359999999999931 (-6.832668152831649, 1.0, -5.175791274674225)
7.379999999999931 (-6.8543246592682925, 1.0, -5.215387455489651)
7.39999999999993 (-6.892469487057629, 1.0, -5.257141807131613)
7.41999999999993 (-6.94695439757073, 1.0, -5.301350270642882)
7.439999999999929 (-7.016969792264421, 1.0, -5.3492594813405905)
7.459999999999929 (-7.1002440978424035, 1.0, -5.404062009120207)
7.4799999999999285 (-7.196081182195262, 1.0, -5.46610760961333)
7.499999999999928 (-7.304977423025477, 1.0, -5.533125056077806)
7.519999999999928 (-7.428082441902568, 1.0, -5.600787283274764)
7.539999999999927 (-7.568798815146736, 1.0, -5.655950520188677)
7.559999999999927 (-7.72885720208532, 1.0, -5.681569726965391)
7.579999999999926 (-7.904120717591004, 1.0, -5.673872228340287)
7.599999999999926 (-8.087568969963945, 1.0, -5.640098686174614)
7.6199999999999255 (-8.270755223309298, 1.0, -5.587967578147762)
7.639999999999925 (-8.447052410271468, 1.0, -5.526089118303314)
7.659999999999925 (-8.615105417690584, 1.0, -5.4620091381729114)
7.679999999999924 (-8.777483971490419, 1.0, -5.397046847981846)
7.699999999999924 (-8.935884958005685, 1.0, -5.3295093774576126)
7.719999999999923 (-9.0902295563318, 1.0, -5.25975872911138)
7.739999999999923 (-9.238630802031587, 1.0, -5.189444285857316)
7.7599999999999225 (-9.378734649892996, 1.0, -5.1185973815961505)
7.779999999999922 (-9.50858011091458, 1.0, -5.0481064108565405)
7.799999999999922 (-9.626316549654604, 1.0, -4.978934308202479)
7.819999999999921 (-9.731545983810866, 1.0, -4.909786763026796)
7.839999999999921 (-9.82550397109614, 1.0, -4.840780983278847)
7.85999999999992 (-9.907451058408906, 1.0, -4.773788241040435)
7.87999999999992 (-9.974874538501856, 1.0, -4.7090622600557195)
7.8999999999999195 (-10.025527974868197, 1.0, -4.646592091410248)
7.919999999999919 (-10.060225277244108, 1.0, -4.61086309093882)
7.939999999999919 (-10.069554876867272, 1.0, -4.609975475137856)
7.959999999999918 (-10.048349668553527, 1.0, -4.625666062345575)
7.979999999999918 (-10.00156176377074, 1.0, -4.654415206099223)
7.999999999999917 (-9.933731474889559, 1.0, -4.697893554962292)
8.019999999999918 (-9.84738361297831, 1.0, -4.75521227566821)
8.039999999999917 (-9.744946219244104, 1.0, -4.82303146524227)
8.059999999999917 (-9.628199142705414, 1.0, -4.899161776846504)
8.079999999999917 (-9.500705035348862, 1.0, -4.984471439285443)
8.099999999999916 (-9.362557818401504, 1.0, -5.084298387577439)
8.119999999999916 (-9.214775752144812, 1.0, -5.198557809669471)
8.139999999999915 (-9.063033662368614, 1.0, -5.321105156621145)
8.159999999999915 (-8.916247273354298, 1.0, -5.443316085255187)
8.179999999999914 (-8.780672480307791, 1.0, -5.561137576552961)
8.199999999999914 (-8.659709841691106, 1.0, -5.673898241768884)
8.219999999999914 (-8.554707088725007, 1.0, -5.781254343462955)
8.239999999999913 (-8.465674195066683, 1.0, -5.882305267909555)
8.259999999999913 (-8.393081780015889, 1.0, -5.975025894833381)
8.279999999999912 (-8.338182323426755, 1.0, -6.056719765849532)
8.299999999999912 (-8.303322617450222, 1.0, -6.1231028315636316)
8.319999999999911 (-8.28995368394588, 1.0, -6.1700191996248765)
8.339999999999911 (-8.29656410131494, 1.0, -6.20035540313814)
8.35999999999991 (-8.321281861589025, 1.0, -6.220597602095289)
8.37999999999991 (-8.363481215309715, 1.0, -6.233920712466635)
8.39999999999991 (-8.42263555215148, 1.0, -6.242097050463949)
8.41999999999991 (-8.496376619071746, 1.0, -6.251383124436151)
8.439999999999909 (-8.582832356860196, 1.0, -6.266821802958862)
8.459999999999908 (-8.68189560804423, 1.0, -6.2890231216116375)
8.479999999999908 (-8.795484131890785, 1.0, -6.313519546978184)
8.499999999999908 (-8.927897702738022, 1.0, -6.328265281465581)
8.519999999999907 (-9.079402110332536, 1.0, -6.320476066843576)
8.539999999999907 (-9.248600759376387, 1.0, -6.277762651211702)
8.559999999999906 (-9.430201010085062, 1.0, -6.185938290857661)
8.579999999999906 (-9.609868497693297, 1.0, -6.0538815385388824)
8.599999999999905 (-9.775230231558199, 1.0, -5.9050644671322425)
8.619999999999905 (-9.92498682376956, 1.0, -5.7544169974673585)
8.639999999999905 (-10.063083974749707, 1.0, -5.606960183613749)
8.659999999999904 (-10.195651016940875, 1.0, -5.461058042647923)
8.679999999999904 (-10.325814264997826, 1.0, -5.313863348833015)
8.699999999999903 (-10.453620471897876, 1.0, -5.1651547178468045)
8.719999999999903 (-10.577772564697627, 1.0, -5.016786797596892)
8.739999999999903 (-10.696136827361991, 1.0, -4.870507011791139)
8.759999999999902 (-10.806767553936576, 1.0, -4.7275412267559025)
8.779999999999902 (-10.908340805606526, 1.0, -4.589795949126111)
8.799999999999901 (-10.999308685935171, 1.0, -4.458574229405152)
8.8199999999999 (-11.078642082209344, 1.0, -4.334943207241097)
8.8399999999999 (-11.146084097459296, 1.0, -4.219555084142673)
8.8599999999999 (-11.203802509798209, 1.0, -4.116980280430981)
8.8799999999999 (-11.25421736397162, 1.0, -4.031106064669097)
8.899999999999899 (-11.292444667586109, 1.0, -3.959739942982013)
8.919999999999899 (-11.303457581030404, 1.0, -3.9042707942925183)
8.939999999999898 (-11.289192492249146, 1.0, -3.8633457345905713)
8.959999999999898 (-11.255675445986913, 1.0, -3.841201258942719)
8.979999999999897 (-11.208218822473247, 1.0, -3.8415340671106186)
8.999999999999897 (-11.148697698873306, 1.0, -3.8635889254892843)
9.019999999999897 (-11.077381480933198, 1.0, -3.905097357370095)
9.039999999999896 (-10.994655093925822, 1.0, -3.9642157318722906)
9.059999999999896 (-10.90108576969422, 1.0, -4.0394618478324595)
9.079999999999895 (-10.797725745836894, 1.0, -4.127324971868624)
9.099999999999895 (-10.689325000440393, 1.0, -4.217130899502303)
9.119999999999894 (-10.577893388397895, 1.0, -4.308596132069553)
9.139999999999894 (-10.459224643901557, 1.0, -4.411002195906279)
9.159999999999894 (-10.33324719927086, 1.0, -4.524963626799302)
9.179999999999893 (-10.206046732461381, 1.0, -4.644395902926435)
9.199999999999893 (-10.085896058473779, 1.0, -4.763465336623041)
9.219999999999892 (-9.978160204397865, 1.0, -4.879714219587226)
9.239999999999892 (-9.885984035893598, 1.0, -4.991146627882787)
9.259999999999891 (-9.810242123096895, 1.0, -5.095810228389783)
9.279999999999891 (-9.750043417314451, 1.0, -5.192846132253654)
9.29999999999989 (-9.705179630859462, 1.0, -5.2802300086247556)
9.31999999999989 (-9.676694723689916, 1.0, -5.355837299996552)
9.33999999999989 (-9.664121143752565, 1.0, -5.422123398105825)
9.35999999999989 (-9.666567670856578, 1.0, -5.482685773243675)
9.379999999999889 (-9.683791092235198, 1.0, -5.538932737327355)
9.399999999999888 (-9.716240457523536, 1.0, -5.590290801380457)
9.419999999999888 (-9.764245700611577, 1.0, -5.6367597471474475)
9.439999999999888 (-9.827072559993887, 1.0, -5.679712790575492)
9.459999999999887 (-9.904496355666598, 1.0, -5.719897355942758)
9.479999999999887 (-9.998015913555601, 1.0, -5.7560177140266955)
9.499999999999886 (-10.108669788731687, 1.0, -5.786956219491987)
9.519999999999886 (-10.235630170266584, 1.0, -5.811307416513955)
9.539999999999885 (-10.378492004724707, 1.0, -5.821592378667226)
9.559999999999885 (-10.533886473356247, 1.0, -5.802728229780563)
9.579999999999885 (-10.695509623660293, 1.0, -5.752291395459433)
9.599999999999884 (-10.856102912995013, 1.0, -5.677440741277308)
9.619999999999884 (-11.008761815226284, 1.0, -5.5898665719773275)
9.639999999999883 (-11.151085948378585, 1.0, -5.500892859920171)
9.659999999999883 (-11.284791055454855, 1.0, -5.415382109158628)
9.679999999999882 (-11.413208788131467, 1.0, -5.332183798761331)
9.699999999999882 (-11.537747776689443, 1.0, -5.249591048340403)
9.719999999999882 (-11.658248923188927, 1.0, -5.167869359059608)
9.739999999999881 (-11.773371505025995, 1.0, -5.088107915328807)
9.75999999999988 (-11.880731200634067, 1.0, -5.010794634131252)
9.77999999999988 (-11.978310955969928, 1.0, -4.936413498754824)
9.79999999999988 (-12.066072231520122, 1.0, -4.86652432949436)
9.81999999999988 (-12.142427048805299, 1.0, -4.802204038568578)
9.839999999999879 (-12.205536799649748, 1.0, -4.7430164624730535)
9.859999999999879 (-12.2576386432459, 1.0, -4.690857259333437)
9.879999999999878 (-12.300422105052778, 1.0, -4.649441175373471)
9.899999999999878 (-12.3330571856127, 1.0, -4.620960907489966)
9.919999999999877 (-12.354109860507437, 1.0, -4.606606147385517)
9.939999999999877 (-12.363132759017974, 1.0, -4.607325864584154)
9.959999999999877 (-12.359430544527806, 1.0, -4.623844669389118)
9.979999999999876 (-12.342172748974072, 1.0, -4.657436493808783)
9.999999999999876 (-12.312279912011885, 1.0, -4.712819741076382)
