0.0 (-6.75, 1.0, 0.0)
0.02 (-6.749965365206052, 1.0, -0.011824794785264886)
0.04 (-6.750032970613759, 1.0, -0.020555561835000197)
0.06 (-6.75120539316251, 1.0, -0.01717389954789859)
0.08 (-6.756483107488785, 1.0, -0.011655317671436918)
0.1 (-6.7692500679579055, 1.0, -0.007350226253724624)
0.12000000000000001 (-6.7911628345283575, 1.0, 0.0002447318889845615)
0.14 (-6.821564385498168, 1.0, 0.018981688201901534)
0.16 (-6.857749762953492, 1.0, 0.050931042567495)
0.18 (-6.897863463618924, 1.0, 0.0966957732241378)
0.19999999999999998 (-6.941347288610871, 1.0, 0.15476993273343834)
0.21999999999999997 (-6.987329809501461, 1.0, 0.22284408688514146)
0.23999999999999996 (-7.034244214571827, 1.0, 0.29912682781765054)
0.25999999999999995 (-7.080734283415803, 1.0, 0.38237104493532487)
0.27999999999999997 (-7.12537980409622, 1.0, 0.47083801897782374)
0.3 (-7.163615355439744, 1.0, 0.5643991045908727)
0.32 (-7.190487062260094, 1.0, 0.6652309031377291)
0.34 (-7.201999765215305, 1.0, 0.7752831687169298)
0.36000000000000004 (-7.195311463053266, 1.0, 0.8955176283922032)
0.38000000000000006 (-7.169312101189847, 1.0, 1.0252425095827817)
0.4000000000000001 (-7.12145800760489, 1.0, 1.1587022724037368)
0.4200000000000001 (-7.0468161739667154, 1.0, 1.2889361706931959)
0.4400000000000001 (-6.944779810280959, 1.0, 1.4122940765835075)
0.46000000000000013 (-6.819118401263677, 1.0, 1.5244887377458796)
0.48000000000000015 (-6.690398277364586, 1.0, 1.6221652981818924)
0.5000000000000001 (-6.597344849111851, 1.0, 1.6975863836035676)
0.5200000000000001 (-6.569632442054463, 1.0, 1.7469755939522382)
0.5400000000000001 (-6.6157348436171715, 1.0, 1.7764006963987686)
0.5600000000000002 (-6.719680709521976, 1.0, 1.7932490449472562)
0.5800000000000002 (-6.853202157132916, 1.0, 1.8026604876075012)
0.6000000000000002 (-7.00210062651677, 1.0, 1.808269935511596)
0.6200000000000002 (-7.168301027226148, 1.0, 1.8060233603248406)
0.6400000000000002 (-7.356578063162241, 1.0, 1.7944738065901857)
0.6600000000000003 (-7.565450529162703, 1.0, 1.7732492822121388)
0.6800000000000003 (-7.790368390617616, 1.0, 1.7425143334720048)
0.7000000000000003 (-8.02834526238757, 1.0, 1.702397206518442)
0.7200000000000003 (-8.276927719048205, 1.0, 1.65254834451041)
0.7400000000000003 (-8.533213696517429, 1.0, 1.5930796453546558)
0.7600000000000003 (-8.792518084603257, 1.0, 1.5246539553022138)
0.7800000000000004 (-9.045937614454106, 1.0, 1.4496422268128613)
0.8000000000000004 (-9.285852507847299, 1.0, 1.3709987158639811)
0.8200000000000004 (-9.507267634455463, 1.0, 1.2914202756366937)
0.8400000000000004 (-9.707290054312436, 1.0, 1.2133645558194956)
0.8600000000000004 (-9.884751046994367, 1.0, 1.138958954676973)
0.8800000000000004 (-10.039465970766042, 1.0, 1.0715324894492801)
0.9000000000000005 (-10.167401442438031, 1.0, 1.0319937579222833)
0.9200000000000005 (-10.268331132214106, 1.0, 1.0118640002562438)
0.9400000000000005 (-10.349767193384642, 1.0, 0.998320583342961)
0.9600000000000005 (-10.413483277378651, 1.0, 0.986487879250917)
0.9800000000000005 (-10.45794967546963, 1.0, 0.9777826304683973)
1.0000000000000004 (-10.482408690486468, 1.0, 0.9743672470687196)
1.0200000000000005 (-10.487086894925868, 1.0, 0.9768029226494701)
1.0400000000000005 (-10.474190077855043, 1.0, 0.9854434538384078)
1.0600000000000005 (-10.44829577765555, 1.0, 1.009101223812621)
1.0800000000000005 (-10.40153290580225, 1.0, 1.0464326424689343)
1.1000000000000005 (-10.336278574115465, 1.0, 1.0906410688145343)
1.1200000000000006 (-10.25868076653793, 1.0, 1.136462815603662)
1.1400000000000006 (-10.172936134026303, 1.0, 1.1885634902596838)
1.1600000000000006 (-10.072404260564843, 1.0, 1.2589088012937386)
1.1800000000000006 (-9.957587871632866, 1.0, 1.3456799400867416)
1.2000000000000006 (-9.836396867657216, 1.0, 1.4341421460835795)
1.2200000000000006 (-9.716611981286295, 1.0, 1.5132304929951235)
1.2400000000000007 (-9.600456189347613, 1.0, 1.5825097980892877)
1.2600000000000007 (-9.488995689150107, 1.0, 1.6434105764691886)
1.2800000000000007 (-9.383200389161455, 1.0, 1.698666629859304)
1.3000000000000007 (-9.283112035368834, 1.0, 1.7490760486469086)
1.3200000000000007 (-9.189248555555462, 1.0, 1.79366861598661)
1.3400000000000007 (-9.101564753063476, 1.0, 1.8317902870943397)
1.3600000000000008 (-9.019245813049983, 1.0, 1.8639064472933327)
1.3800000000000008 (-8.941156868490594, 1.0, 1.8908080969519117)
1.4000000000000008 (-8.866837169310397, 1.0, 1.9121252518699063)
1.4200000000000008 (-8.79375628388355, 1.0, 1.9296512250848508)
1.4400000000000008 (-8.719206808442854, 1.0, 1.9448126864158317)
1.4600000000000009 (-8.640957453148129, 1.0, 1.958167810526852)
1.4800000000000009 (-8.559643382951624, 1.0, 1.9676849997693728)
1.5000000000000009 (-8.480760967176941, 1.0, 1.968082338409571)
1.520000000000001 (-8.408146253397762, 1.0, 1.9560104809703227)
1.540000000000001 (-8.336016873361704, 1.0, 1.9318823309739825)
1.560000000000001 (-8.261835723631412, 1.0, 1.8954343673890073)
1.580000000000001 (-8.190701795021075, 1.0, 1.8425071660231445)
1.600000000000001 (-8.135249543066854, 1.0, 1.7737049813528984)
1.620000000000001 (-8.099231476729562, 1.0, 1.6910438805144823)
1.640000000000001 (-8.077194930456608, 1.0, 1.5965516655957508)
1.660000000000001 (-8.064399866084292, 1.0, 1.4903946948234685)
1.680000000000001 (-8.061914921886594, 1.0, 1.3717767717961313)
1.700000000000001 (-8.070569843411729, 1.0, 1.2393218648410684)
1.720000000000001 (-8.089323198977693, 1.0, 1.0931562201587774)
1.740000000000001 (-8.116004561382049, 1.0, 0.9349887070801174)
1.7600000000000011 (-8.14769805823835, 1.0, 0.7674785572194459)
1.7800000000000011 (-8.181441238481245, 1.0, 0.593628727168216)
1.8000000000000012 (-8.214771916154108, 1.0, 0.41652243038973613)
1.8200000000000012 (-8.24471974293968, 1.0, 0.23884827303459433)
1.8400000000000012 (-8.264933563787357, 1.0, 0.0631547837202501)
1.8600000000000012 (-8.26917195537718, 1.0, -0.10726947545469964)
1.8800000000000012 (-8.253054975769732, 1.0, -0.26930298878932724)
1.9000000000000012 (-8.21382011719849, 1.0, -0.4204224917706668)
1.9200000000000013 (-8.15033913148684, 1.0, -0.5589524514899231)
1.9400000000000013 (-8.062620123579432, 1.0, -0.6840569900046533)
1.9600000000000013 (-7.951380194206057, 1.0, -0.7955505154036767)
1.9800000000000013 (-7.818841245746238, 1.0, -0.8937197687160298)
2.0000000000000013 (-7.668905707609495, 1.0, -0.9784470724810741)
2.0200000000000014 (-7.4996170020898845, 1.0, -1.0447355261119164)
2.0400000000000014 (-7.313448481321131, 1.0, -1.0899436556590796)
2.0600000000000014 (-7.122886850432508, 1.0, -1.1153587691726885)
2.0800000000000014 (-6.942855820715196, 1.0, -1.1207566701674794)
2.1000000000000014 (-6.784485760436887, 1.0, -1.1023952938153831)
2.1200000000000014 (-6.665762587151186, 1.0, -1.0590085264134184)
2.1400000000000015 (-6.614904329756535, 1.0, -0.9948726010139597)
2.1600000000000015 (-6.646737877583377, 1.0, -0.9198931079087945)
2.1800000000000015 (-6.738807846551902, 1.0, -0.8422188235289295)
2.2000000000000015 (-6.845418003800418, 1.0, -0.7577079549960901)
2.2200000000000015 (-6.93813615852409, 1.0, -0.6501529117716736)
2.2400000000000015 (-7.018985969285495, 1.0, -0.5300392516154564)
2.2600000000000016 (-7.098102455360556, 1.0, -0.4188684756149742)
2.2800000000000016 (-7.175582070297106, 1.0, -0.31565206307551796)
2.3000000000000016 (-7.243870929850532, 1.0, -0.20861599883583326)
2.3200000000000016 (-7.297343433573267, 1.0, -0.09398821221097428)
2.3400000000000016 (-7.33027489152994, 1.0, 0.022854104565987476)
2.3600000000000017 (-7.3372872000583405, 1.0, 0.13712323900817133)
2.3800000000000017 (-7.289281765688701, 1.0, 0.24520908362352523)
2.4000000000000017 (-7.200147754777205, 1.0, 0.34841051771954673)
2.4200000000000017 (-7.085077287461888, 1.0, 0.43631568069310633)
2.4400000000000017 (-6.953358125495045, 1.0, 0.5091844165975549)
2.4600000000000017 (-6.80155041812294, 1.0, 0.5677820263226582)
2.4800000000000018 (-6.62461866654411, 1.0, 0.6137291551950934)
2.5000000000000018 (-6.43689080958496, 1.0, 0.6457941943878889)
2.520000000000002 (-6.267004535242689, 1.0, 0.6623993785114334)
2.540000000000002 (-6.1360603380732925, 1.0, 0.6644460655453625)
2.560000000000002 (-6.053855184397799, 1.0, 0.6562995081282987)
2.580000000000002 (-6.029232193371069, 1.0, 0.642150130338935)
2.600000000000002 (-6.069573647519263, 1.0, 0.6242705240381216)
2.620000000000002 (-6.167412108428639, 1.0, 0.6037915532636149)
2.640000000000002 (-6.303099593251471, 1.0, 0.579621568702576)
2.660000000000002 (-6.4594194822552495, 1.0, 0.5498680234323308)
2.680000000000002 (-6.631165063821562, 1.0, 0.5137253706533986)
2.700000000000002 (-6.8197403730170825, 1.0, 0.46996147088925666)
2.720000000000002 (-7.023614479469799, 1.0, 0.41759214247437465)
2.740000000000002 (-7.2392107426064864, 1.0, 0.3564764423221636)
2.760000000000002 (-7.46191325348524, 1.0, 0.2864077445017959)
2.780000000000002 (-7.687671281611554, 1.0, 0.20881565133452704)
2.800000000000002 (-7.911896961298084, 1.0, 0.12616667879595675)
2.820000000000002 (-8.127120512688663, 1.0, 0.04148244502748801)
2.840000000000002 (-8.3259256756691, 1.0, -0.03950964102154614)
2.860000000000002 (-8.503863700489909, 1.0, -0.11007968168021388)
2.880000000000002 (-8.637157720544856, 1.0, -0.16719453984745483)
2.900000000000002 (-8.713200605331707, 1.0, -0.2104994265605445)
2.920000000000002 (-8.761053699505066, 1.0, -0.23774312267556139)
2.940000000000002 (-8.781872766969883, 1.0, -0.25400960950641444)
2.960000000000002 (-8.777935260181698, 1.0, -0.2603680208490499)
2.980000000000002 (-8.75080097602306, 1.0, -0.2562276989188754)
3.000000000000002 (-8.701182475746533, 1.0, -0.24106587634408272)
3.0200000000000022 (-8.630495176039357, 1.0, -0.2162186999275536)
3.0400000000000023 (-8.543223994467894, 1.0, -0.19133081095253918)
3.0600000000000023 (-8.448048233303036, 1.0, -0.17339032607071736)
3.0800000000000023 (-8.335876392711674, 1.0, -0.1535534344611622)
3.1000000000000023 (-8.204071350653015, 1.0, -0.1262285496566165)
3.1200000000000023 (-8.058571317609193, 1.0, -0.09256697725398808)
3.1400000000000023 (-7.905418258332219, 1.0, -0.053990550641581585)
3.1600000000000024 (-7.749481786494262, 1.0, -0.016874099143362388)
3.1800000000000024 (-7.60223180711067, 1.0, 0.012190561422998524)
3.2000000000000024 (-7.468701991280005, 1.0, 0.031403804643376124)
3.2200000000000024 (-7.348059791777173, 1.0, 0.04412560023400643)
3.2400000000000024 (-7.241151104430687, 1.0, 0.05243655292374214)
3.2600000000000025 (-7.152966708799869, 1.0, 0.05396326195830655)
3.2800000000000025 (-7.088322047482565, 1.0, 0.04531082639993316)
3.3000000000000025 (-7.044097777012271, 1.0, 0.02773784741762738)
3.3200000000000025 (-7.011055913790626, 1.0, 0.006453343025658152)
3.3400000000000025 (-6.984724996093391, 1.0, -0.0145395211856107)
3.3600000000000025 (-6.965866755277325, 1.0, -0.03710419156886907)
3.3800000000000026 (-6.953804515477587, 1.0, -0.061627251144128016)
3.4000000000000026 (-6.947328840965684, 1.0, -0.08675716769050754)
3.4200000000000026 (-6.945577383450764, 1.0, -0.1119178170548988)
3.4400000000000026 (-6.946573499632533, 1.0, -0.13623352673465475)
3.4600000000000026 (-6.942364665471143, 1.0, -0.1535639182862037)
3.4800000000000026 (-6.923617621818768, 1.0, -0.1604870494163596)
3.5000000000000027 (-6.883566700776452, 1.0, -0.1589464249420463)
3.5200000000000027 (-6.819667984799543, 1.0, -0.15296280812228413)
3.5400000000000027 (-6.733477457608823, 1.0, -0.14752288947852815)
3.5600000000000027 (-6.637245266427949, 1.0, -0.14667681732940469)
3.5800000000000027 (-6.5559527854109065, 1.0, -0.1567909271327701)
3.6000000000000028 (-6.5082602750385385, 1.0, -0.18276789323378287)
3.6200000000000028 (-6.498565848061417, 1.0, -0.22395517115116043)
3.640000000000003 (-6.521540264048054, 1.0, -0.27680759377527137)
3.660000000000003 (-6.569563930637182, 1.0, -0.3390274255367724)
3.680000000000003 (-6.637418923628656, 1.0, -0.40833311822915014)
3.700000000000003 (-6.722352100426747, 1.0, -0.48514631652825935)
3.720000000000003 (-6.821870220548554, 1.0, -0.5698302322503802)
3.740000000000003 (-6.934478410984115, 1.0, -0.6614700745410644)
3.760000000000003 (-7.057478982414462, 1.0, -0.7584591115574162)
3.780000000000003 (-7.186299377396932, 1.0, -0.8594845344657542)
3.800000000000003 (-7.317728014193946, 1.0, -0.9624967096580953)
3.820000000000003 (-7.44837741444578, 1.0, -1.06590852268891)
3.840000000000003 (-7.569785162007921, 1.0, -1.1688140710897927)
3.860000000000003 (-7.675162556829999, 1.0, -1.2681441515859322)
3.880000000000003 (-7.761125160100035, 1.0, -1.3586796251137228)
3.900000000000003 (-7.8262496646534485, 1.0, -1.4351717225346352)
3.920000000000003 (-7.86891168599954, 1.0, -1.4985138605380164)
3.940000000000003 (-7.889591068067174, 1.0, -1.5551315162523278)
3.960000000000003 (-7.887562213970658, 1.0, -1.6078429414948405)
3.980000000000003 (-7.8613764128937484, 1.0, -1.6556400517963137)
4.000000000000003 (-7.810226036178362, 1.0, -1.6960941690723057)
4.020000000000002 (-7.734247713828072, 1.0, -1.72710883473934)
4.040000000000002 (-7.634630361815355, 1.0, -1.747054895863631)
4.060000000000001 (-7.51774324740278, 1.0, -1.7567052726016812)
4.080000000000001 (-7.397578920905211, 1.0, -1.7606596315713967)
4.1000000000000005 (-7.284861997171171, 1.0, -1.763223657028113)
4.12 (-7.185562469849877, 1.0, -1.7649927102341627)
4.14 (-7.102179129531401, 1.0, -1.7642714853966417)
4.159999999999999 (-7.037562678360522, 1.0, -1.7600671607870741)
4.179999999999999 (-6.994878206239038, 1.0, -1.752397923935884)
4.199999999999998 (-6.975940248392913, 1.0, -1.7416193235808526)
4.219999999999998 (-6.978473916710562, 1.0, -1.7291110385479784)
4.2399999999999975 (-6.994883096724527, 1.0, -1.7163764297546025)
4.259999999999997 (-7.020524510067914, 1.0, -1.70230236208893)
4.279999999999997 (-7.0554323105910886, 1.0, -1.6873408365619926)
4.299999999999996 (-7.09854503776972, 1.0, -1.6708773354094029)
4.319999999999996 (-7.144626252887914, 1.0, -1.649476345133523)
4.339999999999995 (-7.190149490291246, 1.0, -1.6213935406514337)
4.359999999999995 (-7.229426314607909, 1.0, -1.5868398673093704)
4.379999999999995 (-7.253485233602603, 1.0, -1.5432457460951003)
4.399999999999994 (-7.2570525994244965, 1.0, -1.4883373073203219)
4.419999999999994 (-7.237943862656341, 1.0, -1.4214267903579365)
4.439999999999993 (-7.196613140292966, 1.0, -1.3433633827496565)
4.459999999999993 (-7.1350947834207945, 1.0, -1.2622419186250453)
4.479999999999992 (-7.051380584352219, 1.0, -1.1901612890423288)
4.499999999999992 (-6.943368911754635, 1.0, -1.132673807862122)
4.519999999999992 (-6.811507574086203, 1.0, -1.0924742334314892)
4.539999999999991 (-6.658224174028154, 1.0, -1.0717510462764737)
4.559999999999991 (-6.497719505575883, 1.0, -1.0676279092870622)
4.57999999999999 (-6.357615790334281, 1.0, -1.077941354108507)
4.59999999999999 (-6.258511756357645, 1.0, -1.1032988249288642)
4.6199999999999894 (-6.215374851978315, 1.0, -1.1380424355037992)
4.639999999999989 (-6.240390958234342, 1.0, -1.1755395486092535)
4.659999999999989 (-6.334369722716559, 1.0, -1.2105348707029981)
4.679999999999988 (-6.477000670557292, 1.0, -1.2422252864117411)
4.699999999999988 (-6.63829059891294, 1.0, -1.2729203328175105)
4.719999999999987 (-6.80345336843439, 1.0, -1.3034352797314432)
4.739999999999987 (-6.9755741096324275, 1.0, -1.3339858849456256)
4.7599999999999865 (-7.157233717993336, 1.0, -1.366106867426048)
4.779999999999986 (-7.345054464566568, 1.0, -1.4006432124146606)
4.799999999999986 (-7.535854933992558, 1.0, -1.436539100632592)
4.819999999999985 (-7.723688640071641, 1.0, -1.474332622300808)
4.839999999999985 (-7.899776248843677, 1.0, -1.5136395652036694)
4.859999999999984 (-8.058203045961653, 1.0, -1.550705543535928)
4.879999999999984 (-8.195157656622719, 1.0, -1.580704719101968)
4.8999999999999835 (-8.308323452332154, 1.0, -1.5999668103635425)
4.919999999999983 (-8.396901017118914, 1.0, -1.612740613552683)
4.939999999999983 (-8.463194821753495, 1.0, -1.6234370768875332)
4.959999999999982 (-8.492658483282197, 1.0, -1.635437077643744)
4.979999999999982 (-8.479061213273646, 1.0, -1.646653167835009)
4.999999999999981 (-8.438550492503513, 1.0, -1.650996839501391)
5.019999999999981 (-8.379418237013606, 1.0, -1.653026520621822)
5.0399999999999805 (-8.301392554531603, 1.0, -1.65394049423165)
5.05999999999998 (-8.198504303747901, 1.0, -1.6526632504903331)
5.07999999999998 (-8.073875553921512, 1.0, -1.6469333160974506)
5.099999999999979 (-7.9387960872739, 1.0, -1.6383845247201578)
5.119999999999979 (-7.80631719095878, 1.0, -1.6306105909380948)
5.139999999999978 (-7.684551713435777, 1.0, -1.6268986580410367)
5.159999999999978 (-7.574760132167287, 1.0, -1.6261877709036072)
5.1799999999999775 (-7.475049148769773, 1.0, -1.6249282616186773)
5.199999999999977 (-7.385846354677532, 1.0, -1.621188463987324)
5.219999999999977 (-7.310600640504013, 1.0, -1.6152495611959685)
5.239999999999976 (-7.252849159121361, 1.0, -1.6082424020538857)
5.259999999999976 (-7.212437208744729, 1.0, -1.600663561830829)
5.279999999999975 (-7.183722750741115, 1.0, -1.5926929202034894)
5.299999999999975 (-7.160898133045599, 1.0, -1.5833759666391436)
5.3199999999999745 (-7.143582356328564, 1.0, -1.5732493978216304)
5.339999999999974 (-7.133092298229121, 1.0, -1.5638950351162466)
5.359999999999974 (-7.128564959770807, 1.0, -1.5551397764276294)
5.379999999999973 (-7.128568406825837, 1.0, -1.5460549320949935)
5.399999999999973 (-7.132655231897912, 1.0, -1.536729118080913)
5.419999999999972 (-7.137737222972744, 1.0, -1.5268174886450778)
5.439999999999972 (-7.130963869736245, 1.0, -1.512087563026992)
5.4599999999999715 (-7.102463858689893, 1.0, -1.4938501358916245)
5.479999999999971 (-7.0482782626401725, 1.0, -1.4779868271174306)
5.499999999999971 (-6.968185865340821, 1.0, -1.4698215595319895)
5.51999999999997 (-6.86516530827283, 1.0, -1.4735619611645638)
5.53999999999997 (-6.750535104345265, 1.0, -1.4892491129112166)
5.559999999999969 (-6.652625416373736, 1.0, -1.5117384363264912)
5.579999999999969 (-6.597194919477373, 1.0, -1.5371517187414532)
5.599999999999969 (-6.592796280999433, 1.0, -1.5620201209693967)
5.619999999999968 (-6.634936218718566, 1.0, -1.5824166555917087)
5.639999999999968 (-6.713166360827514, 1.0, -1.5987110812152756)
5.659999999999967 (-6.816208076964013, 1.0, -1.6129757876101285)
5.679999999999967 (-6.9386598958897086, 1.0, -1.6268950238205349)
5.699999999999966 (-7.079103299321803, 1.0, -1.6418797445678937)
5.719999999999966 (-7.237015925371656, 1.0, -1.6583089478602606)
5.739999999999966 (-7.411211268155651, 1.0, -1.6758702978453826)
5.759999999999965 (-7.596642703384352, 1.0, -1.695421082515188)
5.779999999999965 (-7.787985755768233, 1.0, -1.717098989506449)
5.799999999999964 (-7.981940991139965, 1.0, -1.7397169379075)
5.819999999999964 (-8.172757855443438, 1.0, -1.7645101166846209)
5.839999999999963 (-8.351622879591746, 1.0, -1.7923516723686732)
5.859999999999963 (-8.511733596778301, 1.0, -1.8206817115401135)
5.879999999999963 (-8.648144917789063, 1.0, -1.8456319874583107)
5.899999999999962 (-8.757753758451283, 1.0, -1.8635129067390797)
5.919999999999962 (-8.839966581488047, 1.0, -1.8776977741860428)
5.939999999999961 (-8.898285215806363, 1.0, -1.8929476363219278)
5.959999999999961 (-8.919599166055702, 1.0, -1.9161203452193682)
5.9799999999999605 (-8.898739596109985, 1.0, -1.9465139254486232)
5.99999999999996 (-8.850603545057599, 1.0, -1.9752175303429604)
6.01999999999996 (-8.783576386531918, 1.0, -2.004675985071278)
6.039999999999959 (-8.694626439778082, 1.0, -2.0368957245771124)
6.059999999999959 (-8.58154254184723, 1.0, -2.071679285084539)
6.079999999999958 (-8.44710193025861, 1.0, -2.106615136525773)
6.099999999999958 (-8.303729029850798, 1.0, -2.1413314472453844)
6.1199999999999575 (-8.163537909873202, 1.0, -2.177359836824056)
6.139999999999957 (-8.034031842930476, 1.0, -2.215442046389809)
6.159999999999957 (-7.915691228496512, 1.0, -2.2527156963858865)
6.179999999999956 (-7.80713208270525, 1.0, -2.2862212245596907)
6.199999999999956 (-7.710248510955746, 1.0, -2.314299399155457)
6.219999999999955 (-7.629633968981077, 1.0, -2.3365410025989632)
6.239999999999955 (-7.569064998860847, 1.0, -2.353071886165864)
6.2599999999999545 (-7.528462876686009, 1.0, -2.3646208700878524)
6.279999999999954 (-7.503598675293134, 1.0, -2.3738261217955943)
6.299999999999954 (-7.490003846999519, 1.0, -2.381140195946627)
6.319999999999953 (-7.487082306183433, 1.0, -2.3862734405543304)
6.339999999999953 (-7.4931121174093285, 1.0, -2.3890120514874424)
6.359999999999952 (-7.505083254087637, 1.0, -2.3884390924133228)
6.379999999999952 (-7.52055126119804, 1.0, -2.3843178386667976)
6.3999999999999515 (-7.52911242895918, 1.0, -2.377567395467141)
6.419999999999951 (-7.518603239412254, 1.0, -2.367461309709133)
6.439999999999951 (-7.484407319172952, 1.0, -2.3546992360991585)
6.45999999999995 (-7.426771037434537, 1.0, -2.341162479565124)
6.47999999999995 (-7.349245389401045, 1.0, -2.329972381938924)
6.499999999999949 (-7.255497278176969, 1.0, -2.3292676260902767)
6.519999999999949 (-7.150086622865721, 1.0, -2.3439008252640012)
6.5399999999999485 (-7.048873359112319, 1.0, -2.3652938202095846)
6.559999999999948 (-6.981107841560773, 1.0, -2.3802051245167433)
6.579999999999948 (-6.966713008523949, 1.0, -2.378325035520089)
6.599999999999947 (-7.004976328337297, 1.0, -2.3565798851878252)
6.619999999999947 (-7.082135746831489, 1.0, -2.318943797703732)
6.639999999999946 (-7.181262141597095, 1.0, -2.270641519700887)
6.659999999999946 (-7.294235392351742, 1.0, -2.21886102009272)
6.6799999999999455 (-7.422857281100533, 1.0, -2.16445066183442)
6.699999999999945 (-7.570922436262395, 1.0, -2.106557581152527)
6.719999999999945 (-7.737390370503284, 1.0, -2.0459234638698565)
6.739999999999944 (-7.919773206425421, 1.0, -1.983037830194587)
6.759999999999944 (-8.114767055919593, 1.0, -1.9195908763682863)
6.779999999999943 (-8.31904854304559, 1.0, -1.8567267896662158)
6.799999999999943 (-8.53043164383592, 1.0, -1.794336375281866)
6.8199999999999426 (-8.74270886932433, 1.0, -1.733948077659029)
6.839999999999942 (-8.945459233020085, 1.0, -1.6763528021909755)
6.859999999999942 (-9.130274192917677, 1.0, -1.6193358574040866)
6.879999999999941 (-9.291729341496575, 1.0, -1.5613804075612563)
6.899999999999941 (-9.394712546740541, 1.0, -1.5301605911195177)
6.91999999999994 (-9.452126442222504, 1.0, -1.506981078716363)
6.93999999999994 (-9.47897192579416, 1.0, -1.4856947922755797)
6.95999999999994 (-9.477138826259937, 1.0, -1.4706997302495513)
6.979999999999939 (-9.448390100264936, 1.0, -1.4604874326377089)
6.999999999999939 (-9.396934562709733, 1.0, -1.4570980391913926)
7.019999999999938 (-9.333668806775792, 1.0, -1.4661205373136141)
7.039999999999938 (-9.26586435865472, 1.0, -1.4901208479566213)
7.059999999999937 (-9.19783686422091, 1.0, -1.5270820592114422)
7.079999999999937 (-9.116913150085587, 1.0, -1.574471447534703)
7.099999999999937 (-9.01195361864723, 1.0, -1.630840094469698)
7.119999999999936 (-8.88228063079969, 1.0, -1.6914732089679383)
7.139999999999936 (-8.732771543901068, 1.0, -1.7568102398429437)
7.159999999999935 (-8.577821301577202, 1.0, -1.8281030695932352)
7.179999999999935 (-8.430460545323282, 1.0, -1.9040970975495761)
7.1999999999999345 (-8.296990584489649, 1.0, -1.9827870121384412)
7.219999999999934 (-8.176907229753043, 1.0, -2.0603270641335345)
7.239999999999934 (-8.06929150994948, 1.0, -2.134372691511747)
7.259999999999933 (-7.977245067466509, 1.0, -2.2027435508488367)
7.279999999999933 (-7.900661673653557, 1.0, -2.2648716019041237)
7.299999999999932 (-7.837898753491187, 1.0, -2.320988722589635)
7.319999999999932 (-7.7874141091196245, 1.0, -2.371549152060347)
7.3399999999999315 (-7.7491565794564465, 1.0, -2.417358691426857)
7.359999999999931 (-7.722446104170495, 1.0, -2.459364603634797)
7.379999999999931 (-7.704857870060625, 1.0, -2.4978530402124055)
7.39999999999993 (-7.694326644212206, 1.0, -2.5329594211212427)
7.41999999999993 (-7.690327769377509, 1.0, -2.564983734987992)
7.439999999999929 (-7.688707824407562, 1.0, -2.5955456240630204)
7.459999999999929 (-7.680416843408145, 1.0, -2.62604065275207)
7.4799999999999285 (-7.661395893425479, 1.0, -2.6580381803261406)
7.499999999999928 (-7.633088226033882, 1.0, -2.6932218383580024)
7.519999999999928 (-7.602601846963473, 1.0, -2.731540688433831)
7.539999999999927 (-7.58513346375465, 1.0, -2.7604268742945637)
7.559999999999927 (-7.597909253151916, 1.0, -2.76848441591673)
7.579999999999926 (-7.644241246582429, 1.0, -2.7529100326193543)
7.599999999999926 (-7.715783903894497, 1.0, -2.717958143980826)
7.6199999999999255 (-7.800115767992659, 1.0, -2.6680101462931853)
7.639999999999925 (-7.893179616222956, 1.0, -2.612291738924807)
7.659999999999925 (-7.995466405286577, 1.0, -2.553996708126767)
7.679999999999924 (-8.11126043128541, 1.0, -2.4909007907123044)
7.699999999999924 (-8.24387809738681, 1.0, -2.4215166617321775)
7.719999999999923 (-8.392003278622523, 1.0, -2.347361266618002)
7.739999999999923 (-8.553243313826144, 1.0, -2.2695412971838467)
7.7599999999999225 (-8.726111682506025, 1.0, -2.1884730598180857)
7.779999999999922 (-8.908274392669625, 1.0, -2.106623060555353)
7.799999999999922 (-9.097460405906364, 1.0, -2.024752669854677)
7.819999999999921 (-9.290431336032654, 1.0, -1.9432567944114492)
7.839999999999921 (-9.478522581562737, 1.0, -1.8662087663515081)
7.85999999999992 (-9.651722778937689, 1.0, -1.7957195620271955)
7.87999999999992 (-9.80155580244396, 1.0, -1.7310268838418008)
7.8999999999999195 (-9.920132633974495, 1.0, -1.67314231190033)
7.919999999999919 (-9.989442364475634, 1.0, -1.6538406676406205)
7.939999999999919 (-10.02475920483427, 1.0, -1.6516113354049526)
7.959999999999918 (-10.033669569918887, 1.0, -1.6618383426903467)
7.979999999999918 (-10.020169330909841, 1.0, -1.6867226296793838)
7.999999999999917 (-9.98672394545601, 1.0, -1.725351297937138)
8.019999999999918 (-9.933648088788017, 1.0, -1.7764414554815835)
8.039999999999917 (-9.85851206206515, 1.0, -1.8380126214712715)
8.059999999999917 (-9.763167859818001, 1.0, -1.9091524894252452)
8.079999999999917 (-9.65253009282906, 1.0, -1.9923619487725053)
8.099999999999916 (-9.523148333409843, 1.0, -2.091458888362656)
8.119999999999916 (-9.376783910746905, 1.0, -2.204697081501646)
8.139999999999915 (-9.224374617966772, 1.0, -2.327365135459383)
8.159999999999915 (-9.077452018180592, 1.0, -2.4539058815336237)
8.179999999999914 (-8.941844367178282, 1.0, -2.5804547709321546)
8.199999999999914 (-8.818843557861745, 1.0, -2.704261092780432)
8.219999999999914 (-8.706640439592382, 1.0, -2.8237488128819286)
8.239999999999913 (-8.604274713976137, 1.0, -2.937690760174548)
8.259999999999913 (-8.513615546337338, 1.0, -3.0441923058032394)
8.279999999999912 (-8.438378649314927, 1.0, -3.140300225170954)
8.299999999999912 (-8.384446394643696, 1.0, -3.2207769469014473)
8.319999999999911 (-8.35721457153738, 1.0, -3.2822978686240796)
8.339999999999911 (-8.35437133236571, 1.0, -3.3282009511908415)
8.35999999999991 (-8.367069079046466, 1.0, -3.362081679939496)
8.37999999999991 (-8.389979017160686, 1.0, -3.385541563073442)
8.39999999999991 (-8.419431023651779, 1.0, -3.4015360256889875)
8.41999999999991 (-8.445608042988743, 1.0, -3.4163490559943153)
8.439999999999909 (-8.46140874985474, 1.0, -3.434778377939896)
8.459999999999908 (-8.466449708792394, 1.0, -3.4588399683110027)
8.479999999999908 (-8.466237810453862, 1.0, -3.485026915327148)
8.499999999999908 (-8.467160700555459, 1.0, -3.5016437936023856)
8.519999999999907 (-8.484563098417071, 1.0, -3.5000382395009924)
8.539999999999907 (-8.521666257535774, 1.0, -3.46425631448036)
8.559999999999906 (-8.562756984344112, 1.0, -3.3850454863916957)
8.579999999999906 (-8.605475727104537, 1.0, -3.28218153679452)
8.599999999999905 (-8.648494732028741, 1.0, -3.1726055690856216)
8.619999999999905 (-8.69052469365176, 1.0, -3.062786219307252)
8.639999999999905 (-8.738568072723776, 1.0, -2.952227080583731)
8.659999999999904 (-8.79901459282684, 1.0, -2.835586303433817)
8.679999999999904 (-8.873454296566877, 1.0, -2.7099403455981257)
8.699999999999903 (-8.961968651445225, 1.0, -2.5753791940633963)
8.719999999999903 (-9.062743592608635, 1.0, -2.4339652168736166)
8.739999999999903 (-9.174483633648244, 1.0, -2.286455742774105)
8.759999999999902 (-9.296240516694755, 1.0, -2.134441051260737)
8.779999999999902 (-9.426185117614498, 1.0, -1.980078095680597)
8.799999999999901 (-9.563193789787102, 1.0, -1.824662292515571)
8.8199999999999 (-9.706655907468443, 1.0, -1.6697196548121784)
8.8399999999999 (-9.854731112337548, 1.0, -1.5185942305757112)
8.8599999999999 (-10.004003032554357, 1.0, -1.380720879874718)
8.8799999999999 (-10.142246548518518, 1.0, -1.2635406193989516)
8.899999999999899 (-10.227537396908163, 1.0, -1.180459143561506)
8.919999999999899 (-10.274256388657884, 1.0, -1.1159684976139344)
8.939999999999898 (-10.29190749245551, 1.0, -1.065682347650879)
8.959999999999898 (-10.293743688979912, 1.0, -1.0320895731533843)
8.979999999999897 (-10.289435347670727, 1.0, -1.0151569592732075)
8.999999999999897 (-10.281216205217365, 1.0, -1.015518164273823)
9.019999999999897 (-10.268340534485878, 1.0, -1.033655839082977)
9.039999999999896 (-10.249645367290318, 1.0, -1.0696616745427634)
9.059999999999896 (-10.223607510581909, 1.0, -1.1234104635393223)
9.079999999999895 (-10.188849078257395, 1.0, -1.1910854849054209)
9.099999999999895 (-10.143234762428424, 1.0, -1.2650428434778234)
9.119999999999894 (-10.076969026400239, 1.0, -1.3519656196182572)
9.139999999999894 (-9.983702521507304, 1.0, -1.4547329670397204)
9.159999999999894 (-9.86864735244328, 1.0, -1.571567451875105)
9.179999999999893 (-9.74819064359854, 1.0, -1.6975674245127863)
9.199999999999893 (-9.633739947013613, 1.0, -1.8275466234538928)
9.219999999999892 (-9.529501496221878, 1.0, -1.9574190874377033)
9.239999999999892 (-9.43700486657492, 1.0, -2.0839705251174268)
9.259999999999891 (-9.354523705191337, 1.0, -2.2052934878297563)
9.279999999999891 (-9.281602121008344, 1.0, -2.320507723670416)
9.29999999999989 (-9.221630676500421, 1.0, -2.4265575352832367)
9.31999999999989 (-9.176388972567146, 1.0, -2.5212726931990406)
9.33999999999989 (-9.14165323731258, 1.0, -2.6071225245564635)
9.35999999999989 (-9.113813176626659, 1.0, -2.687195569571806)
9.379999999999889 (-9.092533179624812, 1.0, -2.762469486389119)
9.399999999999888 (-9.079433180146568, 1.0, -2.832112607457091)
9.419999999999888 (-9.074120202434678, 1.0, -2.896298900225391)
9.439999999999888 (-9.075368292318142, 1.0, -2.9567543307634407)
9.459999999999887 (-9.083724555049384, 1.0, -3.014297057332478)
9.479999999999887 (-9.100385779811655, 1.0, -3.0676083297011845)
9.499999999999886 (-9.121606971397826, 1.0, -3.1173269632147065)
9.519999999999886 (-9.147437429344441, 1.0, -3.1639782490578505)
9.539999999999885 (-9.183244214536494, 1.0, -3.197169907045471)
9.559999999999885 (-9.235106987245866, 1.0, -3.2014882384806014)
9.579999999999885 (-9.305141299118578, 1.0, -3.176045501893756)
9.599999999999884 (-9.384516689455547, 1.0, -3.127241723904529)
9.619999999999884 (-9.46627172057852, 1.0, -3.0676246879549716)
9.639999999999883 (-9.549766425227185, 1.0, -3.00499375165213)
9.659999999999883 (-9.639348124943172, 1.0, -2.938806171269704)
9.679999999999882 (-9.739269275325762, 1.0, -2.864878312193136)
9.699999999999882 (-9.851804646364988, 1.0, -2.7814487938204553)
9.719999999999882 (-9.976797944039971, 1.0, -2.689422590016083)
9.739999999999881 (-10.11286679407874, 1.0, -2.590219536161644)
9.75999999999988 (-10.258618426255271, 1.0, -2.484367864813072)
9.77999999999988 (-10.41281969055616, 1.0, -2.3740916212749714)
9.79999999999988 (-10.572257994611924, 1.0, -2.2636727193055868)
9.81999999999988 (-10.732181990522703, 1.0, -2.155868665414084)
9.839999999999879 (-10.889415829049394, 1.0, -2.0529841069942756)
9.859999999999879 (-11.03969593909615, 1.0, -1.9618673681579266)
9.879999999999878 (-11.17696092480952, 1.0, -1.8875129015447745)
9.899999999999878 (-11.295191310220181, 1.0, -1.8324851074212123)
9.919999999999877 (-11.389613386838597, 1.0, -1.7979217111952923)
9.939999999999877 (-11.456541320990342, 1.0, -1.7840139156287997)
9.959999999999877 (-11.492987529353371, 1.0, -1.7903968789186167)
9.979999999999876 (-11.498137751002043, 1.0, -1.817901062182411)
9.999999999999876 (-11.477970970177982, 1.0, -1.8689054680337394)
