0.0 (30.0, 1.0, 30.0)
0.02 (30.0, 1.0, 30.0)
0.04 (30.0, 1.0, 30.0)
0.06 (30.0, 1.0, 30.0)
0.08 (30.0, 1.0, 30.0)
0.1 (30.0, 1.0, 30.0)
0.12000000000000001 (30.0, 1.0, 30.0)
0.14 (30.0, 1.0, 30.0)
0.16 (30.0, 1.0, 30.0)
0.18 (30.0, 1.0, 30.0)
0.19999999999999998 (30.0, 1.0, 30.0)
0.21999999999999997 (30.0, 1.0, 30.0)
0.23999999999999996 (30.0, 1.0, 30.0)
0.25999999999999995 (30.0, 1.0, 30.0)
0.27999999999999997 (30.0, 1.0, 30.0)
0.3 (30.0, 1.0, 30.0)
0.32 (30.0, 1.0, 30.0)
0.34 (30.0, 1.0, 30.0)
0.36000000000000004 (30.0, 1.0, 30.0)
0.38000000000000006 (30.0, 1.0, 30.0)
0.4000000000000001 (30.0, 1.0, 30.0)
0.4200000000000001 (30.0, 1.0, 30.0)
0.4400000000000001 (30.0, 1.0, 30.0)
0.46000000000000013 (30.0, 1.0, 30.0)
0.48000000000000015 (30.0, 1.0, 30.0)
0.5000000000000001 (30.0, 1.0, 30.0)
0.5200000000000001 (30.0, 1.0, 30.0)
0.5400000000000001 (30.0, 1.0, 30.0)
0.5600000000000002 (30.0, 1.0, 30.0)
0.5800000000000002 (30.0, 1.0, 30.0)
0.6000000000000002 (30.0, 1.0, 30.0)
0.6200000000000002 (30.0, 1.0, 30.0)
0.6400000000000002 (30.0, 1.0, 30.0)
0.6600000000000003 (30.0, 1.0, 30.0)
0.6800000000000003 (30.0, 1.0, 30.0)
0.7000000000000003 (30.0, 1.0, 30.0)
0.7200000000000003 (30.0, 1.0, 30.0)
0.7400000000000003 (30.0, 1.0, 30.0)
0.7600000000000003 (30.0, 1.0, 30.0)
0.7800000000000004 (30.0, 1.0, 30.0)
0.8000000000000004 (30.0, 1.0, 30.0)
0.8200000000000004 (30.0, 1.0, 30.0)
0.8400000000000004 (30.0, 1.0, 30.0)
0.8600000000000004 (30.0, 1.0, 30.0)
0.8800000000000004 (30.0, 1.0, 30.0)
0.9000000000000005 (30.0, 1.0, 30.0)
0.9200000000000005 (30.0, 1.0, 30.0)
0.9400000000000005 (30.0, 1.0, 30.0)
0.9600000000000005 (30.0, 1.0, 30.0)
0.9800000000000005 (30.0, 1.0, 30.0)
1.0000000000000004 (30.0, 1.0, 30.0)
1.0200000000000005 (30.0, 1.0, 30.0)
1.0400000000000005 (30.0, 1.0, 30.0)
1.0600000000000005 (30.0, 1.0, 30.0)
1.0800000000000005 (30.0, 1.0, 30.0)
1.1000000000000005 (30.0, 1.0, 30.0)
1.1200000000000006 (30.0, 1.0, 30.0)
1.1400000000000006 (30.0, 1.0, 30.0)
1.1600000000000006 (30.0, 1.0, 30.0)
1.1800000000000006 (30.0, 1.0, 30.0)
1.2000000000000006 (30.0, 1.0, 30.0)
1.2200000000000006 (30.0, 1.0, 30.0)
1.2400000000000007 (30.0, 1.0, 30.0)
1.2600000000000007 (30.0, 1.0, 30.0)
1.2800000000000007 (30.0, 1.0, 30.0)
1.3000000000000007 (30.0, 1.0, 30.0)
1.3200000000000007 (30.0, 1.0, 30.0)
1.3400000000000007 (30.0, 1.0, 30.0)
1.3600000000000008 (30.0, 1.0, 30.0)
1.3800000000000008 (30.0, 1.0, 30.0)
1.4000000000000008 (30.0, 1.0, 30.0)
1.4200000000000008 (30.0, 1.0, 30.0)
1.4400000000000008 (30.0, 1.0, 30.0)
1.4600000000000009 (30.0, 1.0, 30.0)
1.4800000000000009 (30.0, 1.0, 30.0)
1.5000000000000009 (30.0, 1.0, 30.0)
1.520000000000001 (30.0, 1.0, 30.0)
1.540000000000001 (30.0, 1.0, 30.0)
1.560000000000001 (30.0, 1.0, 30.0)
1.580000000000001 (30.0, 1.0, 30.0)
1.600000000000001 (30.0, 1.0, 30.0)
1.620000000000001 (30.0, 1.0, 30.0)
1.640000000000001 (30.0, 1.0, 30.0)
1.660000000000001 (30.0, 1.0, 30.0)
1.680000000000001 (30.0, 1.0, 30.0)
1.700000000000001 (30.0, 1.0, 30.0)
1.720000000000001 (30.0, 1.0, 30.0)
1.740000000000001 (30.0, 1.0, 30.0)
1.7600000000000011 (30.0, 1.0, 30.0)
1.7800000000000011 (30.0, 1.0, 30.0)
1.8000000000000012 (30.0, 1.0, 30.0)
1.8200000000000012 (30.0, 1.0, 30.0)
1.8400000000000012 (30.0, 1.0, 30.0)
1.8600000000000012 (30.0, 1.0, 30.0)
1.8800000000000012 (30.0, 1.0, 30.0)
1.9000000000000012 (30.0, 1.0, 30.0)
1.9200000000000013 (30.0, 1.0, 30.0)
1.9400000000000013 (30.0, 1.0, 30.0)
1.9600000000000013 (30.0, 1.0, 30.0)
1.9800000000000013 (30.0, 1.0, 30.0)
2.0000000000000013 (30.0, 1.0, 30.0)
2.0200000000000014 (30.0, 1.0, 30.0)
2.0400000000000014 (30.0, 1.0, 30.0)
2.0600000000000014 (30.0, 1.0, 30.0)
2.0800000000000014 (30.0, 1.0, 30.0)
2.1000000000000014 (30.0, 1.0, 30.0)
2.1200000000000014 (30.0, 1.0, 30.0)
2.1400000000000015 (30.0, 1.0, 30.0)
2.1600000000000015 (30.0, 1.0, 30.0)
2.1800000000000015 (30.0, 1.0, 30.0)
2.2000000000000015 (30.0, 1.0, 30.0)
2.2200000000000015 (30.0, 1.0, 30.0)
2.2400000000000015 (30.0, 1.0, 30.0)
2.2600000000000016 (30.0, 1.0, 30.0)
2.2800000000000016 (30.0, 1.0, 30.0)
2.3000000000000016 (30.0, 1.0, 30.0)
2.3200000000000016 (30.0, 1.0, 30.0)
2.3400000000000016 (30.0, 1.0, 30.0)
2.3600000000000017 (30.0, 1.0, 30.0)
2.3800000000000017 (30.0, 1.0, 30.0)
2.4000000000000017 (30.0, 1.0, 30.0)
2.4200000000000017 (30.0, 1.0, 30.0)
2.4400000000000017 (30.0, 1.0, 30.0)
2.4600000000000017 (30.0, 1.0, 30.0)
2.4800000000000018 (30.0, 1.0, 30.0)
2.5000000000000018 (30.0, 1.0, 30.0)
2.520000000000002 (30.0, 1.0, 30.0)
2.540000000000002 (30.0, 1.0, 30.0)
2.560000000000002 (30.0, 1.0, 30.0)
2.580000000000002 (30.0, 1.0, 30.0)
2.600000000000002 (30.0, 1.0, 30.0)
2.620000000000002 (30.0, 1.0, 30.0)
2.640000000000002 (30.0, 1.0, 30.0)
2.660000000000002 (30.0, 1.0, 30.0)
2.680000000000002 (30.0, 1.0, 30.0)
2.700000000000002 (30.0, 1.0, 30.0)
2.720000000000002 (30.0, 1.0, 30.0)
2.740000000000002 (30.0, 1.0, 30.0)
2.760000000000002 (30.0, 1.0, 30.0)
2.780000000000002 (30.0, 1.0, 30.0)
2.800000000000002 (30.0, 1.0, 30.0)
2.820000000000002 (30.0, 1.0, 30.0)
2.840000000000002 (30.0, 1.0, 30.0)
2.860000000000002 (30.0, 1.0, 30.0)
2.880000000000002 (30.0, 1.0, 30.0)
2.900000000000002 (30.0, 1.0, 30.0)
2.920000000000002 (30.0, 1.0, 30.0)
2.940000000000002 (30.0, 1.0, 30.0)
2.960000000000002 (30.0, 1.0, 30.0)
2.980000000000002 (30.0, 1.0, 30.0)
3.000000000000002 (30.0, 1.0, 30.0)
3.0200000000000022 (30.0, 1.0, 30.0)
3.0400000000000023 (30.0, 1.0, 30.0)
3.0600000000000023 (30.0, 1.0, 30.0)
3.0800000000000023 (30.0, 1.0, 30.0)
3.1000000000000023 (30.0, 1.0, 30.0)
3.1200000000000023 (30.0, 1.0, 30.0)
3.1400000000000023 (30.0, 1.0, 30.0)
3.1600000000000024 (30.0, 1.0, 30.0)
3.1800000000000024 (30.0, 1.0, 30.0)
3.2000000000000024 (30.0, 1.0, 30.0)
3.2200000000000024 (30.0, 1.0, 30.0)
3.2400000000000024 (30.0, 1.0, 30.0)
3.2600000000000025 (30.0, 1.0, 30.0)
3.2800000000000025 (30.0, 1.0, 30.0)
3.3000000000000025 (30.0, 1.0, 30.0)
3.3200000000000025 (30.0, 1.0, 30.0)
3.3400000000000025 (30.0, 1.0, 30.0)
3.3600000000000025 (30.0, 1.0, 30.0)
3.3800000000000026 (30.0, 1.0, 30.0)
3.4000000000000026 (30.0, 1.0, 30.0)
3.4200000000000026 (30.0, 1.0, 30.0)
3.4400000000000026 (30.0, 1.0, 30.0)
3.4600000000000026 (30.0, 1.0, 30.0)
3.4800000000000026 (30.0, 1.0, 30.0)
3.5000000000000027 (30.0, 1.0, 30.0)
3.5200000000000027 (30.0, 1.0, 30.0)
3.5400000000000027 (30.0, 1.0, 30.0)
3.5600000000000027 (30.0, 1.0, 30.0)
3.5800000000000027 (30.0, 1.0, 30.0)
3.6000000000000028 (30.0, 1.0, 30.0)
3.6200000000000028 (30.0, 1.0, 30.0)
3.640000000000003 (30.0, 1.0, 30.0)
3.660000000000003 (30.0, 1.0, 30.0)
3.680000000000003 (30.0, 1.0, 30.0)
3.700000000000003 (30.0, 1.0, 30.0)
3.720000000000003 (30.0, 1.0, 30.0)
3.740000000000003 (30.0, 1.0, 30.0)
3.760000000000003 (30.0, 1.0, 30.0)
3.780000000000003 (30.0, 1.0, 30.0)
3.800000000000003 (30.0, 1.0, 30.0)
3.820000000000003 (30.0, 1.0, 30.0)
3.840000000000003 (30.0, 1.0, 30.0)
3.860000000000003 (30.0, 1.0, 30.0)
3.880000000000003 (30.0, 1.0, 30.0)
3.900000000000003 (30.0, 1.0, 30.0)
3.920000000000003 (30.0, 1.0, 30.0)
3.940000000000003 (30.0, 1.0, 30.0)
3.960000000000003 (30.0, 1.0, 30.0)
3.980000000000003 (30.0, 1.0, 30.0)
4.000000000000003 (30.0, 1.0, 30.0)
4.020000000000002 (30.0, 1.0, 30.0)
4.040000000000002 (30.0, 1.0, 30.0)
4.060000000000001 (30.0, 1.0, 30.0)
4.080000000000001 (30.0, 1.0, 30.0)
4.1000000000000005 (30.0, 1.0, 30.0)
4.12 (30.0, 1.0, 30.0)
4.14 (30.0, 1.0, 30.0)
4.159999999999999 (30.0, 1.0, 30.0)
4.179999999999999 (30.0, 1.0, 30.0)
4.199999999999998 (30.0, 1.0, 30.0)
4.219999999999998 (30.0, 1.0, 30.0)
4.2399999999999975 (30.0, 1.0, 30.0)
4.259999999999997 (30.0, 1.0, 30.0)
4.279999999999997 (30.0, 1.0, 30.0)
4.299999999999996 (30.0, 1.0, 30.0)
4.319999999999996 (30.0, 1.0, 30.0)
4.339999999999995 (30.0, 1.0, 30.0)
4.359999999999995 (30.0, 1.0, 30.0)
4.379999999999995 (30.0, 1.0, 30.0)
4.399999999999994 (30.0, 1.0, 30.0)
4.419999999999994 (30.0, 1.0, 30.0)
4.439999999999993 (30.0, 1.0, 30.0)
4.459999999999993 (30.0, 1.0, 30.0)
4.479999999999992 (30.0, 1.0, 30.0)
4.499999999999992 (30.0, 1.0, 30.0)
4.519999999999992 (30.0, 1.0, 30.0)
4.539999999999991 (30.0, 1.0, 30.0)
4.559999999999991 (30.0, 1.0, 30.0)
4.57999999999999 (30.0, 1.0, 30.0)
4.59999999999999 (30.0, 1.0, 30.0)
4.6199999999999894 (30.0, 1.0, 30.0)
4.639999999999989 (30.0, 1.0, 30.0)
4.659999999999989 (30.0, 1.0, 30.0)
4.679999999999988 (30.0, 1.0, 30.0)
4.699999999999988 (30.0, 1.0, 30.0)
4.719999999999987 (30.0, 1.0, 30.0)
4.739999999999987 (30.0, 1.0, 30.0)
4.7599999999999865 (30.0, 1.0, 30.0)
4.779999999999986 (30.0, 1.0, 30.0)
4.799999999999986 (30.0, 1.0, 30.0)
4.819999999999985 (30.0, 1.0, 30.0)
4.839999999999985 (30.0, 1.0, 30.0)
4.859999999999984 (30.0, 1.0, 30.0)
4.879999999999984 (30.0, 1.0, 30.0)
4.8999999999999835 (30.0, 1.0, 30.0)
4.919999999999983 (30.0, 1.0, 30.0)
4.939999999999983 (30.0, 1.0, 30.0)
4.959999999999982 (30.0, 1.0, 30.0)
4.979999999999982 (30.0, 1.0, 30.0)
4.999999999999981 (30.0, 1.0, 30.0)
5.019999999999981 (30.0, 1.0, 30.0)
5.0399999999999805 (30.0, 1.0, 30.0)
5.05999999999998 (30.0, 1.0, 30.0)
5.07999999999998 (30.0, 1.0, 30.0)
5.099999999999979 (30.0, 1.0, 30.0)
5.119999999999979 (30.0, 1.0, 30.0)
5.139999999999978 (30.0, 1.0, 30.0)
5.159999999999978 (30.0, 1.0, 30.0)
5.1799999999999775 (30.0, 1.0, 30.0)
5.199999999999977 (30.0, 1.0, 30.0)
5.219999999999977 (30.0, 1.0, 30.0)
5.239999999999976 (30.0, 1.0, 30.0)
5.259999999999976 (30.0, 1.0, 30.0)
5.279999999999975 (30.0, 1.0, 30.0)
5.299999999999975 (30.0, 1.0, 30.0)
5.3199999999999745 (30.0, 1.0, 30.0)
5.339999999999974 (30.0, 1.0, 30.0)
5.359999999999974 (30.0, 1.0, 30.0)
5.379999999999973 (30.0, 1.0, 30.0)
5.399999999999973 (30.0, 1.0, 30.0)
5.419999999999972 (30.0, 1.0, 30.0)
5.439999999999972 (30.0, 1.0, 30.0)
5.4599999999999715 (30.0, 1.0, 30.0)
5.479999999999971 (30.0, 1.0, 30.0)
5.499999999999971 (30.0, 1.0, 30.0)
5.51999999999997 (30.0, 1.0, 30.0)
5.53999999999997 (30.0, 1.0, 30.0)
5.559999999999969 (30.0, 1.0, 30.0)
5.579999999999969 (30.0, 1.0, 30.0)
5.599999999999969 (30.0, 1.0, 30.0)
5.619999999999968 (30.0, 1.0, 30.0)
5.639999999999968 (30.0, 1.0, 30.0)
5.659999999999967 (30.0, 1.0, 30.0)
5.679999999999967 (30.0, 1.0, 30.0)
5.699999999999966 (30.0, 1.0, 30.0)
5.719999999999966 (30.0, 1.0, 30.0)
5.739999999999966 (30.0, 1.0, 30.0)
5.759999999999965 (30.0, 1.0, 30.0)
5.779999999999965 (30.0, 1.0, 30.0)
5.799999999999964 (30.0, 1.0, 30.0)
5.819999999999964 (30.0, 1.0, 30.0)
5.839999999999963 (30.0, 1.0, 30.0)
5.859999999999963 (30.0, 1.0, 30.0)
5.879999999999963 (30.0, 1.0, 30.0)
5.899999999999962 (30.0, 1.0, 30.0)
5.919999999999962 (30.0, 1.0, 30.0)
5.939999999999961 (30.0, 1.0, 30.0)
5.959999999999961 (30.0, 1.0, 30.0)
5.9799999999999605 (30.0, 1.0, 30.0)
5.99999999999996 (30.0, 1.0, 30.0)
6.01999999999996 (30.0, 1.0, 30.0)
6.039999999999959 (30.0, 1.0, 30.0)
6.059999999999959 (30.0, 1.0, 30.0)
6.079999999999958 (30.0, 1.0, 30.0)
6.099999999999958 (30.0, 1.0, 30.0)
6.1199999999999575 (30.0, 1.0, 30.0)
6.139999999999957 (30.0, 1.0, 30.0)
6.159999999999957 (30.0, 1.0, 30.0)
6.179999999999956 (30.0, 1.0, 30.0)
6.199999999999956 (30.0, 1.0, 30.0)
6.219999999999955 (30.0, 1.0, 30.0)
6.239999999999955 (30.0, 1.0, 30.0)
6.2599999999999545 (30.0, 1.0, 30.0)
6.279999999999954 (30.0, 1.0, 30.0)
6.299999999999954 (30.0, 1.0, 30.0)
6.319999999999953 (30.0, 1.0, 30.0)
6.339999999999953 (30.0, 1.0, 30.0)
6.359999999999952 (30.0, 1.0, 30.0)
6.379999999999952 (30.0, 1.0, 30.0)
6.3999999999999515 (30.0, 1.0, 30.0)
6.419999999999951 (30.0, 1.0, 30.0)
6.439999999999951 (30.0, 1.0, 30.0)
6.45999999999995 (30.0, 1.0, 30.0)
6.47999999999995 (30.0, 1.0, 30.0)
6.499999999999949 (30.0, 1.0, 30.0)
6.519999999999949 (30.0, 1.0, 30.0)
6.5399999999999485 (30.0, 1.0, 30.0)
6.559999999999948 (30.0, 1.0, 30.0)
6.579999999999948 (30.0, 1.0, 30.0)
6.599999999999947 (30.0, 1.0, 30.0)
6.619999999999947 (30.0, 1.0, 30.0)
6.639999999999946 (30.0, 1.0, 30.0)
6.659999999999946 (30.0, 1.0, 30.0)
6.6799999999999455 (30.0, 1.0, 30.0)
6.699999999999945 (30.0, 1.0, 30.0)
6.719999999999945 (30.0, 1.0, 30.0)
6.739999999999944 (30.0, 1.0, 30.0)
6.759999999999944 (30.0, 1.0, 30.0)
6.779999999999943 (30.0, 1.0, 30.0)
6.799999999999943 (30.0, 1.0, 30.0)
6.8199999999999426 (30.0, 1.0, 30.0)
6.839999999999942 (30.0, 1.0, 30.0)
6.859999999999942 (30.0, 1.0, 30.0)
6.879999999999941 (30.0, 1.0, 30.0)
6.899999999999941 (30.0, 1.0, 30.0)
6.91999999999994 (30.0, 1.0, 30.0)
6.93999999999994 (30.0, 1.0, 30.0)
6.95999999999994 (30.0, 1.0, 30.0)
6.979999999999939 (30.0, 1.0, 30.0)
6.999999999999939 (30.0, 1.0, 30.0)
7.019999999999938 (30.0, 1.0, 30.0)
7.039999999999938 (30.0, 1.0, 30.0)
7.059999999999937 (30.0, 1.0, 30.0)
7.079999999999937 (30.0, 1.0, 30.0)
7.099999999999937 (30.0, 1.0, 30.0)
7.119999999999936 (30.0, 1.0, 30.0)
7.139999999999936 (30.0, 1.0, 30.0)
7.159999999999935 (30.0, 1.0, 30.0)
7.179999999999935 (30.0, 1.0, 30.0)
7.1999999999999345 (30.0, 1.0, 30.0)
7.219999999999934 (30.0, 1.0, 30.0)
7.239999999999934 (30.0, 1.0, 30.0)
7.259999999999933 (30.0, 1.0, 30.0)
7.279999999999933 (30.0, 1.0, 30.0)
7.299999999999932 (30.0, 1.0, 30.0)
7.319999999999932 (30.0, 1.0, 30.0)
7.3399999999999315 (30.0, 1.0, 30.0)
7.359999999999931 (30.0, 1.0, 30.0)
7.379999999999931 (30.0, 1.0, 30.0)
7.39999999999993 (30.0, 1.0, 30.0)
7.41999999999993 (30.0, 1.0, 30.0)
7.439999999999929 (30.0, 1.0, 30.0)
7.459999999999929 (30.0, 1.0, 30.0)
7.4799999999999285 (30.0, 1.0, 30.0)
7.499999999999928 (30.0, 1.0, 30.0)
7.519999999999928 (30.0, 1.0, 30.0)
7.539999999999927 (30.0, 1.0, 30.0)
7.559999999999927 (30.0, 1.0, 30.0)
7.579999999999926 (30.0, 1.0, 30.0)
7.599999999999926 (30.0, 1.0, 30.0)
7.6199999999999255 (30.0, 1.0, 30.0)
7.639999999999925 (30.0, 1.0, 30.0)
7.659999999999925 (30.0, 1.0, 30.0)
7.679999999999924 (30.0, 1.0, 30.0)
7.699999999999924 (30.0, 1.0, 30.0)
7.719999999999923 (30.0, 1.0, 30.0)
7.739999999999923 (30.0, 1.0, 30.0)
7.7599999999999225 (30.0, 1.0, 30.0)
7.779999999999922 (30.0, 1.0, 30.0)
7.799999999999922 (30.0, 1.0, 30.0)
7.819999999999921 (30.0, 1.0, 30.0)
7.839999999999921 (30.0, 1.0, 30.0)
7.85999999999992 (30.0, 1.0, 30.0)
7.87999999999992 (30.0, 1.0, 30.0)
7.8999999999999195 (30.0, 1.0, 30.0)
7.919999999999919 (30.0, 1.0, 30.0)
7.939999999999919 (30.0, 1.0, 30.0)
7.959999999999918 (30.0, 1.0, 30.0)
7.979999999999918 (30.0, 1.0, 30.0)
7.999999999999917 (30.0, 1.0, 30.0)
8.019999999999918 (30.0, 1.0, 30.0)
8.039999999999917 (30.0, 1.0, 30.0)
8.059999999999917 (30.0, 1.0, 30.0)
8.079999999999917 (30.0, 1.0, 30.0)
8.099999999999916 (30.0, 1.0, 30.0)
8.119999999999916 (30.0, 1.0, 30.0)
8.139999999999915 (30.0, 1.0, 30.0)
8.159999999999915 (30.0, 1.0, 30.0)
8.179999999999914 (30.0, 1.0, 30.0)
8.199999999999914 (30.0, 1.0, 30.0)
8.219999999999914 (30.0, 1.0, 30.0)
8.239999999999913 (30.0, 1.0, 30.0)
8.259999999999913 (30.0, 1.0, 30.0)
8.279999999999912 (30.0, 1.0, 30.0)
8.299999999999912 (30.0, 1.0, 30.0)
8.319999999999911 (30.0, 1.0, 30.0)
8.339999999999911 (30.0, 1.0, 30.0)
8.35999999999991 (30.0, 1.0, 30.0)
8.37999999999991 (30.0, 1.0, 30.0)
8.39999999999991 (30.0, 1.0, 30.0)
8.41999999999991 (30.0, 1.0, 30.0)
8.439999999999909 (30.0, 1.0, 30.0)
8.459999999999908 (30.0, 1.0, 30.0)
8.479999999999908 (30.0, 1.0, 30.0)
8.499999999999908 (30.0, 1.0, 30.0)
8.519999999999907 (30.0, 1.0, 30.0)
8.539999999999907 (30.0, 1.0, 30.0)
8.559999999999906 (30.0, 1.0, 30.0)
8.579999999999906 (30.0, 1.0, 30.0)
8.599999999999905 (30.0, 1.0, 30.0)
8.619999999999905 (30.0, 1.0, 30.0)
8.639999999999905 (30.0, 1.0, 30.0)
8.659999999999904 (30.0, 1.0, 30.0)
8.679999999999904 (30.0, 1.0, 30.0)
8.699999999999903 (30.0, 1.0, 30.0)
8.719999999999903 (30.0, 1.0, 30.0)
8.739999999999903 (30.0, 1.0, 30.0)
8.759999999999902 (30.0, 1.0, 30.0)
8.779999999999902 (30.0, 1.0, 30.0)
8.799999999999901 (30.0, 1.0, 30.0)
8.8199999999999 (30.0, 1.0, 30.0)
8.8399999999999 (30.0, 1.0, 30.0)
8.8599999999999 (30.0, 1.0, 30.0)
8.8799999999999 (30.0, 1.0, 30.0)
8.899999999999899 (30.0, 1.0, 30.0)
8.919999999999899 (30.0, 1.0, 30.0)
8.939999999999898 (30.0, 1.0, 30.0)
8.959999999999898 (30.0, 1.0, 30.0)
8.979999999999897 (30.0, 1.0, 30.0)
8.999999999999897 (30.0, 1.0, 30.0)
9.019999999999897 (30.0, 1.0, 30.0)
9.039999999999896 (30.0, 1.0, 30.0)
9.059999999999896 (30.0, 1.0, 30.0)
9.079999999999895 (30.0, 1.0, 30.0)
9.099999999999895 (30.0, 1.0, 30.0)
9.119999999999894 (30.0, 1.0, 30.0)
9.139999999999894 (30.0, 1.0, 30.0)
9.159999999999894 (30.0, 1.0, 30.0)
9.179999999999893 (30.0, 1.0, 30.0)
9.199999999999893 (30.0, 1.0, 30.0)
9.219999999999892 (30.0, 1.0, 30.0)
9.239999999999892 (30.0, 1.0, 30.0)
9.259999999999891 (30.0, 1.0, 30.0)
9.279999999999891 (30.0, 1.0, 30.0)
9.29999999999989 (30.0, 1.0, 30.0)
9.31999999999989 (30.0, 1.0, 30.0)
9.33999999999989 (30.0, 1.0, 30.0)
9.35999999999989 (30.0, 1.0, 30.0)
9.379999999999889 (30.0, 1.0, 30.0)
9.399999999999888 (30.0, 1.0, 30.0)
9.419999999999888 (30.0, 1.0, 30.0)
9.439999999999888 (30.0, 1.0, 30.0)
9.459999999999887 (30.0, 1.0, 30.0)
9.479999999999887 (30.0, 1.0, 30.0)
9.499999999999886 (30.0, 1.0, 30.0)
9.519999999999886 (30.0, 1.0, 30.0)
9.539999999999885 (30.0, 1.0, 30.0)
9.559999999999885 (30.0, 1.0, 30.0)
9.579999999999885 (30.0, 1.0, 30.0)
9.599999999999884 (30.0, 1.0, 30.0)
9.619999999999884 (30.0, 1.0, 30.0)
9.639999999999883 (30.0, 1.0, 30.0)
9.659999999999883 (30.0, 1.0, 30.0)
9.679999999999882 (30.0, 1.0, 30.0)
9.699999999999882 (30.0, 1.0, 30.0)
9.719999999999882 (30.0, 1.0, 30.0)
9.739999999999881 (30.0, 1.0, 30.0)
9.75999999999988 (30.0, 1.0, 30.0)
9.77999999999988 (30.0, 1.0, 30.0)
9.79999999999988 (30.0, 1.0, 30.0)
9.81999999999988 (30.0, 1.0, 30.0)
9.839999999999879 (30.0, 1.0, 30.0)
9.859999999999879 (30.0, 1.0, 30.0)
9.879999999999878 (30.0, 1.0, 30.0)
9.899999999999878 (30.0, 1.0, 30.0)
9.919999999999877 (30.0, 1.0, 30.0)
9.939999999999877 (30.0, 1.0, 30.0)
9.959999999999877 (30.0, 1.0, 30.0)
9.979999999999876 (30.0, 1.0, 30.0)
9.999999999999876 (30.0, 1.0, 30.0)
10.019999999999875 (30.0, 1.0, 30.0)
10.039999999999875 (30.0, 1.0, 30.0)
10.059999999999874 (30.0, 1.0, 30.0)
10.079999999999874 (30.0, 1.0, 30.0)
10.099999999999874 (30.0, 1.0, 30.0)
10.119999999999873 (30.0, 1.0, 30.0)
10.139999999999873 (30.0, 1.0, 30.0)
10.159999999999872 (30.0, 1.0, 30.0)
10.179999999999872 (30.0, 1.0, 30.0)
10.199999999999871 (30.0, 1.0, 30.0)
10.219999999999871 (30.0, 1.0, 30.0)
10.23999999999987 (30.0, 1.0, 30.0)
10.25999999999987 (30.0, 1.0, 30.0)
10.27999999999987 (30.0, 1.0, 30.0)
10.29999999999987 (30.0, 1.0, 30.0)
10.319999999999869 (30.0, 1.0, 30.0)
10.339999999999868 (30.0, 1.0, 30.0)
10.359999999999868 (30.0, 1.0, 30.0)
10.379999999999868 (30.0, 1.0, 30.0)
10.399999999999867 (30.0, 1.0, 30.0)
10.419999999999867 (30.0, 1.0, 30.0)
10.439999999999866 (30.0, 1.0, 30.0)
10.459999999999866 (30.0, 1.0, 30.0)
10.479999999999865 (30.0, 1.0, 30.0)
10.499999999999865 (30.0, 1.0, 30.0)
10.519999999999865 (30.0, 1.0, 30.0)
10.539999999999864 (30.0, 1.0, 30.0)
10.559999999999864 (30.0, 1.0, 30.0)
10.579999999999863 (30.0, 1.0, 30.0)
10.599999999999863 (30.0, 1.0, 30.0)
10.619999999999862 (30.0, 1.0, 30.0)
10.639999999999862 (30.0, 1.0, 30.0)
10.659999999999862 (30.0, 1.0, 30.0)
10.679999999999861 (30.0, 1.0, 30.0)
10.69999999999986 (30.0, 1.0, 30.0)
10.71999999999986 (30.0, 1.0, 30.0)
10.73999999999986 (30.0, 1.0, 30.0)
10.75999999999986 (30.0, 1.0, 30.0)
10.779999999999859 (30.0, 1.0, 30.0)
10.799999999999859 (30.0, 1.0, 30.0)
10.819999999999858 (30.0, 1.0, 30.0)
10.839999999999858 (30.0, 1.0, 30.0)
10.859999999999857 (30.0, 1.0, 30.0)
10.879999999999857 (30.0, 1.0, 30.0)
10.899999999999856 (30.0, 1.0, 30.0)
10.919999999999856 (30.0, 1.0, 30.0)
10.939999999999856 (30.0, 1.0, 30.0)
10.959999999999855 (30.0, 1.0, 30.0)
10.979999999999855 (30.0, 1.0, 30.0)
10.999999999999854 (30.0, 1.0, 30.0)
11.019999999999854 (30.0, 1.0, 30.0)
11.039999999999853 (30.0, 1.0, 30.0)
11.059999999999853 (30.0, 1.0, 30.0)
11.079999999999853 (30.0, 1.0, 30.0)
11.099999999999852 (30.0, 1.0, 30.0)
11.119999999999852 (30.0, 1.0, 30.0)
11.139999999999851 (30.0, 1.0, 30.0)
11.159999999999851 (30.0, 1.0, 30.0)
11.17999999999985 (30.0, 1.0, 30.0)
11.19999999999985 (30.0, 1.0, 30.0)
11.21999999999985 (30.0, 1.0, 30.0)
11.23999999999985 (30.0, 1.0, 30.0)
11.259999999999849 (30.0, 1.0, 30.0)
11.279999999999848 (30.0, 1.0, 30.0)
11.299999999999848 (30.0, 1.0, 30.0)
11.319999999999848 (30.0, 1.0, 30.0)
11.339999999999847 (30.0, 1.0, 30.0)
11.359999999999847 (30.0, 1.0, 30.0)
11.379999999999846 (30.0, 1.0, 30.0)
11.399999999999846 (30.0, 1.0, 30.0)
11.419999999999845 (30.0, 1.0, 30.0)
11.439999999999845 (30.0, 1.0, 30.0)
11.459999999999845 (30.0, 1.0, 30.0)
11.479999999999844 (30.0, 1.0, 30.0)
11.499999999999844 (30.0, 1.0, 30.0)
11.519999999999843 (30.0, 1.0, 30.0)
11.539999999999843 (30.0, 1.0, 30.0)
11.559999999999842 (30.0, 1.0, 30.0)
11.579999999999842 (30.0, 1.0, 30.0)
11.599999999999842 (30.0, 1.0, 30.0)
11.619999999999841 (30.0, 1.0, 30.0)
11.63999999999984 (30.0, 1.0, 30.0)
11.65999999999984 (30.0, 1.0, 30.0)
11.67999999999984 (30.0, 1.0, 30.0)
11.69999999999984 (30.0, 1.0, 30.0)
11.719999999999839 (30.0, 1.0, 30.0)
11.739999999999839 (30.0, 1.0, 30.0)
11.759999999999838 (30.0, 1.0, 30.0)
11.779999999999838 (30.0, 1.0, 30.0)
11.799999999999837 (30.0, 1.0, 30.0)
11.819999999999837 (29.939685392808972, 1.0, 30.20781466175595)
11.839999999999836 (29.77477547281693, 1.0, 30.670498666282903)
11.859999999999836 (29.58852598626985, 1.0, 31.113766223089158)
11.879999999999836 (29.46797542001763, 1.0, 31.40228548785268)
11.899999999999835 (29.389617405648927, 1.0, 31.589823360106934)
11.919999999999835 (29.338684601211007, 1.0, 31.711723204675295)
11.939999999999834 (29.305578216512366, 1.0, 31.79095825158703)
11.959999999999834 (29.28405902627909, 1.0, 31.84246112824232)
11.979999999999833 (29.27007152651094, 1.0, 31.875938060574114)
11.999999999999833 (29.26097963468589, 1.0, 31.89769810721866)
12.019999999999833 (29.255069893965334, 1.0, 31.91184216394643)
12.039999999999832 (29.251228555324694, 1.0, 31.921035817985256)
12.059999999999832 (29.24873168054628, 1.0, 31.927011704268253)
12.079999999999831 (29.247108708910012, 1.0, 31.930896037604768)
12.099999999999831 (29.24605377537673, 1.0, 31.933420858987674)
12.11999999999983 (29.245368067299786, 1.0, 31.93506199595079)
12.13999999999983 (29.24492235621758, 1.0, 31.936128736968556)
12.15999999999983 (29.244632643473203, 1.0, 31.93682211992474)
12.17999999999983 (29.244444329837755, 1.0, 31.937272819687777)
12.199999999999829 (29.24432192574617, 1.0, 31.937565775080742)
12.219999999999828 (29.24424236293809, 1.0, 31.93775619644171)
12.239999999999828 (29.244190647016275, 1.0, 31.937879970557447)
12.259999999999827 (29.244157031604324, 1.0, 31.937960423882885)
12.279999999999827 (29.244135181545765, 1.0, 31.938012718642057)
12.299999999999827 (29.24412097898118, 1.0, 31.93804671029899)
12.319999999999826 (29.244111747296962, 1.0, 31.93806880491725)
12.339999999999826 (29.244105746691012, 1.0, 31.938083166445935)
12.359999999999825 (29.244101846289873, 1.0, 31.938092501457007)
12.379999999999825 (29.244099311024392, 1.0, 31.93809856922553)
12.399999999999824 (29.24409766309875, 1.0, 31.938102513282445)
12.419999999999824 (29.244096591945087, 1.0, 31.938105076924217)
12.439999999999824 (29.24409589569391, 1.0, 31.938106743294483)
12.459999999999823 (29.2440954431298, 1.0, 31.938107826437175)
12.479999999999823 (29.24409514896258, 1.0, 31.938108530481244)
12.499999999999822 (29.244094957753525, 1.0, 31.93810898811074)
12.519999999999822 (29.244094833467408, 1.0, 31.938109285570476)
12.539999999999822 (29.244094752681285, 1.0, 31.938109478919657)
12.559999999999821 (29.2440947001702, 1.0, 31.93810960459686)
12.57999999999982 (29.24409466603793, 1.0, 31.93810968628719)
12.59999999999982 (29.244094643851916, 1.0, 31.938109739386007)
12.61999999999982 (29.244094629430982, 1.0, 31.938109773900308)
12.63999999999982 (29.24409462005736, 1.0, 31.938109796334643)
12.659999999999819 (29.24227355295292, 1.0, 31.84639003223898)
12.679999999999819 (29.24239132093339, 1.0, 31.545033797774803)
12.699999999999818 (29.252310815114527, 1.0, 31.277758066394608)
12.719999999999818 (29.197385404086265, 1.0, 30.970029784958587)
12.739999999999817 (29.143080713591882, 1.0, 30.68609911563921)
12.759999999999817 (29.106123207569393, 1.0, 30.405729970978634)
12.779999999999816 (29.085798533292056, 1.0, 30.145512231788874)
12.799999999999816 (29.082230162142725, 1.0, 29.897437355887917)
12.819999999999816 (29.09198996107389, 1.0, 29.672639664700178)
12.839999999999815 (29.10928465910388, 1.000176292320113, 29.492382938261727)
12.859999999999815 (29.123294443206394, 1.000382506995295, 29.370416912751665)
12.879999999999814 (29.13240081987583, 1.0005165467844332, 29.29113884814751)
12.899999999999814 (29.138319975762816, 1.0006036728100487, 29.23960800993993)
12.919999999999813 (29.142167434273066, 1.0006603048324385, 29.206112902565224)
12.939999999999813 (29.144668286974156, 1.0006971157157223, 29.18434104212072)
12.959999999999813 (29.146293844264992, 1.0007210428345321, 29.17018930640863)
12.979999999999812 (29.14735045847687, 1.0007365954907972, 29.16099066102069)
12.999999999999812 (29.14803725899694, 1.000746704736245, 29.1550115303547)
13.019999999999811 (29.148483680168514, 1.0007532757580553, 29.1511250881653)
13.03999999999981 (29.14877385447183, 1.0007575469302064, 29.14859889602546)
13.05999999999981 (29.187321811801898, 1.00066120471621, 29.16536108767979)
13.07999999999981 (29.237311650796546, 1.0005341550271927, 29.18821929768162)
13.09999999999981 (29.269805106812644, 1.000451572575139, 29.203077161924405)
13.11999999999981 (29.290925892658397, 1.0003978938810787, 29.212734791714276)
13.139999999999809 (29.304654429091133, 1.0003630026647936, 29.219012262798564)
13.159999999999808 (29.31357799443389, 1.0003403233318628, 29.223092626621927)
13.179999999999808 (29.319378322736657, 1.0003255817379333, 29.225744868059202)
13.199999999999807 (29.32314854317295, 1.0003159996839883, 29.227468828212288)
13.219999999999807 (29.32559919103223, 1.0003097713372948, 29.228589404404055)
13.239999999999807 (29.327192115114958, 1.000305722904385, 29.229317780288675)
13.259999999999806 (29.328227517701965, 1.0003030914180806, 29.22979122549767)
13.279999999999806 (29.32890053064013, 1.000301380948789, 29.230098965458104)
13.299999999999805 (29.329337989866733, 1.0003002691416734, 29.230298996805878)
13.319999999999805 (29.32962233889494, 1.0002995464656992, 29.23042901742469)
13.339999999999804 (29.32980716610837, 1.0002990767254392, 29.230513530984716)
13.359999999999804 (29.329927304021414, 1.0002987713936997, 29.230568464901303)
13.379999999999804 (29.330005393810698, 1.0002985729276987, 29.23060417201375)
13.399999999999803 (29.3300561522685, 1.0002984439245572, 29.230627381680172)
13.419999999999803 (29.33008914532768, 1.0002983600723583, 29.230642467991522)
13.439999999999802 (29.330110590856183, 1.0002983055683277, 29.23065227411221)
13.459999999999802 (29.330124530475732, 1.000298270140641, 29.230658648102555)
13.479999999999801 (29.33013359124536, 1.000298247112602, 29.23066279120402)
13.499999999999801 (29.330139480756618, 1.0002982321443488, 29.230665484224993)
13.5199999999998 (29.33014330894608, 1.0002982224149661, 29.2306672346919)
13.5399999999998 (29.330145797273875, 1.0002982160908551, 29.23066837249751)
13.5599999999998 (29.330147414689964, 1.0002982119801753, 29.23066911207254)
13.5799999999998 (29.35395525322884, 1.0005366316908335, 29.231334842009623)
13.599999999999799 (29.37702512725685, 1.0007634013186393, 29.231762327083203)
13.619999999999798 (29.40184526730848, 1.0009720582708657, 29.231330673099098)
13.639999999999798 (29.426743751886256, 1.0011545640176884, 29.23030840102881)
13.659999999999798 (29.4517695437278, 1.0013175367047364, 29.22886859555544)
13.679999999999797 (29.476929380474555, 1.0014658168406185, 29.22714139181361)
13.699999999999797 (29.5022333046198, 1.0016030560760925, 29.225222297128994)
13.719999999999796 (29.527696962625427, 1.001732025798681, 29.223181000236774)
13.739999999999796 (29.553338775139135, 1.0018548271867629, 29.221068285399827)
13.759999999999796 (29.5791777181015, 1.001973050289403, 29.21892118317166)
13.779999999999795 (29.60520567611824, 1.0020877579519614, 29.216772475531506)
13.799999999999795 (29.641089084924797, 1.0022659663656703, 29.22437174771804)
13.819999999999794 (29.684437865822375, 1.002485716723326, 29.24113718642234)
13.839999999999794 (29.72797545743253, 1.0026917023153366, 29.25805149679033)
13.859999999999793 (29.76946865360607, 1.002880450462343, 29.27418891599604)
13.879999999999793 (29.81255539002723, 1.003067725074916, 29.291086404057108)
13.899999999999793 (29.854438814646354, 1.0032446261620358, 29.307598439497287)
13.919999999999792 (29.89720124331025, 1.0034199061342997, 29.324617921833386)
13.939999999999792 (29.939242161346105, 1.0035885584952355, 29.341475277475705)
13.959999999999791 (29.981729744807975, 1.0037554332140515, 29.358681302338343)
13.97999999999979 (30.023779411151335, 1.003917835913241, 29.375858992673983)
13.99999999999979 (30.0660064023301, 1.004078311819623, 29.393283080694637)
14.01999999999979 (30.10795572442365, 1.0042355323627796, 29.41075598638538)
14.03999999999979 (30.149913032430266, 1.0043907082144434, 29.428408141481913)
14.059999999999789 (30.191697645807103, 1.0045434176568029, 29.446149593433397)
14.079999999999789 (30.233384541049627, 1.0046939856735435, 29.46403529164225)
14.099999999999788 (30.274865387351102, 1.0048421461324988, 29.48201117664231)
14.119999999999788 (30.316274321132713, 1.0049884235586524, 29.50013385369246)
14.139999999999787 (30.357455727020305, 1.0051323826646867, 29.518329544150767)
14.159999999999787 (30.398584335755306, 1.0052746971093907, 29.536669532600246)
14.179999999999787 (30.43946677964134, 1.005414721916493, 29.55508186582781)
14.199999999999786 (30.476016439715696, 1.0055277993308267, 29.570400197279525)
14.219999999999786 (30.50147035189268, 1.0056032886024053, 29.580666908165426)
14.239999999999785 (30.528542032124133, 1.0056954334144241, 29.59025154640799)
14.259999999999785 (30.56091562941318, 1.0058184550546447, 29.60336778785633)
14.279999999999784 (30.596718485439816, 1.0059578840111212, 29.619595030973997)
14.299999999999784 (30.635762359946444, 1.0061114596014915, 29.63844254377091)
14.319999999999784 (30.6774810615635, 1.0062743823027693, 29.65944036729886)
14.339999999999783 (30.721109007847986, 1.0064380479432071, 29.682110819738753)
14.359999999999783 (30.766196675548198, 1.0065909072797, 29.706109507465733)
14.379999999999782 (30.812005525879627, 1.0067370286901243, 29.730892568750452)
14.399999999999782 (30.858242174276647, 1.0068790900208762, 29.75628933317136)
14.419999999999781 (30.904632040262698, 1.0070183774886938, 29.782155022711425)
14.439999999999781 (30.950782471486026, 1.0071550364282504, 29.808259971214884)
14.45999999999978 (30.996681181591363, 1.0072898634943535, 29.834543362432413)
14.47999999999978 (31.042269320268364, 1.0074232529069724, 29.860970824589653)
14.49999999999978 (31.08749213877784, 1.0075553953379304, 29.887443684466028)
14.51999999999978 (31.132364925382713, 1.0076865226650116, 29.913960849469863)
14.539999999999779 (31.176987779702134, 1.0078170245260094, 29.940509622054417)
14.559999999999778 (31.221266479011685, 1.0079466709420202, 29.967048797087248)
14.579999999999778 (31.26513430742683, 1.0080752742589167, 29.993488847063787)
14.599999999999778 (31.308586846969487, 1.0082028022972964, 30.01977531293632)
14.619999999999777 (31.3534644371385, 1.008334336133801, 30.04691677339974)
14.639999999999777 (31.395190992196813, 1.0084568929656097, 30.0722372284163)
14.659999999999776 (31.43842089187277, 1.008583780561322, 30.09839162809492)
14.679999999999776 (31.47966414992287, 1.0087049272386288, 30.1233545879974)
14.699999999999775 (31.518307100392303, 1.00880664581834, 30.161054106188)
14.719999999999775 (31.554361267211153, 1.0090214130518917, 30.20185683496702)
14.739999999999775 (31.579798032929236, 1.0092047810527152, 30.230916769786564)
14.759999999999774 (31.607560684388663, 1.0093367271264522, 30.262719045830334)
14.779999999999774 (31.63391936611059, 1.0094281541052665, 30.294164030498155)
14.799999999999773 (31.66033529176971, 1.0095015547563169, 30.327652911386362)
14.819999999999773 (31.685187485969756, 1.0095521549404847, 30.360176435284316)
14.839999999999772 (31.710110888570703, 1.0095675020834285, 30.393837103971634)
14.859999999999772 (31.734486831814397, 1.0095579328498598, 30.427465820256224)
14.879999999999772 (31.758931108441654, 1.0095320951751199, 30.461884044814155)
14.899999999999771 (31.78283780111809, 1.009496358958651, 30.496063306356234)
14.91999999999977 (31.806710911202433, 1.0094541551684044, 30.530745419685665)
14.93999999999977 (31.830161562347975, 1.0094084835276236, 30.56528575353078)
14.95999999999977 (31.853462776886328, 1.0093606536685598, 30.600067438889972)
14.97999999999977 (31.87638398060675, 1.0093120104088684, 30.63468763657256)
14.999999999999769 (31.899089892356027, 1.0092629141945904, 30.669374269134536)
15.019999999999769 (31.9214446996501, 1.0092139083398775, 30.703882747123554)
15.039999999999768 (31.943545553624162, 1.009164978278001, 30.738345833398142)
15.059999999999768 (31.965325940162572, 1.0091163215168926, 30.772655351091252)
15.079999999999767 (31.9869100962448, 1.0090676238308647, 30.80701128566328)
15.099999999999767 (32.00815661828565, 1.0090190375457797, 30.841161715659798)
15.119999999999767 (32.02907255951383, 1.0089704653371727, 30.87506627390792)
15.139999999999766 (32.04956540284023, 1.0089222329498266, 30.908504535026804)
15.159999999999766 (32.07083631408002, 1.0088772391628955, 30.94137650091546)
15.179999999999765 (32.0935905540376, 1.0088413013903268, 30.971838975035816)
15.199999999999765 (32.11735263692771, 1.008805877618529, 31.002483788420243)
15.219999999999764 (32.13953095878904, 1.008765518480461, 31.032566451131604)
15.239999999999764 (32.15677493238869, 1.0087074766092388, 31.06549203249904)
15.259999999999764 (32.178662791116984, 1.008644751958268, 31.10117127727143)
15.279999999999763 (32.19951369044585, 1.0085940782849911, 31.128643827364435)
15.299999999999763 (32.22465561846872, 1.0085654789492662, 31.155022435735525)
15.319999999999762 (32.25514232356792, 1.0085573733487458, 31.18310670373978)
15.339999999999762 (32.28923543641937, 1.0085617949153172, 31.21254777974291)
15.359999999999761 (32.326665828144215, 1.008550322609214, 31.24348903854809)
15.379999999999761 (32.366791589773335, 1.0085324892771999, 31.27578167718886)
15.39999999999976 (32.40895934746872, 1.0085103470818868, 31.309189166913335)
15.41999999999976 (32.452583534110424, 1.008484976179641, 31.34344579528084)
15.43999999999976 (32.49723563139501, 1.0084571696903752, 31.378342456999718)
15.45999999999976 (32.54261440193216, 1.0084275764016315, 31.413709303002825)
15.479999999999759 (32.588460153265984, 1.0083967530189688, 31.44936336411179)
15.499999999999758 (32.63454049933622, 1.0083651983673436, 31.485110404718142)
15.519999999999758 (32.6806551451998, 1.0083334177514542, 31.520737968741283)
15.539999999999758 (32.726639970296986, 1.0083017574705142, 31.55609310852688)
15.559999999999757 (32.77410140363616, 1.0082700697137295, 31.592053403927263)
15.579999999999757 (32.818042644699695, 1.008240859126314, 31.625229276702257)
15.599999999999756 (32.86305261453531, 1.0082119018439812, 31.658754350866634)
15.619999999999756 (32.90586664425177, 1.0081849057054344, 31.690404421519037)
15.639999999999755 (32.94013261225283, 1.0081251875125141, 31.731659397144195)
15.659999999999755 (32.973306738615214, 1.0080566576567807, 31.775500673303128)
15.679999999999755 (33.00362210461953, 1.0079831987839198, 31.819579343033748)
15.699999999999754 (33.03100322147579, 1.0079041894456129, 31.86419017468569)
15.719999999999754 (33.055661047175455, 1.0078199390024956, 31.909314770039614)
15.739999999999753 (33.07812179651472, 1.007730067692293, 31.955291331652102)
15.759999999999753 (33.09956048182985, 1.0076381117640691, 32.00115879980735)
15.779999999999752 (33.1162641467152, 1.0075384847582756, 32.04792213153818)
15.799999999999752 (33.13191345525476, 1.007432766748011, 32.09594406003879)
15.819999999999752 (33.14788816288699, 1.0073303768950082, 32.14225710126203)
15.839999999999751 (33.16071580564278, 1.0072178953498758, 32.19059198107913)
15.85999999999975 (33.17073121276866, 1.0071459654465418, 32.22853991180323)
15.87999999999975 (33.17762862839973, 1.0071040806970197, 32.25367684374941)
15.89999999999975 (33.1854505181644, 1.0070740722879183, 32.275983062883334)
15.91999999999975 (33.19650351446336, 1.0070401915033627, 32.30113223612761)
15.939999999999749 (33.20898778403703, 1.0070001979272603, 32.32589395462551)
15.959999999999749 (33.2213371825956, 1.0069589025235646, 32.348565025803715)
15.979999999999748 (33.235171895365525, 1.0069110939891286, 32.37213454031139)
15.999999999999748 (33.24913364591613, 1.0068612838139033, 32.394871317369486)
16.019999999999747 (33.263954422900646, 1.0068070982723742, 32.41818393209195)
16.039999999999747 (33.27867115109263, 1.0067521245921947, 32.4407416719038)
16.059999999999746 (33.29390186511578, 1.006694234367434, 32.46370971560182)
16.079999999999746 (33.30915339721778, 1.0066353519530427, 32.48643249809129)
16.099999999999746 (33.32463327974902, 1.0065747458273504, 32.509365388947394)
16.119999999999745 (33.34003432701271, 1.0065136467287183, 32.53211826205199)
16.139999999999745 (33.355514232172865, 1.0064514568331564, 32.55503620562822)
16.159999999999744 (33.37087767529292, 1.0063889329632727, 32.57788197335931)
16.179999999999744 (33.3861990891453, 1.0063257402875314, 32.600847059851276)
16.199999999999743 (33.40136382182911, 1.0062623036727618, 32.62380293683865)
16.219999999999743 (33.416378638028235, 1.0061985533540971, 32.64680753578545)
16.239999999999743 (33.43005143612385, 1.0061362427034286, 32.668565888773486)
16.259999999999742 (33.4399568372608, 1.0060901492877228, 32.68406172649185)
16.279999999999742 (33.45149562997324, 1.006041771515293, 32.69947072018442)
16.29999999999974 (33.46479035876738, 1.005994307638787, 32.715113588825794)
16.31999999999974 (33.47952564006306, 1.0059461711502922, 32.731682839091924)
16.33999999999974 (33.51118435805402, 1.0059122206476063, 32.74946417911326)
16.35999999999974 (33.54409546491939, 1.0058770060328188, 32.76827655535052)
16.37999999999974 (33.57860830188741, 1.005838482143166, 32.78885486238936)
16.39999999999974 (33.61352950123618, 1.0058046474775357, 32.810738364281605)
16.41999999999974 (33.64920356799291, 1.0057645506065243, 32.83426771531723)
16.43999999999974 (33.68609819665829, 1.005708870979135, 32.8595403265341)
16.459999999999738 (33.72463233147664, 1.0056435877654895, 32.88694907564857)
16.479999999999738 (33.76165596541587, 1.0055765103048735, 32.9139566420965)
16.499999999999737 (33.80041092608092, 1.0055018397195208, 32.94300807607873)
16.519999999999737 (33.83796599004539, 1.0054260059790807, 32.97179069573102)
16.539999999999736 (33.876237323431155, 1.0053455857375564, 33.00168662366436)
16.559999999999736 (33.91344406781942, 1.0052646260233993, 33.03128099202943)
16.579999999999735 (33.9505774487369, 1.0051814455477133, 33.0612589672495)
16.599999999999735 (33.98643232534982, 1.0050991020681765, 33.09058515018863)
16.619999999999735 (34.02169711613207, 1.0050164897218106, 33.11970103852886)
16.639999999999734 (34.055613062260406, 1.004935610745897, 33.14793886813983)
16.659999999999734 (34.08845946299788, 1.0048559879067358, 33.175493373537556)
16.679999999999733 (34.11963357362493, 1.0047792645967646, 33.2018291285185)
16.699999999999733 (34.14917680551774, 1.0047055028653658, 33.22694842236979)
16.719999999999732 (34.17662233802344, 1.0046357843804203, 33.25050455162174)
16.739999999999732 (34.2022659941803, 1.0045697339444635, 33.27265034145327)
16.75999999999973 (34.22614853008819, 1.0045072131679762, 33.293454257085344)
16.77999999999973 (34.248462730712994, 1.0044480389640262, 33.31299891763427)
16.79999999999973 (34.2693325560148, 1.004391963443269, 33.331381273728425)
16.81999999999973 (34.28868577505698, 1.0043392140404326, 33.34854174545672)
16.83999999999973 (34.3066906708493, 1.0042895251071913, 33.36458063760653)
16.85999999999973 (34.323311263856034, 1.0042430747678628, 33.379456260461986)
16.87999999999973 (34.33861812911317, 1.0041997115518415, 33.39322969631283)
16.89999999999973 (34.3529098609462, 1.0041588499879932, 33.40609794201165)
16.919999999999728 (34.3662800835385, 1.0041203367044365, 33.418119746993376)
16.939999999999728 (34.37898437401096, 1.0040835026390111, 33.429508837404356)
16.959999999999727 (34.39120762551196, 1.0040481678016242, 33.440333567092416)
16.979999999999727 (34.40294028322141, 1.00401444850783, 33.45057017769377)
16.999999999999726 (34.4130151168002, 1.0039979301096085, 33.45808386505415)
17.019999999999726 (34.4200704809005, 1.003992079577794, 33.46285136687236)
17.039999999999726 (34.42465647612834, 1.0039882767250137, 33.4659502488402)
17.059999999999725 (34.42957756740357, 1.0039338893444327, 33.487039998614975)
17.079999999999725 (34.435284566661814, 1.0038798318672368, 33.50630631821506)
17.099999999999724 (34.44180322332535, 1.0038253340371, 33.524496707269904)
17.119999999999724 (34.44916421642432, 1.0037691335497474, 33.542229016777995)
17.139999999999723 (34.45727157287544, 1.0037107886238674, 33.559804433660666)
17.159999999999723 (34.46593522043137, 1.0036508418233538, 33.577218073921706)
17.179999999999723 (34.474877931562595, 1.0035905017097697, 33.59423537611137)
17.199999999999722 (34.48411423149048, 1.0035290741377456, 33.611148952164136)
17.21999999999972 (34.493470916356436, 1.0034674390604257, 33.6277959770881)
17.23999999999972 (34.50297876375973, 1.003405061453305, 33.64439646460439)
17.25999999999972 (34.5119188342099, 1.0033442103366723, 33.66062041231713)
17.27999999999972 (34.52157908005151, 1.0032833748981682, 33.676817881768926)
17.29999999999972 (34.53363189421463, 1.0032185003384646, 33.69360404522613)
17.31999999999972 (34.54661477816077, 1.0031587958928616, 33.708606681686334)
17.33999999999972 (34.56007214031655, 1.003102779381532, 33.7224100358641)
17.35999999999972 (34.573418363075895, 1.0030490067592261, 33.735451579279044)
17.37999999999972 (34.59051465082697, 1.002979917838915, 33.7519569004018)
17.399999999999718 (34.620118509004215, 1.00287018605289, 33.77785373548513)
17.419999999999717 (34.64894645691803, 1.0027675809850989, 33.80189763688664)
17.439999999999717 (34.67804301517688, 1.0026584251013326, 33.825802085259255)
17.459999999999717 (34.707085219775884, 1.0025345856672494, 33.8498114808759)
17.479999999999716 (34.73899400499562, 1.002415691183351, 33.876506714214514)
17.499999999999716 (34.771883694760504, 1.0022961857272206, 33.90452621920636)
17.519999999999715 (34.80668645820387, 1.0021702065127318, 33.93491572591581)
17.539999999999715 (34.84218033144912, 1.0020416392663762, 33.966662722554716)
17.559999999999715 (34.878718329836765, 1.0019094289665458, 34.000095594927075)
17.579999999999714 (34.915343917712214, 1.0017769660638538, 34.034310953315156)
17.599999999999714 (34.95209132691962, 1.0016443069240095, 34.06925377251527)
17.619999999999713 (34.9881950626124, 1.0015141392390352, 34.10412678503878)
17.639999999999713 (35.0235832890806, 1.0013867296133607, 34.138789345156326)
17.659999999999712 (35.05754837877393, 1.0012644786736067, 34.172522448247584)
17.679999999999712 (35.089933748533554, 1.00114804667427, 34.2050905383441)
17.69999999999971 (35.12039919430696, 1.001038909964447, 34.236004256291665)
17.71999999999971 (35.14865198416317, 1.0009373865599898, 34.265133138198124)
17.73999999999971 (35.174106509878904, 1.0008451730426646, 34.291952172217236)
17.75999999999971 (35.19696933845209, 1.0007616361509577, 34.316578193930745)
17.77999999999971 (35.21734363626361, 1.0006866643462495, 34.33899766653357)
17.79999999999971 (35.23512000984597, 1.0006201115731796, 34.359179860927235)
17.81999999999971 (35.250550988242836, 1.0005611349858354, 34.377314815942)
17.83999999999971 (35.26367618412516, 1.0005095995618012, 34.39339442343807)
17.859999999999708 (35.27464907228448, 1.0004649213490957, 34.40753900608317)
17.879999999999708 (35.283780650645355, 1.0004265530724663, 34.419832843083626)
17.899999999999707 (35.29077194579256, 1.0003953117581594, 34.42998652091918)
17.919999999999707 (35.29701542089908, 1.0003657948844393, 34.439706154048196)
17.939999999999706 (35.30156326688729, 1.0003423877368425, 34.447503224455474)
17.959999999999706 (35.305763224115445, 1.0003198555492023, 34.45503925979695)
17.979999999999706 (35.309240894893286, 1.0003003466966915, 34.461580452376026)
17.999999999999705 (35.312192850141415, 1.0002825172097887, 34.467567268210274)
18.019999999999705 (35.314868122839634, 1.0002659081286405, 34.47311468316746)
18.039999999999704 (35.316729158985844, 1.0002541806609697, 34.47702848189905)
18.059999999999704 (35.317938834739515, 1.0002465577927513, 34.47957245582452)
18.079999999999703 (35.320177753113185, 1.000233165411424, 34.481590939558025)
18.099999999999703 (35.32370717749099, 1.0002157930429265, 34.483883357266706)
18.119999999999703 (35.327417367187024, 1.0002012324068195, 34.48618684376881)
18.139999999999702 (35.33134648115053, 1.0001889252771121, 34.488452610615326)
18.1599999999997 (35.335533496813916, 1.0001783783668527, 34.490678323814656)
18.1799999999997 (35.34004249437387, 1.0001692338990844, 34.49288326658532)
18.1999999999997 (35.34500429533923, 1.0001607621773116, 34.49522049756394)
18.2199999999997 (35.350653484304246, 1.0001520733088245, 34.49790156553781)
18.2399999999997 (35.35676088772156, 1.0001435869798587, 34.500733086145594)
18.2599999999997 (35.36355149631705, 1.0001345672069832, 34.50391176197568)
18.2799999999997 (35.36916180891716, 1.0001263457783633, 34.50674785184624)
18.2999999999997 (35.37933520509821, 1.0001143770659016, 34.51134168940578)
18.3199999999997 (35.397189185078766, 1.0000953260677572, 34.51886767223525)
18.339999999999698 (35.420394644396, 1.000071492980765, 34.528298641788936)
18.359999999999697 (35.44656528302499, 1.0000415613674356, 34.53976133648865)
18.379999999999697 (35.473769476576294, 1.000008061326978, 34.55234705203805)
18.399999999999697 (35.50229262786728, 0.9999677803596861, 34.566982848437895)
18.419999999999696 (35.53058173136412, 0.9999238954521972, 34.58261593132551)
18.439999999999696 (35.55868697088085, 0.999875746085889, 34.599489269207325)
18.459999999999695 (35.58563401444622, 0.9998254881723695, 34.61691975561866)
18.479999999999695 (35.611376691121876, 0.9997714125899578, 34.63494644961386)
18.499999999999694 (35.63923601665133, 0.9997050959344186, 34.65648420133082)
18.519999999999694 (35.66938903950472, 0.9996256799787545, 34.68182308908072)
18.539999999999694 (35.701636401827315, 0.9995332732386843, 34.71097179693495)
18.559999999999693 (35.73556095257084, 0.9994296011693946, 34.74351581538857)
18.579999999999693 (35.77064782308414, 0.9993170655731137, 34.778836362260364)
18.599999999999692 (35.806285140791154, 0.9991985084368497, 34.81614989140609)
18.619999999999692 (35.84189552373927, 0.9990766978281633, 34.85466771901664)
18.63999999999969 (35.87690291455577, 0.9989543710230672, 34.8935902066568)
18.65999999999969 (35.91062598267796, 0.9988344626921491, 34.93202514445228)
18.67999999999969 (35.94255043413239, 0.9987191692006641, 34.96926382200983)
18.69999999999969 (35.97226941085388, 0.998610415449551, 35.004650604693225)
18.71999999999969 (35.99943278161814, 0.9985094205458506, 35.03780362086902)
18.73999999999969 (36.020952261206546, 0.9984334625884856, 35.06420954334976)
18.75999999999969 (36.03552060685605, 0.9983838355006966, 35.08200349056517)
18.77999999999969 (36.04499004920895, 0.9983515778334047, 35.093569577850616)
18.799999999999688 (36.0511451982308, 0.9983306103105156, 35.101087548623184)
18.819999999999688 (36.05514605256512, 0.9983169813951909, 35.10597423874947)
18.839999999999687 (36.05774661273803, 0.9983081225836892, 35.10915059326223)
18.859999999999687 (36.059436980006566, 0.9983023643454616, 35.111215227550446)
18.879999999999686 (36.060535720782596, 0.9982986214836251, 35.11255724234351)
18.899999999999686 (36.06124990362049, 0.9982961886188892, 35.113429553587736)
18.919999999999686 (36.061714123331896, 0.9982946072538583, 35.11399655695516)
18.939999999999685 (36.06201586670768, 0.998293579364669, 35.11436510983211)
18.959999999999685 (36.06088992914679, 0.9982824693754454, 35.118148646045896)
18.979999999999684 (36.05741850964632, 0.9982459391244176, 35.13034876381167)
18.999999999999684 (36.055473493087185, 0.9982126287784028, 35.141241735816244)
19.019999999999683 (36.055180108382864, 0.9981789297036426, 35.1520465655456)
19.039999999999683 (36.05619033978074, 0.9981450776071501, 35.162720865714846)
19.059999999999683 (36.05854818610427, 0.9981099671632866, 35.17364107457701)
19.079999999999682 (36.061994377516235, 0.9980739527120587, 35.18472159088906)
19.09999999999968 (36.066793709618985, 0.9980376606144246, 35.19586536944043)
19.11999999999968 (36.0704857262487, 0.9980121221210281, 35.20372774014026)
19.13999999999968 (36.07288554153879, 0.997995522069326, 35.208838290637225)
19.15999999999968 (36.07444542438986, 0.9979847320155728, 35.21216015466259)
19.17999999999968 (36.07545935013618, 0.997977718467538, 35.21431937031064)
19.19999999999968 (36.07611840310184, 0.9979731596528034, 35.215722863102364)
19.21999999999968 (36.076546788329374, 0.9979701964176932, 35.21663513512032)
19.23999999999968 (36.076825239247164, 0.9979682703112753, 35.21722811303916)
19.25999999999968 (36.07943450382941, 0.9979677943329783, 35.218168927179086)
19.279999999999678 (36.083863483187, 0.9979666377648666, 35.219524684328)
19.299999999999677 (36.08831459986593, 0.9979578357649679, 35.222287295239)
19.319999999999677 (36.09949072609554, 0.9979369628802067, 35.22897744859169)
19.339999999999677 (36.11743282640345, 0.9979087282106637, 35.238335188137015)
19.359999999999676 (36.138279128832686, 0.9978767898932829, 35.248710269125716)
19.379999999999676 (36.15984826425324, 0.9978431302127238, 35.25924468113678)
19.399999999999675 (36.18100932233764, 0.9978063167947809, 35.27022797891216)
19.419999999999675 (36.201963506032826, 0.9977594565204501, 35.28310610600878)
19.439999999999674 (36.2279498903416, 0.9976867770423525, 35.30246790940603)
19.459999999999674 (36.258874233614314, 0.9975851375878398, 35.32927452060837)
19.479999999999674 (36.29429525089738, 0.9974549938827345, 35.36350640984317)
19.499999999999673 (36.33303942097732, 0.9973061047048046, 35.402937067827146)
19.519999999999673 (36.35873380257829, 0.9972093265289732, 35.42863570434793)
19.539999999999672 (36.37543518180261, 0.9971464205972291, 35.44533984927529)
19.559999999999672 (36.38629109856783, 0.9971055316652506, 35.45619756375087)
19.57999999999967 (36.39334745764038, 0.9970789538098399, 35.463255091337324)
19.59999999999967 (36.41994297071304, 0.9970416846194674, 35.47557301920405)
19.61999999999967 (36.49019631658618, 0.9970998951439888, 35.4704205105771)
19.63999999999967 (36.563052796371316, 0.9971455195420951, 35.468677555106076)
19.65999999999967 (36.63326674540816, 0.9971752684870585, 35.47057286890995)
19.67999999999967 (36.69866173135405, 0.9971987602748132, 35.47361511368626)
19.69999999999967 (36.746967592544806, 0.9972390826497363, 35.47097478932314)
19.71999999999967 (36.778399539446625, 0.9972659528796392, 35.46915044098587)
19.739999999999668 (36.80655174401717, 0.997281502396335, 35.469481976277564)
19.759999999999668 (36.83790222541513, 0.9972829359634274, 35.473823216277445)
19.779999999999667 (36.86813770363693, 0.997273039680139, 35.480951973327926)
19.799999999999667 (36.89609852467043, 0.9972564480731871, 35.489511936250004)
19.819999999999666 (36.92180506280337, 0.9972353219612813, 35.49898709712169)
19.839999999999666 (36.944386941819246, 0.9972122181029027, 35.508631723432394)
19.859999999999665 (36.96385316233131, 0.9971883646220258, 35.51811753239365)
19.879999999999665 (36.98004048866084, 0.9971649890171644, 35.527090678645465)
19.899999999999665 (36.99227035884645, 0.9971442365769911, 35.53484183805681)
19.919999999999664 (37.00224380330498, 0.9971236920447476, 35.542309062081095)
19.939999999999664 (37.008989466270194, 0.9971092540202854, 35.54753365319291)
19.959999999999663 (37.01337415538437, 0.9970998692868626, 35.55092964375634)
19.979999999999663 (37.01622420863002, 0.9970937691987479, 35.55313704174409)
19.999999999999662 (37.01807674669861, 0.99708980413407, 35.5545718531151)
20.019999999999662 (37.01928089869152, 0.9970872268372172, 35.555504482247606)
20.03999999999966 (37.01920027600729, 0.9970822008945567, 35.559059813720076)
20.05999999999966 (37.018510084584186, 0.9970739069815402, 35.56448360295911)
20.07999999999966 (37.01814153518333, 0.9970645465069705, 35.56932752031613)
20.09999999999966 (37.01798133437002, 0.9970552464856989, 35.573535945683254)
20.11999999999966 (37.01801040160725, 0.9970463561181389, 35.57713662862417)
20.13999999999966 (37.018084459005124, 0.9970388932564639, 35.57994405579981)
20.15999999999966 (37.01836051454965, 0.9970312407887056, 35.58248839075188)
20.17999999999966 (37.0186671384447, 0.9970250768043276, 35.58439275776539)
20.19999999999966 (37.019206167948724, 0.9970188629306388, 35.586081988739195)
20.219999999999658 (37.01982292691908, 0.997013511459135, 35.587405607267684)
20.239999999999657 (37.020725741510766, 0.9970079539636097, 35.58861299242198)
20.259999999999657 (37.02182487326213, 0.9970027662469105, 35.58961194181876)
20.279999999999657 (37.02317533024488, 0.9969978406892059, 35.59046589652865)
20.299999999999656 (37.024837991823176, 0.996993053127939, 35.591234871889874)
20.319999999999656 (37.02936317863331, 0.9969723400899012, 35.59583760301761)
20.339999999999655 (37.04320468692435, 0.9969298308624702, 35.60640621175396)
20.359999999999655 (37.0622777021772, 0.9968843930221676, 35.61823364642985)
20.379999999999654 (37.08263527721089, 0.9968347821888279, 35.63097508576169)
20.399999999999654 (37.101315938150634, 0.9967895471883623, 35.64212143243387)
20.419999999999654 (37.12392609942929, 0.9967193934306178, 35.658572368719504)
20.439999999999653 (37.15056043859401, 0.9966141664162828, 35.68286415543212)
20.459999999999653 (37.18080751343517, 0.9964709307233665, 35.71571258960633)
20.479999999999652 (37.20918458393546, 0.9963398169253727, 35.7460046519181)
20.499999999999652 (37.227740000232124, 0.9962549751311808, 35.76562435045906)
20.51999999999965 (37.23980104334452, 0.9961998278619887, 35.778377178321904)
20.53999999999965 (37.2476407360053, 0.996163982070085, 35.78666653191007)
20.55999999999965 (37.31093243354585, 0.9960368892720427, 35.81711434666245)
20.57999999999965 (37.37096484629812, 0.995914724660925, 35.84637401222087)
20.59999999999965 (37.423058811311165, 0.9958208424660734, 35.869670128414555)
20.61999999999965 (37.458888570288195, 0.9957595520149017, 35.88511495456089)
20.63999999999965 (37.49377947363571, 0.9956982966133484, 35.90046598437961)
20.65999999999965 (37.53794374349464, 0.9956158934506033, 35.921396825735684)
20.679999999999648 (37.58483723132854, 0.9955248816976625, 35.94501233929205)
20.699999999999648 (37.62977135633788, 0.9954337986723077, 35.96892961492236)
20.719999999999647 (37.66185952365221, 0.995373545724071, 35.98557777417278)
20.739999999999647 (37.68287050726927, 0.9953358090163301, 35.99627428785172)
20.759999999999646 (37.70834651955153, 0.9952831630833292, 36.010735819872956)
20.779999999999646 (37.73299087786923, 0.9952263324354071, 36.02627125029752)
20.799999999999645 (37.75802013058994, 0.9951644129238936, 36.043239315323326)
20.819999999999645 (37.78135936806398, 0.9951067357895288, 36.05943817806591)
20.839999999999645 (37.79778257691813, 0.9950675618507053, 36.07065287400233)
20.859999999999644 (37.80845768260516, 0.995042098742927, 36.07794243997157)
20.879999999999644 (37.81539651425745, 0.9950255476919684, 36.08268066669849)
20.899999999999643 (37.81990676325267, 0.9950147894887583, 36.08576051982147)
20.919999999999643 (37.82283843057336, 0.9950077966436149, 36.08776242808924)
20.939999999999642 (37.82474401788979, 0.9950032512857853, 36.08906367089288)
20.959999999999642 (37.82598265195818, 0.9950002967976795, 36.08990948029447)
20.97999999999964 (37.826787765605864, 0.9949983763768252, 36.09045925743201)
20.99999999999964 (37.827311090453996, 0.994997128100939, 36.09081661323865)
21.01999999999964 (37.82765125224039, 0.9949963167200983, 36.09104889494666)
21.03999999999964 (37.82787235781438, 0.9949957893215667, 36.09119987833876)
21.05999999999964 (37.82801607670583, 0.9949954465118812, 36.09129801772688)
21.07999999999964 (37.82810949415968, 0.9949952236851695, 36.09136180844826)
21.09999999999964 (37.82817021561808, 0.9949950788475365, 36.09140327249458)
21.11999999999964 (37.82820968463971, 0.994994984702899, 36.09143022417502)
21.139999999999638 (37.82823533955169, 0.9949949235087706, 36.09144774280001)
21.159999999999638 (37.8282520152756, 0.9949948837325128, 36.09145912992751)
21.179999999999637 (37.82826285451639, 0.994994857877897, 36.09146653157419)
21.199999999999637 (37.82826990003604, 0.9949948410723654, 36.09147134265354)
21.219999999999636 (37.82827447963236, 0.9949948301487496, 36.09147446986095)
21.239999999999636 (37.828277456375524, 0.9949948230483857, 36.09147650254955)
21.259999999999636 (37.82827939126221, 0.9949948184331406, 36.091477823799615)
21.279999999999635 (37.8282806489409, 0.9949948154332257, 36.09147868261375)
21.299999999999635 (37.82828146643356, 0.9949948134832775, 36.091479240843974)
21.319999999999634 (37.82828199780479, 0.9949948122158087, 36.0914796036943)
21.339999999999634 (37.82828234319674, 0.9949948113919526, 36.09147983954745)
21.359999999999634 (37.828282567701926, 0.9949948108564449, 36.09147999285228)
21.379999999999633 (37.82828271363058, 0.9949948105083642, 36.09148009250061)
21.399999999999633 (37.82828280848437, 0.9949948102821115, 36.09148015727215)
21.419999999999632 (37.82828287013944, 0.9949948101350469, 36.09148019937374)
21.439999999999632 (37.88670870145571, 0.9949383299359758, 36.107691732718266)
21.45999999999963 (37.924733558288175, 0.9949019507256764, 36.11812112435395)
21.47999999999963 (37.9952037996486, 0.9948022537022135, 36.14100679862388)
21.49999999999963 (38.07020243040494, 0.9946696071126515, 36.1705597147102)
21.51999999999963 (38.147743235658375, 0.9945255665321434, 36.20272946806679)
21.53999999999963 (38.198240211161966, 0.9944332259548158, 36.223433281222015)
21.55999999999963 (38.23106330652434, 0.9943732044674848, 36.236890784899856)
21.57999999999963 (38.27280170564431, 0.9942781437423129, 36.25712346706202)
21.59999999999963 (38.327780020580285, 0.9941321800763865, 36.28788199639015)
21.619999999999628 (38.38229027235203, 0.9939831557165925, 36.31977277421642)
21.639999999999628 (38.417749306069304, 0.9938866880139402, 36.34045396134168)
21.659999999999627 (38.44079772101997, 0.9938239838901394, 36.353896758072565)
21.679999999999627 (38.46150281158233, 0.993756829460415, 36.368474890509404)
21.699999999999626 (38.48357610302454, 0.9937038323175161, 36.38636718739465)
21.719999999999626 (38.50281708587576, 0.9936558864460286, 36.402952975587695)
21.739999999999625 (38.518943680191576, 0.9935690026611973, 36.417671898876755)
21.759999999999625 (38.532820850491554, 0.9934821739795098, 36.43120569560099)
21.779999999999625 (38.544602545215895, 0.9934031689860283, 36.44356700810149)
21.799999999999624 (38.554534858852314, 0.9933328259208003, 36.45481313821541)
21.819999999999624 (38.56234587378235, 0.9932746175490186, 36.46439828791851)
21.839999999999623 (38.56943103422218, 0.9932199891946621, 36.47381543946166)
21.859999999999623 (38.57448728147408, 0.9931720298337802, 36.481230524666266)
21.879999999999622 (38.57868743410538, 0.9931334278255411, 36.48810013299508)
21.899999999999622 (38.581575245555435, 0.9931084693229796, 36.49291038960187)
21.91999999999962 (38.58334799136508, 0.9930890170875677, 36.49743700806198)
21.93999999999962 (38.58445624649166, 0.9930756540623249, 36.50070468437667)
21.95999999999962 (38.58517661366897, 0.9930669680796993, 36.50282867794698)
21.97999999999962 (38.585644853208485, 0.9930613221804512, 36.50420927634545)
21.99999999999962 (38.585949209477455, 0.9930576523390879, 36.50510666698)
22.01999999999962 (38.58614704142166, 0.9930552669377479, 36.50568997198155)
22.03999999999962 (38.58627563242549, 0.9930537164239817, 36.50606912094048)
22.05999999999962 (38.586359216734046, 0.9930527085881518, 36.506315568223954)
22.079999999999618 (38.58641354663603, 0.9930520534936393, 36.50647575925731)
22.099999999999618 (38.58644886113827, 0.9930516276814112, 36.5065798836234)
22.119999999999617 (38.586471815607574, 0.9930513509029462, 36.50664756458772)
22.139999999999617 (38.58648673604048, 0.9930511709966079, 36.506691557296676)
22.159999999999616 (38.58649643433997, 0.9930510540572697, 36.50672015261088)
22.179999999999616 (38.586502738246416, 0.9930509780465577, 36.506738739599825)
22.199999999999616 (38.586506835793266, 0.9930509286395028, 36.506750821165184)
22.219999999999615 (38.58650949920368, 0.9930508965248572, 36.50675867419733)
22.239999999999615 (38.58651123042369, 0.9930508756502987, 36.506763778677765)
22.259999999999614 (38.5865123557188, 0.9930508620818101, 36.506767096596235)
22.279999999999614 (38.58651308716198, 0.9930508532622762, 36.506769253247256)
22.299999999999613 (38.586513562600935, 0.9930508475295685, 36.50677065507304)
22.319999999999613 (38.58651387163683, 0.9930508438033017, 36.506771566261506)
22.339999999999613 (38.58651407251053, 0.9930508413812236, 36.506772158535114)
22.359999999999612 (38.5865142030787, 0.99305083980687, 36.50677254351368)
22.37999999999961 (38.58651428794817, 0.9930508387835384, 36.5067727937502)
22.39999999999961 (38.58651434311343, 0.9930508381183714, 36.50677295640426)
22.41999999999961 (38.634958887225345, 0.9929189496972759, 36.52967965649609)
22.43999999999961 (38.7214142149884, 0.9926859921072121, 36.5700645251234)
22.45999999999961 (38.782776116000875, 0.9925222307100378, 36.5984912119568)
22.47999999999961 (38.822661426130125, 0.9924157856031276, 36.61696859289822)
22.49999999999961 (38.875676757049725, 0.9922477128956675, 36.645174283043275)
22.51999999999961 (38.94288002594993, 0.9920041407997101, 36.68599472274617)
22.53999999999961 (38.986500556067995, 0.9918455230957809, 36.71261107531679)
22.559999999999608 (39.014853953584264, 0.9917424213957226, 36.7299117367903)
22.579999999999607 (39.08882176235746, 0.9916487776375716, 36.73917627648499)
22.599999999999607 (39.14898184551975, 0.9915811124516355, 36.744928449217475)
22.619999999999607 (39.18808597258779, 0.9915371299986563, 36.748667368474635)
22.639999999999606 (39.213503702640274, 0.991508541350841, 36.75109767052948)
22.659999999999606 (39.230025258022316, 0.9914899586950646, 36.752677369814656)
22.679999999999605 (39.24363024602912, 0.9914469871443689, 36.758563312704936)
22.699999999999605 (39.26241737434946, 0.9913247383204002, 36.77742620265486)
22.719999999999605 (39.27569632449285, 0.9912307242813783, 36.79208548664751)
22.739999999999604 (39.28879248956531, 0.9911286619855109, 36.80859034045265)
22.759999999999604 (39.30000814071479, 0.9910366758580462, 36.82375889257993)
22.779999999999603 (39.310100554018575, 0.99095053217729, 36.838280768792906)
22.799999999999603 (39.31900165695799, 0.9908721469665333, 36.85177443366573)
22.819999999999602 (39.32689535425611, 0.9908008905040782, 36.864289476258314)
22.839999999999602 (39.333782052497604, 0.9907370288818752, 36.87566422620646)
22.8599999999996 (39.33980439083195, 0.990679945388411, 36.88599486554335)
22.8799999999996 (39.34493680131665, 0.9906302916379848, 36.895154130215545)
22.8999999999996 (39.34924660944751, 0.9905875999782086, 36.90318220875792)
22.9199999999996 (39.352757033643954, 0.9905516876423831, 36.910062163954876)
22.9399999999996 (39.35530312207392, 0.9905243697166013, 36.91539925266042)
22.9599999999996 (39.35734398440358, 0.9905010220053307, 36.92007166226961)
22.9799999999996 (39.358724464550484, 0.9904850014881623, 36.923292841507)
22.9999999999996 (39.35962177832136, 0.9904745881325596, 36.925386611920636)
23.019999999999598 (39.360205033361446, 0.9904678194387799, 36.92674756523059)
23.039999999999598 (39.36058414984536, 0.9904634197796083, 36.92763218653375)
23.059999999999597 (39.36083057602003, 0.9904605599958074, 36.928207191454426)
23.079999999999597 (39.360990753332636, 0.990458701132866, 36.928580945350724)
23.099999999999596 (39.36109486878022, 0.9904574928696983, 36.9288238858369)
23.119999999999596 (39.36116254394751, 0.9904567074971726, 36.92898179744777)
23.139999999999596 (39.36120653288837, 0.9904561970040777, 36.92908444018648)
23.159999999999595 (39.36123512575333, 0.9904558651829467, 36.92915115809121)
23.179999999999595 (39.36125371115026, 0.9904556494988086, 36.92919452481025)
23.199999999999594 (39.361265791680815, 0.990455509303857, 36.92922271323025)
23.219999999999594 (39.36127364404033, 0.9904554181769682, 36.92924103573748)
23.239999999999593 (39.361278748083556, 0.9904553589443801, 36.929252945389415)
23.259999999999593 (39.36128206571784, 0.9904553204431259, 36.92926068667763)
23.279999999999593 (39.361284222184146, 0.9904552954172641, 36.92926571852437)
23.299999999999592 (39.36128562388988, 0.9904552791504233, 36.929268989230856)
23.31999999999959 (39.361286535000296, 0.9904552685769572, 36.92927111519405)
23.33999999999959 (39.36128712722317, 0.9904552617041913, 36.92927249707271)
23.35999999999959 (39.361287512168765, 0.9904552572368852, 36.9292733952955)
23.37999999999959 (39.36128776238386, 0.9904552543331306, 36.92927397914142)
23.39999999999959 (39.361287925023966, 0.9904552524456867, 36.92927435864198)
23.41999999999959 (39.36128803074025, 0.9904552512188458, 36.92927460531781)
23.43999999999959 (39.44955749074818, 0.9900950717465068, 36.990740094292505)
23.45999999999959 (39.54323368369779, 0.9898831336000259, 37.02267564990155)
23.47999999999959 (39.727390318702355, 0.989791450773101, 37.02186380746573)
23.499999999999588 (39.847126030439505, 0.9897312910918622, 37.02146519039618)
23.519999999999587 (39.92495438838446, 0.9896921872260448, 37.02120608881719)
23.539999999999587 (40.01091343980342, 0.9896676386380332, 37.01756011515852)
23.559999999999587 (40.089724711777244, 0.9896543953751058, 37.012625075398546)
23.579999999999586 (40.140927891329305, 0.9896466644113695, 37.0092839085367)
23.599999999999586 (40.174210020180276, 0.9896416392755585, 37.00711214602154)
23.619999999999585 (40.19584344432587, 0.9896383729311826, 37.00570049775095)
23.639999999999585 (40.20990519627565, 0.989636249803374, 37.00478292466184)
23.659999999999584 (40.21904535210887, 0.9896348697677215, 37.00418650104032)
23.679999999999584 (40.22498646449332, 0.9896339727428729, 37.00379882496247)
23.699999999999584 (40.22884819475356, 0.9896333896756326, 37.00354683504139)
23.719999999999583 (40.23393398110777, 0.9894537067433338, 37.03093005228701)
23.739999999999583 (40.23720717440819, 0.989294468650901, 37.055323286838885)
23.759999999999582 (40.238630856444374, 0.9891423431502209, 37.079031664517764)
23.779999999999582 (40.23858805205229, 0.9889970499081628, 37.102091988562236)
23.79999999999958 (40.23752415144944, 0.9888589217638443, 37.12439790266687)
23.81999999999958 (40.235717792046465, 0.9887281201908308, 37.14588199094149)
23.83999999999958 (40.233254540507815, 0.9886052295278848, 37.166432317100345)
23.85999999999958 (40.230246732624344, 0.9884905236623039, 37.18590820149279)
23.87999999999958 (40.22676600442579, 0.9883838108612991, 37.20417912003867)
23.89999999999958 (40.22282176710044, 0.9882854130777193, 37.221179727590695)
23.91999999999958 (40.21842340474378, 0.9881958350914788, 37.23686265343869)
23.93999999999958 (40.21358998546508, 0.988115102867303, 37.251190463606896)
23.959999999999578 (40.20834678826144, 0.9880431753473139, 37.2641302319436)
23.979999999999578 (40.2027111729995, 0.9879799844833408, 37.275664698918)
23.999999999999577 (40.19669651918074, 0.9879253017381829, 37.2857874738406)
24.019999999999577 (40.190314010810205, 0.9878789560579742, 37.29450665106271)
24.039999999999576 (40.18357064591059, 0.9878407339367729, 37.301846275514926)
24.059999999999576 (40.17647030440909, 0.987810365061135, 37.307844195874694)
24.079999999999576 (40.16901562948199, 0.9877875303405783, 37.31255044482638)
24.099999999999575 (40.16120976210387, 0.987771862750562, 37.316025990840814)
24.119999999999575 (40.153057790651104, 0.9877629490292169, 37.3183415224795)
24.139999999999574 (40.14456764674441, 0.9877603334624717, 37.319576135340014)
24.159999999999574 (40.13575030571468, 0.9877635232786335, 37.31981589279743)
24.179999999999573 (40.12661954448121, 0.9877719951246788, 37.31915233018654)
24.199999999999573 (40.117191685284084, 0.9877852018865287, 37.31768099622035)
24.219999999999573 (40.10748558866711, 0.9878025793830859, 37.315500081411045)
24.239999999999572 (40.09752288209534, 0.9878235528459318, 37.312709136171165)
24.25999999999957 (40.08732877581006, 0.9878474487583697, 37.30940703731577)
24.27999999999957 (40.07693144315137, 0.9878738100677257, 37.30569175958285)
24.29999999999957 (40.06635693290581, 0.9879020910416632, 37.301664422290365)
24.31999999999957 (40.0556381829775, 0.9879316983894629, 37.29741851429145)
24.33999999999957 (40.044812938644185, 0.9879620517163173, 37.29304432636681)
24.35999999999957 (40.03392471406199, 0.9879924815995524, 37.28862268753569)
24.37999999999957 (40.023012939538305, 0.9880226137114909, 37.28423392527716)
24.39999999999957 (40.05439756648683, 0.9880400893872684, 37.27971957232494)
24.41999999999957 (40.16138494385516, 0.9880422842474622, 37.2732702785597)
24.439999999999568 (40.3097333479423, 0.9880435981317486, 37.263814266363475)
24.459999999999567 (40.460798039235804, 0.9880764814592471, 37.24883488911768)
24.479999999999567 (40.62573883282217, 0.9881000947184274, 37.234803173976154)
24.499999999999567 (40.77419732865174, 0.9880991945886743, 37.2266319260624)
24.519999999999566 (40.90939100294276, 0.9880477943051681, 37.22802708033435)
24.539999999999566 (41.009725995279766, 0.9879214724578168, 37.244065554497666)
24.559999999999565 (41.070111233530646, 0.9878229367617719, 37.25803976197492)
24.579999999999565 (41.13142525016602, 0.9876709796998302, 37.280216579833926)
24.599999999999564 (41.15794929469732, 0.987511986648699, 37.30456982694455)
24.619999999999564 (41.17752582261949, 0.9873516489848964, 37.328723006566406)
24.639999999999564 (41.18889670360326, 0.9871876538407807, 37.35301263979181)
24.659999999999563 (41.19723903093074, 0.987025157514858, 37.37646329962685)
24.679999999999563 (41.202970139263684, 0.9868642548804631, 37.39924920542671)
24.699999999999562 (41.20644851081685, 0.9867056491804135, 37.421449333097144)
24.719999999999562 (41.20971328908238, 0.9865386904283803, 37.44485367702172)
24.73999999999956 (41.20963725577254, 0.9863877779363078, 37.46610396499719)
24.75999999999956 (41.20756828977442, 0.9862432224869119, 37.48663103823141)
24.77999999999956 (41.20363904523416, 0.9860925006776631, 37.50841862831399)
24.79999999999956 (41.198598961799355, 0.9859628692151926, 37.527285612673104)
24.81999999999956 (41.19392444896954, 0.9858199162189929, 37.54844500613585)
24.83999999999956 (41.189089716227876, 0.985696812677705, 37.5668326283977)
24.85999999999956 (41.182188862721425, 0.9855664928336272, 37.586658693596334)
24.87999999999956 (41.176855172394625, 0.9854396012831197, 37.606115574389314)
24.899999999999558 (41.17039810487785, 0.9853246939451861, 37.623633039884574)
24.919999999999558 (41.16499872419813, 0.9852063037294202, 37.64260060554863)
24.939999999999557 (41.156939508977224, 0.9850961384849927, 37.66002427826101)
24.959999999999557 (41.15078532096201, 0.9849775698951239, 37.67864164849026)
24.979999999999556 (41.14684004977912, 0.9848881272647838, 37.69269428876629)
24.999999999999556 (41.139056157473455, 0.9847888922832199, 37.70851598476488)
25.019999999999555 (41.13358636059703, 0.9846950914067525, 37.72347534200444)
25.039999999999555 (41.130190870677225, 0.9846215089688132, 37.73523205144791)
25.059999999999555 (41.12279753904529, 0.9845418158069178, 37.74815019582492)
25.079999999999554 (41.11790412236643, 0.9844680075806492, 37.76007606543404)
25.099999999999554 (41.11518089324668, 0.9844146057367944, 37.76869720274405)
25.119999999999553 (41.108145226833756, 0.9843561539156814, 37.778308488768495)
25.139999999999553 (41.10415034928362, 0.9842956177999133, 37.78811888191006)
25.159999999999553 (41.1016784265769, 0.9842559140093233, 37.79454802997315)
25.179999999999552 (41.09858844026701, 0.9842231081306109, 37.799891973788625)
25.19999999999955 (41.09547483434074, 0.9841739306188402, 37.80781956458137)
25.21999999999955 (41.09357084186224, 0.9841416233410454, 37.8130235001913)
25.23999999999955 (41.09233324444046, 0.9841206235712694, 37.81640606465346)
25.25999999999955 (41.09152880461429, 0.9841069736954287, 37.81860473565906)
25.27999999999955 (41.091005917750984, 0.9840981012595662, 37.82003387448109)
25.29999999999955 (41.089350033134835, 0.9840895483695755, 37.82146012536438)
25.31999999999955 (41.08493779761021, 0.9840786937098405, 37.82361728405784)
25.33999999999955 (41.07464325905659, 0.984085431790031, 37.823748627599706)
25.35999999999955 (41.06271286048072, 0.9840887927689493, 37.82428524600229)
25.379999999999548 (41.050361298176554, 0.984112490708507, 37.82153823309683)
25.399999999999547 (41.04235869286738, 0.9841284278766123, 37.81966853008531)
25.419999999999547 (41.030445114335244, 0.9841418560920766, 37.818330327377936)
25.439999999999547 (41.01809379002311, 0.9841731225067005, 37.81418194660534)
25.459999999999546 (41.01009023850242, 0.9841939730519131, 37.81140243566852)
25.479999999999546 (40.998707595193736, 0.9842090501462475, 37.809661753747136)
25.499999999999545 (40.98662140395676, 0.9842413986563906, 37.805239607452634)
25.519999999999545 (40.97878905129825, 0.9842629446334011, 37.80228344550112)
25.539999999999544 (40.96738706502631, 0.984277916278844, 37.80050651950413)
25.559999999999544 (40.95523391080368, 0.9843092941968403, 37.79619947981939)
25.579999999999544 (40.94735507933665, 0.9843301613603708, 37.79332602422821)
25.599999999999543 (40.93651632877994, 0.9843429890648882, 37.791844251014304)
25.619999999999543 (40.92466085692492, 0.9843725378015691, 37.78780430327646)
25.639999999999542 (40.916975008903215, 0.9843922190374021, 37.78510416221039)
25.659999999999542 (40.907141260249084, 0.9844061487707337, 37.78339553994181)
25.67999999999954 (40.89513934495966, 0.9844353856665371, 37.779410953473906)
25.69999999999954 (40.88735790842301, 0.9844548675537175, 37.776746473635036)
25.71999999999954 (40.8782614001834, 0.9844670178958268, 37.775279738074055)
25.73999999999954 (40.866941973537855, 0.9844943976393852, 37.77155513996465)
25.75999999999954 (40.859603299228475, 0.9845126614660464, 37.76906144286045)
25.77999999999954 (40.8506281530966, 0.9845240895306427, 37.76770411867145)
25.79999999999954 (40.83941304563256, 0.9845507308515135, 37.76410150884751)
25.81999999999954 (40.83214184908356, 0.9845685165338017, 37.76168720790013)
25.839999999999538 (40.82356513680312, 0.9845783986791516, 37.760555613241166)
25.859999999999538 (40.81300197931102, 0.9846024627007998, 37.75733027330023)
25.879999999999537 (40.806153568062705, 0.984618555336041, 37.75516415355935)
25.899999999999537 (40.7993455217395, 0.9846288907931696, 37.75388168033305)
25.919999999999536 (40.78848712979526, 0.9846531316880204, 37.75063932922666)
25.939999999999536 (40.781447593563755, 0.9846693600639506, 37.74845894642846)
25.959999999999535 (40.776871886469834, 0.9846799085280004, 37.74704169496343)
25.979999999999535 (40.76588455136582, 0.9847001652016005, 37.74441960716941)
25.999999999999535 (40.758761732163045, 0.9847138127651109, 37.74264073969095)
26.019999999999534 (40.754131891036714, 0.9847226836979561, 37.74148447367104)
26.039999999999534 (40.74552415049218, 0.9847384607348799, 37.739443255681)
26.059999999999533 (40.73818500624598, 0.9847220567748327, 37.742129074161504)
26.079999999999533 (40.72911273992674, 0.9846962948049509, 37.74635716048785)
26.099999999999532 (40.72173648139176, 0.9846692265620781, 37.750788943690694)
26.119999999999532 (40.71583695007157, 0.9846529341303939, 37.753536204469555)
26.13999999999953 (40.702883345352234, 0.9846282364869683, 37.757862770602955)
26.15999999999953 (40.69069682148677, 0.9846059139381607, 37.76178585979075)
26.17999999999953 (40.682775566184205, 0.9845914042543444, 37.76433587252403)
26.19999999999953 (40.67762674062399, 0.9845819729422545, 37.765993383895434)
26.21999999999953 (40.673467832421984, 0.9845653012129703, 37.76873052854549)
26.23999999999953 (40.66820160404876, 0.9845564760373997, 37.77032215864185)
26.25999999999953 (40.65621841390856, 0.9845247459518993, 37.77568044066152)
26.27999999999953 (40.64818103240314, 0.9845088655242175, 37.77844379475452)
26.299999999999528 (40.64216701585208, 0.9845004260211336, 37.779987072746394)
26.319999999999528 (40.633021561135436, 0.9844908965971928, 37.7818365627332)
26.339999999999527 (40.625555841825594, 0.984487929953847, 37.782648167986046)
26.359999999999527 (40.61990734637812, 0.9844812409409679, 37.78396327478049)
26.379999999999526 (40.6055788940721, 0.984446446632619, 37.789884432455494)
26.399999999999526 (40.59566533232326, 0.9844223081445498, 37.79399315015934)
26.419999999999526 (40.58922150515503, 0.9844066180980096, 37.79666382165334)
26.439999999999525 (40.58294332843711, 0.9843969974840483, 37.7984056106112)
26.459999999999525 (40.573801273278924, 0.9844070143289636, 37.79726430019527)
26.479999999999524 (40.56788054917357, 0.9844140278309303, 37.796444819335555)
26.499999999999524 (40.559387798458914, 0.9843941999715262, 37.79986582293649)
26.519999999999524 (40.54839500666327, 0.9843554647711719, 37.8063047091242)
26.539999999999523 (40.54124967865482, 0.984330286843931, 37.810489992960676)
26.559999999999523 (40.53429162160081, 0.9843139584130447, 37.81330775177085)
26.579999999999522 (40.52376226901024, 0.9843185410526716, 37.81307086457144)
26.599999999999522 (40.516940083335676, 0.9843220218274054, 37.8128393287073)
26.61999999999952 (40.51250565436755, 0.9843242843352069, 37.81268883011461)
26.63999999999952 (40.50144784367771, 0.9843391489214417, 37.81089633678013)
26.65999999999952 (40.494281880206415, 0.984349301732022, 37.80965508720692)
26.67999999999952 (40.488262517811954, 0.9843482768023849, 37.81008247831716)
26.69999999999952 (40.48058473434554, 0.9843309810763853, 37.813091048433314)
26.71999999999952 (40.474651339379506, 0.9843168386650699, 37.81554130182148)
26.73999999999952 (40.4650910225633, 0.9843034873372826, 37.81802405010939)
26.75999999999952 (40.455680697896526, 0.984310925326064, 37.81730118379167)
26.779999999999518 (40.449586213531745, 0.9843162610533502, 37.81675381976774)
26.799999999999518 (40.443490983088694, 0.9843195719641817, 37.81651748938111)
26.819999999999517 (40.43599463833646, 0.9843221352794393, 37.81652533146604)
26.839999999999517 (40.43068198447294, 0.984323598734272, 37.816604654730824)
26.859999999999516 (40.416815825621136, 0.9842959821871748, 37.82142922763362)
26.879999999999516 (40.40720036100745, 0.9842765555354049, 37.82481833968516)
26.899999999999515 (40.40095029733887, 0.9842639281881775, 37.827021266631824)
26.919999999999515 (40.39484386785668, 0.984256643988898, 37.82840625159718)
26.939999999999515 (40.385839986583214, 0.9842693721697647, 37.8268555169545)
26.959999999999514 (40.38000972396218, 0.984278142949056, 37.82577066878701)
26.979999999999514 (40.3741496899186, 0.9842838118050709, 37.8251631621105)
26.999999999999513 (40.36518980660028, 0.984300431428205, 37.82302302824571)
27.019999999999513 (40.359242227919914, 0.9843011752987175, 37.823212851828984)
27.039999999999512 (40.35119399596302, 0.9842913209492459, 37.825081936631385)
27.059999999999512 (40.344982180484244, 0.9842939900653414, 37.8249995827208)
27.07999999999951 (40.33995643212981, 0.9842976842137146, 37.82471322431042)
27.09999999999951 (40.32635595166529, 0.9842719377555719, 37.82922963623667)
27.11999999999951 (40.31691341676871, 0.9842537425179797, 37.832415938524115)
27.13999999999951 (40.31077575762613, 0.9842419155914625, 37.83448703887796)
27.15999999999951 (40.3047767862638, 0.9842352174020756, 37.8357742415389)
27.17999999999951 (40.29673316613511, 0.9842444673490378, 37.83471469123162)
27.19999999999951 (40.291464167557535, 0.9842531946918986, 37.83361188927008)
27.21999999999951 (40.28430795235207, 0.9842576950399988, 37.83324118347811)
27.239999999999508 (40.275694640506266, 0.9842776853933403, 37.83055527990892)
27.259999999999508 (40.2701186022257, 0.9842911766159123, 37.828732518045726)
27.279999999999507 (40.26285276608864, 0.9842825960282632, 37.830376848935316)
27.299999999999507 (40.25694972636885, 0.9842865785971643, 37.83008956071188)
27.319999999999506 (40.252139262261146, 0.9842916934128989, 37.82958266251233)
27.339999999999506 (40.23877893028145, 0.984267384564789, 37.833872144697864)
27.359999999999506 (40.22949218429337, 0.9842501355673422, 37.836909148418925)
27.379999999999505 (40.22345578813039, 0.9842389236980679, 37.83888320452343)
27.399999999999505 (40.217561552902076, 0.9842326571274763, 37.84010117491182)
27.419999999999504 (40.20993282427787, 0.9842417078651085, 37.83905638103278)
27.439999999999504 (40.204992258774354, 0.9842501877254934, 37.837978813067345)
27.459999999999503 (40.19788829993155, 0.9842549884537122, 37.83756095793275)
27.479999999999503 (40.18935621654168, 0.9842752012699778, 37.8348389418455)
27.499999999999503 (40.18383314676419, 0.9842888362288358, 37.83299284354933)
27.519999999999502 (40.17675448866797, 0.9842885681815878, 37.83335130282217)
27.5399999999995 (40.16535046033883, 0.9842705888825525, 37.83662323700003)
27.5599999999995 (40.15793782808453, 0.984258902316359, 37.83874999818659)
27.5799999999995 (40.15311960812298, 0.98425130603415, 37.84013239553898)
27.5999999999995 (40.147761438851575, 0.9842526210461628, 37.840175430838336)
27.6199999999995 (40.14283364856661, 0.9842575887753859, 37.83964019156377)
27.6399999999995 (40.13473721501348, 0.9842571462947126, 37.84007576698715)
27.6599999999995 (40.12649791237728, 0.9842743707297948, 37.83780227313312)
27.6799999999995 (40.121165360184044, 0.9842860638839314, 37.8362475807825)
27.6999999999995 (40.11577489070142, 0.9842936488468746, 37.83532600233703)
27.719999999999498 (40.10796729196585, 0.9843070221279975, 37.833648494593376)
27.739999999999498 (40.10326136641558, 0.9843104690792743, 37.833364541632534)
27.759999999999497 (40.094096188550466, 0.9842972507920711, 37.83580589938095)
27.779999999999497 (40.083290579798685, 0.9842719556522515, 37.84017104779296)
27.799999999999496 (40.076266920995934, 0.9842555137806694, 37.84300839955848)
27.819999999999496 (40.071701534249954, 0.9842448265441865, 37.84485268164958)
27.839999999999495 (40.06383063676468, 0.9842489781565251, 37.8445721688851)
27.859999999999495 (40.05766004682924, 0.9842542520912048, 37.84404311180243)
27.879999999999495 (40.053649155882354, 0.9842576801551473, 37.8436992240566)
27.899999999999494 (40.04303454078366, 0.9842735493804141, 37.84174259776588)
27.919999999999494 (40.036157702571224, 0.9842843494239651, 37.840395562989634)
27.939999999999493 (40.03168774938715, 0.9842913694653809, 37.839519988750276)
27.959999999999493 (40.02667425252043, 0.9843004910283888, 37.838350318704954)
27.979999999999492 (40.02204726018159, 0.9843094289179626, 37.83719307896712)
27.999999999999492 (40.01456829004287, 0.9843117764679242, 37.83717663833112)
28.01999999999949 (40.00657718295201, 0.9843317094429083, 37.834480487190895)
28.03999999999949 (40.00140622282469, 0.9843451635683687, 37.83265104863285)
28.05999999999949 (39.99560615372798, 0.9843431343989641, 37.83322969655637)
28.07999999999949 (39.98747359180822, 0.9843343398884293, 37.834957399550376)
28.09999999999949 (39.981620483507974, 0.9843286074089143, 37.83611028884968)
28.11999999999949 (39.97566748366687, 0.9843240039289929, 37.837091891764906)
28.13999999999949 (39.9665458927772, 0.984334745638602, 37.83586170651942)
28.15999999999949 (39.96064010151145, 0.9843422241983983, 37.83498544341635)
28.179999999999488 (39.95680133002123, 0.9843470852713425, 37.8344158713359)
28.199999999999488 (39.947825781245804, 0.9843623345116966, 37.832489121244016)
28.219999999999487 (39.94201452848444, 0.9843727321674965, 37.83116148679793)
28.239999999999487 (39.93707315746112, 0.9843739981975971, 37.83119653307171)
28.259999999999486 (39.93215541669625, 0.9843791594226753, 37.83069582345262)
28.279999999999486 (39.92831367904602, 0.9843872116962172, 37.82970647921418)
28.299999999999486 (39.91572707692348, 0.9843661565358274, 37.83347619619919)
28.319999999999485 (39.90694073202878, 0.9843510568814148, 37.836170505322194)
28.339999999999485 (39.90122959718378, 0.984341242087721, 37.837921809522065)
28.359999999999484 (39.89751735260328, 0.9843348624599083, 37.83906015937742)
28.379999999999484 (39.88857774901294, 0.9843480615401448, 37.837452896103706)
28.399999999999483 (39.88278993228326, 0.9843571266657523, 37.836332862394805)
28.419999999999483 (39.87902784438464, 0.984363019008399, 37.83560483912469)
28.439999999999483 (39.871995024462365, 0.9843768008969443, 37.83381976842971)
28.459999999999482 (39.86643769786062, 0.9843880853806021, 37.83234919199807)
28.47999999999948 (39.86282542882489, 0.984395420308675, 37.83139331553277)
28.49999999999948 (39.85350423369222, 0.9844140205288873, 37.828970268973904)
28.51999999999948 (39.847468426423504, 0.9844265958520154, 37.8273200892815)
28.53999999999948 (39.842415650540836, 0.9844295145996623, 37.82710639421409)
28.55999999999948 (39.83767792503553, 0.984418741616746, 37.82899989428562)
28.57999999999948 (39.832001089962574, 0.9844153583251691, 37.829802596137796)
28.59999999999948 (39.825042791444744, 0.9844109770037024, 37.83080669224839)
28.61999999999948 (39.817139369266066, 0.9844232159667312, 37.829299837730176)
28.63999999999948 (39.812025623630056, 0.9844316672041202, 37.828243754497535)
28.659999999999478 (39.80870168276041, 0.9844371605186799, 37.827557299114616)
28.679999999999477 (39.799110117819765, 0.9844559907456517, 37.82511600225994)
28.699999999999477 (39.79289869211519, 0.9844687161157543, 37.82345389165628)
28.719999999999477 (39.78686935594663, 0.9844680755299907, 37.82382880696299)
28.739999999999476 (39.78303876886729, 0.9844578469488131, 37.825590063284196)
28.759999999999476 (39.77867383408543, 0.9844538022380782, 37.82643217124528)
28.779999999999475 (39.771091394580935, 0.9844476518357747, 37.82773738163461)
28.799999999999475 (39.76353588480914, 0.9844602551440891, 37.82616038650472)
28.819999999999474 (39.758648386625914, 0.9844689433992186, 37.825058675386806)
28.839999999999474 (39.75547150687516, 0.9844745907755972, 37.82434256182308)
28.859999999999474 (39.74565168535213, 0.984494561816655, 37.82174003658495)
28.879999999999473 (39.739291992878805, 0.9845080290714361, 37.8199730849668)
28.899999999999473 (39.73320190046792, 0.9845079308299768, 37.820267806348)
28.919999999999472 (39.729343696781115, 0.9844979840984237, 37.8219856321474)
28.939999999999472 (39.72644703128885, 0.9844919213698212, 37.82306248995549)
28.95999999999947 (39.71833284274734, 0.9844837037598142, 37.82471108532946)
28.97999999999947 (39.71090852617771, 0.9844963950288232, 37.823116559758326)
28.99999999999947 (39.706106384021744, 0.9845051405420475, 37.82200346071833)
29.01999999999947 (39.702984985792305, 0.9845108251362575, 37.82127994499144)
29.03999999999947 (39.69349188282269, 0.9845302830553361, 37.81874442468922)
29.05999999999947 (39.68734463073299, 0.9845434168422053, 37.81702104419967)
29.07999999999947 (39.68224949678904, 0.9845465155652633, 37.81678311583142)
29.09999999999947 (39.67890705973818, 0.9845317405841472, 37.81922582658702)
29.119999999999468 (39.67378665930359, 0.9845322020415974, 37.81941989510942)
29.139999999999468 (39.667294518947955, 0.9845303962844416, 37.82001406785592)
29.159999999999467 (39.659880087202254, 0.9845445282942958, 37.81820397341849)
29.179999999999467 (39.65508444190374, 0.9845542105749242, 37.81695076647807)
29.199999999999466 (39.65196726663953, 0.9845605040690834, 37.81613618044585)
29.219999999999466 (39.64628470339346, 0.9845744257203599, 37.814319828657375)
29.239999999999466 (39.643106917076544, 0.9845836532489441, 37.813112685438476)
29.259999999999465 (39.63123752493326, 0.9845643737380109, 37.81657227140362)
29.279999999999465 (39.62291661443616, 0.9845504524221073, 37.81906169698885)
29.299999999999464 (39.61750801251447, 0.9845414035498744, 37.82067982664051)
29.319999999999464 (39.61399241470128, 0.9845355217719413, 37.82173161287792)
29.339999999999463 (39.60803046541766, 0.9845436955043171, 37.82076253319381)
29.359999999999463 (39.603366781646024, 0.9845517808532768, 37.81974804963537)
29.379999999999463 (39.59859513158384, 0.9845563403569139, 37.81927687543827)
29.399999999999462 (39.59240820934816, 0.9845691830987612, 37.81760516757315)
29.41999999999946 (39.588462219562594, 0.984580151024348, 37.81611506348004)
29.43999999999946 (39.58380264350704, 0.9845877127161851, 37.81517830906941)
29.45999999999946 (39.57605139871958, 0.9846099206207952, 37.812142434509255)
29.47999999999946 (39.571036871028944, 0.9846248520894354, 37.81009259321529)
29.49999999999946 (39.56777742194421, 0.9846345575621729, 37.80876019388644)
29.51999999999946 (39.56393156651025, 0.9846459338151002, 37.8072580595486)
29.53999999999946 (39.56098107153174, 0.9846553549496913, 37.80602179891824)
29.55999999999946 (39.549344079679194, 0.9846365070438436, 37.80941245637653)
29.57999999999946 (39.5411749358808, 0.9846228733353868, 37.81185599164329)
29.599999999999458 (39.53586498249745, 0.9846140114083435, 37.813444292532246)
29.619999999999457 (39.53241350635391, 0.98460825114501, 37.81447669003769)
29.639999999999457 (39.52677742825068, 0.984616017854613, 37.81355902775425)
29.659999999999457 (39.52238716251313, 0.9846237332861577, 37.81259185715945)
29.679999999999456 (39.51953348445551, 0.9846287483260255, 37.811963195099025)
29.699999999999456 (39.51018158140687, 0.9846469707450174, 37.80961715310712)
29.719999999999455 (39.50412614492885, 0.9846592983218372, 37.80801744725536)
29.739999999999455 (39.500190103869016, 0.9846673112617315, 37.80697763651025)
29.759999999999454 (39.4976316724032, 0.9846725196823876, 37.80630175826399)
29.779999999999454 (39.49450279582963, 0.9846791501371553, 37.805446473951015)
29.799999999999454 (39.4880069933684, 0.9846808055528443, 37.80550528622329)
29.819999999999453 (39.4814604530796, 0.9846991552032115, 37.803007044226746)
29.839999999999453 (39.47722908921782, 0.9847115779241457, 37.80130672386571)
29.859999999999452 (39.47447869757233, 0.9847196527078296, 37.80020151356746)
29.879999999999452 (39.469386816405084, 0.984734476793669, 37.798232846569675)
29.89999999999945 (39.466708726809635, 0.9847442043600249, 37.79693985818186)
29.91999999999945 (39.45529125466866, 0.9847256766020313, 37.80027171581214)
29.93999999999945 (39.447264848075584, 0.9847122573274841, 37.80267597185313)
29.95999999999945 (39.44204767404893, 0.9847035347827421, 37.80423874119766)
29.97999999999945 (39.43865650459984, 0.9846978651180737, 37.80525454316825)
29.99999999999945 (39.43451739079452, 0.9847014720030394, 37.804900641507956)
