0.0 (-30.0, 1.0, -30.0)
0.02 (-30.0, 1.0, -30.0)
0.04 (-30.0, 1.0, -30.0)
0.06 (-30.0, 1.0, -30.0)
0.08 (-30.0, 1.0, -30.0)
0.1 (-30.0, 1.0, -30.0)
0.12000000000000001 (-30.0, 1.0, -30.0)
0.14 (-30.0, 1.0, -30.0)
0.16 (-30.0, 1.0, -30.0)
0.18 (-30.0, 1.0, -30.0)
0.19999999999999998 (-30.0, 1.0, -30.0)
0.21999999999999997 (-30.0, 1.0, -30.0)
0.23999999999999996 (-30.0, 1.0, -30.0)
0.25999999999999995 (-30.0, 1.0, -30.0)
0.27999999999999997 (-30.0, 1.0, -30.0)
0.3 (-30.0, 1.0, -30.0)
0.32 (-30.0, 1.0, -30.0)
0.34 (-30.0, 1.0, -30.0)
0.36000000000000004 (-30.0, 1.0, -30.0)
0.38000000000000006 (-30.0, 1.0, -30.0)
0.4000000000000001 (-30.0, 1.0, -30.0)
0.4200000000000001 (-30.0, 1.0, -30.0)
0.4400000000000001 (-30.0, 1.0, -30.0)
0.46000000000000013 (-30.0, 1.0, -30.0)
0.48000000000000015 (-30.0, 1.0, -30.0)
0.5000000000000001 (-30.0, 1.0, -30.0)
0.5200000000000001 (-30.0, 1.0, -30.0)
0.5400000000000001 (-30.0, 1.0, -30.0)
0.5600000000000002 (-30.0, 1.0, -30.0)
0.5800000000000002 (-30.0, 1.0, -30.0)
0.6000000000000002 (-30.0, 1.0, -30.0)
0.6200000000000002 (-30.0, 1.0, -30.0)
0.6400000000000002 (-30.0, 1.0, -30.0)
0.6600000000000003 (-30.0, 1.0, -30.0)
0.6800000000000003 (-30.0, 1.0, -30.0)
0.7000000000000003 (-30.0, 1.0, -30.0)
0.7200000000000003 (-30.0, 1.0, -30.0)
0.7400000000000003 (-30.0, 1.0, -30.0)
0.7600000000000003 (-30.0, 1.0, -30.0)
0.7800000000000004 (-30.0, 1.0, -30.0)
0.8000000000000004 (-30.0, 1.0, -30.0)
0.8200000000000004 (-30.0, 1.0, -30.0)
0.8400000000000004 (-30.0, 1.0, -30.0)
0.8600000000000004 (-30.0, 1.0, -30.0)
0.8800000000000004 (-30.0, 1.0, -30.0)
0.9000000000000005 (-30.0, 1.0, -30.0)
0.9200000000000005 (-30.0, 1.0, -30.0)
0.9400000000000005 (-30.0, 1.0, -30.0)
0.9600000000000005 (-30.0, 1.0, -30.0)
0.9800000000000005 (-30.0, 1.0, -30.0)
1.0000000000000004 (-30.0, 1.0, -30.0)
1.0200000000000005 (-30.0, 1.0, -30.0)
1.0400000000000005 (-30.0, 1.0, -30.0)
1.0600000000000005 (-30.0, 1.0, -30.0)
1.0800000000000005 (-30.0, 1.0, -30.0)
1.1000000000000005 (-30.0, 1.0, -30.0)
1.1200000000000006 (-30.0, 1.0, -30.0)
1.1400000000000006 (-30.0, 1.0, -30.0)
1.1600000000000006 (-30.0, 1.0, -30.0)
1.1800000000000006 (-30.0, 1.0, -30.0)
1.2000000000000006 (-30.0, 1.0, -30.0)
1.2200000000000006 (-30.0, 1.0, -30.0)
1.2400000000000007 (-30.0, 1.0, -30.0)
1.2600000000000007 (-30.0, 1.0, -30.0)
1.2800000000000007 (-30.0, 1.0, -30.0)
1.3000000000000007 (-30.0, 1.0, -30.0)
1.3200000000000007 (-30.0, 1.0, -30.0)
1.3400000000000007 (-30.0, 1.0, -30.0)
1.3600000000000008 (-30.0, 1.0, -30.0)
1.3800000000000008 (-30.0, 1.0, -30.0)
1.4000000000000008 (-30.0, 1.0, -30.0)
1.4200000000000008 (-30.0, 1.0, -30.0)
1.4400000000000008 (-30.0, 1.0, -30.0)
1.4600000000000009 (-30.0, 1.0, -30.0)
1.4800000000000009 (-30.0, 1.0, -30.0)
1.5000000000000009 (-30.0, 1.0, -30.0)
1.520000000000001 (-30.0, 1.0, -30.0)
1.540000000000001 (-30.0, 1.0, -30.0)
1.560000000000001 (-30.0, 1.0, -30.0)
1.580000000000001 (-30.0, 1.0, -30.0)
1.600000000000001 (-30.0, 1.0, -30.0)
1.620000000000001 (-30.0, 1.0, -30.0)
1.640000000000001 (-30.0, 1.0, -30.0)
1.660000000000001 (-30.0, 1.0, -30.0)
1.680000000000001 (-30.0, 1.0, -30.0)
1.700000000000001 (-30.0, 1.0, -30.0)
1.720000000000001 (-30.0, 1.0, -30.0)
1.740000000000001 (-30.0, 1.0, -30.0)
1.7600000000000011 (-30.0, 1.0, -30.0)
1.7800000000000011 (-30.0, 1.0, -30.0)
1.8000000000000012 (-30.0, 1.0, -30.0)
1.8200000000000012 (-30.0, 1.0, -30.0)
1.8400000000000012 (-30.0, 1.0, -30.0)
1.8600000000000012 (-30.0, 1.0, -30.0)
1.8800000000000012 (-30.0, 1.0, -30.0)
1.9000000000000012 (-30.0, 1.0, -30.0)
1.9200000000000013 (-30.0, 1.0, -30.0)
1.9400000000000013 (-30.0, 1.0, -30.0)
1.9600000000000013 (-30.0, 1.0, -30.0)
1.9800000000000013 (-30.0, 1.0, -30.0)
2.0000000000000013 (-30.0, 1.0, -30.0)
2.0200000000000014 (-30.0, 1.0, -30.0)
2.0400000000000014 (-30.0, 1.0, -30.0)
2.0600000000000014 (-30.0, 1.0, -30.0)
2.0800000000000014 (-30.0, 1.0, -30.0)
2.1000000000000014 (-30.0, 1.0, -30.0)
2.1200000000000014 (-30.0, 1.0, -30.0)
2.1400000000000015 (-30.0, 1.0, -30.0)
2.1600000000000015 (-30.0, 1.0, -30.0)
2.1800000000000015 (-30.0, 1.0, -30.0)
2.2000000000000015 (-30.0, 1.0, -30.0)
2.2200000000000015 (-30.0, 1.0, -30.0)
2.2400000000000015 (-30.0, 1.0, -30.0)
2.2600000000000016 (-30.0, 1.0, -30.0)
2.2800000000000016 (-30.0, 1.0, -30.0)
2.3000000000000016 (-30.0, 1.0, -30.0)
2.3200000000000016 (-30.0, 1.0, -30.0)
2.3400000000000016 (-30.0, 1.0, -30.0)
2.3600000000000017 (-30.0, 1.0, -30.0)
2.3800000000000017 (-30.0, 1.0, -30.0)
2.4000000000000017 (-30.0, 1.0, -30.0)
2.4200000000000017 (-30.0, 1.0, -30.0)
2.4400000000000017 (-30.0, 1.0, -30.0)
2.4600000000000017 (-30.0, 1.0, -30.0)
2.4800000000000018 (-30.0, 1.0, -30.0)
2.5000000000000018 (-30.0, 1.0, -30.0)
2.520000000000002 (-30.0, 1.0, -30.0)
2.540000000000002 (-30.0, 1.0, -30.0)
2.560000000000002 (-30.0, 1.0, -30.0)
2.580000000000002 (-30.0, 1.0, -30.0)
2.600000000000002 (-30.0, 1.0, -30.0)
2.620000000000002 (-30.0, 1.0, -30.0)
2.640000000000002 (-30.0, 1.0, -30.0)
2.660000000000002 (-30.0, 1.0, -30.0)
2.680000000000002 (-30.0, 1.0, -30.0)
2.700000000000002 (-30.0, 1.0, -30.0)
2.720000000000002 (-30.0, 1.0, -30.0)
2.740000000000002 (-30.0, 1.0, -30.0)
2.760000000000002 (-30.0, 1.0, -30.0)
2.780000000000002 (-30.0, 1.0, -30.0)
2.800000000000002 (-30.0, 1.0, -30.0)
2.820000000000002 (-30.0, 1.0, -30.0)
2.840000000000002 (-30.0, 1.0, -30.0)
2.860000000000002 (-30.0, 1.0, -30.0)
2.880000000000002 (-30.0, 1.0, -30.0)
2.900000000000002 (-30.0, 1.0, -30.0)
2.920000000000002 (-30.0, 1.0, -30.0)
2.940000000000002 (-30.0, 1.0, -30.0)
2.960000000000002 (-30.0, 1.0, -30.0)
2.980000000000002 (-30.0, 1.0, -30.0)
3.000000000000002 (-30.0, 1.0, -30.0)
3.0200000000000022 (-30.0, 1.0, -30.0)
3.0400000000000023 (-30.0, 1.0, -30.0)
3.0600000000000023 (-30.0, 1.0, -30.0)
3.0800000000000023 (-30.0, 1.0, -30.0)
3.1000000000000023 (-30.0, 1.0, -30.0)
3.1200000000000023 (-30.0, 1.0, -30.0)
3.1400000000000023 (-30.0, 1.0, -30.0)
3.1600000000000024 (-30.0, 1.0, -30.0)
3.1800000000000024 (-30.0, 1.0, -30.0)
3.2000000000000024 (-30.0, 1.0, -30.0)
3.2200000000000024 (-30.0, 1.0, -30.0)
3.2400000000000024 (-30.0, 1.0, -30.0)
3.2600000000000025 (-30.0, 1.0, -30.0)
3.2800000000000025 (-30.0, 1.0, -30.0)
3.3000000000000025 (-30.0, 1.0, -30.0)
3.3200000000000025 (-30.0, 1.0, -30.0)
3.3400000000000025 (-30.0, 1.0, -30.0)
3.3600000000000025 (-30.0, 1.0, -30.0)
3.3800000000000026 (-30.0, 1.0, -30.0)
3.4000000000000026 (-30.0, 1.0, -30.0)
3.4200000000000026 (-30.0, 1.0, -30.0)
3.4400000000000026 (-30.0, 1.0, -30.0)
3.4600000000000026 (-30.0, 1.0, -30.0)
3.4800000000000026 (-30.0, 1.0, -30.0)
3.5000000000000027 (-30.0, 1.0, -30.0)
3.5200000000000027 (-30.0, 1.0, -30.0)
3.5400000000000027 (-30.0, 1.0, -30.0)
3.5600000000000027 (-30.0, 1.0, -30.0)
3.5800000000000027 (-30.0, 1.0, -30.0)
3.6000000000000028 (-30.0, 1.0, -30.0)
3.6200000000000028 (-30.0, 1.0, -30.0)
3.640000000000003 (-30.0, 1.0, -30.0)
3.660000000000003 (-30.0, 1.0, -30.0)
3.680000000000003 (-30.0, 1.0, -30.0)
3.700000000000003 (-30.0, 1.0, -30.0)
3.720000000000003 (-30.0, 1.0, -30.0)
3.740000000000003 (-30.0, 1.0, -30.0)
3.760000000000003 (-30.0, 1.0, -30.0)
3.780000000000003 (-30.0, 1.0, -30.0)
3.800000000000003 (-30.0, 1.0, -30.0)
3.820000000000003 (-30.0, 1.0, -30.0)
3.840000000000003 (-30.0, 1.0, -30.0)
3.860000000000003 (-30.0, 1.0, -30.0)
3.880000000000003 (-30.0, 1.0, -30.0)
3.900000000000003 (-30.0, 1.0, -30.0)
3.920000000000003 (-30.0, 1.0, -30.0)
3.940000000000003 (-30.0, 1.0, -30.0)
3.960000000000003 (-30.0, 1.0, -30.0)
3.980000000000003 (-30.0, 1.0, -30.0)
4.000000000000003 (-30.0, 1.0, -30.0)
4.020000000000002 (-30.0, 1.0, -30.0)
4.040000000000002 (-30.0, 1.0, -30.0)
4.060000000000001 (-30.0, 1.0, -30.0)
4.080000000000001 (-30.0, 1.0, -30.0)
4.1000000000000005 (-30.0, 1.0, -30.0)
4.12 (-30.0, 1.0, -30.0)
4.14 (-30.0, 1.0, -30.0)
4.159999999999999 (-30.0, 1.0, -30.0)
4.179999999999999 (-30.0, 1.0, -30.0)
4.199999999999998 (-30.0, 1.0, -30.0)
4.219999999999998 (-30.0, 1.0, -30.0)
4.2399999999999975 (-30.0, 1.0, -30.0)
4.259999999999997 (-30.0, 1.0, -30.0)
4.279999999999997 (-30.0, 1.0, -30.0)
4.299999999999996 (-30.0, 1.0, -30.0)
4.319999999999996 (-30.0, 1.0, -30.0)
4.339999999999995 (-30.0, 1.0, -30.0)
4.359999999999995 (-30.0, 1.0, -30.0)
4.379999999999995 (-30.0, 1.0, -30.0)
4.399999999999994 (-30.0, 1.0, -30.0)
4.419999999999994 (-30.0, 1.0, -30.0)
4.439999999999993 (-30.0, 1.0, -30.0)
4.459999999999993 (-30.0, 1.0, -30.0)
4.479999999999992 (-30.0, 1.0, -30.0)
4.499999999999992 (-30.0, 1.0, -30.0)
4.519999999999992 (-30.0, 1.0, -30.0)
4.539999999999991 (-30.0, 1.0, -30.0)
4.559999999999991 (-30.0, 1.0, -30.0)
4.57999999999999 (-30.0, 1.0, -30.0)
4.59999999999999 (-30.0, 1.0, -30.0)
4.6199999999999894 (-30.0, 1.0, -30.0)
4.639999999999989 (-30.0, 1.0, -30.0)
4.659999999999989 (-30.0, 1.0, -30.0)
4.679999999999988 (-30.0, 1.0, -30.0)
4.699999999999988 (-30.0, 1.0, -30.0)
4.719999999999987 (-30.0, 1.0, -30.0)
4.739999999999987 (-30.0, 1.0, -30.0)
4.7599999999999865 (-30.0, 1.0, -30.0)
4.779999999999986 (-30.0, 1.0, -30.0)
4.799999999999986 (-30.0, 1.0, -30.0)
4.819999999999985 (-30.0, 1.0, -30.0)
4.839999999999985 (-30.0, 1.0, -30.0)
4.859999999999984 (-30.0, 1.0, -30.0)
4.879999999999984 (-30.0, 1.0, -30.0)
4.8999999999999835 (-30.0, 1.0, -30.0)
4.919999999999983 (-30.0, 1.0, -30.0)
4.939999999999983 (-30.0, 1.0, -30.0)
4.959999999999982 (-30.0, 1.0, -30.0)
4.979999999999982 (-30.0, 1.0, -30.0)
4.999999999999981 (-30.0, 1.0, -30.0)
5.019999999999981 (-30.0, 1.0, -30.0)
5.0399999999999805 (-30.0, 1.0, -30.0)
5.05999999999998 (-30.0, 1.0, -30.0)
5.07999999999998 (-30.0, 1.0, -30.0)
5.099999999999979 (-30.0, 1.0, -30.0)
5.119999999999979 (-30.0, 1.0, -30.0)
5.139999999999978 (-30.0, 1.0, -30.0)
5.159999999999978 (-30.0, 1.0, -30.0)
5.1799999999999775 (-30.0, 1.0, -30.0)
5.199999999999977 (-30.0, 1.0, -30.0)
5.219999999999977 (-30.0, 1.0, -30.0)
5.239999999999976 (-30.0, 1.0, -30.0)
5.259999999999976 (-30.0, 1.0, -30.0)
5.279999999999975 (-30.0, 1.0, -30.0)
5.299999999999975 (-30.0, 1.0, -30.0)
5.3199999999999745 (-30.0, 1.0, -30.0)
5.339999999999974 (-30.0, 1.0, -30.0)
5.359999999999974 (-30.0, 1.0, -30.0)
5.379999999999973 (-30.0, 1.0, -30.0)
5.399999999999973 (-30.0, 1.0, -30.0)
5.419999999999972 (-30.0, 1.0, -30.0)
5.439999999999972 (-30.0, 1.0, -30.0)
5.4599999999999715 (-30.0, 1.0, -30.0)
5.479999999999971 (-30.0, 1.0, -30.0)
5.499999999999971 (-30.0, 1.0, -30.0)
5.51999999999997 (-30.0, 1.0, -30.0)
5.53999999999997 (-30.0, 1.0, -30.0)
5.559999999999969 (-30.0, 1.0, -30.0)
5.579999999999969 (-30.0, 1.0, -30.0)
5.599999999999969 (-30.0, 1.0, -30.0)
5.619999999999968 (-30.0, 1.0, -30.0)
5.639999999999968 (-30.0, 1.0, -30.0)
5.659999999999967 (-30.0, 1.0, -30.0)
5.679999999999967 (-30.0, 1.0, -30.0)
5.699999999999966 (-30.0, 1.0, -30.0)
5.719999999999966 (-30.0, 1.0, -30.0)
5.739999999999966 (-30.0, 1.0, -30.0)
5.759999999999965 (-30.0, 1.0, -30.0)
5.779999999999965 (-30.0, 1.0, -30.0)
5.799999999999964 (-30.0, 1.0, -30.0)
5.819999999999964 (-30.0, 1.0, -30.0)
5.839999999999963 (-30.0, 1.0, -30.0)
5.859999999999963 (-30.0, 1.0, -30.0)
5.879999999999963 (-30.0, 1.0, -30.0)
5.899999999999962 (-30.0, 1.0, -30.0)
5.919999999999962 (-30.0, 1.0, -30.0)
5.939999999999961 (-30.0, 1.0, -30.0)
5.959999999999961 (-30.0, 1.0, -30.0)
5.9799999999999605 (-30.0, 1.0, -30.0)
5.99999999999996 (-30.0, 1.0, -30.0)
6.01999999999996 (-30.0, 1.0, -30.0)
6.039999999999959 (-30.0, 1.0, -30.0)
6.059999999999959 (-30.0, 1.0, -30.0)
6.079999999999958 (-30.0, 1.0, -30.0)
6.099999999999958 (-30.0, 1.0, -30.0)
6.1199999999999575 (-30.0, 1.0, -30.0)
6.139999999999957 (-30.0, 1.0, -30.0)
6.159999999999957 (-30.0, 1.0, -30.0)
6.179999999999956 (-30.0, 1.0, -30.0)
6.199999999999956 (-30.0, 1.0, -30.0)
6.219999999999955 (-30.0, 1.0, -30.0)
6.239999999999955 (-30.0, 1.0, -30.0)
6.2599999999999545 (-30.0, 1.0, -30.0)
6.279999999999954 (-30.0, 1.0, -30.0)
6.299999999999954 (-30.0, 1.0, -30.0)
6.319999999999953 (-30.0, 1.0, -30.0)
6.339999999999953 (-30.0, 1.0, -30.0)
6.359999999999952 (-30.0, 1.0, -30.0)
6.379999999999952 (-30.0, 1.0, -30.0)
6.3999999999999515 (-30.0, 1.0, -30.0)
6.419999999999951 (-30.0, 1.0, -30.0)
6.439999999999951 (-30.0, 1.0, -30.0)
6.45999999999995 (-30.0, 1.0, -30.0)
6.47999999999995 (-30.0, 1.0, -30.0)
6.499999999999949 (-30.0, 1.0, -30.0)
6.519999999999949 (-30.0, 1.0, -30.0)
6.5399999999999485 (-30.0, 1.0, -30.0)
6.559999999999948 (-30.0, 1.0, -30.0)
6.579999999999948 (-30.0, 1.0, -30.0)
6.599999999999947 (-30.0, 1.0, -30.0)
6.619999999999947 (-30.0, 1.0, -30.0)
6.639999999999946 (-30.0, 1.0, -30.0)
6.659999999999946 (-30.0, 1.0, -30.0)
6.6799999999999455 (-30.0, 1.0, -30.0)
6.699999999999945 (-30.0, 1.0, -30.0)
6.719999999999945 (-30.0, 1.0, -30.0)
6.739999999999944 (-30.0, 1.0, -30.0)
6.759999999999944 (-30.0, 1.0, -30.0)
6.779999999999943 (-30.0, 1.0, -30.0)
6.799999999999943 (-30.0, 1.0, -30.0)
6.8199999999999426 (-30.0, 1.0, -30.0)
6.839999999999942 (-30.0, 1.0, -30.0)
6.859999999999942 (-30.0, 1.0, -30.0)
6.879999999999941 (-30.0, 1.0, -30.0)
6.899999999999941 (-30.0, 1.0, -30.0)
6.91999999999994 (-30.0, 1.0, -30.0)
6.93999999999994 (-30.0, 1.0, -30.0)
6.95999999999994 (-30.0, 1.0, -30.0)
6.979999999999939 (-30.0, 1.0, -30.0)
6.999999999999939 (-30.0, 1.0, -30.0)
7.019999999999938 (-30.0, 1.0, -30.0)
7.039999999999938 (-30.0, 1.0, -30.0)
7.059999999999937 (-30.0, 1.0, -30.0)
7.079999999999937 (-30.0, 1.0, -30.0)
7.099999999999937 (-30.0, 1.0, -30.0)
7.119999999999936 (-30.0, 1.0, -30.0)
7.139999999999936 (-30.0, 1.0, -30.0)
7.159999999999935 (-30.0, 1.0, -30.0)
7.179999999999935 (-30.0, 1.0, -30.0)
7.1999999999999345 (-30.0, 1.0, -30.0)
7.219999999999934 (-30.0, 1.0, -30.0)
7.239999999999934 (-30.0, 1.0, -30.0)
7.259999999999933 (-30.0, 1.0, -30.0)
7.279999999999933 (-30.0, 1.0, -30.0)
7.299999999999932 (-30.0, 1.0, -30.0)
7.319999999999932 (-30.0, 1.0, -30.0)
7.3399999999999315 (-30.0, 1.0, -30.0)
7.359999999999931 (-30.0, 1.0, -30.0)
7.379999999999931 (-30.0, 1.0, -30.0)
7.39999999999993 (-30.0, 1.0, -30.0)
7.41999999999993 (-30.0, 1.0, -30.0)
7.439999999999929 (-30.0, 1.0, -30.0)
7.459999999999929 (-30.0, 1.0, -30.0)
7.4799999999999285 (-30.0, 1.0, -30.0)
7.499999999999928 (-30.0, 1.0, -30.0)
7.519999999999928 (-30.0, 1.0, -30.0)
7.539999999999927 (-30.0, 1.0, -30.0)
7.559999999999927 (-30.0, 1.0, -30.0)
7.579999999999926 (-30.0, 1.0, -30.0)
7.599999999999926 (-30.0, 1.0, -30.0)
7.6199999999999255 (-30.0, 1.0, -30.0)
7.639999999999925 (-30.0, 1.0, -30.0)
7.659999999999925 (-30.0, 1.0, -30.0)
7.679999999999924 (-30.0, 1.0, -30.0)
7.699999999999924 (-30.0, 1.0, -30.0)
7.719999999999923 (-30.0, 1.0, -30.0)
7.739999999999923 (-30.0, 1.0, -30.0)
7.7599999999999225 (-30.0, 1.0, -30.0)
7.779999999999922 (-30.0, 1.0, -30.0)
7.799999999999922 (-30.0, 1.0, -30.0)
7.819999999999921 (-30.0, 1.0, -30.0)
7.839999999999921 (-30.0, 1.0, -30.0)
7.85999999999992 (-30.0, 1.0, -30.0)
7.87999999999992 (-30.0, 1.0, -30.0)
7.8999999999999195 (-30.0, 1.0, -30.0)
7.919999999999919 (-30.0, 1.0, -30.0)
7.939999999999919 (-30.0, 1.0, -30.0)
7.959999999999918 (-30.0, 1.0, -30.0)
7.979999999999918 (-30.0, 1.0, -30.0)
7.999999999999917 (-30.0, 1.0, -30.0)
8.019999999999918 (-30.0, 1.0, -30.0)
8.039999999999917 (-30.0, 1.0, -30.0)
8.059999999999917 (-30.0, 1.0, -30.0)
8.079999999999917 (-30.0, 1.0, -30.0)
8.099999999999916 (-30.0, 1.0, -30.0)
8.119999999999916 (-30.0, 1.0, -30.0)
8.139999999999915 (-30.0, 1.0, -30.0)
8.159999999999915 (-30.0, 1.0, -30.0)
8.179999999999914 (-30.0, 1.0, -30.0)
8.199999999999914 (-30.0, 1.0, -30.0)
8.219999999999914 (-30.0, 1.0, -30.0)
8.239999999999913 (-30.0, 1.0, -30.0)
8.259999999999913 (-30.0, 1.0, -30.0)
8.279999999999912 (-30.0, 1.0, -30.0)
8.299999999999912 (-30.0, 1.0, -30.0)
8.319999999999911 (-30.0, 1.0, -30.0)
8.339999999999911 (-30.0, 1.0, -30.0)
8.35999999999991 (-30.0, 1.0, -30.0)
8.37999999999991 (-30.0, 1.0, -30.0)
8.39999999999991 (-30.0, 1.0, -30.0)
8.41999999999991 (-30.0, 1.0, -30.0)
8.439999999999909 (-30.0, 1.0, -30.0)
8.459999999999908 (-30.0, 1.0, -30.0)
8.479999999999908 (-30.0, 1.0, -30.0)
8.499999999999908 (-30.0, 1.0, -30.0)
8.519999999999907 (-30.0, 1.0, -30.0)
8.539999999999907 (-30.0, 1.0, -30.0)
8.559999999999906 (-30.0, 1.0, -30.0)
8.579999999999906 (-30.0, 1.0, -30.0)
8.599999999999905 (-30.0, 1.0, -30.0)
8.619999999999905 (-30.0, 1.0, -30.0)
8.639999999999905 (-30.0, 1.0, -30.0)
8.659999999999904 (-30.0, 1.0, -30.0)
8.679999999999904 (-30.0, 1.0, -30.0)
8.699999999999903 (-30.0, 1.0, -30.0)
8.719999999999903 (-30.0, 1.0, -30.0)
8.739999999999903 (-30.0, 1.0, -30.0)
8.759999999999902 (-30.0, 1.0, -30.0)
8.779999999999902 (-30.0, 1.0, -30.0)
8.799999999999901 (-30.0, 1.0, -30.0)
8.8199999999999 (-30.0, 1.0, -30.0)
8.8399999999999 (-30.0, 1.0, -30.0)
8.8599999999999 (-30.0, 1.0, -30.0)
8.8799999999999 (-30.0, 1.0, -30.0)
8.899999999999899 (-30.0, 1.0, -30.0)
8.919999999999899 (-30.0, 1.0, -30.0)
8.939999999999898 (-30.0, 1.0, -30.0)
8.959999999999898 (-30.0, 1.0, -30.0)
8.979999999999897 (-30.0, 1.0, -30.0)
8.999999999999897 (-30.0, 1.0, -30.0)
9.019999999999897 (-30.0, 1.0, -30.0)
9.039999999999896 (-30.0, 1.0, -30.0)
9.059999999999896 (-30.0, 1.0, -30.0)
9.079999999999895 (-30.0, 1.0, -30.0)
9.099999999999895 (-30.0, 1.0, -30.0)
9.119999999999894 (-30.0, 1.0, -30.0)
9.139999999999894 (-30.0, 1.0, -30.0)
9.159999999999894 (-30.0, 1.0, -30.0)
9.179999999999893 (-30.0, 1.0, -30.0)
9.199999999999893 (-30.0, 1.0, -30.0)
9.219999999999892 (-30.0, 1.0, -30.0)
9.239999999999892 (-30.0, 1.0, -30.0)
9.259999999999891 (-30.0, 1.0, -30.0)
9.279999999999891 (-30.0, 1.0, -30.0)
9.29999999999989 (-30.0, 1.0, -30.0)
9.31999999999989 (-30.0, 1.0, -30.0)
9.33999999999989 (-30.0, 1.0, -30.0)
9.35999999999989 (-30.0, 1.0, -30.0)
9.379999999999889 (-30.0, 1.0, -30.0)
9.399999999999888 (-30.0, 1.0, -30.0)
9.419999999999888 (-30.0, 1.0, -30.0)
9.439999999999888 (-30.0, 1.0, -30.0)
9.459999999999887 (-30.0, 1.0, -30.0)
9.479999999999887 (-30.0, 1.0, -30.0)
9.499999999999886 (-30.0, 1.0, -30.0)
9.519999999999886 (-30.0, 1.0, -30.0)
9.539999999999885 (-30.0, 1.0, -30.0)
9.559999999999885 (-30.0, 1.0, -30.0)
9.579999999999885 (-30.0, 1.0, -30.0)
9.599999999999884 (-30.0, 1.0, -30.0)
9.619999999999884 (-30.0, 1.0, -30.0)
9.639999999999883 (-30.0, 1.0, -30.0)
9.659999999999883 (-30.0, 1.0, -30.0)
9.679999999999882 (-30.0, 1.0, -30.0)
9.699999999999882 (-30.0, 1.0, -30.0)
9.719999999999882 (-30.0, 1.0, -30.0)
9.739999999999881 (-30.0, 1.0, -30.0)
9.75999999999988 (-30.0, 1.0, -30.0)
9.77999999999988 (-30.0, 1.0, -30.0)
9.79999999999988 (-30.0, 1.0, -30.0)
9.81999999999988 (-30.0, 1.0, -30.0)
9.839999999999879 (-30.0, 1.0, -30.0)
9.859999999999879 (-30.0, 1.0, -30.0)
9.879999999999878 (-30.0, 1.0, -30.0)
9.899999999999878 (-30.0, 1.0, -30.0)
9.919999999999877 (-30.0, 1.0, -30.0)
9.939999999999877 (-30.0, 1.0, -30.0)
9.959999999999877 (-30.0, 1.0, -30.0)
9.979999999999876 (-30.0, 1.0, -30.0)
9.999999999999876 (-30.0, 1.0, -30.0)
10.019999999999875 (-30.0, 1.0, -30.0)
10.039999999999875 (-30.0, 1.0, -30.0)
10.059999999999874 (-30.0, 1.0, -30.0)
10.079999999999874 (-30.0, 1.0, -30.0)
10.099999999999874 (-30.0, 1.0, -30.0)
10.119999999999873 (-30.0, 1.0, -30.0)
10.139999999999873 (-30.0, 1.0, -30.0)
10.159999999999872 (-30.0, 1.0, -30.0)
10.179999999999872 (-30.0, 1.0, -30.0)
10.199999999999871 (-30.0, 1.0, -30.0)
10.219999999999871 (-30.0, 1.0, -30.0)
10.23999999999987 (-30.0, 1.0, -30.0)
10.25999999999987 (-30.0, 1.0, -30.0)
10.27999999999987 (-30.0, 1.0, -30.0)
10.29999999999987 (-30.0, 1.0, -30.0)
10.319999999999869 (-30.0, 1.0, -30.0)
10.339999999999868 (-30.0, 1.0, -30.0)
10.359999999999868 (-30.0, 1.0, -30.0)
10.379999999999868 (-30.0, 1.0, -30.0)
10.399999999999867 (-30.0, 1.0, -30.0)
10.419999999999867 (-30.0, 1.0, -30.0)
10.439999999999866 (-30.0, 1.0, -30.0)
10.459999999999866 (-30.0, 1.0, -30.0)
10.479999999999865 (-30.0, 1.0, -30.0)
10.499999999999865 (-30.0, 1.0, -30.0)
10.519999999999865 (-30.0, 1.0, -30.0)
10.539999999999864 (-30.0, 1.0, -30.0)
10.559999999999864 (-30.0, 1.0, -30.0)
10.579999999999863 (-30.0, 1.0, -30.0)
10.599999999999863 (-30.0, 1.0, -30.0)
10.619999999999862 (-30.0, 1.0, -30.0)
10.639999999999862 (-30.0, 1.0, -30.0)
10.659999999999862 (-30.0, 1.0, -30.0)
10.679999999999861 (-30.0, 1.0, -30.0)
10.69999999999986 (-30.150844266994042, 0.9987107111481732, -30.285330680333054)
10.71999999999986 (-30.336406028020203, 0.9968953845494255, -30.658047704428615)
10.73999999999986 (-30.457954004666075, 0.9957168477868792, -30.90004875342196)
10.75999999999986 (-30.536960337001144, 0.9949507974609073, -31.057349728969317)
10.779999999999859 (-30.588314548904034, 0.9944528638193177, -31.15959555398155)
10.799999999999859 (-30.62169484896634, 0.9941292063479734, -31.226055464328926)
10.819999999999858 (-30.643392084518435, 0.9939188285987965, -31.269254486713)
10.839999999999858 (-30.657495313959895, 0.9937820828065091, -31.297333903690618)
10.859999999999857 (-30.666662430213062, 0.9936931978755625, -31.31558555880432)
10.879999999999857 (-30.672621066903172, 0.9936354225625732, -31.327449156779128)
10.899999999999856 (-30.676494187983376, 0.9935978685390117, -31.335160509860874)
10.919999999999856 (-30.679011721386072, 0.9935734583781195, -31.340172898722802)
10.939999999999856 (-30.680648121153208, 0.9935575917439148, -31.343430957566273)
10.959999999999855 (-30.681711782987843, 0.9935472784124251, -31.34554869976863)
10.979999999999855 (-30.68240316447125, 0.9935405747344404, -31.346925234770342)
10.999999999999854 (-30.682852563274547, 0.9935362173356141, -31.347819984192075)
11.019999999999854 (-30.683144673042104, 0.993533385021089, -31.3484015724021)
11.039999999999853 (-30.68333454474553, 0.9935315440132104, -31.348779605444452)
11.059999999999853 (-30.683457961583198, 0.993530347355855, -31.349025327380776)
11.079999999999853 (-30.683538182677463, 0.9935295695271216, -31.34918504693761)
11.099999999999852 (-30.683590326486094, 0.9935290639375007, -31.34928886484339)
11.119999999999852 (-30.683624220024992, 0.9935287353036335, -31.34935634660815)
11.139999999999851 (-30.683646250866413, 0.9935285216912209, -31.349400209837146)
11.159999999999851 (-30.683660570940074, 0.9935283828428934, -31.349428720989227)
11.17999999999985 (-30.683669879005333, 0.993528292591312, -31.349447253272675)
11.19999999999985 (-30.68367592925905, 0.9935282339276745, -31.349459299279406)
11.21999999999985 (-30.683679861931306, 0.9935281957962392, -31.349467129198406)
11.23999999999985 (-30.683682418173046, 0.9935281710107597, -31.349472218655254)
11.259999999999849 (-30.68368407973328, 0.9935281549001682, -31.34947552680838)
11.279999999999848 (-30.68368515974944, 0.993528144428264, -31.349477677111924)
11.299999999999848 (-30.68368586176126, 0.9935281376215137, -31.349479074811843)
11.319999999999848 (-30.6836863180698, 0.9935281331971177, -31.349479983318478)
11.339999999999847 (-30.6836866146709, 0.9935281303212551, -31.349480573848897)
11.359999999999847 (-30.683686807461978, 0.9935281284519406, -31.349480957694386)
11.379999999999846 (-30.587704738807073, 0.9934904820429808, -31.319381675629092)
11.399999999999846 (-30.40961276488482, 0.9932961631794622, -31.28864210744851)
11.419999999999845 (-30.226309880771698, 0.9930332431626251, -31.26524388396886)
11.439999999999845 (-30.04706023779225, 0.9927558502260994, -31.241821849353414)
11.459999999999845 (-29.86568823400443, 0.9924637255673321, -31.214578538943673)
11.479999999999844 (-29.688502890905415, 0.9921777078720037, -31.182805509393496)
11.499999999999844 (-29.51399500620878, 0.9919017983827226, -31.14474144998235)
11.519999999999843 (-29.34704934491329, 0.991648932728306, -31.1010617588747)
11.539999999999843 (-29.18757301794738, 0.9914227064657424, -31.05114929335991)
11.559999999999842 (-29.03897025325727, 0.9912287628094499, -30.99667766559884)
11.579999999999842 (-28.901712822869374, 0.9910680622130335, -30.938266493702045)
11.599999999999842 (-28.778424239883986, 0.9909391626382618, -30.87753178019904)
11.619999999999841 (-28.69155746969644, 0.9908362213182025, -30.83507648550984)
11.63999999999984 (-28.634821510805644, 0.9907670863899727, -30.807811706058285)
11.65999999999984 (-28.5979430686697, 0.9907221486027187, -30.790089566325204)
11.67999999999984 (-28.57397203652426, 0.9906929389864654, -30.77857015399044)
11.69999999999984 (-28.558390836537562, 0.9906739527004509, -30.77108252199245)
11.719999999999839 (-28.548263037636268, 0.9906616115914988, -30.766215552106484)
11.739999999999839 (-28.54167995605895, 0.9906535898557023, -30.763052015773862)
11.759999999999838 (-28.53740094504422, 0.9906483757176991, -30.760995713318277)
11.779999999999838 (-28.53461958269147, 0.9906449865216691, -30.759659114226533)
11.799999999999837 (-28.53281169378662, 0.9906427835401364, -30.758790323194756)
11.819999999999837 (-28.531636563804348, 0.9906413515994663, -30.758225607969703)
11.839999999999836 (-28.53087272788968, 0.9906404208362931, -30.75785854238806)
11.859999999999836 (-28.530376233618135, 0.9906398158391008, -30.7576199493145)
11.879999999999836 (-28.530053511739062, 0.9906394225901913, -30.75746486352713)
11.899999999999835 (-28.529843742125998, 0.9906391669779231, -30.757364057577117)
11.919999999999835 (-28.529707391622928, 0.9906390008296386, -30.75729853358727)
11.939999999999834 (-28.529618763630445, 0.9906388928330518, -30.75725594291435)
11.959999999999834 (-28.529561155327777, 0.9906388226351395, -30.757228258925263)
11.979999999999833 (-28.529523709861117, 0.9906387770064111, -30.75721026429876)
11.999999999999833 (-28.52949937026235, 0.9906387473476823, -30.757198567769688)
12.019999999999833 (-28.529483549493612, 0.9906387280694726, -30.7571909650116)
12.039999999999832 (-28.529473265974737, 0.9906387155386132, -30.75718602320961)
12.059999999999832 (-28.52946658167499, 0.9906387073935392, -30.75718281103232)
12.079999999999831 (-28.529462236872043, 0.9906387020992311, -30.757180723113176)
12.099999999999831 (-28.52945941274485, 0.9906386986579243, -30.757179365963207)
12.11999999999983 (-28.529457577058743, 0.9906386964210709, -30.757178483814084)
12.13999999999983 (-28.529456383860555, 0.9906386949671135, -30.757177910416086)
12.15999999999983 (-28.52945560828028, 0.9906386940220393, -30.757177537706692)
12.17999999999983 (-28.529455104152156, 0.99063869340774, -30.75717729544513)
12.199999999999829 (-28.529454776468263, 0.9906386930084448, -30.757177137974818)
12.219999999999828 (-28.529454563473344, 0.9906386927489021, -30.75717703561892)
12.239999999999828 (-28.52945442502638, 0.9906386925801993, -30.757176969087464)
12.259999999999827 (-28.529454335035688, 0.9906386924705421, -30.757176925841943)
12.279999999999827 (-28.529454276541635, 0.9906386923992649, -30.757176897732304)
12.299999999999827 (-28.529454238520422, 0.9906386923529344, -30.757176879460996)
12.319999999999826 (-28.529454213806595, 0.9906386923228199, -30.75717686758463)
12.339999999999826 (-28.529454197742574, 0.9906386923032453, -30.75717685986498)
12.359999999999825 (-28.529454187300935, 0.9906386922905217, -30.7571768548472)
12.379999999999825 (-28.52945418051386, 0.9906386922822514, -30.757176851585637)
12.399999999999824 (-28.529454176102256, 0.9906386922768757, -30.75717684946562)
12.419999999999824 (-28.529454173234704, 0.9906386922733816, -30.757176848087607)
12.439999999999824 (-28.529454171370794, 0.9906386922711106, -30.757176847191896)
12.459999999999823 (-28.529454170159248, 0.9906386922696344, -30.757176846609678)
12.479999999999823 (-28.52945416937174, 0.9906386922686747, -30.757176846231243)
12.499999999999822 (-28.529454168859864, 0.9906386922680508, -30.757176845985253)
12.519999999999822 (-28.529454168527145, 0.9906386922676453, -30.757176845825366)
12.539999999999822 (-28.52945416831087, 0.990638692267382, -30.757176845721443)
12.559999999999821 (-28.529454168170297, 0.9906386922672106, -30.757176845653884)
12.57999999999982 (-28.52945416807892, 0.9906386922670991, -30.757176845609973)
12.59999999999982 (-28.529454168019534, 0.9906386922670267, -30.757176845581437)
12.61999999999982 (-28.529454167980923, 0.9906386922669796, -30.757176845562892)
12.63999999999982 (-28.529454167955826, 0.990638692266949, -30.757176845550827)
12.659999999999819 (-28.529454167939512, 0.990638692266929, -30.757176845542983)
12.679999999999819 (-28.52945416792891, 0.9906386922669161, -30.75717684553788)
12.699999999999818 (-28.52945416792202, 0.9906386922669077, -30.75717684553457)
12.719999999999818 (-28.529454167917542, 0.9906386922669024, -30.757176845532424)
12.739999999999817 (-28.52945416791463, 0.9906386922668988, -30.75717684553103)
12.759999999999817 (-28.52945416791274, 0.9906386922668966, -30.75717684553012)
12.779999999999816 (-28.529454167911503, 0.9906386922668953, -30.757176845529525)
12.799999999999816 (-28.529454167910707, 0.9906386922668944, -30.75717684552914)
12.819999999999816 (-28.52945416791018, 0.9906386922668939, -30.757176845528885)
12.839999999999815 (-28.52945416790984, 0.9906386922668935, -30.75717684552873)
12.859999999999815 (-28.529454167909627, 0.990638692266893, -30.75717684552863)
12.879999999999814 (-28.529454167909485, 0.990638692266893, -30.75717684552856)
12.899999999999814 (-28.529454167909385, 0.990638692266893, -30.757176845528516)
12.919999999999813 (-28.52945416790933, 0.990638692266893, -30.757176845528488)
12.939999999999813 (-28.529454167909286, 0.990638692266893, -30.757176845528473)
12.959999999999813 (-28.529454167909257, 0.990638692266893, -30.75717684552846)
12.979999999999812 (-28.529454167909243, 0.990638692266893, -30.757176845528445)
12.999999999999812 (-28.52945416790923, 0.990638692266893, -30.757176845528445)
13.019999999999811 (-28.52945416790923, 0.990638692266893, -30.757176845528445)
13.03999999999981 (-28.52945416790923, 0.990638692266893, -30.757176845528445)
13.05999999999981 (-28.52945416790923, 0.990638692266893, -30.757176845528445)
13.07999999999981 (-28.52945416790923, 0.990638692266893, -30.757176845528445)
13.09999999999981 (-28.52945416790923, 0.990638692266893, -30.757176845528445)
13.11999999999981 (-28.52945416790923, 0.990638692266893, -30.757176845528445)
13.139999999999809 (-28.52945416790923, 0.990638692266893, -30.757176845528445)
13.159999999999808 (-28.52945416790923, 0.990638692266893, -30.757176845528445)
13.179999999999808 (-28.52945416790923, 0.990638692266893, -30.757176845528445)
13.199999999999807 (-28.52945416790923, 0.990638692266893, -30.757176845528445)
13.219999999999807 (-28.52945416790923, 0.990638692266893, -30.757176845528445)
13.239999999999807 (-28.52945416790923, 0.990638692266893, -30.757176845528445)
13.259999999999806 (-28.52945416790923, 0.990638692266893, -30.757176845528445)
13.279999999999806 (-28.603483500656534, 0.9904765390082267, -30.793301062072)
13.299999999999805 (-28.651616552521258, 0.9903719108746426, -30.816326331145643)
13.319999999999805 (-28.68290309464943, 0.9903039024608323, -30.83129278398786)
13.339999999999804 (-28.714838085294407, 0.9902401633634633, -30.84459396032231)
13.359999999999804 (-28.75430019465044, 0.9901727063791849, -30.857345225313516)
13.379999999999804 (-28.794824046863976, 0.9901127250181946, -30.867552048184866)
13.399999999999803 (-28.83589576571416, 0.99005843283398, -30.875818059923255)
13.419999999999803 (-28.87578458623797, 0.9899501788467943, -30.892239337606586)
13.439999999999802 (-28.914245802625175, 0.9898239777077531, -30.91212907331146)
13.459999999999802 (-28.952154225377694, 0.9897047347488879, -30.931053526339902)
13.479999999999801 (-28.99034758923064, 0.989587528574912, -30.949849315251896)
13.499999999999801 (-29.028564590379627, 0.9894723957512231, -30.968441162177275)
13.5199999999998 (-29.066728597033336, 0.9893594565900453, -30.986728018764605)
13.5399999999998 (-29.10492719605523, 0.9892489931303259, -31.00456551716485)
13.5599999999998 (-29.14318842464418, 0.9891407020879234, -31.02196644327379)
13.5799999999998 (-29.181455848747326, 0.9890339968601385, -31.039037337740673)
13.599999999999799 (-29.21939409309475, 0.988925698184403, -31.056490145283565)
13.619999999999798 (-29.258317606464857, 0.9888288566816277, -31.071295442725365)
13.639999999999798 (-29.296354066766057, 0.9887256324335834, -31.087571229532646)
13.659999999999798 (-29.333512853342306, 0.98861887056218, -31.104685786338546)
13.679999999999797 (-29.37020359507921, 0.9885092837959704, -31.12240827263043)
13.699999999999797 (-29.407965261357468, 0.9884132076770619, -31.13699914252856)
13.719999999999796 (-29.444812717557618, 0.9883108076959067, -31.153017525929858)
13.739999999999796 (-29.480957236709507, 0.9882048042263454, -31.169834883471914)
13.759999999999796 (-29.518002484436995, 0.988111036737792, -31.18382829802288)
13.779999999999795 (-29.55401674322543, 0.9880103939090048, -31.199368434210133)
13.799999999999795 (-29.589697223877998, 0.9879062273254369, -31.2156241451307)
13.819999999999794 (-29.625816141039042, 0.9878152240966454, -31.22896460182593)
13.839999999999794 (-29.661072305617985, 0.987714978761931, -31.244318362509446)
13.859999999999793 (-29.69697300986089, 0.9876231929070175, -31.257712335935807)
13.879999999999793 (-29.73103483186171, 0.9875246001955876, -31.272778634935715)
13.899999999999793 (-29.766257909537956, 0.9874279627460489, -31.287150383013827)
13.919999999999792 (-29.800969469803633, 0.987333800539697, -31.301025584792644)
13.939999999999792 (-29.835336938314835, 0.9872398222476978, -31.31486041749906)
13.959999999999791 (-29.869462961726914, 0.9871465030162191, -31.328537406350378)
13.97999999999979 (-29.903970400650582, 0.9870502628291798, -31.34279131415857)
13.99999999999979 (-29.937793031252518, 0.9869190567586681, -31.364532277996584)
14.01999999999979 (-29.97967433807956, 0.9867816981947736, -31.38609906386357)
14.03999999999979 (-30.02770325171047, 0.9866510426640014, -31.405142303902537)
14.059999999999789 (-30.08036965948588, 0.986532033642297, -31.420520510298154)
14.079999999999789 (-30.128008871963058, 0.9864464101143536, -31.4286086786351)
14.099999999999788 (-30.16836082391756, 0.9863798425049288, -31.434454551743787)
14.119999999999788 (-30.21177968020363, 0.9863104908131786, -31.44073891969711)
14.139999999999787 (-30.255620370230282, 0.9862410574037416, -31.44712466903163)
14.159999999999787 (-30.29560083221336, 0.9861781509418892, -31.452911250509715)
14.179999999999787 (-30.335830680394025, 0.986114340477248, -31.45887691828253)
14.199999999999786 (-30.374761634593682, 0.9860516177424089, -31.46481868006912)
14.219999999999786 (-30.4138935796746, 0.9859870578674709, -31.47104322910045)
14.239999999999785 (-30.45241840956653, 0.98592193914489, -31.477421365303375)
14.259999999999785 (-30.49141770550598, 0.9858545521396128, -31.48411737468398)
14.279999999999784 (-30.530454029847807, 0.9857858616571552, -31.491029086243103)
14.299999999999784 (-30.570090948838573, 0.985715330574014, -31.498185866344755)
14.319999999999784 (-30.610055871070053, 0.9856437314186686, -31.505497549304074)
14.339999999999783 (-30.650644048060713, 0.9855709244161723, -31.51295592010223)
14.359999999999783 (-30.69156217798671, 0.9854977201886075, -31.520463339506527)
14.379999999999782 (-30.732873911456018, 0.9854243807925542, -31.527966484928143)
14.399999999999782 (-30.7742849580151, 0.9853517114142184, -31.53535985845703)
14.419999999999781 (-30.81595924727453, 0.9852797659696044, -31.54260413054315)
14.439999999999781 (-30.857850964274608, 0.9852083828344494, -31.549739456492418)
14.45999999999978 (-30.899227890949128, 0.9851389192542194, -31.55662020421271)
14.47999999999978 (-30.93984259341514, 0.9850718992763621, -31.563179115560278)
14.49999999999978 (-30.980031789978526, 0.9850070931438533, -31.569388465733653)
14.51999999999978 (-31.01972832244486, 0.984944753012872, -31.575197473387565)
14.539999999999779 (-31.058730120477097, 0.9848848385958208, -31.580643291431073)
14.559999999999778 (-31.097037891533937, 0.9848271069389292, -31.5857539692568)
14.579999999999778 (-31.134749552278496, 0.9847715099512809, -31.59050477558036)
14.599999999999778 (-31.18255498517685, 0.9846567872718718, -31.604578300821615)
14.619999999999777 (-31.227291967839815, 0.9845313763791408, -31.621112749192505)
14.639999999999777 (-31.25934714199678, 0.9844388563688096, -31.633434430257395)
14.659999999999776 (-31.28440840824771, 0.9843637943937007, -31.642817808086768)
14.679999999999776 (-31.312633072937, 0.9842703988840246, -31.654760752905748)
14.699999999999775 (-31.340257766915794, 0.9841746100932117, -31.667389935222232)
14.719999999999775 (-31.36736082084808, 0.9840773200951527, -31.68041225728961)
14.739999999999775 (-31.39381794210695, 0.9839798939837816, -31.693554399449848)
14.759999999999774 (-31.42003856306135, 0.9838811978155175, -31.706950437048388)
14.779999999999774 (-31.445790170833597, 0.9837826016162236, -31.72037790286654)
14.799999999999773 (-31.47110534041949, 0.9836842339532836, -31.73379936406224)
14.819999999999773 (-31.495911271827804, 0.9835866264569533, -31.747127338660608)
14.839999999999772 (-31.520286181654978, 0.9834896251697283, -31.7603815337923)
14.859999999999772 (-31.54424961013865, 0.9833932589495932, -31.773555868230215)
14.879999999999772 (-31.567927702555707, 0.9832971522460376, -31.786695579787345)
14.899999999999771 (-31.591149250867932, 0.9832021117299259, -31.79969485256319)
14.91999999999977 (-31.613963254906245, 0.9831078103264622, -31.812617319007586)
14.93999999999977 (-31.63635946413695, 0.9830142450212501, -31.825473347992624)
14.95999999999977 (-31.65838437005484, 0.9829211877483922, -31.838303669586384)
14.97999999999977 (-31.680021666300096, 0.982828697333208, -31.851107742980545)
14.999999999999769 (-31.701894909317605, 0.9827327282349959, -31.86445283521135)
15.019999999999769 (-31.726704214084062, 0.9826239719693344, -31.879298801751293)
15.039999999999768 (-31.7524344798103, 0.9825146160623479, -31.893668450932214)
15.059999999999768 (-31.773772881737344, 0.9824294320082985, -31.90405681609895)
15.079999999999767 (-31.794658118485305, 0.9823509600650367, -31.91286195178966)
15.099999999999767 (-31.811615606545054, 0.9822902758232659, -31.9192071069837)
15.119999999999767 (-31.83300878546044, 0.9822202140745757, -31.926283526091854)
15.139999999999766 (-31.867766958683898, 0.9821271540153284, -31.935208826550294)
15.159999999999766 (-31.900160187712977, 0.9820473327856708, -31.94282530471523)
15.179999999999765 (-31.932054490225788, 0.9819737005520192, -31.950042554361872)
15.199999999999765 (-31.96308017881447, 0.9819057148108242, -31.956844577704036)
15.219999999999764 (-31.992575202553226, 0.9818432469655661, -31.963251702056823)
15.239999999999764 (-32.02100518085122, 0.981784131228409, -31.969518121914096)
15.259999999999764 (-32.04830472771924, 0.9817274492952107, -31.975769143495736)
15.279999999999763 (-32.0749099393383, 0.9816717697074402, -31.98216009136871)
15.299999999999763 (-32.1008733529738, 0.9816166878388147, -31.988729592432705)
15.319999999999762 (-32.12660707601838, 0.9815612211152147, -31.995594034483663)
15.339999999999762 (-32.152178949856676, 0.9815051996279769, -32.00277674752214)
15.359999999999761 (-32.17779867909996, 0.9814483359955006, -32.010305960311335)
15.379999999999761 (-32.20347052551419, 0.9813907937028598, -32.01815252601552)
15.39999999999976 (-32.229222775725155, 0.9813328433410099, -32.026259698723365)
15.41999999999976 (-32.25518729557302, 0.9812742992817135, -32.03464208573918)
15.43999999999976 (-32.281349763160954, 0.9812153929377178, -32.04324961184632)
15.45999999999976 (-32.30768196283855, 0.9811559961620728, -32.052100426346954)
15.479999999999759 (-32.33368358265495, 0.9810973896305801, -32.060996843754594)
15.499999999999758 (-32.35946944292844, 0.9810398390399374, -32.069848637102446)
15.519999999999758 (-32.38516187151528, 0.9809828947445296, -32.07870334960129)
15.539999999999758 (-32.410677510289105, 0.9809269829398382, -32.087462553103926)
15.559999999999757 (-32.43620995318019, 0.9808718091603807, -32.09612973880893)
15.579999999999757 (-32.461660686969665, 0.9808174000493454, -32.104682781750924)
15.599999999999756 (-32.48695020728879, 0.980763767400628, -32.11310628431739)
15.619999999999756 (-32.512060982530095, 0.9807109491838272, -32.12137080090894)
15.639999999999755 (-32.53706660733408, 0.9806588948135064, -32.12945335278176)
15.659999999999755 (-32.56195871000069, 0.9806076215049352, -32.137330456127955)
15.679999999999755 (-32.586770275074, 0.9805570632226432, -32.144992481948165)
15.699999999999754 (-32.61156339125485, 0.980507181674462, -32.15242043666044)
15.719999999999754 (-32.63632809886972, 0.9804579432837159, -32.159609246441995)
15.739999999999753 (-32.66101718947088, 0.9804093358784943, -32.16655751687402)
15.759999999999753 (-32.685723159957845, 0.9803610698004573, -32.17321814145543)
15.779999999999752 (-32.70333001152541, 0.980326647530363, -32.17790876379717)
15.799999999999752 (-32.71477448641268, 0.9803042730130255, -32.180957674012)
15.819999999999752 (-32.729162883238835, 0.9802868305296424, -32.18281876821117)
15.839999999999751 (-32.74508521874782, 0.9802673275111506, -32.184641766136906)
15.85999999999975 (-32.760922275262665, 0.9802467164678412, -32.186391635472084)
15.87999999999975 (-32.77710596721724, 0.9802248343255456, -32.18807038437437)
15.89999999999975 (-32.793416708654874, 0.98020222832697, -32.18965089619989)
15.91999999999975 (-32.810135092151, 0.9801783977123564, -32.19122660606394)
15.939999999999749 (-32.82693875427962, 0.9801539969728715, -32.192749082941546)
15.959999999999749 (-32.84411317517037, 0.9801285419437904, -32.19429380161983)
15.979999999999748 (-32.861440743530395, 0.9801024676311995, -32.19583692285928)
15.999999999999748 (-32.879142152324604, 0.9800753743779408, -32.197443250068545)
16.019999999999747 (-32.89891938565241, 0.9800397110989335, -32.19993410646077)
16.039999999999747 (-32.92553865022728, 0.9799912250735451, -32.20313159785911)
16.059999999999746 (-32.955450991504826, 0.9799448540508586, -32.20502448803957)
16.079999999999746 (-32.985607725746256, 0.9799054528546008, -32.20540269446676)
16.099999999999746 (-33.015513617357364, 0.9798703682925557, -32.20517793692003)
16.119999999999745 (-33.0431449452249, 0.9798412691575703, -32.204467076267626)
16.139999999999745 (-33.07124480420044, 0.9798103655972845, -32.204422064706044)
16.159999999999744 (-33.09793308314575, 0.9797799787438847, -32.20491264944977)
16.179999999999744 (-33.12426371555607, 0.9797468575913743, -32.20642188837807)
16.199999999999743 (-33.14917748560446, 0.9796749501351452, -32.20872644669909)
16.219999999999743 (-33.17240508247769, 0.9796531025616291, -32.211888412292915)
16.239999999999743 (-33.193983890341215, 0.9796290821392252, -32.21539678551958)
16.259999999999742 (-33.21421449847869, 0.9795993460041752, -32.2191843331718)
16.279999999999742 (-33.233623911587976, 0.9795678463385863, -32.22346473377144)
16.29999999999974 (-33.25263796916709, 0.9795334996685708, -32.228432947454834)
16.31999999999974 (-33.271516557889775, 0.9794948066504254, -32.23418981686931)
16.33999999999974 (-33.29045851149348, 0.9794509192963311, -32.240792309088384)
16.35999999999974 (-33.3095754254049, 0.9794017390398635, -32.248250686309575)
16.37999999999974 (-33.32889744323129, 0.9793476205640557, -32.25652433019156)
16.39999999999974 (-33.34852843280549, 0.9792888005847177, -32.26559434681354)
16.41999999999974 (-33.368305421003164, 0.9792262625779277, -32.27534292960523)
16.43999999999974 (-33.38814556617096, 0.9791607717222992, -32.285666553032385)
16.459999999999738 (-33.40788268765437, 0.9790933156440178, -32.29641061389007)
16.479999999999738 (-33.42760108227678, 0.9790240445427271, -32.30753545752095)
16.499999999999737 (-33.44682137391543, 0.9789543324045132, -32.31887126636483)
16.519999999999737 (-33.46564272577656, 0.9788846139209048, -32.33027149863727)
16.539999999999736 (-33.48388876473267, 0.9788155469408203, -32.34161902495145)
16.559999999999736 (-33.501902852333316, 0.9787464522876036, -32.352965106439136)
16.579999999999735 (-33.51961105733878, 0.9786777022405986, -32.3642178843733)
16.599999999999735 (-33.5369734243984, 0.9786094830609091, -32.375340726150384)
16.619999999999735 (-33.553969057637495, 0.9785420284843416, -32.38628022532636)
16.639999999999734 (-33.57077161862541, 0.9784750751976168, -32.39703666175197)
16.659999999999734 (-33.58741785867955, 0.9784086794066204, -32.407578474922715)
16.679999999999733 (-33.60403561721918, 0.9783426322840267, -32.41791660304267)
16.699999999999733 (-33.62068985463639, 0.97827690108114, -32.428042431682165)
16.719999999999732 (-33.63749107011629, 0.9782113139221434, -32.43796824648951)
16.739999999999732 (-33.654589989540504, 0.9781456106077054, -32.447709124104335)
16.75999999999973 (-33.671989169427526, 0.9780798679781414, -32.45725774856761)
16.77999999999973 (-33.68966463633559, 0.9780142335946691, -32.466609030687515)
16.79999999999973 (-33.704926704076705, 0.9779797305619021, -32.47455102914242)
16.81999999999973 (-33.71589567863827, 0.9779644504761392, -32.479969902178865)
16.83999999999973 (-33.728356733848905, 0.9779450014966856, -32.485078286126786)
16.85999999999973 (-33.741523976299945, 0.9779187295313692, -32.49003917640615)
16.87999999999973 (-33.753952696730735, 0.977891689280115, -32.49440067419063)
16.89999999999973 (-33.766869027277956, 0.9778611553644213, -32.49856390951193)
16.919999999999728 (-33.779267397218234, 0.9778306746413937, -32.502206493076486)
16.939999999999728 (-33.79185343912956, 0.977798637063865, -32.50559567115591)
16.959999999999727 (-33.804100021490285, 0.977766890197843, -32.50857642948223)
16.979999999999727 (-33.81672540615436, 0.9777334242987855, -32.51144255528906)
16.999999999999726 (-33.82908137213174, 0.9777004141395551, -32.51400479545719)
17.019999999999726 (-33.841645954713634, 0.9776665282783467, -32.5164580502625)
17.039999999999726 (-33.85763978916283, 0.9776195691101147, -32.52011465567684)
17.059999999999725 (-33.881344023840335, 0.9775589621355991, -32.524348062744046)
17.079999999999725 (-33.906561827283696, 0.9775067101961461, -32.52648221324782)
17.099999999999724 (-33.93065697801101, 0.977465850064869, -32.52686069499579)
17.119999999999724 (-33.95075336455103, 0.9774400133367244, -32.525735459207056)
17.139999999999723 (-33.971013033863166, 0.9774172958655489, -32.52425928392635)
17.159999999999723 (-33.98923481919407, 0.9773985595062017, -32.5227843410509)
17.179999999999723 (-34.00650789216206, 0.9773792516633217, -32.52179889130833)
17.199999999999722 (-34.02209829498356, 0.9773610596957746, -32.52110138611746)
17.21999999999972 (-34.03629718863872, 0.9773420574993474, -32.520899667288084)
17.23999999999972 (-34.04867062734127, 0.9773275701294639, -32.52119784775914)
17.25999999999972 (-34.05963018587151, 0.9773090753842633, -32.521779313737234)
17.27999999999972 (-34.06980947113982, 0.9772846989697234, -32.522572167168676)
17.29999999999972 (-34.08026780544958, 0.9772555903446302, -32.5241612545224)
17.31999999999972 (-34.091110300561844, 0.9772207467479207, -32.52678660072991)
17.33999999999972 (-34.102600289470374, 0.977177486444479, -32.53072281539338)
17.35999999999972 (-34.13242382224187, 0.9770824419317719, -32.517938213249195)
17.37999999999972 (-34.17893345438914, 0.9769311528008933, -32.49532618677101)
17.399999999999718 (-34.224217689888306, 0.9767688001534313, -32.47830814471334)
17.419999999999717 (-34.26931171045796, 0.9765935782287045, -32.465453783943374)
17.439999999999717 (-34.31205389554126, 0.9764170493796502, -32.45589776423998)
17.459999999999717 (-34.3529093436218, 0.9762383066783479, -32.448931277271875)
17.479999999999716 (-34.390472801630345, 0.9760645518515244, -32.44415340439341)
17.499999999999716 (-34.41955640482735, 0.9759406099508402, -32.44047746833267)
17.519999999999715 (-34.43906708477809, 0.9758605354434576, -32.437992533584136)
17.539999999999715 (-34.45174905042498, 0.9758084869164777, -32.436377322981755)
17.559999999999715 (-34.45999234348679, 0.9757746553107723, -32.435327434129945)
17.579999999999714 (-34.46535049398133, 0.9757526647260045, -32.43464500510207)
17.599999999999714 (-34.47590811668851, 0.9756346053763865, -32.4387507375365)
17.619999999999713 (-34.482773270378225, 0.9755573760312248, -32.44147115945719)
17.639999999999713 (-34.48772098870874, 0.975495308587357, -32.444149094806875)
17.659999999999712 (-34.493542672551186, 0.9754121241214497, -32.44869045323856)
17.679999999999712 (-34.49782984535846, 0.9753456542777014, -32.452712291879095)
17.69999999999971 (-34.502227900049284, 0.9752784741230043, -32.45700652328182)
17.71999999999971 (-34.5059549324943, 0.9752194934172561, -32.46098131940036)
17.73999999999971 (-34.50949749987905, 0.9751625949846765, -32.46504064889117)
17.75999999999971 (-34.51314061174558, 0.9751075082483668, -32.46900255946312)
17.77999999999971 (-34.51683401947338, 0.9750551813425017, -32.472757364883506)
17.79999999999971 (-34.52069751537947, 0.9750048003434794, -32.47629813822777)
17.81999999999971 (-34.52466613277751, 0.9749565923105844, -32.479618055679126)
17.83999999999971 (-34.52876451393712, 0.9749103669362855, -32.482705393769834)
17.859999999999708 (-34.532905984346094, 0.9748668280696201, -32.485509746375776)
17.879999999999708 (-34.53585978283662, 0.9748360639749764, -32.48748564538925)
17.899999999999707 (-34.53777975544029, 0.9748160672761214, -32.48876998214603)
17.919999999999707 (-34.54939843338895, 0.9747377869529184, -32.493887517991126)
17.939999999999706 (-34.561799499722085, 0.9746590243570286, -32.499314441113604)
17.959999999999706 (-34.573961671354546, 0.9745872077751134, -32.504761293019776)
17.979999999999706 (-34.58543241464266, 0.9745239597155378, -32.50984432486782)
17.999999999999705 (-34.59667336413901, 0.9744659296950737, -32.5147877537387)
18.019999999999705 (-34.60744053629413, 0.9744136391234812, -32.519392310551694)
18.039999999999704 (-34.61805504838364, 0.9743649670723348, -32.52378463822618)
18.059999999999704 (-34.63482500814321, 0.9742905636800591, -32.530871767919834)
18.079999999999703 (-34.65959334442243, 0.9741958254373992, -32.53918989002409)
18.099999999999703 (-34.68270680337637, 0.9741252896183538, -32.54390593218438)
18.119999999999703 (-34.69928427666091, 0.9740780130975263, -32.546732875014364)
18.139999999999702 (-34.715129088799976, 0.9740583298021747, -32.5455727046243)
18.1599999999997 (-34.728072301633844, 0.9740512693359689, -32.54335769285523)
18.1799999999997 (-34.73986461672445, 0.9740452972124403, -32.541546048568854)
18.1999999999997 (-34.74858673135926, 0.9740412955449363, -32.539935105082435)
18.2199999999997 (-34.7583155492854, 0.9740309313473337, -32.53826446851425)
18.2399999999997 (-34.79548746776642, 0.9738963907044432, -32.51182820528359)
18.2599999999997 (-34.8432718295289, 0.9737052552578279, -32.484230010741676)
18.2799999999997 (-34.87803699158468, 0.9735666093905201, -32.46503300510404)
18.2999999999997 (-34.900634389113264, 0.9734764894085041, -32.45255492814136)
18.3199999999997 (-34.93231829380341, 0.9733388675473832, -32.439678831128624)
18.339999999999698 (-34.96520915656845, 0.9731825544665726, -32.429446907909806)
18.359999999999697 (-35.002580390308324, 0.9729830464207561, -32.42240293153962)
18.379999999999697 (-35.042784237402216, 0.9727493541910132, -32.41845211293721)
18.399999999999697 (-35.08566689310086, 0.9724830488468049, -32.41721410925567)
18.419999999999696 (-35.12671492121414, 0.9722150427652594, -32.4178961327023)
18.439999999999696 (-35.16673085596489, 0.9719412475128543, -32.419120509092195)
18.459999999999695 (-35.195183057250354, 0.97174537301585, -32.41995407253101)
18.479999999999695 (-35.21367702261657, 0.9716180543550766, -32.42049588977791)
18.499999999999694 (-35.22569812254958, 0.971535297071055, -32.42084807164595)
18.519999999999694 (-35.2335118520953, 0.9714815047360038, -32.4210769902876)
18.539999999999694 (-35.252099920545454, 0.9712931681590481, -32.427852172007206)
18.559999999999693 (-35.267491985489876, 0.9711313680588975, -32.434117547260854)
18.579999999999693 (-35.284041912418, 0.9709521831568396, -32.441461610218354)
18.599999999999692 (-35.30035618895034, 0.9707731178872915, -32.44908207897467)
18.619999999999692 (-35.315133154941265, 0.9706047342821591, -32.45670000937311)
18.63999999999969 (-35.329496572441485, 0.9704388914499225, -32.46441370937133)
18.65999999999969 (-35.3429228420864, 0.9702796239636304, -32.472117457226744)
18.67999999999969 (-35.355584739955525, 0.9701261264534553, -32.47980889428494)
18.69999999999969 (-35.36712604632363, 0.9699818242026337, -32.48738446425204)
18.71999999999969 (-35.37776306882895, 0.9698458072484765, -32.494760331313046)
18.73999999999969 (-35.38731133165919, 0.9697202428803675, -32.50181450806374)
18.75999999999969 (-35.396069127686545, 0.9696050345040009, -32.50832570309111)
18.77999999999969 (-35.40222235742614, 0.9695244619717139, -32.51285634969957)
18.799999999999688 (-35.406221964224684, 0.9694720897279415, -32.51580127549362)
18.819999999999688 (-35.4088217134978, 0.9694380477059287, -32.51771548083382)
18.839999999999687 (-35.41051155368048, 0.9694159203503053, -32.518959716628125)
18.859999999999687 (-35.41160995185008, 0.9694015375422959, -32.519768471404454)
18.879999999999686 (-35.41232391199337, 0.9693921886996341, -32.5202941629906)
18.899999999999686 (-35.412787986953006, 0.9693861119405577, -32.520635863159605)
18.919999999999686 (-35.413089636239974, 0.9693821620397832, -32.52085796868416)
18.939999999999685 (-35.41328570864259, 0.969379594599486, -32.521002337544665)
18.959999999999685 (-35.41341315594225, 0.969377925760177, -32.521096177479215)
18.979999999999684 (-35.41349599684172, 0.9693768410126008, -32.521157173550556)
18.999999999999684 (-35.413549843526894, 0.9693761359253598, -32.52119682107095)
19.019999999999683 (-35.41358484393761, 0.9693756776177972, -32.52122259200734)
19.039999999999683 (-35.41360759424707, 0.9693753797173253, -32.521239343147265)
19.059999999999683 (-35.41362238197583, 0.969375186081657, -32.52125023140854)
19.079999999999682 (-35.41363199401745, 0.9693750602182377, -32.52125730879157)
19.09999999999968 (-35.41363824185619, 0.9693749784068623, -32.52126190909913)
19.11999999999968 (-35.42105067724337, 0.9693511277162682, -32.519199664336874)
19.13999999999968 (-35.44843109202222, 0.9692601619257121, -32.51146560305114)
19.15999999999968 (-35.47259368694457, 0.9691664372238367, -32.504330664365746)
19.17999999999968 (-35.49943519186352, 0.9690549496257366, -32.49756861172284)
19.19999999999968 (-35.53340928390839, 0.9689129527838313, -32.49197568855953)
19.21999999999968 (-35.57446178417255, 0.9687229683483682, -32.48884399132511)
19.23999999999968 (-35.6149581012102, 0.9685014673055364, -32.485770618965894)
19.25999999999968 (-35.64129757903829, 0.968355713666056, -32.48363226206582)
19.279999999999678 (-35.65841827159313, 0.9682609736235014, -32.48224232748556)
19.299999999999677 (-35.67430650478653, 0.9681812472724382, -32.48159719111612)
19.319999999999677 (-35.70514463605088, 0.9680330737027968, -32.48338083512801)
19.339999999999677 (-35.74065239107606, 0.967851104498835, -32.48761753036868)
19.359999999999676 (-35.77327917621773, 0.9676616294419731, -32.49190256818107)
19.379999999999676 (-35.79448393623002, 0.9675338971873517, -32.49470019659011)
19.399999999999675 (-35.80826705597292, 0.9674508710668273, -32.496518658451286)
19.419999999999675 (-35.81722610053353, 0.9673969039877226, -32.49770066086801)
19.439999999999674 (-35.84097895772071, 0.9672628112533769, -32.50679646783334)
19.459999999999674 (-35.87603819892111, 0.9673207825750827, -32.47656881266298)
19.479999999999674 (-35.906076755443976, 0.9673581494080233, -32.443738716819624)
19.499999999999673 (-35.924630649556704, 0.9673744650873549, -32.423072097229166)
19.519999999999673 (-35.9484377572738, 0.9673843310304032, -32.40309690214419)
19.539999999999672 (-35.972274717444925, 0.9673850162999061, -32.38675793221924)
19.559999999999672 (-35.99784989058117, 0.9673770618817404, -32.373206120954066)
19.57999999999967 (-36.022030701554684, 0.9673666496422555, -32.36261817481264)
19.59999999999967 (-36.03880974889287, 0.9673204879068253, -32.35504880797363)
19.61999999999967 (-36.04967895285173, 0.9672821316089177, -32.3500321473099)
19.63999999999967 (-36.05674394861628, 0.9672571999687272, -32.34677131179005)
19.65999999999967 (-36.06133620443759, 0.9672409943723455, -32.34465176474468)
19.67999999999967 (-36.064321176294776, 0.9672304607150293, -32.34327405659282)
19.69999999999967 (-36.0717173064129, 0.9671521497381969, -32.34934604141329)
19.71999999999967 (-36.076468124189326, 0.9671056385662288, -32.3534143007678)
19.739999999999668 (-36.08009747741633, 0.9670898473471269, -32.35769159391959)
19.759999999999668 (-36.08370496999149, 0.9670940381410111, -32.362798159008726)
19.779999999999667 (-36.08668651697552, 0.9670847104224072, -32.367365111864295)
19.799999999999667 (-36.089210843944656, 0.9670661048478703, -32.37155438805265)
19.819999999999666 (-36.09109753052533, 0.9670481911364993, -32.37510649784952)
19.839999999999666 (-36.092780184589806, 0.9670309847007493, -32.37847119417942)
19.859999999999665 (-36.09394747758348, 0.9670190993147082, -32.38081397000577)
19.879999999999665 (-36.09488217697929, 0.9670092973194139, -32.383212331019315)
19.899999999999665 (-36.09552257737186, 0.9670025149020115, -32.38497344278773)
19.919999999999664 (-36.09593883840426, 0.9669981063224687, -32.38611816757456)
19.939999999999664 (-36.0962094085805, 0.9669952407404153, -32.38686224007527)
19.959999999999663 (-36.09638527952344, 0.966993378108603, -32.38734588810377)
19.979999999999663 (-36.096499595849785, 0.9669921673956642, -32.387660259909275)
19.999999999999662 (-36.09657390160066, 0.9669913804307847, -32.387864601964374)
20.019999999999662 (-36.09662220042889, 0.9669908689026577, -32.387997424548196)
20.03999999999966 (-36.09665359472586, 0.9669905364087547, -32.388083759388884)
20.05999999999966 (-36.096674001057, 0.9669903202873139, -32.38813987714011)
20.07999999999966 (-36.096687265197, 0.9669901798081154, -32.38817635374651)
20.09999999999966 (-36.10239877789928, 0.966981310835378, -32.38875808296966)
20.11999999999966 (-36.12655320493492, 0.9669601087103015, -32.38783480858117)
20.13999999999966 (-36.15275267074943, 0.9669565413716503, -32.384026115156374)
20.15999999999966 (-36.18551580307021, 0.9669466913787773, -32.38028980139846)
20.17999999999966 (-36.222809370763464, 0.9669181163082349, -32.37852982847768)
20.19999999999966 (-36.24712162687704, 0.9668997999938079, -32.37717295520666)
20.219999999999658 (-36.26292462285716, 0.9668878943672011, -32.37629098593375)
20.239999999999657 (-36.27319658942336, 0.9668801556954577, -32.375717704835964)
20.259999999999657 (-36.27987338015783, 0.9668751255494327, -32.37534507142665)
20.279999999999657 (-36.309773307028344, 0.9671893427286943, -32.33638089436924)
20.299999999999656 (-36.344839643634195, 0.967655482486113, -32.28056821790177)
20.319999999999656 (-36.383479979317364, 0.968044060209285, -32.23469714083576)
20.339999999999655 (-36.43275062294266, 0.9684053178887986, -32.19331708088936)
20.359999999999655 (-36.48915070239982, 0.9687290496195656, -32.15770334631395)
20.379999999999654 (-36.53978960716622, 0.969002602931234, -32.12891029243987)
20.399999999999654 (-36.57459674771993, 0.9691915192574401, -32.10929381416007)
20.419999999999654 (-36.61589490663559, 0.9693809862841801, -32.09086462300476)
20.439999999999653 (-36.6526220197718, 0.9695408423904364, -32.076557738668654)
20.459999999999653 (-36.683263270539534, 0.969664234218516, -32.0661519571542)
20.479999999999652 (-36.71716597126882, 0.9697874452127503, -32.056572047617365)
20.499999999999652 (-36.74078787222667, 0.969871691079417, -32.050430359906784)
20.51999999999965 (-36.767289570316954, 0.9699568013218144, -32.045279087740845)
20.53999999999965 (-36.78755305226986, 0.9700194359053543, -32.04207184602951)
20.55999999999965 (-36.807313832431674, 0.9700759208712644, -32.03986946500183)
20.57999999999965 (-36.82288398679245, 0.9701189081096562, -32.03867730717496)
20.59999999999965 (-36.83743306418362, 0.970156771780897, -32.038146040773285)
20.61999999999965 (-36.84823657871784, 0.9701846294557102, -32.03822481055151)
20.63999999999965 (-36.857602657393684, 0.9702080469172994, -32.038799857512814)
20.65999999999965 (-36.86411288602066, 0.9702241882275834, -32.039256334603195)
20.679999999999648 (-36.86834454252927, 0.9702346800988578, -32.03955304526595)
20.699999999999648 (-36.87109512439555, 0.9702414998279193, -32.03974590755682)
20.719999999999647 (-36.87288300594686, 0.970245932660086, -32.03987126827995)
20.739999999999647 (-36.874045131125044, 0.9702488140063742, -32.039952752902124)
20.759999999999646 (-36.87480051390126, 0.9702506868849584, -32.040005718005446)
20.779999999999646 (-36.87529151362257, 0.9702519042583112, -32.04004014538687)
20.799999999999645 (-36.875610664037325, 0.9702526955524681, -32.04006252322658)
20.819999999999645 (-36.87581811219424, 0.9702532098946303, -32.040077068849556)
20.839999999999645 (-36.87595295374801, 0.97025354421766, -32.040086523522135)
20.859999999999644 (-36.8760406009216, 0.970253761528035, -32.0400926690708)
20.879999999999644 (-36.876097571690806, 0.9702539027800424, -32.04009666368488)
20.899999999999643 (-36.87613460275993, 0.9702539945940188, -32.04009926018888)
20.919999999999643 (-36.87615867299981, 0.9702540542732151, -32.04010094791964)
20.939999999999642 (-36.87617431868493, 0.9702540930647651, -32.040102044946664)
20.959999999999642 (-36.874443683676866, 0.9702658810923346, -32.04308368859924)
20.97999999999964 (-36.872179476999115, 0.9702812029468033, -32.046968648547136)
20.99999999999964 (-36.870707739910664, 0.970291162170803, -32.0494938772282)
21.01999999999964 (-36.86947404323005, 0.9702997795685993, -32.0516119615711)
21.03999999999964 (-36.86852194783382, 0.9703071182375935, -32.05338386680472)
21.05999999999964 (-36.868083238990664, 0.970312186069596, -32.054691173714914)
21.07999999999964 (-36.868132452302504, 0.970315282763247, -32.0555985102098)
21.09999999999964 (-36.86852951170637, 0.9703172141330935, -32.05613248799959)
21.11999999999964 (-36.87864228242346, 0.970295266551111, -32.0578748942697)
21.139999999999638 (-36.899266505627914, 0.9702679023923387, -32.05662098321566)
21.159999999999638 (-36.91360695767427, 0.9702530605771819, -32.05478684657471)
21.179999999999637 (-36.9229282689085, 0.9702434133793173, -32.0535946555321)
21.199999999999637 (-36.92898713252345, 0.970237142688997, -32.05281972990753)
21.219999999999636 (-36.9653394671144, 0.9703059974143519, -32.03504766788593)
21.239999999999636 (-37.0100377108832, 0.9703981581009963, -32.01227135141915)
21.259999999999636 (-37.068977838368305, 0.97053772203907, -31.98690582746782)
21.279999999999635 (-37.13813008015673, 0.9706862348386943, -31.963945776541017)
21.299999999999635 (-37.208557366355265, 0.9708904833892883, -31.945712207199062)
21.319999999999634 (-37.25874911437337, 0.9711618147833095, -31.93352483476691)
21.339999999999634 (-37.29756700089219, 0.9712814144715266, -31.925648402889195)
21.359999999999634 (-37.35228538801875, 0.9712490192575076, -31.920312023027357)
21.379999999999633 (-37.387909572849345, 0.9712269206412116, -31.91728903122766)
21.399999999999633 (-37.423366069400174, 0.9711887893923697, -31.91869098552282)
21.419999999999632 (-37.450862477743335, 0.9711609315799399, -31.92123739003087)
21.439999999999632 (-37.481590689116686, 0.9711475764177471, -31.9253871909209)
21.45999999999963 (-37.507762640389984, 0.9711395352476604, -31.929739831089712)
21.47999999999963 (-37.5321055207777, 0.9711360001497102, -31.934173060000926)
21.49999999999963 (-37.55501891832231, 0.9711359633681071, -31.93843494923055)
21.51999999999963 (-37.57622902309106, 0.9711383175640115, -31.942459407674566)
21.53999999999963 (-37.595859606018465, 0.9711424260473001, -31.946224414845542)
21.55999999999963 (-37.613729814611986, 0.9711476483909658, -31.949717983326064)
21.57999999999963 (-37.62994581280313, 0.9711535045948462, -31.95295758181172)
21.59999999999963 (-37.644423486435834, 0.97115945843814, -31.955944208812607)
21.619999999999628 (-37.657260725009145, 0.9711654028147841, -31.95869417324546)
21.639999999999628 (-37.668412682860186, 0.9711713212457855, -31.961202384911033)
21.659999999999627 (-37.6779249107043, 0.9711771040370636, -31.963472658656794)
21.679999999999627 (-37.685318810818835, 0.9711822754584329, -31.96538075583441)
21.699999999999626 (-37.69169586197836, 0.971187523156038, -31.967184779528157)
21.719999999999626 (-37.696063608712876, 0.9711912398185868, -31.968445211086408)
21.739999999999625 (-37.69890264939116, 0.9711936556537543, -31.96926449312898)
21.759999999999625 (-37.700748029277605, 0.971195225949545, -31.969797027450955)
21.779999999999625 (-37.70194752844341, 0.9711962466437146, -31.97014317540655)
21.799999999999624 (-37.70272720435696, 0.9711969100961636, -31.97036817199778)
21.819999999999624 (-37.70323399464701, 0.9711973413410607, -31.970514420055142)
21.839999999999623 (-37.7035634089506, 0.9711976216507673, -31.970609481469925)
21.859999999999623 (-37.70377752864772, 0.9711978038524166, -31.9706712715049)
21.879999999999622 (-37.703916706710714, 0.9711979222837098, -31.970711435102633)
21.899999999999622 (-37.70400717262058, 0.971197999264194, -31.9707375414899)
21.91999999999962 (-37.70406597557178, 0.9711980493016025, -31.970754510673306)
21.93999999999962 (-37.704104197561435, 0.9711980818259786, -31.970765540663113)
21.95999999999962 (-37.7041290419011, 0.9711981029668623, -31.97077271016987)
21.97999999999962 (-37.70414519075203, 0.9711981167084626, -31.97077737035797)
21.99999999999962 (-37.70415568752475, 0.9711981256405194, -31.970780399485893)
22.01999999999962 (-37.704162510439744, 0.9711981314463672, -31.97078236842272)
22.03999999999962 (-37.70416694534276, 0.9711981352201752, -31.97078364823405)
22.05999999999962 (-37.704169828035106, 0.9711981376731552, -31.97078448011297)
22.079999999999618 (-37.704171701788624, 0.9711981392675949, -31.97078502083527)
22.099999999999618 (-37.704172919730695, 0.9711981403039828, -31.970785372305418)
22.119999999999617 (-37.7041737113945, 0.9711981409776363, -31.97078560076145)
22.139999999999617 (-37.70417422597694, 0.9711981414155119, -31.970785749258145)
22.159999999999616 (-37.70417456045615, 0.9711981417001313, -31.970785845781183)
22.179999999999616 (-37.70417477786805, 0.9711981418851344, -31.97078590852127)
22.199999999999616 (-37.704174919186045, 0.9711981420053867, -31.9707859493024)
22.219999999999615 (-37.773777685514084, 0.9713182603926901, -31.93548375281994)
22.239999999999615 (-37.851203107683574, 0.9714067708634514, -31.908830548729554)
22.259999999999614 (-37.90190005405711, 0.971453297344934, -31.892053494171762)
22.279999999999614 (-37.96802809466038, 0.9717532472781885, -31.835605006361465)
22.299999999999613 (-38.045872190312956, 0.9721903883182424, -31.758899762985667)
22.319999999999613 (-38.09661384269187, 0.9724744841344976, -31.709120374007927)
22.339999999999613 (-38.12959597832016, 0.972659146759853, -31.67676371075824)
22.359999999999612 (-38.15103440650693, 0.9727791776904474, -31.655731840376664)
22.37999999999961 (-38.16727742655931, 0.9728857065392171, -31.643645018055388)
22.39999999999961 (-38.18638457776487, 0.9729604059657407, -31.636841738236253)
22.41999999999961 (-38.1988471287149, 0.9730032096451914, -31.63245258584237)
22.43999999999961 (-38.21697423238421, 0.9730265179778991, -31.63354823371956)
22.45999999999961 (-38.2409757942881, 0.9730286763609025, -31.639312636529116)
22.47999999999961 (-38.26394491471045, 0.9730149165032462, -31.64640514319404)
22.49999999999961 (-38.28571518015801, 0.9729906208285363, -31.654261291952736)
22.51999999999961 (-38.30657828319984, 0.9729584324664263, -31.662660202760634)
22.53999999999961 (-38.32636584167809, 0.9729216695345493, -31.67119737636214)
22.559999999999608 (-38.34536713762554, 0.9728817934172083, -31.679724448519305)
22.579999999999607 (-38.363473916453835, 0.9728405870065102, -31.688071308218746)
22.599999999999607 (-38.38070375543094, 0.9727990007488705, -31.696186633670187)
22.619999999999607 (-38.396914069482804, 0.972758168083104, -31.703980115921993)
22.639999999999606 (-38.41204175054294, 0.9727185253984878, -31.71141471187318)
22.659999999999606 (-38.42598770782175, 0.9726807825922796, -31.71843083945053)
22.679999999999605 (-38.438718419861814, 0.9726455376787275, -31.724997948511923)
22.699999999999605 (-38.45017479708791, 0.9726132215177267, -31.731060304774832)
22.719999999999605 (-38.46033729941719, 0.972584124351793, -31.736580204158216)
22.739999999999604 (-38.46917021941396, 0.9725585008975918, -31.7415132893916)
22.759999999999604 (-38.47670265751126, 0.9725364104550098, -31.745853485663783)
22.779999999999603 (-38.48294784159753, 0.9725179353539154, -31.749563400472187)
22.799999999999603 (-38.48747621791258, 0.972504656084804, -31.75239826204989)
22.819999999999602 (-38.4911950184473, 0.9724937140070203, -31.754901149463898)
22.839999999999602 (-38.49374294623628, 0.9724861947821962, -31.756638099391417)
22.8599999999996 (-38.495399102391374, 0.9724813072769348, -31.757767118952337)
22.8799999999996 (-38.49647560590215, 0.9724781303925832, -31.75850098303716)
22.8999999999996 (-38.49717533449065, 0.9724760654138992, -31.75897799558293)
22.9199999999996 (-38.49763015892238, 0.9724747231752483, -31.759288054316606)
22.9399999999996 (-38.49792579535499, 0.9724738507184961, -31.75948959286979)
22.9599999999996 (-38.498117959394975, 0.9724732836205484, -31.759620593173956)
22.9799999999996 (-38.49824286625419, 0.9724729150061943, -31.759705743530652)
22.9999999999996 (-38.49832405586427, 0.9724726754064165, -31.759761091365853)
23.019999999999598 (-38.49837682920936, 0.9724725196662704, -31.759797067525902)
23.039999999999598 (-38.49841113194772, 0.9724724184349861, -31.75982045207359)
23.059999999999597 (-38.498433428769275, 0.9724723526345286, -31.759835652057966)
23.079999999999597 (-38.498447921730346, 0.9724723098641516, -31.759845532066258)
23.099999999999596 (-38.49845734217264, 0.9724722820633543, -31.759851954083636)
23.119999999999596 (-38.49846346547157, 0.9724722639928026, -31.759856128402724)
23.139999999999596 (-38.49846744562329, 0.9724722522469219, -31.759858841715207)
23.159999999999595 (-38.49847003272676, 0.9724722446120851, -31.759860605371607)
23.179999999999595 (-38.49847171434713, 0.9724722396494322, -31.759861751750414)
23.199999999999594 (-38.49847280740242, 0.9724722364237018, -31.75986249689803)
23.219999999999594 (-38.565001453512465, 0.9726632679431442, -31.660029781478208)
23.239999999999593 (-38.67043980609366, 0.9727535670451489, -31.502937423724433)
23.259999999999593 (-38.74890716479228, 0.9727789427342616, -31.385244470555364)
23.279999999999593 (-38.81815680734022, 0.9728291369518814, -31.28491911156332)
23.299999999999592 (-38.88808140951387, 0.9727941190995385, -31.222148987102923)
23.31999999999959 (-38.940439824061045, 0.9726897815961627, -31.192564141584825)
23.33999999999959 (-38.983199389084284, 0.972568610432512, -31.174817557428277)
23.35999999999959 (-39.015273953240765, 0.9724070283373831, -31.169450467102905)
23.37999999999959 (-39.04436198164903, 0.972264948751205, -31.170828418846895)
23.39999999999959 (-39.06873408620013, 0.972080836429105, -31.177370146494248)
23.41999999999959 (-39.09600726433184, 0.9719400290856386, -31.185107689029103)
23.43999999999959 (-39.115222452761216, 0.9718241295924624, -31.19337498835567)
23.45999999999959 (-39.132450510595085, 0.9716756304391703, -31.208926515200535)
23.47999999999959 (-39.14779739622995, 0.9715363909782624, -31.224547357910428)
23.499999999999588 (-39.16221716801569, 0.9714089947888673, -31.239292439758405)
23.519999999999587 (-39.173608970711065, 0.9712729337063266, -31.257166099268282)
23.539999999999587 (-39.18697339082867, 0.9711308320895163, -31.2751587028342)
23.559999999999587 (-39.19803110804454, 0.9710049088438408, -31.291440476298668)
23.579999999999586 (-39.20991732837945, 0.9708752806872976, -31.30783707248385)
23.599999999999586 (-39.2193505197446, 0.9707379581258648, -31.32642495814474)
23.619999999999585 (-39.23115882827016, 0.9705935947728446, -31.344758860802713)
23.639999999999585 (-39.24110591903056, 0.9704659390838181, -31.361055049038427)
23.659999999999584 (-39.25084323232902, 0.9703294931430804, -31.378732041520383)
23.679999999999584 (-39.26122978304221, 0.970196894407362, -31.39507867809169)
23.699999999999584 (-39.270263219107655, 0.9700726558009678, -31.410402853659473)
23.719999999999583 (-39.27894118178904, 0.9699404879680833, -31.427094722785686)
23.739999999999583 (-39.2877276214758, 0.9698191232733289, -31.441618329407927)
23.759999999999582 (-39.29473355942251, 0.9697026020973469, -31.45598746256355)
23.779999999999582 (-39.30275140871233, 0.9695885642439708, -31.469831639478762)
23.79999999999958 (-39.30851534178747, 0.969476769796813, -31.484248155309576)
23.81999999999958 (-39.31517840603134, 0.9693735560313312, -31.4968300629674)
23.83999999999958 (-39.320511317027865, 0.9692993601289377, -31.505559141040674)
23.85999999999958 (-39.323974054046836, 0.9692033901735142, -31.518168880965156)
23.87999999999958 (-39.32948396567639, 0.9691149948819429, -31.52845391512009)
23.89999999999958 (-39.333185269495004, 0.9690575782811939, -31.535077283804647)
23.91999999999958 (-39.33555425793789, 0.9689969000000647, -31.54302104656669)
23.93999999999958 (-39.33978137226166, 0.9689309900927272, -31.550651283319773)
23.959999999999578 (-39.34264703082682, 0.9688880712885224, -31.55555082139204)
23.979999999999578 (-39.34450971237204, 0.9688601740137015, -31.558735527085283)
23.999999999999577 (-39.34714432734052, 0.9688064572686711, -31.565233447944124)
24.019999999999577 (-39.34897138230995, 0.9687714722146982, -31.569399019517945)
24.039999999999576 (-39.34665103207564, 0.9687437022233797, -31.575351926531116)
24.059999999999576 (-39.33478873371007, 0.9687303545590568, -31.585498470031286)
24.079999999999576 (-39.32702915880813, 0.9687223400857176, -31.59201632871957)
24.099999999999575 (-39.320018452881676, 0.9687112148345384, -31.598213014655684)
24.119999999999575 (-39.30744092133202, 0.9687077435526955, -31.606121299214603)
24.139999999999574 (-39.299217523773706, 0.9687061402927463, -31.61118693244853)
24.159999999999574 (-39.28992722763246, 0.9686927706645418, -31.61836699400734)
24.179999999999573 (-39.27719618849412, 0.9686919241730638, -31.625485150065238)
24.199999999999573 (-39.26887296424082, 0.9686920315590999, -31.630038393870812)
24.219999999999573 (-39.258925137300714, 0.9686739209474061, -31.637967929900107)
24.239999999999572 (-39.24646717897869, 0.9686729037275982, -31.64478112552218)
24.25999999999957 (-39.23832278581585, 0.968672884946446, -31.649139482726575)
24.27999999999957 (-39.228104293257374, 0.9686521907811938, -31.657447183916588)
24.29999999999957 (-39.21573394739901, 0.9686484112641769, -31.664539889196877)
24.31999999999957 (-39.207649391327074, 0.9686465551823562, -31.669085460440446)
24.33999999999957 (-39.198147863564614, 0.9686238296755134, -31.677243262198253)
24.35999999999957 (-39.18626283234617, 0.9686180124712216, -31.68435964597407)
24.37999999999957 (-39.178494074628716, 0.9686148268368284, -31.688922164913535)
24.39999999999957 (-39.16947435402936, 0.9685909434539363, -31.696961900393273)
24.41999999999957 (-39.15801180894675, 0.9685844000287527, -31.70397536112409)
24.439999999999568 (-39.150517009488254, 0.9685807543506284, -31.708470896617666)
24.459999999999567 (-39.14192468228116, 0.9685566298258205, -31.716308038532304)
24.479999999999567 (-39.13083437583741, 0.968550116271496, -31.723148998321157)
24.499999999999567 (-39.12358111125074, 0.968546499542716, -31.727532507164277)
24.519999999999566 (-39.115248346463055, 0.9685216748427292, -31.735317452213)
24.539999999999566 (-39.10448819817459, 0.9685140610686109, -31.742147125450664)
24.559999999999565 (-39.09745188853036, 0.968509694532214, -31.74652718513766)
24.579999999999565 (-39.08987607175129, 0.9684904292023104, -31.75317743423118)
24.599999999999564 (-39.07924347830103, 0.968481829391759, -31.760094477315494)
24.619999999999564 (-39.07229021961344, 0.968476822181255, -31.76453186229836)
24.639999999999564 (-39.06606214784125, 0.9684648134761306, -31.769497857713496)
24.659999999999563 (-39.05522764679682, 0.9684554606554491, -31.776649422671024)
24.679999999999563 (-39.04814145519009, 0.968449993339522, -31.78123696953386)
24.699999999999562 (-39.043535422045636, 0.9684464395775342, -31.78421888056233)
24.719999999999562 (-39.03220434019938, 0.9684307992482575, -31.792483539545973)
24.73999999999956 (-39.02479455475805, 0.9684212760725259, -31.797793347583838)
24.75999999999956 (-39.0205266905217, 0.9683887677314446, -31.804101583610976)
24.77999999999956 (-39.01883005084825, 0.9683115552790809, -31.814220000075583)
24.79999999999956 (-39.01634255705059, 0.9682569777037568, -31.82211750692255)
24.81999999999956 (-39.01197858345366, 0.968194119114209, -31.832271377235504)
24.83999999999956 (-39.00505127866216, 0.9681600158097923, -31.840273628612692)
24.85999999999956 (-39.00310227059574, 0.9681059569348627, -31.84780771261351)
24.87999999999956 (-39.00058727611301, 0.9680050728889772, -31.86175517325802)
24.899999999999558 (-38.99845694032521, 0.9679099524041627, -31.874822132056924)
24.919999999999558 (-38.9970722194777, 0.9678481239735913, -31.88331567113477)
24.939999999999557 (-38.99444599451101, 0.9677989651362727, -31.890921444054253)
24.959999999999557 (-38.9864982207555, 0.9677635015143662, -31.89977839015446)
24.979999999999556 (-38.9812854758213, 0.9677411523782204, -31.90546849840181)
24.999999999999556 (-38.97789718528768, 0.967726625412602, -31.909167075668314)
25.019999999999555 (-38.97224131080761, 0.9676819159628471, -31.917509727747852)
25.039999999999555 (-38.96871678202753, 0.9676443815058474, -31.923832482700018)
25.059999999999555 (-38.963462589405324, 0.9675419796641226, -31.939500975501232)
25.079999999999554 (-38.95986181398125, 0.967471190978452, -31.950313109344023)
25.099999999999554 (-38.95752130558556, 0.9674251782468543, -31.957341009463846)
25.119999999999553 (-38.95336441010544, 0.9673808457571509, -31.96513901036143)
25.139999999999553 (-38.945635342616455, 0.9673583585123092, -31.972252406540466)
25.159999999999553 (-38.940565684687456, 0.9673444585738987, -31.97680956369098)
25.179999999999552 (-38.93530869409258, 0.9672816106429422, -31.98738569383693)
25.19999999999955 (-38.930616532032644, 0.9672057809260578, -31.99920928261179)
25.21999999999955 (-38.9275666209991, 0.9671564915180534, -32.006894629665005)
25.23999999999955 (-38.925584175125806, 0.9671244533430311, -32.011890114576836)
25.25999999999955 (-38.917205906183085, 0.9670955527646705, -32.02011246838087)
25.27999999999955 (-38.9117151932096, 0.9670774910318785, -32.02539123700397)
25.29999999999955 (-38.90837246624454, 0.967046096822939, -32.031019519948906)
25.31999999999955 (-38.90300747661758, 0.9670082932479738, -32.0382831531045)
25.33999999999955 (-38.89901540562914, 0.9669799631002836, -32.0436754856471)
25.35999999999955 (-38.89332561186033, 0.966883172859436, -32.05855938014375)
25.379999999999548 (-38.88943637467657, 0.9668159418363966, -32.06885958383691)
25.399999999999547 (-38.886908365787015, 0.9667722415898268, -32.07555472873818)
25.419999999999547 (-38.88249212884104, 0.9667299696460162, -32.083113260338834)
25.439999999999547 (-38.87456722321974, 0.9667104765828615, -32.089956413627334)
25.459999999999546 (-38.86937106933493, 0.9666985463501642, -32.09433795766293)
25.479999999999546 (-38.86432500988543, 0.9666824663659263, -32.09913027166052)
25.499999999999545 (-38.858260321202934, 0.9666563755873235, -32.10540793054741)
25.519999999999545 (-38.85417144531348, 0.9666313902367119, -32.1104083028478)
25.539999999999544 (-38.84837838286741, 0.9665366806255067, -32.12491072678472)
25.559999999999544 (-38.844420361261044, 0.9664707577412668, -32.134960549283335)
25.579999999999544 (-38.8418476424133, 0.9664279077865046, -32.14149294610428)
25.599999999999543 (-38.83746180811388, 0.9663865196112509, -32.14885528828371)
25.619999999999543 (-38.829590970039256, 0.9663684450698716, -32.15549296176335)
25.639999999999542 (-38.82443032528409, 0.9663574504527376, -32.159741022601374)
25.659999999999542 (-38.81942644933512, 0.9663420186828866, -32.1644205866215)
25.67999999999954 (-38.81130624534126, 0.9663215886471542, -32.17135246928052)
25.69999999999954 (-38.80686796836207, 0.9663000186313185, -32.17623787150694)
25.71999999999954 (-38.80258083431705, 0.9662512765967899, -32.184292195892176)
25.73999999999954 (-38.79743520369104, 0.9662263247262338, -32.1898866171051)
25.75999999999954 (-38.79315761926827, 0.9662064713599345, -32.19442041402393)
25.77999999999954 (-38.787277929445025, 0.9661142954321392, -32.20850244918294)
25.79999999999954 (-38.783261009284416, 0.9660499393013237, -32.2182789928817)
25.81999999999954 (-38.78065000630494, 0.9660081077381885, -32.22463375815108)
25.839999999999538 (-38.77634580391806, 0.9659677810919144, -32.23175560450259)
25.859999999999538 (-38.768629017319576, 0.9659514946714732, -32.23810654950283)
25.879999999999537 (-38.76356879794782, 0.9659416815932805, -32.24216815175045)
25.899999999999537 (-38.75863224910511, 0.965927039245326, -32.24671049088845)
25.919999999999536 (-38.74924815088297, 0.9659218288136663, -32.25278814752018)
25.939999999999536 (-38.74419840827711, 0.9659090884065185, -32.25707548352769)
25.959999999999535 (-38.740243784928865, 0.9658602668967694, -32.26481212861994)
25.979999999999535 (-38.73569601574683, 0.9658367837260947, -32.26984930362165)
25.999999999999535 (-38.73154510463377, 0.9658203398540718, -32.273886739213395)
26.019999999999534 (-38.72566195901839, 0.9657291017164028, -32.28765430831546)
26.039999999999534 (-38.72164094700721, 0.9656652937308662, -32.29722501292482)
26.059999999999533 (-38.7190272843199, 0.9656238184628275, -32.30344598253628)
26.079999999999533 (-38.71487645684747, 0.965584049142925, -32.31032989120062)
26.099999999999532 (-38.70809973688584, 0.9655656930557354, -32.31633489866164)
26.119999999999532 (-38.70314029752002, 0.9655574409573658, -32.32014528422354)
26.13999999999953 (-38.6976759315644, 0.9655357692109876, -32.32576458666432)
26.15999999999953 (-38.689391289384176, 0.9655319136606608, -32.33107725012108)
26.17999999999953 (-38.68396211656339, 0.9655302056209956, -32.33446364535713)
26.19999999999953 (-38.68005845833546, 0.9654789519112997, -32.34236734668347)
26.21999999999953 (-38.67690211308423, 0.9653871870495766, -32.3542803107481)
26.23999999999953 (-38.674850484840285, 0.965327539778087, -32.36202375184815)
26.25999999999953 (-38.671858957059975, 0.9652805121135662, -32.368933577695906)
26.27999999999953 (-38.66392048253467, 0.9652519216184619, -32.376716634314256)
26.299999999999528 (-38.65871650782028, 0.9652341386751573, -32.381708855116365)
26.319999999999528 (-38.65533391794019, 0.965222579740427, -32.38495380469647)
26.339999999999527 (-38.64668140108884, 0.9652052879302279, -32.391939199254494)
26.359999999999527 (-38.64101407456667, 0.9651948491682055, -32.39641402161274)
26.379999999999526 (-38.63733030544918, 0.965188063960222, -32.399322661576434)
26.399999999999526 (-38.628838509200776, 0.9651765531564114, -32.40558968792504)
26.419999999999526 (-38.62327563189167, 0.9651698768791683, -32.40959744997982)
26.439999999999525 (-38.61965975488944, 0.9651655372908579, -32.4122025001794)
26.459999999999525 (-38.61321837965607, 0.965151438001237, -32.417283800609674)
26.479999999999524 (-38.609089414606565, 0.9651385025734265, -32.42085669218649)
26.499999999999524 (-38.603233204269685, 0.9650490212690837, -32.43405979286309)
26.519999999999524 (-38.59922625220619, 0.9649862113048104, -32.44326386936482)
26.539999999999523 (-38.59662172850193, 0.9649453847518041, -32.449246530261355)
26.559999999999523 (-38.593272029958484, 0.9649123042793173, -32.45481204137657)
26.579999999999522 (-38.58506392213395, 0.9648986552706103, -32.46114099966137)
26.599999999999522 (-38.57968492819604, 0.9648906032929359, -32.46518806892145)
26.61999999999952 (-38.576188575608235, 0.9648853694976756, -32.46781866885219)
26.63999999999952 (-38.56709249919742, 0.9648752218453446, -32.474307447035294)
26.65999999999952 (-38.5611370399747, 0.9648694461450497, -32.478459396444116)
26.67999999999952 (-38.55726598425215, 0.9648656919328481, -32.48115816859882)
26.69999999999952 (-38.55278035327257, 0.9648408215129146, -32.48615972406811)
26.71999999999952 (-38.54870317689235, 0.9648293643687931, -32.48954443995602)
26.73999999999952 (-38.54291579535674, 0.964741227775852, -32.50243862423089)
26.75999999999952 (-38.53895273358477, 0.9646792349779441, -32.511440934880724)
26.779999999999518 (-38.536376738623254, 0.9646389395840669, -32.51729244772868)
26.799999999999518 (-38.53315715822003, 0.9646063507352468, -32.522684625333575)
26.819999999999517 (-38.525262991644816, 0.9645938301012132, -32.52870985540526)
26.839999999999517 (-38.520088242460425, 0.96458652548857, -32.53255952078025)
26.859999999999516 (-38.516724649210296, 0.964581777481487, -32.535061807946086)
26.879999999999516 (-38.507526093652885, 0.9645722571184564, -32.54155855527943)
26.899999999999515 (-38.50150418386333, 0.9645669026741787, -32.545715677135654)
26.919999999999515 (-38.4975899351917, 0.9645634222788996, -32.548417811387445)
26.939999999999515 (-38.49317604855871, 0.9645183995096311, -32.55561830685514)
26.959999999999514 (-38.48975703715449, 0.964489164659339, -32.56063243707584)
26.979999999999514 (-38.48568004671222, 0.9644513882572634, -32.566953162077894)
26.999999999999513 (-38.47878159579331, 0.9644353852464156, -32.57270177958858)
27.019999999999513 (-38.47425401187398, 0.9644258333650608, -32.57637130339037)
27.039999999999512 (-38.469974363914716, 0.9644112847111368, -32.58042807749597)
27.059999999999512 (-38.462972677265, 0.9644003482233713, -32.58567665955155)
27.07999999999951 (-38.459229798080926, 0.9643888169750648, -32.58902228191937)
27.09999999999951 (-38.45479482438769, 0.9643318176120189, -32.59761163327616)
27.11999999999951 (-38.45088644919876, 0.9642474949351819, -32.60871473566911)
27.13999999999951 (-38.44834600058262, 0.9641926850929007, -32.615931765699685)
27.15999999999951 (-38.446694705898935, 0.9641570586288987, -32.620622843978424)
27.17999999999951 (-38.43953211336975, 0.9641288112680478, -32.627827105733)
27.19999999999951 (-38.43483364568468, 0.9641113007569925, -32.632443833730754)
27.21999999999951 (-38.43177963598714, 0.964099918903555, -32.635444712532326)
27.239999999999508 (-38.424132747618955, 0.9640837154883365, -32.64169884951473)
27.259999999999508 (-38.4191196242912, 0.9640740340444504, -32.6456981461504)
27.279999999999507 (-38.41586108804404, 0.9640677410941744, -32.64829769381728)
27.299999999999507 (-38.407972894167095, 0.9640573460121635, -32.654098763997794)
27.319999999999506 (-38.402802858462444, 0.964051444755609, -32.657803409015784)
27.339999999999506 (-38.39944232897988, 0.9640476089316865, -32.66021143277358)
27.359999999999506 (-38.39146264280183, 0.9640400512969152, -32.665775318061044)
27.379999999999505 (-38.38623311788854, 0.9640359980221118, -32.669325704806774)
27.399999999999505 (-38.38283392034816, 0.9640333633885703, -32.67163346050038)
27.419999999999504 (-38.37748919479041, 0.9640217238726071, -32.675766766151014)
27.439999999999504 (-38.3737262167396, 0.9640162318230029, -32.67834673495035)
27.459999999999503 (-38.36810402147902, 0.9639297758752501, -32.69063873352585)
27.479999999999503 (-38.36424502110169, 0.9638687313436982, -32.69924825131424)
27.499999999999503 (-38.361736666172995, 0.9638290523241038, -32.70484444832554)
27.519999999999502 (-38.3601062324251, 0.9638032609132114, -32.70848198317464)
27.5399999999995 (-38.35123196417402, 0.9637867524905168, -32.71548638089435)
27.5599999999995 (-38.34542099546789, 0.9637768912139539, -32.71997308062815)
27.5799999999995 (-38.3416438587565, 0.9637704813722201, -32.722889440900346)
27.5999999999995 (-38.33747180820909, 0.9637649682334544, -32.72593362649843)
27.6199999999995 (-38.333643978590615, 0.9637605093079225, -32.72865890834879)
27.6399999999995 (-38.3286825156066, 0.9637333949733818, -32.734372999373576)
27.6599999999995 (-38.32135090239021, 0.9637338539273097, -32.738746782902695)
27.6799999999995 (-38.316541947452436, 0.9637350358665961, -32.74152233361275)
27.6999999999995 (-38.312244854543216, 0.9637280730795551, -32.74481531897894)
27.719999999999498 (-38.30712847823502, 0.9637227032859879, -32.74827299069393)
27.739999999999498 (-38.30360885005885, 0.9637190452319859, -32.750508732548525)
27.759999999999497 (-38.29809724765735, 0.9636330154352517, -32.762575198718686)
27.779999999999497 (-38.29430930365473, 0.9635722122514128, -32.77103650743292)
27.799999999999496 (-38.29184713545584, 0.9635326901081245, -32.77653636836613)
27.819999999999496 (-38.29024672313838, 0.9635070006670212, -32.78011128464755)
27.839999999999495 (-38.28229445547635, 0.9634916316839816, -32.78644037879826)
27.859999999999495 (-38.27708289464866, 0.9634825230886533, -32.790488053409575)
27.879999999999495 (-38.2736953737857, 0.9634766024906353, -32.79311904681933)
27.899999999999494 (-38.268172201052536, 0.9634703292020483, -32.79705560931158)
27.919999999999494 (-38.263847829683314, 0.9634659920343744, -32.8000738547346)
27.939999999999493 (-38.25983002046082, 0.9634547098355009, -32.80361877789414)
27.959999999999493 (-38.25222559661957, 0.9634553428974827, -32.80815499028871)
27.979999999999492 (-38.24723948033058, 0.9634566463673676, -32.81103613948058)
27.999999999999492 (-38.2439984986914, 0.9634574936243748, -32.81290888995197)
28.01999999999949 (-38.23889173090522, 0.9634457730003111, -32.81688342894823)
28.03999999999949 (-38.23535354553912, 0.9634422403080366, -32.81913476306921)
28.05999999999949 (-38.229930502405146, 0.9633578778656923, -32.83090488578778)
28.07999999999949 (-38.226199420081194, 0.963298098827721, -32.839173736336924)
28.09999999999949 (-38.22377421204245, 0.9632592423804892, -32.844548499229255)
28.11999999999949 (-38.22219782387395, 0.9632339856426312, -32.848042101632295)
28.13999999999949 (-38.214833945409644, 0.9632196533078942, -32.853902780219805)
28.15999999999949 (-38.21000500738412, 0.9632112276776793, -32.85764604958671)
28.179999999999488 (-38.20686619180693, 0.9632057510078137, -32.86007917921818)
28.199999999999488 (-38.20112742130027, 0.963199836743036, -32.86411274962862)
28.219999999999487 (-38.196581202834665, 0.9631957526386058, -32.86724291341227)
28.239999999999487 (-38.19259028713519, 0.963184671815378, -32.870745642946865)
28.259999999999486 (-38.18671924146396, 0.9631815484982054, -32.87459597958788)
28.279999999999486 (-38.182614807162864, 0.9631842517449873, -32.876794462128814)
28.299999999999486 (-38.178028255583975, 0.9631700219479287, -32.880976256935924)
28.319999999999485 (-38.17101734882267, 0.9631758541778151, -32.88465552695372)
28.339999999999485 (-38.166852763831486, 0.9631784980642153, -32.88687496098607)
28.359999999999484 (-38.16351477340784, 0.9631417320744133, -32.892465803146216)
28.379999999999484 (-38.159327534564454, 0.9631059319348501, -32.898409719876625)
28.399999999999483 (-38.155960058519355, 0.9630827877989387, -32.9026499718412)
28.419999999999483 (-38.15272722940889, 0.9630580337152812, -32.90699759787016)
28.439999999999483 (-38.146107340411014, 0.9630462859699086, -32.91213525331241)
28.459999999999482 (-38.14176138563666, 0.963039557063854, -32.91540730649327)
28.47999999999948 (-38.13893650975893, 0.9630351832667522, -32.91753414503193)
28.49999999999948 (-38.13167458210641, 0.9630274694291929, -32.92267683541867)
28.51999999999948 (-38.12691203507792, 0.963023356440672, -32.92595326440268)
28.53999999999948 (-38.12364419604403, 0.962995705307189, -32.93064777965792)
28.55999999999948 (-38.12128786424004, 0.9629587755475745, -32.93558738760245)
28.57999999999948 (-38.1187875560905, 0.9629345808853141, -32.9393884087888)
28.59999999999948 (-38.11508053374057, 0.9628902278692224, -32.9459226786263)
28.61999999999948 (-38.1089054646111, 0.9628778890413644, -32.95085345424376)
28.63999999999948 (-38.104848609432366, 0.9628707851226187, -32.95399084827098)
28.659999999999478 (-38.10221164864265, 0.9628661675668125, -32.956030158196334)
28.679999999999477 (-38.094294036103435, 0.9628579581540762, -32.961621895049994)
28.699999999999477 (-38.08910531695423, 0.9628535294073832, -32.96519011730435)
28.719999999999477 (-38.08573264321001, 0.9628506507166579, -32.96750946610023)
28.739999999999476 (-38.082796157428795, 0.962846054521119, -32.96959257155534)
28.759999999999476 (-38.07966431970388, 0.9628480311278197, -32.97111862527939)
28.779999999999475 (-38.07445759810275, 0.962764988637594, -32.98248554896356)
28.799999999999475 (-38.070864704099016, 0.9627059894288128, -32.99049124493721)
28.819999999999474 (-38.06852931863613, 0.9626676398715013, -32.995694957036115)
28.839999999999474 (-38.06701131525093, 0.9626427126127064, -32.999077376215816)
28.859999999999474 (-38.06178428098045, 0.962630966647059, -33.00338211534117)
28.879999999999473 (-38.057453084505966, 0.9626245799096783, -33.006613105635154)
28.899999999999473 (-38.05463780154105, 0.9626204285226295, -33.00871325324749)
28.919999999999472 (-38.047580598632884, 0.96261167266185, -33.01385908945672)
28.939999999999472 (-38.04295138134682, 0.9626068909495807, -33.017137753391516)
28.95999999999947 (-38.03994238449268, 0.9626037828308024, -33.019268888928245)
28.97999999999947 (-38.034909038195586, 0.9626007031061883, -33.0226075473967)
28.99999999999947 (-38.030955880981956, 0.9625987498981654, -33.02517776014365)
29.01999999999947 (-38.0273444805114, 0.9625890154253933, -33.02830568851926)
29.03999999999947 (-38.02056731472708, 0.962591910660663, -33.03214717814287)
29.05999999999947 (-38.01611926040734, 0.9625947171068993, -33.03457656689269)
29.07999999999947 (-38.01322801970118, 0.9625965413003587, -33.03615567252847)
29.09999999999947 (-38.008823841218884, 0.9625869444897046, -33.03949572888655)
29.119999999999468 (-38.00577922100671, 0.9625875891186543, -33.04105888562757)
29.139999999999468 (-38.000703472357436, 0.962505712987409, -33.05213227888983)
29.159999999999467 (-37.9971953457434, 0.9624474242840658, -33.05994682447495)
29.179999999999467 (-37.994915059186674, 0.9624095365561517, -33.065026288589294)
29.199999999999466 (-37.99343287015737, 0.9623849094870255, -33.068327946428255)
29.219999999999466 (-37.988769527954176, 0.9623737352896946, -33.07221018644792)
29.239999999999466 (-37.984921876442925, 0.9623678033718208, -33.07508641222516)
29.259999999999465 (-37.982420898290954, 0.9623639476180037, -33.076955962471075)
29.279999999999465 (-37.97446875943588, 0.9623552423807741, -33.08263004682163)
29.299999999999464 (-37.96925793938753, 0.962350502787609, -33.086252071471016)
29.319999999999464 (-37.965870900032044, 0.9623474220462999, -33.08860639188895)
29.339999999999463 (-37.963669320340344, 0.9623454195607101, -33.09013670301791)
29.359999999999463 (-37.96015399138024, 0.9623426548100048, -33.09246661699333)
29.379999999999463 (-37.956061089778146, 0.9623244839208027, -33.09667721996824)
29.399999999999462 (-37.94962392347404, 0.9623280601267745, -33.10025425772209)
29.41999999999946 (-37.945396931308814, 0.9623313197323178, -33.10251167301646)
29.43999999999946 (-37.94264938127137, 0.962333438479877, -33.10397899569747)
29.45999999999946 (-37.9356775828636, 0.9623338109925297, -33.10818322841531)
29.47999999999946 (-37.93110226635181, 0.9623350163780797, -33.1108469938387)
29.49999999999946 (-37.927875462570135, 0.9623115751540484, -33.11503768237226)
29.51999999999946 (-37.92634748493836, 0.9622783788371446, -33.11901713968455)
29.53999999999946 (-37.923538593908965, 0.9622526667103758, -33.1230599653638)
29.55999999999946 (-37.920100960112016, 0.9622183993233588, -33.128368397021696)
29.57999999999946 (-37.91426582248067, 0.9622091719142161, -33.13277644261724)
29.599999999999458 (-37.910430254846204, 0.9622041098075667, -33.135574198148234)
29.619999999999457 (-37.907937131228806, 0.9622008194321012, -33.13739274263885)
29.639999999999457 (-37.90132927944913, 0.9621943331170221, -33.14201230318319)
29.659999999999457 (-37.8969921755307, 0.9621910432086901, -33.14494869870872)
29.679999999999456 (-37.89417305272005, 0.9621889047642814, -33.146857359364034)
29.699999999999456 (-37.88943874936134, 0.9621867588667428, -33.149908950786035)
29.719999999999455 (-37.8857181076637, 0.9621854810964634, -33.152261767059834)
29.739999999999455 (-37.882371610713236, 0.9621553674406353, -33.15713655726564)
29.759999999999454 (-37.87838663335857, 0.9620786913691712, -33.166828829702276)
29.779999999999454 (-37.875796393241714, 0.9620288518296625, -33.17312881854898)
29.799999999999454 (-37.87411273402215, 0.9619964560684946, -33.177223818945244)
29.819999999999453 (-37.873018353486074, 0.9619753987844186, -33.179885574172665)
29.839999999999453 (-37.87144239220655, 0.9619621438950313, -33.182045917585704)
29.859999999999452 (-37.86749823638939, 0.9619290962838215, -33.18754027488749)
29.879999999999452 (-37.861574861478964, 0.9619276152368275, -33.19126856753496)
29.89999999999945 (-37.85768178657843, 0.9619275988264229, -33.19362418251686)
29.91999999999945 (-37.855151283168304, 0.9619275881596399, -33.19515533511395)
29.93999999999945 (-37.84856578693866, 0.9619250212165119, -33.19938738106255)
29.95999999999945 (-37.844243131796, 0.9619242872125929, -33.202071680136115)
29.97999999999945 (-37.84143340070711, 0.9619238101091548, -33.203816477791705)
29.99999999999945 (-37.83679912906927, 0.9619227864885429, -33.2067113539918)
