0.0 (-8.25, 1.0, 0.0)
0.02 (-8.25076863522959, 1.0, -0.08787167800890873)
0.04 (-8.2557601265861, 1.0, -0.33946899480413306)
0.06 (-8.27519524510019, 1.0, -0.7102961444315234)
0.08 (-8.332849929991347, 1.0, -1.1176852995585689)
0.1 (-8.450272365708553, 1.0, -1.4734255419074354)
0.12000000000000001 (-8.62051136562324, 1.0, -1.756175067672244)
0.14 (-8.805412940607996, 1.0, -2.0103768094227616)
0.16 (-8.972301286343177, 1.0, -2.256811558339908)
0.18 (-9.117719695872934, 1.0, -2.467864984980422)
0.19999999999999998 (-9.247994738474336, 1.0, -2.62498155470985)
0.21999999999999997 (-9.360320642411189, 1.0, -2.737445726498184)
0.23999999999999996 (-9.449400933841321, 1.0, -2.8146410926509886)
0.25999999999999995 (-9.514774224303416, 1.0, -2.85912734752625)
0.27999999999999997 (-9.558801207338071, 1.0, -2.874382781250252)
0.3 (-9.584391264781024, 1.0, -2.866687875125929)
0.32 (-9.594831173963723, 1.0, -2.8434966100074575)
0.34 (-9.593452795164367, 1.0, -2.8126581557784083)
0.36000000000000004 (-9.606226886617673, 1.0, -2.7835899615913244)
0.38000000000000006 (-9.612679945239885, 1.0, -2.7655992465039216)
0.4000000000000001 (-9.598790869521189, 1.0, -2.7601836910579607)
0.4200000000000001 (-9.579808861489498, 1.0, -2.766669669619511)
0.4400000000000001 (-9.561943886567677, 1.0, -2.77644648554072)
0.46000000000000013 (-9.54453821766914, 1.0, -2.7850951333656164)
0.48000000000000015 (-9.52560319869983, 1.0, -2.7880425829446565)
0.5000000000000001 (-9.502606442549792, 1.0, -2.7800975823710217)
0.5200000000000001 (-9.472580490229314, 1.0, -2.7562349034279454)
0.5400000000000001 (-9.432803361241438, 1.0, -2.7122607019249645)
0.5600000000000002 (-9.381701930866106, 1.0, -2.6451949589461026)
0.5800000000000002 (-9.319538674314662, 1.0, -2.553586138161452)
0.6000000000000002 (-9.24840217665312, 1.0, -2.437356038512905)
0.6200000000000002 (-9.171912057268154, 1.0, -2.297852350453275)
0.6400000000000002 (-9.094471722520789, 1.0, -2.1379988920019652)
0.6600000000000003 (-9.020609988076732, 1.0, -1.9625409236519158)
0.6800000000000003 (-8.954568024562704, 1.0, -1.7783456414673753)
0.7000000000000003 (-8.90012603099977, 1.0, -1.5945509125043007)
0.7200000000000003 (-8.860559349841854, 1.0, -1.4222743158288755)
0.7400000000000003 (-8.838604481794437, 1.0, -1.2735983842594332)
0.7600000000000003 (-8.836321812893186, 1.0, -1.1602218340725252)
0.7800000000000004 (-8.855182663939392, 1.0, -1.0912559416786591)
0.8000000000000004 (-8.895868094515745, 1.0, -1.0716627359295754)
0.8200000000000004 (-8.958425484901829, 1.0, -1.1015048909119396)
0.8400000000000004 (-9.042341908807023, 1.0, -1.1762330653885624)
0.8600000000000004 (-9.146520773935153, 1.0, -1.2879221100757214)
0.8800000000000004 (-9.269067338496447, 1.0, -1.427266283534856)
0.9000000000000005 (-9.407183473496826, 1.0, -1.585409456171059)
0.9200000000000005 (-9.557195525405522, 1.0, -1.7547780088775893)
0.9400000000000005 (-9.714710840231444, 1.0, -1.9290799734432624)
0.9600000000000005 (-9.874847762391656, 1.0, -2.1030335278678356)
0.9800000000000005 (-10.032457683244994, 1.0, -2.2721662392165145)
1.0000000000000004 (-10.182306030933326, 1.0, -2.432655938415413)
1.0200000000000005 (-10.319252596335428, 1.0, -2.5811737083432433)
1.0400000000000005 (-10.438445797908683, 1.0, -2.714746223084827)
1.0600000000000005 (-10.535536962318723, 1.0, -2.830644649961091)
1.0800000000000005 (-10.606957706489565, 1.0, -2.9263397474882353)
1.1000000000000005 (-10.603083254715783, 1.0, -2.983995864046448)
1.1200000000000006 (-10.51908201176423, 1.0, -2.993066948358142)
1.1400000000000006 (-10.419405137911399, 1.0, -2.967254803066262)
1.1600000000000006 (-10.342149207163953, 0.9983389492836069, -2.9548557347555326)
1.1800000000000006 (-10.258737170131685, 0.9965939196784525, -2.950637204571197)
1.2000000000000006 (-10.14888528683358, 0.996015123211544, -2.941176297108296)
1.2200000000000006 (-10.017127285567161, 0.9955872127456908, -2.9267470021100244)
1.2400000000000007 (-9.873156707004044, 0.9951384917175051, -2.906955857763627)
1.2600000000000007 (-9.726156715820325, 0.9949528201591498, -2.8822752879272495)
1.2800000000000007 (-9.58254723663039, 0.9947900792072212, -2.8549369888857723)
1.3000000000000007 (-9.446193904637592, 0.9946121471339341, -2.827485677653231)
1.3200000000000007 (-9.319243651016182, 0.9944754890257665, -2.8019685275321504)
1.3400000000000007 (-9.20247705939826, 0.9943858723872422, -2.7793385783793294)
1.3600000000000008 (-9.095652431429972, 0.9943410513121891, -2.759181256893287)
1.3800000000000008 (-8.99790553104057, 0.994341571324174, -2.739628419827192)
1.4000000000000008 (-8.908115509689274, 0.9943907140940865, -2.717523993146314)
1.4200000000000008 (-8.82522119779234, 0.9944918348540877, -2.6888437025558596)
1.4400000000000008 (-8.748507763056596, 0.9946466922849756, -2.64928944877087)
1.4600000000000009 (-8.677844457797358, 0.9948548360098021, -2.5949100836907375)
1.4800000000000009 (-8.613799129417242, 0.9951134926957507, -2.522599277973109)
1.5000000000000009 (-8.557560246190622, 0.9954176010239298, -2.4304130339400376)
1.520000000000001 (-8.510670967993764, 0.9957596829445627, -2.3177713978079884)
1.540000000000001 (-8.474658419976567, 0.9961292081761336, -2.1856724668079766)
1.560000000000001 (-8.45065368336844, 0.9965112197403257, -2.037021482880595)
1.580000000000001 (-8.439192594835795, 0.9968846912428939, -1.876986652323047)
1.600000000000001 (-8.44014600921418, 0.9972208928594443, -1.7133801861629572)
1.620000000000001 (-8.452895906666832, 0.9974831766820679, -1.5564244153030908)
1.640000000000001 (-8.476784109059897, 0.9976290211279172, -1.4178672197487623)
1.660000000000001 (-8.511576153052495, 0.9976146110928934, -1.309224564128339)
1.680000000000001 (-8.557920562713116, 0.9974015281773099, -1.2396162101227168)
1.700000000000001 (-8.617577603065348, 0.9969644858656205, -1.2139075015851473)
1.720000000000001 (-8.693373585153779, 0.9962984348978855, -1.231840547787037)
1.740000000000001 (-8.788744180810772, 0.9954215613577534, -1.2884897812282572)
1.7600000000000011 (-8.906832848902235, 0.9943706016621146, -1.375986469076987)
1.7800000000000011 (-9.049497259714343, 0.9931894676831904, -1.4859130478550557)
1.8000000000000012 (-9.216751354114576, 0.9919179642425866, -1.6112405712531241)
1.8200000000000012 (-9.406844658062413, 0.990587159485891, -1.7469102298074923)
1.8400000000000012 (-9.616706771153527, 0.9892212628282555, -1.8892871161222053)
1.8600000000000012 (-9.842396017089703, 0.9878407350182568, -2.0355015582346145)
1.8800000000000012 (-10.079409999343829, 0.9864633678780267, -2.183227096339097)
1.9000000000000012 (-10.322859001577429, 0.9851043490702736, -2.330658026020431)
1.9200000000000013 (-10.567615081131061, 0.9837768628166756, -2.476400261683469)
1.9400000000000013 (-10.808358333472363, 0.9824930600244239, -2.6192824884774275)
1.9600000000000013 (-11.039672610496844, 0.9812644818352708, -2.7582800844009436)
1.9800000000000013 (-11.256147525713319, 0.9801026801128785, -2.892388739204667)
2.0000000000000013 (-11.452503804934096, 0.9790196906693654, -3.0205156092793994)
2.0200000000000014 (-11.558260064844651, 0.9779120797594678, -3.1322161434144795)
2.0400000000000014 (-11.510719091790216, 0.9767835980145404, -3.2262264544708223)
2.0600000000000014 (-11.444348832919836, 0.9760209219389201, -3.2871172599947305)
2.0800000000000014 (-11.350179802750503, 0.9752978200090844, -3.339463870905048)
2.1000000000000014 (-11.2263237562025, 0.974609913413122, -3.3890224076043887)
2.1200000000000014 (-11.119601240748336, 0.9736109413713538, -3.4443114572267843)
2.1400000000000015 (-11.036090279164622, 0.9726992435615008, -3.4952874099268376)
2.1600000000000015 (-10.94665490734737, 0.9721496790835047, -3.531268210516806)
2.1800000000000015 (-10.844004595511963, 0.971767817554285, -3.561996816584025)
2.2000000000000015 (-10.731699582390998, 0.9714933412855861, -3.587700222952481)
2.2200000000000015 (-10.615374760543975, 0.971286668442259, -3.608623625500209)
2.2400000000000015 (-10.50009134180867, 0.971107794454607, -3.625598341225723)
2.2600000000000016 (-10.389328466691499, 0.9709165015486669, -3.6405261978484504)
2.2800000000000016 (-10.285244677342881, 0.9706824620436013, -3.6553835224881053)
2.3000000000000016 (-10.188932474869263, 0.9703884120252879, -3.6716313199092983)
2.3200000000000016 (-10.10055183826057, 0.9700295946449062, -3.6898776333852124)
2.3400000000000016 (-10.019539133505235, 0.9696118523101191, -3.7096219199695595)
2.3600000000000017 (-9.94483031024525, 0.9691486669838075, -3.7291765218501216)
2.3800000000000017 (-9.87505759501021, 0.9686581445673099, -3.7457984574146637)
2.4000000000000017 (-9.808743694925612, 0.9681611247333383, -3.7560040965268033)
2.4200000000000017 (-9.744526809111825, 0.967680968920661, -3.7559977501882984)
2.4400000000000017 (-9.681409578691095, 0.9672446124281505, -3.7421124665083063)
2.4600000000000017 (-9.61896861226336, 0.9668837672460936, -3.7111731146352502)
2.4800000000000018 (-9.55744585577446, 0.9666352232076838, -3.660753181104844)
2.5000000000000018 (-9.497690524430656, 0.9665397248461256, -3.5893679561547778)
2.520000000000002 (-9.440991236150257, 0.9666392082031199, -3.496685014134116)
2.540000000000002 (-9.388880773336, 0.9669722369661494, -3.383821929781291)
2.560000000000002 (-9.34299645872514, 0.9675678428235203, -3.2537380222124277)
2.580000000000002 (-9.305032020733105, 0.9684385458003674, -3.1116257441692383)
2.600000000000002 (-9.27683984038594, 0.9695746111217651, -2.965093354259674)
2.620000000000002 (-9.260607314328379, 0.9709428149601588, -2.823816944915228)
2.640000000000002 (-9.258985812481551, 0.9724933469513705, -2.698469990396896)
2.660000000000002 (-9.275064077736372, 0.9741757363091598, -2.5989920340288077)
2.680000000000002 (-9.312147005863435, 0.9759574101710711, -2.532636252462246)
2.700000000000002 (-9.373445091846465, 0.9778334173904306, -2.502460675381195)
2.720000000000002 (-9.461764004634853, 0.9798191232983442, -2.506820919286378)
2.740000000000002 (-9.579114053077245, 0.9819300951346417, -2.5400924760736565)
2.760000000000002 (-9.72632452734307, 0.9841635480746603, -2.5945081135357526)
2.780000000000002 (-9.902818796541856, 0.986493281531192, -2.662406185450749)
2.800000000000002 (-10.106673200524924, 0.9888774273257972, -2.73781762835793)
2.820000000000002 (-10.334863761884547, 0.9912694739362611, -2.8167776596975163)
2.840000000000002 (-10.583536452523239, 0.9936251011845775, -2.89676782200437)
2.860000000000002 (-10.84824808324369, 0.9959044339422252, -2.9761472658050145)
2.880000000000002 (-11.124183722036902, 0.9980725773696751, -3.0539296839987604)
2.900000000000002 (-11.406385204328728, 1.000100042905038, -3.129664149389841)
2.920000000000002 (-11.689568261932804, 1.0019621853910836, -3.203344563274057)
2.940000000000002 (-11.968471200473173, 1.003640810136343, -3.2753578632384426)
2.960000000000002 (-12.237803418463571, 1.0051229152268537, -3.3461088506308503)
2.980000000000002 (-12.492284948858, 1.0064014266047685, -3.416055564413075)
3.000000000000002 (-12.726780894673645, 1.0074754771742904, -3.4855915923763052)
3.0200000000000022 (-12.871943049242887, 1.008346466709228, -3.565766330095688)
3.0400000000000023 (-12.86167291536994, 1.009029552564762, -3.676742487632476)
3.0600000000000023 (-12.821874658815663, 1.0094118929055353, -3.760776282749388)
3.0800000000000023 (-12.756189174130533, 1.0097192040014547, -3.8433135116214547)
3.1000000000000023 (-12.666834924811416, 1.0099926644122348, -3.9340869696416694)
3.1200000000000023 (-12.603729353352978, 1.0090299574749688, -4.027971972089211)
3.1400000000000023 (-12.545034142137304, 1.008801612329621, -4.118182710228128)
3.1600000000000024 (-12.475281923520555, 1.0086099090629015, -4.203113947333512)
3.1800000000000024 (-12.399417748610476, 1.0083706742753826, -4.283428301037632)
3.2000000000000024 (-12.323390677106241, 1.0080781526431382, -4.35862597156172)
3.2200000000000024 (-12.2433580181062, 1.0077626514038607, -4.423170043030657)
3.2400000000000024 (-12.163302035207298, 1.0075244740251625, -4.482995656550413)
3.2600000000000025 (-12.086541321623836, 1.0073829343625753, -4.540773515367187)
3.2800000000000025 (-12.015342192798885, 1.007342318098714, -4.5979088650148245)
3.3000000000000025 (-11.951077229647861, 1.00740495475423, -4.655469497933913)
3.3200000000000025 (-11.894065833355743, 1.0075684365064965, -4.713917384667084)
3.3400000000000025 (-11.84390146541712, 1.0078232064051253, -4.772757608077836)
3.3600000000000025 (-11.799423873532128, 1.0081503521247828, -4.83032782357539)
3.3800000000000026 (-11.758786146569724, 1.008522745677925, -4.88404776605527)
3.4000000000000026 (-11.719657058582792, 1.008907429688268, -4.930708117731228)
3.4200000000000026 (-11.679475749255722, 1.0092687646030707, -4.966824413118648)
3.4400000000000026 (-11.635788971467722, 1.0095714311551238, -4.988987298963738)
3.4600000000000026 (-11.586609593321086, 1.0097820643984623, -4.994133285748594)
3.4800000000000026 (-11.530694635757499, 1.0098691993741664, -4.979736105758784)
3.5000000000000027 (-11.46763853592379, 1.0098024044492275, -4.9439141526259585)
3.5200000000000027 (-11.39806529588682, 1.0095534218690514, -4.885880731749807)
3.5400000000000027 (-11.32323196050907, 1.0090964548922474, -4.806045602019686)
3.5600000000000027 (-11.245306457396824, 1.0084136675128195, -4.70643331564513)
3.5800000000000027 (-11.167469757863142, 1.0074998054878526, -4.591098583943964)
3.6000000000000028 (-11.094029406408517, 1.0063666759878513, -4.466243025829595)
3.6200000000000028 (-11.030511674670953, 1.0050453606769336, -4.339900094651491)
3.640000000000003 (-10.983488945245195, 1.0035819320269583, -4.220922007716486)
3.660000000000003 (-10.959967588094104, 1.0020253216540473, -4.117393135489613)
3.680000000000003 (-10.966420703865007, 1.0004125040380694, -4.034916257858375)
3.700000000000003 (-11.007819918714747, 0.9987609300789541, -3.97533441657482)
3.720000000000003 (-11.087000598045064, 0.9970749686172061, -3.9363628324369215)
3.740000000000003 (-11.204440220294929, 0.9953611724824056, -3.912359108855621)
3.760000000000003 (-11.358517122243159, 0.9936402161997165, -3.896096243020845)
3.780000000000003 (-11.546134898846475, 0.9919468508816216, -3.880879274636039)
3.800000000000003 (-11.763422805502001, 0.9903208946524994, -3.8620173779240448)
3.820000000000003 (-12.006161271779938, 0.9887982037709446, -3.8370948491490626)
3.840000000000003 (-12.269871573502472, 0.9874067285838871, -3.8053961430514827)
3.860000000000003 (-12.54982474571886, 0.9861664461044335, -3.7672667235201773)
3.880000000000003 (-12.841150683983395, 0.9850901823618401, -3.723784196837656)
3.900000000000003 (-13.138961224716612, 0.9841841316363883, -3.676605642270841)
3.920000000000003 (-13.438385569683666, 0.9834482367312725, -3.627814167073648)
3.940000000000003 (-13.734565407907631, 0.982876492674176, -3.579759769557684)
3.960000000000003 (-14.02267023477595, 0.9824571093379044, -3.5349230573637564)
3.980000000000003 (-14.297932093058636, 0.9821727222560322, -3.495783602234357)
4.000000000000003 (-14.555675415849644, 0.982001067944217, -3.4646708203443386)
4.020000000000002 (-14.703214184501537, 0.9813081637959858, -3.506529170066098)
4.040000000000002 (-14.759230872170495, 0.9803707438437395, -3.6013998927180793)
4.060000000000001 (-14.784857548387983, 0.9796244710812407, -3.6813823016986524)
4.080000000000001 (-14.791640369948151, 0.978747012427302, -3.778765616738156)
4.1000000000000005 (-14.778401215632057, 0.9778155663139431, -3.8960353026009464)
4.12 (-14.758096981670837, 0.976816580494263, -4.0147237633423565)
4.14 (-14.767209695517186, 0.9762370056165989, -4.120270997578297)
4.159999999999999 (-14.766990538455415, 0.9763303189121589, -4.20666148425696)
4.179999999999999 (-14.758188464360094, 0.9765518361339995, -4.29410681905685)
4.199999999999998 (-14.74126375732748, 0.9770650252979849, -4.386255436939013)
4.219999999999998 (-14.71655025142038, 0.9773120582206226, -4.478424746489256)
4.2399999999999975 (-14.688219523768337, 0.9774441341589042, -4.569072506969701)
4.259999999999997 (-14.66026419449787, 0.9774386457534247, -4.657430116652494)
4.279999999999997 (-14.635545152503036, 0.977270284648287, -4.743119185008734)
4.299999999999996 (-14.615834637761107, 0.9769455365514185, -4.826040139354412)
4.319999999999996 (-14.60170164943669, 0.9764907280549227, -4.90608547079645)
4.339999999999995 (-14.59245496365981, 0.975938625104495, -4.982893873927477)
4.359999999999995 (-14.586203430616447, 0.9753195307412389, -5.055710570304329)
4.379999999999995 (-14.580044477324263, 0.9746574715474899, -5.123379763881614)
4.399999999999994 (-14.57038817077135, 0.9739709842963329, -5.184441849902945)
4.419999999999994 (-14.553400444034827, 0.9732772808628932, -5.237262625694684)
4.439999999999993 (-14.525497269161074, 0.9725977437178837, -5.280126263959678)
4.459999999999993 (-14.483782446595672, 0.9719624104939018, -5.311281829857258)
4.479999999999992 (-14.426342652511602, 0.9714118982459884, -5.328996649277253)
4.499999999999992 (-14.35239193554855, 0.9709965711621921, -5.331686528918263)
4.519999999999992 (-14.262340938856141, 0.97077349849746, -5.3181587949943525)
4.539999999999991 (-14.157901054396417, 0.970801677313643, -5.287952215559806)
4.559999999999991 (-14.042295656419371, 0.9711359183376663, -5.241705379454956)
4.57999999999999 (-13.920535209467296, 0.9718199294654754, -5.181465978513995)
4.59999999999999 (-13.799665938517945, 0.9728800016590544, -5.1107299187700175)
4.6199999999999894 (-13.688647225733412, 0.9743222471176078, -5.034066430097005)
4.639999999999989 (-13.597645936977173, 0.9761372129966256, -4.956300526420551)
4.659999999999989 (-13.536685310845446, 0.9783135505181478, -4.881367527492951)
4.679999999999988 (-13.513920161156458, 0.9808529456992255, -4.811229230893799)
4.699999999999988 (-13.534187230563534, 0.9837730830352788, -4.745143071102701)
4.719999999999987 (-13.598311254077526, 0.9870910879226872, -4.679611377351433)
4.739999999999987 (-13.703387093588413, 0.9907965476211574, -4.609190081769666)
4.7599999999999865 (-13.843966481087662, 0.9948357799275632, -4.528019123724661)
4.779999999999986 (-14.013711752960864, 0.9991202107439573, -4.431477479157065)
4.799999999999986 (-14.20674423745788, 1.0035494397629343, -4.317172165760609)
4.819999999999985 (-14.418092460990797, 1.0080297719452052, -4.184932942193712)
4.839999999999985 (-14.643419549321784, 1.0124800064665416, -4.036209627567747)
4.859999999999984 (-14.878701988106616, 1.0168303636405087, -3.873486110580957)
4.879999999999984 (-15.120184474828939, 1.02102162660968, -3.699947114136691)
4.8999999999999835 (-15.364419125139234, 1.0250051273624026, -3.519293728493164)
4.919999999999983 (-15.60821265823217, 1.028742062457188, -3.335593834912334)
4.939999999999983 (-15.848539696154312, 1.0322025675845394, -3.153144645372252)
4.959999999999982 (-16.082491316889115, 1.0353653030845957, -2.9763463319206838)
4.979999999999982 (-16.307243936606724, 1.0382172347111904, -2.809571346428225)
4.999999999999981 (-16.520016020127663, 1.0407528169556652, -2.6570208147593877)
5.019999999999981 (-16.68629823187476, 1.0432960075229547, -2.5942902958993743)
5.0399999999999805 (-16.786744004125232, 1.0462073080580914, -2.6624046588077124)
5.05999999999998 (-16.84777945771381, 1.0481268001722819, -2.733640864378525)
5.07999999999998 (-16.895558664269657, 1.0497684998072387, -2.823676030971437)
5.099999999999979 (-16.937110270491026, 1.0515301108324708, -2.939532365163092)
5.119999999999979 (-16.978724442060898, 1.053058640634334, -3.048341876410033)
5.139999999999978 (-17.04452407379035, 1.0546545055572976, -3.141065521463246)
5.159999999999978 (-17.098353486021512, 1.0555063567696499, -3.2318465058600223)
5.1799999999999775 (-17.141549668603894, 1.0560641575877676, -3.3241026020721804)
5.199999999999977 (-17.176685170661166, 1.056292801353754, -3.4185657138264536)
5.219999999999977 (-17.206402277152467, 1.056322375297483, -3.511316669299461)
5.239999999999976 (-17.233905079510134, 1.0563686429516885, -3.600058252050359)
5.259999999999976 (-17.262131593704954, 1.0565829133295053, -3.683822588114998)
5.279999999999975 (-17.293256125190272, 1.057043219860583, -3.7622090077347567)
5.299999999999975 (-17.32846863305459, 1.0577696465571713, -3.8351556023826743)
5.3199999999999745 (-17.367798028636383, 1.0587390413912459, -3.902822562576164)
5.339999999999974 (-17.41001997201111, 1.0598973567167544, -3.965472102243403)
5.359999999999974 (-17.45271378115347, 1.0611711731374367, -4.023402823854431)
5.379999999999973 (-17.492487437647107, 1.062322918452931, -4.07695456643162)
5.399999999999973 (-17.525333670640485, 1.0635106283090203, -4.12652869716867)
5.419999999999972 (-17.547084097566994, 1.0644366746732767, -4.172546200665137)
5.439999999999972 (-17.553833340334524, 1.06505472285298, -4.215322893005351)
5.4599999999999715 (-17.542289539137496, 1.0656313605896572, -4.254901323790082)
5.479999999999971 (-17.510033812950876, 1.0656107857439523, -4.290935723018094)
5.499999999999971 (-17.4556193678277, 1.0653348866719257, -4.3227113264271635)
5.51999999999997 (-17.378951322316805, 1.0645324346373266, -4.3492460606660135)
5.53999999999997 (-17.28129779986698, 1.063308839337829, -4.369608270454921)
5.559999999999969 (-17.16574795092478, 1.0613894779335282, -4.38294865955885)
5.579999999999969 (-17.037575567948288, 1.0588179884831856, -4.388618701762041)
5.599999999999969 (-16.904404711409164, 1.0557096062111764, -4.386068791813126)
5.619999999999968 (-16.775899649881595, 1.0521937554669454, -4.374577078981264)
5.639999999999968 (-16.662765124294562, 1.0484418128232176, -4.352891660743812)
5.659999999999967 (-16.575086702820997, 1.0446258836673261, -4.318946635859784)
5.679999999999967 (-16.520428791138226, 1.040871918541483, -4.269874901852791)
5.699999999999966 (-16.502355055428303, 1.0372340089804928, -4.202208040540016)
5.719999999999966 (-16.519908591514827, 1.0337045047753342, -4.112258673430424)
5.739999999999966 (-16.568251547408796, 1.0302506392790483, -3.9967342781118287)
5.759999999999965 (-16.640349050035127, 1.026853363501957, -3.8534106718878323)
5.779999999999965 (-16.729042829225577, 1.0235259967791421, -3.6816257725948747)
5.799999999999964 (-16.82854612828136, 1.0203094943344433, -3.482375709204792)
5.819999999999964 (-16.934794017619208, 1.0172567093628522, -3.258066303620843)
5.839999999999963 (-17.04498612742082, 1.014419221580155, -3.0121491178539603)
5.859999999999963 (-17.15708520759786, 1.011841491131571, -2.748800971466414)
5.879999999999963 (-17.2696152392641, 1.0095596196355385, -2.472672275370222)
5.899999999999962 (-17.381588935921986, 1.007600967252754, -2.1887098893266033)
5.919999999999962 (-17.492391678930282, 1.005983373001802, -1.9020506257009122)
5.939999999999961 (-17.601648840207755, 1.004714146509076, -1.6179426998223392)
5.959999999999961 (-17.70912271087332, 1.0037890036822679, -1.3416608919674469)
5.9799999999999605 (-17.814621557508328, 1.003191149075127, -1.0784079246447014)
5.99999999999996 (-17.917894144032058, 1.0028910400276332, -0.8332082264877783)
6.01999999999996 (-18.031506616250507, 1.0022501735274458, -0.7175232778752866)
6.039999999999959 (-18.146620456519848, 1.0018706016069598, -0.7049969557864932)
6.059999999999959 (-18.235675176361777, 1.0024932900498587, -0.7105520346138159)
6.079999999999958 (-18.33112518072721, 1.002868367396828, -0.739114834226323)
6.099999999999958 (-18.434880034734935, 1.003126936037586, -0.7926738234127357)
6.1199999999999575 (-18.53794773610967, 1.0030787978732125, -0.8505225101483259)
6.139999999999957 (-18.646422292938258, 1.0033747672035471, -0.8747394399511101)
6.159999999999957 (-18.745239523394893, 1.0040945484371246, -0.9046599914264507)
6.179999999999956 (-18.83327067887077, 1.004588733817803, -0.941350646149925)
6.199999999999956 (-18.915779584964337, 1.0051250945329833, -0.9864672415445227)
6.219999999999955 (-18.993743110984155, 1.0056948316559657, -1.035763777127712)
6.239999999999955 (-19.06791932823032, 1.0061608506550728, -1.0850727034027596)
6.2599999999999545 (-19.140035016294632, 1.0064476708667276, -1.1316016897313825)
6.279999999999954 (-19.211658724650757, 1.0065356911677719, -1.1735803455887812)
6.299999999999954 (-19.28375062274925, 1.0064391813626767, -1.2101132101957595)
6.319999999999953 (-19.356465583062402, 1.006189579574603, -1.2411882998409713)
6.339999999999953 (-19.42901222758965, 1.005823585140673, -1.26764440604789)
6.359999999999952 (-19.49964047476437, 1.005374937369343, -1.291078190193989)
6.379999999999952 (-19.565804509075523, 1.0048700645581232, -1.3137022226237118)
6.3999999999999515 (-19.624461061126656, 1.0042118701775027, -1.3381322781066503)
6.419999999999951 (-19.672404495900732, 1.0038030569035643, -1.3670723918734293)
6.439999999999951 (-19.70655526096799, 1.003235587395215, -1.4029539789415375)
6.45999999999995 (-19.72414892530245, 1.0027342578174994, -1.4475782076617498)
6.47999999999995 (-19.722875202472594, 1.0022770795221239, -1.5018960412153852)
6.499999999999949 (-19.701101430665563, 1.0019247206886808, -1.565880099493356)
6.519999999999949 (-19.657867803574145, 1.0019131416901892, -1.6387872889905861)
6.5399999999999485 (-19.593459205915142, 1.002135918520149, -1.718762572342914)
6.559999999999948 (-19.50982991148333, 1.0025780106063111, -1.8030995989106453)
6.579999999999948 (-19.41091946271063, 1.003365610161196, -1.888029901551197)
6.599999999999947 (-19.30278425641042, 1.0045653492453337, -1.9684813804603185)
6.619999999999947 (-19.193200329379263, 1.006188020775264, -2.038036611658813)
6.639999999999946 (-19.090634590950497, 1.008216750107878, -2.089244219739011)
6.659999999999946 (-19.002654132494904, 1.010628396343754, -2.1143951921965103)
6.6799999999999455 (-18.93424968392143, 1.013409281521421, -2.1066864811083708)
6.699999999999945 (-18.886592545417642, 1.0165568898384045, -2.061271024330198)
6.719999999999945 (-18.856721333087112, 1.0200607127721157, -1.9758910112890125)
6.739999999999944 (-18.838408612812668, 1.0238738824664084, -1.8509583857810021)
6.759999999999944 (-18.824045538101732, 1.0279013359618925, -1.6890839296153242)
6.779999999999943 (-18.806822276979247, 1.032017166949723, -1.4942156914415468)
6.799999999999943 (-18.782170101864374, 1.0360960300776736, -1.2707837663167374)
6.8199999999999426 (-18.74792938717257, 1.0400345098853612, -1.0232751767455845)
6.839999999999942 (-18.703683727735946, 1.0437548232676959, -0.7562387654844104)
6.859999999999942 (-18.650091524208854, 1.0472004228382357, -0.47434548419660044)
6.879999999999941 (-18.5885599395115, 1.0503327970854457, -0.18229526840338467)
6.899999999999941 (-18.521089252227082, 1.053130058405989, 0.11529550170625717)
6.91999999999994 (-18.45011491349805, 1.055585255214398, 0.41390882758127845)
6.93999999999994 (-18.378347784372227, 1.0577045908974985, 0.7091031550467577)
6.95999999999994 (-18.308638405608132, 1.059506206033914, 0.9965191331658212)
6.979999999999939 (-18.243846159766825, 1.0610190429517392, 1.271906326726997)
6.999999999999939 (-18.186692773056734, 1.0622808461131692, 1.5311466734481942)
7.019999999999938 (-18.19331447341704, 1.0642917120455864, 1.713969816260406)
7.039999999999938 (-18.293090259807503, 1.0674577116261261, 1.7876011485042846)
7.059999999999937 (-18.381083444058717, 1.0696157227342726, 1.8251073324592713)
7.079999999999937 (-18.480808202458658, 1.0717722519515247, 1.8442400117281155)
7.099999999999937 (-18.602016798487384, 1.0742773437295332, 1.849352780799289)
7.119999999999936 (-18.716389762931296, 1.0765155024327722, 1.8569672382068896)
7.139999999999936 (-18.82244029577834, 1.0793020628983965, 1.8909485110441744)
7.159999999999935 (-18.92829809867403, 1.0811953700887162, 1.916338369786949)
7.179999999999935 (-19.034173066983318, 1.0821741152880822, 1.9352405598847875)
7.1999999999999345 (-19.136395594869562, 1.0831725616269927, 1.9451396653567679)
7.219999999999934 (-19.23436907612449, 1.0840150845553984, 1.949628546780435)
7.239999999999934 (-19.3283174924405, 1.0848195608233397, 1.9532593986570819)
7.259999999999933 (-19.418305692066166, 1.0857298217194367, 1.9590967094111744)
7.279999999999933 (-19.504563285564, 1.086832761321865, 1.969226793660827)
7.299999999999932 (-19.587353246126362, 1.0881547888988576, 1.9847163348403927)
7.319999999999932 (-19.666743819066472, 1.0896734184697014, 2.00547607936086)
7.3399999999999315 (-19.74246122531791, 1.0913313552912538, 2.030222532532129)
7.359999999999931 (-19.81386970777593, 1.0930501477734105, 2.056559156168388)
7.379999999999931 (-19.880067762285808, 1.0947424621519686, 2.081183454382893)
7.39999999999993 (-19.940038084916424, 1.0961077905750336, 2.100220258898251)
7.41999999999993 (-19.992753984687518, 1.0973271505653974, 2.1096351363334716)
7.439999999999929 (-20.037209480858717, 1.0982696961398986, 2.105684205020281)
7.459999999999929 (-20.07237348030841, 1.0988850730657471, 2.0852928073637833)
7.4799999999999285 (-20.097165466036007, 1.0990215069605331, 2.046317886663537)
7.499999999999928 (-20.110494459718407, 1.0984590360762188, 1.9876325793017888)
7.519999999999928 (-20.111493176621824, 1.0974905536102286, 1.9095629205415388)
7.539999999999927 (-20.09984997628797, 1.0959619366602296, 1.8136323511314572)
7.559999999999927 (-20.075895503488375, 1.0937643703454774, 1.7030745748479998)
7.579999999999926 (-20.040859399226527, 1.0909115392303652, 1.58313608353603)
7.599999999999926 (-19.99680878371794, 1.087500395492219, 1.4612378458704098)
7.6199999999999255 (-19.946251219914586, 1.0836864453636652, 1.3467535432578832)
7.639999999999925 (-19.891446467961355, 1.0796559301410635, 1.250144928904103)
7.659999999999925 (-19.833617569035198, 1.075584329001838, 1.1814676504673611)
7.679999999999924 (-19.7723291391865, 1.071590933561252, 1.148607108077702)
7.699999999999924 (-19.705244709537862, 1.0677131124020913, 1.1558527913985714)
7.719999999999923 (-19.628377292925975, 1.0639177609687753, 1.2033380799724571)
7.739999999999923 (-19.536924089687417, 1.0601412603746534, 1.2874875204520078)
7.7599999999999225 (-19.426466088395657, 1.05633376270697, 1.4024076643946735)
7.779999999999922 (-19.294086673118677, 1.052484351913176, 1.541665135733791)
7.799999999999922 (-19.13890234657109, 1.048620750863183, 1.6996123321265395)
7.819999999999921 (-18.961906090196138, 1.044794081253837, 1.8717489940762815)
7.839999999999921 (-18.765467456049944, 1.0410634380048287, 2.054397978658664)
7.85999999999992 (-18.552874519878994, 1.037487433109584, 2.2443515925918596)
7.87999999999992 (-18.32803659568065, 1.0341210994040382, 2.4387725383961616)
7.8999999999999195 (-18.09529457641518, 1.0310142627552006, 2.635180552231082)
7.919999999999919 (-17.85928268407656, 1.0282098100138546, 2.8313770488729197)
7.939999999999919 (-17.624811026465014, 1.0257418619384235, 3.0253494042665108)
7.959999999999918 (-17.3967515017887, 1.023633960306036, 3.215204893436665)
7.979999999999918 (-17.17991459624001, 1.0218973853019633, 3.399119604242655)
7.999999999999917 (-16.978912764662468, 1.0205300370435728, 3.5752782344132825)
8.019999999999918 (-16.90518444932666, 1.0195869227906666, 3.716799290407485)
8.039999999999917 (-16.925812585476898, 1.019270702051086, 3.8315572612759787)
8.059999999999917 (-16.954765872525286, 1.0200339316391476, 3.91666906509084)
8.079999999999917 (-17.007408045616284, 1.0207154338279743, 4.002231937513316)
8.099999999999916 (-17.086069137560923, 1.0215734066758833, 4.0891907998727035)
8.119999999999916 (-17.169025067539273, 1.0222429114336833, 4.171773806129532)
8.139999999999915 (-17.222548602525872, 1.022634182459724, 4.267207957087412)
8.159999999999915 (-17.279599648652518, 1.0234088362489147, 4.355673726634604)
8.179999999999914 (-17.3415477670388, 1.0249955433858828, 4.438619489614808)
8.199999999999914 (-17.406941485003642, 1.026200461800634, 4.512397729976925)
8.219999999999914 (-17.474186741740063, 1.0272578008656104, 4.577702115183269)
8.239999999999913 (-17.540587500165813, 1.0282430440338508, 4.639152812671429)
8.259999999999913 (-17.60406512987332, 1.0290638053148098, 4.699480010230123)
8.279999999999912 (-17.663298512547055, 1.0296719215025096, 4.760564049992649)
8.299999999999912 (-17.717677146872045, 1.0300669992596427, 4.823534857703426)
8.319999999999911 (-17.767206623546983, 1.0302739322589458, 4.888509144522924)
8.339999999999911 (-17.81236574716131, 1.0303243029023514, 4.954444878521148)
8.35999999999991 (-17.854156866533, 1.0302466583715335, 5.0191565064933545)
8.37999999999991 (-17.89390312931386, 1.0300616844738644, 5.079549700623502)
8.39999999999991 (-17.93316124674922, 1.0296719165631143, 5.131950503106249)
8.41999999999991 (-17.97357045809382, 1.0293082757115062, 5.172523833208977)
8.439999999999909 (-18.016580135067823, 1.0290891915564984, 5.197640065542268)
8.459999999999908 (-18.06318283249589, 1.0286560521417627, 5.204156850926265)
8.479999999999908 (-18.11371448829797, 1.0281226076281942, 5.189611162942257)
8.499999999999908 (-18.16780813332604, 1.027734892570449, 5.1524135882069935)
8.519999999999907 (-18.22451546308775, 1.0275226469491405, 5.0919938836507015)
8.539999999999907 (-18.282321551709476, 1.0275207396423716, 5.009216038631108)
8.559999999999906 (-18.33927828986476, 1.027804999799734, 4.906773038900284)
8.579999999999906 (-18.392918868021425, 1.0286554134700154, 4.789567723372499)
8.599999999999905 (-18.440096773091923, 1.0296958670644034, 4.664867641504982)
8.619999999999905 (-18.476798499706568, 1.031105946471003, 4.541902602285259)
8.639999999999905 (-18.498166500233364, 1.0328898937849564, 4.4307492449989425)
8.659999999999904 (-18.498836278358528, 1.0350700072992058, 4.340586024232282)
8.679999999999904 (-18.47356257848939, 1.0376415374165622, 4.277789554481637)
8.699999999999903 (-18.41791487049561, 1.0405906201406714, 4.244519962862453)
8.719999999999903 (-18.328828994017762, 1.0438848488255787, 4.238329385323832)
8.739999999999903 (-18.20493374660485, 1.0474489641730274, 4.253037930689573)
8.759999999999902 (-18.046612806591078, 1.0511604243560286, 4.280692361356465)
8.779999999999902 (-17.855762196450325, 1.054874500435042, 4.313850878745237)
8.799999999999901 (-17.635354863778485, 1.0584589126182509, 4.347116495191331)
8.8199999999999 (-17.38907860317539, 1.061813502577145, 4.377352037332642)
8.8399999999999 (-17.12115871506871, 1.0648703929475276, 4.403034068544376)
8.8599999999999 (-16.836230239873828, 1.0675868756784506, 4.423616833499031)
8.8799999999999 (-16.539159679938887, 1.0699406935571514, 4.439254821020697)
8.899999999999899 (-16.23489762505283, 1.0719276712793193, 4.450680502106157)
8.919999999999899 (-15.92842152331373, 1.0735593347835064, 4.459056012579974)
8.939999999999898 (-15.624710595142519, 1.0748606033720944, 4.465817118279925)
8.959999999999898 (-15.328701188066418, 1.0758681103088998, 4.472546754061622)
8.979999999999897 (-15.045224049496854, 1.076628593859441, 4.480857737156822)
8.999999999999897 (-14.778938413935867, 1.077196401007912, 4.492260101925384)
9.019999999999897 (-14.62195238531513, 1.074184727105762, 4.555262588152207)
9.039999999999896 (-14.567459879656464, 1.073058002963509, 4.6587736191626234)
9.059999999999896 (-14.53847931528901, 1.0753001628582661, 4.743424470685285)
9.079999999999895 (-14.527975972739501, 1.0773123868393455, 4.8406504044917575)
9.099999999999895 (-14.536323144761173, 1.0792556437937453, 4.954195814731061)
9.119999999999894 (-14.539851017954941, 1.081218741084837, 5.072006973366589)
9.139999999999894 (-14.518079009327536, 1.0826709142331585, 5.17306760646185)
9.159999999999894 (-14.505007719064443, 1.084159671035379, 5.271433374454122)
9.179999999999893 (-14.502627177644426, 1.0856630726607954, 5.3687046336186475)
9.199999999999893 (-14.508377197091589, 1.087044033632124, 5.463978147007145)
9.219999999999892 (-14.5184146343873, 1.088315815805729, 5.555387235588661)
9.239999999999892 (-14.52903453893337, 1.089507874618362, 5.642905587494042)
9.259999999999891 (-14.537358600727291, 1.0906372895718728, 5.727331166505523)
9.279999999999891 (-14.54147492989569, 1.091709112916465, 5.809469169017274)
9.29999999999989 (-14.540512599866037, 1.0925803221116221, 5.889866693150924)
9.31999999999989 (-14.534716683393118, 1.0934881503879859, 5.968636238359433)
9.33999999999989 (-14.5254421978308, 1.0942056052174773, 6.045340186311046)
9.35999999999989 (-14.515056076767078, 1.0947882157846571, 6.118967986094833)
9.379999999999889 (-14.506727782386431, 1.0953340129036022, 6.188063442831093)
9.399999999999888 (-14.50409501804891, 1.0958002954263752, 6.250917976545094)
9.419999999999888 (-14.510845372234549, 1.0958912259723204, 6.305742814062034)
9.439999999999888 (-14.53028071611227, 1.0958641466395715, 6.350752943914517)
9.459999999999887 (-14.564949461828096, 1.0955131938580471, 6.384200949974454)
9.479999999999887 (-14.616427438165523, 1.0948453759848091, 6.4044079917587275)
9.499999999999886 (-14.685213218193535, 1.0939589198356798, 6.409880934494698)
9.519999999999886 (-14.770666417395157, 1.0926433144435672, 6.399546919068175)
9.539999999999885 (-14.870894321226967, 1.090933859141941, 6.3730734937815425)
9.559999999999885 (-14.982527651407878, 1.0888411032461955, 6.331177433083694)
9.579999999999885 (-15.100307062283209, 1.0864135723315484, 6.276064887993939)
9.599999999999884 (-15.217151468268707, 1.0837624154964565, 6.2112610531831525)
9.619999999999884 (-15.32396588332161, 1.0810464716111825, 6.141250600477982)
9.639999999999883 (-15.410556237063764, 1.0784484234306049, 6.070658048229648)
9.659999999999883 (-15.46700482376112, 1.076141567698535, 6.003113541157212)
9.679999999999882 (-15.485345189411195, 1.0743340945347917, 5.940193632998304)
9.699999999999882 (-15.460970386439397, 1.0729607737864972, 5.880768733013122)
9.719999999999882 (-15.393279845557398, 1.071951389294432, 5.821026771403102)
9.739999999999881 (-15.285347630517004, 1.071223577218737, 5.755343420519044)
9.75999999999988 (-15.142700371221734, 1.0706280136101656, 5.677831617276602)
9.77999999999988 (-14.97166161679566, 1.0700291125640327, 5.583953617518757)
9.79999999999988 (-14.778043654821252, 1.0693364756210528, 5.4714250187549345)
9.81999999999988 (-14.56675022519016, 1.0685063280589713, 5.34014439618872)
9.839999999999879 (-14.342064190516806, 1.0675277780038985, 5.1915813530479955)
9.859999999999879 (-14.107951204748057, 1.0664099427227827, 5.028210449853968)
9.879999999999878 (-13.868091715726699, 1.0651758382254886, 4.853190725360604)
9.899999999999878 (-13.625845340321673, 1.0638595399081034, 4.670181222526487)
9.919999999999877 (-13.384303971563112, 1.0625034381291765, 4.483191636061329)
9.939999999999877 (-13.146372531613144, 1.0611554592231058, 4.296446609237199)
9.959999999999877 (-12.914814800897544, 1.0598665815949402, 4.114260158840654)
9.979999999999876 (-12.69227957281425, 1.0586882668377242, 3.9409057555092195)
9.999999999999876 (-12.4813351042626, 1.057669447656996, 3.7804732458424932)
