0.0 (-0.75, 1.0, 0.0)
0.02 (-0.7579949816224176, 1.0, 0.18695850714348444)
0.04 (-0.8303916937909277, 1.0, 0.5779439894331029)
0.06 (-1.0657520603098019, 1.0, 1.0849288950589027)
0.08 (-1.5553952435721365, 1.0, 1.5936896245136976)
0.1 (-2.3065658431037592, 1.0, 1.9968129692240162)
0.12000000000000001 (-3.237268651150893, 1.0, 2.267487380912086)
0.14 (-4.262972095055294, 1.0, 2.434031335248583)
0.16 (-5.333436811069013, 1.0, 2.4985175173066336)
0.18 (-6.404792927728845, 1.0, 2.443269190652106)
0.19999999999999998 (-7.432695449429377, 1.0, 2.274237557535962)
0.21999999999999997 (-8.382319781524693, 1.0, 2.0159632949989956)
0.23999999999999996 (-9.227623621732144, 1.0, 1.6944848745977166)
0.25999999999999995 (-9.950775060418326, 1.0, 1.33705496635991)
0.27999999999999997 (-10.54388562141194, 1.0, 0.9731217060361848)
0.3 (-11.008918762413048, 1.0, 0.631570111089885)
0.32 (-11.356082291394928, 1.0, 0.337829565383416)
0.34 (-11.600894083214113, 1.0, 0.11212532983734003)
0.36000000000000004 (-11.654345414685048, 1.0, 0.06010167446510532)
0.38000000000000006 (-11.665036566951892, 1.0, 0.06429449299442556)
0.4000000000000001 (-11.643372998965683, 1.0, 0.15524907765778223)
0.4200000000000001 (-11.57066796435517, 1.0, 0.3460366398460408)
0.4400000000000001 (-11.42651421945002, 1.0, 0.6235404867697943)
0.46000000000000013 (-11.197424561820279, 1.0, 0.9737921783855443)
0.48000000000000015 (-10.87138756843358, 1.0, 1.3763130528459027)
0.5000000000000001 (-10.440691725677787, 1.0, 1.8039950953652821)
0.5200000000000001 (-9.905931971126932, 1.0, 2.2267417883956)
0.5400000000000001 (-9.277418392760381, 1.0, 2.6164109048083035)
0.5600000000000002 (-8.57360376638919, 1.0, 2.95084665842143)
0.5800000000000002 (-7.817885218579002, 1.0, 3.215673176778947)
0.6000000000000002 (-7.035559523591022, 1.0, 3.4037691154397733)
0.6200000000000002 (-6.251990204075877, 1.0, 3.513709331936201)
0.6400000000000002 (-5.491938279804692, 1.0, 3.548312207417187)
0.6600000000000003 (-4.77936036948635, 1.0, 3.5140308519126857)
0.6800000000000003 (-4.1367579552187665, 1.0, 3.4211986176580647)
0.7000000000000003 (-3.5836521215718085, 1.0, 3.2844169651099056)
0.7200000000000003 (-3.134497070184331, 1.0, 3.1222288459519265)
0.7400000000000003 (-2.7972322931913647, 1.0, 2.955742564990055)
0.7600000000000003 (-2.571952192946029, 1.0, 2.805420208805276)
0.7800000000000004 (-2.453819933145251, 1.0, 2.688669366196964)
0.8000000000000004 (-2.435730603386851, 1.0, 2.617176769566315)
0.8200000000000004 (-2.511551055275624, 1.0, 2.5955261700708605)
0.8400000000000004 (-2.6774834426811145, 1.0, 2.620836058935881)
0.8600000000000004 (-2.932379653352932, 1.0, 2.68436691218725)
0.8800000000000004 (-3.275619520237323, 1.0, 2.7735940967052275)
0.9000000000000005 (-3.7052697697020003, 1.0, 2.8746276841755547)
0.9200000000000005 (-4.2173232018651285, 1.0, 2.9738466301756135)
0.9400000000000005 (-4.8057024548528195, 1.0, 3.058440293739786)
0.9600000000000005 (-5.462370930230411, 1.0, 3.1164096576840956)
0.9800000000000005 (-6.177296590029508, 1.0, 3.1365870480139613)
1.0000000000000004 (-6.938356270024403, 1.0, 3.1087625295830734)
1.0200000000000005 (-7.731165982647651, 1.0, 3.023831255267333)
1.0400000000000005 (-8.538894053838828, 1.0, 2.874211417476651)
1.0600000000000005 (-9.342158800366539, 1.0, 2.6544942962662823)
1.0800000000000005 (-10.119161303996508, 1.0, 2.3623930414457663)
1.1000000000000005 (-10.845996641634283, 1.0, 1.9934107354350497)
1.1200000000000006 (-11.484211025578784, 1.0, 1.5332192711541373)
1.1400000000000006 (-11.820843868586056, 1.0, 1.127926845645002)
1.1600000000000006 (-11.87040967869655, 1.0010223581366449, 1.0652250879455685)
1.1800000000000006 (-11.864558080422025, 1.0027463358785478, 1.0202688502802424)
1.2000000000000006 (-11.821387655917453, 1.0052009656495788, 0.9253028915911502)
1.2200000000000006 (-11.744501034783948, 1.0071588900953732, 0.7991221866140884)
1.2400000000000007 (-11.629584827988868, 1.0084257469207196, 0.6663366996434367)
1.2600000000000007 (-11.477063020600793, 1.009179035816083, 0.5515999774740254)
1.2800000000000007 (-11.29061162847674, 1.0094703313698534, 0.47598354510770824)
1.3000000000000007 (-11.07468053329803, 1.0094545797833834, 0.4556068982237152)
1.3200000000000007 (-10.83212984139682, 1.0093461394859558, 0.5010159339172469)
1.3400000000000007 (-10.561990037388803, 1.0092437148713032, 0.6166537486188461)
1.3600000000000008 (-10.258599624734192, 1.009168193848813, 0.8006894882588906)
1.3800000000000008 (-9.912492117481197, 1.009094855241586, 1.0449443612563984)
1.4000000000000008 (-9.51295329378189, 1.008971993857815, 1.3353164744447914)
1.4200000000000008 (-9.051358677934498, 1.0087392083933535, 1.6531671225094593)
1.4400000000000008 (-8.523939801705147, 1.0083447875570595, 1.9776195155501446)
1.4600000000000009 (-7.933039618417434, 1.0077570523434982, 2.2880451055570425)
1.4800000000000009 (-7.286911008105804, 1.0069678235145156, 2.5658651612981367)
1.5000000000000009 (-6.598845995142247, 1.005990667830283, 2.7953455270344048)
1.520000000000001 (-5.88639738081906, 1.004857675105237, 2.9637775404240934)
1.540000000000001 (-5.170895806947292, 1.0036165858144577, 3.0617485395009307)
1.560000000000001 (-4.476889011388687, 1.0023278590488396, 3.084000570999845)
1.580000000000001 (-3.8308129724468327, 1.0010606269572417, 3.03093619043012)
1.600000000000001 (-3.2583687225857236, 0.999886981882301, 2.9101755856293474)
1.620000000000001 (-2.780708951481062, 0.9988750458313963, 2.7370983101483546)
1.640000000000001 (-2.410430407950874, 0.9980819743686722, 2.53345678186923)
1.660000000000001 (-2.1494533410324355, 0.9975490825426488, 2.3237234033626266)
1.680000000000001 (-1.9903739135895968, 0.9973023843985666, 2.1303427298196067)
1.700000000000001 (-1.920973031536034, 0.9973574031815859, 1.969806921152881)
1.720000000000001 (-1.9294563431792382, 0.9977229106826054, 1.8509084107587972)
1.740000000000001 (-2.007745268352417, 0.9983991995359255, 1.7751862323122054)
1.7600000000000011 (-2.1517406421838956, 0.9993729093721684, 1.7388610626210061)
1.7800000000000011 (-2.359526469546172, 1.0006148638727337, 1.735447170375474)
1.8000000000000012 (-2.629503027112838, 1.0020840135232405, 1.7581157003558168)
1.8200000000000012 (-2.959737012380924, 1.0037334797634812, 1.8009267785043175)
1.8400000000000012 (-3.348246255374978, 1.005513426650206, 1.8587700938320206)
1.8600000000000012 (-3.793237381919966, 1.0073707469383693, 1.926742665510358)
1.8800000000000012 (-4.292926938258358, 1.0092485843658665, 1.9996927675251723)
1.9000000000000012 (-4.845219537039335, 1.0110865617767153, 2.072005663692097)
1.9200000000000013 (-5.447431876437604, 1.0128208291075527, 2.1374305223124384)
1.9400000000000013 (-6.096001938991476, 1.0143839181430743, 2.188936269231117)
1.9600000000000013 (-6.7861122046088065, 1.0157053892703922, 2.2187347656405674)
1.9800000000000013 (-7.511309191675044, 1.0167130793171326, 2.2184499701381926)
2.0000000000000013 (-8.263097002526047, 1.0173343461424775, 2.1792999192961946)
2.0200000000000014 (-9.034235664485916, 1.0174827136314966, 2.0924477221204816)
2.0400000000000014 (-9.819670459653093, 1.016939557264588, 1.937878163172739)
2.0600000000000014 (-10.547792770055212, 1.0155649821996173, 1.698196293177177)
2.0800000000000014 (-11.194560304982453, 1.0135536949436181, 1.398999726155814)
2.1000000000000014 (-11.756435866634385, 1.0110433307786444, 1.0493411172846427)
2.1200000000000014 (-11.84047803145101, 1.0105994176087036, 0.9426818485730694)
2.1400000000000015 (-11.85257597032904, 1.0103293667399347, 0.8695609996814974)
2.1600000000000015 (-11.83721063434759, 1.0097298640735644, 0.7594817555944287)
2.1800000000000015 (-11.80781935616911, 1.0086036574870616, 0.6018411767481409)
2.2000000000000015 (-11.756568969942771, 1.007072295331087, 0.41876027320565706)
2.2200000000000015 (-11.675862184836213, 1.0053043109817044, 0.23146733090039046)
2.2400000000000015 (-11.561934544625576, 1.0034866110744651, 0.06029874959987446)
2.2600000000000016 (-11.413837647719925, 1.001797856095772, -0.07712686826114538)
2.2800000000000016 (-11.231876574981664, 1.0003867710766834, -0.1673112625409921)
2.3000000000000016 (-11.015708972378826, 0.9993573410892506, -0.20173141339397024)
2.3200000000000016 (-10.762785319052123, 0.9987624913110829, -0.17731753018137733)
2.3400000000000016 (-10.467698328268678, 0.998605031055476, -0.09671603131590978)
2.3600000000000017 (-10.122841490259228, 0.9988446910200134, 0.03174154847034015)
2.3800000000000017 (-9.720301433773129, 0.9994104747649258, 0.1946223425214433)
2.4000000000000017 (-9.254316280707396, 1.000217007692564, 0.37475739859353896)
2.4200000000000017 (-8.7233425582745, 1.0011811887371103, 0.5532757305326838)
2.4400000000000017 (-8.131050584411536, 1.0022330746207935, 0.7117718826591857)
2.4600000000000017 (-7.486226313035771, 1.0033158682900496, 0.8339762337854827)
2.4800000000000018 (-6.8020826465583095, 1.0043747304026445, 0.9066443102008201)
2.5000000000000018 (-6.095534060924234, 1.005339973392479, 0.9198706802960206)
2.520000000000002 (-5.386654461173469, 1.0061140738229266, 0.8672986128878076)
2.540000000000002 (-4.698128789596733, 1.0065725726151478, 0.7466248970268083)
2.560000000000002 (-4.054253572968063, 1.0065846593138577, 0.5604984136803459)
2.580000000000002 (-3.479027794611783, 1.0060486041809282, 0.31752880221430513)
2.600000000000002 (-2.9931567277389437, 1.004925221511222, 0.03276729952284718)
2.620000000000002 (-2.6104863001662535, 1.0032504439781846, -0.27316845129736556)
2.640000000000002 (-2.3352286653440313, 1.0011220302665544, -0.5767497506435522)
2.660000000000002 (-2.1616466387409896, 0.9986697593931981, -0.8554305127758041)
2.680000000000002 (-2.076937487354395, 0.9960213583273348, -1.0913046827101704)
2.700000000000002 (-2.066196096766558, 0.9932753312928134, -1.273097608555756)
2.720000000000002 (-2.117099283855988, 0.9904903134362885, -1.396161292826755)
2.740000000000002 (-2.2222706348028676, 0.9876950862487668, -1.4611545352800444)
2.760000000000002 (-2.3788169433046638, 0.9849126945217698, -1.4722351593191079)
2.780000000000002 (-2.5862298939303665, 0.9821817583121567, -1.4352457226058948)
2.800000000000002 (-2.8444637010703953, 0.9795624986810367, -1.3562361523801059)
2.820000000000002 (-3.1532277455635573, 0.9771294567613069, -1.2407058919765601)
2.840000000000002 (-3.512176715193162, 0.9749610149245515, -1.093646786927719)
2.860000000000002 (-3.921126510748755, 0.9731316726821773, -0.9199828447722276)
2.880000000000002 (-4.3799467525744715, 0.9717068571626328, -0.7249627005717647)
2.900000000000002 (-4.888343500427071, 0.9707392360835394, -0.5144371863526158)
2.920000000000002 (-5.445635362071302, 0.9702661540515103, -0.29506883728824085)
2.940000000000002 (-6.050412241725782, 0.9703079185400323, -0.07440891413859982)
2.960000000000002 (-6.70032181360416, 0.9708687952973946, 0.13884614045810229)
2.980000000000002 (-7.39162682469015, 0.9719379074349396, 0.3349941143216866)
3.000000000000002 (-8.118760219439897, 0.9734911882168873, 0.5034928092271299)
3.0200000000000022 (-8.877381388079483, 0.97553533897345, 0.6341759249844546)
3.0400000000000023 (-9.669300707084513, 0.9782074818881216, 0.7071492261453798)
3.0600000000000023 (-10.432212639539612, 0.9812049392915501, 0.6839258464218467)
3.0800000000000023 (-11.132942011672258, 0.9843198395813414, 0.5824043113959927)
3.1000000000000023 (-11.66821065977949, 0.9868674799655768, 0.43478322193932484)
3.1200000000000023 (-11.815520183840349, 0.9866677523954576, 0.3599422178466764)
3.1400000000000023 (-11.909694267141864, 0.9865607530237317, 0.27976908222107955)
3.1600000000000024 (-11.996306784118575, 0.9854782759709502, 0.15027314120823126)
3.1800000000000024 (-12.05426052163996, 0.9853441925829769, 0.01855348378390201)
3.2000000000000024 (-12.085601701650605, 0.9856416133544387, -0.1492967351036984)
3.2200000000000024 (-12.094675115921198, 0.9862284036696206, -0.3474366952399498)
3.2400000000000024 (-12.069905291836296, 0.9869029215626546, -0.5511207654469087)
3.2600000000000025 (-12.003092988582548, 0.9874606833960199, -0.7415885030661541)
3.2800000000000025 (-11.889065830768201, 0.9877447677739224, -0.9042623732524216)
3.3000000000000025 (-11.72401892411817, 0.9876457245482263, -1.0296626367056774)
3.3200000000000025 (-11.504199293370421, 0.9870864852384201, -1.1132225928775195)
3.3400000000000025 (-11.224957991596046, 0.9860154532257495, -1.1570955811602086)
3.3600000000000025 (-10.881117743098896, 0.984400078638162, -1.1700402453131173)
3.3800000000000026 (-10.46855156994816, 0.982225438185808, -1.1663614538666114)
3.4000000000000026 (-9.986182119076618, 0.9794987233565298, -1.1642198522818803)
3.4200000000000026 (-9.437686727593308, 0.9762539961627386, -1.1831194433665493)
3.4400000000000026 (-8.832175511159834, 0.9725542703508446, -1.2412202620144794)
3.4600000000000026 (-8.183758196639703, 0.9684920325047212, -1.3532053650273264)
3.4800000000000026 (-7.5104682659207995, 0.964192240297018, -1.5290819155025357)
3.5000000000000027 (-6.833108781952224, 0.9598195590728088, -1.7737634974852377)
3.5200000000000027 (-6.174289687610471, 0.955585944364043, -2.086991456806254)
3.5400000000000027 (-5.5576103060826165, 0.9517479712717681, -2.4632515413074496)
3.5600000000000027 (-5.006230078910982, 0.9485769458064308, -2.891346435773637)
3.5800000000000027 (-4.540710591898959, 0.9463091377702031, -3.354251911866459)
3.6000000000000028 (-4.17618473068273, 0.9450937357777195, -3.8298062188915045)
3.6200000000000028 (-3.919321106012749, 0.9449615056392057, -4.292738394066715)
3.640000000000003 (-3.766490318233297, 0.945827919323069, -4.718148078949816)
3.660000000000003 (-3.7046104337855206, 0.9475274643035695, -5.085428779532501)
3.680000000000003 (-3.714940828446642, 0.9498663145675569, -5.380936770701795)
3.700000000000003 (-3.778389596945108, 0.9526743130430322, -5.598323408760631)
3.720000000000003 (-3.8800784695283705, 0.9558357024931041, -5.73691310770954)
3.740000000000003 (-4.011446251465523, 0.9592872884766811, -5.79947792355397)
3.760000000000003 (-4.169573591638274, 0.9629908053774491, -5.790512311549729)
3.780000000000003 (-4.354841364781215, 0.9669023374720811, -5.7151911152328925)
3.800000000000003 (-4.568624744902365, 0.9709583259916752, -5.578700484938366)
3.820000000000003 (-4.812203435544002, 0.9750798869120063, -5.3858208892226545)
3.840000000000003 (-5.0868180598933055, 0.9791838248556247, -5.1408869407271105)
3.860000000000003 (-5.394009603480927, 0.9831908084748799, -4.848101842245684)
3.880000000000003 (-5.735684105702154, 0.9870296147000163, -4.51195885317551)
3.900000000000003 (-6.113983514805719, 0.9906395298352423, -4.13759658241017)
3.920000000000003 (-6.5311411996458855, 0.993971532419849, -3.7310959816442644)
3.940000000000003 (-6.989292127670627, 0.9969880110170581, -3.299746579126281)
3.960000000000003 (-7.490178763750548, 0.9996610177150363, -2.8522632396120606)
3.980000000000003 (-8.034760033952232, 1.001969246102574, -2.3989363670402297)
4.000000000000003 (-8.622704316199796, 1.0038941661176157, -1.95158967739165)
4.020000000000002 (-9.257021392562596, 1.0053568376182802, -1.5178255945694987)
4.040000000000002 (-9.937750803507726, 1.0062531767151264, -1.1250972070835843)
4.060000000000001 (-10.620261124279157, 1.0065369121595251, -0.8259567503050649)
4.080000000000001 (-11.281229632525031, 1.0063013628735116, -0.6097742699203956)
4.1000000000000005 (-11.917757536498053, 1.005619032557017, -0.4765960396938136)
4.12 (-12.244373986478877, 1.0055336026947657, -0.4917619077010705)
4.14 (-12.360745402510066, 1.00598510683277, -0.5336437249778655)
4.159999999999999 (-12.455264673107736, 1.0059332511946582, -0.6010596637366717)
4.179999999999999 (-12.563454990664681, 1.005264201543333, -0.7126701481937784)
4.199999999999998 (-12.666643347121013, 1.0036615834991358, -0.8553973116248512)
4.219999999999998 (-12.758038023658763, 1.0014963665021726, -1.0297706820495551)
4.2399999999999975 (-12.819278684742896, 0.9993484267408421, -1.2223836716608794)
4.259999999999997 (-12.835985134326645, 0.9974179532495927, -1.4214623775170214)
4.279999999999997 (-12.797614036463582, 0.9958323643069041, -1.6173563106437518)
4.299999999999996 (-12.696757365560916, 0.9946821902647379, -1.8042402084291727)
4.319999999999996 (-12.528498458747418, 0.9940209410036166, -1.9815329930005445)
4.339999999999995 (-12.290245046267772, 0.9938669950594884, -2.154634692653384)
4.359999999999995 (-11.98224477052492, 0.9942104949787177, -2.33457423515342)
4.379999999999995 (-11.608557423723752, 0.9950230933670625, -2.536355931667404)
4.399999999999994 (-11.177851822507732, 0.9962684217591021, -2.7762389671442342)
4.419999999999994 (-10.703394905130622, 0.9979108651599945, -3.0686869612007412)
4.439999999999993 (-10.202086300958737, 0.9999185224946493, -3.423908935501264)
4.459999999999993 (-9.692973075652, 1.0022558476926922, -3.8465635718888795)
4.479999999999992 (-9.195870272115739, 1.0048649937316185, -4.335554368228063)
4.499999999999992 (-8.73041932634057, 1.0076413031067193, -4.884383877151541)
4.519999999999992 (-8.315448909578505, 1.0104146017207212, -5.481524483718243)
4.539999999999991 (-7.968206403069291, 1.012950842230222, -6.110601528492921)
4.559999999999991 (-7.703037844536552, 1.0149839676967463, -6.750616843201787)
4.57999999999999 (-7.529372702028577, 1.0162721893709719, -7.376756141612075)
4.59999999999999 (-7.449344488354495, 1.0166541765200263, -7.962383332552992)
4.6199999999999894 (-7.456052214115603, 1.0160771534174524, -8.482428950358)
4.639999999999989 (-7.533715686638285, 1.0145886718888093, -8.917425275387403)
4.659999999999989 (-7.660492433125089, 1.0123024106052327, -9.256497819368324)
4.679999999999988 (-7.813302323908255, 1.0093521478855534, -9.497656622022141)
4.699999999999988 (-7.972749169880864, 1.0058496699861557, -9.645246521000463)
4.719999999999987 (-8.126300509373703, 1.0018650404906762, -9.706165482882463)
4.739999999999987 (-8.26887959450049, 0.9974401821904822, -9.686968503351768)
4.7599999999999865 (-8.401194819091904, 0.9926245229741314, -9.592891704216159)
4.779999999999986 (-8.526946995318484, 0.987504186285327, -9.428261425218293)
4.799999999999986 (-8.650372162552507, 0.9822052017626044, -9.197072655406199)
4.819999999999985 (-8.775136939576393, 0.9768775231628051, -8.90308688447455)
4.839999999999985 (-8.904487658586417, 0.9716785819825459, -8.549708933724956)
4.859999999999984 (-9.041763322531562, 0.966764148370626, -8.14009044721937)
4.879999999999984 (-9.190655767043086, 0.9622828936374924, -7.67747257500135)
4.8999999999999835 (-9.355265359818935, 0.9583719988124205, -7.165546838181682)
4.919999999999983 (-9.540129985235643, 0.9551544636121273, -6.608765983167687)
4.939999999999983 (-9.750197164865835, 0.9527380809164551, -6.012651945804754)
4.959999999999982 (-9.990676999944608, 0.9512154650088475, -5.384109339599413)
4.979999999999982 (-10.266781048489149, 0.9506649413580367, -4.731723989927477)
4.999999999999981 (-10.583275543471657, 0.9511504229060777, -4.065945498374674)
5.019999999999981 (-10.945462972635225, 0.9528027361858602, -3.3947675142921456)
5.0399999999999805 (-11.367998107551108, 0.9558314917496123, -2.728495260404145)
5.05999999999998 (-11.843172261606124, 0.9602001581905558, -2.1425535822924293)
5.07999999999998 (-12.33917809740086, 0.9654669390495777, -1.647507915969435)
5.099999999999979 (-12.848385093480692, 0.9716728950505452, -1.2407532820506315)
5.119999999999979 (-13.091583355786177, 0.9725255721693837, -1.1872820928902164)
5.139999999999978 (-13.208298202725128, 0.9725963847886525, -1.1716587081015213)
5.159999999999978 (-13.332590581649514, 0.9740272623222791, -1.1941681688646235)
5.1799999999999775 (-13.498286483774972, 0.9772336084829869, -1.2482399516766405)
5.199999999999977 (-13.682294717949814, 0.9808923209560629, -1.3313400064979777)
5.219999999999977 (-13.861907795740814, 0.9845570800041257, -1.444070986593457)
5.239999999999976 (-14.017305200929966, 0.9878885149108176, -1.5845718920538088)
5.259999999999976 (-14.13228176778946, 0.990583203870127, -1.7496041735404437)
5.279999999999975 (-14.194906040179927, 0.9923807544281381, -1.9364158174170294)
5.299999999999975 (-14.1976381869294, 0.9930795511236964, -2.1445365743673874)
5.3199999999999745 (-14.137388605169175, 0.9925493236730009, -2.3770745923030407)
5.339999999999974 (-14.015713818058536, 0.9907380580513659, -2.641111306256915)
5.359999999999974 (-13.83909084271816, 0.9876751306970006, -2.946847516276861)
5.379999999999973 (-13.618942961831909, 0.9833499410113764, -3.305548704243321)
5.399999999999973 (-13.370997420597828, 0.9779346916191057, -3.7268565290279847)
5.419999999999972 (-13.113847594988675, 0.9717518830269757, -4.216348226642831)
5.439999999999972 (-12.867037756859947, 0.9650927552507766, -4.774070678057403)
5.4599999999999715 (-12.649244539135363, 0.95822630886885, -5.3942309705406775)
5.479999999999971 (-12.476995959975321, 0.951369646398469, -6.065690618749842)
5.499999999999971 (-12.363936710746266, 0.9449655174274911, -6.772723181364469)
5.51999999999997 (-12.320348792853128, 0.9395351304479631, -7.4956913114842045)
5.53999999999997 (-12.352586710026205, 0.935506694986871, -8.211647047940433)
5.559999999999969 (-12.461981858311711, 0.9331922041934078, -8.89532355735329)
5.579999999999969 (-12.64361866684496, 0.9329559969950053, -9.520938487237531)
5.599999999999969 (-12.88552071785715, 0.9348702748800451, -10.065031147836343)
5.619999999999968 (-13.16900955490901, 0.9387273397353593, -10.51005325211585)
5.639999999999968 (-13.470897995017769, 0.9441270471467386, -10.847504120807603)
5.659999999999967 (-13.767295875726383, 0.9505750100675363, -11.078904516652042)
5.679999999999967 (-14.037672400594422, 0.957592918240918, -11.21367907880377)
5.699999999999966 (-14.267589818542358, 0.9648084742444242, -11.2648055018446)
5.719999999999966 (-14.449443477650968, 0.9719935311734119, -11.24430173044034)
5.739999999999966 (-14.58153502080084, 0.9790410044184128, -11.160557174934675)
5.759999999999965 (-14.666245552426426, 0.9859008430185928, -11.018198436074027)
5.779999999999965 (-14.708015225169204, 0.992517896137255, -10.819557087867441)
5.799999999999964 (-14.71170664924288, 0.9988034059852349, -10.566184769860326)
5.819999999999964 (-14.681796121379582, 1.004641101597071, -10.25947622811063)
5.839999999999963 (-14.62240861281474, 1.0099077230816027, -9.90059055464296)
5.859999999999963 (-14.537741712818576, 1.0144910556650204, -9.490352329346193)
5.879999999999963 (-14.432432635995092, 1.0183017247768704, -9.029421978746248)
5.899999999999962 (-14.311787749910172, 1.0212810523410418, -8.518575519251195)
5.919999999999962 (-14.181959998776481, 1.023406072543472, -7.958968829499849)
5.939999999999961 (-14.050073413287919, 1.0246913225806897, -7.3524289945073535)
5.959999999999961 (-13.924254031051499, 1.0251870503440554, -6.701806130917793)
5.9799999999999605 (-13.813559715487399, 1.0249739635053434, -6.011369594809786)
5.99999999999996 (-13.727710226461925, 1.0241547749110618, -5.287211249459705)
6.01999999999996 (-13.674418298913425, 1.0226847875191125, -4.530364192503633)
6.039999999999959 (-13.676955856066407, 1.0208186018010335, -3.753718283115327)
6.059999999999959 (-13.7580211242738, 1.0190883026866233, -3.020980179824749)
6.079999999999958 (-13.897222426262099, 1.017198847633202, -2.34656013333903)
6.099999999999958 (-14.093271985311425, 1.0150814583028318, -1.7323163368416763)
6.1199999999999575 (-14.262682074097693, 1.0148552804299324, -1.4623908386040831)
6.139999999999957 (-14.353080224178369, 1.0155220562690754, -1.3781937467392154)
6.159999999999957 (-14.455897315200735, 1.0160500426038237, -1.3259394977988483)
6.179999999999956 (-14.615850109559569, 1.015553566140987, -1.280466109253758)
6.199999999999956 (-14.813192761041378, 1.0149207602987265, -1.2462016074807951)
6.219999999999955 (-15.027299826583906, 1.0143514472863737, -1.2371432426554567)
6.239999999999955 (-15.240132066030279, 1.0139124187094979, -1.2639352802927817)
6.2599999999999545 (-15.43581192548516, 1.013685848912233, -1.3338682945591667)
6.279999999999954 (-15.602238153480624, 1.0137628534869827, -1.451983323518115)
6.299999999999954 (-15.732374214411474, 1.0142383754195943, -1.6225043780704107)
6.319999999999953 (-15.825093038885205, 1.0152105627379544, -1.8499186057013333)
6.339999999999953 (-15.885579267367055, 1.016781242250723, -2.139227907857155)
6.359999999999952 (-15.925051236377369, 1.0190529551649135, -2.4951061857803825)
6.379999999999952 (-15.959536804890844, 1.0221208312158985, -2.920185706653093)
6.3999999999999515 (-16.0076950770612, 1.0261283190434733, -3.4131978810468904)
6.419999999999951 (-16.088115748912223, 1.0313510213155774, -3.9678104486538683)
6.439999999999951 (-16.216830970928566, 1.0376491558726582, -4.572590474485217)
6.45999999999995 (-16.405657375513837, 1.0447482847440017, -5.2118583063201065)
6.47999999999995 (-16.661497497422104, 1.0523879216204248, -5.866855506498605)
6.499999999999949 (-16.986270121444928, 1.06041031813305, -6.516735853896915)
6.519999999999949 (-17.37694487175643, 1.0687895753623031, -7.139315737572652)
6.5399999999999485 (-17.82529617676945, 1.0769439846379287, -7.712034817384847)
6.559999999999948 (-18.31767100966816, 1.084063763538684, -8.213154362105545)
6.579999999999948 (-18.834896098648287, 1.0897887723738926, -8.623910621341317)
6.599999999999947 (-19.35314599129888, 1.0938379287626372, -8.93158409872495)
6.619999999999947 (-19.846393974672605, 1.0960493225219488, -9.132463013054121)
6.639999999999946 (-20.290209983164463, 1.0964304462806624, -9.23330899067351)
6.659999999999946 (-20.665664038063355, 1.0951374409533248, -9.249951253066328)
6.6799999999999455 (-20.961544714786736, 1.0924036370887826, -9.202954470594445)
6.699999999999945 (-21.17399468996588, 1.0884563240517755, -9.112070418484835)
6.719999999999945 (-21.30429998473957, 1.0834625534560665, -8.991790299534637)
6.739999999999944 (-21.356439443325524, 1.0775301168500317, -8.84962213139391)
6.759999999999944 (-21.335491497277914, 1.0707524353376907, -8.687214926525652)
6.779999999999943 (-21.24687902110784, 1.063254724492074, -8.503073877490278)
6.799999999999943 (-21.09592009757282, 1.055206600705753, -8.295047535764198)
6.8199999999999426 (-20.88748288975358, 1.0468040993937047, -8.061389607264337)
6.839999999999942 (-20.625933788327337, 1.0382470232606757, -7.80058040668304)
6.859999999999942 (-20.31543547299292, 1.029726608768107, -7.510899972750252)
6.879999999999941 (-19.96036414770386, 1.0214205570980206, -7.190327003610811)
6.899999999999941 (-19.565661613180236, 1.0134902886918886, -6.8366338263954605)
6.91999999999994 (-19.13712836843076, 1.0060801826255623, -6.4474856942738255)
6.93999999999994 (-18.681689360915946, 0.9993192128643772, -6.020588689126237)
6.95999999999994 (-18.207616515706015, 0.9933244760181532, -5.5539465082922135)
6.979999999999939 (-17.724692434448297, 0.9882061475611176, -5.046212353778701)
6.999999999999939 (-17.244209526126333, 0.9840715783350219, -4.497158637136686)
7.019999999999938 (-16.7753442714985, 0.9811045696412658, -3.9051632349052943)
7.039999999999938 (-16.332830330539682, 0.9796958095995156, -3.2612295056496126)
7.059999999999937 (-15.981813723439052, 0.9798917632257914, -2.601091356229759)
7.079999999999937 (-15.719903326020988, 0.9814068207479288, -1.957454563590455)
7.099999999999937 (-15.541551314082572, 0.9846149205188993, -1.3358425250046222)
7.119999999999936 (-15.590308964875678, 0.9843067877604175, -1.0816021206074846)
7.139999999999936 (-15.630939611649044, 0.983611429037355, -0.9565333443944606)
7.159999999999935 (-15.706576677920951, 0.9841171645792516, -0.8332132101014166)
7.179999999999935 (-15.810718374194646, 0.9862929073819944, -0.7097273096663964)
7.1999999999999345 (-15.954866199932711, 0.9902841874391589, -0.5748322375721671)
7.219999999999934 (-16.12652184492281, 0.9947076038430365, -0.45186514525664007)
7.239999999999934 (-16.316137828506086, 0.999017184961824, -0.35939137796584775)
7.259999999999933 (-16.51513910570979, 1.002820381021931, -0.3116397018407039)
7.279999999999933 (-16.717138556698302, 1.0058100282424178, -0.3189925992757379)
7.299999999999932 (-16.919399364482956, 1.007763038876296, -0.3885446538758229)
7.319999999999932 (-17.124014722635767, 1.0085538833750975, -0.5244308822846833)
7.3399999999999315 (-17.3383150199435, 1.0081662380624037, -0.7277251849197183)
7.359999999999931 (-17.574132288745506, 1.0066939524645093, -0.9958674908702745)
7.379999999999931 (-17.845874346911703, 1.004327703081846, -1.321945405647209)
7.39999999999993 (-18.16780948855977, 1.0010004625531526, -1.6943906105827249)
7.41999999999993 (-18.551307011993394, 0.9970895227128678, -2.0975337692776717)
7.439999999999929 (-19.00283198851491, 0.9931930636638547, -2.512917993168093)
7.459999999999929 (-19.52304766289309, 0.9895354248906254, -2.920901274464913)
7.4799999999999285 (-20.106823510691466, 0.9864613505757832, -3.3020633375778936)
7.499999999999928 (-20.743689446918662, 0.9841965095604409, -3.638183389441008)
7.519999999999928 (-21.418310870656637, 0.9832688457369615, -3.9129853708790483)
7.539999999999927 (-22.110888295862075, 0.9839828089083718, -4.112851305527753)
7.559999999999927 (-22.797778512025214, 0.986415543291956, -4.228295090775325)
7.579999999999926 (-23.4528817332311, 0.9906012773756538, -4.255728047584375)
7.599999999999926 (-24.050118177968518, 0.9964192451684004, -4.199105074022169)
7.6199999999999255 (-24.56696623076173, 1.0035431280763911, -4.070676296894085)
7.639999999999925 (-24.988093881506863, 1.0114962649143766, -3.8898109025637577)
7.659999999999925 (-25.307413233390573, 1.0197627751525462, -3.679647618565243)
7.679999999999924 (-25.527308381248883, 1.0278971164256345, -3.462572637360793)
7.699999999999924 (-25.655365707623456, 1.0355916443987856, -3.2562746470919417)
7.719999999999923 (-25.700398443854628, 1.042685490939715, -3.071688436595796)
7.739999999999923 (-25.6697217874981, 1.0491233810060043, -2.9131030258752797)
7.7599999999999225 (-25.568491753471314, 1.0548906567680032, -2.7798863339291278)
7.779999999999922 (-25.400417800700584, 1.0599601387528574, -2.668844525400758)
7.799999999999922 (-25.168605862188553, 1.064271350428977, -2.5761871926648636)
7.819999999999921 (-24.875847869534113, 1.0677379946586838, -2.4984214185598894)
7.839999999999921 (-24.524561331185048, 1.0702663954418425, -2.432262942106332)
7.85999999999992 (-24.11684951070401, 1.0717724968013074, -2.37421086970207)
7.87999999999992 (-23.654786906179908, 1.0721946186639988, -2.3202679708862854)
7.8999999999999195 (-23.14075552886712, 1.0715029163800809, -2.2658169941826385)
7.919999999999919 (-22.57775072315858, 1.0697060059850365, -2.2055401442541087)
7.939999999999919 (-21.969696124285136, 1.0668545732540946, -2.133399854061462)
7.959999999999918 (-21.321783772084764, 1.0630416601295427, -2.0427262813223703)
7.979999999999918 (-20.64082169411122, 1.0583996124474482, -1.9264121639848555)
7.999999999999917 (-19.935531691181517, 1.0530936310190937, -1.777284962213791)
8.019999999999918 (-19.209255893964563, 1.047110689389566, -1.588674780303491)
8.039999999999917 (-18.482376446602807, 1.0407460456745214, -1.3441553678829448)
8.059999999999917 (-17.821130987434355, 1.0350043851222528, -1.0417979639331707)
8.079999999999917 (-17.2312730851312, 1.0297077207592815, -0.7043910094026236)
8.099999999999916 (-16.71378887873896, 1.0248487392284775, -0.33284079726420707)
8.119999999999916 (-16.507840950848543, 1.0239783012949142, -0.07143673806128291)
8.139999999999915 (-16.452887258951158, 1.0247188537847223, 0.05672937696018532)
8.159999999999915 (-16.43033039270953, 1.0245747137507988, 0.19029226604912608)
8.179999999999914 (-16.433076243179197, 1.0238875833182406, 0.33691459622484465)
8.199999999999914 (-16.461769487757497, 1.022065835538249, 0.5227185027979566)
8.219999999999914 (-16.51916028916891, 1.020663872176951, 0.7226811373763328)
8.239999999999913 (-16.609718895081706, 1.0199469446373046, 0.9142369848250066)
8.259999999999913 (-16.736016938247754, 1.0199202869145936, 1.079497232247711)
8.279999999999912 (-16.89974567352108, 1.0205618577292674, 1.2052258089011412)
8.299999999999912 (-17.103220553344407, 1.0218735825130971, 1.2832448551944766)
8.319999999999911 (-17.35058445266325, 1.0238978214388983, 1.3109166672914194)
8.339999999999911 (-17.648162931355493, 1.0267215279452, 1.2914862735929695)
8.35999999999991 (-18.003601789103243, 1.0304683888531747, 1.234082282181007)
8.37999999999991 (-18.423925382990408, 1.0352790626800576, 1.153065131570865)
8.39999999999991 (-18.913164431212202, 1.041347943556412, 1.0664563969758292)
8.41999999999991 (-19.470490069967465, 1.0488626144648419, 0.9937537010483705)
8.439999999999909 (-20.089444856551935, 1.0577847618536553, 0.9535845225513125)
8.459999999999908 (-20.758243080549626, 1.068017882209844, 0.9618308133287833)
8.479999999999908 (-21.460670727154238, 1.0792838910493088, 1.0305499807671434)
8.499999999999908 (-22.177037243318246, 1.0912157585567677, 1.1675356881021526)
8.519999999999907 (-22.88496475559499, 1.1032990896402446, 1.376075576824768)
8.539999999999907 (-23.56022226854109, 1.1149827034183897, 1.6544988600638277)
8.559999999999906 (-24.177967616090328, 1.1256720626333971, 1.9955254922780659)
8.579999999999906 (-24.714899947345195, 1.1348905443659598, 2.385636104255622)
8.599999999999905 (-25.152426080357184, 1.142103311882394, 2.8051816112211387)
8.619999999999905 (-25.480138908548415, 1.14686367717799, 3.2299982736661024)
8.639999999999905 (-25.698152966373634, 1.1490967002812116, 3.6347182313344737)
8.659999999999904 (-25.8167017503392, 1.1490317657431885, 3.99689650401241)
8.679999999999904 (-25.85252941922783, 1.1469609210018528, 4.300265741211226)
8.699999999999903 (-25.82346961699599, 1.1431656334061413, 4.5358322336759676)
8.719999999999903 (-25.743687355160016, 1.1378632816696077, 4.7009111423020915)
8.739999999999903 (-25.621493378655998, 1.1312013792423938, 4.797224588503872)
8.759999999999902 (-25.460035286943878, 1.1233028455701572, 4.829064989628208)
8.779999999999902 (-25.25963539520412, 1.1143172729789317, 4.801839297743059)
8.799999999999901 (-25.01994689486242, 1.104437497277824, 4.720989516892615)
8.8199999999999 (-24.740808578066666, 1.093882725705344, 4.591413830331262)
8.8399999999999 (-24.422057592286716, 1.0828758990666691, 4.417491350385109)
8.8599999999999 (-24.063227546379395, 1.0716321085943745, 4.2034857957463965)
8.8799999999999 (-23.663577799427426, 1.0603551422071902, 3.9539679285562244)
8.899999999999899 (-23.22228007884634, 1.0492361932075518, 3.674127190598604)
8.919999999999899 (-22.73859538786147, 1.0384541947132182, 3.3700266948006155)
8.939999999999898 (-22.212092666490772, 1.028178356129758, 3.0488169704365693)
8.959999999999898 (-21.64295819324949, 1.018572492899277, 2.718879209740845)
8.979999999999897 (-21.03237834853874, 1.0098006713884693, 2.3898874231349523)
8.999999999999897 (-20.382991094751482, 1.0020317056142585, 2.0726938786786633)
9.019999999999897 (-19.69366149067943, 0.9953642206835813, 1.7749491776384771)
9.039999999999896 (-18.966131546742528, 0.9935946667548, 1.5210753334864702)
9.059999999999896 (-18.25221642573791, 0.9954521723175068, 1.3543385441626015)
9.079999999999895 (-17.574633170904946, 0.9975913183584564, 1.2610976396175797)
9.099999999999895 (-16.935626216092356, 0.9999253750738452, 1.2394977429711669)
9.119999999999894 (-16.664224016491712, 1.0009557423504245, 1.2895671826291706)
9.139999999999894 (-16.560160625211154, 1.0015035106747472, 1.367199506361169)
9.159999999999894 (-16.467873057663486, 1.0032752594687087, 1.4725115425559352)
9.179999999999893 (-16.360871588513945, 1.0061370207919738, 1.6228860200931046)
9.199999999999893 (-16.256348551434524, 1.0095428235252226, 1.8055033320687088)
9.219999999999892 (-16.17297555061268, 1.01322054022713, 2.009043607676789)
9.239999999999892 (-16.125990132949276, 1.0168384062728193, 2.2210658346634755)
9.259999999999891 (-16.126949306026614, 1.0200776540098697, 2.4304348362850647)
9.279999999999891 (-16.184224300089685, 1.0226920573485567, 2.629206401749474)
9.29999999999989 (-16.303805372285, 1.024435147510518, 2.8140787419366955)
9.31999999999989 (-16.489824192790064, 1.025265711672676, 2.987374085818821)
9.33999999999989 (-16.744425496777623, 1.0253881355319543, 3.1572731531873863)
9.35999999999989 (-17.066940732928632, 1.0248899082056386, 3.3369773569938457)
9.379999999999889 (-17.45278220034904, 1.024236073176649, 3.5426927614364243)
9.399999999999888 (-17.89272470709545, 1.0237125584672644, 3.7908445864754956)
9.419999999999888 (-18.373106980365286, 1.0235474262841178, 4.095261036130471)
9.439999999999888 (-18.876908420695184, 1.0241095421182882, 4.465124805982731)
9.459999999999887 (-19.385191489619974, 1.0258246605570225, 4.904048101704142)
9.479999999999887 (-19.878350387038147, 1.028631160852604, 5.410066229409159)
9.499999999999886 (-20.336965789276462, 1.0326309471023312, 5.975989517621124)
9.519999999999886 (-20.74243381575198, 1.0376606293926491, 6.589711203440728)
9.539999999999885 (-21.077804403294696, 1.0436190122981042, 7.234333510558786)
9.559999999999885 (-21.32921745293057, 1.050268250133341, 7.8884044360493375)
9.579999999999885 (-21.48790236595258, 1.0573350736063463, 8.526784741377167)
9.599999999999884 (-21.55245977510857, 1.0645161011259547, 9.122741028796568)
9.619999999999884 (-21.530693589764176, 1.0714701856588889, 9.651464747865313)
9.639999999999883 (-21.439090482576955, 1.0778626396325213, 10.094038879998715)
9.659999999999883 (-21.299837715561186, 1.0834191645112552, 10.440245189758885)
9.679999999999882 (-21.135997279755916, 1.0879301047278853, 10.688662519847833)
9.699999999999882 (-20.966687155421504, 1.091296773173491, 10.843979728256231)
9.719999999999882 (-20.804098125459188, 1.0935399885900703, 10.913213165835252)
9.739999999999881 (-20.653084038756575, 1.0946879861131888, 10.902912516752899)
9.75999999999988 (-20.512920112889013, 1.0947897059905025, 10.81828072599993)
9.77999999999988 (-20.380071439988434, 1.0939199750354878, 10.663614761121446)
9.79999999999988 (-20.2505517451841, 1.092160783734786, 10.442869001104818)
9.81999999999988 (-20.120930916795707, 1.0895853881208262, 10.159739712687257)
9.839999999999879 (-19.988152811497287, 1.0862540323635146, 9.817550354398804)
9.859999999999879 (-19.849042679969457, 1.0822185805725826, 9.419366593024304)
9.879999999999878 (-19.700068498827285, 1.0775298477125144, 8.96833655974991)
9.899999999999878 (-19.537288575872566, 1.0722443835880064, 8.468041157043169)
9.919999999999877 (-19.356322748610943, 1.0664307617398918, 7.922794563565802)
9.939999999999877 (-19.15238284691748, 1.0601755480610962, 7.337940749521363)
9.959999999999877 (-18.920418077032974, 1.0535885240478307, 6.720153005158263)
9.979999999999876 (-18.65536703539477, 1.046806787776283, 6.0777169725557885)
9.999999999999876 (-18.35257752056946, 1.0399958373192733, 5.420714964276226)
