0.0 (-6.75, 1.0, 0.0)
0.02 (-6.7498772163428225, 1.0, -0.07728893865354576)
0.04 (-6.749061217262335, 1.0, -0.31198767296900504)
0.06 (-6.756251998499143, 1.0, -0.6635964180952667)
0.08 (-6.8023753189622616, 1.0, -1.0581585784065688)
0.1 (-6.922568065595106, 1.0, -1.408041613957296)
0.12000000000000001 (-7.111267583128484, 1.0, -1.6856318347503507)
0.14 (-7.316050315476699, 1.0, -1.923814615695684)
0.16 (-7.4966181668505545, 1.0, -2.1370751150601865)
0.18 (-7.656035301596136, 1.0, -2.3026507723428082)
0.19999999999999998 (-7.806196553922619, 1.0, -2.4066014315857323)
0.21999999999999997 (-7.944048636420027, 1.0, -2.455721661300602)
0.23999999999999996 (-8.064691628009825, 1.0, -2.45800594914166)
0.25999999999999995 (-8.169041129066605, 1.0, -2.419489729683082)
0.27999999999999997 (-8.259330564749526, 1.0, -2.34874782330596)
0.3 (-8.33649433677654, 1.0, -2.2573917489839666)
0.32 (-8.400116166577568, 1.0, -2.1583100043054033)
0.34 (-8.448482613486792, 1.0, -2.063962552767874)
0.36000000000000004 (-8.485392821265512, 1.0, -1.9913351610333363)
0.38000000000000006 (-8.4977047598218, 1.0, -1.9588334020090559)
0.4000000000000001 (-8.480730850932018, 1.0, -1.9599892410163922)
0.4200000000000001 (-8.447011270459278, 1.0, -1.9850843863275789)
0.4400000000000001 (-8.405388147578734, 1.0, -2.022300302898037)
0.46000000000000013 (-8.359257837282927, 1.0, -2.0639209030437407)
0.48000000000000015 (-8.310216444912552, 1.0, -2.1018402786350614)
0.5000000000000001 (-8.258231839492591, 1.0, -2.127542040686071)
0.5200000000000001 (-8.201711157031815, 1.0, -2.13346149833235)
0.5400000000000001 (-8.138401544705586, 1.0, -2.1140634253444945)
0.5600000000000002 (-8.066622919661686, 1.0, -2.0662281589899654)
0.5800000000000002 (-7.986268746188356, 1.0, -1.9891821099662192)
0.6000000000000002 (-7.899028767188099, 1.0, -1.883969190614127)
0.6200000000000002 (-7.80815778204645, 1.0, -1.7530855075606437)
0.6400000000000002 (-7.717807558014389, 1.0, -1.6004707584343263)
0.6600000000000003 (-7.632344802916151, 1.0, -1.4317539186607955)
0.6800000000000003 (-7.555917999117181, 1.0, -1.2545900356088977)
0.7000000000000003 (-7.492281974890676, 1.0, -1.078765515754391)
0.7200000000000003 (-7.444752865272978, 1.0, -0.9157746455071921)
0.7400000000000003 (-7.416131002682437, 1.0, -0.7776845139389855)
0.7600000000000003 (-7.408489490944046, 1.0, -0.6758447029508452)
0.7800000000000004 (-7.423196446272495, 1.0, -0.6187250878768558)
0.8000000000000004 (-7.460616573802141, 1.0, -0.6109430662164594)
0.8200000000000004 (-7.52045500682315, 1.0, -0.6525846485150071)
0.8400000000000004 (-7.602002210313891, 1.0, -0.7394230165701713)
0.8600000000000004 (-7.704273055841648, 1.0, -0.8636986298460905)
0.8800000000000004 (-7.8256954897522375, 1.0, -1.015908389384169)
0.9000000000000005 (-7.963825861785038, 1.0, -1.1865486887271712)
0.9200000000000005 (-8.115236313780548, 1.0, -1.367152381252047)
0.9400000000000005 (-8.275695296746791, 1.0, -1.5504890169270635)
0.9600000000000005 (-8.440484578770352, 1.0, -1.7303356575058861)
0.9800000000000005 (-8.604674860804586, 1.0, -1.9012142683524875)
1.0000000000000004 (-8.763341132724666, 1.0, -2.058172622912168)
1.0200000000000005 (-8.911782834792197, 1.0, -2.1966355203043437)
1.0400000000000005 (-9.045759173785111, 1.0, -2.3123254750356494)
1.0600000000000005 (-9.16175139904007, 1.0, -2.401272604408741)
1.0800000000000005 (-9.25725923731259, 1.0, -2.4599618383889372)
1.1000000000000005 (-9.293577127073204, 1.0, -2.486117027349439)
1.1200000000000006 (-9.245083722496208, 1.0, -2.445900491118109)
1.1400000000000006 (-9.187001319361867, 1.0, -2.351580743699465)
1.1600000000000006 (-9.124339082534869, 0.9981441048792055, -2.288834077065804)
1.1800000000000006 (-9.058406640901728, 0.9964174800402538, -2.2468256884069757)
1.2000000000000006 (-8.964734280646695, 0.9954468850750848, -2.2121701139598797)
1.2200000000000006 (-8.842255546010566, 0.9946688047038552, -2.1834970858768883)
1.2400000000000007 (-8.70098567685453, 0.9939355128094297, -2.159457986033197)
1.2600000000000007 (-8.549928945831642, 0.9934325417867574, -2.140077374374576)
1.2800000000000007 (-8.395758085826257, 0.9931016648507687, -2.126671784079075)
1.3000000000000007 (-8.243023576461798, 0.992776874646328, -2.1209108627726123)
1.3200000000000007 (-8.094983694875927, 0.9924866055187861, -2.1238712715533308)
1.3400000000000007 (-7.953902583875364, 0.9922342519326521, -2.135161180454946)
1.3600000000000008 (-7.821232965594314, 0.9920208493907653, -2.1525496466863467)
1.3800000000000008 (-7.6977187047484845, 0.9918553927387854, -2.171982577345227)
1.4000000000000008 (-7.583478678258544, 0.9917507883615347, -2.1880351484705898)
1.4200000000000008 (-7.478188021740457, 0.9917184151363961, -2.1946919403156313)
1.4400000000000008 (-7.38141386641145, 0.9917651383358342, -2.186213802826388)
1.4600000000000009 (-7.293018259106424, 0.9918927808364618, -2.1578318792789575)
1.4800000000000009 (-7.213446232258571, 0.9920988925836652, -2.106134129548464)
1.5000000000000009 (-7.143759168235476, 0.9923776599231405, -2.029203098330778)
1.520000000000001 (-7.0854091140487245, 0.9927202026268208, -1.9266927458832936)
1.540000000000001 (-7.039864734958856, 0.9931140917340836, -1.8000255035276744)
1.560000000000001 (-7.008214108384425, 0.9935424103108677, -1.652800515450278)
1.580000000000001 (-6.990941057029118, 0.9939830197073137, -1.4911548688030363)
1.600000000000001 (-6.987855541453052, 0.994408305918435, -1.3241533417554447)
1.620000000000001 (-6.9982171449072785, 0.9947853880708086, -1.1633797151407068)
1.640000000000001 (-7.021140910422694, 0.9950772164507361, -1.021738353312647)
1.660000000000001 (-7.055997396936741, 0.995244679463429, -0.9114671910118276)
1.680000000000001 (-7.102839732601866, 0.9952501848500293, -0.8420137606643443)
1.700000000000001 (-7.162732917571089, 0.9950628158291844, -0.8185195651858337)
1.720000000000001 (-7.2379203478484735, 0.9946651507862462, -0.8412961064567017)
1.740000000000001 (-7.331608482722685, 0.9940593953235612, -0.906247692877664)
1.7600000000000011 (-7.447170637499118, 0.9932680331779524, -1.006130891658062)
1.7800000000000011 (-7.587004989336801, 0.9923265228681811, -1.1324613364344003)
1.8000000000000012 (-7.7516665521825425, 0.991272215160276, -1.2774225470319118)
1.8200000000000012 (-7.939736064033694, 0.9901369550278132, -1.4348837256007259)
1.8400000000000012 (-8.148298570927494, 0.988946265329371, -1.6002838834399098)
1.8600000000000012 (-8.373528473901686, 0.9877215509498416, -1.7700512688119405)
1.8800000000000012 (-8.61105086170661, 0.9864814356042233, -1.9412262258930595)
1.9000000000000012 (-8.856092792631364, 0.9852422092911128, -2.1113038525143066)
1.9200000000000013 (-9.103607504818129, 0.9840187759317787, -2.278081165515523)
1.9400000000000013 (-9.348359476029403, 0.9828259863430987, -2.439458757038157)
1.9600000000000013 (-9.585002066409055, 0.9816796088327648, -2.593337494837676)
1.9800000000000013 (-9.808199396158724, 0.9805974776765916, -2.7374976573873933)
2.0000000000000013 (-10.012783146897263, 0.9796001462814112, -2.869528415401971)
2.0200000000000014 (-10.149151950630829, 0.9785413020061476, -2.990204167746408)
2.0400000000000014 (-10.111758109653879, 0.9774257381164764, -3.0861699617003304)
2.0600000000000014 (-10.051767927532627, 0.9769207467308804, -3.1109802890327543)
2.0800000000000014 (-9.978901231360599, 0.9767092907529629, -3.091645668736025)
2.1000000000000014 (-9.886581461026195, 0.9766707163877586, -3.0431147464469426)
2.1200000000000014 (-9.801980536610245, 0.9763944226624985, -3.014303494148097)
2.1400000000000015 (-9.72569213590044, 0.9759652981024137, -3.015139448866853)
2.1600000000000015 (-9.646894004723999, 0.9755720774606099, -3.022484058100403)
2.1800000000000015 (-9.55031132151968, 0.9751522075633317, -3.0383894449727054)
2.2000000000000015 (-9.439503641352461, 0.9747504367971951, -3.0612919114132477)
2.2200000000000015 (-9.32061019961631, 0.9743996625465243, -3.089577360421713)
2.2400000000000015 (-9.198848582603866, 0.9740980920830781, -3.1229686830609182)
2.2600000000000016 (-9.07805108633024, 0.9738211490372036, -3.162330956913015)
2.2800000000000016 (-8.960895289534674, 0.9735379145200814, -3.208799768091147)
2.3000000000000016 (-8.849190421188425, 0.9732228740723528, -3.2629698752956684)
2.3200000000000016 (-8.744014619599653, 0.9728627875658548, -3.3242914701616084)
2.3400000000000016 (-8.645808781605492, 0.9724592410395768, -3.3907039261924714)
2.3600000000000017 (-8.55441538176774, 0.9720268876608225, -3.4586153941773725)
2.3800000000000017 (-8.469106928697533, 0.9715886225908186, -3.523241829985251)
2.4000000000000017 (-8.38870779714506, 0.9711697642065898, -3.5792012713188353)
2.4200000000000017 (-8.311864697333675, 0.9707933032225284, -3.621179352255077)
2.4400000000000017 (-8.237414186594746, 0.9704775772802502, -3.6444777041026395)
2.4600000000000017 (-8.16471389020971, 0.9702367235272991, -3.645345347121484)
2.4800000000000018 (-8.093813292646793, 0.9700834496631011, -3.621125748534727)
2.5000000000000018 (-8.025429381158046, 0.9700330842990301, -3.570345987844651)
2.520000000000002 (-7.960788400596305, 0.9701071535553967, -3.4928839393042606)
2.540000000000002 (-7.901436456912723, 0.9703339085212168, -3.390287095945095)
2.560000000000002 (-7.8491078074154155, 0.97074332972602, -3.266217840640383)
2.580000000000002 (-7.805676281597303, 0.9713564133747424, -3.126869118227389)
2.600000000000002 (-7.77321589147982, 0.9721731971678574, -2.981076287070396)
2.620000000000002 (-7.754099546024455, 0.9731672290113624, -2.8397923054358105)
2.640000000000002 (-7.751009956029985, 0.9742915866112587, -2.714774194836052)
2.660000000000002 (-7.766818139990669, 0.975495226587149, -2.6167050463306136)
2.680000000000002 (-7.804387235270102, 0.9767426631976157, -2.5533319958143723)
2.700000000000002 (-7.866436785451229, 0.9780277725239729, -2.5282186854740845)
2.720000000000002 (-7.955486790320116, 0.9793729121192941, -2.540414999984171)
2.740000000000002 (-8.073636023592233, 0.980812044400162, -2.5850395826662163)
2.760000000000002 (-8.222104845018741, 0.982368239780823, -2.6547000335105086)
2.780000000000002 (-8.40075271008135, 0.9840403268319559, -2.741437283110469)
2.800000000000002 (-8.607899253671484, 0.9858048261403166, -2.838437712132987)
2.820000000000002 (-8.84053808055377, 0.9876268217186932, -2.9407605026582835)
2.840000000000002 (-9.094740315526252, 0.989469948373835, -3.045076618971141)
2.860000000000002 (-9.36600467284764, 0.9913013118014031, -3.1491019303997843)
2.880000000000002 (-9.64946798924169, 0.9930926973009779, -3.251242623497733)
2.900000000000002 (-9.940073472773284, 0.9948203828925805, -3.350406976345732)
2.920000000000002 (-10.232453625174784, 0.9964628332064097, -3.4458336274225947)
2.940000000000002 (-10.521090357219858, 0.9980003232609304, -3.537021570395614)
2.960000000000002 (-10.800461768287203, 0.9994128217023082, -3.6234060239574903)
2.980000000000002 (-11.065012592505761, 1.0006787855677535, -3.704349749637874)
3.000000000000002 (-11.309304102859983, 1.0017754145639592, -3.779063787993584)
3.0200000000000022 (-11.487170185706407, 1.0026527941620058, -3.8631701749955067)
3.0400000000000023 (-11.48994036649213, 1.0030811799310604, -3.97855066829081)
3.0600000000000023 (-11.445821352147826, 1.0031551835566532, -4.033748370692935)
3.0800000000000023 (-11.378558529804483, 1.0030237200726249, -4.048450129872664)
3.1000000000000023 (-11.288478313746413, 1.0027726337553204, -4.043879811013857)
3.1200000000000023 (-11.212774191748837, 1.0013277967005627, -4.051479884603991)
3.1400000000000023 (-11.148582647937383, 1.0020786044081804, -4.0791870366631064)
3.1600000000000024 (-11.081801046920182, 1.0025486038652405, -4.118621947561536)
3.1800000000000024 (-11.009471518118598, 1.0026121930481502, -4.1701795989208765)
3.2000000000000024 (-10.934619789596791, 1.002246313347077, -4.228188191274227)
3.2200000000000024 (-10.85462412089008, 1.0017493425926578, -4.292876625113239)
3.2400000000000024 (-10.773540634127457, 1.0012528332749508, -4.366976470958974)
3.2600000000000025 (-10.69466762674527, 1.000804654325623, -4.45044495162335)
3.2800000000000025 (-10.620519373163365, 1.0004355786236985, -4.543084598571712)
3.3000000000000025 (-10.552946561365086, 1.0001632929119342, -4.644483407513539)
3.3200000000000025 (-10.492868205904605, 0.9999926628093376, -4.753543927825831)
3.3400000000000025 (-10.44055906775659, 0.9999164918811474, -4.867854304899483)
3.3600000000000025 (-10.395291569574056, 0.9999152952875271, -4.983487002352331)
3.3800000000000026 (-10.35534167528471, 0.9999608778786542, -5.095482581836165)
3.4000000000000026 (-10.318149588695091, 1.000020479518717, -5.198390816053463)
3.4200000000000026 (-10.280659930733359, 1.0000618040653482, -5.2868981369041155)
3.4400000000000026 (-10.239823706843852, 1.0000576867769688, -5.356335014352778)
3.4600000000000026 (-10.193114203791009, 0.9999886504396566, -5.402952377516831)
3.4800000000000026 (-10.138898747806058, 0.9998421050411058, -5.424007520294745)
3.5000000000000027 (-10.076563193522466, 0.9996080836723732, -5.417746297941617)
3.5200000000000027 (-10.00665882219266, 0.9992749343699082, -5.383671755417363)
3.5400000000000027 (-9.930616997562382, 0.9988242123071446, -5.322764884346459)
3.5600000000000027 (-9.85089689456147, 0.9982348603841508, -5.237813873114434)
3.5800000000000027 (-9.771157669445719, 0.9974934493291037, -5.133830197792382)
3.6000000000000028 (-9.696333254965454, 0.9966065640520176, -5.018139128695469)
3.6200000000000028 (-9.632575377580453, 0.9956071914812648, -4.899928341531694)
3.640000000000003 (-9.586894497632782, 0.9945482066147602, -4.789062632424022)
3.660000000000003 (-9.566407436250232, 0.9934847069204151, -4.694388692381222)
3.680000000000003 (-9.577400253799135, 0.9924543704190841, -4.622078146253386)
3.700000000000003 (-9.624583849068669, 0.9914660404537051, -4.574520517894071)
3.720000000000003 (-9.7107504401263, 0.9905038229213036, -4.550040808769225)
3.740000000000003 (-9.836678430027302, 0.9895442486748357, -4.54351167280844)
3.760000000000003 (-10.001203627794519, 0.9885750771933999, -4.547796500684531)
3.780000000000003 (-10.201504430815177, 0.9876033916102283, -4.555683561257987)
3.800000000000003 (-10.433609762414314, 0.9866505128693694, -4.56154720045353)
3.820000000000003 (-10.692924424809707, 0.9857415191673878, -4.5620113391316055)
3.840000000000003 (-10.974552336818334, 0.9848976401432409, -4.555614226299007)
3.860000000000003 (-11.27342633994662, 0.9841335010934779, -4.542141639458119)
3.880000000000003 (-11.584374953414597, 0.983457080939448, -4.522174719275483)
3.900000000000003 (-11.902165509582733, 0.9828707240141124, -4.49686355051873)
3.920000000000003 (-12.221504624227157, 0.9823728486397163, -4.467744565434827)
3.940000000000003 (-12.537024901939638, 0.9819600308651507, -4.436561246560128)
3.960000000000003 (-12.84329662573895, 0.9816289526278601, -4.405117562495043)
3.980000000000003 (-13.13487221052386, 0.981377865136978, -4.375149492231936)
4.000000000000003 (-13.406335204612722, 0.9812075367135392, -4.348173674893893)
4.020000000000002 (-13.596056365470886, 0.9807084591024567, -4.385916865414489)
4.040000000000002 (-13.661173584425665, 0.9799018646515593, -4.4891401147581576)
4.060000000000001 (-13.674934375599587, 0.9794985785895021, -4.546868355518359)
4.080000000000001 (-13.653992729056121, 0.9791589092663898, -4.589778973484032)
4.1000000000000005 (-13.6007102925101, 0.9788794328079682, -4.629343154096261)
4.12 (-13.537056422266891, 0.9787655146734398, -4.667648747704106)
4.14 (-13.50918664080777, 0.9792872372528801, -4.725401694182562)
4.159999999999999 (-13.496289434218072, 0.9789186075903565, -4.782988936114158)
4.179999999999999 (-13.480766977919002, 0.9788430311526576, -4.852730802879857)
4.199999999999998 (-13.462096719284501, 0.979255847461319, -4.938981800759973)
4.219999999999998 (-13.440625867438841, 0.9795912350445866, -5.03727128142081)
4.2399999999999975 (-13.420187293617648, 0.9800220118945112, -5.145068479480612)
4.259999999999997 (-13.404145619185845, 0.9804692311719927, -5.260152263154306)
4.279999999999997 (-13.395080672247115, 0.9808568440559177, -5.3808732394908265)
4.299999999999996 (-13.394632276442092, 0.9811373521181238, -5.50573890194174)
4.319999999999996 (-13.403186356309188, 0.9812894686224115, -5.632933101082149)
4.339999999999995 (-13.419627858580398, 0.9813144476738126, -5.7600568444336835)
4.359999999999995 (-13.44128082641521, 0.981229720998486, -5.884151510663001)
4.379999999999995 (-13.4641100747076, 0.9810609739921501, -6.001966484436864)
4.399999999999994 (-13.483200062919929, 0.9808348619500288, -6.110326507028644)
4.419999999999994 (-13.493429365441603, 0.9805740507666649, -6.206418295955165)
4.439999999999993 (-13.49016801452054, 0.9802953745458032, -6.287887009336227)
4.459999999999993 (-13.469813889462879, 0.9800112113303511, -6.352768391707963)
4.479999999999992 (-13.430078052604731, 0.9797338427471612, -6.399387538447936)
4.499999999999992 (-13.370067927664854, 0.9794820879582925, -6.426364075953262)
4.519999999999992 (-13.290310275777395, 0.9792881940073712, -6.432791859587961)
4.539999999999991 (-13.192854930101696, 0.9792010848238277, -6.418570346833468)
4.559999999999991 (-13.081523711455105, 0.9792816138708206, -6.38479476456583)
4.57999999999999 (-12.962207060688584, 0.9795886518028019, -6.334078798307439)
4.59999999999999 (-12.843033711057641, 0.9801618930188543, -6.270581955087189)
4.6199999999999894 (-12.734077860824609, 0.9810124719118339, -6.199578605222579)
4.639999999999989 (-12.646376601994382, 0.9821284567148207, -6.1265759375546756)
4.659999999999989 (-12.59039777557581, 0.9834930398987386, -6.0561485529327195)
4.679999999999988 (-12.574393511865368, 0.9851053781889594, -5.990896505052399)
4.699999999999988 (-12.60326771813075, 0.9869914018690338, -5.9307635348107555)
4.719999999999987 (-12.678197628326163, 0.9891947533557713, -5.8729029247056745)
4.739999999999987 (-12.796912950563314, 0.9917494678622559, -5.81225449792736)
4.7599999999999865 (-12.954512102631357, 0.9946524970905436, -5.7428529777428885)
4.779999999999986 (-13.14470133354048, 0.997856804093215, -5.659494733781327)
4.799999999999986 (-13.361077050059853, 1.0012872626643634, -5.5590100493420564)
4.819999999999985 (-13.597886877408396, 1.0048627501680687, -5.4405688232152665)
4.839999999999985 (-13.850096836888884, 1.0085093306632569, -5.3051685014220515)
4.859999999999984 (-14.113151966679261, 1.0121636498306972, -5.15495453847064)
4.879999999999984 (-14.382819253247261, 1.0157725792362482, -4.992800183543765)
4.8999999999999835 (-14.655119544580351, 1.0192917186741206, -4.822101579587911)
4.919999999999983 (-14.926234401976405, 1.022682448706864, -4.646621702660286)
4.939999999999983 (-15.192405576924312, 1.025908226936582, -4.470341535342414)
4.959999999999982 (-15.44987737843698, 1.028931375059163, -4.297330348923099)
4.979999999999982 (-15.69487762904073, 1.0317109255014938, -4.131617294998308)
4.999999999999981 (-15.923592834765408, 1.034201338571339, -3.9770408818713525)
5.019999999999981 (-16.119675356137876, 1.0366495102158548, -3.8901528038621445)
5.0399999999999805 (-16.235401846744008, 1.039109367478511, -3.957320368682471)
5.05999999999998 (-16.277832439493704, 1.0402875953873485, -4.018003741973419)
5.07999999999998 (-16.277509570132537, 1.0406906382265224, -4.074175248998571)
5.099999999999979 (-16.247836451441767, 1.0407059774528338, -4.140767164514427)
5.119999999999979 (-16.221423366660165, 1.04073431563228, -4.212181813131098)
5.139999999999978 (-16.238430017259606, 1.040869044887566, -4.281150120517036)
5.159999999999978 (-16.26318264390505, 1.041642664101866, -4.349579118437197)
5.1799999999999775 (-16.289956395472743, 1.0422819811759931, -4.429319246906248)
5.199999999999977 (-16.321558749384522, 1.0425927841502847, -4.520608477326871)
5.219999999999977 (-16.35911180278881, 1.0426771755299074, -4.618604509150249)
5.239999999999976 (-16.40389981968271, 1.0426691914402386, -4.7199873549395885)
5.259999999999976 (-16.457535647528072, 1.0426972620862067, -4.822704507503809)
5.279999999999975 (-16.5213059202193, 1.0428673264943058, -4.925277104861382)
5.299999999999975 (-16.595599904626688, 1.0432487512939526, -5.026436385431316)
5.3199999999999745 (-16.679455496390137, 1.043865797918834, -5.124931293350116)
5.339999999999974 (-16.77030530476714, 1.0446958371721777, -5.219484695084428)
5.359999999999974 (-16.864017449751707, 1.045675717531526, -5.3089151682975775)
5.379999999999973 (-16.95525453367994, 1.0468269789989997, -5.392351477575319)
5.399999999999973 (-17.038089745673837, 1.0478960397477353, -5.4693877996974605)
5.419999999999972 (-17.10670007905351, 1.0486548592015146, -5.540062894890097)
5.439999999999972 (-17.155961989891928, 1.0494137501153065, -5.604648948284757)
5.4599999999999715 (-17.181858774309898, 1.050062350582681, -5.6633460730728435)
5.479999999999971 (-17.18165355808354, 1.050405365550857, -5.716053787922475)
5.499999999999971 (-17.15392060417883, 1.0504068607426469, -5.762306502707071)
5.51999999999997 (-17.098782658512075, 1.0499297067226083, -5.801339912683715)
5.53999999999997 (-17.018037259085485, 1.0490339594688707, -5.83238172790083)
5.559999999999969 (-16.915538674231826, 1.047620774834601, -5.8547225890114145)
5.579999999999969 (-16.797599937151627, 1.0456311844185617, -5.867790669228638)
5.599999999999969 (-16.67308290152415, 1.0431808886608502, -5.871083256557246)
5.619999999999968 (-16.552918823804706, 1.0404259034222, -5.863937903345523)
5.639999999999968 (-16.44886491726196, 1.0375649571449583, -5.845253644278623)
5.659999999999967 (-16.37170215247161, 1.0347899073878213, -5.813268392799511)
5.679999999999967 (-16.329417867893127, 1.0322348382426505, -5.765557890416367)
5.699999999999966 (-16.32597443314162, 1.0299463754323082, -5.6991303532598705)
5.719999999999966 (-16.360969703121622, 1.0278892136425601, -5.610602820531246)
5.739999999999966 (-16.430170772821494, 1.0259834498957299, -5.496640061816458)
5.759999999999965 (-16.526822424365903, 1.024152375745833, -5.354645686489911)
5.779999999999965 (-16.643431467458992, 1.0223546112457724, -5.183464687443798)
5.799999999999964 (-16.77336275007914, 1.02058873723505, -4.983725716930315)
5.819999999999964 (-16.911574815883423, 1.0188786333699336, -4.757682209390191)
5.839999999999963 (-17.054457115214692, 1.0172556935378612, -4.508762594451457)
5.859999999999963 (-17.199347884223517, 1.0157478894264682, -4.241142371883493)
5.879999999999963 (-17.34421025182677, 1.0143761554258615, -3.9594754011231936)
5.899999999999962 (-17.487467174901514, 1.0131546255006607, -3.668747967128465)
5.919999999999962 (-17.627847177444387, 1.012092374852717, -3.374186223557319)
5.939999999999961 (-17.76423234684052, 1.011195829267795, -3.0811766267487815)
5.959999999999961 (-17.895547497868737, 1.0104711641444208, -2.7951816698719445)
5.9799999999999605 (-18.020679746500694, 1.009925842955566, -2.5216368970610263)
5.99999999999996 (-18.13838741399952, 1.0095687253581236, -2.265830018062661)
6.01999999999996 (-18.27340239636627, 1.00928057882126, -2.1105102252101537)
6.039999999999959 (-18.40584540794604, 1.0088867482277215, -2.0931202027878553)
6.059999999999959 (-18.475428573269554, 1.0091527070700839, -2.0974323251825453)
6.079999999999958 (-18.51676232698559, 1.0094486233115871, -2.1239207263504083)
6.099999999999958 (-18.541033645262, 1.009619992493837, -2.1760179903723493)
6.1199999999999575 (-18.561160786263706, 1.0100917201836965, -2.2348176978461187)
6.139999999999957 (-18.614742797726702, 1.0111850038958339, -2.269275904573649)
6.159999999999957 (-18.677861937896893, 1.0117241464757978, -2.2971228529940615)
6.179999999999956 (-18.747299043204467, 1.0118546228230052, -2.332818388259517)
6.199999999999956 (-18.827637802995152, 1.01244417874808, -2.3777321280936565)
6.219999999999955 (-18.91823385744077, 1.013378145073977, -2.4272410366128345)
6.239999999999955 (-19.017554211947427, 1.0144784424437785, -2.4773648353671263)
6.2599999999999545 (-19.125307659113467, 1.0156228232144895, -2.525128806410749)
6.279999999999954 (-19.241483615752024, 1.0167246057265291, -2.568311940228794)
6.299999999999954 (-19.365548651544323, 1.0177269473242487, -2.6054361386943534)
6.319999999999953 (-19.49593350681977, 1.0185999704567148, -2.6358798642621433)
6.339999999999953 (-19.629781395832122, 1.0193361869927868, -2.6600006738943103)
6.359999999999952 (-19.763028834201215, 1.0199441983848268, -2.6792059137538105)
6.379999999999952 (-19.890808446230984, 1.020441299519484, -2.6958974696185987)
6.3999999999999515 (-20.0080327994837, 1.020662998116841, -2.7132186690039193)
6.419999999999951 (-20.1099474177043, 1.0207405681828325, -2.7345924124110224)
6.439999999999951 (-20.192494135676153, 1.0206976119887865, -2.763168968204936)
6.45999999999995 (-20.25244533285832, 1.0206558862208779, -2.801344497699586)
6.47999999999995 (-20.287406832543375, 1.020650723336475, -2.850476424643589)
6.499999999999949 (-20.295897842241597, 1.0206544255045973, -2.91076231316787)
6.519999999999949 (-20.277361624342785, 1.0204859505233899, -2.9814619091245826)
6.5399999999999485 (-20.232553284568645, 1.0204862695757173, -3.0606284138904014)
6.559999999999948 (-20.164097452558572, 1.0206686193831227, -3.1451910860414367)
6.579999999999948 (-20.076832097764463, 1.0210938678297234, -3.2308228571102093)
6.599999999999947 (-19.977882778206094, 1.021800237807457, -3.311739265128985)
6.619999999999947 (-19.87613722347916, 1.0227888696510667, -3.380788606970853)
6.639999999999946 (-19.781043529207793, 1.0240357067386874, -3.429997621023508)
6.659999999999946 (-19.700932168393635, 1.0255104705785631, -3.4515053434437517)
6.6799999999999455 (-19.641414153213034, 1.0271998578507595, -3.4386698686481028)
6.699999999999945 (-19.604314116074896, 1.0291191462373441, -3.386850110552686)
6.719999999999945 (-19.58740551579374, 1.0312998119579488, -3.293717131123775)
6.739999999999944 (-19.58506138393687, 1.0337570609631932, -3.1592446679005612)
6.759999999999944 (-19.589787807916668, 1.0364610250736124, -2.9854902334458573)
6.779999999999943 (-19.594252004067293, 1.0393354907252668, -2.776120685142329)
6.799999999999943 (-19.592962020335232, 1.04228279123203, -2.535732032812647)
6.8199999999999426 (-19.58284725758128, 1.0452117686352864, -2.2692600949456856)
6.839999999999942 (-19.562810278895235, 1.0480511894503282, -1.9817071241975057)
6.859999999999942 (-19.53300320994869, 1.0507503707710377, -1.6780882058502025)
6.879999999999941 (-19.494376639184807, 1.053276188210899, -1.3634061364708385)
6.899999999999941 (-19.448463387212925, 1.0556097144699457, -1.0426294834776697)
6.91999999999994 (-19.397199371199175, 1.057741618806644, -0.7207127878901728)
6.93999999999994 (-19.34274930912817, 1.0596668774619802, -0.40262692207430334)
6.95999999999994 (-19.287367329316595, 1.0613802183883425, -0.09335801439017716)
6.979999999999939 (-19.233275275364086, 1.0628728999685721, 0.20212872569087928)
6.999999999999939 (-19.1825220733122, 1.0641306141580702, 0.47893269283194)
7.019999999999938 (-19.180806579307927, 1.0657913439622493, 0.7008666980887054)
7.039999999999938 (-19.288785566995568, 1.0683650584769768, 0.7922623881540035)
7.059999999999937 (-19.363597846609945, 1.0697356661270372, 0.8199872065440891)
7.079999999999937 (-19.41837708213766, 1.0704749498313995, 0.8109124901856224)
7.099999999999937 (-19.472520357853508, 1.071073719832515, 0.771734699425173)
7.119999999999936 (-19.532411131584997, 1.07189754120354, 0.7334493509150252)
7.139999999999936 (-19.603450460265798, 1.0735197584217298, 0.7328082524566059)
7.159999999999935 (-19.680068151356462, 1.0750040081559205, 0.7405523585510494)
7.179999999999935 (-19.76858782210264, 1.0757670606860248, 0.749472633895835)
7.1999999999999345 (-19.86724000806579, 1.0766634963896413, 0.7573829657608313)
7.219999999999934 (-19.974239230452948, 1.077349913838894, 0.7679314622046469)
7.239999999999934 (-20.087688893395153, 1.07795372075857, 0.7841441379772578)
7.259999999999933 (-20.20606994437027, 1.0786068960951025, 0.8082251584584317)
7.279999999999933 (-20.328197722732106, 1.0794125723709456, 0.8417773490058962)
7.299999999999932 (-20.45281076783838, 1.0804360100066026, 0.8854992084768242)
7.319999999999932 (-20.578224089109103, 1.0816936483868382, 0.9388304520823539)
7.3399999999999315 (-20.702206139488787, 1.0831510382412743, 0.999730409668709)
7.359999999999931 (-20.82212243497231, 1.0847305739202988, 1.0646775419124508)
7.379999999999931 (-20.935267197014635, 1.0863273616456874, 1.1289358906815457)
7.39999999999993 (-21.039216827707136, 1.0879450495336174, 1.187066914265889)
7.41999999999993 (-21.1320419191005, 1.0894146836775624, 1.2335925953723592)
7.439999999999929 (-21.21230109830393, 1.09087206941832, 1.2636199725617303)
7.459999999999929 (-21.278892166832403, 1.0918358090306608, 1.2733207550726924)
7.4799999999999285 (-21.330882288397362, 1.0922570542614554, 1.2601631150794093)
7.499999999999928 (-21.367448595954695, 1.0923264852224044, 1.2229451406523077)
7.519999999999928 (-21.388021380018625, 1.091808510341115, 1.162112959750772)
7.539999999999927 (-21.39263785139133, 1.0907032690979594, 1.079671118416312)
7.559999999999927 (-21.382050216587235, 1.0889876556625848, 0.9795474829896154)
7.579999999999926 (-21.35792510676681, 1.0867031302739067, 0.8679602518101179)
7.599999999999926 (-21.3227968678211, 1.0839522453853847, 0.7534924778042951)
7.6199999999999255 (-21.27966023186618, 1.0809007580959102, 0.6466883516760613)
7.639999999999925 (-21.231271930817737, 1.0777531813912091, 0.5589507749999815)
7.659999999999925 (-21.179375768266112, 1.0747022869017582, 0.5008962444267692)
7.679999999999924 (-21.124099071043016, 1.0718766879586672, 0.4806764119137085)
7.699999999999924 (-21.06367503042746, 1.0693095862836153, 0.5028208102216647)
7.719999999999923 (-20.994556657540343, 1.0669446734359402, 0.567899226914076)
7.739999999999923 (-20.91206027552926, 1.0646755235232688, 0.6729121484294796)
7.7599999999999225 (-20.81147332005451, 1.0623972379294857, 0.8123188344643344)
7.779999999999922 (-20.689287226426455, 1.060044371757724, 0.9794917080343915)
7.799999999999922 (-20.543995002267867, 1.0576008622660649, 1.1680802186500658)
7.819999999999921 (-20.37613483594675, 1.0550872680011898, 1.3727127487909099)
7.839999999999921 (-20.187795876165882, 1.052541366273305, 1.5889659980547326)
7.85999999999992 (-19.98206518871274, 1.050004480638922, 1.8130530358165697)
7.87999999999992 (-19.762678577605325, 1.0475158408670893, 2.041614276694591)
7.8999999999999195 (-19.53383152001237, 1.045111501128614, 2.271611105216718)
7.919999999999919 (-19.30004151167389, 1.0428249165098735, 2.500211779333911)
7.939999999999919 (-19.066024397487293, 1.040688204723044, 2.724678398558487)
7.959999999999918 (-18.836579680191882, 1.0387334810715718, 2.942294183960639)
7.979999999999918 (-18.61646785214921, 1.0369933770672584, 3.150324456142644)
7.999999999999917 (-18.410266726037538, 1.0355000823916658, 3.3459777802119395)
8.019999999999918 (-18.305799803721538, 1.0346571067916674, 3.525420633739997)
8.039999999999917 (-18.3282556348948, 1.0345540851743755, 3.6606387668389058)
8.059999999999917 (-18.35045361016449, 1.0349626948531137, 3.7310099497039606)
8.079999999999917 (-18.38553786988248, 1.0354271347816553, 3.769377019870224)
8.099999999999916 (-18.440243589612788, 1.035716881481056, 3.784891612490193)
8.119999999999916 (-18.50151384629555, 1.0361035164387495, 3.793215096880584)
8.139999999999915 (-18.54996407656187, 1.0364703821519998, 3.836419813175024)
8.159999999999915 (-18.595341463330332, 1.0367852094887267, 3.891988285042959)
8.179999999999914 (-18.649220717774092, 1.0383998973864923, 3.956035540792215)
8.199999999999914 (-18.713011347570617, 1.0397875782535357, 4.025523544116026)
8.219999999999914 (-18.78407547106536, 1.0413828618204954, 4.102019267722942)
8.239999999999913 (-18.858688959460185, 1.0431349309621258, 4.187168001885118)
8.259999999999913 (-18.933884976896376, 1.0449068853483, 4.28162745743612)
8.279999999999912 (-19.0074153888913, 1.0466100474448092, 4.385790409670682)
8.299999999999912 (-19.0776233228478, 1.0481898820107443, 4.499391773181694)
8.319999999999911 (-19.143384099616153, 1.0496153544345808, 4.62097942365915)
8.339999999999911 (-19.204099891203178, 1.0508719793201313, 4.747626352110936)
8.35999999999991 (-19.259890756429318, 1.0519579546886428, 4.874966780130316)
8.37999999999991 (-19.311611720106544, 1.0528784821489094, 4.997584542933111)
8.39999999999991 (-19.360733578169686, 1.0534642911442824, 5.109668759917479)
8.41999999999991 (-19.409144383108362, 1.0539336587874184, 5.205661239528217)
8.439999999999909 (-19.458727620418145, 1.0542345922372691, 5.280754084144247)
8.459999999999908 (-19.510932341056343, 1.0543111713931461, 5.331160854972503)
8.479999999999908 (-19.56648702378598, 1.0541974707322843, 5.354209486259162)
8.499999999999908 (-19.625304131574573, 1.0540512452339243, 5.348408898395512)
8.519999999999907 (-19.686578623009435, 1.053953913725386, 5.31354266042446)
8.539999999999907 (-19.748821376598755, 1.0539100976253157, 5.251016616116317)
8.559999999999906 (-19.80994426842964, 1.053982494383651, 5.164314773305077)
8.579999999999906 (-19.867201939525014, 1.0542015278663397, 5.05938977730034)
8.599999999999905 (-19.91705346700307, 1.0545703496094767, 4.944749459172693)
8.619999999999905 (-19.955099867228846, 1.055206707238014, 4.830897990304212)
8.639999999999905 (-19.97625958535011, 1.0561311479095774, 4.7290022324653656)
8.659999999999904 (-19.975232032815505, 1.0572994503934408, 4.649024222303257)
8.679999999999904 (-19.947091307152448, 1.058692901564838, 4.597903838900798)
8.699999999999903 (-19.887759405409955, 1.060318990893648, 4.578374193585349)
8.719999999999903 (-19.794272128795946, 1.0621942764673664, 4.5886921720014096)
8.739999999999903 (-19.664979602883193, 1.0643105462123879, 4.6233256448991815)
8.759999999999902 (-19.499765490776248, 1.0666112611995784, 4.674518021764326)
8.779999999999902 (-19.30013006856311, 1.068998725257297, 4.734348343049404)
8.799999999999901 (-19.06897231619282, 1.071364746650468, 4.796464660469622)
8.8199999999999 (-18.810171199403637, 1.0736188158726068, 4.85673428282686)
8.8399999999999 (-18.528202752830357, 1.0756981128890652, 4.912864246616045)
8.8599999999999 (-18.227896192873377, 1.0775647364489136, 4.963734727219358)
8.8799999999999 (-17.914289512951548, 1.0792008784964504, 5.0089864458407325)
8.899999999999899 (-17.592550054425303, 1.0806045715775718, 5.048820035820414)
8.919999999999899 (-17.267943899321953, 1.0817844043634341, 5.083818730799887)
8.939999999999898 (-16.94581552631294, 1.082753606149268, 5.114776545050813)
8.959999999999898 (-16.631547099841242, 1.0835248996608873, 5.14256788523872)
8.979999999999897 (-16.330489363366116, 1.084106617894288, 5.168042196034291)
8.999999999999897 (-16.047877600440096, 1.084499855016994, 5.191904850770557)
9.019999999999897 (-15.84675233631482, 1.0887170216729363, 5.262580662752086)
9.039999999999896 (-15.778019208088962, 1.0875259732172724, 5.383456231472572)
9.059999999999896 (-15.752484557959177, 1.0872490245688935, 5.453921362666636)
9.079999999999895 (-15.756530548233957, 1.086591740253818, 5.504499343486878)
9.099999999999895 (-15.789243775855617, 1.085864721618167, 5.548268258418517)
9.119999999999894 (-15.823357927694774, 1.0850406715747842, 5.5901502846509965)
9.139999999999894 (-15.829077685488063, 1.0842283660115557, 5.652438477119618)
9.159999999999894 (-15.825041203805156, 1.0840915437232364, 5.725688229590245)
9.179999999999893 (-15.825060735179337, 1.084247710778782, 5.813190707624207)
9.199999999999893 (-15.8282876844997, 1.0845112370742072, 5.913578588660861)
9.219999999999892 (-15.831308911597562, 1.0849184575705488, 6.022888781764573)
9.239999999999892 (-15.831052114114032, 1.0854975143317445, 6.13908411180952)
9.259999999999891 (-15.82495189381723, 1.0862731982830702, 6.261235242846345)
9.279999999999891 (-15.811156041474323, 1.0872584634338176, 6.388633898468962)
9.29999999999989 (-15.78879111644091, 1.088560811684626, 6.520235236784874)
9.31999999999989 (-15.7582207415956, 1.0900028867295022, 6.6543092853976935)
9.33999999999989 (-15.721219352965234, 1.0916593231103622, 6.788322530300306)
9.35999999999989 (-15.680950737996588, 1.0931097801943397, 6.919116249568907)
9.379999999999889 (-15.641723248972317, 1.094879214876828, 7.04327122701572)
9.399999999999888 (-15.608472539025666, 1.0964441042261504, 7.15755085291935)
9.419999999999888 (-15.586129397476398, 1.09774393889763, 7.259162808454353)
9.439999999999888 (-15.578998053358305, 1.0987214112650865, 7.34582770400229)
9.459999999999887 (-15.590311860778169, 1.099119193140853, 7.415685116661964)
9.479999999999887 (-15.622028431876522, 1.0990795333112098, 7.467179551076714)
9.499999999999886 (-15.674776619512565, 1.0988451681528166, 7.499072854390545)
9.519999999999886 (-15.747820316192362, 1.0981571900912703, 7.510627767815196)
9.539999999999885 (-15.838935231189954, 1.0969763061737665, 7.501924214106128)
9.559999999999885 (-15.94421227299628, 1.0953831150191937, 7.474152924875552)
9.579999999999885 (-16.057475106711554, 1.093449590042198, 7.430128582208741)
9.599999999999884 (-16.17053593993203, 1.091277747492308, 7.374090191103797)
9.619999999999884 (-16.273237365417195, 1.0890047951949202, 7.311223008203085)
9.639999999999883 (-16.354539884660994, 1.086791907530433, 7.246828364267765)
9.659999999999883 (-16.40408824692556, 1.0847999143919191, 7.1851760667374895)
9.679999999999882 (-16.413803485822186, 1.083210920519001, 7.128491848791706)
9.699999999999882 (-16.378969395555607, 1.0820744572610097, 7.07633586090694)
9.719999999999882 (-16.29858009216923, 1.0813140388686644, 7.0255348770366375)
9.739999999999881 (-16.175041235218508, 1.0808731206773756, 6.970816929171957)
9.75999999999988 (-16.01333202597851, 1.0806329381596753, 6.906154176262031)
9.77999999999988 (-15.819749067815916, 1.0804608324015297, 6.826410143151896)
9.79999999999988 (-15.60063402203723, 1.0802510076495284, 6.728538158187774)
9.81999999999988 (-15.36164922721446, 1.0799394337412143, 6.611807915223222)
9.839999999999879 (-15.10773775916606, 1.0794976638158216, 6.477263673197396)
9.859999999999879 (-14.843361894008924, 1.0789203854473746, 6.32706021111978)
9.879999999999878 (-14.572649523717326, 1.0782170509037416, 6.164062841773688)
9.899999999999878 (-14.299459211406845, 1.0774073727256974, 5.991648216115074)
9.919999999999877 (-14.027470770121404, 1.0765177020162762, 5.81355013538384)
9.939999999999877 (-13.760278894583656, 1.0755778459198633, 5.633715576680779)
9.959999999999877 (-13.501443834814964, 1.0746187153187352, 5.456179884839973)
9.979999999999876 (-13.254504218606087, 1.0736704248352866, 5.284943173882541)
9.999999999999876 (-13.022989071385004, 1.072760135208325, 5.123826882533062)
