0.0 (-21.75, 1.0, 0.0)
0.02 (-21.752593703116478, 1.0, 0.07138256934927234)
0.04 (-21.762508008068018, 1.0, 0.18289046260742317)
0.06 (-21.752690492934768, 1.0, 0.3007427074674218)
0.08 (-21.65899965939984, 1.0, 0.3990643166923713)
0.1 (-21.43056547457227, 1.0, 0.464726810885845)
0.12000000000000001 (-21.08956168621761, 1.0, 0.49823913061306263)
0.14 (-20.701717428215748, 1.0, 0.49951932227175283)
0.16 (-20.301483452072716, 1.0, 0.4682686959708226)
0.18 (-19.885394280727702, 1.0, 0.41290035856589274)
0.19999999999999998 (-19.45389856166699, 1.0, 0.343910546278096)
0.21999999999999997 (-19.020520858275415, 1.0, 0.26755741422041146)
0.23999999999999996 (-18.599356479927362, 1.0, 0.1905924698243632)
0.25999999999999995 (-18.203524979938575, 1.0, 0.12057779342834445)
0.27999999999999997 (-17.84665775127073, 1.0, 0.06257068471376431)
0.3 (-17.541454064300357, 1.0, 0.018663898363217336)
0.32 (-17.298066568293095, 1.0, -0.011296964351206099)
0.34 (-17.12305717058915, 1.0, -0.029079890532852766)
0.36000000000000004 (-17.022724234594982, 1.0, -0.03414574440902354)
0.38000000000000006 (-17.003887489705274, 1.0, -0.03716981597789287)
0.4000000000000001 (-17.055835157351225, 1.0, -0.04222747074470054)
0.4200000000000001 (-17.1641442615701, 1.0, -0.04606972382691828)
0.4400000000000001 (-17.3165149624122, 1.0, -0.049311321022631985)
0.46000000000000013 (-17.50247582365036, 1.0, -0.05361431864014481)
0.48000000000000015 (-17.713635754353643, 1.0, -0.0614324037753438)
0.5000000000000001 (-17.943746679635595, 1.0, -0.07546683153571133)
0.5200000000000001 (-18.188381901269125, 1.0, -0.0979968606424932)
0.5400000000000001 (-18.444301225184773, 1.0, -0.1304789838590562)
0.5600000000000002 (-18.708584626147132, 1.0, -0.17343554942217662)
0.5800000000000002 (-18.97783552868839, 1.0, -0.22659497081446833)
0.6000000000000002 (-19.247687514363452, 1.0, -0.28911624107642186)
0.6200000000000002 (-19.512601132142912, 1.0, -0.35970236849345055)
0.6400000000000002 (-19.766106039224393, 1.0, -0.4366624759475748)
0.6600000000000003 (-20.00118329583832, 1.0, -0.5179189464317207)
0.6800000000000003 (-20.210702689190516, 1.0, -0.600974149639329)
0.7000000000000003 (-20.387902189997007, 1.0, -0.6829667880338336)
0.7200000000000003 (-20.52694973611775, 1.0, -0.7608085600337877)
0.7400000000000003 (-20.623492087971627, 1.0, -0.8313958076980417)
0.7600000000000003 (-20.67512322411309, 1.0, -0.8918228912384971)
0.7800000000000004 (-20.681454080670765, 1.0, -0.9396068890277489)
0.8000000000000004 (-20.64368388344917, 1.0, -0.9729429611265822)
0.8200000000000004 (-20.56380389127652, 1.0, -0.9909658390113166)
0.8400000000000004 (-20.443845064821545, 1.0, -0.9939612293940976)
0.8600000000000004 (-20.285639846548875, 1.0, -0.9834432946819064)
0.8800000000000004 (-20.091097923054548, 1.0, -0.9620032125045846)
0.9000000000000005 (-19.86253754972025, 1.0, -0.9329182471108556)
0.9200000000000005 (-19.602693450285994, 1.0, -0.8996433630909324)
0.9400000000000005 (-19.314488816258535, 1.0, -0.8653641909147944)
0.9600000000000005 (-19.000842810941798, 1.0, -0.8326879341318467)
0.9800000000000005 (-18.66463368518814, 1.0, -0.803421001244077)
1.0000000000000004 (-18.308822719054387, 1.0, -0.7783646961865394)
1.0200000000000005 (-17.936746294625525, 1.0, -0.7571380215601334)
1.0400000000000005 (-17.552570356565756, 1.0, -0.7381009184551057)
1.0600000000000005 (-17.161881552038064, 1.0, -0.7184564331061943)
1.0800000000000005 (-16.772180946191735, 1.0, -0.6947140129987652)
1.1000000000000005 (-16.52360711815114, 1.0, -0.6670904121407915)
1.1200000000000006 (-16.42856623108768, 1.0, -0.6443747748725)
1.1400000000000006 (-16.357070637471473, 1.0, -0.5880207357159597)
1.1600000000000006 (-16.394629525501742, 1.0004565042610962, -0.5268859956697894)
1.1800000000000006 (-16.49713681006793, 1.0008805309468998, -0.49184957666759727)
1.2000000000000006 (-16.644937258024058, 1.0009907952750758, -0.45034890763309277)
1.2200000000000006 (-16.824969122100686, 1.0011142251705956, -0.3970865289061122)
1.2400000000000007 (-17.03321668092202, 1.001315808973749, -0.33463198928100507)
1.2600000000000007 (-17.267629556192713, 1.0014338688787625, -0.2656636770535453)
1.2800000000000007 (-17.52470698874442, 1.0014094851325281, -0.191332988894461)
1.3000000000000007 (-17.799328319861225, 1.0012433016142508, -0.11186980012181057)
1.3200000000000007 (-18.085216977179815, 1.0009158576832875, -0.02775379574214101)
1.3400000000000007 (-18.375692398219634, 1.0004551661989944, 0.05942253207479759)
1.3600000000000008 (-18.664691733991734, 0.9999152974053442, 0.14663844734160536)
1.3800000000000008 (-18.947677302820157, 0.9993509475308242, 0.22975575295660763)
1.4000000000000008 (-19.221992144449764, 0.9988067924114576, 0.30427806377500144)
1.4200000000000008 (-19.486549443398083, 0.9983148950660088, 0.3661477683813934)
1.4400000000000008 (-19.741102139217393, 0.9978951423760167, 0.4122399917559528)
1.4600000000000009 (-19.985464447165125, 0.9975570816057407, 0.4404882718805122)
1.4800000000000009 (-20.21894747251809, 0.9973022102745109, 0.44979398119433794)
1.5000000000000009 (-20.4400891955209, 0.9971258103733783, 0.43991107001230584)
1.520000000000001 (-20.646627573221945, 0.9970180879952614, 0.41140722863186785)
1.540000000000001 (-20.835621563566235, 0.9969652009232094, 0.36567997736292357)
1.560000000000001 (-21.00366266128978, 0.9969509341931556, 0.30493314318913983)
1.580000000000001 (-21.147169474242034, 0.9969590324718671, 0.23201242615273412)
1.600000000000001 (-21.262784801829163, 0.9969750038566166, 0.15034640052265386)
1.620000000000001 (-21.347679444421185, 0.996987969494299, 0.06305428389970913)
1.640000000000001 (-21.400247180975434, 0.9969895681603574, -0.026468047609169848)
1.660000000000001 (-21.420048567912453, 0.9969762309172545, -0.11492518502253263)
1.680000000000001 (-21.407405438304632, 0.9969519180759253, -0.19922354573556156)
1.700000000000001 (-21.362563925477353, 0.996930267508995, -0.27650194488181223)
1.720000000000001 (-21.28482554413548, 0.9969334004639182, -0.34429707059960674)
1.740000000000001 (-21.17238727789806, 0.9969856368817767, -0.40085546491577123)
1.7600000000000011 (-21.023218474235467, 0.997104520328127, -0.44550741274966393)
1.7800000000000011 (-20.836416602199805, 0.9972949977106664, -0.4787919698560358)
1.8000000000000012 (-20.613022557907687, 0.9975502542648792, -0.5021849157235031)
1.8200000000000012 (-20.35577414074119, 0.9978571782138923, -0.517575774182705)
1.8400000000000012 (-20.068235240026784, 0.9982015989028923, -0.5268600978923961)
1.8600000000000012 (-19.75407918882536, 0.9985704540701087, -0.5318567620294204)
1.8800000000000012 (-19.41674990948903, 0.9989520334171966, -0.5343078548908048)
1.9000000000000012 (-19.05932215406918, 0.9993359736114393, -0.5358031064201912)
1.9200000000000013 (-18.68445122648916, 0.999713743586731, -0.5375950080260884)
1.9400000000000013 (-18.29443782170706, 1.0000796447386897, -0.54034677371993)
1.9600000000000013 (-17.891460698924735, 1.000432186910297, -0.5438470333643787)
1.9800000000000013 (-17.47799202116226, 1.0007753047269257, -0.5468002042847235)
2.0000000000000013 (-17.05733765039676, 1.0011191716332113, -0.5467338116320171)
2.0200000000000014 (-16.723245733505102, 1.0018713819626994, -0.5259029463860145)
2.0400000000000014 (-16.662081111392506, 1.0033150978416732, -0.49295803501507196)
2.0600000000000014 (-16.61226546065182, 1.004734135409394, -0.4303130426368127)
2.0800000000000014 (-16.572529689410377, 1.0061382439327644, -0.33636257125311353)
2.1000000000000014 (-16.548480073957812, 1.007528634589685, -0.21951144458046212)
2.1200000000000014 (-16.557799683601864, 1.0087929106755429, -0.08986980461248097)
2.1400000000000015 (-16.635808193271444, 1.0099884176399594, 0.030826494479006827)
2.1600000000000015 (-16.755732396413915, 1.0109934578798847, 0.13401202502482348)
2.1800000000000015 (-16.898642699867317, 1.0118852759626304, 0.2431930869161708)
2.2000000000000015 (-17.06092867966657, 1.012732034578587, 0.3614777469472489)
2.2200000000000015 (-17.242591344085696, 1.013578788111078, 0.48800119813831766)
2.2400000000000015 (-17.443107732448873, 1.0144584025275842, 0.6225924596210843)
2.2600000000000016 (-17.659947794170378, 1.0153875455586403, 0.765659216155101)
2.2800000000000016 (-17.889141259004468, 1.016369875236983, 0.9170072483923143)
2.3000000000000016 (-18.125894924342322, 1.0174007004416923, 1.0754462383109757)
2.3200000000000016 (-18.365421084947148, 1.0184705030877927, 1.2384827061890447)
2.3400000000000016 (-18.603783156691257, 1.0195671828992166, 1.4024361017513278)
2.3600000000000017 (-18.8384309183836, 1.020677004164541, 1.5629528844573104)
2.3800000000000017 (-19.068246549581108, 1.0217842768391905, 1.7156511622573574)
2.4000000000000017 (-19.293174718145355, 1.0228702248464596, 1.856629543443112)
2.4200000000000017 (-19.513658213111178, 1.0239117258031192, 1.9827090797839086)
2.4400000000000017 (-19.730092584326663, 1.024880635150745, 2.091444384969645)
2.4600000000000017 (-19.942419392108565, 1.025744549318541, 2.1810290255172786)
2.4800000000000018 (-20.14988584436113, 1.0264700729566143, 2.250216885925201)
2.5000000000000018 (-20.350943508107466, 1.0270290576202057, 2.298322405792181)
2.520000000000002 (-20.543242892552318, 1.0274060723909786, 2.3252872176798154)
2.540000000000002 (-20.72369656306076, 1.0276024693211445, 2.331728934258524)
2.560000000000002 (-20.888647264066222, 1.0276329826042563, 2.3189921599312804)
2.580000000000002 (-21.034153477839766, 1.0275145697326467, 2.2889399598294093)
2.600000000000002 (-21.15638309394616, 1.0272570236252239, 2.2438241579489104)
2.620000000000002 (-21.252055755306486, 1.0268624739483876, 2.1862065776328286)
2.640000000000002 (-21.318789583381133, 1.0263316395917206, 2.118810848635211)
2.660000000000002 (-21.355133049350698, 1.0256691481123468, 2.0442646190425044)
2.680000000000002 (-21.36023071277589, 1.024884533631574, 1.965733429965143)
2.700000000000002 (-21.33302114277099, 1.023985455609442, 1.8856596821764673)
2.720000000000002 (-21.271807666826454, 1.0229726035870748, 1.8058528306179766)
2.740000000000002 (-21.17437435157849, 1.0218389696610783, 1.7272879151500018)
2.760000000000002 (-21.03892788464243, 1.0205774044223013, 1.6499998445282147)
2.780000000000002 (-20.86517091635143, 1.0191902436267843, 1.5732807685392762)
2.800000000000002 (-20.654763735277836, 1.0176935918751786, 1.4961275118424902)
2.820000000000002 (-20.4108550628744, 1.016114795962486, 1.417596442604715)
2.840000000000002 (-20.137250663394756, 1.0144878946122382, 1.336877336973505)
2.860000000000002 (-19.837838263365093, 1.0128505250096964, 1.2532030528603484)
2.880000000000002 (-19.516299224761287, 1.0112417783219063, 1.1657926054325207)
2.900000000000002 (-19.175977164859074, 1.0097000378666758, 1.0738808015322865)
2.920000000000002 (-18.81968622805675, 1.0082599011770759, 0.9769269036223045)
2.940000000000002 (-18.449778270866908, 1.0069483415659215, 0.8749439875431035)
2.960000000000002 (-18.068403506426915, 1.0057815840614002, 0.7686776629990855)
2.980000000000002 (-17.677685464748997, 1.0047621614157076, 0.6599262358497582)
3.000000000000002 (-17.280213964587396, 1.0038779482046063, 0.5517953607202841)
3.0200000000000022 (-16.96032505915568, 1.0028900903844142, 0.4894331180836698)
3.0400000000000023 (-16.907951427927024, 1.0018995526009873, 0.5241743818299355)
3.0600000000000023 (-16.860230994517845, 1.0012176938428463, 0.5939559575948211)
3.0800000000000023 (-16.808860857920713, 1.0006020158243862, 0.694708593565829)
3.1000000000000023 (-16.76387453826777, 1.0000530340669855, 0.8249376852978396)
3.1200000000000023 (-16.747343973393054, 1.0014546366228778, 0.9816899655364735)
3.1400000000000023 (-16.775592838141236, 1.0028152416665617, 1.1476392954233563)
3.1600000000000024 (-16.828265119789982, 1.0031223663559115, 1.318361947456406)
3.1800000000000024 (-16.896576449375512, 1.0030909438614517, 1.496726851367062)
3.2000000000000024 (-16.980593386672503, 1.0029477723370914, 1.684395310879765)
3.2200000000000024 (-17.080861629775427, 1.0027956040433406, 1.883469651967677)
3.2400000000000024 (-17.19653995106363, 1.00265843613492, 2.095312123446238)
3.2600000000000025 (-17.324999784954713, 1.0025569797197391, 2.3198561002343348)
3.2800000000000025 (-17.46238133058914, 1.002493814635257, 2.5556310690152664)
3.3000000000000025 (-17.604673412950387, 1.0024541263308018, 2.799654446783034)
3.3200000000000025 (-17.748624131953303, 1.0024184500228603, 3.0477596036709262)
3.3400000000000025 (-17.89229753616794, 1.0023730644915034, 3.29515151292123)
3.3600000000000025 (-18.03516365454272, 1.0023145433226535, 3.537037760686993)
3.3800000000000026 (-18.177846666126946, 1.0022500588720171, 3.7691418789174587)
3.4000000000000026 (-18.321683077346098, 1.0021962601055723, 3.9879765834812373)
3.4200000000000026 (-18.468223158537384, 1.0021783554444328, 4.190875632428167)
3.4400000000000026 (-18.618792087279928, 1.0022292390585748, 4.375861038548454)
3.4600000000000026 (-18.77415125246938, 1.0023870304300657, 4.541444462778156)
3.4800000000000026 (-18.934260342472292, 1.002689312147095, 4.686449265979789)
3.5000000000000027 (-19.098109178193628, 1.0031637552541155, 4.809900413015652)
3.5200000000000027 (-19.263684632264347, 1.0038174811089808, 4.911042115315936)
3.5400000000000027 (-19.428070966395214, 1.004630886014105, 4.989461337780214)
3.5600000000000027 (-19.58750607704902, 1.0055636375370254, 5.044822055450844)
3.5800000000000027 (-19.737619404535476, 1.006566183737212, 5.07720997681609)
3.6000000000000028 (-19.8739387397801, 1.007595858205228, 5.087019023413678)
3.6200000000000028 (-19.99224871932063, 1.0086215464234114, 5.075105689394632)
3.640000000000003 (-20.088969236600775, 1.0096204526008568, 5.04272587300635)
3.660000000000003 (-20.161278815083236, 1.0105744422448184, 4.99138447907365)
3.680000000000003 (-20.206620957949987, 1.0114682609687595, 4.923325258599298)
3.700000000000003 (-20.222592924094794, 1.0122947132462738, 4.840161919335338)
3.720000000000003 (-20.2065930009448, 1.0130548453346295, 4.742828391666371)
3.740000000000003 (-20.15599912582405, 1.0137553612151626, 4.631430726696418)
3.760000000000003 (-20.069001687063086, 1.0144023574879795, 4.505463819129374)
3.780000000000003 (-19.945471612460345, 1.0149955567025775, 4.364352374214595)
3.800000000000003 (-19.78721838889099, 1.0155270345969225, 4.207997426194365)
3.820000000000003 (-19.597466379105658, 1.0159832466064385, 4.036916052605373)
3.840000000000003 (-19.380064334198668, 1.016347071412885, 3.851996474400747)
3.860000000000003 (-19.138959332661297, 1.0165987705638815, 3.6541847117533157)
3.880000000000003 (-18.877919155595524, 1.0167167956340621, 3.4443193655455664)
3.900000000000003 (-18.60036273798845, 1.0166790627157765, 3.223119030036819)
3.920000000000003 (-18.30919617921711, 1.0164652378558616, 2.991303964052185)
3.940000000000003 (-18.0067223356593, 1.0160602779326762, 2.749847452356446)
3.960000000000003 (-17.69467400502089, 1.0154588219756209, 2.5003256287557165)
3.980000000000003 (-17.374394157723973, 1.0146695454272205, 2.245321340745628)
4.000000000000003 (-17.047200323640773, 1.013718375693515, 1.9888167117684636)
4.020000000000002 (-16.827333073626303, 1.013764999775549, 1.855803103665972)
4.040000000000002 (-16.756306168343833, 1.014468163999166, 1.866898270728032)
4.060000000000001 (-16.66405605101978, 1.0150770265650206, 1.8977798812073587)
4.080000000000001 (-16.562637023496066, 1.0156695433031917, 1.9601951216432454)
4.1000000000000005 (-16.4556296359861, 1.0162599818616675, 2.0505820498916614)
4.12 (-16.348221235690858, 1.0168497663230571, 2.169935622797848)
4.14 (-16.276361964134047, 1.0170281973631803, 2.325681333374379)
4.159999999999999 (-16.24199182396791, 1.0165930351123371, 2.497053805841659)
4.179999999999999 (-16.231972296780324, 1.0164002859331707, 2.681209928116477)
4.199999999999998 (-16.22958929182196, 1.016281414726484, 2.8880250585159137)
4.219999999999998 (-16.23386328578937, 1.0163718524224827, 3.1162199038550744)
4.2399999999999975 (-16.244325044395623, 1.0166913711927692, 3.365209027593935)
4.259999999999997 (-16.25911320756786, 1.017247995839386, 3.633141445736838)
4.279999999999997 (-16.275632002492618, 1.0180495619415986, 3.916631525676424)
4.299999999999996 (-16.291587498520464, 1.019077481033097, 4.210939849332395)
4.319999999999996 (-16.305790120797422, 1.0202896861438373, 4.510517705554229)
4.339999999999995 (-16.318549589046324, 1.0216327364879096, 4.809759075374232)
4.359999999999995 (-16.331596333521194, 1.0230510651706954, 5.103718310217051)
4.379999999999995 (-16.34762457903117, 1.0244915603453764, 5.388552576621628)
4.399999999999994 (-16.36968362870179, 1.0259041412538892, 5.661587380006018)
4.419999999999994 (-16.400633100205695, 1.0272400206483576, 5.921073220767746)
4.439999999999993 (-16.442766115769025, 1.028449736463479, 6.165791724697929)
4.459999999999993 (-16.497594225857373, 1.029483059722867, 6.3946672928460115)
4.479999999999992 (-16.565734179645766, 1.0302928673905363, 6.606489846567987)
4.499999999999992 (-16.646836898199656, 1.0308439533584584, 6.799788837063086)
4.519999999999992 (-16.73953590420043, 1.0311241445055983, 6.972837006797042)
4.539999999999991 (-16.841461652829715, 1.031150137285568, 7.1237065984180825)
4.559999999999991 (-16.9492803596649, 1.0309616937168142, 7.250466795740506)
4.57999999999999 (-17.059076898103655, 1.0306022204871503, 7.3512392564394915)
4.59999999999999 (-17.166803551418656, 1.0301021848523826, 7.424358463935975)
4.6199999999999894 (-17.26820704955102, 1.0294784757954007, 7.468987075962743)
4.639999999999989 (-17.35963810013614, 1.028739446767401, 7.4848745666338745)
4.659999999999989 (-17.437955150332858, 1.0278920766631578, 7.4725555344378884)
4.679999999999988 (-17.500338535649554, 1.0269394058243502, 7.432990737900601)
4.699999999999988 (-17.544086978058473, 1.0258727928150193, 7.366836432211163)
4.719999999999987 (-17.56655458259574, 1.0246672928154366, 7.273817854959397)
4.739999999999987 (-17.56546864324917, 1.0232886466427562, 7.152684150652871)
4.7599999999999865 (-17.539580883748034, 1.0217117235638586, 7.001927645486927)
4.779999999999986 (-17.48918773540551, 1.0199370556535439, 6.820798104725386)
4.799999999999986 (-17.416082595548872, 1.017993575496852, 6.609960888603904)
4.819999999999985 (-17.322981794275996, 1.0159292673316178, 6.371353135595435)
4.839999999999985 (-17.212916850466435, 1.0138006960143253, 6.107557062410372)
4.859999999999984 (-17.088931187444608, 1.0116676148157802, 5.821259409172691)
4.879999999999984 (-16.95396031744698, 1.0095905695738503, 5.514974714247344)
4.8999999999999835 (-16.810690681571465, 1.0076280494093557, 5.19095289762443)
4.919999999999983 (-16.66136467022382, 1.0058319683887804, 4.851205779789326)
4.939999999999983 (-16.507586474167343, 1.004241637447684, 4.4976763702671585)
4.959999999999982 (-16.35018470253742, 1.0028772104617465, 4.132549735097275)
4.979999999999982 (-16.189170156820314, 1.0017341005687583, 3.75867892180161)
4.999999999999981 (-16.023849617904283, 1.0007803609546162, 3.3800897657988367)
5.019999999999981 (-15.866180472707178, 0.9989751273507228, 3.101942357784227)
5.0399999999999805 (-15.789800770222374, 0.9957999725299682, 3.0967585709086713)
5.05999999999998 (-15.69307218524914, 0.9929874738586786, 3.1112935643019672)
5.07999999999998 (-15.569744025518087, 0.9904453399952327, 3.1415610450197238)
5.099999999999979 (-15.424999157294867, 0.9880410163460064, 3.192177397860077)
5.119999999999979 (-15.265376416484589, 0.9860621143284647, 3.2723807468300468)
5.139999999999978 (-15.122197353990144, 0.9852917228733683, 3.400919090648492)
5.159999999999978 (-14.99421745645775, 0.9852797266589662, 3.555637791055859)
5.1799999999999775 (-14.86896555198977, 0.9851139256058624, 3.7241584383759223)
5.199999999999977 (-14.742032837976737, 0.9846507814586252, 3.9075688027465305)
5.219999999999977 (-14.612787204121355, 0.983940585581051, 4.107816365725062)
5.239999999999976 (-14.480220614383907, 0.9829550122218613, 4.32446263791665)
5.259999999999976 (-14.343003963263678, 0.9816934340063223, 4.554895314559618)
5.279999999999975 (-14.20059181247032, 0.9801902019073997, 4.795130636753055)
5.299999999999975 (-14.053776292986132, 0.9784938073865473, 5.040622175373953)
5.3199999999999745 (-13.904741640602543, 0.9766555680749174, 5.287058962599092)
5.339999999999974 (-13.756763732936014, 0.9747269759959432, 5.531004013923962)
5.359999999999974 (-13.613697252124037, 0.9727609165196999, 5.770205710362195)
5.379999999999973 (-13.47944173792104, 0.9708469316481827, 6.003553555156981)
5.399999999999973 (-13.357541034026383, 0.9690185422131108, 6.230782295931582)
5.419999999999972 (-13.250959884935568, 0.9673664819248432, 6.4520665461099185)
5.439999999999972 (-13.162007824657904, 0.9659868430695756, 6.66761263959545)
5.4599999999999715 (-13.092339690346954, 0.9649263193920746, 6.877313702468635)
5.479999999999971 (-13.042963288314809, 0.9643190730720971, 7.080504281523551)
5.499999999999971 (-13.014219182189468, 0.9642355438966316, 7.275808916471325)
5.51999999999997 (-13.005724553286312, 0.9647012599354414, 7.461131030591475)
5.53999999999997 (-13.01635874115574, 0.9656784878333972, 7.633753849208426)
5.559999999999969 (-13.044308348080168, 0.9670745789467394, 7.790382821741136)
5.579999999999969 (-13.087222142332108, 0.9687551915083229, 7.927443797030185)
5.599999999999969 (-13.14259363491408, 0.970627108159588, 8.041438257361397)
5.619999999999968 (-13.207269555385917, 0.9726505983878071, 8.129375344526828)
5.639999999999968 (-13.278380539101104, 0.9747989782597585, 8.188925565394394)
5.659999999999967 (-13.353320089745699, 0.9770424500836656, 8.218480164720173)
5.679999999999967 (-13.428912499006127, 0.9793422111200467, 8.216951682111825)
5.699999999999966 (-13.502688349091551, 0.9816726691308731, 8.182955848754235)
5.719999999999966 (-13.57268457093854, 0.9840237599531523, 8.114575492482983)
5.739999999999966 (-13.63763491297844, 0.9863999169530345, 8.00953014489392)
5.759999999999965 (-13.697182401923888, 0.988809415785757, 7.866046853402396)
5.779999999999965 (-13.751829573846955, 0.9912511419515367, 7.683821340952217)
5.799999999999964 (-13.802587261904945, 0.9937075859311663, 7.46444736183961)
5.819999999999964 (-13.85060879530938, 0.9961461647310191, 7.21098669788287)
5.839999999999963 (-13.897039164735938, 0.9985237488102043, 6.9271807326303065)
5.859999999999963 (-13.943026926420462, 1.0007904842965365, 6.61687937406807)
5.879999999999963 (-13.989738042900536, 1.0028928896906695, 6.283741071020793)
5.899999999999962 (-14.038273000409719, 1.0047769890914886, 5.931077328797921)
5.919999999999962 (-14.0894827706936, 1.006392395895748, 5.561776114863453)
5.939999999999961 (-14.143714417480666, 1.007697739165672, 5.178349093891272)
5.959999999999961 (-14.200532943075647, 1.0086668014605418, 4.783127751518028)
5.9799999999999605 (-14.258467255717653, 1.009293909296334, 4.378607344870656)
5.99999999999996 (-14.314851517757651, 1.0095968649076106, 3.967937747034138)
6.01999999999996 (-14.3149439536142, 1.010433218261841, 3.712157588803045)
6.039999999999959 (-14.260197659818461, 1.0110315056095103, 3.6539328776023976)
6.059999999999959 (-14.17711898508403, 1.0110878952557716, 3.5843366434578083)
6.079999999999958 (-14.061794219400332, 1.0108330260078306, 3.520104869016552)
6.099999999999958 (-13.919634040450498, 1.0102226310163704, 3.4631891159819244)
6.1199999999999575 (-13.751631758622773, 1.0093714664258384, 3.418658794223088)
6.139999999999957 (-13.567642574004898, 1.0078036500435026, 3.4208054192813564)
6.159999999999957 (-13.382013566326892, 1.0054498370823872, 3.4608187177982357)
6.179999999999956 (-13.19074086355072, 1.0032854855418862, 3.519346277653753)
6.199999999999956 (-12.988147688124448, 1.001500405777312, 3.592783264588492)
6.219999999999955 (-12.771706798631685, 0.999969643602454, 3.682143766806762)
6.239999999999955 (-12.54071364698685, 0.9986500789097666, 3.786426667757284)
6.2599999999999545 (-12.295478275130616, 0.9975119831928381, 3.9021881944025236)
6.279999999999954 (-12.037800420077604, 0.9965213802660413, 4.024977182907244)
6.299999999999954 (-11.771077794525912, 0.9956544371214856, 4.150586374740295)
6.319999999999953 (-11.499896228050241, 0.9949008059852414, 4.275906491129506)
6.339999999999953 (-11.229350536914078, 0.994256835992897, 4.39937571251013)
6.359999999999952 (-10.964356996123689, 0.9937165925038353, 4.520972725504137)
6.379999999999952 (-10.70916945665877, 0.9932648538256289, 4.64184006247162)
6.3999999999999515 (-10.46718864940927, 0.9928566459455607, 4.763741164673602)
6.419999999999951 (-10.241020211587587, 0.9924402199591772, 4.888534024090297)
6.439999999999951 (-10.032670668540105, 0.9919622754381622, 5.017749491843802)
6.45999999999995 (-9.843768226850228, 0.9913513429750963, 5.152288654266293)
6.47999999999995 (-9.675723678685948, 0.9905208154769416, 5.292221786658783)
6.499999999999949 (-9.529775070012397, 0.989473462458645, 5.436690333708921)
6.519999999999949 (-9.406986773358014, 0.9882546273568087, 5.583814013455898)
6.5399999999999485 (-9.308225702908805, 0.9868791294797217, 5.730621720892041)
6.559999999999948 (-9.2339224896561, 0.9853316890506902, 5.873328484948813)
6.579999999999948 (-9.184209132251889, 0.9837342424825771, 6.007635357664262)
6.599999999999947 (-9.159025165050624, 0.9821757465305142, 6.129213840944592)
6.619999999999947 (-9.157396422153596, 0.9806939399277668, 6.233809654396969)
6.639999999999946 (-9.178128523310242, 0.9793055868452455, 6.317967744692459)
6.659999999999946 (-9.219517792949302, 0.9780213719320726, 6.37900757713408)
6.6799999999999455 (-9.279592608626515, 0.9768452806739463, 6.414703411422398)
6.699999999999945 (-9.356709131881598, 0.9757699464566726, 6.4228126028061645)
6.719999999999945 (-9.450098804648063, 0.9747751900367806, 6.400776300729438)
6.739999999999944 (-9.560033909709784, 0.9738358576177906, 6.346003001692713)
6.759999999999944 (-9.687426726474968, 0.9729371526589289, 6.256742285121535)
6.779999999999943 (-9.833098757248854, 0.9720859957618501, 6.132971737517271)
6.799999999999943 (-9.997156722378206, 0.9713098577315388, 5.976611779541254)
6.8199999999999426 (-10.178897009480728, 0.9706482350262068, 5.79093964511959)
6.839999999999942 (-10.377141375150337, 0.9701461972705183, 5.57978218200039)
6.859999999999942 (-10.590611797279006, 0.9698522967090031, 5.347019323989431)
6.879999999999941 (-10.818146067757478, 0.9698176857155079, 5.09637614625261)
6.899999999999941 (-11.058726992479528, 0.9700930606578488, 4.8312514919389296)
6.91999999999994 (-11.311382656431913, 0.9707229570953237, 4.5545530624231585)
6.93999999999994 (-11.574958818255721, 0.9717373348471635, 4.268587070100679)
6.95999999999994 (-11.847784718352198, 0.9731416443027687, 3.9750536334009623)
6.979999999999939 (-12.127271530372303, 0.9749074276721519, 3.6751719470538298)
6.999999999999939 (-12.409499311900131, 0.9769660333254825, 3.3699743047074713)
7.019999999999938 (-12.601984923305277, 0.9774332118770346, 3.110255869122971)
7.039999999999938 (-12.574879461121325, 0.9746571086362911, 3.029110546672371)
7.059999999999937 (-12.522011677905633, 0.9721168339033315, 2.936189425870351)
7.079999999999937 (-12.444671236484368, 0.969929713885592, 2.8240374270565534)
7.099999999999937 (-12.340537610169308, 0.9679012482432698, 2.698973082868329)
7.119999999999936 (-12.203711726587473, 0.9660346390937916, 2.5702152292358345)
7.139999999999936 (-12.028642296155551, 0.9647628258249467, 2.471852898295695)
7.159999999999935 (-11.834246904074249, 0.9636732129147607, 2.39455904410423)
7.179999999999935 (-11.626713879473051, 0.9628125549297485, 2.3238971659366205)
7.1999999999999345 (-11.405085352170339, 0.9614621753199535, 2.2564576135582493)
7.219999999999934 (-11.167658338636762, 0.9596629371197816, 2.1917627495695817)
7.239999999999934 (-10.914671669855897, 0.9575212447991507, 2.1286699252188783)
7.259999999999933 (-10.648238563956072, 0.9550469149860608, 2.065227305234052)
7.279999999999933 (-10.372020957958723, 0.9522701857762202, 1.999786531858481)
7.299999999999932 (-10.090591690189145, 0.9492505395515858, 1.9317698969604389)
7.319999999999932 (-9.808678558619128, 0.9460598247445259, 1.8619856122069935)
7.3399999999999315 (-9.530487840306696, 0.9427712043653353, 1.7925317896784208)
7.359999999999931 (-9.259279730667695, 0.9394554260421514, 1.7263974448640502)
7.379999999999931 (-8.997261189137825, 0.9361824234229534, 1.6669487394794935)
7.39999999999993 (-8.74573948345326, 0.9330905990809039, 1.6174662400462125)
7.41999999999993 (-8.505428583048756, 0.9301953354837258, 1.5808157920644266)
7.439999999999929 (-8.276797390238956, 0.9276197462001844, 1.5592433137526238)
7.459999999999929 (-8.060391084029336, 0.9254729110480453, 1.5542618425696861)
7.4799999999999285 (-7.857065797570879, 0.9238697684829232, 1.5665793805473889)
7.499999999999928 (-7.668138727642677, 0.9228130212624566, 1.5960265466263976)
7.519999999999928 (-7.495365579547803, 0.9223369502332782, 1.6415057233924537)
7.539999999999927 (-7.340812914622043, 0.9224475868140674, 1.701045248999592)
7.559999999999927 (-7.206908566191131, 0.9230525261959897, 1.7718411438583725)
7.579999999999926 (-7.096181542050392, 0.9240628060678263, 1.8505032101807393)
7.599999999999926 (-7.010962930665711, 0.9254267635998333, 1.9333802663193205)
7.6199999999999255 (-6.953115806516509, 0.927114398426798, 2.0168273921235302)
7.639999999999925 (-6.9238350064689955, 0.929098929808477, 2.0973903438526804)
7.659999999999925 (-6.9238159423382335, 0.9313521340159728, 2.1721000582209107)
7.679999999999924 (-6.953115581857595, 0.9338335066882957, 2.2375173803144235)
7.699999999999924 (-7.012406563295792, 0.9365207175029211, 2.290867370925734)
7.719999999999923 (-7.1030285043652315, 0.939410021321051, 2.329695300240265)
7.739999999999923 (-7.226830684246032, 0.9425140530766357, 2.352094208262772)
7.7599999999999225 (-7.385397436753625, 0.9458478767516733, 2.357184412377736)
7.779999999999922 (-7.57913228411535, 0.9494117300527195, 2.3453642306269833)
7.799999999999922 (-7.806786293075137, 0.9531818044646981, 2.3180986144528326)
7.819999999999921 (-8.065785366783901, 0.9571131203994283, 2.27743648308866)
7.839999999999921 (-8.352931772695772, 0.9611475495071246, 2.225632619160431)
7.85999999999992 (-8.664934174939424, 0.9652203456193112, 2.164983885482486)
7.87999999999992 (-8.998688106136669, 0.9692645954448209, 2.0977574357723494)
7.8999999999999195 (-9.351396886743961, 0.9732147570445476, 2.0260542851770795)
7.919999999999919 (-9.720581642015974, 0.9770103808537303, 1.9516109626009035)
7.939999999999919 (-10.103953936596467, 0.9806002194141817, 1.8755760666374977)
7.959999999999918 (-10.49914206624237, 0.9839461185704708, 1.7983117971479485)
7.979999999999918 (-10.90328701715682, 0.9870254679857117, 1.7192654106011285)
7.999999999999917 (-11.312532392370741, 0.9898308243937463, 1.6369764185815772)
8.019999999999918 (-11.555262604706101, 0.9920880573542183, 1.5485336701487544)
8.039999999999917 (-11.594600189295285, 0.9929540542840269, 1.4723513075960086)
8.059999999999917 (-11.635444829047607, 0.9933497603372383, 1.36429526975826)
8.079999999999917 (-11.660971955003191, 0.9933196266439028, 1.226775909589849)
8.099999999999916 (-11.671842995975483, 0.9927872786241669, 1.0650854513431123)
8.119999999999916 (-11.663835337832412, 0.9917792168354408, 0.8819150726349314)
8.139999999999915 (-11.609068196673732, 0.9898472628835645, 0.69592060771865)
8.159999999999915 (-11.519227386417121, 0.9873913155101602, 0.5167928001465989)
8.179999999999914 (-11.409817335572969, 0.9847190032191094, 0.3363013277788298)
8.199999999999914 (-11.283255207177751, 0.9821911188533282, 0.14953985252858576)
8.219999999999914 (-11.138723892186912, 0.9798342517481105, -0.045748685798578624)
8.239999999999913 (-10.977268922550678, 0.9775747999006154, -0.25068179016786446)
8.259999999999913 (-10.802220567185126, 0.975448257431472, -0.4657950974027145)
8.279999999999912 (-10.618228272174393, 0.9734995644901896, -0.690376068901786)
8.299999999999912 (-10.430111614908169, 0.9717465552403257, -0.9221400495980461)
8.319999999999911 (-10.241903797048666, 0.9701849281013817, -1.157426199585488)
8.339999999999911 (-10.056248363450335, 0.9687950646263166, -1.3917165832522918)
8.35999999999991 (-9.874324279236507, 0.967545798846833, -1.6203116058034717)
8.37999999999991 (-9.6960804196967, 0.9663966633195649, -1.8388904297550404)
8.39999999999991 (-9.520631575025666, 0.9652831575995585, -2.0437699397053346)
8.41999999999991 (-9.346829748911826, 0.9641607107914689, -2.232003322640349)
8.439999999999909 (-9.17368895084065, 0.962937414749764, -2.4013116533957826)
8.459999999999908 (-9.000718554279791, 0.9615876534912169, -2.549964554483779)
8.479999999999908 (-8.828162919961072, 0.9600411192891907, -2.676686224050302)
8.499999999999908 (-8.65713566963733, 0.9581981333998432, -2.780629319191744)
8.519999999999907 (-8.489683580352695, 0.9561418006479673, -2.861402112427)
8.539999999999907 (-8.328775445031432, 0.9539962158418315, -2.919117177559104)
8.559999999999906 (-8.178098863358864, 0.9518541350340646, -2.9544094585098395)
8.579999999999906 (-8.041775527053623, 0.94981776155773, -2.968364922139427)
8.599999999999905 (-7.923925472354264, 0.9479465504587652, -2.962424735849058)
8.619999999999905 (-7.828252080003976, 0.9461986991960472, -2.9383604085769917)
8.639999999999905 (-7.757710342505978, 0.9446293673746544, -2.8982685908930086)
8.659999999999904 (-7.714478662360804, 0.943314231886114, -2.844515229250906)
8.679999999999904 (-7.7003072021198795, 0.9422642668859175, -2.7795193874127473)
8.699999999999903 (-7.717091815919776, 0.9414653561935865, -2.7053587587139263)
8.719999999999903 (-7.767252602782819, 0.9408932884499428, -2.623351462001528)
8.739999999999903 (-7.853443526960963, 0.9405237769013965, -2.5338549348706505)
8.759999999999902 (-7.9775927150148, 0.9403452339993287, -2.43644533982797)
8.779999999999902 (-8.139887829352801, 0.9403654007039811, -2.3303814418319666)
8.799999999999901 (-8.338460314423966, 0.940606546738382, -2.2151242475218123)
8.8199999999999 (-8.569952095891527, 0.9410971167175574, -2.0905541226474593)
8.8399999999999 (-8.830369165766648, 0.9418679480996442, -1.9568444184201594)
8.8599999999999 (-9.11564084115425, 0.9429526101449205, -1.8142361964779694)
8.8799999999999 (-9.421868106733447, 0.944388164320446, -1.6628864672924422)
8.899999999999899 (-9.745502209880087, 0.9462130175246077, -1.5028923268725516)
8.919999999999899 (-10.083475081780305, 0.9484616181763607, -1.3344340755828035)
8.939999999999898 (-10.43324261593744, 0.9511557533501496, -1.1580247221135627)
8.959999999999898 (-10.792698595901417, 0.9542935157597002, -0.9748329573193)
8.979999999999897 (-11.159945838764013, 0.9578380214645851, -0.7870351659523556)
8.999999999999897 (-11.532902706812742, 0.9617085391617671, -0.5981320348327337)
9.019999999999897 (-11.790152758679364, 0.9787925171935301, -0.5095697129189319)
9.039999999999896 (-11.873187992859329, 0.9797405374849867, -0.5488853581172419)
9.059999999999896 (-11.976787691707866, 0.9798312714822288, -0.6104216265930229)
9.079999999999895 (-12.088411436691095, 0.9799887233841412, -0.7034080006566173)
9.099999999999895 (-12.203145947405943, 0.9796661225156739, -0.8238835134080778)
9.119999999999894 (-12.315851120593733, 0.9786705679477055, -0.9731260765414715)
9.139999999999894 (-12.39151904788973, 0.9772305496352849, -1.154183544569825)
9.159999999999894 (-12.433255828231523, 0.9757445262730647, -1.3514052548688453)
9.179999999999893 (-12.460568797154195, 0.9738971407412245, -1.56159202501951)
9.199999999999893 (-12.478651901781422, 0.9716734506939755, -1.7878292849273145)
9.219999999999892 (-12.48826400814534, 0.9690747728080783, -2.0318700756192487)
9.239999999999892 (-12.491234666000668, 0.9660945815232214, -2.2937692685190245)
9.259999999999891 (-12.490697576830405, 0.9627589552136556, -2.5718154716385935)
9.279999999999891 (-12.489849459970804, 0.9591273803478619, -2.8625598872302094)
9.29999999999989 (-12.490938316012201, 0.9553366294828275, -3.161253295211008)
9.31999999999989 (-12.49469451857764, 0.9514732608813969, -3.462590242098099)
9.33999999999989 (-12.500239982489811, 0.9476026210856714, -3.7615041853335356)
9.35999999999989 (-12.505420257640237, 0.9438339259143431, -4.053753294209289)
9.379999999999889 (-12.50736283196198, 0.9402450992290694, -4.3361568049809)
9.399999999999888 (-12.503037771232433, 0.9368146982003767, -4.606506839239085)
9.419999999999888 (-12.489692375551195, 0.9336616731643832, -4.863286514942825)
9.439999999999888 (-12.46512999283588, 0.9307732965328502, -5.105320869530521)
9.459999999999887 (-12.42788329568213, 0.9281910504523962, -5.3314758801588145)
9.479999999999887 (-12.37732713706473, 0.9259331382973204, -5.540461231369084)
9.499999999999886 (-12.31377083170579, 0.9239630728299992, -5.73075550347756)
9.519999999999886 (-12.238534444815897, 0.9223747739244692, -5.900630136148523)
9.539999999999885 (-12.154003051172397, 0.9212338394275541, -6.048275319430388)
9.559999999999885 (-12.063355809488808, 0.9205010747646134, -6.171694340722734)
9.579999999999885 (-11.970559518801963, 0.9201564738854426, -6.269075459104416)
9.599999999999884 (-11.87974930618814, 0.9202036751732052, -6.339019003501685)
9.619999999999884 (-11.794901613409058, 0.9206508894527324, -6.380638276994691)
9.639999999999883 (-11.719609202097724, 0.9214983688876579, -6.393768498919999)
9.659999999999883 (-11.657007709440318, 0.9227299639065971, -6.378975846217073)
9.679999999999882 (-11.609904413426387, 0.9243458574067837, -6.337159838771396)
9.699999999999882 (-11.580990986338476, 0.9263000121378275, -6.268847948153381)
9.719999999999882 (-11.572889159744495, 0.9284939368643705, -6.1735982485390055)
9.739999999999881 (-11.587800696575652, 0.9309096381812271, -6.050025755905497)
9.75999999999988 (-11.626879440483636, 0.933555516255371, -5.89656237509692)
9.77999999999988 (-11.689731952963399, 0.9364475241156865, -5.712483210444671)
9.79999999999988 (-11.77451186718693, 0.9395970566506442, -5.498522576041321)
9.81999999999988 (-11.87850662129757, 0.9430051784990902, -5.256682995164297)
9.839999999999879 (-11.998715477617367, 0.9466651601376544, -4.98959500879743)
9.859999999999879 (-12.13213570313812, 0.9505672306720699, -4.699994593417335)
9.879999999999878 (-12.275842408709513, 0.9547015830505299, -4.390450894010374)
9.899999999999878 (-12.427143941206534, 0.9590578977357366, -4.063271107496351)
9.919999999999877 (-12.583769877415655, 0.9636225248884339, -3.720527604398743)
9.939999999999877 (-12.744060163968022, 0.9683738019667217, -3.364218767824299)
9.959999999999877 (-12.907103768651334, 0.9732762410309758, -2.9965664844714732)
9.979999999999876 (-13.072789270304174, 0.9782746030053696, -2.620425560026689)
9.999999999999876 (-13.241711030485739, 0.9832892121986605, -2.239770627351411)
