0.0 (-2.25, 1.0, 0.0)
0.02 (-2.249419912797201, 1.0, 0.01809722218152552)
0.04 (-2.2619372131315725, 1.0, 0.12080312137875268)
0.06 (-2.3441338761885735, 1.0, 0.2914301037083886)
0.08 (-2.57783838206092, 1.0, 0.4914945191604572)
0.1 (-3.0044666122337187, 1.0, 0.6736346560453514)
0.12000000000000001 (-3.581091354847378, 1.0, 0.8236055639966787)
0.14 (-4.236167792770551, 1.0, 0.9604415844405458)
0.16 (-4.935239010421405, 1.0, 1.0877617860220459)
0.18 (-5.667854332037564, 1.0, 1.185355796360859)
0.19999999999999998 (-6.416088903925445, 1.0, 1.241339110464079)
0.21999999999999997 (-7.157242438627591, 1.0, 1.2571030210498686)
0.23999999999999996 (-7.870049400912943, 1.0, 1.2336767775753175)
0.25999999999999995 (-8.533335822433964, 1.0, 1.1728339632405063)
0.27999999999999997 (-9.127097957187429, 1.0, 1.0819357502216138)
0.3 (-9.635001447286445, 1.0, 0.9737365907106283)
0.32 (-10.046135916336883, 1.0, 0.8644069462751193)
0.34 (-10.355639177769339, 1.0, 0.7712416606620629)
0.36000000000000004 (-10.461574019946982, 1.0, 0.777093906034908)
0.38000000000000006 (-10.477361879567567, 1.0, 0.802522196978347)
0.4000000000000001 (-10.42607700762156, 1.0, 0.8496837710619408)
0.4200000000000001 (-10.296917029731748, 1.0, 0.9429496172616574)
0.4400000000000001 (-10.087695841564472, 1.0, 1.0744657777648337)
0.46000000000000013 (-9.801764139768776, 1.0, 1.2327054186899415)
0.48000000000000015 (-9.444825619130336, 1.0, 1.403403319441798)
0.5000000000000001 (-9.025124199490373, 1.0, 1.5719836365688018)
0.5200000000000001 (-8.55364118923527, 1.0, 1.725905866607406)
0.5400000000000001 (-8.043443411967454, 1.0, 1.8561502503426064)
0.5600000000000002 (-7.50858297936687, 1.0, 1.9576464833947214)
0.5800000000000002 (-6.96313100733511, 1.0, 2.028731165393497)
0.6000000000000002 (-6.420662510136723, 1.0, 2.070076813440604)
0.6200000000000002 (-5.894151783085244, 1.0, 2.0837219204731596)
0.6400000000000002 (-5.396122743385311, 1.0, 2.072358325240087)
0.6600000000000003 (-4.938671101798864, 1.0, 2.0391049455904127)
0.6800000000000003 (-4.533138629480095, 1.0, 1.987665467567979)
0.7000000000000003 (-4.189383022695545, 1.0, 1.922630735520109)
0.7200000000000003 (-3.9147843025257245, 1.0, 1.8496481872860944)
0.7400000000000003 (-3.7132482496753316, 1.0, 1.7751053940422876)
0.7600000000000003 (-3.5853337144837263, 1.0, 1.705948921651103)
0.7800000000000004 (-3.5281736127169325, 1.0, 1.6479637762194284)
0.8000000000000004 (-3.5375517471913365, 1.0, 1.6051397560571832)
0.8200000000000004 (-3.6094492160399905, 1.0, 1.578873284784231)
0.8400000000000004 (-3.7415533976791044, 1.0, 1.5683844232307418)
0.8600000000000004 (-3.932432905454285, 1.0, 1.5705572295003891)
0.8800000000000004 (-4.180928578645082, 1.0, 1.5814361501211265)
0.9000000000000005 (-4.484966988769612, 1.0, 1.5971230622263584)
0.9200000000000005 (-4.841201000600612, 1.0, 1.6142098727948029)
0.9400000000000005 (-5.245293816634155, 1.0, 1.6297453614906676)
0.9600000000000005 (-5.69230911524091, 1.0, 1.6410354412257186)
0.9800000000000005 (-6.176944548541825, 1.0, 1.6454997931777473)
1.0000000000000004 (-6.693645101994816, 1.0, 1.6405330897579382)
1.0200000000000005 (-7.236567542627735, 1.0, 1.6232416161364935)
1.0400000000000005 (-7.799379419584731, 1.0, 1.5902497820117925)
1.0600000000000005 (-8.37489099650016, 1.0, 1.5375786312351958)
1.0800000000000005 (-8.954529828759787, 1.0, 1.460728469972339)
1.1000000000000005 (-9.524261710793839, 1.0, 1.3528807576365505)
1.1200000000000006 (-10.054500112874567, 1.0, 1.212072896068182)
1.1400000000000006 (-10.404636120913484, 1.0, 1.0873960070275854)
1.1600000000000006 (-10.436950028370024, 1.0024482736358757, 1.1126167957513096)
1.1800000000000006 (-10.432874529255098, 1.0036796028432338, 1.1337827624378933)
1.2000000000000006 (-10.405031188079976, 1.004715555474617, 1.1190372347476136)
1.2200000000000006 (-10.34896123030212, 1.0056820160677835, 1.0804933121589357)
1.2400000000000007 (-10.259844197620192, 1.0065007153498717, 1.032601277701386)
1.2600000000000007 (-10.134173513375833, 1.007024283797195, 0.9891667448573308)
1.2800000000000007 (-9.96970294685082, 1.0072510928141358, 0.9619355215453319)
1.3000000000000007 (-9.76488188418244, 1.0073030700968049, 0.959616847371379)
1.3200000000000007 (-9.51857819447171, 1.0071983189710563, 0.9870405499855844)
1.3400000000000007 (-9.22979634698754, 1.0069616183927201, 1.044518950751118)
1.3600000000000008 (-8.897911617774911, 1.0066101311309554, 1.127913098746332)
1.3800000000000008 (-8.523309274673112, 1.0061477792472011, 1.2294441310286748)
1.4000000000000008 (-8.108195535299446, 1.0055732563619106, 1.339192803482116)
1.4200000000000008 (-7.657171063161189, 1.004888514533371, 1.4468975550183136)
1.4400000000000008 (-7.177292595394123, 1.004103254016554, 1.5434990938384567)
1.4600000000000009 (-6.6776794308000476, 1.0032352156324962, 1.622024246988226)
1.4800000000000009 (-6.168946536776502, 1.0023080493892789, 1.677758060807114)
1.5000000000000009 (-5.6627166721215705, 1.0013486007547165, 1.7079594723775364)
1.520000000000001 (-5.171279350098278, 1.0003846354839792, 1.711461657268731)
1.540000000000001 (-4.707293405289087, 0.9994433055664217, 1.6883981766372549)
1.560000000000001 (-4.28335070002887, 0.9985503750846831, 1.6401328126607884)
1.580000000000001 (-3.9112071551583543, 0.9977301768947348, 1.5693978409884153)
1.600000000000001 (-3.6006604766352193, 0.9970059453222283, 1.480462114277138)
1.620000000000001 (-3.3581192765878605, 0.9963999369046536, 1.3791320884269955)
1.640000000000001 (-3.185383981546363, 0.9959329030859234, 1.272426421554842)
1.660000000000001 (-3.079394715028163, 0.9956228320703523, 1.1677364302080848)
1.680000000000001 (-3.0335266835576484, 0.9954833413667115, 1.0716089854730622)
1.700000000000001 (-3.0402170054262148, 0.9955220537555469, 0.9885604198384035)
1.720000000000001 (-3.093679912538665, 0.9957389387035559, 0.9204349664323452)
1.740000000000001 (-3.1912794981218684, 0.9961251036994238, 0.8665821697811739)
1.7600000000000011 (-3.332944330600539, 0.996663302137562, 0.8247789707659977)
1.7800000000000011 (-3.5193220775947323, 0.9973308290297144, 0.7924687118261323)
1.8000000000000012 (-3.750145446467897, 0.9981034435721693, 0.7676858065585643)
1.8200000000000012 (-4.023788548629267, 0.9989579491354917, 0.7492536800187676)
1.8400000000000012 (-4.337761051519203, 0.9998724972399067, 0.7364301606215652)
1.8600000000000012 (-4.689260944571269, 1.0008258946526671, 0.7285292600146063)
1.8800000000000012 (-5.075361767735082, 1.001797359769893, 0.7247920966171442)
1.9000000000000012 (-5.493015741463472, 1.002766677232392, 0.7243782299578054)
1.9200000000000013 (-5.939084151101885, 1.0037141080109406, 0.7263074883676971)
1.9400000000000013 (-6.410378119044176, 1.004619997716669, 0.7293524444941902)
1.9600000000000013 (-6.90361396226996, 1.0054644456432429, 0.7319635233803927)
1.9800000000000013 (-7.415376334928747, 1.006226960552857, 0.7322078637995062)
2.0000000000000013 (-7.942024807449949, 1.0068851063047741, 0.7275804881342259)
2.0200000000000014 (-8.475616808067086, 1.0074215474619488, 0.7176592568311875)
2.0400000000000014 (-8.977793471797611, 1.0078550983210828, 0.7161196710081704)
2.0600000000000014 (-9.452542145081958, 1.0080218495177324, 0.7029097715290265)
2.0800000000000014 (-9.913015386170596, 1.0079458032360662, 0.6716448304195728)
2.1000000000000014 (-10.355066406869339, 1.0075775400064024, 0.6132847426317299)
2.1200000000000014 (-10.443413791109444, 1.0084132339476344, 0.6025098342284517)
2.1400000000000015 (-10.428995423481092, 1.008934676651927, 0.6009188811853011)
2.1600000000000015 (-10.406506817971723, 1.0089157205657457, 0.5675486297343473)
2.1800000000000015 (-10.374576724990826, 1.0084667602728554, 0.5029868325030824)
2.2000000000000015 (-10.326573208840854, 1.007705295055304, 0.41858460770726424)
2.2200000000000015 (-10.255578264050278, 1.006751160135692, 0.32517200768013743)
2.2400000000000015 (-10.15548572136482, 1.0057215256117693, 0.2329064862890186)
2.2600000000000016 (-10.021152482323494, 1.0047188440972123, 0.15046805023261287)
2.2800000000000016 (-9.848389632647878, 1.003821988705893, 0.0841656475290016)
2.3000000000000016 (-9.633920571858278, 1.0030813361272395, 0.03722415038516681)
2.3200000000000016 (-9.375441394693238, 1.0025170521335034, 0.009321314373601109)
2.3400000000000016 (-9.071858416745894, 1.0021217314805178, -0.0034004933009368033)
2.3600000000000017 (-8.723721280662627, 1.0018678017148948, -0.007678493094532802)
2.3800000000000017 (-8.33369408471699, 1.0017178132678721, -0.011896564678716502)
2.4000000000000017 (-7.906807947742487, 1.0016340838150897, -0.02458405068402197)
2.4200000000000017 (-7.450335929010884, 1.001584158960961, -0.053074368026718693)
2.4400000000000017 (-6.973345793706995, 1.0015405540848763, -0.10265747381106424)
2.4600000000000017 (-6.4861379474426695, 1.0014761605951825, -0.17631007110385927)
2.4800000000000018 (-5.999763960957103, 1.0013586995225137, -0.27485215436032634)
2.5000000000000018 (-5.525694680951141, 1.0011478193522714, -0.39728517966916704)
2.520000000000002 (-5.075575842452739, 1.0007972029314733, -0.5411150624985919)
2.540000000000002 (-4.660936988361232, 1.0002618292535757, -0.7025718946212266)
2.560000000000002 (-4.2927083751258195, 0.999507867786387, -0.8767382209062293)
2.580000000000002 (-3.9804292550032745, 0.9985213037807116, -1.0576600225244384)
2.600000000000002 (-3.7311442325773903, 0.9973124611705931, -1.2385492061346244)
2.620000000000002 (-3.548229123589351, 0.995915516184026, -1.4122065793539282)
2.640000000000002 (-3.430639748885618, 0.9943822214608062, -1.571697899283048)
2.660000000000002 (-3.3732183700903127, 0.9927690398382928, -1.7111713297434377)
2.680000000000002 (-3.3683636109340953, 0.991121677568631, -1.8265495598156045)
2.700000000000002 (-3.408578139287231, 0.989465813760498, -1.9158169283273694)
2.720000000000002 (-3.4887483462267337, 0.9878109861755594, -1.9788191715788723)
2.740000000000002 (-3.6069856068770023, 0.9861647090929185, -2.0167210383725673)
2.760000000000002 (-3.7637041005336873, 0.9845456308310931, -2.0313398843263486)
2.780000000000002 (-3.959790928303296, 0.9829868788762695, -2.024564420591838)
2.800000000000002 (-4.195192792404684, 0.9815303241040914, -1.9980294006767474)
2.820000000000002 (-4.468628646236847, 0.9802188691052485, -1.9531065639275282)
2.840000000000002 (-4.778064962746302, 0.9790918701714628, -1.8910839037447131)
2.860000000000002 (-5.121181851762698, 0.9781834406650948, -1.8133224511713302)
2.880000000000002 (-5.495522944551258, 0.9775213677861339, -1.7213063064825034)
2.900000000000002 (-5.898537207187407, 0.9771260081372902, -1.6166665472593633)
2.920000000000002 (-6.327598717982572, 0.9770090435006104, -1.501216537809268)
2.940000000000002 (-6.779945113904565, 0.9771721003384143, -1.37696510749678)
2.960000000000002 (-7.252882420675645, 0.9776076088098546, -1.246293779961099)
2.980000000000002 (-7.743677436243452, 0.9782986499756973, -1.1119934139703205)
3.000000000000002 (-8.249484327835091, 0.9792203401663476, -0.9773890378178955)
3.0200000000000022 (-8.76278695305512, 0.9803132920143454, -0.8451449747667585)
3.0400000000000023 (-9.242278194899589, 0.9813434612774208, -0.7135384901528385)
3.0600000000000023 (-9.695979931305745, 0.982455766550829, -0.5997434802136883)
3.0800000000000023 (-10.138997457713023, 0.9836757991744427, -0.5051054498094879)
3.1000000000000023 (-10.521686336652573, 0.9846192608966623, -0.4423564892504313)
3.1200000000000023 (-10.601264276047331, 0.9877159256888131, -0.4199203064008934)
3.1400000000000023 (-10.645145442316137, 0.9873993858146131, -0.4276723372577389)
3.1600000000000024 (-10.69322878182528, 0.9870598672105779, -0.4687158371906867)
3.1800000000000024 (-10.724242110368733, 0.9867785390280545, -0.5305600990561703)
3.2000000000000024 (-10.730518154108145, 0.9867420542461356, -0.6113764938972117)
3.2200000000000024 (-10.71899311472086, 0.9867360117793494, -0.7185958341346773)
3.2400000000000024 (-10.681382965480179, 0.9866694372163548, -0.8409156379671335)
3.2600000000000025 (-10.609233962265627, 0.9864672131503907, -0.9704545069245551)
3.2800000000000025 (-10.495541861263163, 0.9860542266847201, -1.1015457726774724)
3.3000000000000025 (-10.33509623829955, 0.9853666282350861, -1.2310169349109363)
3.3200000000000025 (-10.12508285568914, 0.9843613327124977, -1.3588008936039142)
3.3400000000000025 (-9.864821754758085, 0.9830181745596922, -1.4877934814012301)
3.3600000000000025 (-9.556284095234703, 0.9813430266804486, -1.6236348847717288)
3.3800000000000026 (-9.204258935897608, 0.9793657162412637, -1.7733494550575635)
3.4000000000000026 (-8.816198312900958, 0.9771357268133104, -1.9438240756187264)
3.4200000000000026 (-8.401722628363487, 0.9747169342194597, -2.1403946993430734)
3.4400000000000026 (-7.971865498736008, 0.9721831581274937, -2.3659119716999966)
3.4600000000000026 (-7.538286663188767, 0.9696161907810272, -2.6204237861372097)
3.4800000000000026 (-7.112660862814146, 0.9671062505565822, -2.901352024067502)
3.5000000000000027 (-6.70629070781365, 0.9647520396912459, -3.2039026363932215)
3.5200000000000027 (-6.3299468472612554, 0.9626585296966663, -3.5215321168997398)
3.5400000000000027 (-5.9936889657013666, 0.9609284543200816, -3.84638138620253)
3.5600000000000027 (-5.70636811029287, 0.9596487707794944, -4.169568748273972)
3.5800000000000027 (-5.475074391238121, 0.9588801063484739, -4.481606523678453)
3.6000000000000028 (-5.304279061863505, 0.9586491668804233, -4.772998120343179)
3.6200000000000028 (-5.194876224098444, 0.9589451823914559, -5.035050548841138)
3.640000000000003 (-5.143675286773063, 0.9597226247940862, -5.260815399631166)
3.660000000000003 (-5.143893761619711, 0.9609128103987797, -5.445837435442821)
3.680000000000003 (-5.186834349037837, 0.962442511149328, -5.588322319978841)
3.700000000000003 (-5.264267879898337, 0.9642512713823912, -5.688575331965104)
3.720000000000003 (-5.370519101986421, 0.9662976756050443, -5.747985870365629)
3.740000000000003 (-5.503237887139827, 0.9685523662883083, -5.768118906464293)
3.760000000000003 (-5.662552987906424, 0.970985269680253, -5.750314079732738)
3.780000000000003 (-5.8493348473082785, 0.9735571574120189, -5.695763204597945)
3.800000000000003 (-6.063766314720082, 0.9762197118269336, -5.605755524856397)
3.820000000000003 (-6.304958694840654, 0.9789209371376733, -5.481826191289252)
3.840000000000003 (-6.571368619944664, 0.9816106061805149, -5.325768784768243)
3.860000000000003 (-6.861278741308756, 0.9842432702768742, -5.1396048414966735)
3.880000000000003 (-7.172968687300778, 0.9867795996512904, -4.925571700486575)
3.900000000000003 (-7.504722219674025, 0.9891873772780347, -4.6861275171624355)
3.920000000000003 (-7.854857525501004, 0.9914424567616436, -4.423968086367553)
3.940000000000003 (-8.221776871116827, 0.9935294523061824, -4.142062158780006)
3.960000000000003 (-8.60399560915327, 0.9954418614517484, -3.843712382205019)
3.980000000000003 (-9.000156920122397, 0.9971812287330859, -3.5326516105090207)
4.000000000000003 (-9.408996450067523, 0.9987550796763096, -3.2130937021908674)
4.020000000000002 (-9.817045664863793, 1.0002216568557385, -2.89197762133124)
4.040000000000002 (-10.187921198563215, 1.001542134156865, -2.587321249984631)
4.060000000000001 (-10.547265911951463, 1.0026091703701172, -2.3026009188905303)
4.080000000000001 (-10.904831091068104, 1.0035420081370305, -2.032989363515396)
4.1000000000000005 (-11.265094086253203, 1.0042814655019157, -1.789633488738825)
4.12 (-11.460866447238113, 1.0053096331133207, -1.688420579856195)
4.14 (-11.49702964655862, 1.0047529030377131, -1.6917384330668912)
4.159999999999999 (-11.542205521258298, 1.0047369680056577, -1.717653703670583)
4.179999999999999 (-11.595447917491805, 1.004082719574408, -1.7733556017126908)
4.199999999999998 (-11.645052942505616, 1.003013511522094, -1.8553371985585796)
4.219999999999998 (-11.686369707008081, 1.001904294319711, -1.966031830162717)
4.2399999999999975 (-11.708214559572404, 1.0008122962393526, -2.1016504759603607)
4.259999999999997 (-11.700483911140777, 0.9998997043220935, -2.2594508658787187)
4.279999999999997 (-11.655396318768034, 0.9992609633371472, -2.437882275869136)
4.299999999999996 (-11.567992160503634, 0.9989391781338217, -2.6368845036612565)
4.319999999999996 (-11.436580175832598, 0.9989409702684421, -2.8581486802343066)
4.339999999999995 (-11.262970528174327, 0.9992476691856684, -3.1049479872502235)
4.359999999999995 (-11.052373713275605, 0.9998259646044341, -3.3813869404753882)
4.379999999999995 (-10.812876395475843, 1.0006374115198433, -3.6911992051690707)
4.399999999999994 (-10.55451257261607, 1.0016446129618728, -4.036477633780778)
4.419999999999994 (-10.288121030020866, 1.0028122083466413, -4.416767984933932)
4.439999999999993 (-10.024292524710654, 1.0041024352872072, -4.828756562693481)
4.459999999999993 (-9.772658069344729, 1.0054674046039502, -5.2664860942437945)
4.479999999999992 (-9.541586846736182, 1.0068419995031603, -5.721849417259606)
4.499999999999992 (-9.338179350444552, 1.0081415300121206, -6.185116451410948)
4.519999999999992 (-9.168356783538572, 1.0092668883223026, -6.645379226776393)
4.539999999999991 (-9.036865181002538, 1.0101170393037007, -7.090942958455537)
4.559999999999991 (-8.947085904267771, 1.0106048733396005, -7.5097843168202205)
4.57999999999999 (-8.900617626127861, 1.0106705627949353, -7.890231285253488)
4.59999999999999 (-8.896707151073928, 1.0102886462291147, -8.22195609187317)
4.6199999999999894 (-8.931806317912509, 1.0094685962368817, -8.49719410706371)
4.639999999999989 (-8.999588137752456, 1.00824870725784, -8.71184042829958)
4.659999999999989 (-9.091795459985095, 1.0066813846087446, -8.865820107653107)
4.679999999999988 (-9.199893227982441, 1.004814228347712, -8.962297322685579)
4.699999999999988 (-9.316981276054642, 1.002678239818842, -9.005877982360529)
4.719999999999987 (-9.43916141000168, 1.0002923381282918, -9.00062832445785)
4.739999999999987 (-9.565693519227246, 0.9976810759460174, -8.948954839431943)
4.7599999999999865 (-9.697905965523825, 0.9948905765247106, -8.851805653220165)
4.779999999999986 (-9.837557225057575, 0.991990150534732, -8.709719507075143)
4.799999999999986 (-9.985644388570725, 0.9890613557912019, -8.5237721788011)
4.819999999999985 (-10.142192661946847, 0.986185765364631, -8.29583794984027)
4.839999999999985 (-10.306709588022, 0.9834388928535248, -8.028334532698988)
4.859999999999984 (-10.47862485918087, 0.980888769539177, -7.7239432983367315)
4.879999999999984 (-10.657427981862186, 0.9785948803393509, -7.3855214130846685)
4.8999999999999835 (-10.842676169652158, 0.9766064689942732, -7.016104481886614)
4.919999999999983 (-11.034040436477417, 0.9749612316281121, -6.618903955887694)
4.939999999999983 (-11.23137467697203, 0.9736846549343126, -6.1973150074029935)
4.959999999999982 (-11.43477336350857, 0.9727900680044269, -5.754959389845635)
4.979999999999982 (-11.644631542490847, 0.9722800521692385, -5.295765482100804)
4.999999999999981 (-11.861639831887729, 0.9721485969229977, -4.8240302998043445)
5.019999999999981 (-12.082043913870603, 0.9723218902743153, -4.347827866488879)
5.0399999999999805 (-12.276007354665818, 0.9723001284907654, -3.9011912778824227)
5.05999999999998 (-12.466755795029234, 0.9726752810181456, -3.4837575984044937)
5.07999999999998 (-12.663094985556077, 0.9735383015992725, -3.083963534141759)
5.099999999999979 (-12.872439436780704, 0.9750831337993338, -2.7070520000467257)
5.119999999999979 (-12.967894586230523, 0.9739831131232639, -2.6159417955994857)
5.139999999999978 (-13.010511752465138, 0.9744438119869634, -2.604464870036208)
5.159999999999978 (-13.071074032185058, 0.9749589547509512, -2.612136715644803)
5.1799999999999775 (-13.15568453258847, 0.976222524197151, -2.6418449852164625)
5.199999999999977 (-13.255315317836073, 0.9780049171496092, -2.694677427074173)
5.219999999999977 (-13.357899088605372, 0.9798608772220836, -2.77399826846147)
5.239999999999976 (-13.452365629312045, 0.9814841568218258, -2.8830665160331193)
5.259999999999976 (-13.529616022278166, 0.9826583447545787, -3.0248136318961403)
5.279999999999975 (-13.58318774974656, 0.9832370278483471, -3.202022436542844)
5.299999999999975 (-13.609803868059087, 0.983139146312883, -3.4174407914197538)
5.3199999999999745 (-13.609781986342094, 0.9823491252635557, -3.6737150830372665)
5.339999999999974 (-13.587046871514778, 0.980913880942869, -3.9730387046502393)
5.359999999999974 (-13.548600516787891, 0.978932401519879, -4.316491769798233)
5.379999999999973 (-13.503471174668267, 0.9764957744414849, -4.703261307825581)
5.399999999999973 (-13.461345753099522, 0.9738486765958125, -5.130055092573092)
5.419999999999972 (-13.431243349217082, 0.971180462644325, -5.590946941597363)
5.439999999999972 (-13.420537434076996, 0.9685677698839503, -6.0776682711585055)
5.4599999999999715 (-13.434475727315068, 0.9661188703173998, -6.580164168592449)
5.479999999999971 (-13.476144563433124, 0.9640465256962183, -7.087182908907131)
5.499999999999971 (-13.546678203397382, 0.9624919546495557, -7.58675993573431)
5.51999999999997 (-13.645549670385707, 0.9615781524396257, -8.066565161678227)
5.53999999999997 (-13.770795376780148, 0.9613988826417575, -8.514266076657439)
5.559999999999969 (-13.91902927398839, 0.9620781135306175, -8.91807918465871)
5.579999999999969 (-14.085492997739998, 0.9636455860576345, -9.26750071856549)
5.599999999999969 (-14.264126368758626, 0.9660398116124028, -9.554367308434621)
5.619999999999968 (-14.447829853984457, 0.9691556071697169, -9.774028780217627)
5.639999999999968 (-14.62904664527872, 0.9728360327874737, -9.926164803078239)
5.659999999999967 (-14.800660157444813, 0.9769034856318464, -10.014607092984496)
5.679999999999967 (-14.956950997265013, 0.981199152114669, -10.045900853895276)
5.699999999999966 (-15.094245153125392, 0.9856101261601642, -10.02702306756203)
5.719999999999966 (-15.211025642930496, 0.9900701244226624, -9.963217626457071)
5.739999999999966 (-15.307500532018608, 0.9945364249682114, -9.857040275641648)
5.759999999999965 (-15.384830372659964, 0.998961757825938, -9.708983585318089)
5.779999999999965 (-15.444357672909653, 1.0032797423459647, -9.51898067827776)
5.799999999999964 (-15.487154226081627, 1.007408144539166, -9.28764461156291)
5.819999999999964 (-15.513993440146047, 1.0112609360851388, -9.016584820518442)
5.839999999999963 (-15.525571607900273, 1.0147587086234022, -8.708048842197355)
5.859999999999963 (-15.522705245325586, 1.0178340289960774, -8.364531467317725)
5.879999999999963 (-15.50639644218444, 1.0204340032059456, -7.988644975663506)
5.899999999999962 (-15.477842004647231, 1.022522493040996, -7.583116017529652)
5.919999999999962 (-15.438463379868173, 1.0240824107627304, -7.150766815985735)
5.939999999999961 (-15.38995724795806, 1.0251176451366728, -6.69449347919219)
5.959999999999961 (-15.33435619960411, 1.0256540799541194, -6.217273378192882)
5.9799999999999605 (-15.274112196627843, 1.0257390366289523, -5.722199094634698)
5.99999999999996 (-15.212132242517272, 1.0254382072590178, -5.2125349329842)
6.01999999999996 (-15.147964345488228, 1.024955451315948, -4.703319395691174)
6.039999999999959 (-15.079751381222653, 1.0243790265308867, -4.235163716477903)
6.059999999999959 (-15.021641457923403, 1.0233104267393243, -3.7876542571931413)
6.079999999999958 (-14.973839747795399, 1.021993635676717, -3.349954898461559)
6.099999999999958 (-14.94778848845718, 1.0206363737381576, -2.923283829279085)
6.1199999999999575 (-14.966298262589659, 1.0206146416938577, -2.7089977283292503)
6.139999999999957 (-14.996346828727061, 1.0197921900712252, -2.6740803120204473)
6.159999999999957 (-15.050386707032041, 1.0191564531841493, -2.642008729103841)
6.179999999999956 (-15.13658800167852, 1.0192080032381188, -2.6196596965477577)
6.199999999999956 (-15.251282096154178, 1.0191576093798136, -2.6075793773522378)
6.219999999999955 (-15.38546869913781, 1.0192489529503008, -2.614887920695582)
6.239999999999955 (-15.531497352446468, 1.0196355495051561, -2.6508795800832257)
6.2599999999999545 (-15.683118361033637, 1.0203995507901291, -2.7234770969283026)
6.279999999999954 (-15.83626967084904, 1.0215958367311833, -2.8389065564903664)
6.299999999999954 (-15.989607176724508, 1.0232655896233225, -3.001495915968774)
6.319999999999953 (-16.144786977607783, 1.025438690385342, -3.213375433101816)
6.339999999999953 (-16.30626381696566, 1.0281327141911936, -3.4741634868517255)
6.359999999999952 (-16.480448901566902, 1.0313509497023312, -3.7807226866002828)
6.379999999999952 (-16.674346120658463, 1.0350806511874309, -4.127134181474158)
6.3999999999999515 (-16.894039956700666, 1.0393646631154174, -4.505025493185214)
6.419999999999951 (-17.143478493065867, 1.0440775293704412, -4.9042462352522085)
6.439999999999951 (-17.42383564128472, 1.0490807463445755, -5.31369525357426)
6.45999999999995 (-17.733464640017367, 1.0542521198557078, -5.7220557597293675)
6.47999999999995 (-18.06823796589162, 1.0594518392165502, -6.118282614412848)
6.499999999999949 (-18.422035312393607, 1.0645263823955684, -6.491817103067974)
6.519999999999949 (-18.787174470758423, 1.0692498873694605, -6.832759563471301)
6.5399999999999485 (-19.154722373502395, 1.0733496734278987, -7.132068231370626)
6.559999999999948 (-19.514890740134543, 1.0767419059025929, -7.381770780773357)
6.579999999999948 (-19.857491535653256, 1.0792619921993707, -7.57571908350158)
6.599999999999947 (-20.172618917539168, 1.0808076212910305, -7.7105075240469265)
6.619999999999947 (-20.451596749571472, 1.0813583236764612, -7.7863490234643296)
6.639999999999946 (-20.688000532183565, 1.0809597904142216, -7.807493144374742)
6.659999999999946 (-20.87834859954825, 1.0797026917215808, -7.781584039941488)
6.6799999999999455 (-21.022049626717145, 1.0776917204567766, -7.717821068121004)
6.699999999999945 (-21.12052384797534, 1.0750165481185656, -7.624486969591668)
6.719999999999945 (-21.175922777353584, 1.0717420281156915, -7.50689890857347)
6.739999999999944 (-21.190145734621566, 1.0679220378324275, -7.3668107679497155)
6.759999999999944 (-21.164574311505948, 1.0636217589225165, -7.203485146539969)
6.779999999999943 (-21.100377476011793, 1.0589289966512816, -7.015609465205758)
6.799999999999943 (-20.99891163737345, 1.0539490744767877, -6.802766849378289)
6.8199999999999426 (-20.86188424258893, 1.0487922009719615, -6.565736996742671)
6.839999999999942 (-20.691302515464372, 1.0435637406142813, -6.305980426474913)
6.859999999999942 (-20.489390388360903, 1.0383599181028644, -6.025124830678448)
6.879999999999941 (-20.258562060179635, 1.0332657939894796, -5.724805807024387)
6.899999999999941 (-20.001427794573544, 1.0283533415776511, -5.406664411406353)
6.91999999999994 (-19.720808768309297, 1.0236798637866185, -5.0723082270365305)
6.93999999999994 (-19.41976904683618, 1.0192872291325998, -4.723254900137191)
6.95999999999994 (-19.10167381817015, 1.0152023054163548, -4.360899567424508)
6.979999999999939 (-18.770281510497075, 1.011439383280431, -3.9864939443859484)
6.999999999999939 (-18.429804544165723, 1.0080041047257944, -3.601172824937802)
7.019999999999938 (-18.086266115610798, 1.004833972832723, -3.211614964404747)
7.039999999999938 (-17.75987104503464, 1.0017012235754843, -2.8584498952941986)
7.059999999999937 (-17.458310585198166, 0.9991672778002312, -2.520676605209436)
7.079999999999937 (-17.174180805692487, 0.9974107612087811, -2.1859613380365044)
7.099999999999937 (-16.914712333723905, 0.9964449655674419, -1.8495113040256874)
7.119999999999936 (-16.874126823639447, 0.9945597400572478, -1.7197210417668776)
7.139999999999936 (-16.888568863540982, 0.9936323592035192, -1.669134121371652)
7.159999999999935 (-16.924495283771943, 0.9937624992149896, -1.6026082964174844)
7.179999999999935 (-16.985457073854462, 0.9949679666543949, -1.5337145251442341)
7.1999999999999345 (-17.075887046764244, 0.9966130269476265, -1.4600375636101064)
7.219999999999934 (-17.193232742741767, 0.9986737203452944, -1.392232235304879)
7.239999999999934 (-17.335986509843767, 1.0007704104816817, -1.341622149058059)
7.259999999999933 (-17.503720266324756, 1.0026541332932233, -1.3175660721168918)
7.279999999999933 (-17.69687227928521, 1.0041665235521904, -1.3269972398569194)
7.299999999999932 (-17.916948835171315, 1.0052267563368913, -1.3738733664093574)
7.319999999999932 (-18.166581725686836, 1.0058296118834578, -1.4587545208270174)
7.3399999999999315 (-18.44917336952182, 1.0060381079319496, -1.5786768846079782)
7.359999999999931 (-18.768077413459498, 1.00596666857843, -1.727425690868907)
7.379999999999931 (-19.12550952793667, 1.0057561876896484, -1.896253767303215)
7.39999999999993 (-19.521550559251885, 1.0055069668902932, -2.0749562313264156)
7.41999999999993 (-19.95356009957735, 1.0055046021499425, -2.2530706023936307)
7.439999999999929 (-20.41613490765678, 1.005709091478989, -2.420883093422136)
7.459999999999929 (-20.901470283645278, 1.0063671498686528, -2.5700875170345694)
7.4799999999999285 (-21.399906740063543, 1.0075361789193267, -2.6940166025772574)
7.499999999999928 (-21.900461369390406, 1.0092659147227938, -2.7876403760072015)
7.519999999999928 (-22.391251102374525, 1.011576167483246, -2.847402186860166)
7.539999999999927 (-22.859934610198504, 1.0144621729078553, -2.8711159427173087)
7.559999999999927 (-23.29427518000651, 1.0179467938418003, -2.858202324484114)
7.579999999999926 (-23.682846210923568, 1.0219797705600004, -2.809845842558301)
7.599999999999926 (-24.016067279775594, 1.0264501703201685, -2.7292615783118315)
7.6199999999999255 (-24.287388875050322, 1.0312057445989855, -2.621804793018521)
7.639999999999925 (-24.494204265162104, 1.0360744042009962, -2.494634368340878)
7.659999999999925 (-24.63793026343732, 1.0408931879528587, -2.3557832941438446)
7.679999999999924 (-24.722918512129475, 1.04553683863335, -2.212781669574727)
7.699999999999924 (-24.75449367769043, 1.0499308937201854, -2.0713157314318327)
7.719999999999923 (-24.736996872699812, 1.0540394679673277, -1.9344734086751982)
7.739999999999923 (-24.67282240291656, 1.0578369699668198, -1.8028995627831497)
7.7599999999999225 (-24.562801936649755, 1.0612842014772113, -1.675752222222185)
7.779999999999922 (-24.407358536760952, 1.0643222073427088, -1.551894668876356)
7.799999999999922 (-24.207480696873382, 1.0668814722608388, -1.4306745008798083)
7.819999999999921 (-23.964974770734457, 1.068894617815792, -1.3120134135381818)
7.839999999999921 (-23.682194789764466, 1.070304283855051, -1.1960761175229941)
7.85999999999992 (-23.361752595034076, 1.0710662435470648, -1.0829704672064049)
7.87999999999992 (-23.006427601197498, 1.0711512003680106, -0.9726526122523946)
7.8999999999999195 (-22.61916989084236, 1.0705468539009422, -0.8649183555185798)
7.919999999999919 (-22.203093953434152, 1.069260003196765, -0.7593706406769516)
7.939999999999919 (-21.761476784937365, 1.0673183484106004, -0.6553696084259927)
7.959999999999918 (-21.29778502461429, 1.0647716232978885, -0.5519829193833568)
7.979999999999918 (-20.815732138856742, 1.0616914472010488, -0.4479230905960622)
7.999999999999917 (-20.3193461864403, 1.0581689325446533, -0.34152644416137934)
8.019999999999918 (-19.823687281246006, 1.0544827382439426, -0.23838897017737104)
8.039999999999917 (-19.366745365904503, 1.050954644714102, -0.15391187285315933)
8.059999999999917 (-18.931865413042487, 1.0471537609492403, -0.06729030189471878)
8.079999999999917 (-18.509167944076378, 1.043204194361736, 0.024818737799025922)
8.099999999999916 (-18.10324720314703, 1.0393682232485613, 0.13286882836143882)
8.119999999999916 (-17.908156940196516, 1.0380409166753197, 0.2238062082560126)
8.139999999999915 (-17.88123391225697, 1.0375586415239166, 0.27258712694794224)
8.159999999999915 (-17.86391720144428, 1.0372255124350656, 0.34303164187804863)
8.179999999999914 (-17.8664749257561, 1.0359255484725363, 0.4305307519912297)
8.199999999999914 (-17.891266229878088, 1.0353448545155985, 0.5402788940437142)
8.219999999999914 (-17.9411058157645, 1.035037381748162, 0.6655440633032965)
8.239999999999913 (-18.02159671656439, 1.035240517685642, 0.7954046683439479)
8.259999999999913 (-18.138335261110278, 1.0361067462979594, 0.9215593990759195)
8.279999999999912 (-18.296147266144935, 1.0377157160916637, 1.038285962954365)
8.299999999999912 (-18.49883367936532, 1.040109696735132, 1.14294501786859)
8.319999999999911 (-18.748937337607924, 1.0433110026399761, 1.2363728981914242)
8.339999999999911 (-19.047384293865395, 1.0473281720312153, 1.3227838422660323)
8.35999999999991 (-19.393004910869344, 1.0521551997741678, 1.4090456741498456)
8.37999999999991 (-19.782128814171546, 1.0577666320941899, 1.5033846225673027)
8.39999999999991 (-20.208450839609114, 1.064180767074533, 1.613885781339019)
8.41999999999991 (-20.663327373517255, 1.0712147862455157, 1.747149731323367)
8.439999999999909 (-21.136387240839426, 1.0787274286520316, 1.9074303102484156)
8.459999999999908 (-21.61622925344865, 1.086553553472163, 2.0963506040824718)
8.479999999999908 (-22.091000659957512, 1.0944836343361535, 2.3130606528094315)
8.499999999999908 (-22.5487798473407, 1.1022237166871343, 2.5546108582765643)
8.519999999999907 (-22.97784862772084, 1.1095013892211996, 2.816326705753036)
8.539999999999907 (-23.366979895717336, 1.1160657628655806, 3.0920981320507073)
8.559999999999906 (-23.70587180949081, 1.1216637817847142, 3.3746459637339172)
8.579999999999906 (-23.985937366213992, 1.1260362275883251, 3.6557899402372818)
8.599999999999905 (-24.20135473125135, 1.129082438264839, 3.9268793520468077)
8.619999999999905 (-24.350156946820675, 1.1308025813037226, 4.179473080813141)
8.639999999999905 (-24.43484352535091, 1.1312206255756234, 4.4062188975406205)
8.659999999999904 (-24.461901370687734, 1.1304199183593318, 4.6016861007420875)
8.679999999999904 (-24.439996689653, 1.1285280089835406, 4.762794703860295)
8.699999999999903 (-24.37736728642397, 1.12566590518037, 4.888624211090413)
8.719999999999903 (-24.279595098309876, 1.1219240544211901, 4.9797328744566)
8.739999999999903 (-24.148865787176938, 1.117372965064037, 5.037379212994102)
8.759999999999902 (-23.984957768831077, 1.1120877973824146, 5.062983501964531)
8.779999999999902 (-23.7871129892439, 1.10616483126516, 5.057910204854393)
8.799999999999901 (-23.555472219159874, 1.0997206988383466, 5.023465200822626)
8.8199999999999 (-23.2913567354943, 1.0928807903259365, 4.960981083854407)
8.8399999999999 (-22.996764474392066, 1.0857682034114273, 4.87191005588231)
8.8599999999999 (-22.67388234483404, 1.0784981526212718, 4.757881383996417)
8.8799999999999 (-22.324941352725194, 1.0711756221393671, 4.620718975726458)
8.899999999999899 (-21.95221845846286, 1.063893498975286, 4.46244904812199)
8.919999999999899 (-21.558006662075, 1.0567309193043737, 4.2853242794952005)
8.939999999999898 (-21.14457492466584, 1.049752395601602, 4.091866718224312)
8.959999999999898 (-20.714156171330508, 1.0430082480307992, 3.8849284094121574)
8.979999999999897 (-20.268953323300522, 1.0365371610330354, 3.6677803948092267)
8.999999999999897 (-19.811180221834054, 1.0303703612191628, 3.4441686625489694)
9.019999999999897 (-19.353652544902513, 1.0271966955263991, 3.2185659191868763)
9.039999999999896 (-18.93496386165741, 1.026660656498894, 3.0032363735444343)
9.059999999999896 (-18.53442517467338, 1.0247989265368576, 2.8047446715510658)
9.079999999999895 (-18.14120505268747, 1.0224559539649738, 2.618958609709558)
9.099999999999895 (-17.752444898451635, 1.0199300482654043, 2.4561840176178316)
9.119999999999894 (-17.567153113637954, 1.017831052968583, 2.40064238668283)
9.139999999999894 (-17.53223015071065, 1.017182318475442, 2.436319751023789)
9.159999999999894 (-17.48402897539047, 1.0166255558081958, 2.4951187106555244)
9.179999999999893 (-17.425696083202578, 1.0166988193076696, 2.5847656295223906)
9.199999999999893 (-17.369218011778027, 1.0173418085197588, 2.7011479242687515)
9.219999999999892 (-17.326566537186498, 1.0183545006617811, 2.8406741233512913)
9.239999999999892 (-17.308382992296703, 1.0195900413133832, 3.000074003859526)
9.259999999999891 (-17.323420707511413, 1.0209397354222531, 3.1771286743815796)
9.279999999999891 (-17.37810403675817, 1.0223350133664082, 3.37114815609763)
9.29999999999989 (-17.47608780876386, 1.0237032789354938, 3.583273687492517)
9.31999999999989 (-17.617876625405053, 1.0251568926439365, 3.8165113193092584)
9.33999999999989 (-17.80065072833411, 1.026705307787737, 4.075290408954033)
9.35999999999989 (-18.018435259782667, 1.0285902303522898, 4.364474713118541)
9.379999999999889 (-18.262667637705594, 1.0307431568138636, 4.688075153183761)
9.399999999999888 (-18.523141543082236, 1.0333461205778058, 5.04804796871408)
9.419999999999888 (-18.789089434738848, 1.036452641349749, 5.4435741326733)
9.439999999999888 (-19.050136371272945, 1.040135388101824, 5.870921065027656)
9.459999999999887 (-19.296910722736513, 1.0443262815679126, 6.323767485603847)
9.479999999999887 (-19.521292110946327, 1.0490627470635296, 6.793727198155905)
9.499999999999886 (-19.716401791549465, 1.0540050113925328, 7.2708675084473136)
9.519999999999886 (-19.87654462624028, 1.059149892620654, 7.7441300341718895)
9.539999999999885 (-19.997228989706826, 1.0644022654282372, 8.201722377271183)
9.559999999999885 (-20.07541530220671, 1.0696258756044612, 8.6315784942209)
9.579999999999885 (-20.109856335447603, 1.0746973979863603, 9.022031201275293)
9.599999999999884 (-20.10166469144576, 1.0794809858225747, 9.362907716890726)
9.619999999999884 (-20.054817708353273, 1.0838385115451208, 9.646695672817838)
9.639999999999883 (-19.975961077263207, 1.0876453415646943, 9.86957346361275)
9.659999999999883 (-19.873512957225632, 1.090806799695036, 10.031731369369414)
9.679999999999882 (-19.756006288158066, 1.0932721192929336, 10.136508811951478)
9.699999999999882 (-19.630209828293072, 1.095037726562872, 10.188548923100845)
9.719999999999882 (-19.499859928858868, 1.0961319245042769, 10.191847179362776)
9.739999999999881 (-19.36561106395529, 1.096588439399265, 10.148710505050998)
9.75999999999988 (-19.226174839748982, 1.0964536835091132, 10.060025923984394)
9.77999999999988 (-19.07992736258885, 1.095768335456683, 9.926326518796296)
9.79999999999988 (-18.926022557711626, 1.094564956100747, 9.748710517773269)
9.81999999999988 (-18.764541191152958, 1.0928710763599105, 9.529068060346166)
9.839999999999879 (-18.59603082159224, 1.0907117930761538, 9.269815353216323)
9.859999999999879 (-18.421093220071977, 1.0881114130784066, 8.973625095150238)
9.879999999999878 (-18.240265374979465, 1.085094507353915, 8.643348816935566)
9.899999999999878 (-18.054014329926776, 1.081686682931167, 8.282022031423121)
9.919999999999877 (-17.862693827180404, 1.07791538062867, 7.892861163968341)
9.939999999999877 (-17.666482407131472, 1.073810995661153, 7.479270404509402)
9.959999999999877 (-17.465332929520564, 1.0694084955614667, 7.044881313790664)
9.979999999999876 (-17.258918280811784, 1.064749674249259, 6.593626301199577)
9.999999999999876 (-17.046629957445855, 1.0598849249991784, 6.129804736924961)
