0.0 (-18.75, 1.0, 0.0)
0.02 (-18.75039032279908, 1.0, 0.08389816018143346)
0.04 (-18.753333936863264, 1.0, 0.33623845243518596)
0.06 (-18.750780144823157, 1.0, 0.7069343559026966)
0.08 (-18.709767467956645, 1.0, 1.1076496719841193)
0.1 (-18.590781987244053, 1.0, 1.4490388248841133)
0.12000000000000001 (-18.39722966098235, 1.0, 1.7131877292383277)
0.14 (-18.180794371264874, 1.0, 1.9382954925677645)
0.16 (-17.98033308294166, 1.0, 2.1413612175741705)
0.18 (-17.792044100362506, 1.0, 2.3033339697841164)
0.19999999999999998 (-17.604265999976416, 1.0, 2.4136948303246912)
0.21999999999999997 (-17.42101134995042, 1.0, 2.482653204773791)
0.23999999999999996 (-17.249398701563692, 1.0, 2.521473094073708)
0.25999999999999995 (-17.091718221883088, 1.0, 2.5373679120434844)
0.27999999999999997 (-16.949189551805272, 1.0, 2.537830805159989)
0.3 (-16.823699402572206, 1.0, 2.5307596554134277)
0.32 (-16.71695716759668, 1.0, 2.5227822364036316)
0.34 (-16.629903655590933, 1.0, 2.518387670474582)
0.36000000000000004 (-16.5721903803379, 1.0, 2.523133661872648)
0.38000000000000006 (-16.555307470539052, 1.0, 2.5260974897560624)
0.4000000000000001 (-16.560878320942066, 1.0, 2.527692919723662)
0.4200000000000001 (-16.574536616451706, 1.0, 2.5261463668862887)
0.4400000000000001 (-16.593957314562132, 1.0, 2.518637255135643)
0.46000000000000013 (-16.62038580709256, 1.0, 2.500299529183101)
0.48000000000000015 (-16.65649566085604, 1.0, 2.4658536486980522)
0.5000000000000001 (-16.705682623324503, 1.0, 2.4112533899899127)
0.5200000000000001 (-16.771427739407397, 1.0, 2.3344943345384994)
0.5400000000000001 (-16.856358261713467, 1.0, 2.2356318067866865)
0.5600000000000002 (-16.96131518333991, 1.0, 2.1163781805958366)
0.5800000000000002 (-17.084934089728534, 1.0, 1.9795537573572517)
0.6000000000000002 (-17.223649929625036, 1.0, 1.8286964425010326)
0.6200000000000002 (-17.37211311599665, 1.0, 1.6678654384139275)
0.6400000000000002 (-17.523935836145455, 1.0, 1.501732179911096)
0.6600000000000003 (-17.672343928774513, 1.0, 1.335779236149387)
0.6800000000000003 (-17.810705233113588, 1.0, 1.1764434247983897)
0.7000000000000003 (-17.933005486843584, 1.0, 1.0310837709103087)
0.7200000000000003 (-18.03437331068044, 1.0, 0.9076567652346409)
0.7400000000000003 (-18.111651755785402, 1.0, 0.8140929235495268)
0.7600000000000003 (-18.163808721926937, 1.0, 0.7573436642816298)
0.7800000000000004 (-18.191905159238683, 1.0, 0.742202672349208)
0.8000000000000004 (-18.198513754926964, 1.0, 0.7701402772706875)
0.8200000000000004 (-18.186627920794653, 1.0, 0.8385550150968902)
0.8400000000000004 (-18.15857514659355, 1.0, 0.9408552224794282)
0.8600000000000004 (-18.11552263729067, 1.0, 1.0675936007035403)
0.8800000000000004 (-18.057783568985798, 1.0, 1.2083098808011115)
0.9000000000000005 (-17.985534499809464, 1.0, 1.3532284650857687)
0.9200000000000005 (-17.899344867596003, 1.0, 1.4941162386453046)
0.9400000000000005 (-17.800284301375125, 1.0, 1.6243729088323298)
0.9600000000000005 (-17.689790283189378, 1.0, 1.7388529706110882)
0.9800000000000005 (-17.569518823747394, 1.0, 1.8337226409042846)
1.0000000000000004 (-17.441234310423773, 1.0, 1.9063956218324327)
1.0200000000000005 (-17.306730614978513, 1.0, 1.9555441935817115)
1.0400000000000005 (-17.167796805660107, 1.0, 1.9811939611450806)
1.0600000000000005 (-17.026288010621915, 1.0, 1.9848953563321683)
1.0800000000000005 (-16.88415130266286, 1.0, 1.9698491659977093)
1.1000000000000005 (-16.735956000988473, 1.0, 1.9690257304468406)
1.1200000000000006 (-16.58653074051948, 1.0, 2.0169206443027896)
1.1400000000000006 (-16.468370772255124, 1.0, 2.0834497007751946)
1.1600000000000006 (-16.45549204411714, 0.999507705361523, 2.1500548048731662)
1.1800000000000006 (-16.46882391048306, 0.9978481506266261, 2.1847439795189447)
1.2000000000000006 (-16.50529049280409, 0.9968221276400057, 2.2110182389289275)
1.2200000000000006 (-16.567039699553852, 0.9961191034256319, 2.2437298862835244)
1.2400000000000007 (-16.64556731844759, 0.9954594319022473, 2.2806828606675036)
1.2600000000000007 (-16.731852475101494, 0.9949265482471126, 2.317721865238946)
1.2800000000000007 (-16.818814670290685, 0.994525393582419, 2.3514184015390516)
1.3000000000000007 (-16.90168205787237, 0.9941751157774376, 2.378280214054219)
1.3200000000000007 (-16.978023285631867, 0.9939235923917003, 2.3942288702872467)
1.3400000000000007 (-17.047772766175132, 0.9938073695802593, 2.394793085024812)
1.3600000000000008 (-17.113050002995546, 0.9938426709354975, 2.375688045286573)
1.3800000000000008 (-17.17755691042465, 0.9940329794913102, 2.333470038345258)
1.4000000000000008 (-17.245646886402263, 0.9943708021968901, 2.2660434852534523)
1.4200000000000008 (-17.321316670081895, 0.9948388847985187, 2.1728653099080746)
1.4400000000000008 (-17.407386907072762, 0.9954129876017608, 2.0548423141664744)
1.4600000000000009 (-17.505036613854056, 0.9960651497622652, 1.9140669746671064)
1.4800000000000009 (-17.613705067710605, 0.9967661666151549, 1.7535839757233667)
1.5000000000000009 (-17.731255541204234, 0.9974869311554947, 1.577314394201851)
1.520000000000001 (-17.854250588332206, 0.998199101662578, 1.3901438370419288)
1.540000000000001 (-17.97822503836533, 0.9988759928020992, 1.1980734138911258)
1.560000000000001 (-18.09794971604992, 0.9994945269833859, 1.0082841609095565)
1.580000000000001 (-18.20774029876605, 1.00003854795512, 0.8290020551935201)
1.600000000000001 (-18.30197201999739, 1.0005024397990763, 0.6691229278877243)
1.620000000000001 (-18.37577180575686, 1.0008944306338865, 0.5377132434293062)
1.640000000000001 (-18.4259032355912, 1.0012382996451534, 0.4430251914047291)
1.660000000000001 (-18.45147406518955, 1.0015714602544883, 0.3920184693676309)
1.680000000000001 (-18.453883838235733, 1.0019402168235643, 0.38933360991696236)
1.700000000000001 (-18.436135199919658, 1.002389934468137, 0.43631739975247497)
1.720000000000001 (-18.40164835535623, 1.0029516323584664, 0.5302130322477263)
1.740000000000001 (-18.353165038311705, 1.003630510793654, 0.6639374390138539)
1.7600000000000011 (-18.292285816873207, 1.0044039045477824, 0.8269991255814516)
1.7800000000000011 (-18.219755024789656, 1.0052310494014585, 1.007599056808785)
1.8000000000000012 (-18.136154788532007, 1.0060680027905526, 1.1949415479321104)
1.8200000000000012 (-18.04238184355485, 1.0068778269733305, 1.3803514018188863)
1.8400000000000012 (-17.93961445060954, 1.0076329521657423, 1.5570681153954562)
1.8600000000000012 (-17.82904319289981, 1.0083134556613982, 1.7196624333159916)
1.8800000000000012 (-17.711717155679043, 1.008905266850935, 1.8637504411802626)
1.9000000000000012 (-17.588533594481554, 1.0093991586731947, 1.9859080060428396)
1.9200000000000013 (-17.46023918925856, 1.0097899912199861, 2.0835351329421306)
1.9400000000000013 (-17.32737504514943, 1.010076961470122, 2.1548558207197948)
1.9600000000000013 (-17.190289754364407, 1.0102643886844478, 2.1990030715116777)
1.9800000000000013 (-17.04914643995677, 1.0103628035080678, 2.21617867590817)
2.0000000000000013 (-16.903978919436867, 1.0103901298973434, 2.2079056179318237)
2.0200000000000014 (-16.751585636188317, 1.0104404695939735, 2.195340690138668)
2.0400000000000014 (-16.597674852783246, 1.0110203675907552, 2.2497314218430216)
2.0600000000000014 (-16.433940607731056, 1.0117552810241845, 2.3153371186085834)
2.0800000000000014 (-16.282712606818556, 1.0124719613760613, 2.385592275717196)
2.1000000000000014 (-16.151465265143568, 1.0131785745831454, 2.4678291656313127)
2.1200000000000014 (-16.11657542754563, 1.0138320468600106, 2.564415241787503)
2.1400000000000015 (-16.14408376246151, 1.0143335717668627, 2.643661001957878)
2.1600000000000015 (-16.17042828424025, 1.0147149867611445, 2.7079068822551555)
2.1800000000000015 (-16.207994046950386, 1.0150672268892593, 2.771107785807702)
2.2000000000000015 (-16.25604784758279, 1.0154357283813962, 2.8396713890389633)
2.2200000000000015 (-16.309336641780803, 1.0158216578611599, 2.9110114524682773)
2.2400000000000015 (-16.363245833710344, 1.0162079486629398, 2.9814878699860343)
2.2600000000000016 (-16.414854725208794, 1.016576015651679, 3.0477775173473742)
2.2800000000000016 (-16.462787841092968, 1.016908513704074, 3.106302137957695)
2.3000000000000016 (-16.50746384752061, 1.0171906573440914, 3.153108692710981)
2.3200000000000016 (-16.551013428326208, 1.0174108394584735, 3.184404212757516)
2.3400000000000016 (-16.59692092849163, 1.0175604601229016, 3.1970331799839866)
2.3600000000000017 (-16.649417138292016, 1.0176332850909795, 3.1888766627904745)
2.3800000000000017 (-16.712733537219687, 1.0176241210292145, 3.159040551476472)
2.4000000000000017 (-16.790400330736194, 1.0175270393279234, 3.107788178775575)
2.4200000000000017 (-16.884734634395688, 1.0173337856969866, 3.036289214051088)
2.4400000000000017 (-16.996573622966157, 1.0170332495284933, 2.946322802233491)
2.4600000000000017 (-17.12522148093613, 1.016612836443936, 2.8400682301280598)
2.4800000000000018 (-17.268532096684602, 1.0160621880476421, 2.720058934443239)
2.5000000000000018 (-17.423041259077884, 1.0153787537628076, 2.589295774686315)
2.520000000000002 (-17.584088838783853, 1.0145732952435114, 2.451444834983698)
2.540000000000002 (-17.745917054287094, 1.0136723017604286, 2.311049157672036)
2.560000000000002 (-17.901886507654222, 1.0127141533640815, 2.1734429124178876)
2.580000000000002 (-18.0447599475011, 1.011740573787254, 2.0448095668277086)
2.600000000000002 (-18.16731687968056, 1.0107863263227892, 1.9318550973600657)
2.620000000000002 (-18.26317150996461, 1.0098733893679335, 1.841435053256372)
2.640000000000002 (-18.327647775997256, 1.0090110355496795, 1.7801331888938028)
2.660000000000002 (-18.35843085918468, 1.0081981236618347, 1.7536691175748302)
2.680000000000002 (-18.355814776486156, 1.007424511643689, 1.7658788336653382)
2.700000000000002 (-18.322155053856633, 1.0066714413048363, 1.818112325883133)
2.720000000000002 (-18.2610758621562, 1.0059166447898964, 1.9080014143733162)
2.740000000000002 (-18.1766886921823, 1.0051444271993, 2.029256931038105)
2.760000000000002 (-18.073004000271, 1.004352615996571, 2.1725946514493595)
2.780000000000002 (-17.953675557887195, 1.0035509866234826, 2.327727201448048)
2.800000000000002 (-17.82201131507125, 1.00275493738172, 2.4852991664332764)
2.820000000000002 (-17.681069794265724, 1.0019811171477508, 2.6378128689844678)
2.840000000000002 (-17.53363937930058, 1.0012465473124872, 2.7794203449999033)
2.860000000000002 (-17.38216257359318, 1.0005686277977768, 2.9054431035395463)
2.880000000000002 (-17.228697431562452, 0.9999642352258178, 3.0121369329619947)
2.900000000000002 (-17.074953112477605, 0.9994483291089171, 3.0965270032312273)
2.920000000000002 (-16.92218847707508, 0.9990307314887079, 3.1565443319817903)
2.940000000000002 (-16.771425506428166, 0.9987139765526302, 3.190851156764875)
2.960000000000002 (-16.623243458590643, 0.998490774387994, 3.198839314427612)
2.980000000000002 (-16.477746804204862, 0.9983419318928536, 3.1808978507705614)
3.000000000000002 (-16.334589237852985, 0.9982367035537468, 3.1386675628877563)
3.0200000000000022 (-16.184602737843445, 0.998071059100112, 3.091995521159276)
3.0400000000000023 (-16.01155670629406, 0.9974086563940029, 3.112324349339857)
3.0600000000000023 (-15.822635999399724, 0.9965692438458602, 3.1412263182599567)
3.0800000000000023 (-15.641427506671324, 0.9957838436056357, 3.174227037788657)
3.1000000000000023 (-15.478942774856437, 0.9949934534632402, 3.2268052112518713)
3.1200000000000023 (-15.39777501173724, 0.9959788620478774, 3.3158205186083656)
3.1400000000000023 (-15.363881887187718, 0.9953908216753288, 3.401405477773762)
3.1600000000000024 (-15.338576084350422, 0.9952064248117831, 3.479631228543396)
3.1800000000000024 (-15.318224526085311, 0.9948395632388012, 3.560239481080551)
3.2000000000000024 (-15.30143984711873, 0.9943890360876675, 3.6424048877941)
3.2200000000000024 (-15.289468489139828, 0.9939581474874123, 3.7275528972111616)
3.2400000000000024 (-15.281351608532228, 0.9936094151011854, 3.811714556438896)
3.2600000000000025 (-15.276622771275068, 0.9933479636639452, 3.8910226398376433)
3.2800000000000025 (-15.275863889057783, 0.9931659709428414, 3.9614287364284575)
3.3000000000000025 (-15.281127619147405, 0.9930658770743911, 4.019488933050451)
3.3200000000000025 (-15.2957268846807, 0.9930619848897033, 4.062673174932529)
3.3400000000000025 (-15.323685670366705, 0.9931759411782266, 4.089546172780822)
3.3600000000000025 (-15.369071028564147, 0.9934315150254094, 4.099870979223571)
3.3800000000000026 (-15.43540564742593, 0.993851104875962, 4.094529793952424)
3.4000000000000026 (-15.52520520617881, 0.9944543470814499, 4.075222385328319)
3.4200000000000026 (-15.63968849258262, 0.9952578929590487, 4.044083366436683)
3.4400000000000026 (-15.778652297891124, 0.9962750107794252, 4.0033358240186825)
3.4600000000000026 (-15.940449463242047, 0.9975136844120621, 3.955051104210229)
3.4800000000000026 (-16.12201047120363, 0.9989723479238447, 3.9010617122771047)
3.5000000000000027 (-16.318825786127782, 1.0006332401523979, 3.8430224139654094)
3.5200000000000027 (-16.525093778126134, 1.0024565551373337, 3.7825891689255036)
3.5400000000000027 (-16.733787251730853, 1.0043782818409168, 3.7215325206401877)
3.5600000000000027 (-16.936363925441256, 1.0063111318233056, 3.6621994812811276)
3.5800000000000027 (-17.12370054646166, 1.0081632935581368, 3.6070964014723685)
3.6000000000000028 (-17.286478568715342, 1.009853619815644, 3.559109159844469)
3.6200000000000028 (-17.41602981800754, 1.0113252014146512, 3.5215823449924626)
3.640000000000003 (-17.505291321133733, 1.0125515902787976, 3.4983133102726884)
3.660000000000003 (-17.549655695868132, 1.0135370542049462, 3.4932733177672897)
3.680000000000003 (-17.547642381300523, 1.0143132092415679, 3.509873575146326)
3.700000000000003 (-17.500707127949507, 1.0149304595610207, 3.5502534560386003)
3.720000000000003 (-17.413058941706048, 1.0154446294283763, 3.6138589953335982)
3.740000000000003 (-17.291027149580387, 1.0158996413661747, 3.696858973103978)
3.760000000000003 (-17.14211992887144, 1.0163170640817352, 3.79259510196611)
3.780000000000003 (-16.97395641826734, 1.0166985012087983, 3.893156649796532)
3.800000000000003 (-16.793449438103735, 1.0170355418190766, 3.9911489764650745)
3.820000000000003 (-16.60648274912404, 1.017317809134052, 4.080682520535784)
3.840000000000003 (-16.41796703086807, 1.0175352739976502, 4.157279721927768)
3.860000000000003 (-16.231975729106342, 1.0176778335375403, 4.2174283558280115)
3.880000000000003 (-16.05180977486236, 1.0177354262316802, 4.258337788244144)
3.900000000000003 (-15.880052568103729, 1.0176993299165704, 4.277863960402103)
3.920000000000003 (-15.718620918705168, 1.0175642848629283, 4.274447746449276)
3.940000000000003 (-15.56876142904709, 1.0173312225569189, 4.247099569276252)
3.960000000000003 (-15.430992802646823, 1.0170099352501543, 4.195470352786592)
3.980000000000003 (-15.305014080523813, 1.0166207168041674, 4.1200053695832395)
4.000000000000003 (-15.189604822664624, 1.0161941560335734, 4.022181883700804)
4.020000000000002 (-15.06053673177418, 1.0159014767932764, 3.929527804782275)
4.040000000000002 (-14.886569552388213, 1.0161146977090696, 3.8799030036508717)
4.060000000000001 (-14.6985425831007, 1.016233756821858, 3.824247942247178)
4.080000000000001 (-14.516295276019857, 1.0163914380713086, 3.7797480129246073)
4.1000000000000005 (-14.338816136534692, 1.0166348238481664, 3.754846017340104)
4.12 (-14.184865952224111, 1.0170818983269632, 3.7784706838510806)
4.14 (-14.10022157574295, 1.0170104600069487, 3.8532445528365113)
4.159999999999999 (-14.028022272645792, 1.0176607015656198, 3.9119533474603276)
4.179999999999999 (-13.961021315160723, 1.018376329909958, 3.9682530329721284)
4.199999999999998 (-13.89958944953094, 1.0193230323880873, 4.033070576689467)
4.219999999999998 (-13.841692885008351, 1.0202408354487875, 4.105612319244343)
4.2399999999999975 (-13.78751202319874, 1.0210921499920294, 4.180466379513527)
4.259999999999997 (-13.73813420349548, 1.021856178609102, 4.2529645510271985)
4.279999999999997 (-13.695738708890978, 1.0224935364916947, 4.319400333041459)
4.299999999999996 (-13.66368046161093, 1.0229723662537702, 4.377235890434257)
4.319999999999996 (-13.646177865412525, 1.0232717293722513, 4.425361018832774)
4.339999999999995 (-13.64773125105928, 1.0233782470333896, 4.464170104969032)
4.359999999999995 (-13.672449642347745, 1.023284392574561, 4.495379124652827)
4.379999999999995 (-13.723466816130166, 1.0229869834035143, 4.521590237353286)
4.399999999999994 (-13.802573674600847, 1.0224849675046424, 4.545717083983847)
4.419999999999994 (-13.910095115554123, 1.0217770829947297, 4.570420816033709)
4.439999999999993 (-14.044945382968757, 1.020860651195515, 4.59767914055274)
4.459999999999993 (-14.204750334796147, 1.0197329570161706, 4.628555405210432)
4.479999999999992 (-14.385935275914267, 1.0183962013089443, 4.66317466101003)
4.499999999999992 (-14.583725656901539, 1.0168654773259571, 4.7008567797807865)
4.519999999999992 (-14.792075396323423, 1.0151766911732878, 4.740320642733306)
4.539999999999991 (-15.003537713696847, 1.0133893769163458, 4.779906843680542)
4.559999999999991 (-15.209567324845326, 1.0115779248539523, 4.817665480872422)
4.57999999999999 (-15.400531289857751, 1.0098155172573589, 4.851662917160689)
4.59999999999999 (-15.566407827443632, 1.0081533602510424, 4.880231578385651)
4.6199999999999894 (-15.697687826863115, 1.0066084868616767, 4.902418735751172)
4.639999999999989 (-15.786026200271738, 1.005162536144445, 4.918481838842058)
4.659999999999989 (-15.825377278807727, 1.0037670451945435, 4.929919450740146)
4.679999999999988 (-15.812690448367807, 1.0023533767044506, 4.939226052618851)
4.699999999999988 (-15.748415280368272, 1.0008465128578212, 4.948929931876831)
4.719999999999987 (-15.636713133919168, 0.999187390860441, 4.960366412756211)
4.739999999999987 (-15.485167977068457, 0.9973574043232918, 4.972819746543754)
4.7599999999999865 (-15.3037317955169, 0.9953878153114608, 4.983593062821914)
4.779999999999986 (-15.102977331224277, 0.9933446279868313, 4.989033017647388)
4.799999999999986 (-14.89249246239782, 0.9913026301652599, 4.985798935074688)
4.819999999999985 (-14.680176195996573, 0.9893284261681002, 4.971543950550942)
4.839999999999985 (-14.47239761761583, 0.9874775032306534, 4.944774083761402)
4.859999999999984 (-14.274346469091295, 0.9857967326561788, 4.904465664150683)
4.879999999999984 (-14.090209258545435, 0.9843254267335354, 4.849875231818993)
4.8999999999999835 (-13.923253166317643, 0.9830943304568954, 4.780496916835375)
4.919999999999983 (-13.775898927367267, 0.9821231968446563, 4.696027234655058)
4.939999999999983 (-13.64972855513015, 0.9814169037245877, 4.59634221384746)
4.959999999999982 (-13.545402654107594, 0.9809609750312558, 4.481524356231021)
4.979999999999982 (-13.462508243356792, 0.9807181552450541, 4.351943421372012)
4.999999999999981 (-13.39935905583804, 0.980627536975495, 4.208401377505037)
5.019999999999981 (-13.330338939794192, 0.9804101231344093, 4.0576972837428835)
5.0399999999999805 (-13.186006771848595, 0.9790688336483425, 3.9323379989133667)
5.05999999999998 (-13.031234001835495, 0.977293022595837, 3.7900187330566757)
5.07999999999998 (-12.879835329475734, 0.975579966420969, 3.652621871522911)
5.099999999999979 (-12.725395458610874, 0.9739066602516917, 3.5344680914092534)
5.119999999999979 (-12.573003289470494, 0.9725283843379858, 3.4972468876177114)
5.139999999999978 (-12.460074366972496, 0.971930781819442, 3.5162366696101737)
5.159999999999978 (-12.366355166644066, 0.9708693811604769, 3.5284145055871092)
5.1799999999999775 (-12.273017972337653, 0.9695549069246601, 3.544105124550522)
5.199999999999977 (-12.178460143099723, 0.9680960978119325, 3.5668117528812666)
5.219999999999977 (-12.085886102381107, 0.966511429481989, 3.5924571345238046)
5.239999999999976 (-11.998046790239425, 0.964953711415507, 3.617909355136184)
5.259999999999976 (-11.917926756555628, 0.9635496484535473, 3.641460562714564)
5.279999999999975 (-11.84914434508736, 0.962379293950634, 3.6627013391124668)
5.299999999999975 (-11.795642924310686, 0.961495185288036, 3.6825706234419653)
5.3199999999999745 (-11.761135046339161, 0.9609348075620769, 3.7032984269975096)
5.339999999999974 (-11.748589096134873, 0.9607265805755261, 3.7280838135114442)
5.359999999999974 (-11.75988338877198, 0.9608931956236009, 3.7605770191899106)
5.379999999999973 (-11.795680219822934, 0.961446642574381, 3.8043073720375795)
5.399999999999973 (-11.85550482246216, 0.9624070144894405, 3.8621805809170504)
5.419999999999972 (-11.937951786394596, 0.9637963940737817, 3.9361098782578545)
5.439999999999972 (-12.040917224515091, 0.965589595571314, 4.026795307292555)
5.4599999999999715 (-12.16175974837027, 0.9678536706733303, 4.133633618951733)
5.479999999999971 (-12.297342516702535, 0.9705906791035681, 4.254727438615026)
5.499999999999971 (-12.443935940823538, 0.973733006749545, 4.386932365471064)
5.51999999999997 (-12.597096857566697, 0.9772083932638197, 4.526025422432271)
5.53999999999997 (-12.751493273942875, 0.9809046239317761, 4.66679016998867)
5.559999999999969 (-12.900912275729102, 0.9846153767871955, 4.803145840918388)
5.579999999999969 (-13.038456124676042, 0.9881030786485561, 4.928544656404112)
5.599999999999969 (-13.156861061239319, 0.9912381053914647, 5.036495015214393)
5.619999999999968 (-13.248989691564066, 0.9939197194993501, 5.121396250833745)
5.639999999999968 (-13.308068410318693, 0.9960903038995892, 5.179225119730334)
5.659999999999967 (-13.328615029319817, 0.9977361776970631, 5.208072998486159)
5.679999999999967 (-13.307312302928333, 0.9988843501143574, 5.20837035839697)
5.699999999999966 (-13.243413975253699, 0.9995975057508432, 5.182319712820007)
5.719999999999966 (-13.139848384419068, 0.9999665257642782, 5.133049423351046)
5.739999999999966 (-13.003301976139074, 1.0000886417895791, 5.063855671905725)
5.759999999999965 (-12.843283728133615, 1.0000480859423737, 4.977688556440408)
5.779999999999965 (-12.67023577367842, 0.9999082681672492, 4.877049129620176)
5.799999999999964 (-12.49372659669647, 0.9997136085135999, 4.764153591724424)
5.819999999999964 (-12.321547584344891, 0.9994932532326121, 4.641113552920502)
5.839999999999963 (-12.159855028507357, 0.999264042605839, 4.509907530996434)
5.859999999999963 (-12.013590559328959, 0.9990328596459421, 4.372274552397825)
5.879999999999963 (-11.886702706620767, 0.9987993339806419, 4.229660738229404)
5.899999999999962 (-11.782236482878599, 0.998559694035531, 4.083228642095532)
5.919999999999962 (-11.702404683430883, 0.9983120372527189, 3.933867101458741)
5.939999999999961 (-11.648594673506738, 0.9980622501877152, 3.782180442868551)
5.959999999999961 (-11.621277507605324, 0.9978289054829116, 3.6284736624507765)
5.9799999999999605 (-11.619832675621446, 0.9976452192050544, 3.4727474612200946)
5.99999999999996 (-11.642301170748167, 0.9975564621972726, 3.3147237066362183)
6.01999999999996 (-11.653116491534162, 0.9975948968651731, 3.1462610728277594)
6.039999999999959 (-11.605193291253984, 0.9980791995480768, 2.9575997815273416)
6.059999999999959 (-11.556880376324168, 0.9987334906232825, 2.753739301767304)
6.079999999999958 (-11.501736502551903, 0.9990981770269776, 2.5591879859075233)
6.099999999999958 (-11.432803428199602, 0.9994920293678945, 2.3764099488599757)
6.1199999999999575 (-11.333558989242304, 0.9997959444059589, 2.2347651517596367)
6.139999999999957 (-11.223940627117367, 0.9993039804350026, 2.1723894837943916)
6.159999999999957 (-11.134675404899912, 0.9990282289599003, 2.12002017338885)
6.179999999999956 (-11.047204391443021, 0.9990897730403052, 2.067892406711935)
6.199999999999956 (-10.952277992511501, 0.9992361144468973, 2.0210889605590068)
6.219999999999955 (-10.85476015840438, 0.9994845814207581, 1.97828631924894)
6.239999999999955 (-10.759610866039884, 0.9997484640004837, 1.9380204592058807)
6.2599999999999545 (-10.670907242358123, 0.9999501420218473, 1.900255937501521)
6.279999999999954 (-10.592442685604585, 1.000054289135936, 1.8665647935497003)
6.299999999999954 (-10.527531681726707, 1.0000455464158338, 1.8399978702256263)
6.319999999999953 (-10.478495413290059, 0.9999109423453132, 1.8247212961907275)
6.339999999999953 (-10.446327886478313, 0.9996328939891114, 1.8254170841761634)
6.359999999999952 (-10.430675133550695, 0.9991878145049314, 1.8465776461616352)
6.379999999999952 (-10.430084192523813, 0.9985470065405436, 1.8918741723064374)
6.3999999999999515 (-10.44241495291274, 0.9976590186295584, 1.96372402430151)
6.419999999999951 (-10.465288071959728, 0.9964881121462431, 2.063083119879867)
6.439999999999951 (-10.496456150816366, 0.9950202922660232, 2.18940819098774)
6.45999999999995 (-10.5340176940855, 0.9932177857604122, 2.3407063670634125)
6.47999999999995 (-10.576446839930815, 0.9911245416425994, 2.5135977852787392)
6.499999999999949 (-10.622450011639787, 0.9887636127523047, 2.703393742790168)
6.519999999999949 (-10.670773204864934, 0.9861647277177804, 2.9039389618808005)
6.5399999999999485 (-10.720001460318668, 0.9834229208090333, 3.107673907283098)
6.559999999999948 (-10.768497732641169, 0.9806849877572668, 3.3059698535203905)
6.579999999999948 (-10.814193568409294, 0.9780821362514313, 3.489186130160412)
6.599999999999947 (-10.854653272239727, 0.9757011959687184, 3.6474243495565135)
6.619999999999947 (-10.887022207677408, 0.9735790552488486, 3.7715551443217477)
6.639999999999946 (-10.90778810423641, 0.9717024917867447, 3.8539585062973893)
6.659999999999946 (-10.913256919843018, 0.9700117677135179, 3.8896177749069376)
6.6799999999999455 (-10.900014991543477, 0.9684113413917765, 3.8766616811088324)
6.699999999999945 (-10.866003361215544, 0.9667912095265115, 3.816445119181392)
6.719999999999945 (-10.811719774791328, 0.9650615035472643, 3.7132606571394824)
6.739999999999944 (-10.740885336721993, 0.9631882274848763, 3.573741241544288)
6.759999999999944 (-10.659963521533395, 0.9612060045103663, 3.405919663990611)
6.779999999999943 (-10.576526854970409, 0.959196397594137, 3.2180302205919524)
6.799999999999943 (-10.49745522177095, 0.9572516716906876, 3.0175344260456254)
6.8199999999999426 (-10.428034202017706, 0.9554518054499811, 2.81073877125495)
6.839999999999942 (-10.372149136802845, 0.9538619990075191, 2.6028818648037655)
6.859999999999942 (-10.332776168416453, 0.9525373966233525, 2.3983010748612537)
6.879999999999941 (-10.312229215089245, 0.9515247813017225, 2.2005239701509356)
6.899999999999941 (-10.312234392681773, 0.9508608231669329, 2.012328390106375)
6.91999999999994 (-10.333987893952449, 0.9505686377934053, 1.835792980716214)
6.93999999999994 (-10.378180118825993, 0.9506529866210169, 1.672297050924384)
6.95999999999994 (-10.444939764957416, 0.951094993846927, 1.5224568935163898)
6.979999999999939 (-10.533702687620586, 0.9518483242178315, 1.3860192089619283)
6.999999999999939 (-10.643006850934336, 0.952838440523791, 1.2617353842354186)
7.019999999999938 (-10.756736203825325, 0.9537634328233683, 1.1283296769558435)
7.039999999999938 (-10.819654089140418, 0.9531412940000857, 0.9342503156736284)
7.059999999999937 (-10.895493162032244, 0.9524878695326023, 0.7243929923106656)
7.079999999999937 (-10.968886781822887, 0.9520668788396459, 0.5192766749190353)
7.099999999999937 (-11.024441342524746, 0.9515643685211712, 0.3182469054133006)
7.119999999999936 (-11.00890231504346, 0.9508833421963004, 0.148001253141596)
7.139999999999936 (-10.959052583888186, 0.9505493860234023, 0.0312794635367817)
7.159999999999935 (-10.918064389556989, 0.9498247955794463, -0.07057771041108331)
7.179999999999935 (-10.876770909497292, 0.9482513899685523, -0.16983482597919733)
7.1999999999999345 (-10.830779289169776, 0.9466521064602349, -0.2671808854435715)
7.219999999999934 (-10.783132362913355, 0.9450597876263687, -0.36094107856516167)
7.239999999999934 (-10.737121228910329, 0.9434678902776699, -0.44924437981585325)
7.259999999999933 (-10.695342202183078, 0.9419984175158759, -0.5295679432048254)
7.279999999999933 (-10.659402865357109, 0.9407514562097785, -0.5985212942444464)
7.299999999999932 (-10.62963682423901, 0.9397861070944974, -0.652093182877596)
7.319999999999932 (-10.605067869701125, 0.9391345729564752, -0.6861456893591267)
7.3399999999999315 (-10.58359046297293, 0.9388124847987243, -0.6969832377567993)
7.359999999999931 (-10.562350502504476, 0.938826093122046, -0.6818281426139273)
7.379999999999931 (-10.538237131560171, 0.939178640491617, -0.6391011824740115)
7.39999999999993 (-10.508370179468766, 0.9398693549992945, -0.5684929880646868)
7.41999999999993 (-10.470501205241762, 0.940904658862665, -0.4708801627373765)
7.439999999999929 (-10.423290563767187, 0.9423208202604669, -0.34818330936313363)
7.459999999999929 (-10.366444991811699, 0.9441193148749782, -0.2032465225100735)
7.4799999999999285 (-10.300727043115371, 0.9462792931973883, -0.03980339355763018)
7.499999999999928 (-10.227901635540892, 0.9487467350778295, 0.13743328028854057)
7.519999999999928 (-10.15050670561298, 0.9514581237469548, 0.322765094031067)
7.539999999999927 (-10.071728991017446, 0.9543173689708533, 0.5093407858053804)
7.559999999999927 (-9.995325708758493, 0.9571883248457429, 0.6892167278212912)
7.579999999999926 (-9.92527252232763, 0.9599375968386371, 0.8537207505707749)
7.599999999999926 (-9.865335052120683, 0.9624456089449006, 0.9939180030105018)
7.6199999999999255 (-9.818508750407824, 0.9646207969817591, 1.1012590173997778)
7.639999999999925 (-9.786452193043651, 0.9664052943964587, 1.1683114966331267)
7.659999999999925 (-9.769184076613783, 0.9677734957875348, 1.1894602103726843)
7.679999999999924 (-9.765283732829843, 0.968734454487118, 1.1619319909533525)
7.699999999999924 (-9.772529563642731, 0.9693291233147896, 1.0858949614630495)
7.719999999999923 (-9.789046343658418, 0.9696312018257774, 0.9652839929403709)
7.739999999999923 (-9.813985624543186, 0.9697309487175232, 0.8075938470257445)
7.7599999999999225 (-9.84767775019155, 0.9697176223447155, 0.6227863565277689)
7.779999999999922 (-9.89111193041136, 0.9696670603043125, 0.42146862972979077)
7.799999999999922 (-9.945228417601884, 0.9696366488287356, 0.21328882801871932)
7.819999999999921 (-10.010497755960674, 0.9696647603525615, 0.006191595162054024)
7.839999999999921 (-10.087012430910606, 0.9697739719657061, -0.1934409537338909)
7.85999999999992 (-10.174716928628294, 0.969975028103574, -0.38043997507876126)
7.87999999999992 (-10.273518382217203, 0.9702703124341984, -0.5506631654980482)
7.8999999999999195 (-10.383305130801022, 0.9706577745370278, -0.7009081081547491)
7.919999999999919 (-10.50395879117993, 0.9711361235830583, -0.8288473443503633)
7.939999999999919 (-10.635364032875403, 0.9717105000832835, -0.9330284529218722)
7.959999999999918 (-10.777391424942055, 0.972396886570321, -1.012966511964509)
7.979999999999918 (-10.929844867635778, 0.9732234452765754, -1.0693118405039328)
7.999999999999917 (-11.09235924410603, 0.974227235457694, -1.1040739828786015)
8.019999999999918 (-11.26357981714992, 0.9753962687345662, -1.1578182831877504)
8.039999999999917 (-11.43618091417962, 0.9769763769144452, -1.2708854999806398)
8.059999999999917 (-11.62275483494544, 0.9788572603182202, -1.3867544926537096)
8.079999999999917 (-11.798462033971704, 0.9803654465741686, -1.5064204314830045)
8.099999999999916 (-11.959272089565472, 0.9817039273330794, -1.6357354616247322)
8.119999999999916 (-12.073604087982519, 0.9824347738969389, -1.7808311722270738)
8.139999999999915 (-12.115096201103823, 0.9820626043555393, -1.9133889909273498)
8.159999999999915 (-12.151754410709076, 0.9822701010459117, -2.0261319350178413)
8.179999999999914 (-12.188040196246568, 0.9830601187214111, -2.1362244226617193)
8.199999999999914 (-12.219718226471066, 0.9839142783538122, -2.24877257477839)
8.219999999999914 (-12.247195070294142, 0.9846771719285308, -2.3614894645221303)
8.239999999999913 (-12.27219871801555, 0.9854082304124392, -2.4704512660273026)
8.259999999999913 (-12.295560102746945, 0.9860595976709126, -2.5716065870628864)
8.279999999999912 (-12.316758308031766, 0.9865684199634728, -2.660725118794113)
8.299999999999912 (-12.333709677219419, 0.9868869369079282, -2.7338608740363366)
8.319999999999911 (-12.343022600635669, 0.9869731864637912, -2.7878250116131307)
8.339999999999911 (-12.34049947435293, 0.9867849272827834, -2.8205655962922616)
8.35999999999991 (-12.321909254912704, 0.9862814506884231, -2.8314166491601753)
8.37999999999991 (-12.283498360386975, 0.9854252153405356, -2.8209619004201083)
8.39999999999991 (-12.22253002941441, 0.9841661605777009, -2.790725236582472)
8.41999999999991 (-12.137601066957428, 0.9824716023741688, -2.742846987209459)
8.439999999999909 (-12.028750740246027, 0.9803721467839553, -2.679749530466168)
8.459999999999908 (-11.897477332128542, 0.9778500815510851, -2.603923737137117)
8.479999999999908 (-11.746701198304455, 0.9748441195601089, -2.517883735051176)
8.499999999999908 (-11.58070208709476, 0.971495589232988, -2.424271135600864)
8.519999999999907 (-11.40511911373538, 0.9679735662409911, -2.3260506756180046)
8.539999999999907 (-11.226866586621366, 0.964381101848612, -2.226667601010483)
8.559999999999906 (-11.053946747282627, 0.960861995938727, -2.1301359672774085)
8.579999999999906 (-10.895106352951068, 0.9575520327060434, -2.04099456500529)
8.599999999999905 (-10.75916727808865, 0.9545506564250753, -1.9641679847428515)
8.619999999999905 (-10.654145326901775, 0.9519416784875435, -1.9047932152149)
8.639999999999905 (-10.586287951883653, 0.949749225890739, -1.868001762158703)
8.659999999999904 (-10.559290114179564, 0.9478913478358775, -1.8585167550103194)
8.679999999999904 (-10.573958285429882, 0.946242531727912, -1.8799218211307651)
8.699999999999903 (-10.628403057029374, 0.9446629840347645, -1.933618102449214)
8.719999999999903 (-10.718615807274238, 0.9430407527269488, -2.017785203681011)
8.739999999999903 (-10.839202296942705, 0.9413311621737026, -2.126953000116035)
8.759999999999902 (-10.984156592666242, 0.9395679917662825, -2.252755240111176)
8.779999999999902 (-11.147580998291218, 0.9378364503542297, -2.3858114906664967)
8.799999999999901 (-11.324141174628231, 0.9362318004614423, -2.517646536785843)
8.8199999999999 (-11.509195292053594, 0.9348338912625495, -2.6415941979699906)
8.8399999999999 (-11.698765987308754, 0.9337050513379161, -2.752573304365586)
8.8599999999999 (-11.889511964153277, 0.9328961600142097, -2.846594173697424)
8.8799999999999 (-12.0786997528221, 0.9324493870139466, -2.92051114512318)
8.899999999999899 (-12.264164401423773, 0.9323970119226095, -2.9719369669582)
8.919999999999899 (-12.444277930432234, 0.9327582249128384, -2.99917892780245)
8.939999999999898 (-12.61795571319079, 0.9335343923133841, -3.0012210571087774)
8.959999999999898 (-12.784702155669832, 0.9347036003674642, -2.977798992652022)
8.979999999999897 (-12.944677244098976, 0.9362164450441386, -2.9295574934494937)
8.999999999999897 (-13.09876148990258, 0.9379947587968656, -2.8582825673209635)
9.019999999999897 (-13.265169438641374, 0.9332650277011892, -2.7915379710427843)
9.039999999999896 (-13.472499592673755, 0.9380958613615445, -2.773598609719125)
9.059999999999896 (-13.695571566289688, 0.9417189546694538, -2.7507705950412005)
9.079999999999895 (-13.91290425168727, 0.943596869350619, -2.7360448287687826)
9.099999999999895 (-14.124402421444207, 0.9441321552451406, -2.7372018874712833)
9.119999999999894 (-14.310111031927551, 0.943342328396298, -2.7774131428127764)
9.139999999999894 (-14.426144926252077, 0.9420718379569007, -2.857183525252236)
9.159999999999894 (-14.524050221141588, 0.9408122953461855, -2.9244317997723663)
9.179999999999893 (-14.61893664593222, 0.9395798896370664, -2.99318405784206)
9.199999999999893 (-14.711752942458629, 0.938336530410848, -3.0673454409707066)
9.219999999999892 (-14.802484531298413, 0.9371185046630317, -3.142639740036026)
9.239999999999892 (-14.89032325107244, 0.9359836718126503, -3.2149479642843244)
9.259999999999891 (-14.973268395862984, 0.9349700663417927, -3.280936494449497)
9.279999999999891 (-15.047995820870266, 0.9341032288064364, -3.3380280243810523)
9.29999999999989 (-15.110127122854944, 0.9334125740736409, -3.384736736999403)
9.31999999999989 (-15.154783157322212, 0.9328879488217107, -3.4209690200149296)
9.33999999999989 (-15.177267965870335, 0.9325529231235506, -3.448024221970372)
9.35999999999989 (-15.173703241280682, 0.9323757621921337, -3.468284013411071)
9.379999999999889 (-15.141468477773874, 0.9323570133378273, -3.4847087171658435)
9.399999999999888 (-15.079386531813512, 0.9325206589157189, -3.5002832112625746)
9.419999999999888 (-14.987697464429656, 0.9328324654654224, -3.517536754714974)
9.439999999999888 (-14.867926795119619, 0.9332659544214162, -3.5382219552084853)
9.459999999999887 (-14.722752474170006, 0.9338311176612962, -3.563173997654694)
9.479999999999887 (-14.555945300965659, 0.9344883752187484, -3.592342695856356)
9.499999999999886 (-14.37241239510796, 0.9352735543902069, -3.624946146914174)
9.519999999999886 (-14.178302142377877, 0.9362310498936652, -3.6596586103250597)
9.539999999999885 (-13.980928441692813, 0.9373327974248999, -3.694723635168853)
9.559999999999885 (-13.78927578260086, 0.9385631177858448, -3.728282090672126)
9.579999999999885 (-13.612966061357513, 0.9398840395695768, -3.758356017828968)
9.599999999999884 (-13.461914809312619, 0.9412296905856766, -3.7832905219001707)
9.619999999999884 (-13.345666499092356, 0.9425120777543122, -3.8020722822790765)
9.639999999999883 (-13.27237111066506, 0.943622490621553, -3.814799311371334)
9.659999999999883 (-13.247916289559445, 0.9444374246221682, -3.8228564718753617)
9.679999999999882 (-13.275213308176198, 0.9449168902970282, -3.8285473266834593)
9.699999999999882 (-13.353690053354262, 0.9449209872978539, -3.834145111058908)
9.719999999999882 (-13.479090507691286, 0.9443569866977719, -3.840718755448862)
9.739999999999881 (-13.643780160448548, 0.9433261791335777, -3.847357054485525)
9.75999999999988 (-13.837831880617541, 0.9419795275988316, -3.8512951116762215)
9.77999999999988 (-14.05078344943743, 0.9404849394186539, -3.8489555331434953)
9.79999999999988 (-14.273194904255863, 0.938993448528449, -3.837155509691173)
9.81999999999988 (-14.49730630765602, 0.9376236105029756, -3.8137093028047864)
9.839999999999879 (-14.716862843060053, 0.9364662264978321, -3.7772515109903977)
9.859999999999879 (-14.926782141883491, 0.9355931509036689, -3.7268654188190777)
9.879999999999878 (-15.122975039467404, 0.9350614156998485, -3.6619107786510714)
9.899999999999878 (-15.30226078884878, 0.9349145740019018, -3.5819801524939945)
9.919999999999877 (-15.462304190396466, 0.9351838864777059, -3.4868674039783087)
9.939999999999877 (-15.601607938556084, 0.935889176069304, -3.3765467782361576)
9.959999999999877 (-15.71959393457236, 0.9370386717020323, -3.2511975301273326)
9.979999999999876 (-15.816752976563121, 0.9386279711859277, -3.1112774605754483)
9.999999999999876 (-15.894840646593877, 0.9406379645790203, -2.957652407683418)
