0.0 (-24.75, 1.0, 0.0)
0.02 (-24.739279555257955, 1.0, -0.2041229696785951)
0.04 (-24.649282957278153, 1.0, -0.6155354825541075)
0.06 (-24.375216418559035, 1.0, -1.129154340682418)
0.08 (-23.837038601903917, 1.0, -1.6161059016655557)
0.1 (-23.05464652919688, 1.0, -1.9722932404051448)
0.12000000000000001 (-22.12451930309083, 1.0, -2.188152866654216)
0.14 (-21.13013691206104, 1.0, -2.3010844173759084)
0.16 (-20.120486982044696, 1.0, -2.3214625528560338)
0.18 (-19.13668151284666, 1.0, -2.244412430070847)
0.19999999999999998 (-18.215823228977147, 1.0, -2.085872278180012)
0.21999999999999997 (-17.382703412312566, 1.0, -1.8757949293570066)
0.23999999999999996 (-16.651911653853677, 1.0, -1.641700594911077)
0.25999999999999995 (-16.030830008432485, 1.0, -1.4076404196486998)
0.27999999999999997 (-15.520547254186367, 1.0, -1.1956950170841558)
0.3 (-15.11766085779832, 1.0, -1.0247417040322546)
0.32 (-14.816683430217571, 1.0, -0.9092714427532184)
0.34 (-14.612256826559944, 1.0, -0.8591207574556576)
0.36000000000000004 (-14.502905193091864, 1.0, -0.877178911322277)
0.38000000000000006 (-14.493211412289707, 1.0, -0.9565768948855018)
0.4000000000000001 (-14.580944795195043, 1.0, -1.0999446327758435)
0.4200000000000001 (-14.763759130101763, 1.0, -1.3084581269697735)
0.4400000000000001 (-15.0423796844457, 1.0, -1.5711091682892904)
0.46000000000000013 (-15.417242664941792, 1.0, -1.8669778285030263)
0.48000000000000015 (-15.884214792245928, 1.0, -2.1704168810929008)
0.5000000000000001 (-16.432359310466808, 1.0, -2.4565257140701466)
0.5200000000000001 (-17.044352396970538, 1.0, -2.7053440595777327)
0.5400000000000001 (-17.69873655435719, 1.0, -2.9042274835683592)
0.5600000000000002 (-18.372833124302954, 1.0, -3.0483817508229527)
0.5800000000000002 (-19.04521479368721, 1.0, -3.1397765808406386)
0.6000000000000002 (-19.69706518507428, 1.0, -3.1851489360976184)
0.6200000000000002 (-20.31240147052633, 1.0, -3.1938731985337427)
0.6400000000000002 (-20.877579430999806, 1.0, -3.1764739136817357)
0.6600000000000003 (-21.38075318303289, 1.0, -3.143927280861208)
0.6800000000000003 (-21.811659496138333, 1.0, -3.107279846234569)
0.7000000000000003 (-22.16167606455197, 1.0, -3.0773475998369304)
0.7200000000000003 (-22.423908076536538, 1.0, -3.06424824969922)
0.7400000000000003 (-22.59318344711763, 1.0, -3.0766219659336755)
0.7600000000000003 (-22.665755932715907, 1.0, -3.1205927342988558)
0.7800000000000004 (-22.638774194669274, 1.0, -3.1984747426345863)
0.8000000000000004 (-22.50978341256358, 1.0, -3.3074496516730156)
0.8200000000000004 (-22.27678088539077, 1.0, -3.438712466152899)
0.8400000000000004 (-21.939224399216602, 1.0, -3.577764042680553)
0.8600000000000004 (-21.49976100592621, 1.0, -3.7063647904342667)
0.8800000000000004 (-20.965615858657976, 1.0, -3.805658978171508)
0.9000000000000005 (-20.348704352407243, 1.0, -3.859033414128339)
0.9200000000000005 (-19.664640790991694, 1.0, -3.853607116119586)
0.9400000000000005 (-18.93151056827118, 1.0, -3.780534506557181)
0.9600000000000005 (-18.16891586815371, 1.0, -3.6348866560284208)
0.9800000000000005 (-17.397282276086727, 1.0, -3.415526786749147)
1.0000000000000004 (-16.637275613696985, 1.0, -3.125052844402016)
1.0200000000000005 (-15.90919569156101, 1.0, -2.7698145546713793)
1.0400000000000005 (-15.232221155067778, 1.0, -2.359969429968779)
1.0600000000000005 (-14.623428064054298, 1.0, -1.9094395594321494)
1.0800000000000005 (-14.096512312952886, 1.0, -1.4356348763604287)
1.1000000000000005 (-13.864422748950204, 1.0, -1.2546539947281397)
1.1200000000000006 (-13.756291249160034, 1.0, -1.238814888754856)
1.1400000000000006 (-13.710010196845982, 1.0, -1.2096428885490378)
1.1600000000000006 (-13.76137534925349, 1.001314165081322, -1.2804208897423257)
1.1800000000000006 (-13.894992700122707, 1.0028808566199179, -1.2839174514280716)
1.2000000000000006 (-14.072338901082343, 1.004342871789593, -1.2424459441080387)
1.2200000000000006 (-14.280701382212975, 1.0054520366887536, -1.2027787193632937)
1.2400000000000007 (-14.522752807629509, 1.0062351156492233, -1.184882748026231)
1.2600000000000007 (-14.802304391694108, 1.0069244454902186, -1.2018830739247646)
1.2800000000000007 (-15.123586439296885, 1.0076024516007582, -1.2625713400444876)
1.3000000000000007 (-15.491985940146469, 1.0082583470352, -1.3694392761262617)
1.3200000000000007 (-15.913850001315405, 1.0088860218202953, -1.5173552596750188)
1.3400000000000007 (-16.39482709890124, 1.0094214590382935, -1.693792795204768)
1.3600000000000008 (-16.93736503974571, 1.009773857288719, -1.880574661316637)
1.3800000000000008 (-17.538513738244664, 1.0098627585677995, -2.056963337889755)
1.4000000000000008 (-18.189093610832373, 1.009635172341656, -2.2033883511356223)
1.4200000000000008 (-18.874574228836302, 1.0090710343493512, -2.3046415206979023)
1.4400000000000008 (-19.577093598599856, 1.0081821540879847, -2.3516330152188067)
1.4600000000000009 (-20.277631967894635, 1.007006621194891, -2.341582019162563)
1.4800000000000009 (-20.957616644538845, 1.0056013033159654, -2.27718481784353)
1.5000000000000009 (-21.599811617038668, 1.0040350976470973, -2.165494640807754)
1.520000000000001 (-22.188806639577606, 1.002383701450098, -2.017012911242714)
1.540000000000001 (-22.711541419175305, 1.0007245526917572, -1.84507660241689)
1.560000000000001 (-23.158083993071738, 0.9991300344608208, -1.6652932072534734)
1.580000000000001 (-23.52250670357027, 0.997659238698785, -1.4947295137876528)
1.600000000000001 (-23.803236591128886, 0.9963502929789889, -1.3507699991438873)
1.620000000000001 (-24.003178330829343, 0.9952143998203391, -1.2490993901988483)
1.640000000000001 (-24.1280579320541, 0.9942371433952295, -1.2027685300662527)
1.660000000000001 (-24.184143675532727, 0.9933816833853757, -1.221074403899023)
1.680000000000001 (-24.17574802934732, 0.9925961497307475, -1.3086435519834205)
1.700000000000001 (-24.102722613467417, 0.9918271906613374, -1.464719744256218)
1.720000000000001 (-23.959278450596248, 0.9910383142843474, -1.6823779194318536)
1.740000000000001 (-23.7353036519927, 0.9902263350012827, -1.9480967337325317)
1.7600000000000011 (-23.420263300886226, 0.989425584348649, -2.2426744463722055)
1.7800000000000011 (-23.0076408334222, 0.9886955172792564, -2.5440151103949553)
1.8000000000000012 (-22.4973594835852, 0.988100270266929, -2.830584282299324)
1.8200000000000012 (-21.89519111800407, 0.9876937916846691, -3.083595070201465)
1.8400000000000012 (-21.210995430029236, 0.9875153958791297, -3.287320456924375)
1.8600000000000012 (-20.457511234184718, 0.987590365732192, -3.428820587645254)
1.8800000000000012 (-19.6497647383394, 0.9879313614770469, -3.497860694314943)
1.9000000000000012 (-18.80466799848736, 0.9885397802170814, -3.4869999755968544)
1.9200000000000013 (-17.940654735869952, 0.9894071683587334, -3.391669713305463)
1.9400000000000013 (-17.07736012464948, 0.9905159597692704, -3.2103672567789303)
1.9600000000000013 (-16.23522669096946, 0.9918396047555627, -2.9449574410119044)
1.9800000000000013 (-15.434952422338075, 0.9933421313979295, -2.6010779597916533)
2.0000000000000013 (-14.696673798968988, 0.9949775037195387, -2.188559592029574)
2.0200000000000014 (-14.288055066156113, 0.9962477067942701, -1.9157479657745906)
2.0400000000000014 (-14.218834310334604, 0.9965872003394299, -1.9174194144003445)
2.0600000000000014 (-14.191622660812838, 0.996975375690086, -1.882295831346231)
2.0800000000000014 (-14.168999161030301, 0.9976708308510489, -1.761957289660543)
2.1000000000000014 (-14.146116195554454, 0.9984865712627058, -1.5907769383840866)
2.1200000000000014 (-14.134227846598888, 0.9993070127587396, -1.3760273902010411)
2.1400000000000015 (-14.19650857052921, 0.9995888376870863, -1.1942582382431441)
2.1600000000000015 (-14.321327495831698, 0.9998838308443646, -1.0384483629617611)
2.1800000000000015 (-14.47945852510719, 1.000307753895533, -0.8903672565287836)
2.2000000000000015 (-14.668859646562458, 1.0008253231071924, -0.7722376819064816)
2.2200000000000015 (-14.894116087554348, 1.001442211199054, -0.6913670136544048)
2.2400000000000015 (-15.160112294431384, 1.0021492441043298, -0.6511636639514634)
2.2600000000000016 (-15.472089325384907, 1.0029324091410956, -0.6517642981794737)
2.2800000000000016 (-15.835718985034944, 1.0037905289402733, -0.6878476179358478)
2.3000000000000016 (-16.256046030791627, 1.0047423934469426, -0.7484837593504772)
2.3200000000000016 (-16.735694615147615, 1.00582520798657, -0.8183258007758166)
2.3400000000000016 (-17.27319821554374, 1.0070884004692917, -0.8796233011421237)
2.3600000000000017 (-17.862093181507245, 1.0085846280171116, -0.9149214854922568)
2.3800000000000017 (-18.49121298935735, 1.0103612012980894, -0.9096823668629779)
2.4000000000000017 (-19.146002985997576, 1.0124538584092435, -0.8540935464186046)
2.4200000000000017 (-19.81025227492472, 1.014882984813964, -0.7437443991698778)
2.4400000000000017 (-20.46762649614127, 1.0176508459190663, -0.5793413743582646)
2.4600000000000017 (-21.102675707512464, 1.020737541446242, -0.36591094746749403)
2.4800000000000018 (-21.70134214288517, 1.0240937805948414, -0.11193771964904682)
2.5000000000000018 (-22.251230959858503, 1.0276312152859983, 0.1713012744289713)
2.520000000000002 (-22.741958625522933, 1.031215889206404, 0.4701977357421365)
2.540000000000002 (-23.165750909326185, 1.0346742411517404, 0.7692522535361908)
2.560000000000002 (-23.51819163342182, 1.0378183719904528, 1.0517958619537502)
2.580000000000002 (-23.798865266425295, 1.0404853141484103, 1.3010244822557537)
2.600000000000002 (-24.011330675429285, 1.0425702260032335, 1.501311659388555)
2.620000000000002 (-24.162240605643802, 1.0440364927077344, 1.6394515781322012)
2.640000000000002 (-24.259684375778058, 1.0449038802029296, 1.7055386292849384)
2.660000000000002 (-24.31095474606554, 1.045227392584654, 1.6935634686774603)
2.680000000000002 (-24.319689778816844, 1.045071901489632, 1.6006052057847024)
2.700000000000002 (-24.28408445325646, 1.0444954013288035, 1.4279519795734181)
2.720000000000002 (-24.196024229688856, 1.0435352104675375, 1.1812096110129184)
2.740000000000002 (-24.042537824159236, 1.0422057932012585, 0.8708398379755948)
2.760000000000002 (-23.80963206551802, 1.0405101435744397, 0.5120759188848061)
2.780000000000002 (-23.486708797121114, 1.0384579847974462, 0.12352003588531882)
2.800000000000002 (-23.068924736250363, 1.036078084765919, -0.2753988527005082)
2.820000000000002 (-22.5570757113549, 1.0334183698387125, -0.6661834519251181)
2.840000000000002 (-21.956303618190987, 1.0305387218015303, -1.0319191542036772)
2.860000000000002 (-21.27512421177214, 1.0275046342442793, -1.3574405130845733)
2.880000000000002 (-20.52490226542984, 1.0243826112677794, -1.629479837099397)
2.900000000000002 (-19.719504275247438, 1.0212363589214144, -1.836884252403616)
2.920000000000002 (-18.874981307446077, 1.0181236307686599, -1.9707981864643436)
2.940000000000002 (-18.009202986043835, 1.0150944449711123, -2.024848348699234)
2.960000000000002 (-17.14165697215375, 1.0121914332781616, -1.995635950826667)
2.980000000000002 (-16.293062263493614, 1.009451120502382, -1.8832425256359253)
3.000000000000002 (-15.48465327210876, 1.006905909553148, -1.6918169739335245)
3.0200000000000022 (-15.031063264469493, 1.005349387565486, -1.541451099984714)
3.0400000000000023 (-15.00327236067273, 1.0052924519822861, -1.5581413015114935)
3.0600000000000023 (-15.017672687051707, 1.0053268983534975, -1.5457665544560648)
3.0800000000000023 (-15.011706702301177, 1.0051519137914913, -1.4469640327776356)
3.1000000000000023 (-14.983083808298572, 1.0048767298796417, -1.2947299878534697)
3.1200000000000023 (-14.945879440198198, 1.00382326671076, -1.0902519738053507)
3.1400000000000023 (-14.924230618704103, 1.0036795270326588, -0.8406985883543161)
3.1600000000000024 (-14.942424713795566, 1.004681531733027, -0.5904401899837187)
3.1800000000000024 (-15.008537953167055, 1.0058031312771714, -0.3680467485835898)
3.2000000000000024 (-15.128105958104436, 1.0067498356157698, -0.1815138145835241)
3.2200000000000024 (-15.303628563461771, 1.007576855186516, -0.030301405557664515)
3.2400000000000024 (-15.538294379680806, 1.0084204303282303, 0.09165592730310974)
3.2600000000000025 (-15.834740341447551, 1.0093688783213546, 0.19337519740388237)
3.2800000000000025 (-16.194220445542705, 1.0104643744406219, 0.2869070940179763)
3.3000000000000025 (-16.615282236998972, 1.0117096131068763, 0.3869205616069773)
3.3200000000000025 (-17.09261018173234, 1.0130681617614348, 0.509293570352547)
3.3400000000000025 (-17.61657643954297, 1.0144703520948681, 0.6689413675175007)
3.3600000000000025 (-18.17375100084345, 1.0158246966972635, 0.8775887956767835)
3.3800000000000026 (-18.74819701887344, 1.017030118463188, 1.1422162493227703)
3.4000000000000026 (-19.323125984200686, 1.0179856240860659, 1.4644448853909782)
3.4200000000000026 (-19.882456341017228, 1.0185971347216574, 1.840751289494835)
3.4400000000000026 (-20.41196048691521, 1.018783694722917, 2.263224223267239)
3.4600000000000026 (-20.8999173822503, 1.0184863273346283, 2.7205265493506143)
3.4800000000000026 (-21.337374422680675, 1.0176814813213197, 3.198806382971971)
3.5000000000000027 (-21.718217012144738, 1.0163976397606973, 3.6824496159263647)
3.5200000000000027 (-22.039262534431693, 1.0147285197006997, 4.15472093920805)
3.5400000000000027 (-22.300603593055907, 1.0128324549975118, 4.598501679319023)
3.5600000000000027 (-22.505837185976965, 1.0109078959684807, 4.997167321153647)
3.5800000000000027 (-22.661860619668317, 1.009151269567405, 5.335574565291113)
3.6000000000000028 (-22.778376173187464, 1.0077137421477262, 5.601358772829386)
3.6200000000000028 (-22.866626933226016, 1.0066818602770837, 5.785461417022173)
3.640000000000003 (-22.937485303762728, 1.0060799559074864, 5.882216466756938)
3.660000000000003 (-22.99926403376537, 1.005880248039536, 5.888961920435905)
3.680000000000003 (-23.055575204033648, 1.006016409072037, 5.804212118552566)
3.700000000000003 (-23.103395001864047, 1.0063933671134537, 5.628057067978725)
3.720000000000003 (-23.13232337288328, 1.0069044886461247, 5.362045588598218)
3.740000000000003 (-23.12565968645604, 1.0074488275741953, 5.010345958376672)
3.760000000000003 (-23.063835598684303, 1.0079433609697546, 4.5812862870187105)
3.780000000000003 (-22.929002267811658, 1.0083263001659202, 4.087897203999769)
3.800000000000003 (-22.708352514167785, 1.0085526255975161, 3.5465811736857513)
3.820000000000003 (-22.394913119382686, 1.008588886956366, 2.9753422867216015)
3.840000000000003 (-21.986672178861422, 1.0084111110114131, 2.3925170743945303)
3.860000000000003 (-21.48568819379582, 1.008005133237468, 1.8161241616274058)
3.880000000000003 (-20.89758634835258, 1.0073683564364728, 1.2634733560661737)
3.900000000000003 (-20.23127316965228, 1.0065117102604233, 0.750792327752905)
3.920000000000003 (-19.498678337210908, 1.0054611585833093, 0.29289270063498046)
3.940000000000003 (-18.714570387721373, 1.0042578004780833, -0.0972151721239971)
3.960000000000003 (-17.896396336326728, 1.0029561312172155, -0.4088295251053362)
3.980000000000003 (-17.06403812435467, 1.0016203840612459, -0.6342129476572045)
4.000000000000003 (-16.23935806425421, 1.000319020660012, -0.7694048291815401)
4.020000000000002 (-15.89734857777851, 0.9999346663858965, -0.7892171204384698)
4.040000000000002 (-15.860871277976763, 0.9998808338975392, -0.8215718007010778)
4.060000000000001 (-15.83031493441428, 0.9998680236069869, -0.798347490292226)
4.080000000000001 (-15.742980784678931, 0.9999837132287137, -0.7106371997309369)
4.1000000000000005 (-15.621832541105288, 1.0001245129532397, -0.58609831948304)
4.12 (-15.485548731831797, 1.0002061195109029, -0.4305364110145506)
4.14 (-15.341518518036544, 1.0004238890318775, -0.2253310874106431)
4.159999999999999 (-15.297965043382852, 0.999344751390145, -0.034565695632630004)
4.179999999999999 (-15.29794932770071, 0.9978936830212705, 0.17997365539990653)
4.199999999999998 (-15.344733635327657, 0.9968741312997645, 0.39542953063950853)
4.219999999999998 (-15.445303545496213, 0.996305750482648, 0.6108631482412072)
4.2399999999999975 (-15.603469708353769, 0.9961600311426345, 0.8308164807195886)
4.259999999999997 (-15.82092229150508, 0.9963326320140592, 1.062140374475049)
4.279999999999997 (-16.096215427707282, 0.9967056089632004, 1.314357036208899)
4.299999999999996 (-16.423689115314673, 0.9972293571267427, 1.599118713601878)
4.319999999999996 (-16.792960082100855, 0.9979328387648608, 1.9283846227296668)
4.339999999999995 (-17.189349795646105, 0.9988989946506156, 2.311991494154888)
4.359999999999995 (-17.595328735943806, 1.000233875207663, 2.75545742512752)
4.379999999999995 (-17.992636608739534, 1.002040726568192, 3.25872364460232)
4.399999999999994 (-18.36444745239499, 1.0044027028872535, 3.8160954750222262)
4.419999999999994 (-18.697000513208067, 1.007373369832564, 4.41714427937744)
4.439999999999993 (-18.980436381345772, 1.010971452934934, 5.0480566028472875)
4.459999999999993 (-19.208926553216344, 1.0151752177377775, 5.692944050599647)
4.479999999999992 (-19.380399055918573, 1.0199126667954377, 6.334848086578576)
4.499999999999992 (-19.496202686325255, 1.0250478831503462, 6.956443421808423)
4.519999999999992 (-19.560930266440806, 1.03037171672526, 7.540648346405585)
4.539999999999991 (-19.582405771909148, 1.0356118287037481, 8.07138172613496)
4.559999999999991 (-19.571524297307025, 1.0404736235800687, 8.534613045851003)
4.57999999999999 (-19.541811123297396, 1.044704053490761, 8.919546939567141)
4.59999999999999 (-19.508272586497377, 1.048146440418651, 9.219513430085499)
4.6199999999999894 (-19.486015729851683, 1.0507550026791241, 9.431587110173204)
4.639999999999989 (-19.488274467566338, 1.0525805735557978, 9.556174079434697)
4.659999999999989 (-19.524695886206693, 1.0537383280327395, 9.595371737797844)
4.679999999999988 (-19.59974908108024, 1.054370356837449, 9.550725486499752)
4.699999999999988 (-19.711308449387293, 1.0546078100294243, 9.421587597479514)
4.719999999999987 (-19.849794815188474, 1.0545359263942702, 9.204808626263748)
4.739999999999987 (-19.998622896791684, 1.0541737771801807, 8.896392107267241)
4.7599999999999865 (-20.13667692923371, 1.0534820984422524, 8.494545057516463)
4.779999999999986 (-20.242271678334507, 1.0523974593899315, 8.002336067184322)
4.799999999999986 (-20.29675120742457, 1.0508702227915063, 7.428111911664777)
4.819999999999985 (-20.285898022008485, 1.048881566656736, 6.784210563520441)
4.839999999999985 (-20.199605224267742, 1.046440472364547, 6.085431808675585)
4.859999999999984 (-20.03133328199649, 1.04357599894519, 5.3481178375270915)
4.879999999999984 (-19.777887632216693, 1.0403308194872278, 4.589621346030122)
4.8999999999999835 (-19.4393242874486, 1.036755354969488, 3.8278825327191517)
4.919999999999983 (-19.01888723068876, 1.0329030449036163, 3.0810442555655677)
4.939999999999983 (-18.523030090166586, 1.0288282584041275, 2.367057151744736)
4.959999999999982 (-17.961521939748152, 1.024587285646807, 1.7031905724967993)
4.979999999999982 (-17.347555753503865, 1.0202417208634151, 1.105378455020594)
4.999999999999981 (-16.697756966170754, 1.0158631924901869, 0.5873338072251135)
5.019999999999981 (-16.30660208430878, 1.012895986030209, 0.340385623837166)
5.0399999999999805 (-16.31309964987832, 1.0125160301556395, 0.317307485075365)
5.05999999999998 (-16.321652850655415, 1.0122720123599844, 0.3541422577005991)
5.07999999999998 (-16.248391249537868, 1.0111278468471392, 0.42636296832605014)
5.099999999999979 (-16.119863482834106, 1.0096272174197545, 0.5107140421769732)
5.119999999999979 (-15.94853693529977, 1.0081338866465692, 0.611999302707345)
5.139999999999978 (-15.73753718604558, 1.0065432124959264, 0.7506663190913643)
5.159999999999978 (-15.541233424754148, 1.005507926253052, 0.9256819082542019)
5.1799999999999775 (-15.397628351308501, 1.0055718809219432, 1.1225112841443812)
5.199999999999977 (-15.313431743739116, 1.0062588611299554, 1.3395650951499072)
5.219999999999977 (-15.28648947269807, 1.0071076773110745, 1.5826434896773838)
5.239999999999976 (-15.313102279611114, 1.0079918163691917, 1.8585759314768624)
5.259999999999976 (-15.386772504864723, 1.0088958097883773, 2.174960535965166)
5.279999999999975 (-15.496961219968062, 1.0098009504266308, 2.539692876305494)
5.299999999999975 (-15.629300473883918, 1.010647953039318, 2.959348715380315)
5.3199999999999745 (-15.766827720341446, 1.0113267895044913, 3.437303607418386)
5.339999999999974 (-15.891866895057957, 1.0116836346963936, 3.972390763989685)
5.359999999999974 (-15.988127454472025, 1.0115390127452364, 4.5585170483826465)
5.379999999999973 (-16.04249745284827, 1.0107374888093257, 5.1852510352549865)
5.399999999999973 (-16.04615596975984, 1.009174000006268, 5.839050523460006)
5.419999999999972 (-15.994937157435452, 1.0066754331630292, 6.504670218237638)
5.439999999999972 (-15.889112618780358, 1.0032234125652457, 7.166393340778043)
5.4599999999999715 (-15.732867939046768, 0.998833956190229, 7.808917163822681)
5.479999999999971 (-15.5337166320588, 0.9934896055490892, 8.417917513916525)
5.499999999999971 (-15.302000602167006, 0.9873636653378202, 8.980454452109154)
5.51999999999997 (-15.050498634099554, 0.9807132456838589, 9.485430824736742)
5.53999999999997 (-14.794039632954007, 0.9739663109659523, 9.92431535192723)
5.559999999999969 (-14.54878476599851, 0.9676522318905701, 10.291868512207666)
5.579999999999969 (-14.331221904611892, 0.9622730023162733, 10.586685484147019)
5.599999999999969 (-14.156711554808139, 0.9581785506006247, 10.811309642765737)
5.619999999999968 (-14.03875095987399, 0.9555329011693194, 10.971041176470944)
5.639999999999968 (-13.987541830628734, 0.9543681442925088, 11.072525984791149)
5.659999999999967 (-14.009233679442945, 0.9546201467723707, 11.121685558331162)
5.679999999999967 (-14.106687206095254, 0.9561702824090283, 11.120756364151868)
5.699999999999966 (-14.27804057062754, 0.9588545128090815, 11.066981586520656)
5.719999999999966 (-14.51652817179938, 0.9624872352032866, 10.952075439075937)
5.739999999999966 (-14.810114154909623, 0.9668728190336138, 10.763874840987722)
5.759999999999965 (-15.141991737053862, 0.9718063867131023, 10.490073073147244)
5.779999999999965 (-15.492391433881146, 0.9770717283857782, 10.12227939074879)
5.799999999999964 (-15.84131814413224, 0.9824463653105289, 9.657958543473447)
5.819999999999964 (-16.17028819679342, 0.9877111480990922, 9.10015228495364)
5.839999999999963 (-16.462916857195044, 0.9926609072992285, 8.456167989926914)
5.859999999999963 (-16.705043751471678, 0.9971126691990315, 7.736571871951212)
5.879999999999963 (-16.884853871808563, 1.0009130909167512, 6.954598300795421)
5.899999999999962 (-16.99304277179348, 1.003945562561335, 6.125719529635278)
5.919999999999962 (-17.02298221527934, 1.006135812184069, 5.267265281200117)
5.939999999999961 (-16.970958305909477, 1.007455028948158, 4.398074012578832)
5.959999999999961 (-16.83651843466618, 1.0079202660686282, 3.5381033417686067)
5.9799999999999605 (-16.6228980650555, 1.007592243493273, 2.7078999233250762)
5.99999999999996 (-16.337473945752365, 1.006570839522143, 1.9278208713888207)
6.01999999999996 (-16.185959059228164, 1.0065006130635783, 1.6268683987654209)
6.039999999999959 (-16.1939118967778, 1.0066562213393375, 1.5839971173325784)
6.059999999999959 (-16.14836856479396, 1.005304720767462, 1.568977085320122)
6.079999999999958 (-16.024387789346044, 1.0036849475316891, 1.5355305906805021)
6.099999999999958 (-15.854352752718956, 1.0021736204702336, 1.490797769567643)
6.1199999999999575 (-15.651615136912936, 1.0006497552995217, 1.4478989026556888)
6.139999999999957 (-15.403838962952971, 0.9991405323296663, 1.4218964886875283)
6.159999999999957 (-15.14435149321949, 0.9977457078182368, 1.4392047029635846)
6.179999999999956 (-14.917584956493396, 0.9960146698004658, 1.5085281122471224)
6.199999999999956 (-14.734334464892584, 0.9941771006358645, 1.6304998458115991)
6.219999999999955 (-14.588778558828388, 0.9925478932034505, 1.8083286536563619)
6.239999999999955 (-14.472550584540091, 0.9911373698524711, 2.045964774263762)
6.2599999999999545 (-14.37509000032955, 0.9898288243262412, 2.3466388825048394)
6.279999999999954 (-14.28227799231919, 0.9884983809078836, 2.711681403950533)
6.299999999999954 (-14.177190366266899, 0.987056836352118, 3.1390683392661276)
6.319999999999953 (-14.042283556026558, 0.9854689213619674, 3.6222744071964446)
6.339999999999953 (-13.86198617919889, 0.9837607504933313, 4.150057403876963)
6.359999999999952 (-13.624941764882738, 0.9820159019740669, 4.7073522203844504)
6.379999999999952 (-13.325357064670548, 0.9803628661103322, 5.276960114891306)
6.3999999999999515 (-12.963271808763233, 0.9789293956829922, 5.841443198646282)
6.419999999999951 (-12.543968172278657, 0.9778267934017305, 6.384694524846483)
6.439999999999951 (-12.076941520712888, 0.9771884669990467, 6.892927569815148)
6.45999999999995 (-11.574823795085146, 0.977206989878962, 7.355105435219077)
6.47999999999995 (-11.052495934224849, 0.9780072209179496, 7.763012378943463)
6.499999999999949 (-10.526437071873211, 0.9795140705536557, 8.111256891467699)
6.519999999999949 (-10.014168901337221, 0.9814560617656048, 8.397434336111392)
6.5399999999999485 (-9.533580954517044, 0.9836319695551294, 8.622338202539778)
6.559999999999948 (-9.101940348965213, 0.9859083736128196, 8.790398758269557)
6.579999999999948 (-8.734586994491545, 0.9879783961864317, 8.909806875627373)
6.599999999999947 (-8.443610326127429, 0.9896498243740455, 8.991765214772185)
6.619999999999947 (-8.237781998305083, 0.9908696148933615, 9.04905821285719)
6.639999999999946 (-8.12202584511021, 0.9916851467367755, 9.094072083866976)
6.659999999999946 (-8.098235121206166, 0.9922142553306798, 9.13658057811673)
6.6799999999999455 (-8.166750788223347, 0.9926201008136598, 9.181377795951803)
6.699999999999945 (-8.327308062362565, 0.9930814867541433, 9.226327722003495)
6.719999999999945 (-8.578987291380589, 0.9937559345348332, 9.261460150616395)
6.739999999999944 (-8.918884182087385, 0.9947435577668825, 9.270046885785755)
6.759999999999944 (-9.340297313669204, 0.9960694807743042, 9.23206438094346)
6.779999999999943 (-9.831859799313982, 0.9976965300548966, 9.128895606959206)
6.799999999999943 (-10.378577398226057, 0.9995580879639006, 8.946793446073666)
6.8199999999999426 (-10.963569049875677, 1.0015827788623908, 8.677663317249067)
6.839999999999942 (-11.569343010920141, 1.0037014462265093, 8.318152888360494)
6.859999999999942 (-12.17842129086912, 1.0058453670721081, 7.868778798329679)
6.879999999999941 (-12.773751899888142, 1.0079433390220411, 7.333520077770238)
6.899999999999941 (-13.339051922361866, 1.0099182122658708, 6.719544006779039)
6.91999999999994 (-13.859137183382632, 1.0116849578193774, 6.036993161015829)
6.93999999999994 (-14.320287438301195, 1.0131518805793536, 5.298837596650142)
6.95999999999994 (-14.710726421478643, 1.014226139685093, 4.520767708315466)
6.979999999999939 (-15.021248636170471, 1.0148233457681544, 3.7210272189337834)
6.999999999999939 (-15.246012243439935, 1.0148805774617724, 2.9200693821029073)
7.019999999999938 (-15.322111038336123, 1.014193446006949, 2.462956524857244)
7.039999999999938 (-15.344755671665183, 1.014427909443554, 2.458422371343947)
7.059999999999937 (-15.312052044892877, 1.0143309612680846, 2.4781493817836675)
7.079999999999937 (-15.215863249244824, 1.013010397228658, 2.436140546681046)
7.099999999999937 (-15.087714116006161, 1.0111681347156156, 2.347828823438576)
7.119999999999936 (-14.928141733138512, 1.0092014897471555, 2.2264819980758914)
7.139999999999936 (-14.72057413469529, 1.0069370920832024, 2.083359613481319)
7.159999999999935 (-14.48563813621622, 1.0049320485604811, 1.965948647162614)
7.179999999999935 (-14.248100811116734, 1.0032682972671354, 1.9030610349537458)
7.1999999999999345 (-14.01199322543261, 1.002205413064554, 1.9020163285227696)
7.219999999999934 (-13.771363997377435, 1.001367979691198, 1.9630197871074453)
7.239999999999934 (-13.517609587502758, 1.0004215817872204, 2.084229342184575)
7.259999999999933 (-13.240523454519735, 0.9992862129522081, 2.2613415016429217)
7.279999999999933 (-12.928771333590555, 0.9979097905534109, 2.4865558992699177)
7.299999999999932 (-12.571460629968078, 0.9961997205008257, 2.748199023156834)
7.319999999999932 (-12.160167755767276, 0.9940234966582405, 3.0312494616576475)
7.3399999999999315 (-11.690686802546448, 0.9912281012078543, 3.318700976367812)
7.359999999999931 (-11.163949400370337, 0.9876621825425035, 3.593412470894517)
7.379999999999931 (-10.585956619065993, 0.983193930279667, 3.839935045625032)
7.39999999999993 (-9.966941331802309, 0.9778169215488519, 4.045890510253494)
7.41999999999993 (-9.320164578396572, 0.9716168555313274, 4.202725051665135)
7.439999999999929 (-8.660714315147477, 0.9644843091349077, 4.3058992186594205)
7.459999999999929 (-8.004509546172894, 0.9564390884814159, 4.3546929916839385)
7.4799999999999285 (-7.367573251433276, 0.9475979447680434, 4.351859777440735)
7.499999999999928 (-6.7654679967202265, 0.9383669061718755, 4.303298883416774)
7.519999999999928 (-6.212716513359367, 0.9290506852929091, 4.217828597743012)
7.539999999999927 (-5.721930304118154, 0.9200551577423802, 4.107072317969487)
7.559999999999927 (-5.302912128824194, 0.911933149054785, 3.984922817854548)
7.579999999999926 (-4.961880157208154, 0.9051659436569199, 3.866696675188377)
7.599999999999926 (-4.701091393583946, 0.9000776393656977, 3.767939756529255)
7.6199999999999255 (-4.519333101401426, 0.8968271513810734, 3.7029047368447694)
7.639999999999925 (-4.4133036858271675, 0.8954380843544225, 3.6831525842782096)
7.659999999999925 (-4.379390407948041, 0.895836839552442, 3.716126104939881)
7.679999999999924 (-4.416634357437548, 0.8979132790311797, 3.805031119332035)
7.699999999999924 (-4.527286797071317, 0.9015291414536226, 3.946912843935111)
7.719999999999923 (-4.717217911785445, 0.9065422616395219, 4.132426883544866)
7.739999999999923 (-4.99416212431773, 0.9128049340570819, 4.3461017874884265)
7.7599999999999225 (-5.364320482916931, 0.9201441455426019, 4.568049329877389)
7.779999999999922 (-5.82915366009252, 0.9283432523818346, 4.776985425220793)
7.799999999999922 (-6.384542181715934, 0.9371463229905584, 4.953363142967884)
7.819999999999921 (-7.021643494647504, 0.9462750491754478, 5.0808363823621905)
7.839999999999921 (-7.7282957695047125, 0.955447948184327, 5.14637232061699)
7.85999999999992 (-8.489982872920296, 0.9643940214254343, 5.140062685500054)
7.87999999999992 (-9.290428224698239, 0.9728633881669576, 5.055077202642656)
7.8999999999999195 (-10.11205907133433, 0.9806367600672697, 4.887671870029723)
7.919999999999919 (-10.936422798560148, 0.9875331330397468, 4.637230302109068)
7.939999999999919 (-11.74459858190503, 0.9934151689289148, 4.306376001296051)
7.959999999999918 (-12.517682150521237, 0.9981925407471053, 3.90116986262304)
7.979999999999918 (-13.237426708631126, 1.001823797378475, 3.4313344987087584)
7.999999999999917 (-13.88712247920166, 1.0043174356856062, 2.9104214576262746)
8.019999999999918 (-14.115096094189935, 1.0055713874164507, 2.70403719797079)
8.039999999999917 (-14.15429617262692, 1.0060170911502435, 2.6976025621457578)
8.059999999999917 (-14.1511375117985, 1.004619980870434, 2.645344843993574)
8.079999999999917 (-14.142297793721008, 1.002852286869558, 2.512011997553584)
8.099999999999916 (-14.130602848916059, 1.0011474819082484, 2.3313338334996634)
8.119999999999916 (-14.107697303050589, 0.9993837555336379, 2.1202081293839807)
8.139999999999915 (-14.056219619948173, 0.9974141939641411, 1.8731548907037066)
8.159999999999915 (-13.96139409208846, 0.9951499503104081, 1.628290273715601)
8.179999999999914 (-13.82721384889292, 0.9926117969900917, 1.4274344360073437)
8.199999999999914 (-13.654550993899294, 0.9897437499602338, 1.2823721911986894)
8.219999999999914 (-13.439061383681887, 0.9866932459738782, 1.1896878766708132)
8.239999999999913 (-13.174480626415102, 0.9835644397324741, 1.1415864062450707)
8.259999999999913 (-12.854578777066752, 0.9802443842440761, 1.1273915146042572)
8.279999999999912 (-12.474256479052235, 0.9765914325831345, 1.1329257503866303)
8.299999999999912 (-12.03121253776056, 0.9725346744571806, 1.1409769438382265)
8.319999999999911 (-11.52748267570728, 0.9680929596682526, 1.1329523469162948)
8.339999999999911 (-10.970168935868006, 0.963368167553489, 1.0912188653752126)
8.35999999999991 (-10.37104326750241, 0.9585277726876321, 1.0014061614205)
8.37999999999991 (-9.745255532364947, 0.9537817330294542, 0.8539479677024533)
8.39999999999991 (-9.109600909835006, 0.949329661861625, 0.6447576705189305)
8.41999999999991 (-8.480893882783876, 0.9453793725791729, 0.37506790311560456)
8.439999999999909 (-7.874807397335588, 0.9421486228439641, 0.05069092288400047)
8.459999999999908 (-7.305190880207021, 0.9397040895887653, -0.318866957762247)
8.479999999999908 (-6.783735269060538, 0.9382047452462895, -0.7212023444827966)
8.499999999999908 (-6.319760584416648, 0.9377434932207879, -1.1416397470807595)
8.519999999999907 (-5.919896255833206, 0.9381326053185445, -1.5637567205016019)
8.539999999999907 (-5.587605773702292, 0.9390892844063526, -1.9700134928351145)
8.559999999999906 (-5.322599155848557, 0.9403439716641366, -2.34264584091526)
8.579999999999906 (-5.120554874467465, 0.9415972182309159, -2.66488226552929)
8.599999999999905 (-4.973521112546797, 0.9426573831731809, -2.9222111802324595)
8.619999999999905 (-4.871217192478016, 0.9435798444238453, -3.1034144198041957)
8.639999999999905 (-4.802991592687976, 0.9443770195999147, -3.2009158259090724)
8.659999999999904 (-4.76024538132081, 0.9450963726482623, -3.210498736818707)
8.679999999999904 (-4.738925533046518, 0.9459014023090474, -3.130696954638354)
8.699999999999903 (-4.741560042980041, 0.9470003681163868, -2.96240392049631)
8.719999999999903 (-4.777990084318195, 0.9485955838303991, -2.709206352887004)
8.739999999999903 (-4.86384369179228, 0.9508366620912888, -2.3784071584145305)
8.759999999999902 (-5.0166787177672525, 0.9537876777061634, -1.9818319773928341)
8.779999999999902 (-5.251287307632434, 0.9574268197116443, -1.5353878366092546)
8.799999999999901 (-5.576787088200272, 0.9616764728477182, -1.0571347700427907)
8.8199999999999 (-5.996404547718256, 0.9664334207011067, -0.5654499835253096)
8.8399999999999 (-6.508670085176683, 0.9715834003608927, -0.07806246754411562)
8.8599999999999 (-7.108388257505226, 0.9770038732697217, 0.388326446373384)
8.8799999999999 (-7.787124256379664, 0.982563321323622, 0.8183563102838808)
8.899999999999899 (-8.533569471033067, 0.9881188688998149, 1.1982675897367074)
8.919999999999899 (-9.333835415543339, 0.9935153921814505, 1.5161737132314232)
8.939999999999898 (-10.17169975325276, 0.9985876705049486, 1.762381336470224)
8.959999999999898 (-11.028847449558347, 1.003167079051907, 1.9298283391867792)
8.979999999999897 (-11.885210759122025, 1.0070930178032476, 2.014643393479579)
8.999999999999897 (-12.719524248818527, 1.0102288605608636, 2.0168136991713057)
9.019999999999897 (-13.089600779411683, 1.0014482607661754, 1.9676891519761404)
9.039999999999896 (-13.131052902464459, 1.0026422676120426, 1.9848305556585852)
9.059999999999896 (-13.1630300365336, 1.0015307988388662, 1.9443759797790405)
9.079999999999895 (-13.238585529152846, 0.999580671267986, 1.8374728964015208)
9.099999999999895 (-13.341062995396081, 0.9977085709388762, 1.6918612314516497)
9.119999999999894 (-13.45314829238672, 0.9960429778355618, 1.5152087096621818)
9.139999999999894 (-13.56529583377546, 0.993859689207188, 1.2914529791016787)
9.159999999999894 (-13.642531527805659, 0.9911509088196987, 1.0411126931755113)
9.179999999999893 (-13.662278660821984, 0.9885459218034225, 0.8005895307161145)
9.199999999999893 (-13.61876738364076, 0.9861519640202411, 0.5786434294889989)
9.219999999999892 (-13.510077735329812, 0.984027150968178, 0.3699982265619138)
9.239999999999892 (-13.335592044331484, 0.9822355239770892, 0.1656863256153163)
9.259999999999891 (-13.09678528873025, 0.9807510318123842, -0.04610776627406254)
9.279999999999891 (-12.798508782622033, 0.9794360243335122, -0.2797687885119315)
9.29999999999989 (-12.449876093973225, 0.9780676394854986, -0.5505082938995414)
9.31999999999989 (-12.064327163446794, 0.9764426014067026, -0.871846075732318)
9.33999999999989 (-11.658651794162152, 0.9743232622755221, -1.2532328782830875)
9.35999999999989 (-11.251173943928707, 0.9715225849377813, -1.698517028727344)
9.379999999999889 (-10.859661502373845, 0.9679765843342799, -2.205577864631732)
9.399999999999888 (-10.49957028987371, 0.9636689081738452, -2.766986279406239)
9.419999999999888 (-10.182971190583968, 0.9585547815045263, -3.371239923147424)
9.439999999999888 (-9.918176551127585, 0.9528171808317256, -4.004088331821617)
9.459999999999887 (-9.70984946869471, 0.9464899983907322, -4.649619953844909)
9.479999999999887 (-9.55931175984754, 0.9398797578724425, -5.291028900526792)
9.499999999999886 (-9.464771449113385, 0.9333087119699633, -5.911150206545491)
9.519999999999886 (-9.421351524364638, 0.9268408844336563, -6.49301056421865)
9.539999999999885 (-9.4210421184586, 0.9206438441362023, -7.020663967292906)
9.559999999999885 (-9.452657924157371, 0.9150465495677612, -7.480255518447249)
9.579999999999885 (-9.50246572098954, 0.9103420567134042, -7.861030946852081)
9.599999999999884 (-9.555158191110833, 0.9067512553914044, -8.156420745140025)
9.619999999999884 (-9.595510648685034, 0.9044273369609072, -8.364083463781144)
9.639999999999883 (-9.610274281829197, 0.9034698913284934, -8.48484199496608)
9.659999999999883 (-9.589872756845164, 0.9039484422321298, -8.520959250756615)
9.679999999999882 (-9.529967224488392, 0.9058641578532027, -8.474079628370859)
9.699999999999882 (-9.43281843318726, 0.9093183170893829, -8.343571197908608)
9.719999999999882 (-9.308079103199104, 0.9143949249124089, -8.126247670995202)
9.739999999999881 (-9.172238053308401, 0.9210378614601468, -7.818081252406568)
9.75999999999988 (-9.046128686449002, 0.929096566715991, -7.417238477353796)
9.77999999999988 (-8.950996550441038, 0.9383227518305911, -6.926708964626299)
9.79999999999988 (-8.905056375361546, 0.9484019442106599, -6.354625717213677)
9.81999999999988 (-8.922213417078101, 0.9589913777388344, -5.712996040987598)
9.839999999999879 (-9.01240429562033, 0.9697435805025442, -5.0162300287937365)
9.859999999999879 (-9.182112691091831, 0.9803166230525192, -4.280267016373219)
9.879999999999878 (-9.434528010955237, 0.9903816100137237, -3.522043133059412)
9.899999999999878 (-9.769674334459856, 0.9996296320088485, -2.759074739408443)
9.919999999999877 (-10.184461236865774, 1.00777911680475, -2.0090750784531903)
9.939999999999877 (-10.672671417447882, 1.0145843195213224, -1.289564593096189)
9.959999999999877 (-11.22486867048924, 1.0198462545255198, -0.6173953170725327)
9.979999999999876 (-11.82830235938022, 1.0234262237865028, -0.008121845788271465)
9.999999999999876 (-12.466903743035399, 1.0252616802400976, 0.5248436804252303)
