0.0 (-11.25, 1.0, 0.0)
0.02 (-11.25270486242962, 1.0, -0.09786608585981146)
0.04 (-11.267092354507843, 1.0, -0.2657032413686126)
0.06 (-11.300802146284573, 1.0, -0.4669203910660883)
0.08 (-11.357356520143547, 1.0, -0.6608006828671188)
0.1 (-11.432330905065143, 1.0, -0.8140982606864657)
0.12000000000000001 (-11.519574434294535, 1.0, -0.9308385361960612)
0.14 (-11.612190137184738, 1.0, -1.039081906727944)
0.16 (-11.700246326221388, 1.0, -1.1484352893808947)
0.18 (-11.776340954340208, 1.0, -1.2440836535037987)
0.19999999999999998 (-11.839834086403311, 1.0, -1.3178279017988923)
0.21999999999999997 (-11.892192482744672, 1.0, -1.3764117118159034)
0.23999999999999996 (-11.93316185819816, 1.0, -1.4254855651025082)
0.25999999999999995 (-11.962572479463862, 1.0, -1.4654128385595617)
0.27999999999999997 (-11.981478669070468, 1.0, -1.4965753814934568)
0.3 (-11.991364352807121, 1.0, -1.520300595106859)
0.32 (-11.99362403973154, 1.0, -1.5378764376674028)
0.34 (-11.989560120765233, 1.0, -1.5505015413509249)
0.36000000000000004 (-12.04197336772731, 1.0, -1.6010294538217018)
0.38000000000000006 (-12.05738936053491, 1.0, -1.6168138160162897)
0.4000000000000001 (-12.04266358272916, 1.0, -1.6088277410654055)
0.4200000000000001 (-12.020842574105322, 1.0, -1.5946106616826632)
0.4400000000000001 (-12.000409549480503, 1.0, -1.5799450999887903)
0.46000000000000013 (-11.982973882743533, 1.0, -1.5672144728262123)
0.48000000000000015 (-11.968287269960362, 1.0, -1.5566743594909946)
0.5000000000000001 (-11.955806229954627, 1.0, -1.547635153684624)
0.5200000000000001 (-11.944624286031889, 1.0, -1.5388486319060017)
0.5400000000000001 (-11.933391040643226, 1.0, -1.5285972583722793)
0.5600000000000002 (-11.92068450002302, 1.0, -1.5148955330164227)
0.5800000000000002 (-11.905173025570331, 1.0, -1.4955724428450168)
0.6000000000000002 (-11.886376573072152, 1.0, -1.46864810846407)
0.6200000000000002 (-11.864628157757195, 1.0, -1.4325381836103743)
0.6400000000000002 (-11.840907414548763, 1.0, -1.3862579835577595)
0.6600000000000003 (-11.816654478171122, 1.0, -1.3296335126667744)
0.6800000000000003 (-11.793661795906981, 1.0, -1.263542335414857)
0.7000000000000003 (-11.774098682673582, 1.0, -1.1901891364363797)
0.7200000000000003 (-11.760570424927852, 1.0, -1.1132917437589984)
0.7400000000000003 (-11.756050324870047, 1.0, -1.0379338330924506)
0.7600000000000003 (-11.763536066040679, 1.0, -0.9699386915091806)
0.7800000000000004 (-11.785651944031919, 1.0, -0.9147899467437509)
0.8000000000000004 (-11.824054960225885, 1.0, -0.8762900845837632)
0.8200000000000004 (-11.87905059882079, 1.0, -0.8558616383611822)
0.8400000000000004 (-11.94951636870609, 1.0, -0.8526892483785482)
0.8600000000000004 (-12.033120162917069, 1.0, -0.864595302320062)
0.8800000000000004 (-12.126766658094306, 1.0, -0.8890071551645912)
0.9000000000000005 (-12.227075810855002, 1.0, -0.9235874188019533)
0.9200000000000005 (-12.330640069600918, 1.0, -0.966344208345852)
0.9400000000000005 (-12.434050213087149, 1.0, -1.0155165390520458)
0.9600000000000005 (-12.533909720641661, 1.0, -1.0695080102405126)
0.9800000000000005 (-12.626923593030137, 1.0, -1.1268877961264183)
1.0000000000000004 (-12.710001198813597, 1.0, -1.1863787783161697)
1.0200000000000005 (-12.780350249996799, 1.0, -1.2468047981377517)
1.0400000000000005 (-12.835574128850368, 1.0, -1.3070228277789402)
1.0600000000000005 (-12.8737472355019, 1.0, -1.3658435084912197)
1.0800000000000005 (-12.893622722383101, 1.0, -1.4220352669204503)
1.1000000000000005 (-12.765447480582727, 1.0, -1.3831966223119505)
1.1200000000000006 (-12.649634874198453, 1.0, -1.3575462312092312)
1.1400000000000006 (-12.584832099005913, 1.0, -1.393299520856723)
1.1600000000000006 (-12.586616348083098, 1.001203203704367, -1.4901967852323592)
1.1800000000000006 (-12.538710340328777, 1.0020341189663924, -1.5627804170836046)
1.2000000000000006 (-12.459770758138468, 1.0019164754869838, -1.6067746549387616)
1.2200000000000006 (-12.364848216607683, 1.0018988247097664, -1.6366267105593044)
1.2400000000000007 (-12.26062150728193, 1.0020463547534904, -1.6543218878669752)
1.2600000000000007 (-12.153082630523164, 1.002005338687671, -1.6608283660950154)
1.2800000000000007 (-12.046907054838002, 1.0020770762481164, -1.6588736870280132)
1.3000000000000007 (-11.945205303668013, 1.002262244847475, -1.6517131460263799)
1.3200000000000007 (-11.849766971651167, 1.0024811738204664, -1.6424816492649077)
1.3400000000000007 (-11.761554385182144, 1.0027148721973722, -1.6338517642883115)
1.3600000000000008 (-11.681074827751464, 1.002960216792029, -1.6277881474110143)
1.3800000000000008 (-11.608708341146455, 1.0032158559224764, -1.62536359703537)
1.4000000000000008 (-11.544877910396652, 1.0034798993798975, -1.6266765505900196)
1.4200000000000008 (-11.490032257689185, 1.0037499549956954, -1.6308888580583485)
1.4400000000000008 (-11.44452994005902, 1.004022551458856, -1.6363873952051788)
1.4600000000000009 (-11.408549603341568, 1.0042923739143161, -1.6410444407408795)
1.4800000000000009 (-11.382082893795936, 1.0045520163462243, -1.6425165739349854)
1.5000000000000009 (-11.364966293114293, 1.0047923310053943, -1.6385143928829031)
1.520000000000001 (-11.35687260475302, 1.0050031213861899, -1.6270066354352624)
1.540000000000001 (-11.357234889637338, 1.0051737523639002, -1.6063725050154731)
1.560000000000001 (-11.365143021613328, 1.005293055082666, -1.5754926314498634)
1.580000000000001 (-11.379439498159062, 1.0053485702967264, -1.534194667016649)
1.600000000000001 (-11.398886721836648, 1.0053249053080524, -1.4832668808781353)
1.620000000000001 (-11.422690236203497, 1.005204151817003, -1.4248887143148856)
1.640000000000001 (-11.450983158944005, 1.004969039658984, -1.3626530893873072)
1.660000000000001 (-11.485143209202286, 1.0046081035120589, -1.3011530557445554)
1.680000000000001 (-11.527680544201669, 1.0041202852307185, -1.2448741076583523)
1.700000000000001 (-11.581642192389264, 1.0035170135227975, -1.1968156334763285)
1.720000000000001 (-11.649851953327856, 1.002820066505962, -1.157641812886412)
1.740000000000001 (-11.734211596873745, 1.0020557118423903, -1.1259664756858643)
1.7600000000000011 (-11.835281431722915, 1.0012481997853977, -1.0996346255359963)
1.7800000000000011 (-11.95229237503076, 1.0004163234502352, -1.0770984447497998)
1.8000000000000012 (-12.083473994973282, 0.9995739080689208, -1.0579645734233503)
1.8200000000000012 (-12.226377746970796, 0.9987320985835006, -1.042616293566885)
1.8400000000000012 (-12.37802696549106, 0.9979010834618999, -1.0316238922499386)
1.8600000000000012 (-12.535033393929504, 0.9970906393212305, -1.025520511747778)
1.8800000000000012 (-12.693797461102779, 0.9963100925682876, -1.024859388449318)
1.9000000000000012 (-12.850691176164895, 0.9955680707196514, -1.030270142485301)
1.9200000000000013 (-13.002175257170501, 0.9948722571734807, -1.0423439275155297)
1.9400000000000013 (-13.144786497416613, 0.9942287816325494, -1.0615985744083076)
1.9600000000000013 (-13.275249197646064, 0.9936414878064129, -1.0884133454082456)
1.9800000000000013 (-13.39050370874806, 0.9931115474068357, -1.1229218705516661)
2.0000000000000013 (-13.487776850268135, 0.9926374801641681, -1.164917311455481)
2.0200000000000014 (-13.42386545919935, 0.9923089221599164, -1.164618259518376)
2.0400000000000014 (-13.301513682662684, 0.9920480872638919, -1.156891990549211)
2.0600000000000014 (-13.205935900520897, 0.9914141297378641, -1.1995439302376556)
2.0800000000000014 (-13.112438878164216, 0.990611545605029, -1.2870959928008112)
2.1000000000000014 (-13.023573323452922, 0.9898034442624692, -1.4039995679996407)
2.1200000000000014 (-13.047568503510824, 0.9882884022756802, -1.585112106629419)
2.1400000000000015 (-13.044733830530125, 0.9873700471891397, -1.7242547322587436)
2.1600000000000015 (-13.00200899913564, 0.9868816692406961, -1.8218615122777653)
2.1800000000000015 (-12.9381089858361, 0.9866839804332532, -1.889827127527867)
2.2000000000000015 (-12.860906937571132, 0.986595715212704, -1.9389223481647135)
2.2200000000000015 (-12.775718151975722, 0.9865048302203676, -1.9726782080046026)
2.2400000000000015 (-12.687284301836373, 0.9863489488299187, -1.9941955752476583)
2.2600000000000016 (-12.599290684011448, 0.9860963292013623, -2.0072979981449284)
2.2800000000000016 (-12.514352729442958, 0.9857346263951612, -2.0156616734221178)
2.3000000000000016 (-12.434177805548698, 0.9852622683657025, -2.022441775855273)
2.3200000000000016 (-12.359846610659911, 0.9846827012589072, -2.0300960864634137)
2.3400000000000016 (-12.292115349625913, 0.9840013847400068, -2.0402312119200867)
2.3600000000000017 (-12.231628155490828, 0.9832248620717604, -2.0535249707777106)
2.3800000000000017 (-12.178981370142106, 0.9823615862119135, -2.069741793056693)
2.4000000000000017 (-12.134646760978242, 0.9814243382813473, -2.0878381000856288)
2.4200000000000017 (-12.098840731993073, 0.9804339030751396, -2.106145002402203)
2.4400000000000017 (-12.071446811121469, 0.9794231623485766, -2.1225970293770193)
2.4600000000000017 (-12.05204159207883, 0.9784400707616624, -2.1349653091338374)
2.4800000000000018 (-12.039989378887721, 0.9775475086154656, -2.1410626624009703)
2.5000000000000018 (-12.034527657282544, 0.9768182477623356, -2.1389101152146264)
2.520000000000002 (-12.034790588836218, 0.9763246311111081, -2.1268766587950396)
2.540000000000002 (-12.039789403869541, 0.9761253150634573, -2.1038246511330327)
2.560000000000002 (-12.048402539372017, 0.9762546127724372, -2.0692465611947424)
2.580000000000002 (-12.059512722563968, 0.9767201145886776, -2.023470273158497)
2.600000000000002 (-12.072375921635588, 0.9775091879715252, -1.9678511872278381)
2.620000000000002 (-12.087105171529283, 0.9785981416502058, -1.9048384989343832)
2.640000000000002 (-12.105097243795868, 0.9799589419033052, -1.8378092172843274)
2.660000000000002 (-12.129078179037075, 0.9815640999561428, -1.7704756036831342)
2.680000000000002 (-12.162598625094175, 0.9833896577158202, -1.705918355625196)
2.700000000000002 (-12.209200771097539, 0.9854112031566946, -1.645684047756776)
2.720000000000002 (-12.271561786237115, 0.987594933381956, -1.5894103052834234)
2.740000000000002 (-12.350969732745517, 0.9898925882231121, -1.5353902039785206)
2.760000000000002 (-12.447330280414826, 0.9922458746492786, -1.4818000487770764)
2.780000000000002 (-12.559522526722235, 0.994595996126903, -1.4277433987407113)
2.800000000000002 (-12.685780540953255, 0.9968898176534717, -1.3734841309454806)
2.820000000000002 (-12.823860359975024, 0.9990797755412223, -1.3200244297715087)
2.840000000000002 (-12.971066073392375, 1.0011212476437248, -1.2686376552945557)
2.860000000000002 (-13.124341257314544, 1.0029718074010798, -1.2206917298169362)
2.880000000000002 (-13.280465089189457, 1.0045934044181588, -1.1776370317682172)
2.900000000000002 (-13.43620368476601, 1.0059553531652348, -1.1408397878579255)
2.920000000000002 (-13.588323579400614, 1.0070407134342476, -1.1119200172076509)
2.940000000000002 (-13.733894815888325, 1.0078479597973868, -1.0922768940188152)
2.960000000000002 (-13.869921186914324, 1.0083929627614574, -1.0830422118593284)
2.980000000000002 (-13.993589433881716, 1.008710200626567, -1.0850786450381433)
3.000000000000002 (-14.102307465837935, 1.008849466792853, -1.0988555122571046)
3.0200000000000022 (-14.04472917549299, 1.0087065328965037, -1.1198195636368111)
3.0400000000000023 (-13.918350863600782, 1.0086607517569885, -1.1527528972773902)
3.0600000000000023 (-13.837008343830101, 1.0087826861124418, -1.220591194812538)
3.0800000000000023 (-13.774001479571927, 1.0090667558210116, -1.3324111409609787)
3.1000000000000023 (-13.748161980605262, 1.0096110737877781, -1.4750921550726854)
3.1200000000000023 (-13.843907081129645, 1.0107721842668984, -1.6506082810043325)
3.1400000000000023 (-13.892318026119986, 1.0096742484432912, -1.8098260794361456)
3.1600000000000024 (-13.894491419701424, 1.0089283646619376, -1.9432543710610035)
3.1800000000000024 (-13.877744502514878, 1.008602593546663, -2.0582954913781433)
3.2000000000000024 (-13.848958999860276, 1.008733739925854, -2.1553244072325084)
3.2200000000000024 (-13.804069869334224, 1.0089712991872284, -2.2287762047408775)
3.2400000000000024 (-13.747283150520182, 1.0092238116668732, -2.285629937340462)
3.2600000000000025 (-13.683785404708335, 1.0094822911683012, -2.3312724910726317)
3.2800000000000025 (-13.618245023895874, 1.0097584313030672, -2.3699158729165277)
3.3000000000000025 (-13.554347854587494, 1.0100744382954314, -2.4051214685410693)
3.3200000000000025 (-13.494738762767565, 1.0104547144722669, -2.4395554845974945)
3.3400000000000025 (-13.441305295307222, 1.0109213339890655, -2.474803206103754)
3.3600000000000025 (-13.39552832576163, 1.011491328230934, -2.511285517618856)
3.3800000000000026 (-13.358424045170192, 1.012173650438468, -2.5484099619674057)
3.4000000000000026 (-13.330471759082364, 1.0129664882249885, -2.584784187846098)
3.4200000000000026 (-13.311519202428007, 1.013854496358395, -2.618476732830061)
3.4400000000000026 (-13.300745328859268, 1.0148061971084168, -2.647290417816766)
3.4600000000000026 (-13.2967470164427, 1.0157721492912015, -2.6689897253436863)
3.4800000000000026 (-13.297730017626515, 1.01668531975891, -2.6814668077126957)
3.5000000000000027 (-13.301923674284575, 1.0174671861903604, -2.6829106066067707)
3.5200000000000027 (-13.307031133572218, 1.0180337192578188, -2.671817085080603)
3.5400000000000027 (-13.311166825108979, 1.0183157360032713, -2.6472356058213258)
3.5600000000000027 (-13.312713683720544, 1.0182687804254829, -2.6089475236139212)
3.5800000000000027 (-13.31044552647533, 1.0178747364504968, -2.5575337480909366)
3.6000000000000028 (-13.303874738456324, 1.0171347164166427, -2.494430931109969)
3.6200000000000028 (-13.293832690417945, 1.0160620325103424, -2.421880518701894)
3.640000000000003 (-13.282839124393323, 1.0146810124051442, -2.3425924450750832)
3.660000000000003 (-13.274956733496797, 1.0130286107405408, -2.2591602971548506)
3.680000000000003 (-13.274987645651192, 1.0111531849798594, -2.173358593985658)
3.700000000000003 (-13.28733823879642, 1.0091133168551951, -2.0856118743002017)
3.720000000000003 (-13.314994245815171, 1.006976682252813, -1.9949436325753216)
3.740000000000003 (-13.359133927225887, 1.0048164198803764, -1.8996510334169587)
3.760000000000003 (-13.419506218813744, 1.0027034699170276, -1.798403378402597)
3.780000000000003 (-13.495122986349237, 1.000698499783288, -1.6910739054993253)
3.800000000000003 (-13.584730925834528, 0.9988488047045023, -1.5788307367520342)
3.820000000000003 (-13.686852084246913, 0.997190547510688, -1.4636867326833103)
3.840000000000003 (-13.79964210560886, 0.9957526335688974, -1.3480400969080335)
3.860000000000003 (-13.92089020944867, 0.9945588956657687, -1.234463317662089)
3.880000000000003 (-14.048188233531585, 0.9936276143120928, -1.1256193574832065)
3.900000000000003 (-14.179079891417398, 0.9929689672865251, -1.0241743740382387)
3.920000000000003 (-14.311109293868077, 0.9925815013689226, -0.9327051807795278)
3.940000000000003 (-14.441826690715795, 0.9924487169462267, -0.8536176201868131)
3.960000000000003 (-14.56879281468206, 0.9925368828580744, -0.7890605222577138)
3.980000000000003 (-14.689582564004514, 0.9927951775734285, -0.7408272155770993)
4.000000000000003 (-14.801793487693711, 0.9931589384863649, -0.7102479105755785)
4.020000000000002 (-14.717360288737368, 0.9928553515701405, -0.7742701896901086)
4.040000000000002 (-14.645834156278863, 0.9925201976005481, -0.8432034302696902)
4.060000000000001 (-14.619394133278837, 0.9918402864032049, -0.937439895551136)
4.080000000000001 (-14.62547572970685, 0.9911000652555543, -1.0607739090817296)
4.1000000000000005 (-14.655523351002003, 0.9903442639773958, -1.201665442981317)
4.12 (-14.779520925859275, 0.9889279226447854, -1.3275490135005312)
4.14 (-14.928370550478949, 0.9871620780685562, -1.4386062737942444)
4.159999999999999 (-14.993426003334486, 0.987619053363125, -1.533889628424172)
4.179999999999999 (-15.027207352030551, 0.9880539963784697, -1.6269475529413553)
4.199999999999998 (-15.038581291733967, 0.9879939115789096, -1.7148841878980308)
4.219999999999998 (-15.031258905103789, 0.9878493933091158, -1.7965180343553482)
4.2399999999999975 (-15.010551447787856, 0.9873498962774393, -1.8723026395393534)
4.259999999999997 (-14.981860238779344, 0.9865488837078648, -1.9429916653911368)
4.279999999999997 (-14.949929002043971, 0.9855357473629899, -2.0094357868062995)
4.299999999999996 (-14.918590357611214, 0.9843823262499652, -2.0725375255863634)
4.319999999999996 (-14.890724630393054, 0.9831371817625886, -2.1330282304917336)
4.339999999999995 (-14.868330505802437, 0.9818263540644163, -2.1912119968951527)
4.359999999999995 (-14.85260481964075, 0.9804586230626524, -2.2468069437036573)
4.379999999999995 (-14.843977571499222, 0.9790334648531298, -2.2989447870710835)
4.399999999999994 (-14.842114671304973, 0.9775504967652703, -2.3463280894812253)
4.419999999999994 (-14.845944871532117, 0.9760196013424253, -2.3874743495996484)
4.439999999999993 (-14.85376697874757, 0.9744704503897799, -2.4209429116437984)
4.459999999999993 (-14.863447914402673, 0.9729591444963631, -2.4454740691788324)
4.479999999999992 (-14.872666460408743, 0.9715689537371405, -2.4600432345128227)
4.499999999999992 (-14.879135836798902, 0.9704026204045625, -2.46388816354344)
4.519999999999992 (-14.88076592508209, 0.9695660626524436, -2.4565681755891373)
4.539999999999991 (-14.87579776723622, 0.9691479003267799, -2.438070700952889)
4.559999999999991 (-14.862898749491006, 0.9692040603503397, -2.4089137074189066)
4.57999999999999 (-14.841427180824425, 0.9697563385147845, -2.3701960613818613)
4.59999999999999 (-14.811838801895007, 0.9708042344610976, -2.3234309427119717)
4.6199999999999894 (-14.776043180801855, 0.972337660630571, -2.270215484677604)
4.639999999999989 (-14.737630014693794, 0.9743410088136374, -2.2117514409482664)
4.659999999999989 (-14.701398069742607, 0.9767918306474244, -2.1483831559082827)
4.679999999999988 (-14.672266617581716, 0.9796574972580582, -2.0793553326828795)
4.699999999999988 (-14.653958448492748, 0.982888381445763, -2.0028530054299285)
4.719999999999987 (-14.648124984249263, 0.986409969034245, -1.9164670320957486)
4.739999999999987 (-14.654447090751278, 0.9901243302174688, -1.8180049094943362)
4.7599999999999865 (-14.671589318911948, 0.9939250176102701, -1.7063152714633052)
4.779999999999986 (-14.698275332869196, 0.9977147077593572, -1.5816903311926813)
4.799999999999986 (-14.73374355567182, 1.0014126879107865, -1.445702389328586)
4.819999999999985 (-14.777512753849184, 1.0049511402404623, -1.3007747781929626)
4.839999999999985 (-14.829000953986194, 1.008268570883725, -1.1498492740603325)
4.859999999999984 (-14.887432047365726, 1.0113074280946501, -0.9962029997061878)
4.879999999999984 (-14.95195790645933, 1.0140166183829775, -0.8432876853693055)
4.8999999999999835 (-15.02174359946132, 1.016356397387769, -0.6945775483047656)
4.919999999999983 (-15.095955005332067, 1.0183038683786396, -0.5534671789839956)
4.939999999999983 (-15.173716465968067, 1.0198581694354605, -0.42319758260467666)
4.959999999999982 (-15.25406866848664, 1.0210439841341357, -0.3067774811341635)
4.979999999999982 (-15.335920813326087, 1.0219116848057737, -0.20689572556366542)
4.999999999999981 (-15.418002708655697, 1.0225329388317643, -0.12582507227427855)
5.019999999999981 (-15.410525697849877, 1.022852124825588, -0.17923092012469322)
5.0399999999999805 (-15.373281262009622, 1.023352559196301, -0.30411464716094366)
5.05999999999998 (-15.38624779587578, 1.0245283244841692, -0.40959422269341006)
5.07999999999998 (-15.444094287329024, 1.0262332437964792, -0.5243661027835386)
5.099999999999979 (-15.53425010698306, 1.0279476460900507, -0.6414038819056157)
5.119999999999979 (-15.718924943806988, 1.0319261262416783, -0.6692192152973182)
5.139999999999978 (-15.891547777966782, 1.034844854362024, -0.7144908934902124)
5.159999999999978 (-16.013226400883443, 1.0356162067487897, -0.7788892730152334)
5.1799999999999775 (-16.102706411462773, 1.0356174362338284, -0.8487601139024811)
5.199999999999977 (-16.164547472460505, 1.0355664257577755, -0.9219692812542097)
5.219999999999977 (-16.203927171524832, 1.0357092301691233, -0.9965939823644019)
5.239999999999976 (-16.227521607174534, 1.0361379098269545, -1.0704787043437323)
5.259999999999976 (-16.241562470294838, 1.0368712275745093, -1.142228009108388)
5.279999999999975 (-16.251186014505777, 1.0378892515045726, -1.211005501019963)
5.299999999999975 (-16.260366529710115, 1.0391613665448358, -1.2762555458811013)
5.3199999999999745 (-16.2719257397336, 1.0406602520334884, -1.3374610746905888)
5.339999999999974 (-16.28755784735983, 1.0423665280742986, -1.3939431806394984)
5.359999999999974 (-16.307887384347495, 1.0442670221416388, -1.4447838326449676)
5.379999999999973 (-16.332560618993522, 1.0464093437514004, -1.4889144673391281)
5.399999999999973 (-16.360380589184327, 1.0485411267262328, -1.5253298278903267)
5.419999999999972 (-16.389463330250415, 1.0508723977647032, -1.553314433566805)
5.439999999999972 (-16.41746248524695, 1.0531890964397124, -1.5725741014764116)
5.4599999999999715 (-16.441796220396864, 1.0549761373299242, -1.5832361601369418)
5.479999999999971 (-16.459849163530624, 1.056680576024041, -1.5857516497076414)
5.499999999999971 (-16.469289108527434, 1.0577495285646887, -1.5806967500273221)
5.51999999999997 (-16.467920069446663, 1.0583970332651984, -1.5690667602560653)
5.53999999999997 (-16.454205447863096, 1.0582646691577635, -1.5518697805904278)
5.559999999999969 (-16.42730622351223, 1.057514973328951, -1.5302871330288288)
5.579999999999969 (-16.387283814375998, 1.0561137409974737, -1.5055971080651136)
5.599999999999969 (-16.335333149330427, 1.0540255392039801, -1.4788362405617348)
5.619999999999968 (-16.27391569417165, 1.0512823252368688, -1.4503332665578148)
5.639999999999968 (-16.20666810080127, 1.0479434887845647, -1.4191990471069502)
5.659999999999967 (-16.137746393986642, 1.0440927525973762, -1.3831984118651284)
5.679999999999967 (-16.07083015223746, 1.0398268632986305, -1.3391246825344876)
5.699999999999966 (-16.008183772990147, 1.0352494771031429, -1.2834736925104304)
5.719999999999966 (-15.950206645629384, 1.0304716139408465, -1.2132788206418974)
5.739999999999966 (-15.895897161277503, 1.0256128070210182, -1.1267625609904832)
5.759999999999965 (-15.843986366206044, 1.020796086897344, -1.0235331468657265)
5.779999999999965 (-15.793927431424567, 1.0161380224336167, -0.9043941358319114)
5.799999999999964 (-15.746134239648724, 1.0117417862039604, -0.7709998970354746)
5.819999999999964 (-15.701598255665724, 1.007697054384781, -0.6256154549229024)
5.839999999999963 (-15.661452535923011, 1.0040836035814973, -0.47100785182284044)
5.859999999999963 (-15.626812591874952, 1.0009732463991508, -0.31033017787686723)
5.879999999999963 (-15.598785499076332, 0.9984272155055078, -0.1469331882878458)
5.899999999999962 (-15.578459993906398, 0.9964896283165843, 0.015799086892464682)
5.919999999999962 (-15.566849396401848, 0.995179329290536, 0.17453319625273767)
5.939999999999961 (-15.5648243346424, 0.9944822592932246, 0.3260333111688641)
5.959999999999961 (-15.573041074713508, 0.9943464249930993, 0.4672094905059001)
5.9799999999999605 (-15.591859622704932, 0.994681629937885, 0.5951703607003869)
5.99999999999996 (-15.621256476284929, 0.995365546318884, 0.7072847421036523)
6.01999999999996 (-15.638216462695974, 0.9954196620598792, 0.6004837587102921)
6.039999999999959 (-15.665258057869233, 0.9956907596183454, 0.505666172395539)
6.059999999999959 (-15.738126070985299, 0.9958938761943541, 0.43898355286571583)
6.079999999999958 (-15.850729497511708, 0.9965105008725514, 0.3879965502615855)
6.099999999999958 (-15.98947282191072, 0.9973123548259154, 0.35074331777733136)
6.1199999999999575 (-16.15929549366795, 0.996970451121984, 0.404928874608418)
6.139999999999957 (-16.329141954877144, 0.9961773080838586, 0.4835815201915338)
6.159999999999957 (-16.46872974310702, 0.9966336309539883, 0.5092531450944409)
6.179999999999956 (-16.57994219739616, 0.9976837129674216, 0.5110929767770012)
6.199999999999956 (-16.669968260091746, 0.9982770192423596, 0.4927476162256159)
6.219999999999955 (-16.741885546217667, 0.9983380813414718, 0.4579836191380941)
6.239999999999955 (-16.800079632331855, 0.9979760842163307, 0.4125581868149357)
6.2599999999999545 (-16.84922844764375, 0.9972998792849798, 0.36167267609786635)
6.279999999999954 (-16.893384882468602, 0.9964066136044556, 0.3093349550205429)
6.299999999999954 (-16.93570753473606, 0.9953682888248787, 0.2585605529436891)
6.319999999999953 (-16.978369363558638, 0.9942264334368703, 0.2116155165203301)
6.339999999999953 (-17.02248140361741, 0.9929943903798222, 0.17021532627814145)
6.359999999999952 (-17.068090826106694, 0.9916644623277855, 0.1356387742706597)
6.379999999999952 (-17.1143034917018, 0.9902186738282893, 0.1087198443166412)
6.3999999999999515 (-17.159518113325394, 0.9888753285422199, 0.08975148894937132)
6.419999999999951 (-17.201714928323007, 0.9872956542619644, 0.07838853386767783)
6.439999999999951 (-17.238720862098344, 0.9859435003097508, 0.07366170381248457)
6.45999999999995 (-17.26841075517531, 0.9844909673042598, 0.07410177746824377)
6.47999999999995 (-17.28883670095556, 0.982994705995261, 0.07795719262581112)
6.499999999999949 (-17.298299278736465, 0.9816480708141269, 0.08315796963691814)
6.519999999999949 (-17.295533872050445, 0.9807836136465216, 0.0882825359513431)
6.5399999999999485 (-17.279798999880065, 0.9804563376100441, 0.09163526116417714)
6.559999999999948 (-17.25102811822962, 0.9805436670471593, 0.09168652473031827)
6.579999999999948 (-17.2099761651384, 0.9811338912905909, 0.08738502922376024)
6.599999999999947 (-17.158215592529086, 0.9822818493015515, 0.07853355025709564)
6.619999999999947 (-17.09798193712152, 0.983998140505108, 0.06624757827426175)
6.639999999999946 (-17.031828765906614, 0.9862667159505265, 0.053369017879860176)
6.659999999999946 (-16.962002094959853, 0.989049373381271, 0.0442008451150982)
6.6799999999999455 (-16.889779570692948, 0.9922834182571881, 0.04359475874447722)
6.699999999999945 (-16.81497616009297, 0.9958765976015859, 0.05572900854896257)
6.719999999999945 (-16.736027298266663, 0.9997041781128772, 0.08311556914306582)
6.739999999999944 (-16.650781558940047, 1.0036186517291106, 0.12636439089873194)
6.759999999999944 (-16.55764200854242, 1.0074741276613937, 0.18472979805075812)
6.779999999999943 (-16.45636443445958, 1.0111499938113846, 0.2569394936361954)
6.799999999999943 (-16.348083327448787, 1.014558109419648, 0.34168146367273794)
6.8199999999999426 (-16.234820512978025, 1.0176347020213958, 0.4375612513756325)
6.839999999999942 (-16.11902870244015, 1.0203295841253728, 0.5428839607137389)
6.859999999999942 (-16.00338835999592, 1.0226016490101264, 0.6556415397272043)
6.879999999999941 (-15.890709033152492, 1.0244208272903907, 0.773689938735419)
6.899999999999941 (-15.783822638381121, 1.0257732823953072, 0.8948899207661367)
6.91999999999994 (-15.685485390945516, 1.0266676360222877, 1.0171387849311715)
6.93999999999994 (-15.598293331938153, 1.0271406200290905, 1.1383621402900983)
6.95999999999994 (-15.524593709976973, 1.0272601779154198, 1.2565077655538022)
6.979999999999939 (-15.46638639994885, 1.0271239609314626, 1.3695378847580897)
6.999999999999939 (-15.425217360344291, 1.0268519166173926, 1.4754246039970196)
7.019999999999938 (-15.473321825991176, 1.0274114804171808, 1.447327470640874)
7.039999999999938 (-15.575067631781527, 1.0290994111572689, 1.3644496279814484)
7.059999999999937 (-15.677695312095752, 1.0312986439136453, 1.3352968131588097)
7.079999999999937 (-15.805495013738323, 1.0336801643470968, 1.344551196081897)
7.099999999999937 (-15.947094367342592, 1.035762060300178, 1.383662381902069)
7.119999999999936 (-16.03835268223336, 1.0393250654149182, 1.541129422815728)
7.139999999999936 (-16.138833024800338, 1.0413021122334487, 1.6859337050978949)
7.159999999999935 (-16.24725524719651, 1.0425617999890804, 1.7760918828769379)
7.179999999999935 (-16.349651803162217, 1.043874783928582, 1.8396440549777804)
7.1999999999999345 (-16.44263613178097, 1.044615008077212, 1.8769267190394672)
7.219999999999934 (-16.52798847707865, 1.0454852804446828, 1.8928077381700754)
7.239999999999934 (-16.607207855070904, 1.0466038711032521, 1.8939466502043658)
7.259999999999933 (-16.68134454461739, 1.0479856501349654, 1.8864356514977219)
7.279999999999933 (-16.751373351686873, 1.0496096116020968, 1.8753975787215753)
7.299999999999932 (-16.818117794165577, 1.0514431840961047, 1.864834860281885)
7.319999999999932 (-16.882008741023103, 1.0534563456356212, 1.8576344193374046)
7.3399999999999315 (-16.94290956428654, 1.0556251927674374, 1.8556593493299882)
7.359999999999931 (-17.000087005345293, 1.05792998633764, 1.8598344652575938)
7.379999999999931 (-17.052345939982857, 1.0603497841268639, 1.8702021551406114)
7.39999999999993 (-17.098282527060547, 1.0627956643193956, 1.8859732746836133)
7.41999999999993 (-17.13656200920488, 1.06503043933449, 1.9056144305988414)
7.439999999999929 (-17.16610730075922, 1.0670083882467531, 1.9269928690923703)
7.459999999999929 (-17.186173554456865, 1.0687944720882987, 1.947600998131743)
7.4799999999999285 (-17.196334292935262, 1.0703110928462172, 1.9647991931435687)
7.499999999999928 (-17.19634345053022, 1.0714613114122458, 1.976240422275863)
7.519999999999928 (-17.186545719806688, 1.071943657547887, 1.9793652960405874)
7.539999999999927 (-17.167435551080054, 1.0718061309596385, 1.9723666560376711)
7.559999999999927 (-17.139905768894543, 1.0709566277714428, 1.9540673409783813)
7.579999999999926 (-17.10524116822102, 1.0693521776085595, 1.9241048639863956)
7.599999999999926 (-17.064858906409047, 1.0670218601055306, 1.8832956532845773)
7.6199999999999255 (-17.01987488540644, 1.0640286706687936, 1.8339082328200529)
7.639999999999925 (-16.970616638581937, 1.0604503145793729, 1.7796521708447384)
7.659999999999925 (-16.916290199652405, 1.0563725625870057, 1.7251446902003693)
7.679999999999924 (-16.85499838074485, 1.0518804042277277, 1.6748398524628447)
7.699999999999924 (-16.784118245627003, 1.047057160641961, 1.631934522245098)
7.719999999999923 (-16.700956959815812, 1.0419903614694102, 1.5977096743888688)
7.739999999999923 (-16.603517488567576, 1.0367784418291752, 1.5717958266574352)
7.7599999999999225 (-16.491038872579544, 1.031530544500489, 1.5531925198202325)
7.779999999999922 (-16.364123310811802, 1.0263587390478963, 1.541231586807981)
7.799999999999922 (-16.224478646710146, 1.0213700105255643, 1.5358672931958781)
7.819999999999921 (-16.074568937913682, 1.01666361292219, 1.537373301911346)
7.839999999999921 (-15.917374106336124, 1.0123325945192818, 1.545977014558167)
7.85999999999992 (-15.75622776406608, 1.0084644299839514, 1.5617598311616103)
7.87999999999992 (-15.594641420546859, 1.0051374183308277, 1.5847266699369684)
7.8999999999999195 (-15.436148036664061, 1.0024135774753924, 1.6148453349983642)
7.919999999999919 (-15.284206179656273, 1.0003304298185804, 1.6520196576571158)
7.939999999999919 (-15.14213353654224, 0.9988934984435295, 1.6960423041744292)
7.959999999999918 (-15.013037660774831, 0.9980712624774747, 1.7465437585524446)
7.979999999999918 (-14.899739688944639, 0.9977945563797636, 1.8029332305256538)
7.999999999999917 (-14.804687328631225, 0.9979618495350447, 1.8643373185653913)
8.019999999999918 (-14.914554778785503, 0.9987452481619968, 1.8403030390970019)
8.039999999999917 (-15.012775624023444, 0.9996146724487835, 1.8359149941148756)
8.059999999999917 (-15.100532308993499, 1.000234806778805, 1.8828178645314537)
8.079999999999917 (-15.185310885176417, 1.00131121367026, 1.9729020404349173)
8.099999999999916 (-15.264554604328032, 1.002557348586592, 2.0925899922264413)
8.119999999999916 (-15.26462727727549, 1.0027099364588248, 2.263635582919585)
8.139999999999915 (-15.239589173346163, 1.0029669095664886, 2.4466092597867317)
8.159999999999915 (-15.259306618182542, 1.0039741475807369, 2.5890357905382335)
8.179999999999914 (-15.29391973559125, 1.0041521900491956, 2.704722079712008)
8.199999999999914 (-15.338004414640167, 1.0047481078761165, 2.7928014105886927)
8.219999999999914 (-15.391037217888696, 1.0050962246603512, 2.8567655213117913)
8.239999999999913 (-15.450362566979923, 1.0050709833662899, 2.9036860636594715)
8.259999999999913 (-15.512838980005757, 1.0047461382532028, 2.9396698345744072)
8.279999999999912 (-15.575750972801046, 1.0041948886268757, 2.9698415827443454)
8.299999999999912 (-15.63699386191037, 1.0034749726849992, 2.9982726918686455)
8.319999999999911 (-15.694905141380582, 1.0026212907858663, 3.0278260276835667)
8.339999999999911 (-15.748048109380063, 1.001644617644092, 3.060089314234044)
8.35999999999991 (-15.795139744952712, 1.0005356083849846, 3.095500416111742)
8.37999999999991 (-15.834970393058828, 0.9992742456926305, 3.133471719224661)
8.39999999999991 (-15.866761502019779, 0.9980706964586274, 3.172532334444411)
8.41999999999991 (-15.890244418199865, 0.996648648932265, 3.2106239584753324)
8.439999999999909 (-15.90573190455627, 0.9949747758854578, 3.245363284587779)
8.459999999999908 (-15.914049487409049, 0.9936064809776929, 3.2742724261478666)
8.479999999999908 (-15.916389311066975, 0.9924712633852342, 3.294966663513147)
8.499999999999908 (-15.91419244981712, 0.991309110624996, 3.305280584715882)
8.519999999999907 (-15.908832046525669, 0.9903246902763753, 3.303499751081663)
8.539999999999907 (-15.901824635965967, 0.9897214213652716, 3.288432076965839)
8.559999999999906 (-15.894674545653857, 0.9896026688483514, 3.2596207815047165)
8.579999999999906 (-15.888663136731376, 0.9899485029557106, 3.2175267810205446)
8.599999999999905 (-15.884460017498604, 0.991184526895855, 3.163638614463571)
8.619999999999905 (-15.881598648296391, 0.9929241753055201, 3.100446896767039)
8.639999999999905 (-15.878047617931097, 0.9951418459087008, 3.0311528002698966)
8.659999999999904 (-15.87027197650317, 0.9978665589134187, 2.9590351094051)
8.679999999999904 (-15.853922226590567, 1.0010409070558868, 2.886558883032872)
8.699999999999903 (-15.82491555608725, 1.0045557056680563, 2.8146034266197506)
8.719999999999903 (-15.780401109892315, 1.0082655968083485, 2.7423197085094784)
8.739999999999903 (-15.719174994818307, 1.012007955815563, 2.667859469819963)
8.759999999999902 (-15.641455377701337, 1.0156313378474051, 2.5896106623578192)
8.779999999999902 (-15.548316562672552, 1.0190181140429433, 2.5071421702169947)
8.799999999999901 (-15.44125223334073, 1.0220880826672603, 2.4213136811416254)
8.8199999999999 (-15.322095265177072, 1.0247876733361596, 2.3337808848033568)
8.8399999999999 (-15.19309608119436, 1.027078248674442, 2.2465117924925067)
8.8599999999999 (-15.056869889790333, 1.028931131238767, 2.1615977636460455)
8.8799999999999 (-14.916200573674548, 1.0303286582054256, 2.081205073987535)
8.899999999999899 (-14.773881733664677, 1.0312685365017347, 2.007508089036599)
8.919999999999899 (-14.632660562869916, 1.0317697727046093, 1.9426050136901396)
8.939999999999898 (-14.495221255619265, 1.0318783801633897, 1.8884358156699028)
8.959999999999898 (-14.36416575171303, 1.0316706860687206, 1.8466963379426142)
8.979999999999897 (-14.241993657412634, 1.0312521280882634, 1.818742527604525)
8.999999999999897 (-14.131076474921235, 1.030750116003673, 1.8054873398901226)
9.019999999999897 (-14.219980623428366, 1.0183918481297696, 1.8569354065263446)
9.039999999999896 (-14.307305018415317, 1.0223164263366022, 1.9141699475143852)
9.059999999999896 (-14.348962441340559, 1.0245704545718837, 2.0028297818912386)
9.079999999999895 (-14.361257573356664, 1.0271068962629184, 2.1228501724495654)
9.099999999999895 (-14.350543094839788, 1.0300631821785415, 2.2621297584958575)
9.119999999999894 (-14.228589951134332, 1.0338341961507531, 2.401740036468028)
9.139999999999894 (-14.093785479207073, 1.037760881736592, 2.520204082109059)
9.159999999999894 (-14.023095909880213, 1.0407213646220619, 2.633558528208988)
9.179999999999893 (-13.989702116944192, 1.0432852938564037, 2.7338722618050104)
9.199999999999893 (-13.981738873671683, 1.04564960804014, 2.821871158295482)
9.219999999999892 (-13.99255813658421, 1.0477470009909073, 2.899354097451378)
9.239999999999892 (-14.015588592765964, 1.0495630790655806, 2.9685996622260706)
9.259999999999891 (-14.045127089160946, 1.0511196260944606, 3.032061635288168)
9.279999999999891 (-14.07660400129498, 1.0524588214636286, 3.0919089226446657)
9.29999999999989 (-14.106515292859987, 1.0537123866361746, 3.149814146264484)
9.31999999999989 (-14.132302591872572, 1.0546813449789973, 3.206797985191346)
9.33999999999989 (-14.152242527238258, 1.055629052843473, 3.2630831681869212)
9.35999999999989 (-14.165367013758086, 1.056520395729279, 3.318097440237184)
9.379999999999889 (-14.171449051205103, 1.0571160930895966, 3.370619507622637)
9.399999999999888 (-14.171012048007729, 1.0575565961653468, 3.419042911227785)
9.419999999999888 (-14.165294401730854, 1.0580148721948726, 3.4616716268847663)
9.439999999999888 (-14.156114407435314, 1.0582597096707616, 3.4969517671557426)
9.459999999999887 (-14.145669956570364, 1.0585562243775963, 3.5235639801637024)
9.479999999999887 (-14.136288877145333, 1.0587761210637647, 3.5404615140019997)
9.499999999999886 (-14.13022348160324, 1.0583504980600664, 3.546886622644103)
9.519999999999886 (-14.12951006054358, 1.0576821699695513, 3.542402561026221)
9.539999999999885 (-14.13588895581943, 1.0568020895414405, 3.527013842593174)
9.559999999999885 (-14.150342561209406, 1.0556265701808107, 3.501321109555339)
9.579999999999885 (-14.173670347537378, 1.0541627138483327, 3.466363865270696)
9.599999999999884 (-14.205243363041939, 1.05248355903967, 3.4236893419480423)
9.619999999999884 (-14.24295356110279, 1.0506926963750236, 3.374887431328392)
9.639999999999883 (-14.283141888002787, 1.0488942134806452, 3.3210871025124575)
9.659999999999883 (-14.321024734946148, 1.047164020858219, 3.2625300697497193)
9.679999999999882 (-14.351785731180073, 1.0455121279094264, 3.1983288458948156)
9.699999999999882 (-14.371884667515914, 1.043834292697701, 3.1265523290755364)
9.719999999999882 (-14.379867025921925, 1.0421695149802026, 3.0447200203207094)
9.739999999999881 (-14.376187998661837, 1.0404086680571905, 2.950629120043057)
9.75999999999988 (-14.362229044318184, 1.0384831890503021, 2.843158059423839)
9.77999999999988 (-14.339249202815614, 1.0363777047495646, 2.722631528514919)
9.79999999999988 (-14.307982541676944, 1.0341178159645772, 2.5906255347804157)
9.81999999999988 (-14.268898077700934, 1.0317507153149015, 2.4495410415058374)
9.839999999999879 (-14.222567178831474, 1.0293315250076254, 2.302288278564247)
9.859999999999879 (-14.169737656785907, 1.0269188267084906, 2.1521087690098253)
9.879999999999878 (-14.111211841478656, 1.0245741342736467, 2.002410879048367)
9.899999999999878 (-14.047769911152553, 1.0223611332421236, 1.8566163569843708)
9.919999999999877 (-13.980183409256998, 1.0203441489143137, 1.7180606956588182)
9.939999999999877 (-13.909257196272025, 1.0185858603637177, 1.5899191029211495)
9.959999999999877 (-13.835871012213401, 1.0171441142091275, 1.4751275382916422)
9.979999999999876 (-13.761026480023661, 1.0160679219154631, 1.3762963609772467)
9.999999999999876 (-13.685894282235763, 1.0153930774266005, 1.295615603150038)
