0.0 (-15.75, 1.0, 0.0)
0.02 (-15.748286508278891, 1.0, 0.10198439390120419)
0.04 (-15.738708640077082, 1.0, 0.32470885958856127)
0.06 (-15.712983498682021, 1.0, 0.6216224481186068)
0.08 (-15.656352931631186, 1.0, 0.9289096923698278)
0.1 (-15.555071620965293, 1.0, 1.1850238458235893)
0.12000000000000001 (-15.410757678590619, 1.0, 1.382860459988766)
0.14 (-15.245048214081214, 1.0, 1.5628535877231036)
0.16 (-15.07919654832121, 1.0, 1.7418264753081376)
0.18 (-14.919303740495247, 1.0, 1.8963403659429532)
0.19999999999999998 (-14.76386302600479, 1.0, 2.0124843322851427)
0.21999999999999997 (-14.613957742074803, 1.0, 2.101313915454051)
0.23999999999999996 (-14.473403750488334, 1.0, 2.1730340338424865)
0.25999999999999995 (-14.344907160763244, 1.0, 2.229869402099202)
0.27999999999999997 (-14.22972383147212, 1.0, 2.273729088701844)
0.3 (-14.128705802224069, 1.0, 2.3075414893339965)
0.32 (-14.042279300361551, 1.0, 2.33356608101386)
0.34 (-13.97017475054175, 1.0, 2.353125471663206)
0.36000000000000004 (-13.938342734691687, 1.0, 2.3432273858076154)
0.38000000000000006 (-13.92679712083203, 1.0, 2.338803527385754)
0.4000000000000001 (-13.920969057994485, 1.0, 2.3468435564903922)
0.4200000000000001 (-13.91850169996806, 1.0, 2.349930946280611)
0.4400000000000001 (-13.919002976575076, 1.0, 2.346545536744634)
0.46000000000000013 (-13.924423146632497, 1.0, 2.3363923730966922)
0.48000000000000015 (-13.937881907678719, 1.0, 2.318316465768144)
0.5000000000000001 (-13.96323258596513, 1.0, 2.2908988097823335)
0.5200000000000001 (-14.004537805417314, 1.0, 2.2530421943687453)
0.5400000000000001 (-14.06510438647634, 1.0, 2.2041106091030414)
0.5600000000000002 (-14.146487774425957, 1.0, 2.1439302788993695)
0.5800000000000002 (-14.248058104214715, 1.0, 2.0728372747821857)
0.6000000000000002 (-14.366810550111733, 1.0, 1.9918465347607004)
0.6200000000000002 (-14.49791320727405, 1.0, 1.9026969071919655)
0.6400000000000002 (-14.635365440283902, 1.0, 1.8081058964200827)
0.6600000000000003 (-14.772652726437796, 1.0, 1.7119368475113106)
0.6800000000000003 (-14.903297191258083, 1.0, 1.6192663702843821)
0.7000000000000003 (-15.021345433731685, 1.0, 1.536305881347082)
0.7200000000000003 (-15.121897779875711, 1.0, 1.470045609780299)
0.7400000000000003 (-15.201645482733479, 1.0, 1.427520166440298)
0.7600000000000003 (-15.259181579590566, 1.0, 1.4146956613095822)
0.7800000000000004 (-15.294896302867073, 1.0, 1.4351207330499514)
0.8000000000000004 (-15.310489153992737, 1.0, 1.4888278088388567)
0.8200000000000004 (-15.30813932093889, 1.0, 1.571903441456807)
0.8400000000000004 (-15.289804634863657, 1.0, 1.6770538943022182)
0.8600000000000004 (-15.256880608712779, 1.0, 1.7951465010589134)
0.8800000000000004 (-15.210302821788451, 1.0, 1.9171444241275262)
0.9000000000000005 (-15.150915057845284, 1.0, 2.035527692604584)
0.9200000000000005 (-15.07983510934, 1.0, 2.1447135399522597)
0.9400000000000005 (-14.998584892740382, 1.0, 2.2408324933967956)
0.9600000000000005 (-14.908996359286446, 1.0, 2.3214322577800726)
0.9800000000000005 (-14.813055763527007, 1.0, 2.385305556020768)
1.0000000000000004 (-14.71277634006822, 1.0, 2.4323514569861593)
1.0200000000000005 (-14.610102559778216, 1.0, 2.4634175070777715)
1.0400000000000005 (-14.506843432739664, 1.0, 2.4801423951403927)
1.0600000000000005 (-14.404635592326523, 1.0, 2.4847500899854)
1.0800000000000005 (-14.304983345861022, 1.0, 2.480124207968425)
1.1000000000000005 (-14.1776434373588, 1.0, 2.5033029246518406)
1.1200000000000006 (-14.014746177560024, 1.0, 2.556142388235003)
1.1400000000000006 (-13.92587372451936, 1.0, 2.5587627628058516)
1.1600000000000006 (-13.916228081243295, 0.9981546651045098, 2.5108877400330876)
1.1800000000000006 (-13.902906739701429, 0.9975719146691809, 2.465951550786302)
1.2000000000000006 (-13.911309710853235, 0.9972183345099428, 2.4161169357085273)
1.2200000000000006 (-13.944671296106884, 0.996727099244667, 2.3675772365264005)
1.2400000000000007 (-13.9952655306889, 0.9962975050779381, 2.31810864825903)
1.2600000000000007 (-14.054222613479617, 0.9961416183003776, 2.2649536936622443)
1.2800000000000007 (-14.115206639967175, 0.9961069943375404, 2.2073141135710013)
1.3000000000000007 (-14.174204410942444, 0.9962284817995499, 2.1449964359632476)
1.3200000000000007 (-14.229054308790307, 0.9965056821212747, 2.0777513583939116)
1.3400000000000007 (-14.279358369775037, 0.9969035643262133, 2.005138772428251)
1.3600000000000008 (-14.326392200261207, 0.9973907849590522, 1.9264746758228262)
1.3800000000000008 (-14.372793317115477, 0.9979444967578217, 1.840855066592995)
1.4000000000000008 (-14.422008129560599, 0.998548823257955, 1.7473162617935554)
1.4200000000000008 (-14.477556044287663, 0.9991909904663605, 1.645093227706147)
1.4400000000000008 (-14.542272749332087, 0.9998581259716317, 1.5338963046077414)
1.4600000000000009 (-14.617739259987443, 1.0005358168851988, 1.4141446941503142)
1.4800000000000009 (-14.704027135478594, 1.0012081738499468, 1.2871348009749175)
1.5000000000000009 (-14.799741960229298, 1.001858850077675, 1.1551540367148656)
1.520000000000001 (-14.902230471549926, 1.0024726024871957, 1.021563729208977)
1.540000000000001 (-15.00780739038008, 1.003037208699427, 0.89086750268286)
1.560000000000001 (-15.111974598284629, 1.0035458412023346, 0.7687389592492879)
1.580000000000001 (-15.209621156205214, 1.003999425365069, 0.6620318663317869)
1.600000000000001 (-15.29555292609505, 1.0044094142735953, 0.578389878900951)
1.620000000000001 (-15.365171324738315, 1.0047989024459831, 0.5259292523165753)
1.640000000000001 (-15.415232763581676, 1.0052010044869244, 0.5120876461216013)
1.660000000000001 (-15.444576699047072, 1.005652503628891, 0.5423931524037802)
1.680000000000001 (-15.454046992755387, 1.0061837470013286, 0.6192735840775482)
1.700000000000001 (-15.44587036489044, 1.0068072123037197, 0.7410659443751746)
1.720000000000001 (-15.422794464154403, 1.007509774939513, 0.9017116212258723)
1.740000000000001 (-15.387366236833232, 1.0082542428521963, 1.091453461262001)
1.7600000000000011 (-15.34153751292484, 1.0089912558071326, 1.2986213207800754)
1.7800000000000011 (-15.28657155529512, 1.009675080787093, 1.5119304708936978)
1.8000000000000012 (-15.22323840136363, 1.0102737828957211, 1.7221320276959058)
1.8200000000000012 (-15.152213376027094, 1.0107695533152812, 1.9222567620834639)
1.8400000000000012 (-15.074367905940425, 1.0111535302297894, 2.1069637282627056)
1.8600000000000012 (-14.990756196663046, 1.0114219353422889, 2.2720563505023783)
1.8800000000000012 (-14.902462625846082, 1.011575383853428, 2.4144550739986332)
1.9000000000000012 (-14.810522034819389, 1.0116191459942219, 2.5322547297851776)
1.9200000000000013 (-14.715893447628751, 1.011562513638656, 2.624579741273769)
1.9400000000000013 (-14.619395875557567, 1.0114180983332, 2.6915233625290926)
1.9600000000000013 (-14.521687872736376, 1.0112006479117541, 2.734028053354698)
1.9800000000000013 (-14.4231857647936, 1.0109258452961463, 2.753824105204364)
2.0000000000000013 (-14.32403348500141, 1.0106090856820964, 2.753389864625553)
2.0200000000000014 (-14.214864216159034, 1.0101724647588177, 2.751301389888767)
2.0400000000000014 (-14.030937794597943, 1.0094564756474034, 2.783832925253246)
2.0600000000000014 (-13.846403935200302, 1.0087330346708037, 2.7751123684493177)
2.0800000000000014 (-13.677877254624574, 1.0080885520022704, 2.72473350198613)
2.1000000000000014 (-13.530819762114955, 1.0075610314933683, 2.6553428826575773)
2.1200000000000014 (-13.539430514021644, 1.0068676818631148, 2.554436928284998)
2.1400000000000015 (-13.563855351267348, 1.006298674344077, 2.4628470089155874)
2.1600000000000015 (-13.584575308902448, 1.0059595833805721, 2.398588225003782)
2.1800000000000015 (-13.618902791635794, 1.0058729676930063, 2.3476625464734417)
2.2000000000000015 (-13.665223042601179, 1.0059696524169786, 2.3078997134766057)
2.2200000000000015 (-13.718170009134516, 1.0061571707439048, 2.2747347002681724)
2.2400000000000015 (-13.773046257094727, 1.0063597198990226, 2.2437673881265123)
2.2600000000000016 (-13.826948410078442, 1.006526869882305, 2.212147663562768)
2.2800000000000016 (-13.878404628039528, 1.0066255704012848, 2.177763997489278)
2.3000000000000016 (-13.927142084525109, 1.0066338522051739, 2.1388968788995903)
2.3200000000000016 (-13.974114677813724, 1.0065377466862206, 2.0942150827158743)
2.3400000000000016 (-14.021362527860555, 1.0063289171353933, 2.042754426310988)
2.3600000000000017 (-14.071731481581319, 1.0060033122328076, 1.9839160082678362)
2.3800000000000017 (-14.128434759185437, 1.0055604846866628, 1.9174916373663564)
2.4000000000000017 (-14.194508139702041, 1.0050030165297656, 1.8436792909504611)
2.4200000000000017 (-14.272276149434273, 1.0043359677725374, 1.7630729023709673)
2.4400000000000017 (-14.362953312273248, 1.003566818643246, 1.6766392027322066)
2.4600000000000017 (-14.466449795972128, 1.0027064179536462, 1.585710114982249)
2.4800000000000018 (-14.581368063688984, 1.0017707463666046, 1.4920138294968441)
2.5000000000000018 (-14.7051096200383, 1.0007824788353974, 1.397747712571111)
2.520000000000002 (-14.83399438742289, 0.9997713361760872, 1.3056781877049877)
2.540000000000002 (-14.963349261301632, 0.9987730814192715, 1.2192449403087533)
2.560000000000002 (-15.08757173442734, 0.9978273829520686, 1.1426493675825087)
2.580000000000002 (-15.200395208914356, 0.9969744903437571, 1.0808241826715574)
2.600000000000002 (-15.295360736779822, 0.9962500861978045, 1.0393491420784706)
2.620000000000002 (-15.366610148407375, 0.9956783031847952, 1.024037504452364)
2.640000000000002 (-15.409802062793561, 0.9952652344015369, 1.0402875419137125)
2.660000000000002 (-15.422817947798821, 0.9949952867111025, 1.0921584482623097)
2.680000000000002 (-15.40603708255581, 0.9948341442734242, 1.1811771612825368)
2.700000000000002 (-15.362003504005157, 0.994741758858657, 1.3055239889496586)
2.720000000000002 (-15.29465409064855, 0.9946899016030943, 1.4597571555896196)
2.740000000000002 (-15.208616076710388, 0.9946727213661154, 1.6353290499863018)
2.760000000000002 (-15.108444032927633, 0.9947014114982852, 1.822154991130476)
2.780000000000002 (-14.998005863602291, 0.9947890459623762, 2.0105389759999)
2.800000000000002 (-14.880303687311471, 0.9949391538510771, 2.192465304641055)
2.820000000000002 (-14.757772984031194, 0.9951440668796022, 2.3617859823200793)
2.840000000000002 (-14.632617766339507, 0.9953882039731758, 2.5137973488626417)
2.860000000000002 (-14.506871115098889, 0.9956505930864219, 2.644913866840043)
2.880000000000002 (-14.382288846259113, 0.9959059118285637, 2.7526254786883775)
2.900000000000002 (-14.26027543960773, 0.9961261892759069, 2.8354218188202482)
2.920000000000002 (-14.141836495881652, 0.9962816583608181, 2.8929810032389636)
2.940000000000002 (-14.027815875382977, 0.996346938809599, 2.9256341869836118)
2.960000000000002 (-13.918498728232137, 0.9963031024670687, 2.934437158444958)
2.980000000000002 (-13.813740452830855, 0.996141203522053, 2.9211997389496918)
3.000000000000002 (-13.712944076486732, 0.9958649083488094, 2.8883908187773697)
3.0200000000000022 (-13.60154806441918, 0.9955437546382221, 2.850994651082001)
3.0400000000000023 (-13.405396003503029, 0.9952050538952715, 2.825133621222247)
3.0600000000000023 (-13.218449511436079, 0.9947728575185358, 2.7598835986285812)
3.0800000000000023 (-13.05965159096895, 0.9942591943203019, 2.6589714078620283)
3.1000000000000023 (-12.94969818022846, 0.9938410355257543, 2.5416285615207737)
3.1200000000000023 (-12.961417854516597, 0.9905785077127085, 2.429737048293212)
3.1400000000000023 (-12.991646166341871, 0.9904508508123828, 2.324260899251608)
3.1600000000000024 (-13.029399849063992, 0.9908095726010778, 2.2391900230614454)
3.1800000000000024 (-13.075042546487666, 0.9912221271505095, 2.1698771890979756)
3.2000000000000024 (-13.122933521587493, 0.9916065150478356, 2.1207809921208534)
3.2200000000000024 (-13.171331423098353, 0.9919914372001308, 2.0885649930744816)
3.2400000000000024 (-13.218860377604623, 0.9923366075127084, 2.0673908081748693)
3.2600000000000025 (-13.265183234683779, 0.992630575795809, 2.051393221675607)
3.2800000000000025 (-13.311026503451602, 0.9928944038799338, 2.0356695564253893)
3.3000000000000025 (-13.357794652910462, 0.9931625880925696, 2.0169267774531283)
3.3200000000000025 (-13.40753667808616, 0.9934748368407464, 1.9931845806840776)
3.3400000000000025 (-13.462801591114092, 0.9938706359064087, 1.9635339686504802)
3.3600000000000025 (-13.526405039120345, 0.9943855246711251, 1.9280303285399003)
3.3800000000000026 (-13.601109266399819, 0.9950490334512067, 1.88753569624366)
3.4000000000000026 (-13.689227880400994, 0.995883055539708, 1.8434625819904915)
3.4200000000000026 (-13.792262829873895, 0.9968997916845184, 1.797504953945576)
3.4400000000000026 (-13.910624254612223, 0.998099321635167, 1.7514038593753536)
3.4600000000000026 (-14.043462997768122, 0.9994676404541539, 1.706787755613883)
3.4800000000000026 (-14.188613845462077, 1.0009759281128714, 1.665119099523675)
3.5000000000000027 (-14.34255160979084, 1.0025809074393421, 1.6277266617793371)
3.5200000000000027 (-14.50072427113992, 1.0042286525547934, 1.5959298335632648)
3.5400000000000027 (-14.657119051843045, 1.0058546333777225, 1.5712100723154157)
3.5600000000000027 (-14.804764638558499, 1.0073903073438042, 1.5552289662584966)
3.5800000000000027 (-14.93575366460071, 1.0087675181866846, 1.5500090589943034)
3.6000000000000028 (-15.041852889091048, 1.0099279989079102, 1.557874718690529)
3.6200000000000028 (-15.115332133165731, 1.0108324957629098, 1.581508127905573)
3.640000000000003 (-15.150031714923438, 1.0114681781589678, 1.6237723361569685)
3.660000000000003 (-15.142358604513657, 1.0118509867156806, 1.687200709977389)
3.680000000000003 (-15.092033692639527, 1.0120208313658445, 1.7731092198490066)
3.700000000000003 (-15.002127465065227, 1.0120264240304626, 1.8807798582632678)
3.720000000000003 (-14.87847821659902, 1.0119064101847206, 2.0068756439340802)
3.740000000000003 (-14.728852492296767, 1.0116788628054647, 2.1455169366333817)
3.760000000000003 (-14.56163134528977, 1.0113452862767476, 2.2892630144153956)
3.780000000000003 (-14.384464144262191, 1.0109040071760713, 2.430556011284263)
3.800000000000003 (-14.203520927904124, 1.0103610001844832, 2.562887232914701)
3.820000000000003 (-14.023612363181172, 1.0097324838599373, 2.681205881750524)
3.840000000000003 (-13.848659220260954, 1.009042279520834, 2.7817378161144255)
3.860000000000003 (-13.681923750970071, 1.0083187646932663, 2.8617134502111745)
3.880000000000003 (-13.525958599055608, 1.0075931061860792, 2.9192686863194974)
3.900000000000003 (-13.382550547015926, 1.0068978557700186, 2.9534143387462772)
3.920000000000003 (-13.252761308800883, 1.0062647634098123, 2.96395203321223)
3.940000000000003 (-13.136961778233308, 1.0057215324871678, 2.9513598702569723)
3.960000000000003 (-13.03482920489828, 1.0052879709726594, 2.9166970058327513)
3.980000000000003 (-12.945338206938986, 1.0049723266094412, 2.861529752785037)
4.000000000000003 (-12.8667661471204, 1.004768799037911, 2.7878741991762204)
4.020000000000002 (-12.7630441769599, 1.004382999484221, 2.7032083295818476)
4.040000000000002 (-12.593857138744198, 1.003704303117211, 2.591736784477875)
4.060000000000001 (-12.454906784821832, 1.0032783858706187, 2.449871602644417)
4.080000000000001 (-12.35133154689392, 1.0029900538897334, 2.285698300474792)
4.1000000000000005 (-12.276843796563718, 1.0028289713152434, 2.1201119164348543)
4.12 (-12.289789585993596, 1.0026761424459858, 2.0105404651953807)
4.14 (-12.363463033469849, 1.0038060249286413, 1.9319925584086801)
4.159999999999999 (-12.422154872367694, 1.0044253521495417, 1.859937621751963)
4.179999999999999 (-12.464713533837939, 1.0051498221477213, 1.814861200791668)
4.199999999999998 (-12.508074258768897, 1.0060587287569718, 1.7874007499511633)
4.219999999999998 (-12.551423270326405, 1.0068300094035398, 1.7752643481360582)
4.2399999999999975 (-12.59520937505263, 1.0074831204699886, 1.7716818038530113)
4.259999999999997 (-12.640097771348792, 1.007941167970413, 1.7717207060690865)
4.279999999999997 (-12.687272335101301, 1.008166665799049, 1.7719400415594646)
4.299999999999996 (-12.738253542625266, 1.0081487277810128, 1.7702890870792385)
4.319999999999996 (-12.7948732481368, 1.007888429620606, 1.7660000261598974)
4.339999999999995 (-12.859220278004493, 1.0073928979516968, 1.7594802040484867)
4.359999999999995 (-12.933477057745646, 1.0066719865009754, 1.7521204215212804)
4.379999999999995 (-13.019654413922092, 1.005736926569056, 1.7459813568164666)
4.399999999999994 (-13.119276133360474, 1.0046005158213511, 1.74338296169653)
4.419999999999994 (-13.233086488008798, 1.0032780739246383, 1.7464713652028983)
4.439999999999993 (-13.360838985397555, 1.0017889146861203, 1.7568594266326965)
4.459999999999993 (-13.5011849308225, 1.0001585147387173, 1.7754182435779706)
4.479999999999992 (-13.651640615120854, 0.9984210219859504, 1.8022418722224363)
4.499999999999992 (-13.808589128560325, 0.9966207254183156, 1.836742000558082)
4.519999999999992 (-13.967274710753495, 0.9948110147777613, 1.8777922448639723)
4.539999999999991 (-14.121784725114736, 0.9930505562881593, 1.9238681994867082)
4.559999999999991 (-14.265014097783032, 0.9913972171245236, 1.9731450071443686)
4.57999999999999 (-14.388908206346821, 0.9898996975044458, 2.0236861429890642)
4.59999999999999 (-14.484754965953462, 0.9885879560198194, 2.073772133087867)
4.6199999999999894 (-14.544201590889417, 0.9874631328507063, 2.1222201086292998)
4.639999999999989 (-14.560189344392064, 0.9864933510294522, 2.168803307754353)
4.659999999999989 (-14.528139136436588, 0.9856169153123279, 2.2141686623159056)
4.679999999999988 (-14.447046331740452, 0.9847586943028211, 2.2594096207286123)
4.699999999999988 (-14.319967136963541, 0.983858944317584, 2.305268809550451)
4.719999999999987 (-14.153837682958834, 0.9829033027240703, 2.3513751534908427)
4.739999999999987 (-13.958510357341828, 0.9819326823675554, 2.39597010950601)
4.7599999999999865 (-13.74504348233905, 0.9810219547713056, 2.436248364965894)
4.779999999999986 (-13.523772690393924, 0.9802428224289467, 2.4690729594186616)
4.799999999999986 (-13.303117149085127, 0.9796386519967026, 2.491662125917304)
4.819999999999985 (-13.089585185167087, 0.9792226978823835, 2.5019659683127045)
4.839999999999985 (-12.888351208510384, 0.9789880691067474, 2.4986743904562103)
4.859999999999984 (-12.70358089317552, 0.9789149246448299, 2.481053108189863)
4.879999999999984 (-12.538400684940957, 0.9789724117489568, 2.448824357926829)
4.8999999999999835 (-12.394858818869151, 0.9791202081836489, 2.4021109887952874)
4.919999999999983 (-12.274004020044021, 0.9793123316800214, 2.3413726581471486)
4.939999999999983 (-12.17597268066458, 0.9795025938729862, 2.267315238525664)
4.959999999999982 (-12.100032086756213, 0.9796507059117883, 2.180801785701895)
4.979999999999982 (-12.044609130068105, 0.9797281868494133, 2.082780395195471)
4.999999999999981 (-12.007325346246523, 0.9797227466349607, 1.9742332248248091)
5.019999999999981 (-11.96826926622287, 0.9798231082942266, 1.8516295465506754)
5.0399999999999805 (-11.871051833741376, 0.9803817999475765, 1.666264416821803)
5.05999999999998 (-11.80943819276174, 0.9809452831501997, 1.4605764632909872)
5.07999999999998 (-11.792985356160964, 0.9812407217867329, 1.2545065708192331)
5.099999999999979 (-11.805995066112443, 0.9812193472803948, 1.0623050892728643)
5.119999999999979 (-11.880959794700107, 0.9814626679272014, 0.9973445962496298)
5.139999999999978 (-11.983264137349458, 0.9803046806966922, 0.9538600708676458)
5.159999999999978 (-12.085518399937358, 0.9792665330118089, 0.9161851739692454)
5.1799999999999775 (-12.164555329064886, 0.9783100907422229, 0.9006107330004871)
5.199999999999977 (-12.225975618017356, 0.9773574855129076, 0.9015083837257438)
5.219999999999977 (-12.276423191133881, 0.9766157861314405, 0.9115445170368693)
5.239999999999976 (-12.32032593858409, 0.9761471870009786, 0.9258738642076273)
5.259999999999976 (-12.361477130594269, 0.9759506461241947, 0.9418723247069238)
5.279999999999975 (-12.403335173466811, 0.9760201298525988, 0.9583076442326481)
5.299999999999975 (-12.448890974716642, 0.9763575125145022, 0.975113727805018)
5.3199999999999745 (-12.50057903015004, 0.9769753359413836, 0.9933125156362849)
5.339999999999974 (-12.560232016241464, 0.9778945240276248, 1.0148313668911502)
5.359999999999974 (-12.629036071664487, 0.9791388539821613, 1.0421912834193234)
5.379999999999973 (-12.707496680425573, 0.9806916606426579, 1.0781003525819646)
5.399999999999973 (-12.795436381539393, 0.9826213410468913, 1.125012138161712)
5.419999999999972 (-12.892041881683118, 0.9848205506499838, 1.1847236683152866)
5.439999999999972 (-12.995921529916926, 0.9873024801459834, 1.2580778915942843)
5.4599999999999715 (-13.105159801551201, 0.9901305792579842, 1.344807036257002)
5.479999999999971 (-13.217338672265141, 0.9930875162713472, 1.4435096531597664)
5.499999999999971 (-13.32948135582207, 0.9961388465457028, 1.5516791686516291)
5.51999999999997 (-13.43807391232237, 0.9991122203003447, 1.6659477785337233)
5.53999999999997 (-13.538806105687156, 1.0019635172686265, 1.7819391234518338)
5.559999999999969 (-13.626685812218856, 1.004473217199908, 1.8945030249823915)
5.579999999999969 (-13.696074356828639, 1.0065922927109434, 1.9979461796918574)
5.599999999999969 (-13.740841934578002, 1.0082355480964706, 2.086455800750364)
5.619999999999968 (-13.755033865215541, 1.0093148402180434, 2.1548884808562545)
5.639999999999968 (-13.733368007781902, 1.0097832274073406, 2.1995548378556626)
5.659999999999967 (-13.672174018838515, 1.0096465274500042, 2.2186835333323875)
5.679999999999967 (-13.570567101024052, 1.0089644606986858, 2.2126691178419486)
5.699999999999966 (-13.43107441154196, 1.007830242653783, 2.183698248649035)
5.719999999999966 (-13.259754974786363, 1.0063411369622846, 2.134962959832934)
5.739999999999966 (-13.065653054667733, 1.0045784858048008, 2.0700271750642703)
5.759999999999965 (-12.859275662943785, 1.002606347516335, 1.9922283734576756)
5.779999999999965 (-12.650741988904034, 1.0004834284762247, 1.9042676840512125)
5.799999999999964 (-12.448526144236135, 0.9982732204500961, 1.8081592970894549)
5.819999999999964 (-12.259246448291861, 0.9960459697054884, 1.7055284795927668)
5.839999999999963 (-12.088041766567429, 0.9938761037645585, 1.5978886334587028)
5.859999999999963 (-11.938876626960992, 0.9918393348288033, 1.4866799816699723)
5.879999999999963 (-11.814585526169534, 0.9900101489480209, 1.3731794599543365)
5.899999999999962 (-11.7168809465862, 0.9884590019657066, 1.2584441372276902)
5.919999999999962 (-11.646446954376747, 0.9872482790236317, 1.1432987194417163)
5.939999999999961 (-11.603049997590933, 0.9864264499026977, 1.0283043611571099)
5.959999999999961 (-11.585617597316329, 0.9860209646225434, 0.9137076519943805)
5.9799999999999605 (-11.592298690709567, 0.9860314898068345, 0.7993955942647405)
5.99999999999996 (-11.620518859319157, 0.9864255829298069, 0.6848717279171707)
6.01999999999996 (-11.646428352967433, 0.986763354415452, 0.5414174843259422)
6.039999999999959 (-11.664641168681582, 0.9869108602600872, 0.3272075325403161)
6.059999999999959 (-11.725963524101521, 0.987789137265457, 0.12682523140431456)
6.079999999999958 (-11.823993451717211, 0.9891473049840476, -0.05280895928477154)
6.099999999999958 (-11.93734265962248, 0.9907047991049135, -0.20774816845505475)
6.1199999999999575 (-12.044194460749585, 0.9919282116124958, -0.26036032749333204)
6.139999999999957 (-12.154638145355069, 0.9942063764526268, -0.24940087482697748)
6.159999999999957 (-12.262474737552047, 0.9964963616124919, -0.23796771049477528)
6.179999999999956 (-12.342911966389378, 0.9980082522988266, -0.22086298578657884)
6.199999999999956 (-12.395057854401706, 0.9992081108708488, -0.19963309882559324)
6.219999999999955 (-12.43034934262285, 1.000066571825091, -0.1762481688959651)
6.239999999999955 (-12.456571962140506, 1.0006037537743862, -0.15241895706869832)
6.2599999999999545 (-12.478977777544493, 1.0008829899869995, -0.1283592116070237)
6.279999999999954 (-12.501521082092811, 1.0009504589595974, -0.10316946179095456)
6.299999999999954 (-12.527044262468783, 1.000824844538654, -0.07518802846914016)
6.319999999999953 (-12.557228991974862, 1.0005009438937726, -0.04210981205869447)
6.339999999999953 (-12.592647694260767, 0.9999569999300707, -0.0011455278971387838)
6.359999999999952 (-12.632915232700535, 0.9991635276370262, 0.05068481030047893)
6.379999999999952 (-12.676915404760177, 0.9980916037155673, 0.1161584602025864)
6.3999999999999515 (-12.723081694568386, 0.9966849482719429, 0.19743750303019486)
6.419999999999951 (-12.769692541837387, 0.9950059661176743, 0.2957223486418689)
6.439999999999951 (-12.815117981600205, 0.9930085469264772, 0.4110232170550278)
6.45999999999995 (-12.857964745379023, 0.9908121398046776, 0.5420657502847247)
6.47999999999995 (-12.897096660196697, 0.9885008988942384, 0.686295786721846)
6.499999999999949 (-12.931529626450635, 0.9860718239721037, 0.8400030522846296)
6.519999999999949 (-12.960341485227119, 0.9835251764900144, 0.9980383815975888)
6.5399999999999485 (-12.98258013013684, 0.9809937552487035, 1.1543722255776594)
6.559999999999948 (-12.997082125914021, 0.9786979332434599, 1.3017265910788691)
6.579999999999948 (-13.002412874049638, 0.976654630702852, 1.4318701138738457)
6.599999999999947 (-12.996699494471308, 0.9748778742404611, 1.5360721624726297)
6.619999999999947 (-12.977771064200178, 0.9733841238735339, 1.6061857907628465)
6.639999999999946 (-12.94310446111423, 0.9721529422602786, 1.6356281560873496)
6.659999999999946 (-12.890381750503188, 0.9711176460467965, 1.6204146996348898)
6.6799999999999455 (-12.818306352401995, 0.9701844261861893, 1.5600213485008496)
6.699999999999945 (-12.72750962594095, 0.969271140613171, 1.4575167530739046)
6.719999999999945 (-12.62117016363456, 0.9683479799305617, 1.3190951646690219)
6.739999999999944 (-12.504878273398718, 0.9674527134854003, 1.1530890735400647)
6.759999999999944 (-12.38564767209191, 0.9666668803698508, 0.9685368196145654)
6.779999999999943 (-12.270498624355474, 0.96607174722699, 0.7736903103140156)
6.799999999999943 (-12.165355285225749, 0.9657172399372022, 0.5751880480328463)
6.8199999999999426 (-12.074703326943915, 0.9656176727930649, 0.37820514742953093)
6.839999999999942 (-12.001812505637712, 0.965762147446731, 0.1869845889142967)
6.859999999999942 (-11.94901824522178, 0.966123337386331, 0.005069540591915403)
6.879999999999941 (-11.917820299270495, 0.9666607494591881, -0.16477145385291886)
6.899999999999941 (-11.90892034050412, 0.9673233147830261, -0.32060107760315476)
6.91999999999994 (-11.92231282011319, 0.9680545200357584, -0.4612703860597143)
6.93999999999994 (-11.957403558292688, 0.9687996457522544, -0.5863745911689103)
6.95999999999994 (-12.01311041758941, 0.9695136826580134, -0.6962478803590998)
6.979999999999939 (-12.087943083969384, 0.9701685367858568, -0.7919649027004005)
6.999999999999939 (-12.180066393294434, 0.9707577382025446, -0.8753270483319852)
7.019999999999938 (-12.285190833399405, 0.9715083804058428, -0.9661950765298168)
7.039999999999938 (-12.426596932615382, 0.973041426163551, -1.1353109455887598)
7.059999999999937 (-12.600334746233946, 0.9745873480455379, -1.2791485757050038)
7.079999999999937 (-12.792322191777979, 0.9757703665240514, -1.3806644959769525)
7.099999999999937 (-12.983174081261327, 0.9765093820845783, -1.449135229148236)
7.119999999999936 (-13.083474170196437, 0.9770117844974081, -1.4145245783820066)
7.139999999999936 (-13.175242156705709, 0.9767372320139119, -1.3447283447322989)
7.159999999999935 (-13.253151284376601, 0.976238465580684, -1.2763290781856567)
7.179999999999935 (-13.309284364834367, 0.9753498224986549, -1.214710220811706)
7.1999999999999345 (-13.343767925434122, 0.974472001771878, -1.1623930668463347)
7.219999999999934 (-13.364552619671175, 0.9735735662734775, -1.1166259504029692)
7.239999999999934 (-13.377311632378692, 0.9728528485604508, -1.0752965150890812)
7.259999999999933 (-13.386176236403271, 0.9723775909418456, -1.0355681803724435)
7.279999999999933 (-13.393739722703254, 0.9721753212742178, -0.9945165395002195)
7.299999999999932 (-13.401199838639386, 0.9722638943025523, -0.9493256169570679)
7.319999999999932 (-13.408504423832476, 0.9726572138447563, -0.8973549601506309)
7.3399999999999315 (-13.414540551415243, 0.9733664091351973, -0.8362604789275542)
7.359999999999931 (-13.417419846263023, 0.974398705584248, -0.764153313470223)
7.379999999999931 (-13.414852625467224, 0.9757550364151675, -0.6797637435459173)
7.39999999999993 (-13.404561169579697, 0.9773666601292914, -0.5825740403485653)
7.41999999999993 (-13.38466453773906, 0.9792906161458601, -0.4729018156839721)
7.439999999999929 (-13.35397757466402, 0.9814269550218214, -0.35192070342684956)
7.459999999999929 (-13.312174444915517, 0.9836984870353186, -0.22166209327824438)
7.4799999999999285 (-13.259820502085223, 0.9859799976095337, -0.08500391820178366)
7.499999999999928 (-13.198362230509426, 0.9882596964117528, 0.05427038701258495)
7.519999999999928 (-13.129822065678526, 0.9904618073469393, 0.19167646468947974)
7.539999999999927 (-13.056977501233558, 0.9924529243848682, 0.32155519223972123)
7.559999999999927 (-12.983110801617805, 0.9941891982237233, 0.43740559036407495)
7.579999999999926 (-12.911798139296977, 0.9956033618914925, 0.5320079105198784)
7.599999999999926 (-12.846555502481104, 0.996603169861867, 0.5977647463743764)
7.6199999999999255 (-12.790306628971443, 0.9971129534546214, 0.6273877552570387)
7.639999999999925 (-12.744873223155595, 0.9970949673724357, 0.6148499437057824)
7.659999999999925 (-12.710740174977548, 0.9965560093038944, 0.5563968513398012)
7.679999999999924 (-12.687284187232938, 0.9955483975610272, 0.45161878978516723)
7.699999999999924 (-12.673329115778198, 0.9941545282660312, 0.30387379418783705)
7.719999999999923 (-12.6679021852769, 0.9924648293448155, 0.12009354244209605)
7.739999999999923 (-12.670615432585262, 0.9905621633118589, -0.08993761922941276)
7.7599999999999225 (-12.681729790465443, 0.9885195250874161, -0.31522211008309314)
7.779999999999922 (-12.701955901583078, 0.986407355126379, -0.5453988886300204)
7.799999999999922 (-12.732107207183061, 0.9842988277088364, -0.7718849293533441)
7.819999999999921 (-12.772764669558763, 0.9822692666855324, -0.9879394911247014)
7.839999999999921 (-12.824148383314661, 0.9803935738127572, -1.1882293471068692)
7.85999999999992 (-12.886182614793903, 0.9787444509856688, -1.3685525335535618)
7.87999999999992 (-12.958589683701927, 0.9773907839843751, -1.5258315370749294)
7.8999999999999195 (-13.040942119050465, 0.9763953978784886, -1.658117017364285)
7.919999999999919 (-13.132706210760546, 0.9758116339076564, -1.764504125184717)
7.939999999999919 (-13.233306688355174, 0.9756783670497045, -1.8450403846801657)
7.959999999999918 (-13.342199389639788, 0.9760138678686707, -1.9006689226532192)
7.979999999999918 (-13.458932789402127, 0.9768099210123127, -1.933185970358728)
7.999999999999917 (-13.583187797927698, 0.9780281295970088, -1.9451955143070558)
8.019999999999918 (-13.73549460504306, 0.9792912715793338, -1.9730953415770973)
8.039999999999917 (-13.954215098642527, 0.9807615098515898, -2.027128378387837)
8.059999999999917 (-14.173205994990992, 0.982969013619703, -2.0327822040742323)
8.079999999999917 (-14.383641095783359, 0.9856114077842574, -1.9969346936393437)
8.099999999999916 (-14.574900611543988, 0.9883940314077111, -1.9384174510586365)
8.119999999999916 (-14.669803137615745, 0.9903241649827708, -1.8545074079891737)
8.139999999999915 (-14.707273488432099, 0.9924587447701592, -1.747563634020688)
8.159999999999915 (-14.738249683289084, 0.9944141384159022, -1.6455355231790676)
8.179999999999914 (-14.756585323882423, 0.9967078907263474, -1.561904607939497)
8.199999999999914 (-14.762820786373588, 0.9982640477675032, -1.5012918947127465)
8.219999999999914 (-14.761199712200119, 0.9994522796432821, -1.456429380266122)
8.239999999999913 (-14.755247361749388, 1.0002630178901581, -1.4216615933026788)
8.259999999999913 (-14.746796685492704, 1.000700067268759, -1.3915536932390427)
8.279999999999912 (-14.736261575170795, 1.0007948955778727, -1.3615955225986125)
8.299999999999912 (-14.72291295419551, 1.0005704830478268, -1.3283786901038606)
8.319999999999911 (-14.705043729427116, 1.0000346831139733, -1.2895133431349697)
8.339999999999911 (-14.680200373685084, 0.9991813781671075, -1.243586422911195)
8.35999999999991 (-14.645554681766757, 0.997995303496465, -1.1901405062009056)
8.37999999999991 (-14.598209939878402, 0.9964566963925809, -1.1294548023899091)
8.39999999999991 (-14.535839299453043, 0.9945172172258431, -1.0624601965037588)
8.41999999999991 (-14.456983443643264, 0.9922185299602312, -0.9905467755036658)
8.439999999999909 (-14.361327449228453, 0.9896303590733732, -0.9153644691848888)
8.459999999999908 (-14.249831957030617, 0.9866761426628627, -0.8387014994461667)
8.479999999999908 (-14.124737888125974, 0.9834438213690924, -0.7624527161700914)
8.499999999999908 (-13.989489405617658, 0.9802347119952405, -0.6886725748409139)
8.519999999999907 (-13.848760198781521, 0.9770269358137127, -0.6196947775709855)
8.539999999999907 (-13.708269466453354, 0.9738647764213713, -0.5581901997460639)
8.559999999999906 (-13.574792816777729, 0.9708543771133338, -0.5072927089482986)
8.579999999999906 (-13.45592055849753, 0.9681160473393633, -0.4706209204976718)
8.599999999999905 (-13.359504036347252, 0.965694265148553, -0.4522171883210585)
8.619999999999905 (-13.292783004933845, 0.9637453526653192, -0.4563297898322908)
8.639999999999905 (-13.261340024175253, 0.9622295926119333, -0.4869648491512993)
8.659999999999904 (-13.268180685162632, 0.9610039484462582, -0.5471565114354071)
8.679999999999904 (-13.313286621117973, 0.9599524158117788, -0.6380246728947189)
8.699999999999903 (-13.393756389956089, 0.9589886116576806, -0.7578918967110775)
8.719999999999903 (-13.504408531236164, 0.9580834105736556, -0.9018659980974593)
8.739999999999903 (-13.638689410233239, 0.9572777981942537, -1.0622689782539676)
8.759999999999902 (-13.789784469555414, 0.9566562873808359, -1.2299643825722315)
8.779999999999902 (-13.951658971443399, 0.9563009104713721, -1.3960707199023792)
8.799999999999901 (-14.119529116786532, 0.9562599132657773, -1.5531805518663533)
8.8199999999999 (-14.289617023361929, 0.9565438548275166, -1.6956181034492004)
8.8399999999999 (-14.458718143349719, 0.9571364175963377, -1.8190958087377167)
8.8599999999999 (-14.624068895530906, 0.9580036912126579, -1.9204043379101847)
8.8799999999999 (-14.783440484094527, 0.9590977824397378, -1.9973453051061296)
8.899999999999899 (-14.935194077551001, 0.9603595179601132, -2.048706573254956)
8.919999999999899 (-15.078264204694221, 0.9617236394224657, -2.0741636220956763)
8.939999999999898 (-15.212148783286251, 0.9631262758807337, -2.074157040952389)
8.959999999999898 (-15.336930671069325, 0.9645133239483862, -2.049796582774869)
8.979999999999897 (-15.453299857711407, 0.9658483093838034, -2.002785916689705)
8.999999999999897 (-15.562556303827762, 0.9671178888233176, -1.9353587831480044)
9.019999999999897 (-15.696436279369852, 0.9687497310132503, -1.8579882146763536)
9.039999999999896 (-15.902386396277565, 0.9643007582997007, -1.7638705842853122)
9.059999999999896 (-16.08089463883679, 0.962523872320412, -1.6349317489865356)
9.079999999999895 (-16.225840542354703, 0.9621570607541743, -1.4782709725960252)
9.099999999999895 (-16.341840980898812, 0.9629241155043705, -1.3152686916958283)
9.119999999999894 (-16.362009116674017, 0.964206840675278, -1.1861498184823203)
9.139999999999894 (-16.32049999611337, 0.9648722952045109, -1.0829944416409678)
9.159999999999894 (-16.281967376901495, 0.9656237468758835, -0.990230511244537)
9.179999999999893 (-16.249414207611633, 0.9660894525453331, -0.9278400872829261)
9.199999999999893 (-16.221551452270205, 0.9663172525776558, -0.8882251711914223)
9.219999999999892 (-16.197100106283106, 0.9665005482654658, -0.8623390755040662)
9.239999999999892 (-16.174947593223337, 0.9667395916507412, -0.8437818150976462)
9.259999999999891 (-16.15329503082342, 0.9670882841244298, -0.8281973010707261)
9.279999999999891 (-16.12982887600096, 0.9675769830957655, -0.8126263611691662)
9.29999999999989 (-16.10194667917357, 0.9681507112968365, -0.7954194778356458)
9.31999999999989 (-16.066886663049583, 0.9688745119152835, -0.7762182967938507)
9.33999999999989 (-16.02188481753036, 0.9696755533209759, -0.7558106230411202)
9.35999999999989 (-15.9644186373771, 0.9705150087602733, -0.7358651328595606)
9.379999999999889 (-15.892491829059948, 0.9714146830237619, -0.7185601408323041)
9.399999999999888 (-15.804897694665106, 0.9723905528266089, -0.7061606087694293)
9.419999999999888 (-15.701395977008636, 0.97329345508782, -0.7006208539434419)
9.439999999999888 (-15.582808387720508, 0.9742215775423341, -0.7033035708816535)
9.459999999999887 (-15.45101753409513, 0.9750634417452387, -0.714832866877209)
9.479999999999887 (-15.308943041352514, 0.9758415453736603, -0.7351136497005152)
9.499999999999886 (-15.160522447640787, 0.9767175063416521, -0.7634399452134422)
9.519999999999886 (-15.01072402446, 0.9775841111036971, -0.7986160910319338)
9.539999999999885 (-14.865606743340527, 0.9783713376542502, -0.8390499391191267)
9.559999999999885 (-14.73230754239911, 0.9791070119729627, -0.8828697437121498)
9.579999999999885 (-14.618862200338835, 0.979749174011186, -0.9281557728563374)
9.599999999999884 (-14.533871330252975, 0.9802045257395806, -0.9731265093058035)
9.619999999999884 (-14.485704849169599, 0.9803598866070593, -1.0165101847680216)
9.639999999999883 (-14.481269084332228, 0.9801039928164011, -1.0579278101845504)
9.659999999999883 (-14.524862630202081, 0.9793497380232192, -1.0978671458247649)
9.679999999999882 (-14.617239104139658, 0.9781026708620579, -1.1372156900339736)
9.699999999999882 (-14.755142956850742, 0.9762489575028391, -1.1764799617187052)
9.719999999999882 (-14.931507366431035, 0.9739986240669922, -1.215097698999283)
9.739999999999881 (-15.136435776868849, 0.9714925739911004, -1.2512132317339066)
9.75999999999988 (-15.358921294613983, 0.9688768981357957, -1.2820324669857228)
9.77999999999988 (-15.588749118771728, 0.9662867628335944, -1.3045084257463413)
9.79999999999988 (-15.817616463278533, 0.9638300125294559, -1.3159840899609474)
9.81999999999988 (-16.039078856148215, 0.9615876532693237, -1.3145294340150093)
9.839999999999879 (-16.247988813389263, 0.9596213673228274, -1.2989338198813227)
9.859999999999879 (-16.440205719227006, 0.9579788283276479, -1.2685424209992662)
9.879999999999878 (-16.61263339830061, 0.9566947623567854, -1.2231442081951658)
9.899999999999878 (-16.76324585893714, 0.9557913832797816, -1.162916523987102)
9.919999999999877 (-16.891012944956167, 0.9552800480472232, -1.0883549678396445)
9.939999999999877 (-16.995815209511633, 0.9551631978158367, -1.000182651381809)
9.959999999999877 (-17.078399307684617, 0.9554354928066812, -0.8992606058895062)
9.979999999999876 (-17.140346240139387, 0.9560838995741122, -0.7865137600022141)
9.999999999999876 (-17.184031160432976, 0.9570866452684186, -0.6628779846129836)
