0.0 (-5.25, 1.0, 0.0)
0.02 (-5.248941234999064, 1.0, -0.07618646689115832)
0.04 (-5.243088516096248, 1.0, -0.2653367586343829)
0.06 (-5.244280599747902, 1.0, -0.5281046154532698)
0.08 (-5.29492418846343, 1.0, -0.810694101495493)
0.1 (-5.440776446862139, 1.0, -1.0552962529882142)
0.12000000000000001 (-5.673200794718644, 1.0, -1.2420613448723092)
0.14 (-5.930567026226349, 1.0, -1.38454835842338)
0.16 (-6.173049359050966, 1.0, -1.4855883921118154)
0.18 (-6.409445645708621, 1.0, -1.5339863653849948)
0.19999999999999998 (-6.65247290092243, 1.0, -1.5268673924223974)
0.21999999999999997 (-6.898640795315216, 1.0, -1.4703597000265152)
0.23999999999999996 (-7.143434194618757, 1.0, -1.3731599758167543)
0.25999999999999995 (-7.385240302018665, 1.0, -1.2465441552875607)
0.27999999999999997 (-7.620110138544196, 1.0, -1.1040631196074722)
0.3 (-7.840551795902914, 1.0, -0.95966446787868)
0.32 (-8.036500456028941, 1.0, -0.8258713032362653)
0.34 (-8.1968703384356, 1.0, -0.7120603380436437)
0.36000000000000004 (-8.276021279978334, 1.0, -0.6300864662118577)
0.38000000000000006 (-8.289631930701708, 1.0, -0.5947020510513218)
0.4000000000000001 (-8.259380770070052, 1.0, -0.598876685276441)
0.4200000000000001 (-8.189402279891222, 1.0, -0.6275166308136201)
0.4400000000000001 (-8.0884860018659, 1.0, -0.6715028276058344)
0.46000000000000013 (-7.965515503577375, 1.0, -0.7251193965158732)
0.48000000000000015 (-7.82880305178977, 1.0, -0.781547998804544)
0.5000000000000001 (-7.684394740030391, 1.0, -0.8326735430809034)
0.5200000000000001 (-7.535418339124992, 1.0, -0.8705439330828814)
0.5400000000000001 (-7.38275181444327, 1.0, -0.8888419323230775)
0.5600000000000002 (-7.226417324727353, 1.0, -0.8836354120565587)
0.5800000000000002 (-7.06700515197305, 1.0, -0.853434703663873)
0.6000000000000002 (-6.906398155972611, 1.0, -0.7987013963143098)
0.6200000000000002 (-6.74785305996802, 1.0, -0.7213499505838094)
0.6400000000000002 (-6.595605252312906, 1.0, -0.6246148119558421)
0.6600000000000003 (-6.454268152959649, 1.0, -0.5131936054351588)
0.6800000000000003 (-6.328389036927309, 1.0, -0.3934900094583817)
0.7000000000000003 (-6.22221616545448, 1.0, -0.27361870498840074)
0.7200000000000003 (-6.1395492381132595, 1.0, -0.16292090798064018)
0.7400000000000003 (-6.083462249212512, 1.0, -0.07097661429650473)
0.7600000000000003 (-6.056128462993665, 1.0, -0.006380000042425832)
0.7800000000000004 (-6.058522875698801, 1.0, 0.024681024513702)
0.8000000000000004 (-6.090304793013461, 1.0, 0.018810524293596406)
0.8200000000000004 (-6.150400962931702, 1.0, -0.024116397732107893)
0.8400000000000004 (-6.237461613431436, 1.0, -0.10110960789329242)
0.8600000000000004 (-6.3501012163833686, 1.0, -0.20635598370156702)
0.8800000000000004 (-6.48656000371465, 1.0, -0.332420838334773)
0.9000000000000005 (-6.644362419954946, 1.0, -0.4714099028551255)
0.9200000000000005 (-6.82015558039766, 1.0, -0.6159072426625881)
0.9400000000000005 (-7.0099333129628665, 1.0, -0.7593161440105688)
0.9600000000000005 (-7.209418105312258, 1.0, -0.8957786368683472)
0.9800000000000005 (-7.414381449598719, 1.0, -1.0199829630767339)
1.0000000000000004 (-7.620898535487529, 1.0, -1.127008297854733)
1.0200000000000005 (-7.825587242192985, 1.0, -1.2123123923297376)
1.0400000000000005 (-8.025821031427029, 1.0, -1.2718276740953884)
1.0600000000000005 (-8.219906227491991, 1.0, -1.3022004725794605)
1.0800000000000005 (-8.407170108516139, 1.0, -1.3011998854203402)
1.1000000000000005 (-8.562104609714273, 1.0, -1.267450476896024)
1.1200000000000006 (-8.65377830053275, 1.0, -1.1701378171557941)
1.1400000000000006 (-8.720717673321104, 1.0, -1.037247478656178)
1.1600000000000006 (-8.688559696194472, 0.9993350564376035, -0.9572978033008259)
1.1800000000000006 (-8.645610785558192, 0.998655295125611, -0.9021569769691866)
1.2000000000000006 (-8.57616458698028, 0.9977446513507827, -0.8608762192476083)
1.2200000000000006 (-8.47266718001492, 0.9969842307704878, -0.8299092332601194)
1.2400000000000007 (-8.342058551326089, 0.9963910592832436, -0.8071393293310797)
1.2600000000000007 (-8.190321156782451, 0.9959023306098496, -0.7923683451436992)
1.2800000000000007 (-8.021661440160162, 0.9955641856689644, -0.7865329269174197)
1.3000000000000007 (-7.839509056099151, 0.9952519284850513, -0.7914440233600256)
1.3200000000000007 (-7.646995395405337, 0.9949146948006931, -0.8087023959208482)
1.3400000000000007 (-7.447595031620272, 0.9945418359113845, -0.8387885015829055)
1.3600000000000008 (-7.245307933698346, 0.9941425881428896, -0.8804017589014882)
1.3800000000000008 (-7.044357744934484, 0.9937396387472792, -0.9301354920952424)
1.4000000000000008 (-6.848610348316715, 0.9933612516122671, -0.9827039490544668)
1.4200000000000008 (-6.661099910333332, 0.99303424559494, -1.0317256706338775)
1.4400000000000008 (-6.483973287185549, 0.9927790580951593, -1.0707707862880977)
1.4600000000000009 (-6.318845443650163, 0.9926079794227708, -1.0942513191550307)
1.4800000000000009 (-6.167273237235815, 0.9925259425226458, -1.0979017651459926)
1.5000000000000009 (-6.031030085328366, 0.9925320681986678, -1.0789092415035082)
1.520000000000001 (-5.912059421782531, 0.9926205415529935, -1.0359501279642915)
1.540000000000001 (-5.812194780674761, 0.9927806585560901, -0.9693681974077375)
1.560000000000001 (-5.732808076426882, 0.992996830257071, -0.8815834815972379)
1.580000000000001 (-5.674587867173866, 0.9932493246432068, -0.7774857894297846)
1.600000000000001 (-5.6375016476079125, 0.9935159211513717, -0.6647251119834382)
1.620000000000001 (-5.620865538215366, 0.9937732906220814, -0.5533012430535241)
1.640000000000001 (-5.6236431474622535, 0.993997891461894, -0.4543231407426567)
1.660000000000001 (-5.644729732565963, 0.9941661169407883, -0.3781587534836613)
1.680000000000001 (-5.683328681466228, 0.9942542631906546, -0.33268977257033694)
1.700000000000001 (-5.739425191244345, 0.9942393922689041, -0.322340752009853)
1.720000000000001 (-5.814214659911595, 0.9941027020134152, -0.347973411491015)
1.740000000000001 (-5.910115058339675, 0.9938350981122286, -0.40727131854196064)
1.7600000000000011 (-6.030044432967836, 0.9934413184959535, -0.4954001753139824)
1.7800000000000011 (-6.176192515732403, 0.9929385294865398, -0.6060536940221688)
1.8000000000000012 (-6.349007192119536, 0.9923497996679527, -0.7327917694060666)
1.8200000000000012 (-6.546981005336315, 0.9916975510062437, -0.8700895571894626)
1.8400000000000012 (-6.76715440274731, 0.9910010536413453, -1.0136070261707462)
1.8600000000000012 (-7.005761012552684, 0.9902770883937003, -1.159876120086898)
1.8800000000000012 (-7.258606939207829, 0.98954093540045, -1.305931727773115)
1.9000000000000012 (-7.521217937905813, 0.9888069262671924, -1.4490882214493623)
1.9200000000000013 (-7.788967168874368, 0.9880892800034833, -1.5867845508466092)
1.9400000000000013 (-8.05720734499302, 0.9874032024812595, -1.7164364408673043)
1.9600000000000013 (-8.321363184526986, 0.9867657605007851, -1.8353547509959558)
1.9800000000000013 (-8.577084372227585, 0.9861968924875982, -1.9406734340168708)
2.0000000000000013 (-8.8204291522331, 0.9857195252551797, -2.0293842289452924)
2.0200000000000014 (-9.018151443072313, 0.9852644199279658, -2.0991994338552966)
2.0400000000000014 (-9.059586925833784, 0.9848841607548763, -2.125379427481091)
2.0600000000000014 (-9.08072811563022, 0.9850194091002348, -2.0795221670020934)
2.0800000000000014 (-9.113634526331102, 0.9855037033658933, -1.9828872599040104)
2.1000000000000014 (-9.150947682304462, 0.9861666068639062, -1.8538512712892086)
2.1200000000000014 (-9.134326865041448, 0.9866732290951586, -1.78547966553974)
2.1400000000000015 (-9.075039345752066, 0.9868129726160604, -1.7662474909965018)
2.1600000000000015 (-9.013302986151505, 0.9866332739718706, -1.764216642617109)
2.1800000000000015 (-8.930415867810813, 0.9862623919517802, -1.7755409769685777)
2.2000000000000015 (-8.828086795708447, 0.9858130514285756, -1.798421362566286)
2.2200000000000015 (-8.710701137173501, 0.9853619675178639, -1.8309838414697324)
2.2400000000000015 (-8.581401588126413, 0.984939213652631, -1.8730932827369253)
2.2600000000000016 (-8.44236233252364, 0.9845409651091286, -1.925845653176154)
2.2800000000000016 (-8.295176111955646, 0.9841443266503062, -1.9908685764553926)
2.3000000000000016 (-8.141416409464743, 0.9837221299017408, -2.069475835353655)
2.3200000000000016 (-7.983048553671886, 0.9832544922756962, -2.161896707692773)
2.3400000000000016 (-7.822525689533713, 0.982736031801046, -2.2666897233415555)
2.3600000000000017 (-7.662527732613665, 0.9821777846167956, -2.380498123176836)
2.3800000000000017 (-7.5054890003257775, 0.9816037197945535, -2.4982641964988606)
2.4000000000000017 (-7.353203248113448, 0.9810431444359454, -2.613864326636457)
2.4200000000000017 (-7.20674096751225, 0.9805218068251197, -2.720940820047469)
2.4400000000000017 (-7.066699102568613, 0.9800552256943409, -2.813632779976266)
2.4600000000000017 (-6.933597975390713, 0.9796469494714442, -2.887018173303869)
2.4800000000000018 (-6.808194587460096, 0.9792924170551804, -2.93728638558778)
2.5000000000000018 (-6.6915929239626655, 0.9789868978427724, -2.9618092003093746)
2.520000000000002 (-6.5851802828344175, 0.9787342098839329, -2.9592906665851393)
2.540000000000002 (-6.490498635724336, 0.9785516099941424, -2.9300842022696676)
2.560000000000002 (-6.409154992382637, 0.9784664778626491, -2.876638294232389)
2.580000000000002 (-6.342801869692035, 0.9785042948450324, -2.803896003815935)
2.600000000000002 (-6.293187728338241, 0.9786742758536401, -2.7193618866774303)
2.620000000000002 (-6.262203708197675, 0.9789626040856426, -2.632537706080147)
2.640000000000002 (-6.251807635571654, 0.9793373715596271, -2.55363447873341)
2.660000000000002 (-6.263853321911344, 0.9797610016750479, -2.4918743219848447)
2.680000000000002 (-6.299993723117499, 0.980204213829824, -2.4539890941884464)
2.700000000000002 (-6.361811104774016, 0.9806577137242588, -2.4433874929205603)
2.720000000000002 (-6.451067023269035, 0.9811367389055076, -2.460045156411566)
2.740000000000002 (-6.5696362988699635, 0.9816737917238471, -2.5009213423119907)
2.760000000000002 (-6.718930645153729, 0.9823018715504577, -2.5608107621836464)
2.780000000000002 (-6.899130107404446, 0.983038901226002, -2.6336105602788753)
2.800000000000002 (-7.108769122664783, 0.9838830128197285, -2.7136668365400425)
2.820000000000002 (-7.3449126629842, 0.9848183378709027, -2.796596573485151)
2.840000000000002 (-7.603667751710487, 0.9858237461032837, -2.8793210885241396)
2.860000000000002 (-7.880627594570063, 0.9868786053632662, -2.9596666492757944)
2.880000000000002 (-8.171090342615178, 0.9879647509844206, -3.0360020030944987)
2.900000000000002 (-8.47019632921175, 0.9890664257564982, -3.1070193771837196)
2.920000000000002 (-8.772896606881476, 0.9901679348880484, -3.1715529960638325)
2.940000000000002 (-9.074015658523866, 0.9912519751528923, -3.228485169794017)
2.960000000000002 (-9.368539039463778, 0.9922977995189712, -3.276538764082879)
2.980000000000002 (-9.651595089664545, 0.9932789183709728, -3.314252101101468)
3.000000000000002 (-9.918619971666695, 0.9941630263420088, -3.33997291393665)
3.0200000000000022 (-10.13777367123911, 0.9948412469977425, -3.36164303535058)
3.0400000000000023 (-10.193122382024248, 0.9948736331107146, -3.3909199275241413)
3.0600000000000023 (-10.201862762215221, 0.9946179511716013, -3.358842706325594)
3.0800000000000023 (-10.207250809509002, 0.9941973546623764, -3.2729509444709968)
3.1000000000000023 (-10.206795104443493, 0.993665913499471, -3.161810072351172)
3.1200000000000023 (-10.16938479630308, 0.9939315738581672, -3.113229271847917)
3.1400000000000023 (-10.129284907767115, 0.9949159696599075, -3.1056831801152436)
3.1600000000000024 (-10.09008626767203, 0.9956499834036565, -3.1169789033973405)
3.1800000000000024 (-10.041159389783852, 0.9958022057247594, -3.149728468820466)
3.2000000000000024 (-9.98021426033864, 0.9954483373452787, -3.1957399781882607)
3.2200000000000024 (-9.905941064638949, 0.994896745948689, -3.2601297649661714)
3.2400000000000024 (-9.822137910577018, 0.9942306650394421, -3.34278008264444)
3.2600000000000025 (-9.73119921743031, 0.9935144405942686, -3.443183722882968)
3.2800000000000025 (-9.634794507614343, 0.9927940278298334, -3.561786291386233)
3.3000000000000025 (-9.534614841901044, 0.992097175682861, -3.6989265770405915)
3.3200000000000025 (-9.432507685663026, 0.9914393340422863, -3.854166278306292)
3.3400000000000025 (-9.330776121040488, 0.9908280119202069, -4.0252995148803015)
3.3600000000000025 (-9.231507253014126, 0.9902635959054299, -4.208030874065709)
3.3800000000000026 (-9.136159060478379, 0.9897414318217155, -4.396361416768777)
3.4000000000000026 (-9.045179370986377, 0.9892529446026856, -4.583221050088622)
3.4200000000000026 (-8.957945423491775, 0.9887881183036055, -4.761362810360449)
3.4400000000000026 (-8.873101146289136, 0.9883392458948009, -4.924154571027084)
3.4600000000000026 (-8.789111685951376, 0.9879042306933649, -5.066047983192786)
3.4800000000000026 (-8.7047785016181, 0.9874868370772454, -5.182728792907605)
3.5000000000000027 (-8.61952612113977, 0.987091845036027, -5.2710943077560595)
3.5200000000000027 (-8.533639077215868, 0.9867182515409744, -5.329365357954286)
3.5400000000000027 (-8.448147661332293, 0.986350947584623, -5.357362126860979)
3.5600000000000027 (-8.364923007276177, 0.9859639567283758, -5.3567931619340365)
3.5800000000000027 (-8.286925172440554, 0.9855346259573968, -5.331580663041031)
3.6000000000000028 (-8.218268145173834, 0.985060475719848, -5.287918426525322)
3.6200000000000028 (-8.164081690187997, 0.9845672489329744, -5.233798624110926)
3.640000000000003 (-8.130067809626437, 0.9841013229002438, -5.177882005374773)
3.660000000000003 (-8.121758121814965, 0.9837115830969999, -5.127983370874401)
3.680000000000003 (-8.14378158626729, 0.9834311671845283, -5.089705134586041)
3.700000000000003 (-8.199505565155702, 0.9832664810557953, -5.065613831440818)
3.720000000000003 (-8.291077648397325, 0.9831977649535114, -5.0550517122056045)
3.740000000000003 (-8.419469546264011, 0.9831908535875273, -5.05454837738707)
3.760000000000003 (-8.584292014202074, 0.983213882643175, -5.058801894410465)
3.780000000000003 (-8.783593863918444, 0.9832489735492433, -5.062109305530789)
3.800000000000003 (-9.013991959484374, 0.9832931113858047, -5.059776623424689)
3.820000000000003 (-9.271147020004165, 0.9833514475743667, -5.048871610558044)
3.840000000000003 (-9.550269271410352, 0.9834301696111455, -5.028116821560561)
3.860000000000003 (-9.84640300766075, 0.9835326930551911, -4.997351554753981)
3.880000000000003 (-10.154506487836063, 0.9836587364341834, -4.957077175656429)
3.900000000000003 (-10.469457375564655, 0.9838050667285789, -4.908197190009565)
3.920000000000003 (-10.786055440301201, 0.9839674169212361, -4.851824912572589)
3.940000000000003 (-11.099040612315255, 0.9841431456315698, -4.789107222579779)
3.960000000000003 (-11.403138228182039, 0.9843339871073786, -4.721085233497665)
3.980000000000003 (-11.693145330474012, 0.9845482188970787, -4.648587431676804)
4.000000000000003 (-11.96403013760799, 0.9848018380159144, -4.572101775074272)
4.020000000000002 (-12.167300038233007, 0.9849643761261893, -4.533846035842335)
4.040000000000002 (-12.236739725703334, 0.9849459399682255, -4.551633769315615)
4.060000000000001 (-12.258716348025832, 0.985254469507597, -4.5184386996775805)
4.080000000000001 (-12.254864717342059, 0.9857714614795853, -4.446737071010545)
4.1000000000000005 (-12.230022812479843, 0.9864123262153964, -4.352703474494932)
4.12 (-12.194652472276427, 0.9872259326098685, -4.291973169627776)
4.14 (-12.16603208548938, 0.9877680272469331, -4.31527669345574)
4.159999999999999 (-12.159543358570398, 0.9871814893456007, -4.349995379427334)
4.179999999999999 (-12.150450601331496, 0.9868603705976599, -4.404345852625482)
4.199999999999998 (-12.136935411153775, 0.9867806170293197, -4.48261924797364)
4.219999999999998 (-12.118484004802992, 0.9869415420988005, -4.583154213460255)
4.2399999999999975 (-12.097827367223047, 0.9873032304235778, -4.704227642998064)
4.259999999999997 (-12.07736288352645, 0.9878018998110156, -4.844445753074386)
4.279999999999997 (-12.059385305027288, 0.9883753427015177, -5.003152420213674)
4.299999999999996 (-12.046014600151283, 0.9889559044756512, -5.179484321103677)
4.319999999999996 (-12.038962027893191, 0.9894843330365591, -5.3715383573780064)
4.339999999999995 (-12.039131269445909, 0.9899220452277834, -5.575899440808971)
4.359999999999995 (-12.046177784827918, 0.9902555161948631, -5.787664293169424)
4.379999999999995 (-12.058241697595484, 0.9904925182363338, -6.000953103090343)
4.399999999999994 (-12.072057923717376, 0.9906525327137198, -6.209688306366691)
4.419999999999994 (-12.083479599832, 0.9907549282133866, -6.408299763039788)
4.439999999999993 (-12.088226799101472, 0.9908092475209019, -6.5920960240694795)
4.459999999999993 (-12.08257251678363, 0.9908115911490796, -6.757273613659121)
4.479999999999992 (-12.063775144586323, 0.9907491581830108, -6.900745933204086)
4.499999999999992 (-12.030262923153144, 0.9906119261486455, -7.020025232113174)
4.519999999999992 (-11.981718018934407, 0.9904069717014782, -7.113296078025951)
4.539999999999991 (-11.919220151116198, 0.99016785783346, -7.17967853832305)
4.559999999999991 (-11.84552061974858, 0.9899512479202743, -7.2195750332543716)
4.57999999999999 (-11.765345222793366, 0.9898189970300647, -7.23495590939262)
4.59999999999999 (-11.685517633078003, 0.9898152483221795, -7.2293684833301)
4.6199999999999894 (-11.614605234631686, 0.9899543410928575, -7.207523066975654)
4.639999999999989 (-11.561891329727727, 0.9902263815749149, -7.174501499270114)
4.659999999999989 (-11.53594248391863, 0.9906138260449506, -7.1347529872416)
4.679999999999988 (-11.543311711144247, 0.9911097190912351, -7.091209391778628)
4.699999999999988 (-11.587909409904327, 0.9917305764944785, -7.044669069497335)
4.719999999999987 (-11.67102347839127, 0.9925171666383791, -6.993553985074251)
4.739999999999987 (-11.791583154965076, 0.9935187760968411, -6.934235414294333)
4.7599999999999865 (-11.946462492945908, 0.9947681771458395, -6.862047512534466)
4.779999999999986 (-12.130995685761489, 0.9962649178546734, -6.772740862051922)
4.799999999999986 (-12.33979883471512, 0.9979779198684402, -6.663717051090745)
4.819999999999985 (-12.567568555329169, 0.9998606942169257, -6.534441767314676)
4.839999999999985 (-12.809458777336507, 1.0018651442199973, -6.386048542086557)
4.859999999999984 (-13.061045908599535, 1.0039477918687891, -6.220696634441075)
4.879999999999984 (-13.318170576535405, 1.0060707471608799, -6.041141138598683)
4.8999999999999835 (-13.576817722150915, 1.0082002313592524, -5.85051790166354)
4.919999999999983 (-13.833026550271462, 1.0103033736919331, -5.652179724947191)
4.939999999999983 (-14.08282284407958, 1.0123439819493607, -5.449538304608511)
4.959999999999982 (-14.322194673824141, 1.0142784663029851, -5.245929098547397)
4.979999999999982 (-14.547119647753044, 1.0160530161000936, -5.044486478010166)
4.999999999999981 (-14.75359422566737, 1.0176022778289064, -4.847994584173508)
5.019999999999981 (-14.9271546355051, 1.018916198004223, -4.693431061531332)
5.0399999999999805 (-15.006601158363653, 1.0195610367748462, -4.67656270273165)
5.05999999999998 (-15.012675933033478, 1.0192289109880126, -4.652036980608831)
5.07999999999998 (-14.975041454604057, 1.0183414053000348, -4.599732228933925)
5.099999999999979 (-14.908571301216423, 1.0168696015508343, -4.535211315142057)
5.119999999999979 (-14.864439134755296, 1.0158712489374282, -4.536969250008139)
5.139999999999978 (-14.865823213587847, 1.0156111898223221, -4.57625102559181)
5.159999999999978 (-14.883738665493635, 1.0162830393114257, -4.616958863346742)
5.1799999999999775 (-14.90818356059413, 1.0168261766698685, -4.6786001777242525)
5.199999999999977 (-14.941387123099224, 1.0172123599703937, -4.761335807676711)
5.219999999999977 (-14.983454109420617, 1.0174329899429024, -4.861345971392717)
5.239999999999976 (-15.034949006456875, 1.0174769050733508, -4.9765096737609245)
5.259999999999976 (-15.097299740811934, 1.0173974891897009, -5.1058113460811985)
5.279999999999975 (-15.172141430784135, 1.0172882144128308, -5.2485267349667835)
5.299999999999975 (-15.260698578871914, 1.0172498903338987, -5.403478736863969)
5.3199999999999745 (-15.363211225507806, 1.0173637613586877, -5.568517129365204)
5.339999999999974 (-15.478429771490942, 1.0176729009315062, -5.740392835560113)
5.359999999999974 (-15.603328306899895, 1.0181737809567086, -5.915080054690879)
5.379999999999973 (-15.733188893072679, 1.0189762479038331, -6.088408486680109)
5.399999999999973 (-15.862108121256316, 1.0198786905908346, -6.256706876624944)
5.419999999999972 (-15.983757039404411, 1.0208247784328226, -6.417177217798009)
5.439999999999972 (-16.09215575083325, 1.0217826459713877, -6.5678796598102895)
5.4599999999999715 (-16.18223203577628, 1.0226922870112045, -6.7074435447556064)
5.479999999999971 (-16.250103755539175, 1.0235775173575428, -6.834731904822402)
5.499999999999971 (-16.293178522332443, 1.0242706029021564, -6.948640113170337)
5.51999999999997 (-16.310332004786282, 1.0246760320728856, -7.048034728526837)
5.53999999999997 (-16.3021284571792, 1.0247561309380775, -7.1319496492134355)
5.559999999999969 (-16.271158287744694, 1.0245477641501288, -7.199657672050185)
5.579999999999969 (-16.222420019474377, 1.0239409508077433, -7.250659657110932)
5.599999999999969 (-16.16336560634645, 1.022994792704824, -7.284624561803017)
5.619999999999968 (-16.103379686988514, 1.0218479868793873, -7.301212813829274)
5.639999999999968 (-16.05255357065501, 1.0206752375682842, -7.29989408525521)
5.659999999999967 (-16.020050438703162, 1.0196416492689553, -7.279798505685895)
5.679999999999967 (-16.012644370689497, 1.0188626750486915, -7.239661669378746)
5.699999999999966 (-16.033905772783594, 1.0183798770015013, -7.177730780479985)
5.719999999999966 (-16.084093571710216, 1.0181601044333648, -7.091665225253782)
5.739999999999966 (-16.1605463622648, 1.0181193930306924, -6.9787706371181635)
5.759999999999965 (-16.258453215180456, 1.0181614405826487, -6.836695960018074)
5.779999999999965 (-16.3719900504067, 1.0182113963786268, -6.664305536617749)
5.799999999999964 (-16.495559265463463, 1.0182295564637627, -6.462209500766033)
5.819999999999964 (-16.624605742917417, 1.018205061253897, -6.232679187365311)
5.839999999999963 (-16.755732686245477, 1.018141345111295, -5.979153277861511)
5.859999999999963 (-16.88638623908818, 1.018044428171677, -5.705748992237342)
5.879999999999963 (-17.014529231329, 1.0179176326602952, -5.416986655791052)
5.899999999999962 (-17.13843420458798, 1.0177611301251395, -5.117659818585347)
5.919999999999962 (-17.256525227513205, 1.0175741699762357, -4.812736505054703)
5.939999999999961 (-17.36724306464302, 1.0173588085553258, -4.5072578802328875)
5.959999999999961 (-17.468955731357934, 1.0171241170409138, -4.2062333721128775)
5.9799999999999605 (-17.55991577222051, 1.0168894969491469, -3.9145172567868123)
5.99999999999996 (-17.638216040892626, 1.0166857268271192, -3.636663255247401)
6.01999999999996 (-17.71779295511121, 1.0167512318701617, -3.4347869255791545)
6.039999999999959 (-17.78292663162007, 1.016768291636351, -3.3751956722284517)
6.059999999999959 (-17.782033609746986, 1.0165550962339587, -3.3320133185912355)
6.079999999999958 (-17.73644056822126, 1.0163442727810845, -3.293247149934746)
6.099999999999958 (-17.662274154488745, 1.0162576355994435, -3.262636030375239)
6.1199999999999575 (-17.613856649358635, 1.0168473734469, -3.2558487870186243)
6.139999999999957 (-17.638038143185785, 1.0175641361065564, -3.2773090229963047)
6.159999999999957 (-17.681353172668896, 1.0174059640852775, -3.2877024561216244)
6.179999999999956 (-17.74059575285481, 1.0174229260669692, -3.3124968383682925)
6.199999999999956 (-17.820051932886887, 1.0180203452723706, -3.3526244547412944)
6.219999999999955 (-17.918137893937413, 1.0190676372507306, -3.404103005841579)
6.239999999999955 (-18.033453873501376, 1.0204905083132016, -3.4643766576506967)
6.2599999999999545 (-18.166125117290413, 1.0222058252213388, -3.531425390643918)
6.279999999999954 (-18.316848823832004, 1.0241200499174883, -3.6033961470581284)
6.299999999999954 (-18.485850565162927, 1.0261418261073658, -3.6783714131191356)
6.319999999999953 (-18.67205292546407, 1.0281915883371182, -3.7542749549192185)
6.339999999999953 (-18.872547112121968, 1.0302070952403994, -3.829058444851244)
6.359999999999952 (-19.082513567310965, 1.032145857425302, -3.901131963714072)
6.379999999999952 (-19.29564870953365, 1.0339838959715602, -3.9698258241849826)
6.3999999999999515 (-19.504957303698948, 1.0356078484040698, -4.035611888751264)
6.419999999999951 (-19.7036065698953, 1.036858142471888, -4.099928242471596)
6.439999999999951 (-19.885547919698535, 1.037892069434496, -4.164673561405348)
6.45999999999995 (-20.04578958435894, 1.0387910464218253, -4.231629354699235)
6.47999999999995 (-20.18041363746812, 1.0396424380016147, -4.302017405353845)
6.499999999999949 (-20.286577418419125, 1.040371798777017, -4.3762483061800035)
6.519999999999949 (-20.36257076658148, 1.0406620571544265, -4.453993350365792)
6.5399999999999485 (-20.408038644351965, 1.0407763478043723, -4.533955866498426)
6.559999999999948 (-20.424498170374694, 1.0409531948011352, -4.6137845192746445)
6.579999999999948 (-20.41571490884203, 1.0411913463587905, -4.689996925094839)
6.599999999999947 (-20.387728954038774, 1.04149227880164, -4.7577978644253)
6.619999999999947 (-20.348311494292048, 1.0418532420568176, -4.81122617677249)
6.639999999999946 (-20.305824800867725, 1.0422544998814558, -4.843782636118552)
6.659999999999946 (-20.26773213206256, 1.042668941443593, -4.849338967255819)
6.6799999999999455 (-20.23928131376512, 1.0430831173444417, -4.822983951337469)
6.699999999999945 (-20.22270042332883, 1.0435118798376888, -4.761369311145895)
6.719999999999945 (-20.21698870166231, 1.0439960727169089, -4.662608639586587)
6.739999999999944 (-20.21832518901606, 1.0445813429596038, -4.5261768112860645)
6.759999999999944 (-20.221124770162124, 1.0452901935335062, -4.353040890242455)
6.779999999999943 (-20.21958325556988, 1.046108202364695, -4.145765527843314)
6.799999999999943 (-20.209143118524207, 1.0469935705077194, -3.908244319573481)
6.8199999999999426 (-20.187191548381346, 1.0478979252465423, -3.645122395685673)
6.839999999999942 (-20.152843214078008, 1.0487811178236301, -3.361286101085877)
6.859999999999942 (-20.106332395221777, 1.0496153538997381, -3.061636606329468)
6.879999999999941 (-20.048552896187868, 1.0503838099959442, -2.751062987760503)
6.899999999999941 (-19.980813053232506, 1.0510773151186255, -2.4344656832120597)
6.91999999999994 (-19.90465139387963, 1.0516892891850227, -2.1167731553113263)
6.93999999999994 (-19.821667486186346, 1.0522095566346708, -1.8029408202957036)
6.95999999999994 (-19.733391544281197, 1.0526185333051121, -1.4979200157562018)
6.979999999999939 (-19.641184862953896, 1.0528830848401884, -1.2065843721123795)
6.999999999999939 (-19.546125306431477, 1.0529544562860402, -0.9336406630038849)
7.019999999999938 (-19.476836937053783, 1.0530107279716092, -0.7062092804319734)
7.039999999999938 (-19.49821323465409, 1.053210506118617, -0.616010764526885)
7.059999999999937 (-19.485434696843647, 1.052671122091555, -0.5897505335758998)
7.079999999999937 (-19.431334390681194, 1.0514995980919482, -0.5932248446107048)
7.099999999999937 (-19.35606596669949, 1.0498328462477164, -0.6190443489697847)
7.119999999999936 (-19.34931637355551, 1.0493496182684605, -0.6491324139702881)
7.139999999999936 (-19.392217124812372, 1.049861758773109, -0.6543475503555266)
7.159999999999935 (-19.44247582705921, 1.050751488964876, -0.6430306885428806)
7.179999999999935 (-19.512949534808293, 1.0515487513846615, -0.6300539367777903)
7.1999999999999345 (-19.605547839142243, 1.0522498812838819, -0.6185683980767099)
7.219999999999934 (-19.718573797223204, 1.0528263637965058, -0.605333628874478)
7.239999999999934 (-19.850035230364394, 1.0533466654712147, -0.5884492234357072)
7.259999999999933 (-19.99916589002895, 1.053870560328695, -0.566129453164803)
7.279999999999933 (-20.165557760197927, 1.0544827287921952, -0.5366244690614721)
7.299999999999932 (-20.348256647914198, 1.0552751948975234, -0.49840871233371253)
7.319999999999932 (-20.54509311343132, 1.056317899698551, -0.4505431297831648)
7.3399999999999315 (-20.752403867335097, 1.057635784379161, -0.39311971740831075)
7.359999999999931 (-20.965245321107872, 1.0591992564622992, -0.32763998734402305)
7.379999999999931 (-21.178016298655244, 1.0609300441539502, -0.25714302794010335)
7.39999999999993 (-21.385224990651192, 1.0630811219446294, -0.1859615538839396)
7.41999999999993 (-21.58209550069865, 1.0652785908218247, -0.1191124322529931)
7.439999999999929 (-21.76480585068771, 1.0675016551883632, -0.06158457800173016)
7.459999999999929 (-21.930406921004153, 1.0694728693519828, -0.01771180627986443)
7.4799999999999285 (-22.076598211463526, 1.0711804401454372, 0.009209733470895511)
7.499999999999928 (-22.201570465201474, 1.0726343571093109, 0.01706812622297215)
7.519999999999928 (-22.30398463853122, 1.0735697506225346, 0.005204211861207607)
7.539999999999927 (-22.383280840608904, 1.0739510042277856, -0.025494090346436148)
7.559999999999927 (-22.43980252671722, 1.073830170071606, -0.07230454141388416)
7.579999999999926 (-22.474870701745726, 1.0732491885334412, -0.13029092178099735)
7.599999999999926 (-22.490737850290678, 1.0722809053635256, -0.1922729898475358)
7.6199999999999255 (-22.490224942114388, 1.071058031856175, -0.24928689492998748)
7.639999999999925 (-22.47611810311149, 1.069754373580704, -0.29169131764142137)
7.659999999999925 (-22.450515697435463, 1.0685369714064326, -0.3106683046219514)
7.679999999999924 (-22.414291695121143, 1.067520291730745, -0.2995515049232137)
7.699999999999924 (-22.366757041673818, 1.0667388024872535, -0.25453448398045897)
7.719999999999923 (-22.3055827520219, 1.0661456739224866, -0.1747220873164931)
7.739999999999923 (-22.2272061780456, 1.0656382077456494, -0.06183022783668968)
7.7599999999999225 (-22.127774851923323, 1.0650997336353116, 0.08032384484875715)
7.779999999999922 (-22.00433394200838, 1.0644384741633865, 0.24662315009436458)
7.799999999999922 (-21.855690727225245, 1.0636059224795784, 0.4316455905271877)
7.819999999999921 (-21.68255630197703, 1.0625922842021658, 0.6304367934773942)
7.839999999999921 (-21.48709924142681, 1.0614104351768296, 0.8387546385857724)
7.85999999999992 (-21.272389500561562, 1.06008161074395, 1.0529230109003516)
7.87999999999992 (-21.0420440247115, 1.058628215785097, 1.2696177357974656)
7.8999999999999195 (-20.800040848015467, 1.057072124544882, 1.4857171819746733)
7.919999999999919 (-20.55057542708135, 1.0554356892298309, 1.6981869668430365)
7.939999999999919 (-20.297923551468678, 1.0537441744561813, 1.903988297566786)
7.959999999999918 (-20.046315910980496, 1.0520287301267914, 2.1000300111365227)
7.979999999999918 (-19.799809950909104, 1.0503285459819194, 2.283169451252151)
7.999999999999917 (-19.56214174256458, 1.0486907578807212, 2.4502255578759975)
8.019999999999918 (-19.39857048330399, 1.0477179935483756, 2.5946894638004663)
8.039999999999917 (-19.363747874088165, 1.0475938498607926, 2.681271754531548)
8.059999999999917 (-19.322427629783977, 1.0471313924279848, 2.7014814630035384)
8.079999999999917 (-19.272497958733588, 1.0465096494366453, 2.6788951107609114)
8.099999999999916 (-19.222709305864623, 1.0457771259295008, 2.6271932475978317)
8.119999999999916 (-19.20521782555507, 1.0454186933006704, 2.591345730114446)
8.139999999999915 (-19.23410705147971, 1.0453698634308024, 2.612077873432084)
8.159999999999915 (-19.257961846853473, 1.0452555527232648, 2.653947593216198)
8.179999999999914 (-19.29569752270842, 1.046009430330243, 2.710289057942563)
8.199999999999914 (-19.353740556988264, 1.047200264813454, 2.778649340054342)
8.219999999999914 (-19.429571831121013, 1.0488968940480283, 2.8616280664454625)
8.239999999999913 (-19.519638668616338, 1.0509304677059408, 2.9593838481555954)
8.259999999999913 (-19.62164968203133, 1.0532432100209093, 3.0725402163400557)
8.279999999999912 (-19.733834125987467, 1.055783202542557, 3.202059951954469)
8.299999999999912 (-19.85426756676676, 1.0584850325931467, 3.34851064550123)
8.319999999999911 (-19.980528489182806, 1.0612750933610953, 3.5113198791624316)
8.339999999999911 (-20.109702345902917, 1.0640802685174051, 3.6882095761000535)
8.35999999999991 (-20.238813190391618, 1.0668366090795829, 3.8749625692471454)
8.37999999999991 (-20.365374670746753, 1.069492779783672, 4.065663143750912)
8.39999999999991 (-20.487751949259046, 1.0719096440557951, 4.253436602330014)
8.41999999999991 (-20.60531626408922, 1.0740575666652121, 4.4312788078661205)
8.439999999999909 (-20.718160557629172, 1.075881914777274, 4.59279129730895)
8.459999999999908 (-20.82662275768145, 1.0773886946949536, 4.732624141326657)
8.479999999999908 (-20.930862567598844, 1.078579915346956, 4.8466387314509864)
8.499999999999908 (-21.030617023966812, 1.07949883034992, 4.9319648938278515)
8.519999999999907 (-21.125173134479653, 1.080226590644162, 4.987097607079423)
8.539999999999907 (-21.213340066006793, 1.0807672026055606, 5.012180705987301)
8.559999999999906 (-21.29345017587038, 1.081158498336357, 5.009448072672759)
8.579999999999906 (-21.363298257247372, 1.0813295414991377, 4.983595116558543)
8.599999999999905 (-21.42001008313501, 1.0814020010571386, 4.941818916015754)
8.619999999999905 (-21.460049644695367, 1.0815015478627976, 4.893232442885816)
8.639999999999905 (-21.479481132184187, 1.0816692020954408, 4.847577496278638)
8.659999999999904 (-21.47444990576459, 1.0818225969158972, 4.813551705209272)
8.679999999999904 (-21.441607757114678, 1.0819307318133657, 4.7973315672989925)
8.699999999999903 (-21.37822868305856, 1.0820050420966616, 4.801739677006781)
8.719999999999903 (-21.28210311499938, 1.0820796326261877, 4.826120018293458)
8.739999999999903 (-21.151602326991533, 1.0821858906396482, 4.866800838143067)
8.759999999999902 (-20.98610982595391, 1.0823278297838608, 4.918104180884868)
8.779999999999902 (-20.786521171261352, 1.0824753499850548, 4.973805158782993)
8.799999999999901 (-20.555347796772068, 1.0825796610180451, 5.028577775349586)
8.8199999999999 (-20.29633258013989, 1.0825951698543153, 5.078769911777455)
8.8399999999999 (-20.013905658486642, 1.0824914388847495, 5.12230395785634)
8.8599999999999 (-19.712814907810586, 1.082254019410364, 5.158157611901966)
8.8799999999999 (-19.397981562156314, 1.081881257871644, 5.185940902563215)
8.899999999999899 (-19.074456222496117, 1.081380169723874, 5.205658455270713)
8.919999999999899 (-18.747384089219043, 1.0807607164250148, 5.217528804281956)
8.939999999999898 (-18.421958230125988, 1.080028953433751, 5.221824769809144)
8.959999999999898 (-18.1033547361819, 1.0791805812042694, 5.218758668404585)
8.979999999999897 (-17.796635455397045, 1.0781961056279372, 5.208407066202318)
8.999999999999897 (-17.506629284635547, 1.0770379873155012, 5.190630116920364)
9.019999999999897 (-17.281864915772598, 1.0822940216933512, 5.1969713861958855)
9.039999999999896 (-17.195789081231677, 1.0824415230721869, 5.24260206312611)
9.059999999999896 (-17.150649136101457, 1.0797744719980904, 5.234575136093556)
9.079999999999895 (-17.124768534740134, 1.076626318255219, 5.185914731232186)
9.099999999999895 (-17.116181849290466, 1.073119384194798, 5.113680854631115)
9.119999999999894 (-17.116731167636313, 1.0699779874651494, 5.071355015430436)
9.139999999999894 (-17.125310989090327, 1.068185397092105, 5.112579768327236)
9.159999999999894 (-17.11633689490283, 1.0669721275988218, 5.170714043097072)
9.179999999999893 (-17.11122792599193, 1.0660564005752955, 5.250890796420456)
9.199999999999893 (-17.11167472443167, 1.065457353136947, 5.353465144316804)
9.219999999999892 (-17.115455640671865, 1.0651674807442393, 5.475257402749686)
9.239999999999892 (-17.12045346206352, 1.0652098138319126, 5.614926809806746)
9.259999999999891 (-17.124561307083322, 1.0656393633506813, 5.772317069852412)
9.279999999999891 (-17.125765542645812, 1.0665131232252267, 5.947498798533505)
9.29999999999989 (-17.122256391547264, 1.0680107478544743, 6.139848660393116)
9.31999999999989 (-17.11266220449215, 1.070006226800513, 6.347356803499335)
9.33999999999989 (-17.096448842586547, 1.0725106637376156, 6.56632741113756)
9.35999999999989 (-17.074324668343063, 1.0753655262738058, 6.7915927150118485)
9.379999999999889 (-17.04843173346991, 1.0784881173170797, 7.017153430366262)
9.399999999999888 (-17.02215506594027, 1.0816155053477288, 7.236986764977131)
9.419999999999888 (-16.99957147295661, 1.0847654374402593, 7.4456866996911275)
9.439999999999888 (-16.98474489085954, 1.0875633379947747, 7.638755244432443)
9.459999999999887 (-16.981136230321724, 1.0898860429208426, 7.812557015212273)
9.479999999999887 (-16.991250724188284, 1.0915976358552513, 7.964150632543507)
9.499999999999886 (-17.016489907373778, 1.093014249665478, 8.091193992551931)
9.519999999999886 (-17.05705034388723, 1.093987249117108, 8.192045200133895)
9.539999999999885 (-17.111754780927704, 1.0944304292938043, 8.266021908562376)
9.559999999999885 (-17.177819598856402, 1.094429941144236, 8.313666642965346)
9.579999999999885 (-17.25035294930333, 1.0940594877061633, 8.337127025006671)
9.599999999999884 (-17.32247234898676, 1.0933927238074068, 8.340106299793478)
9.619999999999884 (-17.385594511972048, 1.0925220555659028, 8.32728962636102)
9.639999999999883 (-17.43047914395174, 1.091556535394064, 8.303615855874279)
9.659999999999883 (-17.448679162004986, 1.0906076325257361, 8.273313113803543)
9.679999999999882 (-17.4337862482493, 1.0897984323540653, 8.239036154305165)
9.699999999999882 (-17.382017377494737, 1.0892215901670856, 8.201282110623291)
9.719999999999882 (-17.29218585876408, 1.088831988856039, 8.158198700447898)
9.739999999999881 (-17.165451294574797, 1.0886001634250706, 8.105961961603548)
9.75999999999988 (-17.005014369194946, 1.0884641234978003, 8.039830919752925)
9.77999999999988 (-16.815575483935408, 1.088335372156104, 7.955600098759051)
9.79999999999988 (-16.602492259541346, 1.0881323934707494, 7.850780898680579)
9.81999999999988 (-16.37099243544123, 1.0878008335193672, 7.724943206379753)
9.839999999999879 (-16.12582542349311, 1.087314475700929, 7.579283153224457)
9.859999999999879 (-15.871312038927874, 1.086666699145066, 7.415990649552669)
9.879999999999878 (-15.611500479279437, 1.0858626600799175, 7.237841121204037)
9.899999999999878 (-15.350281098255108, 1.0849143327108255, 7.047990533601723)
9.919999999999877 (-15.091473405896057, 1.0838366286203756, 6.849816069852728)
9.939999999999877 (-14.838890223582206, 1.0826441674220189, 6.646765457997274)
9.959999999999877 (-14.596359083533976, 1.0813490605198528, 6.442230100418484)
9.979999999999876 (-14.367693550577997, 1.079959527159158, 6.239428302943919)
9.999999999999876 (-14.15665482939901, 1.0784785027879447, 6.041270036430176)
