0.0 [0.0, 1.0, 0.0]
0.21999999999999997 [0.047011928042013706, 1.0, 0.004256246336149669]
0.4200000000000001 [0.2757719150373355, 1.0, 0.01867074702110296]
0.6200000000000002 [0.6039585757819315, 1.0, 0.026698258821972992]
0.8200000000000004 [1.0511388037638794, 1.0, 0.04918820891427789]
1.0200000000000005 [1.6061280992421583, 1.0, 0.047892124537277925]
1.2200000000000006 [2.2433708267511285, 1.0, 0.057418037944826694]
1.4200000000000008 [2.9743526848039745, 1.0, 0.07540374024973298]
1.620000000000001 [3.778614477701329, 1.0, 0.06484940528283994]
1.8200000000000012 [4.65204794727351, 1.0, 0.10558296428185197]
2.0200000000000014 [5.583820413903524, 1.0, 0.11023152269050288]
2.2200000000000015 [6.565456883145928, 1.0, 0.14350649175858732]
2.4200000000000017 [7.595567198511582, 1.0, 0.19651354762014311]
2.620000000000002 [8.669872407335246, 1.0, 0.2143443861843596]
2.820000000000002 [9.779162373992127, 1.0, 0.30087581577743316]
3.0200000000000022 [10.920203439602664, 1.0, 0.3421518322640716]
3.2200000000000024 [12.08681775593186, 1.0, 0.41793172006644264]
3.4200000000000026 [13.278118316055224, 1.0, 0.5153204754127038]
3.6200000000000028 [14.496596103152307, 1.0, 0.57120100243505]
3.820000000000003 [15.730131005446768, 1.0, 0.7020667589098113]
4.040000000000002 [17.10893391629244, 1.0, 0.7872474954836036]
4.259999999999997 [18.501159416117748, 1.0, 0.927710233108509]
4.479999999999992 [19.909197057434778, 1.0, 1.053734160441864]
4.699999999999988 [21.33153223611589, 1.0, 1.1815620615351985]
4.919999999999983 [22.762898261038075, 1.0, 1.350426742530449]
5.139999999999978 [24.210337252622807, 1.0, 1.4693160377297088]
5.359999999999974 [25.659301593831636, 1.0, 1.6672336559645895]
5.579999999999969 [27.123842471277342, 1.0, 1.7938790953357353]
5.799999999999964 [28.585738792611544, 1.0, 1.9989845100071424]
6.01999999999996 [30.058156147400094, 1.0, 2.152913853556734]
6.239999999999955 [31.531426487454695, 1.0, 2.3456126699985127]
6.45999999999995 [33.00767775818584, 1.0, 2.5396516398390023]
6.6799999999999455 [34.49236543512967, 1.0, 2.7136453201386166]
6.899999999999941 [35.973433675895215, 1.0, 2.9443373694724313]
7.119999999999936 [37.46685554283995, 1.0, 3.110130418763874]
7.3399999999999315 [38.95185923737217, 1.0, 3.3599337556290814]
7.559999999999927 [40.44813036057565, 1.0, 3.537678352210352]
7.779999999999922 [41.93606815552672, 1.0, 3.7845294204272064]
7.999999999999917 [43.42982735270235, 1.0, 3.9936218150708145]
8.219999999999914 [44.92265021960175, 1.0, 4.221730254305186]
8.439999999999909 [46.41321864931573, 1.0, 4.470524734890159]
8.659999999999904 [47.91301223447549, 1.0, 4.680450103420828]
8.8799999999999 [49.402372500734664, 1.0, 4.96020642019181]
9.099999999999895 [50.905546637434234, 1.0, 5.167306143122598]
9.31999999999989 [52.39502883652386, 1.0, 5.45797547010131]
9.539999999999885 [53.89497608109916, 1.0, 5.683353770601366]
9.75999999999988 [55.38575505053796, 1.0, 5.96393089478629]
9.979999999999876 [56.87919581590462, 1.0, 6.224758966978446]
10.199999999999871 [58.345494040577606, 1.0, 6.452496597891534]
10.419999999999867 [59.7111906827017, 1.0, 6.6833165918136705]
10.639999999999862 [60.99672008130923, 1.0, 6.890034980902438]
10.859999999999857 [62.20647726039158, 1.0, 7.075828329072088]
11.079999999999853 [63.344292709629414, 1.0, 7.246554803113104]
11.299999999999848 [64.4141340409512, 1.0, 7.405417261953485]
11.519999999999843 [65.41994069951447, 1.0, 7.5540395800555]
11.739999999999839 [66.36550186433861, 1.0, 7.6933722974047125]
11.959999999999834 [67.25441066006675, 1.0, 7.8240992730445935]
12.17999999999983 [68.09005546676833, 1.0, 7.94679126222167]
12.399999999999824 [68.87562517459352, 1.0, 8.061960101398885]
12.61999999999982 [69.61411883783799, 1.0, 8.170077841302414]
12.839999999999815 [70.30835630982968, 1.0, 8.271584184695884]
13.05999999999981 [70.96106457314812, 1.0, 8.366775208305464]
13.279999999999806 [71.47106765337088, 1.0, 8.415767153808378]
13.499999999999801 [71.67200382961475, 1.0, 8.43843203039534]
13.719999999999796 [71.69559084253176, 1.0, 8.44873504223241]
13.939999999999792 [71.51246623952588, 1.0, 8.414108194770076]
14.159999999999787 [71.17340921856095, 1.0, 8.346280016390303]
14.379999999999782 [70.68425312733928, 1.0, 8.265101962846753]
14.599999999999778 [70.07023477870803, 1.0, 8.132990325181]
14.819999999999773 [69.33916927461672, 1.0, 8.020312549455204]
15.039999999999768 [68.51374215183077, 1.0, 7.858606157783598]
15.259999999999764 [67.59789135433553, 1.0, 7.719176733687508]
15.479999999999759 [66.60733675747734, 1.0, 7.559396141927855]
15.699999999999754 [65.55065250517438, 1.0, 7.3926940340761735]
15.91999999999975 [64.4294225331268, 1.0, 7.2511469357428755]
16.139999999999745 [63.2632165209903, 1.0, 7.064328207127321]
16.35999999999974 [62.042946951388615, 1.0, 6.93895532334186]
16.579999999999735 [60.79237230598924, 1.0, 6.749823102228696]
16.79999999999973 [59.50047601366176, 1.0, 6.626620801420563]
17.019999999999726 [58.18623275795715, 1.0, 6.45633661014783]
17.23999999999972 [56.842513664912914, 1.0, 6.319176555026191]
17.459999999999717 [55.47782054907692, 1.0, 6.182371253586344]
17.679999999999712 [54.09416704522687, 1.0, 6.025107700135727]
17.899999999999707 [52.687972143004885, 1.0, 5.9202865745065125]
18.119999999999703 [51.27262568981108, 1.0, 5.752747393075069]
18.339999999999698 [49.83664552683143, 1.0, 5.664877157718798]
18.559999999999693 [48.39694855479749, 1.0, 5.507146280376339]
18.77999999999969 [46.942370698619385, 1.0, 5.4159907243736045]
18.999999999999684 [45.483861886114106, 1.0, 5.287884190793548]
19.21999999999968 [44.01631953916669, 1.0, 5.17782488332888]
19.439999999999674 [42.54128630727463, 1.0, 5.0879235693720215]
19.65999999999967 [41.06162204562586, 1.0, 4.958716230669605]
19.879999999999665 [39.57270330980491, 1.0, 4.898611665620677]
