0.0 (4.375, 1.0, 0.0)
0.21999999999999997 (4.012770338618534, 1.0, 0.6875118839945725)
0.4200000000000001 (4.56137103963596, 1.0, 0.00419469945008784)
0.6200000000000002 (4.8176031681268014, 1.0, 0.2236603962168987)
0.8200000000000004 (5.227005326554666, 1.0, 0.3787730446759845)
1.0200000000000005 (5.922314150316531, 1.0, -0.218153996943288)
1.2200000000000006 (6.3792501684947505, 1.0, 0.5964827029853573)
1.4200000000000008 (7.24334425157356, 1.0, -0.03499679644829945)
1.620000000000001 (8.01814445788, 1.0, 0.24559270358694693)
1.8200000000000012 (8.86830359208899, 1.0, 0.4698764538053352)
2.0200000000000014 (9.869048985251881, 1.0, -0.078037406929186)
2.2200000000000015 (10.72747758650879, 1.0, 0.7661759665337196)
2.4200000000000017 (11.857963942979826, 1.0, 0.18777384877307055)
2.620000000000002 (12.903453210434286, 1.0, 0.5073381665809895)
2.820000000000002 (13.998216701847916, 1.0, 0.7720811507219626)
3.0200000000000022 (15.19497337215475, 1.0, 0.27273592839708194)
3.2200000000000024 (16.245570275867344, 1.0, 1.1438095915164292)
3.4200000000000026 (17.535068071738518, 1.0, 0.613326201149085)
3.6200000000000028 (18.72148453861645, 1.0, 0.9687870168207092)
3.820000000000003 (19.94168251581212, 1.0, 1.2699431175030274)
4.040000000000002 (21.37099132964003, 1.0, 0.8624285131408133)
4.259999999999997 (22.67575843718781, 1.0, 1.7178050425886364)
4.479999999999992 (24.16756764968652, 1.0, 1.0864659702765014)
4.699999999999988 (25.486507014419303, 1.0, 1.986189876370477)
4.919999999999983 (27.012528375862974, 1.0, 1.5745259361832966)
5.139999999999978 (28.398378235264495, 1.0, 2.1021804849721515)
5.359999999999974 (29.87873856416475, 1.0, 2.182774978917092)
5.579999999999969 (31.3672060265646, 1.0, 2.152666145832592)
5.799999999999964 (32.75807403872301, 1.0, 2.800209310890565)
6.01999999999996 (34.32080416385969, 1.0, 2.3322533151071916)
6.239999999999955 (35.669655159977815, 1.0, 3.286648326869531)
6.45999999999995 (37.257705261575666, 1.0, 2.7324667389597828)
6.6799999999999455 (38.647383081967284, 1.0, 3.568107113607599)
6.899999999999941 (40.199806834308276, 1.0, 3.349008048770573)
7.119999999999936 (41.66096436232394, 1.0, 3.7544521705408824)
7.3399999999999315 (43.14429321506233, 1.0, 4.090300147196453)
7.559999999999927 (44.684298996063134, 1.0, 3.933267202565359)
7.779999999999922 (46.074260532921144, 1.0, 4.763724046166855)
7.999999999999917 (47.68823262222233, 1.0, 4.2768388319996)
8.219999999999914 (49.01808892165872, 1.0, 5.284347348029785)
8.439999999999909 (50.65335390812236, 1.0, 4.846843563821228)
8.659999999999904 (52.05382394233048, 1.0, 5.589074567197634)
8.8799999999999 (53.60063825419691, 1.0, 5.563393491685287)
9.099999999999895 (55.10939541589008, 1.0, 5.822397954205348)
9.31999999999989 (56.547318339154415, 1.0, 6.375929966708163)
9.539999999999885 (58.13185445199603, 1.0, 6.113454809786852)
9.75999999999988 (59.487695849172255, 1.0, 7.086911119124028)
9.979999999999876 (61.118308290907386, 1.0, 6.600542798903008)
10.199999999999871 (62.663755695022914, 1.0, 7.126755861374589)
10.419999999999867 (64.03377392655065, 1.0, 7.358228447510012)
10.639999999999862 (65.32315939132974, 1.0, 7.539857937381631)
10.859999999999857 (66.53419736026316, 1.0, 7.7170720796647965)
11.079999999999853 (67.67248799090619, 1.0, 7.884589318951297)
11.299999999999848 (68.74257683691602, 1.0, 8.041776116641785)
11.519999999999843 (69.74856186432822, 1.0, 8.189189331947402)
11.739999999999839 (70.69427630744627, 1.0, 8.327481576565463)
11.959999999999834 (71.58332576157423, 1.0, 8.45725232081336)
12.17999999999983 (72.41910233041854, 1.0, 8.579047233350945)
12.399999999999824 (73.20479619788068, 1.0, 8.693369554915)
12.61999999999982 (73.94340703102709, 1.0, 8.8006873534786)
12.839999999999815 (74.63775509896062, 1.0, 8.90143767030153)
13.05999999999981 (75.28156432504323, 1.0, 8.864256484602274)
13.279999999999806 (75.3064898586001, 1.0, 9.685183681395147)
13.499999999999801 (75.93185162285499, 1.0, 9.293879295499782)
13.719999999999796 (75.72784131417268, 1.0, 9.489325726364843)
13.939999999999792 (75.5861173462431, 1.0, 9.56458010437037)
14.159999999999787 (75.34671103925265, 1.0, 8.972629086394878)
14.379999999999782 (74.64802401095247, 1.0, 9.56634718929758)
14.599999999999778 (74.3091818868324, 1.0, 8.48662784237155)
14.819999999999773 (73.34156610219736, 1.0, 9.304431703700104)
15.039999999999768 (72.78981601314102, 1.0, 8.173871538961487)
15.259999999999764 (71.71614056807962, 1.0, 8.745169599771728)
15.479999999999759 (70.85248765411208, 1.0, 8.099540279175121)
15.699999999999754 (69.75308276133676, 1.0, 7.981956587913143)
15.91999999999975 (68.56418282906463, 1.0, 8.115626183629013)
16.139999999999745 (67.47967241744273, 1.0, 7.24539874832099)
16.35999999999974 (66.11257883454942, 1.0, 7.9844970500691)
16.579999999999735 (65.03198112492984, 1.0, 6.736632487773733)
16.79999999999973 (63.62253210306376, 1.0, 7.6180496152689905)
17.019999999999726 (62.46264334581773, 1.0, 6.553688289887768)
17.23999999999972 (61.047428067464715, 1.0, 6.985592527668114)
17.459999999999717 (59.72407340306779, 1.0, 6.60256974701908)
17.679999999999712 (58.317234749904344, 1.0, 6.244016935826009)
17.899999999999707 (56.83890123422406, 1.0, 6.675214220550936)
18.119999999999703 (55.48071027656839, 1.0, 5.651897966514128)
18.339999999999698 (53.95546080933477, 1.0, 6.574150544539358)
18.559999999999693 (52.64020990812673, 1.0, 5.337901142257734)
18.77999999999969 (51.12751476518435, 1.0, 6.194528061748743)
18.999999999999684 (49.76066845590641, 1.0, 5.358367644448657)
19.21999999999968 (48.25048045954869, 1.0, 5.598057011566461)
19.439999999999674 (46.76625106059788, 1.0, 5.525756316050079)
19.65999999999967 (45.278674469506576, 1.0, 4.933857088384618)
19.879999999999665 (43.721519660093016, 1.0, 5.614917820692598)
