0.0 [0.0, 1.0, 0.0]
0.21999999999999997 [-0.04053483344532971, 1.0, 0.02581639823841185]
0.4200000000000001 [0.06328469847357251, 1.0, 0.1297687688745192]
0.6200000000000002 [0.14243802945773507, 1.0, 0.17422644288688]
0.8200000000000004 [0.2143628493447416, 1.0, 0.1738095072950012]
1.0200000000000005 [0.2771101858066498, 1.0, 0.15613674438083477]
1.2200000000000006 [0.35773163876420966, 1.0, 0.1262783480053637]
1.4200000000000008 [0.43647551612486996, 1.0, 0.09438975736548191]
1.620000000000001 [0.5120218579949067, 1.0, 0.07757266554584316]
1.8200000000000012 [0.5968423464525039, 1.0, 0.05818639656749944]
2.0200000000000014 [0.6779283670049587, 1.0, 0.021207158429983053]
2.2200000000000015 [0.7583538684789803, 1.0, -0.0015914937036473342]
2.4200000000000017 [0.8487914037756611, 1.0, -0.008306308608830026]
2.620000000000002 [0.9182481472061129, 1.0, -0.0225997792939628]
2.820000000000002 [0.9813758661447239, 1.0, -0.0396443200214312]
3.0200000000000022 [1.0549497643303585, 1.0, -0.049417515997229725]
3.2200000000000024 [1.129113035656952, 1.0, -0.054989727602141464]
3.4200000000000026 [1.1922115623317415, 1.0, -0.04905861859117365]
3.6200000000000028 [1.2676406749072833, 1.0, -0.03736401536389608]
3.820000000000003 [1.3532322889281587, 1.0, -0.01891266723554691]
4.040000000000002 [1.4412067292566366, 1.0, -0.006426391646930735]
4.259999999999997 [1.5309899359233845, 1.0, -0.007033703831112154]
4.479999999999992 [1.6282167606872215, 1.0, 0.015129736314629105]
4.699999999999988 [1.7193486471289767, 1.0, 0.027402660398555823]
4.919999999999983 [1.8182068200166104, 1.0, 0.01798213236976351]
5.139999999999978 [1.89529292895287, 1.0, 0.02056417242644025]
5.359999999999974 [1.9682878160317867, 1.0, 0.02546811573935777]
5.579999999999969 [2.0514829601968803, 1.0, 0.02094818479744437]
5.799999999999964 [2.128554449007976, 1.0, 0.00874654819787013]
6.01999999999996 [2.1964975538386913, 1.0, -0.013158332833691222]
6.239999999999955 [2.285017572411149, 1.0, -0.04679876379383052]
6.45999999999995 [2.3712138076591254, 1.0, -0.0806185014503071]
6.6799999999999455 [2.455318454977596, 1.0, -0.0957431906592835]
6.899999999999941 [2.5497185728272664, 1.0, -0.12665866702084422]
7.119999999999936 [2.6367580297553337, 1.0, -0.16195044436582087]
7.3399999999999315 [2.732353905068833, 1.0, -0.17504337230097924]
7.559999999999927 [2.8193416863207785, 1.0, -0.18745007859962187]
7.779999999999922 [2.8871493718823507, 1.0, -0.20651075676178926]
7.999999999999917 [2.9663946760530844, 1.0, -0.21816596212629402]
8.219999999999914 [3.0482810764009973, 1.0, -0.22473007009471951]
8.439999999999909 [3.1178067802644174, 1.0, -0.21787227231938472]
8.659999999999904 [3.2043211312817257, 1.0, -0.20370483061838815]
8.8799999999999 [3.29711039406262, 1.0, -0.1834619100438257]
9.099999999999895 [3.382984486613484, 1.0, -0.17686224203949025]
9.31999999999989 [3.477666356532569, 1.0, -0.1729974425506285]
9.539999999999885 [3.5722581263267164, 1.0, -0.14920998518136722]
9.75999999999988 [3.6650963566896753, 1.0, -0.14393241044330649]
9.979999999999876 [3.761595195012171, 1.0, -0.15234192305163877]
10.199999999999871 [3.9053539123425156, 1.0, -0.21758513593746798]
10.419999999999867 [4.1024997176112095, 1.0, -0.38214761518979007]
10.639999999999862 [4.236406061695029, 1.0, -0.4184218223466997]
10.859999999999857 [4.336274441288265, 1.0, -0.44366622716647497]
11.079999999999853 [4.409309353526144, 1.0, -0.46225983132759857]
11.299999999999848 [4.462735886863785, 1.0, -0.47586267192454124]
11.519999999999843 [4.501818599527074, 1.0, -0.4858138950065109]
11.739999999999839 [4.530408504885071, 1.0, -0.4930936785524459]
11.959999999999834 [4.551322690802224, 1.0, -0.49841913618375633]
12.17999999999983 [4.566621913912738, 1.0, -0.5023149017861901]
12.399999999999824 [4.577813661680304, 1.0, -0.5051647833819507]
12.61999999999982 [4.586000694636716, 1.0, -0.5072495595597584]
12.839999999999815 [4.591989707263092, 1.0, -0.5087746340155123]
13.05999999999981 [4.59637081533567, 1.0, -0.5098902684770423]
13.279999999999806 [4.59957570246509, 1.0, -0.5107063851607292]
13.499999999999801 [4.601920155499592, 1.0, -0.5113033959737612]
13.719999999999796 [4.603635180099521, 1.0, -0.511740124791372]
13.939999999999792 [4.60488976248076, 1.0, -0.5120596030376121]
14.159999999999787 [4.605807520154632, 1.0, -0.5122933094234987]
14.379999999999782 [4.606478882334348, 1.0, -0.5124642714882396]
14.599999999999778 [4.60697000019119, 1.0, -0.5125893344894762]
14.819999999999773 [4.607329264920073, 1.0, -0.5126808211717893]
15.039999999999768 [4.607592075861417, 1.0, -0.5127477459385619]
15.259999999999764 [4.607784328497621, 1.0, -0.5127967030540808]
15.479999999999759 [4.6079249660071095, 1.0, -0.5128325163881446]
15.699999999999754 [4.608027845788198, 1.0, -0.5128587147217705]
15.91999999999975 [4.608103104866769, 1.0, -0.5128778794458244]
16.139999999999745 [4.6081581587253115, 1.0, -0.5128918989115461]
16.35999999999974 [4.608198431970759, 1.0, -0.5129021544944337]
16.579999999999735 [4.608227892835865, 1.0, -0.5129096567046643]
16.79999999999973 [4.608249444180029, 1.0, -0.5129151447552698]
17.019999999999726 [4.60826520951597, 1.0, -0.5129191593987339]
17.23999999999972 [4.6082767422452315, 1.0, -0.512922096208766]
17.459999999999717 [4.60828517871907, 1.0, -0.5129242445572338]
17.679999999999712 [4.60829135020625, 1.0, -0.5129258161267518]
17.899999999999707 [4.608295864800233, 1.0, -0.5129269657683395]
18.119999999999703 [4.608299167336274, 1.0, -0.5129278067593142]
18.339999999999698 [4.608301583222253, 1.0, -0.5129284219648059]
18.559999999999693 [4.608303350502003, 1.0, -0.5129288720026884]
18.77999999999969 [4.608304643310417, 1.0, -0.51292920121642]
18.999999999999684 [4.608305589031425, 1.0, -0.5129294420443259]
19.21999999999968 [4.608306280849499, 1.0, -0.5129296182158355]
19.439999999999674 [4.608306786931358, 1.0, -0.5129297470896085]
19.65999999999967 [4.608307157142634, 1.0, -0.5129298413639298]
19.879999999999665 [4.608307427961249, 1.0, -0.512929910327905]
