0.0 [0.0, 1.0, 0.0]
0.21999999999999997 [0.002838308243651888, 1.0, 0.025829803562172703]
0.4200000000000001 [0.26874819439496894, 1.0, 0.07691625769924713]
0.6200000000000002 [0.4834064834926002, 1.0, 0.04605084407530269]
0.8200000000000004 [0.6480717968743587, 1.0, 0.004495907078574279]
1.0200000000000005 [0.8262018459368309, 1.0, -0.024338366451919613]
1.2200000000000006 [1.018354279526275, 1.0, -0.0824825850869981]
1.4200000000000008 [1.2201316850526749, 1.0, -0.09834791134862111]
1.620000000000001 [1.395686044172143, 1.0, -0.12472161914251534]
1.8200000000000012 [1.5775057186629862, 1.0, -0.12001087589002268]
2.0200000000000014 [1.768172981766381, 1.0, -0.07473155847486737]
2.2200000000000015 [1.9605079882971848, 1.0, -0.03311947268603188]
2.4200000000000017 [2.161314861365498, 1.0, 0.034569087014487965]
2.620000000000002 [2.368090787898176, 1.0, 0.07335783891350227]
2.820000000000002 [2.539484133167503, 1.0, 0.10811466722690838]
3.0200000000000022 [2.7312637464308405, 1.0, 0.11429087758398838]
3.2200000000000024 [2.911909204388145, 1.0, 0.08261210909176284]
3.4200000000000026 [3.1069263597129817, 1.0, 0.033204472873537144]
3.6200000000000028 [3.3104602386695614, 1.0, -0.021882392070151524]
3.820000000000003 [3.518368135673148, 1.0, -0.07086559508328817]
4.040000000000002 [3.712180729499894, 1.0, -0.1088966275386751]
4.259999999999997 [3.9220905356155966, 1.0, -0.11786202449540123]
4.479999999999992 [4.1201732155967825, 1.0, -0.08216571487041976]
4.699999999999988 [4.33357602928705, 1.0, -0.030939015520127844]
4.919999999999983 [4.554813963217722, 1.0, 0.03919800476171281]
5.139999999999978 [4.7802003287931685, 1.0, 0.08093293972203992]
5.359999999999974 [4.972936994597045, 1.0, 0.1157311126296198]
5.579999999999969 [5.173274459177232, 1.0, 0.11304749227280209]
5.799999999999964 [5.38745204306137, 1.0, 0.05882113075225301]
6.01999999999996 [5.602641434146875, 1.0, 0.01802527978215407]
6.239999999999955 [5.823816785965483, 1.0, -0.05972054421849876]
6.45999999999995 [6.037813335538989, 1.0, -0.09496355749919569]
6.6799999999999455 [6.241903135130009, 1.0, -0.11963242995972606]
6.899999999999941 [6.433889441216242, 1.0, -0.10271511067431771]
7.119999999999936 [6.650622371901252, 1.0, -0.04224369845355491]
7.3399999999999315 [6.87043656809292, 1.0, 0.004548940218895653]
7.559999999999927 [7.0954519197108405, 1.0, 0.06604100844747923]
7.779999999999922 [7.290995697156233, 1.0, 0.10354087402505524]
7.999999999999917 [7.502313671713144, 1.0, 0.11475326738741241]
8.219999999999914 [7.699133879156906, 1.0, 0.08117362303524867]
8.439999999999909 [7.913585008912057, 1.0, 0.02841504317445362]
8.659999999999904 [8.135809291774377, 1.0, -0.04211638255358627]
8.8799999999999 [8.363395968166728, 1.0, -0.08511090591627056]
9.099999999999895 [8.55442207069755, 1.0, -0.1218335422414914]
9.31999999999989 [8.756726594485922, 1.0, -0.12091842835306357]
9.539999999999885 [8.96769857709051, 1.0, -0.07102688545624089]
9.75999999999988 [9.181673958513784, 1.0, -0.029785718368327968]
9.979999999999876 [9.401811894790544, 1.0, 0.045830466949884185]
10.199999999999871 [9.657534439096997, 1.0, -0.07654663645851639]
10.419999999999867 [9.851088077589765, 1.0, -0.21116670279124813]
10.639999999999862 [9.973402270234562, 1.0, -0.21795114968864773]
10.859999999999857 [10.065406970606885, 1.0, -0.220472297143492]
11.079999999999853 [10.132734999761196, 1.0, -0.22240579801764251]
11.299999999999848 [10.18198716100049, 1.0, -0.22382128971526982]
11.519999999999843 [10.218016375209775, 1.0, -0.22485717616681808]
11.739999999999839 [10.244372668178942, 1.0, -0.22561517713974966]
11.959999999999834 [10.263652972761246, 1.0, -0.2261697938189567]
12.17999999999983 [10.277757010939935, 1.0, -0.226575574094176]
12.399999999999824 [10.288074477603542, 1.0, -0.22687244699642503]
12.61999999999982 [10.295621970008549, 1.0, -0.22708963545861732]
12.839999999999815 [10.301143155054191, 1.0, -0.22724852419886074]
13.05999999999981 [10.305182044142473, 1.0, -0.22736476064214617]
13.279999999999806 [10.30813659558264, 1.0, -0.22744979339758217]
13.499999999999801 [10.3102979261081, 1.0, -0.2275119985490543]
13.719999999999796 [10.31187899509928, 1.0, -0.22755750402309038]
13.939999999999792 [10.313035587825405, 1.0, -0.22759079287976755]
14.159999999999787 [10.313881665223265, 1.0, -0.22761514476639538]
14.379999999999782 [10.314500592654227, 1.0, -0.22763295892226215]
14.599999999999778 [10.31495335402847, 1.0, -0.22764599050238515]
14.819999999999773 [10.315284560648148, 1.0, -0.2276555234744662]
15.039999999999768 [10.315526846830776, 1.0, -0.22766249710819395]
15.259999999999764 [10.315704085420945, 1.0, -0.2276675985111682]
15.479999999999759 [10.315833740019972, 1.0, -0.2276713303243842]
15.699999999999754 [10.315928585702498, 1.0, -0.22767406024486875]
15.91999999999975 [10.315997967765016, 1.0, -0.22767605725364345]
16.139999999999745 [10.316048722532887, 1.0, -0.2276775181178851]
16.35999999999974 [10.316085850954387, 1.0, -0.22767858677819142]
16.579999999999735 [10.316113011352147, 1.0, -0.22767936853099965]
16.79999999999973 [10.316132879883492, 1.0, -0.22767994040346456]
17.019999999999726 [10.316147414226513, 1.0, -0.2276803587429873]
17.23999999999972 [10.316158046473234, 1.0, -0.2276806647691722]
17.459999999999717 [10.316165824235885, 1.0, -0.22768088863523736]
17.679999999999712 [10.316171513869827, 1.0, -0.22768105239904723]
17.899999999999707 [10.316175675983777, 1.0, -0.2276811721965027]
18.119999999999703 [10.316178720677463, 1.0, -0.22768125983143364]
18.339999999999698 [10.316180947949405, 1.0, -0.22768132393864704]
18.559999999999693 [10.316182577256274, 1.0, -0.22768137083472775]
18.77999999999969 [10.316183769136263, 1.0, -0.22768140514042062]
18.999999999999684 [10.316184641027212, 1.0, -0.22768143023591986]
19.21999999999968 [10.316185278837924, 1.0, -0.2276814485939249]
19.439999999999674 [10.316185745412906, 1.0, -0.22768146202327896]
19.65999999999967 [10.316186086724539, 1.0, -0.22768147184719778]
19.879999999999665 [10.316186336402803, 1.0, -0.2276814790336478]
