0.0 (4.375, 1.0, 0.0)
0.21999999999999997 (3.499354037686586, 1.0, 0.49641438201667426)
0.4200000000000001 (2.718649798420789, 1.0, 0.7394994357731618)
0.6200000000000002 (3.1685133601564894, 1.0, 0.7813539061683338)
0.8200000000000004 (3.9252052899403407, 1.0, 0.5165104843410528)
1.0200000000000005 (4.468355567035938, 1.0, -0.01418695994888726)
1.2200000000000006 (4.972152495931606, 1.0, -0.5930153226025694)
1.4200000000000008 (5.525959232870656, 1.0, -1.0582835910905444)
1.620000000000001 (6.206595013630529, 1.0, -1.103451845884489)
1.8200000000000012 (6.801865223329561, 1.0, -0.7194977948493095)
2.0200000000000014 (7.202705387046717, 1.0, -0.17252420316838893)
2.2200000000000015 (7.703090071571974, 1.0, 0.18578922326672118)
2.4200000000000017 (8.389817495390655, 1.0, 0.155701219220764)
2.620000000000002 (8.969552281912831, 1.0, -0.30022183228023597)
2.820000000000002 (9.26825257206056, 1.0, -0.954896815139773)
3.0200000000000022 (9.636862518414711, 1.0, -1.4567713117075627)
3.2200000000000024 (10.331511594860215, 1.0, -1.6505127808650333)
3.4200000000000026 (11.035652734563328, 1.0, -1.3538854404034746)
3.6200000000000028 (11.449584889732785, 1.0, -0.7708429179972457)
3.820000000000003 (11.87723995403494, 1.0, -0.32474257718719907)
4.040000000000002 (12.669748480455633, 1.0, -0.2347220330751384)
4.259999999999997 (13.350244915611523, 1.0, -0.6994302126342474)
4.479999999999992 (13.679506348055508, 1.0, -1.405125423148176)
4.699999999999988 (14.111281868658281, 1.0, -1.9383666170931866)
4.919999999999983 (14.876484334757645, 1.0, -2.0802323369690705)
5.139999999999978 (15.58476059924688, 1.0, -1.6973053700493919)
5.359999999999974 (16.067154534018808, 1.0, -1.0987336614435679)
5.579999999999969 (16.682883018855872, 1.0, -0.7391630307242202)
5.799999999999964 (17.415547281657474, 1.0, -0.8858949037425354)
6.01999999999996 (17.92419267559307, 1.0, -1.4703607071531197)
6.239999999999955 (18.292210598392842, 1.0, -2.1101183452071104)
6.45999999999995 (18.936877665765994, 1.0, -2.5097668602553243)
6.6799999999999455 (19.67319166350611, 1.0, -2.3832227633832694)
6.899999999999941 (20.175264609920088, 1.0, -1.826809476497951)
7.119999999999936 (20.650722213719863, 1.0, -1.3094308951188043)
7.3399999999999315 (21.44279676195672, 1.0, -1.1582132698209053)
7.559999999999927 (22.14001051682303, 1.0, -1.5609199458070218)
7.779999999999922 (22.464074616685362, 1.0, -2.249172364937419)
7.999999999999917 (22.843964521848136, 1.0, -2.8144149468782724)
8.219999999999914 (23.606102652413, 1.0, -3.0375588593216105)
8.439999999999909 (24.355200084309285, 1.0, -2.704762673079877)
8.659999999999904 (24.82588268850659, 1.0, -2.0839027100412078)
8.8799999999999 (25.38140379026302, 1.0, -1.6703618773939226)
9.099999999999895 (26.148134245741108, 1.0, -1.7251775729137773)
9.31999999999989 (26.734506312359045, 1.0, -2.263584530131244)
9.539999999999885 (27.09011694892323, 1.0, -2.93665763715292)
9.75999999999988 (27.651123390901933, 1.0, -3.39532118852055)
9.979999999999876 (28.390585665677516, 1.0, -3.365432142929469)
10.199999999999871 (29.899690022718715, 1.0, -3.2307520264799785)
10.419999999999867 (30.407689663534597, 1.0, -2.961013599338423)
10.639999999999862 (30.59315716219869, 1.0, -2.9515642956215493)
10.859999999999857 (30.725989749947363, 1.0, -2.9608367380348657)
11.079999999999853 (30.82321395536662, 1.0, -2.9665419803049287)
11.299999999999848 (30.89433638085299, 1.0, -2.9707219110599916)
11.519999999999843 (30.94636464268986, 1.0, -2.9737830824258737)
11.739999999999839 (30.984424970295404, 1.0, -2.976024257690199)
11.959999999999834 (31.012267330923056, 1.0, -2.977664729651866)
12.17999999999983 (31.03263492946405, 1.0, -2.978865312879014)
12.399999999999824 (31.047534500783534, 1.0, -2.979743859717848)
12.61999999999982 (31.058434032737797, 1.0, -2.980386696069867)
12.839999999999815 (31.066407404586855, 1.0, -2.98085703267556)
13.05999999999981 (31.072240193460154, 1.0, -2.9812011426624268)
13.279999999999806 (31.076507074602155, 1.0, -2.9814528936901863)
13.499999999999801 (31.079628441862017, 1.0, -2.9816370703561694)
13.719999999999796 (31.081911827278844, 1.0, -2.981771808386347)
13.939999999999792 (31.083582200792822, 1.0, -2.9818703773292143)
14.159999999999787 (31.084804135446625, 1.0, -2.9819424857273216)
14.379999999999782 (31.085698021946797, 1.0, -2.981995236467345)
14.599999999999778 (31.086351930146296, 1.0, -2.982033825957574)
14.819999999999773 (31.08683028611078, 1.0, -2.9820620557639708)
15.039999999999768 (31.087180219681144, 1.0, -2.9820827069770566)
15.259999999999764 (31.087436207927567, 1.0, -2.9820978141209404)
15.479999999999759 (31.087623471991925, 1.0, -2.9821088655521937)
15.699999999999754 (31.087760461992126, 1.0, -2.9821169500718527)
15.91999999999975 (31.08786067481337, 1.0, -2.9821228641842725)
16.139999999999745 (31.087933983883726, 1.0, -2.9821271905644564)
16.35999999999974 (31.087987611949846, 1.0, -2.9821303554616208)
16.579999999999735 (31.088026842695314, 1.0, -2.9821326706929607)
16.79999999999973 (31.088055541313445, 1.0, -2.9821343643640894)
17.019999999999726 (31.088076535323964, 1.0, -2.9821356033424022)
17.23999999999972 (31.088091893153248, 1.0, -2.982136509697273)
17.459999999999717 (31.08810312792519, 1.0, -2.9821371727266968)
17.679999999999712 (31.088111346541144, 1.0, -2.9821376577552483)
17.899999999999707 (31.088117358736895, 1.0, -2.982138012570096)
18.119999999999703 (31.088121756861582, 1.0, -2.982138272129191)
18.339999999999698 (31.088124974238657, 1.0, -2.9821384620054685)
18.559999999999693 (31.088127327858892, 1.0, -2.982138600906399)
18.77999999999969 (31.088129049611755, 1.0, -2.9821387025171346)
18.999999999999684 (31.088130309132257, 1.0, -2.9821387768488297)
19.21999999999968 (31.08813123051414, 1.0, -2.98213883122498)
19.439999999999674 (31.088131904536173, 1.0, -2.982138871002976)
19.65999999999967 (31.088132397606103, 1.0, -2.9821389001019263)
19.879999999999665 (31.08813275830346, 1.0, -2.982138921388794)
