0.0 [0.0, 1.0, 0.0]
0.21999999999999997 [0.12684492255928403, 1.0, 0.02399798938545384]
0.4200000000000001 [0.7387290267211257, 1.0, 0.04436369038152099]
0.6200000000000002 [1.3759051021634825, 1.0, 0.05731291948837347]
0.8200000000000004 [2.2559524531182706, 1.0, 0.03358827719037434]
1.0200000000000005 [3.3957007262740606, 1.0, 0.011625232700772217]
1.2200000000000006 [4.561328932027873, 1.0, 0.14033351585835838]
1.4200000000000008 [5.6751402521715715, 1.0, 0.21410643330012868]
1.620000000000001 [6.642866456339184, 1.0, 0.16910537886493685]
1.8200000000000012 [7.705483513783107, 1.0, 0.06687026731167806]
2.0200000000000014 [8.827973005585681, 1.0, 0.06038631075055588]
2.2200000000000015 [9.92817294853424, 1.0, 0.1700819391949949]
2.4200000000000017 [11.065288508411609, 1.0, 0.2452093547003329]
2.620000000000002 [12.101892163731153, 1.0, 0.1959575335680377]
2.820000000000002 [13.200486555651418, 1.0, 0.08493899801794566]
3.0200000000000022 [14.306459666560977, 1.0, 0.08749872917562106]
3.2200000000000024 [15.383337687278411, 1.0, 0.1964102855705203]
3.4200000000000026 [16.520483710829083, 1.0, 0.27689416973836195]
3.6200000000000028 [17.571960535019347, 1.0, 0.23112783571543388]
3.820000000000003 [18.678184175744697, 1.0, 0.12154510846569176]
4.040000000000002 [19.883451209441276, 1.0, 0.13804357713005463]
4.259999999999997 [21.08505986312245, 1.0, 0.26239708994213856]
4.479999999999992 [22.302917272382604, 1.0, 0.32613526127911774]
4.699999999999988 [23.46576620374524, 1.0, 0.22882571332925056]
4.919999999999983 [24.721472252169992, 1.0, 0.1572337560333365]
5.139999999999978 [25.88149692578194, 1.0, 0.23552339216467638]
5.359999999999974 [27.114789026163034, 1.0, 0.3630477574592964]
5.579999999999969 [28.298397841864205, 1.0, 0.3452999809521655]
5.799999999999964 [29.510243304881552, 1.0, 0.2306456672888958]
6.01999999999996 [30.719137143623442, 1.0, 0.23086836826138543]
6.239999999999955 [31.906338541700016, 1.0, 0.35299252116740426]
6.45999999999995 [33.13577734666497, 1.0, 0.4320521786327237]
6.6799999999999455 [34.294279007025665, 1.0, 0.34365151766128893]
6.899999999999941 [35.551781604783095, 1.0, 0.26453508667239]
7.119999999999936 [36.716675910886565, 1.0, 0.32630865996683767]
7.3399999999999315 [37.93592283488929, 1.0, 0.4642635719121281]
7.559999999999927 [39.131055663573335, 1.0, 0.4556101994541769]
7.779999999999922 [40.34027963084734, 1.0, 0.347736938271638]
7.999999999999917 [41.55331717097772, 1.0, 0.3264014619516202]
8.219999999999914 [42.726670481127954, 1.0, 0.44793938630955704]
8.439999999999909 [43.96964485110155, 1.0, 0.5364435793763511]
8.659999999999904 [45.1275182683963, 1.0, 0.46237494097184806]
8.8799999999999 [46.376948524669324, 1.0, 0.3718056943495859]
9.099999999999895 [47.54973832338923, 1.0, 0.4213038275347921]
9.31999999999989 [48.76211591613156, 1.0, 0.5623354142608779]
9.539999999999885 [49.965336755650426, 1.0, 0.5669511165348011]
9.75999999999988 [51.16704772981161, 1.0, 0.46520852985018263]
9.979999999999876 [52.386480578883386, 1.0, 0.4238623508601243]
10.199999999999871 [53.296310081427116, 1.0, 0.401465706252363]
10.419999999999867 [53.85964790528929, 1.0, 0.39482627762485656]
10.639999999999862 [54.270423774621186, 1.0, 0.3899025212855878]
10.859999999999857 [54.57090938429602, 1.0, 0.3861689317280131]
11.079999999999853 [54.790724052983975, 1.0, 0.3834208562295946]
11.299999999999848 [54.951525433158984, 1.0, 0.3814016462538153]
11.519999999999843 [55.06915674828918, 1.0, 0.37991976202966904]
11.739999999999839 [55.15520780168374, 1.0, 0.3788331641270819]
11.959999999999834 [55.21815689403262, 1.0, 0.37803691685896296]
12.17999999999983 [55.26420616778009, 1.0, 0.37745370527799493]
12.399999999999824 [55.29789268566319, 1.0, 0.37702667596799133]
12.61999999999982 [55.32253545283106, 1.0, 0.3767140808889936]
12.839999999999815 [55.34056242709702, 1.0, 0.3764852954703737]
13.05999999999981 [55.35374973701841, 1.0, 0.3763178716079385]
13.279999999999806 [55.363396677378624, 1.0, 0.37619536357608896]
13.499999999999801 [55.3704537238808, 1.0, 0.37610572783808605]
13.719999999999796 [55.37561617994272, 1.0, 0.3760401472240097]
13.939999999999792 [55.379392682299965, 1.0, 0.37599216797898616]
14.159999999999787 [55.382155315036336, 1.0, 0.37595706698759995]
14.379999999999782 [55.38417626959656, 1.0, 0.3759313880761765]
14.599999999999778 [55.38565466275764, 1.0, 0.375912602373777]
14.819999999999773 [55.38673615483345, 1.0, 0.37589885962564756]
15.039999999999768 [55.387527301019944, 1.0, 0.37588880614808945]
15.259999999999764 [55.38810604986422, 1.0, 0.37588145159081393]
15.479999999999759 [55.3885294232315, 1.0, 0.37587607143412005]
15.699999999999754 [55.38883913444729, 1.0, 0.37587213564360894]
15.91999999999975 [55.38906569814883, 1.0, 0.37586925646873226]
16.139999999999745 [55.389231436773244, 1.0, 0.3758671502503602]
16.35999999999974 [55.38935267990016, 1.0, 0.37586560947890213]
16.579999999999735 [55.389441373141615, 1.0, 0.37586448235237985]
16.79999999999973 [55.389506255096414, 1.0, 0.3758636578216752]
17.019999999999726 [55.389553718330234, 1.0, 0.37586305465020503]
17.23999999999972 [55.3895884392102, 1.0, 0.37586261341048594]
17.459999999999717 [55.389613838649055, 1.0, 0.3758622906292372]
17.679999999999712 [55.38963241915439, 1.0, 0.3758620545042673]
17.899999999999707 [55.389646011390795, 1.0, 0.3758618817712042]
18.119999999999703 [55.389655954548275, 1.0, 0.3758617554113868]
18.339999999999698 [55.38966322828734, 1.0, 0.37586166297510365]
18.559999999999693 [55.38966854926106, 1.0, 0.37586159535498387]
18.77999999999969 [55.38967244172423, 1.0, 0.3758615458886893]
18.999999999999684 [55.38967528918607, 1.0, 0.37586150970250315]
19.21999999999968 [55.38967737219589, 1.0, 0.37586148323114404]
19.439999999999674 [55.389678895984474, 1.0, 0.37586146386649383]
19.65999999999967 [55.389680010684735, 1.0, 0.37586144970062996]
19.879999999999665 [55.389680826123794, 1.0, 0.3758614393378454]
