0.0 (4.375, 1.0, 0.0)
0.21999999999999997 (3.610285519904833, 1.0, 0.702099408610795)
0.4200000000000001 (3.9417153116576915, 1.0, 0.9185260950914693)
0.6200000000000002 (5.012828288711198, 1.0, 0.6472452967340339)
0.8200000000000004 (6.210152830347548, 1.0, -0.12520643866461745)
1.0200000000000005 (7.415175815040759, 1.0, -0.4581053720423199)
1.2200000000000006 (8.34734193415737, 1.0, 0.2908808801440254)
1.4200000000000008 (9.372554090929707, 1.0, 0.7966432507589248)
1.620000000000001 (10.485928704532945, 1.0, 0.5677884812672694)
1.8200000000000012 (11.543082383151267, 1.0, -0.20287321727002436)
2.0200000000000014 (12.713331507720254, 1.0, -0.4762669793910742)
2.2200000000000015 (13.738979722807194, 1.0, 0.25055171732415904)
2.4200000000000017 (14.847278557207103, 1.0, 0.7901179057726959)
2.620000000000002 (15.98315012763893, 1.0, 0.5665049904262984)
2.820000000000002 (17.00561782580214, 1.0, -0.19492547622202294)
3.0200000000000022 (18.160452728424996, 1.0, -0.44753549192872016)
3.2200000000000024 (19.198661706960625, 1.0, 0.2772250912625061)
3.4200000000000026 (20.32189961165559, 1.0, 0.8253825470763374)
3.6200000000000028 (21.461378350444893, 1.0, 0.6034367721215075)
3.820000000000003 (22.47391418065547, 1.0, -0.15503893937110957)
4.040000000000002 (23.757389397876256, 1.0, -0.3423865196995892)
4.259999999999997 (24.896053240418993, 1.0, 0.43837177596792937)
4.479999999999992 (26.117220938300022, 1.0, 0.9456325469348119)
4.699999999999988 (27.306391704607307, 1.0, 0.29564019540257835)
4.919999999999983 (28.54077527828426, 1.0, -0.32214106227796263)
5.139999999999978 (29.77278373759348, 1.0, -0.023237021941261884)
5.359999999999974 (30.84248487243201, 1.0, 0.8589934382219141)
5.579999999999969 (32.192892017900135, 1.0, 0.7864619866483118)
5.799999999999964 (33.3219296774969, 1.0, 0.029791596239396867)
6.01999999999996 (34.56264194292699, 1.0, -0.2977474743744229)
6.239999999999955 (35.71401314785788, 1.0, 0.49402565457965386)
6.45999999999995 (36.966433638290425, 1.0, 1.0239555645750433)
6.6799999999999455 (38.163675559797916, 1.0, 0.5206488267580179)
6.899999999999941 (39.33531690442727, 1.0, -0.20568068998333655)
7.119999999999936 (40.61522650769727, 1.0, 0.026949433282404362)
7.3399999999999315 (41.68252892174324, 1.0, 0.9000679870162885)
7.559999999999927 (43.01529498051088, 1.0, 0.9462623084021181)
7.779999999999922 (44.15778397569314, 1.0, 0.20392277220993282)
7.999999999999917 (45.37894805910727, 1.0, -0.22571557310187082)
8.219999999999914 (46.54401770331651, 1.0, 0.533894195175516)
8.439999999999909 (47.7973663516732, 1.0, 1.105951249390228)
8.659999999999904 (49.00805927572209, 1.0, 0.7303890627634647)
8.8799999999999 (50.12555642141095, 1.0, -0.08580615962226949)
9.099999999999895 (51.45380066125511, 1.0, 0.09384866060342582)
9.31999999999989 (52.54817799996286, 1.0, 0.9102479765397584)
9.539999999999885 (53.82697320920762, 1.0, 1.120334015017703)
9.75999999999988 (54.98194082882311, 1.0, 0.3618258182184079)
9.979999999999876 (56.21411173845068, 1.0, -0.12214760778866628)
10.199999999999871 (57.64122756825588, 1.0, 0.20014510534845953)
10.419999999999867 (58.23395811834885, 1.0, 0.3282858516781936)
10.639999999999862 (58.64503722102535, 1.0, 0.33328994946569673)
10.859999999999857 (58.94551912216379, 1.0, 0.32918390447441626)
11.079999999999853 (59.16533108313924, 1.0, 0.32616529609220335)
11.299999999999848 (59.326130470690124, 1.0, 0.3239480871857308)
11.519999999999843 (59.443760321805485, 1.0, 0.32232130930184627)
11.739999999999839 (59.529810300828075, 1.0, 0.32112868976097103)
11.959999999999834 (59.592758605420116, 1.0, 0.3202548696896486)
12.17999999999983 (59.63880730192432, 1.0, 0.3196149033246728)
12.399999999999824 (59.67249339701418, 1.0, 0.31914635190402446)
12.61999999999982 (59.69713585461623, 1.0, 0.3188033798410375)
12.839999999999815 (59.7151626022755, 1.0, 0.31855237149210774)
13.05999999999981 (59.72834974634693, 1.0, 0.31836869020533914)
13.279999999999806 (59.73799656533981, 1.0, 0.31823428900460893)
13.499999999999801 (59.74505352303499, 1.0, 0.31813595284923024)
13.719999999999796 (59.75021591411947, 1.0, 0.31806400750283126)
13.939999999999792 (59.75399236893711, 1.0, 0.31801137219948133)
14.159999999999787 (59.756754966893205, 1.0, 0.3179728651239481)
14.379999999999782 (59.75877589600866, 1.0, 0.3179446945376245)
14.599999999999778 (59.76025427055509, 1.0, 0.31792408608700745)
14.819999999999773 (59.76133574901314, 1.0, 0.31790900993573273)
15.039999999999768 (59.7621268852375, 1.0, 0.3178979810286562)
15.259999999999764 (59.76270562679402, 1.0, 0.3178899129121332)
15.479999999999759 (59.763128994829984, 1.0, 0.3178840107632754)
15.699999999999754 (59.76343870214571, 1.0, 0.3178796931183799)
15.91999999999975 (59.763665262994195, 1.0, 0.3178765346045687)
16.139999999999745 (59.763830999531486, 1.0, 0.3178742240406937)
16.35999999999974 (59.76395224113161, 1.0, 0.31787253378388314)
16.579999999999735 (59.76404093325617, 1.0, 0.31787129730399527)
16.79999999999973 (59.76410581439391, 1.0, 0.31787039277777607)
17.019999999999726 (59.76415327703004, 1.0, 0.3178697310870094)
17.23999999999972 (59.76418799747276, 1.0, 0.3178692470385409)
17.459999999999717 (59.764213396591764, 1.0, 0.31786889294131476)
17.679999999999712 (59.76423197686311, 1.0, 0.3178686339077003)
17.899999999999707 (59.764245568928345, 1.0, 0.3178684444162276)
18.119999999999703 (59.76425551196062, 1.0, 0.31786830579709463)
18.339999999999698 (59.76426278560807, 1.0, 0.3178682043927285)
18.559999999999693 (59.76426810651479, 1.0, 0.3178681302121677)
18.77999999999969 (59.764271998928955, 1.0, 0.3178680759466997)
18.999999999999684 (59.764274846354944, 1.0, 0.3178680362497642)
19.21999999999968 (59.764276929338514, 1.0, 0.31786800721017905)
19.439999999999674 (59.7642784531079, 1.0, 0.31786798596678895)
19.65999999999967 (59.764279567794134, 1.0, 0.31786797042656645)
19.879999999999665 (59.764280383222925, 1.0, 0.31786795905839454)
