0.0 [0.0, 1.0, 0.0]
0.21999999999999997 [0.24121585399568113, 1.0, 0.014894253689550267]
0.4200000000000001 [1.0516740226788928, 1.0, 0.03656467353947554]
0.6200000000000002 [2.0855423089702407, 1.0, 0.06250841781872038]
0.8200000000000004 [3.29747700405178, 1.0, 0.15315492690865876]
1.0200000000000005 [4.6326493079785225, 1.0, 0.1604492981495306]
1.2200000000000006 [6.035878426462373, 1.0, 0.3102983102994449]
1.4200000000000008 [7.4859164599664565, 1.0, 0.3787698494408981]
1.620000000000001 [8.983041021069889, 1.0, 0.4848651467118437]
1.8200000000000012 [10.504229747021093, 1.0, 0.6617284876802382]
2.0200000000000014 [12.043180095777622, 1.0, 0.7243210381445178]
2.2200000000000015 [13.57412241383733, 1.0, 0.9377964462173096]
2.4200000000000017 [15.114108574055981, 1.0, 1.0489036671673324]
2.620000000000002 [16.66312221102738, 1.0, 1.194672975028557]
2.820000000000002 [18.217436471277583, 1.0, 1.402998878758816]
3.0200000000000022 [19.779729524354952, 1.0, 1.4884899592770267]
3.2200000000000024 [21.321115937624114, 1.0, 1.7214788137534014]
3.4200000000000026 [22.87043469072869, 1.0, 1.8473901655885758]
3.6200000000000028 [24.423439147453006, 1.0, 2.005827675134009]
3.820000000000003 [25.979851330394876, 1.0, 2.2241550788087396]
4.040000000000002 [27.698970664954416, 1.0, 2.3353417928240403]
4.259999999999997 [29.39942040862994, 1.0, 2.600237406271026]
4.479999999999992 [31.112370664096545, 1.0, 2.7134428405301456]
4.699999999999988 [32.808224492245145, 1.0, 2.9548901483962293]
4.919999999999983 [34.51803669421195, 1.0, 3.1101985399379615]
5.139999999999978 [36.22441399002922, 1.0, 3.298601174895112]
5.359999999999974 [37.93231537202216, 1.0, 3.5124241306029225]
5.579999999999969 [39.65241913389311, 1.0, 3.647748992037403]
5.799999999999964 [41.356370863991586, 1.0, 3.9048599383381886]
6.01999999999996 [43.074329585586966, 1.0, 4.012693129539406]
6.239999999999955 [44.77351162332806, 1.0, 4.275353638949639]
6.45999999999995 [46.48195564591783, 1.0, 4.398800052334454]
6.6799999999999455 [48.18276124638592, 1.0, 4.624797759601941]
6.899999999999941 [49.890848042490724, 1.0, 4.798811901613216]
7.119999999999936 [51.60139396692773, 1.0, 4.967174601511023]
7.3399999999999315 [53.31127352775068, 1.0, 5.19787081051286]
7.559999999999927 [55.03039369560755, 1.0, 5.3184033226739675]
7.779999999999922 [56.733278443897596, 1.0, 5.5808643256464965]
7.999999999999917 [58.44915576659556, 1.0, 5.686947682486926]
8.219999999999914 [60.146783122488145, 1.0, 5.938977395844507]
8.439999999999909 [61.85400848481238, 1.0, 6.074545319756648]
8.659999999999904 [63.560067976014224, 1.0, 6.280354127303305]
8.8799999999999 [65.26526876479474, 1.0, 6.471881964785967]
9.099999999999895 [66.98374644566506, 1.0, 6.6204070279447365]
9.31999999999989 [68.69043930171145, 1.0, 6.863763097281081]
9.539999999999885 [70.41000021734484, 1.0, 6.9733544764727675]
9.75999999999988 [72.11081944683113, 1.0, 7.235654944054959]
9.979999999999876 [73.8242226511409, 1.0, 7.345513069536967]
10.199999999999871 [75.33130468402392, 1.0, 7.48432585309716]
10.419999999999867 [76.40769187442396, 1.0, 7.573897536949831]
10.639999999999862 [77.1950141175017, 1.0, 7.637549205386214]
10.859999999999857 [77.77097830698547, 1.0, 7.6839488629715795]
11.079999999999853 [78.19232043937618, 1.0, 7.7178166980211635]
11.299999999999848 [78.5005488193289, 1.0, 7.742551888472782]
11.519999999999843 [78.72602939526476, 1.0, 7.7606249176107545]
11.739999999999839 [78.89097652108956, 1.0, 7.773834368509398]
11.959999999999834 [79.0116410758566, 1.0, 7.7834913188310475]
12.17999999999983 [79.09991129364288, 1.0, 7.790552374227852]
12.399999999999824 [79.16448390219945, 1.0, 7.795715988175495]
12.61999999999982 [79.2117208912916, 1.0, 7.799492387018256]
12.839999999999815 [79.24627628908183, 1.0, 7.802254434865651]
13.05999999999981 [79.27155468133782, 1.0, 7.804274688766569]
13.279999999999806 [79.29004663941828, 1.0, 7.805752423170979]
13.499999999999801 [79.30357410004086, 1.0, 7.806833354952515]
13.719999999999796 [79.31346987027086, 1.0, 7.807624049204255]
13.939999999999792 [79.32070894213497, 1.0, 7.8082024448550476]
14.159999999999787 [79.32600455397399, 1.0, 7.808625547703717]
14.379999999999782 [79.32987846266259, 1.0, 7.808935054484158]
14.599999999999778 [79.33271235012491, 1.0, 7.809161465102674]
14.819999999999773 [79.33478542891606, 1.0, 7.809327089829202]
15.039999999999768 [79.3363019519432, 1.0, 7.809448248596069]
15.259999999999764 [79.33741133672379, 1.0, 7.809536879556711]
15.479999999999759 [79.33822288693237, 1.0, 7.809601715637898]
15.699999999999754 [79.33881656168586, 1.0, 7.809649145139635]
15.91999999999975 [79.3392508536216, 1.0, 7.809683841245624]
16.139999999999745 [79.33956855196331, 1.0, 7.809709222505689]
16.35999999999974 [79.33980095838794, 1.0, 7.809727789680209]
16.579999999999735 [79.33997097106666, 1.0, 7.809741372145514]
16.79999999999973 [79.34009534073897, 1.0, 7.809751308143499]
17.019999999999726 [79.34018632110282, 1.0, 7.809758576637937]
17.23999999999972 [79.34025287612747, 1.0, 7.809763893770482]
17.459999999999717 [79.34030156324097, 1.0, 7.809767783420732]
17.679999999999712 [79.34033717941018, 1.0, 7.809770628822834]
17.899999999999707 [79.34036323376873, 1.0, 7.809772710324515]
18.119999999999703 [79.34038229335913, 1.0, 7.809774233008923]
18.339999999999698 [79.34039623605459, 1.0, 7.809775346900822]
18.559999999999693 [79.34040643557896, 1.0, 7.809776161748064]
18.77999999999969 [79.34041389685487, 1.0, 7.809776757834667]
18.999999999999684 [79.34041935501504, 1.0, 7.809777193890932]
19.21999999999968 [79.34042334783253, 1.0, 7.809777512879926]
19.439999999999674 [79.34042626870527, 1.0, 7.809777746230495]
19.65999999999967 [79.34042840541636, 1.0, 7.809777916933842]
19.879999999999665 [79.34042996848837, 1.0, 7.809778041808757]
