0.0 (4.375, 1.0, 0.0)
0.21999999999999997 (4.183634295602903, 1.0, 0.6942132194604143)
0.4200000000000001 (5.338676379743821, 1.0, 0.0871895663750392)
0.6200000000000002 (6.283406668622662, 1.0, 0.3938338063451471)
0.8200000000000004 (7.473400040783612, 1.0, 0.6310656858479824)
1.0200000000000005 (8.936008389632624, 1.0, 0.11595113269518806)
1.2200000000000006 (10.152036435530405, 1.0, 1.0058300928549877)
1.4200000000000008 (11.734930878163125, 1.0, 0.5420557572549605)
1.620000000000001 (13.207051937871169, 1.0, 0.8894567079490981)
1.8200000000000012 (14.708446123739908, 1.0, 1.2439299192422901)
2.0200000000000014 (16.305159352891835, 1.0, 0.7786355206651636)
2.2200000000000015 (17.716783128029395, 1.0, 1.7046337380849972)
2.4200000000000017 (19.34767308616033, 1.0, 1.2815278474111786)
2.620000000000002 (20.883526338736793, 1.0, 1.648763707554113)
2.820000000000002 (22.425353181301823, 1.0, 2.031290077919902)
3.0200000000000022 (24.02786356581499, 1.0, 1.5794262216855235)
3.2200000000000024 (25.46873391686671, 1.0, 2.5169364191078523)
3.4200000000000026 (27.098828659226456, 1.0, 2.1041178154402664)
3.6200000000000028 (28.64163868420327, 1.0, 2.4786212168794988)
3.820000000000003 (30.18841841651782, 1.0, 2.8680105822209536)
4.040000000000002 (31.94883407753677, 1.0, 2.4870655824872654)
4.259999999999997 (33.569788647187856, 1.0, 3.405162941996569)
4.479999999999992 (35.350900216216154, 1.0, 2.827087628027825)
4.699999999999988 (36.95105902435786, 1.0, 3.736941508090239)
4.919999999999983 (38.74472943641429, 1.0, 3.373730970409111)
5.139999999999978 (40.41488048039959, 1.0, 3.8794284906806116)
5.359999999999974 (42.15105632872525, 1.0, 4.01809237592853)
5.579999999999969 (43.900100204923945, 1.0, 3.947066499382385)
5.799999999999964 (45.5523357391431, 1.0, 4.626096382367158)
6.01999999999996 (47.31665925347828, 1.0, 4.115399988035586)
6.239999999999955 (48.943229018824304, 1.0, 5.073230693529214)
6.45999999999995 (50.70039026108261, 1.0, 4.505803650726784)
6.6799999999999455 (52.358884208553455, 1.0, 5.312357150789696)
6.899999999999941 (54.11196874652522, 1.0, 5.108200731170914)
7.119999999999936 (55.81929452791298, 1.0, 5.440895868268409)
7.3399999999999315 (57.523858222795425, 1.0, 5.792003510367407)
7.559999999999927 (59.28228497282016, 1.0, 5.555021559312169)
7.779999999999922 (60.9049804941426, 1.0, 6.371635944974145)
7.999999999999917 (62.69724157932661, 1.0, 5.797303197358012)
8.219999999999914 (64.29784645417651, 1.0, 6.73779954603833)
8.439999999999909 (66.07852529058603, 1.0, 6.246680123284143)
8.659999999999904 (67.74939103828574, 1.0, 6.898028882283921)
8.8799999999999 (69.48287594059525, 1.0, 6.840832601518356)
9.099999999999895 (71.22090114015295, 1.0, 6.9748504660032395)
9.31999999999989 (72.90111568767944, 1.0, 7.501744481792473)
9.539999999999885 (74.65880905522486, 1.0, 7.11717983046097)
9.75999999999988 (76.28432025614448, 1.0, 8.031039281652616)
9.979999999999876 (78.06223646979608, 1.0, 7.448477914667152)
10.199999999999871 (79.69251055155176, 1.0, 7.793624497211346)
10.419999999999867 (80.76873498625459, 1.0, 7.9226307169770145)
10.639999999999862 (81.55605712180095, 1.0, 7.986422312453387)
10.859999999999857 (82.13209285714515, 1.0, 8.031953644616724)
11.079999999999853 (82.55348732655645, 1.0, 8.065184901698679)
11.299999999999848 (82.86175399332335, 1.0, 8.089453662790607)
11.519999999999843 (83.08726257739124, 1.0, 8.107185082525813)
11.739999999999839 (83.2522301920272, 1.0, 8.12014442086622)
11.959999999999834 (83.37290973496201, 1.0, 8.12961829132827)
12.17999999999983 (83.46119091702987, 1.0, 8.136545356744195)
12.399999999999824 (83.52577154628045, 1.0, 8.141610920015081)
12.61999999999982 (83.57301440274898, 1.0, 8.145315574158328)
12.839999999999815 (83.60757409270195, 1.0, 8.1480251291105)
13.05999999999981 (83.63285562480591, 1.0, 8.150006977779466)
13.279999999999806 (83.65134987978192, 1.0, 8.151456614855633)
13.499999999999801 (83.66487902065487, 1.0, 8.152516991114647)
13.719999999999796 (83.67477602004045, 1.0, 8.153292647581312)
13.939999999999792 (83.68201599107043, 1.0, 8.153860042204089)
14.159999999999787 (83.68731226067756, 1.0, 8.154275097231679)
14.379999999999782 (83.69118665054425, 1.0, 8.15457871665787)
14.599999999999778 (83.69402089000359, 1.0, 8.154800820426903)
14.819999999999773 (83.69609422629165, 1.0, 8.154963294522615)
15.039999999999768 (83.69761093768595, 1.0, 8.155082148484993)
15.259999999999764 (83.69872046026309, 1.0, 8.155169093398337)
15.479999999999759 (83.6995321112742, 1.0, 8.155232696077238)
15.699999999999754 (83.70012585976795, 1.0, 8.155279223303284)
15.91999999999975 (83.70056020564702, 1.0, 8.155313259364485)
16.139999999999745 (83.70087794345, 1.0, 8.155338157780038)
16.35999999999974 (83.7011103787418, 1.0, 8.155356371738046)
16.579999999999735 (83.70128041253774, 1.0, 8.155369695814034)
16.79999999999973 (83.701404797658, 1.0, 8.155379442791912)
17.019999999999726 (83.70149578932252, 1.0, 8.155386573012072)
17.23999999999972 (83.70156235261395, 1.0, 8.155391788992562)
17.459999999999717 (83.70161104577485, 1.0, 8.155395604646852)
17.679999999999712 (83.70164666636798, 1.0, 8.155398395918551)
17.899999999999707 (83.70167272396269, 1.0, 8.155400437822117)
18.119999999999703 (83.70169178592049, 1.0, 8.15540193153924)
18.339999999999698 (83.70170573034777, 1.0, 8.155403024240654)
18.559999999999693 (83.70171593113902, 1.0, 8.155403823586383)
18.77999999999969 (83.70172339334168, 1.0, 8.155404408333139)
18.999999999999684 (83.70172885217984, 1.0, 8.155404836093938)
19.21999999999968 (83.70173284549328, 1.0, 8.155405149014536)
19.439999999999674 (83.7017357667288, 1.0, 8.155405377925886)
19.65999999999967 (83.7017379037053, 1.0, 8.1554055453818)
19.879999999999665 (83.70173946697145, 1.0, 8.155405667881114)
