0.0 [0.0, 1.0, 0.0]
0.21999999999999997 [0.2571423163894578, 1.0, 0.009000345292570829]
0.4200000000000001 [0.9069076649560377, 1.0, 0.018626129571115427]
0.6200000000000002 [1.8140975575334086, 1.0, 0.05178391666598506]
0.8200000000000004 [2.868822828047834, 1.0, 0.09479245688523169]
1.0200000000000005 [4.0730059228433735, 1.0, 0.12291475258422682]
1.2200000000000006 [5.341382483795535, 1.0, 0.21772547835745049]
1.4200000000000008 [6.676872083183502, 1.0, 0.2696825898288647]
1.620000000000001 [8.057132600691096, 1.0, 0.3743572667459191]
1.8200000000000012 [9.465327909360958, 1.0, 0.4859718818320598]
2.0200000000000014 [10.902926082101418, 1.0, 0.5726929678251523]
2.2200000000000015 [12.342077061289569, 1.0, 0.7310385779980665]
2.4200000000000017 [13.795055534822122, 1.0, 0.8324427143969035]
2.620000000000002 [15.25402242373078, 1.0, 0.9837028901540842]
2.820000000000002 [16.718376782525414, 1.0, 1.135052264559795]
3.0200000000000022 [18.1920933952403, 1.0, 1.2541712403024359]
3.2200000000000024 [19.656020860926287, 1.0, 1.441298665769476]
3.4200000000000026 [21.125630881647872, 1.0, 1.5659073212509125]
3.6200000000000028 [22.595001819800856, 1.0, 1.7369532490006416]
3.820000000000003 [24.066429090359428, 1.0, 1.9044118503883147]
4.040000000000002 [25.692034970244706, 1.0, 2.051439839791304]
4.259999999999997 [27.301826324236135, 1.0, 2.2580202314620603]
4.479999999999992 [28.922238239272446, 1.0, 2.4369075086547656]
4.699999999999988 [30.548791352199903, 1.0, 2.591309924188513]
4.919999999999983 [32.15960187844493, 1.0, 2.802196268392169]
5.139999999999978 [33.77952716441684, 1.0, 2.977476410069365]
5.359999999999974 [35.405256216011765, 1.0, 3.1363025367019994]
5.579999999999969 [37.0180897173426, 1.0, 3.352523577493962]
5.799999999999964 [38.6360776654534, 1.0, 3.524841987340214]
6.01999999999996 [40.26267104728634, 1.0, 3.6862712851630435]
6.239999999999955 [41.87543707186882, 1.0, 3.9026316599904174]
6.45999999999995 [43.4934133905098, 1.0, 4.072448901023882]
6.6799999999999455 [45.1191266636148, 1.0, 4.239465406977657]
6.899999999999941 [46.73242913300051, 1.0, 4.455574462452983]
7.119999999999936 [48.35133687542832, 1.0, 4.620321481426893]
7.3399999999999315 [49.97501181063771, 1.0, 4.791257380690666]
7.559999999999927 [51.59034929987439, 1.0, 5.009344077899467]
7.779999999999922 [53.207308861413736, 1.0, 5.171515892143592]
7.999999999999917 [54.83158580970135, 1.0, 5.345081315845607]
8.219999999999914 [56.44725586960981, 1.0, 5.560791660259375]
8.439999999999909 [58.064246734835166, 1.0, 5.720983133911096]
8.659999999999904 [59.687527667331175, 1.0, 5.900037810224875]
8.8799999999999 [61.30377256157689, 1.0, 6.11404681691421]
9.099999999999895 [62.92184922471333, 1.0, 6.2699984405066544]
9.31999999999989 [64.5427836661878, 1.0, 6.452639599953393]
9.539999999999885 [66.16179875812031, 1.0, 6.667320307477421]
9.75999999999988 [67.77820211596357, 1.0, 6.821963059733039]
9.979999999999876 [69.3983812141645, 1.0, 7.007133777094701]
10.199999999999871 [70.86103989619276, 1.0, 7.1519950874305245]
10.419999999999867 [71.92254731817728, 1.0, 7.255795926504874]
10.639999999999862 [72.69906668922107, 1.0, 7.33077889655676]
10.859999999999857 [73.26713022627446, 1.0, 7.385502538741173]
11.079999999999853 [73.68269499081457, 1.0, 7.425467973758243]
11.299999999999848 [73.98669858387346, 1.0, 7.454668253181277]
11.519999999999843 [74.20908968007562, 1.0, 7.476010073115811]
11.739999999999839 [74.37177752547349, 1.0, 7.49161207143731]
11.959999999999834 [74.49078989762407, 1.0, 7.503019968001886]
12.17999999999983 [74.5778518892329, 1.0, 7.51136229237082]
12.399999999999824 [74.6415409295424, 1.0, 7.517463414474973]
12.61999999999982 [74.68813176889866, 1.0, 7.521925752860442]
12.839999999999815 [74.72221463915547, 1.0, 7.525189656678101]
13.05999999999981 [74.74714747281725, 1.0, 7.527577074100955]
13.279999999999806 [74.76538672421387, 1.0, 7.529323423701788]
13.499999999999801 [74.77872938053426, 1.0, 7.5306008700589295]
13.719999999999796 [74.78849000337908, 1.0, 7.531535329565181]
13.939999999999792 [74.795630241927, 1.0, 7.532218899468809]
14.159999999999787 [74.800853576921, 1.0, 7.532718944100697]
14.379999999999782 [74.80467462951565, 1.0, 7.533084738528197]
14.599999999999778 [74.80746986328641, 1.0, 7.533352326886475]
14.819999999999773 [74.80951467461011, 1.0, 7.533548075489833]
15.039999999999768 [74.81101052562175, 1.0, 7.533691271560186]
15.259999999999764 [74.81210479294583, 1.0, 7.533796024022006]
15.479999999999759 [74.81290528775051, 1.0, 7.533872653857999]
15.699999999999754 [74.81349087768184, 1.0, 7.533928711126744]
15.91999999999975 [74.8139192571837, 1.0, 7.533969718905896]
16.139999999999745 [74.81423263176032, 1.0, 7.533999717490847]
16.35999999999974 [74.81446187621424, 1.0, 7.534021662483385]
16.579999999999735 [74.814629576543, 1.0, 7.534037716001208]
16.79999999999973 [74.81475225519343, 1.0, 7.534049459704531]
17.019999999999726 [74.81484199891283, 1.0, 7.534058050630689]
17.23999999999972 [74.81490764957935, 1.0, 7.53406433519166]
17.459999999999717 [74.81495567533587, 1.0, 7.534068932566695]
17.679999999999712 [74.81499080785477, 1.0, 7.534072295706681]
17.899999999999707 [74.8150165085199, 1.0, 7.534074755960826]
18.119999999999703 [74.81503530945443, 1.0, 7.534076555722557]
18.339999999999698 [74.81504906299492, 1.0, 7.534077872311073]
18.559999999999693 [74.81505912419037, 1.0, 7.534078835441534]
18.77999999999969 [74.81506648430636, 1.0, 7.534079540005098]
18.999999999999684 [74.81507186848836, 1.0, 7.534080055417949]
19.21999999999968 [74.81507580720557, 1.0, 7.534080432460447]
19.439999999999674 [74.81507868851483, 1.0, 7.5340807082802055]
19.65999999999967 [74.81508079629323, 1.0, 7.534080910051991]
19.879999999999665 [74.81508233820676, 1.0, 7.534081057655104]
