0.0 (4.375, 1.0, 0.0)
0.21999999999999997 (4.504745376532102, 1.0, 0.357955007124729)
0.4200000000000001 (5.177340519305119, 1.0, 0.2901130037780434)
0.6200000000000002 (6.154092765195154, 1.0, 0.10858095103862132)
0.8200000000000004 (7.09651390226416, 1.0, 0.6136223988619709)
1.0200000000000005 (8.4210648336935, 1.0, 0.13782731184862912)
1.2200000000000006 (9.630580338987436, 1.0, 0.6339060848309382)
1.4200000000000008 (10.973319008600342, 1.0, 0.6300435846311382)
1.620000000000001 (12.377157315537472, 1.0, 0.555800358775159)
1.8200000000000012 (13.714021184159444, 1.0, 1.1210256692101166)
2.0200000000000014 (15.231026986628152, 1.0, 0.7065881990078133)
2.2200000000000015 (16.629591472684215, 1.0, 1.2557330865993532)
2.4200000000000017 (18.087980920946507, 1.0, 1.2862006854961658)
2.620000000000002 (19.561947793507347, 1.0, 1.248016223865856)
2.820000000000002 (20.966791340072547, 1.0, 1.8409162348684915)
3.0200000000000022 (22.51055152926792, 1.0, 1.4497802715770758)
3.2200000000000024 (23.939723319924806, 1.0, 2.0200096021387934)
3.4200000000000026 (25.414535370739543, 1.0, 2.0630767276206865)
3.6200000000000028 (26.89792631228499, 1.0, 2.03676754846161)
3.820000000000003 (28.31337629556543, 1.0, 2.639602685642582)
4.040000000000002 (30.007760826642965, 1.0, 2.3464905734056916)
4.259999999999997 (31.59660641486286, 1.0, 2.6603512657052386)
4.479999999999992 (33.15849155076111, 1.0, 3.1925354758286204)
4.699999999999988 (34.862515415488495, 1.0, 2.8541910392949346)
4.919999999999983 (36.4537237027951, 1.0, 3.252156874586927)
5.139999999999978 (38.0217867945487, 1.0, 3.7160680275753104)
5.359999999999974 (39.71523959242173, 1.0, 3.3720303260703464)
5.579999999999969 (41.310116174614336, 1.0, 3.846028638199667)
5.799999999999964 (42.89045550678484, 1.0, 4.22591193659212)
6.01999999999996 (44.575492299327706, 1.0, 3.916651749935425)
6.239999999999955 (46.16019485132231, 1.0, 4.446646886736061)
6.45999999999995 (47.752309978547025, 1.0, 4.749972162546006)
6.6799999999999455 (49.43359690359399, 1.0, 4.469357434144967)
6.899999999999941 (51.01666599933164, 1.0, 5.02343074072701)
7.119999999999936 (52.61360198177685, 1.0, 5.274813813283997)
7.3399999999999315 (54.29024260399319, 1.0, 5.029085107404528)
7.559999999999927 (55.87578294639162, 1.0, 5.5939390747944415)
7.779999999999922 (57.47526098616722, 1.0, 5.7993189227495385)
7.999999999999917 (59.14424205100504, 1.0, 5.573214828334577)
8.219999999999914 (60.72842844737781, 1.0, 6.170009757776135)
8.439999999999909 (62.33173730390519, 1.0, 6.340300772250331)
8.659999999999904 (63.99709576323139, 1.0, 6.121021517321699)
8.8799999999999 (65.57962400528804, 1.0, 6.752090491755519)
9.099999999999895 (67.18882570195525, 1.0, 6.877590917523005)
9.31999999999989 (68.84869389977989, 1.0, 6.674522281419915)
9.539999999999885 (70.43459575656829, 1.0, 7.336485783513561)
9.75999999999988 (72.05482757027421, 1.0, 7.384725261400343)
9.979999999999876 (73.69716573099754, 1.0, 7.214632332934856)
10.199999999999871 (75.21728209451973, 1.0, 7.544265018646917)
10.419999999999867 (76.27746927918182, 1.0, 7.674192134869019)
10.639999999999862 (77.0540992023127, 1.0, 7.748053298249653)
10.859999999999857 (77.622239893733, 1.0, 7.801993356283106)
11.079999999999853 (78.03786113223404, 1.0, 7.841384284502297)
11.299999999999848 (78.34190605538161, 1.0, 7.870163601834524)
11.519999999999843 (78.5643273951005, 1.0, 7.891197104879421)
11.739999999999839 (78.72703736948375, 1.0, 7.906573361860314)
11.959999999999834 (78.84606593229546, 1.0, 7.917816015602967)
12.17999999999983 (78.93313976928297, 1.0, 7.926037402866841)
12.399999999999824 (78.99683747561546, 1.0, 7.932050025197586)
12.61999999999982 (79.04343465485086, 1.0, 7.936447606831787)
12.839999999999815 (79.07752216315365, 1.0, 7.939664130224552)
13.05999999999981 (79.1024583898164, 1.0, 7.94201688261097)
13.279999999999806 (79.12070012336964, 1.0, 7.943737871065265)
13.499999999999801 (79.13404459550522, 1.0, 7.944996763540727)
13.719999999999796 (79.14380654669883, 1.0, 7.9459176495296315)
13.939999999999792 (79.15094775698911, 1.0, 7.946591289554016)
14.159999999999787 (79.15617180285135, 1.0, 7.947084069930536)
14.379999999999782 (79.15999337547346, 1.0, 7.947444550193452)
14.599999999999778 (79.16278898966385, 1.0, 7.947708250996889)
14.819999999999773 (79.16483407927855, 1.0, 7.947901155687134)
15.039999999999768 (79.16633013387012, 1.0, 7.948042271319134)
15.259999999999764 (79.16742455012026, 1.0, 7.948145501858759)
15.479999999999759 (79.16822515386966, 1.0, 7.948221018350748)
15.699999999999754 (79.16881082349794, 1.0, 7.9482762611669235)
15.91999999999975 (79.1692392613009, 1.0, 7.948316673144206)
16.139999999999745 (79.16955267852683, 1.0, 7.9483462358785495)
16.35999999999974 (79.16978195418022, 1.0, 7.9483678620307465)
16.579999999999735 (79.16994967733251, 1.0, 7.948383682305517)
16.79999999999973 (79.17007237267913, 1.0, 7.948395255383287)
17.019999999999726 (79.17016212861239, 1.0, 7.948403721490833)
17.23999999999972 (79.1702277882138, 1.0, 7.9484099147425935)
17.459999999999717 (79.17027582050648, 1.0, 7.948414445321735)
17.679999999999712 (79.17031095780682, 1.0, 7.948417759598177)
17.899999999999707 (79.17033666196973, 1.0, 7.94842018410693)
18.119999999999703 (79.170355465463, 1.0, 7.948421957719658)
18.339999999999698 (79.17036922087532, 1.0, 7.948423255179259)
18.559999999999693 (79.17037928344006, 1.0, 7.948424204316251)
18.77999999999969 (79.17038664455774, 1.0, 7.948424898643104)
18.999999999999684 (79.17039202947251, 1.0, 7.948425406567445)
19.21999999999968 (79.17039596872577, 1.0, 7.948425778131833)
19.439999999999674 (79.17039885042718, 1.0, 7.948426049944163)
19.65999999999967 (79.17040095849244, 1.0, 7.948426248784376)
19.879999999999665 (79.17040250061581, 1.0, 7.948426394242939)
