0.0 [0.0, 1.0, 0.0]
0.21999999999999997 [0.22395662941151362, 1.0, 0.005449942457892019]
0.4200000000000001 [0.7350032123224421, 1.0, 0.020525338025882484]
0.6200000000000002 [1.4698869577069906, 1.0, 0.034561543357689815]
0.8200000000000004 [2.3621932761610682, 1.0, 0.050724117417615636]
1.0200000000000005 [3.369462694766346, 1.0, 0.07833673341780073]
1.2200000000000006 [4.448610068110958, 1.0, 0.12588900732345226]
1.4200000000000008 [5.584556879470674, 1.0, 0.18242439791045653]
1.620000000000001 [6.764614199828717, 1.0, 0.23395400479756212]
1.8200000000000012 [7.97728425949771, 1.0, 0.29379768952406565]
2.0200000000000014 [9.212655306338917, 1.0, 0.3679105326833007]
2.2200000000000015 [10.458340736396558, 1.0, 0.4622846179638725]
2.4200000000000017 [11.716811792334106, 1.0, 0.5628951225309414]
2.620000000000002 [12.982354093134045, 1.0, 0.6531368519399371]
2.820000000000002 [14.254896021943006, 1.0, 0.7494046110039816]
3.0200000000000022 [15.53149158190918, 1.0, 0.8571525985475084]
3.2200000000000024 [16.806037641654513, 1.0, 0.9828020441296195]
3.4200000000000026 [18.085054918624763, 1.0, 1.1123655056760906]
3.6200000000000028 [19.36423036791096, 1.0, 1.2289996883033676]
3.820000000000003 [20.64568843359707, 1.0, 1.3501431102826353]
4.040000000000002 [22.056095597996276, 1.0, 1.4932648731748324]
4.259999999999997 [23.464055021849276, 1.0, 1.6492730139741227]
4.479999999999992 [24.86897664800089, 1.0, 1.8123176782291184]
4.699999999999988 [26.277023752329875, 1.0, 1.9788826985719499]
4.919999999999983 [27.685870719292975, 1.0, 2.1503515256064762]
5.139999999999978 [29.093819516691653, 1.0, 2.3159647399399947]
5.359999999999974 [30.49960538950713, 1.0, 2.4873675066249423]
5.579999999999969 [31.906315624127426, 1.0, 2.6566115894623397]
5.799999999999964 [33.31485060191737, 1.0, 2.838315358624989]
6.01999999999996 [34.7202757180205, 1.0, 3.0254467932747464]
6.239999999999955 [36.12242561104074, 1.0, 3.222567376183213]
6.45999999999995 [37.52429603434644, 1.0, 3.4260508525975846]
6.6799999999999455 [38.93011880620105, 1.0, 3.628940060140613]
6.899999999999941 [40.33369429179503, 1.0, 3.8357811753724587]
7.119999999999936 [41.73516851924264, 1.0, 4.0356045536342835]
7.3399999999999315 [43.13760631470714, 1.0, 4.243613958659939]
7.559999999999927 [44.54104147352371, 1.0, 4.4525968220556535]
7.779999999999922 [45.942582125532496, 1.0, 4.6742999599304325]
7.999999999999917 [47.34009471265062, 1.0, 4.902603867101618]
8.219999999999914 [48.73765165809316, 1.0, 5.137517002588251]
8.439999999999909 [50.13531042707816, 1.0, 5.377676123032329]
8.659999999999904 [51.53491050410593, 1.0, 5.613870811055693]
8.8799999999999 [52.93198273703328, 1.0, 5.854188931096993]
9.099999999999895 [54.328003601242656, 1.0, 6.089377153474141]
9.31999999999989 [55.72514828656141, 1.0, 6.335189792133017]
9.539999999999885 [57.12228775147809, 1.0, 6.584516280645236]
9.75999999999988 [58.515656224183836, 1.0, 6.845742738094399]
9.979999999999876 [59.905262966589234, 1.0, 7.113161226452692]
10.199999999999871 [61.17251713978658, 1.0, 7.337334896058403]
10.419999999999867 [62.097367785495685, 1.0, 7.50525177530246]
10.639999999999862 [62.77394675562906, 1.0, 7.62771925543994]
10.859999999999857 [63.26890753366564, 1.0, 7.717191216920324]
11.079999999999853 [63.63099881997242, 1.0, 7.782580242949146]
11.299999999999848 [63.89588647417505, 1.0, 7.83038089706203]
11.519999999999843 [64.08966368215815, 1.0, 7.865330666791305]
11.739999999999839 [64.23141977017278, 1.0, 7.890887942891161]
11.959999999999834 [64.33511990416069, 1.0, 7.909578773768671]
12.17999999999983 [64.41098043386815, 1.0, 7.92324896941657]
12.399999999999824 [64.4664751533113, 1.0, 7.933247687910583]
12.61999999999982 [64.50707149417238, 1.0, 7.940561286947176]
12.839999999999815 [64.53676911866543, 1.0, 7.945911000597387]
13.05999999999981 [64.55849394100815, 1.0, 7.949824264487879]
13.279999999999806 [64.57438637941117, 1.0, 7.952686823661889]
13.499999999999801 [64.58601222846512, 1.0, 7.954780814325951]
13.719999999999796 [64.59451692273204, 1.0, 7.956312602161708]
13.939999999999792 [64.60073838750144, 1.0, 7.957433136399293]
14.159999999999787 [64.60528959382064, 1.0, 7.958252833834102]
14.379999999999782 [64.60861895073914, 1.0, 7.9588524639456875]
14.599999999999778 [64.61105448449815, 1.0, 7.959291110098457]
14.819999999999773 [64.61283615720593, 1.0, 7.9596119925533735]
15.039999999999768 [64.61413950908705, 1.0, 7.959846727727342]
15.259999999999764 [64.61509295360426, 1.0, 7.960018443732318]
15.479999999999759 [64.61579042942833, 1.0, 7.960144059361026]
15.699999999999754 [64.61630065577965, 1.0, 7.960235951168328]
15.91999999999975 [64.61667390302, 1.0, 7.960303172957657]
16.139999999999745 [64.61694694556448, 1.0, 7.960352347854732]
16.35999999999974 [64.61714668510055, 1.0, 7.96038832087774]
16.579999999999735 [64.61729280109193, 1.0, 7.960414636307891]
16.79999999999973 [64.61739968970946, 1.0, 7.9604338868984295]
17.019999999999726 [64.61747788222223, 1.0, 7.960447969330764]
17.23999999999972 [64.61753508259758, 1.0, 7.960458271088058]
17.459999999999717 [64.61757692653913, 1.0, 7.960465807158894]
17.679999999999712 [64.61760753674812, 1.0, 7.960471320040212]
17.899999999999707 [64.61762992911504, 1.0, 7.960475352892575]
18.119999999999703 [64.61764630986224, 1.0, 7.960478303055562]
18.339999999999698 [64.61765829291346, 1.0, 7.960480461196006]
18.559999999999693 [64.61766705890653, 1.0, 7.9604820399461405]
18.77999999999969 [64.61767347151655, 1.0, 7.960483194853371]
18.999999999999684 [64.61767816255009, 1.0, 7.96048403970569]
19.21999999999968 [64.6176815941942, 1.0, 7.960484657742725]
19.439999999999674 [64.6176841045538, 1.0, 7.960485109856976]
19.65999999999967 [64.61768594096375, 1.0, 7.960485440593299]
19.879999999999665 [64.6176872843576, 1.0, 7.960485682537718]
