0.0 (4.375, 1.0, 0.0)
0.21999999999999997 (4.588790310725947, 1.0, 0.04565802398452889)
0.4200000000000001 (5.046663748329371, 1.0, 0.2875559404204471)
0.6200000000000002 (5.741968988306354, 1.0, 0.4399238711417544)
0.8200000000000004 (6.677090938460817, 1.0, 0.2894292433144134)
1.0200000000000005 (7.73156646702542, 1.0, 0.08547513721707158)
1.2200000000000006 (8.803806288798102, 1.0, 0.22977884765231973)
1.4200000000000008 (9.910173646888754, 1.0, 0.521344123878127)
1.620000000000001 (11.055689667484671, 1.0, 0.7429346930919098)
1.8200000000000012 (12.29883098997432, 1.0, 0.6404693940209837)
2.0200000000000014 (13.563871645286723, 1.0, 0.48710757735569604)
2.2200000000000015 (14.802536803178183, 1.0, 0.6773064292868848)
2.4200000000000017 (16.037607664050963, 1.0, 1.0021434808318952)
2.620000000000002 (17.26999119799438, 1.0, 1.2599600156344124)
2.820000000000002 (18.57122567940413, 1.0, 1.1868829257450921)
3.0200000000000022 (19.875425428680224, 1.0, 1.0641296843347603)
3.2200000000000024 (21.142865518772467, 1.0, 1.2813365281282547)
3.4200000000000026 (22.398424547830487, 1.0, 1.629811772149489)
3.6200000000000028 (23.643377064298786, 1.0, 1.910460775820719)
3.820000000000003 (24.954796668840732, 1.0, 1.8590044611277479)
4.040000000000002 (26.391936485514275, 1.0, 1.8707087113389138)
4.259999999999997 (27.801839818853466, 1.0, 1.9456995633534284)
4.479999999999992 (29.193694199676564, 1.0, 2.1195035671508875)
4.699999999999988 (30.59726693451352, 1.0, 2.427131564433923)
4.919999999999983 (31.987270760706807, 1.0, 2.76305344193024)
5.139999999999978 (33.3649352942308, 1.0, 3.0776186861316943)
5.359999999999974 (34.76847285571498, 1.0, 3.250872809357647)
5.579999999999969 (36.192753280205785, 1.0, 3.335303096872121)
5.799999999999964 (37.628515134516704, 1.0, 3.352949688146181)
6.01999999999996 (39.04897632474451, 1.0, 3.4224159480394736)
6.239999999999955 (40.44434604285379, 1.0, 3.6163764074989397)
6.45999999999995 (41.831656070745154, 1.0, 3.9239717556507294)
6.6799999999999455 (43.21885826552413, 1.0, 4.327112296203152)
6.899999999999941 (44.59621497879402, 1.0, 4.666968630188473)
7.119999999999936 (45.97728805172777, 1.0, 4.92473420373351)
7.3399999999999315 (47.4044331827742, 1.0, 5.035534695618251)
7.559999999999927 (48.83947537798107, 1.0, 5.110409827647876)
7.779999999999922 (50.25458062445317, 1.0, 5.207026370722521)
7.999999999999917 (51.65443392329819, 1.0, 5.403145815719271)
8.219999999999914 (53.04200960525412, 1.0, 5.737915731075515)
8.439999999999909 (54.4150261268705, 1.0, 6.1050280244616415)
8.659999999999904 (55.786085250263966, 1.0, 6.504389227140537)
8.8799999999999 (57.173018273686246, 1.0, 6.80529733251478)
9.099999999999895 (58.564429065039086, 1.0, 7.026278892521992)
9.31999999999989 (59.98427367298696, 1.0, 7.165162538835183)
9.539999999999885 (61.4176240731399, 1.0, 7.283824512216139)
9.75999999999988 (62.81899084293759, 1.0, 7.462904281070832)
9.979999999999876 (64.19505414611334, 1.0, 7.739070256614654)
10.199999999999871 (65.48080818758186, 1.0, 8.095110043544937)
10.419999999999867 (66.40284759414445, 1.0, 8.281934068691802)
10.639999999999862 (67.07963520691702, 1.0, 8.403258601973667)
10.859999999999857 (67.5747474982164, 1.0, 8.491899559787706)
11.079999999999853 (67.93694963860963, 1.0, 8.556680000321231)
11.299999999999848 (68.20191839499768, 1.0, 8.60403509213208)
11.519999999999843 (68.3957549363957, 1.0, 8.638658725414167)
11.739999999999839 (68.53755443108338, 1.0, 8.663977319014952)
11.959999999999834 (68.64128631969412, 1.0, 8.682493490821958)
12.17999999999983 (68.71717007958854, 1.0, 8.696035888252508)
12.399999999999824 (68.77268179301174, 1.0, 8.705941102459676)
12.61999999999982 (68.81329056570414, 1.0, 8.713186291653)
12.839999999999815 (68.84299728458332, 1.0, 8.718485956774524)
13.05999999999981 (68.86472875981727, 1.0, 8.722362606128048)
13.279999999999806 (68.88062606505456, 1.0, 8.72519837928678)
13.499999999999801 (68.89225547437111, 1.0, 8.72727277441815)
13.719999999999796 (68.90076277309407, 1.0, 8.72879022711392)
13.939999999999792 (68.90698614311219, 1.0, 8.729900274531694)
14.159999999999787 (68.91153874318523, 1.0, 8.730712300410104)
14.379999999999782 (68.91486911968136, 1.0, 8.731306318471393)
14.599999999999778 (68.91730539929529, 1.0, 8.73174085919601)
14.819999999999773 (68.91908761762062, 1.0, 8.732058738380085)
15.039999999999768 (68.92039136863897, 1.0, 8.732291276554774)
15.259999999999764 (68.9213451051382, 1.0, 8.732461385378443)
15.479999999999759 (68.92204279455669, 1.0, 8.732585825299099)
15.699999999999754 (68.92255317715933, 1.0, 8.732676857036262)
15.91999999999975 (68.92292653870264, 1.0, 8.732743449655509)
16.139999999999745 (68.92319966486345, 1.0, 8.732792164293748)
16.35999999999974 (68.92339946556763, 1.0, 8.732827800622198)
16.579999999999735 (68.92354562630547, 1.0, 8.732853869749187)
16.79999999999973 (68.92365254765649, 1.0, 8.73287294016086)
17.019999999999726 (68.92373076411488, 1.0, 8.732886890786444)
17.23999999999972 (68.92378798200725, 1.0, 8.73289709612278)
17.459999999999717 (68.92382983876307, 1.0, 8.73290456165853)
17.679999999999712 (68.92386045834608, 1.0, 8.732910022941127)
17.899999999999707 (68.92388285757042, 1.0, 8.732914018047333)
18.119999999999703 (68.92389924333405, 1.0, 8.732916940597777)
18.339999999999698 (68.92391123005496, 1.0, 8.732919078538744)
18.559999999999693 (68.92391999873252, 1.0, 8.732920642512305)
18.77999999999969 (68.92392641330635, 1.0, 8.732921786609985)
18.999999999999684 (68.92393110577646, 1.0, 8.732922623554769)
19.21999999999968 (68.92393453847146, 1.0, 8.732923235807185)
19.439999999999674 (68.92393704959984, 1.0, 8.732923683689798)
19.65999999999967 (68.92393888657217, 1.0, 8.732924011330534)
19.879999999999665 (68.92394023037743, 1.0, 8.732924251010438)
