0.0 [0.0, 1.0, 0.0]
0.21999999999999997 [0.08119927412641409, 1.0, 0.034411584884358616]
0.4200000000000001 [0.5185494371645641, 1.0, 0.04039216446049124]
0.6200000000000002 [0.837506565545377, 1.0, -0.031128409520317424]
0.8200000000000004 [1.1848329911441522, 1.0, -0.043795092485876125]
1.0200000000000005 [1.6282628355791688, 1.0, -0.09881901460809728]
1.2200000000000006 [2.1417278323530424, 1.0, -0.15606995106461394]
1.4200000000000008 [2.7079233713865505, 1.0, -0.16581606461871046]
1.620000000000001 [3.2582286625249712, 1.0, -0.10532512810597408]
1.8200000000000012 [3.8320946686824873, 1.0, -0.014384179879352185]
2.0200000000000014 [4.425659204644366, 1.0, 0.04826463122539256]
2.2200000000000015 [4.957635880574822, 1.0, 0.013282377419125913]
2.4200000000000017 [5.454421112785341, 1.0, -0.09172595306994907]
2.620000000000002 [5.986217864008259, 1.0, -0.21444360516069907]
2.820000000000002 [6.563301478964485, 1.0, -0.34683703292399404]
3.0200000000000022 [7.096208132414485, 1.0, -0.3994599792891842]
3.2200000000000024 [7.604844723128383, 1.0, -0.3749100104898885]
3.4200000000000026 [8.156426825057558, 1.0, -0.3236339352721389]
3.6200000000000028 [8.741516410123182, 1.0, -0.2389996899844679]
3.820000000000003 [9.276488049914544, 1.0, -0.2274296493069638]
4.040000000000002 [9.833831304048543, 1.0, -0.316736891591449]
4.259999999999997 [10.424624127004005, 1.0, -0.45553840516639266]
4.479999999999992 [11.050094905265322, 1.0, -0.6186062944849569]
4.699999999999988 [11.633919243358749, 1.0, -0.6745232810337669]
4.919999999999983 [12.195004947772238, 1.0, -0.6314618013524175]
5.139999999999978 [12.795693730190129, 1.0, -0.5557872291368939]
5.359999999999974 [13.431817962744795, 1.0, -0.4938180960673909]
5.579999999999969 [14.01546267516514, 1.0, -0.5369616550065976]
5.799999999999964 [14.576999939025697, 1.0, -0.6636980841551827]
6.01999999999996 [15.16975470600177, 1.0, -0.8278617928270734]
6.239999999999955 [15.77788003621046, 1.0, -0.9518771196165017]
6.45999999999995 [16.359394338238125, 1.0, -0.9639487439461529]
6.6799999999999455 [16.952667678363774, 1.0, -0.8995577167508153]
6.899999999999941 [17.57654708851847, 1.0, -0.799070929275303]
7.119999999999936 [18.178686843986867, 1.0, -0.765533060042523]
7.3399999999999315 [18.746505181629683, 1.0, -0.8382798388817295]
7.559999999999927 [19.339877148917648, 1.0, -0.9775790924098231]
7.779999999999922 [19.961421750032994, 1.0, -1.152996315937365]
7.999999999999917 [20.54929387076031, 1.0, -1.231666933777432]
8.219999999999914 [21.11196722998435, 1.0, -1.2041603747752208]
8.439999999999909 [21.714310729533562, 1.0, -1.1364554323038154]
8.659999999999904 [22.356664335537968, 1.0, -1.0588988741816647]
8.8799999999999 [22.941529904379802, 1.0, -1.0837555248271276]
9.099999999999895 [23.49357174621666, 1.0, -1.2009124564128628]
9.31999999999989 [24.079813440516205, 1.0, -1.3537717547598267]
9.539999999999885 [24.698859469046962, 1.0, -1.4879097875752978]
9.75999999999988 [25.282853389789516, 1.0, -1.510966031163343]
9.979999999999876 [25.861356675445386, 1.0, -1.451749982185483]
10.199999999999871 [26.241344717700557, 1.0, -1.6623130071612642]
10.419999999999867 [26.442668895586934, 1.0, -1.698121352084866]
10.639999999999862 [26.570395138166283, 1.0, -1.6995708684641948]
10.859999999999857 [26.64589930549837, 1.0, -1.700647206116936]
11.079999999999853 [26.690500336865842, 1.0, -1.7012883273781791]
11.299999999999848 [26.71684754545427, 1.0, -1.7016681243058198]
11.519999999999843 [26.732411660058727, 1.0, -1.7018928543525056]
11.739999999999839 [26.74160586734553, 1.0, -1.7020257392635636]
11.959999999999834 [26.747037172418537, 1.0, -1.702104283844285]
12.17999999999983 [26.750245613920384, 1.0, -1.7021506983945671]
12.399999999999824 [26.752140940555392, 1.0, -1.7021781224378743]
12.61999999999982 [26.7532605692326, 1.0, -1.7021943246030073]
12.839999999999815 [26.753921968890218, 1.0, -1.702203896400395]
13.05999999999981 [26.754312678344693, 1.0, -1.7022095509948436]
13.279999999999806 [26.754543482634656, 1.0, -1.7022128914224015]
13.499999999999801 [26.754679825944923, 1.0, -1.7022148647459554]
13.719999999999796 [26.75476036820122, 1.0, -1.7022160304598422]
13.939999999999792 [26.754807947030297, 1.0, -1.7022167190869606]
14.159999999999787 [26.754836053332276, 1.0, -1.7022171258817442]
14.379999999999782 [26.754852656603664, 1.0, -1.7022173661885653]
14.599999999999778 [26.754862464675195, 1.0, -1.7022175081454667]
14.819999999999773 [26.754868258609726, 1.0, -1.7022175920038984]
15.039999999999768 [26.754871681268014, 1.0, -1.7022176415417136]
15.259999999999764 [26.754873703139275, 1.0, -1.7022176708052565]
15.479999999999759 [26.75487489752184, 1.0, -1.7022176880921487]
15.699999999999754 [26.75487560308098, 1.0, -1.7022176983040567]
15.91999999999975 [26.75487601987681, 1.0, -1.7022177043365507]
16.139999999999745 [26.754876266091145, 1.0, -1.7022177079001333]
16.35999999999974 [26.754876411537662, 1.0, -1.7022177100052536]
16.579999999999735 [26.75487649745747, 1.0, -1.7022177112488137]
16.79999999999973 [26.754876548212998, 1.0, -1.7022177119834234]
17.019999999999726 [26.754876578195876, 1.0, -1.7022177124173807]
17.23999999999972 [26.754876595907714, 1.0, -1.7022177126737326]
17.459999999999717 [26.754876606370644, 1.0, -1.7022177128251679]
17.679999999999712 [26.754876612551435, 1.0, -1.702217712914626]
17.899999999999707 [26.754876616202623, 1.0, -1.702217712967471]
18.119999999999703 [26.754876618359503, 1.0, -1.7022177129986888]
18.339999999999698 [26.75487661963365, 1.0, -1.7022177130171299]
18.559999999999693 [26.754876620386327, 1.0, -1.7022177130280238]
18.77999999999969 [26.754876620830952, 1.0, -1.7022177130344591]
18.999999999999684 [26.754876621093604, 1.0, -1.7022177130382607]
19.21999999999968 [26.754876621248755, 1.0, -1.7022177130405063]
19.439999999999674 [26.75487662134041, 1.0, -1.702217713041833]
19.65999999999967 [26.754876621394555, 1.0, -1.7022177130426162]
19.879999999999665 [26.754876621426533, 1.0, -1.702217713043079]
