0.0 (4.375, 1.0, 0.0)
0.21999999999999997 (3.536601920749739, 1.0, 0.4646226400762475)
0.4200000000000001 (2.802679086461961, 1.0, 0.6867661369956557)
0.6200000000000002 (3.207599605596294, 1.0, 0.8367930575023655)
0.8200000000000004 (3.9676427995073977, 1.0, 0.6695673875546811)
1.0200000000000005 (4.55554710807263, 1.0, 0.16683753440335208)
1.2200000000000006 (5.089506651589078, 1.0, -0.40514949108636933)
1.4200000000000008 (5.6658283538722385, 1.0, -0.8841719768106557)
1.620000000000001 (6.349786619851343, 1.0, -0.9451527670163371)
1.8200000000000012 (6.9424697947200285, 1.0, -0.5674089622846874)
2.0200000000000014 (7.3379261528758555, 1.0, -0.0013830265660388606)
2.2200000000000015 (7.821637302761936, 1.0, 0.4113279156135338)
2.4200000000000017 (8.507860185612191, 1.0, 0.46253506036930214)
2.620000000000002 (9.121840441674687, 1.0, 0.06866301479764317)
2.820000000000002 (9.47484604628724, 1.0, -0.5717844072350383)
3.0200000000000022 (9.86452181340613, 1.0, -1.080766620505604)
3.2200000000000024 (10.554161998531061, 1.0, -1.2993745297740393)
3.4200000000000026 (11.255340982237136, 1.0, -1.0199976187382398)
3.6200000000000028 (11.67166868661714, 1.0, -0.4288776799637382)
3.820000000000003 (12.082402411153634, 1.0, 0.05453032679074825)
4.040000000000002 (12.861695514071192, 1.0, 0.2399824729593679)
4.259999999999997 (13.57728787979148, 1.0, -0.14792478145263693)
4.479999999999992 (13.96319004224478, 1.0, -0.8362017439487153)
4.699999999999988 (14.413592293609423, 1.0, -1.3794327958668762)
4.919999999999983 (15.172834952624708, 1.0, -1.5477913472131954)
5.139999999999978 (15.876373810329925, 1.0, -1.1750423083660968)
5.359999999999974 (16.35262942221073, 1.0, -0.553684582719819)
5.579999999999969 (16.950453467179518, 1.0, -0.1241023438490725)
5.799999999999964 (17.695346498998862, 1.0, -0.18419700629853863)
6.01999999999996 (18.25154510883556, 1.0, -0.7231082949707288)
6.239999999999955 (18.65524677100857, 1.0, -1.360869018020668)
6.45999999999995 (19.304546223655933, 1.0, -1.7891982213931539)
6.6799999999999455 (20.045162362780616, 1.0, -1.6809985564356555)
6.899999999999941 (20.54995724286431, 1.0, -1.1194702107574588)
7.119999999999936 (21.00796935540473, 1.0, -0.5628646165257021)
7.3399999999999315 (21.784980944575945, 1.0, -0.31541824051273043)
7.559999999999927 (22.516955415282435, 1.0, -0.6421157123617764)
7.779999999999922 (22.89938873146909, 1.0, -1.309126482144754)
7.999999999999917 (23.302599054263457, 1.0, -1.879933303442184)
8.219999999999914 (24.058232813837936, 1.0, -2.1301547139992874)
8.439999999999909 (24.802091188678414, 1.0, -1.8132521763211886)
8.659999999999904 (25.27124821523189, 1.0, -1.176599117745809)
8.8799999999999 (25.80768808804045, 1.0, -0.7067895665766667)
9.099999999999895 (26.57445923848757, 1.0, -0.6697213775173467)
9.31999999999989 (27.20162210142411, 1.0, -1.1486434695031564)
9.539999999999885 (27.60177676272653, 1.0, -1.813746566892435)
9.75999999999988 (28.173450457762534, 1.0, -2.295754520973773)
9.979999999999876 (28.914311712081503, 1.0, -2.288492272854101)
10.199999999999871 (30.33487064664556, 1.0, -2.126975658397837)
10.419999999999867 (30.813389907925874, 1.0, -1.797669710847688)
10.639999999999862 (30.944788321737636, 1.0, -1.7698703720368432)
10.859999999999857 (31.020297212014107, 1.0, -1.7716011244167078)
11.079999999999853 (31.064895343008263, 1.0, -1.772457162442558)
11.299999999999848 (31.091240833712806, 1.0, -1.7729638917889254)
11.519999999999843 (31.106803931925185, 1.0, -1.7732635958364786)
11.739999999999839 (31.11599753824472, 1.0, -1.7734407671111614)
11.959999999999834 (31.121428488114738, 1.0, -1.7735454719416996)
12.17999999999983 (31.124636719719792, 1.0, -1.7736073397891539)
12.399999999999824 (31.126531922338717, 1.0, -1.7736438924455489)
12.61999999999982 (31.127651477747566, 1.0, -1.7736654871215392)
12.839999999999815 (31.128312834120404, 1.0, -1.7736782444275336)
13.05999999999981 (31.12870351800421, 1.0, -1.7736857807958781)
13.279999999999806 (31.12893430718843, 1.0, -1.7736902328441455)
13.499999999999801 (31.129070641575144, 1.0, -1.7736928628361235)
13.719999999999796 (31.12915117855998, 1.0, -1.7736944164643402)
13.939999999999792 (31.129198754275023, 1.0, -1.7736953342444988)
14.159999999999787 (31.12922685873744, 1.0, -1.773695876407119)
14.379999999999782 (31.129243460922133, 1.0, -1.7736961966799436)
14.599999999999778 (31.12925326835173, 1.0, -1.7736963858752597)
14.819999999999773 (31.129259061907042, 1.0, -1.7736964976388994)
15.039999999999768 (31.129262484341314, 1.0, -1.7736965636611928)
15.259999999999764 (31.12926450608025, 1.0, -1.7736966026626315)
15.479999999999759 (31.129265700384636, 1.0, -1.7736966257020035)
15.699999999999754 (31.129266405897596, 1.0, -1.773696639312082)
15.91999999999975 (31.12926682266615, 1.0, -1.7736966473519808)
16.139999999999745 (31.129267068864365, 1.0, -1.7736966521014004)
16.35999999999974 (31.12926721430136, 1.0, -1.7736966549070317)
16.579999999999735 (31.129267300215552, 1.0, -1.7736966565644057)
16.79999999999973 (31.12926735096775, 1.0, -1.7736966575434685)
17.019999999999726 (31.12926738094867, 1.0, -1.7736966581218314)
17.23999999999972 (31.129267398659348, 1.0, -1.7736966584634883)
17.459999999999717 (31.1292674091216, 1.0, -1.773696658665316)
17.679999999999712 (31.12926741530198, 1.0, -1.773696658784543)
17.899999999999707 (31.12926741895293, 1.0, -1.7736966588549734)
18.119999999999703 (31.12926742110967, 1.0, -1.7736966588965792)
18.339999999999698 (31.129267422383727, 1.0, -1.7736966589211574)
18.559999999999693 (31.12926742313636, 1.0, -1.7736966589356762)
18.77999999999969 (31.12926742358096, 1.0, -1.7736966589442535)
18.999999999999684 (31.129267423843594, 1.0, -1.7736966589493204)
19.21999999999968 (31.12926742399873, 1.0, -1.7736966589523129)
19.439999999999674 (31.12926742409038, 1.0, -1.773696658954081)
19.65999999999967 (31.129267424144523, 1.0, -1.7736966589551248)
19.879999999999665 (31.129267424176497, 1.0, -1.773696658955742)
