0.0 (4.375, 1.0, 0.0)
0.21999999999999997 (3.6349289452104814, 1.0, 0.611365937677944)
0.4200000000000001 (2.3763936600652946, 1.0, 1.144214471952269)
0.6200000000000002 (2.3736624814433713, 1.0, 1.2954882550069036)
0.8200000000000004 (2.925599586521324, 1.0, 0.9190407648030438)
1.0200000000000005 (3.5024968420636635, 1.0, 0.19040438266946935)
1.2200000000000006 (4.034316250868644, 1.0, -0.47696494069073214)
1.4200000000000008 (4.400779336727738, 1.0, -0.9872008153148154)
1.620000000000001 (4.907170831827884, 1.0, -0.8815334156176533)
1.8200000000000012 (5.280455601538995, 1.0, -0.3312443414348494)
2.0200000000000014 (5.536028258781449, 1.0, 0.34041227069717417)
2.2200000000000015 (5.892931393694889, 1.0, 0.7988464882335519)
2.4200000000000017 (6.5230441321286206, 1.0, 0.6950077171427499)
2.620000000000002 (6.9971129817700985, 1.0, 0.14302250784440362)
2.820000000000002 (7.28423740934148, 1.0, -0.6064837637302352)
3.0200000000000022 (7.641284947729795, 1.0, -1.1549794998689136)
3.2200000000000024 (8.309653007111221, 1.0, -1.2075547904117518)
3.4200000000000026 (8.807283852584435, 1.0, -0.7813202698843024)
3.6200000000000028 (9.147355626740202, 1.0, -0.06961035433675183)
3.820000000000003 (9.595079919455017, 1.0, 0.4476678363048215)
4.040000000000002 (10.302981786489523, 1.0, 0.49344501711925887)
4.259999999999997 (10.803735572989872, 1.0, -0.0406114705242072)
4.479999999999992 (11.094135208120703, 1.0, -0.8589779237039475)
4.699999999999988 (11.477576540862996, 1.0, -1.451554331376043)
4.919999999999983 (12.178341694193545, 1.0, -1.4621739341178763)
5.139999999999978 (12.765002932450816, 1.0, -0.9150653257180473)
5.359999999999974 (13.228210941204473, 1.0, -0.18836886959938334)
5.579999999999969 (13.725133792629837, 1.0, 0.2664948295110158)
5.799999999999964 (14.350003676287043, 1.0, 0.035179976239265345)
6.01999999999996 (14.797706589665362, 1.0, -0.6793752885591361)
6.239999999999955 (15.204113433598247, 1.0, -1.4064869191838127)
6.45999999999995 (15.70405599752198, 1.0, -1.8200692941537766)
6.6799999999999455 (16.287869463285432, 1.0, -1.5616204526058741)
6.899999999999941 (16.768150011547952, 1.0, -0.8272167621462685)
7.119999999999936 (17.29651642637625, 1.0, -0.23009663184401888)
7.3399999999999315 (17.958457519001183, 1.0, -0.07374571890858161)
7.559999999999927 (18.443230403271574, 1.0, -0.5164709052233568)
7.779999999999922 (18.76323476458178, 1.0, -1.3483896864398088)
7.999999999999917 (19.164559137389375, 1.0, -1.9810571643902695)
8.219999999999914 (19.873982857373544, 1.0, -2.0886230833154222)
8.439999999999909 (20.438131602988012, 1.0, -1.6165817192296719)
8.659999999999904 (20.865826574570335, 1.0, -0.8634623030360723)
8.8799999999999 (21.347845745676555, 1.0, -0.3531844387749961)
9.099999999999895 (22.034569134520684, 1.0, -0.4936809506322191)
9.31999999999989 (22.519297758605013, 1.0, -1.158489620936851)
9.539999999999885 (22.861571553474477, 1.0, -1.929337233407745)
9.75999999999988 (23.286646900096336, 1.0, -2.4288693398207033)
9.979999999999876 (23.920103137825148, 1.0, -2.261283922360371)
10.199999999999871 (24.87026501971551, 1.0, -2.4270483689442797)
10.419999999999867 (25.936303347630314, 1.0, -2.3254267794791392)
10.639999999999862 (26.59826932238911, 1.0, -2.1137587144067767)
10.859999999999857 (27.01471418744963, 1.0, -2.1742546088616583)
11.079999999999853 (27.407688697628334, 1.0, -2.2740981146498145)
11.299999999999848 (27.790820905027836, 1.0, -2.352944911989291)
11.519999999999843 (28.163820045584735, 1.0, -2.417618631945969)
11.739999999999839 (28.526265029126176, 1.0, -2.474439773524364)
11.959999999999834 (28.87809130216557, 1.0, -2.526573647972422)
12.17999999999983 (29.219424442600424, 1.0, -2.575615043243834)
12.399999999999824 (29.550484238874514, 1.0, -2.622377953402097)
12.61999999999982 (29.871533555143, 1.0, -2.6672886901181365)
12.839999999999815 (30.182852143114406, 1.0, -2.71058118880201)
13.05999999999981 (30.484723571914962, 1.0, -2.752393812970186)
13.279999999999806 (30.77742885447941, 1.0, -2.7928172093076116)
13.499999999999801 (31.06124343373431, 1.0, -2.8319178995864664)
13.719999999999796 (31.33643583469112, 1.0, -2.8697498812026483)
13.939999999999792 (31.60326713433071, 1.0, -2.9063603210164346)
14.159999999999787 (31.861990828512614, 1.0, -2.941792350459047)
14.379999999999782 (32.11285288862906, 1.0, -2.9760864438384727)
14.599999999999778 (32.3560919065429, 1.0, -3.009281107137262)
14.819999999999773 (32.59193927847836, 1.0, -3.0414132326792673)
15.039999999999768 (32.8206194040735, 1.0, -3.072518292452479)
15.259999999999764 (33.0423498892478, 1.0, -3.1026304536258684)
15.479999999999759 (33.257341747564645, 1.0, -3.1317826563921414)
15.699999999999754 (33.46579959766735, 1.0, -3.160006673280031)
15.91999999999975 (33.66792185574997, 1.0, -3.1873331589995475)
16.139999999999745 (33.86390092267591, 1.0, -3.2137916950806087)
16.35999999999974 (34.05392336566051, 1.0, -3.2394108312983807)
16.579999999999735 (34.23817009457098, 1.0, -3.264218124820426)
16.79999999999973 (34.416816532957284, 1.0, -3.2882401775234684)
17.019999999999726 (34.59003278395105, 1.0, -3.3115026717065907)
17.23999999999972 (34.75798379117837, 1.0, -3.3340304043292512)
17.459999999999717 (34.92082949483184, 1.0, -3.3558473198593863)
17.679999999999712 (35.078724983045824, 1.0, -3.3769765417980437)
17.899999999999707 (35.23182063871459, 1.0, -3.3974404029386496)
18.119999999999703 (35.38026228188968, 1.0, -3.4172604744147574)
18.339999999999698 (35.524191307888344, 1.0, -3.4364575935875714)
18.559999999999693 (35.66374482124124, 1.0, -3.4550518908224377)
18.77999999999969 (35.79905576560363, 1.0, -3.4730628152016303)
18.999999999999684 (35.930253049750874, 1.0, -3.490509159218794)
19.21999999999968 (36.05746166977503, 1.0, -3.5074090824986173)
19.439999999999674 (36.18080282759633, 1.0, -3.5237801345833857)
19.65999999999967 (36.30039404589971, 1.0, -3.539639276826286)
19.879999999999665 (36.416349279603395, 1.0, -3.5550029034295414)
