0.0 [0.0, 1.0, 0.0]
0.21999999999999997 [0.006015486145501736, 1.0, 0.0008893912173397953]
0.4200000000000001 [0.07978068433694818, 1.0, 0.00866637828080356]
0.6200000000000002 [0.2495135744102972, 1.0, 0.013870109694349292]
0.8200000000000004 [0.4596507447513095, 1.0, 0.006319194530972655]
1.0200000000000005 [0.6895464556728398, 1.0, -0.005957170403412204]
1.2200000000000006 [0.9697003330022518, 1.0, -0.02538207806449605]
1.4200000000000008 [1.3165983501462037, 1.0, -0.0696295637654658]
1.620000000000001 [1.7155405610222572, 1.0, -0.11671583734153665]
1.8200000000000012 [2.134388916055054, 1.0, -0.11879409552515423]
2.0200000000000014 [2.556587588972817, 1.0, -0.08849428968539735]
2.2200000000000015 [3.000917250988894, 1.0, -0.03788972352150456]
2.4200000000000017 [3.4626685786559457, 1.0, 0.006489924197165459]
2.620000000000002 [3.912697078839626, 1.0, 0.0031216920506764168]
2.820000000000002 [4.344528039896904, 1.0, -0.03161261269353864]
3.0200000000000022 [4.787721810231249, 1.0, -0.095901833087726]
3.2200000000000024 [5.254407151542452, 1.0, -0.1718000475719786]
3.4200000000000026 [5.722963427787768, 1.0, -0.2100978582982346]
3.6200000000000028 [6.172567244389053, 1.0, -0.212261923619176]
3.820000000000003 [6.627900914360947, 1.0, -0.18876107538130302]
4.040000000000002 [7.1554155590674045, 1.0, -0.15576567820805787]
4.259999999999997 [7.675781047794893, 1.0, -0.16756572569397157]
4.479999999999992 [8.169024614134093, 1.0, -0.2216244351777359]
4.699999999999988 [8.670306295904297, 1.0, -0.309783831972568]
4.919999999999983 [9.192729660533645, 1.0, -0.40450517140579134]
5.139999999999978 [9.705997474654229, 1.0, -0.44750470940105835]
5.359999999999974 [10.202468848417743, 1.0, -0.45358773175258915]
5.579999999999969 [10.719147041556779, 1.0, -0.4334920691176262]
5.799999999999964 [11.250539876255159, 1.0, -0.42286925857871804]
6.01999999999996 [11.756814823759319, 1.0, -0.4667501142864273]
6.239999999999955 [12.247330357545865, 1.0, -0.5440176574991167]
6.45999999999995 [12.759721479214726, 1.0, -0.6475926887457824]
6.6799999999999455 [13.282260089135312, 1.0, -0.7315011784727343]
6.899999999999941 [13.784595400396496, 1.0, -0.7616356174967726]
7.119999999999936 [14.286132936859588, 1.0, -0.7573526998560053]
7.3399999999999315 [14.815098886085861, 1.0, -0.7368285403598828]
7.559999999999927 [15.340912347160987, 1.0, -0.7513058500765976]
7.779999999999922 [15.835716664340204, 1.0, -0.8091991728649204]
7.999999999999917 [16.332955381795287, 1.0, -0.8994592558922408]
8.219999999999914 [16.85435644704905, 1.0, -1.0022035351275724]
8.439999999999909 [17.37264503730056, 1.0, -1.0569011221092994]
8.659999999999904 [17.869049470674632, 1.0, -1.0685367539295791]
8.8799999999999 [18.379587709447815, 1.0, -1.050462241910424]
9.099999999999895 [18.910694709926297, 1.0, -1.0334293627301079]
9.31999999999989 [19.42383933084357, 1.0, -1.0679575049265317]
9.539999999999885 [19.91682607462903, 1.0, -1.1383316058733965]
9.75999999999988 [20.426859426620066, 1.0, -1.2383079176386118]
9.979999999999876 [20.950229654184533, 1.0, -1.3280695338456945]
10.199999999999871 [21.4302717601817, 1.0, -1.3696855206411906]
10.419999999999867 [21.848862149475465, 1.0, -1.4546497078810043]
10.639999999999862 [22.264129712017002, 1.0, -1.5619119972830418]
10.859999999999857 [22.672370673945906, 1.0, -1.641108055043882]
11.079999999999853 [23.06988341455984, 1.0, -1.705096378912732]
11.299999999999848 [23.455920790876448, 1.0, -1.76221584614403]
11.519999999999843 [23.830438778214344, 1.0, -1.8158462540878884]
11.739999999999839 [24.193626852723753, 1.0, -1.8673374292543863]
11.959999999999834 [24.545772943605, 1.0, -1.9171903072493937]
12.17999999999983 [24.8871986941416, 1.0, -1.965570802448321]
12.399999999999824 [25.2182309478756, 1.0, -2.012526560890801]
12.61999999999982 [25.539190446762554, 1.0, -2.0580729898895616]
12.839999999999815 [25.850388049851755, 1.0, -2.1022238634645576]
13.05999999999981 [26.152123972442233, 1.0, -2.144999754191459]
13.279999999999806 [26.444688093910134, 1.0, -2.186428459972129]
13.499999999999801 [26.728360547960808, 1.0, -2.2265431387606047]
13.719999999999796 [27.00341231242686, 1.0, -2.265380244053875]
13.939999999999792 [27.270105719133706, 1.0, -2.302977883314018]
14.159999999999787 [27.528694878454424, 1.0, -2.339374675372538]
14.379999999999782 [27.779426034821807, 1.0, -2.374609014967747]
14.599999999999778 [28.02253787177834, 1.0, -2.4087186269000607]
14.819999999999773 [28.25826178161956, 1.0, -2.441740311677999]
15.039999999999768 [28.48682211035429, 1.0, -2.473709811991779]
15.259999999999764 [28.70843638513093, 1.0, -2.504661752862395]
15.479999999999759 [28.923315528720515, 1.0, -2.534629625440135]
15.699999999999754 [29.131664063945173, 1.0, -2.5636457959331533]
15.91999999999975 [29.333680309858366, 1.0, -2.5917415285106853]
16.139999999999745 [29.52955657081455, 1.0, -2.618947015586899]
16.35999999999974 [29.719479319161078, 1.0, -2.645291411651363]
16.579999999999735 [29.903629372043703, 1.0, -2.6708028684526175]
16.79999999999973 [30.082182062673542, 1.0, -2.6955085703027004]
17.019999999999726 [30.255307406318757, 1.0, -2.719434768827316]
17.23999999999972 [30.423170261233558, 1.0, -2.742606816805382]
17.459999999999717 [30.585930484706658, 1.0, -2.7650492009227516]
17.679999999999712 [30.74374308439196, 1.0, -2.7867855733664673]
17.899999999999707 [30.896758365071896, 1.0, -2.8078387822421456]
18.119999999999703 [31.045122070995085, 1.0, -2.8282309008276068]
18.339999999999698 [31.18897552392322, 1.0, -2.8479832556919247]
18.559999999999693 [31.328455757016968, 1.0, -2.867116453717032]
18.77999999999969 [31.46369564468589, 1.0, -2.8856504080625154]
18.999999999999684 [31.59482402852376, 1.0, -2.9036043631152446]
19.21999999999968 [31.721965839446142, 1.0, -2.920996918465215]
19.439999999999674 [31.845242216144282, 1.0, -2.9378460519479535]
19.65999999999967 [31.9647706199654, 1.0, -2.954169141792512]
19.879999999999665 [32.08066494632647, 1.0, -2.9699829879126045]
