0.0 (4.375, 1.0, 0.0)
0.21999999999999997 (3.492751420328576, 1.0, 0.5209080100991245)
0.4200000000000001 (2.6824593333510776, 1.0, 0.7756609289598225)
0.6200000000000002 (3.138568547700516, 1.0, 0.7799172164845329)
0.8200000000000004 (3.8852583600823776, 1.0, 0.4741498268589615)
1.0200000000000005 (4.415243537456572, 1.0, -0.06813035826523581)
1.2200000000000006 (4.908076077077588, 1.0, -0.6518584040780836)
1.4200000000000008 (5.449369472296134, 1.0, -1.1169500261429846)
1.620000000000001 (6.128860040119319, 1.0, -1.15516419052759)
1.8200000000000012 (6.725264433044724, 1.0, -0.7641842101457423)
2.0200000000000014 (7.124470645511521, 1.0, -0.2183737099577706)
2.2200000000000015 (7.62764726785638, 1.0, 0.12546638190669407)
2.4200000000000017 (8.312478271451477, 1.0, 0.06420244655481334)
2.620000000000002 (8.876983318957775, 1.0, -0.4167471789395553)
2.820000000000002 (9.153950777328882, 1.0, -1.0789900332713294)
3.0200000000000022 (9.514296272219255, 1.0, -1.581722792635736)
3.2200000000000024 (10.21162965745953, 1.0, -1.7645867487457507)
3.4200000000000026 (10.914208263088767, 1.0, -1.4591941200415248)
3.6200000000000028 (11.325630830095662, 1.0, -0.8761383586993687)
3.820000000000003 (11.759676088709403, 1.0, -0.44063602540343805)
4.040000000000002 (12.553240314740117, 1.0, -0.3848656572565237)
4.259999999999997 (13.215447613992877, 1.0, -0.8773239086498309)
4.479999999999992 (13.521403823285825, 1.0, -1.5912524488875113)
4.699999999999988 (13.944612359964074, 1.0, -2.1252683545609745)
4.919999999999983 (14.711575468942291, 1.0, -2.2564584677311874)
5.139999999999978 (15.420721627738601, 1.0, -1.8659840471201796)
5.359999999999974 (15.90296866055932, 1.0, -1.2703025055276946)
5.579999999999969 (16.52128519061991, 1.0, -0.930082651872488)
5.799999999999964 (17.246851866066034, 1.0, -1.1092215981274867)
6.01999999999996 (17.737937749139007, 1.0, -1.7131431120228708)
6.239999999999955 (18.09127679964099, 1.0, -2.35793404576215)
6.45999999999995 (18.73071197386627, 1.0, -2.7511914302629155)
6.6799999999999455 (19.463583463867657, 1.0, -2.6158115864991442)
6.899999999999941 (19.965763863311604, 1.0, -2.0571683366902835)
7.119999999999936 (20.447840353356604, 1.0, -1.550286359064082)
7.3399999999999315 (21.240878504423925, 1.0, -1.4317818834698837)
7.559999999999927 (21.919005157483472, 1.0, -1.860482037344891)
7.779999999999922 (22.220582960138636, 1.0, -2.558439180731181)
7.999999999999917 (22.59147388424869, 1.0, -3.1254287998746992)
8.219999999999914 (23.355207243373485, 1.0, -3.3380776737911564)
8.439999999999909 (24.103237164832997, 1.0, -2.996803775298814)
8.659999999999904 (24.57211313003239, 1.0, -2.3770989818338535)
8.8799999999999 (25.13195534128126, 1.0, -1.9784763407140162)
9.099999999999895 (25.89547546893703, 1.0, -2.0671340361907338)
9.31999999999989 (26.464951963091227, 1.0, -2.6298420852033044)
9.539999999999885 (26.801704491545415, 1.0, -3.3097135983258603)
9.75999999999988 (27.355588832672193, 1.0, -3.7646980792104388)
9.979999999999876 (28.094284899096607, 1.0, -3.7244176221842134)
10.199999999999871 (29.5519876453758, 1.0, -3.7145441107906154)
10.419999999999867 (30.1981055691005, 1.0, -3.4424668598515313)
10.639999999999862 (30.459322844984587, 1.0, -3.4327397950450886)
10.859999999999857 (30.65814020104188, 1.0, -3.4499132118482008)
11.079999999999853 (30.81305601119446, 1.0, -3.4630438497561147)
11.299999999999848 (30.93375703947098, 1.0, -3.473292358720724)
11.519999999999843 (31.02780022236669, 1.0, -3.481288439067294)
11.739999999999839 (31.101073330358783, 1.0, -3.487525229886779)
11.959999999999834 (31.158163672223196, 1.0, -3.492388656209949)
12.17999999999983 (31.20264535908243, 1.0, -3.4961804399758534)
12.399999999999824 (31.237303104007058, 1.0, -3.499136291559121)
12.61999999999982 (31.264306581921268, 1.0, -3.5014402430356313)
12.839999999999815 (31.285346273853257, 1.0, -3.5032359125165637)
13.05999999999981 (31.301739304933495, 1.0, -3.5046353393029634)
13.279999999999806 (31.31451190498474, 1.0, -3.505725903302956)
13.499999999999801 (31.324463655801505, 1.0, -3.5065757378328337)
13.719999999999796 (31.33221754825918, 1.0, -3.5072379600668064)
13.939999999999792 (31.338258983598248, 1.0, -3.5077539751193325)
14.159999999999787 (31.342966160835495, 1.0, -3.508156055231047)
14.379999999999782 (31.346633752843243, 1.0, -3.5084693522603043)
14.599999999999778 (31.349491353397283, 1.0, -3.5087134674871727)
14.819999999999773 (31.351717850088075, 1.0, -3.508903675800993)
15.039999999999768 (31.35345262290766, 1.0, -3.5090518801782906)
15.259999999999764 (31.354804269586204, 1.0, -3.5091673557599528)
15.479999999999759 (31.355857403910385, 1.0, -3.509257329839024)
15.699999999999754 (31.35667795261553, 1.0, -3.509327433903838)
15.91999999999975 (31.357317282447347, 1.0, -3.509382055935739)
16.139999999999745 (31.357815415754185, 1.0, -3.5094246149554165)
16.35999999999974 (31.35820353591049, 1.0, -3.5094577749681424)
16.579999999999735 (31.358505939413764, 1.0, -3.5094836116788715)
16.79999999999973 (31.35874155685839, 1.0, -3.5095037424002276)
17.019999999999726 (31.358925138000522, 1.0, -3.5095194272775125)
17.23999999999972 (31.3590681751001, 1.0, -3.5095316481625356)
17.459999999999717 (31.359179622341827, 1.0, -3.5095411700707895)
17.679999999999712 (31.3592664563713, 1.0, -3.5095485890673963)
17.899999999999707 (31.35933411303623, 1.0, -3.5095543695783937)
18.119999999999703 (31.359386827672925, 1.0, -3.5095588734624017)
18.339999999999698 (31.359427900240238, 1.0, -3.5095623826621503)
18.559999999999693 (31.359459901898482, 1.0, -3.5095651168536257)
18.77999999999969 (31.35948483596513, 1.0, -3.509567247197521)
18.999999999999684 (31.359504263323398, 1.0, -3.5095689070537497)
19.21999999999968 (31.359519400134207, 1.0, -3.5095702003297)
19.439999999999674 (31.35953119396837, 1.0, -3.509571207984806)
19.65999999999967 (31.35954038312492, 1.0, -3.5095719930985907)
19.879999999999665 (31.35954754284898, 1.0, -3.5095726048194376)
