0.0 [0.0, 1.0, 0.0]
0.21999999999999997 [0.0013401561658162864, 1.0, 7.767454595311585e-06]
0.4200000000000001 [0.011870426512638588, 1.0, -8.876083481963032e-05]
0.6200000000000002 [0.05118000759235963, 1.0, -0.007239806500762336]
0.8200000000000004 [0.12953941784976697, 1.0, -0.024050639508523847]
1.0200000000000005 [0.2305786277134786, 1.0, -0.05273775365898514]
1.2200000000000006 [0.3369640709070259, 1.0, -0.08486591867944367]
1.4200000000000008 [0.44718331949246265, 1.0, -0.11750154588279815]
1.620000000000001 [0.575169577983684, 1.0, -0.14935623393941394]
1.8200000000000012 [0.7419299061251059, 1.0, -0.1681065155916248]
2.0200000000000014 [0.9323702587444073, 1.0, -0.16979887989919817]
2.2200000000000015 [1.140322013282454, 1.0, -0.14997541894423103]
2.4200000000000017 [1.3776627928310075, 1.0, -0.11730130815991169]
2.620000000000002 [1.6345214956560092, 1.0, -0.0922669583335822]
2.820000000000002 [1.8832032009206292, 1.0, -0.07409431997515478]
3.0200000000000022 [2.1173197358505704, 1.0, -0.05556431995334446]
3.2200000000000024 [2.354000990873055, 1.0, -0.03879454016314249]
3.4200000000000026 [2.6148590886751677, 1.0, -0.003102416799114216]
3.6200000000000028 [2.881914128684499, 1.0, 0.061157583917919645]
3.820000000000003 [3.141692435092575, 1.0, 0.15962257160570958]
4.040000000000002 [3.4315061930728525, 1.0, 0.3026129892407491]
4.259999999999997 [3.7429976115935015, 1.0, 0.4627758362773252]
4.479999999999992 [4.054691787560925, 1.0, 0.6127187491340776]
4.699999999999988 [4.350247288010486, 1.0, 0.7550114372772323]
4.919999999999983 [4.650017693524687, 1.0, 0.9007995202408929]
5.139999999999978 [4.958652435457848, 1.0, 1.0787944136085654]
5.359999999999974 [5.250969627972321, 1.0, 1.291790930611681]
5.579999999999969 [5.5183695101236605, 1.0, 1.5372639545703712]
5.799999999999964 [5.78450484607455, 1.0, 1.8181527446697763]
6.01999999999996 [6.06180268914243, 1.0, 2.1031208480008043]
6.239999999999955 [6.330255705293988, 1.0, 2.3720573047269613]
6.45999999999995 [6.588481741117162, 1.0, 2.6301078061770635]
6.6799999999999455 [6.8512735417638675, 1.0, 2.906122784115256]
6.899999999999941 [7.098309572608094, 1.0, 3.2106465898409824]
7.119999999999936 [7.312231429156554, 1.0, 3.5388389025179747]
7.3399999999999315 [7.499428096746705, 1.0, 3.896854132106108]
7.559999999999927 [7.687064711811434, 1.0, 4.279625616465389]
7.779999999999922 [7.881411707856129, 1.0, 4.647751376358267]
7.999999999999917 [8.063115574966401, 1.0, 4.991042776000014]
8.219999999999914 [8.24129909106902, 1.0, 5.326448079718139]
8.439999999999909 [8.403371903004528, 1.0, 5.676949087096255]
8.659999999999904 [8.535733467815106, 1.0, 6.044695000907317]
8.8799999999999 [8.628030953083904, 1.0, 6.423856586254769]
9.099999999999895 [8.69423538407476, 1.0, 6.830638026955592]
9.31999999999989 [8.766437893760305, 1.0, 7.249804029017122]
9.539999999999885 [8.827521667799223, 1.0111598474712746, 7.649456468871333]
9.75999999999988 [8.870581270812982, 1.032639874555777, 8.026269844201877]
9.979999999999876 [8.913013773548759, 1.0542442625886401, 8.411288325719534]
10.199999999999871 [8.932993666576694, 1.0764830678974964, 8.804948725194132]
10.419999999999867 [8.937632136424149, 1.0980564521928713, 9.17284121879939]
10.639999999999862 [8.917283285002815, 1.1189645249914084, 9.523851140763977]
10.859999999999857 [8.866276613738398, 1.1391877244701716, 9.858560427519524]
11.079999999999853 [8.797529771102807, 1.1586519465118335, 10.181503400590625]
11.299999999999848 [8.712017021606078, 1.1776746865562713, 10.493013550390673]
11.519999999999843 [8.615782102353183, 1.1963959489091849, 10.795571397825741]
11.739999999999839 [8.512773347507448, 1.2147996709256317, 11.090910118378883]
11.959999999999834 [8.405917510897165, 1.2328762754244595, 11.380346157321048]
12.17999999999983 [8.296439146239567, 1.2508480224504976, 11.664466252873396]
12.399999999999824 [8.185159708502578, 1.2687177655672726, 11.943682705375604]
12.61999999999982 [8.072731226703127, 1.2864794371155166, 12.218335142580933]
12.839999999999815 [7.958705505250991, 1.3040526050674728, 12.488417274549466]
13.05999999999981 [7.842079311023076, 1.3212792323306808, 12.753547009481352]
13.279999999999806 [7.724718728441236, 1.3382790976395174, 13.014504562319829]
13.499999999999801 [7.607847127927996, 1.3551519691257767, 13.271875455380552]
13.719999999999796 [7.492176757943348, 1.3719270380996844, 13.526020889628052]
13.939999999999792 [7.3781205002433, 1.3885991378477607, 13.777165904527017]
14.159999999999787 [7.265832681510975, 1.4051524631292707, 14.025400451479173]
14.379999999999782 [7.155270148636312, 1.421567458658225, 14.270740386996309]
14.599999999999778 [7.046369452910175, 1.437825102054386, 14.513203770462127]
14.819999999999773 [6.939069451736478, 1.4539096109885807, 14.752808958910116]
15.039999999999768 [6.833312953700055, 1.469808179216297, 14.989575342860702]
15.259999999999764 [6.729047506367999, 1.4855106869326222, 15.223523708385942]
15.479999999999759 [6.62622562629946, 1.5010094080134961, 15.454676356699771]
15.699999999999754 [6.524804680117457, 1.5162987278495539, 15.683057071997595]
15.91999999999975 [6.424746560299709, 1.531374879484375, 15.908690999581047]
16.139999999999745 [6.326017252784319, 1.546235701794053, 16.13160447609205]
16.35999999999974 [6.228586360524913, 1.5608804208805356, 16.351824839493524]
16.579999999999735 [6.132426624033869, 1.5753094542621193, 16.56938023653835]
16.79999999999973 [6.037513463966739, 1.5895242365211548, 16.784299438628484]
17.019999999999726 [5.943824559904288, 1.6035270645921225, 16.996611672298247]
17.23999999999972 [5.851339472205273, 1.6173209606884045, 17.206346467425213]
17.459999999999717 [5.7600393090616695, 1.6309095508658098, 17.41353352422201]
17.679999999999712 [5.669906437915093, 1.6442969573309445, 17.618202598765876]
17.899999999999707 [5.580924238633993, 1.6574877027726982, 17.82038340604553]
18.119999999999703 [5.493076894910679, 1.6704866251919335, 18.020105539079527]
18.339999999999698 [5.406349219936578, 1.6832988019064716, 18.217398402469186]
18.559999999999693 [5.320726512358196, 1.695929481602279, 18.412291158708673]
18.77999999999969 [5.236194438670714, 1.7083840234798324, 18.60481268562814]
18.999999999999684 [5.152738938479161, 1.7206678427030735, 18.7949915434527]
19.21999999999968 [5.070346149388168, 1.7327863614958325, 18.982855950094585]
19.439999999999674 [4.989002348630454, 1.7447449653474525, 19.168433763440333]
19.65999999999967 [4.908693908887228, 1.7565489638866396, 19.35175246953854]
19.879999999999665 [4.8294072660759655, 1.7682035560622367, 19.532839175729976]
