0.0 [0.0, 1.0, 0.0]
0.21999999999999997 [0.023656262296286146, 1.0, 0.011980347436327442]
0.4200000000000001 [0.29039471473863343, 1.0, 0.04400605667573047]
0.6200000000000002 [0.6134297217851477, 1.0, 0.03612809035013809]
0.8200000000000004 [0.9158865548254448, 1.0, 0.011295057100901257]
1.0200000000000005 [1.2777115374653354, 1.0, -0.035082402899397735]
1.2200000000000006 [1.7452645465303294, 1.0, -0.12337492126716171]
1.4200000000000008 [2.2601967311730875, 1.0, -0.2259845676250182]
1.620000000000001 [2.76816992775974, 1.0, -0.2686136071305908]
1.8200000000000012 [3.2914949950755323, 1.0, -0.24757263562693405]
2.0200000000000014 [3.851996116672259, 1.0, -0.19101267727495874]
2.2200000000000015 [4.393413292881163, 1.0, -0.1726660753126261]
2.4200000000000017 [4.874805940672568, 1.0, -0.23801142215001567]
2.620000000000002 [5.341617644966581, 1.0, -0.3750469391317048]
2.820000000000002 [5.839510707398575, 1.0, -0.5709967928826151]
3.0200000000000022 [6.346255988352349, 1.0, -0.7551970563549014]
3.2200000000000024 [6.835355227110502, 1.0, -0.8566686980536178]
3.4200000000000026 [7.327637998535127, 1.0, -0.8752752106220019]
3.6200000000000028 [7.854915756071916, 1.0, -0.8396654553398553]
3.820000000000003 [8.397046910415476, 1.0, -0.8097672994457394]
4.040000000000002 [8.95216765694682, 1.0, -0.8611075745987926]
4.259999999999997 [9.471198227439197, 1.0, -1.0097212038268517]
4.479999999999992 [10.01388948081692, 1.0, -1.2281789149584228]
4.699999999999988 [10.572047106278733, 1.0, -1.4306855484781231]
4.919999999999983 [11.106197832321433, 1.0, -1.5273773790333547]
5.139999999999978 [11.647998647418653, 1.0, -1.534279107467596]
5.359999999999974 [12.244255478798229, 1.0, -1.4948942661554454]
5.579999999999969 [12.832926155250945, 1.0, -1.494814290083786]
5.799999999999964 [13.35837422107761, 1.0, -1.5930906528750675]
6.01999999999996 [13.87604189918283, 1.0, -1.771505406988042]
6.239999999999955 [14.43450422061908, 1.0, -1.9970468549438247]
6.45999999999995 [14.991164016219603, 1.0, -2.161088501937812]
6.6799999999999455 [15.523000084681058, 1.0, -2.209738769614441]
6.899999999999941 [16.08137837101077, 1.0, -2.1875564668449154]
7.119999999999936 [16.680978549170245, 1.0, -2.14998728865523]
7.3399999999999315 [17.24813297372832, 1.0, -2.18607621307134]
7.559999999999927 [17.76889673948495, 1.0, -2.3243217036675863]
7.779999999999922 [18.30414060347305, 1.0, -2.536019076115914]
7.999999999999917 [18.8631335180439, 1.0, -2.750044603601812]
8.219999999999914 [19.40429884783709, 1.0, -2.866682269883924]
8.439999999999909 [19.945129326232742, 1.0, -2.883410473057465]
8.659999999999904 [20.534011234487764, 1.0, -2.844343171469021]
8.8799999999999 [21.126509567838777, 1.0, -2.8310485298208845]
9.099999999999895 [21.65959790683801, 1.0, -2.9132006452801735]
9.31999999999989 [22.175265093008313, 1.0, -3.0796676454106517]
9.539999999999885 [22.730380261334073, 1.0, -3.3035316937460744]
9.75999999999988 [23.28852098214861, 1.0, -3.481619884337994]
9.979999999999876 [23.818052355894558, 1.0, -3.5458847587388402]
10.199999999999871 [24.287344349496834, 1.0, -3.656236695805681]
10.419999999999867 [24.69084834643034, 1.0, -3.8034804547563765]
10.639999999999862 [25.06078027145054, 1.0, -3.854923664313744]
10.859999999999857 [25.388260425415215, 1.0, -3.895810678394783]
11.079999999999853 [25.67751615652786, 1.0, -3.932019951720412]
11.299999999999848 [25.93300538462894, 1.0, -3.9640909899264978]
11.519999999999843 [26.15867152986103, 1.0, -3.9924813988317824]
11.739999999999839 [26.357996699146252, 1.0, -4.01760626035317]
11.959999999999834 [26.53405617641935, 1.0, -4.0398360890965375]
12.17999999999983 [26.68956606668391, 1.0, -4.059500560581106]
12.399999999999824 [26.826925283231645, 1.0, -4.076892688397733]
12.61999999999982 [26.94825261345172, 1.0, -4.092272696964591]
12.839999999999815 [27.055419447694444, 1.0, -4.105871536688257]
13.05999999999981 [27.15007868025152, 1.0, -4.117894058303536]
13.279999999999806 [27.233690231046207, 1.0, -4.128521870413827]
13.499999999999801 [27.30754358383345, 1.0, -4.137915905250927]
13.719999999999796 [27.372777690204302, 1.0, -4.146218717443365]
13.939999999999792 [27.430398547680948, 1.0, -4.153556539756392]
14.159999999999787 [27.48129472401983, 1.0, -4.160041118572222]
14.379999999999782 [27.52625106793469, 1.0, -4.165771350465583]
14.599999999999778 [27.565960818301185, 1.0, -4.170834739703161]
14.819999999999773 [27.60103629906586, 1.0, -4.175308694932042]
15.039999999999768 [27.632018365161688, 1.0, -4.1792616817740775]
15.259999999999764 [27.65938474538587, 1.0, -4.182754246545977]
15.479999999999759 [27.683557411119086, 1.0, -4.185839924901747]
15.699999999999754 [27.70490908469081, 1.0, -4.188566047858789]
15.91999999999975 [27.723768987888207, 1.0, -4.190974456428561]
16.139999999999745 [27.74042791935697, 1.0, -4.193102134929783]
16.35999999999974 [27.755142739269587, 1.0, -4.194981772015744]
16.579999999999735 [27.768140330477326, 1.0, -4.196642257494359]
16.79999999999973 [27.779621097275076, 1.0, -4.198109122155531]
17.019999999999726 [27.78976205576645, 1.0, -4.199404927039808]
17.23999999999972 [27.798719563510527, 1.0, -4.200549607879302]
17.459999999999717 [27.806631730562327, 1.0, -4.2015607798102605]
17.679999999999712 [27.813620549101138, 1.0, -4.202454006890699]
17.899999999999707 [27.81979377449742, 1.0, -4.203243040450052]
18.119999999999703 [27.825246586832897, 1.0, -4.203940029845551]
18.339999999999698 [27.830063058501164, 1.0, -4.204555708796629]
18.559999999999693 [27.83431745052366, 1.0, -4.205099560109307]
18.77999999999969 [27.83807535757363, 1.0, -4.205579961282739]
18.999999999999684 [27.841394719366523, 1.0, -4.206004313205787]
19.21999999999968 [27.844326714014127, 1.0, -4.206379153898936]
19.439999999999674 [27.846916547118827, 1.0, -4.20671025903265]
19.65999999999967 [27.84920414877659, 1.0, -4.207002730754354]
19.879999999999665 [27.85122478923641, 1.0, -4.207261076179832]
