0.0 (4.375, 1.0, 0.0)
0.21999999999999997 (3.487650187723158, 1.0, 0.5773596556661248)
0.4200000000000001 (2.5114590909168166, 1.0, 0.9314272405245199)
0.6200000000000002 (2.9818119314088984, 1.0, 0.8927620087854325)
0.8200000000000004 (3.7445061446352166, 1.0, 0.4277467435684417)
1.0200000000000005 (4.211606210117471, 1.0, -0.19152454805380964)
1.2200000000000006 (4.633323537418661, 1.0, -0.7963249902155445)
1.4200000000000008 (5.123200180805535, 1.0, -1.2547221755164717)
1.620000000000001 (5.811706326614676, 1.0, -1.2408713295042177)
1.8200000000000012 (6.403067389506329, 1.0, -0.7915497397926029)
2.0200000000000014 (6.771049780490103, 1.0, -0.22487131010274417)
2.2200000000000015 (7.270079627806769, 1.0, 0.09604285269957204)
2.4200000000000017 (7.963619790218429, 1.0, -0.07089594117606064)
2.620000000000002 (8.475930885761239, 1.0, -0.6555342776529932)
2.820000000000002 (8.660898060415159, 1.0, -1.3493740215522647)
3.0200000000000022 (8.975593894553255, 1.0, -1.8607902230297368)
3.2200000000000024 (9.701350033417546, 1.0, -2.003578766566343)
3.4200000000000026 (10.410830920895895, 1.0, -1.6369711145453192)
3.6200000000000028 (10.790963493539444, 1.0, -1.026387511289637)
3.820000000000003 (11.215972793197245, 1.0, -0.6034429377174825)
4.040000000000002 (12.020657282303448, 1.0, -0.6488547293840431)
4.259999999999997 (12.62858126490008, 1.0, -1.2544498780090594)
4.479999999999992 (12.836284649694747, 1.0, -2.0052751015945396)
4.699999999999988 (13.21207438537511, 1.0, -2.5502812360781766)
4.919999999999983 (14.007559469040604, 1.0, -2.636831519235624)
5.139999999999978 (14.721378847405619, 1.0, -2.182630239860064)
5.359999999999974 (15.171953588797772, 1.0, -1.5678975367868737)
5.579999999999969 (15.785560097118791, 1.0, -1.2652306556765605)
5.799999999999964 (16.504081651737852, 1.0, -1.5645765507531786)
6.01999999999996 (16.92334022417059, 1.0, -2.255899657185156)
6.239999999999955 (17.19896202192946, 1.0, -2.9247266043562394)
6.45999999999995 (17.8256328409584, 1.0, -3.3072255190676993)
6.6799999999999455 (18.576017455545543, 1.0, -3.1098392343542396)
6.899999999999941 (19.059006860909918, 1.0, -2.5082368147948713)
7.119999999999936 (19.526567372539777, 1.0, -2.009046637421162)
7.3399999999999315 (20.327346534654122, 1.0, -1.979641829027034)
7.559999999999927 (20.955401964334047, 1.0, -2.5193181724304736)
7.779999999999922 (21.16138515491385, 1.0, -3.261400073433419)
7.999999999999917 (21.47753031529353, 1.0, -3.840681924575413)
8.219999999999914 (22.266472124802675, 1.0, -4.016235539227018)
8.439999999999909 (23.020807142719768, 1.0, -3.6103222864947084)
8.659999999999904 (23.454745268762643, 1.0, -2.9654187716153753)
8.8799999999999 (24.00627106319485, 1.0, -2.589952467589131)
9.099999999999895 (24.772779364483874, 1.0, -2.793463506851399)
9.31999999999989 (25.279462957359094, 1.0, -3.459236217799162)
9.539999999999885 (25.528405942825398, 1.0, -4.169434556994509)
9.75999999999988 (26.055556278520125, 1.0, -4.623533164451309)
9.979999999999876 (26.819844157852017, 1.0, -4.523863059762085)
10.199999999999871 (28.217313896575, 1.0, -4.591603253339463)
10.419999999999867 (29.022183164675972, 1.0, -4.383498924046748)
10.639999999999862 (29.401155748451885, 1.0, -4.403749614651945)
10.859999999999857 (29.728382006677556, 1.0, -4.446888980552812)
11.079999999999853 (30.01744890313518, 1.0, -4.484591143111619)
11.299999999999848 (30.272787660223987, 1.0, -4.517849514454998)
11.519999999999843 (30.49832188961106, 1.0, -4.547278762776214)
11.739999999999839 (30.697530549012512, 1.0, -4.5733195009162335)
11.959999999999834 (30.873487072793562, 1.0, -4.5963573637917134)
12.17999999999983 (31.02890599005865, 1.0, -4.616734847560578)
12.399999999999824 (31.16618482363821, 1.0, -4.634756215040145)
12.61999999999982 (31.287441131126652, 1.0, -4.6506915905591955)
12.839999999999815 (31.394545215198296, 1.0, -4.664780641991233)
13.05999999999981 (31.489149008322364, 1.0, -4.677235899092181)
13.279999999999806 (31.572711580019227, 1.0, -4.688245736841173)
13.499999999999801 (31.64652166225087, 1.0, -4.697977051310722)
13.719999999999796 (31.71171754206454, 1.0, -4.706577654910235)
13.939999999999792 (31.769304629617924, 1.0, -4.714178416727855)
14.159999999999787 (31.82017097356122, 1.0, -4.72089517225843)
14.379999999999782 (31.865100963860165, 1.0, -4.7268304251856)
14.599999999999778 (31.904787434007325, 1.0, -4.73207486218373)
14.819999999999773 (31.939842349742126, 1.0, -4.73670869999137)
15.039999999999768 (31.970806249490906, 1.0, -4.740802882330729)
15.259999999999764 (31.99815658240129, 1.0, -4.744420142639418)
15.479999999999759 (32.022315072778014, 1.0, -4.747615947061996)
15.699999999999754 (32.04365422466066, 1.0, -4.750439330730714)
15.91999999999975 (32.062503066983915, 1.0, -4.752933639053063)
16.139999999999745 (32.079152228018074, 1.0, -4.75513718451857)
16.35999999999974 (32.09385841742061, 1.0, -4.757083828437138)
16.579999999999735 (32.10684838507551, 1.0, -4.758803496021162)
16.79999999999973 (32.11832241781404, 1.0, -4.760322632318861)
17.019999999999726 (32.12845742797367, 1.0, -4.761664605689865)
17.23999999999972 (32.13740968144857, 1.0, -4.762850064779904)
17.459999999999717 (32.14531720731971, 1.0, -4.76389725429262)
17.679999999999712 (32.15230192623705, 1.0, -4.764822294266546)
17.899999999999707 (32.158471530385214, 1.0, -4.765639427037987)
18.119999999999703 (32.16392114403084, 1.0, -4.76636123559981)
18.339999999999698 (32.16873479026367, 1.0, -4.766998836646665)
18.559999999999693 (32.17298668655321, 1.0, -4.767562051223612)
18.77999999999969 (32.17674238910176, 1.0, -4.768059555562854)
18.999999999999684 (32.180059803642294, 1.0, -4.768499014398068)
19.21999999999968 (32.18299007826894, 1.0, -4.768887198783537)
19.439999999999674 (32.185578392068834, 1.0, -4.7692300902126465)
19.65999999999967 (32.1878646517164, 1.0, -4.769532972623888)
19.879999999999665 (32.18988410677201, 1.0, -4.7698005136995025)
