0.0 [0.0, 1.0, 0.0]
0.21999999999999997 [0.1083324420802913, 1.0, 0.04193386060186709]
0.4200000000000001 [0.5557600332980428, 1.0, 0.033997670424019175]
0.6200000000000002 [0.8806175910533061, 1.0, -0.037074540541856216]
0.8200000000000004 [1.2341547558519717, 1.0, -0.029457970790689902]
1.0200000000000005 [1.6879890652248821, 1.0, -0.07544739175303457]
1.2200000000000006 [2.197663840277608, 1.0, -0.12039722395090983]
1.4200000000000008 [2.768324733121297, 1.0, -0.10862254827115453]
1.620000000000001 [3.327520415636397, 1.0, -0.030944998533958157]
1.8200000000000012 [3.90251020324593, 1.0, 0.07579526769769723]
2.0200000000000014 [4.48937174723647, 1.0, 0.13761988837510852]
2.2200000000000015 [5.023978047156765, 1.0, 0.10369746667545746]
2.4200000000000017 [5.531891334614119, 1.0, 0.008527059737161419]
2.620000000000002 [6.070804532059996, 1.0, -0.09846870748122691]
2.820000000000002 [6.653899824907892, 1.0, -0.19775804892712237]
3.0200000000000022 [7.1899871255716326, 1.0, -0.2209140125105477]
3.2200000000000024 [7.7038519767169324, 1.0, -0.17771456845634867]
3.4200000000000026 [8.258204712640314, 1.0, -0.11835129849592688]
3.6200000000000028 [8.845595767369877, 1.0, -0.031146991585791234]
3.820000000000003 [9.378899205472642, 1.0, -0.018771097670790507]
4.040000000000002 [9.942136593665085, 1.0, -0.09761014480857172]
4.259999999999997 [10.541026461899326, 1.0, -0.2140283811309446]
4.479999999999992 [11.173624335743293, 1.0, -0.3449638283537604]
4.699999999999988 [11.75861373378673, 1.0, -0.37023528691983665]
4.919999999999983 [12.325621121598395, 1.0, -0.30895162541055954]
5.139999999999978 [12.928691081565283, 1.0, -0.2185314020719551]
5.359999999999974 [13.558870324961752, 1.0, -0.15553624329794685]
5.579999999999969 [14.14560446627784, 1.0, -0.19338159300178304]
5.799999999999964 [14.721558521666516, 1.0, -0.304047556231569]
6.01999999999996 [15.325653384931051, 1.0, -0.44991144594469346]
6.239999999999955 [15.931657078581434, 1.0, -0.5425771552398013]
6.45999999999995 [16.516397993965867, 1.0, -0.5325349666621253]
6.6799999999999455 [17.118995586869673, 1.0, -0.45513925240747577]
6.899999999999941 [17.74751099964316, 1.0, -0.34233002391247924]
7.119999999999936 [18.343898606325332, 1.0, -0.3052717514889165]
7.3399999999999315 [18.91627178337388, 1.0, -0.3660771582425606]
7.559999999999927 [19.52081226579986, 1.0, -0.48371528477571174]
7.779999999999922 [20.152830014663582, 1.0, -0.6317827087686076]
7.999999999999917 [20.741145358206545, 1.0, -0.678951818721035]
8.219999999999914 [21.307402640554848, 1.0, -0.6311051701626296]
8.439999999999909 [21.911224188205225, 1.0, -0.5510235911159959]
8.659999999999904 [22.551792381111408, 1.0, -0.4720335248617611]
8.8799999999999 [23.136844262126992, 1.0, -0.49408898337216856]
9.099999999999895 [23.700353491431454, 1.0, -0.597684979289525]
9.31999999999989 [24.29616680924692, 1.0, -0.7328854618846097]
9.539999999999885 [24.91454904487014, 1.0, -0.8332890464831788]
9.75999999999988 [25.502176428972934, 1.0, -0.830530649864188]
9.979999999999876 [26.09044380466959, 1.0, -0.7569982155025101]
10.199999999999871 [26.41539947422303, 1.0, -0.9782440745371451]
10.419999999999867 [26.599711034199874, 1.0, -1.00384551780345]
10.639999999999862 [26.694043790476577, 1.0, -1.001861696528434]
10.859999999999857 [26.7365394791884, 1.0, -1.0010784759439428]
11.079999999999853 [26.7556446598256, 1.0, -1.0007278081303759]
11.299999999999848 [26.76423479852309, 1.0, -1.0005702839971087]
11.519999999999843 [26.768097126320807, 1.0, -1.0004994866363077]
11.739999999999839 [26.769833719337136, 1.0, -1.0004676603847564]
11.959999999999834 [26.77061453219359, 1.0, -1.0004533517499856]
12.17999999999983 [26.77096560391945, 1.0, -1.000446918494179]
12.399999999999824 [26.771123453978934, 1.0, -1.0004440260006375]
12.61999999999982 [26.771194427057537, 1.0, -1.0004427254777446]
12.839999999999815 [26.771226338213573, 1.0, -1.0004421407342279]
13.05999999999981 [26.771240686215652, 1.0, -1.0004418778202695]
13.279999999999806 [26.771247137412935, 1.0, -1.0004417596080868]
13.499999999999801 [26.7712500380221, 1.0, -1.0004417064571416]
13.719999999999796 [26.771251342203815, 1.0, -1.0004416825592368]
13.939999999999792 [26.7712519285944, 1.0, -1.000441671814181]
14.159999999999787 [26.771252192249303, 1.0, -1.0004416669829526]
14.379999999999782 [26.771252310794722, 1.0, -1.0004416648107195]
14.599999999999778 [26.771252364095517, 1.0, -1.0004416638340328]
14.819999999999773 [26.77125238806079, 1.0, -1.0004416633948914]
15.039999999999768 [26.771252398836147, 1.0, -1.0004416631974429]
15.259999999999764 [26.77125240368102, 1.0, -1.000441663108665]
15.479999999999759 [26.7712524058594, 1.0, -1.0004416630687483]
15.699999999999754 [26.771252406838848, 1.0, -1.0004416630508004]
15.91999999999975 [26.771252407279235, 1.0, -1.0004416630427309]
16.139999999999745 [26.771252407477235, 1.0, -1.0004416630391024]
16.35999999999974 [26.771252407566266, 1.0, -1.0004416630374715]
16.579999999999735 [26.771252407606287, 1.0, -1.0004416630367379]
16.79999999999973 [26.77125240762428, 1.0, -1.000441663036408]
17.019999999999726 [26.77125240763237, 1.0, -1.00044166303626]
17.23999999999972 [26.771252407636, 1.0, -1.0004416630361932]
17.459999999999717 [26.771252407637647, 1.0, -1.0004416630361634]
17.679999999999712 [26.771252407638386, 1.0, -1.0004416630361501]
17.899999999999707 [26.771252407638727, 1.0, -1.000441663036144]
18.119999999999703 [26.771252407638883, 1.0, -1.000441663036142]
18.339999999999698 [26.771252407638926, 1.0, -1.000441663036142]
18.559999999999693 [26.771252407638926, 1.0, -1.000441663036142]
18.77999999999969 [26.771252407638926, 1.0, -1.000441663036142]
18.999999999999684 [26.771252407638926, 1.0, -1.000441663036142]
19.21999999999968 [26.771252407638926, 1.0, -1.000441663036142]
19.439999999999674 [26.771252407638926, 1.0, -1.000441663036142]
19.65999999999967 [26.771252407638926, 1.0, -1.000441663036142]
19.879999999999665 [26.771252407638926, 1.0, -1.000441663036142]
