0.0 (4.375, 1.0, 0.0)
0.21999999999999997 (3.566358882767041, 1.0, 0.4433897956363508)
0.4200000000000001 (2.8397778356812258, 1.0, 0.6775637540922937)
0.6200000000000002 (3.225618746013848, 1.0, 0.8985379762642988)
0.8200000000000004 (3.9918621791857447, 1.0, 0.7785685195520289)
1.0200000000000005 (4.603666669400815, 1.0, 0.2917973775858397)
1.2200000000000006 (5.150939749863363, 1.0, -0.27735935366860187)
1.4200000000000008 (5.740563315436312, 1.0, -0.7657716432305729)
1.620000000000001 (6.430876558426695, 1.0, -0.8278748058889558)
1.8200000000000012 (7.018475106020333, 1.0, -0.4443523597614942)
2.0200000000000014 (7.40177230060136, 1.0, 0.14074636293619575)
2.2200000000000015 (7.874602609591953, 1.0, 0.590557465799873)
2.4200000000000017 (8.561284075736033, 1.0, 0.684639244482812)
2.620000000000002 (9.190836583647894, 1.0, 0.32238378700634734)
2.820000000000002 (9.571397210960313, 1.0, -0.3118011352507028)
3.0200000000000022 (9.975873795248427, 1.0, -0.8257689396637595)
3.2200000000000024 (10.668868215072438, 1.0, -1.051333369129039)
3.4200000000000026 (11.365819253895816, 1.0, -0.774344806864723)
3.6200000000000028 (11.7780067631766, 1.0, -0.17272873379564885)
3.820000000000003 (12.17622836382535, 1.0, 0.33459589344022167)
4.040000000000002 (12.94676085046706, 1.0, 0.5739182471050761)
4.259999999999997 (13.677311902027784, 1.0, 0.22977477858779413)
4.479999999999992 (14.092484655799105, 1.0, -0.4503575397752793)
4.699999999999988 (14.555939350968615, 1.0, -1.0017296456518343)
4.919999999999983 (15.318040452886628, 1.0, -1.1783208442210358)
5.139999999999978 (16.016316492198225, 1.0, -0.8015468185312744)
5.359999999999974 (16.479857231899388, 1.0, -0.15900366747126374)
5.579999999999969 (17.065630350492654, 1.0, 0.3169406347036113)
5.799999999999964 (17.818261960014393, 1.0, 0.3027738317357824)
6.01999999999996 (18.39977731069213, 1.0, -0.21299797822241148)
6.239999999999955 (18.820654177546356, 1.0, -0.8532380465361855)
6.45999999999995 (19.477954769791683, 1.0, -1.2980896450507127)
6.6799999999999455 (20.22325305739648, 1.0, -1.1905407251798914)
6.899999999999941 (20.72479837829892, 1.0, -0.6196904606035076)
7.119999999999936 (21.166606096484248, 1.0, -0.034581699718423904)
7.3399999999999315 (21.9330806477369, 1.0, 0.26943642400031453)
7.559999999999927 (22.68114104806193, 1.0, -0.01542676982120082)
7.779999999999922 (23.094198623792835, 1.0, -0.6708464889838242)
7.999999999999917 (23.512004560758008, 1.0, -1.245885353367899)
8.219999999999914 (24.269440619654663, 1.0, -1.506220167891366)
8.439999999999909 (25.00686990077947, 1.0, -1.190513967049872)
8.659999999999904 (25.467581903921126, 1.0, -0.5370496461645411)
8.8799999999999 (25.990137509469847, 1.0, -0.0287312025770392)
9.099999999999895 (26.757730842645113, 1.0, 0.058169251288095525)
9.31999999999989 (27.405765675880637, 1.0, -0.3904761743828906)
9.539999999999885 (27.826867315821467, 1.0, -1.0542863217925007)
9.75999999999988 (28.409733225548457, 1.0, -1.55173430025571)
9.979999999999876 (29.156170648665363, 1.0, -1.5479932377624614)
10.199999999999871 (30.52040925995464, 1.0, -1.312472245550848)
10.419999999999867 (30.971231554621436, 1.0, -0.964750790766962)
10.639999999999862 (31.0684065305146, 1.0, -0.9298277020755106)
10.859999999999857 (31.110925222875448, 1.0, -0.9295019590025744)
11.079999999999853 (31.130032425938026, 1.0, -0.9292506125264705)
11.299999999999848 (31.138623473204124, 1.0, -0.9291377439635933)
11.519999999999843 (31.142486209356658, 1.0, -0.9290870241571761)
11.739999999999839 (31.144222985946755, 1.0, -0.9290642251153776)
11.959999999999834 (31.145003881335775, 1.0, -0.9290539752993047)
12.17999999999983 (31.1453549901689, 1.0, -0.9290493669780677)
12.399999999999824 (31.145512856912408, 1.0, -0.9290472950167294)
12.61999999999982 (31.145583837492488, 1.0, -0.9290463634240906)
12.839999999999815 (31.14561575202135, 1.0, -0.9290459445602007)
13.05999999999981 (31.145630101539922, 1.0, -0.9290457562295937)
13.279999999999806 (31.145636553419063, 1.0, -0.9290456715518278)
13.499999999999801 (31.145639454334805, 1.0, -0.9290456334787401)
13.719999999999796 (31.145640758654363, 1.0, -0.9290456163601927)
13.939999999999792 (31.145641345106924, 1.0, -0.929045608663294)
14.159999999999787 (31.1456416087897, 1.0, -0.9290456052025888)
14.379999999999782 (31.145641727347652, 1.0, -0.9290456036465747)
14.599999999999778 (31.14564178065407, 1.0, -0.9290456029469545)
14.819999999999773 (31.145641804621885, 1.0, -0.9290456026323887)
15.039999999999768 (31.145641815398374, 1.0, -0.9290456024909527)
15.259999999999764 (31.145641820243764, 1.0, -0.9290456024273596)
15.479999999999759 (31.14564182242237, 1.0, -0.9290456023987662)
15.699999999999754 (31.145641823401924, 1.0, -0.92904560238591)
15.91999999999975 (31.145641823842357, 1.0, -0.9290456023801296)
16.139999999999745 (31.145641824040382, 1.0, -0.9290456023775306)
16.35999999999974 (31.145641824129413, 1.0, -0.9290456023763621)
16.579999999999735 (31.14564182416944, 1.0, -0.9290456023758368)
16.79999999999973 (31.145641824187436, 1.0, -0.9290456023756003)
17.019999999999726 (31.145641824195526, 1.0, -0.929045602375494)
17.23999999999972 (31.14564182419916, 1.0, -0.9290456023754464)
17.459999999999717 (31.145641824200805, 1.0, -0.929045602375425)
17.679999999999712 (31.145641824201544, 1.0, -0.9290456023754151)
17.899999999999707 (31.145641824201885, 1.0, -0.929045602375411)
18.119999999999703 (31.14564182420204, 1.0, -0.929045602375409)
18.339999999999698 (31.145641824202084, 1.0, -0.929045602375409)
18.559999999999693 (31.145641824202084, 1.0, -0.929045602375409)
18.77999999999969 (31.145641824202084, 1.0, -0.929045602375409)
18.999999999999684 (31.145641824202084, 1.0, -0.9290456023754089)
19.21999999999968 (31.145641824202084, 1.0, -0.9290456023754089)
19.439999999999674 (31.145641824202084, 1.0, -0.9290456023754089)
19.65999999999967 (31.145641824202084, 1.0, -0.9290456023754089)
19.879999999999665 (31.145641824202084, 1.0, -0.9290456023754089)
