0.0 (-17.25, 1.0, 0.0)
0.02 (-17.249034898972088, 1.0, 0.005358675984335775)
0.04 (-17.24174443967239, 1.0, -0.00685857739195528)
0.06 (-17.225207030698694, 1.0, -0.049787457575787154)
0.08 (-17.20045322211927, 1.0, -0.11919561897916955)
0.1 (-17.162616946504954, 1.0, -0.21605174045600592)
0.12000000000000001 (-17.111021142674396, 1.0, -0.33761976799924404)
0.14 (-17.055983955100732, 1.0, -0.48234641687733093)
0.16 (-17.008516687038526, 1.0, -0.6511327007062002)
0.18 (-16.97393269439849, 1.0, -0.8426529323700901)
0.19999999999999998 (-16.95094281272604, 1.0, -1.055887674611477)
0.21999999999999997 (-16.930464706796233, 1.0, -1.2815747497146845)
0.23999999999999996 (-16.897010106799932, 1.0, -1.4829389402214306)
0.25999999999999995 (-16.838602507233247, 1.0, -1.6444516990997742)
0.27999999999999997 (-16.761250794152023, 1.0, -1.776621789374584)
0.3 (-16.67834949117968, 1.0, -1.894160792881498)
0.32 (-16.598483591155464, 1.0, -2.008707573558493)
0.34 (-16.52383189856383, 1.0, -2.120559557389879)
0.36000000000000004 (-16.4516921713439, 1.0, -2.224136059491606)
0.38000000000000006 (-16.379315200353048, 1.0, -2.3164718478322843)
0.4000000000000001 (-16.306023145456454, 1.0, -2.398824023786185)
0.4200000000000001 (-16.231562616406258, 1.0, -2.4733220214179603)
0.4400000000000001 (-16.155086736081618, 1.0, -2.540893828097848)
0.46000000000000013 (-16.07602881672087, 1.0, -2.6024218151149046)
0.48000000000000015 (-15.994464015434183, 1.0, -2.6592247966928344)
0.5000000000000001 (-15.910387602969028, 1.0, -2.7111129361761273)
0.5200000000000001 (-15.823844635668747, 1.0, -2.7531752051706864)
0.5400000000000001 (-15.73595534310461, 1.0, -2.7840910947797197)
0.5600000000000002 (-15.646955127486562, 1.0, -2.8037287614274033)
0.5800000000000002 (-15.556650850156357, 1.0, -2.812185948833412)
0.6000000000000002 (-15.46490000414238, 1.0, -2.8096858180507054)
0.6200000000000002 (-15.371825523865683, 1.0, -2.796453354537997)
0.6400000000000002 (-15.277735206060527, 1.0, -2.7727124561706935)
0.6600000000000003 (-15.186958466489541, 1.0, -2.742956812614535)
0.6800000000000003 (-15.103911205149593, 1.0, -2.71209499688714)
0.7000000000000003 (-15.02993793096995, 1.0, -2.6820011181436523)
0.7200000000000003 (-14.965411911186699, 1.0, -2.6537185306045576)
0.7400000000000003 (-14.910422564724437, 1.0, -2.62793771758544)
0.7600000000000003 (-14.865022368691156, 1.0, -2.604990706802932)
0.7800000000000004 (-14.829384802669017, 1.0, -2.584900027629941)
0.8000000000000004 (-14.803684613411571, 1.0, -2.567249031559512)
0.8200000000000004 (-14.78763382683851, 1.0, -2.5521846753886623)
0.8400000000000004 (-14.780403010784626, 1.0, -2.540471765185666)
0.8600000000000004 (-14.78157337696145, 1.0, -2.533218279760725)
0.8800000000000004 (-14.790952971663803, 1.0, -2.531396812463676)
0.9000000000000005 (-14.808117910459947, 1.0, -2.535255147540665)
0.9200000000000005 (-14.832950948100972, 1.0, -2.5449612711173772)
0.9400000000000005 (-14.865861267832644, 1.0, -2.5607808212760945)
0.9600000000000005 (-14.907550715585582, 1.0, -2.5831674662769535)
0.9800000000000005 (-14.958623057287834, 1.0, -2.6126499947078323)
1.0000000000000004 (-15.017853451132064, 1.0, -2.6426148687243813)
1.0200000000000005 (-15.083536486012827, 1.0, -2.6684425031567214)
1.0400000000000005 (-15.153938633665932, 1.0, -2.688975171488591)
1.0600000000000005 (-15.227478821392152, 1.0, -2.7037949452552215)
1.0800000000000005 (-15.30194997143374, 1.0, -2.712593739192914)
1.1000000000000005 (-15.372952239367494, 1.0, -2.7189150005701137)
1.1200000000000006 (-15.440994309227955, 1.0, -2.7257143405165682)
1.1400000000000006 (-15.508509297020762, 1.0, -2.73322603197036)
1.1600000000000006 (-15.56180719437968, 1.0, -2.7462248106198466)
1.1800000000000006 (-15.591481990780371, 1.0, -2.7756203301144846)
1.2000000000000006 (-15.610510087609939, 1.0, -2.8029033177359675)
1.2200000000000006 (-15.63031164863151, 1.0, -2.827302512555687)
1.2400000000000007 (-15.655605836594768, 1.0, -2.850586504208374)
1.2600000000000007 (-15.684897763438792, 1.0, -2.8699174222619153)
1.2800000000000007 (-15.728025050262008, 1.0, -2.877695086371559)
1.3000000000000007 (-15.785386475401433, 1.0, -2.883062324237625)
1.3200000000000007 (-15.853144195027932, 1.0, -2.884565924414797)
1.3400000000000007 (-15.928073819532912, 1.0, -2.8798168857763007)
1.3600000000000008 (-15.999466837002995, 1.0, -2.8712577264433192)
1.3800000000000008 (-16.057340159804447, 1.0, -2.8613478048886996)
1.4000000000000008 (-16.098454042468997, 1.0, -2.8499063065780774)
1.4200000000000008 (-16.125234275749786, 1.0, -2.837842442307325)
1.4400000000000008 (-16.14137962284011, 1.0, -2.8262748747332402)
1.4600000000000009 (-16.14821608884064, 1.0, -2.8145819789900073)
1.4800000000000009 (-16.145600150242185, 1.0, -2.799869668098613)
1.5000000000000009 (-16.13561201538516, 1.0, -2.780497138783517)
1.520000000000001 (-16.120726305660124, 1.0, -2.7553475450914173)
1.540000000000001 (-16.10257342806102, 1.0, -2.723177465795714)
1.560000000000001 (-16.081989248397193, 1.0, -2.6828318480599473)
1.580000000000001 (-16.059431021299016, 1.0, -2.633287129519784)
1.600000000000001 (-16.03527418960696, 1.0, -2.573500155870739)
1.620000000000001 (-16.01001601422866, 1.0, -2.502293688857817)
1.640000000000001 (-15.988387549362452, 1.0, -2.4213849279968893)
1.660000000000001 (-15.978096217919877, 1.0, -2.335791258495897)
1.680000000000001 (-15.981758067248098, 1.0, -2.248255064722871)
1.700000000000001 (-15.999823291684029, 1.0, -2.1609151680410448)
1.720000000000001 (-16.029581394987545, 1.0, -2.0742156528782627)
1.740000000000001 (-16.06407736991207, 1.0, -1.98581551114761)
1.7600000000000011 (-16.097868278877275, 1.0, -1.8947762491598186)
1.7800000000000011 (-16.129758440965155, 1.0, -1.801460621766697)
1.8000000000000012 (-16.16050724066762, 1.0, -1.7073124753946527)
1.8200000000000012 (-16.191054467121255, 1.0, -1.6142440841235148)
1.8400000000000012 (-16.22227996467142, 1.0, -1.5237175412287236)
1.8600000000000012 (-16.255012273659975, 1.0, -1.4371277119206818)
1.8800000000000012 (-16.289949697522783, 1.0, -1.3560833853362426)
1.9000000000000012 (-16.327614654278833, 1.0, -1.2823722582278105)
1.9200000000000013 (-16.368572385118057, 1.0, -1.2183705048447546)
1.9400000000000013 (-16.413338708419495, 1.0, -1.1670172411158237)
1.9600000000000013 (-16.462088877218534, 1.0, -1.1305138402213832)
1.9800000000000013 (-16.514829467489243, 1.0, -1.1099100038749268)
2.0000000000000013 (-16.57151631431433, 1.0, -1.105231313925746)
2.0200000000000014 (-16.632069658888078, 1.0, -1.1154845201790862)
2.0400000000000014 (-16.696248704332074, 1.0, -1.138589386795549)
2.0600000000000014 (-16.76355614387709, 1.0, -1.1711972147369027)
2.0800000000000014 (-16.83277654575349, 1.0, -1.208704500583097)
2.1000000000000014 (-16.90175728800834, 1.0, -1.2463235081850725)
2.1200000000000014 (-16.966222427573243, 1.0, -1.2843152043558235)
2.1400000000000015 (-17.018120538815765, 1.0, -1.3149867986018198)
2.1600000000000015 (-17.05476734529935, 1.0, -1.3380311371125804)
2.1800000000000015 (-17.07713531553489, 1.0, -1.3569283492389024)
2.2000000000000015 (-17.085454808199497, 1.0, -1.37403683652537)
2.2200000000000015 (-17.080162568412515, 1.0, -1.391639932258008)
2.2400000000000015 (-17.06735572240404, 1.0, -1.4142818761455949)
2.2600000000000016 (-17.054193646004048, 1.0, -1.4443148587587062)
2.2800000000000016 (-17.04407073657506, 1.0, -1.479074157865612)
2.3000000000000016 (-17.03738719463854, 1.0, -1.5147360755326338)
2.3200000000000016 (-17.03233591486519, 1.0, -1.5490699629737141)
2.3400000000000016 (-17.026544985702962, 1.0, -1.5811989528910044)
2.3600000000000017 (-17.01857500076932, 1.0, -1.6111796472328366)
2.3800000000000017 (-17.007723107945218, 1.0, -1.639209863143762)
2.4000000000000017 (-16.993531810670795, 1.0, -1.6652163455560487)
2.4200000000000017 (-16.97556468496534, 1.0, -1.6888259801108687)
2.4400000000000017 (-16.953309105456785, 1.0, -1.7094487962717202)
2.4600000000000017 (-16.926108576600676, 1.0, -1.7263712553095494)
2.4800000000000018 (-16.893143400657696, 1.0, -1.7388420624315468)
2.5000000000000018 (-16.85347123355484, 1.0, -1.746128823165609)
2.520000000000002 (-16.806145753870695, 1.0, -1.7475400417938285)
2.540000000000002 (-16.751261065880097, 1.0, -1.7427515578366042)
2.560000000000002 (-16.69092628214416, 1.0, -1.7313827734327811)
2.580000000000002 (-16.626652212160053, 1.0, -1.7126900068437043)
2.600000000000002 (-16.55887883079796, 1.0, -1.6856564791173867)
2.620000000000002 (-16.487815751930277, 1.0, -1.6492429318415673)
2.640000000000002 (-16.417363031568843, 1.0, -1.6042195665107477)
2.660000000000002 (-16.355432841348083, 1.0, -1.5540248747058243)
2.680000000000002 (-16.30494366632948, 1.0, -1.5003981037260403)
2.700000000000002 (-16.266703160869984, 1.0, -1.4448089438381544)
2.720000000000002 (-16.241002134595114, 1.0, -1.388613900806172)
2.740000000000002 (-16.22634520117728, 1.0, -1.3321120626873124)
2.760000000000002 (-16.218249298654865, 1.0, -1.2743964216097354)
2.780000000000002 (-16.212999281149376, 1.0, -1.2158445405568485)
2.800000000000002 (-16.209695815970942, 1.0, -1.1571936693552396)
2.820000000000002 (-16.208175879020484, 1.0, -1.0999929912251805)
2.840000000000002 (-16.208463885948003, 1.0, -1.045913010875425)
2.860000000000002 (-16.21161546375434, 1.0, -0.9957752327925166)
2.880000000000002 (-16.219744721093655, 1.0, -0.9501321699773004)
2.900000000000002 (-16.234573593907005, 1.0, -0.9098630735846682)
2.920000000000002 (-16.25703226352882, 1.0, -0.8757770521094688)
2.940000000000002 (-16.28779584892505, 1.0, -0.8489433281114747)
2.960000000000002 (-16.326989817030412, 1.0, -0.8299927895825996)
2.980000000000002 (-16.374296255729192, 1.0, -0.8187540855919946)
3.000000000000002 (-16.42910551311706, 1.0, -0.814172422068069)
3.0200000000000022 (-16.490617026657432, 1.0, -0.8145898817245227)
3.0400000000000023 (-16.557887847326498, 1.0, -0.817923845105815)
3.0600000000000023 (-16.630239787718217, 1.0, -0.822974401744201)
3.0800000000000023 (-16.703074128046385, 1.0, -0.8256436648947854)
3.1000000000000023 (-16.768795669418203, 1.0, -0.8211238259697294)
3.1200000000000023 (-16.82494601823553, 1.0, -0.8105657202943878)
3.1400000000000023 (-16.870767289191303, 1.0, -0.7961992325093749)
3.1600000000000024 (-16.906030612023343, 1.0, -0.7807363184467809)
3.1800000000000024 (-16.93562547649171, 1.0, -0.7682182503318192)
3.2000000000000024 (-16.96456685154896, 1.0, -0.7595081479271811)
3.2200000000000024 (-16.99517831395443, 1.0, -0.7533308634536869)
3.2400000000000024 (-17.028063578661733, 1.0, -0.7476326965025003)
3.2600000000000025 (-17.062517352711772, 1.0, -0.7410728361944422)
3.2800000000000025 (-17.096200315404992, 1.0, -0.7333171238238978)
3.3000000000000025 (-17.127072254658792, 1.0, -0.7246401939106422)
3.3200000000000025 (-17.154134679825205, 1.0, -0.7156604659719081)
3.3400000000000025 (-17.177203972579182, 1.0, -0.7069695403609659)
3.3600000000000025 (-17.19642809601088, 1.0, -0.699117914339543)
3.3800000000000026 (-17.212009794753875, 1.0, -0.6927427121209854)
3.4000000000000026 (-17.224071198257782, 1.0, -0.6881987543484889)
3.4200000000000026 (-17.23126670469973, 1.0, -0.6850299902761294)
3.4400000000000026 (-17.232500217817392, 1.0, -0.6822631324851459)
3.4600000000000026 (-17.226853768202933, 1.0, -0.6791664880274153)
3.4800000000000026 (-17.213013496419784, 1.0, -0.6755201708984373)
3.5000000000000027 (-17.189751358981745, 1.0, -0.6712574254134385)
3.5200000000000027 (-17.15667501568021, 1.0, -0.6664700089104593)
3.5400000000000027 (-17.11542377488158, 1.0, -0.6608258223931859)
3.5600000000000027 (-17.067585368884348, 1.0, -0.6535191842062924)
3.5800000000000027 (-17.013687201216182, 1.0, -0.6436500100468329)
3.6000000000000028 (-16.953786887049226, 1.0, -0.6304832526520998)
3.6200000000000028 (-16.887845395003374, 1.0, -0.6132855018124619)
3.640000000000003 (-16.81588215632137, 1.0, -0.5911571546494984)
3.660000000000003 (-16.737761643188833, 1.0, -0.564130236490675)
3.680000000000003 (-16.659589339472593, 1.0, -0.5284915574883705)
3.700000000000003 (-16.5899126261802, 1.0, -0.4839178397353691)
3.720000000000003 (-16.531894233325808, 1.0, -0.4314720357295065)
3.740000000000003 (-16.486492749545853, 1.0, -0.3718895463996825)
3.760000000000003 (-16.4543160527966, 1.0, -0.30620784430629144)
3.780000000000003 (-16.4324604035475, 1.0, -0.2357606127049346)
3.800000000000003 (-16.415342698298577, 1.0, -0.16187706015348963)
3.820000000000003 (-16.400704893449557, 1.0, -0.08626027156423605)
3.840000000000003 (-16.38829144440777, 1.0, -0.010323544627683957)
3.860000000000003 (-16.37911033035726, 1.0, 0.06523240832365368)
3.880000000000003 (-16.374880516447657, 1.0, 0.13999125333643636)
3.900000000000003 (-16.37715579784721, 1.0, 0.2135982455898568)
3.920000000000003 (-16.38710155325138, 1.0, 0.2857002281442847)
3.940000000000003 (-16.405467461789936, 1.0, 0.3558668088472573)
3.960000000000003 (-16.43252148654884, 1.0, 0.4236850872007186)
3.980000000000003 (-16.468337462191812, 1.0, 0.4887518982934552)
4.000000000000003 (-16.512600103481134, 1.0, 0.5508727510710443)
4.020000000000002 (-16.564612229318314, 1.0, 0.6100190225126063)
4.040000000000002 (-16.623374155524314, 1.0, 0.6663582852696358)
4.060000000000001 (-16.687606318170484, 1.0, 0.7202461744582705)
4.080000000000001 (-16.752168008905677, 1.0, 0.7734992532029791)
4.1000000000000005 (-16.808487177429893, 1.0, 0.8277568909795386)
4.12 (-16.85472309951299, 1.0, 0.8813263349951906)
4.14 (-16.890844301054337, 1.0, 0.9321057058254844)
4.159999999999999 (-16.916213861705707, 1.0, 0.9776979118336608)
4.179999999999999 (-16.933926860616882, 1.0, 1.0158402286971173)
4.199999999999998 (-16.948975654091534, 1.0, 1.0465985345547664)
4.219999999999998 (-16.96569447639185, 1.0, 1.0712865800619986)
4.2399999999999975 (-16.985162273087067, 1.0, 1.0921013759035472)
4.259999999999997 (-17.00711045395435, 1.0, 1.1111152447197896)
4.279999999999997 (-17.029898736040707, 1.0, 1.129285919950719)
4.299999999999996 (-17.051159343291236, 1.0, 1.146389741171152)
4.319999999999996 (-17.06948543661846, 1.0, 1.1617912259418879)
4.339999999999995 (-17.084540688176926, 1.0, 1.1750246572818628)
4.359999999999995 (-17.09658490338948, 1.0, 1.1856753614363524)
4.379999999999995 (-17.105970614680906, 1.0, 1.1933860282853932)
4.399999999999994 (-17.11289617415711, 1.0, 1.19788909852724)
4.419999999999994 (-17.115925911827304, 1.0, 1.1994615366897083)
4.439999999999993 (-17.113650916024536, 1.0, 1.199110920940212)
4.459999999999993 (-17.104953448562306, 1.0, 1.1975894129641729)
4.479999999999992 (-17.088510505596748, 1.0, 1.1951150743790218)
4.499999999999992 (-17.063069270802178, 1.0, 1.1917275780920835)
4.519999999999992 (-17.027541320614816, 1.0, 1.1873947602726755)
4.539999999999991 (-16.98095439733514, 1.0, 1.1820767571948192)
4.559999999999991 (-16.922316761711542, 1.0, 1.1762069085601534)
4.57999999999999 (-16.851317221890696, 1.0, 1.1705377387118194)
4.59999999999999 (-16.769819631612467, 1.0, 1.1672852499408561)
4.6199999999999894 (-16.679881150868745, 1.0, 1.1682909764165241)
4.639999999999989 (-16.589110413350152, 1.0, 1.1795312144671701)
4.659999999999989 (-16.504096950296425, 1.0, 1.2032948102548953)
4.679999999999988 (-16.427373515996802, 1.0, 1.2387324046530517)
4.699999999999988 (-16.360069442678153, 1.0, 1.2846435457470988)
4.719999999999987 (-16.302735766177175, 1.0, 1.3393511580474766)
4.739999999999987 (-16.250137013951534, 1.0, 1.400315420536302)
4.7599999999999865 (-16.197927338919, 1.0, 1.4642791725864657)
4.779999999999986 (-16.14548707220585, 1.0, 1.5298175413225736)
4.799999999999986 (-16.093746676554208, 1.0, 1.5959801971686312)
4.819999999999985 (-16.044184929608736, 1.0, 1.6613680885424942)
4.839999999999985 (-15.998206275032095, 1.0, 1.725231445153084)
4.859999999999984 (-15.957026161154483, 1.0, 1.7872949025512344)
4.879999999999984 (-15.921828277779758, 1.0, 1.84741324072623)
4.8999999999999835 (-15.893821208521729, 1.0, 1.9054308639263444)
4.919999999999983 (-15.874593170498756, 1.0, 1.9617849831770937)
4.939999999999983 (-15.866001960532756, 1.0, 2.016370998370749)
4.959999999999982 (-15.869809535865587, 1.0, 2.068537192669105)
4.979999999999982 (-15.88675591340226, 1.0, 2.1175745595863664)
4.999999999999981 (-15.916456692522798, 1.0, 2.1634512772115913)
5.019999999999981 (-15.957778792553382, 1.0, 2.2067577972500714)
5.0399999999999805 (-16.008950151144226, 1.0, 2.248624247689745)
5.05999999999998 (-16.067512978037374, 1.0, 2.290560706015304)
5.07999999999998 (-16.13036556518433, 1.0, 2.3342296461800682)
5.099999999999979 (-16.192155879066178, 1.0, 2.38022551041799)
5.119999999999979 (-16.24225136076395, 1.0, 2.427024536583099)
5.139999999999978 (-16.278738057456817, 1.0, 2.4711356844814727)
5.159999999999978 (-16.30266270850509, 1.0, 2.509496487318516)
5.1799999999999775 (-16.314857205949863, 1.0, 2.5385233195490287)
5.199999999999977 (-16.3214774105171, 1.0, 2.557763094840818)
5.219999999999977 (-16.330179881941678, 1.0, 2.5708134720791023)
5.239999999999976 (-16.34359262192713, 1.0, 2.581392728468476)
5.259999999999976 (-16.3604644471684, 1.0, 2.5925867153389066)
5.279999999999975 (-16.37862906136004, 1.0, 2.6057322261591347)
5.299999999999975 (-16.395817936474835, 1.0, 2.619876773475594)
5.3199999999999745 (-16.410702690876196, 1.0, 2.633451210836685)
5.339999999999974 (-16.422887274064657, 1.0, 2.6453023924803993)
5.359999999999974 (-16.43255037750785, 1.0, 2.6547720924537463)
5.379999999999973 (-16.439734926616943, 1.0, 2.661500230710351)
5.399999999999973 (-16.443944094569574, 1.0, 2.6653131172475697)
5.419999999999972 (-16.44458281247314, 1.0, 2.6661391407507966)
5.439999999999972 (-16.44080795949525, 1.0, 2.663773830245278)
5.4599999999999715 (-16.431713955985625, 1.0, 2.6578188573078005)
5.479999999999971 (-16.416312557906554, 1.0, 2.647771452072792)
5.499999999999971 (-16.393651030852954, 1.0, 2.6329269422838464)
5.51999999999997 (-16.362992781933507, 1.0, 2.6127091711102324)
5.53999999999997 (-16.32471318670352, 1.0, 2.5877412047813095)
5.559999999999969 (-16.279622999964083, 1.0, 2.5599885500022688)
5.579999999999969 (-16.227693989330017, 1.0, 2.53089625956925)
5.599999999999969 (-16.16835751811454, 1.0, 2.5012071524612627)
5.619999999999968 (-16.100939637127254, 1.0, 2.4714764342665343)
5.639999999999968 (-16.024867407787546, 1.0, 2.4421555858040174)
5.659999999999967 (-15.942167702227394, 1.0, 2.417092221221932)
5.679999999999967 (-15.859218011799568, 1.0, 2.4025399172255346)
5.699999999999966 (-15.779001417295094, 1.0, 2.400463312225779)
5.719999999999966 (-15.702985628165345, 1.0, 2.4110391902909516)
5.739999999999966 (-15.632303392778242, 1.0, 2.434038403635432)
5.759999999999965 (-15.56594164038258, 1.0, 2.467152208973297)
5.779999999999965 (-15.500857605856048, 1.0, 2.505734093798435)
5.799999999999964 (-15.43614509287512, 1.0, 2.5463706516762996)
5.819999999999964 (-15.372293103688214, 1.0, 2.587476201604112)
5.839999999999963 (-15.310330931117125, 1.0, 2.62909510795677)
5.859999999999963 (-15.251899240228761, 1.0, 2.6722685392686167)
5.879999999999963 (-15.198606145939298, 1.0, 2.7181110030721416)
5.899999999999962 (-15.151771598471056, 1.0, 2.767474956426208)
5.919999999999962 (-15.11246833831562, 1.0, 2.8207375647346495)
5.939999999999961 (-15.0814339103058, 1.0, 2.878048154013998)
5.959999999999961 (-15.059369221215206, 1.0, 2.9394907308072167)
5.9799999999999605 (-15.046088317407708, 1.0, 3.0047966005331173)
5.99999999999996 (-15.041327186034943, 1.0, 3.0735589599669324)
6.01999999999996 (-15.044506697010208, 1.0, 3.145451803014518)
6.039999999999959 (-15.054606798589163, 1.0, 3.220138789044929)
6.059999999999959 (-15.070259692610707, 1.0, 3.2973639780974726)
6.079999999999958 (-15.087071427559724, 1.0, 3.3755076882460764)
6.099999999999958 (-15.095814350956104, 1.0, 3.4496679141328133)
6.1199999999999575 (-15.0959229104577, 1.0, 3.5169943330900493)
6.139999999999957 (-15.088952578507483, 1.0, 3.5758168887736295)
6.159999999999957 (-15.076166227126668, 1.0, 3.623740851591341)
6.179999999999956 (-15.062548604539538, 1.0, 3.6616538882174203)
6.199999999999956 (-15.051716268151292, 1.0, 3.6933592175991397)
6.219999999999955 (-15.045535195311308, 1.0, 3.7229089198278755)
6.239999999999955 (-15.042872570102416, 1.0, 3.7526415021069273)
6.2599999999999545 (-15.04193148544245, 1.0, 3.783575449189388)
6.279999999999954 (-15.041037146909629, 1.0, 3.814860482899088)
6.299999999999954 (-15.039098717910138, 1.0, 3.8445770015602307)
6.319999999999953 (-15.035783787122002, 1.0, 3.871185827278589)
6.339999999999953 (-15.03141124554457, 1.0, 3.8940334618307726)
6.359999999999952 (-15.02646252828174, 1.0, 3.912951223190142)
6.379999999999952 (-15.021502318807995, 1.0, 3.927937636960306)
6.3999999999999515 (-15.01665745003458, 1.0, 3.9387023731466995)
6.419999999999951 (-15.010579352040898, 1.0, 3.944412303965375)
6.439999999999951 (-15.002218853726225, 1.0, 3.944859564774216)
6.45999999999995 (-14.990536031423717, 1.0, 3.939426175059205)
6.47999999999995 (-14.974693007171187, 1.0, 3.9270986231832623)
6.499999999999949 (-14.953985017703374, 1.0, 3.906881177316627)
6.519999999999949 (-14.927826344250205, 1.0, 3.877856670153116)
6.5399999999999485 (-14.896021658561594, 1.0, 3.8401473772513297)
6.559999999999948 (-14.858595344513027, 1.0, 3.7961336599921403)
6.579999999999948 (-14.814910958517439, 1.0, 3.7478224764304837)
6.599999999999947 (-14.763914765486986, 1.0, 3.6960227984501834)
6.619999999999947 (-14.704545313169852, 1.0, 3.6410653871003626)
6.639999999999946 (-14.636398542116464, 1.0, 3.582972868777839)
6.659999999999946 (-14.561460943612847, 1.0, 3.5317318927552392)
6.6799999999999455 (-14.482443217693493, 1.0, 3.492351310009085)
6.699999999999945 (-14.401227793396654, 1.0, 3.465961153790573)
6.719999999999945 (-14.319163996195835, 1.0, 3.4528263505049046)
6.739999999999944 (-14.237020644169899, 1.0, 3.4516988042246846)
6.759999999999944 (-14.153494963816193, 1.0, 3.4575866951221133)
6.779999999999943 (-14.068473158652981, 1.0, 3.4661475405337274)
6.799999999999943 (-13.983083360977187, 1.0, 3.4758076051385904)
6.8199999999999426 (-13.898374281138807, 1.0, 3.48649437143982)
6.839999999999942 (-13.816055799484346, 1.0, 3.4986468550616174)
6.859999999999942 (-13.737277118540584, 1.0, 3.5131544036815052)
6.879999999999941 (-13.662534287887018, 1.0, 3.5317553616663844)
6.899999999999941 (-13.593002565329945, 1.0, 3.5560236164924794)
6.91999999999994 (-13.529685743836813, 1.0, 3.5869910098639717)
6.93999999999994 (-13.47341395908505, 1.0, 3.6251634377174846)
6.95999999999994 (-13.425040404820088, 1.0, 3.6707575053209305)
6.979999999999939 (-13.38494925079276, 1.0, 3.723596077357609)
6.999999999999939 (-13.352839875502985, 1.0, 3.783215383000812)
7.019999999999938 (-13.327820133729142, 1.0, 3.8490387186401467)
7.039999999999938 (-13.30920241155, 1.0, 3.9205357371053227)
7.059999999999937 (-13.295990969290722, 1.0, 3.99702843624084)
7.079999999999937 (-13.28668186426115, 1.0, 4.0777857728838365)
7.099999999999937 (-13.274205778220823, 1.0, 4.15604680605649)
7.119999999999936 (-13.254971395578986, 1.0, 4.225057122586596)
7.139999999999936 (-13.230801169941428, 1.0, 4.282988549294118)
7.159999999999935 (-13.20410436073107, 1.0, 4.328381323141046)
7.179999999999935 (-13.178180401204747, 1.0, 4.3597113819583315)
7.1999999999999345 (-13.156428585801155, 1.0, 4.381614819772777)
7.219999999999934 (-13.14065869752609, 1.0, 4.401814505041248)
7.239999999999934 (-13.129342649855555, 1.0, 4.423743175290799)
7.259999999999933 (-13.119639689955841, 1.0, 4.44822719102992)
7.279999999999933 (-13.1095484797235, 1.0, 4.474395677689295)
7.299999999999932 (-13.098541101923997, 1.0, 4.499939901609574)
7.319999999999932 (-13.086970491774462, 1.0, 4.522965685098077)
7.3399999999999315 (-13.075431814505762, 1.0, 4.542567293196973)
7.359999999999931 (-13.064526432871586, 1.0, 4.558594421494806)
7.379999999999931 (-13.054563039051382, 1.0, 4.570931730342368)
7.39999999999993 (-13.045266399415397, 1.0, 4.579027312596733)
7.41999999999993 (-13.03620509970992, 1.0, 4.582382328709417)
7.439999999999929 (-13.026918084688546, 1.0, 4.580255215382795)
7.459999999999929 (-13.017041422075645, 1.0, 4.571697366413948)
7.4799999999999285 (-13.006282878749817, 1.0, 4.555635232325992)
7.499999999999928 (-12.994498524494258, 1.0, 4.530931653370866)
7.519999999999928 (-12.981583059060043, 1.0, 4.496487754433335)
7.539999999999927 (-12.967426327381157, 1.0, 4.451656784902924)
7.559999999999927 (-12.95127640572452, 1.0, 4.397795082759777)
7.579999999999926 (-12.931803318171584, 1.0, 4.337051210133008)
7.599999999999926 (-12.907560758569158, 1.0, 4.270251688700802)
7.6199999999999255 (-12.87730085720574, 1.0, 4.1973733316837105)
7.639999999999925 (-12.840633410993162, 1.0, 4.118183110822683)
7.659999999999925 (-12.795209869869005, 1.0, 4.042032796602202)
7.679999999999924 (-12.741085021813998, 1.0, 3.974818047594276)
7.699999999999924 (-12.679405634111236, 1.0, 3.918410345290883)
7.719999999999923 (-12.611183161073527, 1.0, 3.8736120875815647)
7.739999999999923 (-12.537624040361088, 1.0, 3.8400250144393047)
7.7599999999999225 (-12.460174747425457, 1.0, 3.8119369343844656)
7.779999999999922 (-12.380996317100257, 1.0, 3.7846788110520726)
7.799999999999922 (-12.301691691178487, 1.0, 3.7572305891405886)
7.819999999999921 (-12.22321921446369, 1.0, 3.730144654531525)
7.839999999999921 (-12.146696710689795, 1.0, 3.7048260845314807)
7.85999999999992 (-12.072074987335316, 1.0, 3.6829884896759806)
7.87999999999992 (-11.999190284669766, 1.0, 3.6665082294487044)
7.8999999999999195 (-11.928517593047388, 1.0, 3.657175804927055)
7.919999999999919 (-11.860426819756043, 1.0, 3.656331662258897)
7.939999999999919 (-11.795407686958734, 1.0, 3.664751204254818)
7.959999999999918 (-11.734102441438909, 1.0, 3.6829984660059356)
7.979999999999918 (-11.676881153641515, 1.0, 3.7110550526686343)
7.999999999999917 (-11.62361689370756, 1.0, 3.7483527322396006)
8.019999999999918 (-11.573734558764926, 1.0, 3.793962748337093)
8.039999999999917 (-11.526814633362669, 1.0, 3.847205163111992)
8.059999999999917 (-11.482236734638242, 1.0, 3.9071701536850734)
8.079999999999917 (-11.438965623095912, 1.0, 3.9725093659322575)
8.099999999999916 (-11.393348102068131, 1.0, 4.032311210254003)
8.119999999999916 (-11.346027294180404, 1.0, 4.080280361835238)
8.139999999999915 (-11.299557386469402, 1.0, 4.116088684713332)
8.159999999999915 (-11.25678141043613, 1.0, 4.139679229084907)
8.179999999999914 (-11.22112867683153, 1.0, 4.152365256376449)
8.199999999999914 (-11.193193424817155, 1.0, 4.1594357886493025)
8.219999999999914 (-11.17103554096111, 1.0, 4.167959086167419)
8.239999999999913 (-11.151902065838197, 1.0, 4.180114490461143)
8.259999999999913 (-11.132896506713234, 1.0, 4.195206186284869)
8.279999999999912 (-11.112777918874265, 1.0, 4.211462477886124)
8.299999999999912 (-11.09227984649251, 1.0, 4.226527381307428)
8.319999999999911 (-11.072551971250322, 1.0, 4.238828711618696)
8.339999999999911 (-11.054512732779694, 1.0, 4.247942514345561)
8.35999999999991 (-11.038747352380943, 1.0, 4.254074081828868)
8.37999999999991 (-11.025636249510448, 1.0, 4.257375393630574)
8.39999999999991 (-11.015271010282413, 1.0, 4.257204342683091)
8.41999999999991 (-11.007465466647604, 1.0, 4.252738358789835)
8.439999999999909 (-11.002099268572133, 1.0, 4.243088438257317)
8.459999999999908 (-10.9992617735589, 1.0, 4.227130745560815)
8.479999999999908 (-10.999258885736728, 1.0, 4.203679071432031)
8.499999999999908 (-11.002480655877422, 1.0, 4.17160613107441)
8.519999999999907 (-11.008866855211021, 1.0, 4.1306449835942045)
8.539999999999907 (-11.017088763896274, 1.0, 4.0819343959871786)
8.559999999999906 (-11.025610994435718, 1.0, 4.025928390362337)
8.579999999999906 (-11.033524983888288, 1.0, 3.962279987888434)
8.599999999999905 (-11.040215763253972, 1.0, 3.890404987246809)
8.619999999999905 (-11.045001577662378, 1.0, 3.8096673763119226)
8.639999999999905 (-11.047330860497125, 1.0, 3.7196110194430103)
8.659999999999904 (-11.041314203167234, 1.0, 3.6282170222234074)
8.679999999999904 (-11.024202243432383, 1.0, 3.540589119342637)
8.699999999999903 (-10.995996521065173, 1.0, 3.4588663395945862)
8.719999999999903 (-10.957164260957255, 1.0, 3.3843395775406377)
8.739999999999903 (-10.908941455954098, 1.0, 3.3170458930475144)
8.759999999999902 (-10.854089196537835, 1.0, 3.2532028815247753)
8.779999999999902 (-10.795838282984294, 1.0, 3.1900689930548443)
8.799999999999901 (-10.736228150933556, 1.0, 3.127595091264717)
8.8199999999999 (-10.67596968384834, 1.0, 3.0664543011619156)
8.8399999999999 (-10.61588514331954, 1.0, 3.0081498013768013)
8.8599999999999 (-10.555980144212242, 1.0, 2.9541197513816417)
8.8799999999999 (-10.495159523460012, 1.0, 2.905865274809177)
8.899999999999899 (-10.432753548550496, 1.0, 2.86521364831679)
8.919999999999899 (-10.368596390240926, 1.0, 2.833529917423931)
8.939999999999898 (-10.302734349156893, 1.0, 2.8116841412493474)
8.959999999999898 (-10.235428737381941, 1.0, 2.800491362877066)
8.979999999999897 (-10.166994347177772, 1.0, 2.800103923749611)
8.999999999999897 (-10.09754747240106, 1.0, 2.8098941667845003)
9.019999999999897 (-10.026961731335097, 1.0, 2.8285894873801976)
9.039999999999896 (-9.955217845558762, 1.0, 2.855228605598037)
9.059999999999896 (-9.882312307538417, 1.0, 2.88861055282485)
9.079999999999895 (-9.808023921064434, 1.0, 2.927083483610569)
9.099999999999895 (-9.734009540986872, 1.0, 2.959532729816006)
9.119999999999894 (-9.663616599008451, 1.0, 2.980710966606749)
9.139999999999894 (-9.59918977127374, 1.0, 2.9914461689149094)
9.159999999999894 (-9.54351699625464, 1.0, 2.9926351776774673)
9.179999999999893 (-9.49923907743675, 1.0, 2.9870405305202623)
9.199999999999893 (-9.463854169905458, 1.0, 2.9802181272741666)
9.219999999999892 (-9.432447850391176, 1.0, 2.9772069427649686)
9.239999999999892 (-9.40173459243218, 1.0, 2.977987732321283)
9.259999999999891 (-9.36963700748358, 1.0, 2.9808201204099216)
9.279999999999891 (-9.336025409035773, 1.0, 2.983847333824839)
9.29999999999989 (-9.302662786158509, 1.0, 2.9854384402620435)
9.31999999999989 (-9.271270501243672, 1.0, 2.984915701482243)
9.33999999999989 (-9.242849272033968, 1.0, 2.9823728780785586)
9.35999999999989 (-9.217812738262477, 1.0, 2.9782877861018235)
9.379999999999889 (-9.196427130748932, 1.0, 2.972894552812448)
9.399999999999888 (-9.179004292534032, 1.0, 2.9656525881685947)
9.419999999999888 (-9.165707491502806, 1.0, 2.9559157026484337)
9.439999999999888 (-9.156878398519568, 1.0, 2.9429057464896116)
9.459999999999887 (-9.15310714778466, 1.0, 2.925792257051654)
9.479999999999887 (-9.155146478521106, 1.0, 2.9037629745046996)
9.499999999999886 (-9.1638602897684, 1.0, 2.8760952602406094)
9.519999999999886 (-9.180100233131288, 1.0, 2.8421263863707664)
9.539999999999885 (-9.204319009769156, 1.0, 2.8014489574551034)
9.559999999999885 (-9.23494333708944, 1.0, 2.75430111114433)
9.579999999999885 (-9.269479645551376, 1.0, 2.700809526458138)
9.599999999999884 (-9.306474377639962, 1.0, 2.64025407183634)
9.619999999999884 (-9.345265352573765, 1.0, 2.571609796811891)
9.639999999999883 (-9.385868381909502, 1.0, 2.494332404694159)
9.659999999999883 (-9.420381351094646, 1.0, 2.4110494848605124)
9.679999999999882 (-9.443024191458672, 1.0, 2.325366789471197)
9.699999999999882 (-9.452513257210425, 1.0, 2.2394148271164713)
9.719999999999882 (-9.448653596084684, 1.0, 2.1544706832698344)
9.739999999999881 (-9.43214282172583, 1.0, 2.07155714216419)
9.75999999999988 (-9.408737373090815, 1.0, 1.9886235326634762)
9.77999999999988 (-9.38392639414308, 1.0, 1.9045866382831835)
9.79999999999988 (-9.35967565450132, 1.0, 1.8203007741300117)
9.81999999999988 (-9.335994812613812, 1.0, 1.736726783891511)
9.839999999999879 (-9.312156799401722, 1.0, 1.6555161484051073)
9.859999999999879 (-9.286512688831134, 1.0, 1.5775731100763413)
9.879999999999878 (-9.257459047261893, 1.0, 1.5040519602789575)
9.899999999999878 (-9.223865746327837, 1.0, 1.4361167218021738)
9.919999999999877 (-9.185004130963229, 1.0, 1.3748184243905568)
9.939999999999877 (-9.140488513385264, 1.0, 1.3210405713374516)
9.959999999999877 (-9.09019663319352, 1.0, 1.2755678324965025)
9.979999999999876 (-9.034291570851225, 1.0, 1.2387451579004618)
9.999999999999876 (-8.973110303707683, 1.0, 1.2104096494939287)
