0.0 (0.0, 1.0, 0.0)
0.02 (0.0032, 1.0, 0.0)
0.04 (0.0095552, 1.0, 0.0)
0.06 (0.0190214272, 1.0, 0.0)
0.08 (0.0315551272192, 1.0, 0.0)
0.1 (0.047113355438131214, 1.0, 0.0)
0.12000000000000001 (0.06565376846199739, 1.0, 0.0)
0.14 (0.08713461570352943, 1.0, 0.0)
0.16 (0.11151473108368004, 1.0, 0.0)
0.18 (0.13875352484850853, 1.0, 0.0)
0.19999999999999998 (0.16881097550062937, 1.0, 0.0)
0.21999999999999997 (0.2016476218436206, 1.0, 0.0)
0.23999999999999996 (0.2372245551378099, 1.0, 0.0)
0.25999999999999995 (0.2755034113658806, 1.0, 0.0)
0.27999999999999997 (0.3164463636067583, 1.0, 0.0)
0.3 (0.36001611451626375, 1.0, 0.0)
0.32 (0.4061758889130361, 1.0, 0.0)
0.34 (0.45488942646825353, 1.0, 0.0)
0.36000000000000004 (0.506120974497698, 1.0, 0.0)
0.38000000000000006 (0.5598352808547304, 1.0, 0.0)
0.4000000000000001 (0.6159975869227641, 1.0, 0.0)
0.4200000000000001 (0.6745736207058453, 1.0, 0.0)
0.4400000000000001 (0.7355295900159635, 1.0, 0.0)
0.46000000000000013 (0.79883217575574, 1.0, 0.0)
0.48000000000000015 (0.8644485252951595, 1.0, 0.0)
0.5000000000000001 (0.9323462459410272, 1.0, 0.0)
0.5200000000000001 (1.002493398497853, 1.0, 0.0)
0.5400000000000001 (1.0748584909188834, 1.0, 0.0)
0.5600000000000002 (1.149410472046019, 1.0, 0.0)
0.5800000000000002 (1.2261187254373749, 1.0, 0.0)
0.6000000000000002 (1.3049530632812518, 1.0, 0.0)
0.6200000000000002 (1.385883720395314, 1.0, 0.0)
0.6400000000000002 (1.46888134830978, 1.0, 0.0)
0.6600000000000003 (1.553917009433443, 1.0, 0.0)
0.6800000000000003 (1.6409621713013751, 1.0, 0.0)
0.7000000000000003 (1.7299887009031558, 1.0, 0.0)
0.7200000000000003 (1.8209688590905115, 1.0, 0.0)
0.7400000000000003 (1.9138752950632443, 1.0, 0.0)
0.7600000000000003 (2.008681040932359, 1.0, 0.0)
0.7800000000000004 (2.1053595063593065, 1.0, 0.0)
0.8000000000000004 (2.2038844732702767, 1.0, 0.0)
0.8200000000000004 (2.3042300906444932, 1.0, 0.0)
0.8400000000000004 (2.40637086937547, 1.0, 0.0)
0.8600000000000004 (2.5102816772042136, 1.0, 0.0)
0.8800000000000004 (2.6159377337233547, 1.0, 0.0)
0.9000000000000005 (2.723314605451227, 1.0, 0.0)
0.9200000000000005 (2.8323882009749095, 1.0, 0.0)
0.9400000000000005 (2.9431347661612612, 1.0, 0.0)
0.9600000000000005 (3.055530879435004, 1.0, 0.0)
0.9800000000000005 (3.1695534471229134, 1.0, 0.0)
1.0000000000000004 (3.2851796988631925, 1.0, 0.0)
1.0200000000000005 (3.3991871830791087, 1.0, 0.0)
1.0400000000000005 (3.511598562516001, 1.0, 0.0)
1.0600000000000005 (3.6224361826407776, 1.0, 0.0)
1.0800000000000005 (3.7317220760838072, 1.0, 0.0)
1.1000000000000005 (3.8394779670186345, 1.0, 0.0)
1.1200000000000006 (3.945725275480374, 1.0, 0.0)
1.1400000000000006 (4.050485121623648, 1.0, 0.0)
1.1600000000000006 (4.153778329920918, 1.0, 0.0)
1.1800000000000006 (4.255625433302026, 1.0, 0.0)
1.2000000000000006 (4.3560466772357955, 1.0, 0.0)
1.2200000000000006 (4.455062023754493, 1.0, 0.0)
1.2400000000000007 (4.552691155421929, 1.0, 0.0)
1.2600000000000007 (4.648953479246021, 1.0, 0.0)
1.2800000000000007 (4.743868130536576, 1.0, 0.0)
1.3000000000000007 (4.837453976709064, 1.0, 0.0)
1.3200000000000007 (4.929729621035136, 1.0, 0.0)
1.3400000000000007 (5.020713406340644, 1.0, 0.0)
1.3600000000000008 (5.110423418651873, 1.0, 0.0)
1.3800000000000008 (5.198877490790746, 1.0, 0.0)
1.4000000000000008 (5.286093205919677, 1.0, 0.0)
1.4200000000000008 (5.372087901036803, 1.0, 0.0)
1.4400000000000008 (5.456878670422288, 1.0, 0.0)
1.4600000000000009 (5.540482369036376, 1.0, 0.0)
1.4800000000000009 (5.622915615869868, 1.0, 0.0)
1.5000000000000009 (5.704194797247691, 1.0, 0.0)
1.520000000000001 (5.784336070086223, 1.0, 0.0)
1.540000000000001 (5.863355365105015, 1.0, 0.0)
1.560000000000001 (5.941268389993546, 1.0, 0.0)
1.580000000000001 (6.018090632533635, 1.0, 0.0)
1.600000000000001 (6.0938373636781655, 1.0, 0.0)
1.620000000000001 (6.16852364058667, 1.0, 0.0)
1.640000000000001 (6.242164309618456, 1.0, 0.0)
1.660000000000001 (6.3147740092837985, 1.0, 0.0)
1.680000000000001 (6.386367173153825, 1.0, 0.0)
1.700000000000001 (6.456958032729673, 1.0, 0.0)
1.720000000000001 (6.526560620271457, 1.0, 0.0)
1.740000000000001 (6.595188771587658, 1.0, 0.0)
1.7600000000000011 (6.662856128785432, 1.0, 0.0)
1.7800000000000011 (6.729576142982435, 1.0, 0.0)
1.8000000000000012 (6.79536207698068, 1.0, 0.0)
1.8200000000000012 (6.8602270079029495, 1.0, 0.0)
1.8400000000000012 (6.924183829792309, 1.0, 0.0)
1.8600000000000012 (6.987245256175218, 1.0, 0.0)
1.8800000000000012 (7.049423822588764, 1.0, 0.0)
1.9000000000000012 (7.110731889072522, 1.0, 0.0)
1.9200000000000013 (7.1711816426255055, 1.0, 0.0)
1.9400000000000013 (7.230785099628747, 1.0, 0.0)
1.9600000000000013 (7.2895541082339435, 1.0, 0.0)
1.9800000000000013 (7.3475003507186685, 1.0, 0.0)
2.0000000000000013 (7.404635345808607, 1.0, 0.0)
2.0200000000000014 (7.460970450967288, 1.0, 0.0)
2.0400000000000014 (7.516516864653745, 1.0, 0.0)
2.0600000000000014 (7.571285628548594, 1.0, 0.0)
2.0800000000000014 (7.6252876297489145, 1.0, 0.0)
2.1000000000000014 (7.678533602932429, 1.0, 0.0)
2.1200000000000014 (7.731034132491374, 1.0, 0.0)
2.1400000000000015 (7.782799654636495, 1.0, 0.0)
2.1600000000000015 (7.833840459471585, 1.0, 0.0)
2.1800000000000015 (7.884166693038981, 1.0, 0.0)
2.2000000000000015 (7.933788359336436, 1.0, 0.0)
2.2200000000000015 (7.982715322305726, 1.0, 0.0)
2.2400000000000015 (8.030957307793447, 1.0, 0.0)
2.2600000000000016 (8.078523905484335, 1.0, 0.0)
2.2800000000000016 (8.125424570807557, 1.0, 0.0)
2.3000000000000016 (8.171668626816253, 1.0, 0.0)
2.3200000000000016 (8.217265266040823, 1.0, 0.0)
2.3400000000000016 (8.262223552316254, 1.0, 0.0)
2.3600000000000017 (8.306552422583824, 1.0, 0.0)
2.3800000000000017 (8.35026068866765, 1.0, 0.0)
2.4000000000000017 (8.393357039026302, 1.0, 0.0)
2.4200000000000017 (8.43585004047993, 1.0, 0.0)
2.4400000000000017 (8.477748139913214, 1.0, 0.0)
2.4600000000000017 (8.519059665954426, 1.0, 0.0)
2.4800000000000018 (8.559792830631064, 1.0, 0.0)
2.5000000000000018 (8.599955731002229, 1.0, 0.0)
2.520000000000002 (8.6395563507682, 1.0, 0.0)
2.540000000000002 (8.678602561857442, 1.0, 0.0)
2.560000000000002 (8.717102125991435, 1.0, 0.0)
2.580000000000002 (8.755062696227558, 1.0, 0.0)
2.600000000000002 (8.792491818480375, 1.0, 0.0)
2.620000000000002 (8.829396933021652, 1.0, 0.0)
2.640000000000002 (8.865785375959351, 1.0, 0.0)
2.660000000000002 (8.901664380695923, 1.0, 0.0)
2.680000000000002 (8.937041079366178, 1.0, 0.0)
2.700000000000002 (8.971922504255051, 1.0, 0.0)
2.720000000000002 (9.006315589195477, 1.0, 0.0)
2.740000000000002 (9.04022717094674, 1.0, 0.0)
2.760000000000002 (9.073663990553488, 1.0, 0.0)
2.780000000000002 (9.10663269468574, 1.0, 0.0)
2.800000000000002 (9.139139836960137, 1.0, 0.0)
2.820000000000002 (9.171191879242695, 1.0, 0.0)
2.840000000000002 (9.202795192933298, 1.0, 0.0)
2.860000000000002 (9.233956060232234, 1.0, 0.0)
2.880000000000002 (9.264680675388984, 1.0, 0.0)
2.900000000000002 (9.294975145933538, 1.0, 0.0)
2.920000000000002 (9.324845493890468, 1.0, 0.0)
2.940000000000002 (9.354297656975998, 1.0, 0.0)
2.960000000000002 (9.38333748977833, 1.0, 0.0)
2.980000000000002 (9.411970764921431, 1.0, 0.0)
3.000000000000002 (9.440203174212531, 1.0, 0.0)
3.0200000000000022 (9.468040329773554, 1.0, 0.0)
3.0400000000000023 (9.495487765156728, 1.0, 0.0)
3.0600000000000023 (9.522550936444535, 1.0, 0.0)
3.0800000000000023 (9.54923522333431, 1.0, 0.0)
3.1000000000000023 (9.575545930207628, 1.0, 0.0)
3.1200000000000023 (9.601488287184718, 1.0, 0.0)
3.1400000000000023 (9.627067451164134, 1.0, 0.0)
3.1600000000000024 (9.652288506847835, 1.0, 0.0)
3.1800000000000024 (9.677156467751967, 1.0, 0.0)
3.2000000000000024 (9.701676277203436, 1.0, 0.0)
3.2200000000000024 (9.725852809322586, 1.0, 0.0)
3.2400000000000024 (9.749690869992069, 1.0, 0.0)
3.2600000000000025 (9.773195197812182, 1.0, 0.0)
3.2800000000000025 (9.79637046504281, 1.0, 0.0)
3.3000000000000025 (9.819221278532208, 1.0, 0.0)
3.3200000000000025 (9.841752180632756, 1.0, 0.0)
3.3400000000000025 (9.863967650103898, 1.0, 0.0)
3.3600000000000025 (9.885872103002445, 1.0, 0.0)
3.3800000000000026 (9.907469893560407, 1.0, 0.0)
3.4000000000000026 (9.928765315050558, 1.0, 0.0)
3.4200000000000026 (9.949762600639847, 1.0, 0.0)
3.4400000000000026 (9.97046592423089, 1.0, 0.0)
3.4600000000000026 (9.990879401291654, 1.0, 0.0)
3.4800000000000026 (10.011007089673573, 1.0, 0.0)
3.5000000000000027 (10.030852990418143, 1.0, 0.0)
3.5200000000000027 (10.050421048552291, 1.0, 0.0)
3.5400000000000027 (10.069715153872561, 1.0, 0.0)
3.5600000000000027 (10.088739141718346, 1.0, 0.0)
3.5800000000000027 (10.107496793734288, 1.0, 0.0)
3.6000000000000028 (10.12599183862201, 1.0, 0.0)
3.6200000000000028 (10.144227952881298, 1.0, 0.0)
3.640000000000003 (10.162208761540963, 1.0, 0.0)
3.660000000000003 (10.179937838879386, 1.0, 0.0)
3.680000000000003 (10.197418709135075, 1.0, 0.0)
3.700000000000003 (10.214654847207182, 1.0, 0.0)
3.720000000000003 (10.23164967934628, 1.0, 0.0)
3.740000000000003 (10.248406583835429, 1.0, 0.0)
3.760000000000003 (10.264928891661736, 1.0, 0.0)
3.780000000000003 (10.28121988717847, 1.0, 0.0)
3.800000000000003 (10.297282808757974, 1.0, 0.0)
3.820000000000003 (10.31312084943536, 1.0, 0.0)
3.840000000000003 (10.328737157543262, 1.0, 0.0)
3.860000000000003 (10.34413483733766, 1.0, 0.0)
3.880000000000003 (10.359316949614932, 1.0, 0.0)
3.900000000000003 (10.374286512320321, 1.0, 0.0)
3.920000000000003 (10.389046501147835, 1.0, 0.0)
3.940000000000003 (10.403599850131766, 1.0, 0.0)
3.960000000000003 (10.417949452229923, 1.0, 0.0)
3.980000000000003 (10.432098159898704, 1.0, 0.0)
4.000000000000003 (10.446048785660121, 1.0, 0.0)
4.020000000000002 (10.459804102660879, 1.0, 0.0)
4.040000000000002 (10.473366845223627, 1.0, 0.0)
4.060000000000001 (10.486739709390495, 1.0, 0.0)
4.080000000000001 (10.49992535345903, 1.0, 0.0)
4.1000000000000005 (10.512926398510604, 1.0, 0.0)
4.12 (10.525745428931454, 1.0, 0.0)
4.14 (10.538384992926414, 1.0, 0.0)
4.159999999999999 (10.550847603025442, 1.0, 0.0)
4.179999999999999 (10.563135736583089, 1.0, 0.0)
4.199999999999998 (10.575251836270926, 1.0, 0.0)
4.219999999999998 (10.587198310563135, 1.0, 0.0)
4.2399999999999975 (10.598977534215248, 1.0, 0.0)
4.259999999999997 (10.610591848736231, 1.0, 0.0)
4.279999999999997 (10.622043562853921, 1.0, 0.0)
4.299999999999996 (10.633334952973964, 1.0, 0.0)
4.319999999999996 (10.64446826363233, 1.0, 0.0)
4.339999999999995 (10.655445707941478, 1.0, 0.0)
4.359999999999995 (10.666269468030297, 1.0, 0.0)
4.379999999999995 (10.676941695477876, 1.0, 0.0)
4.399999999999994 (10.687464511741187, 1.0, 0.0)
4.419999999999994 (10.697840008576808, 1.0, 0.0)
4.439999999999993 (10.708070248456732, 1.0, 0.0)
4.459999999999993 (10.718157264978334, 1.0, 0.0)
4.479999999999992 (10.728103063268637, 1.0, 0.0)
4.499999999999992 (10.737909620382876, 1.0, 0.0)
4.519999999999992 (10.747578885697518, 1.0, 0.0)
4.539999999999991 (10.757112781297753, 1.0, 0.0)
4.559999999999991 (10.766513202359587, 1.0, 0.0)
4.57999999999999 (10.775782017526556, 1.0, 0.0)
4.59999999999999 (10.784921069281186, 1.0, 0.0)
4.6199999999999894 (10.793932174311248, 1.0, 0.0)
4.639999999999989 (10.802817123870891, 1.0, 0.0)
4.659999999999989 (10.811577684136697, 1.0, 0.0)
4.679999999999988 (10.820215596558786, 1.0, 0.0)
4.699999999999988 (10.828732578206964, 1.0, 0.0)
4.719999999999987 (10.837130322112063, 1.0, 0.0)
4.739999999999987 (10.845410497602497, 1.0, 0.0)
4.7599999999999865 (10.85357475063606, 1.0, 0.0)
4.779999999999986 (10.861624704127156, 1.0, 0.0)
4.799999999999986 (10.869561958269376, 1.0, 0.0)
4.819999999999985 (10.877388090853604, 1.0, 0.0)
4.839999999999985 (10.885104657581653, 1.0, 0.0)
4.859999999999984 (10.892713192375513, 1.0, 0.0)
4.879999999999984 (10.900215207682255, 1.0, 0.0)
4.8999999999999835 (10.907612194774703, 1.0, 0.0)
4.919999999999983 (10.914905624047858, 1.0, 0.0)
4.939999999999983 (10.922096945311186, 1.0, 0.0)
4.959999999999982 (10.929187588076832, 1.0, 0.0)
4.979999999999982 (10.936178961843755, 1.0, 0.0)
4.999999999999981 (10.943072456377944, 1.0, 0.0)
5.019999999999981 (10.94986944198865, 1.0, 0.0)
5.0399999999999805 (10.956571269800808, 1.0, 0.0)
5.05999999999998 (10.963179272023599, 1.0, 0.0)
5.07999999999998 (10.969694762215266, 1.0, 0.0)
5.099999999999979 (10.976119035544254, 1.0, 0.0)
5.119999999999979 (10.982453369046635, 1.0, 0.0)
5.139999999999978 (10.988699021879984, 1.0, 0.0)
5.159999999999978 (10.994857235573665, 1.0, 0.0)
5.1799999999999775 (11.000929234275635, 1.0, 0.0)
5.199999999999977 (11.006916224995773, 1.0, 0.0)
5.219999999999977 (11.012819397845835, 1.0, 0.0)
5.239999999999976 (11.018639926275991, 1.0, 0.0)
5.259999999999976 (11.024378967308127, 1.0, 0.0)
5.279999999999975 (11.030037661765814, 1.0, 0.0)
5.299999999999975 (11.035617134501091, 1.0, 0.0)
5.3199999999999745 (11.041118494618079, 1.0, 0.0)
5.339999999999974 (11.046542835693426, 1.0, 0.0)
5.359999999999974 (11.051891235993718, 1.0, 0.0)
5.379999999999973 (11.057164758689805, 1.0, 0.0)
5.399999999999973 (11.062364452068149, 1.0, 0.0)
5.419999999999972 (11.067491349739196, 1.0, 0.0)
5.439999999999972 (11.072546470842848, 1.0, 0.0)
5.4599999999999715 (11.077530820251045, 1.0, 0.0)
5.479999999999971 (11.082445388767528, 1.0, 0.0)
5.499999999999971 (11.08729115332478, 1.0, 0.0)
5.51999999999997 (11.092069077178234, 1.0, 0.0)
5.53999999999997 (11.096780110097736, 1.0, 0.0)
5.559999999999969 (11.101425188556366, 1.0, 0.0)
5.579999999999969 (11.10600523591658, 1.0, 0.0)
5.599999999999969 (11.110521162613747, 1.0, 0.0)
5.619999999999968 (11.114973866337156, 1.0, 0.0)
5.639999999999968 (11.119364232208437, 1.0, 0.0)
5.659999999999967 (11.123693132957516, 1.0, 0.0)
5.679999999999967 (11.127961429096114, 1.0, 0.0)
5.699999999999966 (11.132169969088768, 1.0, 0.0)
5.719999999999966 (11.136319589521523, 1.0, 0.0)
5.739999999999966 (11.140411115268225, 1.0, 0.0)
5.759999999999965 (11.144445359654473, 1.0, 0.0)
5.779999999999965 (11.14842312461931, 1.0, 0.0)
5.799999999999964 (11.152345200874638, 1.0, 0.0)
5.819999999999964 (11.156212368062395, 1.0, 0.0)
5.839999999999963 (11.160025394909521, 1.0, 0.0)
5.859999999999963 (11.163785039380787, 1.0, 0.0)
5.879999999999963 (11.167492048829455, 1.0, 0.0)
5.899999999999962 (11.171147160145846, 1.0, 0.0)
5.919999999999962 (11.174751099903805, 1.0, 0.0)
5.939999999999961 (11.178304584505153, 1.0, 0.0)
5.959999999999961 (11.18180832032208, 1.0, 0.0)
5.9799999999999605 (11.185263003837573, 1.0, 0.0)
5.99999999999996 (11.188669321783845, 1.0, 0.0)
6.01999999999996 (11.19202795127887, 1.0, 0.0)
6.039999999999959 (11.195339559960967, 1.0, 0.0)
6.059999999999959 (11.198604806121512, 1.0, 0.0)
6.079999999999958 (11.20182433883581, 1.0, 0.0)
6.099999999999958 (11.20499879809211, 1.0, 0.0)
6.1199999999999575 (11.208128814918819, 1.0, 0.0)
6.139999999999957 (11.211215011509953, 1.0, 0.0)
6.159999999999957 (11.214258001348814, 1.0, 0.0)
6.179999999999956 (11.217258389329931, 1.0, 0.0)
6.199999999999956 (11.220216771879311, 1.0, 0.0)
6.219999999999955 (11.223133737073002, 1.0, 0.0)
6.239999999999955 (11.22600986475398, 1.0, 0.0)
6.2599999999999545 (11.228845726647425, 1.0, 0.0)
6.279999999999954 (11.23164188647436, 1.0, 0.0)
6.299999999999954 (11.23439890006372, 1.0, 0.0)
6.319999999999953 (11.237117315462829, 1.0, 0.0)
6.339999999999953 (11.23979767304635, 1.0, 0.0)
6.359999999999952 (11.242440505623701, 1.0, 0.0)
6.379999999999952 (11.24504633854497, 1.0, 0.0)
6.3999999999999515 (11.24761568980534, 1.0, 0.0)
6.419999999999951 (11.250149070148066, 1.0, 0.0)
6.439999999999951 (11.252646983165992, 1.0, 0.0)
6.45999999999995 (11.255109925401666, 1.0, 0.0)
6.47999999999995 (11.25753838644604, 1.0, 0.0)
6.499999999999949 (11.259932849035795, 1.0, 0.0)
6.519999999999949 (11.262293789149293, 1.0, 0.0)
6.5399999999999485 (11.264621676101203, 1.0, 0.0)
6.559999999999948 (11.266916972635787, 1.0, 0.0)
6.579999999999948 (11.269180135018889, 1.0, 0.0)
6.599999999999947 (11.271411613128624, 1.0, 0.0)
6.619999999999947 (11.273611850544821, 1.0, 0.0)
6.639999999999946 (11.275781284637194, 1.0, 0.0)
6.659999999999946 (11.277920346652277, 1.0, 0.0)
6.6799999999999455 (11.280029461799142, 1.0, 0.0)
6.699999999999945 (11.28210904933395, 1.0, 0.0)
6.719999999999945 (11.284159522643275, 1.0, 0.0)
6.739999999999944 (11.286181289326269, 1.0, 0.0)
6.759999999999944 (11.288174751275701, 1.0, 0.0)
6.779999999999943 (11.290140304757838, 1.0, 0.0)
6.799999999999943 (11.292078340491226, 1.0, 0.0)
6.8199999999999426 (11.29398924372435, 1.0, 0.0)
6.839999999999942 (11.295873394312206, 1.0, 0.0)
6.859999999999942 (11.297731166791838, 1.0, 0.0)
6.879999999999941 (11.299562930456755, 1.0, 0.0)
6.899999999999941 (11.30136904943036, 1.0, 0.0)
6.91999999999994 (11.303149882738335, 1.0, 0.0)
6.93999999999994 (11.30490578438, 1.0, 0.0)
6.95999999999994 (11.306637103398682, 1.0, 0.0)
6.979999999999939 (11.308344183951103, 1.0, 0.0)
6.999999999999939 (11.310027365375785, 1.0, 0.0)
7.019999999999938 (11.311686982260522, 1.0, 0.0)
7.039999999999938 (11.313323364508872, 1.0, 0.0)
7.059999999999937 (11.31493683740575, 1.0, 0.0)
7.079999999999937 (11.316527721682068, 1.0, 0.0)
7.099999999999937 (11.31809633357852, 1.0, 0.0)
7.119999999999936 (11.319642984908423, 1.0, 0.0)
7.139999999999936 (11.321167983119704, 1.0, 0.0)
7.159999999999935 (11.322671631356027, 1.0, 0.0)
7.179999999999935 (11.324154228517042, 1.0, 0.0)
7.1999999999999345 (11.3256160693178, 1.0, 0.0)
7.219999999999934 (11.32705744434735, 1.0, 0.0)
7.239999999999934 (11.328478640126487, 1.0, 0.0)
7.259999999999933 (11.329879939164716, 1.0, 0.0)
7.279999999999933 (11.33126162001641, 1.0, 0.0)
7.299999999999932 (11.332623957336178, 1.0, 0.0)
7.319999999999932 (11.333967221933474, 1.0, 0.0)
7.3399999999999315 (11.335291680826405, 1.0, 0.0)
7.359999999999931 (11.336597597294837, 1.0, 0.0)
7.379999999999931 (11.33788523093271, 1.0, 0.0)
7.39999999999993 (11.339154837699649, 1.0, 0.0)
7.41999999999993 (11.340406669971852, 1.0, 0.0)
7.439999999999929 (11.341640976592249, 1.0, 0.0)
7.459999999999929 (11.342858002919957, 1.0, 0.0)
7.4799999999999285 (11.344057990879076, 1.0, 0.0)
7.499999999999928 (11.345241179006766, 1.0, 0.0)
7.519999999999928 (11.346407802500675, 1.0, 0.0)
7.539999999999927 (11.347558093265665, 1.0, 0.0)
7.559999999999927 (11.348692279959945, 1.0, 0.0)
7.579999999999926 (11.349810588040508, 1.0, 0.0)
7.599999999999926 (11.35091323980794, 1.0, 0.0)
7.6199999999999255 (11.352000454450629, 1.0, 0.0)
7.639999999999925 (11.353072448088323, 1.0, 0.0)
7.659999999999925 (11.354129433815086, 1.0, 0.0)
7.679999999999924 (11.355171621741672, 1.0, 0.0)
7.699999999999924 (11.35619921903729, 1.0, 0.0)
7.719999999999923 (11.357212429970769, 1.0, 0.0)
7.739999999999923 (11.358211455951182, 1.0, 0.0)
7.7599999999999225 (11.359196495567868, 1.0, 0.0)
7.779999999999922 (11.360167744629916, 1.0, 0.0)
7.799999999999922 (11.3611253962051, 1.0, 0.0)
7.819999999999921 (11.36206964065823, 1.0, 0.0)
7.839999999999921 (11.363000665689018, 1.0, 0.0)
7.85999999999992 (11.363918656369375, 1.0, 0.0)
7.87999999999992 (11.364823795180204, 1.0, 0.0)
7.8999999999999195 (11.36571626204768, 1.0, 0.0)
7.919999999999919 (11.366596234379013, 1.0, 0.0)
7.939999999999919 (11.36746388709771, 1.0, 0.0)
7.959999999999918 (11.368319392678341, 1.0, 0.0)
7.979999999999918 (11.369162921180841, 1.0, 0.0)
7.999999999999917 (11.369994640284308, 1.0, 0.0)
8.019999999999918 (11.370814715320325, 1.0, 0.0)
8.039999999999917 (11.371623309305843, 1.0, 0.0)
8.059999999999917 (11.372420582975561, 1.0, 0.0)
8.079999999999917 (11.373206694813906, 1.0, 0.0)
8.099999999999916 (11.373981801086511, 1.0, 0.0)
8.119999999999916 (11.374746055871302, 1.0, 0.0)
8.139999999999915 (11.3754996110891, 1.0, 0.0)
8.159999999999915 (11.376242616533855, 1.0, 0.0)
8.179999999999914 (11.37697521990238, 1.0, 0.0)
8.199999999999914 (11.377697566823745, 1.0, 0.0)
8.219999999999914 (11.37840980088821, 1.0, 0.0)
8.239999999999913 (11.379112063675773, 1.0, 0.0)
8.259999999999913 (11.379804494784313, 1.0, 0.0)
8.279999999999912 (11.380487231857334, 1.0, 0.0)
8.299999999999912 (11.381160410611333, 1.0, 0.0)
8.319999999999911 (11.381824164862774, 1.0, 0.0)
8.339999999999911 (11.382478626554697, 1.0, 0.0)
8.35999999999991 (11.383123925782929, 1.0, 0.0)
8.37999999999991 (11.38376019082197, 1.0, 0.0)
8.39999999999991 (11.38438754815046, 1.0, 0.0)
8.41999999999991 (11.385006122476351, 1.0, 0.0)
8.439999999999909 (11.385616036761686, 1.0, 0.0)
8.459999999999908 (11.386217412247024, 1.0, 0.0)
8.479999999999908 (11.386810368475569, 1.0, 0.0)
8.499999999999908 (11.387395023316909, 1.0, 0.0)
8.519999999999907 (11.38797149299047, 1.0, 0.0)
8.539999999999907 (11.388539892088605, 1.0, 0.0)
8.559999999999906 (11.389100333599362, 1.0, 0.0)
8.579999999999906 (11.389652928928971, 1.0, 0.0)
8.599999999999905 (11.390197787923963, 1.0, 0.0)
8.619999999999905 (11.390735018893029, 1.0, 0.0)
8.639999999999905 (11.391264728628524, 1.0, 0.0)
8.659999999999904 (11.391787022427724, 1.0, 0.0)
8.679999999999904 (11.392302004113734, 1.0, 0.0)
8.699999999999903 (11.392809776056144, 1.0, 0.0)
8.719999999999903 (11.393310439191357, 1.0, 0.0)
8.739999999999903 (11.393804093042679, 1.0, 0.0)
8.759999999999902 (11.394290835740083, 1.0, 0.0)
8.779999999999902 (11.394770764039723, 1.0, 0.0)
8.799999999999901 (11.395243973343167, 1.0, 0.0)
8.8199999999999 (11.39571055771636, 1.0, 0.0)
8.8399999999999 (11.396170609908328, 1.0, 0.0)
8.8599999999999 (11.39662422136961, 1.0, 0.0)
8.8799999999999 (11.397071482270437, 1.0, 0.0)
8.899999999999899 (11.39751248151865, 1.0, 0.0)
8.919999999999899 (11.397947306777386, 1.0, 0.0)
8.939999999999898 (11.3983760444825, 1.0, 0.0)
8.959999999999898 (11.398798779859742, 1.0, 0.0)
8.979999999999897 (11.399215596941705, 1.0, 0.0)
8.999999999999897 (11.39962657858452, 1.0, 0.0)
9.019999999999897 (11.40003180648434, 1.0, 0.0)
9.039999999999896 (11.400431361193558, 1.0, 0.0)
9.059999999999896 (11.40082532213685, 1.0, 0.0)
9.079999999999895 (11.401213767626931, 1.0, 0.0)
9.099999999999895 (11.40159677488015, 1.0, 0.0)
9.119999999999894 (11.40197442003183, 1.0, 0.0)
9.139999999999894 (11.402346778151387, 1.0, 0.0)
9.159999999999894 (11.40271392325727, 1.0, 0.0)
9.179999999999893 (11.40307592833167, 1.0, 0.0)
9.199999999999893 (11.403432865335024, 1.0, 0.0)
9.219999999999892 (11.403784805220337, 1.0, 0.0)
9.239999999999892 (11.404131817947249, 1.0, 0.0)
9.259999999999891 (11.404473972495989, 1.0, 0.0)
9.279999999999891 (11.404811336881043, 1.0, 0.0)
9.29999999999989 (11.405143978164705, 1.0, 0.0)
9.31999999999989 (11.405471962470397, 1.0, 0.0)
9.33999999999989 (11.405795354995814, 1.0, 0.0)
9.35999999999989 (11.406114220025874, 1.0, 0.0)
9.379999999999889 (11.406428620945508, 1.0, 0.0)
9.399999999999888 (11.406738620252273, 1.0, 0.0)
9.419999999999888 (11.40704427956874, 1.0, 0.0)
9.439999999999888 (11.407345659654776, 1.0, 0.0)
9.459999999999887 (11.407642820419607, 1.0, 0.0)
9.479999999999887 (11.407935820933734, 1.0, 0.0)
9.499999999999886 (11.408224719440664, 1.0, 0.0)
9.519999999999886 (11.408509573368494, 1.0, 0.0)
9.539999999999885 (11.408790439341335, 1.0, 0.0)
9.559999999999885 (11.409067373190556, 1.0, 0.0)
9.579999999999885 (11.40934042996589, 1.0, 0.0)
9.599999999999884 (11.409609663946366, 1.0, 0.0)
9.619999999999884 (11.40987512865112, 1.0, 0.0)
9.639999999999883 (11.41013687685, 1.0, 0.0)
9.659999999999883 (11.410394960574099, 1.0, 0.0)
9.679999999999882 (11.410649431126064, 1.0, 0.0)
9.699999999999882 (11.4109003390903, 1.0, 0.0)
9.719999999999882 (11.411147734343036, 1.0, 0.0)
9.739999999999881 (11.411391666062233, 1.0, 0.0)
9.75999999999988 (11.41163218273736, 1.0, 0.0)
9.77999999999988 (11.411869332179034, 1.0, 0.0)
9.79999999999988 (11.412103161528524, 1.0, 0.0)
9.81999999999988 (11.412333717267128, 1.0, 0.0)
9.839999999999879 (11.412561045225385, 1.0, 0.0)
9.859999999999879 (11.412785190592228, 1.0, 0.0)
9.879999999999878 (11.413006197923938, 1.0, 0.0)
9.899999999999878 (11.413224111153003, 1.0, 0.0)
9.919999999999877 (11.413438973596858, 1.0, 0.0)
9.939999999999877 (11.413650827966503, 1.0, 0.0)
9.959999999999877 (11.413859716374969, 1.0, 0.0)
9.979999999999876 (11.414065680345718, 1.0, 0.0)
9.999999999999876 (11.414268760820878, 1.0, 0.0)
