0.0 [0.0, 1.0, 0.0]
0.21999999999999997 [-0.0032725078897509474, 1.0, 0.024594908340409186]
0.4200000000000001 [-0.014017882682260674, 1.0, 0.07837950424006027]
0.6200000000000002 [0.016730352890445666, 1.0, 0.12896658435280128]
0.8200000000000004 [0.07103593329361038, 1.0, 0.16635341625777833]
1.0200000000000005 [0.13065257621450568, 1.0, 0.18557492161865363]
1.2200000000000006 [0.19994306499690437, 1.0, 0.1839719598216038]
1.4200000000000008 [0.2744543847427472, 1.0, 0.16471430037593604]
1.620000000000001 [0.3490420543786934, 1.0, 0.13813192320276865]
1.8200000000000012 [0.4240652052654996, 1.0, 0.10509739818410585]
2.0200000000000014 [0.4947691199453304, 1.0, 0.059645518527664115]
2.2200000000000015 [0.5622561728420331, 1.0, 0.012503841015461065]
2.4200000000000017 [0.6349457721425348, 1.0, -0.03317737986604158]
2.620000000000002 [0.7027737409562947, 1.0, -0.0769227176149262]
2.820000000000002 [0.7612831463916969, 1.0, -0.11757778440402053]
3.0200000000000022 [0.8203070438639509, 1.0, -0.15821807509387273]
3.2200000000000024 [0.8818519691661547, 1.0, -0.19908011176873552]
3.4200000000000026 [0.9414346488202263, 1.0, -0.23348724643226948]
3.6200000000000028 [1.003795555840833, 1.0, -0.2625914694120943]
3.820000000000003 [1.0773983038574304, 1.0, -0.2883368663673335]
4.040000000000002 [1.1622206604114638, 1.0, -0.31372993588073894]
4.259999999999997 [1.2460076586475655, 1.0, -0.3411404840052378]
4.479999999999992 [1.3370709178063742, 1.0, -0.3612696772074376]
4.699999999999988 [1.4273458488420565, 1.0, -0.3772898038964497]
4.919999999999983 [1.519214671847122, 1.0, -0.40006845019766435]
5.139999999999978 [1.6050312223676761, 1.0, -0.42128523194819123]
5.359999999999974 [1.6813839046476593, 1.0, -0.437973672186529]
5.579999999999969 [1.7590704391802205, 1.0, -0.4564875833762967]
5.799999999999964 [1.8362741666199724, 1.0, -0.47835807891672694]
6.01999999999996 [1.9049972488733533, 1.0, -0.5043298126474435]
6.239999999999955 [1.977510611066145, 1.0, -0.5418149682586321]
6.45999999999995 [2.0521831415762533, 1.0, -0.5889225842726944]
6.6799999999999455 [2.126755223886076, 1.0, -0.6346929048179402]
6.899999999999941 [2.202697698414122, 1.0, -0.6866795285212403]
7.119999999999936 [2.2738950244827443, 1.0, -0.7456308674944249]
7.3399999999999315 [2.347894244333653, 1.0, -0.8017431231984311]
7.559999999999927 [2.4239718285454956, 1.0, -0.855413100208699]
7.779999999999922 [2.488037127904926, 1.0, -0.9036570068604235]
7.999999999999917 [2.5509385639056195, 1.0, -0.9504931148290893]
8.219999999999914 [2.617407392331568, 1.0, -0.9972426785471811]
8.439999999999909 [2.682073787356106, 1.0, -1.0359479022837481]
8.659999999999904 [2.752161529001909, 1.0, -1.068404061725084]
8.8799999999999 [2.83457304004243, 1.0, -1.0962922227132115]
9.099999999999895 [2.918622000296166, 1.0, -1.1225398732296665]
9.31999999999989 [3.0042048346341104, 1.0, -1.1495696410465959]
9.539999999999885 [3.0957006004404137, 1.0, -1.1674020299208312]
9.75999999999988 [3.1857385362473662, 1.0, -1.1847716242076118]
9.979999999999876 [3.277812605630599, 1.0, -1.208615287497223]
10.199999999999871 [3.380394844295489, 1.0, -1.226271526380082]
10.419999999999867 [3.5511698778274265, 1.0, -1.4575856084567986]
10.639999999999862 [3.754738597515604, 1.0, -1.627644690095733]
10.859999999999857 [3.9589293677352693, 1.0, -1.766948856659056]
11.079999999999853 [4.154444783253978, 1.0, -1.8921866476082416]
11.299999999999848 [4.339239343114036, 1.0, -2.0083090444868703]
11.519999999999843 [4.5132326790631, 1.0, -2.117022832751037]
11.739999999999839 [4.676869170885178, 1.0, -2.219098387876798]
11.959999999999834 [4.830713065150804, 1.0, -2.3150247222600386]
12.17999999999983 [4.975335923962151, 1.0, -2.405195478697507]
12.399999999999824 [5.11128653879288, 1.0, -2.4899622431659187]
12.61999999999982 [5.239083979040597, 1.0, -2.5696504169901457]
12.839999999999815 [5.359217049832998, 1.0, -2.644564517400589]
13.05999999999981 [5.472145461127272, 1.0, -2.714990465487281]
13.279999999999806 [5.57830139559396, 1.0, -2.7811969844028672]
13.499999999999801 [5.678091112881767, 1.0, -2.8434367044842443]
13.719999999999796 [5.7718964936273816, 1.0, -2.9019471444615403]
13.939999999999792 [5.860076500551794, 1.0, -2.9569516183440476]
14.159999999999787 [5.942968554349452, 1.0, -3.00866008409634]
14.379999999999782 [6.020889827498672, 1.0, -3.0572699407716266]
14.599999999999778 [6.094138460397444, 1.0, -3.1029667780215338]
14.819999999999773 [6.162994704366446, 1.0, -3.145925081022061]
15.039999999999768 [6.22772199589644, 1.0, -3.186308893500644]
15.259999999999764 [6.2885679662812555, 1.0, -3.224272441345591]
15.479999999999759 [6.345765390534014, 1.0, -3.2599607191231996]
15.699999999999754 [6.399533079249328, 1.0, -3.293510041690132]
15.91999999999975 [6.450076716852291, 1.0, -3.325048562961412]
16.139999999999745 [6.497589649466321, 1.0, -3.3546967637747653]
16.35999999999974 [6.542253625435923, 1.0, -3.3825679106792776]
16.579999999999735 [6.584239491356413, 1.0, -3.408768487369918]
16.79999999999973 [6.623707846289961, 1.0, -3.433398600389005]
17.019999999999726 [6.660809656685212, 1.0, -3.456552360620922]
17.23999999999972 [6.695686834365415, 1.0, -3.4783182420169414]
17.459999999999717 [6.728472779807235, 1.0, -3.4987794189027293]
17.679999999999712 [6.7592928927980145, 1.0, -3.518014083141538]
17.899999999999707 [6.788265052433417, 1.0, -3.5360957423512045]
18.119999999999703 [6.81550006829884, 1.0, -3.5530935003024093]
18.339999999999698 [6.841102104566926, 1.0, -3.5690723205591053]
18.559999999999693 [6.8651690786390285, 1.0, -3.584093274359365]
18.77999999999969 [6.887793035860364, 1.0, -3.598213773675795]
18.999999999999684 [6.909060501746495, 1.0, -3.6114877903391096]
19.21999999999968 [6.929052813072157, 1.0, -3.6239660620560645]
19.439999999999674 [6.947846429092132, 1.0, -3.635696286103653]
19.65999999999967 [6.965513224087478, 1.0, -3.646723301435058]
19.879999999999665 [6.982120762358558, 1.0, -3.6570892598891924]
