0.0 (4.375, 1.0, 0.0)
0.21999999999999997 (2.1102824546920407, 1.0, 0.24287795892137348)
0.4200000000000001 (1.5584817327120015, 1.0, 0.20860382118586238)
0.6200000000000002 (1.4304846324152567, 1.0, 0.2917499245102606)
0.8200000000000004 (1.4759680705015534, 1.0, 0.40373331068046053)
1.0200000000000005 (1.6696356969242376, 1.0, 0.47424106981975994)
1.2200000000000006 (1.8180073567011579, 1.0, 0.5470509870959245)
1.4200000000000008 (2.0609970990258626, 1.0, 0.5011158796820404)
1.620000000000001 (2.3558507956783705, 1.0, 0.30503536698736283)
1.8200000000000012 (2.5079703861005367, 1.0, 0.1514639639471956)
2.0200000000000014 (2.60486448813543, 1.0, -0.012072237307718857)
2.2200000000000015 (2.6048565798189913, 1.0, -0.23972212355693578)
2.4200000000000017 (2.55172863875221, 1.0, -0.48457695021371516)
2.620000000000002 (2.424248761038516, 1.0, -0.6517180506345468)
2.820000000000002 (2.2766530106162692, 1.0, -0.8217056135359994)
3.0200000000000022 (2.0478721330864853, 1.0, -0.9734881655899164)
3.2200000000000024 (1.8959025353677699, 1.0, -1.150380279352416)
3.4200000000000026 (1.921299920937305, 1.0, -1.3733528156861574)
3.6200000000000028 (1.9184763359703676, 1.0, -1.576640154132102)
3.820000000000003 (2.013868703382575, 1.0, -1.7512056250422965)
4.040000000000002 (2.288970499472806, 1.0, -1.8889182404068798)
4.259999999999997 (2.585554190869878, 1.0, -1.9370667593505217)
4.479999999999992 (2.76057323056214, 1.0, -1.9175693222323267)
4.699999999999988 (2.94703575777281, 1.0, -1.7725950516763165)
4.919999999999983 (3.114726661076747, 1.0, -1.5542630144387737)
5.139999999999978 (3.1641278141013705, 1.0, -1.3314522051901898)
5.359999999999974 (3.1784728336015893, 1.0, -1.0684064891216665)
5.579999999999969 (3.160745780753877, 1.0, -0.7828675270194735)
5.799999999999964 (3.244475170704152, 1.0, -0.5572342740733739)
6.01999999999996 (3.4694605138511485, 1.0, -0.438003687599439)
6.239999999999955 (3.636440435142066, 1.0, -0.32286126663078907)
6.45999999999995 (3.8878278169912925, 1.0, -0.36390049124056795)
6.6799999999999455 (4.182670106439333, 1.0, -0.5851754544114969)
6.899999999999941 (4.298921432724871, 1.0, -0.7162852453355559)
7.119999999999936 (4.360099007198547, 1.0, -0.9321151980948997)
7.3399999999999315 (4.324943333379253, 1.0, -1.2026366217829536)
7.559999999999927 (4.185743104356739, 1.0, -1.4080121534473504)
7.779999999999922 (4.054827233996185, 1.0, -1.5925816499924053)
7.999999999999917 (3.799204732437131, 1.0, -1.7585451894018975)
8.219999999999914 (3.628840171441962, 1.0, -1.9513251225350774)
8.439999999999909 (3.6596551578061187, 1.0, -2.1973248235428113)
8.659999999999904 (3.653663176142347, 1.0, -2.4138616499170245)
8.8799999999999 (3.8007207898722326, 1.0, -2.598313678639241)
9.099999999999895 (4.125351449367476, 1.0, -2.7130542942529132)
9.31999999999989 (4.356203531523437, 1.0, -2.736182727266266)
9.539999999999885 (4.552632413510302, 1.0, -2.6949808101154074)
9.75999999999988 (4.738215795358368, 1.0, -2.5191735020400907)
9.979999999999876 (4.862680421572275, 1.0, -2.288963942704848)
10.199999999999871 (6.359305115606191, 1.0, -3.78788810906504)
10.419999999999867 (7.217609974878491, 1.0, -3.8386872403565953)
10.639999999999862 (7.459258047550567, 1.0, -3.955052871290181)
10.859999999999857 (7.669210573176241, 1.0, -4.08518899617116)
11.079999999999853 (7.865762743046505, 1.0, -4.208766982787552)
11.299999999999848 (8.050772016961275, 1.0, -4.324545663946196)
11.519999999999843 (8.224756818741403, 1.0, -4.433273415783908)
11.739999999999839 (8.38832729150867, 1.0, -4.535455026712505)
11.959999999999834 (8.542093376759162, 1.0, -4.631506283397031)
12.17999999999983 (8.686639031147573, 1.0, -4.72180096885794)
12.399999999999824 (8.822516218535466, 1.0, -4.806685588275758)
12.61999999999982 (8.95024464073882, 1.0, -4.8864845321088115)
12.839999999999815 (9.070313048731942, 1.0, -4.961502406555)
13.05999999999981 (9.183180924750916, 1.0, -5.032025499503253)
13.279999999999806 (9.28928019120018, 1.0, -5.09832295281345)
13.499999999999801 (9.38901685279683, 1.0, -5.160647806779163)
13.719999999999796 (9.482772549939751, 1.0, -5.219237966368576)
13.939999999999792 (9.57090602135079, 1.0, -5.274317105658163)
14.159999999999787 (9.653754479432608, 1.0, -5.326095517379486)
14.379999999999782 (9.73163490305562, 1.0, -5.374770911709004)
14.599999999999778 (9.80484525260982, 1.0, -5.4205291675290095)
14.819999999999773 (9.873665611975834, 1.0, -5.4635450390194595)
15.039999999999768 (9.938359261817142, 1.0, -5.503982820226289)
15.259999999999764 (9.99917368833562, 1.0, -5.541996970086138)
15.479999999999759 (10.056341531383104, 1.0, -5.577732700240939)
15.699999999999754 (10.110081475585556, 1.0, -5.6113265278399735)
15.91999999999975 (10.160599087914742, 1.0, -5.6429067953993775)
16.139999999999745 (10.208087604933901, 1.0, -5.672594159668817)
16.35999999999974 (10.252728672748592, 1.0, -5.7005020513413225)
16.579999999999735 (10.29469304251021, 1.0, -5.726737107335163)
16.79999999999973 (10.334141224147452, 1.0, -5.751399577275408)
17.019999999999726 (10.371224100839372, 1.0, -5.774583705707418)
17.23999999999972 (10.406083506591637, 1.0, -5.7963780914845)
17.459999999999717 (10.438852769135105, 1.0, -5.816866025687122)
17.679999999999712 (10.469657220231884, 1.0, -5.8361258093511)
17.899999999999707 (10.49861467534826, 1.0, -5.854231052206824)
18.119999999999703 (10.52583588453571, 1.0, -5.87125095356059)
18.339999999999698 (10.551424956250296, 1.0, -5.887250566382195)
18.559999999999693 (10.575479755736465, 1.0, -5.902291045599987)
18.77999999999969 (10.598092279503337, 1.0, -5.916429881545248)
18.999999999999684 (10.619349007329568, 1.0, -5.9297211194319095)
19.21999999999968 (10.6393312331465, 1.0, -5.942215565705026)
19.439999999999674 (10.658115376067958, 1.0, -5.95396098204197)
19.65999999999967 (10.675773272758915, 1.0, -5.965002267743644)
19.879999999999665 (10.692372452263418, 1.0, -5.975381631209275)
