0.0 [0.0, 1.0, 0.0]
0.21999999999999997 [0.015755949844406508, 1.0, 0.02513835749164886]
0.4200000000000001 [0.07775461945366885, 1.0, 0.08009334497817819]
0.6200000000000002 [0.1872302215419757, 1.0, 0.12300939461033225]
0.8200000000000004 [0.32853463156242785, 1.0, 0.13847824884601667]
1.0200000000000005 [0.4872439896974766, 1.0, 0.12733354380667872]
1.2200000000000006 [0.6478195995542559, 1.0, 0.0951395066169709]
1.4200000000000008 [0.8091223049574641, 1.0, 0.056666708030083876]
1.620000000000001 [0.9615847124976824, 1.0, 0.012579221547299624]
1.8200000000000012 [1.1105772371997749, 1.0, -0.03211597706548181]
2.0200000000000014 [1.2665847681896671, 1.0, -0.07022471488217572]
2.2200000000000015 [1.4319233229483088, 1.0, -0.10319085930850506]
2.4200000000000017 [1.601699133248136, 1.0, -0.12564735338108143]
2.620000000000002 [1.7706873866493675, 1.0, -0.1467305369213042]
2.820000000000002 [1.9292136761515724, 1.0, -0.1639499265961259]
3.0200000000000022 [2.083876650299629, 1.0, -0.18239506159149643]
3.2200000000000024 [2.2370661454259655, 1.0, -0.21231913403182706]
3.4200000000000026 [2.396446855096416, 1.0, -0.25699363630873384]
3.6200000000000028 [2.555958660641122, 1.0, -0.31631431946708216]
3.820000000000003 [2.7149565820622077, 1.0, -0.38061644881991574]
4.040000000000002 [2.8785737271475886, 1.0, -0.4506760454777361]
4.259999999999997 [3.0375487130027867, 1.0, -0.5198860771946128]
4.479999999999992 [3.20067990702922, 1.0, -0.5775192198557227]
4.699999999999988 [3.3786760876970505, 1.0, -0.6248671724418933]
4.919999999999983 [3.563911516203313, 1.0, -0.6574139192587386]
5.139999999999978 [3.748152026170547, 1.0, -0.6858715132586684]
5.359999999999974 [3.9213149662254407, 1.0, -0.7087000716018713]
5.579999999999969 [4.0893095505692925, 1.0, -0.734239963990993]
5.799999999999964 [4.260148437847363, 1.0, -0.7757105793134379]
6.01999999999996 [4.436368245229666, 1.0, -0.8334580308630193]
6.239999999999955 [4.61002934689868, 1.0, -0.9044048496376336]
6.45999999999995 [4.778959607022583, 1.0, -0.9757460743910049]
6.6799999999999455 [4.9386344411855365, 1.0, -1.0470053132483992]
6.899999999999941 [5.097147929018429, 1.0, -1.1097970117580787]
7.119999999999936 [5.270746882938996, 1.0, -1.160795462981852]
7.3399999999999315 [5.454521576757729, 1.0, -1.199556295931053]
7.559999999999927 [5.640203028455167, 1.0, -1.2291466895294894]
7.779999999999922 [5.816479534275243, 1.0, -1.2541258058862597]
7.999999999999917 [5.986968766864712, 1.0, -1.277539733546637]
8.219999999999914 [6.1547019325475345, 1.0, -1.3124529906404754]
8.439999999999909 [6.3296711514769415, 1.0, -1.3644056672682026]
8.659999999999904 [6.503866788832413, 1.0, -1.4328727027785955]
8.8799999999999 [6.6771938340005175, 1.0, -1.5047361786858322]
9.099999999999895 [6.837861496491168, 1.0, -1.5761095726578103]
9.31999999999989 [6.9953550145881085, 1.0, -1.6435636375349003]
9.539999999999885 [7.1632503142781, 1.0, -1.6987393277960365]
9.75999999999988 [7.3440602348755455, 1.0, -1.743518445151727]
9.979999999999876 [7.529272611405577, 1.0, -1.7742798358064096]
10.199999999999871 [7.72381315294975, 1.0, -1.8037941586986905]
10.419999999999867 [8.004365706949876, 1.0, -2.01700981626101]
10.639999999999862 [8.297878356066697, 1.0, -2.159682434101006]
10.859999999999857 [8.581649053993475, 1.0, -2.271997162531853]
11.079999999999853 [8.850572775643942, 1.0, -2.3715640495264023]
11.299999999999848 [9.103979240644815, 1.0, -2.463475677612414]
11.519999999999843 [9.342360959367976, 1.0, -2.5494084014442837]
11.739999999999839 [9.566496108021141, 1.0, -2.6300618382035146]
11.959999999999834 [9.777204691895939, 1.0, -2.705847522288291]
12.17999999999983 [9.9752823228668, 1.0, -2.7770834040824055]
12.399999999999824 [10.16148381584938, 1.0, -2.8440491643694155]
12.61999999999982 [10.33652063842598, 1.0, -2.907002408484592]
12.839999999999815 [10.501062117228216, 1.0, -2.966183863534455]
13.05999999999981 [10.655737578671513, 1.0, -3.021819463569489]
13.279999999999806 [10.801138641752976, 1.0, -3.074121529730906]
13.499999999999801 [10.93782145116373, 1.0, -3.123289663301847]
13.719999999999796 [11.066308797895404, 1.0, -3.169511525751347]
13.939999999999792 [11.187092118439056, 1.0, -3.212963556065857]
14.159999999999787 [11.300633375540986, 1.0, -3.253811641127236]
14.379999999999782 [11.407366826445589, 1.0, -3.292211745209379]
14.599999999999778 [11.50770068506748, 1.0, -3.3283105018876467]
14.819999999999773 [11.602018684386481, 1.0, -3.3622457707980455]
15.039999999999768 [11.690681545044523, 1.0, -3.394147161361946]
15.259999999999764 [11.774028355780194, 1.0, -3.4241365254231533]
15.479999999999759 [11.852377871001169, 1.0, -3.452328420621165]
15.699999999999754 [11.926029730475793, 1.0, -3.478830546217796]
15.91999999999975 [11.995265605825049, 1.0, -3.5037441529960933]
16.139999999999745 [12.0603502782136, 1.0, -3.527164428757812]
16.35999999999974 [12.121532651373654, 1.0, -3.5491808608583084]
16.579999999999735 [12.179046703846154, 1.0, -3.569877577134833]
16.79999999999973 [12.233112384089953, 1.0, -3.5893336665059197]
17.019999999999726 [12.28393645188979, 1.0, -3.6076234804454477]
17.23999999999972 [12.331713269287434, 1.0, -3.6248169164649617]
17.459999999999717 [12.376625544066389, 1.0, -3.640979684671706]
17.679999999999712 [12.418845028638312, 1.0, -3.656173558407402]
17.899999999999707 [12.458533177008011, 1.0, -3.6704566099138947]
18.119999999999703 [12.49584176233304, 1.0, -3.683883431916194]
18.339999999999698 [12.530913457442653, 1.0, -3.6965053459610613]
18.559999999999693 [12.56388238053885, 1.0, -3.7083705982998625]
18.77999999999969 [12.594874608168668, 1.0, -3.719524544057867]
18.999999999999684 [12.624008657431423, 1.0, -3.730009820388274]
19.21999999999968 [12.651395939266685, 1.0, -3.7398665092679466]
19.439999999999674 [12.677141184557918, 1.0, -3.7491322905528888]
19.65999999999967 [12.701342844682555, 1.0, -3.7578425858748403]
19.879999999999665 [12.724093468041431, 1.0, -3.7660306939258805]
