0.0 (4.375, 1.0, 0.0)
0.21999999999999997 (2.0033961074584266, 1.0, 0.4560598149167822)
0.4200000000000001 (1.4456323795000934, 1.0, 0.6785470315905437)
0.6200000000000002 (1.64237937796414, 1.0, 0.9386298549886022)
0.8200000000000004 (2.13574405742601, 1.0, 0.9251124252001136)
1.0200000000000005 (2.5993091506527564, 1.0, 0.5631902461522367)
1.2200000000000006 (2.721745069566037, 1.0, 0.03555872664263254)
1.4200000000000008 (2.5451920104103993, 1.0, -0.4161692041652744)
1.620000000000001 (2.219297542014403, 1.0, -0.8027575837884948)
1.8200000000000012 (2.2188839585500397, 1.0, -1.2122086896621127)
2.0200000000000014 (2.5186855601318743, 1.0, -1.5002214785614383)
2.2200000000000015 (3.065749111040308, 1.0, -1.4729237971401785)
2.4200000000000017 (3.4317858356008033, 1.0, -1.1610028793172782)
2.620000000000002 (3.5441833785688766, 1.0, -0.6786207446150745)
2.820000000000002 (3.4703365969514945, 1.0, -0.19391813677969952)
3.0200000000000022 (3.5921164774215466, 1.0, 0.20291801804049542)
3.2200000000000024 (3.957263402446635, 1.0, 0.3868748860135927)
3.4200000000000026 (4.458652162364326, 1.0, 0.15952288137310824)
3.6200000000000028 (4.697739360671348, 1.0, -0.26337799502599696)
3.820000000000003 (4.601507311658609, 1.0, -0.7617449920218711)
4.040000000000002 (4.2820699210338224, 1.0, -1.1831126770667777)
4.259999999999997 (4.140267878242389, 1.0, -1.6194343674871545)
4.479999999999992 (4.370373202232943, 1.0, -1.996652831237854)
4.699999999999988 (4.970390634191733, 1.0, -2.032227210338375)
4.919999999999983 (5.3850190810039615, 1.0, -1.7084797816950008)
5.139999999999978 (5.508813409606866, 1.0, -1.1850399317322577)
5.359999999999974 (5.423255400816134, 1.0, -0.6506224086774065)
5.579999999999969 (5.635945583317501, 1.0, -0.2565361117563071)
5.799999999999964 (6.117677066977497, 1.0, -0.20292560300703272)
6.01999999999996 (6.578031439148233, 1.0, -0.5787191723581033)
6.239999999999955 (6.649461100806122, 1.0, -1.1376676811784128)
6.45999999999995 (6.388657647525996, 1.0, -1.5921984467064116)
6.6799999999999455 (6.0610493309726134, 1.0, -2.001497741168327)
6.899999999999941 (6.181932211067738, 1.0, -2.437953615555964)
7.119999999999936 (6.728779729435781, 1.0, -2.620385562343953)
7.3399999999999315 (7.226829627706797, 1.0, -2.4260844451150936)
7.559999999999927 (7.451033825143642, 1.0, -1.9227967298056505)
7.779999999999922 (7.399513163731145, 1.0, -1.3925823356275084)
7.999999999999917 (7.478300940515801, 1.0, -0.9325027435263189)
8.219999999999914 (7.877683542959172, 1.0, -0.7213000847612155)
8.439999999999909 (8.41012567501068, 1.0, -0.9843197374504008)
8.659999999999904 (8.616351469909347, 1.0, -1.4745477686696737)
8.8799999999999 (8.465670821922224, 1.0, -1.9929024436093201)
9.099999999999895 (8.107553754836875, 1.0, -2.4042692053724424)
9.31999999999989 (8.073346824443515, 1.0, -2.8513347156907467)
9.539999999999885 (8.422242470666088, 1.0, -3.161689134886054)
9.75999999999988 (9.015570453739336, 1.0, -3.0951236716894317)
9.979999999999876 (9.37864745308629, 1.0, -2.679162339088149)
10.199999999999871 (11.21385768424009, 1.0, -3.6528975348452546)
10.419999999999867 (12.09504767886296, 1.0, -3.5600015491174366)
10.639999999999862 (12.410854789645537, 1.0, -3.6508982608573652)
10.859999999999857 (12.697492679197724, 1.0, -3.7553166424694213)
11.079999999999853 (12.966889582321674, 1.0, -3.8535705092441335)
11.299999999999848 (13.220402643785139, 1.0, -3.9451865961476855)
11.519999999999843 (13.458791231341483, 1.0, -4.031100770662813)
11.739999999999839 (13.682907360091734, 1.0, -4.111807548751303)
11.959999999999834 (13.893591371983575, 1.0, -4.187661965164379)
12.17999999999983 (14.091644382356733, 1.0, -4.25896668229288)
12.399999999999824 (14.277822605544923, 1.0, -4.325997495532256)
12.61999999999982 (14.452837781404467, 1.0, -4.389011256152456)
12.839999999999815 (14.617359206875593, 1.0, -4.448248775874479)
13.05999999999981 (14.772016104686411, 1.0, -4.503936278718763)
13.279999999999806 (14.917399978443278, 1.0, -4.556286408124411)
13.499999999999801 (15.0540668621469, 1.0, -4.6054990744542605)
13.719999999999796 (15.182539444557719, 1.0, -4.65176222461659)
13.939999999999792 (15.303309068727566, 1.0, -4.695252558488706)
14.159999999999787 (15.416837612212234, 1.0, -4.736136200818165)
14.379999999999782 (15.523559254594618, 1.0, -4.774569332730489)
14.599999999999778 (15.6238821389478, 1.0, -4.8106987856186185)
14.819999999999773 (15.71818993357698, 1.0, -4.844662599725172)
15.039999999999768 (15.80684330002612, 1.0, -4.876590549514566)
15.259999999999764 (15.890181272981891, 1.0, -4.906604637790929)
15.479999999999759 (15.96852255736959, 1.0, -4.934819560400979)
15.699999999999754 (16.042166747616847, 1.0, -4.961343143254591)
15.91999999999975 (16.111395473761096, 1.0, -4.986276753296425)
16.139999999999745 (16.17647347879497, 1.0, -5.009715684967824)
16.35999999999974 (16.23764963137912, 1.0, -5.031749523609386)
16.579999999999735 (16.295157877803376, 1.0, -5.052462487170542)
16.79999999999973 (16.349218136843575, 1.0, -5.071933747512928)
17.019999999999726 (16.40003714094195, 1.0, -5.0902377325193475)
17.23999999999972 (16.447809226932865, 1.0, -5.107444410149119)
17.459999999999717 (16.492717079342004, 1.0, -5.123619555513767)
17.679999999999712 (16.534932429104998, 1.0, -5.138825001983827)
17.899999999999707 (16.57461671038065, 1.0, -5.153118877278002)
18.119999999999703 (16.61192167797304, 1.0, -5.166555825429801)
18.339999999999698 (16.64698998772586, 1.0, -5.179187215473887)
18.559999999999693 (16.67995574211037, 1.0, -5.191061337644465)
18.77999999999969 (16.710945003095, 1.0, -5.202223587831163)
18.999999999999684 (16.74007627425925, 1.0, -5.212716640993582)
19.21999999999968 (16.767460953996718, 1.0, -5.222580614194099)
19.439999999999674 (16.79320376154139, 1.0, -5.231853219869248)
19.65999999999967 (16.817403137447204, 1.0, -5.240569909923154)
19.879999999999665 (16.840151620053142, 1.0, -5.24876401119175)
