0.0 [0.0, 1.0, 0.0]
0.21999999999999997 [0.038548214656427104, 1.0, 0.026330981065593825]
0.4200000000000001 [0.1789312074270396, 1.0, 0.08531904330876575]
0.6200000000000002 [0.3879358907049175, 1.0, 0.12229558909657676]
0.8200000000000004 [0.6322224396154672, 1.0, 0.12156188095699347]
1.0200000000000005 [0.8863819525166647, 1.0, 0.09915911371884349]
1.2200000000000006 [1.1402793648774665, 1.0, 0.060233259915063106]
1.4200000000000008 [1.3997179552028531, 1.0, 0.018910595477579756]
1.620000000000001 [1.6711904940406253, 1.0, -0.013719362174393068]
1.8200000000000012 [1.9409053665210307, 1.0, -0.03900116171335793]
2.0200000000000014 [2.2026952211592796, 1.0, -0.059219325967882167]
2.2200000000000015 [2.4632146002725546, 1.0, -0.0892690121414027]
2.4200000000000017 [2.7301828757454767, 1.0, -0.14361971871112764]
2.620000000000002 [2.9919513527953527, 1.0, -0.21450466038590654]
2.820000000000002 [3.244059990092305, 1.0, -0.29316819318173154]
3.0200000000000022 [3.494392523143815, 1.0, -0.36972890241661693]
3.2200000000000024 [3.7584142680434987, 1.0, -0.433116527701893]
3.4200000000000026 [4.0265773584485745, 1.0, -0.4807414595105195]
3.6200000000000028 [4.289273370476098, 1.0, -0.5188318820517639]
3.820000000000003 [4.547528787381126, 1.0, -0.5563085513235749]
4.040000000000002 [4.838138884719016, 1.0, -0.6179876610022725]
4.259999999999997 [5.125872286528363, 1.0, -0.7010344688346448]
4.479999999999992 [5.402440960292426, 1.0, -0.7921409849247188]
4.699999999999988 [5.676697572663545, 1.0, -0.8799359388990443]
4.919999999999983 [5.9678477869689255, 1.0, -0.9499132056276391]
5.139999999999978 [6.261577974341145, 1.0, -1.0019916917442628]
5.359999999999974 [6.548012093866458, 1.0, -1.0428729062589233]
5.579999999999969 [6.833732697468972, 1.0, -1.0913668155897625]
5.799999999999964 [7.125171432383559, 1.0, -1.1652222911883812]
6.01999999999996 [7.40870734034424, 1.0, -1.2525648831192353]
6.239999999999955 [7.681284927589242, 1.0, -1.3450082664405003]
6.45999999999995 [7.961779809128985, 1.0, -1.4270732418683636]
6.6799999999999455 [8.256410852670877, 1.0, -1.4879040217994077]
6.899999999999941 [8.547413445947834, 1.0, -1.535121463943064]
7.119999999999936 [8.831592147831616, 1.0, -1.5760668602504428]
7.3399999999999315 [9.120957475832112, 1.0, -1.6346152538521501]
7.559999999999927 [9.409901398767794, 1.0, -1.7165880481132791]
7.779999999999922 [9.688335183333887, 1.0, -1.8072691655655726]
7.999999999999917 [9.961321246054405, 1.0, -1.897125192797088]
8.219999999999914 [10.249928475991403, 1.0, -1.970911954753052]
8.439999999999909 [10.54418710464103, 1.0, -2.0250967823619854]
8.659999999999904 [10.831711946336075, 1.0, -2.0673848114442035]
8.8799999999999 [11.11639972805369, 1.0, -2.1132926019354117]
9.099999999999895 [11.407876526550645, 1.0, -2.1834288634282624]
9.31999999999989 [11.692908097721117, 1.0, -2.2696211292586472]
9.539999999999885 [11.966441323499335, 1.0, -2.3621937016249164]
9.75999999999988 [12.244276140041524, 1.0, -2.4466867692053738]
9.979999999999876 [12.538260065631945, 1.0, -2.5106648516141497]
10.199999999999871 [12.832254483148532, 1.0, -2.5719051864317635]
10.419999999999867 [13.204051539828065, 1.0, -2.802703832550584]
10.639999999999862 [13.579661825080954, 1.0, -2.9491729149384946]
10.859999999999857 [13.939503560387443, 1.0, -3.063547414811789]
11.079999999999853 [14.279588528976518, 1.0, -3.164793531805855]
11.299999999999848 [14.59978253648585, 1.0, -3.2582471484763946]
11.519999999999843 [14.900915805107264, 1.0, -3.3456269211173506]
11.739999999999839 [15.184031571846619, 1.0, -3.4276408648309293]
11.959999999999834 [15.45018281321285, 1.0, -3.5047048298580146]
12.17999999999983 [15.700379234047919, 1.0, -3.5771411287663]
12.399999999999824 [15.935575444557083, 1.0, -3.6452339517979877]
12.61999999999982 [16.156670303372596, 1.0, -3.7092453331223245]
12.839999999999815 [16.364509174550125, 1.0, -3.7694202292132446]
13.05999999999981 [16.559886838599027, 1.0, -3.825988565904197]
13.279999999999806 [16.743550445391378, 1.0, -3.879166415153357]
13.499999999999801 [16.916202349160972, 1.0, -3.929156897008626]
13.719999999999796 [17.078502789543933, 1.0, -3.976150972190274]
13.939999999999792 [17.2310724161007, 1.0, -4.020328172576585]
14.159999999999787 [17.37449466249946, 1.0, -4.061857284381289]
14.379999999999782 [17.509317978520013, 1.0, -4.100896989810432]
14.599999999999778 [17.636057928187448, 1.0, -4.137596470429685]
14.819999999999773 [17.755199162018958, 1.0, -4.172095974685394]
15.039999999999768 [17.86719727093273, 1.0, -4.204527351722858]
15.259999999999764 [17.972480528925438, 1.0, -4.235014553482469]
15.479999999999759 [18.07145153119935, 1.0, -4.263674106932678]
15.699999999999754 [18.164488734018654, 1.0, -4.290615558191704]
15.91999999999975 [18.251947902195912, 1.0, -4.315941890190604]
16.139999999999745 [18.334163469754863, 1.0, -4.339749915436429]
16.35999999999974 [18.411449818981534, 1.0, -4.362130645345265]
16.579999999999735 [18.48410248276215, 1.0, -4.383169637530643]
16.79999999999973 [18.552399274811954, 1.0, -4.402947322352895]
17.019999999999726 [18.61660135212187, 1.0, -4.421539309959407]
17.23999999999972 [18.676954213690195, 1.0, -4.43901667897423]
17.459999999999717 [18.733688639362022, 1.0, -4.4554462479278545]
17.679999999999712 [18.787021572369365, 1.0, -4.470890830454098]
17.899999999999707 [18.837156948949364, 1.0, -4.485409475220829]
18.119999999999703 [18.884286478215, 1.0, -4.499057691504273]
18.339999999999698 [18.928590375262218, 1.0, -4.5118876612630885]
18.559999999999693 [18.970238050318294, 1.0, -4.523948438517737]
18.77999999999969 [19.009388756567787, 1.0, -4.535286136793063]
18.999999999999684 [19.046192199134495, 1.0, -4.5459441053370435]
19.21999999999968 [19.080789107548675, 1.0, -4.555963094786381]
19.439999999999674 [19.113311773889574, 1.0, -4.565381412909737]
19.65999999999967 [19.14388388755943, 1.0, -4.574234981025446]
19.879999999999665 [19.172622466968452, 1.0, -4.582557912335066]
