0.0 (4.375, 1.0, 0.0)
0.21999999999999997 (1.9247316845001496, 1.0, 0.6513286982870595)
0.4200000000000001 (1.5911962844659089, 1.0, 1.0551698273269026)
0.6200000000000002 (2.317113666800002, 1.0, 1.0445583442201702)
0.8200000000000004 (2.809021973800064, 1.0, 0.32598576431630444)
1.0200000000000005 (2.568520887329996, 1.0, -0.44170004304895893)
1.2200000000000006 (2.3545092372138736, 1.0, -1.0573932892622842)
1.4200000000000008 (2.9137153994489955, 1.0, -1.4122451942416525)
1.620000000000001 (3.6404751044860477, 1.0, -1.0361711463971288)
1.8200000000000012 (3.771458907606742, 1.0, -0.26677762202412825)
2.0200000000000014 (3.7453648137252866, 1.0, 0.40972883809482114)
2.2200000000000015 (4.341757957636908, 1.0, 0.6395535769904787)
2.4200000000000017 (4.953840422082281, 1.0, 0.08229198319648702)
2.620000000000002 (4.856732667918708, 1.0, -0.6954713039812096)
2.820000000000002 (4.487511440524103, 1.0, -1.2975548162486252)
3.0200000000000022 (4.778342251855643, 1.0, -1.8217556995213526)
3.2200000000000024 (5.586997537007137, 1.0, -1.7165318377787562)
3.4200000000000026 (5.958267196303413, 1.0, -1.016961288936839)
3.6200000000000028 (5.881461663352984, 1.0, -0.28636763883450517)
3.820000000000003 (6.263573597880767, 1.0, 0.15533779048012106)
4.040000000000002 (7.035869030126814, 1.0, -0.24600658072521203)
4.259999999999997 (7.072523599366592, 1.0, -1.1104270372005638)
4.479999999999992 (6.655980315418808, 1.0, -1.783948273738119)
4.699999999999988 (6.9890441756829675, 1.0, -2.3490309187136376)
4.919999999999983 (7.860155142372044, 1.0, -2.1393980196965066)
5.139999999999978 (8.111388004643759, 1.0, -1.3208695058780098)
5.359999999999974 (8.097806350759166, 1.0, -0.5772565437074928)
5.579999999999969 (8.788843453775327, 1.0, -0.4102078032568685)
5.799999999999964 (9.333152581011593, 1.0, -1.128032634913908)
6.01999999999996 (9.042259296425975, 1.0, -1.9260192719889078)
6.239999999999955 (8.824581097729888, 1.0, -2.5794058839245024)
6.45999999999995 (9.537753152259933, 1.0, -2.891009229120564)
6.6799999999999455 (10.232464623979311, 1.0, -2.333706011823254)
6.899999999999941 (10.221124247827472, 1.0, -1.4948168772083434)
7.119999999999936 (10.479169580889575, 1.0, -0.9027699424090438)
7.3399999999999315 (11.276476650878559, 1.0, -1.160594581217533)
7.559999999999927 (11.45142165195018, 1.0, -2.0179643104093707)
7.779999999999922 (11.023923303020167, 1.0, -2.714395697931217)
7.999999999999917 (11.198152434460898, 1.0, -3.326486688983662)
8.219999999999914 (12.075719543856977, 1.0, -3.25829436959878)
8.439999999999909 (12.448197621274662, 1.0, -2.480992203576069)
8.659999999999904 (12.388856788059874, 1.0, -1.7036473590879613)
8.8799999999999 (12.984576012611102, 1.0, -1.3993795904780473)
9.099999999999895 (13.632361936662576, 1.0, -2.022870907867092)
9.31999999999989 (13.442096108050295, 1.0, -2.855427847030382)
9.539999999999885 (13.125904182306334, 1.0, -3.5112801467757215)
9.75999999999988 (13.721569521591604, 1.0, -3.9333820065391265)
9.979999999999876 (14.502951977926113, 1.0, -3.488725509495669)
10.199999999999871 (16.48688210771911, 1.0, -4.187015672555021)
10.419999999999867 (17.3893680241571, 1.0, -4.067908976121762)
10.639999999999862 (17.780311634618922, 1.0, -4.171817919632399)
10.859999999999857 (18.141499172686594, 1.0, -4.281597241653676)
11.079999999999853 (18.481720721483708, 1.0, -4.3823730075763505)
11.299999999999848 (18.801944132241104, 1.0, -4.475726006575531)
11.519999999999843 (19.103078110946477, 1.0, -4.5631041401879235)
11.739999999999839 (19.386187547681303, 1.0, -4.645140694705726)
11.959999999999834 (19.65233131864501, 1.0, -4.722231159965779)
12.17999999999983 (19.90252066872768, 1.0, -4.794692535893135)
12.399999999999824 (20.13771054945294, 1.0, -4.86280783748375)
12.61999999999982 (20.358799838162188, 1.0, -4.926839036962043)
12.839999999999815 (20.566633837043234, 1.0, -4.987031306772809)
13.05999999999981 (20.762007250302883, 1.0, -5.043614838363287)
13.279999999999806 (20.945667154510907, 1.0, -5.096805958790229)
13.499999999999801 (21.11831583761964, 1.0, -5.146808018823439)
13.719999999999796 (21.28061348039627, 1.0, -5.193812184189725)
13.939999999999792 (21.433180680413102, 1.0, -5.237998167904911)
14.159999999999787 (21.576600825517385, 1.0, -5.279534915924163)
14.379999999999782 (21.71142232513678, 1.0, -5.318581251217767)
14.599999999999778 (21.838160707777195, 1.0, -5.355286479340775)
14.819999999999773 (21.957300592702495, 1.0, -5.389790957918048)
15.039999999999768 (22.069297543341033, 1.0, -5.422226632202688)
15.259999999999764 (22.174579809518868, 1.0, -5.452717538710899)
15.479999999999759 (22.27354996519453, 1.0, -5.481380278814477)
15.699999999999754 (22.366586447968643, 1.0, -5.508324464063435)
15.91999999999975 (22.45404500626443, 1.0, -5.533653134909636)
16.139999999999745 (22.536260059720234, 1.0, -5.557463154406496)
16.35999999999974 (22.613545978002133, 1.0, -5.579845578368914)
16.579999999999735 (22.68619828293132, 1.0, -5.6008860033917065)
16.79999999999973 (22.754494778527143, 1.0, -5.620664894043329)
17.019999999999726 (22.81869661328981, 1.0, -5.639257890474895)
17.23999999999972 (22.87904927878748, 1.0, -5.656736097611689)
17.459999999999717 (22.935783548368107, 1.0, -5.673166357025791)
17.679999999999712 (22.989116359587026, 1.0, -5.688611502523699)
17.899999999999707 (23.039251643725997, 1.0, -5.703130600421691)
18.119999999999703 (23.086381105576454, 1.0, -5.716779175424097)
18.339999999999698 (23.13068495646951, 1.0, -5.729609422965422)
18.559999999999693 (23.17233260335638, 1.0, -5.74167040882603)
18.77999999999969 (23.21148329657456, 1.0, -5.753008256783053)
18.999999999999684 (23.24828673877697, 1.0, -5.76366632501272)
19.21999999999968 (23.282883657352787, 1.0, -5.77368537191772)
19.439999999999674 (23.315406342529112, 1.0, -5.783103712012948)
19.65999999999967 (23.34578009362966, 1.0, -5.7926487404980485)
19.879999999999665 (23.37451588842871, 1.0, -5.800981354226805)
