0.0 (4.375, 1.0, 0.0)
0.21999999999999997 (1.9161047621514968, 1.0, 0.980691163457795)
0.4200000000000001 (2.5501416535844017, 1.0, 1.1048226095919345)
0.6200000000000002 (2.9821759866405317, 1.0, -0.3019647800125137)
0.8200000000000004 (2.932496637872838, 1.0, -1.3276301465662472)
1.0200000000000005 (4.153967541304675, 1.0, -0.8855342279997015)
1.2200000000000006 (4.309708728485115, 1.0, 0.40220794840853613)
1.4200000000000008 (5.281150698318874, 1.0, 0.572690139607279)
1.620000000000001 (5.611055899267914, 1.0, -0.800287722394642)
1.8200000000000012 (5.549948063574076, 1.0, -1.7794688766299158)
2.0200000000000014 (6.850531301460422, 1.0, -1.4075931619647006)
2.2200000000000015 (7.08152861463666, 1.0, -0.12506938733723255)
2.4200000000000017 (8.055013999439987, 1.0, 0.010079435272776122)
2.620000000000002 (8.348625623708397, 1.0, -1.3741627756010066)
2.820000000000002 (8.272620362418186, 1.0, -2.3574034823157146)
3.0200000000000022 (9.581173295136455, 1.0, -2.0091033534623133)
3.2200000000000024 (9.82488435751414, 1.0, -0.732836348239444)
3.4200000000000026 (10.797064347931265, 1.0, -0.608327038286396)
3.6200000000000028 (11.08150666942088, 1.0, -1.9967435761885715)
3.820000000000003 (11.001412139289034, 1.0, -2.9818969287999955)
4.040000000000002 (12.393549286109275, 1.0, -2.5082642769323034)
4.259999999999997 (12.63849811351574, 1.0, -1.186304059421236)
4.479999999999992 (13.820153901206005, 1.0, -1.6194150750594107)
4.699999999999988 (13.605188081579522, 1.0, -3.071486460913088)
4.919999999999983 (14.390779756913728, 1.0, -3.7129340040884298)
5.139999999999978 (15.264192805785605, 1.0, -2.462767324662153)
5.359999999999974 (15.872365014329736, 1.0, -1.6838396652709386)
5.579999999999969 (16.63208830776674, 1.0, -3.010533714866162)
5.799999999999964 (16.38121063313918, 1.0, -4.1849820955758945)
6.01999999999996 (17.77065823350856, 1.0, -3.9182582833578574)
6.239999999999955 (18.04961875163219, 1.0, -2.5491260751690037)
6.45999999999995 (19.19966995764768, 1.0, -2.75989445186992)
6.6799999999999455 (19.108137990903636, 1.0, -4.2490114134708135)
6.899999999999941 (19.699172431013917, 1.0, -5.019088194899561)
7.119999999999936 (20.720369642507038, 1.0, -3.8742368695632563)
7.3399999999999315 (21.203798809256966, 1.0, -2.947712329270316)
7.559999999999927 (22.116774480976137, 1.0, -4.147812117456062)
7.779999999999922 (21.785746601005528, 1.0, -5.3818582173692775)
7.999999999999917 (23.126862047788755, 1.0, -5.320370721007923)
8.219999999999914 (23.477115375622443, 1.0, -3.9259436497902125)
8.439999999999909 (24.56103044034134, 1.0, -3.9148936847593645)
8.659999999999904 (24.619248293199156, 1.0, -5.424414126077262)
8.8799999999999 (25.010993690950855, 1.0, -6.302390655657771)
9.099999999999895 (26.16803936345493, 1.0, -5.291598103829207)
9.31999999999989 (26.545210822499474, 1.0, -4.236805847076497)
9.539999999999885 (27.582526555199053, 1.0, -5.278837727525614)
9.75999999999988 (27.214598781180314, 1.0, -6.571496994651449)
9.979999999999876 (28.46557472759849, 1.0, -6.708452777521001)
10.199999999999871 (30.645578913568343, 1.0, -7.121226254715396)
10.419999999999867 (31.6620791809236, 1.0, -7.064198180128506)
10.639999999999862 (32.21245716444975, 1.0, -7.236882514519342)
10.859999999999857 (32.72866015118351, 1.0, -7.395327129679074)
11.079999999999853 (33.21595409255671, 1.0, -7.536911376747146)
11.299999999999848 (33.6746938461204, 1.0, -7.6676462390565865)
11.519999999999843 (34.10607521817265, 1.0, -7.790027010849592)
11.739999999999839 (34.511606501803975, 1.0, -7.905024945069978)
11.959999999999834 (34.8928058908903, 1.0, -8.013195140043441)
12.17999999999983 (35.251126504493904, 1.0, -8.11496703615348)
12.399999999999824 (35.58794083445546, 1.0, -8.210721260911663)
12.61999999999982 (35.90454051571552, 1.0, -8.300810564231982)
12.839999999999815 (36.20213987831546, 1.0, -8.385566088344126)
13.05999999999981 (36.48188027081751, 1.0, -8.465299764101307)
13.279999999999806 (36.7448343794298, 1.0, -8.54030565963477)
13.499999999999801 (36.99201035209128, 1.0, -8.610861022252339)
13.719999999999796 (37.22435568942011, 1.0, -8.677227208414442)
13.939999999999792 (37.44276090374128, 1.0, -8.739650553590709)
14.159999999999787 (37.64806295702664, 1.0, -8.79836319638005)
14.379999999999782 (37.84104849044417, 1.0, -8.853583861536634)
14.599999999999778 (38.02245685808343, 1.0, -8.905518604049464)
14.819999999999773 (38.19298297680962, 1.0, -8.95436151581359)
15.039999999999768 (38.35328000349571, 1.0, -9.00029539630149)
15.259999999999764 (38.503961850190095, 1.0, -9.043492388626905)
15.479999999999759 (38.64560554712214, 1.0, -9.084114582395639)
15.699999999999754 (38.77875346283199, 1.0, -9.122314584736424)
15.91999999999975 (38.9039153901351, 1.0, -9.158236060894634)
16.139999999999745 (39.021570506091564, 1.0, -9.192014245753434)
16.35999999999974 (39.13216921364628, 1.0, -9.22377642762183)
16.579999999999735 (39.23613487213173, 1.0, -9.253642405598073)
16.79999999999973 (39.33386542338307, 1.0, -9.281724921782011)
17.019999999999726 (39.42573491979977, 1.0, -9.308130069571453)
17.23999999999972 (39.512094960299414, 1.0, -9.332957679236754)
17.459999999999717 (39.59327603974429, 1.0, -9.356301681925423)
17.679999999999712 (39.66958881708067, 1.0, -9.37825045320498)
17.899999999999707 (39.74132530710944, 1.0, -9.398887137208172)
18.119999999999703 (39.80876000050691, 1.0, -9.418289952400638)
18.339999999999698 (39.87215091643283, 1.0, -9.436532479946939)
18.559999999999693 (39.931740591798565, 1.0, -9.453683935607732)
18.77999999999969 (39.9877570110199, 1.0, -9.469809426058026)
18.999999999999684 (40.04041447984738, 1.0, -9.48497019047488)
19.21999999999968 (40.08991444664776, 1.0, -9.499223828202256)
19.439999999999674 (40.13644627430614, 1.0, -9.51262451326128)
19.65999999999967 (40.18018796572576, 1.0, -9.525223196436148)
19.879999999999665 (40.22130684572199, 1.0, -9.537067795628941)
