0.0 [0.0, 1.0, 0.0]
0.21999999999999997 [0.1336905928070951, 1.0, 0.007686371447801557]
0.4200000000000001 [0.7348319480059833, 1.0, -0.05885002876257371]
0.6200000000000002 [1.735752002254447, 1.0, -0.1625102927100118]
0.8200000000000004 [2.9850502771073337, 1.0, -0.12741908140596805]
1.0200000000000005 [4.2093701045879905, 1.0, -0.2116737687594708]
1.2200000000000006 [5.602618274302469, 1.0, -0.0851745580906181]
1.4200000000000008 [6.9479062126975295, 1.0, 0.039095730908114364]
1.620000000000001 [8.301742697824139, 1.0, 0.21539043805990593]
1.8200000000000012 [9.673577592172334, 1.0, 0.650918776662394]
2.0200000000000014 [10.926371441810758, 1.0, 0.9875436826279318]
2.2200000000000015 [12.182814760164794, 1.0, 1.6464378287083856]
2.4200000000000017 [13.356057779315341, 1.0, 2.316684714106263]
2.620000000000002 [14.482154198253934, 1.0, 3.071373744990607]
2.820000000000002 [15.477865850528417, 1.0, 4.089359128915284]
3.0200000000000022 [16.411050023059126, 1.0, 4.982909387291132]
3.2200000000000024 [17.172065674227902, 1.0, 6.168581660674307]
3.4200000000000026 [17.850557111723006, 1.0, 7.332263432845472]
3.6200000000000028 [18.44013213601376, 1.0, 8.550036607518933]
3.820000000000003 [18.77915236419187, 1.0, 9.930323074486529]
4.040000000000002 [19.152193085847124, 1.0, 11.313396835649128]
4.259999999999997 [19.1608409043824, 1.0, 12.871655459848393]
4.479999999999992 [19.167375722051712, 1.0, 14.309727193646935]
4.699999999999988 [18.87703245193132, 1.0, 15.815925181701676]
4.919999999999983 [18.459690663312145, 1.0, 17.247871011448996]
5.139999999999978 [17.915813846035082, 1.0, 18.63516149844747]
5.359999999999974 [17.0894985261343, 1.0, 19.939236629028528]
5.579999999999969 [16.300893598209605, 1.0, 21.156396381402914]
5.799999999999964 [15.15117800852418, 1.0, 22.214852494851318]
6.01999999999996 [14.120355299066748, 1.0, 23.203881064033276]
6.239999999999955 [12.771902292369, 1.0, 23.973706460012117]
6.45999999999995 [11.492851506211377, 1.0, 24.66028968067767]
6.6799999999999455 [10.054765214329942, 1.0, 25.15562031983889]
6.899999999999941 [8.573679292529382, 1.0, 25.460954879562802]
7.119999999999936 [7.113814848189366, 1.0, 25.673306419200394]
7.3399999999999315 [5.56399717513472, 1.0, 25.561696305204226]
7.559999999999927 [4.126650045274134, 1.0, 25.467910225639983]
7.779999999999922 [2.6464641634247723, 1.0, 24.96969459418898]
7.999999999999917 [1.2844369875265487, 1.0, 24.53333861815013]
8.219999999999914 [-0.044955491852489426, 1.0, 23.746903263832763]
8.439999999999909 [-1.264831234599651, 1.0, 22.92615235688063]
8.659999999999904 [-2.399896369908016, 1.0, 21.936505368098874]
8.8799999999999 [-3.3763073464294955, 1.0, 20.75851940138943]
9.099999999999895 [-4.272609570965421, 1.0, 19.60367586023743]
9.31999999999989 [-4.913314048352323, 1.0, 18.181068486230043]
9.539999999999885 [-5.524385276673073, 1.0, 16.885328316573425]
9.75999999999988 [-5.8074098548539945, 1.0, 15.352983224907517]
9.979999999999876 [-6.067127406511537, 1.0, 13.938486171918559]
10.199999999999871 [-6.137599130129354, 1.0, 12.553396019997393]
10.419999999999867 [-6.038777087683754, 1.0, 11.380825753870077]
10.639999999999862 [-5.881488342826079, 1.0, 10.289905108420447]
10.859999999999857 [-5.728095302328463, 1.0, 9.265165118357766]
11.079999999999853 [-5.585648473509311, 1.0, 8.301584124372095]
11.299999999999848 [-5.453471825893006, 1.0, 7.395515358970549]
11.519999999999843 [-5.330400828824028, 1.0, 6.543595966446938]
11.739999999999839 [-5.2155534369225585, 1.0, 5.742629893250669]
11.959999999999834 [-5.108256446201205, 1.0, 4.989589010993028]
12.17999999999983 [-5.007949720929359, 1.0, 4.281615890099824]
12.399999999999824 [-4.91413857212973, 1.0, 3.6160196740762207]
12.61999999999982 [-4.82637349015638, 1.0, 2.990268510835443]
12.839999999999815 [-4.744241184908485, 1.0, 2.401980945292839]
13.05999999999981 [-4.6673598530125755, 1.0, 1.848917286785288]
13.279999999999806 [-4.595376025218351, 1.0, 1.3289713036960098]
13.499999999999801 [-4.527962073203029, 1.0, 0.840162345910533]
13.719999999999796 [-4.464814060989211, 1.0, 0.38062790951669623]
13.939999999999792 [-4.405649827833051, 1.0, -0.051383369132357415]
14.159999999999787 [-4.350207255051147, 1.0, -0.4575183105959136]
14.379999999999782 [-4.298242690957871, 1.0, -0.8393254028803305]
14.599999999999778 [-4.249529515927743, 1.0, -1.1982606470672492]
14.819999999999773 [-4.203856833062883, 1.0, -1.5356930588515336]
15.039999999999768 [-4.161028271966303, 1.0, -1.8529098457569415]
15.259999999999764 [-4.120860894598806, 1.0, -2.1511212787457272]
15.479999999999759 [-4.0831841934129125, 1.0, -2.4314652759196265]
15.699999999999754 [-4.047839173006804, 1.0, -2.6950117150341883]
15.91999999999975 [-4.014677507463555, 1.0, -2.9427664906184594]
16.139999999999745 [-3.9835607663564927, 1.0, -3.175675330607474]
16.35999999999974 [-3.95435970312479, 1.0, -3.3946273865547916]
16.579999999999735 [-3.9269536001656733, 1.0, -3.600458610695083]
16.79999999999973 [-3.9012296655607726, 1.0, -3.793954932371049]
17.019999999999726 [-3.877082476862393, 1.0, -3.9758552456231304]
17.23999999999972 [-3.854413467818328, 1.0, -4.146854219062919]
17.459999999999717 [-3.8331304543176214, 1.0, -4.307604938510255]
17.679999999999712 [-3.813147196200187, 1.0, -4.458721392268061]
17.899999999999707 [-3.794382991895238, 1.0, -4.600780808336419]
18.119999999999703 [-3.7767623031415782, 1.0, -4.734325852326586]
18.339999999999698 [-3.7602144073007624, 1.0, -4.859866694325104]
18.559999999999693 [-3.744673075005274, 1.0, -4.977882952476244]
18.77999999999969 [-3.7300762710913453, 1.0, -5.088825520596451]
18.999999999999684 [-3.7163658769522745, 1.0, -5.193118286705615]
19.21999999999968 [-3.7034874326156446, 1.0, -5.291159748955646]
19.439999999999674 [-3.691389896998577, 1.0, -5.383324535055753]
19.65999999999967 [-3.680025424930992, 1.0, -5.469964830934439]
19.879999999999665 [-3.669349159659374, 1.0, -5.551411724039836]
