0.0 (4.375, 1.0, 0.0)
0.21999999999999997 (2.9208101448212593, 1.0, 1.0185657247404785)
0.4200000000000001 (3.7411949059411795, 1.0, -0.7796863208162323)
0.6200000000000002 (4.592599654263537, 1.0, 0.46798501438556994)
0.8200000000000004 (5.8715854205551485, 1.0, 0.2504949296514197)
1.0200000000000005 (7.754325374636556, 1.0, -0.16423706713455138)
1.2200000000000006 (8.119251175280057, 1.0, 1.496502433257207)
1.4200000000000008 (10.018455379182988, 1.0, 0.3520477575540099)
1.620000000000001 (10.716608493697246, 1.0, 1.8754274332180176)
1.8200000000000012 (12.090673381871728, 1.0, 2.179645627738802)
2.0200000000000014 (14.121028738156532, 1.0, 2.706069615243418)
2.2200000000000015 (13.644598050367357, 1.0, 4.202748288751597)
2.4200000000000017 (15.888452495654258, 1.0, 4.092257206434447)
2.620000000000002 (15.758876828112758, 1.0, 5.70766134842881)
2.820000000000002 (16.80508837521799, 1.0, 6.623061093966712)
3.0200000000000022 (18.299498717897254, 1.0, 8.076217093479178)
3.2200000000000024 (17.132060773892892, 1.0, 9.115193609251882)
3.4200000000000026 (19.124141395335663, 1.0, 10.150261988165376)
3.6200000000000028 (18.18941890630747, 1.0, 11.468704094170288)
3.820000000000003 (18.621683652632658, 1.0, 12.787116462102677)
4.040000000000002 (18.972473002968428, 1.0, 14.828530165925729)
4.259999999999997 (17.758177636692746, 1.0, 15.49579769801007)
4.479999999999992 (18.57773414687666, 1.0, 17.84062292593052)
4.699999999999988 (16.738616198080365, 1.0, 17.794504450064693)
4.919999999999983 (17.30215383609199, 1.0, 20.115297964543057)
5.139999999999978 (15.557240680416799, 1.0, 20.262437142828208)
5.359999999999974 (15.171369058374603, 1.0, 22.025963920000965)
5.579999999999969 (13.596216224059976, 1.0, 22.873612927766224)
5.799999999999964 (12.454773654775906, 1.0, 23.288116281106575)
6.01999999999996 (10.947075036460737, 1.0, 24.94991885282805)
6.239999999999955 (9.803110226007286, 1.0, 23.8629351208741)
6.45999999999995 (8.263592478312226, 1.0, 25.866385968084142)
6.6799999999999455 (7.312914126122717, 1.0, 24.275865177693706)
6.899999999999941 (5.636418597122999, 1.0, 25.747615809149668)
7.119999999999936 (4.4170841831846905, 1.0, 24.528972878093843)
7.3399999999999315 (2.861341141976368, 1.0, 24.697398271322843)
7.559999999999927 (1.0720882676091223, 1.0, 24.046024465730074)
7.779999999999922 (0.5009543685368016, 1.0, 22.947964200941325)
7.999999999999917 (-1.8716832295004795, 1.0, 22.712490256192332)
8.219999999999914 (-1.282902634291024, 1.0, 21.071703699251106)
8.439999999999909 (-3.7563179128662796, 1.0, 20.810117857041316)
8.659999999999904 (-3.039678017423921, 1.0, 19.15373770091385)
8.8799999999999 (-4.897053629271669, 1.0, 18.32934662021352)
9.099999999999895 (-4.787940257953828, 1.0, 16.60042229490622)
9.31999999999989 (-5.261557989401033, 1.0, 15.341034206089592)
9.539999999999885 (-5.966622154250158, 1.0, 13.393784650659468)
9.75999999999988 (-4.888725969106513, 1.0, 12.522754244887714)
9.979999999999876 (-6.108504034980854, 1.0, 10.359030510712284)
10.199999999999871 (-5.57261200289637, 1.0, 8.308085981892429)
10.419999999999867 (-5.347826866362735, 1.0, 7.061403800448595)
10.639999999999862 (-5.232282231525279, 1.0, 5.963378401891055)
10.859999999999857 (-5.098468170153377, 1.0, 4.935744754536456)
11.079999999999853 (-4.964414785205407, 1.0, 3.9709505857717557)
11.299999999999848 (-4.837320398742189, 1.0, 3.064155019968614)
11.519999999999843 (-4.718240276157431, 1.0, 2.2116690442743305)
11.739999999999839 (-4.606919877581758, 1.0, 1.4102053246683963)
11.959999999999834 (-4.5028705712563335, 1.0, 0.6567087815634304)
12.17999999999983 (-4.405593111114773, 1.0, -0.051687122801405375)
12.399999999999824 (-4.314618710483267, 1.0, -0.7176772983035937)
12.61999999999982 (-4.229513447173197, 1.0, -1.3437961317668634)
12.839999999999815 (-4.14987619659959, 1.0, -1.9324270810150204)
13.05999999999981 (-4.075335852175936, 1.0, -2.485811589908026)
13.279999999999806 (-4.005548751456607, 1.0, -3.0060574808414575)
13.499999999999801 (-3.940196377324471, 1.0, -3.495146864578626)
13.719999999999796 (-3.8789832945439437, 1.0, -3.954943591879601)
13.939999999999792 (-3.821635285123108, 1.0, -4.387200270631551)
14.159999999999787 (-3.767897656403871, 1.0, -4.79356487215256)
14.379999999999782 (-3.7175337021787684, 1.0, -5.175586949702682)
14.599999999999778 (-3.670323300707173, 1.0, -5.534723491254192)
14.819999999999773 (-3.626061635770708, 1.0, -5.872344427478943)
15.039999999999768 (-3.584558028583521, 1.0, -6.189737814808316)
15.259999999999764 (-3.5456348697433198, 1.0, -6.488114712348916)
15.479999999999759 (-3.509126641584898, 1.0, -6.768613770407985)
15.699999999999754 (-3.474879022327171, 1.0, -7.032305547399749)
15.91999999999975 (-3.4427480643129202, 1.0, -7.280196570968353)
16.139999999999745 (-3.412599439444398, 1.0, -7.513233158273504)
16.35999999999974 (-3.384307745630888, 1.0, -7.732305009540529)
16.579999999999735 (-3.357755868697398, 1.0, -7.9382485881755525)
16.79999999999973 (-3.332834394766265, 1.0, -8.131850299987494)
17.019999999999726 (-3.309441068624076, 1.0, -8.313849483339796)
17.23999999999972 (-3.2874802940320764, 1.0, -8.484941221374722)
17.459999999999717 (-3.2668626723356495, 1.0, -8.645778986809821)
17.679999999999712 (-3.2475045760830272, 1.0, -8.796977129198154)
17.899999999999707 (-3.2293277546801655, 1.0, -8.939113213969641)
18.119999999999703 (-3.2122589693918626, 1.0, -9.072730222028333)
18.339999999999698 (-3.196229655252707, 1.0, -9.198338618168588)
18.559999999999693 (-3.1811756076784827, 1.0, -9.316418296089847)
18.77999999999969 (-3.167036691772392, 1.0, -9.427420407334063)
18.999999999999684 (-3.1537565725032684, 1.0, -9.53176908103995)
19.21999999999968 (-3.1412824640973422, 1.0, -9.62986304100303)
19.439999999999674 (-3.129564897132976, 1.0, -9.722077126148461)
19.65999999999967 (-3.1185575019609915, 1.0, -9.808763720163673)
19.879999999999665 (-3.108216807193298, 1.0, -9.890254095698685)
