0.0 [0.0, 1.0, 0.0]
0.21999999999999997 [0.13146234131685036, 1.0, 0.004473842113038362]
0.4200000000000001 [0.660435694466148, 1.0, 0.004928022807386248]
0.6200000000000002 [1.4777642653066287, 1.0, 0.026833663959858714]
0.8200000000000004 [2.5345559963322035, 1.0, 0.07942185681310741]
1.0200000000000005 [3.7726374499318713, 1.0, 0.21688786015730266]
1.2200000000000006 [5.1099921585717665, 1.0, 0.5843588961158516]
1.4200000000000008 [6.437326872811208, 1.0, 1.0879241855561497]
1.620000000000001 [7.591273622237397, 1.0, 1.9752808673607172]
1.8200000000000012 [8.532000736725596, 1.0, 3.035497675882652]
2.0200000000000014 [9.212171659919587, 1.0, 4.345288374567753]
2.2200000000000015 [9.515134876557003, 1.0, 5.793854579278831]
2.4200000000000017 [9.474558456280793, 1.0508873977125106, 7.1320147892288395]
2.620000000000002 [9.032999464639246, 1.105634056100319, 8.444092210225197]
2.820000000000002 [8.352750664722885, 1.1681004221181448, 9.629308069688763]
3.0200000000000022 [6.695393278535737, 1.4731831315588175, 10.350562141957909]
3.2200000000000024 [4.967642727355139, 1.5101446182015446, 11.173051325247142]
3.4200000000000026 [3.1994989670671963, 1.4974967745025196, 12.030721950497636]
3.6200000000000028 [1.9708367504879303, 1.6853584714513026, 12.738292184974766]
3.820000000000003 [0.9512056418471334, 1.8433916166835185, 13.304356029066987]
4.040000000000002 [-0.24775375874198396, 1.9537872164990682, 13.891723612642247]
4.259999999999997 [-1.4690937487807876, 2.1667980394738606, 14.513902949308074]
4.479999999999992 [-2.520567836539685, 2.2855506559383922, 14.966853268933901]
4.699999999999988 [-3.608566504493984, 2.2348762412974965, 15.279291259809664]
4.919999999999983 [-4.705298899590971, 2.377297514221383, 15.6514567539]
5.139999999999978 [-5.8296552096362255, 2.446254793263535, 15.928844090000894]
5.359999999999974 [-7.078746429076902, 2.4615833752884226, 16.164062159426834]
5.579999999999969 [-8.591936449524916, 2.247951761980919, 16.28056148301135]
5.799999999999964 [-9.505906420600285, 2.573244758664826, 16.53980463958218]
6.01999999999996 [-9.553504357487848, 3.136341770335471, 16.777650232009]
6.239999999999955 [-10.115785733858077, 3.205920955842904, 16.817980960592262]
6.45999999999995 [-11.005888170877224, 3.1143067280238217, 16.78765807182214]
6.6799999999999455 [-12.076239964682594, 2.8104436549327634, 16.671287586551124]
6.899999999999941 [-12.410851213828265, 3.1347730074738114, 16.719574578798632]
7.119999999999936 [-12.241559111726243, 3.500100221194694, 16.810463361108486]
7.3399999999999315 [-12.630850765413964, 3.435711238560531, 16.74945081005922]
7.559999999999927 [-13.050384556862811, 3.6205363267694493, 16.686748467695512]
7.779999999999922 [-13.547560482373168, 3.6430797306968605, 16.585387884058335]
7.999999999999917 [-14.339392544013442, 3.2707017775881058, 16.371414192154432]
8.219999999999914 [-14.64749578522547, 3.6374714004877853, 16.261852972112756]
8.439999999999909 [-14.383328452004058, 4.19933939605965, 16.32707453142141]
8.659999999999904 [-14.612885013299907, 4.222541272758225, 16.23811720872077]
8.8799999999999 [-15.123157141193559, 3.8850853553221274, 16.059407699250045]
9.099999999999895 [-15.74085603340074, 3.784932068461156, 15.865041989013541]
9.31999999999989 [-15.357473681257249, 4.700246921510003, 16.01502941676933]
9.539999999999885 [-15.38170326763329, 4.8225586555456825, 16.00519450003319]
9.75999999999988 [-15.836697722270287, 4.364020528312592, 15.827102178370483]
9.979999999999876 [-16.503437479135282, 3.4857283671144446, 15.575108949822495]
10.199999999999871 [-16.860200115706164, 2.890968265162775, 15.48132236152016]
10.419999999999867 [-16.587432654288758, 3.4016257495001057, 15.612252787103168]
10.639999999999862 [-16.34924764125616, 3.8024772488662806, 15.71465203434898]
10.859999999999857 [-16.068913916390603, 4.095122471357895, 15.841217826375381]
11.079999999999853 [-15.78793036541402, 4.343711928743839, 15.97016213512056]
11.299999999999848 [-15.518644738080337, 4.569354681748638, 16.094568196559088]
11.519999999999843 [-15.264036188899617, 4.779055965481414, 16.212641859615392]
11.739999999999839 [-15.024208779200887, 4.975369231124626, 16.32406265613716]
11.959999999999834 [-14.798524138744295, 5.159608886933238, 16.42886505815526]
12.17999999999983 [-14.586284982650705, 5.332771150591541, 16.527292836888638]
12.399999999999824 [-14.386812599715117, 5.495640326776136, 16.61979200982035]
12.61999999999982 [-14.19935668847993, 5.64878314710914, 16.706839786050864]
12.839999999999815 [-14.023113193613897, 5.792682099913663, 16.788760500893826]
13.05999999999981 [-13.857353988550422, 5.927889015959897, 16.86574599273431]
13.279999999999806 [-13.701494846105291, 6.055017429989547, 16.938025875328968]
13.499999999999801 [-13.555018706382139, 6.174608799765009, 17.005947288309507]
13.719999999999796 [-13.417367778740786, 6.287065683854479, 17.0698691909382]
13.939999999999792 [-13.287947021827275, 6.392735732653757, 17.130030303752214]
14.159999999999787 [-13.16622266258982, 6.492021222131488, 17.186570328884883]
14.379999999999782 [-13.05176259401302, 6.585372938523372, 17.2396490850122]
14.599999999999778 [-12.944191945673214, 6.673196242521092, 17.289517884820754]
14.819999999999773 [-12.843107751538277, 6.7557896044579895, 17.33644934461388]
15.039999999999768 [-12.748071384730821, 6.833401107774602, 17.380628002001647]
15.259999999999764 [-12.658681150244794, 6.9063196428529015, 17.422152317633355]
15.479999999999759 [-12.57461951520491, 6.974879170063428, 17.461134559696085]
15.699999999999754 [-12.495614184834972, 7.039380982464337, 17.49775894598931]
15.91999999999975 [-12.4213710917511, 7.100045126392937, 17.532227686190993]
16.139999999999745 [-12.351567782777513, 7.157052259093749, 17.56467780251843]
16.35999999999974 [-12.285907825039235, 7.210613098761537, 17.59518059972164]
16.579999999999735 [-12.22415767034674, 7.260973499607621, 17.623816286992465]
16.79999999999973 [-12.166118706523694, 7.30835652083865, 17.6507195256478]
17.019999999999726 [-12.111576409546073, 7.3529243316295725, 17.6760405312072]
17.23999999999972 [-12.060293750975797, 7.3948081398321435, 17.69988167276621]
17.459999999999717 [-12.012051584209471, 7.434161039157038, 17.72229476849413]
17.679999999999712 [-11.966677731923076, 7.471163805850422, 17.743336586467073]
17.899999999999707 [-11.924027412681161, 7.5059819485020745, 17.763105058066735]
18.119999999999703 [-11.883944559752331, 7.538735413594559, 17.781711901957927]
18.339999999999698 [-11.846255134493369, 7.569519393790987, 17.799234146721044]
18.559999999999693 [-11.810796857369365, 7.598444628364238, 17.815709678092194]
18.77999999999969 [-11.777442432287277, 7.625643815106899, 17.83117822080182]
18.999999999999684 [-11.74608635360428, 7.651240052484259, 17.84571050523288]
19.21999999999968 [-11.716615463993746, 7.675322466966049, 17.859389668477746]
19.439999999999674 [-11.688902193783662, 7.697960087898327, 17.87227414009652]
19.65999999999967 [-11.662826172767696, 7.719232583821769, 17.884391887421053]
19.879999999999665 [-11.638292946879524, 7.739237106897125, 17.89577033414808]
