0.0 (4.375, 1.0, 0.0)
0.21999999999999997 (3.6546622573099015, 1.0, 0.46876727043094757)
0.4200000000000001 (4.045453988867636, 1.0, 0.8142856729586182)
0.6200000000000002 (5.316549471959128, 1.0, 0.5175971965846701)
0.8200000000000004 (5.556827899862424, 1.0, 1.6356022897457876)
1.0200000000000005 (7.286283392012095, 1.0, 2.0411646658149034)
1.2200000000000006 (7.624320608777092, 1.0, 2.933876107441619)
1.4200000000000008 (8.247364208608694, 1.0, 4.45135437128552)
1.620000000000001 (9.173250822171887, 1.0, 5.143257184708503)
1.8200000000000012 (8.467655364701386, 1.0, 6.697480933249902)
2.0200000000000014 (9.087167360463884, 1.0, 8.23592276237836)
2.2200000000000015 (8.479866754881934, 1.0, 9.20998242905767)
2.4200000000000017 (6.898154708025763, 1.12219019053529, 10.171178715614793)
2.620000000000002 (6.683086486666888, 1.217706404002574, 11.028525673072714)
2.820000000000002 (4.813370749085313, 1.1377483457220858, 11.062837441504524)
3.0200000000000022 (3.341554141044263, 1.467915565050669, 12.349161162724538)
3.2200000000000024 (1.4377529950874364, 1.1467896518946585, 12.579199140871825)
3.4200000000000026 (-0.4222749572047374, 0.8298582493391278, 13.14889000793413)
3.6200000000000028 (-1.6530609436393038, 0.8192458178288838, 13.620944705804936)
3.820000000000003 (-2.1600385566714215, 0.8169117649579346, 13.738469196329882)
4.040000000000002 (-4.056691005738226, 1.028149188143118, 14.63820325441817)
4.259999999999997 (-4.671567417551376, 0.8107077885692701, 14.605359334387693)
4.479999999999992 (-5.235568339808974, 0.7547575227587648, 14.639779930188942)
4.699999999999988 (-7.318065316540244, 0.6765380988736032, 15.191923284829311)
4.919999999999983 (-8.146630695841239, 1.0170491899226242, 15.549688030552188)
5.139999999999978 (-8.927659750041816, 0.9131447646865494, 15.515845902588431)
5.359999999999974 (-10.949766947060615, 1.4629667997381148, 16.149089600388002)
5.579999999999969 (-11.794735459089441, 0.9817690514974577, 15.952172285435926)
5.799999999999964 (-12.988505043554266, 0.7215123307207482, 15.835044798141055)
6.01999999999996 (-13.17379019455615, 2.2078183567177736, 16.45126685081615)
6.239999999999955 (-13.438150379541394, 2.1415420481937333, 16.414107150710876)
6.45999999999995 (-14.628970396050113, 1.099306256034749, 16.002190617085336)
6.6799999999999455 (-15.331164755231182, 1.4120407809516642, 16.126198652858395)
6.899999999999941 (-15.996736460725666, 0.9758259829397642, 15.839906467244917)
7.119999999999936 (-15.031997598966973, 1.0339155541710694, 15.93800242240451)
7.3399999999999315 (-15.664472094468078, 1.5659217597442654, 15.982326589919888)
7.559999999999927 (-16.094314321831774, 1.4223050643380353, 15.789617545933385)
7.779999999999922 (-16.4984219494026, 1.0005047268166427, 15.62149467728277)
7.999999999999917 (-17.268874317657065, 1.3841495964926696, 15.505795306578642)
8.219999999999914 (-17.601938968352265, 0.7643622740775556, 15.25912976770611)
8.439999999999909 (-16.70962902885775, 1.3947892790650067, 15.558063050456811)
8.659999999999904 (-17.20185697600114, 1.8902945497587644, 15.356164313250197)
8.8799999999999 (-17.185586166277826, 1.0156635910575151, 15.390795459725371)
9.099999999999895 (-18.196605794469463, 0.6432148961281434, 15.057956946362804)
9.31999999999989 (-17.979252208525644, 2.2046795115398488, 15.014431975157615)
9.539999999999885 (-17.608927418661217, 1.6951520254642034, 15.184899325339693)
9.75999999999988 (-18.077495078141517, 1.2475971078807613, 14.986206678997872)
9.979999999999876 (-19.08020192789573, 1.3469220365348642, 14.49037438503225)
10.199999999999871 (-19.741968365632065, 0.5736076161962755, 14.232366051515104)
10.419999999999867 (-19.708152812848382, 0.6685086042093804, 14.276549515710325)
10.639999999999862 (-19.50078953554937, 1.1243783493464006, 14.288061846880877)
10.859999999999857 (-19.24560740478222, 1.4681939131713921, 14.37552336182448)
11.079999999999853 (-18.9712518569615, 1.7316436306916985, 14.492340761968135)
11.299999999999848 (-18.705526610586485, 1.9647127305837735, 14.61132337013437)
11.519999999999843 (-18.454756942132605, 2.178463805076496, 14.730545084027895)
11.739999999999839 (-18.21604395991646, 2.3737347406105185, 14.846201454105351)
11.959999999999834 (-17.987707449563032, 2.5541903950519798, 14.951946005613868)
12.17999999999983 (-17.77275330046117, 2.7263029305668307, 15.04637200997471)
12.399999999999824 (-17.57434478283657, 2.89254934226299, 15.135225759261687)
12.61999999999982 (-17.39044695115166, 3.0490255254981933, 15.224078267563458)
12.839999999999815 (-17.215420074908348, 3.1915714764185825, 15.31100002819486)
13.05999999999981 (-17.04672959656788, 3.322399746055484, 15.389371495814627)
13.279999999999806 (-16.88767100149812, 3.448071440036163, 15.457322081907819)
13.499999999999801 (-16.742159540484003, 3.571290252324518, 15.52094489301894)
13.719999999999796 (-16.608492365142784, 3.6876622070329694, 15.586566061847606)
13.939999999999792 (-16.479757514759427, 3.7918484704960913, 15.650789567884827)
14.159999999999787 (-16.356401637552587, 3.8877987777069136, 15.709680668938947)
14.379999999999782 (-16.23897366611391, 3.9789191496017775, 15.760290492791949)
14.599999999999778 (-16.131131156983567, 4.068726762780935, 15.806085108795562)
14.819999999999773 (-16.03295821049466, 4.154932991741992, 15.852935810383531)
15.039999999999768 (-15.940104826377347, 4.232829106988371, 15.901317690778459)
15.259999999999764 (-15.84910179208669, 4.3021596494438095, 15.945678241537248)
15.479999999999759 (-15.761702417694272, 4.368068878891211, 15.982131850389235)
15.699999999999754 (-15.682187455168046, 4.43457514332022, 16.014134654397942)
15.91999999999975 (-15.611091615389903, 4.499324283046774, 16.048201060672906)
16.139999999999745 (-15.54389409775052, 4.5569333458902115, 16.085207491271916)
16.35999999999974 (-15.476671975253392, 4.606631703154774, 16.11913856657926)
16.579999999999735 (-15.411171316336606, 4.653810167873429, 16.145291584544722)
16.79999999999973 (-15.352275149810238, 4.703111163617163, 16.1669768290068)
17.019999999999726 (-15.301071394526476, 4.752267929374907, 16.191421638525746)
17.23999999999972 (-15.252900976892798, 4.795205449552214, 16.22011592983249)
17.459999999999717 (-15.203254647954088, 4.830481802694951, 16.246674402084135)
17.679999999999712 (-15.153703143177687, 4.863667691395442, 16.26543021078624)
17.899999999999707 (-15.109720739080872, 4.900177336797342, 16.27935621890038)
18.119999999999703 (-15.073091847889007, 4.938035641999462, 16.29642861585562)
18.339999999999698 (-15.039105303474834, 4.970486374196727, 16.3189986622612)
18.559999999999693 (-15.002544390422877, 4.995224329152159, 16.340464173030046)
18.77999999999969 (-14.964596959489462, 5.017870299024326, 16.354047111873207)
18.999999999999684 (-14.93128562989576, 5.0447452472024095, 16.362120698310093)
19.21999999999968 (-14.905263630868584, 5.074424058652544, 16.373390406316727)
19.439999999999674 (-14.881918466648989, 5.099527585989529, 16.39135075249035)
19.65999999999967 (-14.855227510518459, 5.116664271692012, 16.409418945486824)
19.879999999999665 (-14.825740150940868, 5.131293881554599, 16.419579145991023)
