0.0 [0.0, 1.0, 0.0]
0.21999999999999997 [0.1120411567099891, 1.0, 0.00864920079194123]
0.4200000000000001 [0.4550620077550864, 1.0, 0.030244626239619918]
0.6200000000000002 [0.966120165988511, 1.0, 0.06228008981431303]
0.8200000000000004 [1.6077337435719818, 1.0, 0.10778732502246413]
1.0200000000000005 [2.347579006936437, 1.0, 0.1692353282379575]
1.2200000000000006 [3.1696308151895716, 1.0, 0.24548004894362618]
1.4200000000000008 [4.048433142806234, 1.0, 0.36607723774279094]
1.620000000000001 [4.96967621020345, 1.0, 0.5393654752549302]
1.8200000000000012 [5.922905733630558, 1.0, 0.7810926053489662]
2.0200000000000014 [6.886246066552274, 1.0, 1.0925123894653912]
2.2200000000000015 [7.850824193173303, 1.0, 1.4776398159899018]
2.4200000000000017 [8.801534299752854, 1.0, 1.9574976389432062]
2.620000000000002 [9.719971157179419, 1.0, 2.537622255016804]
2.820000000000002 [10.58676934220877, 1.0, 3.2214735238897947]
3.0200000000000022 [11.383782039069429, 1.0, 3.99543159069086]
3.2200000000000024 [12.096167607696417, 1.0, 4.861041438598794]
3.4200000000000026 [12.701638790765047, 1.0, 5.813405682503361]
3.6200000000000028 [13.180397057408506, 1.0, 6.84600359692972]
3.820000000000003 [13.517767591904642, 1.0, 7.940765244618677]
4.040000000000002 [13.718802859992874, 1.0, 9.182992928704351]
4.259999999999997 [13.729350024323834, 1.0, 10.449515448796307]
4.479999999999992 [13.542458455798895, 1.0, 11.707524798637]
4.699999999999988 [13.149812641674574, 1.0, 12.919523798760364]
4.919999999999983 [12.564415063907482, 1.0, 14.057650708470568]
5.139999999999978 [11.790318433975283, 1.0, 15.081924011648908]
5.359999999999974 [10.847067096751525, 1.0, 15.967070657345003]
5.579999999999969 [9.765288863034742, 1.0, 16.669490527377857]
5.799999999999964 [8.575200506989447, 1.0, 17.17464275095089]
6.01999999999996 [7.315407396627009, 1.0, 17.464797512049785]
6.239999999999955 [6.018067117243748, 1.0, 17.517003125883825]
6.45999999999995 [4.735451104131444, 1.0, 17.335221122145114]
6.6799999999999455 [3.5120979261089023, 1.0, 16.910600870962835]
6.899999999999941 [2.385678972092113, 1.0, 16.265985350790018]
7.119999999999936 [1.407597451536315, 1.0, 15.413771641200203]
7.3399999999999315 [0.6094294170774862, 1.0, 14.388370551240442]
7.559999999999927 [0.02868112365689543, 1.0, 13.237064444368134]
7.779999999999922 [-0.3234024137067487, 1.0, 11.993440230569075]
7.999999999999917 [-0.4314923327476013, 1.0, 10.70724182112407]
8.219999999999914 [-0.28178466016560727, 1.0, 9.423785289053631]
8.439999999999909 [0.10664398835397543, 1.0, 8.194307485850564]
8.659999999999904 [0.7335824905797848, 1.0, 7.0668977552270125]
8.8799999999999 [1.5675583213071178, 1.0, 6.075065468340485]
9.099999999999895 [2.580699195741728, 1.0, 5.271808626508225]
9.31999999999989 [3.7299091456120976, 1.0, 4.67971401187575]
9.539999999999885 [4.96455272609269, 1.0, 4.319613934383265]
9.75999999999988 [6.25149408628196, 1.0, 4.206266120137144]
9.979999999999876 [7.533730139995953, 1.0, 4.341050246634308]
10.199999999999871 [8.724266050504198, 1.0, 4.713592824127183]
10.419999999999867 [9.755021580209096, 1.0, 5.219796779982111]
10.639999999999862 [10.666703420808094, 1.0, 5.786480201787508]
10.859999999999857 [11.496512012940276, 1.0, 6.3579594195377345]
11.079999999999853 [12.265624946284884, 1.0, 6.9103572356698395]
11.299999999999848 [12.984174078089088, 1.0, 7.4357428558482015]
11.519999999999843 [13.657551494309695, 1.0, 7.932481151982157]
11.739999999999839 [14.289318353489943, 1.0, 8.401120605781866]
11.959999999999834 [14.882306713119537, 1.0, 8.842884227981418]
12.17999999999983 [15.439005456482302, 1.0, 9.259158713548178]
12.399999999999824 [15.961693373978811, 1.0, 9.651330908256309]
12.61999999999982 [16.45248798649052, 1.0, 10.02073845275266]
12.839999999999815 [16.9133670408321, 1.0, 10.368656602010144]
13.05999999999981 [17.346181072165976, 1.0, 10.696296209424554]
13.279999999999806 [17.75266282166602, 1.0, 11.004805079589909]
13.499999999999801 [18.134435313093224, 1.0, 11.295270303432158]
13.719999999999796 [18.493019161358376, 1.0, 11.568720850680169]
13.939999999999792 [18.829839311342077, 1.0, 11.826130197091368]
14.159999999999787 [19.146231291154926, 1.0, 12.068418914823846]
14.379999999999782 [19.443447028269496, 1.0, 12.296457200161976]
14.599999999999778 [19.722660264575513, 1.0, 12.5110673273837]
14.819999999999773 [19.98497160104722, 1.0, 12.713026022825993]
15.039999999999768 [20.2314131995401, 1.0, 12.90306675561072]
15.259999999999764 [20.462953166835064, 1.0, 13.081881942932915]
15.479999999999759 [20.680499643997543, 1.0, 13.250125068854038]
15.699999999999754 [20.884904622284335, 1.0, 13.408412716363221]
15.91999999999975 [21.076967505164134, 1.0, 13.557326513136408]
16.139999999999745 [21.25743843449495, 1.0, 13.697414991967303]
16.35999999999974 [21.427021397508465, 1.0, 13.829195367286136]
16.579999999999735 [21.58637712997501, 1.0, 13.953155229537332]
16.79999999999973 [21.736125829753433, 1.0, 14.069754159467982]
17.019999999999726 [21.876849693856933, 1.0, 14.179425264596784]
17.23999999999972 [22.00909529118211, 1.0, 14.282576640297012]
17.459999999999717 [22.133375782144498, 1.0, 14.3795927580453]
17.679999999999712 [22.25017299563336, 1.0, 14.470835783467724]
17.899999999999707 [22.359939372935614, 1.0, 14.556646826861847]
18.119999999999703 [22.463099787576336, 1.0, 14.637347128893415]
18.339999999999698 [22.56005324937696, 1.0, 14.71323918416366]
18.559999999999693 [22.65117450043715, 1.0, 14.78460780532195]
18.77999999999969 [22.736815510197406, 1.0, 14.851721130361572]
18.999999999999684 [22.817306876233324, 1.0, 14.914831575687565]
19.21999999999968 [22.89295913696563, 1.0, 14.97417673748621]
19.439999999999674 [22.964064002038185, 1.0, 15.029980243858962]
19.65999999999967 [23.03089550571789, 1.0, 15.082452560110761]
19.879999999999665 [23.093711088301525, 1.0, 15.131791749505252]
