0.0 (4.375, 1.0, 0.0)
0.21999999999999997 (4.245588213548348, 1.0, 0.29588137844377044)
0.4200000000000001 (4.1384758230593315, 1.0, 0.4790182365255757)
0.6200000000000002 (4.503424656024248, 1.0, 0.7679801913797697)
0.8200000000000004 (5.229888514446766, 1.0, 0.8560084350870074)
1.0200000000000005 (6.388812002320117, 1.0, 0.9126777383715836)
1.2200000000000006 (7.1838914762683705, 1.0, 1.1043157077851842)
1.4200000000000008 (7.574532631338686, 1.0, 1.473018932311347)
1.620000000000001 (8.2232629362351, 1.0, 2.058491464685906)
1.8200000000000012 (9.134473123046119, 1.0, 2.5484821372122504)
2.0200000000000014 (10.39424932638489, 1.0, 3.162185109778633)
2.2200000000000015 (11.21403309256774, 1.0, 3.760142680713016)
2.4200000000000017 (11.517095028631509, 1.0, 4.4343008392947905)
2.620000000000002 (11.896485899121938, 1.0, 5.361916598926704)
2.820000000000002 (12.484167496633216, 1.0, 6.320864722011105)
3.0200000000000022 (13.276961437204392, 1.0, 7.569013662140612)
3.2200000000000024 (13.622761694417614, 1.0, 8.578689916016621)
3.4200000000000026 (13.479184912324829, 1.0, 9.384728385550416)
3.6200000000000028 (13.224561491402039, 1.0, 10.390993395215867)
3.820000000000003 (13.086492953422441, 1.0, 11.527365750970425)
4.040000000000002 (12.800497013093638, 1.0, 12.958307339624156)
4.259999999999997 (12.289708502313918, 1.0, 14.248288571632852)
4.479999999999992 (11.572697254111853, 1.0, 15.229640107657955)
4.699999999999988 (10.687211794733456, 1.0, 15.900695819559704)
4.919999999999983 (9.72246220550304, 1.0, 16.34118107391312)
5.139999999999978 (8.589808832913013, 1.0, 16.670822276220306)
5.359999999999974 (7.467365594202121, 1.0, 16.829424291136057)
5.579999999999969 (6.205229455321874, 1.0, 16.961586658157014)
5.799999999999964 (4.821185341550375, 1.0, 16.905311519839884)
6.01999999999996 (3.3966314240037283, 1.0, 16.620321317073845)
6.239999999999955 (2.250076766743402, 1.0, 16.05095297002282)
6.45999999999995 (1.4473308746672158, 1.0, 15.250914849719942)
6.6799999999999455 (0.8886590618823298, 1.0, 14.281795230922897)
6.899999999999941 (0.5210879184576346, 1.0, 13.237329592560556)
7.119999999999936 (0.3033110346444774, 1.0, 12.07721681524179)
7.3399999999999315 (0.21041542070892766, 1.0, 10.93320711172003)
7.559999999999927 (0.19336703188197105, 1.0, 9.551709172385806)
7.779999999999922 (0.46472132761544466, 1.0, 8.15030858599194)
7.999999999999917 (0.9830138504279113, 1.0, 6.913724910770342)
8.219999999999914 (1.7698734451728555, 1.0, 6.039291064247523)
8.439999999999909 (2.7015349802680286, 1.0, 5.478712359329041)
8.659999999999904 (3.7596872812645583, 1.0, 5.1004189075874065)
8.8799999999999 (4.881182164501378, 1.0, 4.9144859078909615)
9.099999999999895 (6.047119349848885, 1.0, 4.837215296739376)
9.31999999999989 (7.301425735060269, 1.0, 4.8803126666735075)
9.539999999999885 (8.74368730609472, 1.0, 5.113088354043865)
9.75999999999988 (10.01114844336254, 1.0, 5.638938673887134)
9.979999999999876 (10.972906149930191, 1.0, 6.390938103445231)
10.199999999999871 (12.386903204276155, 1.0, 7.064276514977525)
10.419999999999867 (13.359755592957914, 1.0, 7.698607882110445)
10.639999999999862 (14.213455300672726, 1.0, 8.34783618620619)
10.859999999999857 (15.020864932097325, 1.0, 8.950049636731636)
11.079999999999853 (15.779782915308136, 1.0, 9.516253401747832)
11.299999999999848 (16.49178538921556, 1.0, 10.050445499573785)
11.519999999999843 (17.159846931628064, 1.0, 10.55430101019476)
11.739999999999839 (17.786842071077555, 1.0, 11.029303607582646)
11.959999999999834 (18.375400430757985, 1.0, 11.476953201107623)
12.17999999999983 (18.92794395873274, 1.0, 11.898729877891041)
12.399999999999824 (19.446722777641675, 1.0, 12.296061954191941)
12.61999999999982 (19.933836908434987, 1.0, 12.670313156879551)
12.839999999999815 (20.39125020090304, 1.0, 13.022779636640301)
13.05999999999981 (20.82080076988405, 1.0, 13.354690839253397)
13.279999999999806 (21.224209800718132, 1.0, 13.667211715744578)
13.499999999999801 (21.60308943524205, 1.0, 13.961445348174701)
13.719999999999796 (21.95895000748052, 1.0, 14.238435671955038)
13.939999999999792 (22.293206742809424, 1.0, 14.499170184924052)
14.159999999999787 (22.607185981323696, 1.0, 14.744582603112523)
14.379999999999782 (22.902130967361852, 1.0, 14.97555544638153)
14.599999999999778 (23.17920723946894, 1.0, 15.192922545425368)
14.819999999999773 (23.439507651016978, 1.0, 15.397471465142896)
15.039999999999768 (23.684057048883698, 1.0, 15.589945841283852)
15.259999999999764 (23.913816635282505, 1.0, 15.771047628562629)
15.479999999999759 (24.12968803580544, 1.0, 15.941439259416775)
15.699999999999754 (24.33251709490696, 1.0, 16.10174571338065)
15.91999999999975 (24.523097418385586, 1.0, 16.252556497692787)
16.139999999999745 (24.702173680893505, 1.0, 16.39442754028451)
16.35999999999974 (24.870444715107215, 1.0, 16.527882996725896)
16.579999999999735 (25.0285663979129, 1.0, 16.653416973048067)
16.79999999999973 (25.17715434778807, 1.0, 16.77149516663059)
17.019999999999726 (25.316786446486407, 1.0, 16.88255642755015)
17.23999999999972 (25.448005197147104, 1.0, 16.98701424294139)
17.459999999999717 (25.57131993004503, 1.0, 17.085258147030196)
17.679999999999712 (25.687208866367502, 1.0, 17.177655059571602)
17.899999999999707 (25.79612104963943, 1.0, 17.26455055546449)
18.119999999999703 (25.898478153716706, 1.0, 17.34627006832818)
18.339999999999698 (25.994676175621308, 1.0, 17.42312003081769)
18.559999999999693 (26.085087020896722, 1.0, 17.495388954426797)
18.77999999999969 (26.170059988613897, 1.0, 17.56334845148649)
18.999999999999684 (26.24992316265244, 1.0, 17.627254202012228)
19.21999999999968 (26.324984715415358, 1.0, 17.68734686798979)
19.439999999999674 (26.395534129704764, 1.0, 17.74385295761846)
19.65999999999967 (26.461843344088322, 1.0, 17.79698564195373)
19.879999999999665 (26.524167826718042, 1.0, 17.846945526310506)
