0.0 (-0.75, 1.0, 0.0)
0.02 (-0.75, 1.0, 0.0)
0.04 (-0.7618850690009005, 1.0, 0.1617647618531793)
0.06 (-0.8762775176358187, 1.0, 0.4166147339496279)
0.08 (-1.173390923265883, 1.0, 0.6423931962206261)
0.1 (-1.6319587036239938, 1.0, 0.8356036858616535)
0.12000000000000001 (-2.191012768721939, 1.0, 1.025421622342519)
0.14 (-2.798455740992555, 1.0, 1.2119806992541327)
0.16 (-3.415570952295913, 1.0, 1.3829115534625005)
0.18 (-4.013444167218845, 1.0, 1.5355420008353005)
0.19999999999999998 (-4.574180572515626, 1.0, 1.673629601018269)
0.21999999999999997 (-5.088197070316964, 1.0, 1.8006350046983666)
0.23999999999999996 (-5.5505038413459635, 1.0, 1.918866481229163)
0.25999999999999995 (-5.958812861716423, 1.0, 2.02984041461258)
0.27999999999999997 (-6.3126042215325935, 1.0, 2.1344758902518226)
0.3 (-6.612562321073472, 1.0, 2.23325156408596)
0.32 (-6.860240298962673, 1.0, 2.326306244897233)
0.34 (-7.057859620608173, 1.0, 2.413479872342793)
0.36000000000000004 (-7.2081506060445, 1.0, 2.4943322614909307)
0.38000000000000006 (-7.314249615403061, 1.0, 2.5681259979543247)
0.4000000000000001 (-7.379611937841333, 1.0, 2.634117138062907)
0.4200000000000001 (-7.407879625246258, 1.0, 2.691360071171873)
0.4400000000000001 (-7.402715073111528, 1.0, 2.7388929500516297)
0.46000000000000013 (-7.367769911099625, 1.0, 2.7758170442718306)
0.48000000000000015 (-7.306597606401933, 1.0, 2.80132489614176)
0.5000000000000001 (-7.222550103675705, 1.0, 2.8147858732664437)
0.5200000000000001 (-7.1189312347019404, 1.0, 2.8156718343404945)
0.5400000000000001 (-6.999121452322986, 1.0, 2.803552733568886)
0.5600000000000002 (-6.866474538569548, 1.0, 2.7783107381265393)
0.5800000000000002 (-6.724170905296036, 1.0, 2.7403493875427625)
0.6000000000000002 (-6.575029970769393, 1.0, 2.690827362869032)
0.6200000000000002 (-6.421363618465418, 1.0, 2.6315076532578043)
0.6400000000000002 (-6.265102222149744, 1.0, 2.5643280104502906)
0.6600000000000003 (-6.1077366359706415, 1.0, 2.4913624135719927)
0.6800000000000003 (-5.950578573661618, 1.0, 2.4147166163462566)
0.7000000000000003 (-5.7950582904034675, 1.0, 2.336408774651068)
0.7200000000000003 (-5.642812513047766, 1.0, 2.2583093619918664)
0.7400000000000003 (-5.495748224750112, 1.0, 2.1820885341363754)
0.7600000000000003 (-5.355887784798453, 1.0, 2.1092578669332194)
0.7800000000000004 (-5.225080197483951, 1.0, 2.0411697992611546)
0.8000000000000004 (-5.104782399768085, 1.0, 1.9789820657343415)
0.8200000000000004 (-4.9959357982107795, 1.0, 1.9236077394212556)
0.8400000000000004 (-4.899077328507043, 1.0, 1.8756742070642816)
0.8600000000000004 (-4.814538001347843, 1.0, 1.8355371355647199)
0.8800000000000004 (-4.742590187827893, 1.0, 1.803322134777646)
0.9000000000000005 (-4.683448365287483, 1.0, 1.7789810723114923)
0.9200000000000005 (-4.637246114531286, 1.0, 1.76233647439552)
0.9400000000000005 (-4.60401916189133, 1.0, 1.7531433502952354)
0.9600000000000005 (-4.583657841475998, 1.0, 1.7511365908757888)
0.9800000000000005 (-4.575854064980437, 1.0, 1.756077326957635)
1.0000000000000004 (-4.58006426481341, 1.0, 1.7677892141083795)
1.0200000000000005 (-4.595501095932969, 1.0, 1.7862180582753828)
1.0400000000000005 (-4.621139263773214, 1.0, 1.811462433891627)
1.0600000000000005 (-4.655731523628872, 1.0, 1.8437777038807335)
1.0800000000000005 (-4.69783494053688, 1.0, 1.883544804903508)
1.1000000000000005 (-4.745847568582512, 1.0, 1.9312042668659612)
1.1200000000000006 (-4.798053967383025, 1.0, 1.9871641646738019)
1.1400000000000006 (-4.852676106494627, 1.0, 2.05169578374619)
1.1600000000000006 (-4.907926379930781, 1.0, 2.1248322778872626)
1.1800000000000006 (-4.962061506186442, 1.0, 2.20628458417289)
1.2000000000000006 (-5.0134375746685995, 1.0, 2.295386154055907)
1.2200000000000006 (-5.060566060863767, 1.0, 2.3910743717536596)
1.2400000000000007 (-5.102168791390601, 1.0, 2.491911620287344)
1.2600000000000007 (-5.137227793644979, 1.0, 2.596143758529182)
1.2800000000000007 (-5.1650246115673095, 1.0, 2.70178930285353)
1.3000000000000007 (-5.185163079111606, 1.0, 2.806748830190471)
1.3200000000000007 (-5.197570014577329, 1.0, 2.90892118349587)
1.3400000000000007 (-5.202470714479456, 1.0, 3.0063117686137586)
1.3600000000000008 (-5.200340735700912, 1.0, 3.097119732687465)
1.3800000000000008 (-5.191840713034255, 1.0, 3.1797956137869687)
1.4000000000000008 (-5.1777440941332, 1.0, 3.2530683558972493)
1.4200000000000008 (-5.158866847605693, 1.0, 3.3159483955408997)
1.4400000000000008 (-5.1360042332663545, 1.0, 3.3677190661679512)
1.4600000000000009 (-5.109875507732163, 1.0, 3.4079291509852627)
1.4800000000000009 (-5.081075555442668, 1.0, 3.4363942134044225)
1.5000000000000009 (-5.050033287695247, 1.0, 3.453205986719017)
1.520000000000001 (-5.016978520955589, 1.0, 3.4587428083761687)
1.540000000000001 (-4.981919811862687, 1.0, 3.453673593183368)
1.560000000000001 (-4.944634962977826, 1.0, 3.4389519892325255)
1.580000000000001 (-4.90467531399503, 1.0, 3.4158013189711487)
1.600000000000001 (-4.861386143451945, 1.0, 3.3856911603763598)
1.620000000000001 (-4.8139475864894825, 1.0, 3.3503039588299406)
1.640000000000001 (-4.761440272977195, 1.0, 3.3114885233210165)
1.660000000000001 (-4.702935750276702, 1.0, 3.271199797545576)
1.680000000000001 (-4.637602159544846, 1.0, 3.231426450955488)
1.700000000000001 (-4.564811701502168, 1.0, 3.1940970301944223)
1.720000000000001 (-4.484246761233006, 1.0, 3.1609906951071696)
1.740000000000001 (-4.395976333832025, 1.0, 3.1336520025543035)
1.7600000000000011 (-4.300509155135169, 1.0, 3.113310103537143)
1.7800000000000011 (-4.1988244355244575, 1.0, 3.100824201332478)
1.8000000000000012 (-4.092371559820856, 1.0, 3.0966716524504982)
1.8200000000000012 (-3.9830281643498777, 1.0, 3.1009814465989534)
1.8400000000000012 (-3.873005963684599, 1.0, 3.1135984537084953)
1.8600000000000012 (-3.764702579322104, 1.0, 3.1341525286309957)
1.8800000000000012 (-3.6605167659142865, 1.0, 3.1621098683473368)
1.9000000000000012 (-3.562665233584629, 1.0, 3.196799857408597)
1.9200000000000013 (-3.4730466200451406, 1.0, 3.2374274495880218)
1.9400000000000013 (-3.3931826196404598, 1.0, 3.2830873033277843)
1.9600000000000013 (-3.3242338892437764, 1.0, 3.3327894522194015)
1.9800000000000013 (-3.2670578828461676, 1.0, 3.385495763890978)
2.0000000000000013 (-3.222265663439304, 1.0, 3.4401616754792848)
2.0200000000000014 (-3.19024890470308, 1.0, 3.4957802399455513)
2.0400000000000014 (-3.171173241245568, 1.0, 3.5514294037138217)
2.0600000000000014 (-3.164952826092522, 1.0, 3.6063239023535356)
2.0800000000000014 (-3.1712268251252453, 1.0, 3.6598707594523066)
2.1000000000000014 (-3.1893542495080687, 1.0, 3.7117244452614897)
2.1200000000000014 (-3.218433604032488, 1.0, 3.761835074611237)
2.1400000000000015 (-3.2573431826027264, 1.0, 3.8104805078827115)
2.1600000000000015 (-3.304791362753099, 1.0, 3.858271763609423)
2.1800000000000015 (-3.359365938237339, 1.0, 3.9061227104531437)
2.2000000000000015 (-3.4195752575287823, 1.0, 3.9551807069420244)
2.2200000000000015 (-3.4838782442963847, 1.0, 4.006723165982171)
2.2400000000000015 (-3.550703527721861, 1.0, 4.062032278174638)
2.2600000000000016 (-3.6184602045777785, 1.0, 4.122263361203534)
2.2800000000000016 (-3.685544903089756, 1.0, 4.188321405230935)
2.3000000000000016 (-3.7503515452644947, 1.0, 4.260757456818226)
2.3200000000000016 (-3.811290391073011, 1.0, 4.3396935346017935)
2.3400000000000016 (-3.8668209229663906, 1.0, 4.4247823514271465)
2.3600000000000017 (-3.9154994348371304, 1.0, 4.515205723489873)
2.3800000000000017 (-3.956037992200051, 1.0, 4.609712650407543)
2.4000000000000017 (-3.9873675778441826, 1.0, 4.706694487979113)
2.4200000000000017 (-4.008695263358128, 1.0, 4.804290365487021)
2.4400000000000017 (-4.0195440974011545, 1.0, 4.9005112907413615)
2.4600000000000017 (-4.019766396941893, 1.0, 4.993367514299416)
2.4800000000000018 (-4.009526609183482, 1.0, 5.080982857603431)
2.5000000000000018 (-3.9892570839767987, 1.0, 5.161683495515908)
2.520000000000002 (-3.9595957713403434, 1.0, 5.234056692574726)
2.540000000000002 (-3.9213166662600623, 1.0, 5.2969842758646655)
2.560000000000002 (-3.875261774656157, 1.0, 5.349661861484617)
2.580000000000002 (-3.8222794748221647, 1.0, 5.3916147863098365)
2.600000000000002 (-3.7631707854526724, 1.0, 5.422715613618157)
2.620000000000002 (-3.698643585525527, 1.0, 5.443200215910957)
2.640000000000002 (-3.629275080877144, 1.0, 5.4536751861044355)
2.660000000000002 (-3.555483652901025, 1.0, 5.455110874252419)
2.680000000000002 (-3.477511904481497, 1.0, 5.448818683518221)
2.700000000000002 (-3.3954236139710394, 1.0, 5.4364138948392515)
2.720000000000002 (-3.309117210324088, 1.0, 5.419772058486057)
2.740000000000002 (-3.2183618151035365, 1.0, 5.4009590339806515)
2.760000000000002 (-3.1228651206329126, 1.0, 5.382136424159772)
2.780000000000002 (-3.022358532718794, 1.0, 5.365466206530064)
2.800000000000002 (-2.916690091287457, 1.0, 5.3530068655719045)
2.820000000000002 (-2.805915902256154, 1.0, 5.346604366557434)
2.840000000000002 (-2.690376457612017, 1.0, 5.3477891521092)
2.860000000000002 (-2.570748949254812, 1.0, 5.357688793336065)
2.880000000000002 (-2.448073661597098, 1.0, 5.376966752618605)
2.900000000000002 (-2.3237549320092574, 1.0, 5.405799533037275)
2.920000000000002 (-2.199533860824124, 1.0, 5.443900897769016)
2.940000000000002 (-2.0774247175026432, 1.0, 5.490590647618951)
2.960000000000002 (-1.959606959740139, 1.0, 5.544891870419124)
2.980000000000002 (-1.8482758961761478, 1.0, 5.605633079566231)
3.000000000000002 (-1.7454751655634262, 1.0, 5.67153480872904)
3.0200000000000022 (-1.6529508570860656, 1.0, 5.74127129193365)
3.0400000000000023 (-1.5720656205502852, 1.0, 5.813509487463816)
3.0600000000000023 (-1.503788066696237, 1.0, 5.886933985605173)
3.0800000000000023 (-1.4487449639620145, 1.0, 5.96026796259728)
3.1000000000000023 (-1.4072942645813864, 1.0, 6.032293188649453)
3.1200000000000023 (-1.3795468333697265, 1.0, 6.101872332709808)
3.1400000000000023 (-1.3653948744431794, 1.0, 6.167993383265832)
3.1600000000000024 (-1.3644853093727303, 1.0, 6.229862134567709)
3.1800000000000024 (-1.376424376518604, 1.0, 6.28680067630675)
3.2000000000000024 (-1.4005235522063424, 1.0, 6.338510833845291)
3.2200000000000024 (-1.4358685673545684, 1.0, 6.385010693391003)
3.2400000000000024 (-1.4813948164763557, 1.0, 6.42666356209264)
3.2600000000000025 (-1.5359504659934604, 1.0, 6.464199711823396)
3.2800000000000025 (-1.598366370958264, 1.0, 6.498696883703405)
3.3000000000000025 (-1.6674760612252912, 1.0, 6.53152272540827)
3.3200000000000025 (-1.7421198349096787, 1.0, 6.564246190561055)
3.3400000000000025 (-1.8211556783045681, 1.0, 6.598518110798674)
3.3600000000000025 (-1.9033979357917428, 1.0, 6.635953999353009)
3.3800000000000026 (-1.9875865090408136, 1.0, 6.67802789939558)
3.4000000000000026 (-2.0723978612083607, 1.0, 6.725945028343369)
3.4200000000000026 (-2.156425198892348, 1.0, 6.780538895252491)
3.4400000000000026 (-2.238169770863969, 1.0, 6.842217427267702)
3.4600000000000026 (-2.3160593323574794, 1.0, 6.9109361886887575)
3.4800000000000026 (-2.38849203159734, 1.0, 6.986199519264461)
3.5000000000000027 (-2.4539010484248993, 1.0, 7.067092960742995)
3.5200000000000027 (-2.510831980126544, 1.0, 7.152345742968544)
3.5400000000000027 (-2.5580213051741354, 1.0, 7.240418506419406)
3.5600000000000027 (-2.5944621508963777, 1.0, 7.3296076276570945)
3.5800000000000027 (-2.6194452176858647, 1.0, 7.418154168244136)
3.6000000000000028 (-2.6325686142025186, 1.0, 7.5043446525505795)
3.6200000000000028 (-2.633718431233151, 1.0, 7.586594135431356)
3.640000000000003 (-2.6230286447065527, 1.0, 7.66350879298035)
3.660000000000003 (-2.600831797949776, 1.0, 7.733932536925147)
3.680000000000003 (-2.567610412009821, 1.0, 7.796985914710109)
3.700000000000003 (-2.5239546693554233, 1.0, 7.85210358028539)
3.720000000000003 (-2.4705274409991937, 1.0, 7.8990707520219)
3.740000000000003 (-2.408035105772753, 1.0, 7.938052783818911)
3.760000000000003 (-2.3372015229759544, 1.0, 7.969607318826653)
3.780000000000003 (-2.2587326917543478, 1.0, 7.994690369546061)
3.800000000000003 (-2.173295365146276, 1.0, 8.014629899867334)
3.820000000000003 (-2.081521713480384, 1.0, 8.031070965059579)
3.840000000000003 (-1.9840093160110939, 1.0, 8.04592498714566)
3.860000000000003 (-1.881310509802634, 1.0, 8.061254145823458)
3.880000000000003 (-1.774030395864674, 1.0, 8.079277511719097)
3.900000000000003 (-1.6628002039675236, 1.0, 8.102122956600393)
3.920000000000003 (-1.5483226461581472, 1.0, 8.131686121836855)
3.940000000000003 (-1.4314312790511279, 1.0, 8.169524230229484)
3.960000000000003 (-1.3131184884845162, 1.0, 8.216745815891318)
3.980000000000003 (-1.1945399280947016, 1.0, 8.273923505036663)
4.000000000000003 (-1.0770124837271444, 1.0, 8.341041865953498)
4.020000000000002 (-0.9454868410331767, 1.0, 8.40001920404677)
4.040000000000002 (-0.7989542425077922, 1.0, 8.452095262294781)
4.060000000000001 (-0.6433887124773688, 1.0, 8.502806512281477)
4.080000000000001 (-0.4830994498052523, 1.0, 8.554372376504157)
4.1000000000000005 (-0.32151676363913173, 1.0, 8.607908646774536)
4.12 (-0.16184040122284368, 1.0, 8.663480316235676)
4.14 (-0.006811983814086042, 1.0, 8.7206253636592)
4.159999999999999 (0.14169468281130318, 1.0, 8.778879117910895)
4.179999999999999 (0.2821258148431689, 1.0, 8.8373964874887)
4.199999999999998 (0.4130763590983737, 1.0, 8.895159850412641)
4.219999999999998 (0.5335964120259054, 1.0, 8.951522167097773)
4.2399999999999975 (0.642940217012072, 1.0, 9.00592319337589)
4.259999999999997 (0.7405052185066417, 1.0, 9.05789691501702)
4.279999999999997 (0.8258409466499513, 1.0, 9.107126019105696)
4.299999999999996 (0.898659679061054, 1.0, 9.153486084824092)
4.319999999999996 (0.9588410798063598, 1.0, 9.19708104478113)
4.339999999999995 (1.0064285779258024, 1.0, 9.238264921012169)
4.359999999999995 (1.0416266392368854, 1.0, 9.277647799238036)
4.379999999999995 (1.0648091599892882, 1.0, 9.316084207831471)
4.399999999999994 (1.0765411838106902, 1.0, 9.354639075162638)
4.419999999999994 (1.0776082107408487, 1.0, 9.39452684032456)
4.439999999999993 (1.0690433407917563, 1.0, 9.43702569915937)
4.459999999999993 (1.0521419338177305, 1.0, 9.48337583434184)
4.479999999999992 (1.0284542860216481, 1.0, 9.534674050903853)
4.499999999999992 (0.9997489344767359, 1.0, 9.591776931222554)
4.519999999999992 (0.967945009019183, 1.0, 9.655221911544404)
4.539999999999991 (0.9350211318862275, 1.0, 9.725173436069134)
4.559999999999991 (0.9029159813111098, 1.0, 9.801399969140618)
4.57999999999999 (0.8734371249773387, 1.0, 9.883285508277792)
4.59999999999999 (0.8481891154821999, 1.0, 9.96987572816957)
4.6199999999999894 (0.8285235239884826, 1.0, 10.059953695852888)
4.639999999999989 (0.8155085442790135, 1.0, 10.152134386665844)
4.659999999999989 (0.8099159035321372, 1.0, 10.24496328354254)
4.679999999999988 (0.8122254633352902, 1.0, 10.33700392495148)
4.699999999999988 (0.8226487062484543, 1.0, 10.426903301604991)
4.719999999999987 (0.8411692689609415, 1.0, 10.513431450779672)
4.739999999999987 (0.8675940727911355, 1.0, 10.595499518912773)
4.7599999999999865 (0.901606409939284, 1.0, 10.672166063194672)
4.779999999999986 (0.9428141300895325, 1.0, 10.742643082561495)
4.799999999999986 (0.9907899284457716, 1.0, 10.806311067305788)
4.819999999999985 (1.0451041178894158, 1.0, 10.862746547265733)
4.839999999999985 (1.1053522885849216, 1.0, 10.911757720747639)
4.859999999999984 (1.171180817894058, 1.0, 10.95341759452959)
4.879999999999984 (1.2423117838403606, 1.0, 10.988083757645313)
4.8999999999999835 (1.318565367781175, 1.0, 11.016399395137867)
4.919999999999983 (1.3998737091422762, 1.0, 11.039276420158766)
4.939999999999983 (1.48627772638022, 1.0, 11.057863733204382)
4.959999999999982 (1.5778994354588927, 1.0, 11.073501793349775)
4.979999999999982 (1.6748868151228222, 1.0, 11.087663808624182)
4.999999999999981 (1.7773356101017215, 1.0, 11.101885570531335)
5.019999999999981 (1.885201546270377, 1.0, 11.117680744673859)
5.0399999999999805 (1.9982101685437492, 1.0, 11.136460114910012)
5.05999999999998 (2.115784498663052, 1.0, 11.159463584319841)
5.07999999999998 (2.2370012951883145, 1.0, 11.187700506978976)
5.099999999999979 (2.360580298470364, 1.0, 11.22190623949)
5.119999999999979 (2.4849112122538304, 1.0, 11.26252187141288)
5.139999999999978 (2.6081189675310217, 1.0, 11.309697864941748)
5.159999999999978 (2.728163916135526, 1.0, 11.363316853204926)
5.1799999999999775 (2.8429677333708763, 1.0, 11.42302708868361)
5.199999999999977 (2.950547731275557, 1.0, 11.48827846651665)
5.219999999999977 (3.0491361971153474, 1.0, 11.558357355284526)
5.239999999999976 (3.1372613027531333, 1.0, 11.632418989055084)
5.259999999999976 (3.2137801245381517, 1.0, 11.709523964357432)
5.279999999999975 (3.277891276804913, 1.0, 11.788691794242274)
5.299999999999975 (3.3290891888537053, 1.0, 11.868938603885614)
5.3199999999999745 (3.367120125909812, 1.0, 11.949314753776841)
5.339999999999974 (3.3919548321710367, 1.0, 12.028950786478777)
5.359999999999974 (3.403766324691389, 1.0, 12.107103203285801)
5.379999999999973 (3.4029173403328903, 1.0, 12.183198477015399)
5.399999999999973 (3.389953260372214, 1.0, 12.256875251268323)
5.419999999999972 (3.3655925230419035, 1.0, 12.328021711740547)
5.439999999999972 (3.330708520968042, 1.0, 12.396803933288588)
5.4599999999999715 (3.286301995650784, 1.0, 12.46368102950232)
5.479999999999971 (3.2334676407240304, 1.0, 12.529402297247442)
5.499999999999971 (3.1733607210505053, 1.0, 12.59498028400902)
5.51999999999997 (3.107169085110767, 1.0, 12.66163409205247)
5.53999999999997 (3.0360942191828513, 1.0, 12.730701408808157)
5.559999999999969 (2.9613427688401943, 1.0, 12.803524999984427)
5.579999999999969 (2.8841275121031087, 1.0, 12.881326253338933)
5.599999999999969 (2.8056746225275107, 1.0, 12.96508158097126)
5.619999999999968 (2.7272331175703743, 1.0, 13.055416696798886)
5.639999999999968 (2.650083017860244, 1.0, 13.152530994478033)
5.659999999999967 (2.5755398671002587, 1.0, 13.256161172251417)
5.679999999999967 (2.504952986090782, 1.0, 13.365589610302678)
5.699999999999966 (2.439692610213876, 1.0, 13.47969756077207)
5.719999999999966 (2.381119338100581, 1.0, 13.59705590489115)
5.739999999999966 (2.3305322739519436, 1.0, 13.716038937107937)
5.759999999999965 (2.289101393976232, 1.0, 13.834942132032106)
5.779999999999965 (2.2578003220146816, 1.0, 13.952085446684437)
5.799999999999964 (2.2373595001901307, 1.0, 14.06588999291925)
5.819999999999964 (2.2282523981809295, 1.0, 14.174925688172344)
5.839999999999963 (2.230713477847784, 1.0, 14.27793643199323)
5.859999999999963 (2.244775580964264, 1.0, 14.373853845001108)
5.879999999999963 (2.270312076327467, 1.0, 14.461810054750842)
5.899999999999962 (2.3070737432089565, 1.0, 14.541156291785361)
5.919999999999962 (2.3547166911770305, 1.0, 14.611489264224604)
5.939999999999961 (2.4128244057073482, 1.0, 14.672678337080685)
5.959999999999961 (2.4809282392899696, 1.0, 14.72488835485828)
5.9799999999999605 (2.5585070650748953, 1.0, 14.7686338693536)
5.99999999999996 (2.6450127610465297, 1.0, 14.804771997514138)
6.01999999999996 (2.7398964404110897, 1.0, 14.834490030884881)
6.039999999999959 (2.842629617364112, 1.0, 14.859288812635127)
6.059999999999959 (2.9527100543295877, 1.0, 14.880923739405059)
6.079999999999958 (3.0696465612928114, 1.0, 14.90132333189929)
6.099999999999958 (3.192926787498005, 1.0, 14.922503099514786)
6.1199999999999575 (3.321980518547446, 1.0, 14.946467518440732)
6.139999999999957 (3.456124468207937, 1.0, 14.97506017976458)
6.159999999999957 (3.5945126313575995, 1.0, 15.009855611973585)
6.179999999999956 (3.736096967918813, 1.0, 15.052069029510124)
6.199999999999956 (3.879604538282601, 1.0, 15.10249049264241)
6.219999999999955 (4.023535258913473, 1.0, 15.161455430509621)
6.239999999999955 (4.166183191401569, 1.0, 15.228855813062118)
6.2599999999999545 (4.305684605151431, 1.0, 15.304188288781413)
6.279999999999954 (4.440094254326152, 1.0, 15.386628107180368)
6.299999999999954 (4.567485187479895, 1.0, 15.47511347332134)
6.319999999999953 (4.6860576752986445, 1.0, 15.568426248178978)
6.339999999999953 (4.794235279196815, 1.0, 15.6652605835062)
6.359999999999952 (4.890727680395281, 1.0, 15.76427776815981)
6.379999999999952 (4.9745517742831, 1.0, 15.864150089634586)
6.3999999999999515 (5.045017808944209, 1.0, 15.963597964475461)
6.419999999999951 (5.101696907102048, 1.0, 16.061424259267632)
6.439999999999951 (5.144386443393718, 1.0, 16.156549107482224)
6.45999999999995 (5.173083590399789, 1.0, 16.24804767646355)
6.47999999999995 (5.187969895479442, 1.0, 16.335191476371097)
6.499999999999949 (5.189403681797543, 1.0, 16.417491015419465)
6.519999999999949 (5.177913579868587, 1.0, 16.494735318000732)
6.5399999999999485 (5.154186752578564, 1.0, 16.567023418027524)
6.559999999999948 (5.11904906408024, 1.0, 16.63478393684507)
6.579999999999948 (5.073438987899917, 1.0, 16.698779148121222)
6.599999999999947 (5.018379846730407, 1.0, 16.760088494832186)
6.619999999999947 (4.954955439836186, 1.0, 16.820065262033207)
6.639999999999946 (4.8842930598287415, 1.0, 16.880262102065107)
6.659999999999946 (4.807555999298731, 1.0, 16.942327101902613)
6.6799999999999455 (4.725945169594493, 1.0, 17.007879380826587)
6.699999999999945 (4.640706980609891, 1.0, 17.07837815372338)
6.719999999999945 (4.553143228462538, 1.0, 17.155000326649883)
6.739999999999944 (4.464619093899125, 1.0, 17.23854025291791)
6.759999999999944 (4.376566790869044, 1.0, 17.32934302452101)
6.779999999999943 (4.290483096144364, 1.0, 17.42727974528577)
6.799999999999943 (4.207917619275805, 1.0, 17.531768424523857)
6.8199999999999426 (4.13044446688314, 1.0, 17.641837588373097)
6.839999999999942 (4.059613181597055, 1.0, 17.756216072804328)
6.859999999999942 (3.9968968332921744, 1.0, 17.873434215240486)
6.879999999999941 (3.9436075715653245, 1.0, 17.99195495046662)
6.899999999999941 (3.900832322116714, 1.0, 18.11023741326065)
6.91999999999994 (3.8694139232485516, 1.0, 18.226777641303254)
6.93999999999994 (3.8499040109972693, 1.0, 18.340235711777247)
6.95999999999994 (3.8426200635723435, 1.0, 18.449410463514177)
6.979999999999939 (3.847696828141911, 1.0, 18.553226125607726)
6.999999999999939 (3.8651040259164358, 1.0, 18.650774456320438)
7.019999999999938 (3.894675354154345, 1.0, 18.74135242936673)
7.039999999999938 (3.9361283660417032, 1.0, 18.824498058351224)
7.059999999999937 (3.9890668797136515, 1.0, 18.899970701477855)
7.079999999999937 (4.052986167695175, 1.0, 18.967884285595186)
7.099999999999937 (4.12732627939647, 1.0, 19.028823821747537)
7.119999999999936 (4.211490299719519, 1.0, 19.08358475711109)
7.139999999999936 (4.304829431504504, 1.0, 19.133283887254276)
7.159999999999935 (4.406652622979861, 1.0, 19.179355248082196)
7.179999999999935 (4.516240960380744, 1.0, 19.223484827643063)
7.1999999999999345 (4.632844076532675, 1.0, 19.267523339312454)
7.219999999999934 (4.755659798956418, 1.0, 19.313376964567688)
7.239999999999934 (4.883803952558668, 1.0, 19.36288323465332)
7.259999999999933 (5.016277603083496, 1.0, 19.41768497062852)
7.279999999999933 (5.151938820763876, 1.0, 19.479116040254652)
7.299999999999932 (5.289484543807666, 1.0, 19.548111257131747)
7.319999999999932 (5.4274457353048335, 1.0, 19.62517468632328)
7.3399999999999315 (5.5642158548603975, 1.0, 19.71035246318868)
7.359999999999931 (5.698039869032577, 1.0, 19.80316316060849)
7.379999999999931 (5.827091692507854, 1.0, 19.90276781087623)
7.39999999999993 (5.94955588429173, 1.0, 20.008070659160996)
7.41999999999993 (6.063711154211242, 1.0, 20.11778872857564)
7.439999999999929 (6.168024544065619, 1.0, 20.23052944135621)
7.459999999999929 (6.26122340278476, 1.0, 20.344861264400937)
7.4799999999999285 (6.342330817888194, 1.0, 20.45936825456025)
7.499999999999928 (6.410663104629448, 1.0, 20.572690691400513)
7.519999999999928 (6.465800803021276, 1.0, 20.68355757634534)
7.539999999999927 (6.507549715644147, 1.0, 20.790816620611285)
7.559999999999927 (6.535905350226987, 1.0, 20.89346629770469)
7.579999999999926 (6.551027364067969, 1.0, 20.990692634550904)
7.599999999999926 (6.553224087729275, 1.0, 21.08191026995367)
7.6199999999999255 (6.542942454604181, 1.0, 21.166803818398293)
7.639999999999925 (6.520756815026103, 1.0, 21.24536369081926)
7.659999999999925 (6.487352006502239, 1.0, 21.317911187868297)
7.679999999999924 (6.443500445608216, 1.0, 21.385109298067366)
7.699999999999924 (6.390037079846957, 1.0, 21.44795570495283)
7.719999999999923 (6.327837872375148, 1.0, 21.507752950230284)
7.739999999999923 (6.257807029860675, 1.0, 21.566050404383915)
7.7599999999999225 (6.180876140748235, 1.0, 21.62455629154597)
7.779999999999922 (6.098015379253343, 1.0, 21.685024738315622)
7.799999999999922 (6.010253678749939, 1.0, 21.749129127234593)
7.819999999999921 (5.9187024170154485, 1.0, 21.818336030449412)
7.839999999999921 (5.82457668954202, 1.0, 21.89379367796778)
7.85999999999992 (5.729209594697163, 1.0, 21.976247123792728)
7.87999999999992 (5.634056658567263, 1.0, 22.065990023111386)
7.8999999999999195 (5.540687815307774, 1.0, 22.162859337059192)
7.919999999999919 (5.450762962824488, 1.0, 22.26627315902752)
7.939999999999919 (5.3659862950675326, 1.0, 22.375303958169827)
7.959999999999918 (5.288037919050584, 1.0, 22.488772759191182)
7.979999999999918 (5.218489930643871, 1.0, 22.605347167552623)
7.999999999999917 (5.1587239867903865, 1.0, 22.723628790520483)
8.019999999999918 (5.1098708437095075, 1.0, 22.842222070587795)
8.039999999999917 (5.093419700302541, 1.0, 22.96968850019785)
8.059999999999917 (5.108753523979009, 1.0, 23.102924901078293)
8.079999999999917 (5.15114965153017, 1.0, 23.235466106543136)
8.099999999999916 (5.218403542899145, 1.0, 23.363861398937452)
8.119999999999916 (5.308131622233906, 1.0, 23.485508905748926)
8.139999999999915 (5.417956248902035, 1.0, 23.59816519000921)
8.159999999999915 (5.545623087262908, 1.0, 23.699986218198298)
8.179999999999914 (5.688945670035191, 1.0, 23.789556810221903)
8.199999999999914 (5.845757103790208, 1.0, 23.865928536300213)
8.219999999999914 (6.013928445627447, 1.0, 23.92864787883844)
8.239999999999913 (6.1914247968465395, 1.0, 23.97775648557165)
8.259999999999913 (6.376368520155431, 1.0, 24.01376664801367)
8.279999999999912 (6.567092428730308, 1.0, 24.037611845863076)
8.299999999999912 (6.762169490458942, 1.0, 24.05057131300088)
8.319999999999911 (6.960408945673665, 1.0, 24.054175811290378)
8.339999999999911 (7.160817732279659, 1.0, 24.050108897169984)
8.35999999999991 (7.362533983934595, 1.0, 24.040118514766696)
8.37999999999991 (7.56473562318146, 1.0, 24.025962907729667)
8.39999999999991 (7.766565224094688, 1.0, 24.00937939013801)
8.41999999999991 (7.967064026293323, 1.0, 23.99205757693394)
8.439999999999909 (8.165122855745082, 1.0, 23.97562588206259)
8.459999999999908 (8.359463879959959, 1.0, 23.96163692347679)
8.479999999999908 (8.548650584920049, 1.0, 23.95153899855125)
8.499999999999908 (8.731122898798246, 1.0, 23.946634828064138)
8.519999999999907 (8.905252206269793, 1.0, 23.94803607826269)
8.539999999999907 (9.069408525105517, 1.0, 23.956625117482705)
8.559999999999906 (9.222031248118803, 1.0, 23.97303387691046)
8.579999999999906 (9.361695244391827, 1.0, 23.99764438256511)
8.599999999999905 (9.487165532012712, 1.0, 24.030609485459316)
8.619999999999905 (9.597436636152333, 1.0, 24.071888386300504)
8.639999999999905 (9.691757319881319, 1.0, 24.121290654217297)
8.659999999999904 (9.76964601493473, 1.0, 24.178523702352283)
8.679999999999904 (9.830903990412464, 1.0, 24.243240652519788)
8.699999999999903 (9.87563042625369, 1.0, 24.315087016975994)
8.719999999999903 (9.90422701868367, 1.0, 24.39372595947296)
8.739999999999903 (9.917432591289682, 1.0, 24.478898637346752)
8.759999999999902 (9.916337205982563, 1.0, 24.570517429846465)
8.779999999999902 (9.902290118758193, 1.0, 24.668605410153855)
8.799999999999901 (9.876913386520757, 1.0, 24.773334675836857)
8.8199999999999 (9.84206285525818, 1.0, 24.885044622858235)
8.8399999999999 (9.799762664678656, 1.0, 25.004229765876534)
8.8599999999999 (9.7521332711674, 1.0, 25.131502256840697)
8.8799999999999 (9.701311674028146, 1.0, 25.267524548360814)
8.899999999999899 (9.64936654726201, 1.0, 25.412914416853013)
8.919999999999899 (9.598214610512729, 1.0, 25.56813201627299)
8.939999999999898 (9.549545532884375, 1.0, 25.733362536725192)
8.959999999999898 (9.504763298869777, 1.0, 25.90840745269925)
8.979999999999897 (9.46495345989567, 1.0, 26.092595328117078)
8.999999999999897 (9.43088569846202, 1.0, 26.284723547948257)
9.019999999999897 (9.403055038834424, 1.0, 26.48304545820534)
9.039999999999896 (9.381751583675403, 1.0, 26.685319084960796)
9.059999999999896 (9.367134274195028, 1.0, 26.888927789614687)
9.079999999999895 (9.35928019427477, 1.0, 27.09106601969668)
9.099999999999895 (9.358193890277363, 1.0, 27.288958517798658)
9.119999999999894 (9.363784520431427, 1.0, 27.48006247208167)
9.139999999999894 (9.375836278947524, 1.0, 27.662203826642532)
9.159999999999894 (9.393997576783894, 1.0, 27.833623898060434)
9.179999999999893 (9.417799073696546, 1.0, 27.99294829097553)
9.199999999999893 (9.4466930685423, 1.0, 28.1391182255359)
9.219999999999892 (9.48009952199035, 1.0, 28.271330086076112)
9.239999999999892 (9.517448688981622, 1.0, 28.389011281796545)
9.259999999999891 (9.558220484312306, 1.0, 28.491836470034308)
9.279999999999891 (9.601977892199674, 1.0, 28.579767852258723)
9.29999999999989 (9.648397467389916, 1.0, 28.65306749606573)
9.31999999999989 (9.69731665046561, 1.0, 28.71232005775725)
9.33999999999989 (9.748766896260605, 1.0, 28.758444700476783)
9.35999999999989 (9.80299855299989, 1.0, 28.79266579157782)
9.379999999999889 (9.860486240805132, 1.0, 28.816469932360103)
9.399999999999888 (9.921903920850475, 1.0, 28.83155771270031)
9.419999999999888 (9.988064638542106, 1.0, 28.839790755156073)
9.439999999999888 (10.059828833057793, 1.0, 28.8431356673468)
9.459999999999887 (10.137992359092646, 1.0, 28.843607149314064)
9.479999999999887 (10.223168953574191, 1.0, 28.84321252089395)
9.499999999999886 (10.315682080349502, 1.0, 28.843898621530503)
9.519999999999886 (10.415479120400656, 1.0, 28.847500251428084)
9.539999999999885 (10.522077795434276, 1.0, 28.85568882757991)
9.559999999999885 (10.634558687673017, 1.0, 28.869987934171096)
9.579999999999885 (10.75157091285074, 1.0, 28.891543000491435)
9.599999999999884 (10.871391846375186, 1.0, 28.921194148533004)
9.619999999999884 (10.992071481899359, 1.0, 28.959508254036106)
9.639999999999883 (11.111505518384119, 1.0, 29.006699982885934)
9.659999999999883 (11.227572547852448, 1.0, 29.062645405499747)
9.679999999999882 (11.338256584145627, 1.0, 29.126917420695822)
9.699999999999882 (11.441756741396999, 1.0, 29.1989642823786)
9.719999999999882 (11.536532757162743, 1.0, 29.277931899222803)
9.739999999999881 (11.621253421954401, 1.0, 29.362698145253393)
9.75999999999988 (11.695010307251, 1.0, 29.452262965954553)
9.77999999999988 (11.75716728001599, 1.0, 29.545680469079475)
9.79999999999988 (11.80736665938101, 1.0, 29.642093797733686)
9.81999999999988 (11.845548886085723, 1.0, 29.74078760530427)
9.839999999999879 (11.871958395537341, 1.0, 29.841232189394326)
9.859999999999879 (11.887146109132136, 1.0, 29.943118321431033)
9.879999999999878 (11.89196342220615, 1.0, 30.046380082446422)
9.899999999999878 (11.887545329680748, 1.0, 30.15120378793279)
9.919999999999877 (11.875284172869002, 1.0, 30.25802135753241)
9.939999999999877 (11.85679503353954, 1.0, 30.3674848645939)
9.959999999999877 (11.833871420579426, 1.0, 30.480417362070312)
9.979999999999876 (11.808429208154982, 1.0, 30.59773661362176)
9.999999999999876 (11.782438803785727, 1.0, 30.72035423399604)
10.019999999999875 (11.757848227222988, 1.0, 30.849060345111088)
10.039999999999875 (11.736500959012991, 1.0, 30.98440858430689)
10.059999999999874 (11.72005263346339, 1.0, 31.126615414285858)
10.079999999999874 (11.709892704676708, 1.0, 31.27548267300659)
10.099999999999874 (11.707081975324641, 1.0, 31.43034762036288)
10.119999999999873 (11.712320216092188, 1.0, 31.590063989128108)
10.139999999999873 (11.7259538109458, 1.0, 31.753020535277887)
10.159999999999872 (11.748020204702774, 1.0, 31.91720636126406)
10.179999999999872 (11.778311063516961, 1.0, 32.080329326030146)
10.199999999999871 (11.816430169559055, 1.0, 32.23998137779304)
10.219999999999871 (11.861830206302391, 1.0, 32.393825169304755)
10.23999999999987 (11.91382916294346, 1.0, 32.53976077630605)
10.25999999999987 (11.97162002957811, 1.0, 32.67603281753)
10.27999999999987 (12.034288316239909, 1.0, 32.80126043138661)
10.29999999999987 (12.100842803467225, 1.0, 32.914404550069236)
10.319999999999869 (12.170255639090211, 1.0, 33.01470988739742)
10.339999999999868 (12.24150589375676, 1.0, 33.10165963042095)
10.359999999999868 (12.313624470379375, 1.0, 33.174961866560956)
10.379999999999868 (12.38574157165439, 1.0, 33.23456400398709)
10.399999999999867 (12.457137737930381, 1.0, 33.28067803232916)
10.419999999999867 (12.527297133274274, 1.0, 33.31379771411879)
10.439999999999866 (12.595959003435913, 1.0, 33.33469501583887)
10.459999999999866 (12.663160344637257, 1.0, 33.344392981773815)
10.479999999999865 (12.729260113744289, 1.0, 33.344121217910924)
10.499999999999865 (12.79493435929569, 1.0, 33.33526437948405)
10.519999999999865 (12.861134466223609, 1.0, 33.31931311980408)
10.539999999999864 (12.929007589054516, 1.0, 33.297823463784496)
10.559999999999864 (12.99978679556736, 1.0, 33.27238711170754)
10.579999999999863 (13.07466466399186, 1.0, 33.24461248999224)
10.599999999999863 (13.154665896280536, 1.0, 33.21611394328641)
10.619999999999862 (13.240532659994354, 1.0, 33.188504097218825)
10.639999999999862 (13.332633112550116, 1.0, 33.16338288713718)
10.659999999999862 (13.430900550700063, 1.0, 33.14231709564038)
10.679999999999861 (13.534808121274857, 1.0, 33.12680666422961)
10.69999999999986 (13.643381526916542, 1.0, 33.1182377176303)
10.71999999999986 (13.755249251946028, 1.0, 33.11782617302736)
10.73999999999986 (13.868726336369653, 1.0, 33.12655942684854)
10.75999999999986 (13.981923566043406, 1.0, 33.14514630785026)
10.779999999999859 (14.09286962106916, 1.0, 33.173986004027114)
10.799999999999859 (14.19963082734671, 1.0, 33.21316374600561)
10.819999999999858 (14.300413776953862, 1.0, 33.26247495877671)
10.839999999999858 (14.393641258575677, 1.0, 33.32147281604819)
10.859999999999857 (14.478000446141607, 1.0, 33.38952975360998)
10.879999999999857 (14.552470673796588, 1.0, 33.46590308982925)
10.899999999999856 (14.616342218825569, 1.0, 33.54979765292656)
10.919999999999856 (14.66923506154169, 1.0, 33.640422019369126)
10.939999999999856 (14.711119288360496, 1.0, 33.73703759160251)
10.959999999999855 (14.742331719457136, 1.0, 33.83900047499403)
10.979999999999855 (14.763581216107418, 1.0, 33.94579553609243)
10.999999999999854 (14.77593833657959, 1.0, 34.05706123379628)
11.019999999999854 (14.780809425350492, 1.0, 34.17260314683595)
11.039999999999853 (14.779896527099885, 1.0, 34.29239309033128)
11.059999999999853 (14.775142495544682, 1.0, 34.41654944332251)
11.079999999999853 (14.76865883947309, 1.0, 34.54529439300622)
11.099999999999852 (14.76263538108494, 1.0, 34.678887040845545)
11.119999999999852 (14.759235274998606, 1.0, 34.81753752017741)
11.139999999999851 (14.760483039154643, 1.0, 34.96131358351711)
11.159999999999851 (14.768154468719446, 1.0, 35.110053794578064)
11.17999999999985 (14.783676721289691, 1.0, 35.26329882398317)
11.19999999999985 (14.808047609189924, 1.0, 35.420246405796426)
11.21999999999985 (14.84178573342043, 1.0, 35.579730757120046)
11.23999999999985 (14.884923402733184, 1.0, 35.74022734976808)
11.259999999999849 (14.9370475693546, 1.0, 35.89988857955951)
11.279999999999848 (14.997381026137917, 1.0, 36.056620048617084)
11.299999999999848 (15.06488390375598, 1.0, 36.20820343186597)
11.319999999999848 (15.138351778834886, 1.0, 36.352456437386124)
11.339999999999847 (15.216493448924584, 1.0, 36.48739930895629)
11.359999999999847 (15.297983669045744, 1.0, 36.61138548113777)
11.379999999999846 (15.381496269847176, 1.0, 36.72316345598477)
11.399999999999846 (15.465726854468695, 1.0, 36.82186543863088)
11.419999999999845 (15.549413249755824, 1.0, 36.90694896350295)
11.439999999999845 (15.631359933863068, 1.0, 36.978131277952606)
11.459999999999845 (15.710471007114215, 1.0, 37.035346061482926)
11.479999999999844 (15.785793609587955, 1.0, 37.07872944124848)
11.499999999999844 (15.85656984069028, 1.0, 37.108624013330115)
11.519999999999843 (15.92229189752741, 1.0, 37.12558318227916)
11.539999999999843 (15.982753559273064, 1.0, 37.1303614052234)
11.559999999999842 (16.038090883027536, 1.0, 37.123884483865)
11.579999999999842 (16.088804868947566, 1.0, 37.1072038635104)
11.599999999999842 (16.13575859280814, 1.0, 37.08144582302102)
11.619999999999841 (16.180142256901217, 1.0, 37.047767909611075)
11.63999999999984 (16.22340355728423, 1.0, 37.00733166498349)
11.65999999999984 (16.26714749720907, 1.0, 36.96129529084761)
11.67999999999984 (16.313016443730977, 1.0, 36.91082477422984)
11.69999999999984 (16.3625645864175, 1.0, 36.85711812415769)
11.719999999999839 (16.417140081500005, 1.0, 36.801434784839294)
11.739999999999839 (16.477784751705542, 1.0, 36.74512097206008)
11.759999999999838 (16.545157679634297, 1.0, 36.68962196936686)
11.779999999999838 (16.619486634189904, 1.0, 36.63647453132185)
11.799999999999837 (16.700549870563666, 1.0, 36.587276206624)
11.819999999999837 (16.787691122097932, 1.0, 36.543632052231665)
11.839999999999836 (16.8798638179615, 1.0, 36.507079220022035)
11.859999999999836 (16.975686674542892, 1.0, 36.479014481872014)
11.879999999999836 (17.073557383638185, 1.0, 36.460622184215914)
11.899999999999835 (17.171764092468955, 1.0, 36.452813994414306)
11.919999999999835 (17.268577625237196, 1.0, 36.4562003774718)
11.939999999999834 (17.362345252189897, 1.0, 36.47109270027447)
11.959999999999834 (17.45156671747695, 1.0, 36.49753198500123)
11.979999999999833 (17.534948697897025, 1.0, 36.53533385885063)
11.999999999999833 (17.61144604901886, 1.0, 36.58413816032677)
12.019999999999833 (17.680298640436362, 1.0, 36.64345486107836)
12.039999999999832 (17.736757568558673, 1.0, 36.73568458054189)
12.059999999999832 (17.781889850730177, 1.0, 36.857293321519876)
12.079999999999831 (17.8159551207199, 1.0, 36.99930066219023)
12.099999999999831 (17.839288420238734, 1.0, 37.15826423603669)
12.11999999999983 (17.853257018006317, 1.0, 37.33192020698939)
12.13999999999983 (17.859470129055612, 1.0, 37.518473328627586)
12.15999999999983 (17.85953057226113, 1.0, 37.7164219970438)
12.17999999999983 (17.855107517043983, 1.0, 37.92448851437313)
12.199999999999829 (17.84820224155288, 1.0, 38.14150987282047)
12.219999999999828 (17.840137318796334, 1.0, 38.3666583069058)
12.239999999999828 (17.832318202368874, 1.0, 38.599072119332014)
12.259999999999827 (17.82602782673589, 1.0, 38.83781962036844)
12.279999999999827 (17.822126719476042, 1.0, 39.081797969552255)
12.299999999999827 (17.82108278184321, 1.0, 39.32964707358271)
12.319999999999826 (17.823030362085774, 1.0, 39.57967027602122)
12.339999999999826 (17.827882221821277, 1.0, 39.829807501753486)
12.359999999999825 (17.835466517959908, 1.0, 40.07767561744759)
12.379999999999825 (17.845649921878284, 1.0, 40.3206763013274)
12.399999999999824 (17.858408735085142, 1.0, 40.55615433600714)
12.419999999999824 (17.873834014053458, 1.0, 40.78156386191719)
12.439999999999824 (17.892087691892545, 1.0, 40.994597709346536)
12.459999999999823 (17.91333946532228, 1.0, 41.19326000672516)
12.479999999999823 (17.937716100457532, 1.0, 41.37588036844343)
12.499999999999822 (17.96527877005451, 1.0, 41.54109330173747)
12.519999999999822 (17.996025572275894, 1.0, 41.687810998399144)
12.539999999999822 (18.02990800913444, 1.0, 41.8152072647265)
12.559999999999821 (18.06687304537117, 1.0, 41.92273992422683)
12.57999999999982 (18.106898621372967, 1.0, 42.010161452123675)
12.59999999999982 (18.150013939420887, 1.0, 42.077530039295965)
12.61999999999982 (18.196322240551165, 1.0, 42.12523999902095)
12.63999999999982 (18.24602348558664, 1.0, 42.154047670196455)
12.659999999999819 (18.299435025122627, 1.0, 42.16508223310546)
12.679999999999819 (18.357009480227905, 1.0, 42.15984001173581)
12.699999999999818 (18.419345782575846, 1.0, 42.14015911143765)
12.719999999999818 (18.487185714078464, 1.0, 42.10817063427419)
12.739999999999817 (18.561387569658198, 1.0, 42.066225732197736)
12.759999999999817 (18.64287177740102, 1.0, 42.016802671304966)
12.779999999999816 (18.73253945724303, 1.0, 41.96240239296305)
12.799999999999816 (18.831171235850352, 1.0, 41.9054431516673)
12.819999999999816 (18.939317684296405, 1.0, 41.84816495583045)
12.839999999999815 (19.0571947304072, 1.0, 41.79255383536477)
12.859999999999815 (19.18459781304413, 1.0, 41.74029484067876)
12.879999999999814 (19.320848050024942, 1.0, 41.69275982453544)
12.899999999999814 (19.464781362867473, 1.0, 41.65103007159482)
12.919999999999813 (19.614786772280606, 1.0, 41.615944889229525)
12.939999999999813 (19.76889287354387, 1.0, 41.58815840753934)
12.959999999999813 (19.924891960434476, 1.0, 41.5681841867796)
12.979999999999812 (20.08048169146623, 1.0, 41.556414970236254)
12.999999999999812 (20.233398874812906, 1.0, 41.55311997677377)
13.019999999999811 (20.38152302742238, 1.0, 41.55843480306822)
13.03999999999981 (20.52293900454665, 1.0, 41.572360768416125)
13.05999999999981 (20.655962853815563, 1.0, 41.59478161958164)
13.07999999999981 (20.779145861835737, 1.0, 41.62549419610734)
13.09999999999981 (20.891274470627692, 1.0, 41.66424425830664)
13.11999999999981 (20.991379351091513, 1.0, 41.71075948070144)
13.139999999999809 (21.078758562911208, 1.0, 41.76477604814317)
13.159999999999808 (21.153061985627243, 1.0, 41.82605148700491)
13.179999999999808 (21.214135655830926, 1.0, 41.89440298479531)
13.199999999999807 (21.262295560947315, 1.0, 41.969700434885084)
13.219999999999807 (21.298241104577112, 1.0, 42.051865513886455)
13.239999999999807 (21.32303367239593, 1.0, 42.140893506036804)
13.259999999999806 (21.33809696969329, 1.0, 42.23684823288355)
13.279999999999806 (21.34518660779488, 1.0, 42.33984214617478)
13.299999999999805 (21.346333319915395, 1.0, 42.44999941362158)
13.319999999999805 (21.343761118941003, 1.0, 42.56740141881568)
13.339999999999804 (21.33978485800129, 1.0, 42.692019711255014)
13.359999999999804 (21.336695477607122, 1.0, 42.823645671040325)
13.379999999999804 (21.336643057449653, 1.0, 42.96182744079337)
13.399999999999803 (21.3415283129636, 1.0, 43.10582317225998)
13.419999999999803 (21.352913500381092, 1.0, 43.25457674132202)
13.439999999999802 (21.37196293727184, 1.0, 43.406719400865285)
13.459999999999802 (21.3994195808578, 1.0, 43.56059917053824)
13.479999999999801 (21.4356170142251, 1.0, 43.71433862112145)
13.499999999999801 (21.480518440557766, 1.0, 43.86591948882538)
13.5199999999998 (21.533770001128236, 1.0, 44.013287639400865)
13.5399999999998 (21.594757172012827, 1.0, 44.15446479730252)
13.5599999999998 (21.66265852033107, 1.0, 44.28764807187122)
13.5799999999998 (21.736496513850504, 1.0, 44.411279670646685)
13.599999999999799 (21.815187140649698, 1.0, 44.52407853692033)
13.619999999999798 (21.897589017056625, 1.0, 44.62503838408801)
13.639999999999798 (21.98255127574506, 1.0, 44.713405845947385)
13.659999999999798 (22.068959953894122, 1.0, 44.788654497638454)
13.679999999999797 (22.155784041887237, 1.0, 44.85046646416681)
13.699999999999797 (22.24212253416894, 1.0, 44.89872640229682)
13.719999999999796 (22.327251965591138, 1.0, 44.93352535489084)
13.739999999999796 (22.410671502048285, 1.0, 44.95516673879893)
13.759999999999796 (22.492141574957444, 1.0, 44.96416608843295)
13.779999999999795 (22.5717124067842, 1.0, 44.96124029136333)
13.799999999999795 (22.64973877403366, 1.0, 44.94728748306452)
13.819999999999794 (22.726875735953072, 1.0, 44.923361699468295)
13.839999999999794 (22.804048341981822, 1.0, 44.89064616889446)
13.859999999999793 (22.88250240607682, 1.0, 44.85059913364882)
13.879999999999793 (22.963339054859137, 1.0, 44.8043720753033)
13.899999999999793 (23.04777254775617, 1.0, 44.75334697735592)
13.919999999999792 (23.136967046872716, 1.0, 44.699042346861184)
13.939999999999792 (23.231799506115777, 1.0, 44.642982932662356)
13.959999999999791 (23.332793737890988, 1.0, 44.586692569491426)
13.97999999999979 (23.440051960194907, 1.0, 44.53168349280563)
13.99999999999979 (23.553225674378016, 1.0, 44.47944521262259)
14.01999999999979 (23.67153140670507, 1.0, 44.43143117658113)
14.03999999999979 (23.793809645668503, 1.0, 44.38903968746465)
14.059999999999789 (23.918618260572465, 1.0, 44.35358339700063)
14.079999999999789 (24.044344790510152, 1.0, 44.32624503954259)
14.099999999999788 (24.169318590641517, 1.0, 44.30802586229503)
14.119999999999788 (24.291905818194078, 1.0, 44.29970137849164)
14.139999999999787 (24.410577485825158, 1.0, 44.30179955476734)
14.159999999999787 (24.523950402846264, 1.0, 44.31460798058437)
14.179999999999787 (24.630808558235792, 1.0, 44.33820488201251)
14.199999999999786 (24.730115766290243, 1.0, 44.372501790174326)
14.219999999999786 (24.821029411829322, 1.0, 44.41728610337526)
14.239999999999785 (24.902921518874468, 1.0, 44.472256652126944)
14.259999999999785 (24.975408396752695, 1.0, 44.53705053645648)
14.279999999999784 (25.038384869922595, 1.0, 44.61126325883195)
14.299999999999784 (25.092055567182644, 1.0, 44.6944661352598)
14.319999999999784 (25.136955856430575, 1.0, 44.786224459216726)
14.339999999999783 (25.173957978501363, 1.0, 44.886116909958524)
14.359999999999783 (25.204260402704804, 1.0, 44.99375276795705)
14.379999999999782 (25.229358271057087, 1.0, 45.108780692472315)
14.399999999999782 (25.250991665645852, 1.0, 45.23088248437074)
14.419999999999781 (25.271069669595622, 1.0, 45.359747678064224)
14.439999999999781 (25.291570518992334, 1.0, 45.49503177355304)
14.45999999999978 (25.314421255528227, 1.0, 45.63630265931495)
14.47999999999978 (25.341404398643473, 1.0, 45.782960621775636)
14.49999999999978 (25.374062083013456, 1.0, 45.93419972292943)
14.51999999999978 (25.413587757871856, 1.0, 46.088972297809136)
14.539999999999779 (25.46076792821461, 1.0, 46.245964921881246)
14.559999999999778 (25.515918700311516, 1.0, 46.403622833408775)
14.579999999999778 (25.579042937747026, 1.0, 46.5601349709438)
14.599999999999778 (25.64979917929064, 1.0, 46.713543432688205)
14.619999999999777 (25.727508700858433, 1.0, 46.86182063943793)
14.639999999999777 (25.811287252225178, 1.0, 47.00298965810319)
14.659999999999776 (25.90010351107604, 1.0, 47.13523043388337)
14.679999999999776 (25.992831358085226, 1.0, 47.25696784493428)
14.699999999999775 (26.088396647808338, 1.0, 47.36689859515973)
14.719999999999775 (26.185603407480833, 1.0, 47.46405040512096)
14.739999999999775 (26.283137729469374, 1.0, 47.54772055501308)
14.759999999999774 (26.379912714389558, 1.0, 47.617507006688996)
14.779999999999774 (26.474946933767292, 1.0, 47.673203935089965)
14.799999999999773 (26.56739783683295, 1.0, 47.714794756147874)
14.819999999999773 (26.65661016080686, 1.0, 47.7424565775523)
14.839999999999772 (26.74215804727409, 1.0, 47.756558067420514)
14.859999999999772 (26.82388325568308, 1.0, 47.757654803452404)
14.879999999999772 (26.90192481082277, 1.0, 47.746477571271306)
14.899999999999771 (26.976736223915413, 1.0, 47.72391199101417)
14.91999999999977 (27.049086292024487, 1.0, 47.690972063987964)
14.93999999999977 (27.12003756119309, 1.0, 47.64877211008933)
14.95999999999977 (27.190895979864457, 1.0, 47.598501373651544)
14.97999999999977 (27.26312873498564, 1.0, 47.54140440207333)
14.999999999999769 (27.338254242666036, 1.0, 47.47876869108356)
15.019999999999769 (27.41771532840173, 1.0, 47.411919119168225)
15.039999999999768 (27.50275054934105, 1.0, 47.342216757615205)
15.059999999999768 (27.594278642776818, 1.0, 47.27105892457836)
15.079999999999767 (27.692809178528464, 1.0, 47.199878131625496)
15.099999999999767 (27.798390026634696, 1.0, 47.13013878125419)
15.119999999999767 (27.91059881569835, 1.0, 47.06333031728508)
15.139999999999766 (28.028580119395723, 1.0, 47.00095315119995)
15.159999999999766 (28.151122672148247, 1.0, 46.94449112614922)
15.179999999999765 (28.276763420633408, 1.0, 46.895365572892615)
15.199999999999765 (28.4039004471245, 1.0, 46.85487346032694)
15.219999999999764 (28.53089682957466, 1.0, 46.824122554302136)
15.239999999999764 (28.65616269558049, 1.0, 46.80398221161399)
15.259999999999764 (28.7782112001197, 1.0, 46.795063938018224)
15.279999999999763 (28.895691965663374, 1.0, 46.79773380812692)
15.299999999999763 (29.00741411695452, 1.0, 46.81214614177747)
15.319999999999762 (29.112371110096188, 1.0, 46.83828312126072)
15.339999999999762 (29.209740734490758, 1.0, 46.87599614546612)
15.359999999999761 (29.29891585570857, 1.0, 46.92502828954596)
15.379999999999761 (29.379555441527753, 1.0, 46.9850291501776)
15.39999999999976 (29.45161920407975, 1.0, 47.05557208223674)
15.41999999999976 (29.515392978043295, 1.0, 47.13617046396632)
15.43999999999976 (29.571504735099108, 1.0, 47.22629459565694)
15.45999999999976 (29.62092599031619, 1.0, 47.32539055630903)
15.479999999999759 (29.66495493256647, 1.0, 47.43289722539201)
15.499999999999758 (29.70517744721506, 1.0, 47.548255075631474)
15.519999999999758 (29.74340216465788, 1.0, 47.67090124943251)
15.539999999999758 (29.78156897397066, 1.0, 47.800248605937554)
15.559999999999757 (29.821636468755283, 1.0, 47.93565068623163)
15.579999999999757 (29.865459176240943, 1.0, 48.07635851963881)
15.599999999999756 (29.914667707121563, 1.0, 48.22147743695977)
15.619999999999756 (29.97056450155427, 1.0, 48.36993185065384)
15.639999999999755 (30.034046331922255, 1.0, 48.520443931390766)
15.659999999999755 (30.10556262847542, 1.0, 48.67152992510084)
15.679999999999755 (30.18511476071159, 1.0, 48.82151699910649)
15.699999999999754 (30.272294723355294, 1.0, 48.96858383893405)
15.719999999999754 (30.366353803753885, 1.0, 49.11082745549294)
15.739999999999753 (30.466286321666182, 1.0, 49.24635383873427)
15.759999999999753 (30.57091324617155, 1.0, 49.37338095112291)
15.779999999999752 (30.678955207908647, 1.0, 49.49033395852485)
15.799999999999752 (30.789091219421618, 1.0, 49.595911789636304)
15.819999999999752 (30.900004864545238, 1.0, 49.689113825362696)
15.839999999999751 (31.010422140775994, 1.0, 49.76923038290914)
15.85999999999975 (31.11914526621861, 1.0, 49.835811604069946)
15.87999999999975 (31.225086202788454, 1.0, 49.88863135256432)
15.89999999999975 (31.32730287528336, 1.0, 49.9276577119377)
15.91999999999975 (31.42503937731737, 1.0, 49.95303451748823)
15.939999999999749 (31.517768609805014, 1.0, 49.96507205635701)
15.959999999999749 (31.60523303466933, 1.0, 49.964240883755735)
15.979999999999748 (31.68747828243508, 1.0, 49.951161975194395)
15.999999999999748 (31.764875340180325, 1.0, 49.92658949562433)
16.019999999999747 (31.838127928236414, 1.0, 49.89138715716079)
16.039999999999747 (32.04524929060528, 1.0, 49.988976513325966)
16.059999999999746 (32.394846585609166, 1.0, 50.19140466217898)
16.079999999999746 (32.79196922594206, 1.0, 50.38428957724706)
16.099999999999746 (33.17312507998111, 1.0, 50.48225255469254)
16.119999999999745 (33.4845468259694, 1.0, 50.43781443320872)
16.139999999999745 (33.66674686220632, 1.0, 50.26303518457888)
16.159999999999744 (33.695972126612865, 1.0, 50.02456710149483)
16.179999999999744 (33.615102540639874, 1.0, 49.800109973623215)
16.199999999999743 (33.500444650304374, 1.0, 49.651979093167206)
16.219999999999743 (33.430703236757736, 1.0, 49.61263538011693)
16.239999999999743 (33.45836150625775, 1.0, 49.6852331355155)
16.259999999999742 (33.590173608238146, 1.0, 49.85495672106501)
16.279999999999742 (33.78552908230102, 1.0, 50.091410162632556)
16.29999999999974 (33.99036414591383, 1.0, 50.36232497275622)
16.31999999999974 (34.168590902819076, 1.0, 50.64284616646036)
16.33999999999974 (34.300396061849646, 1.0, 50.90809494850854)
16.35999999999974 (34.38526163878141, 1.0, 51.129569436922125)
16.37999999999974 (34.44079613770951, 1.0, 51.29887654637398)
16.39999999999974 (34.482857328417225, 1.0, 51.41632780935942)
16.41999999999974 (34.519446270610096, 1.0, 51.4764690752453)
16.43999999999974 (34.57338129361747, 1.0, 51.4723527438363)
16.459999999999738 (34.6739784131786, 1.0, 51.415660359383544)
16.479999999999738 (34.83613269866449, 1.0, 51.313870578244085)
16.499999999999737 (35.07317720948722, 1.0, 51.17202594430839)
16.519999999999737 (35.38460867665691, 1.0, 50.99624619916803)
16.539999999999736 (35.74922006934407, 1.0, 50.78228123920967)
16.559999999999736 (36.12527424628412, 1.0, 50.525152194824514)
16.579999999999735 (36.45917315690308, 1.0, 50.23819391089966)
16.599999999999735 (36.705132590214696, 1.0, 49.94774135537608)
16.619999999999735 (36.84767624947071, 1.0, 49.67501584724594)
16.639999999999734 (36.88876044864244, 1.0, 49.43705311253082)
16.659999999999734 (36.84481053954925, 1.0, 49.2523559574643)
16.679999999999733 (36.74164102434939, 1.0, 49.121967097534)
16.699999999999733 (36.599477571478495, 1.0, 49.04673765263502)
16.719999999999732 (36.44642522967381, 1.0, 49.03316162518705)
16.739999999999732 (36.310674567083076, 1.0, 49.075547685786944)
16.75999999999973 (36.213348087732165, 1.0, 49.170439670190255)
16.77999999999973 (36.17698004832845, 1.0, 49.31336070980046)
16.79999999999973 (36.204778279418484, 1.0, 49.498118631677)
16.81999999999973 (36.27719999337833, 1.0, 49.72563454448245)
16.83999999999973 (36.36411281990719, 1.0, 49.98829993259684)
16.85999999999973 (36.43026347394359, 1.0, 50.26701739821743)
16.87999999999973 (36.45059165332202, 1.0, 50.54413527257646)
16.89999999999973 (36.41371790663731, 1.0, 50.80566154247175)
16.919999999999728 (36.322174657187034, 1.0, 51.02795421568353)
16.939999999999728 (36.19511121635855, 1.0, 51.19597015601184)
16.959999999999727 (36.05108749849188, 1.0, 51.30477104813479)
16.979999999999727 (35.91435896959775, 1.0, 51.34564354419995)
16.999999999999726 (35.81824210503157, 1.0, 51.315517484796445)
17.019999999999726 (35.78837124401835, 1.0, 51.21844283970454)
17.039999999999726 (35.84522628828216, 1.0, 51.05587698621459)
17.059999999999725 (36.00016653086551, 1.0, 50.833678342513224)
17.079999999999725 (36.23853801785419, 1.0, 50.55417344534656)
17.099999999999724 (36.51996678050901, 1.0, 50.21478925600672)
17.119999999999724 (36.79103676712719, 1.0, 49.83103655114392)
17.139999999999723 (36.99755858011464, 1.0, 49.439984589465865)
17.159999999999723 (37.11238815438386, 1.0, 49.08329795198095)
17.179999999999723 (37.13323442492534, 1.0, 48.78865981019486)
17.199999999999722 (37.07346122354619, 1.0, 48.58228750027417)
17.21999999999972 (36.96359895497662, 1.0, 48.47257892227941)
17.23999999999972 (36.83155127628227, 1.0, 48.44566222254244)
17.25999999999972 (36.69633662907818, 1.0, 48.492938685789554)
17.27999999999972 (36.58363409476479, 1.0, 48.60784527169968)
17.29999999999972 (36.51112639011044, 1.0, 48.77289952699726)
17.31999999999972 (36.492632072389114, 1.0, 48.98026614402505)
17.33999999999972 (36.536634983317455, 1.0, 49.22343399332894)
17.35999999999972 (36.63069114068376, 1.0, 49.50218545625145)
17.37999999999972 (36.74391327007212, 1.0, 49.82473190114893)
17.399999999999718 (36.84001544553874, 1.0, 50.18765994891044)
17.419999999999717 (36.879793314789644, 1.0, 50.57348479180552)
17.439999999999717 (36.84178882790462, 1.0, 50.96125258774218)
17.459999999999717 (36.72410578095585, 1.0, 51.33297559345064)
17.479999999999716 (36.53727736246861, 1.0, 51.661006749638894)
17.499999999999716 (36.30631282849952, 1.0, 51.92643729007549)
17.519999999999715 (36.056888690667414, 1.0, 52.11957370869176)
17.539999999999715 (35.82613661022327, 1.0, 52.230652591790495)
17.559999999999715 (35.65500104717499, 1.0, 52.25974793771341)
17.579999999999714 (35.572226102824935, 1.0, 52.213076292396096)
17.599999999999714 (35.609633151434096, 1.0, 52.09976254214416)
17.619999999999713 (35.77700401869498, 1.0, 51.93312451682794)
17.639999999999713 (36.056139899436886, 1.0, 51.71241082324474)
17.659999999999712 (36.40142954114218, 1.0, 51.43510836434016)
17.679999999999712 (36.75383709097205, 1.0, 51.111842895964905)
17.69999999999971 (37.053065147759185, 1.0, 50.77083492024003)
17.71999999999971 (37.261446548254426, 1.0, 50.44946999404174)
17.73999999999971 (37.3644756617505, 1.0, 50.180549294243626)
17.75999999999971 (37.366866812319586, 1.0, 49.99526539450508)
17.77999999999971 (37.29650537248206, 1.0, 49.90256071888278)
17.79999999999971 (37.18088697941419, 1.0, 49.88891010343717)
17.81999999999971 (37.034062780752656, 1.0, 49.94703140461372)
17.83999999999971 (36.87841804675866, 1.0, 50.07379140615471)
17.859999999999708 (36.732550414193085, 1.0, 50.254512456266276)
17.879999999999708 (36.61123073295152, 1.0, 50.485137198478135)
17.899999999999707 (36.5266128052257, 1.0, 50.76227023922341)
17.919999999999707 (36.47131958547256, 1.0, 51.08358208460807)
17.939999999999706 (36.41838476568868, 1.0, 51.45003355581981)
17.959999999999706 (36.339009533197554, 1.0, 51.849298423073826)
17.979999999999706 (36.20424994680135, 1.0, 52.25683381660781)
17.999999999999705 (35.99865635935254, 1.0, 52.649669324601106)
18.019999999999705 (35.726756432235604, 1.0, 53.00590159374512)
18.039999999999704 (35.407402444250856, 1.0, 53.29891041591127)
18.059999999999704 (35.06701236177534, 1.0, 53.516253985331154)
18.079999999999703 (34.73841511468239, 1.0, 53.650892364036274)
18.099999999999703 (34.463020401604446, 1.0, 53.70576500388926)
18.119999999999703 (34.278502100320146, 1.0, 53.69179275660376)
18.139999999999702 (34.214328503414585, 1.0, 53.62387419468541)
18.1599999999997 (34.29714269487257, 1.0, 53.523003808483566)
18.1799999999997 (34.5310791680393, 1.0, 53.40357427667685)
18.1999999999997 (34.896209214035885, 1.0, 53.258509300763166)
18.2199999999997 (35.34666211478444, 1.0, 53.07581411565144)
18.2399999999997 (35.8202663371749, 1.0, 52.8487246623049)
18.2599999999997 (36.247213673389005, 1.0, 52.586827294258015)
18.2799999999997 (36.57256773272519, 1.0, 52.31781308467356)
18.2999999999997 (36.763342866556634, 1.0, 52.07660228493356)
18.3199999999997 (36.81370569063218, 1.0, 51.893522257411625)
18.339999999999698 (36.7489335053871, 1.0, 51.780351381927254)
18.359999999999697 (36.600193620996556, 1.0, 51.72751124574478)
18.379999999999697 (36.38323030538985, 1.0, 51.72929856592835)
18.399999999999697 (36.12289858874171, 1.0, 51.78777306036827)
18.419999999999696 (35.84510665439585, 1.0, 51.89536649441022)
18.439999999999696 (35.57462204609791, 1.0, 52.05444537676315)
18.459999999999695 (35.33383513609268, 1.0, 52.26669925673915)
18.479999999999695 (35.122419462301124, 1.0, 52.531343103308245)
18.499999999999694 (34.920279361685765, 1.0, 52.842922800367056)
18.519999999999694 (34.70256894239353, 1.0, 53.18246126005207)
18.539999999999694 (34.443207972347906, 1.0, 53.522742306797795)
18.559999999999693 (34.13072758182546, 1.0, 53.83810417601442)
18.579999999999693 (33.77376273342814, 1.0, 54.10610531340226)
18.599999999999692 (33.39393796130212, 1.0, 54.30681945910505)
18.619999999999692 (33.01520615020008, 1.0, 54.43257927544907)
18.63999999999969 (32.67305297832948, 1.0, 54.480978750950214)
18.65999999999969 (32.40679436448022, 1.0, 54.462884497565774)
18.67999999999969 (32.247192935385414, 1.0, 54.39170387816598)
18.69999999999969 (32.220800511504066, 1.0, 54.28455215133914)
18.71999999999969 (32.34628274335804, 1.0, 54.16239054826253)
18.73999999999969 (32.6213093518996, 1.0, 54.03207186833388)
18.75999999999969 (33.01874592556676, 1.0, 53.87953723972092)
18.77999999999969 (33.49102387701951, 1.0, 53.68887822719456)
18.799999999999688 (33.975265440801174, 1.0, 53.45111382467899)
18.819999999999688 (34.40139275790474, 1.0, 53.17627089164025)
18.839999999999687 (34.71579445767111, 1.0, 52.89379982929132)
18.859999999999687 (34.88571726267086, 1.0, 52.64310374688198)
18.879999999999686 (34.910752735245424, 1.0, 52.45640703664627)
18.899999999999686 (34.820451621816645, 1.0, 52.34358878875831)
18.919999999999686 (34.64384826737976, 1.0, 52.292769658422884)
18.939999999999685 (34.39665307945093, 1.0, 52.298826409031044)
18.959999999999685 (34.103320588159455, 1.0, 52.35862537581835)
18.979999999999684 (33.78590396737081, 1.0, 52.46370452656388)
18.999999999999684 (33.47194202154111, 1.0, 52.6198143237299)
19.019999999999683 (33.18205485414154, 1.0, 52.82871002703436)
19.039999999999683 (32.91113469542124, 1.0, 53.0893250313543)
19.059999999999683 (32.640332340965365, 1.0, 53.3941911872274)
19.079999999999682 (32.34605163895281, 1.0, 53.72002918968081)
19.09999999999968 (32.00560764014441, 1.0, 54.03771289165835)
19.11999999999968 (31.615580180799174, 1.0, 54.32151237484702)
19.13999999999968 (31.19069899603916, 1.0, 54.5491288533619)
19.15999999999968 (30.75520039788563, 1.0, 54.70509481315572)
19.17999999999968 (30.336432686778036, 1.0, 54.78377835272928)
19.19999999999968 (29.972380750658502, 1.0, 54.78864373216059)
19.21999999999968 (29.70080965429934, 1.0, 54.7331609948283)
19.23999999999968 (29.549444698515938, 1.0, 54.63210467492299)
19.25999999999968 (29.545357611398718, 1.0, 54.506030795480854)
19.279999999999678 (29.70072373846789, 1.0, 54.37551786063773)
19.299999999999677 (30.007768688686415, 1.0, 54.24006946066165)
19.319999999999677 (30.43111745800099, 1.0, 54.080421436949514)
19.339999999999677 (30.92148809865891, 1.0, 53.87974582351094)
19.359999999999676 (31.41430549896895, 1.0, 53.62855946190405)
19.379999999999676 (31.83902258464199, 1.0, 53.3394946588289)
19.399999999999675 (32.14137013065742, 1.0, 53.04644799328249)
19.419999999999675 (32.28896326058485, 1.0, 52.7940530275928)
19.439999999999674 (32.28736227406291, 1.0, 52.61629140129564)
19.459999999999674 (32.1693049575232, 1.0, 52.52070551744848)
19.479999999999674 (31.961509464667493, 1.0, 52.4916805585428)
19.499999999999673 (31.680551827949827, 1.0, 52.5226894709068)
19.519999999999673 (31.351276669205248, 1.0, 52.605642481535696)
19.539999999999672 (30.995381955634066, 1.0, 52.73306169788763)
19.559999999999672 (30.64073166959073, 1.0, 52.91233760873919)
19.57999999999967 (30.303920025452477, 1.0, 53.14540034184787)
19.59999999999967 (29.97412189012848, 1.0, 53.42857833708604)
19.61999999999967 (29.632164201930763, 1.0, 53.75126158102752)
19.63999999999967 (29.254383922134505, 1.0, 54.084842140408654)
19.65999999999967 (28.822912698743778, 1.0, 54.396541696576875)
19.67999999999967 (28.344066152420243, 1.0, 54.66076971723443)
19.69999999999967 (27.840164678729902, 1.0, 54.85686507532577)
19.71999999999967 (27.338356430605003, 1.0, 54.973289413277755)
19.739999999999668 (26.872769619086142, 1.0, 55.007936437103645)
19.759999999999668 (26.482907493383365, 1.0, 54.97352347303845)
19.779999999999667 (26.205092527058223, 1.0, 54.88791837617038)
19.799999999999667 (26.06428476133066, 1.0, 54.77289235328891)
19.819999999999666 (26.08578961540822, 1.0, 54.65769650595167)
19.839999999999666 (26.277126262749242, 1.0, 54.56477253108774)
19.859999999999665 (26.628304402893935, 1.0, 54.48906514902053)
19.879999999999665 (27.101927287407875, 1.0, 54.405904157457634)
19.899999999999665 (27.64943685200768, 1.0, 54.291165071634055)
19.919999999999664 (28.208219817047556, 1.0, 54.12492313312683)
19.939999999999664 (28.70284881126371, 1.0, 53.908567730719774)
19.959999999999663 (29.062209502096973, 1.0, 53.671391203932984)
19.979999999999663 (29.24206935830785, 1.0, 53.45512138682141)
19.999999999999662 (29.24136985909445, 1.0, 53.29281118612668)
20.019999999999662 (29.092368916020213, 1.0, 53.19182343215799)
20.03999999999966 (28.928746537554353, 1.0, 53.28912776133452)
20.05999999999966 (28.87053999996804, 1.0, 53.46976752705293)
20.07999999999966 (28.89028241620506, 1.0, 53.651744526539126)
20.09999999999966 (28.947498523439148, 1.0, 53.83630097480181)
20.11999999999966 (28.981346586469055, 1.0, 54.015500323172276)
20.13999999999966 (28.94632919952103, 1.0, 54.16414820989097)
20.15999999999966 (28.838026649398124, 1.0, 54.26313848103695)
20.17999999999966 (28.684611942601975, 1.0, 54.3137604516435)
20.19999999999966 (28.522551839589205, 1.0, 54.33227547773048)
20.219999999999658 (28.37678876120751, 1.0, 54.33650727365973)
20.239999999999657 (28.253980899034563, 1.0, 54.337562495204146)
20.259999999999657 (28.146211001312267, 1.0, 54.339304847530585)
20.279999999999657 (28.03973223746413, 1.0, 54.341717913614204)
20.299999999999656 (27.923687690759813, 1.0, 54.34436534506238)
20.319999999999656 (27.79487967679226, 1.0, 54.348100508157785)
20.339999999999655 (27.65712076536557, 1.0, 54.35513510503404)
20.359999999999655 (27.51712866174184, 1.0, 54.36735750881389)
20.379999999999654 (27.37985866766669, 1.0, 54.38580275335643)
20.399999999999654 (27.246316938961765, 1.0, 54.410279099312135)
20.419999999999654 (27.11413282356299, 1.0, 54.44001765796964)
20.439999999999653 (26.98011577167291, 1.0, 54.47328704819453)
20.459999999999653 (26.84220982688824, 1.0, 54.50867325592328)
20.479999999999652 (26.70043063708098, 1.0, 54.54510242601458)
20.499999999999652 (26.55629039450615, 1.0, 54.581988430952194)
20.51999999999965 (26.41162309818264, 1.0, 54.618910823993595)
20.53999999999965 (26.26758707886492, 1.0, 54.65536920189182)
20.55999999999965 (26.124472160294655, 1.0, 54.69034366250893)
20.57999999999965 (25.98176935414939, 1.0, 54.72313952510403)
20.59999999999965 (25.839046747840317, 1.0, 54.752824597536204)
20.61999999999965 (25.696193650466874, 1.0, 54.778916204717184)
20.63999999999965 (25.553375487403525, 1.0, 54.801685277569966)
20.65999999999965 (25.411040636861138, 1.0, 54.82148089753897)
20.679999999999648 (25.26984063018198, 1.0, 54.838130036640074)
20.699999999999648 (25.130231744610683, 1.0, 54.85133836101926)
20.719999999999647 (24.99243020700302, 1.0, 54.8607119394042)
20.739999999999647 (24.856352575378406, 1.0, 54.86616981510784)
20.759999999999646 (24.721933579148715, 1.0, 54.86764291344059)
20.779999999999646 (24.58920823045454, 1.0, 54.86512670800873)
20.799999999999645 (24.458214254952797, 1.0, 54.858864157366966)
20.819999999999645 (24.329096511297433, 1.0, 54.84896558704801)
20.839999999999645 (24.201767960314633, 1.0, 54.83588577882288)
20.859999999999644 (24.076209936229553, 1.0, 54.81976679096996)
20.879999999999644 (23.952418993695062, 1.0, 54.80056965989563)
20.899999999999643 (23.830146321400754, 1.0, 54.77865452516903)
20.919999999999643 (23.709297499447555, 1.0, 54.75412183460059)
20.939999999999642 (23.589881358300925, 1.0, 54.726942135178724)
20.959999999999642 (23.471713829054764, 1.0, 54.69749408665942)
20.97999999999964 (23.354589151555263, 1.0, 54.66621198028608)
20.99999999999964 (23.238706049774322, 1.0, 54.63273570559323)
21.01999999999964 (23.123950232698665, 1.0, 54.59724349262443)
21.03999999999964 (23.010087844298305, 1.0, 54.56010761754079)
21.05999999999964 (22.897138710920856, 1.0, 54.52121783023725)
21.07999999999964 (22.784999476118404, 1.0, 54.48072005151052)
21.09999999999964 (22.673408232518906, 1.0, 54.43908386269762)
21.11999999999964 (22.562512673815352, 1.0, 54.39600048970226)
21.139999999999638 (22.452068195136704, 1.0, 54.351932384273454)
21.159999999999638 (22.342028816012125, 1.0, 54.3069457614127)
21.179999999999637 (22.232597144200934, 1.0, 54.26060181760301)
21.199999999999637 (22.123367705648477, 1.0, 54.21367281952606)
21.219999999999636 (22.014195679390067, 1.0, 54.16643139414497)
21.239999999999636 (21.905095192491018, 1.0, 54.11883925370441)
21.259999999999636 (21.796355406741952, 1.0, 54.070287756647836)
21.279999999999635 (21.687596976937126, 1.0, 54.021562782486704)
21.299999999999635 (21.578695966145254, 1.0, 53.97293258841535)
21.319999999999634 (21.46964304467924, 1.0, 53.92443172799684)
21.339999999999634 (21.36042607502902, 1.0, 53.87610067369044)
21.359999999999634 (21.25105553411964, 1.0, 53.827930683602055)
21.379999999999633 (21.141532101303568, 1.0, 53.77993615682319)
21.399999999999633 (21.031818556926485, 1.0, 53.732223695169715)
21.419999999999632 (20.921899951847863, 1.0, 53.684862692827664)
21.439999999999632 (20.811780176642834, 1.0, 53.637878380330555)
21.45999999999963 (20.701468451058197, 1.0, 53.5912737504317)
21.47999999999963 (20.59097434186927, 1.0, 53.54504172452522)
21.49999999999963 (20.480307314548995, 1.0, 53.49917110664421)
21.51999999999963 (20.36949388758723, 1.0, 53.45361106704056)
21.53999999999963 (20.258543429391363, 1.0, 53.408358851228314)
21.55999999999963 (20.147398580391467, 1.0, 53.363581253851066)
21.57999999999963 (20.03600039916458, 1.0, 53.31944973095751)
21.59999999999963 (19.92429790363303, 1.0, 53.276111372115224)
21.619999999999628 (19.81223378131434, 1.0, 53.2337233121922)
21.639999999999628 (19.699788051692227, 1.0, 53.19235234193019)
21.659999999999627 (19.58699819141825, 1.0, 53.15192035543655)
21.679999999999627 (19.47389340057088, 1.0, 53.112368577383755)
21.699999999999626 (19.360497985622377, 1.0, 53.073652708884495)
21.719999999999626 (19.24672225037555, 1.0, 53.03601120113001)
21.739999999999625 (19.132694452298114, 1.0, 52.99913357735014)
21.759999999999625 (19.018340812310193, 1.0, 52.963202464327445)
21.779999999999625 (18.903654762936924, 1.0, 52.928231870643124)
21.799999999999624 (18.78869751384777, 1.0, 52.89406319950453)
21.819999999999624 (18.67360368853845, 1.0, 52.860357294267295)
21.839999999999623 (18.55826550842791, 1.0, 52.82737888325748)
21.859999999999623 (18.442663486431456, 1.0, 52.79517025320576)
21.879999999999622 (18.326952979550526, 1.0, 52.76333507796755)
21.899999999999622 (18.21103457285233, 1.0, 52.73210908936775)
21.91999999999962 (18.094998053145964, 1.0, 52.701260677720875)
21.93999999999962 (17.97883202064106, 1.0, 52.67080553372861)
21.95999999999962 (17.86259416502334, 1.0, 52.64059343620846)
21.97999999999962 (17.74615141168965, 1.0, 52.61094071974546)
21.99999999999962 (17.629687542445506, 1.0, 52.58138995873255)
22.01999999999962 (17.513218628067555, 1.0, 52.5518915218653)
22.03999999999962 (17.396507385590496, 1.0, 52.52301643357678)
22.05999999999962 (17.27987013786288, 1.0, 52.493994959564944)
22.079999999999618 (17.16329696538601, 1.0, 52.46484862201029)
22.099999999999618 (17.0468065462527, 1.0, 52.43553186489918)
22.119999999999617 (16.930429420791857, 1.0, 52.40597162917411)
22.139999999999617 (16.814179184543004, 1.0, 52.37613746682568)
22.159999999999616 (16.69809390296336, 1.0, 52.34594340006075)
22.179999999999616 (16.582192305976378, 1.0, 52.31535434102444)
22.199999999999616 (16.466479707808773, 1.0, 52.28436795229013)
22.219999999999615 (16.35095648183143, 1.0, 52.25299144959573)
22.239999999999615 (16.235620558464277, 1.0, 52.221234535221804)
22.259999999999614 (16.12046855344209, 1.0, 52.18910736615813)
22.279999999999614 (16.00549679210042, 1.0, 52.156619996995815)
22.299999999999613 (15.890702016516434, 1.0, 52.123782292805686)
22.319999999999613 (15.776081584912216, 1.0, 52.09060389116536)
22.339999999999613 (15.661633277900775, 1.0, 52.0570941022394)
22.359999999999612 (15.547354968304406, 1.0, 52.0232617879611)
22.37999999999961 (15.433244380651864, 1.0, 51.989115291877404)
22.39999999999961 (15.319299043584994, 1.0, 51.95466245604804)
22.41999999999961 (15.205516402584989, 1.0, 51.91991070793967)
22.43999999999961 (15.091893980937261, 1.0, 51.88486716624879)
22.45999999999961 (14.978429482225303, 1.0, 51.84953871682133)
22.47999999999961 (14.865120791771988, 1.0, 51.81393203869632)
22.49999999999961 (14.751965903890776, 1.0, 51.77805359225724)
22.51999999999961 (14.638962835620946, 1.0, 51.74190959761518)
22.53999999999961 (14.526109577494333, 1.0, 51.70550602727864)
22.559999999999608 (14.41340409661277, 1.0, 51.66884862109593)
22.579999999999607 (14.300844373956183, 1.0, 51.631942915811784)
22.599999999999607 (14.188428444319197, 1.0, 51.59479427489767)
22.619999999999607 (14.076154415248753, 1.0, 51.5574079076807)
22.639999999999606 (13.964020460079869, 1.0, 51.51978887539774)
22.659999999999606 (13.852024796078567, 1.0, 51.481942089308475)
22.679999999999605 (13.740165663787026, 1.0, 51.44387230853296)
22.699999999999605 (13.628441318292136, 1.0, 51.405584142859524)
22.719999999999605 (13.516850033378242, 1.0, 51.36708206117766)
22.739999999999604 (13.40538448621425, 1.0, 51.32838233031425)
22.759999999999604 (13.294041301220329, 1.0, 51.289494562032274)
22.779999999999603 (13.182853842915556, 1.0, 51.25035226301423)
22.799999999999603 (13.07183380996941, 1.0, 51.21093008326406)
22.819999999999602 (12.960955481818399, 1.0, 51.17127826808119)
22.839999999999602 (12.85019748018556, 1.0, 51.13144014957632)
22.8599999999996 (12.739551693114358, 1.0, 51.091435049230014)
22.8799999999996 (12.629048764755199, 1.0, 51.05120422901015)
22.8999999999996 (12.518694690365265, 1.0, 51.010736553491235)
22.9199999999996 (12.40846763611744, 1.0, 50.9700764586158)
22.9399999999996 (12.298367238073315, 1.0, 50.92922396612687)
22.9599999999996 (12.188425922327466, 1.0, 50.88811280661062)
22.9799999999996 (12.078643939396136, 1.0, 50.84674275967298)
22.9999999999996 (11.96899698181505, 1.0, 50.80516243420489)
23.019999999999598 (11.859450163858957, 1.0, 50.7634427119516)
23.039999999999598 (11.749996996114835, 1.0, 50.72159970108561)
23.059999999999597 (11.64064347313946, 1.0, 50.67962227267275)
23.079999999999597 (11.531407844992287, 1.0, 50.63747404050256)
23.099999999999596 (11.422321419325081, 1.0, 50.59509291325301)
23.119999999999596 (11.313373448812749, 1.0, 50.55249915349525)
23.139999999999596 (11.20454096972157, 1.0, 50.509737130530944)
23.159999999999595 (11.095799828571376, 1.0, 50.46685506982788)
23.179999999999595 (10.987143161394739, 1.0, 50.42386799524279)
23.199999999999594 (10.878569096701911, 1.0, 50.38078069569775)
23.219999999999594 (10.770070355735315, 1.0, 50.33760826711487)
23.239999999999593 (10.661636952981633, 1.0, 50.29437279590418)
23.259999999999593 (10.553287424309575, 1.0, 50.25103951170212)
23.279999999999593 (10.445044400793993, 1.0, 50.20756152996945)
23.299999999999592 (10.336912595844343, 1.0, 50.163926922503556)
23.31999999999959 (10.228882238775123, 1.0, 50.12015341826127)
23.33999999999959 (10.120974708241592, 1.0, 50.0761977086259)
23.35999999999959 (10.013207800244166, 1.0, 50.03202574444959)
23.37999999999959 (9.90554667539569, 1.0, 49.98770924037303)
23.39999999999959 (9.797980803222352, 1.0, 49.94327054783133)
23.41999999999959 (9.690500515957362, 1.0, 49.89872903470545)
23.43999999999959 (9.583088511525322, 1.0, 49.85411821764158)
23.45999999999959 (9.47574077092723, 1.0, 49.809445328691794)
23.47999999999959 (9.368457445363267, 1.0, 49.764709530160225)
23.499999999999588 (9.261239496038394, 1.0, 49.71990925131907)
23.519999999999587 (9.154088074620425, 1.0, 49.67504325206752)
23.539999999999587 (9.047004098858128, 1.0, 49.63011059688321)
23.559999999999587 (8.939988043835124, 1.0, 49.58511056643277)
23.579999999999586 (8.83304000259033, 1.0, 49.54004264939442)
23.599999999999586 (8.726159865752026, 1.0, 49.49490657361829)
23.619999999999585 (8.619347481636725, 1.0, 49.44970232613422)
23.639999999999585 (8.51260273352377, 1.0, 49.40443013829337)
23.659999999999584 (8.405925530208142, 1.0, 49.35909043607886)
23.679999999999584 (8.29931574750478, 1.0, 49.313683773915365)
23.699999999999584 (8.19277317380106, 1.0, 49.26821077728097)
23.719999999999583 (8.086297495531175, 1.0, 49.22267211085437)
23.739999999999583 (7.97988832456991, 1.0, 49.17706847226369)
23.759999999999582 (7.87354524406982, 1.0, 49.131400598979795)
23.779999999999582 (7.76726784500719, 1.0, 49.08566927385428)
23.79999999999958 (7.661055738523955, 1.0, 49.03987532123294)
23.81999999999958 (7.554908546513478, 1.0, 48.99401959428698)
23.83999999999958 (7.448825883808424, 1.0, 48.948102959741895)
23.85999999999958 (7.342807345708803, 1.0, 48.90212628649541)
23.87999999999958 (7.236852507314015, 1.0, 48.856090441101884)
23.89999999999958 (7.13096093244621, 1.0, 48.80999628885221)
23.91999999999958 (7.025132185093465, 1.0, 48.76384469679281)
23.93999999999958 (6.919365836838025, 1.0, 48.717636535305466)
23.959999999999578 (6.813661467777743, 1.0, 48.671372676889824)
23.979999999999578 (6.7080186627105185, 1.0, 48.625053992926276)
23.999999999999577 (6.602437006392991, 1.0, 48.57868135023645)
24.019999999999577 (6.496916081020461, 1.0, 48.53225560895273)
24.039999999999576 (6.39145546686805, 1.0, 48.48577762212859)
24.059999999999576 (6.286054744961755, 1.0, 48.43924823650164)
24.079999999999576 (6.180713499822369, 1.0, 48.39266829341268)
24.099999999999575 (6.07543132083619, 1.0, 48.34603862913859)
24.119999999999575 (5.970207801976017, 1.0, 48.299360074479814)
24.139999999999574 (5.865042540578786, 1.0, 48.25263345393561)
24.159999999999574 (5.759935136190338, 1.0, 48.20585958495655)
24.179999999999573 (5.65488519014299, 1.0, 48.15903927759727)
24.199999999999573 (5.549892305919881, 1.0, 48.1121733345913)
24.219999999999573 (5.444956089900016, 1.0, 48.065262551641815)
24.239999999999572 (5.340076151980009, 1.0, 48.018307717674)
24.25999999999957 (5.235252105780797, 1.0, 47.971309614899184)
24.27999999999957 (5.130483568460284, 1.0, 47.924269018697196)
24.29999999999957 (5.025770160362766, 1.0, 47.87718669742853)
24.31999999999957 (4.921111504756127, 1.0, 47.830063412298756)
24.33999999999957 (4.816507227782993, 1.0, 47.78289991733708)
24.35999999999957 (4.7119569585940475, 1.0, 47.73569695947212)
24.37999999999957 (4.607460329538264, 1.0, 47.68845527864221)
24.39999999999957 (4.503016976288508, 1.0, 47.64117560787889)
24.41999999999957 (4.398626537851557, 1.0, 47.593858673337344)
24.439999999999568 (4.2942886564897895, 1.0, 47.546505194286404)
24.459999999999567 (4.190002977621944, 1.0, 47.49911588309111)
24.479999999999567 (4.085769149761398, 1.0, 47.45169144521641)
24.499999999999567 (3.9815868245116808, 1.0, 47.404232579261645)
24.519999999999566 (3.877455656600568, 1.0, 47.35673997701635)
24.539999999999566 (3.7733753039177, 1.0, 47.30921432351984)
24.559999999999565 (3.6693454275283752, 1.0, 47.26165629711071)
24.579999999999565 (3.5653656916570413, 1.0, 47.214066569462865)
24.599999999999564 (3.4614357636523336, 1.0, 47.16644580561362)
24.619999999999564 (3.3575553139518073, 1.0, 47.11879466399292)
24.639999999999564 (3.2537240160590892, 1.0, 47.0711137964597)
24.659999999999563 (3.1499415465350493, 1.0, 47.02340384834631)
24.679999999999563 (3.0462075849961194, 1.0, 46.97566545850736)
24.699999999999562 (2.9425218141105662, 1.0, 46.927899259368424)
24.719999999999562 (2.8388839195871034, 1.0, 46.88010587697176)
24.73999999999956 (2.735293590155901, 1.0, 46.832285931018944)
24.75999999999956 (2.631750517546005, 1.0, 46.784440034912265)
24.77999999999956 (2.528254396463756, 1.0, 46.73656879579728)
24.79999999999956 (2.424804924574703, 1.0, 46.68867281460756)
24.81999999999956 (2.321401802488621, 1.0, 46.64075268611143)
24.83999999999956 (2.2180447337454567, 1.0, 46.59280899895966)
24.85999999999956 (2.114733424799969, 1.0, 46.544842335732795)
24.87999999999956 (2.011467585004051, 1.0, 46.496853272987764)
24.899999999999558 (1.908246926587176, 1.0, 46.448842381303834)
24.919999999999558 (1.8050711646361817, 1.0, 46.40081022532845)
24.939999999999557 (1.7019400170754473, 1.0, 46.35275736382356)
24.959999999999557 (1.5988532046479682, 1.0, 46.30468434971248)
24.979999999999556 (1.4958104508969579, 1.0, 46.2565917301273)
24.999999999999556 (1.3928114821474138, 1.0, 46.208480046456295)
25.019999999999555 (1.2898560274871331, 1.0, 46.16034983439124)
25.039999999999555 (1.1869438187470376, 1.0, 46.112201623974464)
25.059999999999555 (1.084074590481065, 1.0, 46.06403593964564)
25.079999999999554 (0.9812480799458798, 1.0, 46.01585330028866)
25.099999999999554 (0.8784640270807417, 1.0, 45.96765421927847)
25.119999999999553 (0.7757221744875289, 1.0, 45.919439204528025)
25.139999999999553 (0.6730222674108342, 1.0, 45.871208758535204)
25.159999999999553 (0.5703640537179628, 1.0, 45.822963378429684)
25.179999999999552 (0.4677472838787648, 1.0, 45.77470355601956)
25.19999999999955 (0.36517171094525996, 1.0, 45.72642977783783)
25.21999999999955 (0.2626370905311717, 1.0, 45.67814252518875)
25.23999999999955 (0.16014318079143233, 1.0, 45.629842274193955)
25.25999999999955 (0.057689742401753216, 1.0, 45.58152949583855)
25.27999999999955 (-0.04472346146177439, 1.0, 45.53320465601704)
25.29999999999955 (-0.14709666514306458, 1.0, 45.484868215579056)
25.31999999999955 (-0.24943010052642225, 1.0, 45.43652063037491)
25.33999999999955 (-0.35172399705697494, 1.0, 45.388162351301034)
25.35999999999955 (-0.4539785817611212, 1.0, 45.33979382434504)
25.379999999999548 (-0.5561940792669541, 1.0, 45.29141549063065)
25.399999999999547 (-0.6583707118246594, 1.0, 45.243027786462434)
25.419999999999547 (-0.7605086993268804, 1.0, 45.194631143370295)
25.439999999999547 (-0.8626082593289948, 1.0, 45.14622598815374)
25.459999999999546 (-0.9646696070693714, 1.0, 45.09781274292593)
25.479999999999546 (-1.06669295548959, 1.0, 45.04939182515745)
25.499999999999545 (-1.168678515254598, 1.0, 45.000963647719885)
25.519999999999545 (-1.2706264947728392, 1.0, 44.952528618929065)
25.539999999999544 (-1.3725371002162834, 1.0, 44.90408714258812)
25.559999999999544 (-1.4744105355404384, 1.0, 44.85563961803023)
25.579999999999544 (-1.5762470025042536, 1.0, 44.80718644016117)
25.599999999999543 (-1.678046700689937, 1.0, 44.75872799950146)
25.619999999999543 (-1.7798098275227245, 1.0, 44.710264682228434)
25.639999999999542 (-1.881536578290544, 1.0, 44.661796870217856)
25.659999999999542 (-1.9832271461636313, 1.0, 44.613324941085374)
25.67999999999954 (-2.0848817222140203, 1.0, 44.56484926822758)
25.69999999999954 (-2.186500495434959, 1.0, 44.51637022086294)
25.71999999999954 (-2.2880836527602395, 1.0, 44.46788816407224)
25.73999999999954 (-2.38963137908341, 1.0, 44.41940345883897)
25.75999999999954 (-2.4911438572769122, 1.0, 44.37091646208922)
25.77999999999954 (-2.5926212682110967, 1.0, 44.32242752673139)
25.79999999999954 (-2.6940637907731446, 1.0, 44.27393700169559)
25.81999999999954 (-2.7954716018859016, 1.0, 44.22544523197273)
25.839999999999538 (-2.896844876526563, 1.0, 44.17695255865332)
25.859999999999538 (-2.998183787745277, 1.0, 44.12845931896598)
25.879999999999537 (-3.0994885066836413, 1.0, 44.07996584631565)
25.899999999999537 (-3.200759202593077, 1.0, 44.03147247032149)
25.919999999999536 (-3.301996042853091, 1.0, 43.9829795168545)
25.939999999999536 (-3.4031991929894176, 1.0, 43.93448730807483)
25.959999999999535 (-3.5043688166920512, 1.0, 43.88599616246878)
25.979999999999535 (-3.605505075833139, 1.0, 43.83750639488556)
25.999999999999535 (-3.7066081304848013, 1.0, 43.789018316573646)
26.019999999999534 (-3.8076781389367755, 1.0, 43.74053223521693)
26.039999999999534 (-3.9087152577139874, 1.0, 43.69204845497054)
26.059999999999533 (-4.00971964159396, 1.0, 43.64356727649633)
26.079999999999533 (-4.11069144362412, 1.0, 43.595088996998115)
26.099999999999532 (-4.211630815138989, 1.0, 43.54661391025662)
26.119999999999532 (-4.312537905777228, 1.0, 43.498142306664064)
26.13999999999953 (-4.413412863498576, 1.0, 43.44967447325851)
26.15999999999953 (-4.514255834600643, 1.0, 43.40121069375788)
26.17999999999953 (-4.615066963735593, 1.0, 43.35275124859373)
26.19999999999953 (-4.715846393926701, 1.0, 43.30429641494462)
26.21999999999953 (-4.816594266584766, 1.0, 43.255846466769384)
26.23999999999953 (-4.917310721524427, 1.0, 43.207401674839865)
26.25999999999953 (-5.017995896980324, 1.0, 43.15896230677352)
26.27999999999953 (-5.1186499296231345, 1.0, 43.11052862706575)
26.299999999999528 (-5.2192729545754935, 1.0, 43.062100897121816)
26.319999999999528 (-5.319865105427775, 1.0, 43.013679375288596)
26.339999999999527 (-5.420426514253773, 1.0, 42.96526431688594)
26.359999999999527 (-5.520957311626204, 1.0, 42.91685597423789)
26.379999999999526 (-5.621457626632139, 1.0, 42.86845459670339)
26.399999999999526 (-5.721927586888254, 1.0, 42.820060430706974)
26.419999999999526 (-5.8223673185560045, 1.0, 42.77167371976899)
26.439999999999525 (-5.922776946356617, 1.0, 42.72329470453562)
26.459999999999525 (-6.0231565935859965, 1.0, 42.674923622808585)
26.479999999999524 (-6.123506382129503, 1.0, 42.62656070957461)
26.499999999999524 (-6.223826432476589, 1.0, 42.57820619703459)
26.519999999999524 (-6.324116863735298, 1.0, 42.5298603146325)
26.539999999999523 (-6.424377793646673, 1.0, 42.48152328908401)
26.559999999999523 (-6.524609338599, 1.0, 42.43319534440485)
26.579999999999522 (-6.624811613641947, 1.0, 42.384876701938914)
26.599999999999522 (-6.724984732500581, 1.0, 42.33656758038607)
26.61999999999952 (-6.825128807589274, 1.0, 42.28826819582969)
26.63999999999952 (-6.925243950025417, 1.0, 42.23997876176403)
26.65999999999952 (-7.0253302696431055, 1.0, 42.19169948912116)
26.67999999999952 (-7.125387875006632, 1.0, 42.14343058629784)
26.69999999999952 (-7.225416873423886, 1.0, 42.09517225918194)
26.71999999999952 (-7.325417370959625, 1.0, 42.04692471117879)
26.73999999999952 (-7.425389472448615, 1.0, 41.9986881432371)
26.75999999999952 (-7.525333281508669, 1.0, 41.95046275387482)
26.779999999999518 (-7.62524890055355, 1.0, 41.902248739204516)
26.799999999999518 (-7.725136430805773, 1.0, 41.85404629295874)
26.819999999999517 (-7.824995972309248, 1.0, 41.80585560651496)
26.839999999999517 (-7.924827623941847, 1.0, 41.75767686892037)
26.859999999999516 (-8.024631483427838, 1.0, 41.709510266916375)
26.879999999999516 (-8.124407647350184, 1.0, 41.66135598496288)
26.899999999999515 (-8.224156211162759, 1.0, 41.61321420526236)
26.919999999999515 (-8.323877269202416, 1.0, 41.565085107783574)
26.939999999999515 (-8.423570914700973, 1.0, 41.51696887028523)
26.959999999999514 (-8.523237239797043, 1.0, 41.46886566833924)
26.979999999999514 (-8.622876335547783, 1.0, 41.420775675353866)
26.999999999999513 (-8.722488291940524, 1.0, 41.372699062596546)
27.019999999999513 (-8.82207319790427, 1.0, 41.32463599921654)
27.039999999999512 (-8.921631141321095, 1.0, 41.27658665226738)
27.059999999999512 (-9.021162209037467, 1.0, 41.228551186729014)
27.07999999999951 (-9.12066648687539, 1.0, 41.180529765529755)
27.09999999999951 (-9.22014405964348, 1.0, 41.13252254956809)
27.11999999999951 (-9.319595011147955, 1.0, 41.084529697734126)
27.13999999999951 (-9.41901942420345, 1.0, 41.03655136693094)
27.15999999999951 (-9.518417380643776, 1.0, 40.98858771209566)
27.17999999999951 (-9.617788961332568, 1.0, 40.940638886220334)
27.19999999999951 (-9.717134246173822, 1.0, 40.8927050403726)
27.21999999999951 (-9.8164533141223, 1.0, 40.84478632371609)
27.239999999999508 (-9.915746243193853, 1.0, 40.79688288353078)
27.259999999999508 (-10.015013110475678, 1.0, 40.748994865232916)
27.279999999999507 (-10.114253992136407, 1.0, 40.7011224123949)
27.299999999999507 (-10.213468963436123, 1.0, 40.65326566676492)
27.319999999999506 (-10.31265809873629, 1.0, 40.60542476828636)
27.339999999999506 (-10.411821471509546, 1.0, 40.55759985511704)
27.359999999999506 (-10.510959154349441, 1.0, 40.50979106364824)
27.379999999999505 (-10.61007121898003, 1.0, 40.46199852852352)
27.399999999999505 (-10.709157736265402, 1.0, 40.41422238265741)
27.419999999999504 (-10.80821877621911, 1.0, 40.36646275725377)
27.439999999999504 (-10.907254408013479, 1.0, 40.31871978182416)
27.459999999999503 (-11.006264699988847, 1.0, 40.27099358420579)
27.479999999999503 (-11.105249719662691, 1.0, 40.22328429057949)
27.499999999999503 (-11.204209533738668, 1.0, 40.175592025487354)
27.519999999999502 (-11.303144208115564, 1.0, 40.12791691185026)
27.5399999999995 (-11.402053807896152, 1.0, 40.0802590709852)
27.5599999999995 (-11.500938397395938, 1.0, 40.03261862262246)
27.5799999999995 (-11.599798040151844, 1.0, 39.98499568492252)
27.5999999999995 (-11.698632798930799, 1.0, 39.9373903744929)
27.6199999999995 (-11.797442735738201, 1.0, 39.889802806404745)
27.6399999999995 (-11.896227911826351, 1.0, 39.842233094209305)
27.6599999999995 (-11.994988387702755, 1.0, 39.79468134995414)
27.6799999999995 (-12.09372422313835, 1.0, 39.74714768419928)
27.6999999999995 (-12.192435477175644, 1.0, 39.69963220603312)
27.719999999999498 (-12.291122208136775, 1.0, 39.6521350230882)
27.739999999999498 (-12.389784473631481, 1.0, 39.604656241556775)
27.759999999999497 (-12.488422330565, 1.0, 39.55719596620627)
27.779999999999497 (-12.587035835145851, 1.0, 39.50975430039454)
27.799999999999496 (-12.685594368059487, 1.0, 39.4622673149447)
27.819999999999496 (-12.784081510655648, 1.0, 39.41470129195974)
27.839999999999495 (-12.882554455763776, 1.0, 39.36717456208035)
27.859999999999495 (-12.981018938512232, 1.0, 39.31969908089178)
27.879999999999495 (-13.079469649486278, 1.0, 39.27226428596164)
27.899999999999494 (-13.177903497211314, 1.0, 39.224863679354755)
27.919999999999494 (-13.276318777103542, 1.0, 39.17749350434827)
27.939999999999493 (-13.374714360219388, 1.0, 39.130151425143495)
27.959999999999493 (-13.473089428402801, 1.0, 39.08283588004643)
27.979999999999492 (-13.571443408685397, 1.0, 39.035545739443684)
27.999999999999492 (-13.669775910625908, 1.0, 38.98828014317288)
28.01999999999949 (-13.768086655734878, 1.0, 38.94103842675508)
28.03999999999949 (-13.866375429810951, 1.0, 38.89382007847511)
28.05999999999949 (-13.964642059040457, 1.0, 38.84662470711567)
28.07999999999949 (-14.06288639953421, 1.0, 38.79945201589091)
28.09999999999949 (-14.161108334880756, 1.0, 38.75230178047006)
28.11999999999949 (-14.259307777357899, 1.0, 38.70517383063362)
28.13999999999949 (-14.357484667490771, 1.0, 38.6580680365937)
28.15999999999949 (-14.455638969267694, 1.0, 38.610984300298156)
28.179999999999488 (-14.553770662509946, 1.0, 38.56392255034756)
28.199999999999488 (-14.651879735776191, 1.0, 38.51688273843611)
28.219999999999487 (-14.749966182199524, 1.0, 38.469864835806995)
28.239999999999487 (-14.848029998529901, 1.0, 38.42286882930155)
28.259999999999486 (-14.946071186033747, 1.0, 38.37589471741124)
28.279999999999486 (-15.04408975147656, 1.0, 38.32894250699271)
28.299999999999486 (-15.142085707037566, 1.0, 38.28201221104927)
28.319999999999485 (-15.240059069047721, 1.0, 38.23510384751867)
28.339999999999485 (-15.33800985622106, 1.0, 38.18821743866118)
28.359999999999484 (-15.435938088210856, 1.0, 38.1413530105827)
28.379999999999484 (-15.533843784957376, 1.0, 38.09451059261441)
28.399999999999483 (-15.631726966763841, 1.0, 38.04769021653164)
28.419999999999483 (-15.729587654688778, 1.0, 38.00089191576931)
28.439999999999483 (-15.827425870818878, 1.0, 37.954115724810414)
28.459999999999482 (-15.925241638205442, 1.0, 37.9073616788268)
28.47999999999948 (-16.02303498051793, 1.0, 37.86062981352875)
28.49999999999948 (-16.12080592162527, 1.0, 37.81392016510928)
28.51999999999948 (-16.218554485306292, 1.0, 37.76723277017625)
28.53999999999948 (-16.316280695169834, 1.0, 37.72056766562462)
28.55999999999948 (-16.41398457473268, 1.0, 37.6739248884653)
28.57999999999948 (-16.511666147537625, 1.0, 37.627304475659884)
28.59999999999948 (-16.609325437211286, 1.0, 37.5807064640038)
28.61999999999948 (-16.706962467428646, 1.0, 37.53413089006937)
28.63999999999948 (-16.804577261816092, 1.0, 37.48757779019103)
28.659999999999478 (-16.902169843852434, 1.0, 37.44104720046225)
28.679999999999477 (-16.999740236813157, 1.0, 37.394539156720676)
28.699999999999477 (-17.09728846376762, 1.0, 37.34805369451547)
28.719999999999477 (-17.19481454760805, 1.0, 37.30159084906535)
28.739999999999476 (-17.292318511078978, 1.0, 37.255150655220966)
28.759999999999476 (-17.389800376785594, 1.0, 37.20873314744102)
28.779999999999475 (-17.48726016717847, 1.0, 37.1623383597826)
28.799999999999475 (-17.584697904526585, 1.0, 37.115966325899635)
28.819999999999474 (-17.68211361089407, 1.0, 37.06961707904178)
28.839999999999474 (-17.77950730813014, 1.0, 37.023290652049035)
28.859999999999474 (-17.876879017871698, 1.0, 36.976987077341896)
28.879999999999473 (-17.9742287615517, 1.0, 36.930706386910124)
28.899999999999473 (-18.071556560405472, 1.0, 36.8844486123036)
28.919999999999472 (-18.1688624354707, 1.0, 36.838213784627065)
28.939999999999472 (-18.266146407581964, 1.0, 36.792001934538234)
28.95999999999947 (-18.363408497363533, 1.0, 36.74581309224756)
28.97999999999947 (-18.46064872522421, 1.0, 36.69964728751756)
28.99999999999947 (-18.557867111355893, 1.0, 36.65350454966107)
29.01999999999947 (-18.65506367573507, 1.0, 36.6073849075386)
29.03999999999947 (-18.752238438125218, 1.0, 36.561288389555756)
29.05999999999947 (-18.849391418078174, 1.0, 36.51521502366147)
29.07999999999947 (-18.946522634933924, 1.0, 36.46916483734744)
29.09999999999947 (-19.043632107819192, 1.0, 36.42313785764844)
29.119999999999468 (-19.140719855646033, 1.0, 36.37713411114293)
29.139999999999468 (-19.237785897111195, 1.0, 36.33115362395358)
29.159999999999467 (-19.33483025069648, 1.0, 36.2851964217477)
29.179999999999467 (-19.43185293466982, 1.0, 36.23926252973743)
29.199999999999466 (-19.528853967086423, 1.0, 36.19335197268028)
29.219999999999466 (-19.625833365789596, 1.0, 36.14746477487991)
29.239999999999466 (-19.722791148411254, 1.0, 36.101600960187334)
29.259999999999465 (-19.8197273323722, 1.0, 36.05576055200238)
29.279999999999465 (-19.91664193488252, 1.0, 36.00994357327531)
29.299999999999464 (-20.01353497294227, 1.0, 35.964150046508415)
29.319999999999464 (-20.110406463342443, 1.0, 35.91837999375764)
29.339999999999463 (-20.207256422666102, 1.0, 35.872633436634345)
29.359999999999463 (-20.3040848672895, 1.0, 35.82691039630708)
29.379999999999463 (-20.400891813383172, 1.0, 35.78121089350361)
29.399999999999462 (-20.49767727691295, 1.0, 35.735534948513056)
29.41999999999946 (-20.594441273640953, 1.0, 35.6898825811881)
29.43999999999946 (-20.691183819126685, 1.0, 35.644253810947326)
29.45999999999946 (-20.7879049287282, 1.0, 35.59864865677754)
29.47999999999946 (-20.88460461760337, 1.0, 35.553067137236226)
29.49999999999946 (-20.98128290071119, 1.0, 35.50750927045396)
29.51999999999946 (-21.077939792813105, 1.0, 35.46197507413695)
29.53999999999946 (-21.17457530847433, 1.0, 35.41646456556968)
29.55999999999946 (-21.27118946206514, 1.0, 35.37097776161753)
29.57999999999946 (-21.36778226776223, 1.0, 35.3255146787295)
29.599999999999458 (-21.464353739550063, 1.0, 35.28007533294097)
29.619999999999457 (-21.560903891222285, 1.0, 35.23465973987649)
29.639999999999457 (-21.657432736383146, 1.0, 35.18926791475261)
29.659999999999457 (-21.753940288448934, 1.0, 35.14389987238071)
29.679999999999456 (-21.85042656064946, 1.0, 35.09855562716987)
29.699999999999456 (-21.946891566029485, 1.0, 35.053235193129844)
29.719999999999455 (-22.043335317450182, 1.0, 35.00793858387394)
29.739999999999455 (-22.13975782759063, 1.0, 34.96266581262202)
29.759999999999454 (-22.2361591089493, 1.0, 34.91741689220347)
29.779999999999454 (-22.332539173845515, 1.0, 34.87219183506019)
29.799999999999454 (-22.428898034421007, 1.0, 34.82699065324961)
29.819999999999453 (-22.525235702641382, 1.0, 34.78181335844769)
29.839999999999453 (-22.62155219029765, 1.0, 34.73665996195199)
29.859999999999452 (-22.71784750900773, 1.0, 34.691530474684676)
29.879999999999452 (-22.814121670217983, 1.0, 34.64642490719555)
29.89999999999945 (-22.9103746852047, 1.0, 34.60134326966515)
29.91999999999945 (-23.00660656507566, 1.0, 34.55628557190776)
29.93999999999945 (-23.10281732077157, 1.0, 34.511251823374465)
29.95999999999945 (-23.199006963067657, 1.0, 34.46624203315623)
29.97999999999945 (-23.295175502575155, 1.0, 34.42125620998689)
29.99999999999945 (-23.3913229497428, 1.0, 34.376294362246256)
