0.0 (-15.75, 1.0, 0.0)
0.02 (-15.748934061970875, 1.0, 0.023695867031192856)
0.04 (-15.741500655599946, 1.0, 0.09544310823808916)
0.06 (-15.725601388912986, 1.0, 0.20617751660569744)
0.08 (-15.70673966962118, 1.0, 0.33470095590140203)
0.1 (-15.677865641816704, 1.0, 0.4547876498420886)
0.12000000000000001 (-15.633791455295983, 1.0, 0.5691736734888034)
0.14 (-15.581808847654079, 1.0, 0.6837105865378507)
0.16 (-15.531338381632576, 1.0, 0.7990029809105256)
0.18 (-15.489431380737644, 1.0, 0.9136341728363042)
0.19999999999999998 (-15.459828118752723, 1.0, 1.028074151501679)
0.21999999999999997 (-15.440318178078071, 1.0, 1.1461686915042841)
0.23999999999999996 (-15.415899917618066, 1.0, 1.2636105181405668)
0.25999999999999995 (-15.370705910380002, 1.0, 1.3653781281368764)
0.27999999999999997 (-15.30739848332166, 1.0, 1.4565877217623564)
0.3 (-15.235682234076217, 1.0, 1.544382018043399)
0.32 (-15.164988072237229, 1.0, 1.6266178111047407)
0.34 (-15.100000463936142, 1.0, 1.701412327853075)
0.36000000000000004 (-15.03815575180415, 1.0, 1.7682719200147823)
0.38000000000000006 (-14.975905537277203, 1.0, 1.828288526650566)
0.4000000000000001 (-14.911532517527816, 1.0, 1.8844753716688838)
0.4200000000000001 (-14.8440032600425, 1.0, 1.9393390400472095)
0.4400000000000001 (-14.772249937553191, 1.0, 1.9939239116329295)
0.46000000000000013 (-14.695746962885192, 1.0, 2.0490277223646274)
0.48000000000000015 (-14.614572526127382, 1.0, 2.105658191024645)
0.5000000000000001 (-14.528792010069655, 1.0, 2.164024563669953)
0.5200000000000001 (-14.437888962036748, 1.0, 2.221753231449097)
0.5400000000000001 (-14.342996156661965, 1.0, 2.2771801607490256)
0.5600000000000002 (-14.24527961073286, 1.0, 2.3290471559932544)
0.5800000000000002 (-14.145627781420032, 1.0, 2.3761528719146243)
0.6000000000000002 (-14.044879572349487, 1.0, 2.4174705120084963)
0.6200000000000002 (-13.943971297404566, 1.0, 2.452056793127705)
0.6400000000000002 (-13.843912232839017, 1.0, 2.479269643951745)
0.6600000000000003 (-13.749053677530343, 1.0, 2.4958641708025144)
0.6800000000000003 (-13.664295789398462, 1.0, 2.500636527751576)
0.7000000000000003 (-13.590876008151179, 1.0, 2.493663508602953)
0.7200000000000003 (-13.528606310641688, 1.0, 2.4753183364911524)
0.7400000000000003 (-13.477275679606148, 1.0, 2.4465955537898374)
0.7600000000000003 (-13.43689822651639, 1.0, 2.408963692156634)
0.7800000000000004 (-13.407771697354784, 1.0, 2.3642411778192067)
0.8000000000000004 (-13.389941854106327, 1.0, 2.3166915009175497)
0.8200000000000004 (-13.382095210045687, 1.0, 2.273767946463873)
0.8400000000000004 (-13.382194618771164, 1.0, 2.2404532120206015)
0.8600000000000004 (-13.389315080646861, 1.0, 2.219202849443478)
0.8800000000000004 (-13.403177744279844, 1.0, 2.2098912595007123)
0.9000000000000005 (-13.423711448878684, 1.0, 2.2101693120801627)
0.9200000000000005 (-13.45133680657626, 1.0, 2.217345834880498)
0.9400000000000005 (-13.486842990907043, 1.0, 2.229286799907168)
0.9600000000000005 (-13.531136616590077, 1.0, 2.244445678522885)
0.9800000000000005 (-13.585126224569134, 1.0, 2.261748663562448)
1.0000000000000004 (-13.64776526346892, 1.0, 2.2798555605739)
1.0200000000000005 (-13.71625049079045, 1.0, 2.298654533939762)
1.0400000000000005 (-13.788008367308471, 1.0, 2.318342432762722)
1.0600000000000005 (-13.861191747962586, 1.0, 2.3389564283506608)
1.0800000000000005 (-13.933927767370237, 1.0, 2.359181191655481)
1.1000000000000005 (-14.004615465633842, 1.0, 2.3808228414015775)
1.1200000000000006 (-14.074526206573617, 1.0, 2.4005730182213543)
1.1400000000000006 (-14.144592465899125, 1.0, 2.415561519830795)
1.1600000000000006 (-14.195440166339287, 1.0, 2.4465787687188802)
1.1800000000000006 (-14.231861999645673, 1.0, 2.501043564797521)
1.2000000000000006 (-14.26490561201178, 1.0, 2.549915472008963)
1.2200000000000006 (-14.297326077824843, 1.0, 2.5873749765810503)
1.2400000000000007 (-14.330706610084693, 1.0, 2.614179328327395)
1.2600000000000007 (-14.36979849572066, 1.0, 2.6136214901641246)
1.2800000000000007 (-14.413106714538058, 1.0, 2.58783042907028)
1.3000000000000007 (-14.462840932344976, 1.0, 2.5583563146126944)
1.3200000000000007 (-14.518776808177034, 1.0, 2.5221158873789085)
1.3400000000000007 (-14.579080100790009, 1.0, 2.4749360057205476)
1.3600000000000008 (-14.639045716691422, 1.0, 2.424883156213229)
1.3800000000000008 (-14.690553449443886, 1.0, 2.379656591917198)
1.4000000000000008 (-14.728467500159347, 1.0, 2.3420695650389183)
1.4200000000000008 (-14.752557388732374, 1.0, 2.3145469749164276)
1.4400000000000008 (-14.76484131803534, 1.0, 2.2978797851347914)
1.4600000000000009 (-14.766216638848768, 1.0, 2.2910640245469915)
1.4800000000000009 (-14.756116921618926, 1.0, 2.2918952926659664)
1.5000000000000009 (-14.736446575788248, 1.0, 2.298812295992484)
1.520000000000001 (-14.71009808387569, 1.0, 2.3101587565819575)
1.540000000000001 (-14.679548403926198, 1.0, 2.3238375552096926)
1.560000000000001 (-14.646737101926286, 1.0, 2.3377852348789974)
1.580000000000001 (-14.613270327912991, 1.0, 2.3501112963665856)
1.600000000000001 (-14.58062639050177, 1.0, 2.3589911993361583)
1.620000000000001 (-14.5503382584053, 1.0, 2.362588707965077)
1.640000000000001 (-14.52700838751661, 1.0, 2.35634146961546)
1.660000000000001 (-14.517546586238863, 1.0, 2.335342847362086)
1.680000000000001 (-14.52405145433932, 1.0, 2.2989743553632422)
1.700000000000001 (-14.545440960805761, 1.0, 2.248148600943628)
1.720000000000001 (-14.578729031319334, 1.0, 2.188476779432474)
1.740000000000001 (-14.617553671466505, 1.0, 2.1269363073212166)
1.7600000000000011 (-14.656865339917214, 1.0, 2.0675972509517013)
1.7800000000000011 (-14.695424702511714, 1.0, 2.0101944590286274)
1.8000000000000012 (-14.734177292493772, 1.0, 1.9544199558840967)
1.8200000000000012 (-14.774240261361674, 1.0, 1.900555198436954)
1.8400000000000012 (-14.816079454065724, 1.0, 1.8482025136889602)
1.8600000000000012 (-14.859733952888242, 1.0, 1.7969509308876188)
1.8800000000000012 (-14.904936148871075, 1.0, 1.7467640122543362)
1.9000000000000012 (-14.95121928511303, 1.0, 1.6979962793004866)
1.9200000000000013 (-14.998260536716302, 1.0, 1.6516101219775687)
1.9400000000000013 (-15.04588623216644, 1.0, 1.6093897685538716)
1.9600000000000013 (-15.093853742231348, 1.0, 1.572767993158902)
1.9800000000000013 (-15.142044517373554, 1.0, 1.5423621464063724)
2.0000000000000013 (-15.190601261274184, 1.0, 1.518151457882088)
2.0200000000000014 (-15.23994412832081, 1.0, 1.4994705595335025)
2.0400000000000014 (-15.29065377217203, 1.0, 1.4850296730903496)
2.0600000000000014 (-15.343496865638445, 1.0, 1.4730702136621037)
2.0800000000000014 (-15.39874064624769, 1.0, 1.4616641348637645)
2.1000000000000014 (-15.455432014224389, 1.0, 1.448865575597974)
2.1200000000000014 (-15.51075520701256, 1.0, 1.437527968007006)
2.1400000000000015 (-15.558528018138002, 1.0, 1.430407838210232)
2.1600000000000015 (-15.59356481599005, 1.0, 1.4288529751123054)
2.1800000000000015 (-15.615577856457753, 1.0, 1.4350008283489732)
2.2000000000000015 (-15.623966740225923, 1.0, 1.4490494740305226)
2.2200000000000015 (-15.618221597484672, 1.0, 1.4656119981215359)
2.2400000000000015 (-15.604042840214682, 1.0, 1.4793399293484308)
2.2600000000000016 (-15.588562007501103, 1.0, 1.489115989545403)
2.2800000000000016 (-15.575631958246102, 1.0, 1.4937181433070283)
2.3000000000000016 (-15.566275082136523, 1.0, 1.4934863429817065)
2.3200000000000016 (-15.559115625171916, 1.0, 1.490513242307711)
2.3400000000000016 (-15.55209960791832, 1.0, 1.4875236771974978)
2.3600000000000017 (-15.543678320346473, 1.0, 1.4873195912202002)
2.3800000000000017 (-15.53275198879889, 1.0, 1.4921195257566267)
2.4000000000000017 (-15.518418686966283, 1.0, 1.5032702450300328)
2.4200000000000017 (-15.499891607160084, 1.0, 1.5212922902641413)
2.4400000000000017 (-15.47648801461152, 1.0, 1.546008752313758)
2.4600000000000017 (-15.447609971283653, 1.0, 1.57667957584767)
2.4800000000000018 (-15.412728271692217, 1.0, 1.61213982168833)
2.5000000000000018 (-15.371381826969431, 1.0, 1.6509242091828527)
2.520000000000002 (-15.323242657014694, 1.0, 1.6913772555294377)
2.540000000000002 (-15.269260570434476, 1.0, 1.7323152126355414)
2.560000000000002 (-15.2120482136064, 1.0, 1.772477359542291)
2.580000000000002 (-15.153552152931365, 1.0, 1.8103289249154193)
2.600000000000002 (-15.094792079591368, 1.0, 1.8440594036627074)
2.620000000000002 (-15.036566926365145, 1.0, 1.8718689696806297)
2.640000000000002 (-14.981408246215578, 1.0, 1.8897918119386081)
2.660000000000002 (-14.934088703264559, 1.0, 1.8924536792879498)
2.680000000000002 (-14.896572863261037, 1.0, 1.8788583136331976)
2.700000000000002 (-14.86824588035397, 1.0, 1.849584480275299)
2.720000000000002 (-14.8485699429664, 1.0, 1.8060385374539503)
2.740000000000002 (-14.837372234589632, 1.0, 1.7528782957320437)
2.760000000000002 (-14.83279898707937, 1.0, 1.6978883463272947)
2.780000000000002 (-14.832504822767417, 1.0, 1.64690749619253)
2.800000000000002 (-14.835350165155246, 1.0, 1.601167424131217)
2.820000000000002 (-14.841720369623408, 1.0, 1.5610899593761507)
2.840000000000002 (-14.852313679024356, 1.0, 1.5268804564889717)
2.860000000000002 (-14.867318884721627, 1.0, 1.4971889099626596)
2.880000000000002 (-14.886724624496974, 1.0, 1.469893851096868)
2.900000000000002 (-14.910979234085296, 1.0, 1.4440655609804312)
2.920000000000002 (-14.940052194243963, 1.0, 1.4191502466576529)
2.940000000000002 (-14.973789591619392, 1.0, 1.394924844629976)
2.960000000000002 (-15.01188651450179, 1.0, 1.3714367280122803)
2.980000000000002 (-15.05407669183164, 1.0, 1.3485363747218222)
3.000000000000002 (-15.10021705038955, 1.0, 1.3256906189680118)
3.0200000000000022 (-15.15021182851498, 1.0, 1.3020464302310735)
3.0400000000000023 (-15.203949307107484, 1.0, 1.276499091546174)
3.0600000000000023 (-15.261247380360077, 1.0, 1.2482142390916418)
3.0800000000000023 (-15.32089286820408, 1.0, 1.2183018020393321)
3.1000000000000023 (-15.378373503073899, 1.0, 1.1899407831315985)
3.1200000000000023 (-15.42997055427785, 1.0, 1.1657917900068364)
3.1400000000000023 (-15.474077089135188, 1.0, 1.1474666357064491)
3.1600000000000024 (-15.508790655127454, 1.0, 1.1334995787553506)
3.1800000000000024 (-15.535227085102399, 1.0, 1.1181205176755715)
3.2000000000000024 (-15.558082356421854, 1.0, 1.097800595325159)
3.2200000000000024 (-15.579783658106429, 1.0, 1.0704294800267369)
3.2400000000000024 (-15.601994012770058, 1.0, 1.0359034250882153)
3.2600000000000025 (-15.625098775230583, 1.0, 0.9964556792589412)
3.2800000000000025 (-15.647941367639097, 1.0, 0.9549223017982398)
3.3000000000000025 (-15.669394828174994, 1.0, 0.9145412275887553)
3.3200000000000025 (-15.688849169229913, 1.0, 0.8783316577806483)
3.3400000000000025 (-15.706035205616658, 1.0, 0.8486410473831129)
3.3600000000000025 (-15.720904231067738, 1.0, 0.82717902442122)
3.3800000000000026 (-15.733494815991982, 1.0, 0.8151361840618596)
3.4000000000000026 (-15.743856174319355, 1.0, 0.813031309101909)
3.4200000000000026 (-15.750960703739363, 1.0, 0.8209554418416846)
3.4400000000000026 (-15.753702889541714, 1.0, 0.8379989320801566)
3.4600000000000026 (-15.75126842627476, 1.0, 0.8633877670229593)
3.4800000000000026 (-15.742704314613858, 1.0, 0.8957173497965654)
3.5000000000000027 (-15.727140998541143, 1.0, 0.9336051329335578)
3.5200000000000027 (-15.70470410133369, 1.0, 0.9759501441981779)
3.5400000000000027 (-15.677444944644648, 1.0, 1.0215812338200678)
3.5600000000000027 (-15.64712712053603, 1.0, 1.0689477001031968)
3.5800000000000027 (-15.614479941951597, 1.0, 1.116215925426864)
3.6000000000000028 (-15.579766646594235, 1.0, 1.1617456558705253)
3.6200000000000028 (-15.543104187165762, 1.0, 1.2040042082891853)
3.640000000000003 (-15.504639458536353, 1.0, 1.241428637792452)
3.660000000000003 (-15.465368371292488, 1.0, 1.2740401316269803)
3.680000000000003 (-15.425043146634899, 1.0, 1.292356676107444)
3.700000000000003 (-15.38768004231002, 1.0, 1.2908441461093327)
3.720000000000003 (-15.35474649098547, 1.0, 1.2688861421218416)
3.740000000000003 (-15.325777565835336, 1.0, 1.227273286643631)
3.760000000000003 (-15.301835652790007, 1.0, 1.1689624549693742)
3.780000000000003 (-15.284990191592293, 1.0, 1.101501930789197)
3.800000000000003 (-15.274707109517827, 1.0, 1.0329373870473373)
3.820000000000003 (-15.27024150440264, 1.0, 0.9669190418065837)
3.840000000000003 (-15.271061852759827, 1.0, 0.9036693075258652)
3.860000000000003 (-15.2769550687873, 1.0, 0.8422847927077246)
3.880000000000003 (-15.288105031725156, 1.0, 0.781674828173794)
3.900000000000003 (-15.304528356329847, 1.0, 0.720870847547656)
3.920000000000003 (-15.326062473935563, 1.0, 0.659177005853885)
3.940000000000003 (-15.352338057718512, 1.0, 0.5962491641543474)
3.960000000000003 (-15.382845255305567, 1.0, 0.5320075185205353)
3.980000000000003 (-15.417062275046959, 1.0, 0.46634800923473324)
4.000000000000003 (-15.45447541270045, 1.0, 0.3993013854553547)
4.020000000000002 (-15.494533727438904, 1.0, 0.33084446679610113)
4.040000000000002 (-15.536673860312224, 1.0, 0.26089334145972864)
4.060000000000001 (-15.58031735162709, 1.0, 0.18930121802213967)
4.080000000000001 (-15.624691850946618, 1.0, 0.11727593841259541)
4.1000000000000005 (-15.66747051059234, 1.0, 0.049254644517506205)
4.12 (-15.706509884139532, 1.0, -0.011107850077816273)
4.14 (-15.740973344901976, 1.0, -0.06188196552051614)
4.159999999999999 (-15.768979760100239, 1.0, -0.10196375116940559)
4.179999999999999 (-15.787781460548825, 1.0, -0.13501985096024938)
4.199999999999998 (-15.798747629909357, 1.0, -0.16630298716570402)
4.219999999999998 (-15.804582275823593, 1.0, -0.19942216773660232)
4.2399999999999975 (-15.807069527785496, 1.0, -0.23634948314734733)
4.259999999999997 (-15.808128522268131, 1.0, -0.2770562459191715)
4.279999999999997 (-15.808781193404464, 1.0, -0.3193901292996612)
4.299999999999996 (-15.809092073394126, 1.0, -0.36034987780846406)
4.319999999999996 (-15.809420386583783, 1.0, -0.3969588352838473)
4.339999999999995 (-15.810373309624083, 1.0, -0.4268577245275536)
4.359999999999995 (-15.81263006576119, 1.0, -0.44838850096447824)
4.379999999999995 (-15.816709524560544, 1.0, -0.46046701074551916)
4.399999999999994 (-15.822924504406634, 1.0, -0.4624780935064787)
4.419999999999994 (-15.83048928619583, 1.0, -0.4540799294320356)
4.439999999999993 (-15.838200686469184, 1.0, -0.4358928082090162)
4.459999999999993 (-15.845092396110768, 1.0, -0.40880529077610944)
4.479999999999992 (-15.84985693474595, 1.0, -0.374065563216484)
4.499999999999992 (-15.85121785717138, 1.0, -0.33296324649824555)
4.519999999999992 (-15.848010551373418, 1.0, -0.28680869549099036)
4.539999999999991 (-15.839197879641524, 1.0, -0.23687428484519385)
4.559999999999991 (-15.82347280473631, 1.0, -0.18494422842555386)
4.57999999999999 (-15.800552668004528, 1.0, -0.13288297286252143)
4.59999999999999 (-15.772601452091878, 1.0, -0.08357056763229474)
4.6199999999999894 (-15.742753204013633, 1.0, -0.03909551449791457)
4.639999999999989 (-15.708133706902366, 1.0, -0.010432983220358787)
4.659999999999989 (-15.670718745680992, 1.0, -0.0030058451825294274)
4.679999999999988 (-15.630906963786696, 1.0, -0.01635291342506414)
4.699999999999988 (-15.58841155715968, 1.0, -0.048741819489245046)
4.719999999999987 (-15.544769333064355, 1.0, -0.09705061553192988)
4.739999999999987 (-15.503228624305573, 1.0, -0.1540608500574306)
4.7599999999999865 (-15.465662675932755, 1.0, -0.21197383929577426)
4.779999999999986 (-15.431821659283756, 1.0, -0.2683074709771071)
4.799999999999986 (-15.402086646260962, 1.0, -0.3229881344714505)
4.819999999999985 (-15.377561777040254, 1.0, -0.376216593995282)
4.839999999999985 (-15.358758869740845, 1.0, -0.428442486803942)
4.859999999999984 (-15.345611135448271, 1.0, -0.48016975354272673)
4.879999999999984 (-15.337880803700141, 1.0, -0.5317768750018212)
4.8999999999999835 (-15.335266284086272, 1.0, -0.5834429589004697)
4.919999999999983 (-15.336217856092722, 1.0, -0.6354988504635426)
4.939999999999983 (-15.340589855008714, 1.0, -0.6878476564149006)
4.959999999999982 (-15.348477335539284, 1.0, -0.7400834716777444)
4.979999999999982 (-15.35991284946527, 1.0, -0.7916575809325875)
4.999999999999981 (-15.374723420459826, 1.0, -0.842628406087919)
5.019999999999981 (-15.392647960330399, 1.0, -0.8936694591128623)
5.0399999999999805 (-15.413272046267817, 1.0, -0.9459330378156907)
5.05999999999998 (-15.435866363815217, 1.0, -1.0008153363345982)
5.07999999999998 (-15.45929075382341, 1.0, -1.0596728710962926)
5.099999999999979 (-15.482958373560166, 1.0, -1.1219247292583667)
5.119999999999979 (-15.505936163006655, 1.0, -1.1820628474645738)
5.139999999999978 (-15.52654058313692, 1.0, -1.234149553733872)
5.159999999999978 (-15.54454767784049, 1.0, -1.2748506877340708)
5.1799999999999775 (-15.5580748935221, 1.0, -1.301793370845344)
5.199999999999977 (-15.563226453315968, 1.0, -1.3195736983046003)
5.219999999999977 (-15.562287216843204, 1.0, -1.3356208583831757)
5.239999999999976 (-15.556591210600653, 1.0, -1.354534165395804)
5.259999999999976 (-15.547144523893367, 1.0, -1.3786452192253011)
5.279999999999975 (-15.535461464861065, 1.0, -1.4072764997316258)
5.299999999999975 (-15.522651711594222, 1.0, -1.4377241264338134)
5.3199999999999745 (-15.510114112807615, 1.0, -1.4668952417210912)
5.339999999999974 (-15.499450671657, 1.0, -1.4921439490196777)
5.359999999999974 (-15.492105067362207, 1.0, -1.51154251136768)
5.379999999999973 (-15.488973688969875, 1.0, -1.5237262909704496)
5.399999999999973 (-15.490218447071646, 1.0, -1.5277384752088456)
5.419999999999972 (-15.495529592690987, 1.0, -1.5231322641287146)
5.439999999999972 (-15.5042079695855, 1.0, -1.5096709152032544)
5.4599999999999715 (-15.515017032259244, 1.0, -1.487611318809246)
5.479999999999971 (-15.526668446318226, 1.0, -1.4571864917707944)
5.499999999999971 (-15.537740600429222, 1.0, -1.4187182698588945)
5.51999999999997 (-15.546969397572774, 1.0, -1.3728180312212224)
5.53999999999997 (-15.554468365010765, 1.0, -1.3212197163177652)
5.559999999999969 (-15.560645508972515, 1.0, -1.2666432388567843)
5.579999999999969 (-15.565015980266748, 1.0, -1.211307509419387)
5.599999999999969 (-15.566574960269048, 1.0, -1.1568183348778813)
5.619999999999968 (-15.564246052746524, 1.0, -1.1045103894248793)
5.639999999999968 (-15.557371029723368, 1.0, -1.055559867326482)
5.659999999999967 (-15.542622135105669, 1.0, -1.0144617575245227)
5.679999999999967 (-15.517377930224157, 1.0, -0.9883372473300998)
5.699999999999966 (-15.48181465374611, 1.0, -0.9793822620318682)
5.719999999999966 (-15.436057038706634, 1.0, -0.9867127241491344)
5.739999999999966 (-15.381672449797254, 1.0, -1.0090579945504992)
5.759999999999965 (-15.324582859974205, 1.0, -1.0429455235571021)
5.779999999999965 (-15.270310853460641, 1.0, -1.082140895976859)
5.799999999999964 (-15.221749735948967, 1.0, -1.1227069452217344)
5.819999999999964 (-15.17940784946302, 1.0, -1.1635527528922922)
5.839999999999963 (-15.142369939110665, 1.0, -1.2052428426900406)
5.859999999999963 (-15.109924458349862, 1.0, -1.2489704865372426)
5.879999999999963 (-15.081329536750895, 1.0, -1.2957579121392666)
5.899999999999962 (-15.055961420824893, 1.0, -1.3462732079488076)
5.919999999999962 (-15.033232171534461, 1.0, -1.400595171053604)
5.939999999999961 (-15.012652243567675, 1.0, -1.4586530979254502)
5.959999999999961 (-14.99383387259882, 1.0, -1.5203464153880704)
5.9799999999999605 (-14.97665531231579, 1.0, -1.58517001571683)
5.99999999999996 (-14.960697620857271, 1.0, -1.652868346605317)
6.01999999999996 (-14.945590053818778, 1.0, -1.723276132022883)
6.039999999999959 (-14.93086999497144, 1.0, -1.796374287951792)
6.059999999999959 (-14.915911000927299, 1.0, -1.8721967804025055)
6.079999999999958 (-14.900841144384515, 1.0, -1.9500134290779787)
6.099999999999958 (-14.886909436388361, 1.0, -2.0252141644130726)
6.1199999999999575 (-14.874914658973388, 1.0, -2.092972124680776)
6.139999999999957 (-14.865644853527277, 1.0, -2.151035452812395)
6.159999999999957 (-14.85839787647037, 1.0, -2.1970759669731525)
6.179999999999956 (-14.848478076984994, 1.0, -2.232220720957009)
6.199999999999956 (-14.833499740380478, 1.0, -2.2616676713331176)
6.219999999999955 (-14.812874169596546, 1.0, -2.2899330034004253)
6.239999999999955 (-14.786502202261623, 1.0, -2.3196118939534975)
6.2599999999999545 (-14.75576913769606, 1.0, -2.3515975751147704)
6.279999999999954 (-14.722844587822427, 1.0, -2.3847263518778417)
6.299999999999954 (-14.690055668615011, 1.0, -2.4168105998312392)
6.319999999999953 (-14.659900478980829, 1.0, -2.4458757530931265)
6.339999999999953 (-14.63464623705298, 1.0, -2.4706247114700823)
6.359999999999952 (-14.616012857563478, 1.0, -2.4902552152861204)
6.379999999999952 (-14.605208270157084, 1.0, -2.5043548204868884)
6.3999999999999515 (-14.602846365615552, 1.0, -2.5125293774075637)
6.419999999999951 (-14.608474927791434, 1.0, -2.5138031126128064)
6.439999999999951 (-14.62100266094412, 1.0, -2.508005981019012)
6.45999999999995 (-14.639269917883569, 1.0, -2.494840307344271)
6.47999999999995 (-14.661650051822878, 1.0, -2.474067038978277)
6.499999999999949 (-14.686496601308328, 1.0, -2.4455380503933175)
6.519999999999949 (-14.712192101851079, 1.0, -2.409203966360142)
6.5399999999999485 (-14.737755295967098, 1.0, -2.366175951045748)
6.559999999999948 (-14.762652346701811, 1.0, -2.3194722520036652)
6.579999999999948 (-14.785596874485723, 1.0, -2.2715433753318135)
6.599999999999947 (-14.804824187136195, 1.0, -2.223794364912744)
6.619999999999947 (-14.818657754844692, 1.0, -2.1771559151206827)
6.639999999999946 (-14.826514406009931, 1.0, -2.132536319544877)
6.659999999999946 (-14.818512748477476, 1.0, -2.0951791826987436)
6.6799999999999455 (-14.793260102511528, 1.0, -2.0694159884600767)
6.699999999999945 (-14.751176264361655, 1.0, -2.054734074783864)
6.719999999999945 (-14.693343564137832, 1.0, -2.050047355093843)
6.739999999999944 (-14.624211061640759, 1.0, -2.054696549381357)
6.759999999999944 (-14.551540807230426, 1.0, -2.0662466066300196)
6.779999999999943 (-14.481924721545635, 1.0, -2.08181861926325)
6.799999999999943 (-14.417391731405658, 1.0, -2.1001040644292948)
6.8199999999999426 (-14.35745273853384, 1.0, -2.1211096340621993)
6.839999999999942 (-14.302366399115511, 1.0, -2.145812272518436)
6.859999999999942 (-14.251486561714623, 1.0, -2.1747182272355365)
6.879999999999941 (-14.20284627805239, 1.0, -2.207600108616789)
6.899999999999941 (-14.155796721213354, 1.0, -2.244675273562638)
6.91999999999994 (-14.109909480156707, 1.0, -2.2859159975351617)
6.93999999999994 (-14.065029263669913, 1.0, -2.3309368584411474)
6.95999999999994 (-14.021270089338174, 1.0, -2.3792706500716942)
6.979999999999939 (-13.978744218938203, 1.0, -2.430461424549676)
6.999999999999939 (-13.937293201938102, 1.0, -2.484174567677638)
7.019999999999938 (-13.896435272696849, 1.0, -2.540298802129917)
7.039999999999938 (-13.855712828262835, 1.0, -2.598740518793771)
7.059999999999937 (-13.814542226401294, 1.0, -2.6595392274109937)
7.079999999999937 (-13.77226990211884, 1.0, -2.722865354516288)
7.099999999999937 (-13.730293762591746, 1.0, -2.787372712432138)
7.119999999999936 (-13.691695468015956, 1.0, -2.848187195003418)
7.139999999999936 (-13.659095079911957, 1.0, -2.902113583652876)
7.159999999999935 (-13.633749141359345, 1.0, -2.9466755136373357)
7.179999999999935 (-13.614075110818716, 1.0, -2.9784269976208004)
7.1999999999999345 (-13.594499823735383, 1.0, -2.998652584393073)
7.219999999999934 (-13.571741091244274, 1.0, -3.013699126311875)
7.239999999999934 (-13.543518176165074, 1.0, -3.0269046145076413)
7.259999999999933 (-13.509288740741434, 1.0, -3.040322499455015)
7.279999999999933 (-13.470933089150614, 1.0, -3.0544976624832483)
7.299999999999932 (-13.431317209193452, 1.0, -3.06849902980827)
7.319999999999932 (-13.393667316071358, 1.0, -3.081473321277722)
7.3399999999999315 (-13.3609254299891, 1.0, -3.0930421680478566)
7.359999999999931 (-13.335351615479146, 1.0, -3.103186122360873)
7.379999999999931 (-13.318449230852652, 1.0, -3.111826113582641)
7.39999999999993 (-13.310950089283704, 1.0, -3.1184916835116585)
7.41999999999993 (-13.312882651629927, 1.0, -3.1227189557293893)
7.439999999999929 (-13.323812141924169, 1.0, -3.1239102280665483)
7.459999999999929 (-13.342740652123966, 1.0, -3.1213509821259007)
7.4799999999999285 (-13.368577021423274, 1.0, -3.1142766790658674)
7.499999999999928 (-13.400085905091569, 1.0, -3.1018987779308653)
7.519999999999928 (-13.435897928245529, 1.0, -3.083443107128875)
7.539999999999927 (-13.474675025380058, 1.0, -3.0586845104106866)
7.559999999999927 (-13.51469198941202, 1.0, -3.0294032622856455)
7.579999999999926 (-13.553944994135781, 1.0, -2.997912948457889)
7.599999999999926 (-13.590156713652897, 1.0, -2.9651856877911467)
7.6199999999999255 (-13.62124024672259, 1.0, -2.9314266153009143)
7.639999999999925 (-13.646348094692629, 1.0, -2.8972377452050435)
7.659999999999925 (-13.654875606315242, 1.0, -2.862899286533506)
7.679999999999924 (-13.643266878082844, 1.0, -2.8316453424069006)
7.699999999999924 (-13.612022451086208, 1.0, -2.803301786993652)
7.719999999999923 (-13.562485213602715, 1.0, -2.7773312584443093)
7.739999999999923 (-13.499058788708139, 1.0, -2.7553441341880576)
7.7599999999999225 (-13.430529091470083, 1.0, -2.7383331875571875)
7.779999999999922 (-13.363702887717704, 1.0, -2.725510735111849)
7.799999999999922 (-13.300563066299272, 1.0, -2.716299683114229)
7.819999999999921 (-13.240469973118538, 1.0, -2.7106357405346335)
7.839999999999921 (-13.183148316673623, 1.0, -2.709757928844525)
7.85999999999992 (-13.127074504082781, 1.0, -2.7132080933641842)
7.87999999999992 (-13.07093063909818, 1.0, -2.7205982761440617)
7.8999999999999195 (-13.014213709771406, 1.0, -2.731977579991309)
7.919999999999919 (-12.956522904989203, 1.0, -2.7471401849836674)
7.939999999999919 (-12.89793378473511, 1.0, -2.7656990776462753)
7.959999999999918 (-12.83876698002911, 1.0, -2.7873563423652454)
7.979999999999918 (-12.779304428314697, 1.0, -2.81180851500568)
7.999999999999917 (-12.719501016490302, 1.0, -2.838719748303719)
8.019999999999918 (-12.658941687755371, 1.0, -2.8677715638547587)
8.039999999999917 (-12.59717396577107, 1.0, -2.8987813741979647)
8.059999999999917 (-12.533659491041567, 1.0, -2.9316474811800477)
8.079999999999917 (-12.467726422976412, 1.0, -2.9662032929859277)
8.099999999999916 (-12.40194509883683, 1.0, -3.0016852792921487)
8.119999999999916 (-12.341443854529874, 1.0, -3.034630018152838)
8.139999999999915 (-12.289691179783926, 1.0, -3.063707395084625)
8.159999999999915 (-12.248807639721893, 1.0, -3.087526419959341)
8.179999999999914 (-12.218029436200093, 1.0, -3.1025131569028352)
8.199999999999914 (-12.191667427089973, 1.0, -3.1077687630777566)
8.219999999999914 (-12.164304519675946, 1.0, -3.1072957828789454)
8.239999999999913 (-12.132701373613298, 1.0, -3.103096295502473)
8.259999999999913 (-12.09568446734703, 1.0, -3.0967282366104723)
8.279999999999912 (-12.05491474742472, 1.0, -3.0893903235618825)
8.299999999999912 (-12.013500733084104, 1.0, -3.0813959930850694)
8.319999999999911 (-11.974750347837258, 1.0, -3.0733575043693477)
8.339999999999911 (-11.941421703177875, 1.0, -3.0662559617634937)
8.35999999999991 (-11.91548416714599, 1.0, -3.0610477874931696)
8.37999999999991 (-11.898270460450057, 1.0, -3.058354292866555)
8.39999999999991 (-11.890669544933312, 1.0, -3.0580540202798128)
8.41999999999991 (-11.892952589644013, 1.0, -3.059606089663925)
8.439999999999909 (-11.904854766730645, 1.0, -3.062182369868459)
8.459999999999908 (-11.925927589019805, 1.0, -3.0646729210452404)
8.479999999999908 (-11.955513822333833, 1.0, -3.065788143616208)
8.499999999999908 (-11.992816946244371, 1.0, -3.0642221015017514)
8.519999999999907 (-12.036494633678169, 1.0, -3.059694627766224)
8.539999999999907 (-12.084253906503497, 1.0, -3.0533152664998244)
8.559999999999906 (-12.133628635875082, 1.0, -3.0452621848484625)
8.579999999999906 (-12.182680188424627, 1.0, -3.0350162235117795)
8.599999999999905 (-12.22980282158251, 1.0, -3.0218298638650545)
8.619999999999905 (-12.273427592077594, 1.0, -3.0048934022696243)
8.639999999999905 (-12.312195776179465, 1.0, -2.98390897946406)
8.659999999999904 (-12.33672466422917, 1.0, -2.955237112826792)
8.679999999999904 (-12.342178623278159, 1.0, -2.9198287760998034)
8.699999999999903 (-12.329040949520067, 1.0, -2.8776278877409487)
8.719999999999903 (-12.298727953635058, 1.0, -2.828837165505104)
8.739999999999903 (-12.2541039868664, 1.0, -2.7762315581910992)
8.759999999999902 (-12.20129214719742, 1.0, -2.724610287246102)
8.779999999999902 (-12.146634120373674, 1.0, -2.6777229353110386)
8.799999999999901 (-12.092639495149959, 1.0, -2.6368760621819245)
8.8199999999999 (-12.039200416713738, 1.0, -2.6016786944246606)
8.8399999999999 (-11.985754034918216, 1.0, -2.572810538092963)
8.8599999999999 (-11.931467416294785, 1.0, -2.549996344757695)
8.8799999999999 (-11.875270672528197, 1.0, -2.5315545994981403)
8.899999999999899 (-11.816459686383757, 1.0, -2.517079786761288)
8.919999999999899 (-11.754879500556783, 1.0, -2.506100018915062)
8.939999999999898 (-11.690625380587392, 1.0, -2.4981421466941782)
8.959999999999898 (-11.624089118551318, 1.0, -2.4930126346435295)
8.979999999999897 (-11.555667846949234, 1.0, -2.490501143697723)
8.999999999999897 (-11.485486292646504, 1.0, -2.4902308357186125)
9.019999999999897 (-11.413345622278468, 1.0, -2.491641261840217)
9.039999999999896 (-11.339034037015676, 1.0, -2.4942438248325467)
9.059999999999896 (-11.262286009247108, 1.0, -2.4975597616084637)
9.079999999999895 (-11.182661357137619, 1.0, -2.501109979660342)
9.099999999999895 (-11.10271074524517, 1.0, -2.50548988815411)
9.119999999999894 (-11.028401796964392, 1.0, -2.5100541103567027)
9.139999999999894 (-10.963288451155433, 1.0, -2.5151379137907353)
9.159999999999894 (-10.910118108569247, 1.0, -2.5200228790091628)
9.179999999999893 (-10.869768304082186, 1.0, -2.5208942269424637)
9.199999999999893 (-10.837150880808295, 1.0, -2.5149516098472406)
9.219999999999892 (-10.805893465603729, 1.0, -2.5031497217604715)
9.239999999999892 (-10.772467481983456, 1.0, -2.4854609866705344)
9.259999999999891 (-10.735278459170319, 1.0, -2.462866694538577)
9.279999999999891 (-10.695327803918193, 1.0, -2.4373410953876316)
9.29999999999989 (-10.655199784917214, 1.0, -2.4106756677217973)
9.31999999999989 (-10.61745628652943, 1.0, -2.3850478441658005)
9.33999999999989 (-10.58402977311786, 1.0, -2.362662630910519)
9.35999999999989 (-10.55616322462152, 1.0, -2.3453394529269307)
9.379999999999889 (-10.534729237320827, 1.0, -2.3342564504104026)
9.399999999999888 (-10.520510441018594, 1.0, -2.329730770625924)
9.419999999999888 (-10.513872896549772, 1.0, -2.331511910225545)
9.439999999999888 (-10.514992211965135, 1.0, -2.338878984387338)
9.459999999999887 (-10.523887004563216, 1.0, -2.350660126298812)
9.479999999999887 (-10.540539952392558, 1.0, -2.3655423428109823)
9.499999999999886 (-10.564868162141085, 1.0, -2.382096954461324)
9.519999999999886 (-10.596711360931751, 1.0, -2.3988068027630525)
9.539999999999885 (-10.63545967429096, 1.0, -2.414496248677461)
9.559999999999885 (-10.678638818941172, 1.0, -2.428885432358952)
9.579999999999885 (-10.72323899410884, 1.0, -2.4416428536259644)
9.599999999999884 (-10.76720559552352, 1.0, -2.451448684942745)
9.619999999999884 (-10.809212356036229, 1.0, -2.4567086872361283)
9.639999999999883 (-10.848319752873188, 1.0, -2.4570543752873184)
9.659999999999883 (-10.879013600323082, 1.0, -2.444658288301369)
9.679999999999882 (-10.896079821597851, 1.0, -2.4174208226827183)
9.699999999999882 (-10.899419717368579, 1.0, -2.3755563023617277)
9.719999999999882 (-10.890231232191566, 1.0, -2.319723440791729)
9.739999999999881 (-10.869625935798284, 1.0, -2.2542562825842034)
9.75999999999988 (-10.841842989465649, 1.0, -2.1870879478632057)
9.77999999999988 (-10.811769420631384, 1.0, -2.1233098153149683)
9.79999999999988 (-10.781020395359024, 1.0, -2.064506550854405)
9.81999999999988 (-10.749350458425846, 1.0, -2.0099118283834545)
9.839999999999879 (-10.715535467615384, 1.0, -1.9598667910316239)
9.859999999999879 (-10.6790606437551, 1.0, -1.9127232565525907)
9.879999999999878 (-10.639355705031566, 1.0, -1.8675259131207587)
9.899999999999878 (-10.596156871647327, 1.0, -1.8237510089423827)
9.919999999999877 (-10.54956780986361, 1.0, -1.7811164992646509)
9.939999999999877 (-10.499912375330368, 1.0, -1.7395527927341756)
9.959999999999877 (-10.447605214238852, 1.0, -1.6991507311802034)
9.979999999999876 (-10.393051165791753, 1.0, -1.6599625866594692)
9.999999999999876 (-10.336517613770225, 1.0, -1.6218690083137557)
10.019999999999875 (-10.278046984129842, 1.0, -1.584524203101056)
10.039999999999875 (-10.217483961798225, 1.0, -1.5475161163096838)
10.059999999999874 (-10.154541502136832, 1.0, -1.5103339384704497)
10.079999999999874 (-10.088977285767541, 1.0, -1.472259755758462)
10.099999999999874 (-10.02263372026805, 1.0, -1.434697299737444)
10.119999999999873 (-9.961085412530402, 1.0, -1.3999995803031133)
10.139999999999873 (-9.907780350369016, 1.0, -1.3702947792279097)
10.159999999999872 (-9.86493934530072, 1.0, -1.346776482382241)
10.179999999999872 (-9.835222759509007, 1.0, -1.327829488902592)
10.199999999999871 (-9.817146423952074, 1.0, -1.3078192050861264)
10.219999999999871 (-9.80399261340871, 1.0, -1.2842097684258769)
10.23999999999987 (-9.791941114971815, 1.0, -1.2553889594923886)
10.25999999999987 (-9.778876902311161, 1.0, -1.2209383595158692)
10.27999999999987 (-9.764528676710944, 1.0, -1.1826898916780506)
10.29999999999987 (-9.75026496285064, 1.0, -1.1433469216029508)
10.319999999999869 (-9.737423506061164, 1.0, -1.105989650626649)
10.339999999999868 (-9.726769621544397, 1.0, -1.0734872668646382)
10.359999999999868 (-9.718617960249047, 1.0, -1.0480667131247374)
10.379999999999868 (-9.713196277964933, 1.0, -1.0312273688435332)
10.399999999999867 (-9.711083049026424, 1.0, -1.023673557790552)
10.419999999999867 (-9.712854129038172, 1.0, -1.0253607322644709)
10.439999999999866 (-9.719054696477857, 1.0, -1.0356542715365582)
10.459999999999866 (-9.730350216534925, 1.0, -1.0535434094854415)
10.479999999999865 (-9.747448588242232, 1.0, -1.0777638559534057)
10.499999999999865 (-9.770762630233433, 1.0, -1.1069510308339945)
10.519999999999865 (-9.799116481446761, 1.0, -1.1398055187011156)
10.539999999999864 (-9.83058971264919, 1.0, -1.174813900284589)
10.559999999999864 (-9.864169821390394, 1.0, -1.2099143701175878)
10.579999999999863 (-9.899431196157323, 1.0, -1.2432823222715739)
10.599999999999863 (-9.936174852567046, 1.0, -1.273189195846033)
10.619999999999862 (-9.974224237791827, 1.0, -1.2978147311251451)
10.639999999999862 (-10.01290452789667, 1.0, -1.3138236293169063)
10.659999999999862 (-10.049138674423217, 1.0, -1.3127754155440452)
10.679999999999861 (-10.080705596211178, 1.0, -1.2922442573764727)
10.69999999999986 (-10.108276869031206, 1.0, -1.2528392683174803)
10.71999999999986 (-10.13224961917795, 1.0, -1.1961577560655605)
10.73999999999986 (-10.151795403686108, 1.0, -1.1271546657718692)
10.75999999999986 (-10.166564948873976, 1.0, -1.0535826021437387)
10.779999999999859 (-10.176237235082336, 1.0, -0.9820421366376019)
10.799999999999859 (-10.181600824620592, 1.0, -0.9140494243961383)
10.819999999999858 (-10.182313765751692, 1.0, -0.8495262438747706)
10.839999999999858 (-10.177511834233657, 1.0, -0.7883951702034984)
10.859999999999857 (-10.166839231748536, 1.0, -0.7301641413638962)
10.879999999999857 (-10.151127519932698, 1.0, -0.6733018655878477)
10.899999999999856 (-10.130881185286981, 1.0, -0.6165953321320811)
10.919999999999856 (-10.106368033495693, 1.0, -0.5597327146118548)
10.939999999999856 (-10.077893176396547, 1.0, -0.5025568771751815)
10.959999999999855 (-10.04578370321533, 1.0, -0.445368002469464)
10.979999999999855 (-10.010394055957155, 1.0, -0.3884944656464781)
10.999999999999854 (-9.972078823547365, 1.0, -0.33179587704334673)
11.019999999999854 (-9.931126193627652, 1.0, -0.2746894537074228)
11.039999999999853 (-9.887944470144197, 1.0, -0.21630142182503426)
11.059999999999853 (-9.842905355206486, 1.0, -0.15570363145299926)
11.079999999999853 (-9.79606916864476, 1.0, -0.09235704921195734)
11.099999999999852 (-9.748135248722662, 1.0, -0.028252392411767146)
11.119999999999852 (-9.702648178222836, 1.0, 0.03198280741074211)
11.139999999999851 (-9.661691664526176, 1.0, 0.08474342815906191)
11.159999999999851 (-9.627328450078148, 1.0, 0.12786699439307253)
11.17999999999985 (-9.603309224649108, 1.0, 0.16215499033969277)
11.19999999999985 (-9.58957208271357, 1.0, 0.19336820677200242)
11.21999999999985 (-9.581730133029478, 1.0, 0.22662023555310967)
11.23999999999985 (-9.577865771486094, 1.0, 0.26507783328166895)
11.259999999999849 (-9.576299408314846, 1.0, 0.30971999627653923)
11.279999999999848 (-9.57588152441691, 1.0, 0.35869398511159356)
11.299999999999848 (-9.576520094220406, 1.0, 0.4088448667373295)
11.319999999999848 (-9.577707994821704, 1.0, 0.4567995531863948)
11.339999999999847 (-9.578596246436812, 1.0, 0.499682531407756)
11.359999999999847 (-9.578293494634886, 1.0, 0.5354061752818162)
11.379999999999846 (-9.576259566965822, 1.0, 0.5625606210904761)
11.399999999999846 (-9.572584148185426, 1.0, 0.5802949871590966)
11.419999999999845 (-9.567602688589648, 1.0, 0.5883967104330627)
11.439999999999845 (-9.561959005895721, 1.0, 0.5869885009696792)
11.459999999999845 (-9.556629879708458, 1.0, 0.5766953827381138)
11.479999999999844 (-9.552662699896526, 1.0, 0.558171273119558)
11.499999999999844 (-9.551190594294724, 1.0, 0.5321810384040061)
11.519999999999843 (-9.55339186549563, 1.0, 0.4996115287714255)
11.539999999999843 (-9.559833177878224, 1.0, 0.46158193680631354)
11.559999999999842 (-9.569286934546323, 1.0, 0.4203746926831336)
11.579999999999842 (-9.580590457662636, 1.0, 0.37866364718045437)
11.599999999999842 (-9.593900711039682, 1.0, 0.33876898737449673)
11.619999999999841 (-9.609897265910849, 1.0, 0.30254915762071427)
11.63999999999984 (-9.628798158111996, 1.0, 0.27127954635146)
11.65999999999984 (-9.653353816547487, 1.0, 0.2518852069664599)
11.67999999999984 (-9.683612182201248, 1.0, 0.2508999715340309)
11.69999999999984 (-9.719205807069532, 1.0, 0.269291566218364)
11.719999999999839 (-9.760276494809757, 1.0, 0.3058859285556793)
11.739999999999839 (-9.804032665967513, 1.0, 0.3579274185525436)
11.759999999999838 (-9.845730560996111, 1.0, 0.41768140603943643)
11.779999999999838 (-9.883804548470478, 1.0, 0.4779373822535776)
11.799999999999837 (-9.91744429652361, 1.0, 0.53610941856341)
11.819999999999837 (-9.947279135473915, 1.0, 0.592653003007897)
11.839999999999836 (-9.973092527058437, 1.0, 0.6487676719941606)
11.859999999999836 (-9.995426865216869, 1.0, 0.7057558989396504)
11.879999999999836 (-10.014697972568943, 1.0, 0.7645625460972008)
11.899999999999835 (-10.031234869417887, 1.0, 0.8256496623449844)
11.919999999999835 (-10.045312910453749, 1.0, 0.8890613912003872)
11.939999999999834 (-10.05713556118179, 1.0, 0.9545613540524627)
11.959999999999834 (-10.066852090444659, 1.0, 1.021777141093824)
11.979999999999833 (-10.074624336696704, 1.0, 1.090350907168245)
11.999999999999833 (-10.080676951965248, 1.0, 1.160101956965041)
12.019999999999833 (-10.085231336168611, 1.0, 1.2310859776381868)
12.039999999999832 (-10.088526674627737, 1.0, 1.3036135738171657)
12.059999999999832 (-10.090875960809269, 1.0, 1.3782144918489942)
12.079999999999831 (-10.09276831382201, 1.0, 1.4554380102472209)
12.099999999999831 (-10.09383994970545, 1.0, 1.5327155137933413)
12.11999999999983 (-10.094957325001774, 1.0, 1.6039735719457875)
12.13999999999983 (-10.095985343778827, 1.0, 1.6653664855605967)
12.15999999999983 (-10.09701868236828, 1.0, 1.7144580771949494)
12.17999999999983 (-10.100679619629293, 1.0, 1.7498862135994733)
12.199999999999829 (-10.111092015784857, 1.0, 1.7757164211669207)
12.219999999999828 (-10.127060823977317, 1.0, 1.798955936751045)
12.239999999999828 (-10.147958013775739, 1.0, 1.823733890383441)
12.259999999999827 (-10.17305912528798, 1.0, 1.8520986821150867)
12.279999999999827 (-10.20064480675673, 1.0, 1.8833572286493188)
12.299999999999827 (-10.229112937340393, 1.0, 1.9149438645302927)
12.319999999999826 (-10.256508204009759, 1.0, 1.94414659740324)
12.339999999999826 (-10.280758543575299, 1.0, 1.9688692109719435)
12.359999999999825 (-10.300123042435624, 1.0, 1.987727776531673)
12.379999999999825 (-10.313418162680396, 1.0, 1.9997911259459427)
12.399999999999824 (-10.320298280971235, 1.0, 2.004225380835984)
12.419999999999824 (-10.321137242721841, 1.0, 2.0005077062650756)
12.439999999999824 (-10.316806881437063, 1.0, 1.9885352786747443)
12.459999999999823 (-10.308510594738106, 1.0, 1.9682265433775783)
12.479999999999823 (-10.297734486498626, 1.0, 1.9396358700065757)
12.499999999999822 (-10.285535396245482, 1.0, 1.9035908437489728)
12.519999999999822 (-10.27227607040235, 1.0, 1.862369435190941)
12.539999999999822 (-10.258655245842771, 1.0, 1.8179304946595902)
12.559999999999821 (-10.246247374515939, 1.0, 1.7717037627968018)
12.57999999999982 (-10.236421819087749, 1.0, 1.7248318098009634)
12.59999999999982 (-10.230559264071754, 1.0, 1.6783507469618422)
12.61999999999982 (-10.230205581934818, 1.0, 1.6333805628361122)
12.63999999999982 (-10.2389458736362, 1.0, 1.593413399882775)
12.659999999999819 (-10.261547358991702, 1.0, 1.5647671966446712)
12.679999999999819 (-10.298756460235891, 1.0, 1.549627829186151)
12.699999999999818 (-10.350201045829124, 1.0, 1.5470160227312355)
12.719999999999818 (-10.414317780683854, 1.0, 1.5557620473585585)
12.739999999999817 (-10.486148249731668, 1.0, 1.5737161350874527)
12.759999999999817 (-10.558982455124484, 1.0, 1.5974062826359978)
12.779999999999816 (-10.627176676746855, 1.0, 1.624465856164675)
12.799999999999816 (-10.690276053422833, 1.0, 1.6537239893079207)
12.819999999999816 (-10.747859243266815, 1.0, 1.6856305260717395)
12.839999999999815 (-10.799629785048303, 1.0, 1.7208648646156588)
12.859999999999815 (-10.845876721357461, 1.0, 1.7598771809098368)
12.879999999999814 (-10.887270334904926, 1.0, 1.8028830648330918)
12.899999999999814 (-10.926081859429114, 1.0, 1.849545678862711)
12.919999999999813 (-10.962689516386128, 1.0, 1.8997867161626814)
12.939999999999813 (-10.997310011036788, 1.0, 1.9535486701153875)
12.959999999999813 (-11.029812659087462, 1.0, 2.0104152531701427)
12.979999999999812 (-11.060059932013829, 1.0, 2.0698995264267728)
12.999999999999812 (-11.08835863111044, 1.0, 2.1317843244761296)
13.019999999999811 (-11.115390988982435, 1.0, 2.196161992916937)
13.03999999999981 (-11.14217538642272, 1.0, 2.2631684469642788)
13.05999999999981 (-11.170081621017237, 1.0, 2.3330384714417924)
13.07999999999981 (-11.199941812927227, 1.0, 2.406014195566562)
13.09999999999981 (-11.230618068926372, 1.0, 2.4808147131780753)
13.11999999999981 (-11.259688553851781, 1.0, 2.5523085455053693)
13.139999999999809 (-11.284989509920326, 1.0, 2.6164033544097443)
13.159999999999808 (-11.30538568467192, 1.0, 2.6701221776022046)
13.179999999999808 (-11.323181187483392, 1.0, 2.710285327481105)
13.199999999999807 (-11.34342342951817, 1.0, 2.7396489109462006)
13.219999999999807 (-11.368497979220475, 1.0, 2.764708805544926)
13.239999999999807 (-11.400304034244499, 1.0, 2.788772232652939)
13.259999999999806 (-11.438959156371567, 1.0, 2.8138319432765675)
13.279999999999806 (-11.482328955132301, 1.0, 2.840041880720567)
13.299999999999805 (-11.527626991802569, 1.0, 2.8659509153338925)
13.319999999999805 (-11.571636609360395, 1.0, 2.890349960314746)
13.339999999999804 (-11.611388018688965, 1.0, 2.9125636470151006)
13.359999999999804 (-11.644569527077444, 1.0, 2.932331302536316)
13.379999999999804 (-11.66965314098755, 1.0, 2.949406271980871)
13.399999999999803 (-11.685894601566485, 1.0, 2.963376220965594)
13.419999999999803 (-11.69321588262483, 1.0, 2.973870949229918)
13.439999999999802 (-11.691918084373423, 1.0, 2.980402307763972)
13.459999999999802 (-11.683053460797098, 1.0, 2.982473836285829)
13.479999999999801 (-11.667639528634725, 1.0, 2.9795296024886495)
13.499999999999801 (-11.646834973823939, 1.0, 2.9709724916632547)
13.5199999999998 (-11.621939951441707, 1.0, 2.9562234233463154)
13.5399999999998 (-11.594214929452962, 1.0, 2.9350188888920306)
13.5599999999998 (-11.565052151076198, 1.0, 2.908868476239195)
13.5799999999998 (-11.536005331572069, 1.0, 2.880463505657331)
13.599999999999799 (-11.509170113090898, 1.0, 2.8512185217438537)
13.619999999999798 (-11.486595856379909, 1.0, 2.8215759693166147)
13.639999999999798 (-11.469631655839263, 1.0, 2.791933899722233)
13.659999999999798 (-11.464563260969369, 1.0, 2.7630160660230585)
13.679999999999797 (-11.477906131281559, 1.0, 2.737771250542966)
13.699999999999797 (-11.510823661061984, 1.0, 2.717389272080316)
13.719999999999796 (-11.56247184581046, 1.0, 2.701166706552341)
13.739999999999796 (-11.629112535700916, 1.0, 2.6901853643965916)
13.759999999999796 (-11.701590909929212, 1.0, 2.6846886969401185)
13.779999999999795 (-11.772961491851158, 1.0, 2.6821852047141244)
13.799999999999795 (-11.840611920486431, 1.0, 2.681961177379446)
13.819999999999794 (-11.905109541620543, 1.0, 2.6837868314720397)
13.839999999999794 (-11.967637476714733, 1.0, 2.6882652207354774)
13.859999999999793 (-12.029450611107235, 1.0, 2.6957853309078974)
13.879999999999793 (-12.091506869396497, 1.0, 2.7064859856815158)
13.899999999999793 (-12.154330802748401, 1.0, 2.7203169460616365)
13.919999999999792 (-12.21806168276867, 1.0, 2.737093508823117)
13.939999999999792 (-12.282569748025834, 1.0, 2.7565568266459652)
13.959999999999791 (-12.34760028590541, 1.0, 2.778416816519675)
13.97999999999979 (-12.412908338171354, 1.0, 2.802381525272963)
13.99999999999979 (-12.478408289367838, 1.0, 2.8282245210828716)
14.01999999999979 (-12.544243259913717, 1.0, 2.8558301031655433)
14.03999999999979 (-12.610831853325779, 1.0, 2.88520391107654)
14.059999999999789 (-12.678788670451537, 1.0, 2.91635574152855)
14.079999999999789 (-12.748827432456762, 1.0, 2.9490818504725675)
14.099999999999788 (-12.818398159319013, 1.0, 2.982434105532163)
14.119999999999788 (-12.882515859732933, 1.0, 3.012700866798657)
14.139999999999787 (-12.93773470969868, 1.0, 3.038189044648199)
14.159999999999787 (-12.981946453907106, 1.0, 3.0576374213829576)
14.179999999999787 (-13.015031303979946, 1.0, 3.0684515837370103)
14.199999999999786 (-13.042318870564666, 1.0, 3.0688789379317813)
14.219999999999786 (-13.069588738739823, 1.0, 3.0631301284661534)
14.239999999999785 (-13.100284675775404, 1.0, 3.05383214653798)
14.259999999999785 (-13.135954749071484, 1.0, 3.0426680999128486)
14.279999999999784 (-13.175235558755853, 1.0, 3.0307976685408264)
14.299999999999784 (-13.215134861245751, 1.0, 3.018351607799627)
14.319999999999784 (-13.252350143366463, 1.0, 3.0057523518108815)
14.339999999999783 (-13.284055726626356, 1.0, 2.9938007545753043)
14.359999999999783 (-13.308208024988474, 1.0, 2.983347548300725)
14.379999999999782 (-13.32342420030864, 1.0, 2.9749977634255687)
14.399999999999782 (-13.32879573103866, 1.0, 2.9686873748574203)
14.419999999999781 (-13.324008690317632, 1.0, 2.9637706139818216)
14.439999999999781 (-13.309438462444035, 1.0, 2.9593998709767346)
14.45999999999978 (-13.285562936794907, 1.0, 2.954463815939578)
14.47999999999978 (-13.253340429128588, 1.0, 2.948026613076411)
14.49999999999978 (-13.214534698238145, 1.0, 2.9403576859823835)
14.51999999999978 (-13.171315117941873, 1.0, 2.931747207804694)
14.539999999999779 (-13.125448094323446, 1.0, 2.9218794527185494)
14.559999999999778 (-13.07867718162083, 1.0, 2.9098990227117083)
14.579999999999778 (-13.032538747983642, 1.0, 2.895115156572452)
14.599999999999778 (-12.98862554309818, 1.0, 2.8767608905005586)
14.619999999999777 (-12.948751533287764, 1.0, 2.853966467359959)
14.639999999999777 (-12.919245404654655, 1.0, 2.8249165748192517)
14.659999999999776 (-12.906962903031316, 1.0, 2.7890098836385397)
14.679999999999776 (-12.913229289937101, 1.0, 2.74637399094975)
14.699999999999775 (-12.936831920023133, 1.0, 2.6970040135778026)
14.719999999999775 (-12.975656113730821, 1.0, 2.642033369213957)
14.739999999999775 (-13.02541210953523, 1.0, 2.5846637310886815)
14.759999999999774 (-13.08025188411519, 1.0, 2.5291477976835015)
14.779999999999774 (-13.136118079863289, 1.0, 2.4794520195450476)
14.799999999999773 (-13.191958927984572, 1.0, 2.4356800103532144)
14.819999999999773 (-13.24781135691868, 1.0, 2.398609753341734)
14.839999999999772 (-13.304023100973527, 1.0, 2.3686311899518993)
14.859999999999772 (-13.361041566334519, 1.0, 2.3456660431912506)
14.879999999999772 (-13.41926332528486, 1.0, 2.3293298797194377)
14.899999999999771 (-13.47912920616659, 1.0, 2.3183757098558506)
14.91999999999977 (-13.540900676275582, 1.0, 2.311297413945807)
14.93999999999977 (-13.604659341098204, 1.0, 2.3078412842668556)
14.95999999999977 (-13.670087416544142, 1.0, 2.308008851024451)
14.97999999999977 (-13.736688136997813, 1.0, 2.311717575909212)
14.999999999999769 (-13.80442887311613, 1.0, 2.3185815611925316)
15.019999999999769 (-13.873741496397484, 1.0, 2.327998146501283)
15.039999999999768 (-13.945309627257412, 1.0, 2.339097129930538)
15.059999999999768 (-14.020024584593505, 1.0, 2.3507251014821295)
15.079999999999767 (-14.098808809067318, 1.0, 2.3616839395663374)
15.099999999999767 (-14.180308312318576, 1.0, 2.3723208110294345)
15.119999999999767 (-14.258891877157287, 1.0, 2.3826382935696038)
15.139999999999766 (-14.329631859957379, 1.0, 2.3924463029649448)
15.159999999999766 (-14.389221691821891, 1.0, 2.4013031191003096)
15.179999999999765 (-14.435771627853251, 1.0, 2.4058350033112808)
15.199999999999765 (-14.47407850532564, 1.0, 2.4029832162782485)
15.219999999999764 (-14.511009999146646, 1.0, 2.393615788832787)
15.239999999999764 (-14.55036949183962, 1.0, 2.377455327332914)
15.259999999999764 (-14.59391008476506, 1.0, 2.3553690098015534)
15.279999999999763 (-14.640765062701172, 1.0, 2.3293268946115586)
15.299999999999763 (-14.68836251398346, 1.0, 2.3011433868528353)
15.319999999999762 (-14.734151283261758, 1.0, 2.2731383101242533)
15.339999999999762 (-14.776167041720916, 1.0, 2.247669831129135)
15.359999999999761 (-14.81308701611716, 1.0, 2.226686256805112)
15.379999999999761 (-14.843976535485071, 1.0, 2.211443336117998)
15.39999999999976 (-14.86818213525638, 1.0, 2.202481390689807)
15.41999999999976 (-14.885345131584138, 1.0, 2.199755632120771)
15.43999999999976 (-14.89514205863355, 1.0, 2.2028900908445808)
15.45999999999976 (-14.897687957114284, 1.0, 2.2107238338455075)
15.479999999999759 (-14.892973368002034, 1.0, 2.2221862032697284)
15.499999999999758 (-14.881001399661663, 1.0, 2.236057281525092)
15.519999999999758 (-14.861860898455737, 1.0, 2.250992195502608)
15.539999999999758 (-14.835683325548295, 1.0, 2.265681651616697)
15.559999999999757 (-14.803275676796622, 1.0, 2.278850881613844)
15.579999999999757 (-14.767443617821115, 1.0, 2.2905687955953105)
15.599999999999756 (-14.731239286955784, 1.0, 2.300337045311098)
15.619999999999756 (-14.696620918210115, 1.0, 2.3066035858534297)
15.639999999999755 (-14.664823623957504, 1.0, 2.3082837284076207)
15.659999999999755 (-14.638273871339786, 1.0, 2.3012767918337236)
15.679999999999755 (-14.62292945240344, 1.0, 2.279980699257975)
15.699999999999754 (-14.621274388338795, 1.0, 2.243561114870543)
15.719999999999754 (-14.632340821996088, 1.0, 2.1923608308631515)
15.739999999999753 (-14.655134296259583, 1.0, 2.130129861726518)
15.759999999999753 (-14.685590157529509, 1.0, 2.064836979968468)
15.779999999999752 (-14.717989479470786, 1.0, 2.0012821792694884)
15.799999999999752 (-14.750134377349983, 1.0, 1.9412425415258592)
15.819999999999752 (-14.782092525215827, 1.0, 1.8842500307891972)
15.839999999999751 (-14.814988017584247, 1.0, 1.8296301123459002)
15.85999999999975 (-14.849789856083156, 1.0, 1.776574760983287)
15.87999999999975 (-14.887093059437504, 1.0, 1.7243985470862833)
15.89999999999975 (-14.927132833348727, 1.0, 1.6726861227722722)
15.91999999999975 (-14.969853757736969, 1.0, 1.621286110683477)
15.939999999999749 (-15.01500342411373, 1.0, 1.5702357143492733)
15.959999999999749 (-15.062234498670028, 1.0, 1.519658825640386)
15.979999999999748 (-15.111199720212165, 1.0, 1.4696721985114272)
15.999999999999748 (-15.161718622596835, 1.0, 1.420286125160303)
16.019999999999747 (-15.213848605668005, 1.0, 1.3713564463262353)
16.039999999999747 (-15.267840145893098, 1.0, 1.3225462939218502)
16.059999999999746 (-15.323953131119577, 1.0, 1.2733057971364024)
16.079999999999746 (-15.382282206071697, 1.0, 1.2229190978861615)
16.099999999999746 (-15.440703653160094, 1.0, 1.173382783438558)
16.119999999999745 (-15.493562301891298, 1.0, 1.1275086832874155)
16.139999999999745 (-15.537838312545162, 1.0, 1.0876214783284384)
16.159999999999744 (-15.571460624639162, 1.0, 1.0550563212742328)
16.179999999999744 (-15.592279590105411, 1.0, 1.0290839950937245)
16.199999999999743 (-15.601066869591559, 1.0, 1.0042300222112301)
16.219999999999743 (-15.604148476956835, 1.0, 0.976991125991509)
16.239999999999743 (-15.605605513793831, 1.0, 0.9455366629773193)
16.259999999999742 (-15.60773925543421, 1.0, 0.909245917641468)
16.279999999999742 (-15.610899909883962, 1.0, 0.8697502920977122)
16.29999999999974 (-15.613857870681676, 1.0, 0.8297151169223186)
16.31999999999974 (-15.61544448352016, 1.0, 0.7922105411710165)
16.33999999999974 (-15.615087550503421, 1.0, 0.760049322746507)
16.35999999999974 (-15.612561970866212, 1.0, 0.7353858790073516)
16.37999999999974 (-15.607773706925668, 1.0, 0.7197026594874435)
16.39999999999974 (-15.600418169195512, 1.0, 0.713837134575938)
16.41999999999974 (-15.589549414930136, 1.0, 0.7177990916148058)
16.43999999999974 (-15.574570540363787, 1.0, 0.730756742073828)
16.459999999999738 (-15.555007811043392, 1.0, 0.7517847373483088)
16.479999999999738 (-15.531457591816586, 1.0, 0.7794613949170933)
16.499999999999737 (-15.504868527798948, 1.0, 0.8120656821697042)
16.519999999999737 (-15.475674355875539, 1.0, 0.8477674172929681)
16.539999999999736 (-15.444010649399521, 1.0, 0.884937988743368)
16.559999999999736 (-15.409850538014075, 1.0, 0.9217359594461042)
16.579999999999735 (-15.373238426988022, 1.0, 0.9564657816655286)
16.599999999999735 (-15.334198713641024, 1.0, 0.9872410859807328)
16.619999999999735 (-15.292803928674825, 1.0, 1.0119018405161724)
16.639999999999734 (-15.25094002127628, 1.0, 1.0218010439120402)
16.659999999999734 (-15.211350619369467, 1.0, 1.0123051415760096)
16.679999999999733 (-15.173740728528895, 1.0, 0.9834278418945076)
16.699999999999733 (-15.13761791470408, 1.0, 0.9366095495023421)
16.719999999999732 (-15.103094042623066, 1.0, 0.8751598450179346)
16.739999999999732 (-15.070792535465376, 1.0, 0.8039654606694806)
16.75999999999973 (-15.042597959585567, 1.0, 0.729469825060487)
16.77999999999973 (-15.02031471281538, 1.0, 0.6562331489878217)
16.79999999999973 (-15.004144086103919, 1.0, 0.5854770587063813)
16.81999999999973 (-14.994891480670953, 1.0, 0.5178160608706238)
16.83999999999973 (-14.992763609942251, 1.0, 0.4531290747538479)
16.85999999999973 (-14.997807233270459, 1.0, 0.391077671911907)
16.87999999999973 (-15.009831036807771, 1.0, 0.3312390300003346)
16.89999999999973 (-15.028428328659155, 1.0, 0.27324509335270275)
16.919999999999728 (-15.052423873678473, 1.0, 0.21625369162470998)
16.939999999999728 (-15.080728674733011, 1.0, 0.15963135096611078)
16.959999999999727 (-15.113260088153014, 1.0, 0.10354024505562957)
16.979999999999727 (-15.149876142488843, 1.0, 0.04833520139982389)
16.999999999999726 (-15.190246149961615, 1.0, -0.006146790435326238)
17.019999999999726 (-15.233999279186568, 1.0, -0.06062287565774219)
17.039999999999726 (-15.28066252386855, 1.0, -0.11623735507493164)
17.059999999999725 (-15.32960880064911, 1.0, -0.17440335999048553)
17.079999999999725 (-15.380167968212305, 1.0, -0.2365480883512229)
17.099999999999724 (-15.431271718155697, 1.0, -0.3024943528140144)
17.119999999999724 (-15.48081141554092, 1.0, -0.36739169644137276)
17.139999999999723 (-15.526243451622834, 1.0, -0.42645743132506575)
17.159999999999723 (-15.565507707639792, 1.0, -0.4767133603921136)
17.179999999999723 (-15.594670344645193, 1.0, -0.517851596785233)
17.199999999999722 (-15.613447939602548, 1.0, -0.5555649463400598)
17.21999999999972 (-15.625675267773422, 1.0, -0.5955019223606348)
17.23999999999972 (-15.632532565022226, 1.0, -0.6412412156115583)
17.25999999999972 (-15.6356351389072, 1.0, -0.6938008987076782)
17.27999999999972 (-15.636364573643672, 1.0, -0.7514218510540706)
17.29999999999972 (-15.635210962164885, 1.0, -0.810967457136784)
17.31999999999972 (-15.633143833423707, 1.0, -0.869113961195232)
17.33999999999972 (-15.631460339351717, 1.0, -0.9230527432439085)
17.35999999999972 (-15.631331119822809, 1.0, -0.9707097859761618)
17.37999999999972 (-15.633489705488568, 1.0, -1.0106728866017316)
17.399999999999718 (-15.638225891459879, 1.0, -1.0421270450128024)
17.419999999999717 (-15.64541314002678, 1.0, -1.0647517758962812)
17.439999999999717 (-15.654565954473119, 1.0, -1.0785939556515214)
17.459999999999717 (-15.664939422369477, 1.0, -1.083954186998098)
17.479999999999716 (-15.675629471195847, 1.0, -1.0813010205273823)
17.499999999999716 (-15.685645888111663, 1.0, -1.0712156859935076)
17.519999999999715 (-15.6939502006863, 1.0, -1.0543637223951858)
17.539999999999715 (-15.6995560048709, 1.0, -1.0313994667557602)
17.559999999999715 (-15.70115287934116, 1.0, -1.0032994674420572)
17.579999999999714 (-15.698051590898498, 1.0, -0.9712079426190984)
17.599999999999714 (-15.691358798705435, 1.0, -0.9375428334755576)
17.619999999999713 (-15.682342462600046, 1.0, -0.9056048547498291)
17.639999999999713 (-15.671159803903418, 1.0, -0.877919943676356)
17.659999999999712 (-15.65747827602166, 1.0, -0.856293205661807)
17.679999999999712 (-15.634977405677782, 1.0, -0.8505165490959795)
17.69999999999971 (-15.605237508336273, 1.0, -0.8643474061798155)
17.71999999999971 (-15.56853278440063, 1.0, -0.896906272448133)
17.73999999999971 (-15.527300217946163, 1.0, -0.9451732149984854)
17.75999999999971 (-15.485954549365811, 1.0, -1.0022317440697641)
17.77999999999971 (-15.446064612160676, 1.0, -1.0606848259982424)
17.79999999999971 (-15.407717134933309, 1.0, -1.1172499285117192)
17.81999999999971 (-15.370776688785261, 1.0, -1.1720880846130546)
17.83999999999971 (-15.335350871333631, 1.0, -1.226432295168885)
17.859999999999708 (-15.301312588734078, 1.0, -1.2814428555327724)
17.879999999999708 (-15.268467563847048, 1.0, -1.3379258645256003)
17.899999999999707 (-15.236679926827826, 1.0, -1.3962899062303515)
17.919999999999707 (-15.205822310434137, 1.0, -1.4565171920106248)
17.939999999999706 (-15.175930948455209, 1.0, -1.5185358955762358)
17.959999999999706 (-15.147020284697517, 1.0, -1.5820759167178098)
17.979999999999706 (-15.119175701461327, 1.0, -1.6466648079581705)
17.999999999999705 (-15.092310033126369, 1.0, -1.712208203736893)
18.019999999999705 (-15.066430048042843, 1.0, -1.7789236441955476)
18.039999999999704 (-15.041388420564996, 1.0, -1.8472138314677529)
18.059999999999704 (-15.016594927857131, 1.0, -1.9175427060438375)
18.079999999999703 (-14.991785758335206, 1.0, -1.9902523639416716)
18.099999999999703 (-14.96791846396486, 1.0, -2.0620136819329953)
18.119999999999703 (-14.945003299869787, 1.0, -2.126336579410087)
18.139999999999702 (-14.9238976827049, 1.0, -2.1797588601202804)
18.1599999999997 (-14.90488089941768, 1.0, -2.2198036149122644)
18.1799999999997 (-14.88653129253602, 1.0, -2.2451210722321595)
18.1999999999997 (-14.864661611578724, 1.0, -2.2590933810637757)
18.2199999999997 (-14.838493842424251, 1.0, -2.2687544895980674)
18.2399999999997 (-14.808149671548952, 1.0, -2.2785791397092647)
18.2599999999997 (-14.774377296914917, 1.0, -2.291008143813492)
18.2799999999997 (-14.738782720576603, 1.0, -2.3055710098616795)
18.2999999999997 (-14.703080587544203, 1.0, -2.3198836023597478)
18.3199999999997 (-14.669420403151317, 1.0, -2.331579323627061)
18.339999999999698 (-14.639876975809202, 1.0, -2.33892562118191)
18.359999999999697 (-14.616156643222439, 1.0, -2.3408023819795556)
18.379999999999697 (-14.599452198653292, 1.0, -2.336443612019336)
18.399999999999697 (-14.59049280024024, 1.0, -2.3253666888450324)
18.419999999999696 (-14.5894365294555, 1.0, -2.3071319346245587)
18.439999999999696 (-14.59511237414558, 1.0, -2.281200219364713)
18.459999999999695 (-14.606772822110337, 1.0, -2.2484895131167173)
18.479999999999695 (-14.622922865623435, 1.0, -2.2103310230816717)
18.499999999999694 (-14.641828711104052, 1.0, -2.1677311750012946)
18.519999999999694 (-14.661918575970335, 1.0, -2.1214301614774453)
18.539999999999694 (-14.681688131048501, 1.0, -2.072195589006574)
18.559999999999693 (-14.699489884814405, 1.0, -2.020871657464152)
18.579999999999693 (-14.71370663070055, 1.0, -1.9682800104441067)
18.599999999999692 (-14.722483130739047, 1.0, -1.9153619227994576)
18.619999999999692 (-14.722273275995486, 1.0, -1.8645810853783291)
18.63999999999969 (-14.706767336474408, 1.0, -1.8219421000774212)
18.65999999999969 (-14.674575400962922, 1.0, -1.789949336722725)
18.67999999999969 (-14.626129764320542, 1.0, -1.7676745985373639)
18.69999999999969 (-14.56310440293489, 1.0, -1.7539909844996615)
18.71999999999969 (-14.489330757056624, 1.0, -1.7470265401079648)
18.73999999999969 (-14.408669918146892, 1.0, -1.7449634402046028)
18.75999999999969 (-14.327172114264403, 1.0, -1.7482388449424417)
18.77999999999969 (-14.248885332028749, 1.0, -1.7569891592510247)
18.799999999999688 (-14.176018811795634, 1.0, -1.7714551166506085)
18.819999999999688 (-14.109766089251579, 1.0, -1.7919307637422135)
18.839999999999687 (-14.049906843918436, 1.0, -1.8182515734506584)
18.859999999999687 (-13.996225647431293, 1.0, -1.8504531327254203)
18.879999999999686 (-13.948377082650794, 1.0, -1.8884567395382428)
18.899999999999686 (-13.905889484860143, 1.0, -1.9320206471514825)
18.919999999999686 (-13.86834646562265, 1.0, -1.9807856473701713)
18.939999999999685 (-13.834788667047528, 1.0, -2.0339819314085474)
18.959999999999685 (-13.804086078942706, 1.0, -2.0906660879715937)
18.979999999999684 (-13.776542173989968, 1.0, -2.1506529054215417)
18.999999999999684 (-13.751834334318096, 1.0, -2.213986276251859)
19.019999999999683 (-13.729236356880502, 1.0, -2.2807153532825573)
19.039999999999683 (-13.7073328863018, 1.0, -2.3509919492492988)
19.059999999999683 (-13.684422382711823, 1.0, -2.424930440954983)
19.079999999999682 (-13.658595458676123, 1.0, -2.5024843816913336)
19.09999999999968 (-13.628265267937302, 1.0, -2.5826408577389075)
19.11999999999968 (-13.596621250374968, 1.0, -2.661612776137298)
19.13999999999968 (-13.567259067912287, 1.0, -2.734711696377104)
19.15999999999968 (-13.542007349376034, 1.0, -2.798455282635212)
19.17999999999968 (-13.51928929037171, 1.0, -2.8491090562654353)
19.19999999999968 (-13.49404417319913, 1.0, -2.889365206444803)
19.21999999999968 (-13.463549600411511, 1.0, -2.9250876635958662)
19.23999999999968 (-13.424774348375424, 1.0, -2.958324091951828)
19.25999999999968 (-13.376836167012257, 1.0, -2.990930790657044)
19.279999999999678 (-13.32259496457818, 1.0, -3.023585035142096)
19.299999999999677 (-13.265145747812648, 1.0, -3.055212795519766)
19.319999999999677 (-13.207943814799398, 1.0, -3.085208276439525)
19.339999999999677 (-13.154141364871233, 1.0, -3.1135783669118093)
19.359999999999676 (-13.106158801640097, 1.0, -3.140498869149822)
19.379999999999676 (-13.065634001540682, 1.0, -3.1660838489506373)
19.399999999999675 (-13.03348695022246, 1.0, -3.1903204220000805)
19.419999999999675 (-13.010021098968906, 1.0, -3.213043565546903)
19.439999999999674 (-12.99505733953627, 1.0, -3.2339390663920717)
19.459999999999674 (-12.988077448136497, 1.0, -3.2525794561462376)
19.479999999999674 (-12.988345687169653, 1.0, -3.268475477118836)
19.499999999999673 (-12.994991834788925, 1.0, -3.2811191272831572)
19.519999999999673 (-13.00705504819875, 1.0, -3.2900063982857515)
19.539999999999672 (-13.023659316859709, 1.0, -3.294703822127422)
19.559999999999672 (-13.043392439517971, 1.0, -3.2945768220252054)
19.57999999999967 (-13.065079605648245, 1.0, -3.28916861721778)
19.59999999999967 (-13.087392871939395, 1.0, -3.2779312698782266)
19.61999999999967 (-13.10871692183239, 1.0, -3.2609541668071795)
19.63999999999967 (-13.126928534764492, 1.0, -3.2408606179280603)
19.65999999999967 (-13.140929742534198, 1.0, -3.2216497878611188)
19.67999999999967 (-13.140906082703893, 1.0, -3.2019151675296227)
19.69999999999967 (-13.12050930203883, 1.0, -3.184282776566962)
19.71999999999967 (-13.079780090714479, 1.0, -3.1701685663572476)
19.739999999999668 (-13.022827450179543, 1.0, -3.159685973383646)
19.759999999999668 (-12.956548631260556, 1.0, -3.1523045095467763)
19.779999999999667 (-12.88832325545911, 1.0, -3.1459691740469213)
19.799999999999667 (-12.821509989640603, 1.0, -3.1382522224698075)
19.819999999999666 (-12.756193047326025, 1.0, -3.129431509230619)
19.839999999999666 (-12.691579015876831, 1.0, -3.1203199474887624)
19.859999999999665 (-12.626799559334103, 1.0, -3.1113923526854705)
19.879999999999665 (-12.561341364961708, 1.0, -3.1030972675662936)
19.899999999999665 (-12.494743549917555, 1.0, -3.095656473889803)
19.919999999999664 (-12.426957121169131, 1.0, -3.0891665557747343)
19.939999999999664 (-12.358229351606507, 1.0, -3.083567993149309)
19.959999999999663 (-12.288816398982327, 1.0, -3.0788014347966906)
19.979999999999663 (-12.218874042891018, 1.0, -3.0749289967361495)
19.999999999999662 (-12.148378552736142, 1.0, -3.0721220902567943)
20.019999999999662 (-12.077094343021104, 1.0, -3.070518221715986)
20.03999999999966 (-12.004620685120292, 1.0, -3.070092411007153)
20.05999999999966 (-11.930425397219183, 1.0, -3.0705708296706673)
20.07999999999966 (-11.85431321130039, 1.0, -3.071794158593969)
20.09999999999966 (-11.78065297718591, 1.0, -3.0730022445140954)
20.11999999999966 (-11.7151492536795, 1.0, -3.071571422675198)
20.13999999999966 (-11.661063576265757, 1.0, -3.06687430119766)
20.15999999999966 (-11.620834392253485, 1.0, -3.058125094435483)
20.17999999999966 (-11.594628037382837, 1.0, -3.043781013367906)
20.19999999999966 (-11.577396990479047, 1.0, -3.0222254566066096)
20.219999999999658 (-11.562693690190786, 1.0, -2.9953011842256263)
20.239999999999657 (-11.546514871711087, 1.0, -2.9648415362421807)
20.259999999999657 (-11.526917912884034, 1.0, -2.932628663120274)
20.279999999999657 (-11.50506464893897, 1.0, -2.8998980084119155)
20.299999999999656 (-11.483863172400945, 1.0, -2.86692928646505)
20.319999999999656 (-11.466348040733791, 1.0, -2.834407801260547)
20.339999999999655 (-11.454919671365241, 1.0, -2.8033578254003406)
20.359999999999655 (-11.45132398313126, 1.0, -2.774630083764123)
20.379999999999654 (-11.45671507107985, 1.0, -2.7488625175021144)
20.399999999999654 (-11.471535347068327, 1.0, -2.7267918556250264)
20.419999999999654 (-11.495614009519286, 1.0, -2.7092269004370015)
20.439999999999653 (-11.528297818083994, 1.0, -2.696536464381119)
20.459999999999653 (-11.569438765778875, 1.0, -2.689018662133776)
20.479999999999652 (-11.618274573729579, 1.0, -2.68626558919435)
20.499999999999652 (-11.674589908546418, 1.0, -2.685330646820351)
20.51999999999965 (-11.736152656695213, 1.0, -2.683885344200154)
20.53999999999965 (-11.800099962362891, 1.0, -2.6801804011819717)
20.55999999999965 (-11.864313826458586, 1.0, -2.672797370881717)
20.57999999999965 (-11.926747460290274, 1.0, -2.6601583835149283)
20.59999999999965 (-11.985281651286352, 1.0, -2.6407761985323157)
20.61999999999965 (-12.0311986612178, 1.0, -2.611085035204697)
20.63999999999965 (-12.059783138504873, 1.0, -2.5707868538611742)
20.65999999999965 (-12.071714866118183, 1.0, -2.519570935026438)
20.679999999999648 (-12.068728685267457, 1.0, -2.458134217244131)
20.699999999999648 (-12.054201821619346, 1.0, -2.3889206428245138)
20.719999999999647 (-12.03167669761281, 1.0, -2.3136844563907557)
20.739999999999647 (-12.003047709130776, 1.0, -2.235252298322301)
20.759999999999646 (-11.969097939485271, 1.0, -2.1585196817169003)
20.779999999999646 (-11.930316703232489, 1.0, -2.0867034912502542)
20.799999999999645 (-11.887432284275464, 1.0, -2.023766997475901)
20.819999999999645 (-11.841161656186562, 1.0, -1.9712652053019935)
20.839999999999645 (-11.7918420313125, 1.0, -1.9284158537744136)
20.859999999999644 (-11.73956193636341, 1.0, -1.8949905326025083)
20.879999999999644 (-11.684450017563897, 1.0, -1.8708055967049695)
20.899999999999643 (-11.626652448479762, 1.0, -1.855409986866398)
20.919999999999643 (-11.566391326318028, 1.0, -1.8482230539307554)
20.939999999999642 (-11.503925355099222, 1.0, -1.8487162888337525)
20.959999999999642 (-11.439511559202058, 1.0, -1.856422657874265)
20.97999999999964 (-11.373541527188003, 1.0, -1.869326941380603)
20.99999999999964 (-11.306214345544022, 1.0, -1.8872111912747402)
21.01999999999964 (-11.236890264247899, 1.0, -1.9095853401220508)
21.03999999999964 (-11.164522565394924, 1.0, -1.9353262536486529)
21.05999999999964 (-11.088002784942454, 1.0, -1.9627389781751186)
21.07999999999964 (-11.006331043908583, 1.0, -1.9897778667010253)
21.09999999999964 (-10.918937121438944, 1.0, -2.0129927152805456)
21.11999999999964 (-10.83012442946182, 1.0, -2.0332118071533887)
21.139999999999638 (-10.746223191453348, 1.0, -2.0516760271392394)
21.159999999999638 (-10.671447390524857, 1.0, -2.0680688804150718)
21.179999999999637 (-10.607917095643046, 1.0, -2.0789941611968787)
21.199999999999637 (-10.550963549794055, 1.0, -2.082414825134957)
21.219999999999636 (-10.495093464141945, 1.0, -2.078909638147127)
21.239999999999636 (-10.437681194850494, 1.0, -2.0664219954612957)
21.259999999999636 (-10.376313674217846, 1.0, -2.0433155275604262)
21.279999999999635 (-10.310850823306861, 1.0, -2.011597505323)
21.299999999999635 (-10.24419553247241, 1.0, -1.975146315089867)
21.319999999999634 (-10.17894064533249, 1.0, -1.9367383410611654)
21.339999999999634 (-10.116588178731645, 1.0, -1.8993693431069736)
21.359999999999634 (-10.057987260623433, 1.0, -1.8655234411912165)
21.379999999999633 (-10.003692152701124, 1.0, -1.8369000320345352)
21.399999999999633 (-9.954060449726853, 1.0, -1.8144943018807311)
21.419999999999632 (-9.90929700631281, 1.0, -1.798698998707623)
21.439999999999632 (-9.869508895139969, 1.0, -1.7894150282875352)
21.45999999999963 (-9.83474072247918, 1.0, -1.7861888024660597)
21.47999999999963 (-9.804983400339948, 1.0, -1.7883452700184308)
21.49999999999963 (-9.780169862414747, 1.0, -1.795085979592239)
21.51999999999963 (-9.76017145490323, 1.0, -1.805542052906633)
21.53999999999963 (-9.744800591237658, 1.0, -1.8187883864774104)
21.55999999999963 (-9.733817983609969, 1.0, -1.8338319558065614)
21.57999999999963 (-9.726939137816938, 1.0, -1.8495879579449759)
21.59999999999963 (-9.723834410268289, 1.0, -1.8648547197488172)
21.619999999999628 (-9.72411953538979, 1.0, -1.8782934980892685)
21.639999999999628 (-9.72733829228193, 1.0, -1.888416031247619)
21.659999999999627 (-9.732942188461816, 1.0, -1.893579105166527)
21.679999999999627 (-9.739899044364066, 1.0, -1.8935812810532178)
21.699999999999626 (-9.74452563904278, 1.0, -1.8782437080727445)
21.719999999999626 (-9.738868356721929, 1.0, -1.8473263223071656)
21.739999999999625 (-9.7227649863784, 1.0, -1.8043298540203632)
21.759999999999625 (-9.700295862099281, 1.0, -1.7520018054686552)
21.779999999999625 (-9.676870594350161, 1.0, -1.695030481147077)
21.799999999999624 (-9.656952386363448, 1.0, -1.6354576391890787)
21.819999999999624 (-9.640077122270414, 1.0, -1.5743168334538429)
21.839999999999623 (-9.62468702764009, 1.0, -1.5119019819289734)
21.859999999999623 (-9.609741091459046, 1.0, -1.4482694223535806)
21.879999999999622 (-9.594659749494275, 1.0, -1.3834608120702645)
21.899999999999622 (-9.579199284453443, 1.0, -1.3176523682650216)
21.91999999999962 (-9.563291334490767, 1.0, -1.2510875128706966)
21.93999999999962 (-9.546943473297327, 1.0, -1.184002724235901)
21.95999999999962 (-9.530102120732243, 1.0, -1.116584527336308)
21.97999999999962 (-9.512569899912151, 1.0, -1.0489363687061126)
21.99999999999962 (-9.494057377138356, 1.0, -0.9810247188822039)
22.01999999999962 (-9.474313982509072, 1.0, -0.9126546432009911)
22.03999999999962 (-9.45318825831942, 1.0, -0.8434916733361038)
22.05999999999962 (-9.43062823834797, 1.0, -0.77316600237527)
22.079999999999618 (-9.407336791149493, 1.0, -0.7026570083121324)
22.099999999999618 (-9.386713464390569, 1.0, -0.635989864618801)
22.119999999999617 (-9.372506600495093, 1.0, -0.5765208365860456)
22.139999999999617 (-9.366989148830958, 1.0, -0.5264394863818412)
22.159999999999616 (-9.37171160926712, 1.0, -0.48772312784979593)
22.179999999999616 (-9.388023705429584, 1.0, -0.4594933458074301)
22.199999999999616 (-9.415160266654999, 1.0, -0.43697092820765315)
22.219999999999615 (-9.449189203119245, 1.0, -0.4152766052761714)
22.239999999999615 (-9.486062874353777, 1.0, -0.39161374379298797)
22.259999999999614 (-9.523050121611188, 1.0, -0.36481074048223866)
22.279999999999614 (-9.559510182937181, 1.0, -0.3360846054133892)
22.299999999999613 (-9.596577178042148, 1.0, -0.30797476164282045)
22.319999999999613 (-9.63532581278451, 1.0, -0.2833183681822301)
22.339999999999613 (-9.676073661517384, 1.0, -0.26452496173009926)
22.359999999999612 (-9.718642225924603, 1.0, -0.2532658064313051)
22.37999999999961 (-9.76257794458731, 1.0, -0.25056191197699396)
22.39999999999961 (-9.807477622892467, 1.0, -0.2569656636760116)
22.41999999999961 (-9.853151611236209, 1.0, -0.27266470917797087)
22.43999999999961 (-9.899538335181383, 1.0, -0.2974249477488159)
22.45999999999961 (-9.946623560907874, 1.0, -0.3309670381709052)
22.47999999999961 (-9.994445410599981, 1.0, -0.37259108998896023)
22.49999999999961 (-10.04302066837086, 1.0, -0.42128946694966796)
22.51999999999961 (-10.09237952382677, 1.0, -0.47584319729018276)
22.53999999999961 (-10.14256708331574, 1.0, -0.5346974025510162)
22.559999999999608 (-10.193654450497908, 1.0, -0.5960866397462754)
22.579999999999607 (-10.246004841562096, 1.0, -0.6552230559000333)
22.599999999999607 (-10.301285349267564, 1.0, -0.7003382363249975)
22.619999999999607 (-10.357472431418941, 1.0, -0.7256570717939975)
22.639999999999606 (-10.41438918370434, 1.0, -0.7309687761248242)
22.659999999999606 (-10.472405027121026, 1.0, -0.7176350013293514)
22.679999999999605 (-10.53089490818201, 1.0, -0.6895612174171425)
22.699999999999605 (-10.590925740402719, 1.0, -0.6513603805671597)
22.719999999999605 (-10.652767482665777, 1.0, -0.6050920327688221)
22.739999999999604 (-10.714497349571356, 1.0, -0.5515287516912922)
22.759999999999604 (-10.772192576130765, 1.0, -0.491842514142613)
22.779999999999603 (-10.820984743192499, 1.0, -0.4284106574245932)
22.799999999999603 (-10.858177313451666, 1.0, -0.3640672842361458)
22.819999999999602 (-10.882618073556529, 1.0, -0.3010693577206373)
22.839999999999602 (-10.89512615313064, 1.0, -0.23977743533934295)
22.8599999999996 (-10.896792636604452, 1.0, -0.18030536479300874)
22.8799999999996 (-10.888163261706959, 1.0, -0.12307012025101609)
22.8999999999996 (-10.869468822549576, 1.0, -0.06828935169465036)
22.9199999999996 (-10.841170449276644, 1.0, -0.016459426487292293)
22.9399999999996 (-10.803953724856076, 1.0, 0.03187762852078621)
22.9599999999996 (-10.758318964243648, 1.0, 0.0764802995811533)
22.9799999999996 (-10.704490060521497, 1.0, 0.1176985312225765)
22.9999999999996 (-10.643078403111147, 1.0, 0.15629896513733918)
23.019999999999598 (-10.574437557190562, 1.0, 0.19384055996240807)
23.039999999999598 (-10.49888121014098, 1.0, 0.23227291048314494)
23.059999999999597 (-10.416897917443624, 1.0, 0.2734175242793478)
23.079999999999597 (-10.329112808222952, 1.0, 0.3180053459693657)
23.099999999999596 (-10.240197745206979, 1.0, 0.36858882581420394)
23.119999999999596 (-10.15301764532208, 1.0, 0.4243199347689013)
23.139999999999596 (-10.069646871872264, 1.0, 0.4801276015119996)
23.159999999999595 (-9.99370923441088, 1.0, 0.5321475948808136)
23.179999999999595 (-9.929426567450763, 1.0, 0.5800217349425194)
23.199999999999594 (-9.87439967275932, 1.0, 0.6269780474369749)
23.219999999999594 (-9.825958717318517, 1.0, 0.676891906336828)
23.239999999999593 (-9.784816318809984, 1.0, 0.7330189935954377)
23.259999999999593 (-9.750469738025942, 1.0, 0.7977215340966918)
23.279999999999593 (-9.723465528119986, 1.0, 0.8722139103494607)
23.299999999999592 (-9.705427093962776, 1.0, 0.9568863537357806)
23.31999999999959 (-9.693397664670979, 1.0, 1.0474530680842988)
23.33999999999959 (-9.68451036082986, 1.0, 1.1381828565346974)
23.35999999999959 (-9.677188771990716, 1.0, 1.2259633314808986)
23.37999999999959 (-9.669512982611703, 1.0, 1.3089638128594483)
23.39999999999959 (-9.660048516436568, 1.0, 1.3861444057054135)
23.41999999999959 (-9.648033544135808, 1.0, 1.4570352401817617)
23.43999999999959 (-9.633107522377617, 1.0, 1.5213238789222145)
23.45999999999959 (-9.615295745364902, 1.0, 1.5791533341829864)
23.47999999999959 (-9.592383846105292, 1.0, 1.6250662778404468)
23.499999999999588 (-9.566417648724924, 1.0, 1.6617421255722877)
23.519999999999587 (-9.539655554628606, 1.0, 1.6982682729162661)
23.539999999999587 (-9.514021186224788, 1.0, 1.7371590699390447)
23.559999999999587 (-9.487639965862401, 1.0, 1.772305449095624)
23.579999999999586 (-9.460731898849591, 1.0, 1.7962872627225732)
23.599999999999586 (-9.435158017099061, 1.0, 1.8115522353894007)
23.619999999999585 (-9.411387568576673, 1.0, 1.819740072861415)
23.639999999999585 (-9.390647117167749, 1.0, 1.8226390580751066)
23.659999999999584 (-9.374594283191765, 1.0, 1.8222218433286648)
23.679999999999584 (-9.362483243637856, 1.0, 1.8200256342818484)
23.699999999999584 (-9.356470736598094, 1.0, 1.819621087119189)
23.719999999999583 (-9.362683026682975, 1.0, 1.8288844586776747)
23.739999999999583 (-9.376284878507985, 1.0, 1.8503121810381293)
23.759999999999582 (-9.397108053270655, 1.0, 1.8801972889062435)
23.779999999999582 (-9.427413089251017, 1.0, 1.9136590962684825)
23.79999999999958 (-9.465329207914055, 1.0, 1.947374755215747)
23.81999999999958 (-9.509465526735598, 1.0, 1.9791360142108603)
23.83999999999958 (-9.558536529746773, 1.0, 2.0093975332771246)
23.85999999999958 (-9.61123714754635, 1.0, 2.039247379622259)
23.87999999999958 (-9.66641119878757, 1.0, 2.0693589620748165)
23.89999999999958 (-9.7232009246371, 1.0, 2.100021943737094)
23.91999999999958 (-9.780947233740465, 1.0, 2.13140802893578)
23.93999999999958 (-9.839129656474348, 1.0, 2.1635927880021484)
23.959999999999578 (-9.897502507471572, 1.0, 2.1967434218573145)
23.979999999999578 (-9.955902845099548, 1.0, 2.2309636254173557)
23.999999999999577 (-10.014318593895794, 1.0, 2.2663517791358023)
24.019999999999577 (-10.072800755508911, 1.0, 2.30304591431371)
24.039999999999576 (-10.131401641889084, 1.0, 2.341296191787043)
24.059999999999576 (-10.18959178930342, 1.0, 2.380771611396248)
24.079999999999576 (-10.24519276344046, 1.0, 2.4174754347265743)
24.099999999999575 (-10.297158011076794, 1.0, 2.447148826558193)
24.119999999999575 (-10.34477175756472, 1.0, 2.467443378340866)
24.139999999999574 (-10.388066690790334, 1.0, 2.4757237036577875)
24.159999999999574 (-10.427516868395847, 1.0, 2.4695150581971146)
24.179999999999573 (-10.465787496319281, 1.0, 2.4485597828250256)
24.199999999999573 (-10.505893887018706, 1.0, 2.417099792631369)
24.219999999999573 (-10.548907494324181, 1.0, 2.3808305246468957)
24.239999999999572 (-10.595102593196462, 1.0, 2.344238104416431)
24.25999999999957 (-10.643686748423942, 1.0, 2.3098288071443953)
24.27999999999957 (-10.693073427042775, 1.0, 2.276519957242669)
24.29999999999957 (-10.742216831297405, 1.0, 2.24146880342457)
24.31999999999957 (-10.789558876770318, 1.0, 2.202682840024598)
24.33999999999957 (-10.833580230204884, 1.0, 2.159301425651402)
24.35999999999957 (-10.87329664075595, 1.0, 2.1109954541655584)
24.37999999999957 (-10.90832167621342, 1.0, 2.0575853779717965)
24.39999999999957 (-10.938716055565889, 1.0, 1.9990356451402838)
24.41999999999957 (-10.964970839122351, 1.0, 1.935537417904798)
24.439999999999568 (-10.986869501907993, 1.0, 1.868924662295918)
24.459999999999567 (-11.001479679686573, 1.0, 1.7993956554631723)
24.479999999999567 (-11.006305619486168, 1.0, 1.724665678035697)
24.499999999999567 (-10.999678979597048, 1.0, 1.642965322618844)
24.519999999999566 (-10.981584198923741, 1.0, 1.5538139780956484)
24.539999999999566 (-10.957951138747717, 1.0, 1.460016950531754)
24.559999999999565 (-10.93200474987328, 1.0, 1.3632446936302565)
24.579999999999565 (-10.915570845042627, 1.0, 1.2696465576357785)
24.599999999999564 (-10.917808819675372, 1.0, 1.1873090592534585)
24.619999999999564 (-10.940893985421006, 1.0, 1.1198046751011101)
24.639999999999564 (-10.978667191209917, 1.0, 1.06710442936316)
24.659999999999563 (-11.024569365030281, 1.0, 1.0241411688478685)
24.679999999999563 (-11.07865363498851, 1.0, 0.9859546625508931)
24.699999999999562 (-11.140992702943882, 1.0, 0.9516256314887653)
24.719999999999562 (-11.210197299083902, 1.0, 0.9213957140552012)
24.73999999999956 (-11.285486407392467, 1.0, 0.8964096382446842)
24.75999999999956 (-11.365945441290181, 1.0, 0.878776050202587)
24.77999999999956 (-11.447598026379328, 1.0, 0.871394325489191)
24.79999999999956 (-11.524449166839995, 1.0, 0.8752039890043168)
24.81999999999956 (-11.591269930259704, 1.0, 0.8902497980509847)
24.83999999999956 (-11.646270707745504, 1.0, 0.9156530520860153)
24.85999999999956 (-11.690365360394198, 1.0, 0.9494626549785481)
24.87999999999956 (-11.723951263784842, 1.0, 0.990654731182639)
24.899999999999558 (-11.746698698151764, 1.0, 1.0384852064861907)
24.919999999999558 (-11.758181958966919, 1.0, 1.0923068406601775)
24.939999999999557 (-11.758411756182893, 1.0, 1.151856111363826)
24.959999999999557 (-11.747982171502855, 1.0, 1.2172043013089293)
24.979999999999556 (-11.728039561847194, 1.0, 1.2887106510788995)
24.999999999999556 (-11.700370196586146, 1.0, 1.367167377193449)
25.019999999999555 (-11.667312733315077, 1.0, 1.4541183413786172)
25.039999999999555 (-11.630588102276667, 1.0, 1.552390620780766)
25.059999999999555 (-11.592807573359016, 1.0, 1.6609507108134092)
25.079999999999554 (-11.553179557158984, 1.0, 1.7777872971408175)
25.099999999999554 (-11.515710239992025, 1.0, 1.9000146382620053)
25.119999999999553 (-11.485764013525445, 1.0, 2.0247656606224913)
25.139999999999553 (-11.461239878930009, 1.0, 2.14772506507669)
25.159999999999553 (-11.44209216951494, 1.0, 2.2621902914255547)
25.179999999999552 (-11.42986231963243, 1.0, 2.365454324237647)
25.19999999999955 (-11.42273414156129, 1.0, 2.4613306861065194)
25.21999999999955 (-11.422449831688477, 1.0, 2.553052341254464)
25.23999999999955 (-11.431843400441634, 1.0, 2.6419841607032595)
25.25999999999955 (-11.451576452570114, 1.0, 2.7302092620201823)
25.27999999999955 (-11.482174306451174, 1.0, 2.8186444067141023)
25.29999999999955 (-11.524197568124245, 1.0, 2.906703196469858)
25.31999999999955 (-11.577806798510819, 1.0, 2.9932945969623996)
25.33999999999955 (-11.642640308278319, 1.0, 3.077533303556567)
25.35999999999955 (-11.71820364877351, 1.0, 3.1586673538455856)
25.379999999999548 (-11.8003666305775, 1.0, 3.2369143612545392)
25.399999999999547 (-11.881976095071595, 1.0, 3.3127173624980695)
25.419999999999547 (-11.95992313937347, 1.0, 3.385934369758663)
25.439999999999547 (-12.03212204595322, 1.0, 3.4567796358681617)
25.459999999999546 (-12.085065691456968, 1.0, 3.521935129841245)
25.479999999999546 (-12.120333569716541, 1.0, 3.578173262072306)
25.499999999999545 (-12.153793169625477, 1.0, 3.6303022599648727)
25.519999999999545 (-12.182899678296906, 1.0, 3.6816831728274892)
25.539999999999544 (-12.206385715156493, 1.0, 3.7326267473248103)
25.559999999999544 (-12.226934646503627, 1.0, 3.780302567536212)
25.579999999999544 (-12.24447212979257, 1.0, 3.8245199939845187)
25.599999999999543 (-12.252017616725665, 1.0, 3.86343168678403)
25.619999999999543 (-12.254991961970557, 1.0, 3.8968732475082164)
25.639999999999542 (-12.256343290665466, 1.0, 3.9257191802170253)
25.659999999999542 (-12.258130111317785, 1.0, 3.950877981179)
25.67999999999954 (-12.260623999143895, 1.0, 3.9739199999525017)
25.69999999999954 (-12.261930817264911, 1.0, 3.995736167791528)
25.71999999999954 (-12.25985321153895, 1.0, 4.015015623024719)
25.73999999999954 (-12.262097046133954, 1.0, 4.028237601372499)
25.75999999999954 (-12.272120119263125, 1.0, 4.035256346903489)
25.77999999999954 (-12.290266467643741, 1.0, 4.035333808923834)
25.79999999999954 (-12.315302263921106, 1.0, 4.02882082122583)
25.81999999999954 (-12.345518799313878, 1.0, 4.0161237356917745)
25.839999999999538 (-12.378996925710053, 1.0, 3.99675721449208)
25.859999999999538 (-12.414688083047935, 1.0, 3.970622623676348)
25.879999999999537 (-12.452165888851958, 1.0, 3.9381763567804944)
25.899999999999537 (-12.491608996552623, 1.0, 3.9006322761839227)
25.919999999999536 (-12.533207916608559, 1.0, 3.859922889031068)
25.939999999999536 (-12.576746430881846, 1.0, 3.817211229575455)
25.959999999999535 (-12.622204934415977, 1.0, 3.77326663533654)
25.979999999999535 (-12.669661943974562, 1.0, 3.7287414734279785)
25.999999999999535 (-12.719261054913021, 1.0, 3.684146833721583)
26.019999999999534 (-12.77118151519361, 1.0, 3.639881152062193)
26.039999999999534 (-12.82561774744647, 1.0, 3.5963115095014655)
26.059999999999533 (-12.879698470775859, 1.0, 3.553673672849679)
26.079999999999533 (-12.928931091260726, 1.0, 3.5092619671341985)
26.099999999999532 (-12.970202960210308, 1.0, 3.4597149425801126)
26.119999999999532 (-13.000460031088267, 1.0, 3.4048848722963263)
26.13999999999953 (-13.017330772605524, 1.0, 3.3459584728577165)
26.15999999999953 (-13.020455906344807, 1.0, 3.281749728979854)
26.17999999999953 (-13.012975474641692, 1.0, 3.210950912589331)
26.19999999999953 (-13.000038009420708, 1.0, 3.135679498513371)
26.21999999999953 (-12.986557677236702, 1.0, 3.0578913760836905)
26.23999999999953 (-12.97595301534116, 1.0, 2.9797556476711566)
26.25999999999953 (-12.96880007581045, 1.0, 2.902584640419664)
26.27999999999953 (-12.963135223281991, 1.0, 2.8260992157143745)
26.299999999999528 (-12.956555711972927, 1.0, 2.74924592947329)
26.319999999999528 (-12.947168943978545, 1.0, 2.671831133730822)
26.339999999999527 (-12.933885989264068, 1.0, 2.5938743648126845)
26.359999999999527 (-12.916476671971926, 1.0, 2.515198359246788)
26.379999999999526 (-12.895589639670558, 1.0, 2.4379695809486743)
26.399999999999526 (-12.868649710599161, 1.0, 2.364463384294404)
26.419999999999526 (-12.831957980244294, 1.0, 2.295224842804034)
26.439999999999525 (-12.782515692726646, 1.0, 2.2305499283271994)
26.459999999999525 (-12.718965197077761, 1.0, 2.1706339446296172)
26.479999999999524 (-12.638588246169638, 1.0, 2.1149920071116686)
26.499999999999524 (-12.546178187550948, 1.0, 2.0597734847940723)
26.519999999999524 (-12.454943350357425, 1.0, 2.006275422945315)
26.539999999999523 (-12.397972265653186, 1.0, 1.9654236834829857)
26.559999999999523 (-12.35332775416441, 1.0, 1.9331987093553047)
26.579999999999522 (-12.323992843673379, 1.0, 1.9063378816271925)
26.599999999999522 (-12.311041986613986, 1.0, 1.8732449332859507)
26.61999999999952 (-12.309228791335713, 1.0, 1.8312496347215104)
26.63999999999952 (-12.313203317591585, 1.0, 1.7779270991607385)
26.65999999999952 (-12.323851104968378, 1.0, 1.7158621743042863)
26.67999999999952 (-12.342346212269463, 1.0, 1.6485851018010544)
26.69999999999952 (-12.367852719232259, 1.0, 1.5770674750988365)
26.71999999999952 (-12.400005304301473, 1.0, 1.5018807893254198)
26.73999999999952 (-12.43889762889344, 1.0, 1.4234726304123813)
26.75999999999952 (-12.484500339353962, 1.0, 1.3419661423075733)
26.779999999999518 (-12.53499395608483, 1.0, 1.2622891191895316)
26.799999999999518 (-12.586848241546736, 1.0, 1.194067413405088)
26.819999999999517 (-12.637365541558129, 1.0, 1.1425816144384429)
26.839999999999517 (-12.685093569216582, 1.0, 1.1081831451519997)
26.859999999999516 (-12.729170165763174, 1.0, 1.0891846007915047)
26.879999999999516 (-12.768911195077138, 1.0, 1.0848288899152818)
26.899999999999515 (-12.804181155189404, 1.0, 1.0949112101951148)
26.919999999999515 (-12.834985736841114, 1.0, 1.119498288147047)
26.939999999999515 (-12.861277464374055, 1.0, 1.1586654059581205)
26.959999999999514 (-12.883590772794047, 1.0, 1.2123193035450022)
26.979999999999514 (-12.903197429966957, 1.0, 1.280169880119646)
26.999999999999513 (-12.922128682275124, 1.0, 1.3617307743250586)
27.019999999999513 (-12.94344010238944, 1.0, 1.4571054473214684)
27.039999999999512 (-12.971006373898783, 1.0, 1.5676754028233926)
27.059999999999512 (-13.006178193214284, 1.0, 1.6907526701686442)
27.07999999999951 (-13.048293356443388, 1.0, 1.8248873941896921)
27.09999999999951 (-13.098704240679242, 1.0, 1.9659189636231842)
27.11999999999951 (-13.158244545989652, 1.0, 2.106086005789663)
27.13999999999951 (-13.221968920401173, 1.0, 2.242236913207861)
27.15999999999951 (-13.28595872101332, 1.0, 2.3700309108469284)
27.17999999999951 (-13.348093199755958, 1.0, 2.4843780910788333)
27.19999999999951 (-13.408345189296895, 1.0, 2.5872220180827856)
27.21999999999951 (-13.468930110592774, 1.0, 2.67992513300869)
27.239999999999508 (-13.532321368790235, 1.0, 2.762373016074565)
27.259999999999508 (-13.600249226696713, 1.0, 2.8361592754476272)
27.279999999999507 (-13.673899678542277, 1.0, 2.902514054021265)
27.299999999999507 (-13.753792413961033, 1.0, 2.9618421144134186)
27.319999999999506 (-13.839815384406931, 1.0, 3.01427807554436)
27.339999999999506 (-13.931345355701428, 1.0, 3.059852559958315)
27.359999999999506 (-14.027340088410483, 1.0, 3.098467729323647)
27.379999999999505 (-14.126413479505567, 1.0, 3.129901230296541)
27.399999999999505 (-14.226887054213822, 1.0, 3.1539859964482817)
27.419999999999504 (-14.327158334727395, 1.0, 3.170617153691819)
27.439999999999504 (-14.425584180330528, 1.0, 3.180005220307214)
27.459999999999503 (-14.520700986263622, 1.0, 3.182667761552112)
27.479999999999503 (-14.61108916334966, 1.0, 3.179951965477178)
27.499999999999503 (-14.693449129863401, 1.0, 3.17842854744364)
27.519999999999502 (-14.766010906608969, 1.0, 3.1798520245457484)
27.5399999999995 (-14.823546934280659, 1.0, 3.19045986736962)
27.5599999999995 (-14.871905829276045, 1.0, 3.2017188059962405)
27.5799999999995 (-14.918010386431854, 1.0, 3.211597089244789)
27.5999999999995 (-14.961905591579209, 1.0, 3.2220547174719654)
27.6199999999995 (-14.996675884977618, 1.0, 3.2357891455787517)
27.6399999999995 (-15.02565142889116, 1.0, 3.2484940097084665)
27.6599999999995 (-15.051005720361648, 1.0, 3.261224053183351)
27.6799999999995 (-15.072387133047338, 1.0, 3.2759105913695374)
27.6999999999995 (-15.08721782172344, 1.0, 3.2937822388227085)
27.719999999999498 (-15.092560228326098, 1.0, 3.3147560641933023)
27.739999999999498 (-15.089593276484953, 1.0, 3.333267354716753)
27.759999999999497 (-15.08479162602356, 1.0, 3.3433217320490205)
27.779999999999497 (-15.081664283240006, 1.0, 3.344019357545163)
27.799999999999496 (-15.080622715919043, 1.0, 3.3344316602314312)
27.819999999999496 (-15.081111500938214, 1.0, 3.3158865309436023)
27.839999999999495 (-15.081054286282537, 1.0, 3.2892082586715192)
27.859999999999495 (-15.078396135922203, 1.0, 3.2550246904081486)
27.879999999999495 (-15.072281551900087, 1.0, 3.214019379632547)
27.899999999999494 (-15.063195493516103, 1.0, 3.1669407376869176)
27.919999999999494 (-15.052401223920997, 1.0, 3.114369742130065)
27.939999999999493 (-15.041438613396487, 1.0, 3.056736348807027)
27.959999999999493 (-15.031958563718506, 1.0, 2.9949814190932735)
27.979999999999492 (-15.024548738391829, 1.0, 2.9298752668954022)
27.999999999999492 (-15.019408868587222, 1.0, 2.861871745378506)
28.01999999999949 (-15.016806733086892, 1.0, 2.7914370211313577)
28.03999999999949 (-15.015964105897108, 1.0, 2.7202167610784826)
28.05999999999949 (-15.01321567280001, 1.0, 2.6505131440555867)
28.07999999999949 (-15.00446581095837, 1.0, 2.5819792189707584)
28.09999999999949 (-14.985962171148133, 1.0, 2.5139171871736345)
28.11999999999949 (-14.955824993909156, 1.0, 2.4487702528546986)
28.13999999999949 (-14.913222681880548, 1.0, 2.388823900644643)
28.15999999999949 (-14.85866362570303, 1.0, 2.3321646349599257)
28.179999999999488 (-14.795725465313026, 1.0, 2.2769141729952027)
28.199999999999488 (-14.728787738118118, 1.0, 2.2213565162493505)
28.219999999999487 (-14.662285155535564, 1.0, 2.1641306399722042)
28.239999999999487 (-14.599521599495988, 1.0, 2.1054629465616435)
28.259999999999486 (-14.540477981855975, 1.0, 2.046241950260496)
28.279999999999486 (-14.482758258677547, 1.0, 1.9869652722051059)
28.299999999999486 (-14.423756306943542, 1.0, 1.9280430822292394)
28.319999999999485 (-14.362023476152372, 1.0, 1.8699557525375656)
28.339999999999485 (-14.297564070627867, 1.0, 1.8130634776268062)
28.359999999999484 (-14.231477640226782, 1.0, 1.759626668070192)
28.379999999999484 (-14.16211400901601, 1.0, 1.7123106191825928)
28.399999999999483 (-14.087434862333419, 1.0, 1.673449634034993)
28.419999999999483 (-14.006023119162531, 1.0, 1.6450093029120791)
28.439999999999483 (-13.917183953891918, 1.0, 1.6279564056702778)
28.459999999999482 (-13.821026417199928, 1.0, 1.6222691223958277)
28.47999999999948 (-13.762615424774042, 1.0001486750137925, 1.6121134837293043)
28.49999999999948 (-13.717618046491088, 1.0002284274193136, 1.602486718322234)
28.51999999999948 (-13.67692231184182, 1.0002211593592147, 1.5982257511662255)
28.53999999999948 (-13.635079992537568, 1.0002033563539983, 1.605931800942929)
28.55999999999948 (-13.595160050082669, 1.0001828718831447, 1.614301986333656)
28.57999999999948 (-13.559442820313096, 1.000160698521629, 1.610752559199657)
28.59999999999948 (-13.527967134676466, 1.0001320472868442, 1.5932672259348435)
28.61999999999948 (-13.501314182308063, 1.0001060147069079, 1.5648261778218004)
28.63999999999948 (-13.48114037954755, 1.000087042060502, 1.526809334310114)
28.659999999999478 (-13.464531115605977, 1.0000755664229646, 1.4792291857800348)
28.679999999999477 (-13.449917811636512, 1.0000703434615532, 1.422179403282759)
28.699999999999477 (-13.437694780419925, 1.0000697991574865, 1.356968319352289)
28.719999999999477 (-13.427417763829862, 1.0000726693333322, 1.2855036411411866)
28.739999999999476 (-13.417480225530952, 1.000078196269989, 1.2083525044977537)
28.759999999999476 (-13.407187727177915, 1.0000859395383983, 1.123918313723218)
28.779999999999475 (-13.39818602474119, 1.0000954835688667, 1.0351281745529377)
28.799999999999475 (-13.395122718789175, 1.00010591742495, 0.9517463259547887)
28.819999999999474 (-13.398834783154541, 1.0001163903562522, 0.8816164101837177)
28.839999999999474 (-13.407584902039774, 1.0001264632720561, 0.825981606586209)
28.859999999999474 (-13.420424368707895, 1.0001359031397994, 0.7842153916936891)
28.879999999999473 (-13.437300589372132, 1.0001445602516907, 0.756620331762819)
28.899999999999473 (-13.458588724527305, 1.0001523351422108, 0.7436324000689559)
28.919999999999472 (-13.484726274051976, 1.0001591652305324, 0.745435577798631)
28.939999999999472 (-13.516377956396441, 1.0001649994661093, 0.7616651666258155)
28.95999999999947 (-13.55432844825846, 1.0001697965268055, 0.7918494511563337)
28.97999999999947 (-13.599169498702626, 1.000173522319229, 0.8355180473868978)
28.99999999999947 (-13.652212870262536, 1.0001760975015663, 0.8915149829503022)
29.01999999999947 (-13.716626250911856, 1.000177517545827, 0.9592586576629866)
29.03999999999947 (-13.795799311863112, 1.000177798117919, 1.0372897116753355)
29.05999999999947 (-13.888486333366787, 1.000176764396052, 1.1230788054408856)
29.07999999999947 (-13.993754885555674, 1.0001742788627974, 1.2158315028303501)
29.09999999999947 (-14.11128080902897, 1.0001699339245378, 1.3107542848408378)
29.119999999999468 (-14.236920331957469, 1.0001633376187395, 1.4026943388543482)
29.139999999999468 (-14.363213307620939, 1.0001547413009377, 1.4912678202918974)
29.159999999999467 (-14.485272836132939, 1.000144547072826, 1.5740837896150166)
29.179999999999467 (-14.5991261275975, 1.000133600773648, 1.6479621101316335)
29.199999999999466 (-14.70446027440442, 1.0001231296231556, 1.7127186069461975)
29.219999999999466 (-14.803514321764661, 1.0001139755322705, 1.7677284847995054)
29.239999999999466 (-14.898312532945539, 1.0001065651994991, 1.8125765137705399)
29.259999999999465 (-14.991311169256296, 1.0001009140509136, 1.847892194583052)
29.279999999999465 (-15.084332242413131, 1.000096745170626, 1.874163996167755)
29.299999999999464 (-15.178182593874048, 1.0000936676809626, 1.8915704729241278)
29.319999999999464 (-15.27300494872786, 1.0000913024745408, 1.9004080022335994)
29.339999999999463 (-15.36845238966519, 1.000089366309637, 1.9011536180257373)
29.359999999999463 (-15.4637439595829, 1.0000877205326737, 1.8943741222419779)
29.379999999999463 (-15.557762267320856, 1.000086378298856, 1.8807170028961435)
29.399999999999462 (-15.649215084169283, 1.000085472289224, 1.8609187663017395)
29.41999999999946 (-15.736746531431962, 1.0000852088180698, 1.835923900129699)
29.43999999999946 (-15.819156914863912, 1.0000858030939475, 1.8067919787357416)
29.45999999999946 (-15.895515459224178, 1.0000874348633364, 1.7747222368723543)
29.47999999999946 (-15.965238276927714, 1.000090222358457, 1.741007287216819)
29.49999999999946 (-16.02808656788286, 1.000094216791406, 1.7069316633200555)
29.51999999999946 (-16.08409539258104, 1.0000994159445793, 1.6736499559714866)
29.53999999999946 (-16.13371455500176, 1.0001058275712515, 1.6430994760075008)
29.55999999999946 (-16.177887661690917, 1.0001135548756248, 1.6188669642844087)
29.57999999999946 (-16.216448310933647, 1.0001226325239299, 1.6014642422934284)
29.599999999999458 (-16.249356772060228, 1.0001331213278584, 1.5900570829978697)
29.619999999999457 (-16.27692659818255, 1.0001451030165056, 1.583411012316271)
29.639999999999457 (-16.29961940571501, 1.0001586476681743, 1.5798720015793164)
29.659999999999457 (-16.318650241072557, 1.0001735245962857, 1.5782160411005475)
29.679999999999456 (-16.335109034611513, 1.000189009887173, 1.5791789102600906)
29.699999999999456 (-16.34866069349291, 1.0002041210310966, 1.5850305603830737)
29.719999999999455 (-16.35734106143628, 1.0002180088507844, 1.597684982667865)
29.739999999999455 (-16.358831668506205, 1.0002300568865996, 1.615934492477573)
29.759999999999454 (-16.353647750898716, 1.000239450904898, 1.629709943291114)
29.779999999999454 (-16.344983611564864, 1.0002458919717891, 1.6354879714228439)
29.799999999999454 (-16.333186390786956, 1.0002493304863764, 1.632216203222243)
29.819999999999453 (-16.318386993320704, 1.0002498538376572, 1.620119732211973)
29.839999999999453 (-16.300490140883856, 1.000247677221448, 1.6007540306061063)
29.859999999999452 (-16.27828652335508, 1.000243035814258, 1.57574058379933)
29.879999999999452 (-16.251117941453327, 1.0002360508306256, 1.5461134010860411)
29.89999999999945 (-16.21915225107254, 1.0002267514545597, 1.5124339448564021)
29.91999999999945 (-16.18314035389862, 1.0002151494371025, 1.4749514621350839)
29.93999999999945 (-16.14423695455454, 1.0002012713619577, 1.433349880941907)
29.95999999999945 (-16.104146666871053, 1.0001851996741615, 1.3872869118269757)
29.97999999999945 (-16.064376748859083, 1.0001671165693897, 1.3370503167745407)
29.99999999999945 (-16.025314909581315, 1.0001472622579308, 1.2830710015089895)
