0.0 (-11.25, 1.0, 0.0)
0.02 (-11.251675032707892, 1.0, -0.057776842165205206)
0.04 (-11.258014100376927, 1.0, -0.16341425525947414)
0.06 (-11.270680697862119, 1.0, -0.2703006497557835)
0.08 (-11.291866120584393, 1.0, -0.3733339067320785)
0.1 (-11.316789367143395, 1.0, -0.46640855839846507)
0.12000000000000001 (-11.340939694980841, 1.0, -0.551240311363499)
0.14 (-11.362805778499553, 1.0, -0.6338380271846269)
0.16 (-11.381913857258922, 1.0, -0.7131780844801366)
0.18 (-11.400433447560893, 1.0, -0.7842312605802974)
0.19999999999999998 (-11.426694825059522, 1.0, -0.8454315972151566)
0.21999999999999997 (-11.465761775120033, 1.0, -0.8957361806148014)
0.23999999999999996 (-11.505330597367683, 1.0, -0.9343509860621521)
0.25999999999999995 (-11.536808202662973, 1.0, -0.9601441395345897)
0.27999999999999997 (-11.56058916561579, 1.0, -0.9791817581011798)
0.3 (-11.577772826874398, 1.0, -1.0015481824897081)
0.32 (-11.591308219251307, 1.0, -1.0283559858781228)
0.34 (-11.602925429843784, 1.0, -1.05439978037909)
0.36000000000000004 (-11.611306659984251, 1.0, -1.0764281691146504)
0.38000000000000006 (-11.61690765091225, 1.0, -1.094356054248605)
0.4000000000000001 (-11.620487317883121, 1.0, -1.1093988904054708)
0.4200000000000001 (-11.622522338990331, 1.0, -1.122741097094843)
0.4400000000000001 (-11.624069457357963, 1.0, -1.1347665995832394)
0.46000000000000013 (-11.626719378875045, 1.0, -1.1452801297710369)
0.48000000000000015 (-11.6317099144304, 1.0, -1.15401305636626)
0.5000000000000001 (-11.640037116368283, 1.0, -1.1605229563579103)
0.5200000000000001 (-11.65148859062642, 1.0, -1.1646548353258153)
0.5400000000000001 (-11.665462514297975, 1.0, -1.1668927802569267)
0.5600000000000002 (-11.68202178760784, 1.0, -1.1676950712318803)
0.5800000000000002 (-11.701504614717601, 1.0, -1.1675486956804708)
0.6000000000000002 (-11.724212531847408, 1.0, -1.1670679297711983)
0.6200000000000002 (-11.75023559521026, 1.0, -1.166946652695874)
0.6400000000000002 (-11.779463961256774, 1.0, -1.1679331198403329)
0.6600000000000003 (-11.812445891605142, 1.0, -1.1725033536793763)
0.6800000000000003 (-11.851733844679314, 1.0, -1.185564183785063)
0.7000000000000003 (-11.899742061894848, 1.0, -1.2106988772758285)
0.7200000000000003 (-11.957376657985495, 1.0, -1.2492762154817154)
0.7400000000000003 (-12.024530468505336, 1.0, -1.3009637792918194)
0.7600000000000003 (-12.10046601359007, 1.0, -1.3641166831029043)
0.7800000000000004 (-12.183895894043205, 1.0, -1.4361822758555811)
0.8000000000000004 (-12.267966200017305, 1.0, -1.5088455737557105)
0.8200000000000004 (-12.344316807038645, 1.0, -1.5733230386816819)
0.8400000000000004 (-12.410401672422605, 1.0, -1.6239463892938166)
0.8600000000000004 (-12.466404880692373, 1.0, -1.6584650314167537)
0.8800000000000004 (-12.51312253065899, 1.0, -1.6789533368863392)
0.9000000000000005 (-12.552640380403263, 1.0, -1.6889707006210335)
0.9200000000000005 (-12.587096925238578, 1.0, -1.6921160233348587)
0.9400000000000005 (-12.617556789519554, 1.0, -1.6914115930544564)
0.9600000000000005 (-12.64434046897393, 1.0, -1.6890216220681564)
0.9800000000000005 (-12.667462681625636, 1.0, -1.6861754943397431)
1.0000000000000004 (-12.685884488288481, 1.0, -1.682356576088031)
1.0200000000000005 (-12.696613853280818, 1.0, -1.6751979673346413)
1.0400000000000005 (-12.69636197157623, 1.0, -1.662349995503055)
1.0600000000000005 (-12.68260190587001, 1.0, -1.642473266416929)
1.0800000000000005 (-12.656033988808153, 1.0, -1.61700112230355)
1.1000000000000005 (-12.621049141161711, 1.0, -1.5887516390439138)
1.1200000000000006 (-12.582450475582522, 1.0, -1.560102269448482)
1.1400000000000006 (-12.538270417382018, 1.0, -1.530405914855894)
1.1600000000000006 (-12.467272883135392, 1.0, -1.4636786932456236)
1.1800000000000006 (-12.400924053025253, 1.0, -1.3919311637177183)
1.2000000000000006 (-12.338013698773553, 1.0, -1.329324540326495)
1.2200000000000006 (-12.273692326814515, 1.0, -1.2698216774873032)
1.2400000000000007 (-12.206012656387031, 1.0, -1.2120827092114055)
1.2600000000000007 (-12.171802541802679, 1.0, -1.19664663418638)
1.2800000000000007 (-12.134286888193293, 1.0, -1.1872291934766352)
1.3000000000000007 (-12.088960893291658, 1.0, -1.1698807179737167)
1.3200000000000007 (-12.038400434429981, 1.0, -1.146516231863697)
1.3400000000000007 (-11.98331751641859, 1.0, -1.1200332811029539)
1.3600000000000008 (-11.928869384675325, 1.0, -1.0940896313980966)
1.3800000000000008 (-11.881928392183163, 1.0, -1.0697182566590409)
1.4000000000000008 (-11.845627826863597, 1.0, -1.047458756765022)
1.4200000000000008 (-11.819764953798131, 1.0, -1.0281405151653638)
1.4400000000000008 (-11.802561597644948, 1.0, -1.0118363927839196)
1.4600000000000009 (-11.792667564820068, 1.0, -0.9981459507043094)
1.4800000000000009 (-11.789175346566987, 1.0, -0.9870436458208809)
1.5000000000000009 (-11.791996626979298, 1.0, -0.9781574309413434)
1.520000000000001 (-11.80040921922334, 1.0, -0.9707431814842328)
1.540000000000001 (-11.813648573541226, 1.0, -0.963931024100075)
1.560000000000001 (-11.831142814901234, 1.0, -0.9571240504928235)
1.580000000000001 (-11.852397813078523, 1.0, -0.9501336106390718)
1.600000000000001 (-11.876892436070905, 1.0, -0.9431159701218196)
1.620000000000001 (-11.904012507881172, 1.0, -0.9364845175271697)
1.640000000000001 (-11.933682908491996, 1.0, -0.9325842715232543)
1.660000000000001 (-11.967939597912311, 1.0, -0.9379126874270225)
1.680000000000001 (-12.00932714341586, 1.0, -0.9586963242444596)
1.700000000000001 (-12.05678219625865, 1.0, -0.9960088376533095)
1.720000000000001 (-12.100774519033509, 1.0, -1.0403221026819827)
1.740000000000001 (-12.133716664139174, 1.0, -1.0805910719899192)
1.7600000000000011 (-12.156157932614637, 1.0, -1.111786924365981)
1.7800000000000011 (-12.172030698711465, 1.0, -1.134630211335804)
1.8000000000000012 (-12.183513719080436, 1.0, -1.1513524272295157)
1.8200000000000012 (-12.190546924969443, 1.0, -1.163604179100921)
1.8400000000000012 (-12.192522521124284, 1.0, -1.1721615273868937)
1.8600000000000012 (-12.18895659726093, 1.0, -1.177463367974427)
1.8800000000000012 (-12.179695717993265, 1.0, -1.1798649661105611)
1.9000000000000012 (-12.165138973007283, 1.0, -1.1797007374626856)
1.9200000000000013 (-12.147068463363507, 1.0, -1.1773902092471098)
1.9400000000000013 (-12.12777047509627, 1.0, -1.173726123256318)
1.9600000000000013 (-12.108959947594917, 1.0, -1.1694225079738405)
1.9800000000000013 (-12.091794508700351, 1.0, -1.1648329500716579)
2.0000000000000013 (-12.076937743361798, 1.0, -1.1600153571531122)
2.0200000000000014 (-12.064594457558348, 1.0, -1.1546841470803255)
2.0400000000000014 (-12.054597546723738, 1.0, -1.148352386511333)
2.0600000000000014 (-12.046062059895153, 1.0, -1.1395678763624169)
2.0800000000000014 (-12.037541231746145, 1.0, -1.1269992155106532)
2.1000000000000014 (-12.026979609868222, 1.0, -1.1093756992914807)
2.1200000000000014 (-12.01380103171112, 1.0, -1.0861112060705305)
2.1400000000000015 (-11.998725576316179, 1.0, -1.054627480522798)
2.1600000000000015 (-11.98048706927247, 1.0, -1.0144692120512373)
2.1800000000000015 (-11.957444559314636, 1.0, -0.9668254147844615)
2.2000000000000015 (-11.927160392092155, 1.0, -0.9144041536940669)
2.2200000000000015 (-11.891896724736872, 1.0, -0.8661728836041428)
2.2400000000000015 (-11.857305168147423, 1.0, -0.8283098243324997)
2.2600000000000016 (-11.826594184476384, 1.0, -0.8042909606619587)
2.2800000000000016 (-11.800174377548606, 1.0, -0.7909852645143001)
2.3000000000000016 (-11.775831606231018, 1.0, -0.7823620135558104)
2.3200000000000016 (-11.75226820029449, 1.0, -0.7744185869639452)
2.3400000000000016 (-11.729933399420657, 1.0, -0.7653081699448403)
2.3600000000000017 (-11.709386517804589, 1.0, -0.75436322436486)
2.3800000000000017 (-11.69091500085332, 1.0, -0.7415111880390962)
2.4000000000000017 (-11.674607274462199, 1.0, -0.7270368935061565)
2.4200000000000017 (-11.660438562023467, 1.0, -0.7115275063360439)
2.4400000000000017 (-11.648331397326636, 1.0, -0.6958218685640328)
2.4600000000000017 (-11.638204854174905, 1.0, -0.6809333694397427)
2.4800000000000018 (-11.629999045672996, 1.0, -0.6679661327235479)
2.5000000000000018 (-11.623656123842235, 1.0, -0.6580329153040875)
2.520000000000002 (-11.619317796162125, 1.0, -0.6521572923799441)
2.540000000000002 (-11.619319088962234, 1.0, -0.6507090906723111)
2.560000000000002 (-11.624444325589694, 1.0, -0.6529769111185407)
2.580000000000002 (-11.634151570059341, 1.0, -0.658019074033836)
2.600000000000002 (-11.647831299340517, 1.0, -0.6652140914592009)
2.620000000000002 (-11.664826533212729, 1.0, -0.6743616134515742)
2.640000000000002 (-11.684426457086245, 1.0, -0.6869556933325258)
2.660000000000002 (-11.706955693306632, 1.0, -0.7087265354560024)
2.680000000000002 (-11.73353503116053, 1.0, -0.7457010430567479)
2.700000000000002 (-11.764454687748051, 1.0, -0.8006494856567808)
2.720000000000002 (-11.799312736447034, 1.0, -0.8735834709725836)
2.740000000000002 (-11.833148135670447, 1.0, -0.9537293217443176)
2.760000000000002 (-11.85980613560454, 1.0, -1.0273744716169586)
2.780000000000002 (-11.879112406891515, 1.0, -1.0862318184804949)
2.800000000000002 (-11.893613809224062, 1.0, -1.1305260384153648)
2.820000000000002 (-11.905976163007214, 1.0, -1.1638914786124923)
2.840000000000002 (-11.917746607324993, 1.0, -1.1896475822311523)
2.860000000000002 (-11.9287449063469, 1.0, -1.2094899668657209)
2.880000000000002 (-11.937697122927718, 1.0, -1.224556355329303)
2.900000000000002 (-11.943481206127265, 1.0, -1.2359201163119282)
2.920000000000002 (-11.945717577474966, 1.0, -1.2444720910561784)
2.940000000000002 (-11.944291035392412, 1.0, -1.250776069893363)
2.960000000000002 (-11.939443542952684, 1.0, -1.2549885081103849)
2.980000000000002 (-11.931701297304176, 1.0, -1.2569983974976964)
3.000000000000002 (-11.921708088931892, 1.0, -1.2565724173256843)
3.0200000000000022 (-11.910084959849128, 1.0, -1.2535225512291124)
3.0400000000000023 (-11.897350032635389, 1.0, -1.2476253490606606)
3.0600000000000023 (-11.883934117752293, 1.0, -1.238905889943085)
3.0800000000000023 (-11.870430292867693, 1.0, -1.2256941170255202)
3.1000000000000023 (-11.85627122142681, 1.0, -1.2034936927344044)
3.1200000000000023 (-11.838854079630307, 1.0, -1.1689428309221064)
3.1400000000000023 (-11.815369144591825, 1.0, -1.1202154866330332)
3.1600000000000024 (-11.784700491489238, 1.0, -1.0624735198093458)
3.1800000000000024 (-11.75098224960319, 1.0, -1.0046631796663417)
3.2000000000000024 (-11.717158068015003, 1.0, -0.9540084481766683)
3.2200000000000024 (-11.684877609854855, 1.0, -0.9130825640852412)
3.2400000000000024 (-11.654540742635957, 1.0, -0.8780477595857935)
3.2600000000000025 (-11.624774626285785, 1.0, -0.8441000668638088)
3.2800000000000025 (-11.596668616670224, 1.0, -0.8087893764947074)
3.3000000000000025 (-11.571547707999132, 1.0, -0.7711646696986675)
3.3200000000000025 (-11.55021083973342, 1.0, -0.731075852198066)
3.3400000000000025 (-11.532942702748903, 1.0, -0.6888017333258125)
3.3600000000000025 (-11.519876051781798, 1.0, -0.6449131343625043)
3.3800000000000026 (-11.511051001014117, 1.0, -0.6002012978819324)
3.4000000000000026 (-11.506582244318384, 1.0, -0.5558373895580011)
3.4200000000000026 (-11.50615373114688, 1.0, -0.5130217868154624)
3.4400000000000026 (-11.508463635572154, 1.0, -0.472944817609774)
3.4600000000000026 (-11.512314700799577, 1.0, -0.4369347275591343)
3.4800000000000026 (-11.516886910391163, 1.0, -0.4059375450614138)
3.5000000000000027 (-11.52162668396613, 1.0, -0.3809201531725346)
3.5200000000000027 (-11.52826553369864, 1.0, -0.3630286095360248)
3.5400000000000027 (-11.538572700501136, 1.0, -0.35243310348462015)
3.5600000000000027 (-11.552789496549224, 1.0, -0.3481927473877181)
3.5800000000000027 (-11.570798258085798, 1.0, -0.3491556237647524)
3.6000000000000028 (-11.592182870272392, 1.0, -0.35447553946779753)
3.6200000000000028 (-11.616262130648126, 1.0, -0.363622350292608)
3.640000000000003 (-11.642136871715792, 1.0, -0.3762623387110705)
3.660000000000003 (-11.669069360083853, 1.0, -0.39248949218065926)
3.680000000000003 (-11.695167885626175, 1.0, -0.4135615154547269)
3.700000000000003 (-11.717570115015242, 1.0, -0.4460160061569365)
3.720000000000003 (-11.73494128597337, 1.0, -0.49551608947061143)
3.740000000000003 (-11.74641469503613, 1.0, -0.5633739219322723)
3.760000000000003 (-11.750692342556365, 1.0, -0.6423168647726217)
3.780000000000003 (-11.746742600365172, 1.0, -0.7176455259407268)
3.800000000000003 (-11.73644963183921, 1.0, -0.7785867582809244)
3.820000000000003 (-11.723514269006492, 1.0, -0.8250607835223579)
3.840000000000003 (-11.710685406924895, 1.0, -0.8604602949583413)
3.860000000000003 (-11.698470004978313, 1.0, -0.8874825470903684)
3.880000000000003 (-11.685951793019877, 1.0, -0.907404979580855)
3.900000000000003 (-11.672141107105723, 1.0, -0.920900722022484)
3.920000000000003 (-11.656350945164144, 1.0, -0.9283371186710185)
3.940000000000003 (-11.638402379043299, 1.0, -0.9300639049309027)
3.960000000000003 (-11.618556048569499, 1.0, -0.9264527440900152)
3.980000000000003 (-11.597289593142401, 1.0, -0.9178417666504824)
4.000000000000003 (-11.57531131203879, 1.0, -0.9046663168425332)
4.020000000000002 (-11.553487980935774, 1.0, -0.887321326985082)
4.040000000000002 (-11.532701116782649, 1.0, -0.8662415535546742)
4.060000000000001 (-11.513806437202526, 1.0, -0.8419107602009563)
4.080000000000001 (-11.498138468155327, 1.0, -0.8135924150114616)
4.1000000000000005 (-11.487086337991787, 1.0, -0.7775657351600312)
4.12 (-11.479646753223198, 1.0, -0.7299092127362186)
4.14 (-11.47393526969071, 1.0, -0.6682080486592046)
4.159999999999999 (-11.467437910445756, 1.0, -0.5926811977625198)
4.179999999999999 (-11.458358665378503, 1.0, -0.5124101450816807)
4.199999999999998 (-11.447193509134962, 1.0, -0.43682743277071145)
4.219999999999998 (-11.433579901816056, 1.0, -0.37122058717559403)
4.2399999999999975 (-11.418868140834809, 1.0, -0.3158664175238979)
4.259999999999997 (-11.404846744983637, 1.0, -0.2664619870591132)
4.279999999999997 (-11.392622202959597, 1.0, -0.2187058201292253)
4.299999999999996 (-11.383709120342388, 1.0, -0.1709111235254151)
4.319999999999996 (-11.37905818231926, 1.0, -0.1226920856944807)
4.339999999999995 (-11.37888981350181, 1.0, -0.07415404222851157)
4.359999999999995 (-11.383085185628275, 1.0, -0.025714757401929023)
4.379999999999995 (-11.391419447635995, 1.0, 0.02193730447905934)
4.399999999999994 (-11.403624354347112, 1.0, 0.067892805390187)
4.419999999999994 (-11.419032667703066, 1.0, 0.11129513879136174)
4.439999999999993 (-11.436194021323224, 1.0, 0.1516080490048043)
4.459999999999993 (-11.453728228257267, 1.0, 0.18809512226089595)
4.479999999999992 (-11.470666132224101, 1.0, 0.21999045003436135)
4.499999999999992 (-11.486207311851505, 1.0, 0.24638436429978045)
4.519999999999992 (-11.499641463103703, 1.0, 0.2664048476111891)
4.539999999999991 (-11.51031286956447, 1.0, 0.2793669786438841)
4.559999999999991 (-11.517547462485046, 1.0, 0.28502316978128167)
4.57999999999999 (-11.52246750808803, 1.0, 0.2822022660417066)
4.59999999999999 (-11.527387734190143, 1.0, 0.2704768722882043)
4.6199999999999894 (-11.532791030197409, 1.0, 0.2515445372242693)
4.639999999999989 (-11.536997036811877, 1.0, 0.2258471504083013)
4.659999999999989 (-11.535848081258543, 1.0, 0.18873931773303423)
4.679999999999988 (-11.526685240524827, 1.0, 0.13611879704994273)
4.699999999999988 (-11.508292736432864, 1.0, 0.0669606477152983)
4.719999999999987 (-11.481972423326456, 1.0, -0.012603655976446932)
4.739999999999987 (-11.452195215540423, 1.0, -0.08677219057574875)
4.7599999999999865 (-11.424431314307302, 1.0, -0.14502427062454532)
4.779999999999986 (-11.401851414270853, 1.0, -0.18760899508330767)
4.799999999999986 (-11.38438407671809, 1.0, -0.21879899830119867)
4.819999999999985 (-11.371083170415922, 1.0, -0.24268312309563114)
4.839999999999985 (-11.360815284115594, 1.0, -0.26088904115150896)
4.859999999999984 (-11.352674474288682, 1.0, -0.2738635163902037)
4.879999999999984 (-11.346017062267734, 1.0, -0.2818039734295964)
4.8999999999999835 (-11.340454606835324, 1.0, -0.28493965649009817)
4.919999999999983 (-11.335531748291654, 1.0, -0.28320489621789163)
4.939999999999983 (-11.33061535601636, 1.0, -0.2770319435247833)
4.959999999999982 (-11.325496762333508, 1.0, -0.2672643610373279)
4.979999999999982 (-11.320412690999099, 1.0, -0.2549722285289971)
4.999999999999981 (-11.315926690465178, 1.0, -0.24118081674694059)
5.019999999999981 (-11.312715865145053, 1.0, -0.22675027208697165)
5.0399999999999805 (-11.311437995199402, 1.0, -0.2121267786305865)
5.05999999999998 (-11.312616307035464, 1.0, -0.19711619583516762)
5.07999999999998 (-11.316605046911338, 1.0, -0.1809137017403807)
5.099999999999979 (-11.324348555155135, 1.0, -0.1615905747362981)
5.119999999999979 (-11.33826353928299, 1.0, -0.13443673839217954)
5.139999999999978 (-11.358478755742357, 1.0, -0.0943331512001157)
5.159999999999978 (-11.383632037157023, 1.0, -0.03939520158614086)
5.1799999999999775 (-11.408763577589156, 1.0, 0.026449596580046995)
5.199999999999977 (-11.429871908039017, 1.0, 0.09215856679054363)
5.219999999999977 (-11.44409402183837, 1.0, 0.15024683264281669)
5.239999999999976 (-11.45070377551391, 1.0, 0.19763334643368058)
5.259999999999976 (-11.453181059800777, 1.0, 0.23732579050073538)
5.279999999999975 (-11.454452667385072, 1.0, 0.27440721583796585)
5.299999999999975 (-11.456954951250982, 1.0, 0.31079817272974297)
5.3199999999999745 (-11.462314087318, 1.0, 0.34663869141022663)
5.339999999999974 (-11.471269879103344, 1.0, 0.3816349840460309)
5.359999999999974 (-11.483961971464854, 1.0, 0.41541934212516896)
5.379999999999973 (-11.500119111485972, 1.0, 0.44760093873225254)
5.399999999999973 (-11.519044167494439, 1.0, 0.47784242030415286)
5.419999999999972 (-11.539716723076092, 1.0, 0.5058133870671743)
5.439999999999972 (-11.56097205863306, 1.0, 0.5310784517983134)
5.4599999999999715 (-11.581638343917218, 1.0, 0.5532588485530698)
5.479999999999971 (-11.600466783265492, 1.0, 0.5718201544300766)
5.499999999999971 (-11.616346702681607, 1.0, 0.586274685652772)
5.51999999999997 (-11.628852237112909, 1.0, 0.5955595571294375)
5.53999999999997 (-11.63913792046054, 1.0, 0.597615289797075)
5.559999999999969 (-11.648143722218842, 1.0, 0.592521165708841)
5.579999999999969 (-11.656529350612342, 1.0, 0.5813178297877838)
5.599999999999969 (-11.664617753336406, 1.0, 0.5649914314426546)
5.619999999999968 (-11.672265468575604, 1.0, 0.5444069201638021)
5.639999999999968 (-11.678962896961863, 1.0, 0.5202831848831299)
5.659999999999967 (-11.682838748434948, 1.0, 0.4926811675254209)
5.679999999999967 (-11.67839412800292, 1.0, 0.45891789348340367)
5.699999999999966 (-11.660463474804464, 1.0, 0.4154272181937322)
5.719999999999966 (-11.626819865798097, 1.0, 0.3611165116976336)
5.739999999999966 (-11.579244119550468, 1.0, 0.2992597230386483)
5.759999999999965 (-11.526921713307804, 1.0, 0.24237078969767953)
5.779999999999965 (-11.47864613096041, 1.0, 0.19874042292313762)
5.799999999999964 (-11.439090581664685, 1.0, 0.1678011579073173)
5.819999999999964 (-11.408116892094235, 1.0, 0.14552773962172363)
5.839999999999963 (-11.384151863540257, 1.0, 0.12862710695469487)
5.859999999999963 (-11.365287910533429, 1.0, 0.11648931779476653)
5.879999999999963 (-11.34994266588396, 1.0, 0.10938313779386581)
5.899999999999962 (-11.337035458761633, 1.0, 0.10768658783224544)
5.919999999999962 (-11.325844627900494, 1.0, 0.11118387715117775)
5.939999999999961 (-11.315950523242197, 1.0, 0.11967139743420918)
5.959999999999961 (-11.307205795483076, 1.0, 0.13286851815868939)
5.9799999999999605 (-11.299809600768455, 1.0, 0.15000477375005045)
5.99999999999996 (-11.29424062729321, 1.0, 0.17038161666015628)
6.01999999999996 (-11.2907753140809, 1.0, 0.19320008778838285)
6.039999999999959 (-11.289963981734239, 1.0, 0.21769489750491253)
6.059999999999959 (-11.292169112032164, 1.0, 0.24310268539132407)
6.079999999999958 (-11.298660476795009, 1.0, 0.2690281343094605)
6.099999999999958 (-11.313372498887013, 1.0, 0.2973055664607609)
6.1199999999999575 (-11.338661733536524, 1.0, 0.3320310550099866)
6.139999999999957 (-11.374840986191632, 1.0, 0.3766091505243226)
6.159999999999957 (-11.419697168648169, 1.0, 0.4326685592850254)
6.179999999999956 (-11.465497121243603, 1.0, 0.4943161198240205)
6.199999999999956 (-11.506137350709121, 1.0, 0.5540943239441364)
6.219999999999955 (-11.53795171079773, 1.0, 0.6084026287961092)
6.239999999999955 (-11.562424819939395, 1.0, 0.6567483162021108)
6.2599999999999545 (-11.583756632163942, 1.0, 0.7014364158149333)
6.279999999999954 (-11.605557993580172, 1.0, 0.744358531028816)
6.299999999999954 (-11.629954573842173, 1.0, 0.7853725686365256)
6.319999999999953 (-11.657860253852496, 1.0, 0.8238975224875794)
6.339999999999953 (-11.68937670233214, 1.0, 0.8595465200770437)
6.359999999999952 (-11.724135488300824, 1.0, 0.8920588823333293)
6.379999999999952 (-11.761483241441008, 1.0, 0.9210999389570758)
6.3999999999999515 (-11.800556033660584, 1.0, 0.9462582010426634)
6.419999999999951 (-11.840100206632393, 1.0, 0.967688659123841)
6.439999999999951 (-11.878627875802088, 1.0, 0.9860232029584115)
6.45999999999995 (-11.914609917199673, 1.0, 1.0015876147439182)
6.47999999999995 (-11.946775719158264, 1.0, 1.0145434796598933)
6.499999999999949 (-11.973894656410364, 1.0, 1.0249735489381278)
6.519999999999949 (-11.994918637528862, 1.0, 1.0328202377610884)
6.5399999999999485 (-12.009730643060333, 1.0, 1.0355585525265938)
6.559999999999948 (-12.019195752552863, 1.0, 1.0320695738266734)
6.579999999999948 (-12.024513413334976, 1.0, 1.0230682725526685)
6.599999999999947 (-12.026653058872535, 1.0, 1.0094746293482162)
6.619999999999947 (-12.026008224124412, 1.0, 0.9922573156576162)
6.639999999999946 (-12.022348442166551, 1.0, 0.9721331916440908)
6.659999999999946 (-12.011877797709628, 1.0, 0.9498695679988296)
6.6799999999999455 (-11.98686904000329, 1.0, 0.9243463723267872)
6.699999999999945 (-11.94299747265727, 1.0, 0.8948166640228744)
6.719999999999945 (-11.879422348897773, 1.0, 0.8616668836690587)
6.739999999999944 (-11.804863011715236, 1.0, 0.8296206339163776)
6.759999999999944 (-11.733901811180122, 1.0, 0.8056384317284367)
6.779999999999943 (-11.676724472070228, 1.0, 0.7913825271204965)
6.799999999999943 (-11.633332403855084, 1.0, 0.7832982465622149)
6.8199999999999426 (-11.600698155880982, 1.0, 0.7780309029341863)
6.839999999999942 (-11.57591952412956, 1.0, 0.7743732435922672)
6.859999999999942 (-11.55751610796941, 1.0, 0.7724769358436074)
6.879999999999941 (-11.544794057432778, 1.0, 0.7731948783698033)
6.899999999999941 (-11.53675562563506, 1.0, 0.7774001942780058)
6.91999999999994 (-11.53262547638532, 1.0, 0.7853394896003582)
6.93999999999994 (-11.53197964783492, 1.0, 0.7968981171893138)
6.95999999999994 (-11.534504138589956, 1.0, 0.8115854263298591)
6.979999999999939 (-11.539988255517569, 1.0, 0.828617217227558)
6.999999999999939 (-11.548260019476423, 1.0, 0.847059718479004)
7.019999999999938 (-11.559307993021797, 1.0, 0.8659338697572573)
7.039999999999938 (-11.572791476635585, 1.0, 0.884351381699151)
7.059999999999937 (-11.58887773987759, 1.0, 0.9013769695392888)
7.079999999999937 (-11.608010675111819, 1.0, 0.9163884811192484)
7.099999999999937 (-11.633270281978051, 1.0, 0.9290430504636575)
7.119999999999936 (-11.669591997804982, 1.0, 0.9409774205929629)
7.139999999999936 (-11.719759830491874, 1.0, 0.955613281834705)
7.159999999999935 (-11.783965628239036, 1.0, 0.9764610216907185)
7.179999999999935 (-11.854536061497958, 1.0, 1.0039315405932)
7.1999999999999345 (-11.921425417014303, 1.0, 1.03323781915004)
7.219999999999934 (-11.977776085099407, 1.0, 1.062352757231428)
7.239999999999934 (-12.021889691749035, 1.0, 1.0898838999730625)
7.259999999999933 (-12.058486523590373, 1.0, 1.1153156837930043)
7.279999999999933 (-12.092916854533986, 1.0, 1.1395959776543432)
7.299999999999932 (-12.12788201550753, 1.0, 1.1619436661289777)
7.319999999999932 (-12.164363465593686, 1.0, 1.1812346293455518)
7.3399999999999315 (-12.20250731894831, 1.0, 1.1967949428459665)
7.359999999999931 (-12.24204110096693, 1.0, 1.2083522451678226)
7.379999999999931 (-12.282415995702056, 1.0, 1.2158826782795398)
7.39999999999993 (-12.322866849765663, 1.0, 1.2197384635872497)
7.41999999999993 (-12.362445612089783, 1.0, 1.2205679372616764)
7.439999999999929 (-12.400060440738471, 1.0, 1.2190537559621595)
7.459999999999929 (-12.434612331094298, 1.0, 1.2158599330029027)
7.4799999999999285 (-12.464897772524933, 1.0, 1.2115823437089477)
7.499999999999928 (-12.489814232595668, 1.0, 1.2067437555027207)
7.519999999999928 (-12.508452398099399, 1.0, 1.2018646037253515)
7.539999999999927 (-12.519803142544841, 1.0, 1.1960884558801537)
7.559999999999927 (-12.523540174020576, 1.0, 1.1871902074085727)
7.579999999999926 (-12.520861666940421, 1.0, 1.1748886595651107)
7.599999999999926 (-12.51332221678036, 1.0, 1.1596186874048473)
7.6199999999999255 (-12.5020167358294, 1.0, 1.142074886703642)
7.639999999999925 (-12.487257298100692, 1.0, 1.1230248888740866)
7.659999999999925 (-12.46626297860645, 1.0, 1.1046781924191347)
7.679999999999924 (-12.431822593616237, 1.0, 1.0894742658045329)
7.699999999999924 (-12.379624989382764, 1.0, 1.0786940823837452)
7.719999999999923 (-12.30904915319658, 1.0, 1.0731489474935338)
7.739999999999923 (-12.232705199925245, 1.0, 1.0738675852356432)
7.7599999999999225 (-12.165293869727591, 1.0, 1.0809551153133108)
7.779999999999922 (-12.113838283133658, 1.0, 1.0904677649939591)
7.799999999999922 (-12.075871038107172, 1.0, 1.0996917572120815)
7.819999999999921 (-12.046889580603956, 1.0, 1.1069243747238233)
7.839999999999921 (-12.024555112550996, 1.0, 1.1127322902914185)
7.85999999999992 (-12.008280671079012, 1.0, 1.1181850471231651)
7.87999999999992 (-11.997807682436875, 1.0, 1.1243876336327752)
7.8999999999999195 (-11.992605688228466, 1.0, 1.1324205682268127)
7.919999999999919 (-11.992085720752621, 1.0, 1.1426903954316356)
7.939999999999919 (-11.995887924512688, 1.0, 1.1551705111492494)
7.959999999999918 (-12.00355034896954, 1.0, 1.169473271591315)
7.979999999999918 (-12.01454763588216, 1.0, 1.1849256501064989)
7.999999999999917 (-12.028302475952948, 1.0, 1.2007255675862976)
8.019999999999918 (-12.044258924444813, 1.0, 1.2160252330113006)
8.039999999999917 (-12.061991136830365, 1.0, 1.230075854508774)
8.059999999999917 (-12.081263372111422, 1.0, 1.2420167020249928)
8.079999999999917 (-12.102370428588275, 1.0, 1.2511456445172084)
8.099999999999916 (-12.128654255632863, 1.0, 1.255634824196453)
8.119999999999916 (-12.165836762325641, 1.0, 1.255254218227658)
8.139999999999915 (-12.217473179865936, 1.0, 1.2518154242020416)
8.159999999999915 (-12.28476523370454, 1.0, 1.247779736754528)
8.179999999999914 (-12.360503039054791, 1.0, 1.247034898938985)
8.199999999999914 (-12.433531239487865, 1.0, 1.249413797629758)
8.219999999999914 (-12.49707025782152, 1.0, 1.2558983643169754)
8.239999999999913 (-12.549441506311277, 1.0, 1.2658152630422854)
8.259999999999913 (-12.594913848445302, 1.0, 1.2766795035875178)
8.279999999999912 (-12.638697851137819, 1.0, 1.287134227740351)
8.299999999999912 (-12.682600602800852, 1.0, 1.2952653049191838)
8.319999999999911 (-12.726896731436506, 1.0, 1.2997067598928913)
8.339999999999911 (-12.771380749520187, 1.0, 1.2998893140013172)
8.35999999999991 (-12.815665396230104, 1.0, 1.295762160944716)
8.37999999999991 (-12.85918720620962, 1.0, 1.2875631192776802)
8.39999999999991 (-12.901334306420646, 1.0, 1.2759312708833894)
8.41999999999991 (-12.941540964628668, 1.0, 1.2619726134227007)
8.439999999999909 (-12.97920012839722, 1.0, 1.2469374156641948)
8.459999999999908 (-13.013580760885107, 1.0, 1.2320381323743517)
8.479999999999908 (-13.04394355792953, 1.0, 1.2183925454425892)
8.499999999999908 (-13.069486637229726, 1.0, 1.20690759697961)
8.519999999999907 (-13.088190841537395, 1.0, 1.1965586611996613)
8.539999999999907 (-13.099463402255118, 1.0, 1.186367649328185)
8.559999999999906 (-13.104106723935702, 1.0, 1.1759089953194504)
8.579999999999906 (-13.102979651217003, 1.0, 1.1649538506135335)
8.599999999999905 (-13.096764195662734, 1.0, 1.153639187136516)
8.619999999999905 (-13.086045814004864, 1.0, 1.1424486310384399)
8.639999999999905 (-13.071213790241634, 1.0, 1.132116789057669)
8.659999999999904 (-13.05025435062499, 1.0, 1.1260803541944593)
8.679999999999904 (-13.017608257897635, 1.0, 1.129645543965539)
8.699999999999903 (-12.970084467937884, 1.0, 1.1458262782546993)
8.719999999999903 (-12.907405676435351, 1.0, 1.1756146123871984)
8.739999999999903 (-12.837122215614315, 1.0, 1.215488560611424)
8.759999999999902 (-12.774064736873893, 1.0, 1.2579600988810713)
8.779999999999902 (-12.726686779726608, 1.0, 1.2958398682457721)
8.799999999999901 (-12.693081540671454, 1.0, 1.3262364292819788)
8.8199999999999 (-12.668975400700596, 1.0, 1.3494236745821682)
8.8399999999999 (-12.65112263241471, 1.0, 1.3669234608059744)
8.8599999999999 (-12.638488467420217, 1.0, 1.3800908261172915)
8.8799999999999 (-12.631264872875493, 1.0, 1.3901500299057084)
8.899999999999899 (-12.62970142128742, 1.0, 1.3984363416015446)
8.919999999999899 (-12.633340743646665, 1.0, 1.4057202724902806)
8.939999999999898 (-12.641864693438258, 1.0, 1.4123833516491133)
8.959999999999898 (-12.654810958074638, 1.0, 1.4184189571742207)
8.979999999999897 (-12.671527200592836, 1.0, 1.4234964916802573)
8.999999999999897 (-12.691278973328687, 1.0, 1.4271320260605327)
9.019999999999897 (-12.713338999277378, 1.0, 1.4287797329443634)
9.039999999999896 (-12.736894452638822, 1.0, 1.4280685561708566)
9.059999999999896 (-12.761290778897926, 1.0, 1.424425489257962)
9.079999999999895 (-12.785893880632829, 1.0, 1.4171204217481213)
9.099999999999895 (-12.812379626969939, 1.0, 1.4031353196275134)
9.119999999999894 (-12.845424388640417, 1.0, 1.379708517161684)
9.139999999999894 (-12.88931784153312, 1.0, 1.3469307140723492)
9.159999999999894 (-12.946753165963086, 1.0, 1.3069925164093532)
9.179999999999893 (-13.011856653306797, 1.0, 1.2665255435883862)
9.199999999999893 (-13.075253536436705, 1.0, 1.23037189751441)
9.219999999999892 (-13.132056661151406, 1.0, 1.2025622280494817)
9.239999999999892 (-13.180759642789681, 1.0, 1.1829396530399054)
9.259999999999891 (-13.223976498981584, 1.0, 1.1674168807946015)
9.279999999999891 (-13.265357877866222, 1.0, 1.1524576542335914)
9.29999999999989 (-13.305473982168929, 1.0, 1.1355606480506402)
9.31999999999989 (-13.343855914540514, 1.0, 1.1153989342367434)
9.33999999999989 (-13.380008503881635, 1.0, 1.091550144387905)
9.35999999999989 (-13.413534622321249, 1.0, 1.0641279001789556)
9.379999999999889 (-13.444061318229705, 1.0, 1.0335956667924273)
9.399999999999888 (-13.471413742890933, 1.0, 1.0008192129784688)
9.419999999999888 (-13.495591131519221, 1.0, 0.966997922188226)
9.439999999999888 (-13.516556874714695, 1.0, 0.9334562631754206)
9.459999999999887 (-13.534219216459416, 1.0, 0.9015184198173707)
9.479999999999887 (-13.548390222852968, 1.0, 0.8725100329432722)
9.499999999999886 (-13.55888476126223, 1.0, 0.8476371219303392)
9.519999999999886 (-13.565627648412276, 1.0, 0.8279436548810661)
9.539999999999885 (-13.567291718834737, 1.0, 0.813723696401216)
9.559999999999885 (-13.561917772203145, 1.0, 0.8039538477157785)
9.579999999999885 (-13.550035435916918, 1.0, 0.7974902262880024)
9.599999999999884 (-13.532915849596755, 1.0, 0.7933099030405102)
9.619999999999884 (-13.511772611794186, 1.0, 0.7909168899639645)
9.639999999999883 (-13.487481095482144, 1.0, 0.790465160457011)
9.659999999999883 (-13.46039810169564, 1.0, 0.7949580877684151)
9.679999999999882 (-13.428784705573662, 1.0, 0.8115494914459613)
9.699999999999882 (-13.391106866802357, 1.0, 0.8450233477136675)
9.719999999999882 (-13.347604044387877, 1.0, 0.8966780078836586)
9.739999999999881 (-13.306367415180336, 1.0, 0.9569589546664706)
9.75999999999988 (-13.275689957383642, 1.0, 1.0140359767794402)
9.77999999999988 (-13.256107965565967, 1.0, 1.059955105785882)
9.79999999999988 (-13.243815998784484, 1.0, 1.095153511196533)
9.81999999999988 (-13.23493589339368, 1.0, 1.1221554506273916)
9.839999999999879 (-13.228812451236527, 1.0, 1.1430619424484718)
9.859999999999879 (-13.226117808667071, 1.0, 1.1589163279836667)
9.879999999999878 (-13.22763363198627, 1.0, 1.1707205280144832)
9.899999999999878 (-13.23372945145143, 1.0, 1.1792771833895506)
9.919999999999877 (-13.244433479067679, 1.0, 1.1850945361861835)
9.939999999999877 (-13.259442440390513, 1.0, 1.1884631483424144)
9.959999999999877 (-13.278117352645957, 1.0, 1.189553525404704)
9.979999999999876 (-13.2995545453819, 1.0, 1.188482221048505)
9.999999999999876 (-13.3226726246342, 1.0, 1.1853564445562546)
10.019999999999875 (-13.346378272941033, 1.0, 1.1802097479660367)
10.039999999999875 (-13.36966979028211, 1.0, 1.1729630252832173)
10.059999999999874 (-13.391767207788941, 1.0, 1.163269613967824)
10.079999999999874 (-13.412381104928992, 1.0, 1.1504284996747822)
10.099999999999874 (-13.431916882413773, 1.0, 1.1308714088161078)
10.119999999999873 (-13.453251115293735, 1.0, 1.0996723762655303)
10.139999999999873 (-13.480191191686924, 1.0, 1.0546189552741256)
10.159999999999872 (-13.514817256977436, 1.0, 0.995754663613506)
10.179999999999872 (-13.557156784689388, 1.0, 0.930669790507738)
10.199999999999871 (-13.601038558973906, 1.0, 0.8689999789194736)
10.219999999999871 (-13.643168209608161, 1.0, 0.8173829710100573)
10.23999999999987 (-13.681892251309188, 1.0, 0.7776546015559418)
10.25999999999987 (-13.71736328763662, 1.0, 0.7449441115828587)
10.27999999999987 (-13.751456485420034, 1.0, 0.7138589770113768)
10.29999999999987 (-13.783772225648297, 1.0, 0.6815759480906325)
10.319999999999869 (-13.813354192478759, 1.0, 0.6469740050072709)
10.339999999999868 (-13.839600326449744, 1.0, 0.6098400343618547)
10.359999999999868 (-13.862250461688337, 1.0, 0.5704355340640882)
10.379999999999868 (-13.881206976573957, 1.0, 0.5293376696567397)
10.399999999999867 (-13.896678484001855, 1.0, 0.48738605823663605)
10.419999999999867 (-13.909262220047397, 1.0, 0.44564146842940405)
10.439999999999866 (-13.919645778862087, 1.0, 0.4052903956557025)
10.459999999999866 (-13.92844476810951, 1.0, 0.36758850648368174)
10.479999999999865 (-13.936205011338012, 1.0, 0.33377331455288795)
10.499999999999865 (-13.942564709945446, 1.0, 0.30510841956472307)
10.519999999999865 (-13.945644933295494, 1.0, 0.2824522677240413)
10.539999999999864 (-13.944960716307895, 1.0, 0.26554301972052474)
10.559999999999864 (-13.940617485225333, 1.0, 0.25360464146623907)
10.579999999999863 (-13.932884608892932, 1.0, 0.246064890962899)
10.599999999999863 (-13.922241497154646, 1.0, 0.24264163180907158)
10.619999999999862 (-13.909399855597593, 1.0, 0.24323599895887296)
10.639999999999862 (-13.895388929790697, 1.0, 0.24849010640595637)
10.659999999999862 (-13.881886188148842, 1.0, 0.2635486671017177)
10.679999999999861 (-13.869865834081057, 1.0, 0.29544056240218886)
10.69999999999986 (-13.860120591557868, 1.0, 0.34748806250714775)
10.71999999999986 (-13.853270847562024, 1.0, 0.41969903804892394)
10.73999999999986 (-13.850609281785658, 1.0, 0.5011280858383226)
10.75999999999986 (-13.853549266393706, 1.0, 0.5752881258776273)
10.779999999999859 (-13.860105996781938, 1.0, 0.632549234862031)
10.799999999999859 (-13.86728395142989, 1.0, 0.674135549270918)
10.819999999999858 (-13.873259002642682, 1.0, 0.7044207362520861)
10.839999999999858 (-13.877779702254143, 1.0, 0.726796576377825)
10.859999999999857 (-13.881360007404437, 1.0, 0.742799554136986)
10.879999999999857 (-13.884907805694143, 1.0, 0.7529048376848778)
10.899999999999856 (-13.889581940982026, 1.0, 0.7573320054641115)
10.919999999999856 (-13.895942385183144, 1.0, 0.756845414872152)
10.939999999999856 (-13.904227022660743, 1.0, 0.7519996440081557)
10.959999999999855 (-13.914209924542702, 1.0, 0.743197126523661)
10.979999999999855 (-13.925251573850982, 1.0, 0.7308235703543619)
10.999999999999854 (-13.936522342477684, 1.0, 0.715247648938403)
11.019999999999854 (-13.94712240423611, 1.0, 0.6967493715253301)
11.039999999999853 (-13.956401101360965, 1.0, 0.6758542865753341)
11.059999999999853 (-13.96367071921433, 1.0, 0.6527294801333713)
11.079999999999853 (-13.968244754559162, 1.0, 0.6274941965333906)
11.099999999999852 (-13.968562541904806, 1.0, 0.5975754350766492)
11.119999999999852 (-13.964374638970652, 1.0, 0.557678042747029)
11.139999999999851 (-13.95790957870606, 1.0, 0.5038384778957008)
11.159999999999851 (-13.952601061863984, 1.0, 0.4347688396833637)
11.17999999999985 (-13.95101665473398, 1.0, 0.35852992721740373)
11.19999999999985 (-13.952316325036712, 1.0, 0.2857565011642435)
11.21999999999985 (-13.957300596887004, 1.0, 0.22303211024536698)
11.23999999999985 (-13.965102199208356, 1.0, 0.17175982795864095)
11.259999999999849 (-13.97364475740107, 1.0, 0.12750372823494596)
11.279999999999848 (-13.981911461273203, 1.0, 0.0851771071697505)
11.299999999999848 (-13.988061978010705, 1.0, 0.04292994110029609)
11.319999999999848 (-13.990666780202346, 1.0, 0.00046731220288578727)
11.339999999999847 (-13.989050542403623, 1.0, -0.04200469974662621)
11.359999999999847 (-13.983059760144275, 1.0, -0.08408966300288881)
11.379999999999846 (-13.972888661052716, 1.0, -0.12524793693615544)
11.399999999999846 (-13.959174604026082, 1.0, -0.16489031473057864)
11.419999999999845 (-13.942884701048714, 1.0, -0.2023727777547703)
11.439999999999845 (-13.925071930590402, 1.0, -0.23693683435494467)
11.459999999999845 (-13.90678379807362, 1.0, -0.26784225259840494)
11.479999999999844 (-13.889058540019123, 1.0, -0.29422322737044204)
11.499999999999844 (-13.872821101948851, 1.0, -0.31529361540345285)
11.519999999999843 (-13.858914985357007, 1.0, -0.3304571496321826)
11.539999999999843 (-13.846699714940309, 1.0, -0.33830938767991414)
11.559999999999842 (-13.83433082030112, 1.0, -0.3378859835279974)
11.579999999999842 (-13.821234638591157, 1.0, -0.33037848565347677)
11.599999999999842 (-13.807230627625318, 1.0, -0.31736715143773364)
11.619999999999841 (-13.792553684414179, 1.0, -0.300089296277239)
11.63999999999984 (-13.777829757356008, 1.0, -0.2793101935472611)
11.65999999999984 (-13.765403709060863, 1.0, -0.25413757593320996)
11.67999999999984 (-13.76020057121452, 1.0, -0.219947400167558)
11.69999999999984 (-13.765944918666715, 1.0, -0.17255282483812964)
11.719999999999839 (-13.784229226108808, 1.0, -0.11108534269777082)
11.739999999999839 (-13.811642442717133, 1.0, -0.04690390738864774)
11.759999999999838 (-13.842665978244229, 1.0, 0.006998723322655153)
11.779999999999838 (-13.870708568881977, 1.0, 0.045947426681337014)
11.799999999999837 (-13.894003619895235, 1.0, 0.07345767815001623)
11.819999999999837 (-13.9124020910655, 1.0, 0.09410757269160687)
11.839999999999836 (-13.927320034769085, 1.0, 0.10917239618365622)
11.859999999999836 (-13.940163134511083, 1.0, 0.11860699788665462)
11.879999999999836 (-13.952070635963782, 1.0, 0.1222973106071593)
11.899999999999835 (-13.96379461143521, 1.0, 0.1203143146503499)
11.919999999999835 (-13.975701275722916, 1.0, 0.11288175791167121)
11.939999999999834 (-13.987822422066609, 1.0, 0.10040774513079494)
11.959999999999834 (-13.99993215871858, 1.0, 0.08353016209495752)
11.979999999999833 (-14.011654932730684, 1.0, 0.06310783633860602)
11.999999999999833 (-14.022520735528095, 1.0, 0.040158831541743975)
12.019999999999833 (-14.031995240884203, 1.0, 0.015682994391290513)
12.039999999999832 (-14.03944103974785, 1.0, -0.00946644636196172)
12.059999999999832 (-14.044145051742143, 1.0, -0.034841125296645375)
12.079999999999831 (-14.04536747624313, 1.0, -0.06058345816687857)
12.099999999999831 (-14.040119320561434, 1.0, -0.08899657799525033)
12.11999999999983 (-14.025677933492652, 1.0, -0.12518333260554762)
12.13999999999983 (-14.002189215857198, 1.0, -0.17349192499919563)
12.15999999999983 (-13.970514970349289, 1.0, -0.2355176637118912)
12.17999999999983 (-13.93722102183376, 1.0, -0.3074501282769261)
12.199999999999829 (-13.907528681751574, 1.0, -0.3790012762226847)
12.219999999999828 (-13.88543891782868, 1.0, -0.4439200206860185)
12.239999999999828 (-13.871776812797917, 1.0, -0.4998026415942143)
12.259999999999827 (-13.862408974228877, 1.0, -0.5492299311888875)
12.279999999999827 (-13.853602932300312, 1.0, -0.5966115351381189)
12.299999999999827 (-13.842708540962384, 1.0, -0.6430867272840144)
12.319999999999826 (-13.828285995841604, 1.0, -0.688441913521014)
12.339999999999826 (-13.809865987671799, 1.0, -0.7322946086070833)
12.359999999999825 (-13.78756539805296, 1.0, -0.774306607975704)
12.379999999999825 (-13.761850491845813, 1.0, -0.8140971262219291)
12.399999999999824 (-13.733547956881775, 1.0, -0.8513833459550927)
12.419999999999824 (-13.70389623809149, 1.0, -0.8861544392380227)
12.439999999999824 (-13.674304398061455, 1.0, -0.9184600709149443)
12.459999999999823 (-13.646210334339179, 1.0, -0.9482152198312598)
12.479999999999823 (-13.620921417414875, 1.0, -0.9751862312702622)
12.499999999999822 (-13.598876932382352, 1.0, -0.9975019873536335)
12.519999999999822 (-13.579653529608539, 1.0, -1.0141854724289325)
12.539999999999822 (-13.563200795629612, 1.0, -1.0251064176982039)
12.559999999999821 (-13.549063533887091, 1.0, -1.03058938408543)
12.57999999999982 (-13.537107737682135, 1.0, -1.031049184734901)
12.59999999999982 (-13.527500881329246, 1.0, -1.0269604261463439)
12.61999999999982 (-13.520593322669516, 1.0, -1.0189347129290398)
12.63999999999982 (-13.518235832658393, 1.0, -1.0072079656979445)
12.659999999999819 (-13.526210462839481, 1.0, -0.990122758948517)
12.679999999999819 (-13.55049796222924, 1.0, -0.9652562111749312)
12.699999999999818 (-13.593876079096308, 1.0, -0.9318832347191438)
12.719999999999818 (-13.656048058437483, 1.0, -0.890730890646131)
12.739999999999817 (-13.727376822485915, 1.0, -0.8487883380085309)
12.759999999999817 (-13.793981321029728, 1.0, -0.8153418957626684)
12.779999999999816 (-13.846779967857396, 1.0, -0.7933624296928595)
12.799999999999816 (-13.885788824192142, 1.0, -0.7797512870921385)
12.819999999999816 (-13.914226559839081, 1.0, -0.7706252216890327)
12.839999999999815 (-13.934971943611014, 1.0, -0.7640436458309746)
12.859999999999815 (-13.949649435442609, 1.0, -0.7596631532888917)
12.879999999999814 (-13.959243025011453, 1.0, -0.7577335020382332)
12.899999999999814 (-13.964124713056789, 1.0, -0.7590645569986726)
12.919999999999813 (-13.965257885289601, 1.0, -0.7640509478758998)
12.939999999999813 (-13.963361835996391, 1.0, -0.772689678176792)
12.959999999999813 (-13.958731045001775, 1.0, -0.7846066911517904)
12.979999999999812 (-13.951409880653888, 1.0, -0.7990687297634199)
12.999999999999812 (-13.94132411141271, 1.0, -0.8151652636337627)
13.019999999999811 (-13.928275018119999, 1.0, -0.8319581294246061)
13.03999999999981 (-13.912422894957178, 1.0, -0.8486023108517945)
13.05999999999981 (-13.893532973251315, 1.0, -0.8644579691578734)
13.07999999999981 (-13.87142361152336, 1.0, -0.8790974381023434)
13.09999999999981 (-13.843643266177011, 1.0, -0.8924363227670385)
13.11999999999981 (-13.805499797261461, 1.0, -0.9064826821064335)
13.139999999999809 (-13.754278096225782, 1.0, -0.9251173036262582)
13.159999999999808 (-13.690464289290727, 1.0, -0.9521260204580437)
13.179999999999808 (-13.622040490210649, 1.0, -0.9860161889040125)
13.199999999999807 (-13.55799260187972, 1.0, -1.020910502841477)
13.219999999999807 (-13.504629398631318, 1.0, -1.0541855362681094)
13.239999999999807 (-13.462957608814579, 1.0, -1.0843496837429696)
13.259999999999806 (-13.42809489675397, 1.0, -1.1117692259614205)
13.279999999999806 (-13.395068338205627, 1.0, -1.1380531525271573)
13.299999999999805 (-13.361291249705918, 1.0, -1.1625327067645153)
13.319999999999805 (-13.325765570768768, 1.0, -1.1840789828045348)
13.339999999999804 (-13.288310891859192, 1.0, -1.2019586229318702)
13.359999999999804 (-13.249171815818245, 1.0, -1.215809772714347)
13.379999999999804 (-13.208888575550862, 1.0, -1.2255496037146474)
13.399999999999803 (-13.16826246781131, 1.0, -1.2314341796081645)
13.419999999999803 (-13.12830233984659, 1.0, -1.2339397040483362)
13.439999999999802 (-13.090176468443447, 1.0, -1.233556970731086)
13.459999999999802 (-13.05498375761712, 1.0, -1.2308270240903454)
13.479999999999801 (-13.023998877471664, 1.0, -1.2262249660616291)
13.499999999999801 (-12.99835888751899, 1.0, -1.2201517829588)
13.5199999999998 (-12.978993921474418, 1.0, -1.2130272133813087)
13.5399999999998 (-12.966717858321568, 1.0, -1.204492042328516)
13.5599999999998 (-12.9618409941957, 1.0, -1.1921488141943821)
13.5799999999998 (-12.963227096754956, 1.0, -1.1755378686847193)
13.599999999999799 (-12.969213229829526, 1.0, -1.1553083586706971)
13.619999999999798 (-12.978565115939368, 1.0, -1.1323042979076454)
13.639999999999798 (-12.990722910361724, 1.0, -1.1074839498886715)
13.659999999999798 (-13.007033232763778, 1.0, -1.0823951506259228)
13.679999999999797 (-13.03345568802532, 1.0, -1.059229818120514)
13.699999999999797 (-13.075852661964424, 1.0, -1.0393720501167647)
13.719999999999796 (-13.135910230798526, 1.0, -1.0239233127864715)
13.739999999999796 (-13.201424895936904, 1.0, -1.0158575435366584)
13.759999999999796 (-13.25938538195142, 1.0, -1.0164694942627712)
13.779999999999795 (-13.303854524343762, 1.0, -1.0218703765737855)
13.799999999999795 (-13.337125446181881, 1.0, -1.0287771518314737)
13.819999999999794 (-13.362741220565736, 1.0, -1.0350626253289668)
13.839999999999794 (-13.38212958185289, 1.0, -1.0414503997755191)
13.859999999999793 (-13.395819708131363, 1.0, -1.0492016209837673)
13.879999999999793 (-13.404169765849002, 1.0, -1.0592585585219652)
13.899999999999793 (-13.40752485211668, 1.0, -1.0721547872496824)
13.919999999999792 (-13.406222742681404, 1.0, -1.0880308162013492)
13.939999999999792 (-13.400642278045515, 1.0, -1.106655095495509)
13.959999999999791 (-13.391268582359903, 1.0, -1.1274768724884847)
13.97999999999979 (-13.378755156758668, 1.0, -1.1497204342202518)
13.99999999999979 (-13.363850012745795, 1.0, -1.1724331473381007)
14.01999999999979 (-13.347191815898341, 1.0, -1.1946527326510097)
14.03999999999979 (-13.329234145520514, 1.0, -1.215363392942965)
14.059999999999789 (-13.309907182001126, 1.0, -1.2338179324438585)
14.079999999999789 (-13.288609930130475, 1.0, -1.24948305932246)
14.099999999999788 (-13.261718554654783, 1.0, -1.2608430455904116)
14.119999999999788 (-13.223310214663764, 1.0, -1.2679920891222225)
14.139999999999787 (-13.169652296304385, 1.0, -1.2731406526174818)
14.159999999999787 (-13.099746918337786, 1.0, -1.2776624272667083)
14.179999999999787 (-13.019777410542236, 1.0, -1.285167925503472)
14.199999999999786 (-12.941548011479965, 1.0, -1.2955836972260533)
14.219999999999786 (-12.872561040771878, 1.0, -1.309412903726066)
14.239999999999785 (-12.815610904417147, 1.0, -1.3263600033578617)
14.259999999999785 (-12.76652878707092, 1.0, -1.343960885784123)
14.279999999999784 (-12.719567617084964, 1.0, -1.3610123602201283)
14.299999999999784 (-12.672324503951067, 1.0, -1.3757460798131371)
14.319999999999784 (-12.624229798635566, 1.0, -1.3868186574246943)
14.339999999999783 (-12.57535805199798, 1.0, -1.3936505360655012)
14.359999999999783 (-12.526042015183494, 1.0, -1.3962028505954698)
14.379999999999782 (-12.476838364079859, 1.0, -1.394712842298832)
14.399999999999782 (-12.428410044807814, 1.0, -1.3897487458288742)
14.419999999999781 (-12.381349341157643, 1.0, -1.3824113974011931)
14.439999999999781 (-12.336246570399457, 1.0, -1.3740177649597152)
14.45999999999978 (-12.293876701057856, 1.0, -1.3658182815860318)
14.47999999999978 (-12.255712736682987, 1.0, -1.3580189576030954)
14.49999999999978 (-12.22316549656562, 1.0, -1.3500238171813799)
14.51999999999978 (-12.19624449566004, 1.0, -1.3416166851651594)
14.539999999999779 (-12.175039122444256, 1.0, -1.3327339243515408)
14.559999999999778 (-12.159370219180891, 1.0, -1.3233162826571103)
14.579999999999778 (-12.149084455861518, 1.0, -1.3136015522442348)
14.599999999999778 (-12.144011735564728, 1.0, -1.3040439507548742)
14.619999999999777 (-12.143881165166501, 1.0, -1.295288466075153)
14.639999999999777 (-12.15004176878823, 1.0, -1.2896251945481367)
14.659999999999776 (-12.167388784565562, 1.0, -1.2915375317602675)
14.679999999999776 (-12.200380857793883, 1.0, -1.3047445313988733)
14.699999999999775 (-12.250533131016406, 1.0, -1.3310326669819408)
14.719999999999775 (-12.316608694086225, 1.0, -1.369980153776275)
14.739999999999775 (-12.38810020861242, 1.0, -1.4162526180780053)
14.759999999999774 (-12.450027677789764, 1.0, -1.4615423676663575)
14.779999999999774 (-12.495058600179332, 1.0, -1.4993645131634203)
14.799999999999773 (-12.525637952558924, 1.0, -1.5283300515623977)
14.819999999999773 (-12.546780892522191, 1.0, -1.549602256838068)
14.839999999999772 (-12.561928640189535, 1.0, -1.5648201257856673)
14.859999999999772 (-12.572374653438322, 1.0, -1.575325103385879)
14.879999999999772 (-12.578452640311397, 1.0, -1.582059580659131)
14.899999999999771 (-12.579979234491187, 1.0, -1.585722921539125)
14.91999999999977 (-12.576791621053253, 1.0, -1.5871318635803258)
14.93999999999977 (-12.568990720379247, 1.0, -1.5871270176668755)
14.95999999999977 (-12.55704256788243, 1.0, -1.5859675268506757)
14.97999999999977 (-12.54160120811535, 1.0, -1.5834178522193505)
14.999999999999769 (-12.523396465849757, 1.0, -1.5789973877510581)
15.019999999999769 (-12.503175810027766, 1.0, -1.5721258603230657)
15.039999999999768 (-12.481731564070772, 1.0, -1.5624768695061575)
15.059999999999768 (-12.459503501482795, 1.0, -1.5496024612262906)
15.079999999999767 (-12.436848795500705, 1.0, -1.5331318935109544)
15.099999999999767 (-12.412856741669177, 1.0, -1.5114146763111598)
15.119999999999767 (-12.3837649296703, 1.0, -1.4812518106499697)
15.139999999999766 (-12.34473952302317, 1.0, -1.441784188777304)
15.159999999999766 (-12.292570100471464, 1.0, -1.3953628237831628)
15.179999999999765 (-12.232542492890888, 1.0, -1.3482663497607783)
15.199999999999765 (-12.173803255686607, 1.0, -1.3056305011178102)
15.219999999999764 (-12.121432034658007, 1.0, -1.2718068113530905)
15.239999999999764 (-12.077144862379873, 1.0, -1.2469761475535703)
15.259999999999764 (-12.038415587464264, 1.0, -1.2270478954414445)
15.279999999999763 (-12.001599902647188, 1.0, -1.2083860135923559)
15.299999999999763 (-11.966117099280453, 1.0, -1.188395009373782)
15.319999999999762 (-11.932530483187632, 1.0, -1.1656578866260994)
15.339999999999762 (-11.901438709950169, 1.0, -1.139650533288858)
15.359999999999761 (-11.873294601993504, 1.0, -1.110396220689651)
15.379999999999761 (-11.848405170534214, 1.0, -1.0783261453617128)
15.39999999999976 (-11.826923498785064, 1.0, -1.0442429280330219)
15.41999999999976 (-11.808925759378235, 1.0, -1.0092184171327077)
15.43999999999976 (-11.794561480061619, 1.0, -0.9744815185621998)
15.45999999999976 (-11.783843526945027, 1.0, -0.941192531684472)
15.479999999999759 (-11.776960350812299, 1.0, -0.9106994223444177)
15.499999999999758 (-11.774114935485194, 1.0, -0.8841738435513552)
15.519999999999758 (-11.775407119346292, 1.0, -0.862609318941945)
15.539999999999758 (-11.780761645670554, 1.0, -0.8468380667870102)
15.559999999999757 (-11.791601044448692, 1.0, -0.8367930251562131)
15.579999999999757 (-11.809604908634867, 1.0, -0.8311752424689723)
15.599999999999756 (-11.833685301263065, 1.0, -0.8286013372348195)
15.619999999999756 (-11.86218692856787, 1.0, -0.827870056647606)
15.639999999999755 (-11.893626782795396, 1.0, -0.8284585115931821)
15.659999999999755 (-11.9268460425044, 1.0, -0.8312849409957421)
15.679999999999755 (-11.962058146077503, 1.0, -0.8420530826898638)
15.699999999999754 (-12.00082730976212, 1.0, -0.8673000546918509)
15.719999999999754 (-12.042631611209057, 1.0, -0.9090329570064355)
15.739999999999753 (-12.07865711051277, 1.0, -0.9579554001582903)
15.759999999999753 (-12.103060012131692, 1.0, -1.0044563129710073)
15.779999999999752 (-12.117344012430138, 1.0, -1.0427214303449295)
15.799999999999752 (-12.125508484224163, 1.0, -1.073262196781733)
15.819999999999752 (-12.130609953395554, 1.0, -1.0979083435743564)
15.839999999999751 (-12.132441205429684, 1.0, -1.1179119735690395)
15.85999999999975 (-12.130083354678419, 1.0, -1.1340424571984453)
15.87999999999975 (-12.122888351466383, 1.0, -1.146830429424848)
15.89999999999975 (-12.110587713205597, 1.0, -1.1566705928399947)
15.91999999999975 (-12.093275056266007, 1.0, -1.1638373490706138)
15.939999999999749 (-12.071413305626844, 1.0, -1.1685361512471266)
15.959999999999749 (-12.04580275934335, 1.0, -1.170976367803542)
15.979999999999748 (-12.0175470703638, 1.0, -1.1714690356155102)
15.999999999999748 (-11.98793291634422, 1.0, -1.170305451187923)
16.019999999999747 (-11.958187731838656, 1.0, -1.1676466505688956)
16.039999999999747 (-11.92928149913225, 1.0, -1.163384793194499)
16.059999999999746 (-11.901729094316305, 1.0, -1.1570324616860355)
16.079999999999746 (-11.875632013588005, 1.0, -1.1477120496272801)
16.099999999999746 (-11.85058040030171, 1.0, -1.131312096507044)
16.119999999999745 (-11.82367990269155, 1.0, -1.102474524060282)
16.139999999999745 (-11.791347551619175, 1.0, -1.0589298523401953)
16.159999999999744 (-11.752086329195276, 1.0, -1.0004246552253826)
16.179999999999744 (-11.70563837721119, 1.0, -0.9334049197207516)
16.199999999999743 (-11.657179055624747, 1.0, -0.8687518025029113)
16.219999999999743 (-11.609805410211065, 1.0, -0.8135376973520918)
16.239999999999743 (-11.565164385782769, 1.0, -0.7705113898268818)
16.259999999999742 (-11.523710586199321, 1.0, -0.7348749158566671)
16.279999999999742 (-11.48389692636207, 1.0, -0.7008683587691854)
16.29999999999974 (-11.446077026044712, 1.0, -0.6654038483750169)
16.31999999999974 (-11.411076501986797, 1.0, -0.6272840434933753)
16.33999999999974 (-11.379349375915087, 1.0, -0.5862791393261957)
16.35999999999974 (-11.351025907492659, 1.0, -0.5426630705112995)
16.37999999999974 (-11.326120961677994, 1.0, -0.4970547028307213)
16.39999999999974 (-11.304541126434534, 1.0, -0.45033089223747225)
16.41999999999974 (-11.285616595426873, 1.0, -0.40352357661549765)
16.43999999999974 (-11.268321056342494, 1.0, -0.35774646064105403)
16.459999999999738 (-11.252629612937934, 1.0, -0.3144630934988835)
16.479999999999738 (-11.23945826421104, 1.0, -0.27478543130310396)
16.499999999999737 (-11.228960888047267, 1.0, -0.23913915537515348)
16.519999999999737 (-11.221219702406085, 1.0, -0.2076561116854273)
16.539999999999736 (-11.216321256523253, 1.0, -0.18054846817333076)
16.559999999999736 (-11.21418969690226, 1.0, -0.15799096050832157)
16.579999999999735 (-11.214538024763389, 1.0, -0.14022459026080702)
16.599999999999735 (-11.21689222032195, 1.0, -0.12746685222053866)
16.619999999999735 (-11.220554398564282, 1.0, -0.11988222992688934)
16.639999999999734 (-11.223813919483593, 1.0, -0.12099895085976041)
16.659999999999734 (-11.22515913578548, 1.0, -0.13823348798697904)
16.679999999999733 (-11.223513115999783, 1.0, -0.1762724726121424)
16.699999999999733 (-11.218112024288493, 1.0, -0.23648057631171998)
16.719999999999732 (-11.209201878904516, 1.0, -0.31642596655460553)
16.739999999999732 (-11.197074180150935, 1.0, -0.40440101874681716)
16.75999999999973 (-11.18251352846904, 1.0, -0.483230058046063)
16.77999999999973 (-11.167629689762375, 1.0, -0.5429813544844739)
16.79999999999973 (-11.154541749482748, 1.0, -0.5847855770248581)
16.81999999999973 (-11.144352848044239, 1.0, -0.6137414508014972)
16.83999999999973 (-11.137392743382494, 1.0, -0.6341381766803289)
16.85999999999973 (-11.133108772831338, 1.0, -0.6480712101346839)
16.87999999999973 (-11.13076925401104, 1.0, -0.6563837598661867)
16.89999999999973 (-11.129862285680547, 1.0, -0.6595590282248138)
16.919999999999728 (-11.129802368091312, 1.0, -0.6576080728413769)
16.939999999999728 (-11.129902551471222, 1.0, -0.6506679328450515)
16.959999999999727 (-11.12971678413097, 1.0, -0.6392587134058183)
16.979999999999727 (-11.129514412205143, 1.0, -0.6239356434544344)
16.999999999999726 (-11.129969483963839, 1.0, -0.6051394219082086)
17.019999999999726 (-11.131881013162298, 1.0, -0.5833041461622664)
17.039999999999726 (-11.135963353075098, 1.0, -0.5588764559399849)
17.059999999999725 (-11.142822555900851, 1.0, -0.5321553192157996)
17.079999999999725 (-11.152972532437639, 1.0, -0.5034437712389485)
17.099999999999724 (-11.167182064828653, 1.0, -0.4712746788932239)
17.119999999999724 (-11.186217699213808, 1.0, -0.4311879153559744)
17.139999999999723 (-11.208852030418031, 1.0, -0.3785024840657659)
17.159999999999723 (-11.231438961800443, 1.0, -0.3113987038424064)
17.179999999999723 (-11.25104903765058, 1.0, -0.23773455843080557)
17.199999999999722 (-11.267109619727888, 1.0, -0.16756172330680794)
17.21999999999972 (-11.277915286419328, 1.0, -0.10710185591008885)
17.23999999999972 (-11.284132258957476, 1.0, -0.05774968783315935)
17.25999999999972 (-11.28825149467218, 1.0, -0.015526907296250487)
17.27999999999972 (-11.29191755062614, 1.0, 0.0242771562609876)
17.29999999999972 (-11.297207026902248, 1.0, 0.06325779981803444)
17.31999999999972 (-11.30565121864291, 1.0, 0.10151158679571971)
17.33999999999972 (-11.318027072398769, 1.0, 0.13871273401079506)
17.35999999999972 (-11.334558575248277, 1.0, 0.17444111193011758)
17.37999999999972 (-11.355019053384966, 1.0, 0.20824538697617712)
17.399999999999718 (-11.37880582429561, 1.0, 0.2396356933231769)
17.419999999999717 (-11.405059648079165, 1.0, 0.268065099662931)
17.439999999999717 (-11.432789298667183, 1.0, 0.2929169573578588)
17.459999999999717 (-11.460975460194836, 1.0, 0.31351128606573886)
17.479999999999716 (-11.488644934351377, 1.0, 0.32913964265979184)
17.499999999999716 (-11.51491158322412, 1.0, 0.3391281120831963)
17.519999999999715 (-11.538984653289898, 1.0, 0.3429203637763061)
17.539999999999715 (-11.560154673033042, 1.0, 0.34014242658490373)
17.559999999999715 (-11.577776568688138, 1.0, 0.3308104455349349)
17.579999999999714 (-11.592233760380264, 1.0, 0.314219360331294)
17.599999999999714 (-11.605666043427753, 1.0, 0.2893494268542347)
17.619999999999713 (-11.619137344710005, 1.0, 0.25803570384358704)
17.639999999999713 (-11.632904994599478, 1.0, 0.22285197079275754)
17.659999999999712 (-11.646767812126733, 1.0, 0.18536321295820224)
17.679999999999712 (-11.656790698146535, 1.0, 0.1451532219363896)
17.69999999999971 (-11.656737441005154, 1.0, 0.0978211520899573)
17.71999999999971 (-11.644506643650725, 1.0, 0.043906393019901235)
17.73999999999971 (-11.623497475793476, 1.0, -0.005560314948188153)
17.75999999999971 (-11.598642720404921, 1.0, -0.04337857618352693)
17.77999999999971 (-11.574583201224998, 1.0, -0.06989270402825211)
17.79999999999971 (-11.552804702676747, 1.0, -0.08883168054696287)
17.81999999999971 (-11.53321462600382, 1.0, -0.1029366392709934)
17.83999999999971 (-11.514975185521374, 1.0, -0.11213996459237244)
17.859999999999708 (-11.497378034061978, 1.0, -0.11573229093273983)
17.879999999999708 (-11.479976776393894, 1.0, -0.11325280135361193)
17.899999999999707 (-11.462536235195792, 1.0, -0.10460187677417518)
17.919999999999707 (-11.44495284165774, 1.0, -0.09018893349094241)
17.939999999999706 (-11.427330783970342, 1.0, -0.07035251987052031)
17.959999999999706 (-11.40982743509975, 1.0, -0.04604957317638544)
17.979999999999706 (-11.392660649380016, 1.0, -0.018819070155889267)
17.999999999999705 (-11.376207248167336, 1.0, 0.010004243602541422)
18.019999999999705 (-11.360819375078275, 1.0, 0.03924396111990231)
18.039999999999704 (-11.346978287365042, 1.0, 0.06830594204591753)
18.059999999999704 (-11.335370921217406, 1.0, 0.09717513479127163)
18.079999999999703 (-11.326842281832242, 1.0, 0.12624800829419094)
18.099999999999703 (-11.325295276004933, 1.0, 0.15798960196432602)
18.119999999999703 (-11.334297381376855, 1.0, 0.19769751113584152)
18.139999999999702 (-11.354166857875402, 1.0, 0.24934836443904618)
18.1599999999997 (-11.38425086161869, 1.0, 0.3139487839492632)
18.1799999999997 (-11.419732234545348, 1.0, 0.3888196489493681)
18.1999999999997 (-11.452862121804548, 1.0, 0.4652560883771276)
18.2199999999997 (-11.478503407023872, 1.0, 0.5370110838872415)
18.2399999999997 (-11.494685946053806, 1.0, 0.6011134704070272)
18.2599999999997 (-11.505770219847161, 1.0, 0.6590132563712802)
18.2799999999997 (-11.51631456258953, 1.0, 0.7144497416392057)
18.2999999999997 (-11.529374864403641, 1.0, 0.7686449500535262)
18.3199999999997 (-11.546377203044404, 1.0, 0.8216402066572135)
18.339999999999698 (-11.567667512869358, 1.0, 0.8733838638462063)
18.359999999999697 (-11.593001768245461, 1.0, 0.9237579656237657)
18.379999999999697 (-11.621787493205476, 1.0, 0.9725010839130317)
18.399999999999697 (-11.653178689368827, 1.0, 1.0192220313302354)
18.419999999999696 (-11.686157846980572, 1.0, 1.0634303118237471)
18.439999999999696 (-11.719596068609022, 1.0, 1.104613360574591)
18.459999999999695 (-11.752371960998902, 1.0, 1.1424680388228372)
18.479999999999695 (-11.783985922130732, 1.0, 1.1770421906228914)
18.499999999999694 (-11.814052820475018, 1.0, 1.2081651952426091)
18.519999999999694 (-11.841950710906183, 1.0, 1.2354273520314762)
18.539999999999694 (-11.867386664743707, 1.0, 1.2586404644155231)
18.559999999999693 (-11.889847678358343, 1.0, 1.2776657218334369)
18.579999999999693 (-11.90875575773887, 1.0, 1.2925169617431762)
18.599999999999692 (-11.923548239414979, 1.0, 1.303432057292455)
18.619999999999692 (-11.932725835570468, 1.0, 1.3106627699899969)
18.63999999999969 (-11.93061971565694, 1.0, 1.3132489379934926)
18.65999999999969 (-11.91051063612726, 1.0, 1.309157118497824)
18.67999999999969 (-11.868888342289802, 1.0, 1.2976599441353827)
18.69999999999969 (-11.805204941205876, 1.0, 1.2789855140147257)
18.71999999999969 (-11.723155892906968, 1.0, 1.254140256495426)
18.73999999999969 (-11.633079942204459, 1.0, 1.2275484412941302)
18.75999999999969 (-11.550616620844833, 1.0, 1.2059639929404173)
18.77999999999969 (-11.486060999760868, 1.0, 1.1926881739568456)
18.799999999999688 (-11.439974679498553, 1.0, 1.185812307500947)
18.819999999999688 (-11.408256808382122, 1.0, 1.1822993901795216)
18.839999999999687 (-11.386695785812524, 1.0, 1.1793099832772285)
18.859999999999687 (-11.372724229283568, 1.0, 1.17609116649846)
18.879999999999686 (-11.365033019482194, 1.0, 1.1728606434741262)
18.899999999999686 (-11.362971111360338, 1.0, 1.1699839639515421)
18.919999999999686 (-11.36612281630517, 1.0, 1.1676576487116963)
18.939999999999685 (-11.374236471947942, 1.0, 1.1661093689708317)
18.959999999999685 (-11.386981138765556, 1.0, 1.1657894886430984)
18.979999999999684 (-11.403749032596426, 1.0, 1.166742290727492)
18.999999999999684 (-11.424289395293425, 1.0, 1.168535530645213)
19.019999999999683 (-11.44835367411767, 1.0, 1.170373379760695)
19.039999999999683 (-11.476070915418036, 1.0, 1.1713159505378115)
19.059999999999683 (-11.507323688448032, 1.0, 1.1705859136450798)
19.079999999999682 (-11.541985330139665, 1.0, 1.1675980903279384)
19.09999999999968 (-11.581510235999778, 1.0, 1.1624673132768786)
19.11999999999968 (-11.629687598543054, 1.0, 1.156697366756685)
19.13999999999968 (-11.690115482476603, 1.0, 1.1533803726188185)
19.15999999999968 (-11.762655525308423, 1.0, 1.1567232369575338)
19.17999999999968 (-11.838630209879335, 1.0, 1.1651876699678356)
19.19999999999968 (-11.90931939641314, 1.0, 1.1753138596388668)
19.21999999999968 (-11.968644666444245, 1.0, 1.1860617585804412)
19.23999999999968 (-12.016135864090975, 1.0, 1.1961255035208693)
19.25999999999968 (-12.056469614618202, 1.0, 1.205348214910186)
19.279999999999678 (-12.094120773131657, 1.0, 1.2141906577856623)
19.299999999999677 (-12.13131566468233, 1.0, 1.2213393985695453)
19.319999999999677 (-12.168772214963784, 1.0, 1.2253864109995667)
19.339999999999677 (-12.206530301378809, 1.0, 1.225428582989794)
19.359999999999676 (-12.24434460858593, 1.0, 1.2210299500567954)
19.379999999999676 (-12.28175818443401, 1.0, 1.2121384047503967)
19.399999999999675 (-12.318121517551178, 1.0, 1.1990078996520686)
19.419999999999675 (-12.352626721025572, 1.0, 1.1820960744567852)
19.439999999999674 (-12.384348986364639, 1.0, 1.1619508883779353)
19.459999999999674 (-12.412294598741662, 1.0, 1.1391164466126371)
19.479999999999674 (-12.435459635727634, 1.0, 1.1140763500762423)
19.499999999999673 (-12.452898419152138, 1.0, 1.0872386309357247)
19.519999999999673 (-12.46379448178734, 1.0, 1.0589586197010972)
19.539999999999672 (-12.467493178386936, 1.0, 1.0295674665217538)
19.559999999999672 (-12.463704385531228, 1.0, 0.9994832875228089)
19.57999999999967 (-12.452337864841523, 1.0, 0.969316736755061)
19.59999999999967 (-12.433595724904515, 1.0, 0.939839095867733)
19.61999999999967 (-12.407417341986644, 1.0, 0.9101843410390464)
19.63999999999967 (-12.374707569125006, 1.0, 0.8782924035860775)
19.65999999999967 (-12.338083657672223, 1.0, 0.8444889536338973)
19.67999999999967 (-12.299414177382936, 1.0, 0.8111254629063668)
19.69999999999967 (-12.25471556005023, 1.0, 0.7826426164873376)
19.71999999999967 (-12.205730842313102, 1.0, 0.7624023726393109)
19.739999999999668 (-12.161216526645665, 1.0, 0.753042352388286)
19.759999999999668 (-12.125652246832123, 1.0, 0.7533634012345213)
19.779999999999667 (-12.09748952372457, 1.0, 0.7599138197972267)
19.799999999999667 (-12.074140378212634, 1.0, 0.7694667221372083)
19.819999999999666 (-12.054394794014515, 1.0, 0.7812490552374073)
19.839999999999666 (-12.038784398574714, 1.0, 0.7958205774671143)
19.859999999999665 (-12.028208861826407, 1.0, 0.8136069948178708)
19.879999999999665 (-12.023178617762394, 1.0, 0.835005333728445)
19.899999999999665 (-12.023707787980985, 1.0, 0.8599797932739357)
19.919999999999664 (-12.029678795218537, 1.0, 0.8882237022152438)
19.939999999999664 (-12.040259633165164, 1.0, 0.9191457542980646)
19.959999999999663 (-12.054282000285282, 1.0, 0.9520562928576755)
19.979999999999663 (-12.070487885445267, 1.0, 0.986152245682083)
19.999999999999662 (-12.087695564430112, 1.0, 1.0205781734994703)
20.019999999999662 (-12.10526779677963, 1.0, 1.054619422464652)
20.03999999999966 (-12.123108851218886, 1.0, 1.087608613851597)
20.05999999999966 (-12.141702206920504, 1.0, 1.1189185102570014)
20.07999999999966 (-12.162205287277432, 1.0, 1.1478959094162744)
20.09999999999966 (-12.189356116225943, 1.0, 1.1719520928097737)
20.11999999999966 (-12.22955646274655, 1.0, 1.19053174416288)
20.13999999999966 (-12.285986433175665, 1.0, 1.2049519573867327)
20.15999999999966 (-12.358355088566631, 1.0, 1.216147436103265)
20.17999999999966 (-12.442777854036368, 1.0, 1.2260973922729261)
20.19999999999966 (-12.5291002836635, 1.0, 1.238530363186096)
20.219999999999658 (-12.608995039675728, 1.0, 1.2552576443934824)
20.239999999999657 (-12.678477781539415, 1.0, 1.276727119957928)
20.259999999999657 (-12.740481347696205, 1.0, 1.2999560294602408)
20.279999999999657 (-12.800248187913228, 1.0, 1.3225827974657602)
20.299999999999656 (-12.860426180928183, 1.0, 1.3423987443445602)
20.319999999999656 (-12.921890544026262, 1.0, 1.3582666252084559)
20.339999999999655 (-12.984880139168151, 1.0, 1.369980145829923)
20.359999999999655 (-13.049263582702066, 1.0, 1.3777935545118773)
20.379999999999654 (-13.114441154270478, 1.0, 1.382058338486713)
20.399999999999654 (-13.179328872266467, 1.0, 1.382936781854816)
20.419999999999654 (-13.242942793804696, 1.0, 1.3805868699264403)
20.439999999999653 (-13.30455924451065, 1.0, 1.37510038297827)
20.459999999999653 (-13.362857044110704, 1.0, 1.3666525901724378)
20.479999999999652 (-13.416927703269314, 1.0, 1.3552623662862766)
20.499999999999652 (-13.466772622244186, 1.0, 1.3417758378452245)
20.51999999999965 (-13.513122371993871, 1.0, 1.3278491749428598)
20.53999999999965 (-13.556014334283047, 1.0, 1.3143908550548464)
20.55999999999965 (-13.59487312382051, 1.0, 1.3020093289050958)
20.57999999999965 (-13.62905860195281, 1.0, 1.2913572323171971)
20.59999999999965 (-13.65809755965294, 1.0, 1.2833175420272753)
20.61999999999965 (-13.679168260916228, 1.0, 1.2817439221062092)
20.63999999999965 (-13.686332212251102, 1.0, 1.2922451692032932)
20.65999999999965 (-13.676115741308857, 1.0, 1.3184679808291733)
20.679999999999648 (-13.647499181697405, 1.0, 1.362027226781948)
20.699999999999648 (-13.601761505643182, 1.0, 1.4213529995439618)
20.719999999999647 (-13.54276797988558, 1.0, 1.4923423516799128)
20.739999999999647 (-13.47861262607325, 1.0, 1.567941661884381)
20.759999999999646 (-13.41998333251154, 1.0, 1.6386965569917236)
20.779999999999646 (-13.375008601274118, 1.0, 1.6967640483770536)
20.799999999999645 (-13.344919415424584, 1.0, 1.7393927036233217)
20.819999999999645 (-13.325837490543577, 1.0, 1.7687694600654043)
20.839999999999645 (-13.312098638578874, 1.0, 1.7875972742595945)
20.859999999999644 (-13.301054016503889, 1.0, 1.7982292524882504)
20.879999999999644 (-13.291964304678357, 1.0, 1.802193716469813)
20.899999999999643 (-13.284975073518696, 1.0, 1.8003257242316812)
20.919999999999643 (-13.280235405515961, 1.0, 1.7931065128947918)
20.939999999999642 (-13.277659779683182, 1.0, 1.780831175912475)
20.959999999999642 (-13.27705645373739, 1.0, 1.7636591171074416)
20.97999999999964 (-13.278687268051854, 1.0, 1.741819583569908)
20.99999999999964 (-13.28247353749735, 1.0, 1.7159368970693376)
21.01999999999964 (-13.287957226799827, 1.0, 1.686082937534646)
21.03999999999964 (-13.294414535670386, 1.0, 1.6519913449723391)
21.05999999999964 (-13.301085759250276, 1.0, 1.6133967240148204)
21.07999999999964 (-13.30730933270129, 1.0, 1.5701912302736403)
21.09999999999964 (-13.313682365477415, 1.0, 1.521406759818384)
21.11999999999964 (-13.32314385904228, 1.0, 1.4651762622819913)
21.139999999999638 (-13.34007548843414, 1.0, 1.3998887808151042)
21.159999999999638 (-13.367829788632669, 1.0, 1.328364471859194)
21.179999999999637 (-13.40016181420858, 1.0, 1.257319993414307)
21.199999999999637 (-13.431305794349772, 1.0, 1.1927630796065745)
21.219999999999636 (-13.457671446931876, 1.0, 1.1392443567811301)
21.239999999999636 (-13.47816234716122, 1.0, 1.0956039087428604)
21.259999999999636 (-13.495512530977525, 1.0, 1.0575412675991507)
21.279999999999635 (-13.512397929309525, 1.0, 1.0220719062776356)
21.299999999999635 (-13.527846496686076, 1.0, 0.9873483853070207)
21.319999999999634 (-13.540481667144384, 1.0, 0.9520788635278316)
21.339999999999634 (-13.549303683268587, 1.0, 0.9157838804577274)
21.359999999999634 (-13.553731042384136, 1.0, 0.8783904091443645)
21.379999999999633 (-13.553471423131583, 1.0, 0.8401024711143553)
21.399999999999633 (-13.548421642095663, 1.0, 0.8014019115114212)
21.419999999999632 (-13.538597798479444, 1.0, 0.762999137696313)
21.439999999999632 (-13.524053994947934, 1.0, 0.7257494844865461)
21.45999999999963 (-13.504810462678742, 1.0, 0.6905705992643324)
21.47999999999963 (-13.480818014343129, 1.0, 0.6583671603182296)
21.49999999999963 (-13.451965209416482, 1.0, 0.6299645233944627)
21.51999999999963 (-13.418121966316466, 1.0, 0.6060556998414236)
21.53999999999963 (-13.379207940746795, 1.0, 0.5871655847314934)
21.55999999999963 (-13.335270473125975, 1.0, 0.5736334750288223)
21.57999999999963 (-13.286557092701594, 1.0, 0.5656134572184551)
21.59999999999963 (-13.23357215507407, 1.0, 0.5630917252097486)
21.619999999999628 (-13.177114447714295, 1.0, 0.5659187929444773)
21.639999999999628 (-13.118299986271102, 1.0, 0.5738524772936715)
21.659999999999627 (-13.058580663334679, 1.0, 0.5866032971155065)
21.679999999999627 (-12.99930402405081, 1.0, 0.6041055653023225)
21.699999999999626 (-12.94100055424664, 1.0, 0.6270647759040329)
21.719999999999626 (-12.890779424325476, 1.0, 0.6516963672031344)
21.739999999999625 (-12.85462031322782, 1.0, 0.6748240275171788)
21.759999999999625 (-12.8330955295454, 1.0, 0.6963905888420635)
21.779999999999625 (-12.822490879491959, 1.0, 0.7199021367285984)
21.799999999999624 (-12.818258870412489, 1.0, 0.7464001553539314)
21.819999999999624 (-12.819825039397033, 1.0, 0.7746252555194076)
21.839999999999623 (-12.82804459030662, 1.0, 0.8025718104445915)
21.859999999999623 (-12.843660426467363, 1.0, 0.8283885427842591)
21.879999999999622 (-12.8667986241236, 1.0, 0.8508527439435383)
21.899999999999622 (-12.896969132674537, 1.0, 0.8694767609787611)
21.91999999999962 (-12.933184713149384, 1.0, 0.8844899066042528)
21.93999999999962 (-12.974182756710938, 1.0, 0.8966309378335621)
21.95999999999962 (-13.01856626286133, 1.0, 0.9068502912414557)
21.97999999999962 (-13.064982695049853, 1.0, 0.9160576484682453)
21.99999999999962 (-13.112313549653177, 1.0, 0.9248932134169005)
22.01999999999962 (-13.15978573188325, 1.0, 0.933549404461812)
22.03999999999962 (-13.206843824999938, 1.0, 0.9417520190925818)
22.05999999999962 (-13.253175383838537, 1.0, 0.9487106248255102)
22.079999999999618 (-13.298613941139763, 1.0, 0.9517703421537297)
22.099999999999618 (-13.343861744299765, 1.0, 0.9449596470015544)
22.119999999999617 (-13.391933483810604, 1.0, 0.9229815554073028)
22.139999999999617 (-13.444826018731934, 1.0, 0.8838152421982852)
22.159999999999616 (-13.50264199307721, 1.0, 0.8284127225717733)
22.179999999999616 (-13.56551568354277, 1.0, 0.7600221119963907)
22.199999999999616 (-13.632484185157223, 1.0, 0.6895041043146733)
22.219999999999615 (-13.700526136776205, 1.0, 0.6257547553239935)
22.239999999999615 (-13.768111824763645, 1.0, 0.5730151759447639)
22.259999999999614 (-13.834025882489927, 1.0, 0.5279924095863616)
22.279999999999614 (-13.898478224680815, 1.0, 0.4848158887530902)
22.299999999999613 (-13.961141083351187, 1.0, 0.4395044836660857)
22.319999999999613 (-14.021493757860917, 1.0, 0.39045180903646876)
22.339999999999613 (-14.07941216720688, 1.0, 0.33721693413261145)
22.359999999999612 (-14.134793557422267, 1.0, 0.2799289111494073)
22.37999999999961 (-14.187465983170378, 1.0, 0.21901742679852582)
22.39999999999961 (-14.237386404783633, 1.0, 0.15506573999148882)
22.41999999999961 (-14.284503760620197, 1.0, 0.08887558368794563)
22.43999999999961 (-14.328768403340609, 1.0, 0.021537145267800394)
22.45999999999961 (-14.370117815956052, 1.0, -0.04590972955762323)
22.47999999999961 (-14.408411847234245, 1.0, -0.11238295680203296)
22.49999999999961 (-14.443507701213218, 1.0, -0.17675108247360183)
22.51999999999961 (-14.475255889976934, 1.0, -0.23792776817296007)
22.53999999999961 (-14.503530199695788, 1.0, -0.294936405028659)
22.559999999999608 (-14.52752672721508, 1.0, -0.3394467095726654)
22.579999999999607 (-14.547463781024248, 1.0, -0.37206537815216)
22.599999999999607 (-14.567767899947173, 1.0, -0.3987240885100507)
22.619999999999607 (-14.591099394317663, 1.0, -0.4183960863753442)
22.639999999999606 (-14.618224163504902, 1.0, -0.42308135273745506)
22.659999999999606 (-14.648215916700716, 1.0, -0.40102322346021196)
22.679999999999605 (-14.681421426474927, 1.0, -0.35373555290416525)
22.699999999999605 (-14.716881460687539, 1.0, -0.28597414640367913)
22.719999999999605 (-14.75368468457797, 1.0, -0.20338640756906667)
22.739999999999604 (-14.790586924606826, 1.0, -0.11373644796347498)
22.759999999999604 (-14.825611750516199, 1.0, -0.027729563084409044)
22.779999999999603 (-14.855194182240279, 1.0, 0.04409981304567254)
22.799999999999603 (-14.87700829958504, 1.0, 0.0959324737901778)
22.819999999999602 (-14.890869035194587, 1.0, 0.1306845759772025)
22.839999999999602 (-14.89699787388621, 1.0, 0.15385701767377835)
22.8599999999996 (-14.896244654202532, 1.0, 0.17012172631668554)
22.8799999999996 (-14.889576243485736, 1.0, 0.18222321323793092)
22.8999999999996 (-14.87800648806808, 1.0, 0.1904800080732724)
22.9199999999996 (-14.862107186198948, 1.0, 0.19452489439443615)
22.9399999999996 (-14.842139111985352, 1.0, 0.1941544811063695)
22.9599999999996 (-14.81807858048512, 1.0, 0.18940450761853928)
22.9799999999996 (-14.789762612024697, 1.0, 0.18039195364287217)
22.9999999999996 (-14.756727072707218, 1.0, 0.16739148119574118)
23.019999999999598 (-14.718523223718387, 1.0, 0.15067319334067458)
23.039999999999598 (-14.674668049433174, 1.0, 0.13078569338465765)
23.059999999999597 (-14.624584084014987, 1.0, 0.10841908323048663)
23.079999999999597 (-14.567619535716831, 1.0, 0.0844643671995203)
23.099999999999596 (-14.503682086187943, 1.0, 0.05794629707447842)
23.119999999999596 (-14.434586234828624, 1.0, 0.025316591541869445)
23.139999999999596 (-14.362115424922914, 1.0, -0.017637408913951637)
23.159999999999595 (-14.291244524050029, 1.0, -0.070674733752194)
23.179999999999595 (-14.223887280439174, 1.0, -0.12539290712644255)
23.199999999999594 (-14.162914843764874, 1.0, -0.17490326404643328)
23.219999999999594 (-14.109814739810034, 1.0, -0.21411653121141205)
23.239999999999593 (-14.062497161911178, 1.0, -0.24313730820525953)
23.259999999999593 (-14.018766152034413, 1.0, -0.26649080013235127)
23.279999999999593 (-13.9775328234129, 1.0, -0.2884423159587358)
23.299999999999592 (-13.938040249580444, 1.0, -0.3105446220459928)
23.31999999999959 (-13.89994530378007, 1.0, -0.3312533199178983)
23.33999999999959 (-13.861917594133146, 1.0, -0.34809384700845986)
23.35999999999959 (-13.822772614093106, 1.0, -0.359980459869803)
23.37999999999959 (-13.781984252014865, 1.0, -0.36647823989594025)
23.39999999999959 (-13.739369480331403, 1.0, -0.3675369995320255)
23.41999999999959 (-13.694892607059767, 1.0, -0.3633526170723468)
23.43999999999959 (-13.648816890868636, 1.0, -0.35368379981188947)
23.45999999999959 (-13.601438355259424, 1.0, -0.33846815107537276)
23.47999999999959 (-13.552517441580255, 1.0, -0.31844804555069617)
23.499999999999588 (-13.500801643214624, 1.0, -0.2969353241820964)
23.519999999999587 (-13.44723480265417, 1.0, -0.2713234374566778)
23.539999999999587 (-13.394706046119346, 1.0, -0.23772513968462503)
23.559999999999587 (-13.34522582636108, 1.0, -0.1971142842111769)
23.579999999999586 (-13.298067119010778, 1.0, -0.15159735190755644)
23.599999999999586 (-13.253682277919786, 1.0, -0.0997693457643075)
23.619999999999585 (-13.21313651261192, 1.0, -0.04000277285303661)
23.639999999999585 (-13.177426331910375, 1.0, 0.027793126657405517)
23.659999999999584 (-13.147383939475132, 1.0, 0.10258792710963313)
23.679999999999584 (-13.123534416844846, 1.0, 0.18287410907076224)
23.699999999999584 (-13.101870099988886, 1.0, 0.2606634084055013)
23.719999999999583 (-13.081144642627878, 1.0, 0.32390256321648025)
23.739999999999583 (-13.0652819539092, 1.0, 0.3696850605658525)
23.759999999999582 (-13.059585011009968, 1.0, 0.40133972236260834)
23.779999999999582 (-13.06868562651766, 1.0, 0.42640775268659553)
23.79999999999958 (-13.092292385251179, 1.0, 0.44859056292220484)
23.81999999999958 (-13.12694412584396, 1.0, 0.46630804201256815)
23.83999999999958 (-13.169496818871481, 1.0, 0.4771264260655562)
23.85999999999958 (-13.217395138377297, 1.0, 0.4795764699804343)
23.87999999999958 (-13.268606938823943, 1.0, 0.4732296322083851)
23.89999999999958 (-13.32160504026351, 1.0, 0.4583975934509154)
23.91999999999958 (-13.375388225917524, 1.0, 0.43598546727113763)
23.93999999999958 (-13.429391542000728, 1.0, 0.407304898845359)
23.959999999999578 (-13.483390136083681, 1.0, 0.3736667034943086)
23.979999999999578 (-13.537352359736172, 1.0, 0.3363333960844773)
23.999999999999577 (-13.591151721719168, 1.0, 0.2963815199318366)
24.019999999999577 (-13.644522461723238, 1.0, 0.2546424257451998)
24.039999999999576 (-13.696925410111497, 1.0, 0.2118762154612617)
24.059999999999576 (-13.746976920787015, 1.0, 0.16801293821866842)
24.079999999999576 (-13.79038160423445, 1.0, 0.1208342643174103)
24.099999999999575 (-13.82343642032766, 1.0, 0.06583164712887296)
24.119999999999575 (-13.844561041760054, 1.0, -0.0015617459024713093)
24.139999999999574 (-13.853106309872171, 1.0, -0.08429040994412179)
24.159999999999574 (-13.850215024176721, 1.0, -0.1826068449959367)
24.179999999999573 (-13.839905597078134, 1.0, -0.292711368611465)
24.199999999999573 (-13.830274433961948, 1.0, -0.40664808822944076)
24.219999999999573 (-13.826514468079237, 1.0, -0.5174328387854351)
24.239999999999572 (-13.830404669611363, 1.0, -0.6218269426734451)
24.25999999999957 (-13.837052442838734, 1.0, -0.7218636341139927)
24.27999999999957 (-13.841842980733785, 1.0, -0.8219876895062733)
24.29999999999957 (-13.841817651919973, 1.0, -0.9232354339061957)
24.31999999999957 (-13.835727725650784, 1.0, -1.02578736229492)
24.33999999999957 (-13.82322993636199, 1.0, -1.12968752827759)
24.35999999999957 (-13.8043970545463, 1.0, -1.2349515695392879)
24.37999999999957 (-13.779640242231165, 1.0, -1.3413770541751615)
24.39999999999957 (-13.74968102120911, 1.0, -1.4485994941488554)
24.41999999999957 (-13.715515514391559, 1.0, -1.5561045100861066)
24.439999999999568 (-13.678937386225202, 1.0, -1.6623057511780452)
24.459999999999567 (-13.642224711829549, 1.0, -1.763659902394919)
24.479999999999567 (-13.6067336243066, 1.0, -1.8578407260534882)
24.499999999999567 (-13.576206343100672, 1.0, -1.9422583311848411)
24.519999999999566 (-13.559526710075223, 1.0, -2.0099604273336453)
24.539999999999566 (-13.546642048494464, 1.0, -2.071102399724841)
24.559999999999565 (-13.5341831953637, 1.0, -2.128984013912369)
24.579999999999565 (-13.524019907610295, 1.0, -2.1835662180885125)
24.599999999999564 (-13.522372629213422, 1.0, -2.232617805222838)
24.619999999999564 (-13.533834112686552, 1.0, -2.2725880654304897)
24.639999999999564 (-13.556530422863228, 1.0, -2.3045431516488613)
24.659999999999563 (-13.591745717183034, 1.0, -2.327830604864164)
24.679999999999563 (-13.643738675872088, 1.0, -2.3370608737886625)
24.699999999999562 (-13.70975735412036, 1.0, -2.3349844268603284)
24.719999999999562 (-13.787742668830631, 1.0, -2.324311223948283)
24.73999999999956 (-13.875150062809018, 1.0, -2.306845310616543)
24.75999999999956 (-13.966628230047986, 1.0, -2.2846869310817506)
24.77999999999956 (-14.05114306617164, 1.0, -2.2614284670040288)
24.79999999999956 (-14.119383029210578, 1.0, -2.2397318891619293)
24.81999999999956 (-14.167158234389653, 1.0, -2.2197970354079746)
24.83999999999956 (-14.197254375725956, 1.0, -2.200730779474663)
24.85999999999956 (-14.214440853357809, 1.0, -2.179888595374075)
24.87999999999956 (-14.222471506007214, 1.0, -2.1561411496973686)
24.899999999999558 (-14.223481297978582, 1.0, -2.129222460266097)
24.919999999999558 (-14.218150708351796, 1.0, -2.0994229191033438)
24.939999999999557 (-14.206170521639107, 1.0, -2.067232441809464)
24.959999999999557 (-14.186861845614395, 1.0, -2.0330298444720976)
24.979999999999556 (-14.15965339101842, 1.0, -1.996907250336656)
24.999999999999556 (-14.124257173208933, 1.0, -1.958604183286171)
25.019999999999555 (-14.080591839357455, 1.0, -1.917524704777347)
25.039999999999555 (-14.028479707545914, 1.0, -1.8719663348339217)
25.059999999999555 (-13.96816920215208, 1.0, -1.8203366472148867)
25.079999999999554 (-13.901261568825982, 1.0, -1.762300704122809)
25.099999999999554 (-13.827521008401352, 1.0, -1.6988780252441575)
25.119999999999553 (-13.745578585976926, 1.0, -1.6351620965621814)
25.139999999999553 (-13.655490542503427, 1.0, -1.5765420417937601)
25.159999999999553 (-13.562387465653021, 1.0, -1.5243161352842627)
25.179999999999552 (-13.472858063631048, 1.0, -1.4759581987014774)
25.19999999999955 (-13.393504701291054, 1.0, -1.4304129250957922)
25.21999999999955 (-13.328120586217704, 1.0, -1.3854117165429032)
25.23999999999955 (-13.275129675388412, 1.0, -1.3392014735867783)
25.25999999999955 (-13.23038509840887, 1.0, -1.2924373469412933)
25.27999999999955 (-13.189946376336533, 1.0, -1.2459020541726278)
25.29999999999955 (-13.151348000658116, 1.0, -1.2002813902217642)
25.31999999999955 (-13.113938828357028, 1.0, -1.1555503279921935)
25.33999999999955 (-13.078230445941665, 1.0, -1.1114461005138023)
25.35999999999955 (-13.045218600115946, 1.0, -1.0676415013495582)
25.379999999999548 (-13.016657815160944, 1.0, -1.023129994085655)
25.399999999999547 (-12.994269159773548, 1.0, -0.9756216639689412)
25.419999999999547 (-12.977762910421172, 1.0, -0.9235159823691599)
25.439999999999547 (-12.964466581931779, 1.0, -0.8678246104201831)
25.459999999999546 (-12.953294072383253, 1.0, -0.8097441487692691)
25.479999999999546 (-12.941260698476736, 1.0, -0.7501989756346469)
25.499999999999545 (-12.929951554363596, 1.0, -0.6885966007823705)
25.519999999999545 (-12.924808560576622, 1.0, -0.6232796121342603)
25.539999999999544 (-12.929389104567983, 1.0, -0.5527947031497213)
25.559999999999544 (-12.946666876575007, 1.0, -0.47799013588564376)
25.579999999999544 (-12.979629147805904, 1.0, -0.40062497745119996)
25.599999999999543 (-13.024962761570318, 1.0, -0.3207659059060964)
25.619999999999543 (-13.079156743346937, 1.0, -0.23942429617795172)
25.639999999999542 (-13.140344362989554, 1.0, -0.1576341219515366)
25.659999999999542 (-13.201410093665087, 1.0, -0.07748205195149359)
25.67999999999954 (-13.249836459101724, 1.0, -0.002473563001743232)
25.69999999999954 (-13.276112732956928, 1.0, 0.06503058077628557)
25.71999999999954 (-13.27873668528497, 1.0, 0.12447267632691449)
25.73999999999954 (-13.267045356654615, 1.0, 0.17337912047894574)
25.75999999999954 (-13.256979422702024, 1.0, 0.20930664052037096)
25.77999999999954 (-13.256546696314711, 1.0, 0.23083342994439407)
25.79999999999954 (-13.266450890449049, 1.0, 0.2367374097231204)
25.81999999999954 (-13.28331430671599, 1.0, 0.22706797784294055)
25.839999999999538 (-13.302455372444902, 1.0, 0.20283774689112574)
25.859999999999538 (-13.320364928531495, 1.0, 0.16526602446456656)
25.879999999999537 (-13.335487791701496, 1.0, 0.11603640795837718)
25.899999999999537 (-13.348160715080532, 1.0, 0.05706311906381656)
25.919999999999536 (-13.359921242784953, 1.0, -0.009660867501672256)
25.939999999999536 (-13.372165347682786, 1.0, -0.08235781276255699)
25.959999999999535 (-13.385841496662232, 1.0, -0.1596615624034118)
25.979999999999535 (-13.40161022583533, 1.0, -0.2405234990086264)
25.999999999999535 (-13.419763165740449, 1.0, -0.3240724808549826)
26.019999999999534 (-13.440166733957328, 1.0, -0.40950009248572145)
26.039999999999534 (-13.461925850349687, 1.0, -0.49605513871216433)
26.059999999999533 (-13.481845691502174, 1.0, -0.5822623802431377)
26.079999999999533 (-13.491721182926245, 1.0, -0.6694995859407588)
26.099999999999532 (-13.484437258159726, 1.0, -0.7596603707320181)
26.119999999999532 (-13.458632034977459, 1.0, -0.8507330313992394)
26.13999999999953 (-13.413940881015007, 1.0, -0.9418691648432614)
26.15999999999953 (-13.350665569859151, 1.0, -1.0345825239079198)
26.17999999999953 (-13.274150029456488, 1.0, -1.1280011514540358)
26.19999999999953 (-13.192044537199433, 1.0, -1.2224780506419146)
26.21999999999953 (-13.111849293449941, 1.0, -1.3176285056195096)
26.23999999999953 (-13.03572259884858, 1.0, -1.4121259296989432)
26.25999999999953 (-12.958957867163349, 1.0, -1.5044485723658394)
26.27999999999953 (-12.876461308579778, 1.0, -1.5940769784551425)
26.299999999999528 (-12.786284667723356, 1.0, -1.6797612412179888)
26.319999999999528 (-12.687906364017914, 1.0, -1.761015817984156)
26.339999999999527 (-12.581545784435844, 1.0, -1.838015639000637)
26.359999999999527 (-12.46800747873325, 1.0, -1.9109838764271136)
26.379999999999526 (-12.349706475839607, 1.0, -1.9796335562224368)
26.399999999999526 (-12.229820516842778, 1.0, -2.0420597105816753)
26.419999999999526 (-12.110071068719403, 1.0, -2.0977084969794904)
26.439999999999525 (-11.991868915624828, 1.0, -2.1471509487399505)
26.459999999999525 (-11.87583270209073, 1.0, -2.191015027451378)
26.479999999999524 (-11.778206793082894, 1.0, -2.2345918796262065)
26.499999999999524 (-11.694971357461467, 1.0, -2.278009682454539)
26.519999999999524 (-11.61892529971187, 1.0, -2.3193274496856517)
26.539999999999523 (-11.57438227480616, 1.0, -2.34792220677417)
26.559999999999523 (-11.52572209242909, 1.0, -2.358335622835234)
26.579999999999522 (-11.471852744802337, 1.0, -2.357931892431659)
26.599999999999522 (-11.424092750267297, 1.0, -2.362589832871872)
26.61999999999952 (-11.389529319607126, 1.0, -2.37623603718049)
26.63999999999952 (-11.378182371867418, 1.0, -2.3991541606446347)
26.65999999999952 (-11.40027223732313, 1.0, -2.4300302385326993)
26.67999999999952 (-11.44752990955899, 1.0, -2.470534162434273)
26.69999999999952 (-11.513942177672183, 1.0, -2.5198834923991758)
26.71999999999952 (-11.595245274925459, 1.0, -2.5762909111441474)
26.73999999999952 (-11.687720234669822, 1.0, -2.638140797434763)
26.75999999999952 (-11.787964494010204, 1.0, -2.70409902480371)
26.779999999999518 (-11.887942353279795, 1.0, -2.7663571421612168)
26.799999999999518 (-11.977725394954314, 1.0, -2.8184997495548916)
26.819999999999517 (-12.052303737063072, 1.0, -2.857075902551056)
26.839999999999517 (-12.111705411149622, 1.0, -2.8821387485355117)
26.859999999999516 (-12.159224938913562, 1.0, -2.8950018994634323)
26.879999999999516 (-12.1985800896205, 1.0, -2.897222605390774)
26.899999999999515 (-12.23271168756447, 1.0, -2.8899792353455496)
26.919999999999515 (-12.263435688163426, 1.0, -2.8738178485687187)
26.939999999999515 (-12.291565368435297, 1.0, -2.8488329765746827)
26.959999999999514 (-12.317215044081076, 1.0, -2.8147571927221122)
26.979999999999514 (-12.34005481375927, 1.0, -2.7710576992821174)
26.999999999999513 (-12.359687562969299, 1.0, -2.717234990968523)
27.019999999999513 (-12.375794160764453, 1.0, -2.65242261807246)
27.039999999999512 (-12.388578600092561, 1.0, -2.574219901897572)
27.059999999999512 (-12.398120469793545, 1.0, -2.481406483403897)
27.07999999999951 (-12.40404447493357, 1.0, -2.3751769572137333)
27.09999999999951 (-12.403156164070506, 1.0, -2.2565033155315906)
27.11999999999951 (-12.391199034244668, 1.0, -2.1288944263378076)
27.13999999999951 (-12.36668042488757, 1.0, -1.996108624370421)
27.15999999999951 (-12.329549568412528, 1.0, -1.8637994386867232)
27.17999999999951 (-12.288237900445887, 1.0, -1.7374998276060027)
27.19999999999951 (-12.252072076375224, 1.0, -1.6210935243041185)
27.21999999999951 (-12.226995969582008, 1.0, -1.516454492858653)
27.239999999999508 (-12.213966319428282, 1.0, -1.422164499004636)
27.259999999999508 (-12.21065374061177, 1.0, -1.3361279156032881)
27.279999999999507 (-12.214061738113774, 1.0, -1.2559268591517363)
27.299999999999507 (-12.221823877310102, 1.0, -1.179465112853928)
27.319999999999506 (-12.23218970920618, 1.0, -1.1052967750873748)
27.339999999999506 (-12.244089937892824, 1.0, -1.0326527889441024)
27.359999999999506 (-12.256944385520104, 1.0, -0.9613457659743848)
27.379999999999505 (-12.270751698114973, 1.0, -0.8916962987865545)
27.399999999999505 (-12.286210350581944, 1.0, -0.8245008235418516)
27.419999999999504 (-12.304103664796038, 1.0, -0.7607095028592269)
27.439999999999504 (-12.325826227018622, 1.0, -0.7014792383666663)
27.459999999999503 (-12.353011903538288, 1.0, -0.6479997823340866)
27.479999999999503 (-12.387427634079115, 1.0, -0.601354041523967)
27.499999999999503 (-12.432184119797133, 1.0, -0.5622638884922017)
27.519999999999502 (-12.489108480285614, 1.0, -0.5300186541365661)
27.5399999999995 (-12.558067305084567, 1.0, -0.5023415467248571)
27.5599999999995 (-12.636784824049316, 1.0, -0.47715288793383304)
27.5799999999995 (-12.725834216578482, 1.0, -0.45741499056663015)
27.5999999999995 (-12.826572438084368, 1.0, -0.44530776564170915)
27.6199999999995 (-12.935351139793882, 1.0, -0.43721078786521755)
27.6399999999995 (-13.045139247466686, 1.0, -0.42931950115436485)
27.6599999999995 (-13.14441512661711, 1.0, -0.416021748158078)
27.6799999999995 (-13.223457830039441, 1.0, -0.39267118093947784)
27.6999999999995 (-13.279163827394688, 1.0, -0.3570724972817905)
27.719999999999498 (-13.313694404235058, 1.0, -0.31093521387356793)
27.739999999999498 (-13.333812618913647, 1.0, -0.260497621229261)
27.759999999999497 (-13.346844404060239, 1.0, -0.21620058198796754)
27.779999999999497 (-13.357364157199585, 1.0, -0.18672448889796345)
27.799999999999496 (-13.365697946550352, 1.0, -0.17622216640601424)
27.819999999999496 (-13.369726431494042, 1.0, -0.18450181162651844)
27.839999999999495 (-13.36672164958104, 1.0, -0.20855186002617807)
27.859999999999495 (-13.355019196833394, 1.0, -0.24506640712801347)
27.879999999999495 (-13.334982720389329, 1.0, -0.2914536439718455)
27.899999999999494 (-13.307915330457194, 1.0, -0.34603781135920625)
27.919999999999494 (-13.275384325085424, 1.0, -0.40802973370619566)
27.939999999999493 (-13.23903044941991, 1.0, -0.4771741799546936)
27.959999999999493 (-13.200522841132207, 1.0, -0.5533852363853395)
27.979999999999492 (-13.16120781878947, 1.0, -0.6361281233329218)
27.999999999999492 (-13.121998609845093, 1.0, -0.7245455572441675)
28.01999999999949 (-13.08370209187914, 1.0, -0.8175103845729135)
28.03999999999949 (-13.046078047871564, 1.0, -0.9125631560426588)
28.05999999999949 (-13.006034414869736, 1.0, -1.005025729880451)
28.07999999999949 (-12.95414912642028, 1.0, -1.092548909845475)
28.09999999999949 (-12.885822181242109, 1.0, -1.1720731588741038)
28.11999999999949 (-12.802164974377265, 1.0, -1.2412799429168184)
28.13999999999949 (-12.703185098869277, 1.0, -1.2991741395849372)
28.15999999999949 (-12.589468131540354, 1.0, -1.3464560643126464)
28.179999999999488 (-12.464577936713516, 1.0, -1.3860319431975054)
28.199999999999488 (-12.335233862198239, 1.0, -1.4224519030533458)
28.219999999999487 (-12.207475730933044, 1.0, -1.459056406967644)
28.239999999999487 (-12.081627617669557, 1.0, -1.4940620144522807)
28.259999999999486 (-11.953957696143206, 1.0, -1.523938624241514)
28.279999999999486 (-11.822045391935825, 1.0, -1.5459938613925543)
28.299999999999486 (-11.68577120145798, 1.0, -1.5593408118977643)
28.319999999999485 (-11.545486884217937, 1.0, -1.5643051510734984)
28.339999999999485 (-11.401902491743405, 1.0, -1.5618443333011711)
28.359999999999484 (-11.25778725065235, 1.0, -1.5531313379054672)
28.379999999999484 (-11.116196256509475, 1.0, -1.538244062875607)
28.399999999999483 (-10.978390427038748, 1.0, -1.5173808003454694)
28.419999999999483 (-10.84451901566491, 1.0, -1.4911211640566038)
28.439999999999483 (-10.714406083221538, 1.0, -1.4599841854650928)
28.459999999999482 (-10.587965035862558, 1.0, -1.4242674046153097)
28.47999999999948 (-10.517658944078958, 0.9999603443411301, -1.4179939208001515)
28.49999999999948 (-10.465235385226466, 1.0000990689530582, -1.413668263179062)
28.51999999999948 (-10.409236867121185, 1.000202422636061, -1.386742652373608)
28.53999999999948 (-10.354083664091194, 1.0002193048065062, -1.344383777636086)
28.55999999999948 (-10.30114661362461, 1.0001765684825976, -1.2950996586652157)
28.57999999999948 (-10.252619191573094, 1.0001321840513684, -1.2527115571062262)
28.59999999999948 (-10.218727952811292, 1.000103632140719, -1.2289174654299067)
28.61999999999948 (-10.211983916800516, 1.0000863687888226, -1.2320863452543291)
28.63999999999948 (-10.221549373506143, 1.0000775631032877, -1.2562048989722716)
28.659999999999478 (-10.238854209057004, 1.0000756463316283, -1.2974187069793772)
28.679999999999477 (-10.267199654335167, 1.0000791197355534, -1.3557439331569734)
28.699999999999477 (-10.306155809281021, 1.0000864505620815, -1.4302110925384452)
28.719999999999477 (-10.349689706054262, 1.000096318608425, -1.5164897568634428)
28.739999999999476 (-10.394430625879865, 1.0001078229216578, -1.6126767817726297)
28.759999999999476 (-10.441677123316968, 1.0001203471504285, -1.7194691558414277)
28.779999999999475 (-10.493694831413384, 1.000132665304838, -1.8316655275394882)
28.799999999999475 (-10.547510429914947, 1.0001432517170747, -1.9372615204234989)
28.819999999999474 (-10.597893399550973, 1.0001515605307028, -2.0289565410463317)
28.839999999999474 (-10.643679597296403, 1.0001576397855811, -2.1048698696559214)
28.859999999999474 (-10.685805430099386, 1.0001616091785923, -2.1654425980861407)
28.879999999999473 (-10.725183431467885, 1.0001635294273414, -2.2117053746207977)
28.899999999999473 (-10.762386027241986, 1.0001633948097857, -2.244306414972884)
28.919999999999472 (-10.798379631018177, 1.000161145189419, -2.263808324348209)
28.939999999999472 (-10.834785536407777, 1.0001567615948983, -2.2710718216081704)
28.95999999999947 (-10.873322078302333, 1.0001502516394996, -2.2668664296676555)
28.97999999999947 (-10.915309830354055, 1.0001416749568082, -2.25181810871846)
28.99999999999947 (-10.961724570110864, 1.0001311437151619, -2.2260047777828333)
29.01999999999947 (-11.013609759345577, 1.0001188541693535, -2.188931841131827)
29.03999999999947 (-11.073014171234814, 1.0001051309585853, -2.1384820171216696)
29.05999999999947 (-11.139772396776223, 1.0000902518788561, -2.074038378137004)
29.07999999999947 (-11.211621256278, 1.0000744302608764, -1.9957488203257252)
29.09999999999947 (-11.284502231481028, 1.000057830323791, -1.9014522202835284)
29.119999999999468 (-11.350089060318224, 1.0000406416985184, -1.7890635262536079)
29.139999999999468 (-11.403692583399135, 1.00002334346683, -1.660771507776262)
29.159999999999467 (-11.443422094038363, 1.0000067995986701, -1.5211690112335972)
29.179999999999467 (-11.473114055274987, 0.9999924073982311, -1.3818138537343982)
29.199999999999466 (-11.501202080640274, 0.9999810314833025, -1.252823477197716)
29.219999999999466 (-11.532447157885956, 0.9999729812350531, -1.1402665688068323)
29.239999999999466 (-11.568713899784294, 0.9999679224269977, -1.0444423507054863)
29.259999999999465 (-11.609270560824175, 0.9999651556789259, -0.9624963089986011)
29.279999999999465 (-11.652785094871925, 0.9999639235847487, -0.8905815726655361)
29.299999999999464 (-11.69828353675593, 0.9999635588280452, -0.8254432900116133)
29.319999999999464 (-11.745022607496452, 0.9999635139596559, -0.7647004144068535)
29.339999999999463 (-11.79240862489324, 0.99996341213338, -0.7068576273112566)
29.359999999999463 (-11.840037821609702, 0.9999630795954854, -0.6512285140325732)
29.379999999999463 (-11.887727814599327, 0.9999625408152647, -0.5978636618613693)
29.399999999999462 (-11.93550272932775, 0.9999619832996791, -0.5473997836309601)
29.41999999999946 (-11.983754409709737, 0.9999617130514561, -0.5011119317768)
29.43999999999946 (-12.033047200267262, 0.999962099319718, -0.4605433696050832)
29.45999999999946 (-12.084133703265277, 0.999963514142392, -0.42736576485602634)
29.47999999999946 (-12.137888284369437, 0.9999662935185651, -0.4031961012131565)
29.49999999999946 (-12.195178418788675, 0.9999707076965422, -0.38940578147675536)
29.51999999999946 (-12.256740457940845, 0.9999769448325188, -0.38698055655511393)
29.53999999999946 (-12.323359588703362, 0.9999851297673185, -0.3965950639695528)
29.55999999999946 (-12.396162329843639, 0.9999953509877619, -0.41862041586121485)
29.57999999999946 (-12.475843159149347, 1.0000075947159317, -0.45213859492361663)
29.599999999999458 (-12.561999069479024, 1.0000216761103904, -0.49551305419088193)
29.619999999999457 (-12.653603661265084, 1.0000373189319227, -0.5468351599915402)
29.639999999999457 (-12.74875423082969, 1.0000541534847653, -0.603449546285713)
29.659999999999457 (-12.841830605725212, 1.0000713750531018, -0.6567153986260144)
29.679999999999456 (-12.92525329410543, 1.0000879219480456, -0.6956265915385623)
29.699999999999456 (-12.994752496129568, 1.0001030790203473, -0.7130017945425612)
29.719999999999455 (-13.05014819253112, 1.0001167666877795, -0.7087453266867061)
29.739999999999455 (-13.093485045431544, 1.0001292999947378, -0.6877742708801847)
29.759999999999454 (-13.12620358733967, 1.0001406290105312, -0.6625914754722515)
29.779999999999454 (-13.14918069166047, 1.0001505693392039, -0.6456616374441517)
29.799999999999454 (-13.161609275744457, 1.0001590446471347, -0.6426308663470178)
29.819999999999453 (-13.161964849385946, 1.000165976685875, -0.654000399913613)
29.839999999999453 (-13.149386714972243, 1.0001712576864237, -0.6770551764284194)
29.859999999999452 (-13.12373379382297, 1.0001747751374048, -0.7075985959537585)
29.879999999999452 (-13.0854368955962, 1.0001764480415305, -0.7423533342780404)
29.89999999999945 (-13.035816123728099, 1.0001763041072036, -0.7796126024924415)
29.91999999999945 (-12.976764349044016, 1.000174462378956, -0.8190590226201641)
29.93999999999945 (-12.909966550998593, 1.000171051291461, -0.8610535945261147)
29.95999999999945 (-12.836795614180684, 1.0001661573835845, -0.9063434650751381)
29.97999999999945 (-12.758684294919954, 1.0001598159535052, -0.9555333510876541)
29.99999999999945 (-12.67698557483909, 1.0001520413729017, -1.0084968993477497)
