0.0 (-2.25, 1.0, 0.0)
0.02 (-2.2497837268714367, 1.0, -0.038028780251968104)
0.04 (-2.2550771791968343, 1.0, -0.07872651819489443)
0.06 (-2.2811975964563427, 1.0, -0.10306135160416019)
0.08 (-2.343258927261696, 1.0, -0.1072155632361657)
0.1 (-2.4466051702020155, 1.0, -0.08648526762304563)
0.12000000000000001 (-2.5812797418373634, 1.0, -0.04117729461436558)
0.14 (-2.728101022921576, 1.0, 0.028314831825028298)
0.16 (-2.877543940470129, 1.0, 0.123512599905786)
0.18 (-3.0365452027627633, 1.0, 0.24376905837359858)
0.19999999999999998 (-3.2166946122731694, 1.0, 0.3834806405645771)
0.21999999999999997 (-3.430970239328262, 1.0, 0.5370693731005755)
0.23999999999999996 (-3.6981598218117235, 1.0, 0.6840074445438792)
0.25999999999999995 (-4.0182564186621885, 1.0, 0.8089955255095234)
0.27999999999999997 (-4.369705663715297, 1.0, 0.9151008184224907)
0.3 (-4.729781921230203, 1.0, 1.0060622910341268)
0.32 (-5.081358248262027, 1.0, 1.083252561592361)
0.34 (-5.417524671026984, 1.0, 1.1496428787118165)
0.36000000000000004 (-5.736992523713685, 1.0, 1.2068531027008889)
0.38000000000000006 (-6.038578330513125, 1.0, 1.2563888972405748)
0.4000000000000001 (-6.321073805163509, 1.0, 1.3009433726238686)
0.4200000000000001 (-6.583964154594161, 1.0, 1.3429864269396623)
0.4400000000000001 (-6.827831916183345, 1.0, 1.3839252229108547)
0.46000000000000013 (-7.053953310007914, 1.0, 1.4240268675038825)
0.48000000000000015 (-7.2632840773758325, 1.0, 1.463452475937357)
0.5000000000000001 (-7.456647181169592, 1.0, 1.502402170642309)
0.5200000000000001 (-7.634789754404858, 1.0, 1.5410799729879423)
0.5400000000000001 (-7.79844025652579, 1.0, 1.57963225223599)
0.5600000000000002 (-7.948109659515583, 1.0, 1.61817010745796)
0.5800000000000002 (-8.084025187131827, 1.0, 1.6570064751711626)
0.6000000000000002 (-8.206237526852108, 1.0, 1.6966859741790383)
0.6200000000000002 (-8.314701591793446, 1.0, 1.7378372317647255)
0.6400000000000002 (-8.409313816521461, 1.0, 1.7810578580460608)
0.6600000000000003 (-8.489942382797222, 1.0, 1.8269158379266568)
0.6800000000000003 (-8.556424419847731, 1.0, 1.8760427902406316)
0.7000000000000003 (-8.608460528864953, 1.0, 1.928897205199744)
0.7200000000000003 (-8.645728508381334, 1.0, 1.9854616322984788)
0.7400000000000003 (-8.667989591198, 1.0, 2.0451455475399034)
0.7600000000000003 (-8.675109356026097, 1.0, 2.106774674304962)
0.7800000000000004 (-8.666997025285653, 1.0, 2.1687709245455045)
0.8000000000000004 (-8.648874304357337, 1.0, 2.227932384760368)
0.8200000000000004 (-8.630762060069955, 1.0, 2.278194377763546)
0.8400000000000004 (-8.619445875932666, 1.0, 2.314910091159327)
0.8600000000000004 (-8.619428652844315, 1.0, 2.3355613343909583)
0.8800000000000004 (-8.631461461720615, 1.0, 2.3404841392447304)
0.9000000000000005 (-8.655881263494585, 1.0, 2.3317526340867714)
0.9200000000000005 (-8.692837470727305, 1.0, 2.310907696355178)
0.9400000000000005 (-8.742674940232778, 1.0, 2.2788308903272547)
0.9600000000000005 (-8.805825534429882, 1.0, 2.236060119241346)
0.9800000000000005 (-8.8828070353381, 1.0, 2.1828832372152234)
1.0000000000000004 (-8.974199846493923, 1.0, 2.119355372325311)
1.0200000000000005 (-9.080629802905156, 1.0, 2.045345865179968)
1.0400000000000005 (-9.202744391040186, 1.0, 1.9606627222540758)
1.0600000000000005 (-9.341163411758773, 1.0, 1.8646854940415514)
1.0800000000000005 (-9.49258645474578, 1.0, 1.756507810204723)
1.1000000000000005 (-9.650037064966522, 1.0, 1.638776430415722)
1.1200000000000006 (-9.807156850747479, 1.0, 1.515127494538387)
1.1400000000000006 (-9.957713243181475, 1.0, 1.389339854928256)
1.1600000000000006 (-10.0963399541759, 1.0, 1.2633654940016135)
1.1800000000000006 (-10.22003741873066, 1.0, 1.141222486949035)
1.2000000000000006 (-10.32962328490441, 1.0, 1.0281539406192433)
1.2200000000000006 (-10.425881013576051, 1.0, 0.9257394078689535)
1.2400000000000007 (-10.509180095030954, 1.0, 0.8352264791273679)
1.2600000000000007 (-10.522630899488524, 1.0, 0.8193336112623163)
1.2800000000000007 (-10.504621431772978, 1.0, 0.8468592572311023)
1.3000000000000007 (-10.470927097618356, 1.0, 0.8789134647987521)
1.3200000000000007 (-10.422642886477728, 1.0, 0.9171730353642022)
1.3400000000000007 (-10.360260177145655, 1.0, 0.963747718600612)
1.3600000000000008 (-10.284553199126314, 1.0, 1.0208393178854533)
1.3800000000000008 (-10.196167501824387, 1.0, 1.0908567396708604)
1.4000000000000008 (-10.095971952344893, 1.0, 1.1745307635278173)
1.4200000000000008 (-9.98401982775481, 1.0, 1.2706384009358418)
1.4400000000000008 (-9.860205966374343, 1.0, 1.3777163977045943)
1.4600000000000009 (-9.724552461274161, 1.0, 1.4942263642944678)
1.4800000000000009 (-9.577632442869204, 1.0, 1.6174573609958163)
1.5000000000000009 (-9.420123025012408, 1.0, 1.7424059932955882)
1.520000000000001 (-9.252417070608265, 1.0, 1.86488508971593)
1.540000000000001 (-9.07505012738577, 1.0, 1.9823465854864957)
1.560000000000001 (-8.888529137260619, 1.0, 2.093774940744695)
1.580000000000001 (-8.69321511815171, 1.0, 2.199296605718647)
1.600000000000001 (-8.489270695803507, 1.0, 2.299688664274884)
1.620000000000001 (-8.276656953769493, 1.0, 2.3959706496036874)
1.640000000000001 (-8.055160670940978, 1.0, 2.489203644238039)
1.660000000000001 (-7.824351006544774, 1.0, 2.5805825077244218)
1.680000000000001 (-7.5835039302124985, 1.0, 2.671004260525135)
1.700000000000001 (-7.333444909035045, 1.0, 2.7599046579406337)
1.720000000000001 (-7.083817803502483, 1.0, 2.843774580634479)
1.740000000000001 (-6.847248990997506, 1.0, 2.9174000333542542)
1.7600000000000011 (-6.630287511594199, 1.0, 2.9779562243023117)
1.7800000000000011 (-6.4331524542583205, 1.0, 3.0258951807195094)
1.8000000000000012 (-6.254625357810411, 1.0, 3.0629757341414123)
1.8200000000000012 (-6.094655121120134, 1.0, 3.090285703723514)
1.8400000000000012 (-5.953621067828473, 1.0, 3.108428323859076)
1.8600000000000012 (-5.83199629848549, 1.0, 3.118054310798768)
1.8800000000000012 (-5.730217854219678, 1.0, 3.119994093429276)
1.9000000000000012 (-5.648453034329264, 1.0, 3.115360381539258)
1.9200000000000013 (-5.586257003041681, 1.0, 3.1060178972797283)
1.9400000000000013 (-5.542535681795806, 1.0, 3.094576270458804)
1.9600000000000013 (-5.516583888988176, 1.0, 3.0830434172993164)
1.9800000000000013 (-5.508161046203408, 1.0, 3.0727433805238)
2.0000000000000013 (-5.517417254871041, 1.0, 3.06451169236174)
2.0200000000000014 (-5.544914938355251, 1.0, 3.0586857886295467)
2.0400000000000014 (-5.591618850188235, 1.0, 3.05503697983891)
2.0600000000000014 (-5.658908189675122, 1.0, 3.0526009985720175)
2.0800000000000014 (-5.7484987753651815, 1.0, 3.0495473957125614)
2.1000000000000014 (-5.862354248955676, 1.0, 3.0429695511252075)
2.1200000000000014 (-6.001935492854088, 1.0, 3.0294992306105186)
2.1400000000000015 (-6.167700850261715, 1.0, 3.007134120807814)
2.1600000000000015 (-6.359245814121782, 1.0, 2.975024117984486)
2.1800000000000015 (-6.572428576247, 1.0, 2.9357955901902106)
2.2000000000000015 (-6.802881563508626, 1.0, 2.8939891297460942)
2.2200000000000015 (-7.042884132842138, 1.0, 2.850241679716585)
2.2400000000000015 (-7.280957584680924, 1.0, 2.8058770782215783)
2.2600000000000016 (-7.506526585368023, 1.0, 2.764625758769217)
2.2800000000000016 (-7.715267393895139, 1.0, 2.728587322969515)
2.3000000000000016 (-7.90594080091051, 1.0, 2.698152892124322)
2.3200000000000016 (-8.078505261683821, 1.0, 2.6743276127402695)
2.3400000000000016 (-8.233012852514651, 1.0, 2.658171023398907)
2.3600000000000017 (-8.369741259526773, 1.0, 2.650725501278688)
2.3800000000000017 (-8.489173079747252, 1.0, 2.652856834199907)
2.4000000000000017 (-8.591925392919538, 1.0, 2.66517403528597)
2.4200000000000017 (-8.678692747331091, 1.0, 2.6880354410119063)
2.4400000000000017 (-8.750206325440077, 1.0, 2.721600277711988)
2.4600000000000017 (-8.807203349787454, 1.0, 2.765895436623183)
2.4800000000000018 (-8.850401533248105, 1.0, 2.820881298323973)
2.5000000000000018 (-8.880473950102092, 1.0, 2.886498767751376)
2.520000000000002 (-8.89825462677864, 1.0, 2.9623174657210973)
2.540000000000002 (-8.905390490642363, 1.0, 3.0443899503143697)
2.560000000000002 (-8.901865439090402, 1.0, 3.129292346157388)
2.580000000000002 (-8.88757379236024, 1.0, 3.215868685336557)
2.600000000000002 (-8.862444481214915, 1.0, 3.3042290097911127)
2.620000000000002 (-8.826404357354125, 1.0, 3.3950364214447712)
2.640000000000002 (-8.779350715370596, 1.0, 3.4891782309775)
2.660000000000002 (-8.721135641241837, 1.0, 3.5878628930618657)
2.680000000000002 (-8.651416488222177, 1.0, 3.692197241694523)
2.700000000000002 (-8.56963094417152, 1.0, 3.8024559974665553)
2.720000000000002 (-8.47516970055222, 1.0, 3.917756908278733)
2.740000000000002 (-8.373469113713435, 1.0, 4.03361752825196)
2.760000000000002 (-8.274796558988905, 1.0, 4.1410408337972004)
2.780000000000002 (-8.18651333851723, 1.0, 4.233580323391454)
2.800000000000002 (-8.110847458134769, 1.0, 4.309221787492818)
2.820000000000002 (-8.047290870876148, 1.0, 4.369564137544964)
2.840000000000002 (-7.995674821707507, 1.0, 4.416196141239684)
2.860000000000002 (-7.95615124958521, 1.0, 4.449858605665105)
2.880000000000002 (-7.9290152217169165, 1.0, 4.471138572486348)
2.900000000000002 (-7.914698795434227, 1.0, 4.480698826087377)
2.920000000000002 (-7.913664272221648, 1.0, 4.479112610697536)
2.940000000000002 (-7.926376902968155, 1.0, 4.466918224467045)
2.960000000000002 (-7.9533456722729055, 1.0, 4.444551820116215)
2.980000000000002 (-7.995125516786154, 1.0, 4.412363572486788)
3.000000000000002 (-8.052295788250909, 1.0, 4.370596017249891)
3.0200000000000022 (-8.125431382906038, 1.0, 4.319363343987513)
3.0400000000000023 (-8.215040732668486, 1.0, 4.258688019084997)
3.0600000000000023 (-8.321602280519539, 1.0, 4.188383782525711)
3.0800000000000023 (-8.445507663216024, 1.0, 4.107944142728305)
3.1000000000000023 (-8.587005761966484, 1.0, 4.016515947918978)
3.1200000000000023 (-8.74613353698967, 1.0, 3.9131812459992736)
3.1400000000000023 (-8.922650202964022, 1.0, 3.796941145369945)
3.1600000000000024 (-9.110033525167598, 1.0, 3.6674997653923938)
3.1800000000000024 (-9.298108004366728, 1.0, 3.530466762858919)
3.2000000000000024 (-9.479132618782552, 1.0, 3.3934407752464417)
3.2200000000000024 (-9.647220527877858, 1.0, 3.2633526873025613)
3.2400000000000024 (-9.8014573732631, 1.0, 3.1440118770089045)
3.2600000000000025 (-9.94282103146256, 1.0, 3.0368248239371574)
3.2800000000000025 (-10.071841347191587, 1.0, 2.9430960394465653)
3.3000000000000025 (-10.18924178319103, 1.0, 2.86428295936926)
3.3200000000000025 (-10.295951619774279, 1.0, 2.801637864410865)
3.3400000000000025 (-10.392953054932942, 1.0, 2.756080885875694)
3.3600000000000025 (-10.481157756859469, 1.0, 2.728160057049348)
3.3800000000000026 (-10.561351510017696, 1.0, 2.718069471137356)
3.4000000000000026 (-10.63418950810505, 1.0, 2.725712297807057)
3.4200000000000026 (-10.70019843931374, 1.0, 2.7507638526654703)
3.4400000000000026 (-10.75986409007063, 1.0, 2.792745737702584)
3.4600000000000026 (-10.813643086799066, 1.0, 2.851103226796725)
3.4800000000000026 (-10.861932061147588, 1.0, 2.925257976661805)
3.5000000000000027 (-10.905114617970415, 1.0, 3.0145446226174464)
3.5200000000000027 (-10.942761392299662, 1.0, 3.1152574707185394)
3.5400000000000027 (-10.972745828886664, 1.0, 3.22332214276083)
3.5600000000000027 (-10.993751928803032, 1.0, 3.3366662467941057)
3.5800000000000027 (-11.005291743201376, 1.0, 3.454528341253968)
3.6000000000000028 (-11.00739276541279, 1.0, 3.577048248585928)
3.6200000000000028 (-11.000334630205614, 1.0, 3.7048556404444413)
3.640000000000003 (-10.984431356839266, 1.0, 3.8387382017393588)
3.660000000000003 (-10.959900001496957, 1.0, 3.979460053654626)
3.680000000000003 (-10.926856667369512, 1.0, 4.127708673809592)
3.700000000000003 (-10.885410995845554, 1.0, 4.2840304989756)
3.720000000000003 (-10.835317128675804, 1.0, 4.448935873094715)
3.740000000000003 (-10.775921686526866, 1.0, 4.622433373557481)
3.760000000000003 (-10.70921709781791, 1.0, 4.800137188943282)
3.780000000000003 (-10.640756677950703, 1.0, 4.971307031859986)
3.800000000000003 (-10.575533319394195, 1.0, 5.1255104048699)
3.820000000000003 (-10.514862106965081, 1.0, 5.259046337332096)
3.840000000000003 (-10.458830394559957, 1.0, 5.373290136165142)
3.860000000000003 (-10.407967047785617, 1.0, 5.4694764920762475)
3.880000000000003 (-10.362875912267734, 1.0, 5.548099880332792)
3.900000000000003 (-10.324226854760747, 1.0, 5.609511238363907)
3.920000000000003 (-10.29275928299197, 1.0, 5.65407794066701)
3.940000000000003 (-10.269242124749207, 1.0, 5.682157497282079)
3.960000000000003 (-10.254461871570028, 1.0, 5.694116981762185)
3.980000000000003 (-10.24920052308371, 1.0, 5.690291749662314)
4.000000000000003 (-10.254232673197551, 1.0, 5.670954531355266)
4.020000000000002 (-10.270261349943853, 1.0, 5.636325613060533)
4.040000000000002 (-10.297929985248597, 1.0, 5.58655761237597)
4.060000000000001 (-10.337788954824372, 1.0, 5.521597258728423)
4.080000000000001 (-10.390231353109682, 1.0, 5.4411102585164794)
4.1000000000000005 (-10.45541067284811, 1.0, 5.344422235140739)
4.12 (-10.533175646620956, 1.0, 5.230835755660998)
4.14 (-10.623171328905668, 1.0, 5.099854491411963)
4.159999999999999 (-10.722966096712861, 1.0, 4.952130597279265)
4.179999999999999 (-10.825606084634373, 1.0, 4.793597878392876)
4.199999999999998 (-10.925815563693847, 1.0, 4.634284432650962)
4.219999999999998 (-11.020145085692949, 1.0, 4.483488923070915)
4.2399999999999975 (-11.106982144506624, 1.0, 4.346946303478735)
4.259999999999997 (-11.186361124520499, 1.0, 4.226756513571764)
4.279999999999997 (-11.259131374414553, 1.0, 4.123648414518592)
4.299999999999996 (-11.326134344354095, 1.0, 4.038506382196979)
4.319999999999996 (-11.388314643470293, 1.0, 3.9720744173836993)
4.339999999999995 (-11.446589011517302, 1.0, 3.9248234881942348)
4.359999999999995 (-11.5017213948598, 1.0, 3.896927542245043)
4.379999999999995 (-11.554253828433461, 1.0, 3.888282937388937)
4.399999999999994 (-11.604507768547478, 1.0, 3.8985533839155817)
4.419999999999994 (-11.652640090457613, 1.0, 3.9271878690338675)
4.439999999999993 (-11.698737328032566, 1.0, 3.9735318197612464)
4.459999999999993 (-11.742862889406211, 1.0, 4.036885506557051)
4.479999999999992 (-11.785059369085076, 1.0, 4.116555377036588)
4.499999999999992 (-11.825417895885936, 1.0, 4.21191743544446)
4.519999999999992 (-11.864091468066173, 1.0, 4.322462872337275)
4.539999999999991 (-11.901256305260098, 1.0, 4.447812531871671)
4.559999999999991 (-11.937036531480423, 1.0, 4.5877006445709805)
4.57999999999999 (-11.970266822441841, 1.0, 4.738743526443696)
4.59999999999999 (-11.997387946435557, 1.0, 4.896737955516086)
4.6199999999999894 (-12.016516132865647, 1.0, 5.0606518128056)
4.639999999999989 (-12.027550145284469, 1.0, 5.231032705410197)
4.659999999999989 (-12.031335778619521, 1.0, 5.40921996322352)
4.679999999999988 (-12.028526109324009, 1.0, 5.596708919519988)
4.699999999999988 (-12.018915559834753, 1.0, 5.794266991247078)
4.719999999999987 (-12.002943293079817, 1.0, 5.9985500102645455)
4.739999999999987 (-11.98332008239577, 1.0, 6.1974414211790965)
4.7599999999999865 (-11.961997211795405, 1.0, 6.378520049567127)
4.779999999999986 (-11.93958730123267, 1.0, 6.536964655618613)
4.799999999999986 (-11.916711554903914, 1.0, 6.674023140736918)
4.819999999999985 (-11.894382762324222, 1.0, 6.791478667976656)
4.839999999999985 (-11.873313237223265, 1.0, 6.890008275097137)
4.859999999999984 (-11.854058621989553, 1.0, 6.96984735721305)
4.879999999999984 (-11.837288913572763, 1.0, 7.031127821968729)
4.8999999999999835 (-11.823752413130347, 1.0, 7.073951450782971)
4.919999999999983 (-11.814262844230324, 1.0, 7.098497220993582)
4.939999999999983 (-11.80974902782405, 1.0, 7.105212154000473)
4.959999999999982 (-11.811192598009463, 1.0, 7.09467054089965)
4.979999999999982 (-11.819580972542326, 1.0, 7.067456589954636)
4.999999999999981 (-11.835825551891492, 1.0, 7.023872601846275)
5.019999999999981 (-11.860679106679164, 1.0, 6.9639170339358545)
5.0399999999999805 (-11.894652752233942, 1.0, 6.887197072573368)
5.05999999999998 (-11.937873948120185, 1.0, 6.792811081854493)
5.07999999999998 (-11.989994030563784, 1.0, 6.679376284267783)
5.099999999999979 (-12.050096579556069, 1.0, 6.545121753973458)
5.119999999999979 (-12.116661593803494, 1.0, 6.388069854476986)
5.139999999999978 (-12.187851750100357, 1.0, 6.206502239223942)
5.159999999999978 (-12.262246451086215, 1.0, 6.001330341133022)
5.1799999999999775 (-12.337758148270252, 1.0, 5.779782436509391)
5.199999999999977 (-12.41211001744863, 1.0, 5.552083374667065)
5.219999999999977 (-12.483176250892837, 1.0, 5.329018086226638)
5.239999999999976 (-12.549781963626401, 1.0, 5.1200092633744445)
5.259999999999976 (-12.612903221979199, 1.0, 4.928579811020646)
5.279999999999975 (-12.673045170859236, 1.0, 4.755067318770581)
5.299999999999975 (-12.731343186001888, 1.0, 4.600239276688354)
5.3199999999999745 (-12.789116446089873, 1.0, 4.464680431265005)
5.339999999999974 (-12.847693695396257, 1.0, 4.348693209010766)
5.359999999999974 (-12.90825993285715, 1.0, 4.252296002261171)
5.379999999999973 (-12.971752050692418, 1.0, 4.175262004643269)
5.399999999999973 (-13.038843847233975, 1.0, 4.117172321837837)
5.419999999999972 (-13.109984182674326, 1.0, 4.077469171944542)
5.439999999999972 (-13.185446079491626, 1.0, 4.055506795069678)
5.4599999999999715 (-13.265394105336295, 1.0, 4.05058703242998)
5.479999999999971 (-13.349962511541237, 1.0, 4.061998783511678)
5.499999999999971 (-13.439269947520856, 1.0, 4.089082836865062)
5.51999999999997 (-13.532458888706035, 1.0, 4.130246987835064)
5.53999999999997 (-13.625790610472643, 1.0, 4.182672859840242)
5.559999999999969 (-13.716311657812104, 1.0, 4.245247543104125)
5.579999999999969 (-13.802947308484091, 1.0, 4.317621668270231)
5.599999999999969 (-13.88573728648894, 1.0, 4.399893034452971)
5.619999999999968 (-13.965317935800515, 1.0, 4.49242721882442)
5.639999999999968 (-14.042503239470772, 1.0, 4.59570455039346)
5.659999999999967 (-14.11807585466049, 1.0, 4.710244822125929)
5.679999999999967 (-14.19283262170239, 1.0, 4.836598208777899)
5.699999999999966 (-14.267353711699762, 1.0, 4.975459701566453)
5.719999999999966 (-14.34139540030098, 1.0, 5.127409151788017)
5.739999999999966 (-14.413761307554786, 1.0, 5.290389629626327)
5.759999999999965 (-14.482100728924179, 1.0, 5.453409285526197)
5.779999999999965 (-14.542940003258682, 1.0, 5.604210004070732)
5.799999999999964 (-14.594480978951085, 1.0, 5.7369832301226165)
5.819999999999964 (-14.636874993838049, 1.0, 5.851502761918989)
5.839999999999963 (-14.671382374086578, 1.0, 5.949002886796088)
5.859999999999963 (-14.698920818923034, 1.0, 6.02969068508019)
5.879999999999963 (-14.720160579869974, 1.0, 6.093479356765964)
5.899999999999962 (-14.73581423550089, 1.0, 6.140202973582362)
5.919999999999962 (-14.746612678143945, 1.0, 6.169665294378434)
5.939999999999961 (-14.753335156362473, 1.0, 6.181693643582929)
5.959999999999961 (-14.756733872109473, 1.0, 6.176044849935713)
5.9799999999999605 (-14.75753130833753, 1.0, 6.152446298681115)
5.99999999999996 (-14.75631919546127, 1.0, 6.11052165655963)
6.01999999999996 (-14.75353920339247, 1.0, 6.049810393202346)
6.039999999999959 (-14.749557771860983, 1.0, 5.96992494203931)
6.059999999999959 (-14.74453004240411, 1.0, 5.870341828993039)
6.079999999999958 (-14.738221799364602, 1.0, 5.750417507508752)
6.099999999999958 (-14.72991249698958, 1.0, 5.609432632893047)
6.1199999999999575 (-14.718622045072957, 1.0, 5.446930919341669)
6.139999999999957 (-14.70350764469227, 1.0, 5.262855885784432)
6.159999999999957 (-14.683021915891931, 1.0, 5.0596938755413055)
6.179999999999956 (-14.656048849389842, 1.0, 4.8467716505124905)
6.199999999999956 (-14.625452109840168, 1.0, 4.635269355374783)
6.219999999999955 (-14.595001716693579, 1.0, 4.43460806735177)
6.239999999999955 (-14.567803220089313, 1.0, 4.249844816708216)
6.2599999999999545 (-14.545657260531554, 1.0, 4.082180234467195)
6.279999999999954 (-14.529848977834083, 1.0, 3.9315645499508776)
6.299999999999954 (-14.521842488281507, 1.0, 3.7980273756385277)
6.319999999999953 (-14.523090194507358, 1.0, 3.6813728186511536)
6.339999999999953 (-14.5348300656676, 1.0, 3.58119296138565)
6.359999999999952 (-14.55797126893269, 1.0, 3.496951964118629)
6.379999999999952 (-14.593057792453983, 1.0, 3.4280577318960015)
6.3999999999999515 (-14.640296824100949, 1.0, 3.373905027513668)
6.419999999999951 (-14.699640501590954, 1.0, 3.3338794420352165)
6.439999999999951 (-14.770878377731995, 1.0, 3.307323818055785)
6.45999999999995 (-14.85371098381022, 1.0, 3.2935893875666253)
6.47999999999995 (-14.947809956358132, 1.0, 3.2920590044139444)
6.499999999999949 (-15.052897859321552, 1.0, 3.302146859174298)
6.519999999999949 (-15.168487067677452, 1.0, 3.323188019461019)
6.5399999999999485 (-15.29023058550595, 1.0, 3.3538004227285994)
6.559999999999948 (-15.413838762881998, 1.0, 3.394295558755068)
6.579999999999948 (-15.537645555928169, 1.0, 3.4449601507978618)
6.599999999999947 (-15.661526895612717, 1.0, 3.505922756870422)
6.619999999999947 (-15.786233109221307, 1.0, 3.5772625463514878)
6.639999999999946 (-15.912850275875552, 1.0, 3.6590754703696686)
6.659999999999946 (-16.042554766725633, 1.0, 3.751472569447233)
6.6799999999999455 (-16.176621249659753, 1.0, 3.8546232862192538)
6.699999999999945 (-16.315810674373175, 1.0, 3.9690848439803688)
6.719999999999945 (-16.45976087495275, 1.0, 4.095515978699436)
6.739999999999944 (-16.60471056172205, 1.0, 4.229602689749495)
6.759999999999944 (-16.742225892012492, 1.0, 4.361181900857422)
6.779999999999943 (-16.86485720114804, 1.0, 4.481615010086246)
6.799999999999943 (-16.970133367217567, 1.0, 4.588727657011136)
6.8199999999999426 (-17.059799970478533, 1.0, 4.683288360700401)
6.839999999999942 (-17.135315028495263, 1.0, 4.765386916348444)
6.859999999999942 (-17.1973606306746, 1.0, 4.8347840499881505)
6.879999999999941 (-17.246464125829696, 1.0, 4.891076688574336)
6.899999999999941 (-17.28326465670288, 1.0, 4.933759574351417)
6.91999999999994 (-17.308470550573702, 1.0, 4.962325161593704)
6.93999999999994 (-17.32274807980402, 1.0, 4.976277032902539)
6.95999999999994 (-17.32678313314542, 1.0, 4.975102428028002)
6.979999999999939 (-17.321255105666655, 1.0, 4.95827412484741)
6.999999999999939 (-17.30679870703141, 1.0, 4.925245636185251)
7.019999999999938 (-17.283840120961205, 1.0, 4.875408434825918)
7.039999999999938 (-17.252446396674966, 1.0, 4.8081160710939015)
7.059999999999937 (-17.212277559367116, 1.0, 4.7227324121520216)
7.079999999999937 (-17.162507929388006, 1.0, 4.618684322598365)
7.099999999999937 (-17.101845882016498, 1.0, 4.495615171318183)
7.119999999999936 (-17.02896675817468, 1.0, 4.35358087366839)
7.139999999999936 (-16.943025437169858, 1.0, 4.192957693704917)
7.159999999999935 (-16.843891866927333, 1.0, 4.015499661632884)
7.179999999999935 (-16.7340681676622, 1.0, 3.828173264679304)
7.1999999999999345 (-16.62000654973265, 1.0, 3.639734842316612)
7.219999999999934 (-16.508880443107362, 1.0, 3.4579690703768744)
7.239999999999934 (-16.406423690286655, 1.0, 3.2887123103607387)
7.259999999999933 (-16.315601756418, 1.0, 3.1332511677760015)
7.279999999999933 (-16.237147558931134, 1.0, 2.991158729544658)
7.299999999999932 (-16.17232520292906, 1.0, 2.862000252872596)
7.319999999999932 (-16.12234795417163, 1.0, 2.74511955169989)
7.3399999999999315 (-16.08819392389535, 1.0, 2.6397161413739467)
7.359999999999931 (-16.070521619100596, 1.0, 2.544958502902324)
7.379999999999931 (-16.06964509433482, 1.0, 2.460076488987271)
7.39999999999993 (-16.085571831717562, 1.0, 2.3843927806670058)
7.41999999999993 (-16.11807287668547, 1.0, 2.317312845416738)
7.439999999999929 (-16.166735002396535, 1.0, 2.258302424931698)
7.459999999999929 (-16.23105012978824, 1.0, 2.2068669191187302)
7.4799999999999285 (-16.310509966880275, 1.0, 2.1625271641439627)
7.499999999999928 (-16.40465666138662, 1.0, 2.124824562296802)
7.519999999999928 (-16.513104854815506, 1.0, 2.0933456530365886)
7.539999999999927 (-16.633330478567586, 1.0, 2.067881395971758)
7.559999999999927 (-16.760587604367103, 1.0, 2.0498776450985337)
7.579999999999926 (-16.89258407988768, 1.0, 2.0407881370792547)
7.599999999999926 (-17.028886509953846, 1.0, 2.041065424790313)
7.6199999999999255 (-17.1700562954545, 1.0, 2.0506322083678477)
7.639999999999925 (-17.317098098652068, 1.0, 2.0692066496839923)
7.659999999999925 (-17.47115953520416, 1.0, 2.0964535652871006)
7.679999999999924 (-17.633511201100085, 1.0, 2.1320307802984124)
7.699999999999924 (-17.805054276698552, 1.0, 2.176153141970634)
7.719999999999923 (-17.985627719664368, 1.0, 2.2295883637774954)
7.739999999999923 (-18.16834429114995, 1.0, 2.288268593731389)
7.7599999999999225 (-18.340500009473903, 1.0, 2.3459923918341805)
7.779999999999922 (-18.493650693818413, 1.0, 2.398688400099219)
7.799999999999922 (-18.62586186064522, 1.0, 2.4457934278969478)
7.819999999999921 (-18.739555275910224, 1.0, 2.487520439382082)
7.839999999999921 (-18.835836565443568, 1.0, 2.523341749902462)
7.85999999999992 (-18.91503084085982, 1.0, 2.552811489962252)
7.87999999999992 (-18.97740293243376, 1.0, 2.5753304572736497)
7.8999999999999195 (-19.023290622076914, 1.0, 2.5902229067903644)
7.919999999999919 (-19.053119769605203, 1.0, 2.5967830223369868)
7.939999999999919 (-19.0672517064472, 1.0, 2.594325176275849)
7.959999999999918 (-19.066071123266184, 1.0, 2.5821420357086327)
7.979999999999918 (-19.049972885264125, 1.0, 2.5595011093735653)
7.999999999999917 (-19.01929812672779, 1.0, 2.5256705696428567)
8.019999999999918 (-18.9741265773417, 1.0, 2.4799482299138327)
8.039999999999917 (-18.914168336225266, 1.0, 2.4217635231785675)
8.059999999999917 (-18.83875934339482, 1.0, 2.3507242210214607)
8.079999999999917 (-18.74673625218199, 1.0, 2.266749947338501)
8.099999999999916 (-18.63642449337642, 1.0, 2.170201790466473)
8.119999999999916 (-18.50584767465548, 1.0, 2.0619088634072775)
8.139999999999915 (-18.354467429364945, 1.0, 1.9429785212343673)
8.159999999999915 (-18.183356446457967, 1.0, 1.8147301383590893)
8.179999999999914 (-17.997624891593457, 1.0, 1.6828316551206446)
8.199999999999914 (-17.80711658912788, 1.0, 1.5528122973984528)
8.219999999999914 (-17.621839836314116, 1.0, 1.4285707955520732)
8.239999999999913 (-17.449411695253946, 1.0, 1.3126105595824797)
8.259999999999913 (-17.293039143255317, 1.0, 1.2046923244958896)
8.279999999999912 (-17.153404405171187, 1.0, 1.1037411043542118)
8.299999999999912 (-17.03150612603489, 1.0, 1.008697159523616)
8.319999999999911 (-16.92822792191616, 1.0, 0.9182905221616936)
8.339999999999911 (-16.84415612617811, 1.0, 0.8312069694536169)
8.35999999999991 (-16.779552748920064, 1.0, 0.7462524455488171)
8.37999999999991 (-16.734381351544663, 1.0, 0.6624522546421762)
8.39999999999991 (-16.708360981570898, 1.0, 0.5790658961021152)
8.41999999999991 (-16.701029310204763, 1.0, 0.4955414098710214)
8.439999999999909 (-16.711793249547437, 1.0, 0.4114707411396513)
8.459999999999908 (-16.739975006243352, 1.0, 0.3265397938287497)
8.479999999999908 (-16.784897051526105, 1.0, 0.24048183203636547)
8.499999999999908 (-16.845650399339736, 1.0, 0.1531697707469798)
8.519999999999907 (-16.91876273315245, 1.0, 0.06679493320854793)
8.539999999999907 (-17.001919642529284, 1.0, -0.015573376657176757)
8.559999999999906 (-17.094125343767406, 1.0, -0.0925367756552835)
8.579999999999906 (-17.195123426887783, 1.0, -0.16379681002075389)
8.599999999999905 (-17.305168993712574, 1.0, -0.22973168848503905)
8.619999999999905 (-17.424788217612765, 1.0, -0.291025076993557)
8.639999999999905 (-17.554613994777927, 1.0, -0.3483925217745088)
8.659999999999904 (-17.695334772757754, 1.0, -0.4025494558721305)
8.679999999999904 (-17.84779308544473, 1.0, -0.45428819266823006)
8.699999999999903 (-18.01283497550918, 1.0, -0.5038192263259337)
8.719999999999903 (-18.19077191727854, 1.0, -0.5504332557131302)
8.739999999999903 (-18.377025840477156, 1.0, -0.5934473021083113)
8.759999999999902 (-18.558830414807762, 1.0, -0.6322219196396179)
8.779999999999902 (-18.72432879172618, 1.0, -0.665755169476408)
8.799999999999901 (-18.869314925826245, 1.0, -0.6933630683790182)
8.8199999999999 (-18.99482565678184, 1.0, -0.7157177473477603)
8.8399999999999 (-19.102014488982622, 1.0, -0.7339151964831505)
8.8599999999999 (-19.191179020352422, 1.0, -0.7487014344366528)
8.8799999999999 (-19.262342541283196, 1.0, -0.7607212911062375)
8.899999999999899 (-19.315461115978856, 1.0, -0.7707591751534597)
8.919999999999899 (-19.350513067579836, 1.0, -0.7796331709515468)
8.939999999999898 (-19.367496586320307, 1.0, -0.7881621852231485)
8.959999999999898 (-19.366340488849044, 1.0, -0.7971493707668001)
8.979999999999897 (-19.34694460415514, 1.0, -0.8073862268107485)
8.999999999999897 (-19.309132056477182, 1.0, -0.819612099563332)
9.019999999999897 (-19.252625045610273, 1.0, -0.8344629409480573)
9.039999999999896 (-19.17691813585819, 1.0, -0.8523404301262467)
9.059999999999896 (-19.081432998593737, 1.0, -0.8733681604868523)
9.079999999999895 (-18.965463969965395, 1.0, -0.8974327401851167)
9.099999999999895 (-18.828088143566998, 1.0, -0.9238845583295014)
9.119999999999894 (-18.66845374609978, 1.0, -0.9515918590750374)
9.139999999999894 (-18.486301587489972, 1.0, -0.979562478444179)
9.159999999999894 (-18.283285620664827, 1.0, -1.0064945640682923)
9.179999999999893 (-18.066958375337357, 1.0, -1.030208035088129)
9.199999999999893 (-17.84857273787723, 1.0, -1.0506990102148268)
9.219999999999892 (-17.63850600295569, 1.0, -1.0694795819642327)
9.239999999999892 (-17.44396520863197, 1.0, -1.087974213814955)
9.259999999999891 (-17.267370662702103, 1.0, -1.1076634322746057)
9.279999999999891 (-17.10882351893165, 1.0, -1.129766748185357)
9.29999999999989 (-16.968659447758444, 1.0, -1.1555994890402201)
9.31999999999989 (-16.847028193497945, 1.0, -1.186570108344104)
9.33999999999989 (-16.74382202198096, 1.0, -1.2239701530222153)
9.35999999999989 (-16.658725265437212, 1.0, -1.2688307527791702)
9.379999999999889 (-16.59127788472438, 1.0, -1.321855862789731)
9.399999999999888 (-16.540923075224065, 1.0, -1.3834404140523586)
9.419999999999888 (-16.507037836072236, 1.0, -1.4537374478344969)
9.439999999999888 (-16.488936195771327, 1.0, -1.532711170371612)
9.459999999999887 (-16.485919554485438, 1.0, -1.6202278902438094)
9.479999999999887 (-16.49730374443041, 1.0, -1.7161417473426688)
9.499999999999886 (-16.52244996480098, 1.0, -1.8203370947886448)
9.519999999999886 (-16.560798378135573, 1.0, -1.9327311731727161)
9.539999999999885 (-16.610686592983217, 1.0, -2.0512670949267076)
9.559999999999885 (-16.67066172655141, 1.0, -2.171198963463051)
9.579999999999885 (-16.74062621284653, 1.0, -2.2898777711201816)
9.599999999999884 (-16.820705362796776, 1.0, -2.4067163237940337)
9.619999999999884 (-16.91115528212785, 1.0, -2.5222318828300216)
9.639999999999883 (-17.01231386491944, 1.0, -2.637409673039372)
9.659999999999883 (-17.124563893782458, 1.0, -2.753357316006903)
9.679999999999882 (-17.248332602911088, 1.0, -2.871271996934775)
9.699999999999882 (-17.384290066035295, 1.0, -2.9918243289966715)
9.719999999999882 (-17.5329895774999, 1.0, -3.114530160932342)
9.739999999999881 (-17.68704772228935, 1.0, -3.236086181991621)
9.75999999999988 (-17.834099181191785, 1.0, -3.349607775027188)
9.77999999999988 (-17.96615803253474, 1.0, -3.450516179106892)
9.79999999999988 (-18.081755842601385, 1.0, -3.5375797450273843)
9.81999999999988 (-18.182412127767837, 1.0, -3.612583970562961)
9.839999999999879 (-18.268320384080518, 1.0, -3.676668467175251)
9.859999999999879 (-18.339249378436723, 1.0, -3.730329641418804)
9.879999999999878 (-18.394853600951215, 1.0, -3.774126798167398)
9.899999999999878 (-18.43476939172854, 1.0, -3.8087094142217652)
9.919999999999877 (-18.4586191908461, 1.0, -3.834724851251389)
9.939999999999877 (-18.466045084685856, 1.0, -3.852872147428905)
9.959999999999877 (-18.45670121700787, 1.0, -3.8639101478426805)
9.979999999999876 (-18.430231044786105, 1.0, -3.868638668349949)
9.999999999999876 (-18.38623366506031, 1.0, -3.8677975735754524)
10.019999999999875 (-18.32418332354421, 1.0, -3.8618749399813517)
10.039999999999875 (-18.243452306838726, 1.0, -3.8509930997696915)
10.059999999999874 (-18.143331141970076, 1.0, -3.834797742180216)
10.079999999999874 (-18.023073815653504, 1.0, -3.812281132753074)
10.099999999999874 (-17.88201409853842, 1.0, -3.7817460597000094)
10.119999999999873 (-17.71971488361174, 1.0, -3.7409535321877985)
10.139999999999873 (-17.536321246016406, 1.0, -3.6878318743335807)
10.159999999999872 (-17.333795971427087, 1.0, -3.622696383685487)
10.179999999999872 (-17.11919973893021, 1.0, -3.5472494720075423)
10.199999999999871 (-16.90226786787096, 1.0, -3.4663386850962117)
10.219999999999871 (-16.692058499809985, 1.0, -3.3859148460345487)
10.23999999999987 (-16.495666996650737, 1.0, -3.311186395455829)
10.25999999999987 (-16.314874702435333, 1.0, -3.245295761530712)
10.27999999999987 (-16.149275819623227, 1.0, -3.1891587605423255)
10.29999999999987 (-15.99858737539965, 1.0, -3.1442225501278354)
10.319999999999869 (-15.862260947740902, 1.0, -3.11195093459269)
10.339999999999868 (-15.739534848327084, 1.0, -3.0935925163126017)
10.359999999999868 (-15.629551508621613, 1.0, -3.090067966655779)
10.379999999999868 (-15.5314589820541, 1.0, -3.101928498581631)
10.399999999999867 (-15.444457815032566, 1.0, -3.1293883540636003)
10.419999999999867 (-15.367802355589463, 1.0, -3.1724009406675013)
10.439999999999866 (-15.300796157502269, 1.0, -3.2307263745243544)
10.459999999999866 (-15.242775411987806, 1.0, -3.303994805399364)
10.479999999999865 (-15.19311983465991, 1.0, -3.3918034689028165)
10.499999999999865 (-15.151210067782348, 1.0, -3.4923879815270626)
10.519999999999865 (-15.117539346427598, 1.0, -3.601490799993492)
10.539999999999864 (-15.093061478931231, 1.0, -3.7164298351782046)
10.559999999999864 (-15.078103445182942, 1.0, -3.83607558176296)
10.579999999999863 (-15.072610840830597, 1.0, -3.9603087917825657)
10.599999999999863 (-15.076329011902903, 1.0, -4.0896515695426)
10.619999999999862 (-15.088954492065753, 1.0, -4.224926566379897)
10.639999999999862 (-15.110226211530728, 1.0, -4.367041487675633)
10.659999999999862 (-15.139889685061911, 1.0, -4.51702064370624)
10.679999999999861 (-15.177822329719481, 1.0, -4.676053011716798)
10.69999999999986 (-15.224409524617267, 1.0, -4.844819367165447)
10.71999999999986 (-15.28046979588472, 1.0, -5.022913359927486)
10.73999999999986 (-15.343233194799376, 1.0, -5.2048777447480195)
10.75999999999986 (-15.406306234538194, 1.0, -5.379032602624253)
10.779999999999859 (-15.464395787124245, 1.0, -5.535506498831483)
10.799999999999859 (-15.51628444847487, 1.0, -5.671211800278735)
10.819999999999858 (-15.562068805145767, 1.0, -5.787996704739615)
10.839999999999858 (-15.6013557359543, 1.0, -5.887313906922039)
10.859999999999857 (-15.633721424870327, 1.0, -5.9697480533042215)
10.879999999999857 (-15.658644555099988, 1.0, -6.035637902647965)
10.899999999999856 (-15.67545202332102, 1.0, -6.085314744702685)
10.919999999999856 (-15.683438477589577, 1.0, -6.119159399206106)
10.939999999999856 (-15.681900423266812, 1.0, -6.137639883288892)
10.959999999999855 (-15.670131925716902, 1.0, -6.141137228357203)
10.979999999999855 (-15.647420972961198, 1.0, -6.129992073936936)
10.999999999999854 (-15.61305119213819, 1.0, -6.104477443045064)
11.019999999999854 (-15.56633110092861, 1.0, -6.0647146664553135)
11.039999999999853 (-15.506651849089952, 1.0, -6.010489153053196)
11.059999999999853 (-15.433574971928287, 1.0, -5.941205066225064)
11.079999999999853 (-15.346889787022098, 1.0, -5.856099008552274)
11.099999999999852 (-15.246697520740074, 1.0, -5.754075889653962)
11.119999999999852 (-15.133488091927827, 1.0, -5.633821252542168)
11.139999999999851 (-15.007998272021219, 1.0, -5.494499649899533)
11.159999999999851 (-14.872251122250246, 1.0, -5.33679792924571)
11.17999999999985 (-14.731943068156129, 1.0, -5.165934082860833)
11.19999999999985 (-14.593016185269567, 1.0, -4.991284372726262)
11.21999999999985 (-14.459913215117174, 1.0, -4.822495368412316)
11.23999999999985 (-14.335427363973409, 1.0, -4.666545695240441)
11.259999999999849 (-14.219662739017332, 1.0, -4.526327124170285)
11.279999999999848 (-14.111637024725713, 1.0, -4.4025813499511814)
11.299999999999848 (-14.010418801895812, 1.0, -4.296303138507421)
11.319999999999848 (-13.914888267803576, 1.0, -4.208386117672522)
11.339999999999847 (-13.823877486030428, 1.0, -4.139444701347921)
11.359999999999847 (-13.736319294384755, 1.0, -4.089777171343667)
11.379999999999846 (-13.651340229669064, 1.0, -4.059382907414475)
11.399999999999846 (-13.568274054838927, 1.0, -4.048012055439251)
11.419999999999845 (-13.486627504955791, 1.0, -4.055226869377086)
11.439999999999845 (-13.406039184863811, 1.0, -4.080438471800044)
11.459999999999845 (-13.326226056583197, 1.0, -4.122988911524587)
11.479999999999844 (-13.246923119050859, 1.0, -4.182225061689884)
11.499999999999844 (-13.167872521539227, 1.0, -4.257546356151066)
11.519999999999843 (-13.088839294097221, 1.0, -4.348433247690339)
11.539999999999843 (-13.01084711932174, 1.0, -4.452079665434947)
11.559999999999842 (-12.937246170077088, 1.0, -4.564913536843892)
11.579999999999842 (-12.870012133936687, 1.0, -4.685630886415233)
11.599999999999842 (-12.809604338449075, 1.0, -4.814087683382634)
11.619999999999841 (-12.755684690115883, 1.0, -4.950789213136628)
11.63999999999984 (-12.70760296885606, 1.0, -5.0965235605010175)
11.65999999999984 (-12.664667127157278, 1.0, -5.252157134021443)
11.67999999999984 (-12.62615747641935, 1.0, -5.418632352104639)
11.69999999999984 (-12.591801790493669, 1.0, -5.596860512049891)
11.719999999999839 (-12.562229363206587, 1.0, -5.787129606948643)
11.739999999999839 (-12.536323490408883, 1.0, -5.981616045974984)
11.759999999999838 (-12.513374323283792, 1.0, -6.166227820989443)
11.779999999999838 (-12.493084518391948, 1.0, -6.33173206621697)
11.799999999999837 (-12.475782514827417, 1.0, -6.476180517627105)
11.819999999999837 (-12.46081735625886, 1.0, -6.601772958509856)
11.839999999999836 (-12.447377099845788, 1.0, -6.709209881325521)
11.859999999999836 (-12.434919728025758, 1.0, -6.79852598932381)
11.879999999999836 (-12.422814739924709, 1.0, -6.869701094932054)
11.899999999999835 (-12.410366486642282, 1.0, -6.922726041447504)
11.919999999999835 (-12.396853802193428, 1.0, -6.95758919877593)
11.939999999999834 (-12.381509071802578, 1.0, -6.974335881505573)
11.959999999999834 (-12.363515171257808, 1.0, -6.973057828753039)
11.979999999999833 (-12.342006807986465, 1.0, -6.953868546922172)
11.999999999999833 (-12.31614622359166, 1.0, -6.916809112014118)
12.019999999999833 (-12.285254486677147, 1.0, -6.861675358548461)
12.039999999999832 (-12.248915660693811, 1.0, -6.787982638430497)
12.059999999999832 (-12.207098277096307, 1.0, -6.694912960740546)
12.079999999999831 (-12.160322730748328, 1.0, -6.58127459323923)
12.099999999999831 (-12.109752972209925, 1.0, -6.445587425108488)
12.11999999999983 (-12.057142456881936, 1.0, -6.286294013960007)
12.13999999999983 (-12.0044896407094, 1.0, -6.102244933912823)
12.15999999999983 (-11.952673019660018, 1.0, -5.895200375073267)
12.17999999999983 (-11.903748400604334, 1.0, -5.672177991534028)
12.199999999999829 (-11.85856150421471, 1.0, -5.444017602786917)
12.219999999999828 (-11.816669773902904, 1.0, -5.22158136238483)
12.239999999999828 (-11.777194236292123, 1.0, -5.013807180194119)
12.259999999999827 (-11.738254975921528, 1.0, -4.82390751333204)
12.279999999999827 (-11.698836060360827, 1.0, -4.65200657644119)
12.299999999999827 (-11.657510885578615, 1.0, -4.498610474446463)
12.319999999999826 (-11.612692517401957, 1.0, -4.363999328001394)
12.339999999999826 (-11.562869783539712, 1.0, -4.248152146945044)
12.359999999999825 (-11.50676819578249, 1.0, -4.150792322504739)
12.379999999999825 (-11.443438638521142, 1.0, -4.071456010673398)
12.399999999999824 (-11.37225527635756, 1.0, -4.0095513648921255)
12.419999999999824 (-11.292849297952305, 1.0, -3.9643994313945212)
12.439999999999824 (-11.20504528121417, 1.0, -3.935263461266664)
12.459999999999823 (-11.108804401762415, 1.0, -3.9213701578565456)
12.479999999999823 (-11.004301324111402, 1.0, -3.9218359636774296)
12.499999999999822 (-10.8943380492242, 1.0, -3.9346862078723768)
12.519999999999822 (-10.782495593510356, 1.0, -3.9589676964073526)
12.539999999999822 (-10.670600122433214, 1.0, -3.994213856568274)
12.559999999999821 (-10.559173073291662, 1.0, -4.040147489471208)
12.57999999999982 (-10.44802976306794, 1.0, -4.096638106660926)
12.59999999999982 (-10.336520481267941, 1.0, -4.1636939717913055)
12.61999999999982 (-10.223803912418283, 1.0, -4.24144041755818)
12.63999999999982 (-10.108978369342855, 1.0, -4.330084694898451)
12.659999999999819 (-9.990981576109423, 1.0, -4.429926986600532)
12.679999999999819 (-9.868784759523658, 1.0, -4.541487576172879)
12.699999999999818 (-9.742126569159758, 1.0, -4.6654269901887435)
12.719999999999818 (-9.611928212812698, 1.0, -4.802171407737609)
12.739999999999817 (-9.481839252312476, 1.0, -4.94636744299723)
12.759999999999817 (-9.359027186161832, 1.0, -5.08672184092608)
12.779999999999816 (-9.249504826904166, 1.0, -5.21385589633816)
12.799999999999816 (-9.155238516989222, 1.0, -5.3253490906282686)
12.819999999999816 (-9.074528382490938, 1.0, -5.422259878347341)
12.839999999999815 (-9.005888156121774, 1.0, -5.504950601160185)
12.859999999999815 (-8.948589069885015, 1.0, -5.573350312817015)
12.879999999999814 (-8.902066259839167, 1.0, -5.627190004579948)
12.899999999999814 (-8.865750705866187, 1.0, -5.666039457404762)
12.919999999999813 (-8.838998065489013, 1.0, -5.689438811890686)
12.939999999999813 (-8.821020833229905, 1.0, -5.6969884327313665)
12.959999999999813 (-8.811121923914955, 1.0, -5.688267371701182)
12.979999999999812 (-8.80865363123389, 1.0, -5.66282379160727)
12.999999999999812 (-8.813015399295741, 1.0, -5.620169527408984)
13.019999999999811 (-8.823746904781517, 1.0, -5.559762890250284)
13.03999999999981 (-8.84072495573427, 1.0, -5.480968381411022)
13.05999999999981 (-8.86423191070475, 1.0, -5.38311270109686)
13.07999999999981 (-8.894892765119385, 1.0, -5.265591051364565)
13.09999999999981 (-8.933662698874684, 1.0, -5.128008707427535)
13.11999999999981 (-8.981858133888533, 1.0, -4.970148941011034)
13.139999999999809 (-9.04061862275302, 1.0, -4.79221534503301)
13.159999999999808 (-9.110340830137911, 1.0, -4.596338634507703)
13.179999999999808 (-9.189126183208678, 1.0, -4.389882408311519)
13.199999999999807 (-9.271768533414111, 1.0, -4.182461852999336)
13.219999999999807 (-9.352102190938382, 1.0, -3.9827524041867894)
13.239999999999807 (-9.425428677390974, 1.0, -3.796768604698982)
13.259999999999806 (-9.489251600941532, 1.0, -3.6260722854522505)
13.279999999999806 (-9.54253690181096, 1.0, -3.470219070824733)
13.299999999999805 (-9.583974673363352, 1.0, -3.3289072594245237)
13.319999999999805 (-9.612254330114789, 1.0, -3.201615610853992)
13.339999999999804 (-9.626280188849227, 1.0, -3.0876439999226997)
13.359999999999804 (-9.62527535161039, 1.0, -2.98622175642217)
13.379999999999804 (-9.608813646299758, 1.0, -2.896595816918143)
13.399999999999803 (-9.576785317345951, 1.0, -2.818067981349338)
13.419999999999803 (-9.52933094063516, 1.0, -2.749999954049748)
13.439999999999802 (-9.466787832564432, 1.0, -2.6917943809534486)
13.459999999999802 (-9.389591724446099, 1.0, -2.6428878866896235)
13.479999999999801 (-9.298179678280365, 1.0, -2.6027309476594707)
13.499999999999801 (-9.192945863239823, 1.0, -2.570806875800816)
13.5199999999998 (-9.074219377494467, 1.0, -2.546654395223314)
13.5399999999998 (-8.94359821318672, 1.0, -2.5297962790822472)
13.5599999999998 (-8.806046902576533, 1.0, -2.520725870068556)
13.5799999999998 (-8.664531376547979, 1.0, -2.5208479232455026)
13.599999999999799 (-8.519756511717436, 1.0, -2.5307062700491953)
13.619999999999798 (-8.371269010266019, 1.0, -2.550360319188267)
13.639999999999798 (-8.21809341616226, 1.0, -2.5796773985294994)
13.659999999999798 (-8.059127096030696, 1.0, -2.618501963158287)
13.679999999999797 (-7.893202973047855, 1.0, -2.6666857333670833)
13.699999999999797 (-7.719345904439469, 1.0, -2.7244004410414298)
13.719999999999796 (-7.537615542102223, 1.0, -2.792219603509487)
13.739999999999796 (-7.354839944177661, 1.0, -2.8645617812004414)
13.759999999999796 (-7.182866534135524, 1.0, -2.9338692999706386)
13.779999999999795 (-7.028819363451281, 1.0, -2.9958087208936206)
13.799999999999795 (-6.894083855994266, 1.0, -3.049894966414867)
13.819999999999794 (-6.776599785943033, 1.0, -3.0965795655164396)
13.839999999999794 (-6.675500351393201, 1.0, -3.1355122310586307)
13.859999999999793 (-6.590545928347306, 1.0, -3.1662378157116766)
13.879999999999793 (-6.521482842298159, 1.0, -3.188207176152785)
13.899999999999793 (-6.468013536920221, 1.0, -3.2008224071869247)
13.919999999999792 (-6.4297991354385164, 1.0, -3.20346025990205)
13.939999999999792 (-6.4064070219706695, 1.0, -3.1954824494049787)
13.959999999999791 (-6.397327730400251, 1.0, -3.176228776436435)
13.97999999999979 (-6.401974747460294, 1.0, -3.145006770803582)
13.99999999999979 (-6.419875328086786, 1.0, -3.1010994778108256)
14.01999999999979 (-6.450881437556636, 1.0, -3.0438231581293866)
14.03999999999979 (-6.495215489057276, 1.0, -2.972580427573353)
14.059999999999789 (-6.553667688620796, 1.0, -2.8869710558928863)
14.079999999999789 (-6.627661292501038, 1.0, -2.7869088480108757)
14.099999999999788 (-6.71919708660576, 1.0, -2.672745647661363)
14.119999999999788 (-6.830635164387696, 1.0, -2.5453347401276383)
14.139999999999787 (-6.964133395709112, 1.0, -2.4059220134953168)
14.159999999999787 (-7.119486186586004, 1.0, -2.2562332344988825)
14.179999999999787 (-7.291170140915721, 1.0, -2.101339172879161)
14.199999999999786 (-7.469961249807386, 1.0, -1.9470191926945346)
14.219999999999786 (-7.646138595171884, 1.0, -1.7983180975555)
14.239999999999785 (-7.811055962245322, 1.0, -1.6589791737640414)
14.259999999999785 (-7.9608491410132105, 1.0, -1.5288870800908254)
14.279999999999784 (-8.094800959483328, 1.0, -1.4072509564244409)
14.299999999999784 (-8.21175263748221, 1.0, -1.293030523976799)
14.319999999999784 (-8.310653652960196, 1.0, -1.1849283832845376)
14.339999999999783 (-8.390757412032343, 1.0, -1.0815547533953382)
14.359999999999783 (-8.451664554529613, 1.0, -0.9815972380472238)
14.379999999999782 (-8.493305183843466, 1.0, -0.8839371621722352)
14.399999999999782 (-8.5158847582095, 1.0, -0.787682403036644)
14.419999999999781 (-8.519814364111689, 1.0, -0.6921305077080254)
14.439999999999781 (-8.505647644177788, 1.0, -0.5967267643701633)
14.45999999999978 (-8.474094196195534, 1.0, -0.5010439135871574)
14.47999999999978 (-8.427413791369101, 1.0, -0.40578473035088347)
14.49999999999978 (-8.368394278818416, 1.0, -0.3133398671409538)
14.51999999999978 (-8.298647082448692, 1.0, -0.22536559618470614)
14.539999999999779 (-8.219083082847241, 1.0, -0.14255604044718795)
14.559999999999778 (-8.1300210923286, 1.0, -0.06488323410200691)
14.579999999999778 (-8.031423197620907, 1.0, 0.008058544671331155)
14.599999999999778 (-7.922986373964119, 1.0, 0.07688422702612295)
14.619999999999777 (-7.804243585202466, 1.0, 0.14226391593887625)
14.639999999999777 (-7.67462214626088, 1.0, 0.20489645197917594)
14.659999999999776 (-7.533337514764363, 1.0, 0.2656251206240164)
14.679999999999776 (-7.379449909038157, 1.0, 0.3250633644847112)
14.699999999999775 (-7.2123187969623945, 1.0, 0.3830479781895272)
14.719999999999775 (-7.032080532867645, 1.0, 0.4384755778702994)
14.739999999999775 (-6.8447881809741284, 1.0, 0.4903330821027465)
14.759999999999774 (-6.663621973003525, 1.0, 0.5373489699427315)
14.779999999999774 (-6.4999443707427025, 1.0, 0.5782887803144249)
14.799999999999773 (-6.357159925198925, 1.0, 0.6125538582935218)
14.819999999999773 (-6.2337031837449395, 1.0, 0.6411523152697463)
14.839999999999772 (-6.128468559918759, 1.0, 0.6653047330983253)
14.859999999999772 (-6.0411276243408425, 1.0, 0.6857494152441047)
14.879999999999772 (-5.971621063047664, 1.0, 0.7031135647095548)
14.899999999999771 (-5.920055740938254, 1.0, 0.7180947525448542)
14.91999999999977 (-5.886565439943749, 1.0, 0.7314637424974472)
14.93999999999977 (-5.871200745053374, 1.0, 0.7440948097334755)
14.95999999999977 (-5.8740094474130045, 1.0, 0.7568402609870672)
14.97999999999977 (-5.895098001571803, 1.0, 0.77048539244225)
14.999999999999769 (-5.934655324201196, 1.0, 0.7857636658133479)
15.019999999999769 (-5.992955962022892, 1.0, 0.8033251853198995)
15.039999999999768 (-6.070500401045878, 1.0, 0.8235858296643241)
15.059999999999768 (-6.167984508647524, 1.0, 0.8466185029140127)
15.079999999999767 (-6.286024987849035, 1.0, 0.8723099847600506)
15.099999999999767 (-6.4253743786848, 1.0, 0.9001534630336704)
15.119999999999767 (-6.586859470930365, 1.0, 0.929101241624622)
15.139999999999766 (-6.770892170234224, 1.0, 0.9579769678538358)
15.159999999999766 (-6.975596953423067, 1.0, 0.9854430014370084)
15.179999999999765 (-7.193486773796035, 1.0, 1.0100108135545647)
15.199999999999765 (-7.413688017004085, 1.0, 1.0318819691906682)
15.219999999999764 (-7.625823086826185, 1.0, 1.052513885188498)
15.239999999999764 (-7.822505603750206, 1.0, 1.073247308562036)
15.259999999999764 (-8.00123124940919, 1.0, 1.0955408195036018)
15.279999999999763 (-8.161918145453793, 1.0, 1.120467152820571)
15.299999999999763 (-8.304234474168943, 1.0, 1.1492939021285375)
15.319999999999762 (-8.428039600372882, 1.0, 1.1833829633843995)
15.339999999999762 (-8.533444150852024, 1.0, 1.22398628730754)
15.359999999999761 (-8.620763633082088, 1.0, 1.2721078962439318)
15.379999999999761 (-8.690457525592091, 1.0, 1.3284382327710673)
15.39999999999976 (-8.74308111294315, 1.0, 1.3933653450993202)
15.41999999999976 (-8.779249796551941, 1.0, 1.467027119741847)
15.43999999999976 (-8.7996359458728, 1.0, 1.5493684273975392)
15.45999999999976 (-8.804923866490363, 1.0, 1.6402348286646289)
15.479999999999759 (-8.795788736821413, 1.0, 1.739471823677311)
15.499999999999758 (-8.772856777738559, 1.0, 1.846952595316728)
15.519999999999758 (-8.736678710374134, 1.0, 1.9625974260716892)
15.539999999999758 (-8.687698272848444, 1.0, 2.086349324878604)
15.559999999999757 (-8.627753205280685, 1.0, 2.2156539553341292)
15.579999999999757 (-8.558037631870036, 1.0, 2.3455467045178544)
15.599999999999756 (-8.47839023773738, 1.0, 2.4737962244671983)
15.619999999999756 (-8.388512991966296, 1.0, 2.6001486632871416)
15.639999999999755 (-8.288025115755, 1.0, 2.7252606844165057)
15.659999999999755 (-8.176490432843337, 1.0, 2.850192530497855)
15.679999999999755 (-8.053476688102974, 1.0, 2.976065475645672)
15.699999999999754 (-7.918387421823378, 1.0, 3.103818711127041)
15.719999999999754 (-7.7711992299027886, 1.0, 3.233231140659627)
15.739999999999753 (-7.621105998100649, 1.0, 3.36072158955363)
15.759999999999753 (-7.479926643833707, 1.0, 3.47979874972914)
15.779999999999752 (-7.353924310067286, 1.0, 3.5867923799459507)
15.799999999999752 (-7.243781867199149, 1.0, 3.6811379594188387)
15.819999999999752 (-7.148296422601762, 1.0, 3.76424409747892)
15.839999999999751 (-7.067439810392946, 1.0, 3.836858253833312)
15.85999999999975 (-7.001539148538954, 1.0, 3.899313545434709)
15.87999999999975 (-6.9509830948617815, 1.0, 3.9520255018540795)
15.89999999999975 (-6.916172292200987, 1.0, 3.9954958327514465)
15.91999999999975 (-6.897484806942359, 1.0, 4.030313421562659)
15.939999999999749 (-6.895256405015053, 1.0, 4.057183835377652)
15.959999999999749 (-6.909799079962481, 1.0, 4.0769084033271135)
15.979999999999748 (-6.941391059332222, 1.0, 4.090423638842986)
15.999999999999748 (-6.9904357140701245, 1.0, 4.098523735688988)
16.019999999999747 (-7.057454653308704, 1.0, 4.101677100260092)
16.039999999999747 (-7.14309536844528, 1.0, 4.099886643792596)
16.059999999999746 (-7.2481143069045135, 1.0, 4.092495796841738)
16.079999999999746 (-7.373283537922162, 1.0, 4.07812516813481)
16.099999999999746 (-7.519246585450992, 1.0, 4.054643459417668)
16.119999999999745 (-7.68634494374641, 1.0, 4.0193553430294)
16.139999999999745 (-7.874440912437323, 1.0, 3.9696423829321037)
16.159999999999744 (-8.0824514567022, 1.0, 3.903972445287203)
16.179999999999744 (-8.303257751928156, 1.0, 3.825032914215553)
16.199999999999743 (-8.527554566482067, 1.0, 3.7386863961198906)
16.219999999999743 (-8.746162438770254, 1.0, 3.651149989876157)
16.239999999999743 (-8.951349930838049, 1.0, 3.5686643090104826)
16.259999999999742 (-9.141342221502581, 1.0, 3.494878937402602)
16.279999999999742 (-9.316398950635778, 1.0, 3.4309691761948296)
16.29999999999974 (-9.476935070651068, 1.0, 3.3784865891422675)
16.31999999999974 (-9.623638126182925, 1.0, 3.3390305936448086)
16.33999999999974 (-9.757436611136995, 1.0, 3.3139783167092975)
16.35999999999974 (-9.879362059615346, 1.0, 3.3043546160760284)
16.37999999999974 (-9.990431364303037, 1.0, 3.3107924855602406)
16.39999999999974 (-10.091585005151948, 1.0, 3.3335637661064297)
16.41999999999974 (-10.183681295039827, 1.0, 3.3726573536739077)
16.43999999999974 (-10.267521683304656, 1.0, 3.4278259018127812)
16.459999999999738 (-10.34367173230305, 1.0, 3.4972981942650914)
16.479999999999738 (-10.411560661230594, 1.0, 3.5777970061952082)
16.499999999999737 (-10.470570324729582, 1.0, 3.667115072948151)
16.519999999999737 (-10.52052043633341, 1.0, 3.763888174699686)
16.539999999999736 (-10.561530463720713, 1.0, 3.8674492551416897)
16.559999999999736 (-10.593929141633314, 1.0, 3.977698065062458)
16.579999999999735 (-10.618143837776834, 1.0, 4.094913968602247)
16.599999999999735 (-10.634616317511284, 1.0, 4.219631337471996)
16.619999999999735 (-10.643747046566972, 1.0, 4.352530038587996)
16.639999999999734 (-10.645946175880532, 1.0, 4.494427347015686)
16.659999999999734 (-10.641687156661597, 1.0, 4.646497174566314)
16.679999999999733 (-10.631053106081772, 1.0, 4.809856769373538)
16.699999999999733 (-10.61355378619798, 1.0, 4.984886607726537)
16.719999999999732 (-10.588189573744181, 1.0, 5.170815085544384)
16.739999999999732 (-10.556185486383846, 1.0, 5.361981870663083)
16.75999999999973 (-10.521796900391198, 1.0, 5.546307444894414)
16.77999999999973 (-10.488844526265304, 1.0, 5.712681893136044)
16.79999999999973 (-10.458563900402202, 1.0, 5.857228221841848)
16.81999999999973 (-10.431259195103685, 1.0, 5.981463521764448)
16.83999999999973 (-10.407560104094683, 1.0, 6.087103242268736)
16.85999999999973 (-10.388038307503235, 1.0, 6.174885673190154)
16.87999999999973 (-10.373226285240861, 1.0, 6.2452073706065905)
16.89999999999973 (-10.363800781648191, 1.0, 6.29833068179876)
16.919999999999728 (-10.360499669141992, 1.0, 6.334444307893001)
16.939999999999728 (-10.364124895372209, 1.0, 6.353731357965857)
16.959999999999727 (-10.375501412882157, 1.0, 6.356530134213146)
16.979999999999727 (-10.395420607873007, 1.0, 6.343140266623175)
16.999999999999726 (-10.424628732626346, 1.0, 6.3136997317309)
17.019999999999726 (-10.463823261300481, 1.0, 6.268210381655913)
17.039999999999726 (-10.513590323854341, 1.0, 6.206397474381343)
17.059999999999725 (-10.574321372716343, 1.0, 6.127896268911595)
17.079999999999725 (-10.646287875000686, 1.0, 6.032245007080498)
17.099999999999724 (-10.729458580411189, 1.0, 5.918613328742704)
17.119999999999724 (-10.823308582789906, 1.0, 5.785890370773832)
17.139999999999723 (-10.927031033553622, 1.0, 5.633249225909983)
17.159999999999723 (-11.03854406570484, 1.0, 5.461997954541502)
17.179999999999723 (-11.153333742416793, 1.0, 5.278415619307553)
17.199999999999722 (-11.266794865609398, 1.0, 5.092351730594474)
17.21999999999972 (-11.375791877791553, 1.0, 4.913561740459913)
17.23999999999972 (-11.478339055951446, 1.0, 4.748953763147222)
17.25999999999972 (-11.574581694599686, 1.0, 4.60127471934047)
17.27999999999972 (-11.665418806532724, 1.0, 4.471062923220667)
17.29999999999972 (-11.751791460713454, 1.0, 4.359138504863646)
17.31999999999972 (-11.834797151409823, 1.0, 4.266197152263004)
17.33999999999972 (-11.915538348055211, 1.0, 4.192668698759643)
17.35999999999972 (-11.994983102747373, 1.0, 4.138697702722423)
17.37999999999972 (-12.073885812732314, 1.0, 4.104168187115323)
17.399999999999718 (-12.152775023929323, 1.0, 4.088749668135322)
17.419999999999717 (-12.231981306118781, 1.0, 4.091950432994284)
17.439999999999717 (-12.311693287234295, 1.0, 4.113139157043678)
17.459999999999717 (-12.392021292109321, 1.0, 4.151638172366332)
17.479999999999716 (-12.473056334501939, 1.0, 4.206778245519645)
17.499999999999716 (-12.554908941045074, 1.0, 4.27794576548103)
17.519999999999715 (-12.63772079081436, 1.0, 4.3646203870830185)
17.539999999999715 (-12.721642450073317, 1.0, 4.466397536224538)
17.559999999999715 (-12.806768230618491, 1.0, 4.582987994991382)
17.579999999999714 (-12.891934805456387, 1.0, 4.712205926095051)
17.599999999999714 (-12.973287293928792, 1.0, 4.8502426219352115)
17.619999999999713 (-13.048193663590022, 1.0, 4.996014134365494)
17.639999999999713 (-13.116158026771052, 1.0, 5.1498029856742535)
17.659999999999712 (-13.177594092719445, 1.0, 5.312428044157786)
17.679999999999712 (-13.233225438244956, 1.0, 5.484821295987335)
17.69999999999971 (-13.283820089558477, 1.0, 5.6679771815638)
17.71999999999971 (-13.32986799796719, 1.0, 5.860692338589879)
17.73999999999971 (-13.372758371764553, 1.0, 6.0526552337443515)
17.75999999999971 (-13.412706601886685, 1.0, 6.231529961341769)
17.77999999999971 (-13.449514644319963, 1.0, 6.391274026299976)
17.79999999999971 (-13.483140300492936, 1.0, 6.5317143027922455)
17.81999999999971 (-13.514183536517645, 1.0, 6.654242345690477)
17.83999999999971 (-13.543133982630133, 1.0, 6.759034744534195)
17.859999999999708 (-13.57034701869642, 1.0, 6.84584470655865)
17.879999999999708 (-13.596307440049957, 1.0, 6.914445686535403)
17.899999999999707 (-13.621610232404587, 1.0, 6.964675823907291)
17.919999999999707 (-13.646951647817867, 1.0, 6.996515842483714)
17.939999999999706 (-13.673136679041612, 1.0, 7.010077324680498)
17.959999999999706 (-13.701118767902944, 1.0, 7.005576328094809)
17.979999999999706 (-13.73192710213601, 1.0, 6.983284001935506)
17.999999999999705 (-13.766420795922906, 1.0, 6.943206070806464)
18.019999999999705 (-13.805233200328235, 1.0, 6.885090217149279)
18.039999999999704 (-13.848553576679862, 1.0, 6.808269310910972)
18.059999999999704 (-13.895996935548041, 1.0, 6.711637811762946)
18.079999999999703 (-13.946523516299324, 1.0, 6.593741217576795)
18.099999999999703 (-13.998306880442673, 1.0, 6.452878562751271)
18.119999999999703 (-14.048860215583483, 1.0, 6.287388463318121)
18.139999999999702 (-14.095653333821769, 1.0, 6.096189765738802)
18.1599999999997 (-14.136388098122644, 1.0, 5.879058635294305)
18.1799999999997 (-14.170252331329822, 1.0, 5.643031715706946)
18.1999999999997 (-14.1982884038539, 1.0, 5.399040055634352)
18.2199999999997 (-14.22166042641363, 1.0, 5.1584915708675965)
18.2399999999997 (-14.242590155846589, 1.0, 4.931632410894219)
18.2599999999997 (-14.263724440581848, 1.0, 4.721994332489378)
18.2799999999997 (-14.28650034682215, 1.0, 4.530130276231206)
18.2999999999997 (-14.312534357819544, 1.0, 4.356358308087233)
18.3199999999997 (-14.343674687964537, 1.0, 4.200805561152329)
18.339999999999698 (-14.381698205907375, 1.0, 4.06326111366188)
18.359999999999697 (-14.42810239842929, 1.0, 3.943243207431306)
18.379999999999697 (-14.484011106498738, 1.0, 3.840095469030683)
18.399999999999697 (-14.550176276412168, 1.0, 3.75306110252399)
18.419999999999696 (-14.626919293619936, 1.0, 3.681258249958263)
18.439999999999696 (-14.712904514054479, 1.0, 3.6234681323766798)
18.459999999999695 (-14.805753525613751, 1.0, 3.5788508989757637)
18.479999999999695 (-14.903537723912248, 1.0, 3.546820294841049)
18.499999999999694 (-15.004916944117674, 1.0, 3.526819199390822)
18.519999999999694 (-15.109204339645949, 1.0, 3.5183186811223393)
18.539999999999694 (-15.216205442265776, 1.0, 3.5208468094700294)
18.559999999999693 (-15.326051519004881, 1.0, 3.5340143369387107)
18.579999999999693 (-15.439237707501974, 1.0, 3.5575201575495985)
18.599999999999692 (-15.556455320454598, 1.0, 3.591163075280564)
18.619999999999692 (-15.678525532026093, 1.0, 3.634825184790978)
18.63999999999969 (-15.806527402019492, 1.0, 3.688431440842817)
18.65999999999969 (-15.941810815622787, 1.0, 3.7520820036590976)
18.67999999999969 (-16.08530697370323, 1.0, 3.8261901116238053)
18.69999999999969 (-16.23697243748996, 1.0, 3.9113650068138566)
18.71999999999969 (-16.395504817454558, 1.0, 4.008199773727568)
18.73999999999969 (-16.55652798140616, 1.0, 4.114219836413469)
18.75999999999969 (-16.71122663256912, 1.0, 4.221082952998679)
18.77999999999969 (-16.850438252982535, 1.0, 4.320373991631489)
18.799999999999688 (-16.97044613448332, 1.0, 4.4086531885249975)
18.819999999999688 (-17.072359438604646, 1.0, 4.485929121663878)
18.839999999999687 (-17.158305884339942, 1.0, 4.552401944846918)
18.859999999999687 (-17.229406848498833, 1.0, 4.607873844968021)
18.879999999999686 (-17.286315124585446, 1.0, 4.652040520853677)
18.899999999999686 (-17.329609929252793, 1.0, 4.684436574178892)
18.919999999999686 (-17.359826403607254, 1.0, 4.704474697403431)
18.939999999999685 (-17.377435428799764, 1.0, 4.711498729580527)
18.959999999999685 (-17.382967661278652, 1.0, 4.704842987850758)
18.979999999999684 (-17.37704517153021, 1.0, 4.683864057305831)
18.999999999999684 (-17.360173007669843, 1.0, 4.647930021623173)
19.019999999999683 (-17.332647302892045, 1.0, 4.596396356939807)
19.039999999999683 (-17.29463881252335, 1.0, 4.528702842487494)
19.059999999999683 (-17.246205148694084, 1.0, 4.444318314057655)
19.079999999999682 (-17.187120143532958, 1.0, 4.342739065402521)
19.09999999999968 (-17.116704679388047, 1.0, 4.223625589774649)
19.11999999999968 (-17.033981471964392, 1.0, 4.086956086523259)
19.13999999999968 (-16.938045099507537, 1.0, 3.933029372074334)
19.15999999999968 (-16.829465907636923, 1.0, 3.7644742205101207)
19.17999999999968 (-16.712289460916242, 1.0, 3.5881558909237232)
19.19999999999968 (-16.593479152340226, 1.0, 3.4124352291412445)
19.21999999999968 (-16.480300927388637, 1.0, 3.2439980604056764)
19.23999999999968 (-16.377708956295322, 1.0, 3.0872886502554593)
19.25999999999968 (-16.28799503490018, 1.0, 2.9433317495491464)
19.279999999999678 (-16.21202182017448, 1.0, 2.8115741891182604)
19.299999999999677 (-16.150838935044376, 1.0, 2.691586579345817)
19.319999999999677 (-16.10545234557955, 1.0, 2.5827561488884583)
19.339999999999677 (-16.076642944329283, 1.0, 2.4843594733063266)
19.359999999999676 (-16.064885172862034, 1.0, 2.395681375079668)
19.379999999999676 (-16.070336282102208, 1.0, 2.3160891109988695)
19.399999999999675 (-16.092870310338085, 1.0, 2.245061516517184)
19.419999999999675 (-16.132128900150374, 1.0, 2.1821824196531128)
19.439999999999674 (-16.1875752358106, 1.0, 2.1271056561612385)
19.459999999999674 (-16.258599250380602, 1.0, 2.079536813337684)
19.479999999999674 (-16.344590083458716, 1.0, 2.0392029725907337)
19.499999999999673 (-16.44499650407814, 1.0, 2.00583553011574)
19.519999999999673 (-16.55937014805341, 1.0, 1.9791695050709537)
19.539999999999672 (-16.687386456984406, 1.0, 1.958960549190597)
19.559999999999672 (-16.82883897674248, 1.0, 1.945019069447369)
19.57999999999967 (-16.983612980671165, 1.0, 1.9372467217450562)
19.59999999999967 (-17.15161320703592, 1.0, 1.935702902220439)
19.61999999999967 (-17.329581621543973, 1.0, 1.9406822768435004)
19.63999999999967 (-17.51210783724647, 1.0, 1.9542113872642655)
19.65999999999967 (-17.697546393078426, 1.0, 1.9780928846517416)
19.67999999999967 (-17.886348499963972, 1.0, 2.0128451253531687)
19.69999999999967 (-18.079629869996744, 1.0, 2.058393845361315)
19.71999999999967 (-18.27531610728521, 1.0, 2.1115265284415212)
19.739999999999668 (-18.4646795567923, 1.0, 2.165418836128578)
19.759999999999668 (-18.639104524602335, 1.0, 2.2142725304963835)
19.779999999999667 (-18.795147815289702, 1.0, 2.256195771204472)
19.799999999999667 (-18.933728951901987, 1.0, 2.2914268331490666)
19.819999999999666 (-19.055880493088903, 1.0, 2.3199410379857603)
19.839999999999666 (-19.161662134045805, 1.0, 2.3414303509294276)
19.859999999999665 (-19.250851487477185, 1.0, 2.355484025038419)
19.879999999999665 (-19.32336356965922, 1.0, 2.3615860174479044)
19.899999999999665 (-19.379418311673952, 1.0, 2.3591445321091022)
19.919999999999664 (-19.41940430569305, 1.0, 2.3475590434320712)
19.939999999999664 (-19.443962026049814, 1.0, 2.3261642963960076)
19.959999999999663 (-19.454004383600733, 1.0, 2.2942258945912353)
19.979999999999663 (-19.450296840516508, 1.0, 2.250959271610712)
19.999999999999662 (-19.43331311906719, 1.0, 2.1956249620117205)
20.019999999999662 (-19.402959486653806, 1.0, 2.127618148886872)
20.03999999999966 (-19.35847346810351, 1.0, 2.046545098009365)
20.05999999999966 (-19.298434748447818, 1.0, 1.952316334097205)
20.07999999999966 (-19.22075340286139, 1.0, 1.8452996994948825)
20.09999999999966 (-19.122708739467967, 1.0, 1.7265062821475519)
20.11999999999966 (-19.001368900074304, 1.0, 1.5975885979495514)
20.13999999999966 (-18.85450656480824, 1.0, 1.4604697001071891)
20.15999999999966 (-18.68068524684283, 1.0, 1.3172301045682842)
20.17999999999966 (-18.484551791612777, 1.0, 1.17131853584059)
20.19999999999966 (-18.276106912074106, 1.0, 1.0272620119708142)
20.219999999999658 (-18.06653202354803, 1.0, 0.8895605294608059)
20.239999999999657 (-17.866318840241775, 1.0, 0.7610871920611851)
20.259999999999657 (-17.68075116000456, 1.0, 0.6411962976340673)
20.279999999999657 (-17.511452735077025, 1.0, 0.5284908158732518)
20.299999999999656 (-17.359446260200365, 1.0, 0.4216249047694244)
20.319999999999656 (-17.22579184567939, 1.0, 0.3188856793054827)
20.339999999999655 (-17.111195403532204, 1.0, 0.21841754610803943)
20.359999999999655 (-17.0159014782369, 1.0, 0.11851369019867548)
20.379999999999654 (-16.939491283697237, 1.0, 0.018091446190910212)
20.399999999999654 (-16.88081860869729, 1.0, -0.08279027467616473)
20.419999999999654 (-16.838787831918253, 1.0, -0.18359219768262333)
20.439999999999653 (-16.812405415089213, 1.0, -0.28385870766053845)
20.459999999999653 (-16.800725233438165, 1.0, -0.38325832905012447)
20.479999999999652 (-16.802895427526632, 1.0, -0.4816412532551128)
20.499999999999652 (-16.818065910058504, 1.0, -0.5789245459349176)
20.51999999999965 (-16.845287534360928, 1.0, -0.6748190951091932)
20.53999999999965 (-16.883774330913774, 1.0, -0.7688973763930549)
20.55999999999965 (-16.9331409793273, 1.0, -0.8611407867505314)
20.57999999999965 (-16.99332725954865, 1.0, -0.9520887152127823)
20.59999999999965 (-17.06446119806496, 1.0, -1.0426160314097948)
20.61999999999965 (-17.146790266920302, 1.0, -1.1338493657214022)
20.63999999999965 (-17.2408347897653, 1.0, -1.2273431554716632)
20.65999999999965 (-17.347375241219318, 1.0, -1.3244823802520063)
20.679999999999648 (-17.46707048127456, 1.0, -1.4258211851164815)
20.699999999999648 (-17.600362590390667, 1.0, -1.5308089804556608)
20.719999999999647 (-17.747205084428355, 1.0, -1.6377423257617942)
20.739999999999647 (-17.904016013408746, 1.0, -1.7434500474106254)
20.759999999999646 (-18.061706989604094, 1.0, -1.8432088153494923)
20.779999999999646 (-18.20954947453097, 1.0, -1.9321283229277213)
20.799999999999645 (-18.34044585615659, 1.0, -2.0073943421180642)
20.819999999999645 (-18.453621538995733, 1.0, -2.0691307583338183)
20.839999999999645 (-18.5505220419612, 1.0, -2.11957366413481)
20.859999999999644 (-18.631487972809424, 1.0, -2.1601783145348965)
20.879999999999644 (-18.696557800274324, 1.0, -2.1916969513279643)
20.899999999999643 (-18.745642556680483, 1.0, -2.2148963316503547)
20.919999999999643 (-18.778470267925144, 1.0, -2.230611546534359)
20.939999999999642 (-18.79462829896266, 1.0, -2.239599784619712)
20.959999999999642 (-18.793685620479526, 1.0, -2.2425690507050002)
20.97999999999964 (-18.7752148417309, 1.0, -2.2402564305991683)
20.99999999999964 (-18.738808745967038, 1.0, -2.233450788459123)
21.01999999999964 (-18.684048802957356, 1.0, -2.222812526922313)
21.03999999999964 (-18.61052031444682, 1.0, -2.2088328338186924)
21.05999999999964 (-18.517827780911972, 1.0, -2.1918783074260504)
21.07999999999964 (-18.405552207382154, 1.0, -2.1721668305285458)
21.09999999999964 (-18.27319539560442, 1.0, -2.149600883043971)
21.11999999999964 (-18.12041058245845, 1.0, -2.1237458901423767)
21.139999999999638 (-17.94708027272382, 1.0, -2.093992142960757)
21.159999999999638 (-17.7565715133573, 1.0, -2.059894805895207)
21.179999999999637 (-17.55757791215885, 1.0, -2.0226314160461114)
21.199999999999637 (-17.3602416222143, 1.0, -1.9852863657202593)
21.219999999999636 (-17.17343579473465, 1.0, -1.9516210908303742)
21.239999999999636 (-17.001976713126567, 1.0, -1.9238947855993576)
21.259999999999636 (-16.847381748312003, 1.0, -1.9029199684425748)
21.279999999999635 (-16.709625912791903, 1.0, -1.8898065896018916)
21.299999999999635 (-16.5887588321927, 1.0, -1.8855437857425572)
21.319999999999634 (-16.4847431240493, 1.0, -1.8910280248356477)
21.339999999999634 (-16.397348962429596, 1.0, -1.9070422441637964)
21.359999999999634 (-16.326234566824354, 1.0, -1.9341135640139422)
21.379999999999633 (-16.271009816253372, 1.0, -1.9724553147236819)
21.399999999999633 (-16.231268054004133, 1.0, -2.0219877694490758)
21.419999999999632 (-16.206581378055112, 1.0, -2.08237462423552)
21.439999999999632 (-16.196523582002264, 1.0, -2.153104062111675)
21.45999999999963 (-16.200683774254298, 1.0, -2.2335735697902908)
21.47999999999963 (-16.218671498557033, 1.0, -2.3231631418272385)
21.49999999999963 (-16.250127377581954, 1.0, -2.4212945921945472)
21.51999999999963 (-16.29473946163658, 1.0, -2.527470646336723)
21.53999999999963 (-16.3522629242677, 1.0, -2.641291380233896)
21.55999999999963 (-16.422539460990432, 1.0, -2.762449128478659)
21.57999999999963 (-16.505512788774592, 1.0, -2.890705173321222)
21.59999999999963 (-16.60123753029131, 1.0, -3.0258521584892994)
21.619999999999628 (-16.709879917633078, 1.0, -3.167664808648764)
21.639999999999628 (-16.831709516786415, 1.0, -3.3158374834093096)
21.659999999999627 (-16.967080629831223, 1.0, -3.469898747558836)
21.679999999999627 (-17.116238325486517, 1.0, -3.6289127728872854)
21.699999999999626 (-17.274983740558593, 1.0, -3.78670420219652)
21.719999999999626 (-17.434377749407872, 1.0, -3.937229007954141)
21.739999999999625 (-17.584289816800496, 1.0, -4.076293366102125)
21.759999999999625 (-17.718985435764772, 1.0, -4.2025536005913064)
21.779999999999625 (-17.837617966586066, 1.0, -4.316643750186451)
21.799999999999624 (-17.940950690140678, 1.0, -4.419865459840438)
21.819999999999624 (-18.0289458785535, 1.0, -4.512607454571599)
21.839999999999623 (-18.101309287162014, 1.0, -4.594861981137907)
21.859999999999623 (-18.157668353242087, 1.0, -4.666686326245974)
21.879999999999622 (-18.197684587998094, 1.0, -4.7284169897598645)
21.899999999999622 (-18.221111475984852, 1.0, -4.780736991540734)
21.91999999999962 (-18.22780848564718, 1.0, -4.824646796207255)
21.93999999999962 (-18.217688358674827, 1.0, -4.861302939027266)
21.95999999999962 (-18.19065193137452, 1.0, -4.8918812166670005)
21.97999999999962 (-18.146512883095312, 1.0, -4.917419959259224)
21.99999999999962 (-18.08490094228889, 1.0, -4.93857044126534)
22.01999999999962 (-18.00520224707762, 1.0, -4.9553617815915185)
22.03999999999962 (-17.90660386208841, 1.0, -4.967128604014242)
22.05999999999962 (-17.788186459525875, 1.0, -4.9724280473287745)
22.079999999999618 (-17.64906104065203, 1.0, -4.968897086000144)
22.099999999999618 (-17.488581593264584, 1.0, -4.95318986322654)
22.119999999999617 (-17.306626827322088, 1.0, -4.921219419634858)
22.139999999999617 (-17.10394699992651, 1.0, -4.869543222816715)
22.159999999999616 (-16.881736301387072, 1.0, -4.796082812446916)
22.179999999999616 (-16.64380996440681, 1.0, -4.701707675295314)
22.199999999999616 (-16.399573470738382, 1.0, -4.591670382508781)
22.219999999999615 (-16.159318770160027, 1.0, -4.4740899564245815)
22.239999999999615 (-15.93126132646522, 1.0, -4.357041602565496)
22.259999999999614 (-15.718498587463229, 1.0, -4.246289312966903)
22.279999999999614 (-15.520926427851714, 1.0, -4.1445329767098285)
22.299999999999613 (-15.337845083708594, 1.0, -4.053656682649814)
22.319999999999613 (-15.16822994796215, 1.0, -3.9755647814613226)
22.339999999999613 (-15.010799640100025, 1.0, -3.911595020383677)
22.359999999999612 (-14.864499687906228, 1.0, -3.8620847554363276)
22.37999999999961 (-14.728675866794896, 1.0, -3.826663509331116)
22.39999999999961 (-14.602816257709867, 1.0, -3.8048925635154376)
22.41999999999961 (-14.48643729353092, 1.0, -3.7962096973050925)
22.43999999999961 (-14.379066347786752, 1.0, -3.7999855780302276)
22.45999999999961 (-14.280237196258213, 1.0, -3.8155773263231088)
22.47999999999961 (-14.189509808104269, 1.0, -3.8423488841943234)
22.49999999999961 (-14.106398834914405, 1.0, -3.8797728220997847)
22.51999999999961 (-14.030367439032679, 1.0, -3.9274809537409334)
22.53999999999961 (-13.960811599590212, 1.0, -3.985289247808627)
22.559999999999608 (-13.898736179537108, 1.0, -4.056530093104121)
22.579999999999607 (-13.843674424049942, 1.0, -4.144281595837665)
22.599999999999607 (-13.7934816823299, 1.0, -4.246201236389308)
22.619999999999607 (-13.745721649648459, 1.0, -4.3573170702709065)
22.639999999999606 (-13.699963247605686, 1.0, -4.475616833342311)
22.659999999999606 (-13.656694009076869, 1.0, -4.606615870162502)
22.679999999999605 (-13.615151312525485, 1.0, -4.751626111529902)
22.699999999999605 (-13.575790146817836, 1.0, -4.910672153946754)
22.719999999999605 (-13.540245512388278, 1.0, -5.082856410005807)
22.739999999999604 (-13.510378190815285, 1.0, -5.26483737147992)
22.759999999999604 (-13.487497486875137, 1.0, -5.44857619190295)
22.779999999999603 (-13.471818587455205, 1.0, -5.623112299385778)
22.799999999999603 (-13.462929837250933, 1.0, -5.778468616294752)
22.819999999999602 (-13.460451029703131, 1.0, -5.91205851159487)
22.839999999999602 (-13.462891534209628, 1.0, -6.025347722532369)
22.8599999999996 (-13.468566489934782, 1.0, -6.119751057677505)
22.8799999999996 (-13.476493248035963, 1.0, -6.19571224412807)
22.8999999999996 (-13.486039587510936, 1.0, -6.253432269984011)
22.9199999999996 (-13.496441486734273, 1.0, -6.293051564229955)
22.9399999999996 (-13.506692341058594, 1.0, -6.314651243234233)
22.9599999999996 (-13.51585222992094, 1.0, -6.318123141541314)
22.9799999999996 (-13.523054108211184, 1.0, -6.303353745351186)
22.9999999999996 (-13.527435293953474, 1.0, -6.27027231496915)
23.019999999999598 (-13.528165706848513, 1.0, -6.21882995532429)
23.039999999999598 (-13.524437363923834, 1.0, -6.149044674628769)
23.059999999999597 (-13.515515258292476, 1.0, -6.060968485048324)
23.079999999999597 (-13.50075585912994, 1.0, -5.95457841652469)
23.099999999999596 (-13.479751399596472, 1.0, -5.829565147052254)
23.119999999999596 (-13.452313493065512, 1.0, -5.6857412177145505)
23.139999999999596 (-13.418366027969604, 1.0, -5.523134736906244)
23.159999999999595 (-13.380145762947322, 1.0, -5.346216466244721)
23.179999999999595 (-13.33947769274714, 1.0, -5.164131701551971)
23.199999999999594 (-13.297853395634093, 1.0, -4.9864962212415485)
23.219999999999594 (-13.256108457484732, 1.0, -4.822334566072316)
23.239999999999593 (-13.214747830428207, 1.0, -4.675517570481143)
23.259999999999593 (-13.17437133574688, 1.0, -4.547149487168796)
23.279999999999593 (-13.13439359125041, 1.0, -4.4376312066469685)
23.299999999999592 (-13.094208467008214, 1.0, -4.347575373734748)
23.31999999999959 (-13.053315675930634, 1.0, -4.2772558583946845)
23.33999999999959 (-13.011446651422844, 1.0, -4.226781834243779)
23.35999999999959 (-12.968537207901683, 1.0, -4.196084309249923)
23.37999999999959 (-12.924647248591183, 1.0, -4.184906890695327)
23.39999999999959 (-12.880048514333353, 1.0, -4.192823615982291)
23.41999999999959 (-12.835221937216598, 1.0, -4.219268912039457)
23.43999999999959 (-12.790801425793443, 1.0, -4.263587454806931)
23.45999999999959 (-12.747524569674393, 1.0, -4.325087058754727)
23.47999999999959 (-12.706183413125364, 1.0, -4.403071113157067)
23.499999999999588 (-12.66754824821205, 1.0, -4.496841349503322)
23.519999999999587 (-12.632375413285372, 1.0, -4.605715809700098)
23.539999999999587 (-12.600580265292319, 1.0, -4.729407553567659)
23.559999999999587 (-12.568302373135683, 1.0, -4.868218427202884)
23.579999999999586 (-12.53298004074387, 1.0, -5.021682676392572)
23.599999999999586 (-12.494767883773708, 1.0, -5.189403127403507)
23.619999999999585 (-12.454563283436752, 1.0, -5.371431675042173)
23.639999999999585 (-12.4136815862809, 1.0, -5.567856490874348)
23.659999999999584 (-12.373911804374277, 1.0, -5.778522954382966)
23.679999999999584 (-12.337495095106053, 1.0, -6.002187758625263)
23.699999999999584 (-12.306212427657481, 1.0, -6.2259070645100145)
23.719999999999583 (-12.280856589171815, 1.0, -6.434854898891775)
23.739999999999583 (-12.258515984339214, 1.0, -6.621818597020499)
23.759999999999582 (-12.236594315432997, 1.0, -6.788506943926841)
23.779999999999582 (-12.212959435951712, 1.0, -6.937097661110849)
23.79999999999958 (-12.1871827847234, 1.0, -7.067398839751405)
23.81999999999958 (-12.1592323146435, 1.0, -7.17948346453375)
23.83999999999958 (-12.129016024302874, 1.0, -7.273381258791634)
23.85999999999958 (-12.095949611738243, 1.0, -7.348844870327733)
23.87999999999958 (-12.05963878387292, 1.0, -7.406084464796379)
23.89999999999958 (-12.019562780211695, 1.0, -7.445286630085583)
23.91999999999958 (-11.975077524477383, 1.0, -7.466762222803673)
23.93999999999958 (-11.92547976129105, 1.0, -7.470880979891665)
23.959999999999578 (-11.870102004976697, 1.0, -7.457879155025593)
23.979999999999578 (-11.808387335303733, 1.0, -7.427722744157903)
23.999999999999577 (-11.739968947405684, 1.0, -7.379995288807652)
24.019999999999577 (-11.664749639705304, 1.0, -7.313853635434764)
24.039999999999576 (-11.58293794172828, 1.0, -7.2281139971752335)
24.059999999999576 (-11.495306871681969, 1.0, -7.121067879280407)
24.079999999999576 (-11.40347793034113, 1.0, -6.990441373978908)
24.099999999999575 (-11.310003539491746, 1.0, -6.83368981774067)
24.119999999999575 (-11.218278475271203, 1.0, -6.648448832857324)
24.139999999999574 (-11.132375537217419, 1.0, -6.433021344640547)
24.159999999999574 (-11.056234925864356, 1.0, -6.186793232505396)
24.179999999999573 (-10.992921620858288, 1.0, -5.914887485489898)
24.199999999999573 (-10.943176047557827, 1.0, -5.629943615238274)
24.219999999999573 (-10.905313535952985, 1.0, -5.345492323994229)
24.239999999999572 (-10.87701723728134, 1.0, -5.072908926188252)
24.25999999999957 (-10.854636671247185, 1.0, -4.8169855477030135)
24.27999999999957 (-10.83588231306753, 1.0, -4.578263713650077)
24.29999999999957 (-10.81890764563074, 1.0, -4.357384644417365)
24.31999999999957 (-10.80181650049637, 1.0, -4.154572664804537)
24.33999999999957 (-10.783327536223625, 1.0, -3.96957931319168)
24.35999999999957 (-10.762444536100304, 1.0, -3.802035399661095)
24.37999999999957 (-10.738443588348163, 1.0, -3.651417990937747)
24.39999999999957 (-10.710835927557424, 1.0, -3.517099500087874)
24.41999999999957 (-10.679319389316655, 1.0, -3.3983828684934223)
24.439999999999568 (-10.64366259089285, 1.0, -3.294534506047992)
24.459999999999567 (-10.60328880269913, 1.0, -3.204796894833739)
24.479999999999567 (-10.557203573626932, 1.0, -3.1282499229138554)
24.499999999999567 (-10.504727938225725, 1.0, -3.0645828641716713)
24.519999999999566 (-10.4427316553025, 1.0, -3.017426453017172)
24.539999999999566 (-10.369153790118599, 1.0, -2.9845326091469695)
24.559999999999565 (-10.284316827650322, 1.0, -2.9636020574832638)
24.579999999999565 (-10.188295527788476, 1.0, -2.9542376427908565)
24.599999999999564 (-10.080881297767045, 1.0, -2.9562684469842657)
24.619999999999564 (-9.964089187375722, 1.0, -2.9691536949074715)
24.639999999999564 (-9.84161425996716, 1.0, -2.990410905105526)
24.659999999999563 (-9.714057835512198, 1.0, -3.0176148787844683)
24.679999999999563 (-9.576113685142051, 1.0, -3.053328064387236)
24.699999999999562 (-9.426968457004754, 1.0, -3.0973537157477584)
24.719999999999562 (-9.267766419135432, 1.0, -3.150268349833414)
24.73999999999956 (-9.100513373772126, 1.0, -3.213385753971687)
24.75999999999956 (-8.928961197926073, 1.0, -3.2869318719732035)
24.77999999999956 (-8.76181796987401, 1.0, -3.3672342749377844)
24.79999999999956 (-8.609492875920228, 1.0, -3.449413457123637)
24.81999999999956 (-8.479667960319956, 1.0, -3.5289977162160393)
24.83999999999956 (-8.372846256154082, 1.0, -3.60514164472101)
24.85999999999956 (-8.28630031435496, 1.0, -3.6767863914110928)
24.87999999999956 (-8.218414048216482, 1.0, -3.7428496070080706)
24.899999999999558 (-8.16854208205839, 1.0, -3.8025206890794547)
24.919999999999558 (-8.13637961866514, 1.0, -3.8550807546985517)
24.939999999999557 (-8.121752321318152, 1.0, -3.8997985764502556)
24.959999999999557 (-8.124398484369166, 1.0, -3.9358593783608042)
24.979999999999556 (-8.143873692079223, 1.0, -3.9623535718075895)
24.999999999999556 (-8.179620702706385, 1.0, -3.978335850260939)
25.019999999999555 (-8.230755553671058, 1.0, -3.9829746107314357)
25.039999999999555 (-8.295992460525067, 1.0, -3.9754183891030412)
25.059999999999555 (-8.374062535151024, 1.0, -3.9548354694578105)
25.079999999999554 (-8.463807945197729, 1.0, -3.920347446475465)
25.099999999999554 (-8.564786427480785, 1.0, -3.87108661626707)
25.119999999999553 (-8.676634611561445, 1.0, -3.806530828661282)
25.139999999999553 (-8.797624124790982, 1.0, -3.7275686885524237)
25.159999999999553 (-8.922855373180566, 1.0, -3.638101783871117)
25.179999999999552 (-9.045980025382162, 1.0, -3.5437702901347525)
25.19999999999955 (-9.16058492597491, 1.0, -3.450446384452072)
25.21999999999955 (-9.260442279432564, 1.0, -3.363410103970833)
25.23999999999955 (-9.343810011796508, 1.0, -3.28498945571128)
25.25999999999955 (-9.411145462479025, 1.0, -3.216791374535384)
25.27999999999955 (-9.462516022730657, 1.0, -3.1599284941735215)
25.29999999999955 (-9.49777989242399, 1.0, -3.114433246607735)
25.31999999999955 (-9.516806875231504, 1.0, -3.0805118635899538)
25.33999999999955 (-9.519770232976388, 1.0, -3.058484940337321)
25.35999999999955 (-9.507120748422448, 1.0, -3.0486671202794997)
25.379999999999548 (-9.479620728606227, 1.0, -3.0514140845529845)
25.399999999999547 (-9.43831900849563, 1.0, -3.0672112481027334)
25.419999999999547 (-9.384486163057785, 1.0, -3.09656799054628)
25.439999999999547 (-9.317561719394739, 1.0, -3.1381662231496628)
25.459999999999546 (-9.236603401824, 1.0, -3.1893564207862553)
25.479999999999546 (-9.142437051435909, 1.0, -3.249220326610831)
25.499999999999545 (-9.036577246765258, 1.0, -3.3179874434141015)
25.519999999999545 (-8.919680796352418, 1.0, -3.3958671543731103)
25.539999999999544 (-8.791667635910757, 1.0, -3.4825732823212)
25.559999999999544 (-8.652528154071508, 1.0, -3.5777409795593904)
25.579999999999544 (-8.502633602231978, 1.0, -3.681436673740323)
25.599999999999543 (-8.343307185970891, 1.0, -3.7944938568878976)
25.619999999999543 (-8.176825352415698, 1.0, -3.918130402296604)
25.639999999999542 (-8.005735704466868, 1.0, -4.053298349338836)
25.659999999999542 (-7.83782725593417, 1.0, -4.194700256949871)
25.67999999999954 (-7.684237977462945, 1.0, -4.332197325566022)
25.69999999999954 (-7.550582614700669, 1.0, -4.457625039840652)
25.71999999999954 (-7.435612151214477, 1.0, -4.567640720064327)
25.73999999999954 (-7.334995993288589, 1.0, -4.661918548507653)
25.75999999999954 (-7.244126911555362, 1.0, -4.74104527153996)
25.77999999999954 (-7.1603212144762605, 1.0, -4.805825412209672)
25.79999999999954 (-7.082562411996737, 1.0, -4.856645259304936)
25.81999999999954 (-7.0113672885881675, 1.0, -4.893263556407324)
25.839999999999538 (-6.947957237960432, 1.0, -4.91508372857316)
25.859999999999538 (-6.893089426956963, 1.0, -4.921442482537958)
25.879999999999537 (-6.846402659628492, 1.0, -4.912135237974213)
25.899999999999537 (-6.806658328866967, 1.0, -4.887263539666867)
25.919999999999536 (-6.772360606057038, 1.0, -4.847026891430621)
25.939999999999536 (-6.742407374620446, 1.0, -4.791443938497479)
25.959999999999535 (-6.716208470818567, 1.0, -4.720276020466949)
25.979999999999535 (-6.69362925249306, 1.0, -4.633054759040208)
25.999999999999535 (-6.675118430719371, 1.0, -4.529078072046721)
26.019999999999534 (-6.661811165902716, 1.0, -4.407466473888608)
26.039999999999534 (-6.655689356737381, 1.0, -4.267266542754207)
26.059999999999533 (-6.659855979857791, 1.0, -4.107608965659541)
26.079999999999533 (-6.681209705857413, 1.0, -3.9278492575681354)
26.099999999999532 (-6.728005231426555, 1.0, -3.7291638418110478)
26.119999999999532 (-6.8016753448373946, 1.0, -3.5132433438795347)
26.13999999999953 (-6.902811498880742, 1.0, -3.281491903990177)
26.15999999999953 (-7.034268072280873, 1.0, -3.036251338473265)
26.17999999999953 (-7.197302323165425, 1.0, -2.7836388467300033)
26.19999999999953 (-7.383995483551666, 1.0, -2.535635846537412)
26.21999999999953 (-7.582038298563578, 1.0, -2.3006784130249813)
26.23999999999953 (-7.781493510303355, 1.0, -2.083798990398246)
26.25999999999953 (-7.976580090689063, 1.0, -1.8853466203585836)
26.27999999999953 (-8.165270437713392, 1.0, -1.7043812554797089)
26.299999999999528 (-8.34558568654013, 1.0, -1.5403565204013174)
26.319999999999528 (-8.515726890444618, 1.0, -1.3922903934397677)
26.339999999999527 (-8.674052652321892, 1.0, -1.258830341731291)
26.359999999999527 (-8.819459578931893, 1.0, -1.138582040334208)
26.379999999999526 (-8.95139861937264, 1.0, -1.030411216822786)
26.399999999999526 (-9.069518249315191, 1.0, -0.9334872295580804)
26.419999999999526 (-9.173271616829101, 1.0, -0.8463357987388532)
26.439999999999525 (-9.262377986708577, 1.0, -0.7670246064406505)
26.459999999999525 (-9.337086440894254, 1.0, -0.6942739105512307)
26.479999999999524 (-9.394515341336373, 1.0, -0.6287209404722366)
26.499999999999524 (-9.430264301756791, 1.0, -0.5649273527173748)
26.519999999999524 (-9.43391827236744, 1.0, -0.498455226698575)
26.539999999999523 (-9.34355129780363, 1.0, -0.44922337451675465)
26.559999999999523 (-9.234317901550739, 1.0, -0.44445694977732325)
26.579999999999522 (-9.136962320944862, 1.0, -0.46056956545288225)
26.599999999999522 (-9.044692745035922, 1.0, -0.4675632902601876)
26.61999999999952 (-8.94183772360165, 1.0, -0.4495943433866058)
26.63999999999952 (-8.830629462134189, 1.0, -0.4046646284309388)
26.65999999999952 (-8.7104379291977, 1.0, -0.34125490994723573)
26.67999999999952 (-8.574972304150648, 1.0, -0.2673782751206039)
26.69999999999952 (-8.42283844614013, 1.0, -0.18372896498759925)
26.71999999999952 (-8.254185868470604, 1.0, -0.09174050496208688)
26.73999999999952 (-8.069016204455359, 1.0, 0.006277045750769351)
26.75999999999952 (-7.868170295673054, 1.0, 0.10719382656893758)
26.779999999999518 (-7.664206994829473, 1.0, 0.20264644300030976)
26.799999999999518 (-7.471072049978288, 1.0, 0.2821819127709452)
26.819999999999517 (-7.295463522690174, 1.0, 0.34161281761956547)
26.839999999999517 (-7.137602218104171, 1.0, 0.38220321831100323)
26.859999999999516 (-6.997465562524501, 1.0, 0.40712200064502174)
26.879999999999516 (-6.875652759133062, 1.0, 0.4184247748069941)
26.899999999999515 (-6.772456239121434, 1.0, 0.41771754091900465)
26.919999999999515 (-6.688039018983897, 1.0, 0.4065361858492281)
26.939999999999515 (-6.622587751785547, 1.0, 0.38628859176838226)
26.959999999999514 (-6.576379587578616, 1.0, 0.3581782154174347)
26.979999999999514 (-6.549802660272754, 1.0, 0.3231917200243342)
26.999999999999513 (-6.5433325510878, 1.0, 0.2821483327586886)
27.019999999999513 (-6.55750238111273, 1.0, 0.23573535725356826)
27.039999999999512 (-6.592926140116177, 1.0, 0.1844480082882533)
27.059999999999512 (-6.650270008147487, 1.0, 0.12855917350134735)
27.07999999999951 (-6.730199976747136, 1.0, 0.06819293107551494)
27.09999999999951 (-6.831055384861333, 1.0, 0.004329586267984423)
27.11999999999951 (-6.9500298916846335, 1.0, -0.05859617844899636)
27.13999999999951 (-7.086092147696168, 1.0, -0.11654386211335946)
27.15999999999951 (-7.235380631663573, 1.0, -0.1689902987416251)
27.17999999999951 (-7.388271322966202, 1.0, -0.21560321934277837)
27.19999999999951 (-7.53477208362926, 1.0, -0.25515605320355655)
27.21999999999951 (-7.666322395884445, 1.0, -0.2864584835588143)
27.239999999999508 (-7.779556416564639, 1.0, -0.30948643311032914)
27.259999999999508 (-7.873660422860217, 1.0, -0.3260444929360819)
27.279999999999507 (-7.948354497104624, 1.0, -0.33829903808094375)
27.299999999999507 (-8.003207823738315, 1.0, -0.3479141576376533)
27.319999999999506 (-8.037950931824716, 1.0, -0.3559781703785815)
27.339999999999506 (-8.05255144743668, 1.0, -0.3631783910916984)
27.359999999999506 (-8.047180914886924, 1.0, -0.36976475217560173)
27.379999999999505 (-8.022263142336486, 1.0, -0.3757164911306092)
27.399999999999505 (-7.978381476542628, 1.0, -0.38083844915705917)
27.419999999999504 (-7.916228690164082, 1.0, -0.38487332552401954)
27.439999999999504 (-7.836566239866138, 1.0, -0.38765098586100066)
27.459999999999503 (-7.740140330503872, 1.0, -0.38908612114640423)
27.479999999999503 (-7.627635619459965, 1.0, -0.3891977366291644)
27.499999999999503 (-7.499609353309906, 1.0, -0.3880690540333029)
27.519999999999502 (-7.356538216796416, 1.0, -0.3858724418678748)
27.5399999999995 (-7.199051979926018, 1.0, -0.3832452816834251)
27.5599999999995 (-7.028014762994466, 1.0, -0.381562345766361)
27.5799999999995 (-6.844134407790553, 1.0, -0.38224542741996315)
27.5999999999995 (-6.647773685135303, 1.0, -0.38653829687199837)
27.6199999999995 (-6.440170362166692, 1.0, -0.3965026403065974)
27.6399999999995 (-6.228601785294602, 1.0, -0.4136206853106173)
27.6599999999995 (-6.028839959912962, 1.0, -0.4366641885970883)
27.6799999999995 (-5.851798465147079, 1.0, -0.4633363727418749)
27.6999999999995 (-5.701051756229546, 1.0, -0.4897805269235931)
27.719999999999498 (-5.574253065919546, 1.0, -0.5135355203516968)
27.739999999999498 (-5.467689053770824, 1.0, -0.5321725004074497)
27.759999999999497 (-5.377768882209128, 1.0, -0.5441273753633159)
27.779999999999497 (-5.300456876746528, 1.0, -0.5480807159500781)
27.799999999999496 (-5.233941691471688, 1.0, -0.5435136670523585)
27.819999999999496 (-5.178895304448444, 1.0, -0.5306239099435034)
27.839999999999495 (-5.137125541377375, 1.0, -0.5098742781164016)
27.859999999999495 (-5.1097899742680895, 1.0, -0.4814252447282921)
27.879999999999495 (-5.096781541947971, 1.0, -0.44471841897596737)
27.899999999999494 (-5.097251250684976, 1.0, -0.39914622131461897)
27.919999999999494 (-5.110083446075613, 1.0, -0.3441194377037381)
27.939999999999493 (-5.134380613232273, 1.0, -0.2790571889862279)
27.959999999999493 (-5.169858667485149, 1.0, -0.20344961247981447)
27.979999999999492 (-5.217001072566218, 1.0, -0.11694561865398981)
27.999999999999492 (-5.276958531196414, 1.0, -0.0193811685294528)
28.01999999999949 (-5.351319568237476, 1.0, 0.08919174527047934)
28.03999999999949 (-5.442334258401029, 1.0, 0.20825269078436354)
28.05999999999949 (-5.553369106599416, 1.0, 0.3363399736306046)
28.07999999999949 (-5.691954557269087, 1.0, 0.46812155461593913)
28.09999999999949 (-5.862634831176402, 1.0, 0.5979210075734676)
28.11999999999949 (-6.064858991946023, 1.0, 0.7241167552627941)
28.13999999999949 (-6.2984501750962485, 1.0, 0.844827132032216)
28.15999999999949 (-6.564627106168912, 1.0, 0.9554256209500964)
28.179999999999488 (-6.857667629935746, 1.0, 1.0482713316023673)
28.199999999999488 (-7.162481813474964, 1.0, 1.1205670792643592)
28.219999999999487 (-7.464655973010115, 1.0, 1.173557602418709)
28.239999999999487 (-7.755419437082734, 1.0, 1.210424795629904)
28.259999999999486 (-8.031719331871207, 1.0, 1.233826143175943)
28.279999999999486 (-8.29201261758708, 1.0, 1.2456158129408985)
28.299999999999486 (-8.534745400262713, 1.0, 1.2482655612054911)
28.319999999999485 (-8.759058671636778, 1.0, 1.2444535404320112)
28.339999999999485 (-8.964645494121015, 1.0, 1.2366001871832226)
28.359999999999484 (-9.151547439977687, 1.0, 1.2265700730422981)
28.379999999999484 (-9.319940785957423, 1.0, 1.2158841579005755)
28.399999999999483 (-9.470263721444576, 1.0, 1.205920294233272)
28.419999999999483 (-9.603156646584296, 1.0, 1.1977001813337464)
28.439999999999483 (-9.719240176153361, 1.0, 1.1917656059562476)
28.459999999999482 (-9.81900167453422, 1.0, 1.1882486060511859)
28.47999999999948 (-9.809082749434058, 0.9997415218373769, 1.2257428107827928)
28.49999999999948 (-9.740898844061794, 0.999601093624374, 1.2612077298748776)
28.51999999999948 (-9.647712795982024, 0.9995709967594898, 1.2856982446715546)
28.53999999999948 (-9.54005604776357, 0.9995931477632269, 1.3008896584557854)
28.55999999999948 (-9.427046541271961, 0.9996318776671138, 1.3191123607412272)
28.57999999999948 (-9.319395695576626, 0.9996683673857415, 1.3582223680179624)
28.59999999999948 (-9.220099779753161, 0.9997011362162846, 1.4223772371491064)
28.61999999999948 (-9.127590297028538, 0.9997238797408224, 1.5094440031657033)
28.63999999999948 (-9.039451776521854, 0.9997367308489292, 1.6166065712528623)
28.659999999999478 (-8.950625457159136, 0.9997412864859396, 1.7413138000302748)
28.679999999999477 (-8.856135146022973, 0.9997389599584553, 1.8830003401336877)
28.699999999999477 (-8.754201854781455, 0.9997309110056994, 2.04102292293139)
28.719999999999477 (-8.645903493547644, 0.999717649810758, 2.2168626839329595)
28.739999999999476 (-8.53289658251414, 0.9996996973415998, 2.410952701698604)
28.759999999999476 (-8.413244251386224, 0.999677815189876, 2.6206963521029114)
28.779999999999475 (-8.290242021113789, 0.9996543002675904, 2.8304093985925323)
28.799999999999475 (-8.169230931637035, 0.9996319791983939, 3.0189243331367086)
28.819999999999474 (-8.051812170765146, 0.9996119134749624, 3.1794995235467947)
28.839999999999474 (-7.939090255823285, 0.9995943035645988, 3.3132653795544114)
28.859999999999474 (-7.832676014253535, 0.9995793242628466, 3.421417166562548)
28.879999999999473 (-7.734254600638062, 0.9995671385046382, 3.50448973693717)
28.899999999999473 (-7.645365708002835, 0.9995577841710853, 3.5633322974840915)
28.919999999999472 (-7.567438799277204, 0.999551178312495, 3.5992157747422375)
28.939999999999472 (-7.50167276432509, 0.9995471013418822, 3.614063060600803)
28.95999999999947 (-7.449003643600366, 0.9995452384839982, 3.610322494877173)
28.97999999999947 (-7.41026961464056, 0.9995452633083582, 3.590382832424607)
28.99999999999947 (-7.386287001237399, 0.9995469095711602, 3.556082750412649)
29.01999999999947 (-7.3778979665461595, 0.9995500208022918, 3.508405754097677)
29.03999999999947 (-7.385974290947505, 0.999554580883355, 3.447344741878043)
29.05999999999947 (-7.411361652516893, 0.9995607688337145, 3.3717628341525963)
29.07999999999947 (-7.4547741029336265, 0.9995689852618014, 3.279524265446769)
29.09999999999947 (-7.516215403640652, 0.9995796910939057, 3.1686839138496237)
29.119999999999468 (-7.5933870090128455, 0.9995927714799484, 3.0426044360481326)
29.139999999999468 (-7.687029812911857, 0.9996075161115219, 2.9085141535153007)
29.159999999999467 (-7.796676014298362, 0.9996235014497453, 2.7709774110877743)
29.179999999999467 (-7.914373238721741, 0.9996402585184023, 2.634275926300571)
29.199999999999466 (-8.030857627580184, 0.9996567366937806, 2.5057283322026644)
29.219999999999466 (-8.139097670450129, 0.999671886710384, 2.391850431675995)
29.239999999999466 (-8.2361820359223, 0.9996850958367637, 2.2951198880816763)
29.259999999999465 (-8.320534751726811, 0.9996962422936347, 2.2146544609895593)
29.279999999999465 (-8.390861884997372, 0.9997054994341534, 2.1486611238735787)
29.299999999999464 (-8.445924806870876, 0.9997131638092045, 2.095886985214694)
29.319999999999464 (-8.484878440125302, 0.999719585742103, 2.0554606078549305)
29.339999999999463 (-8.507299527206987, 0.999725069903441, 2.0268146796385484)
29.359999999999463 (-8.51314605805706, 0.999729797540577, 2.0096027689390907)
29.379999999999463 (-8.502703094921008, 0.999733791357514, 2.003609932796251)
29.399999999999462 (-8.476513700346354, 0.9997369288305202, 2.00866078273395)
29.41999999999946 (-8.435254132535695, 0.9997389860818872, 2.02457126101393)
29.43999999999946 (-8.379643678953206, 0.9997397011770186, 2.0511216020444247)
29.45999999999946 (-8.310356197599825, 0.9997388398687111, 2.0880012648177004)
29.47999999999946 (-8.227952540309927, 0.9997362380133602, 2.134805563041717)
29.49999999999946 (-8.132842401403765, 0.9997318137709217, 2.1910562084726406)
29.51999999999946 (-8.025270121548084, 0.9997255567053787, 2.2562216925373977)
29.53999999999946 (-7.905316431053932, 0.9997174993013933, 2.329731151125576)
29.55999999999946 (-7.772921805638506, 0.999707688735357, 2.410952943304456)
29.57999999999946 (-7.627951353636101, 0.9996961977763034, 2.499015142032628)
29.599999999999458 (-7.470271534636736, 0.9996831505457288, 2.5924825411159698)
29.619999999999457 (-7.299775968637249, 0.9996687340707072, 2.6892109407457117)
29.639999999999457 (-7.1174277836920865, 0.9996532922032635, 2.786033073151182)
29.659999999999457 (-6.933993451825495, 0.9996380307341979, 2.876314349563779)
29.679999999999456 (-6.762460607796826, 0.9996242295877965, 2.9536439416056344)
29.699999999999456 (-6.611398185999769, 0.9996125601305519, 3.0165525303055944)
29.719999999999455 (-6.481841245140363, 0.9996029679853852, 3.0675776193613777)
29.739999999999455 (-6.372445740410534, 0.9995951525688715, 3.1107431400965657)
29.759999999999454 (-6.2814213530030765, 0.9995887696181255, 3.14945621349014)
29.779999999999454 (-6.206199035888651, 0.9995834237352191, 3.187032248079899)
29.799999999999454 (-6.144860877863405, 0.9995788729740781, 3.2257201607452792)
29.819999999999453 (-6.097177135167071, 0.9995751487489386, 3.265782319805114)
29.839999999999453 (-6.063974593376912, 0.9995724476641373, 3.306367952144484)
29.859999999999452 (-6.04653843635257, 0.9995710064708778, 3.3464201495105366)
29.879999999999452 (-6.045713850037097, 0.9995709540264054, 3.385394660376092)
29.89999999999945 (-6.061581154114197, 0.9995722380494525, 3.423691529729334)
29.91999999999945 (-6.093721188716329, 0.9995746654134183, 3.4623002595768093)
29.93999999999945 (-6.141755652517628, 0.999577987697281, 3.5022055624783412)
29.95999999999945 (-6.205658945251607, 0.999581956838005, 3.544061843618703)
29.97999999999945 (-6.285941059779769, 0.9995863691538053, 3.587966785608154)
29.99999999999945 (-6.383625783659657, 0.9995910667582449, 3.6334031421597865)
