0.0 (-9.75, 1.0, 0.0)
0.02 (-9.751199224649056, 1.0, -0.016467923750078176)
0.04 (-9.758674243641009, 1.0, -0.07042613342827934)
0.06 (-9.775242406294817, 1.0, -0.16211024356297551)
0.08 (-9.798205818381197, 1.0, -0.2859377376361109)
0.1 (-9.825876770524406, 1.0, -0.418265870942922)
0.12000000000000001 (-9.856998199424076, 1.0, -0.5499264863195292)
0.14 (-9.887000577249909, 1.0, -0.6838230711924108)
0.16 (-9.912479320086339, 1.0, -0.8170400943393366)
0.18 (-9.935166815331106, 1.0, -0.9487830481091797)
0.19999999999999998 (-9.966653453713043, 1.0, -1.0838974304435574)
0.21999999999999997 (-10.014510324818879, 1.0, -1.2170830164073922)
0.23999999999999996 (-10.068950745084747, 1.0, -1.3463457990406558)
0.25999999999999995 (-10.125985971262406, 1.0, -1.4538944848712445)
0.27999999999999997 (-10.181519555019944, 1.0, -1.5448635950417196)
0.3 (-10.23045020204055, 1.0, -1.6309520495547722)
0.32 (-10.272451232514573, 1.0, -1.7125101580818487)
0.34 (-10.308496808889254, 1.0, -1.7851714969970942)
0.36000000000000004 (-10.33936348691997, 1.0, -1.8483229871251259)
0.38000000000000006 (-10.366981665149321, 1.0, -1.902793106062009)
0.4000000000000001 (-10.392465309072037, 1.0, -1.9514069270914463)
0.4200000000000001 (-10.416422647856333, 1.0, -1.9965611734498667)
0.4400000000000001 (-10.440066809361792, 1.0, -2.0387016303687844)
0.46000000000000013 (-10.464898551596846, 1.0, -2.077334801027097)
0.48000000000000015 (-10.492064149456413, 1.0, -2.1124083842696493)
0.5000000000000001 (-10.522650179804645, 1.0, -2.1437352307985442)
0.5200000000000001 (-10.556895858459905, 1.0, -2.171378518764932)
0.5400000000000001 (-10.594067019046951, 1.0, -2.195923462839608)
0.5600000000000002 (-10.633794388020236, 1.0, -2.217618743987772)
0.5800000000000002 (-10.676094413364392, 1.0, -2.236610842536596)
0.6000000000000002 (-10.720994005316356, 1.0, -2.2532518152706245)
0.6200000000000002 (-10.768310764447842, 1.0, -2.268043295736707)
0.6400000000000002 (-10.817616240211038, 1.0, -2.2815525588112213)
0.6600000000000003 (-10.868373032626316, 1.0, -2.2953359813946954)
0.6800000000000003 (-10.920861373431132, 1.0, -2.3128323008757374)
0.7000000000000003 (-10.976273415127778, 1.0, -2.336802208288023)
0.7200000000000003 (-11.03550223953347, 1.0, -2.3684206930325367)
0.7400000000000003 (-11.098899362956862, 1.0, -2.407571591335907)
0.7600000000000003 (-11.166450283679726, 1.0, -2.453012663246489)
0.7800000000000004 (-11.237658184983932, 1.0, -2.5026842498993167)
0.8000000000000004 (-11.306493337383907, 1.0, -2.549588683683228)
0.8200000000000004 (-11.367842924099643, 1.0, -2.5893654365511463)
0.8400000000000004 (-11.422146632674831, 1.0, -2.6198395405530372)
0.8600000000000004 (-11.470610694594257, 1.0, -2.6403372561832117)
0.8800000000000004 (-11.513914536616157, 1.0, -2.6533817126068135)
0.9000000000000005 (-11.553492273752859, 1.0, -2.661346249023773)
0.9200000000000005 (-11.59003572397327, 1.0, -2.6659101839455785)
0.9400000000000005 (-11.62314304391614, 1.0, -2.668414891381083)
0.9600000000000005 (-11.651959601528826, 1.0, -2.669823084258214)
0.9800000000000005 (-11.675667362356123, 1.0, -2.670561650572138)
1.0000000000000004 (-11.693367624462883, 1.0, -2.6701342804563826)
1.0200000000000005 (-11.703142180357808, 1.0, -2.6671451468568526)
1.0400000000000005 (-11.702493001356766, 1.0, -2.6601386108496587)
1.0600000000000005 (-11.68916551560137, 1.0, -2.647942849674856)
1.0800000000000005 (-11.663331136570974, 1.0, -2.630885831777956)
1.1000000000000005 (-11.627532127756535, 1.0, -2.6098959727717985)
1.1200000000000006 (-11.585303638414008, 1.0, -2.5854935598960083)
1.1400000000000006 (-11.537425169197638, 1.0, -2.5580588254408605)
1.1600000000000006 (-11.472333748742445, 1.0, -2.5053351861111066)
1.1800000000000006 (-11.403003843236357, 1.0, -2.438855422125861)
1.2000000000000006 (-11.331507352274183, 1.0, -2.376203601568961)
1.2200000000000006 (-11.257249486544051, 1.0, -2.314109258208825)
1.2400000000000007 (-11.178891210984501, 1.0, -2.252647216703799)
1.2600000000000007 (-11.120141595865357, 1.0, -2.2181442848458035)
1.2800000000000007 (-11.069535521721754, 1.0, -2.197792558100654)
1.3000000000000007 (-11.013254346247574, 1.0, -2.173176548849739)
1.3200000000000007 (-10.951539089342615, 1.0, -2.143406364721406)
1.3400000000000007 (-10.886220334131364, 1.0, -2.1115253064523434)
1.3600000000000008 (-10.821103935619934, 1.0, -2.0799630366117237)
1.3800000000000008 (-10.763597182850809, 1.0, -2.049474522280145)
1.4000000000000008 (-10.719031716380083, 1.0, -2.021131044747681)
1.4200000000000008 (-10.687521504003298, 1.0, -1.996847864340714)
1.4400000000000008 (-10.666982450532354, 1.0, -1.9775467135365798)
1.4600000000000009 (-10.656031133101228, 1.0, -1.9630245338000272)
1.4800000000000009 (-10.654094721513935, 1.0, -1.9528687362725143)
1.5000000000000009 (-10.660364500309845, 1.0, -1.9459916443937648)
1.520000000000001 (-10.672948650756382, 1.0, -1.9409430909181078)
1.540000000000001 (-10.690301922493, 1.0, -1.9360764392972305)
1.560000000000001 (-10.7112979679119, 1.0, -1.9300780416135115)
1.580000000000001 (-10.735018873440326, 1.0, -1.9221519508676708)
1.600000000000001 (-10.760584355242313, 1.0, -1.9119123486724217)
1.620000000000001 (-10.787021564327612, 1.0, -1.899224722610936)
1.640000000000001 (-10.813192107543319, 1.0, -1.8849739487689823)
1.660000000000001 (-10.838665839986056, 1.0, -1.8727029596108202)
1.680000000000001 (-10.86437194967202, 1.0, -1.86616719039371)
1.700000000000001 (-10.889333965437954, 1.0, -1.865105320829737)
1.720000000000001 (-10.905834875623352, 1.0, -1.8624821540051573)
1.740000000000001 (-10.911134733688186, 1.0, -1.853268532792273)
1.7600000000000011 (-10.909296333324177, 1.0, -1.836774026965774)
1.7800000000000011 (-10.90480665519431, 1.0, -1.814532660203667)
1.8000000000000012 (-10.89878421546709, 1.0, -1.787815836165998)
1.8200000000000012 (-10.890185302039052, 1.0, -1.7575045425170381)
1.8400000000000012 (-10.877961223408366, 1.0, -1.723964064231962)
1.8600000000000012 (-10.861437786680083, 1.0, -1.6876527003711517)
1.8800000000000012 (-10.840372720218333, 1.0, -1.649269757362802)
1.9000000000000012 (-10.815191874073495, 1.0, -1.6096648180511062)
1.9200000000000013 (-10.78775131791676, 1.0, -1.5697552930724603)
1.9400000000000013 (-10.760320714650073, 1.0, -1.532224406669592)
1.9600000000000013 (-10.734487345713958, 1.0, -1.4992609726570185)
1.9800000000000013 (-10.711221332941696, 1.0, -1.4720582821601929)
2.0000000000000013 (-10.690937435804436, 1.0, -1.4510127618870687)
2.0200000000000014 (-10.67358340932048, 1.0, -1.435665515884052)
2.0400000000000014 (-10.658842595681126, 1.0, -1.4246105912177351)
2.0600000000000014 (-10.645395119842856, 1.0, -1.415661540866435)
2.0800000000000014 (-10.631689153439295, 1.0, -1.4060240854618418)
2.1000000000000014 (-10.61554898270453, 1.0, -1.3934969093257839)
2.1200000000000014 (-10.596869252631777, 1.0, -1.3770242935505819)
2.1400000000000015 (-10.577815532526094, 1.0, -1.3583801028210034)
2.1600000000000015 (-10.558926774486626, 1.0, -1.3411901955240637)
2.1800000000000015 (-10.538390787125605, 1.0, -1.326022128434743)
2.2000000000000015 (-10.514059418933023, 1.0, -1.3183449082166498)
2.2200000000000015 (-10.488509375532177, 1.0, -1.3157495806259265)
2.2400000000000015 (-10.464102813572254, 1.0, -1.3143496325587192)
2.2600000000000016 (-10.441230981690591, 1.0, -1.3162268142302178)
2.2800000000000016 (-10.419206871659869, 1.0, -1.3184536687721427)
2.3000000000000016 (-10.396123373352683, 1.0, -1.317880773543676)
2.3200000000000016 (-10.372044081481876, 1.0, -1.3139218946416906)
2.3400000000000016 (-10.348604962319408, 1.0, -1.3069062012738943)
2.3600000000000017 (-10.32712021051856, 1.0, -1.2977726882097103)
2.3800000000000017 (-10.308366157942947, 1.0, -1.2876739590078325)
2.4000000000000017 (-10.292771380678914, 1.0, -1.277744120629597)
2.4200000000000017 (-10.28053307871519, 1.0, -1.2690667053512474)
2.4400000000000017 (-10.271684567934615, 1.0, -1.2626642049045507)
2.4600000000000017 (-10.266161488134825, 1.0, -1.2594586900549873)
2.4800000000000018 (-10.263842594171033, 1.0, -1.2602300007861167)
2.5000000000000018 (-10.26453803729341, 1.0, -1.265578875258468)
2.520000000000002 (-10.268275372243274, 1.0, -1.2757005368260008)
2.540000000000002 (-10.277088782902437, 1.0, -1.2888947521014213)
2.560000000000002 (-10.290582989167365, 1.0, -1.3034064039738336)
2.580000000000002 (-10.30776360479832, 1.0, -1.3178974924273885)
2.600000000000002 (-10.328000718893211, 1.0, -1.3317255491665696)
2.620000000000002 (-10.350495490889466, 1.0, -1.3441029326296488)
2.640000000000002 (-10.374163537072091, 1.0, -1.355810974756128)
2.660000000000002 (-10.397973800103655, 1.0, -1.3700298930151007)
2.680000000000002 (-10.422013684683462, 1.0, -1.3906698165008728)
2.700000000000002 (-10.44686218772163, 1.0, -1.4196449010792918)
2.720000000000002 (-10.472840246299834, 1.0, -1.456773804494436)
2.740000000000002 (-10.495467557129226, 1.0, -1.4930660188190743)
2.760000000000002 (-10.511044141437504, 1.0, -1.521495303085931)
2.780000000000002 (-10.521369734557137, 1.0, -1.5394135914190796)
2.800000000000002 (-10.529707178281633, 1.0, -1.5492907359822543)
2.820000000000002 (-10.537955379847508, 1.0, -1.553861821277921)
2.840000000000002 (-10.546827533033355, 1.0, -1.5546595485235994)
2.860000000000002 (-10.555652094669203, 1.0, -1.5522264024867658)
2.880000000000002 (-10.56283973277829, 1.0, -1.5470951632107621)
2.900000000000002 (-10.56690016271041, 1.0, -1.5400483558636826)
2.920000000000002 (-10.567038635345014, 1.0, -1.5315143270393503)
2.940000000000002 (-10.563050410916484, 1.0, -1.5220031690075877)
2.960000000000002 (-10.555114014908908, 1.0, -1.5118973279185943)
2.980000000000002 (-10.54375079257449, 1.0, -1.501452017693296)
3.000000000000002 (-10.529619785775502, 1.0, -1.490804034953464)
3.0200000000000022 (-10.513377880694224, 1.0, -1.4800158701627384)
3.0400000000000023 (-10.495544852593136, 1.0, -1.469045225010191)
3.0600000000000023 (-10.47659760470989, 1.0, -1.4577729906026473)
3.0800000000000023 (-10.457348230251418, 1.0, -1.4451122451645708)
3.1000000000000023 (-10.437945835995642, 1.0, -1.4286437867052795)
3.1200000000000023 (-10.41630300641317, 1.0, -1.406086769208719)
3.1400000000000023 (-10.389532326740465, 1.0, -1.3750741510028741)
3.1600000000000024 (-10.356807717450787, 1.0, -1.33626877510656)
3.1800000000000024 (-10.321968112539807, 1.0, -1.2929433653270501)
3.2000000000000024 (-10.286258481310576, 1.0, -1.2492789762995455)
3.2200000000000024 (-10.250811678713823, 1.0, -1.207224590285969)
3.2400000000000024 (-10.215877246247754, 1.0, -1.1641423811040534)
3.2600000000000025 (-10.180410712193906, 1.0, -1.1183858066472936)
3.2800000000000025 (-10.146367175157275, 1.0, -1.0696055855595121)
3.3000000000000025 (-10.115654543917644, 1.0, -1.018437614592631)
3.3200000000000025 (-10.089384477515967, 1.0, -0.9660008825988292)
3.3400000000000025 (-10.067985127145565, 1.0, -0.9135676054669511)
3.3600000000000025 (-10.051631713714874, 1.0, -0.8624475292003024)
3.3800000000000026 (-10.040368388509298, 1.0, -0.8137697031153317)
3.4000000000000026 (-10.034280918922834, 1.0, -0.7688119911944357)
3.4200000000000026 (-10.03315674724793, 1.0, -0.7287863267945652)
3.4400000000000026 (-10.035700415465332, 1.0, -0.694751603543718)
3.4600000000000026 (-10.04050222389028, 1.0, -0.667575850084135)
3.4800000000000026 (-10.046719901175976, 1.0, -0.6476554108447807)
3.5000000000000027 (-10.053810521075174, 1.0, -0.6351713315586474)
3.5200000000000027 (-10.063944574292941, 1.0, -0.6299196634058837)
3.5400000000000027 (-10.078204617536757, 1.0, -0.6306768370973389)
3.5600000000000027 (-10.096398370210812, 1.0, -0.6358419559894294)
3.5800000000000027 (-10.118338971171513, 1.0, -0.6439783287398806)
3.6000000000000028 (-10.143646199606414, 1.0, -0.6541036493647163)
3.6200000000000028 (-10.171679697275437, 1.0, -0.665584004332492)
3.640000000000003 (-10.201559862750285, 1.0, -0.6779117279619963)
3.660000000000003 (-10.232425691461943, 1.0, -0.6907452537345468)
3.680000000000003 (-10.262508965596131, 1.0, -0.7041384259927568)
3.700000000000003 (-10.287983586877818, 1.0, -0.720930950096021)
3.720000000000003 (-10.307068613135263, 1.0, -0.7442532214625677)
3.740000000000003 (-10.31966985446779, 1.0, -0.7746702286525244)
3.760000000000003 (-10.324991503757952, 1.0, -0.8055776193467113)
3.780000000000003 (-10.32225759863971, 1.0, -0.8273353139638205)
3.800000000000003 (-10.31398426805846, 1.0, -0.8365143847909827)
3.820000000000003 (-10.3042358948714, 1.0, -0.8366816312733087)
3.840000000000003 (-10.295483428264001, 1.0, -0.8308608205478567)
3.860000000000003 (-10.288008599920007, 1.0, -0.8203566602748124)
3.880000000000003 (-10.280539192015832, 1.0, -0.8052871445563652)
3.900000000000003 (-10.271782085425837, 1.0, -0.7855613143559105)
3.920000000000003 (-10.260841717499048, 1.0, -0.7612965805737564)
3.940000000000003 (-10.247307863121495, 1.0, -0.7327691648638479)
3.960000000000003 (-10.231248181760515, 1.0, -0.7004984059102932)
3.980000000000003 (-10.212976204109765, 1.0, -0.6651178047429233)
4.000000000000003 (-10.193005805818972, 1.0, -0.6273571713381698)
4.020000000000002 (-10.172030527585637, 1.0, -0.5879779674920224)
4.040000000000002 (-10.150794845489875, 1.0, -0.5477544685925243)
4.060000000000001 (-10.130185690385527, 1.0, -0.5072421835660383)
4.080000000000001 (-10.111500883692777, 1.0, -0.4662325775557368)
4.1000000000000005 (-10.09586881379034, 1.0, -0.42295235504665923)
4.12 (-10.082003454170302, 1.0, -0.374986328725889)
4.14 (-10.06796952655488, 1.0, -0.3197456140414376)
4.159999999999999 (-10.051779375774267, 1.0, -0.25630450357277634)
4.179999999999999 (-10.035000918842591, 1.0, -0.18768361466230185)
4.199999999999998 (-10.018664751318417, 1.0, -0.11869825518674833)
4.219999999999998 (-10.002086778890451, 1.0, -0.05263139407577212)
4.2399999999999975 (-9.986536054372145, 1.0, 0.010615194121718128)
4.259999999999997 (-9.97300879813346, 1.0, 0.07368883098361984)
4.279999999999997 (-9.961816535939606, 1.0, 0.13783373488272496)
4.299999999999996 (-9.954286948030694, 1.0, 0.20238587771753588)
4.319999999999996 (-9.951139453412756, 1.0, 0.2661297062764748)
4.339999999999995 (-9.952297548822521, 1.0, 0.32785047277111234)
4.359999999999995 (-9.957360238161513, 1.0, 0.3864391112726146)
4.379999999999995 (-9.965931279268172, 1.0, 0.4408354633490763)
4.399999999999994 (-9.977672079353683, 1.0, 0.48999913657610666)
4.419999999999994 (-9.991980926784931, 1.0, 0.5330318401073648)
4.439999999999993 (-10.007437572274345, 1.0, 0.5694908968257305)
4.459999999999993 (-10.022654638477718, 1.0, 0.5990858847775763)
4.479999999999992 (-10.036869819876623, 1.0, 0.6215874192915559)
4.499999999999992 (-10.049563386137843, 1.0, 0.6367762229946077)
4.519999999999992 (-10.060291591833554, 1.0, 0.6445203041604418)
4.539999999999991 (-10.06865239318956, 1.0, 0.6449043560492388)
4.559999999999991 (-10.074219937656874, 1.0, 0.6384283673861679)
4.57999999999999 (-10.079335358661123, 1.0, 0.625383165502748)
4.59999999999999 (-10.086421129458598, 1.0, 0.607576461735525)
4.6199999999999894 (-10.095581018437338, 1.0, 0.5879331028616955)
4.639999999999989 (-10.105669773038349, 1.0, 0.568107016072412)
4.659999999999989 (-10.113165775002955, 1.0, 0.5465839274316521)
4.679999999999988 (-10.11621072285671, 1.0, 0.5205050551673402)
4.699999999999988 (-10.114656564827055, 1.0, 0.48855305706193686)
4.719999999999987 (-10.11002328910826, 1.0, 0.45571094218944097)
4.739999999999987 (-10.104761529533999, 1.0, 0.4324737220033158)
4.7599999999999865 (-10.10180672523869, 1.0, 0.42202882069876785)
4.779999999999986 (-10.10291330673888, 1.0, 0.42072082412723805)
4.799999999999986 (-10.107621772596282, 1.0, 0.4248139612609653)
4.819999999999985 (-10.115408525277184, 1.0, 0.4322421957990917)
4.839999999999985 (-10.125478748077814, 1.0, 0.44278710572623153)
4.859999999999984 (-10.137043602675664, 1.0, 0.4566662130985317)
4.879999999999984 (-10.149344778563428, 1.0, 0.47392186152812954)
4.8999999999999835 (-10.161723207306178, 1.0, 0.4943334971694216)
4.919999999999983 (-10.173353936008482, 1.0, 0.5176625163623528)
4.939999999999983 (-10.183094223717518, 1.0, 0.543342689677415)
4.959999999999982 (-10.190249863024263, 1.0, 0.5703715635063668)
4.979999999999982 (-10.194647157189657, 1.0, 0.5973827221840644)
4.999999999999981 (-10.196568042392297, 1.0, 0.623159232752816)
5.019999999999981 (-10.196659243954116, 1.0, 0.6468847416973196)
5.0399999999999805 (-10.195746084573939, 1.0, 0.6683660055194137)
5.05999999999998 (-10.194714394326526, 1.0, 0.68822760470106)
5.07999999999998 (-10.194531249983948, 1.0, 0.7079031805276242)
5.099999999999979 (-10.196424292818454, 1.0, 0.7295398778225992)
5.119999999999979 (-10.201834075003092, 1.0, 0.7561289947187728)
5.139999999999978 (-10.209854245611048, 1.0, 0.790744726543771)
5.159999999999978 (-10.218404989706261, 1.0, 0.8341587554391044)
5.1799999999999775 (-10.221930438077116, 1.0, 0.8810362892510369)
5.199999999999977 (-10.225983654358256, 1.0, 0.9287512519509729)
5.219999999999977 (-10.228891525792543, 1.0, 0.9749370505414304)
5.239999999999976 (-10.230017798895654, 1.0, 1.0180637696209514)
5.259999999999976 (-10.231887341468394, 1.0, 1.0606890693708806)
5.279999999999975 (-10.235294642827583, 1.0, 1.1054217565302804)
5.299999999999975 (-10.24132187070478, 1.0, 1.1515918509191139)
5.3199999999999745 (-10.250746062008817, 1.0, 1.1975669780411204)
5.339999999999974 (-10.263573791158318, 1.0, 1.2417957679492566)
5.359999999999974 (-10.279303916971854, 1.0, 1.2830289877654024)
5.379999999999973 (-10.297199513605433, 1.0, 1.3202742419360363)
5.399999999999973 (-10.316279686570683, 1.0, 1.3528146492854625)
5.419999999999972 (-10.335388604886177, 1.0, 1.380199163869224)
5.439999999999972 (-10.353404822162712, 1.0, 1.402086029714762)
5.4599999999999715 (-10.3693639977789, 1.0, 1.4183184818068075)
5.479999999999971 (-10.38236620681022, 1.0, 1.428807120002109)
5.499999999999971 (-10.391729486522157, 1.0, 1.4335676238132389)
5.51999999999997 (-10.397980970531073, 1.0, 1.4321422348751718)
5.53999999999997 (-10.403445906440297, 1.0, 1.4238194151648407)
5.559999999999969 (-10.409233613509315, 1.0, 1.4099146925454733)
5.579999999999969 (-10.416139885290885, 1.0, 1.3918951699450866)
5.599999999999969 (-10.424625677839, 1.0, 1.3708540999784113)
5.619999999999968 (-10.434665856567332, 1.0, 1.3476902429691588)
5.639999999999968 (-10.445904451451424, 1.0, 1.3232674808605047)
5.659999999999967 (-10.457178477188586, 1.0, 1.2984399173878918)
5.679999999999967 (-10.464771315239501, 1.0, 1.2732394551361026)
5.699999999999966 (-10.465022554581468, 1.0, 1.2462523006496038)
5.719999999999966 (-10.456794526000294, 1.0, 1.216515089983313)
5.739999999999966 (-10.442296761479913, 1.0, 1.1867424006475646)
5.759999999999965 (-10.427890624422414, 1.0, 1.1666363692843043)
5.779999999999965 (-10.417570881546443, 1.0, 1.158495193801301)
5.799999999999964 (-10.41310878628721, 1.0, 1.1584267940775574)
5.819999999999964 (-10.413752453863102, 1.0, 1.1620851834057038)
5.839999999999963 (-10.418810908407586, 1.0, 1.1674025215018582)
5.859999999999963 (-10.42704845944186, 1.0, 1.1750285285205828)
5.879999999999963 (-10.437331457979392, 1.0, 1.1861277223779731)
5.899999999999962 (-10.448702640859143, 1.0, 1.2015129249057772)
5.919999999999962 (-10.460607914398357, 1.0, 1.2215311245046514)
5.939999999999961 (-10.472499996030521, 1.0, 1.245984559553357)
5.959999999999961 (-10.483943449061151, 1.0, 1.2745433959517545)
5.9799999999999605 (-10.49473955706416, 1.0, 1.3064063285265932)
5.99999999999996 (-10.504984067410973, 1.0, 1.3406433842721845)
6.01999999999996 (-10.514729895820421, 1.0, 1.3763511201634957)
6.039999999999959 (-10.524222231949949, 1.0, 1.4127072175470543)
6.059999999999959 (-10.533820395049425, 1.0, 1.4489035472783172)
6.079999999999958 (-10.544764332485512, 1.0, 1.4844000487340616)
6.099999999999958 (-10.559443307618032, 1.0, 1.519803391318172)
6.1199999999999575 (-10.57871962547968, 1.0, 1.558055406850292)
6.139999999999957 (-10.602818369733257, 1.0, 1.602609618403447)
6.159999999999957 (-10.630554999908666, 1.0, 1.6554552679990349)
6.179999999999956 (-10.661738452612958, 1.0, 1.7131148149891078)
6.199999999999956 (-10.693846312437929, 1.0, 1.7713347699900708)
6.219999999999955 (-10.724251584962905, 1.0, 1.828111445719044)
6.239999999999955 (-10.754135908327726, 1.0, 1.8831128938696233)
6.2599999999999545 (-10.785682540516952, 1.0, 1.9377180942911474)
6.279999999999954 (-10.820045719914775, 1.0, 1.9921649368238243)
6.299999999999954 (-10.857706055329658, 1.0, 2.044819153110801)
6.319999999999953 (-10.898335419326152, 1.0, 2.0941121244949974)
6.339999999999953 (-10.941032342900101, 1.0, 2.139050300520393)
6.359999999999952 (-10.984689125515333, 1.0, 2.179024219574599)
6.379999999999952 (-11.028198281543943, 1.0, 2.2135351281559554)
6.3999999999999515 (-11.07049388956572, 1.0, 2.242095071416092)
6.419999999999951 (-11.11027774834884, 1.0, 2.264751170961451)
6.439999999999951 (-11.146144648488463, 1.0, 2.2822924694327305)
6.45999999999995 (-11.17694240573436, 1.0, 2.295352244189221)
6.47999999999995 (-11.20193440896938, 1.0, 2.304314889778149)
6.499999999999949 (-11.220569113324613, 1.0, 2.309583466499815)
6.519999999999949 (-11.232635806918875, 1.0, 2.3113949589141813)
6.5399999999999485 (-11.23985285247303, 1.0, 2.307503265177813)
6.559999999999948 (-11.244109062432429, 1.0, 2.2981677504234415)
6.579999999999948 (-11.24698771217511, 1.0, 2.2846446793691912)
6.599999999999947 (-11.249677242048321, 1.0, 2.2679398569300475)
6.619999999999947 (-11.25272885801822, 1.0, 2.248995493336271)
6.639999999999946 (-11.256190272101014, 1.0, 2.228634024916443)
6.659999999999946 (-11.258297172176805, 1.0, 2.2084416547806867)
6.6799999999999455 (-11.254323844139284, 1.0, 2.189410245467158)
6.699999999999945 (-11.241450127723487, 1.0, 2.170910095245434)
6.719999999999945 (-11.219432685110677, 1.0, 2.152433373456033)
6.739999999999944 (-11.195809837437807, 1.0, 2.1378615954267346)
6.759999999999944 (-11.179247323480052, 1.0, 2.131482528021304)
6.779999999999943 (-11.173452469602612, 1.0, 2.1322644905251575)
6.799999999999943 (-11.175784470676675, 1.0, 2.1356522758117436)
6.8199999999999426 (-11.18402687156028, 1.0, 2.139032521837787)
6.839999999999942 (-11.196806436632803, 1.0, 2.1422280446340243)
6.859999999999942 (-11.213638349103132, 1.0, 2.146025523718347)
6.879999999999941 (-11.234161341368736, 1.0, 2.1515477009227615)
6.899999999999941 (-11.25769526845203, 1.0, 2.160072793795517)
6.91999999999994 (-11.283531859389901, 1.0, 2.17218828421206)
6.93999999999994 (-11.311042972552242, 1.0, 2.18793136633527)
6.95999999999994 (-11.339516535257657, 1.0, 2.2069195791603655)
6.979999999999939 (-11.368215326139847, 1.0, 2.2284519505599807)
6.999999999999939 (-11.396460925721033, 1.0, 2.251650205135648)
7.019999999999938 (-11.423910371837179, 1.0, 2.275652781601439)
7.039999999999938 (-11.450419273221693, 1.0, 2.299494678685486)
7.059999999999937 (-11.47658054293028, 1.0, 2.3222953736278575)
7.079999999999937 (-11.503360259942133, 1.0, 2.343447343046529)
7.099999999999937 (-11.532770702399304, 1.0, 2.3624688838891066)
7.119999999999936 (-11.567375793970232, 1.0, 2.380444184521334)
7.139999999999936 (-11.608721127806486, 1.0, 2.4006600537890694)
7.159999999999935 (-11.655561737505437, 1.0, 2.426910587516663)
7.179999999999935 (-11.704053802756397, 1.0, 2.458006960393366)
7.1999999999999345 (-11.753709833070856, 1.0, 2.488872032364982)
7.219999999999934 (-11.801020853176533, 1.0, 2.519624785399822)
7.239999999999934 (-11.845267193901737, 1.0, 2.5494535633578748)
7.259999999999933 (-11.889815801419221, 1.0, 2.5781248004719686)
7.279999999999933 (-11.936730014049212, 1.0, 2.606454427257126)
7.299999999999932 (-11.986074571110898, 1.0, 2.6329783308537085)
7.319999999999932 (-12.037038834167126, 1.0, 2.656104319752802)
7.3399999999999315 (-12.088415452451788, 1.0, 2.6749512645809306)
7.359999999999931 (-12.138928513325151, 1.0, 2.68921012123305)
7.379999999999931 (-12.187356092120158, 1.0, 2.698860823307437)
7.39999999999993 (-12.232528770935795, 1.0, 2.704244900057868)
7.41999999999993 (-12.273370627504443, 1.0, 2.7060653633401643)
7.439999999999929 (-12.308937681789242, 1.0, 2.7050610082816404)
7.459999999999929 (-12.338487257702662, 1.0, 2.701903421461245)
7.4799999999999285 (-12.361383248973368, 1.0, 2.6972039599332702)
7.499999999999928 (-12.377181934330084, 1.0, 2.69148293603222)
7.519999999999928 (-12.385719999817502, 1.0, 2.685259331723494)
7.539999999999927 (-12.387330157173318, 1.0, 2.6771880166944144)
7.559999999999927 (-12.383576456316858, 1.0, 2.6652527625586186)
7.579999999999926 (-12.376613598519844, 1.0, 2.6498209138178965)
7.599999999999926 (-12.36829606096569, 1.0, 2.631422903125757)
7.6199999999999255 (-12.35983053856032, 1.0, 2.6106545599511204)
7.639999999999925 (-12.35176850802505, 1.0, 2.588235946099315)
7.659999999999925 (-12.343319608092422, 1.0, 2.566199713741806)
7.679999999999924 (-12.330819403773672, 1.0, 2.547512802629482)
7.699999999999924 (-12.311463184083156, 1.0, 2.5329479176435052)
7.719999999999923 (-12.284890351215068, 1.0, 2.5222478253752354)
7.739999999999923 (-12.261957504815065, 1.0, 2.5165767194417836)
7.7599999999999225 (-12.249759099812037, 1.0, 2.5161527640180186)
7.779999999999922 (-12.249162420510132, 1.0, 2.5171704584631254)
7.799999999999922 (-12.25555157958691, 1.0, 2.517133535399873)
7.819999999999921 (-12.26600897601504, 1.0, 2.514495710358002)
7.839999999999921 (-12.279813585041307, 1.0, 2.510202241927475)
7.85999999999992 (-12.297203693387463, 1.0, 2.505434197757695)
7.87999999999992 (-12.318313737317409, 1.0, 2.501501827672275)
7.8999999999999195 (-12.343120283391183, 1.0, 2.4996912452177646)
7.919999999999919 (-12.371179588339304, 1.0, 2.500685939051506)
7.939999999999919 (-12.401929137752845, 1.0, 2.5046844964027346)
7.959999999999918 (-12.43454177200906, 1.0, 2.51159315080445)
7.979999999999918 (-12.468015935776949, 1.0, 2.5210624487895084)
7.999999999999917 (-12.501358693090493, 1.0, 2.532536730548038)
8.019999999999918 (-12.533865418839634, 1.0, 2.5453162327173273)
8.039999999999917 (-12.565238821866219, 1.0, 2.55867482950496)
8.059999999999917 (-12.59570512450297, 1.0, 2.571529223224143)
8.079999999999917 (-12.626056095734622, 1.0, 2.5829606583698586)
8.099999999999916 (-12.658365355434665, 1.0, 2.591561142615472)
8.119999999999916 (-12.69600532296791, 1.0, 2.597590547402876)
8.139999999999915 (-12.741441279428981, 1.0, 2.6031997874647104)
8.159999999999915 (-12.795043183948835, 1.0, 2.611559831772192)
8.179999999999914 (-12.85326577563047, 1.0, 2.623118182911025)
8.199999999999914 (-12.912975910648308, 1.0, 2.6337673361888894)
8.219999999999914 (-12.970906246511593, 1.0, 2.644976650613384)
8.239999999999913 (-13.026230931987925, 1.0, 2.656268723753695)
8.259999999999913 (-13.081893236587073, 1.0, 2.6660691401651277)
8.279999999999912 (-13.139882826226469, 1.0, 2.6743675169594487)
8.299999999999912 (-13.199477024081968, 1.0, 2.6796684984143053)
8.319999999999911 (-13.25920252479936, 1.0, 2.6809585166855054)
8.339999999999911 (-13.317596042439918, 1.0, 2.6780906046609005)
8.35999999999991 (-13.373389907528496, 1.0, 2.671419585889883)
8.37999999999991 (-13.425458087801687, 1.0, 2.6614770289266674)
8.39999999999991 (-13.472843866205748, 1.0, 2.6490521599795622)
8.41999999999991 (-13.51488361820543, 1.0, 2.6353416861036276)
8.439999999999909 (-13.551149470877606, 1.0, 2.621593596282522)
8.459999999999908 (-13.581304491323847, 1.0, 2.6088649291260144)
8.479999999999908 (-13.605138607514963, 1.0, 2.5980115265746715)
8.499999999999908 (-13.62251684111415, 1.0, 2.589492684888397)
8.519999999999907 (-13.632725288327777, 1.0, 2.5811299980668587)
8.539999999999907 (-13.636766686016808, 1.0, 2.571894353304878)
8.559999999999906 (-13.636122043951218, 1.0, 2.561307001406571)
8.579999999999906 (-13.631954723554506, 1.0, 2.5489817853331576)
8.599999999999905 (-13.625089405737032, 1.0, 2.53490854114837)
8.619999999999905 (-13.616244102407068, 1.0, 2.519429379582144)
8.639999999999905 (-13.606108964533664, 1.0, 2.503103537341926)
8.659999999999904 (-13.59476696618365, 1.0, 2.4882582898772343)
8.679999999999904 (-13.580121169902304, 1.0, 2.479043130342806)
8.699999999999903 (-13.56000887959813, 1.0, 2.477344394309966)
8.719999999999903 (-13.533828052486825, 1.0, 2.4831693940007504)
8.739999999999903 (-13.507940929811188, 1.0, 2.4931411979225984)
8.759999999999902 (-13.492058097402893, 1.0, 2.5026821975357167)
8.779999999999902 (-13.488318738154595, 1.0, 2.508243793427796)
8.799999999999901 (-13.492158804722566, 1.0, 2.5086976683024553)
8.8199999999999 (-13.499997729495883, 1.0, 2.5043500811446244)
8.8399999999999 (-13.510395415206018, 1.0, 2.496057469729684)
8.8599999999999 (-13.52353853764559, 1.0, 2.4846971953474384)
8.8799999999999 (-13.54015519127331, 1.0, 2.47131289472665)
8.899999999999899 (-13.56089368442488, 1.0, 2.4572794709903945)
8.919999999999899 (-13.585935187350277, 1.0, 2.4433743644850034)
8.939999999999898 (-13.614907483147489, 1.0, 2.4301382679242853)
8.959999999999898 (-13.647213471155057, 1.0, 2.4179250286498473)
8.979999999999897 (-13.681968007976073, 1.0, 2.406849092882217)
8.999999999999897 (-13.718193188805284, 1.0, 2.3968537637159413)
9.019999999999897 (-13.755011997472689, 1.0, 2.3876945513149774)
9.039999999999896 (-13.791656717706543, 1.0, 2.3789377895296213)
9.059999999999896 (-13.827610215640929, 1.0, 2.369885411223658)
9.079999999999895 (-13.862557924247108, 1.0, 2.3592816216302324)
9.099999999999895 (-13.89722422984602, 1.0, 2.345162565089837)
9.119999999999894 (-13.934431729830738, 1.0, 2.3263037846502383)
9.139999999999894 (-13.977907656810393, 1.0, 2.303514900875444)
9.159999999999894 (-14.029567495415025, 1.0, 2.28055552319098)
9.179999999999893 (-14.086053787947938, 1.0, 2.2573366438425704)
9.199999999999893 (-14.143045106308843, 1.0, 2.2329819064723426)
9.219999999999892 (-14.198582234676174, 1.0, 2.2104964551371737)
9.239999999999892 (-14.251877809392928, 1.0, 2.189390592192909)
9.259999999999891 (-14.30479002282365, 1.0, 2.1669852249697446)
9.279999999999891 (-14.358795925765511, 1.0, 2.1423427954777226)
9.29999999999989 (-14.412467297493357, 1.0, 2.1144706521061187)
9.31999999999989 (-14.46398368349766, 1.0, 2.083154464114103)
9.33999999999989 (-14.51194682848132, 1.0, 2.0489273891452062)
9.35999999999989 (-14.555382951416634, 1.0, 2.0126744912254226)
9.379999999999889 (-14.593562499635706, 1.0, 1.9753874364211077)
9.399999999999888 (-14.626088034684658, 1.0, 1.9382400520955294)
9.419999999999888 (-14.652950122538423, 1.0, 1.9025653036559929)
9.439999999999888 (-14.674267803274473, 1.0, 1.8695994458794842)
9.459999999999887 (-14.690189740896777, 1.0, 1.8403741498235953)
9.479999999999887 (-14.700870504083014, 1.0, 1.8157666088705182)
9.499999999999886 (-14.70651269163593, 1.0, 1.7964464291956583)
9.519999999999886 (-14.707475660551362, 1.0, 1.7828525539945346)
9.539999999999885 (-14.702790980042307, 1.0, 1.7738839895891745)
9.559999999999885 (-14.691779428007335, 1.0, 1.7671370468912746)
9.579999999999885 (-14.676001560371683, 1.0, 1.7610730255913454)
9.599999999999884 (-14.656953510399646, 1.0, 1.7544748155804943)
9.619999999999884 (-14.635819148527439, 1.0, 1.7466947655298466)
9.639999999999883 (-14.613550051486852, 1.0, 1.7376696801643525)
9.659999999999883 (-14.591320643916342, 1.0, 1.728891019781602)
9.679999999999882 (-14.569777888420774, 1.0, 1.7248442854641726)
9.699999999999882 (-14.54812159884294, 1.0, 1.7285949184785756)
9.719999999999882 (-14.525934550936642, 1.0, 1.7404750223439018)
9.739999999999881 (-14.510459092015186, 1.0, 1.7523363043437337)
9.75999999999988 (-14.505741781166979, 1.0, 1.7586445830381452)
9.77999999999988 (-14.508825067101842, 1.0, 1.756571519405733)
9.79999999999988 (-14.514900596105178, 1.0, 1.7483984332740201)
9.81999999999988 (-14.52104272439071, 1.0, 1.7355015650622045)
9.839999999999879 (-14.527797365954498, 1.0, 1.7189727697924737)
9.859999999999879 (-14.536386547353473, 1.0, 1.6992824927627308)
9.879999999999878 (-14.5480839745211, 1.0, 1.6770956145864448)
9.899999999999878 (-14.563659501611772, 1.0, 1.6530874751369942)
9.919999999999877 (-14.583363312452262, 1.0, 1.6278504355805208)
9.939999999999877 (-14.606996121828272, 1.0, 1.602018098712272)
9.959999999999877 (-14.633966049150477, 1.0, 1.5762867534937197)
9.979999999999876 (-14.663376610671898, 1.0, 1.5513671126335733)
9.999999999999876 (-14.694149127975008, 1.0, 1.5278243606438444)
10.019999999999875 (-14.725260312604433, 1.0, 1.505904580574123)
10.039999999999875 (-14.755799648027843, 1.0, 1.4853682768178067)
10.059999999999874 (-14.785093466866973, 1.0, 1.4654612570336516)
10.079999999999874 (-14.812957090731693, 1.0, 1.4449432737038805)
10.099999999999874 (-14.839512232227596, 1.0, 1.4212792288260203)
10.119999999999873 (-14.866806403468365, 1.0, 1.3916835062373638)
10.139999999999873 (-14.898329736349694, 1.0, 1.3551237122525672)
10.159999999999872 (-14.936095762175038, 1.0, 1.3123497390053136)
10.179999999999872 (-14.979516154716325, 1.0, 1.2689052249572093)
10.199999999999871 (-15.022949931920051, 1.0, 1.2237643435820948)
10.219999999999871 (-15.06574402729165, 1.0, 1.180273764983941)
10.23999999999987 (-15.107028615588812, 1.0, 1.1394584777532974)
10.25999999999987 (-15.147027428530514, 1.0, 1.0978801609772346)
10.27999999999987 (-15.187031273257976, 1.0, 1.0535202470553067)
10.29999999999987 (-15.225595929124966, 1.0, 1.0061015673218323)
10.319999999999869 (-15.261065589701104, 1.0, 0.9562410058770421)
10.339999999999868 (-15.292471878828879, 1.0, 0.9050546626069333)
10.359999999999868 (-15.319402512151212, 1.0, 0.8538013517477424)
10.379999999999868 (-15.341696606552167, 1.0, 0.8037225844084543)
10.399999999999867 (-15.359503902325194, 1.0, 0.756052588071527)
10.419999999999867 (-15.373449243348569, 1.0, 0.7119964540469247)
10.439999999999866 (-15.384316357488942, 1.0, 0.672596809992178)
10.459999999999866 (-15.392804757032227, 1.0, 0.6387014335424009)
10.479999999999865 (-15.399539123116357, 1.0, 0.6109470053506262)
10.499999999999865 (-15.403957015103614, 1.0, 0.5894922669113187)
10.519999999999865 (-15.404393399836717, 1.0, 0.5734588510195954)
10.539999999999864 (-15.401020636773506, 1.0, 0.5615437649644466)
10.559999999999864 (-15.394115149249728, 1.0, 0.5524535046765251)
10.579999999999863 (-15.38394823617203, 1.0, 0.5452798464401056)
10.599999999999863 (-15.370961007837407, 1.0, 0.5395126808895644)
10.619999999999862 (-15.355828028229732, 1.0, 0.5348125392241319)
10.639999999999862 (-15.33961286796852, 1.0, 0.5311089535630219)
10.659999999999862 (-15.324469470648186, 1.0, 0.5305003535503128)
10.679999999999861 (-15.31193161401734, 1.0, 0.5370209079797774)
10.69999999999986 (-15.302095264033747, 1.0, 0.5529816285484364)
10.71999999999986 (-15.294559636848488, 1.0, 0.5783356963625568)
10.73999999999986 (-15.290246449813978, 1.0, 0.6039257355495969)
10.75999999999986 (-15.290138304619104, 1.0, 0.6199263896319055)
10.779999999999859 (-15.29227832150156, 1.0, 0.6233436638226089)
10.799999999999859 (-15.293711792466075, 1.0, 0.6180610068501374)
10.819999999999858 (-15.293149595787744, 1.0, 0.6071862359829917)
10.839999999999858 (-15.290710200298191, 1.0, 0.5921906209413956)
10.859999999999857 (-15.287113457499112, 1.0, 0.5733682600425384)
10.879999999999857 (-15.283361421674922, 1.0, 0.5507152993340675)
10.899999999999856 (-15.280824946134747, 1.0, 0.5244388690452813)
10.919999999999856 (-15.280449980857574, 1.0, 0.4947560848668391)
10.939999999999856 (-15.282623906448668, 1.0, 0.4623246089289747)
10.959999999999855 (-15.28737226364285, 1.0, 0.4278545210036716)
10.979999999999855 (-15.294316839233236, 1.0, 0.39218502082041085)
10.999999999999854 (-15.302864134947622, 1.0, 0.35614858937678084)
11.019999999999854 (-15.312342620216201, 1.0, 0.32032957606622503)
11.039999999999853 (-15.321979217093842, 1.0, 0.2851453371439471)
11.059999999999853 (-15.33098457167398, 1.0, 0.2503224765544506)
11.079999999999853 (-15.338445909127937, 1.0, 0.2153631306451208)
11.099999999999852 (-15.343066724715355, 1.0, 0.1787489012466997)
11.119999999999852 (-15.34491735705863, 1.0, 0.13754117683265707)
11.139999999999851 (-15.346537243548708, 1.0, 0.08893228073136238)
11.159999999999851 (-15.352393513806804, 1.0, 0.033372226935432764)
11.17999999999985 (-15.36108131522694, 1.0, -0.026013175130084727)
11.19999999999985 (-15.369139363363255, 1.0, -0.08644975276445474)
11.21999999999985 (-15.378088258304288, 1.0, -0.14467465218944128)
11.23999999999985 (-15.387139898565461, 1.0, -0.20022329357918706)
11.259999999999849 (-15.395011555563114, 1.0, -0.2562084491883889)
11.279999999999848 (-15.40175683623329, 1.0, -0.31445559959715524)
11.299999999999848 (-15.40573584379319, 1.0, -0.3742938452382596)
11.319999999999848 (-15.405735391614632, 1.0, -0.434269806756229)
11.339999999999847 (-15.401403923795147, 1.0, -0.492879784069984)
11.359999999999847 (-15.392939336347895, 1.0, -0.5487984949319509)
11.379999999999846 (-15.380805436394727, 1.0, -0.6008708518652801)
11.399999999999846 (-15.36580359003847, 1.0, -0.6481374917074836)
11.419999999999845 (-15.34902113521415, 1.0, -0.6898674281467858)
11.439999999999845 (-15.331523245353786, 1.0, -0.7254644312405587)
11.459999999999845 (-15.314246561076184, 1.0, -0.7545147071439847)
11.479999999999844 (-15.2980448390098, 1.0, -0.776683913107838)
11.499999999999844 (-15.283601269231585, 1.0, -0.7917844633175031)
11.519999999999843 (-15.2714781726153, 1.0, -0.7998959812697828)
11.539999999999843 (-15.25994987635018, 1.0, -0.8006900215013728)
11.559999999999842 (-15.246821132868499, 1.0, -0.7950395049140248)
11.579999999999842 (-15.2316990658013, 1.0, -0.7850860606082931)
11.599999999999842 (-15.214330075985812, 1.0, -0.7726560005695997)
11.619999999999841 (-15.194799269787651, 1.0, -0.7590265425255)
11.63999999999984 (-15.173581259542788, 1.0, -0.7450941576114348)
11.65999999999984 (-15.152315620808606, 1.0, -0.7312303215672404)
11.67999999999984 (-15.134840259573952, 1.0, -0.7160337077331953)
11.69999999999984 (-15.123789601517268, 1.0, -0.6972646677104273)
11.719999999999839 (-15.119548083490264, 1.0, -0.6742296543001921)
11.739999999999839 (-15.119296208792344, 1.0, -0.6570909203721685)
11.759999999999838 (-15.120620607355455, 1.0, -0.6520904647654849)
11.779999999999838 (-15.119407874830824, 1.0, -0.6581146779273056)
11.799999999999837 (-15.114934695104063, 1.0, -0.6697361625210491)
11.819999999999837 (-15.106602353734182, 1.0, -0.6836517873437796)
11.839999999999836 (-15.09564357904915, 1.0, -0.6999527784366599)
11.859999999999836 (-15.083309229632093, 1.0, -0.719574692565207)
11.879999999999836 (-15.070710720578276, 1.0, -0.7432465740357374)
11.899999999999835 (-15.058689564602036, 1.0, -0.7712634791260115)
11.919999999999835 (-15.047819141736294, 1.0, -0.803516391891769)
11.939999999999834 (-15.0385066142818, 1.0, -0.839488376684955)
11.959999999999834 (-15.031023309755447, 1.0, -0.8782961555481092)
11.979999999999833 (-15.025511998405973, 1.0, -0.9187843016076342)
11.999999999999833 (-15.021900687981237, 1.0, -0.9597156298262551)
12.019999999999833 (-15.01987298502656, 1.0, -1.0000598656946873)
12.039999999999832 (-15.018704366052699, 1.0, -1.0391231290002299)
12.059999999999832 (-15.017426718648425, 1.0, -1.0767439645936554)
12.079999999999831 (-15.01489178248091, 1.0, -1.113442403224886)
12.099999999999831 (-15.008936674144381, 1.0, -1.1506854508281916)
12.11999999999983 (-14.998255615821654, 1.0, -1.1917649596591486)
12.13999999999983 (-14.98380623730902, 1.0, -1.2402701327298893)
12.15999999999983 (-14.966720491726006, 1.0, -1.2975108619269764)
12.17999999999983 (-14.95194313741309, 1.0, -1.3600458114198846)
12.199999999999829 (-14.935588009815328, 1.0, -1.4234978082326792)
12.219999999999828 (-14.92012662517736, 1.0, -1.4855615466474865)
12.239999999999828 (-14.906113247266456, 1.0, -1.5449012580581005)
12.259999999999827 (-14.890666462203356, 1.0, -1.6034259516717775)
12.279999999999827 (-14.872675181883968, 1.0, -1.6633099051300302)
12.299999999999827 (-14.851173678695922, 1.0, -1.7234728144744504)
12.319999999999826 (-14.825884333509336, 1.0, -1.7822103343925353)
12.339999999999826 (-14.79730706294085, 1.0, -1.8381578676870731)
12.359999999999825 (-14.76634158522173, 1.0, -1.8903504242085778)
12.379999999999825 (-14.733991548737405, 1.0, -1.9380318370488796)
12.399999999999824 (-14.70138705899069, 1.0, -1.9806841990862811)
12.419999999999824 (-14.669898530148114, 1.0, -2.018240402074294)
12.439999999999824 (-14.64086264245291, 1.0, -2.0509186999408753)
12.459999999999823 (-14.615393763649807, 1.0, -2.07894068395673)
12.479999999999823 (-14.594224993196619, 1.0, -2.1024138534964565)
12.499999999999822 (-14.576331884526754, 1.0, -2.120054501847756)
12.519999999999822 (-14.5604232241473, 1.0, -2.1321899386032945)
12.539999999999822 (-14.545978253856298, 1.0, -2.1393369477079425)
12.559999999999821 (-14.53212861817846, 1.0, -2.1420977973329194)
12.57999999999982 (-14.518445574083538, 1.0, -2.141065594083042)
12.59999999999982 (-14.504865111631727, 1.0, -2.13683774706185)
12.61999999999982 (-14.491467354881651, 1.0, -2.1301555711589057)
12.63999999999982 (-14.47910443178715, 1.0, -2.1219603244983793)
12.659999999999819 (-14.471070203648774, 1.0, -2.1126768778536635)
12.679999999999819 (-14.471247465991878, 1.0, -2.1014018483323285)
12.699999999999818 (-14.481344603802706, 1.0, -2.087114591328348)
12.719999999999818 (-14.500652946706825, 1.0, -2.069587004173843)
12.739999999999817 (-14.521242019746191, 1.0, -2.05436883452826)
12.759999999999817 (-14.534894283523005, 1.0, -2.047030973620526)
12.779999999999816 (-14.538228465694989, 1.0, -2.0475979959173007)
12.799999999999816 (-14.533443844595752, 1.0, -2.0518293482581638)
12.819999999999816 (-14.522720692104153, 1.0, -2.0571238434986507)
12.839999999999815 (-14.507377180596688, 1.0, -2.062786140216147)
12.859999999999815 (-14.48803395682418, 1.0, -2.0692344585278373)
12.879999999999814 (-14.465209644075582, 1.0, -2.077138795201901)
12.899999999999814 (-14.439555121056385, 1.0, -2.087294278853135)
12.919999999999813 (-14.411837546414533, 1.0, -2.100636542940607)
12.939999999999813 (-14.382927915742345, 1.0, -2.117349818621078)
12.959999999999813 (-14.353485509122727, 1.0, -2.1371588613980785)
12.979999999999812 (-14.324067483884273, 1.0, -2.159336667765019)
12.999999999999812 (-14.295117561903117, 1.0, -2.1829492153598973)
13.019999999999811 (-14.266822147989622, 1.0, -2.2071182749165716)
13.03999999999981 (-14.239146418778798, 1.0, -2.2309358527279994)
13.05999999999981 (-14.211421175273141, 1.0, -2.253885175256928)
13.07999999999981 (-14.182759796820365, 1.0, -2.2756680232772823)
13.09999999999981 (-14.151410104634218, 1.0, -2.295994673363921)
13.11999999999981 (-14.114821165270003, 1.0, -2.3160477742517953)
13.139999999999809 (-14.071608891161972, 1.0, -2.339287284092602)
13.159999999999808 (-14.024564393218885, 1.0, -2.3695299615092806)
13.179999999999808 (-13.976108749480417, 1.0, -2.40417169889966)
13.199999999999807 (-13.926575302964762, 1.0, -2.438822753425076)
13.219999999999807 (-13.879524604797234, 1.0, -2.4732379992783087)
13.239999999999807 (-13.835044076403666, 1.0, -2.506489571559075)
13.259999999999806 (-13.789751243707865, 1.0, -2.539014610578827)
13.279999999999806 (-13.74199489131053, 1.0, -2.57177076181242)
13.299999999999805 (-13.691532128899864, 1.0, -2.6030244284677173)
13.319999999999805 (-13.639014917406353, 1.0, -2.6309628923365107)
13.339999999999804 (-13.585571003224807, 1.0, -2.6544844508597016)
13.359999999999804 (-13.53245059699364, 1.0, -2.673067861211041)
13.379999999999804 (-13.480892104738748, 1.0, -2.6865567984470102)
13.399999999999803 (-13.43211886571794, 1.0, -2.695184151730136)
13.419999999999803 (-13.387285518879523, 1.0, -2.6994872693505974)
13.439999999999802 (-13.347442682222574, 1.0, -2.7000445565982374)
13.459999999999802 (-13.313386379177622, 1.0, -2.697452075730604)
13.479999999999801 (-13.285842833819288, 1.0, -2.6922969975135342)
13.499999999999801 (-13.265334087713308, 1.0, -2.6850587171440488)
13.5199999999998 (-13.252094728535443, 1.0, -2.6762332355717824)
13.5399999999998 (-13.245824595347168, 1.0, -2.6652546873767613)
13.5599999999998 (-13.24491280128828, 1.0, -2.649760684185791)
13.5799999999998 (-13.247153454013363, 1.0, -2.6301585191018213)
13.599999999999799 (-13.250576121858348, 1.0, -2.607267936947515)
13.619999999999798 (-13.25384137142642, 1.0, -2.5818260983452435)
13.639999999999798 (-13.25624067636354, 1.0, -2.554692853003333)
13.659999999999798 (-13.257973646421933, 1.0, -2.5273669731047335)
13.679999999999797 (-13.261766468876273, 1.0, -2.5025481477052107)
13.699999999999797 (-13.270987494024418, 1.0, -2.4817416590527173)
13.719999999999796 (-13.286412905924415, 1.0, -2.465121014093972)
13.739999999999796 (-13.29739366200223, 1.0, -2.455692118351247)
13.759999999999796 (-13.298427317337515, 1.0, -2.4541104143303607)
13.779999999999795 (-13.289427088486898, 1.0, -2.455741668109468)
13.799999999999795 (-13.274587182650674, 1.0, -2.4572600315643207)
13.819999999999794 (-13.256243091212816, 1.0, -2.456768249157873)
13.839999999999794 (-13.234717826892208, 1.0, -2.455467007910383)
13.859999999999793 (-13.209738005833394, 1.0, -2.4549555611490925)
13.879999999999793 (-13.181170968136886, 1.0, -2.4564608956412637)
13.899999999999793 (-13.149148281754169, 1.0, -2.4607708937022)
13.919999999999792 (-13.114066815694486, 1.0, -2.4682826526315065)
13.939999999999792 (-13.076627495916728, 1.0, -2.479065419062459)
13.959999999999791 (-13.037798919733474, 1.0, -2.4929074526804036)
13.97999999999979 (-12.998745470872219, 1.0, -2.5093444927938195)
13.99999999999979 (-12.960556938284682, 1.0, -2.527682707814051)
14.01999999999979 (-12.92398320693441, 1.0, -2.547146071655165)
14.03999999999979 (-12.889225898939465, 1.0, -2.5666897570621647)
14.059999999999789 (-12.855874922309074, 1.0, -2.585536344591914)
14.079999999999789 (-12.822753639707692, 1.0, -2.6029477039912146)
14.099999999999788 (-12.787348105558666, 1.0, -2.6177340713566113)
14.119999999999788 (-12.745987184578428, 1.0, -2.630366776926709)
14.139999999999787 (-12.696011306712977, 1.0, -2.643437712654825)
14.159999999999787 (-12.636567219535685, 1.0, -2.6582169500125827)
14.179999999999787 (-12.573529392467043, 1.0, -2.677612321219583)
14.199999999999786 (-12.508851438487666, 1.0, -2.6960171599923903)
14.219999999999786 (-12.44561645414627, 1.0, -2.7143483101297474)
14.239999999999785 (-12.385506117782782, 1.0, -2.73261209229932)
14.259999999999785 (-12.325427694094087, 1.0, -2.7491107889167505)
14.279999999999784 (-12.262886538155195, 1.0, -2.7638941752444937)
14.299999999999784 (-12.198295047445836, 1.0, -2.7756435527525984)
14.319999999999784 (-12.132983109550564, 1.0, -2.783353101605614)
14.339999999999783 (-12.068365554838923, 1.0, -2.786839572142724)
14.359999999999783 (-12.005703731911588, 1.0, -2.7864583837300336)
14.379999999999782 (-11.946135811179557, 1.0, -2.7827455497450924)
14.399999999999782 (-11.890667842686321, 1.0, -2.7764254665972037)
14.419999999999781 (-11.840013101518274, 1.0, -2.7686783710585883)
14.439999999999781 (-11.794571728804026, 1.0, -2.7608431721104463)
14.45999999999978 (-11.754662830634269, 1.0, -2.7540051805631114)
14.47999999999978 (-11.72089542632475, 1.0, -2.7475707770189897)
14.49999999999978 (-11.693185355137226, 1.0, -2.74050669830758)
14.51999999999978 (-11.670529738540306, 1.0, -2.7325160478710284)
14.539999999999779 (-11.65244573826937, 1.0, -2.723315519082152)
14.559999999999778 (-11.638377837932422, 1.0, -2.7126067727461223)
14.579999999999778 (-11.627853330628678, 1.0, -2.7004492256023127)
14.599999999999778 (-11.620423220931162, 1.0, -2.687130738104297)
14.619999999999777 (-11.615506751974129, 1.0, -2.673095690282127)
14.639999999999777 (-11.61287790365287, 1.0, -2.6598830835635763)
14.659999999999776 (-11.614258445881317, 1.0, -2.6507588678477068)
14.679999999999776 (-11.622300590484073, 1.0, -2.648293700619346)
14.699999999999775 (-11.638530780163702, 1.0, -2.653260711356968)
14.719999999999775 (-11.662590939204405, 1.0, -2.6645590852592598)
14.739999999999775 (-11.68622028374756, 1.0, -2.6776970165200398)
14.759999999999774 (-11.700119028796433, 1.0, -2.6875925706403256)
14.779999999999774 (-11.702095628923006, 1.0, -2.6915743558528917)
14.799999999999773 (-11.696540924476912, 1.0, -2.6897298946696577)
14.819999999999773 (-11.686858526080599, 1.0, -2.68296134725591)
14.839999999999772 (-11.674629951157156, 1.0, -2.671984687000832)
14.859999999999772 (-11.659938507487862, 1.0, -2.657527630344464)
14.879999999999772 (-11.642530097237339, 1.0, -2.64033200651413)
14.899999999999771 (-11.622134065987714, 1.0, -2.6212034852535817)
14.91999999999977 (-11.598402613467313, 1.0, -2.601134072046128)
14.93999999999977 (-11.571300209650556, 1.0, -2.581230084747973)
14.95999999999977 (-11.541256417528196, 1.0, -2.5621041460126888)
14.97999999999977 (-11.509108920685552, 1.0, -2.5439383785972605)
14.999999999999769 (-11.475837092155286, 1.0, -2.5266834031061163)
15.019999999999769 (-11.442324574508357, 1.0, -2.510067593917434)
15.039999999999768 (-11.409326921550369, 1.0, -2.493644730528319)
15.059999999999768 (-11.377031443426205, 1.0, -2.4766806164114805)
15.079999999999767 (-11.345436218192534, 1.0, -2.458230047762793)
15.099999999999767 (-11.313880981719626, 1.0, -2.4369492179119905)
15.119999999999767 (-11.280201733721263, 1.0, -2.4110530492028444)
15.139999999999766 (-11.2406717148815, 1.0, -2.3806719167934034)
15.159999999999766 (-11.193333337058114, 1.0, -2.3505408736921876)
15.179999999999765 (-11.141733442317959, 1.0, -2.3211589916103135)
15.199999999999765 (-11.08972624780891, 1.0, -2.290996064074787)
15.219999999999764 (-11.039048624255893, 1.0, -2.2630668043957454)
15.239999999999764 (-10.9905054937243, 1.0, -2.2369772712334286)
15.259999999999764 (-10.942185008315766, 1.0, -2.2099625896727524)
15.279999999999763 (-10.89253225465463, 1.0, -2.18097212469423)
15.299999999999763 (-10.842988391841356, 1.0, -2.1489837454531124)
15.319999999999762 (-10.795485465659251, 1.0, -2.113719260590729)
15.339999999999762 (-10.751556746041501, 1.0, -2.0756395561904455)
15.359999999999761 (-10.712272686825086, 1.0, -2.0355870396081146)
15.379999999999761 (-10.678336882514696, 1.0, -1.9945893562865116)
15.39999999999976 (-10.6501077656455, 1.0, -1.953825134062861)
15.41999999999976 (-10.627677761127456, 1.0, -1.9145273225264126)
15.43999999999976 (-10.61106991757271, 1.0, -1.8778739158423832)
15.45999999999976 (-10.600130645100615, 1.0, -1.8448099318587934)
15.479999999999759 (-10.594687396209828, 1.0, -1.8162619995742335)
15.499999999999758 (-10.594607878489253, 1.0, -1.792920552114428)
15.519999999999758 (-10.599633788303663, 1.0, -1.7752339831126973)
15.539999999999758 (-10.6092900708181, 1.0, -1.763448594644077)
15.559999999999757 (-10.624738739679378, 1.0, -1.7559345264393023)
15.579999999999757 (-10.64622780853631, 1.0, -1.7500138794530622)
15.599999999999756 (-10.671891023383072, 1.0, -1.7441633289693343)
15.619999999999756 (-10.699828037460083, 1.0, -1.7367168326587725)
15.639999999999755 (-10.72868736278021, 1.0, -1.7271821536661085)
15.659999999999755 (-10.757188132528816, 1.0, -1.7158897771984907)
15.679999999999755 (-10.78384133952287, 1.0, -1.70600368211296)
15.699999999999754 (-10.808574304813233, 1.0, -1.7016512070597611)
15.719999999999754 (-10.831066867659526, 1.0, -1.7034758505101604)
15.739999999999753 (-10.84341244852899, 1.0, -1.7040132909247636)
15.759999999999753 (-10.843704285992871, 1.0, -1.6996665826735042)
15.779999999999752 (-10.836661245403073, 1.0, -1.6890184285134602)
15.799999999999752 (-10.827220181281723, 1.0, -1.6740014972617228)
15.819999999999752 (-10.817748342118929, 1.0, -1.6556317373348457)
15.839999999999751 (-10.80718923950231, 1.0, -1.6345635649009533)
15.85999999999975 (-10.79400619668754, 1.0, -1.6111481084927506)
15.87999999999975 (-10.777112440199632, 1.0, -1.585724238306427)
15.89999999999975 (-10.755939628679652, 1.0, -1.5587070356195383)
15.91999999999975 (-10.73038770356701, 1.0, -1.5306317262887241)
15.939999999999749 (-10.700795984630957, 1.0, -1.5021961988336436)
15.959999999999749 (-10.667875731310502, 1.0, -1.4742280383890405)
15.979999999999748 (-10.632685874067327, 1.0, -1.447639047732924)
15.999999999999748 (-10.596391422242712, 1.0, -1.4231109677166343)
16.019999999999747 (-10.560092497554727, 1.0, -1.400875543279753)
16.039999999999747 (-10.524621917315878, 1.0, -1.3806597915089875)
16.059999999999746 (-10.490367150698027, 1.0, -1.3616029672509558)
16.079999999999746 (-10.457342174050487, 1.0, -1.3421460980626836)
16.099999999999746 (-10.425340789997136, 1.0, -1.319306741325322)
16.119999999999745 (-10.39215486444776, 1.0, -1.289906495477756)
16.139999999999745 (-10.354350958751827, 1.0, -1.252850264912644)
16.159999999999744 (-10.310638359371495, 1.0, -1.2077186939416384)
16.179999999999744 (-10.26113766966302, 1.0, -1.16121086850847)
16.199999999999743 (-10.211657074550727, 1.0, -1.1126144857968763)
16.219999999999743 (-10.162914634813342, 1.0, -1.0648966336053474)
16.239999999999743 (-10.115733269641028, 1.0, -1.019876708311814)
16.259999999999742 (-10.070334530381853, 1.0, -0.9739791031545957)
16.279999999999742 (-10.025564351636383, 1.0, -0.9249861273692966)
16.29999999999974 (-9.982633462679537, 1.0, -0.872608289150681)
16.31999999999974 (-9.94291907353691, 1.0, -0.8175564852312723)
16.33999999999974 (-9.907117231057786, 1.0, -0.7609916053431646)
16.35999999999974 (-9.875424124429983, 1.0, -0.7041838111189117)
16.37999999999974 (-9.8478469225664, 1.0, -0.6483845247782601)
16.39999999999974 (-9.824287011829858, 1.0, -0.5948098283853889)
16.41999999999974 (-9.804109530851703, 1.0, -0.5446355653117181)
16.43999999999974 (-9.786191123054728, 1.0, -0.49881520084232606)
16.459999999999738 (-9.770658090121323, 1.0, -0.45791813282264837)
16.479999999999738 (-9.758288377855758, 1.0, -0.4217024518231818)
16.499999999999737 (-9.748898675721442, 1.0, -0.3896307102101967)
16.519999999999737 (-9.742471934536693, 1.0, -0.36112660014806036)
16.539999999999736 (-9.739087890369104, 1.0, -0.33583750931668316)
16.559999999999736 (-9.738694529268704, 1.0, -0.3135045991358083)
16.579999999999735 (-9.741010878773675, 1.0, -0.293946963252982)
16.599999999999735 (-9.745580372734791, 1.0, -0.276976458365706)
16.619999999999735 (-9.75173410055908, 1.0, -0.26231014744388204)
16.639999999999734 (-9.757673538024147, 1.0, -0.25096564749018807)
16.659999999999734 (-9.761444380132573, 1.0, -0.24680535430234665)
16.679999999999733 (-9.762552433832877, 1.0, -0.2531211116531244)
16.699999999999733 (-9.761204901541136, 1.0, -0.27123926627064615)
16.719999999999732 (-9.75860730811637, 1.0, -0.299738767690503)
16.739999999999732 (-9.755434684205593, 1.0, -0.32948020104166587)
16.75999999999973 (-9.751857710474313, 1.0, -0.34919725322712775)
16.77999999999973 (-9.748751018592241, 1.0, -0.3552420482209813)
16.79999999999973 (-9.747600316032427, 1.0, -0.351081420978429)
16.81999999999973 (-9.748965836463784, 1.0, -0.34037958281371283)
16.83999999999973 (-9.75330339966067, 1.0, -0.3252509031320721)
16.85999999999973 (-9.760126751759428, 1.0, -0.30629968619797115)
16.87999999999973 (-9.768640789326666, 1.0, -0.2836840438550256)
16.89999999999973 (-9.778186759316688, 1.0, -0.25761683856256024)
16.919999999999728 (-9.788006950841309, 1.0, -0.22837309538257028)
16.939999999999728 (-9.797114902812742, 1.0, -0.19620854873121682)
16.959999999999727 (-9.80469566370294, 1.0, -0.1616890879621949)
16.979999999999727 (-9.810684686734966, 1.0, -0.12559412939011827)
16.999999999999726 (-9.815511837783262, 1.0, -0.08870037851742577)
17.019999999999726 (-9.819815145558467, 1.0, -0.051671249148530815)
17.039999999999726 (-9.824356038185941, 1.0, -0.01488430451558799)
17.059999999999725 (-9.829852971790633, 1.0, 0.021573725129325774)
17.079999999999725 (-9.837210635101926, 1.0, 0.058000921694979675)
17.099999999999724 (-9.847175221430161, 1.0, 0.09564813469645901)
17.119999999999724 (-9.859989613088707, 1.0, 0.13720238372043286)
17.139999999999723 (-9.87407581331044, 1.0, 0.18589900276786717)
17.159999999999723 (-9.884014106809248, 1.0, 0.24095573219989633)
17.179999999999723 (-9.891813481112036, 1.0, 0.29929885293081265)
17.199999999999722 (-9.899896404570006, 1.0, 0.3581539834578092)
17.21999999999972 (-9.906270232129135, 1.0, 0.41475994582699816)
17.23999999999972 (-9.911757237459407, 1.0, 0.46874874435879826)
17.25999999999972 (-9.917955882529457, 1.0, 0.5229897805385963)
17.27999999999972 (-9.925179305823963, 1.0, 0.5792131645601152)
17.29999999999972 (-9.935027169405558, 1.0, 0.6365395908570971)
17.31999999999972 (-9.948632316460326, 1.0, 0.6933472092198829)
17.33999999999972 (-9.966312963402695, 1.0, 0.748043800581092)
17.35999999999972 (-9.987845079135619, 1.0, 0.7992845633652733)
17.37999999999972 (-10.012642775515328, 1.0, 0.8459876088808509)
17.399999999999718 (-10.039845933500594, 1.0, 0.8873136654894841)
17.419999999999717 (-10.068454816072771, 1.0, 0.9226230140742367)
17.439999999999717 (-10.097464895353468, 1.0, 0.9514216773051801)
17.459999999999717 (-10.125958588832557, 1.0, 0.9733187459890542)
17.479999999999716 (-10.153154678105858, 1.0, 0.9880124268809588)
17.499999999999716 (-10.178421581893419, 1.0, 0.9953088002369904)
17.519999999999715 (-10.201260230556201, 1.0, 0.9951699656634078)
17.539999999999715 (-10.221272228715419, 1.0, 0.9877675329851475)
17.559999999999715 (-10.23813357588678, 1.0, 0.9736431546019849)
17.579999999999714 (-10.253344038169685, 1.0, 0.9529917167567917)
17.599999999999714 (-10.269992130986033, 1.0, 0.9266145560866084)
17.619999999999713 (-10.289051328043595, 1.0, 0.8976129419488479)
17.639999999999713 (-10.310761006694054, 1.0, 0.8686648011905355)
17.659999999999712 (-10.33513204520476, 1.0, 0.8413581175180972)
17.679999999999712 (-10.359606183393572, 1.0, 0.8168088514464571)
17.69999999999971 (-10.37939623271458, 1.0, 0.7938961109621396)
17.71999999999971 (-10.393513661032426, 1.0, 0.774037145949248)
17.73999999999971 (-10.40395678841232, 1.0, 0.7659752687285031)
17.75999999999971 (-10.412568802472117, 1.0, 0.7713308990877292)
17.77999999999971 (-10.421987022340032, 1.0, 0.7853792899826422)
17.79999999999971 (-10.433115483515348, 1.0, 0.8029519027188866)
17.81999999999971 (-10.446123708899654, 1.0, 0.8220382985704728)
17.83999999999971 (-10.460154505358954, 1.0, 0.8435010178776925)
17.859999999999708 (-10.474442652571282, 1.0, 0.8685933492826164)
17.879999999999708 (-10.48838065816817, 1.0, 0.898111125073371)
17.899999999999707 (-10.501464160727364, 1.0, 0.932319789963197)
17.919999999999707 (-10.513268052419784, 1.0, 0.9709620173510544)
17.939999999999706 (-10.523148225177806, 1.0, 1.0132437242584584)
17.959999999999706 (-10.530597968561931, 1.0, 1.0580841015005604)
17.979999999999706 (-10.535341116352784, 1.0, 1.1038774591154674)
17.999999999999705 (-10.537411597865797, 1.0, 1.1492270099795563)
18.019999999999705 (-10.537122998031771, 1.0, 1.1931214551178742)
18.039999999999704 (-10.534981996133052, 1.0, 1.2351959376998023)
18.059999999999704 (-10.532036647477364, 1.0, 1.2757432493538208)
18.079999999999703 (-10.529825444548162, 1.0, 1.315652235960072)
18.099999999999703 (-10.531230790525557, 1.0, 1.356615513628567)
18.119999999999703 (-10.53810978935137, 1.0, 1.4022949398502376)
18.139999999999702 (-10.549776022139849, 1.0, 1.4560439069746582)
18.1599999999997 (-10.565609392501349, 1.0, 1.5186241697110714)
18.1799999999997 (-10.581564511531571, 1.0, 1.5872126006596041)
18.1999999999997 (-10.599734810243396, 1.0, 1.6575312535204256)
18.2199999999997 (-10.618063177602561, 1.0, 1.7272392587535805)
18.2399999999997 (-10.634912385978378, 1.0, 1.794481940263691)
18.2599999999997 (-10.653551870040717, 1.0, 1.8604943387176918)
18.2799999999997 (-10.675535657277754, 1.0, 1.9270441523436233)
18.2999999999997 (-10.701716668435932, 1.0, 1.9932913271836266)
18.3199999999997 (-10.731944839262354, 1.0, 2.0579161130452785)
18.339999999999698 (-10.76537719621227, 1.0, 2.1200445536977783)
18.359999999999697 (-10.800929008884806, 1.0, 2.1791045083276614)
18.379999999999697 (-10.83749407771146, 1.0, 2.2345880318242157)
18.399999999999697 (-10.873972419946867, 1.0, 2.2860055844021283)
18.419999999999696 (-10.909356713802234, 1.0, 2.3328356524990017)
18.439999999999696 (-10.943127176591883, 1.0, 2.3745588691733235)
18.459999999999695 (-10.974824943073285, 1.0, 2.411585293563084)
18.479999999999695 (-11.004493384488462, 1.0, 2.4445181109892578)
18.499999999999694 (-11.032414730891826, 1.0, 2.4735875224057593)
18.519999999999694 (-11.058591780390627, 1.0, 2.4986954209073287)
18.539999999999694 (-11.083281272892195, 1.0, 2.519960343524859)
18.559999999999693 (-11.106412382878785, 1.0, 2.5374736908319644)
18.579999999999693 (-11.127868715394658, 1.0, 2.551468386834208)
18.599999999999692 (-11.147548174017839, 1.0, 2.562390225190873)
18.619999999999692 (-11.164928158786168, 1.0, 2.5709895937227247)
18.63999999999969 (-11.177154905785242, 1.0, 2.577968969513763)
18.65999999999969 (-11.179981022679948, 1.0, 2.58264886627921)
18.67999999999969 (-11.170854159074388, 1.0, 2.583859313431073)
18.69999999999969 (-11.149266742038849, 1.0, 2.5807707834422557)
18.71999999999969 (-11.117821595440866, 1.0, 2.5728218777595804)
18.73999999999969 (-11.084572986561032, 1.0, 2.5627473446194764)
18.75999999999969 (-11.060467745160116, 1.0, 2.5560964674644984)
18.77999999999969 (-11.049563546241165, 1.0, 2.5546452052699435)
18.799999999999688 (-11.049973736868631, 1.0, 2.5563472661125504)
18.819999999999688 (-11.0582825317469, 1.0, 2.5591662350256104)
18.839999999999687 (-11.07246002713798, 1.0, 2.5609725040200844)
18.859999999999687 (-11.091536759539427, 1.0, 2.5616368223746253)
18.879999999999686 (-11.114963151711404, 1.0, 2.5617449708453446)
18.899999999999686 (-11.142228772017068, 1.0, 2.561884158409544)
18.919999999999686 (-11.172761542561332, 1.0, 2.5624193933480415)
18.939999999999685 (-11.205993385344753, 1.0, 2.563674540939817)
18.959999999999685 (-11.2412143545374, 1.0, 2.566224750578102)
18.979999999999684 (-11.277539604141493, 1.0, 2.5704215570333324)
18.999999999999684 (-11.31440658711842, 1.0, 2.5759749764983755)
19.019999999999683 (-11.351438383798623, 1.0, 2.5821611985583606)
19.039999999999683 (-11.388652118122494, 1.0, 2.588067625131974)
19.059999999999683 (-11.426107092755716, 1.0, 2.592837382322552)
19.079999999999682 (-11.464453922381912, 1.0, 2.5957508381110475)
19.09999999999968 (-11.505196474676417, 1.0, 2.5967827552817324)
19.11999999999968 (-11.55055754460153, 1.0, 2.597204917089544)
19.13999999999968 (-11.602683138720842, 1.0, 2.599775381164292)
19.15999999999968 (-11.657787992409949, 1.0, 2.6091298426976244)
19.17999999999968 (-11.715073899442174, 1.0, 2.6211432647133495)
19.19999999999968 (-11.77245901339942, 1.0, 2.633410229580864)
19.21999999999968 (-11.826742000014148, 1.0, 2.646548297900191)
19.23999999999968 (-11.878303609591226, 1.0, 2.6594138786230097)
19.25999999999968 (-11.930399666379877, 1.0, 2.672135834645467)
19.279999999999678 (-11.984480181318249, 1.0, 2.6851591192477424)
19.299999999999677 (-12.040452528762126, 1.0, 2.6964472909228148)
19.319999999999677 (-12.0973554796629, 1.0, 2.704159794281314)
19.339999999999677 (-12.15389863085701, 1.0, 2.707250011046352)
19.359999999999676 (-12.208803219604425, 1.0, 2.7052683043537407)
19.379999999999676 (-12.260879795380939, 1.0, 2.698205796716893)
19.399999999999675 (-12.30904099750097, 1.0, 2.686394551660501)
19.419999999999675 (-12.352317324152576, 1.0, 2.6703802884867134)
19.439999999999674 (-12.389865665446548, 1.0, 2.650784388304394)
19.459999999999674 (-12.420968997725868, 1.0, 2.6281963977055387)
19.479999999999674 (-12.445040191622109, 1.0, 2.6031154178800806)
19.499999999999673 (-12.461636341572056, 1.0, 2.5759389823258783)
19.519999999999673 (-12.470482111671767, 1.0, 2.546992436781764)
19.539999999999672 (-12.471477636779504, 1.0, 2.5165693161728138)
19.559999999999672 (-12.464817589632839, 1.0, 2.485023677328263)
19.57999999999967 (-12.450952578815427, 1.0, 2.452929254605344)
19.59999999999967 (-12.430551539674685, 1.0, 2.4210235490357257)
19.61999999999967 (-12.405337082202076, 1.0, 2.3876149643513553)
19.63999999999967 (-12.378583796579834, 1.0, 2.35074527891861)
19.65999999999967 (-12.353942765932702, 1.0, 2.311435779316137)
19.67999999999967 (-12.333954093784504, 1.0, 2.271619530921391)
19.69999999999967 (-12.31776811938833, 1.0, 2.2355723213509893)
19.71999999999967 (-12.308639160785408, 1.0, 2.2069602036271445)
19.739999999999668 (-12.311695885902477, 1.0, 2.188503124196766)
19.759999999999668 (-12.32650391522001, 1.0, 2.1789312461997823)
19.779999999999667 (-12.347776903794847, 1.0, 2.1743104960754405)
19.799999999999667 (-12.37168426823398, 1.0, 2.170918254969952)
19.819999999999666 (-12.397298712764282, 1.0, 2.1681474242792773)
19.839999999999666 (-12.42537426515018, 1.0, 2.166992441517194)
19.859999999999665 (-12.45678080959006, 1.0, 2.1682749235860492)
19.879999999999665 (-12.49206811324184, 1.0, 2.1727118942211225)
19.899999999999665 (-12.531055681927826, 1.0, 2.180741404143611)
19.919999999999664 (-12.57308292275685, 1.0, 2.1925738752689194)
19.939999999999664 (-12.617009027955001, 1.0, 2.2081443677742927)
19.959999999999663 (-12.66116163107994, 1.0, 2.2272070351371007)
19.979999999999663 (-12.704006722626833, 1.0, 2.2494140296507115)
19.999999999999662 (-12.744394365464522, 1.0, 2.2741587175071722)
20.019999999999662 (-12.781787340940062, 1.0, 2.3009422120338754)
20.03999999999966 (-12.816413410298352, 1.0, 2.3290705886548673)
20.05999999999966 (-12.84930800016301, 1.0, 2.3576646633877467)
20.07999999999966 (-12.88236308842615, 1.0, 2.38566765036077)
20.09999999999966 (-12.91892636638345, 1.0, 2.411201074490476)
20.11999999999966 (-12.96330896810504, 1.0, 2.4344695913875185)
20.13999999999966 (-13.01767738334332, 1.0, 2.4574126682564974)
20.15999999999966 (-13.081117996053331, 1.0, 2.481045286931671)
20.17999999999966 (-13.1512641477634, 1.0, 2.505521237056475)
20.19999999999966 (-13.225507708782425, 1.0, 2.528759296400245)
20.219999999999658 (-13.300177185324644, 1.0, 2.5513002632897837)
20.239999999999657 (-13.372743253523574, 1.0, 2.573502397847272)
20.259999999999657 (-13.445338488108675, 1.0, 2.5934848780448316)
20.279999999999657 (-13.5201057561884, 1.0, 2.610701167599379)
20.299999999999656 (-13.59688931463957, 1.0, 2.62397658807294)
20.319999999999656 (-13.674599985374273, 1.0, 2.6330164745971363)
20.339999999999655 (-13.752247663626509, 1.0, 2.638349385187085)
20.359999999999655 (-13.828964278394842, 1.0, 2.6407256960236665)
20.379999999999654 (-13.903861274924955, 1.0, 2.6406477019720764)
20.399999999999654 (-13.976019413319948, 1.0, 2.638163313098027)
20.419999999999654 (-14.044730573838706, 1.0, 2.6334367275046535)
20.439999999999653 (-14.109357926859625, 1.0, 2.6265735753932047)
20.459999999999653 (-14.169034348761413, 1.0, 2.6175248823506228)
20.479999999999652 (-14.222880441322875, 1.0, 2.6061765843547127)
20.499999999999652 (-14.270834380155579, 1.0, 2.593093147914342)
20.51999999999965 (-14.314104691341239, 1.0, 2.5797569929804207)
20.53999999999965 (-14.353771132729376, 1.0, 2.5667142375972136)
20.55999999999965 (-14.390200638962208, 1.0, 2.5539427840579516)
20.57999999999965 (-14.423437840979254, 1.0, 2.541526311424542)
20.59999999999965 (-14.453635060947708, 1.0, 2.5298488990282575)
20.61999999999965 (-14.480438040396207, 1.0, 2.521084360013704)
20.63999999999965 (-14.501015248300769, 1.0, 2.5189870526367204)
20.65999999999965 (-14.51231037925186, 1.0, 2.5260037882438127)
20.679999999999648 (-14.512514623746508, 1.0, 2.543210520992727)
20.699999999999648 (-14.501065244815905, 1.0, 2.5693453621017577)
20.719999999999647 (-14.479302937728278, 1.0, 2.6009954988402035)
20.739999999999647 (-14.453300174131108, 1.0, 2.632506014553168)
20.759999999999646 (-14.431520715666798, 1.0, 2.657384097072566)
20.779999999999646 (-14.419087298287186, 1.0, 2.671964249382887)
20.799999999999645 (-14.416019415609455, 1.0, 2.676324763243349)
20.819999999999645 (-14.418865526934303, 1.0, 2.673214232201069)
20.839999999999645 (-14.423497065758975, 1.0, 2.663506346811306)
20.859999999999644 (-14.428691375505666, 1.0, 2.6480657713589064)
20.879999999999644 (-14.434569907973334, 1.0, 2.6276097105709986)
20.899999999999643 (-14.44158173893918, 1.0, 2.602876882153315)
20.919999999999643 (-14.449910675280254, 1.0, 2.574593044408214)
20.939999999999642 (-14.45947475717298, 1.0, 2.543357105917322)
20.959999999999642 (-14.470060102578097, 1.0, 2.5096975369873333)
20.97999999999964 (-14.481709042931476, 1.0, 2.474285922329805)
20.99999999999964 (-14.494469266602096, 1.0, 2.438067215717883)
21.01999999999964 (-14.50796878516726, 1.0, 2.4013404307939337)
21.03999999999964 (-14.521506133365296, 1.0, 2.363903158765352)
21.05999999999964 (-14.534301707980088, 1.0, 2.3252437618916875)
21.07999999999964 (-14.545822391457573, 1.0, 2.2845921203105872)
21.09999999999964 (-14.556561205582513, 1.0, 2.2405566900579683)
21.11999999999964 (-14.56881592285934, 1.0, 2.1922331415768332)
21.139999999999638 (-14.586036690421484, 1.0, 2.1391098627631044)
21.159999999999638 (-14.610252800763842, 1.0, 2.087040042607148)
21.179999999999637 (-14.637034954303394, 1.0, 2.033883074035262)
21.199999999999637 (-14.664256947156346, 1.0, 1.9818333688874026)
21.219999999999636 (-14.690729847082126, 1.0, 1.933783684292159)
21.239999999999636 (-14.715645144836186, 1.0, 1.887899507186922)
21.259999999999636 (-14.741135747231493, 1.0, 1.8415891617862608)
21.279999999999635 (-14.768770052739367, 1.0, 1.794302744582403)
21.299999999999635 (-14.796379532909278, 1.0, 1.7453975737889091)
21.319999999999634 (-14.821330634214949, 1.0, 1.6946054457595996)
21.339999999999634 (-14.841848039170726, 1.0, 1.6425134715138388)
21.359999999999634 (-14.856866619794836, 1.0, 1.5900007561093268)
21.379999999999633 (-14.8657737340101, 1.0, 1.5379828361235819)
21.399999999999633 (-14.868304199753513, 1.0, 1.4874071890710623)
21.419999999999632 (-14.864455430364941, 1.0, 1.4392162660623549)
21.439999999999632 (-14.854368312121116, 1.0, 1.3942792553748058)
21.45999999999963 (-14.838218422097329, 1.0, 1.353339844925353)
21.47999999999963 (-14.816151348347045, 1.0, 1.3169842622144425)
21.49999999999963 (-14.788266708078668, 1.0, 1.2856231055510392)
21.51999999999963 (-14.754643534766954, 1.0, 1.2594842084033362)
21.53999999999963 (-14.715395401007891, 1.0, 1.2386159132936942)
21.55999999999963 (-14.670740511040243, 1.0, 1.2228986995141888)
21.57999999999963 (-14.621072178164622, 1.0, 1.2120623125011358)
21.59999999999963 (-14.567019661608763, 1.0, 1.2057060785380673)
21.619999999999628 (-14.509496344457363, 1.0, 1.2033200445552923)
21.639999999999628 (-14.449739351313251, 1.0, 1.2043024297992917)
21.659999999999627 (-14.389351244408601, 1.0, 1.2079626695700172)
21.679999999999627 (-14.32999839407297, 1.0, 1.2134600920414376)
21.699999999999626 (-14.273165669610272, 1.0, 1.2160140628276213)
21.719999999999626 (-14.22917456170931, 1.0, 1.2103382591040688)
21.739999999999625 (-14.202995655839393, 1.0, 1.1963062518846916)
21.759999999999625 (-14.193173584758716, 1.0, 1.1767782871283827)
21.779999999999625 (-14.193971365995177, 1.0, 1.1570118474404798)
21.799999999999624 (-14.199465449544268, 1.0, 1.1377956655152133)
21.819999999999624 (-14.209089297510559, 1.0, 1.118451818086173)
21.839999999999623 (-14.223857902011854, 1.0, 1.0978949156299673)
21.859999999999623 (-14.244608487659786, 1.0, 1.0752623829296393)
21.879999999999622 (-14.271600825582926, 1.0, 1.0504362087250085)
21.899999999999622 (-14.304536809568773, 1.0, 1.0240558679652467)
21.91999999999962 (-14.34270728158585, 1.0, 0.9973523945302898)
21.93999999999962 (-14.385147194490445, 1.0, 0.9717440841945144)
21.95999999999962 (-14.430785966620109, 1.0, 0.9485677468513862)
21.97999999999962 (-14.478613953483162, 1.0, 0.9289117543076643)
21.99999999999962 (-14.527803582227538, 1.0, 0.9133923451150507)
22.01999999999962 (-14.577811220534935, 1.0, 0.9020304087823494)
22.03999999999962 (-14.628194186009424, 1.0, 0.8941018675250813)
22.05999999999962 (-14.678662329030207, 1.0, 0.888078136760932)
22.079999999999618 (-14.72904879888578, 1.0, 0.8811632316011094)
22.099999999999618 (-14.779974729426463, 1.0, 0.8689531305684052)
22.119999999999617 (-14.834420379474915, 1.0, 0.8477384820551759)
22.139999999999617 (-14.894017933531922, 1.0, 0.8159342909203257)
22.159999999999616 (-14.958771385208312, 1.0, 0.7752234498433282)
22.179999999999616 (-15.028172009049772, 1.0, 0.727731108477006)
22.199999999999616 (-15.099332203663375, 1.0, 0.6745790583910746)
22.219999999999615 (-15.17004452845092, 1.0, 0.6196976818705335)
22.239999999999615 (-15.23959243746271, 1.0, 0.5658023930631433)
22.259999999999614 (-15.307441109854222, 1.0, 0.5107601105515838)
22.279999999999614 (-15.373973935159304, 1.0, 0.45209051827277374)
22.299999999999613 (-15.438529772496468, 1.0, 0.38904752771790907)
22.319999999999613 (-15.500324963642878, 1.0, 0.32218753868068195)
22.339999999999613 (-15.559224734770195, 1.0, 0.252331341109707)
22.359999999999612 (-15.615188178536583, 1.0, 0.18014053775850097)
22.37999999999961 (-15.668142140327692, 1.0, 0.10622400979840108)
22.39999999999961 (-15.718159947574554, 1.0, 0.031310789521090204)
22.41999999999961 (-15.765235512851698, 1.0, -0.04376120578121283)
22.43999999999961 (-15.809330657641818, 1.0, -0.11811954596728323)
22.45999999999961 (-15.850375405124792, 1.0, -0.19074567721405375)
22.47999999999961 (-15.888204770109745, 1.0, -0.2608862081984309)
22.49999999999961 (-15.922634126978851, 1.0, -0.32782223064472754)
22.51999999999961 (-15.953449791863756, 1.0, -0.3909142738245692)
22.53999999999961 (-15.98044545460065, 1.0, -0.44964796004466256)
22.559999999999608 (-16.002607166974663, 1.0, -0.49372298660057146)
22.579999999999607 (-16.019653092579528, 1.0, -0.5304606066096418)
22.599999999999607 (-16.035913397874584, 1.0, -0.5668828995568614)
22.619999999999607 (-16.054588660677783, 1.0, -0.6026071429111257)
22.639999999999606 (-16.07581461123325, 1.0, -0.6294595626739191)
22.659999999999606 (-16.097357544733985, 1.0, -0.637695484067581)
22.679999999999605 (-16.119041565961712, 1.0, -0.6284125039218534)
22.699999999999605 (-16.139506909057406, 1.0, -0.6033565794412925)
22.719999999999605 (-16.157777608341572, 1.0, -0.5659212945430306)
22.739999999999604 (-16.173009802302804, 1.0, -0.5230555586090584)
22.759999999999604 (-16.18439089152985, 1.0, -0.4838566255210448)
22.779999999999603 (-16.19035772761028, 1.0, -0.4563060195937854)
22.799999999999603 (-16.190761206556473, 1.0, -0.4427508796328309)
22.819999999999602 (-16.186378404056438, 1.0, -0.4392972447668012)
22.839999999999602 (-16.17708725593134, 1.0, -0.44187221023916157)
22.8599999999996 (-16.162728749821703, 1.0, -0.4477143102366251)
22.8799999999996 (-16.143526971125624, 1.0, -0.45592690451638596)
22.8999999999996 (-16.120303780310067, 1.0, -0.4665833794564314)
22.9199999999996 (-16.093944577227656, 1.0, -0.4800907668933164)
22.9399999999996 (-16.065075212468102, 1.0, -0.4962471666316103)
22.9599999999996 (-16.034031219346705, 1.0, -0.5146749982398613)
22.9799999999996 (-16.00099759761984, 1.0, -0.534993207920391)
22.9999999999996 (-15.965861268654923, 1.0, -0.5566728229074827)
23.019999999999598 (-15.928360869816192, 1.0, -0.5792451622040732)
23.039999999999598 (-15.888073126328191, 1.0, -0.6021942060850086)
23.059999999999597 (-15.844214636453248, 1.0, -0.6249934239928359)
23.079999999999597 (-15.795427075308346, 1.0, -0.6472767630803585)
23.099999999999596 (-15.740925483333964, 1.0, -0.6700789086314366)
23.119999999999596 (-15.683074088424434, 1.0, -0.6960135966632347)
23.139999999999596 (-15.624248543058327, 1.0, -0.7282423792412018)
23.159999999999595 (-15.57070036445282, 1.0, -0.7640526502175049)
23.179999999999595 (-15.518047231407925, 1.0, -0.8007978164414995)
23.199999999999594 (-15.468114178845099, 1.0, -0.8365834235873681)
23.219999999999594 (-15.422138395489508, 1.0, -0.8689207876930818)
23.239999999999593 (-15.377416310117733, 1.0, -0.8985128008175949)
23.259999999999593 (-15.333126657187012, 1.0, -0.9286232765382884)
23.279999999999593 (-15.289664587111117, 1.0, -0.9610835785771041)
23.299999999999592 (-15.24674072915172, 1.0, -0.9959212180621106)
23.31999999999959 (-15.204024745490884, 1.0, -1.0315161499606904)
23.33999999999959 (-15.160062312726305, 1.0, -1.0648829676692002)
23.35999999999959 (-15.113784500155402, 1.0, -1.0938199846822618)
23.37999999999959 (-15.065183133129997, 1.0, -1.1170290817711892)
23.39999999999959 (-15.014555913030861, 1.0, -1.1338584128220202)
23.41999999999959 (-14.962257888601147, 1.0, -1.143980035961771)
23.43999999999959 (-14.908583609564815, 1.0, -1.1472910225672397)
23.45999999999959 (-14.853862561098282, 1.0, -1.1437163868607718)
23.47999999999959 (-14.798200964137482, 1.0, -1.1334978988475561)
23.499999999999588 (-14.741125455983658, 1.0, -1.1187203876831366)
23.519999999999587 (-14.682138324067264, 1.0, -1.0997550372407139)
23.539999999999587 (-14.622546859796957, 1.0, -1.074917686276274)
23.559999999999587 (-14.566417208166671, 1.0, -1.0429253776841771)
23.579999999999586 (-14.514686617939773, 1.0, -1.0017816549326943)
23.599999999999586 (-14.467343652856606, 1.0, -0.9505120586786328)
23.619999999999585 (-14.424790505949687, 1.0, -0.8888191030562449)
23.639999999999585 (-14.387177360038272, 1.0, -0.8177996618405191)
23.659999999999584 (-14.354376656329324, 1.0, -0.7397304580278243)
23.679999999999584 (-14.325634827965546, 1.0, -0.6579743890534945)
23.699999999999584 (-14.294279366973395, 1.0, -0.5840224376680607)
23.719999999999583 (-14.258782163297528, 1.0, -0.5310152736663388)
23.739999999999583 (-14.224390685078937, 1.0, -0.502301021007532)
23.759999999999582 (-14.198344136541293, 1.0, -0.49201522367421235)
23.779999999999582 (-14.182984651664581, 1.0, -0.49186668040737613)
23.79999999999958 (-14.176786897774113, 1.0, -0.49838868875261655)
23.81999999999958 (-14.17739297539148, 1.0, -0.5113277430702092)
23.83999999999958 (-14.183261129969429, 1.0, -0.53145200944454)
23.85999999999958 (-14.193348228113313, 1.0, -0.5591231050569232)
23.87999999999958 (-14.206963902013396, 1.0, -0.5939560410050556)
23.89999999999958 (-14.223821392239342, 1.0, -0.6350243707189386)
23.91999999999958 (-14.244033482806982, 1.0, -0.6810495317606281)
23.93999999999958 (-14.267942573838873, 1.0, -0.730596022772589)
23.959999999999578 (-14.29593099908256, 1.0, -0.782405302627769)
23.979999999999578 (-14.328244845323658, 1.0, -0.8354617604942909)
23.999999999999577 (-14.364784540436276, 1.0, -0.8889825154547664)
24.019999999999577 (-14.405097839344256, 1.0, -0.9424600837069583)
24.039999999999576 (-14.448078901018388, 1.0, -0.9955235619468815)
24.059999999999576 (-14.492141072437194, 1.0, -1.0484584955209149)
24.079999999999576 (-14.534149432394587, 1.0, -1.1026943840885646)
24.099999999999575 (-14.571190572092622, 1.0, -1.162011153659718)
24.119999999999575 (-14.60149566938632, 1.0, -1.231209803356188)
24.139999999999574 (-14.623427464345268, 1.0, -1.3132940082218258)
24.159999999999574 (-14.63857662921002, 1.0, -1.4079199741464854)
24.179999999999573 (-14.647421154166548, 1.0, -1.5120204527678114)
24.199999999999573 (-14.651086820049786, 1.0, -1.6212984653122187)
24.219999999999573 (-14.65236635376184, 1.0, -1.7315792795752478)
24.239999999999572 (-14.652524503346331, 1.0, -1.8406895872071263)
24.25999999999957 (-14.648693584567928, 1.0, -1.9502107935642647)
24.27999999999957 (-14.63964154641611, 1.0, -2.0623732818392724)
24.29999999999957 (-14.624116373253917, 1.0, -2.176258757420638)
24.31999999999957 (-14.602013773724858, 1.0, -2.2910481507308247)
24.33999999999957 (-14.57366816778649, 1.0, -2.40641404638243)
24.35999999999957 (-14.539645555293124, 1.0, -2.5222107607249473)
24.37999999999957 (-14.500646611811593, 1.0, -2.6381276960958546)
24.39999999999957 (-14.457516359437697, 1.0, -2.753769474174806)
24.41999999999957 (-14.411216065293557, 1.0, -2.8686933337030367)
24.439999999999568 (-14.362915435898547, 1.0, -2.9818861971628023)
24.459999999999567 (-14.314131741087502, 1.0, -3.0902815200401332)
24.479999999999567 (-14.266527469809233, 1.0, -3.1908459185727662)
24.499999999999567 (-14.229848867331715, 1.0, -3.277911371496244)
24.519999999999566 (-14.212765615827857, 1.0, -3.344707852369284)
24.539999999999566 (-14.195379467206765, 1.0, -3.4062755950564503)
24.559999999999565 (-14.177522923368398, 1.0, -3.464431944239999)
24.579999999999565 (-14.160170682620915, 1.0, -3.519550887255687)
24.599999999999564 (-14.144727412726779, 1.0, -3.5718172497503353)
24.619999999999564 (-14.130452996359471, 1.0, -3.619145466132941)
24.639999999999564 (-14.120114591474502, 1.0, -3.661774432322172)
24.659999999999563 (-14.120449286485712, 1.0, -3.6955098530739674)
24.679999999999563 (-14.13581772533991, 1.0, -3.7133145494710487)
24.699999999999562 (-14.163367719931028, 1.0, -3.717951892154308)
24.719999999999562 (-14.201336811812086, 1.0, -3.712209501610523)
24.73999999999956 (-14.246922110561044, 1.0, -3.698083357098738)
24.75999999999956 (-14.294267060169208, 1.0, -3.6780128044358964)
24.77999999999956 (-14.333770871118261, 1.0, -3.6561440844002084)
24.79999999999956 (-14.36034873670539, 1.0, -3.6351392259871087)
24.81999999999956 (-14.373186442544847, 1.0, -3.6154225586123787)
24.83999999999956 (-14.376244228997273, 1.0, -3.5964156429006544)
24.85999999999956 (-14.372602727850511, 1.0, -3.575467792862282)
24.87999999999956 (-14.364133164797487, 1.0, -3.551497796370899)
24.899999999999558 (-14.351429126990691, 1.0, -3.52450416105297)
24.919999999999558 (-14.334490099170486, 1.0, -3.494918887216942)
24.939999999999557 (-14.313023372815769, 1.0, -3.463381163754356)
24.959999999999557 (-14.286787435541024, 1.0, -3.430428819000589)
24.979999999999556 (-14.255766992681853, 1.0, -3.3962895646414397)
24.999999999999556 (-14.220055305299914, 1.0, -3.3608006408171143)
25.019999999999555 (-14.179851460441101, 1.0, -3.323488498352514)
25.039999999999555 (-14.13522547244597, 1.0, -3.2827976066978626)
25.059999999999555 (-14.086184126776176, 1.0, -3.2366464849164807)
25.079999999999554 (-14.033068930871273, 1.0, -3.1841055368212516)
25.099999999999554 (-13.974873758890908, 1.0, -3.1257689041423937)
25.119999999999553 (-13.911342983390313, 1.0, -3.066577506815049)
25.139999999999553 (-13.84610602538894, 1.0, -3.012293475707184)
25.159999999999553 (-13.78312802422673, 1.0, -2.9624112817485155)
25.179999999999552 (-13.721945479785669, 1.0, -2.9141560594943456)
25.19999999999955 (-13.665120304496767, 1.0, -2.868548637597138)
25.21999999999955 (-13.614786720150764, 1.0, -2.824316995251991)
25.23999999999955 (-13.568454066473842, 1.0, -2.7795581474249222)
25.25999999999955 (-13.523414607715225, 1.0, -2.7353729115294403)
25.27999999999955 (-13.477939998423844, 1.0, -2.6924907566248093)
25.29999999999955 (-13.431430873134952, 1.0, -2.6511328529365117)
25.31999999999955 (-13.384000776089229, 1.0, -2.6108497016097147)
25.33999999999955 (-13.336341653835534, 1.0, -2.5712106026149475)
25.35999999999955 (-13.289247103086229, 1.0, -2.531819529311825)
25.379999999999548 (-13.243784640754392, 1.0, -2.491803466696779)
25.399999999999547 (-13.201135467630095, 1.0, -2.4488312623046555)
25.419999999999547 (-13.161441340456582, 1.0, -2.4007847706371193)
25.439999999999547 (-13.124920786796725, 1.0, -2.348837910266374)
25.459999999999546 (-13.094456381103248, 1.0, -2.2935991036136154)
25.479999999999546 (-13.07071710652102, 1.0, -2.2349826871705907)
25.499999999999545 (-13.05275474320371, 1.0, -2.173480900957096)
25.519999999999545 (-13.042781217876312, 1.0, -2.108290208950858)
25.539999999999544 (-13.043173566089013, 1.0, -2.0377485813933416)
25.559999999999544 (-13.056242569125656, 1.0, -1.9619937460970915)
25.579999999999544 (-13.084503320035635, 1.0, -1.8830539748951387)
25.599999999999543 (-13.126228045278163, 1.0, -1.801005345052594)
25.619999999999543 (-13.176989589702915, 1.0, -1.7165781189395244)
25.639999999999542 (-13.232915004382576, 1.0, -1.6311060207988766)
25.659999999999542 (-13.283292311301581, 1.0, -1.5469389415404418)
25.67999999999954 (-13.314589546954672, 1.0, -1.468035905334416)
25.69999999999954 (-13.320645536079672, 1.0, -1.397066741353862)
25.71999999999954 (-13.304328759733783, 1.0, -1.3345064555440216)
25.73999999999954 (-13.274621805190442, 1.0, -1.2822208052079624)
25.75999999999954 (-13.242210432544804, 1.0, -1.2422177108355934)
25.77999999999954 (-13.212058967966005, 1.0, -1.2156180135953747)
25.79999999999954 (-13.18512478349294, 1.0, -1.2034233494417332)
25.81999999999954 (-13.159845747830836, 1.0, -1.2053446878785563)
25.839999999999538 (-13.134117704758015, 1.0, -1.220241960542942)
25.859999999999538 (-13.107189323263501, 1.0, -1.2471605709850815)
25.879999999999537 (-13.079976281098924, 1.0, -1.285076398970132)
25.899999999999537 (-13.054384349569967, 1.0, -1.3328437175013899)
25.919999999999536 (-13.032547805845144, 1.0, -1.389225597399902)
25.939999999999536 (-13.01619191500872, 1.0, -1.4530306230811771)
25.959999999999535 (-13.006441565525174, 1.0, -1.5233024440161533)
25.979999999999535 (-13.003907217201899, 1.0, -1.5993171456638977)
25.999999999999535 (-13.008613739333992, 1.0, -1.680370636457818)
26.019999999999534 (-13.019919642508045, 1.0, -1.765623732333424)
26.039999999999534 (-13.036256373723285, 1.0, -1.8542592858307705)
26.059999999999533 (-13.05433631988123, 1.0, -1.9446402573385058)
26.079999999999533 (-13.066828046819417, 1.0, -2.0390219511684866)
26.099999999999532 (-13.066173147622166, 1.0, -2.137472153219974)
26.119999999999532 (-13.051359036420106, 1.0, -2.237817655614406)
26.13999999999953 (-13.022079757317867, 1.0, -2.3395352079994933)
26.15999999999953 (-12.979417695831382, 1.0, -2.4442689885686377)
26.17999999999953 (-12.91943815941642, 1.0, -2.5459288709686962)
26.19999999999953 (-12.847080353912004, 1.0, -2.645672560687809)
26.21999999999953 (-12.768039437832801, 1.0, -2.743099386517589)
26.23999999999953 (-12.68390111798761, 1.0, -2.8374116899187136)
26.25999999999953 (-12.592190594585785, 1.0, -2.9281837276940124)
26.27999999999953 (-12.49098060400724, 1.0, -3.015435919758255)
26.299999999999528 (-12.380354389768247, 1.0, -3.0978156567319584)
26.319999999999528 (-12.261208783010861, 1.0, -3.175145457431577)
26.339999999999527 (-12.134825760743688, 1.0, -3.247975489480059)
26.359999999999527 (-12.002099137761817, 1.0, -3.316503548169872)
26.379999999999526 (-11.863778807064206, 1.0, -3.3800427935666004)
26.399999999999526 (-11.721699805515684, 1.0, -3.4361226203627098)
26.419999999999526 (-11.5802978211649, 1.0, -3.4849497744334124)
26.439999999999525 (-11.442599053204798, 1.0, -3.5274839235113125)
26.459999999999525 (-11.309999780399108, 1.0, -3.56479805341439)
26.479999999999524 (-11.218907880502607, 1.0, -3.6118907286418027)
26.499999999999524 (-11.140101207728518, 1.0, -3.6568183937081953)
26.519999999999524 (-11.062315819255735, 1.0, -3.697145744329365)
26.539999999999523 (-10.99845744598133, 1.0, -3.7170596461002843)
26.559999999999523 (-10.932098163712054, 1.0, -3.716518963387455)
26.579999999999522 (-10.861534707098308, 1.0, -3.7074217134133933)
26.599999999999522 (-10.795663778256916, 1.0, -3.703750498328142)
26.61999999999952 (-10.741792723199238, 1.0, -3.7081630479806074)
26.63999999999952 (-10.712998725914284, 1.0, -3.7193723249541475)
26.65999999999952 (-10.715349331252474, 1.0, -3.734650334445865)
26.67999999999952 (-10.738805574909353, 1.0, -3.7561050741187483)
26.69999999999952 (-10.779294168455657, 1.0, -3.7835654183028105)
26.71999999999952 (-10.833849329769563, 1.0, -3.81576352496368)
26.73999999999952 (-10.89955126658201, 1.0, -3.8514423828920847)
26.75999999999952 (-10.973492462540122, 1.0, -3.8893091042901653)
26.779999999999518 (-11.046953727044539, 1.0, -3.9211094061679215)
26.799999999999518 (-11.111522579983022, 1.0, -3.9436989531611375)
26.819999999999517 (-11.164597771183944, 1.0, -3.9567929237932318)
26.839999999999517 (-11.20770443302039, 1.0, -3.9622327539858286)
26.859999999999516 (-11.24421591233794, 1.0, -3.9609103792350866)
26.879999999999516 (-11.276403941269239, 1.0, -3.953276543145787)
26.899999999999515 (-11.306186439628686, 1.0, -3.9394968690392407)
26.919999999999515 (-11.334705836749384, 1.0, -3.9196062586064713)
26.939999999999515 (-11.362509320607115, 1.0, -3.8935744864330326)
26.959999999999514 (-11.389654894334182, 1.0, -3.861216531302743)
26.979999999999514 (-11.415768125904451, 1.0, -3.8221340793397736)
26.999999999999513 (-11.440404782683144, 1.0, -3.7757935519423254)
27.019999999999513 (-11.462974988162133, 1.0, -3.721186789757321)
27.039999999999512 (-11.483325453268568, 1.0, -3.6557830523613246)
27.059999999999512 (-11.50135430020137, 1.0, -3.577451208101034)
27.07999999999951 (-11.516160581970151, 1.0, -3.4865124429671415)
27.09999999999951 (-11.525818466150781, 1.0, -3.3852982618619523)
27.11999999999951 (-11.529095452006462, 1.0, -3.2789679259683293)
27.13999999999951 (-11.524166233190535, 1.0, -3.169924897345343)
27.15999999999951 (-11.5118901419272, 1.0, -3.06485827483423)
27.17999999999951 (-11.49723765261843, 1.0, -2.9637669224471965)
27.19999999999951 (-11.48438589658161, 1.0, -2.868174037857196)
27.21999999999951 (-11.476992839883678, 1.0, -2.7794054942120088)
27.239999999999508 (-11.475270125254427, 1.0, -2.695601126020999)
27.259999999999508 (-11.477092622996071, 1.0, -2.6155932589699615)
27.279999999999507 (-11.480465563841406, 1.0, -2.5381370472219547)
27.299999999999507 (-11.484246157660579, 1.0, -2.4619645598890565)
27.319999999999506 (-11.487760768065245, 1.0, -2.386256220478103)
27.339999999999506 (-11.490800085296105, 1.0, -2.3106977625927376)
27.359999999999506 (-11.493533284887551, 1.0, -2.235508378802058)
27.379999999999505 (-11.496575615972397, 1.0, -2.161303806271328)
27.399999999999505 (-11.500954423937259, 1.0, -2.089023476389487)
27.419999999999504 (-11.508078364496347, 1.0, -2.019897078051668)
27.439999999999504 (-11.519458266938992, 1.0, -1.95513882279888)
27.459999999999503 (-11.536777460427377, 1.0, -1.895945291980567)
27.479999999999503 (-11.56172205806703, 1.0, -1.8433591407504315)
27.499999999999503 (-11.596832503587237, 1.0, -1.7979907509242863)
27.519999999999502 (-11.64456618462567, 1.0, -1.7592187475163699)
27.5399999999995 (-11.706054919484453, 1.0, -1.7255362587964242)
27.5599999999995 (-11.779869030511362, 1.0, -1.6947797827195457)
27.5799999999995 (-11.86393688917392, 1.0, -1.6684896318561317)
27.5999999999995 (-11.957798309691057, 1.0, -1.6483422631573081)
27.6199999999995 (-12.059292513553185, 1.0, -1.6312584990714099)
27.6399999999995 (-12.160045348695066, 1.0, -1.611528766172986)
27.6599999999995 (-12.246222705769304, 1.0, -1.582703314400456)
27.6799999999995 (-12.310030520488487, 1.0, -1.5422844308195622)
27.6999999999995 (-12.351497916407485, 1.0, -1.4906034872864355)
27.719999999999498 (-12.375655311715837, 1.0, -1.4318593643485578)
27.739999999999498 (-12.388348639737544, 1.0, -1.370138108493744)
27.759999999999497 (-12.392566495173392, 1.0, -1.3119123974728484)
27.779999999999497 (-12.39004213157465, 1.0, -1.2642170413332745)
27.799999999999496 (-12.38057644405316, 1.0, -1.2306478785761947)
27.819999999999496 (-12.362776385593387, 1.0, -1.2114327288068247)
27.839999999999495 (-12.33574673445278, 1.0, -1.204795456555846)
27.859999999999495 (-12.300276442752875, 1.0, -1.209576633886836)
27.879999999999495 (-12.258520086916784, 1.0, -1.225282766077361)
27.899999999999494 (-12.212659986630207, 1.0, -1.2519723161938228)
27.919999999999494 (-12.164546226188223, 1.0, -1.2901084234271372)
27.939999999999493 (-12.11561419744605, 1.0, -1.3399559194325776)
27.959999999999493 (-12.066973489391973, 1.0, -1.4014124823929008)
27.979999999999492 (-12.019644228147781, 1.0, -1.4739316188367242)
27.999999999999492 (-11.97442184990968, 1.0, -1.5566051746648661)
28.01999999999949 (-11.93186658312149, 1.0, -1.647905241847757)
28.03999999999949 (-11.891749282777969, 1.0, -1.7454693247994857)
28.05999999999949 (-11.851493310360638, 1.0, -1.845646559366125)
28.07999999999949 (-11.801190735378304, 1.0, -1.9457741538841444)
28.09999999999949 (-11.736780642752972, 1.0, -2.040260899327495)
28.11999999999949 (-11.659525651099687, 1.0, -2.1271936980469275)
28.13999999999949 (-11.5692974423849, 1.0, -2.2057645428158326)
28.15999999999949 (-11.46432837643568, 1.0, -2.2714441298470462)
28.179999999999488 (-11.345197692093997, 1.0, -2.3233657543416912)
28.199999999999488 (-11.217393369208647, 1.0, -2.3654421996498822)
28.219999999999487 (-11.08577368044204, 1.0, -2.4001204872433415)
28.239999999999487 (-10.950615881878194, 1.0, -2.4268482880223186)
28.259999999999486 (-10.809916354236826, 1.0, -2.444558471987606)
28.279999999999486 (-10.663620846325061, 1.0, -2.452889243206915)
28.299999999999486 (-10.513228208663822, 1.0, -2.4522217799458796)
28.319999999999485 (-10.359701199839968, 1.0, -2.4435401892483295)
28.339999999999485 (-10.203630322985473, 1.0, -2.427731632736221)
28.359999999999484 (-10.046651490123342, 1.0, -2.404661080852736)
28.379999999999484 (-9.891655767276214, 1.0, -2.373608115798036)
28.399999999999483 (-9.74070545117046, 1.0, -2.33540722925106)
28.419999999999483 (-9.594751969531483, 1.0, -2.2919618642542092)
28.439999999999483 (-9.454166430427481, 1.0, -2.2448853764614363)
28.459999999999482 (-9.319066265194826, 1.0, -2.195011751695292)
28.47999999999948 (-9.228391233885306, 0.9999904252027662, -2.1622871141862916)
28.49999999999948 (-9.160827414880108, 1.000153970856431, -2.1263106921579698)
28.51999999999948 (-9.095988048375126, 1.000267853010786, -2.081139396445166)
28.53999999999948 (-9.037266195687149, 1.0002923725652146, -2.03143048148249)
28.55999999999948 (-8.983895284439456, 1.0002610189872587, -1.980538183032258)
28.57999999999948 (-8.934508330299243, 1.0002244708748216, -1.937169230739914)
28.59999999999948 (-8.900256396040916, 1.0002019649179155, -1.9102749244730148)
28.61999999999948 (-8.89185645574926, 1.000190952973235, -1.90315545073297)
28.63999999999948 (-8.895337870170916, 1.0001874017359478, -1.9084154524753385)
28.659999999999478 (-8.90597075825879, 1.0001887088726955, -1.9270365294631233)
28.679999999999477 (-8.928519882108466, 1.0001932978301202, -1.9604273938897634)
28.699999999999477 (-8.96220796701505, 1.0002001517524615, -2.007681475620826)
28.719999999999477 (-9.000753733263586, 1.0002085704023984, -2.066841478898203)
28.739999999999476 (-9.042380491813647, 1.0002181426437597, -2.138951256150062)
28.759999999999476 (-9.088650580266917, 1.000228473829672, -2.2242234382617414)
28.779999999999475 (-9.141039552788838, 1.000238292617374, -2.3120032686285303)
28.799999999999475 (-9.194352600584706, 1.000246353238962, -2.389619530546321)
28.819999999999474 (-9.243554178365871, 1.000252451396876, -2.4549166435324614)
28.839999999999474 (-9.288748424441033, 1.000256721707744, -2.5089760077403556)
28.859999999999474 (-9.331107234647298, 1.000259256048376, -2.5522688821649955)
28.879999999999473 (-9.371106982045333, 1.0002600794584953, -2.5851786117304028)
28.899999999999473 (-9.409202082314659, 1.0002591767006876, -2.608357014284076)
28.919999999999472 (-9.446143554220788, 1.000256501480574, -2.62243031345039)
28.939999999999472 (-9.48354777948617, 1.0002520469346332, -2.6283236429519015)
28.95999999999947 (-9.523073574606714, 1.0002458435543702, -2.6270194043380495)
28.97999999999947 (-9.566090415281685, 1.0002379548793177, -2.6193768184156543)
28.99999999999947 (-9.61354470922415, 1.000228458829754, -2.605478458920273)
29.01999999999947 (-9.666338582427235, 1.0002174450848547, -2.584426080821885)
29.03999999999947 (-9.726446383871055, 1.0002050196281993, -2.553364816005976)
29.05999999999947 (-9.793979997111693, 1.0001913807519176, -2.509991497004609)
29.07999999999947 (-9.86633544348867, 1.0001766696453172, -2.4527041329004837)
29.09999999999947 (-9.939467382134914, 1.000160986276143, -2.3793299842241353)
29.119999999999468 (-10.006239111383477, 1.0001447974735078, -2.292317945897891)
29.139999999999468 (-10.063932046642424, 1.000128742003518, -2.1969275788529)
29.159999999999467 (-10.110917247834468, 1.0001134544581365, -2.096455512510468)
29.179999999999467 (-10.15047981776309, 1.0000998651041146, -1.9967540803380521)
29.199999999999466 (-10.188493484177544, 1.0000886567568368, -1.902004345603245)
29.219999999999466 (-10.22794110932851, 1.0000801765365934, -1.816217100571931)
29.239999999999466 (-10.269967064530602, 1.0000742132118206, -1.7389361281841096)
29.259999999999465 (-10.313395071464676, 1.0000702684406508, -1.6681624033325082)
29.279999999999465 (-10.357047953117558, 1.0000677369859616, -1.6016017397640494)
29.299999999999464 (-10.400543417083174, 1.000066038308191, -1.537432824833313)
29.319999999999464 (-10.443716372166854, 1.0000646769414319, -1.474426804628708)
29.339999999999463 (-10.486485027455178, 1.0000632963495573, -1.4120465871663854)
29.359999999999463 (-10.528896300579502, 1.0000617151169016, -1.3503937212953625)
29.379999999999463 (-10.57115322730364, 1.0000599360313556, -1.290151390797302)
29.399999999999462 (-10.613627653765286, 1.0000581251730418, -1.2325043100084174)
29.41999999999946 (-10.656874077503337, 1.0000565598404987, -1.1789809725788878)
29.43999999999946 (-10.701640463179338, 1.000055585225892, -1.1313849571307204)
29.45999999999946 (-10.74877214406627, 1.0000555456294395, -1.0915144495668845)
29.47999999999946 (-10.799161758337586, 1.0000567428394243, -1.0609957569529314)
29.49999999999946 (-10.85364431714419, 1.0000594090725, -1.0411200694736071)
29.51999999999946 (-10.912894233074901, 1.000063694612109, -1.03272508251537)
29.53999999999946 (-10.977535273127637, 1.0000696777562108, -1.0362199837501913)
29.55999999999946 (-11.048470853306164, 1.0000773809561656, -1.051601916658097)
29.57999999999946 (-11.126634437559952, 1.0000867384157517, -1.077958616051827)
29.599999999999458 (-11.211879809866852, 1.0000975630960682, -1.1136091005221953)
29.619999999999457 (-11.303069013062382, 1.0001095610147563, -1.1562922297043985)
29.639999999999457 (-11.397863662990872, 1.0001222886084187, -1.202238162564652)
29.659999999999457 (-11.489170828671925, 1.00013484209332, -1.2398435856381083)
29.679999999999456 (-11.569239756674758, 1.0001464670643747, -1.2588202481277868)
29.699999999999456 (-11.634897221591658, 1.0001569323296016, -1.2555011472369852)
29.719999999999455 (-11.68750506798384, 1.0001665127844612, -1.2340070573995092)
29.739999999999455 (-11.729869545990821, 1.0001756663122459, -1.2003492617463818)
29.759999999999454 (-11.762674328112395, 1.0001846682417077, -1.162149763827675)
29.779999999999454 (-11.784587602233561, 1.0001935839090994, -1.1274596823470817)
29.799999999999454 (-11.794185453252313, 1.0002023664577018, -1.1007436455006638)
29.819999999999453 (-11.790192974365018, 1.0002108142039277, -1.082687026167038)
29.839999999999453 (-11.772363744050386, 1.000218612917267, -1.071810595135184)
29.859999999999452 (-11.741453362914955, 1.0002254405884279, -1.0661428801342545)
29.879999999999452 (-11.698593132826659, 1.0002310883810985, -1.065031597027105)
29.89999999999945 (-11.645379338061154, 1.000235538796166, -1.0691820847508324)
29.91999999999945 (-11.58356515068853, 1.000238911765806, -1.0799135626340113)
29.93999999999945 (-11.514527997110752, 1.0002413627687574, -1.098373890662821)
29.95999999999945 (-11.439179191093194, 1.0002430154946176, -1.1253246485499044)
29.97999999999945 (-11.358543619829167, 1.0002439147173474, -1.1609464642321627)
29.99999999999945 (-11.273883852464804, 1.0002440459194488, -1.2047814058524244)
