0.0 (-23.25, 1.0, 0.0)
0.02 (-23.25049798500093, 1.0, 0.042369351629847486)
0.04 (-23.245418857761347, 1.0, 0.09387751268630488)
0.06 (-23.22128973697803, 1.0, 0.125483617882369)
0.08 (-23.160054492113666, 1.0, 0.13352491591161753)
0.1 (-23.057508901436133, 1.0, 0.11350914416284749)
0.12000000000000001 (-22.931524478093014, 1.0, 0.0659148923032998)
0.14 (-22.80021083351129, 1.0, -0.009546947189982287)
0.16 (-22.66782147021974, 1.0, -0.11387925624072226)
0.18 (-22.521036309275786, 1.0, -0.2452158158080564)
0.19999999999999998 (-22.335763367431028, 1.0, -0.3933665184110322)
0.21999999999999997 (-22.097288298768195, 1.0, -0.5409089012125072)
0.23999999999999996 (-21.80929452351057, 1.0, -0.6700242849689236)
0.25999999999999995 (-21.490934747013704, 1.0, -0.7747767993835946)
0.27999999999999997 (-21.165687044225557, 1.0, -0.8607231769121603)
0.3 (-20.8507852596921, 1.0, -0.9349752152523094)
0.32 (-20.55321741343212, 1.0, -1.001507305656036)
0.34 (-20.273459379169385, 1.0, -1.0611418795081504)
0.36000000000000004 (-20.0119917335838, 1.0, -1.114280693843719)
0.38000000000000006 (-19.769536339812348, 1.0, -1.1624138232093433)
0.4000000000000001 (-19.546705513920426, 1.0, -1.2076279841919275)
0.4200000000000001 (-19.343745518907706, 1.0, -1.2517870602996535)
0.4400000000000001 (-19.16054338776883, 1.0, -1.2961925489719641)
0.46000000000000013 (-18.996866362542235, 1.0, -1.341915528333027)
0.48000000000000015 (-18.85247833927048, 1.0, -1.3899386595201446)
0.5000000000000001 (-18.726660391583728, 1.0, -1.440816135660705)
0.5200000000000001 (-18.616676316036315, 1.0, -1.4931838281433543)
0.5400000000000001 (-18.521440858130745, 1.0, -1.5451883099085535)
0.5600000000000002 (-18.440638177466816, 1.0, -1.5959033373778053)
0.5800000000000002 (-18.374156703880097, 1.0, -1.6446993817157136)
0.6000000000000002 (-18.321961202160225, 1.0, -1.6910128331514047)
0.6200000000000002 (-18.284005484734156, 1.0, -1.734233125613274)
0.6400000000000002 (-18.260219357523155, 1.0, -1.7736644757987914)
0.6600000000000003 (-18.247117350365283, 1.0, -1.808839326053445)
0.6800000000000003 (-18.237401072303964, 1.0, -1.8383380886135898)
0.7000000000000003 (-18.225255520870892, 1.0, -1.8611045953765852)
0.7200000000000003 (-18.206992406208474, 1.0, -1.8771445456289824)
0.7400000000000003 (-18.180088337255707, 1.0, -1.8871859819114012)
0.7600000000000003 (-18.1427649055303, 1.0, -1.8923093355879517)
0.7800000000000004 (-18.09378744205406, 1.0, -1.8937605606025683)
0.8000000000000004 (-18.032875265032384, 1.0, -1.8928560581250304)
0.8200000000000004 (-17.96048281106244, 1.0, -1.891054930910419)
0.8400000000000004 (-17.87719470144897, 1.0, -1.8892416591103203)
0.8600000000000004 (-17.782493287844897, 1.0, -1.8872754060397412)
0.8800000000000004 (-17.675240690273085, 1.0, -1.8842167634577176)
0.9000000000000005 (-17.55406588004152, 1.0, -1.878615756917278)
0.9200000000000005 (-17.417557379302057, 1.0, -1.8687912143463958)
0.9400000000000005 (-17.26439091405896, 1.0, -1.852983981162022)
0.9600000000000005 (-17.093607475401992, 1.0, -1.8294791213996604)
0.9800000000000005 (-16.90465814720225, 1.0, -1.7969025602278024)
1.0000000000000004 (-16.69742022367749, 1.0, -1.7522176326502032)
1.0200000000000005 (-16.477454927167436, 1.0, -1.6925635638915153)
1.0400000000000005 (-16.25154221680465, 1.0, -1.6180307608456421)
1.0600000000000005 (-16.026398285749625, 1.0, -1.52919211274136)
1.0800000000000005 (-15.809363595829833, 1.0, -1.4274717010848956)
1.1000000000000005 (-15.606712022305352, 1.0, -1.3170346874872443)
1.1200000000000006 (-15.419964189530514, 1.0, -1.203592340324522)
1.1400000000000006 (-15.25657771857117, 1.0, -1.0946301524858988)
1.1600000000000006 (-15.179813152936577, 1.0, -1.0497620070975342)
1.1800000000000006 (-15.143311716778081, 1.0, -1.0457974908689545)
1.2000000000000006 (-15.12649968232884, 1.0, -1.0441688591908145)
1.2200000000000006 (-15.124042315324376, 1.0, -1.0501258372796114)
1.2400000000000007 (-15.134827492876854, 1.0, -1.0652254491705457)
1.2600000000000007 (-15.159042901835985, 1.0, -1.0891843719247873)
1.2800000000000007 (-15.196202614116576, 1.0, -1.1203675568886868)
1.3000000000000007 (-15.246846496588473, 1.0, -1.157223498297194)
1.3200000000000007 (-15.31141752070349, 1.0, -1.1982823630731942)
1.3400000000000007 (-15.389971056254739, 1.0, -1.242065870148853)
1.3600000000000008 (-15.482580676232466, 1.0, -1.29000787622024)
1.3800000000000008 (-15.588036594571138, 1.0, -1.3481364833834473)
1.4000000000000008 (-15.704487517736027, 1.0, -1.4193006114116222)
1.4200000000000008 (-15.831201815229573, 1.0, -1.5030691830595568)
1.4400000000000008 (-15.968070284073766, 1.0, -1.5984959391472673)
1.4600000000000009 (-16.114749613969227, 1.0, -1.7040733696938242)
1.4800000000000009 (-16.270547601753304, 1.0, -1.8161159942736904)
1.5000000000000009 (-16.43543107819468, 1.0, -1.9310593317032654)
1.520000000000001 (-16.609319216496807, 1.0, -2.0461080707672523)
1.540000000000001 (-16.79222498392737, 1.0, -2.1592699690719335)
1.560000000000001 (-16.984279599364353, 1.0, -2.269359239547218)
1.580000000000001 (-17.18567797250906, 1.0, -2.3756749643768464)
1.600000000000001 (-17.39662625026025, 1.0, -2.477628303379286)
1.620000000000001 (-17.61728622545188, 1.0, -2.574493669847118)
1.640000000000001 (-17.844666211180865, 1.0, -2.6647514291720857)
1.660000000000001 (-18.06988050185818, 1.0, -2.745135645005265)
1.680000000000001 (-18.284617141131307, 1.0, -2.813046109197853)
1.700000000000001 (-18.48370266288859, 1.0, -2.868834936315647)
1.720000000000001 (-18.666027402603667, 1.0, -2.915104345131897)
1.740000000000001 (-18.832660927607336, 1.0, -2.9553648115038)
1.7600000000000011 (-18.985447232727786, 1.0, -2.9917911777550863)
1.7800000000000011 (-19.124325725746047, 1.0, -3.024528458123264)
1.8000000000000012 (-19.248157461103876, 1.0, -3.0527955677873426)
1.8200000000000012 (-19.3562072401752, 1.0, -3.0761991109946596)
1.8400000000000012 (-19.4477560446913, 1.0, -3.0946227251522624)
1.8600000000000012 (-19.522098592840162, 1.0, -3.108148208578517)
1.8800000000000012 (-19.578618801898312, 1.0, -3.1171068659370533)
1.9000000000000012 (-19.61679816444427, 1.0, -3.1220392834757607)
1.9200000000000013 (-19.63632575005323, 1.0, -3.1236955679419087)
1.9400000000000013 (-19.637096325945002, 1.0, -3.1231464027460603)
1.9600000000000013 (-19.618844219161602, 1.0, -3.1213401802508365)
1.9800000000000013 (-19.581036699784157, 1.0, -3.1187238962958492)
2.0000000000000013 (-19.522939843558483, 1.0, -3.1152232641216493)
2.0200000000000014 (-19.443668437112915, 1.0, -3.110186788818029)
2.0400000000000014 (-19.34227539037467, 1.0, -3.1023383759180083)
2.0600000000000014 (-19.217887512405763, 1.0, -3.0897971747398043)
2.0800000000000014 (-19.069882051273474, 1.0, -3.070201248105888)
2.1000000000000014 (-18.898215164539568, 1.0, -3.0410609448323545)
2.1200000000000014 (-18.706433437087654, 1.0, -3.002184639906391)
2.1400000000000015 (-18.502279208610386, 1.0, -2.955068208891095)
2.1600000000000015 (-18.295163297774028, 1.0, -2.903310815672437)
2.1800000000000015 (-18.09311894295326, 1.0, -2.8510208946481015)
2.2000000000000015 (-17.90343161847638, 1.0, -2.801854912206627)
2.2200000000000015 (-17.73003106887317, 1.0, -2.758422779349602)
2.2400000000000015 (-17.57386979743179, 1.0, -2.722778642687546)
2.2600000000000016 (-17.434238199767428, 1.0, -2.6961994573639867)
2.2800000000000016 (-17.310627900571184, 1.0, -2.678478935217624)
2.3000000000000016 (-17.202837609617163, 1.0, -2.669210618240806)
2.3200000000000016 (-17.110732272809695, 1.0, -2.669037909819296)
2.3400000000000016 (-17.03387196212082, 1.0, -2.679052616885662)
2.3600000000000017 (-16.97152552646679, 1.0, -2.700137890087392)
2.3800000000000017 (-16.92285569662482, 1.0, -2.7325672260439062)
2.4000000000000017 (-16.88706386300388, 1.0, -2.7759658660968496)
2.4200000000000017 (-16.8634379466125, 1.0, -2.8294677475500736)
2.4400000000000017 (-16.851391460558006, 1.0, -2.8919196742216737)
2.4600000000000017 (-16.85049273117957, 1.0, -2.9620667677699477)
2.4800000000000018 (-16.860474144858447, 1.0, -3.038694072716908)
2.5000000000000018 (-16.881228469249717, 1.0, -3.1207072208119624)
2.520000000000002 (-16.912792411760687, 1.0, -3.20714612400468)
2.540000000000002 (-16.9552640347784, 1.0, -3.2971303044650315)
2.560000000000002 (-17.008692021396275, 1.0, -3.389596100342325)
2.580000000000002 (-17.0732887171775, 1.0, -3.4834469276360833)
2.600000000000002 (-17.149421319773282, 1.0, -3.577841093572577)
2.620000000000002 (-17.23746608732592, 1.0, -3.67201941968161)
2.640000000000002 (-17.335555207275007, 1.0, -3.764356814711379)
2.660000000000002 (-17.436837562408545, 1.0, -3.850739900781662)
2.680000000000002 (-17.53459694128774, 1.0, -3.927015134817372)
2.700000000000002 (-17.624332914039044, 1.0, -3.991818498007128)
2.720000000000002 (-17.702695512888134, 1.0, -4.045516092033801)
2.740000000000002 (-17.768638089250906, 1.0, -4.089964265581123)
2.760000000000002 (-17.82238327433001, 1.0, -4.127994832913889)
2.780000000000002 (-17.865171719178385, 1.0, -4.161813384436072)
2.800000000000002 (-17.896673521907932, 1.0, -4.191487142471326)
2.820000000000002 (-17.916368875767642, 1.0, -4.215911973426477)
2.840000000000002 (-17.9237587844657, 1.0, -4.234209041660558)
2.860000000000002 (-17.918108430423782, 1.0, -4.245751314390806)
2.880000000000002 (-17.89845364054612, 1.0, -4.249835103298434)
2.900000000000002 (-17.864007987924136, 1.0, -4.245787087296028)
2.920000000000002 (-17.814092248090205, 1.0, -4.233088472173993)
2.940000000000002 (-17.748191875994145, 1.0, -4.211425530226166)
2.960000000000002 (-17.66574672398499, 1.0, -4.180602790714455)
2.980000000000002 (-17.566185623054057, 1.0, -4.140113132454367)
3.000000000000002 (-17.44899090054658, 1.0, -4.088942115889873)
3.0200000000000022 (-17.313819482984698, 1.0, -4.025626192536571)
3.0400000000000023 (-17.160599835698545, 1.0, -3.94831674027281)
3.0600000000000023 (-16.989850230970216, 1.0, -3.8553690867928294)
3.0800000000000023 (-16.805170115615752, 1.0, -3.746164044515924)
3.1000000000000023 (-16.614705357551678, 1.0, -3.62333044822792)
3.1200000000000023 (-16.426358223283554, 1.0, -3.4925617249140934)
3.1400000000000023 (-16.24672626984857, 1.0, -3.35993779114841)
3.1600000000000024 (-16.08084511622053, 1.0, -3.2316307879359734)
3.1800000000000024 (-15.929441959388495, 1.0, -3.1121382658931367)
3.2000000000000024 (-15.791085535141578, 1.0, -3.0032400244681674)
3.2200000000000024 (-15.665091416926154, 1.0, -2.9061531038577404)
3.2400000000000024 (-15.550974916782936, 1.0, -2.8222059413862617)
3.2600000000000025 (-15.447934556033351, 1.0, -2.752914766507004)
3.2800000000000025 (-15.35475159722843, 1.0, -2.700137045103051)
3.3000000000000025 (-15.269970381964267, 1.0, -2.6652564723142054)
3.3200000000000025 (-15.192255251709877, 1.0, -2.648999492961422)
3.3400000000000025 (-15.120683819135923, 1.0, -2.651427035724312)
3.3600000000000025 (-15.054511092153005, 1.0, -2.672357674869032)
3.3800000000000026 (-14.993112536262252, 1.0, -2.711455024010349)
3.4000000000000026 (-14.935973283282996, 1.0, -2.7681831599154583)
3.4200000000000026 (-14.882978841475266, 1.0, -2.840718295169051)
3.4400000000000026 (-14.835067407620455, 1.0, -2.9263178585240883)
3.4600000000000026 (-14.79323037292518, 1.0, -3.022866117538588)
3.4800000000000026 (-14.758156182347479, 1.0, -3.128936867501811)
3.5000000000000027 (-14.730369108923378, 1.0, -3.2435461455146473)
3.5200000000000027 (-14.710266665270787, 1.0, -3.366019052158417)
3.5400000000000027 (-14.698328309049053, 1.0, -3.4955061096975855)
3.5600000000000027 (-14.695250722414395, 1.0, -3.631044290841056)
3.5800000000000027 (-14.701741292578605, 1.0, -3.771990709413649)
3.6000000000000028 (-14.71838908220267, 1.0, -3.918008020367343)
3.6200000000000028 (-14.745713398482462, 1.0, -4.068852424029654)
3.640000000000003 (-14.784253247183148, 1.0, -4.2241711872969745)
3.660000000000003 (-14.834487119188063, 1.0, -4.383847961964796)
3.680000000000003 (-14.89455012591105, 1.0, -4.544083640259361)
3.700000000000003 (-14.960404970238702, 1.0, -4.696261338355568)
3.720000000000003 (-15.027940120521023, 1.0, -4.834309281817591)
3.740000000000003 (-15.093716371435233, 1.0, -4.955394150862286)
3.760000000000003 (-15.154794020752036, 1.0, -5.059387713346072)
3.780000000000003 (-15.209304635314572, 1.0, -5.148395597206324)
3.800000000000003 (-15.256152772691008, 1.0, -5.225080584708976)
3.820000000000003 (-15.295339891509542, 1.0, -5.2910094329556605)
3.840000000000003 (-15.326509397563132, 1.0, -5.346213903084232)
3.860000000000003 (-15.349149612160097, 1.0, -5.389902197562841)
3.880000000000003 (-15.362798952315716, 1.0, -5.421170428717063)
3.900000000000003 (-15.367018881944293, 1.0, -5.439186747072609)
3.920000000000003 (-15.361368046157349, 1.0, -5.443238799433855)
3.940000000000003 (-15.34539311364785, 1.0, -5.4327341284625)
3.960000000000003 (-15.31867289397868, 1.0, -5.407123557411097)
3.980000000000003 (-15.280843589476348, 1.0, -5.365824590283414)
4.000000000000003 (-15.231690248366235, 1.0, -5.308159089778177)
4.020000000000002 (-15.171197818490594, 1.0, -5.23339385212385)
4.040000000000002 (-15.099590862563725, 1.0, -5.140747805483405)
4.060000000000001 (-15.01736553471237, 1.0, -5.0294621974058265)
4.080000000000001 (-14.926993842702558, 1.0, -4.900005482327036)
4.1000000000000005 (-14.8342245140985, 1.0, -4.757269646783976)
4.12 (-14.743608935067124, 1.0, -4.609006813322971)
4.14 (-14.658380777929931, 1.0, -4.462765825008879)
4.159999999999999 (-14.58106519221947, 1.0, -4.326167883125902)
4.179999999999999 (-14.511468029905352, 1.0, -4.204315915581511)
4.199999999999998 (-14.448069912979914, 1.0, -4.0991030478547525)
4.219999999999998 (-14.389538729761432, 1.0, -4.011532015866698)
4.2399999999999975 (-14.334963564176121, 1.0, -3.9421573977477897)
4.259999999999997 (-14.283608137692339, 1.0, -3.891554470001712)
4.279999999999997 (-14.234722173257639, 1.0, -3.8602289115494854)
4.299999999999996 (-14.187462138626502, 1.0, -3.8485492224515423)
4.319999999999996 (-14.141018598152012, 1.0, -3.8565617351524275)
4.339999999999995 (-14.094936708354878, 1.0, -3.8838584050251246)
4.359999999999995 (-14.048932596117503, 1.0, -3.929902641754665)
4.379999999999995 (-14.002837426532189, 1.0, -3.99406911912934)
4.399999999999994 (-13.956599630657008, 1.0, -4.075616571825177)
4.419999999999994 (-13.910841116116107, 1.0, -4.172672044781081)
4.439999999999993 (-13.867238746709214, 1.0, -4.282811389019378)
4.459999999999993 (-13.827279046237539, 1.0, -4.404230465747899)
4.479999999999992 (-13.792034529026923, 1.0, -4.535630156051222)
4.499999999999992 (-13.762347101183108, 1.0, -4.676063345683847)
4.519999999999992 (-13.738908494373966, 1.0, -4.8248634301524165)
4.539999999999991 (-13.722353341242398, 1.0, -4.981559974960234)
4.559999999999991 (-13.713394842254658, 1.0, -5.145695709134995)
4.57999999999999 (-13.71284291504381, 1.0, -5.31675159328009)
4.59999999999999 (-13.721508441306383, 1.0, -5.493976894677113)
4.6199999999999894 (-13.74016712436094, 1.0, -5.6767953498366)
4.639999999999989 (-13.7672216734942, 1.0, -5.85993261268445)
4.659999999999989 (-13.800537013386254, 1.0, -6.034023847827375)
4.679999999999988 (-13.837204196439318, 1.0, -6.193735547666013)
4.699999999999988 (-13.874052575789563, 1.0, -6.336414126937654)
4.719999999999987 (-13.908227456420022, 1.0, -6.461973618427442)
4.739999999999987 (-13.937679511756235, 1.0, -6.5724595499456955)
4.7599999999999865 (-13.961446567696868, 1.0, -6.671294187005957)
4.779999999999986 (-13.979249079281272, 1.0, -6.7594390795760955)
4.799999999999986 (-13.99124061326795, 1.0, -6.835509350639559)
4.819999999999985 (-13.997700184208941, 1.0, -6.898440969326539)
4.839999999999985 (-13.998600920029569, 1.0, -6.947435581159786)
4.859999999999984 (-13.993718357267703, 1.0, -6.981825054412984)
4.879999999999984 (-13.98270271561902, 1.0, -7.001022155882644)
4.8999999999999835 (-13.965094695798319, 1.0, -7.004526824942115)
4.919999999999983 (-13.940210353032391, 1.0, -6.991783394456437)
4.939999999999983 (-13.907535555280877, 1.0, -6.962269881690955)
4.959999999999982 (-13.866710460956408, 1.0, -6.915620932378306)
4.979999999999982 (-13.817338035778988, 1.0, -6.851402927531888)
4.999999999999981 (-13.759385132209301, 1.0, -6.768646827825756)
5.019999999999981 (-13.693270817200586, 1.0, -6.6660198394970465)
5.0399999999999805 (-13.619887607092904, 1.0, -6.541968796771855)
5.05999999999998 (-13.540640342029608, 1.0, -6.394851027320061)
5.07999999999998 (-13.457444923148353, 1.0, -6.223096049604012)
5.099999999999979 (-13.373704602141316, 1.0, -6.027857003634705)
5.119999999999979 (-13.294424502226294, 1.0, -5.816785706605801)
5.139999999999978 (-13.221671906191736, 1.0, -5.600601976048254)
5.159999999999978 (-13.155881774092741, 1.0, -5.388914828871715)
5.1799999999999775 (-13.09675917379385, 1.0, -5.19039563851859)
5.199999999999977 (-13.042136616272861, 1.0, -5.008887960429756)
5.219999999999977 (-12.98972402722031, 1.0, -4.8450854673818995)
5.239999999999976 (-12.938184528643335, 1.0, -4.699266581760419)
5.259999999999976 (-12.886907196189576, 1.0, -4.571500896385834)
5.279999999999975 (-12.835102986456855, 1.0, -4.4620116062461115)
5.299999999999975 (-12.781356486234722, 1.0, -4.371240832814061)
5.3199999999999745 (-12.723964758710325, 1.0, -4.299368620587237)
5.339999999999974 (-12.661556448287492, 1.0, -4.246100830667803)
5.359999999999974 (-12.593290252997193, 1.0, -4.210864917090003)
5.379999999999973 (-12.518946416755036, 1.0, -4.192813612355826)
5.399999999999973 (-12.439082532118528, 1.0, -4.190770038289215)
5.419999999999972 (-12.354695084659737, 1.0, -4.203563531593082)
5.439999999999972 (-12.266939463716781, 1.0, -4.2301123356960595)
5.4599999999999715 (-12.177001060970552, 1.0, -4.269491431713592)
5.479999999999971 (-12.085995326207362, 1.0, -4.320971327998505)
5.499999999999971 (-11.994819303155346, 1.0, -4.384069291986057)
5.51999999999997 (-11.90422275433211, 1.0, -4.458491289056853)
5.53999999999997 (-11.814962925972278, 1.0, -4.5439603063671115)
5.559999999999969 (-11.728054116988371, 1.0, -4.6401182154408325)
5.579999999999969 (-11.644554351002187, 1.0, -4.746792420111749)
5.599999999999969 (-11.565258087705722, 1.0, -4.864046758309617)
5.619999999999968 (-11.490822678052767, 1.0, -4.9920036920979705)
5.639999999999968 (-11.421908374716441, 1.0, -5.130767423032485)
5.659999999999967 (-11.35925169137461, 1.0, -5.277724767991473)
5.679999999999967 (-11.304307164554375, 1.0, -5.424490922329861)
5.699999999999966 (-11.25823461803091, 1.0, -5.563080991906414)
5.719999999999966 (-11.220498782494415, 1.0, -5.688771643747267)
5.739999999999966 (-11.189311731030623, 1.0, -5.798840733228937)
5.759999999999965 (-11.162275358516991, 1.0, -5.893583544359236)
5.779999999999965 (-11.136815819298016, 1.0, -5.974598367123995)
5.799999999999964 (-11.111726140992662, 1.0, -6.04303411093209)
5.819999999999964 (-11.086844169826865, 1.0, -6.098888917628954)
5.839999999999963 (-11.062642294812427, 1.0, -6.141143388402622)
5.859999999999963 (-11.039600948240762, 1.0, -6.168692641331322)
5.879999999999963 (-11.018094284705366, 1.0, -6.180516881292815)
5.899999999999962 (-10.998376963237638, 1.0, -6.175718928247091)
5.919999999999962 (-10.9805859773744, 1.0, -6.153493856474104)
5.939999999999961 (-10.964844079763953, 1.0, -6.1130667562962255)
5.959999999999961 (-10.951267065790848, 1.0, -6.053691703882167)
5.9799999999999605 (-10.9401215964017, 1.0, -5.974679216727343)
5.99999999999996 (-10.9317994127264, 1.0, -5.875406341018236)
6.01999999999996 (-10.92696835222552, 1.0, -5.755253074341979)
6.039999999999959 (-10.926587767728213, 1.0, -5.613739654787682)
6.059999999999959 (-10.931847027048793, 1.0, -5.450597841271823)
6.079999999999958 (-10.944503224400124, 1.0, -5.267334441788457)
6.099999999999958 (-10.96618431349769, 1.0, -5.071468149545653)
6.1199999999999575 (-10.995114247246928, 1.0, -4.872460159692572)
6.139999999999957 (-11.028453290230095, 1.0, -4.6785323605818165)
6.159999999999957 (-11.062759923249834, 1.0, -4.497398233283772)
6.179999999999956 (-11.093984416021522, 1.0, -4.33259962809339)
6.199999999999956 (-11.119601510925929, 1.0, -4.184224602858749)
6.219999999999955 (-11.137929724274208, 1.0, -4.051975487157279)
6.239999999999955 (-11.147875517247693, 1.0, -3.935732802416225)
6.2599999999999545 (-11.148413594009495, 1.0, -3.8353845184758453)
6.279999999999954 (-11.138178358266273, 1.0, -3.7507060266629293)
6.299999999999954 (-11.115706365498536, 1.0, -3.6812491795172626)
6.319999999999953 (-11.079916335539584, 1.0, -3.626280312742067)
6.339999999999953 (-11.030308051581423, 1.0, -3.5850585109396578)
6.359999999999952 (-10.966882546144525, 1.0, -3.556870245123366)
6.379999999999952 (-10.889794593430523, 1.0, -3.54106028454451)
6.3999999999999515 (-10.799550126231694, 1.0, -3.5369022538061565)
6.419999999999951 (-10.698291456711718, 1.0, -3.5435842978147694)
6.439999999999951 (-10.588440689694437, 1.0, -3.560819028431667)
6.45999999999995 (-10.471975386044948, 1.0, -3.588425085991425)
6.47999999999995 (-10.350369907003113, 1.0, -3.6262994714086383)
6.499999999999949 (-10.224764409551577, 1.0, -3.674425071396897)
6.519999999999949 (-10.096018101442002, 1.0, -3.732873577029502)
6.5399999999999485 (-9.96489341714622, 1.0, -3.8017574432221495)
6.559999999999948 (-9.832436232501708, 1.0, -3.8811397959311384)
6.579999999999948 (-9.699817299196841, 1.0, -3.9712294998324214)
6.599999999999947 (-9.567901928625865, 1.0, -4.072388599640008)
6.619999999999947 (-9.43732348732668, 1.0, -4.1849954259377045)
6.639999999999946 (-9.308469850113688, 1.0, -4.3093651502576025)
6.659999999999946 (-9.184806855430313, 1.0, -4.43963431116092)
6.6799999999999455 (-9.072112210707385, 1.0, -4.567756582448954)
6.699999999999945 (-8.972561072637205, 1.0, -4.68831681905387)
6.719999999999945 (-8.886151545456151, 1.0, -4.7973979170577765)
6.739999999999944 (-8.810892242316847, 1.0, -4.893665620419897)
6.759999999999944 (-8.743663780355982, 1.0, -4.97702556741078)
6.779999999999943 (-8.681762448680137, 1.0, -5.048812682833397)
6.799999999999943 (-8.62448591380808, 1.0, -5.109118757876826)
6.8199999999999426 (-8.572776912951694, 1.0, -5.1572871490571215)
6.839999999999942 (-8.527488049177762, 1.0, -5.1927413944327565)
6.859999999999942 (-8.489133181547592, 1.0, -5.214827017532841)
6.879999999999941 (-8.458215335329214, 1.0, -5.222642356553758)
6.899999999999941 (-8.4352238060287, 1.0, -5.215384263773037)
6.91999999999994 (-8.420539206685898, 1.0, -5.192334820160312)
6.93999999999994 (-8.414409396421942, 1.0, -5.152835741692243)
6.95999999999994 (-8.41702710080127, 1.0, -5.09631577005369)
6.979999999999939 (-8.428725367677677, 1.0, -5.022171669688465)
6.999999999999939 (-8.450244950267463, 1.0, -4.929828625724517)
7.019999999999938 (-8.482753647070485, 1.0, -4.818849984686154)
7.039999999999938 (-8.527510646970821, 1.0, -4.68917687153691)
7.059999999999937 (-8.585791105242134, 1.0, -4.541014586159922)
7.079999999999937 (-8.658918322628107, 1.0, -4.374894144409509)
7.099999999999937 (-8.747586929364864, 1.0, -4.195681263528781)
7.119999999999936 (-8.848135306567636, 1.0, -4.012115507658905)
7.139999999999936 (-8.954301907867618, 1.0, -3.831686494167418)
7.159999999999935 (-9.05969096097141, 1.0, -3.6606043708454425)
7.179999999999935 (-9.158004830611535, 1.0, -3.503166002073719)
7.1999999999999345 (-9.245479214544364, 1.0, -3.3596678616638487)
7.219999999999934 (-9.320296036395446, 1.0, -3.22868316811299)
7.239999999999934 (-9.381555753353997, 1.0, -3.1094947464364133)
7.259999999999933 (-9.42872594199406, 1.0, -3.0016832159171614)
7.279999999999933 (-9.461015050669573, 1.0, -2.904720882209955)
7.299999999999932 (-9.47718597690741, 1.0, -2.8177589168196135)
7.319999999999932 (-9.476166013652781, 1.0, -2.7396352867000244)
7.3399999999999315 (-9.457468167652157, 1.0, -2.6692043094679225)
7.359999999999931 (-9.421102900953485, 1.0, -2.6055758214904703)
7.379999999999931 (-9.367642057037115, 1.0, -2.5481022449551016)
7.39999999999993 (-9.298488498549, 1.0, -2.4965229292803848)
7.41999999999993 (-9.215325605021293, 1.0, -2.45095720916082)
7.439999999999929 (-9.119831106210729, 1.0, -2.4116817519163813)
7.459999999999929 (-9.013539783519466, 1.0, -2.3790594910102425)
7.4799999999999285 (-8.897751829085978, 1.0, -2.353492260061315)
7.499999999999928 (-8.773453672988751, 1.0, -2.3353738525350547)
7.519999999999928 (-8.641382102769942, 1.0, -2.3251109688780014)
7.539999999999927 (-8.50210445797252, 1.0, -2.323126736040988)
7.559999999999927 (-8.356362390538353, 1.0, -2.3298908460293672)
7.579999999999926 (-8.205119976552806, 1.0, -2.3460190819021243)
7.599999999999926 (-8.049134521323895, 1.0, -2.372222973026296)
7.6199999999999255 (-7.888900416743856, 1.0, -2.4091699486339992)
7.639999999999925 (-7.724616552108217, 1.0, -2.4573907380922555)
7.659999999999925 (-7.561433786493378, 1.0, -2.5133151109541614)
7.679999999999924 (-7.408019878209538, 1.0, -2.5722752199639047)
7.699999999999924 (-7.268824184351115, 1.0, -2.630407213341135)
7.719999999999923 (-7.145691087158822, 1.0, -2.6842565640964504)
7.739999999999923 (-7.037773402285892, 1.0, -2.731510047291431)
7.7599999999999225 (-6.942543812415073, 1.0, -2.770782331356788)
7.779999999999922 (-6.857180758341138, 1.0, -2.8022352515035607)
7.799999999999922 (-6.781322357866816, 1.0, -2.8256108650819436)
7.819999999999921 (-6.716114547001839, 1.0, -2.840781564292849)
7.839999999999921 (-6.662495499135587, 1.0, -2.8475868482707383)
7.85999999999992 (-6.621305013440361, 1.0, -2.8455663523315735)
7.87999999999992 (-6.593439095945938, 1.0, -2.8342471672845315)
7.8999999999999195 (-6.579634275174311, 1.0, -2.813175518185915)
7.919999999999919 (-6.580558424147898, 1.0, -2.7818784982789366)
7.939999999999919 (-6.59669474479789, 1.0, -2.7398909733321064)
7.959999999999918 (-6.628452599930341, 1.0, -2.6867995857082936)
7.979999999999918 (-6.676405541388892, 1.0, -2.6222216088062256)
7.999999999999917 (-6.74149758677086, 1.0, -2.546000150528295)
8.019999999999918 (-6.824984388635129, 1.0, -2.4582966277050415)
8.039999999999917 (-6.927995012308681, 1.0, -2.359646308136845)
8.059999999999917 (-7.05151814331212, 1.0, -2.2508035440551657)
8.079999999999917 (-7.196457704743356, 1.0, -2.1328448003194715)
8.099999999999916 (-7.360620467955226, 1.0, -2.0111514478917734)
8.119999999999916 (-7.535993252365635, 1.0, -1.8916898954623331)
8.139999999999915 (-7.713706462831648, 1.0, -1.7779754949314794)
8.159999999999915 (-7.885349275806669, 1.0, -1.6725483316583085)
8.179999999999914 (-8.04397443068417, 1.0, -1.5759165427070934)
8.199999999999914 (-8.18657364911724, 1.0, -1.4865767996305914)
8.219999999999914 (-8.312302023466568, 1.0, -1.4025438189645567)
8.239999999999913 (-8.420360256994773, 1.0, -1.3227845520573231)
8.259999999999913 (-8.510589942098953, 1.0, -1.246746718682071)
8.279999999999912 (-8.582509781383566, 1.0, -1.1735093551924607)
8.299999999999912 (-8.635353897673415, 1.0, -1.101680145324178)
8.319999999999911 (-8.66876705263293, 1.0, -1.0297613659293159)
8.339999999999911 (-8.68284894968066, 1.0, -0.9565496547652214)
8.35999999999991 (-8.678009028914653, 1.0, -0.8813037729971237)
8.37999999999991 (-8.654962402392885, 1.0, -0.8036480763405084)
8.39999999999991 (-8.615034319759467, 1.0, -0.7238875083642802)
8.41999999999991 (-8.559793174656532, 1.0, -0.6429912560998657)
8.439999999999909 (-8.490675872431403, 1.0, -0.5620899078345057)
8.459999999999908 (-8.408915268028787, 1.0, -0.48226314018764194)
8.479999999999908 (-8.315473614241286, 1.0, -0.40444908819188086)
8.499999999999908 (-8.211054510284042, 1.0, -0.32944896302546506)
8.519999999999907 (-8.09621386551825, 1.0, -0.2579818962065491)
8.539999999999907 (-7.971599456968848, 1.0, -0.19087603254930832)
8.559999999999906 (-7.837769763940824, 1.0, -0.1291076489507775)
8.579999999999906 (-7.694969290121541, 1.0, -0.07352541092486983)
8.599999999999905 (-7.5432403785538575, 1.0, -0.024789929782075934)
8.619999999999905 (-7.38264429043552, 1.0, 0.01643013617892527)
8.639999999999905 (-7.213300744227202, 1.0, 0.04943369553455755)
8.659999999999904 (-7.041579836229225, 1.0, 0.07509626827757328)
8.679999999999904 (-6.877551848713557, 1.0, 0.09375561256717148)
8.699999999999903 (-6.72703802046646, 1.0, 0.10676413873810087)
8.719999999999903 (-6.593246349331629, 1.0, 0.11636859512863731)
8.739999999999903 (-6.476279454570919, 1.0, 0.12487018687783029)
8.759999999999902 (-6.374462213616176, 1.0, 0.13468549777931813)
8.779999999999902 (-6.285039631434613, 1.0, 0.14723150664249135)
8.799999999999901 (-6.207347963317157, 1.0, 0.16307709760773154)
8.8199999999999 (-6.14242161464896, 1.0, 0.18190583693430326)
8.8399999999999 (-6.091289800875036, 1.0, 0.20331607904443932)
8.8599999999999 (-6.054847934462718, 1.0, 0.22723215447673714)
8.8799999999999 (-6.034178677992233, 1.0, 0.2537362195330115)
8.899999999999899 (-6.0302596949271585, 1.0, 0.2828625250464184)
8.919999999999899 (-6.043924508616838, 1.0, 0.31468695318940887)
8.939999999999898 (-6.075945535824214, 1.0, 0.34930103913230176)
8.959999999999898 (-6.126922144115986, 1.0, 0.38683007282067744)
8.979999999999897 (-6.197555758753924, 1.0, 0.42731711149232077)
8.999999999999897 (-6.288782885509379, 1.0, 0.47043134726321917)
9.019999999999897 (-6.401704416068275, 1.0, 0.51538656658939)
9.039999999999896 (-6.537124161813051, 1.0, 0.5611016167263736)
9.059999999999896 (-6.695594059117655, 1.0, 0.6063536314527302)
9.079999999999895 (-6.877438250963219, 1.0, 0.6497036510525463)
9.099999999999895 (-7.078320541538189, 1.0, 0.6873001568330033)
9.119999999999894 (-7.288446939214394, 1.0, 0.7173546956184087)
9.139999999999894 (-7.498306787490317, 1.0, 0.740655475813286)
9.159999999999894 (-7.699175292151549, 1.0, 0.7587273191846912)
9.179999999999893 (-7.884570647772032, 1.0, 0.7744200475216028)
9.199999999999893 (-8.052538120358882, 1.0, 0.7906054836480305)
9.219999999999892 (-8.203137074539052, 1.0, 0.8094702801489037)
9.239999999999892 (-8.336412787529165, 1.0, 0.8320727785509847)
9.259999999999891 (-8.4523314187776, 1.0, 0.8592071483027874)
9.279999999999891 (-8.550804316756487, 1.0, 0.892132775818097)
9.29999999999989 (-8.63183464164482, 1.0, 0.9325711096454227)
9.31999999999989 (-8.69581817964827, 1.0, 0.9821597370957124)
9.33999999999989 (-8.743444170279927, 1.0, 1.0419973947817756)
9.35999999999989 (-8.775457711121778, 1.0, 1.1126114498713635)
9.379999999999889 (-8.792727213153846, 1.0, 1.1939549878918805)
9.399999999999888 (-8.7962864149499, 1.0, 1.285026256497417)
9.419999999999888 (-8.787005340629815, 1.0, 1.3843259605598164)
9.439999999999888 (-8.765605594410532, 1.0, 1.49027814677349)
9.459999999999887 (-8.732652267822646, 1.0, 1.601401815986722)
9.479999999999887 (-8.688543112295182, 1.0, 1.716418864282646)
9.499999999999886 (-8.633507963112043, 1.0, 1.8343137312151552)
9.519999999999886 (-8.567625587614073, 1.0, 1.9542781852073061)
9.539999999999885 (-8.490867156382015, 1.0, 2.0756334309936033)
9.559999999999885 (-8.40326213579168, 1.0, 2.1975222040090228)
9.579999999999885 (-8.30483495004333, 1.0, 2.3188078997312926)
9.599999999999884 (-8.195411276311704, 1.0, 2.4384747780005878)
9.619999999999884 (-8.074708044881856, 1.0, 2.555764835041927)
9.639999999999883 (-7.942360260057621, 1.0, 2.6702041338346385)
9.659999999999883 (-7.803268401731844, 1.0, 2.7798566785853756)
9.679999999999882 (-7.6661229427240345, 1.0, 2.880179124145922)
9.699999999999882 (-7.537055628996591, 1.0, 2.9692263800288354)
9.719999999999882 (-7.420183768873289, 1.0, 3.0471440241568)
9.739999999999881 (-7.317288993951172, 1.0, 3.1158034484404187)
9.75999999999988 (-7.228241075456403, 1.0, 3.1779907692063483)
9.77999999999988 (-7.151305851180166, 1.0, 3.2360251762053216)
9.79999999999988 (-7.08637322317414, 1.0, 3.290473129752217)
9.81999999999988 (-7.034182718165676, 1.0, 3.34054658994346)
9.839999999999879 (-6.995424558507154, 1.0, 3.385553608741333)
9.859999999999879 (-6.9709877205298385, 1.0, 3.42501266953043)
9.879999999999878 (-6.96174696814677, 1.0, 3.458396945626135)
9.899999999999878 (-6.968460810515784, 1.0, 3.4853566338863864)
9.919999999999877 (-6.9918348630796014, 1.0, 3.5057061978664117)
9.939999999999877 (-7.032539890946517, 1.0, 3.519327880364437)
9.959999999999877 (-7.0911889069098235, 1.0, 3.526091879510471)
9.979999999999876 (-7.168421784390461, 1.0, 3.5256985307920123)
9.999999999999876 (-7.264859318619954, 1.0, 3.517532463987259)
10.019999999999875 (-7.381013186764041, 1.0, 3.5006121551647196)
10.039999999999875 (-7.517109360527191, 1.0, 3.473775149268029)
10.059999999999874 (-7.673125224750395, 1.0, 3.435758962670057)
10.079999999999874 (-7.848684068002855, 1.0, 3.3851574181126387)
10.099999999999874 (-8.038578170527758, 1.0, 3.320766716957082)
10.119999999999873 (-8.233576666290556, 1.0, 3.2455878828017957)
10.139999999999873 (-8.425704774873656, 1.0, 3.1650400580979925)
10.159999999999872 (-8.608193929549417, 1.0, 3.0847712683489776)
10.179999999999872 (-8.776342090410681, 1.0, 3.0103793103653724)
10.199999999999871 (-8.929454487199726, 1.0, 2.945310521436879)
10.219999999999871 (-9.06873544986042, 1.0, 2.8914464066124497)
10.23999999999987 (-9.194685556438783, 1.0, 2.850177047803883)
10.25999999999987 (-9.307689605728628, 1.0, 2.821816987932576)
10.27999999999987 (-9.408183660365125, 1.0, 2.8070710099672365)
10.29999999999987 (-9.496816691213807, 1.0, 2.8072301572555234)
10.319999999999869 (-9.574577196280678, 1.0, 2.823419694278539)
10.339999999999868 (-9.642505037643115, 1.0, 2.8562327354960084)
10.359999999999868 (-9.701447841544832, 1.0, 2.9057539605910563)
10.379999999999868 (-9.752114400404459, 1.0, 2.9715954579736246)
10.399999999999867 (-9.794991423886191, 1.0, 3.0525053255403924)
10.419999999999867 (-9.830174375914613, 1.0, 3.146699350868781)
10.439999999999866 (-9.857561535555464, 1.0, 3.2523997921775476)
10.459999999999866 (-9.876969441823018, 1.0, 3.3680033048452303)
10.479999999999865 (-9.888168010415667, 1.0, 3.492184197979307)
10.499999999999865 (-9.890894582617412, 1.0, 3.6238871208079453)
10.519999999999865 (-9.8848748865764, 1.0, 3.762128619053634)
10.539999999999864 (-9.869751534720566, 1.0, 3.9058549266393645)
10.559999999999864 (-9.845019678601915, 1.0, 4.054170898033959)
10.579999999999863 (-9.810143552628073, 1.0, 4.206510165654819)
10.599999999999863 (-9.764613396482229, 1.0, 4.362490376633853)
10.619999999999862 (-9.707895703910687, 1.0, 4.521634313875772)
10.639999999999862 (-9.640263501744888, 1.0, 4.68257086372063)
10.659999999999862 (-9.566899020008849, 1.0, 4.83938751357535)
10.679999999999861 (-9.493471435425393, 1.0, 4.984774807564261)
10.69999999999986 (-9.424117912007098, 1.0, 5.11535106922176)
10.71999999999986 (-9.362315041587125, 1.0, 5.230221893886138)
10.73999999999986 (-9.309373321003871, 1.0, 5.3311487184535125)
10.75999999999986 (-9.26597267513671, 1.0, 5.421365574747022)
10.779999999999859 (-9.231715825247901, 1.0, 5.503591547618291)
10.799999999999859 (-9.206932425788407, 1.0, 5.577903619997909)
10.819999999999858 (-9.191799791051979, 1.0, 5.642988442157128)
10.839999999999858 (-9.186532026914346, 1.0, 5.697811390897819)
10.859999999999857 (-9.191516819207894, 1.0, 5.741665158016541)
10.879999999999857 (-9.20740378020975, 1.0, 5.773829472125115)
10.899999999999856 (-9.234867242750703, 1.0, 5.793574397576744)
10.919999999999856 (-9.274469457737244, 1.0, 5.800271164108794)
10.939999999999856 (-9.326697330943489, 1.0, 5.793320045843292)
10.959999999999855 (-9.391978340854637, 1.0, 5.772330395746078)
10.979999999999855 (-9.47074877527477, 1.0, 5.736809626986534)
10.999999999999854 (-9.563250683759184, 1.0, 5.6857237303094115)
11.019999999999854 (-9.669414099486643, 1.0, 5.61761824691131)
11.039999999999853 (-9.788787104889172, 1.0, 5.530728819170589)
11.059999999999853 (-9.92043300292551, 1.0, 5.423430319201028)
11.079999999999853 (-10.063104692425195, 1.0, 5.294771599758225)
11.099999999999852 (-10.211859716163106, 1.0, 5.146003974482909)
11.119999999999852 (-10.359645890866107, 1.0, 4.983765631794328)
11.139999999999851 (-10.501577853817924, 1.0, 4.816711591967781)
11.159999999999851 (-10.634067409103888, 1.0, 4.653218449566335)
11.17999999999985 (-10.75565678961974, 1.0, 4.500667131037134)
11.19999999999985 (-10.867663544603356, 1.0, 4.362658933477819)
11.21999999999985 (-10.972085353617818, 1.0, 4.240367924506116)
11.23999999999985 (-11.069868347573149, 1.0, 4.134338757143412)
11.259999999999849 (-11.161664646930808, 1.0, 4.045024200212221)
11.279999999999848 (-11.248533276450841, 1.0, 3.9732377044350153)
11.299999999999848 (-11.332000620845973, 1.0, 3.919959949107022)
11.319999999999848 (-11.413802099468228, 1.0, 3.885851259229997)
11.339999999999847 (-11.495368325285085, 1.0, 3.870970744918388)
11.359999999999847 (-11.577653232583785, 1.0, 3.874986333688357)
11.379999999999846 (-11.661121029790433, 1.0, 3.8971370415810385)
11.399999999999846 (-11.745529470770594, 1.0, 3.936052665881811)
11.419999999999845 (-11.830182099661286, 1.0, 3.990283196325308)
11.439999999999845 (-11.91422356324458, 1.0, 4.058439290614791)
11.459999999999845 (-11.996757498354459, 1.0, 4.139296095603241)
11.479999999999844 (-12.076933696337706, 1.0, 4.231856601727315)
11.499999999999844 (-12.154042312276996, 1.0, 4.335414832834217)
11.519999999999843 (-12.2274692529292, 1.0, 4.449503292752187)
11.539999999999843 (-12.296653707738438, 1.0, 4.573809498241212)
11.559999999999842 (-12.360892529313746, 1.0, 4.707859268615994)
11.579999999999842 (-12.41922572391006, 1.0, 4.8510636344684706)
11.599999999999842 (-12.470721821220353, 1.0, 5.00309653371386)
11.619999999999841 (-12.514627526050198, 1.0, 5.163852467966131)
11.63999999999984 (-12.550319928349827, 1.0, 5.333328031273697)
11.65999999999984 (-12.578266224735817, 1.0, 5.507552388454322)
11.67999999999984 (-12.599194076976492, 1.0, 5.677350458020772)
11.69999999999984 (-12.614320519358447, 1.0, 5.835561104260501)
11.719999999999839 (-12.625648750778343, 1.0, 5.978237419678502)
11.739999999999839 (-12.635766045944019, 1.0, 6.104098489214929)
11.759999999999838 (-12.646903427237605, 1.0, 6.2144112172025)
11.779999999999838 (-12.660308909331139, 1.0, 6.311840524809271)
11.799999999999837 (-12.67647433974333, 1.0, 6.396998191820411)
11.819999999999837 (-12.695211159642543, 1.0, 6.469033209592558)
11.839999999999836 (-12.716305909205921, 1.0, 6.526861243097348)
11.859999999999836 (-12.739697453881359, 1.0, 6.56944170744723)
11.879999999999836 (-12.765356358579915, 1.0, 6.595807711209052)
11.899999999999835 (-12.793369953711675, 1.0, 6.605149951966211)
11.919999999999835 (-12.8239381652388, 1.0, 6.596777520424996)
11.939999999999834 (-12.85729817830958, 1.0, 6.570056445153715)
11.959999999999834 (-12.893638290096678, 1.0, 6.524359387119897)
11.979999999999833 (-12.933000862006478, 1.0, 6.45898354567823)
11.999999999999833 (-12.975173394514439, 1.0, 6.373104979673786)
12.019999999999833 (-13.01963371948177, 1.0, 6.265905365829565)
12.039999999999832 (-13.065582645795226, 1.0, 6.136611342950856)
12.059999999999832 (-13.111895176470306, 1.0, 5.984583236858574)
12.079999999999831 (-13.15719296180862, 1.0, 5.809457848807052)
12.099999999999831 (-13.197744218491069, 1.0, 5.615407352673437)
12.11999999999983 (-13.231694399051515, 1.0, 5.412071460066498)
12.13999999999983 (-13.259795293228526, 1.0, 5.208916223178878)
12.15999999999983 (-13.28354311582156, 1.0, 5.014535236143294)
12.17999999999983 (-13.305416371039525, 1.0, 4.8356078635586845)
12.199999999999829 (-13.32798432746792, 1.0, 4.67438055225797)
12.219999999999828 (-13.353441644146153, 1.0, 4.530797646543013)
12.239999999999828 (-13.383273246213035, 1.0, 4.4051080534059555)
12.259999999999827 (-13.41798156131913, 1.0, 4.297141676300027)
12.279999999999827 (-13.458369867410408, 1.0, 4.206878879575342)
12.299999999999827 (-13.505789333354539, 1.0, 4.1343864014033285)
12.319999999999826 (-13.5616222229619, 1.0, 4.07937229377274)
12.339999999999826 (-13.626848326536548, 1.0, 4.041248333865704)
12.359999999999825 (-13.7019200822001, 1.0, 4.019331840690448)
12.379999999999825 (-13.786867980913794, 1.0, 4.012842056462081)
12.399999999999824 (-13.880931747790191, 1.0, 4.020750300476258)
12.419999999999824 (-13.982565534685559, 1.0, 4.042027946857201)
12.439999999999824 (-14.09012073946933, 1.0, 4.0758555707513)
12.459999999999823 (-14.202089970487936, 1.0, 4.121573943268886)
12.479999999999823 (-14.317208574068433, 1.0, 4.178706879933353)
12.499999999999822 (-14.434386299943876, 1.0, 4.246903980594463)
12.519999999999822 (-14.552505161457589, 1.0, 4.325819372015145)
12.539999999999822 (-14.670466084037319, 1.0, 4.415271974804223)
12.559999999999821 (-14.787373263970682, 1.0, 4.5153269019622195)
12.57999999999982 (-14.90256399795347, 1.0, 4.6261705875654755)
12.59999999999982 (-15.015446469156414, 1.0, 4.748031253464025)
12.61999999999982 (-15.125268213595943, 1.0, 4.881102888843252)
12.63999999999982 (-15.230714579700205, 1.0, 5.023147176909916)
12.659999999999819 (-15.328967572463124, 1.0, 5.166141158484673)
12.679999999999819 (-15.417120201772327, 1.0, 5.302113777034541)
12.699999999999818 (-15.49474548575661, 1.0, 5.426104703533094)
12.719999999999818 (-15.5631245364431, 1.0, 5.535150232798943)
12.739999999999817 (-15.624507473463787, 1.0, 5.629346546251358)
12.759999999999817 (-15.682110464252933, 1.0, 5.710231309026885)
12.779999999999816 (-15.737906771925905, 1.0, 5.779338772005504)
12.799999999999816 (-15.791810261481356, 1.0, 5.836163471807199)
12.819999999999816 (-15.842668315400832, 1.0, 5.879892317769719)
12.839999999999815 (-15.889686018819077, 1.0, 5.909811694990018)
12.859999999999815 (-15.932441585148515, 1.0, 5.925217567407559)
12.879999999999814 (-15.970676304150048, 1.0, 5.925351024811477)
12.899999999999814 (-16.00424156543373, 1.0, 5.9092064892088025)
12.919999999999813 (-16.03293889393215, 1.0, 5.87594811537952)
12.939999999999813 (-16.05648333101678, 1.0, 5.824844917267043)
12.959999999999813 (-16.074759151295687, 1.0, 5.755342538658852)
12.979999999999812 (-16.087569561585376, 1.0, 5.666815065294062)
12.999999999999812 (-16.094108091940555, 1.0, 5.5585108685292965)
13.019999999999811 (-16.09302405025053, 1.0, 5.4297329101300145)
13.03999999999981 (-16.08249407094594, 1.0, 5.27996095727496)
13.05999999999981 (-16.06027082788677, 1.0, 5.108971148401964)
13.07999999999981 (-16.024446411005208, 1.0, 4.9173405821881975)
13.09999999999981 (-15.973608535414037, 1.0, 4.7095410433590645)
13.11999999999981 (-15.909576755986187, 1.0, 4.494888795143885)
13.139999999999809 (-15.837392700617137, 1.0, 4.2822996940263165)
13.159999999999808 (-15.762719382982644, 1.0, 4.079335357435697)
13.179999999999808 (-15.691294731548192, 1.0, 3.8912855115235216)
13.199999999999807 (-15.627172945460954, 1.0, 3.7190378814854177)
13.219999999999807 (-15.572444202938104, 1.0, 3.561359990743655)
13.239999999999807 (-15.528090994683518, 1.0, 3.4176991924884015)
13.259999999999806 (-15.494841185371985, 1.0, 3.2877056674674243)
13.279999999999806 (-15.473983615332632, 1.0, 3.170858543233329)
13.299999999999805 (-15.46718274522826, 1.0, 3.0662946603548282)
13.319999999999805 (-15.475981603533107, 1.0, 2.9727907669147178)
13.339999999999804 (-15.501234951250689, 1.0, 2.88907150736481)
13.359999999999804 (-15.54318177186662, 1.0, 2.814074445043885)
13.379999999999804 (-15.601375085289936, 1.0, 2.746991269999995)
13.399999999999803 (-15.67459429738397, 1.0, 2.687337560339361)
13.419999999999803 (-15.761325166603019, 1.0, 2.634953660901433)
13.439999999999802 (-15.860012553420143, 1.0, 2.5898588825282474)
13.459999999999802 (-15.96919596050102, 1.0, 2.552208299180533)
13.479999999999801 (-16.08760086583981, 1.0, 2.522248746563749)
13.499999999999801 (-16.214291212219685, 1.0, 2.5002431662608653)
13.5199999999998 (-16.34858569143318, 1.0, 2.486487891175148)
13.5399999999998 (-16.489987674305688, 1.0, 2.481311984055538)
13.5599999999998 (-16.637881184007185, 1.0, 2.485094045189156)
13.5799999999998 (-16.791341122624296, 1.0, 2.4983400975208756)
13.599999999999799 (-16.949539715818997, 1.0, 2.52170456044383)
13.619999999999798 (-17.1119503908474, 1.0, 2.5558291454743345)
13.639999999999798 (-17.27826485625822, 1.0, 2.6012666291296456)
13.659999999999798 (-17.445838899783507, 1.0, 2.6563324594790174)
13.679999999999797 (-17.60738722561551, 1.0, 2.7161584387975015)
13.699999999999797 (-17.756646516818233, 1.0, 2.7761262926261554)
13.719999999999796 (-17.89075269050164, 1.0, 2.83257544306761)
13.739999999999796 (-18.00942354151155, 1.0, 2.88237724685288)
13.759999999999796 (-18.114688453577326, 1.0, 2.9241748735784108)
13.779999999999795 (-18.209331894604023, 1.0, 2.958010914229946)
13.799999999999795 (-18.294116686659585, 1.0, 2.9837341184978716)
13.819999999999794 (-18.36836892232977, 1.0, 3.001113041623479)
13.839999999999794 (-18.43103757057303, 1.0, 3.009786942319616)
13.859999999999793 (-18.481176860962076, 1.0, 3.009351432033305)
13.879999999999793 (-18.517968304638345, 1.0, 2.99939118901991)
13.899999999999793 (-18.54077017855582, 1.0, 2.9794448285250668)
13.919999999999792 (-18.549086943747806, 1.0, 2.949007355608833)
13.939999999999792 (-18.542483730932997, 1.0, 2.907566917660293)
13.959999999999791 (-18.52048992442148, 1.0, 2.854653870641798)
13.97999999999979 (-18.48251225463527, 1.0, 2.7898990797561543)
13.99999999999979 (-18.427778282879604, 1.0, 2.7130997766355174)
14.01999999999979 (-18.355352200688017, 1.0, 2.6242903907410993)
14.03999999999979 (-18.264182542760235, 1.0, 2.5238004562818377)
14.059999999999789 (-18.153201134550777, 1.0, 2.4123026148604816)
14.079999999999789 (-18.02146733901824, 1.0, 2.2908198746378)
14.099999999999788 (-17.8710063082094, 1.0, 2.1646444707738586)
14.119999999999788 (-17.709552625321614, 1.0, 2.039875622914229)
14.139999999999787 (-17.545794035975913, 1.0, 1.9202107342305004)
14.159999999999787 (-17.38799059794867, 1.0, 1.8083066027642702)
14.179999999999787 (-17.243162669501015, 1.0, 1.7050497589770455)
14.199999999999786 (-17.11445045935924, 1.0, 1.6093377695154256)
14.219999999999786 (-17.002801136294035, 1.0, 1.519333883906613)
14.239999999999785 (-16.90913349503133, 1.0, 1.4337905073440855)
14.259999999999785 (-16.83358561662297, 1.0, 1.352124489210256)
14.279999999999784 (-16.776477299741323, 1.0, 1.2736597313561482)
14.299999999999784 (-16.73840764685235, 1.0, 1.197359084795457)
14.319999999999784 (-16.71974863100999, 1.0, 1.1219507890768248)
14.339999999999783 (-16.720429018346234, 1.0, 1.046351856945522)
14.359999999999783 (-16.740050484495946, 1.0, 0.9698857372144295)
14.379999999999782 (-16.777968629122938, 1.0, 0.8921612348134244)
14.399999999999782 (-16.832975901928865, 1.0, 0.8133033552033619)
14.419999999999781 (-16.90337404593592, 1.0, 0.7341981371240347)
14.439999999999781 (-16.98762326772835, 1.0, 0.6559453170082868)
14.45999999999978 (-17.08440633064982, 1.0, 0.5795732410483952)
14.47999999999978 (-17.192666250490575, 1.0, 0.5059728335588095)
14.49999999999978 (-17.31141250053744, 1.0, 0.4360100400811072)
14.51999999999978 (-17.4397589643818, 1.0, 0.37059425499993004)
14.539999999999779 (-17.577167659136197, 1.0, 0.310540584694145)
14.559999999999778 (-17.723385658887995, 1.0, 0.2565328854148768)
14.579999999999778 (-17.878283893533908, 1.0, 0.20919554234970864)
14.599999999999778 (-18.04174035486131, 1.0, 0.16919152116673203)
14.619999999999777 (-18.213494461701252, 1.0, 0.13734232963484977)
14.639999999999777 (-18.389656588518463, 1.0, 0.11330987681843352)
14.659999999999776 (-18.56117387835784, 1.0, 0.09576387380121647)
14.679999999999776 (-18.7204722099071, 1.0, 0.08328874728226003)
14.699999999999775 (-18.86347099458957, 1.0, 0.07369820586386529)
14.719999999999775 (-18.98899713913684, 1.0, 0.06463666795867738)
14.739999999999775 (-19.098140215890535, 1.0, 0.05397503355094942)
14.759999999999774 (-19.194257699985414, 1.0, 0.03990759420368289)
14.779999999999774 (-19.279470199674083, 1.0, 0.021463130132865462)
14.799999999999773 (-19.353080493156906, 1.0, -0.0014236041477951947)
14.819999999999773 (-19.413813305509247, 1.0, -0.028083248934017868)
14.839999999999772 (-19.460612270728323, 1.0, -0.05812381040794097)
14.859999999999772 (-19.492622702834083, 1.0, -0.09148776429341562)
14.879999999999772 (-19.509091916653976, 1.0, -0.12830636243250973)
14.899999999999771 (-19.509217493500977, 1.0, -0.16888708873481914)
14.91999999999977 (-19.49212320415106, 1.0, -0.2135906967327477)
14.93999999999977 (-19.456988545400243, 1.0, -0.2625806518601146)
14.95999999999977 (-19.403260300393104, 1.0, -0.3159547418726508)
14.97999999999977 (-19.330303797897134, 1.0, -0.373841496181514)
14.999999999999769 (-19.237039541787293, 1.0, -0.4358712091848948)
15.019999999999769 (-19.12215247516341, 1.0, -0.501134852944986)
15.039999999999768 (-18.98425447240682, 1.0, -0.5682065265010612)
15.059999999999768 (-18.822027748883013, 1.0, -0.6351401158371296)
15.079999999999767 (-18.634429395744604, 1.0, -0.6995534032035317)
15.099999999999767 (-18.42455580105472, 1.0, -0.75790412684838)
15.119999999999767 (-18.201410063102983, 1.0, -0.8073004635715394)
15.139999999999766 (-17.9754664066222, 1.0, -0.847820096943855)
15.159999999999766 (-17.75614120582716, 1.0, -0.8808516335150025)
15.179999999999765 (-17.5511781452863, 1.0, -0.9089270522694358)
15.199999999999765 (-17.36352858718263, 1.0, -0.9354657523752721)
15.219999999999764 (-17.19302633412221, 1.0, -0.9629020884915652)
15.239999999999764 (-17.039683084544578, 1.0, -0.9923683016642805)
15.259999999999764 (-16.903567331598243, 1.0, -1.0247622941510888)
15.279999999999763 (-16.78484176689413, 1.0, -1.0615759038367574)
15.299999999999763 (-16.683515059221964, 1.0, -1.104776878956632)
15.319999999999762 (-16.599217798359838, 1.0, -1.1564078748141275)
15.339999999999762 (-16.531206041435325, 1.0, -1.217932304302083)
15.359999999999761 (-16.478606355350085, 1.0, -1.2901154554888035)
15.379999999999761 (-16.44046463747527, 1.0, -1.3729361012816406)
15.39999999999976 (-16.415809733158596, 1.0, -1.4656252466058532)
15.41999999999976 (-16.403794354121402, 1.0, -1.5669963023292939)
15.43999999999976 (-16.403716986754027, 1.0, -1.675733304810593)
15.45999999999976 (-16.41504499732021, 1.0, -1.7905148109276687)
15.479999999999759 (-16.437414623525783, 1.0, -1.910107272932294)
15.499999999999758 (-16.47063371612762, 1.0, -2.0335913037509905)
15.519999999999758 (-16.51465550744058, 1.0, -2.160261624414047)
15.539999999999758 (-16.569555195940353, 1.0, -2.2895800950377745)
15.559999999999757 (-16.635475855259703, 1.0, -2.42099461354388)
15.579999999999757 (-16.712488700540607, 1.0, -2.5536716907336374)
15.599999999999756 (-16.8006992186949, 1.0, -2.686507465083259)
15.619999999999756 (-16.900388048785175, 1.0, -2.818507287748286)
15.639999999999755 (-17.01191358688854, 1.0, -2.9490523112600395)
15.659999999999755 (-17.133879042998903, 1.0, -3.0769869053079426)
15.679999999999755 (-17.2591962639471, 1.0, -3.198440054685906)
15.699999999999754 (-17.380384365076416, 1.0, -3.3092664198460287)
15.719999999999754 (-17.492617789332172, 1.0, -3.408107111477578)
15.739999999999753 (-17.592442849661765, 1.0, -3.4957448387482537)
15.759999999999753 (-17.679363943830605, 1.0, -3.574414253872143)
15.779999999999752 (-17.754327826217185, 1.0, -3.6464411784144137)
15.799999999999752 (-17.81755260505659, 1.0, -3.712633711022549)
15.819999999999752 (-17.868627054559465, 1.0, -3.7726789678353674)
15.839999999999751 (-17.90679882865217, 1.0, -3.8258863450632665)
15.85999999999975 (-17.931323393197797, 1.0, -3.8716470583910674)
15.87999999999975 (-17.941494879081972, 1.0, -3.909468744683245)
15.89999999999975 (-17.936630650696806, 1.0, -3.9390232602653263)
15.91999999999975 (-17.916065380060246, 1.0, -3.960119669423698)
15.939999999999749 (-17.87914893059897, 1.0, -3.972618202898073)
15.959999999999749 (-17.825249378715757, 1.0, -3.9763282060912455)
15.979999999999748 (-17.75376941195215, 1.0, -3.9709111183166392)
15.999999999999748 (-17.664180450862624, 1.0, -3.9558099449318687)
16.019999999999747 (-17.556086214860823, 1.0, -3.9302268407806333)
16.039999999999747 (-17.429303342233542, 1.0, -3.8931336524823843)
16.059999999999746 (-17.283947230806035, 1.0, -3.843338228085641)
16.079999999999746 (-17.120495026121297, 1.0, -3.7796248826030787)
16.099999999999746 (-16.94466736290283, 1.0, -3.7015948634623586)
16.119999999999745 (-16.765306447446232, 1.0, -3.6136475976061684)
16.139999999999745 (-16.58943308449143, 1.0, -3.5219492868202362)
16.159999999999744 (-16.422981568713464, 1.0, -3.432703129135875)
16.179999999999744 (-16.26984819096191, 1.0, -3.351572099217224)
16.199999999999743 (-16.13054484017183, 1.0, -3.2818000069685844)
16.219999999999743 (-16.003925232383573, 1.0, -3.224982102253492)
16.239999999999743 (-15.889254795552084, 1.0, -3.182678406332692)
16.259999999999742 (-15.785990334250748, 1.0, -3.155423113552082)
16.279999999999742 (-15.693707151502071, 1.0, -3.143628403627566)
16.29999999999974 (-15.611865477201684, 1.0, -3.148106432438895)
16.31999999999974 (-15.53960339887297, 1.0, -3.1695635618086615)
16.33999999999974 (-15.476048429838258, 1.0, -3.2083136659818368)
16.35999999999974 (-15.420483692337665, 1.0, -3.2642147438281603)
16.37999999999974 (-15.372323406767165, 1.0, -3.3368750202470796)
16.39999999999974 (-15.331092542073062, 1.0, -3.4254565255203446)
16.41999999999974 (-15.296715292751788, 1.0, -3.527920156181999)
16.43999999999974 (-15.269539168570905, 1.0, -3.6422269703110097)
16.459999999999738 (-15.249906024440683, 1.0, -3.7666305077363074)
16.479999999999738 (-15.238117619467802, 1.0, -3.8996063116417248)
16.499999999999737 (-15.234536535179314, 1.0, -4.039725316721071)
16.519999999999737 (-15.239589414337653, 1.0, -4.1859080789636)
16.539999999999736 (-15.253696187269897, 1.0, -4.337498256464981)
16.559999999999736 (-15.277291926940562, 1.0, -4.494032024500588)
16.579999999999735 (-15.3108752499065, 1.0, -4.655067090706244)
16.599999999999735 (-15.355010356620978, 1.0, -4.820086320629587)
16.619999999999735 (-15.41034039653424, 1.0, -4.988344843781112)
16.639999999999734 (-15.473208869304585, 1.0, -5.155183665400534)
16.659999999999734 (-15.537825692048115, 1.0, -5.312334554167687)
16.679999999999733 (-15.599829945058563, 1.0, -5.455002382014027)
16.699999999999733 (-15.655489364524673, 1.0, -5.581394841564205)
16.719999999999732 (-15.702887127775929, 1.0, -5.692423661947828)
16.739999999999732 (-15.741074321020236, 1.0, -5.790697217959824)
16.75999999999973 (-15.77008583549563, 1.0, -5.879770666305144)
16.77999999999973 (-15.78989957113046, 1.0, -5.961692825471672)
16.79999999999973 (-15.80014272693199, 1.0, -6.035689088470425)
16.81999999999973 (-15.800854092132319, 1.0, -6.100297287228528)
16.83999999999973 (-15.791898403642264, 1.0, -6.154299766215737)
16.85999999999973 (-15.772935608519592, 1.0, -6.1968544043501845)
16.87999999999973 (-15.743500145065147, 1.0, -6.227361274291816)
16.89999999999973 (-15.703053815380944, 1.0, -6.245321868739143)
16.919999999999728 (-15.65088938038988, 1.0, -6.250234772925508)
16.939999999999728 (-15.586299140002005, 1.0, -6.241538416075061)
16.959999999999727 (-15.508905178382731, 1.0, -6.218749453263318)
16.979999999999727 (-15.418333036906898, 1.0, -6.181338497492505)
16.999999999999726 (-15.314409045061531, 1.0, -6.1281579275942555)
17.019999999999726 (-15.197341410561796, 1.0, -6.057524137203462)
17.039999999999726 (-15.067791267518322, 1.0, -5.967411829715361)
17.059999999999725 (-14.926930553817268, 1.0, -5.855626850498413)
17.079999999999725 (-14.776474608838363, 1.0, -5.71998684063264)
17.099999999999724 (-14.620787724091922, 1.0, -5.560233828230244)
17.119999999999724 (-14.467240388317874, 1.0, -5.382625553174113)
17.139999999999723 (-14.320741947572492, 1.0, -5.196966729589874)
17.159999999999723 (-14.184498519165382, 1.0, -5.012493399275356)
17.179999999999723 (-14.060022600743105, 1.0, -4.83757465207168)
17.199999999999722 (-13.945538229461244, 1.0, -4.676796952617725)
17.21999999999972 (-13.838746347657741, 1.0, -4.531130061369898)
17.23999999999972 (-13.73866213884416, 1.0, -4.4011409495198475)
17.25999999999972 (-13.644398958639963, 1.0, -4.287458698218606)
17.27999999999972 (-13.55455998625367, 1.0, -4.191008112144015)
17.29999999999972 (-13.467265168402166, 1.0, -4.112749655309598)
17.31999999999972 (-13.380405514463387, 1.0, -4.05331281271374)
17.33999999999972 (-13.29219330896827, 1.0, -4.012750778588951)
17.35999999999972 (-13.201453513959324, 1.0, -3.990622852441967)
17.37999999999972 (-13.107728171582478, 1.0, -3.9860477345248864)
17.399999999999718 (-13.011182212885554, 1.0, -3.997877676188736)
17.419999999999717 (-12.912417250406138, 1.0, -4.024856850054404)
17.439999999999717 (-12.812276322057123, 1.0, -4.06578283520753)
17.459999999999717 (-12.711663807810051, 1.0, -4.11961724479469)
17.479999999999716 (-12.611416527616305, 1.0, -4.185550357510253)
17.499999999999716 (-12.51224185959557, 1.0, -4.263018395418557)
17.519999999999715 (-12.414718838415771, 1.0, -4.351681605357932)
17.539999999999715 (-12.319317311768978, 1.0, -4.4513910988338905)
17.559999999999715 (-12.22653396530832, 1.0, -4.562090386517542)
17.579999999999714 (-12.13694867750197, 1.0, -4.683750007386505)
17.599999999999714 (-12.05130919318047, 1.0, -4.816174135262178)
17.619999999999713 (-11.970698191900189, 1.0, -4.958953090155618)
17.639999999999713 (-11.896161789008751, 1.0, -5.111880942089413)
17.659999999999712 (-11.828096789841867, 1.0, -5.274885763085315)
17.679999999999712 (-11.7671410643368, 1.0, -5.440848555640929)
17.69999999999971 (-11.714521516038507, 1.0, -5.600548065368938)
17.71999999999971 (-11.669593905400475, 1.0, -5.748493525222319)
17.73999999999971 (-11.630383046063848, 1.0, -5.881236050034167)
17.75999999999971 (-11.594707628635797, 1.0, -5.998397312109592)
17.77999999999971 (-11.56095909460026, 1.0, -6.101062208025854)
17.79999999999971 (-11.528412350132708, 1.0, -6.19027649747719)
17.81999999999971 (-11.496959107696581, 1.0, -6.265628907605482)
17.83999999999971 (-11.466743223021833, 1.0, -6.326277583994881)
17.859999999999708 (-11.437904420742782, 1.0, -6.371396061167033)
17.879999999999708 (-11.410517447872262, 1.0, -6.400214895794863)
17.899999999999707 (-11.384540503526567, 1.0, -6.412026568808102)
17.919999999999707 (-11.359846594406958, 1.0, -6.406161171862094)
17.939999999999706 (-11.33627497771829, 1.0, -6.381975620541923)
17.959999999999706 (-11.313672940327633, 1.0, -6.338826946511274)
17.979999999999706 (-11.29209744495238, 1.0, -6.276041865954739)
17.999999999999705 (-11.271746170837453, 1.0, -6.192954924822941)
18.019999999999705 (-11.25307609406491, 1.0, -6.088886620895445)
18.039999999999704 (-11.23685094273833, 1.0, -5.963257006369956)
18.059999999999704 (-11.224112752350663, 1.0, -5.815656823437074)
18.079999999999703 (-11.216051972755174, 1.0, -5.646066605206984)
18.099999999999703 (-11.215297467281149, 1.0, -5.459952222139434)
18.119999999999703 (-11.22118066734817, 1.0, -5.267325881998708)
18.139999999999702 (-11.230951976661629, 1.0, -5.0768675205130265)
18.1599999999997 (-11.241496763174784, 1.0, -4.896371830446927)
18.1799999999997 (-11.249713120332125, 1.0, -4.731393094847028)
18.1999999999997 (-11.253136494662023, 1.0, -4.583738473307784)
18.2199999999997 (-11.25002558624825, 1.0, -4.453130263638582)
18.2399999999997 (-11.238716218280834, 1.0, -4.339621522337545)
18.2599999999997 (-11.218031761348362, 1.0, -4.243096559781512)
18.2799999999997 (-11.187297966247202, 1.0, -4.163324506603841)
18.2999999999997 (-11.145891389651966, 1.0, -4.100083808379667)
18.3199999999997 (-11.09321057704585, 1.0, -4.052949186351919)
18.339999999999698 (-11.029047010883593, 1.0, -4.021329621730507)
18.359999999999697 (-10.953389972407232, 1.0, -4.0045921675242315)
18.379999999999697 (-10.866386023860338, 1.0, -4.002103702424528)
18.399999999999697 (-10.76831489615121, 1.0, -4.013263915902667)
18.419999999999696 (-10.659802092872807, 1.0, -4.037354216514988)
18.439999999999696 (-10.543318763236758, 1.0, -4.0731904303424775)
18.459999999999695 (-10.42150418418628, 1.0, -4.120178987458141)
18.479999999999695 (-10.296319159423351, 1.0, -4.177904505948965)
18.499999999999694 (-10.169236513109944, 1.0, -4.246133463638349)
18.519999999999694 (-10.041220706688689, 1.0, -4.324806395191927)
18.539999999999694 (-9.912936907335457, 1.0, -4.4139973930482705)
18.559999999999693 (-9.784993895262145, 1.0, -4.513857864091754)
18.579999999999693 (-9.658094379610086, 1.0, -4.624609942704566)
18.599999999999692 (-9.533100884765833, 1.0, -4.746486659082416)
18.619999999999692 (-9.411475269029493, 1.0, -4.878099048073765)
18.63999999999969 (-9.296593378370172, 1.0, -5.011868064015634)
18.65999999999969 (-9.192465538312609, 1.0, -5.139586277847276)
18.67999999999969 (-9.100221481939885, 1.0, -5.25603657676483)
18.69999999999969 (-9.018983736659782, 1.0, -5.35778928807737)
18.71999999999969 (-8.94668908771537, 1.0, -5.444607471897222)
18.73999999999969 (-8.880173191105019, 1.0, -5.518007082231153)
18.75999999999969 (-8.816665659297646, 1.0, -5.579368311512977)
18.77999999999969 (-8.75460955215403, 1.0, -5.629166321501343)
18.799999999999688 (-8.69456973284385, 1.0, -5.666788465927082)
18.819999999999688 (-8.637879780544562, 1.0, -5.691596627584994)
18.839999999999687 (-8.585722146710118, 1.0, -5.702829585575861)
18.859999999999687 (-8.538793678779642, 1.0, -5.699753568782504)
18.879999999999686 (-8.497416120264445, 1.0, -5.681680174646134)
18.899999999999686 (-8.461769679146112, 1.0, -5.647912758046015)
18.919999999999686 (-8.431978573311792, 1.0, -5.5977427706279315)
18.939999999999685 (-8.408156046028699, 1.0, -5.530351125342003)
18.959999999999685 (-8.390486234375008, 1.0, -5.444933973022259)
18.979999999999684 (-8.379290861040339, 1.0, -5.340947477218416)
18.999999999999684 (-8.375418572560726, 1.0, -5.2177453425059355)
19.019999999999683 (-8.380508211967985, 1.0, -5.074688802029739)
19.039999999999683 (-8.396875301306332, 1.0, -4.911387536244537)
19.059999999999683 (-8.427228497893875, 1.0, -4.727858006937545)
19.079999999999682 (-8.474493289101757, 1.0, -4.524641821226197)
19.09999999999968 (-8.542337077510833, 1.0, -4.304624346984923)
19.11999999999968 (-8.629308577167402, 1.0, -4.077759865592148)
19.13999999999968 (-8.728482610386099, 1.0, -3.8532810304340472)
19.15999999999968 (-8.832954966919528, 1.0, -3.6385223423472643)
19.17999999999968 (-8.935774280152492, 1.0, -3.4389668499966097)
19.19999999999968 (-9.031670218747058, 1.0, -3.2552006997322915)
19.21999999999968 (-9.118576028181375, 1.0, -3.085621535227368)
19.23999999999968 (-9.195330857223885, 1.0, -2.9295527397386993)
19.25999999999968 (-9.26105350317246, 1.0, -2.786483030818642)
19.279999999999678 (-9.31414289726197, 1.0, -2.65558998911389)
19.299999999999677 (-9.352706660144776, 1.0, -2.5355161042397376)
19.319999999999677 (-9.375097194305793, 1.0, -2.424520960377305)
19.339999999999677 (-9.38032958834942, 1.0, -2.3208803011888577)
19.359999999999676 (-9.368211550001632, 1.0, -2.2232244259511873)
19.379999999999676 (-9.339241755433621, 1.0, -2.130651661105333)
19.399999999999675 (-9.29442586930282, 1.0, -2.042714321090913)
19.419999999999675 (-9.235068460519408, 1.0, -1.9593360232852572)
19.439999999999674 (-9.162553772629773, 1.0, -1.8806982485656996)
19.459999999999674 (-9.078154403694418, 1.0, -1.8071265578460867)
19.479999999999674 (-8.982912710431112, 1.0, -1.7389925150852619)
19.499999999999673 (-8.877593860112714, 1.0, -1.6766556432715594)
19.519999999999673 (-8.762702382010401, 1.0, -1.6204480323265154)
19.539999999999672 (-8.638510306758993, 1.0, -1.570666351968423)
19.559999999999672 (-8.505224283613822, 1.0, -1.527675692422457)
19.57999999999967 (-8.363035968910252, 1.0, -1.4919347158689742)
19.59999999999967 (-8.212107262149047, 1.0, -1.463949611662464)
19.61999999999967 (-8.05274317416201, 1.0, -1.4443385511102174)
19.63999999999967 (-7.885623998291728, 1.0, -1.4338365041023404)
19.65999999999967 (-7.711292413625275, 1.0, -1.433149483980461)
19.67999999999967 (-7.533735357750515, 1.0, -1.441364169719189)
19.69999999999967 (-7.361623337547211, 1.0, -1.4563841241220719)
19.71999999999967 (-7.201315243915676, 1.0, -1.4752926719333124)
19.739999999999668 (-7.0561848546021295, 1.0, -1.4949377976667804)
19.759999999999668 (-6.927412500251807, 1.0, -1.512575101471743)
19.779999999999667 (-6.814271887792544, 1.0, -1.527145230622898)
19.799999999999667 (-6.715205433934436, 1.0, -1.5382870773202995)
19.819999999999666 (-6.630060671575187, 1.0, -1.545572793504806)
19.839999999999666 (-6.5593505469554065, 1.0, -1.5486540785474734)
19.859999999999665 (-6.503628086468978, 1.0, -1.5472208682742592)
19.879999999999665 (-6.463436288263574, 1.0, -1.5409373752633118)
19.899999999999665 (-6.439362972631143, 1.0, -1.5294427395300085)
19.919999999999664 (-6.431876286505543, 1.0, -1.5123027229012438)
19.939999999999664 (-6.441441139855947, 1.0, -1.4890657319359688)
19.959999999999663 (-6.4686008561573525, 1.0, -1.4593405219981028)
19.979999999999663 (-6.513950692136143, 1.0, -1.4228094072229154)
19.999999999999662 (-6.578174661402726, 1.0, -1.3793230462904171)
20.019999999999662 (-6.662012249081456, 1.0, -1.3289668718305645)
20.03999999999966 (-6.766197811772155, 1.0, -1.2721010109317081)
20.05999999999966 (-6.891372688563807, 1.0, -1.2093491868957205)
20.07999999999966 (-7.037747265705276, 1.0, -1.1417214698707785)
20.09999999999966 (-7.20041573748299, 1.0, -1.073962090952767)
20.11999999999966 (-7.3698653821455595, 1.0, -1.0088714611085048)
20.13999999999966 (-7.5373817169007475, 1.0, -0.9472522624898708)
20.15999999999966 (-7.69483406526277, 1.0, -0.8893174687473042)
20.17999999999966 (-7.836740219705078, 1.0, -0.8347304397323938)
20.19999999999966 (-7.960754054207252, 1.0, -0.7825325917137386)
20.219999999999658 (-8.066285077493179, 1.0, -0.7312768247407845)
20.239999999999657 (-8.152790298785789, 1.0, -0.6796981067685306)
20.259999999999657 (-8.219826245397805, 1.0, -0.6268391125955203)
20.279999999999657 (-8.267195896285159, 1.0, -0.5720373806132628)
20.299999999999656 (-8.294936479673702, 1.0, -0.5148971237899369)
20.319999999999656 (-8.303287666740005, 1.0, -0.45512558930054375)
20.339999999999655 (-8.29268551811907, 1.0, -0.3925150645333237)
20.359999999999655 (-8.26369622137192, 1.0, -0.32698772989225433)
20.379999999999654 (-8.216956775264793, 1.0, -0.25858960600686126)
20.399999999999654 (-8.153128165440831, 1.0, -0.1874491135430833)
20.419999999999654 (-8.072858140835105, 1.0, -0.11374324634793209)
20.439999999999653 (-7.976756750397925, 1.0, -0.037729572763405064)
20.459999999999653 (-7.86538001691989, 1.0, 0.04027161554867072)
20.479999999999652 (-7.739406601458092, 1.0, 0.11972967155093603)
20.499999999999652 (-7.602187583466701, 1.0, 0.19824179989240862)
20.51999999999965 (-7.455998858547295, 1.0, 0.27241355020878305)
20.53999999999965 (-7.301619313419984, 1.0, 0.34046180597317277)
20.55999999999965 (-7.1392976506573635, 1.0, 0.40143381669162176)
20.57999999999965 (-6.969174219700456, 1.0, 0.4545797681386323)
20.59999999999965 (-6.791579087930512, 1.0, 0.49899786791903666)
20.61999999999965 (-6.613039270498543, 1.0, 0.5356436621950791)
20.63999999999965 (-6.443902950480295, 1.0, 0.5650726499006744)
20.65999999999965 (-6.290341463064964, 1.0, 0.588586646301199)
20.679999999999648 (-6.155718199098977, 1.0, 0.6086589529273723)
20.699999999999648 (-6.039617442454082, 1.0, 0.6273178471312231)
20.719999999999647 (-5.939903401284487, 1.0, 0.6467783907686018)
20.739999999999647 (-5.853789147117817, 1.0, 0.6687636175430761)
20.759999999999646 (-5.7790748935232985, 1.0, 0.6947353710394777)
20.779999999999646 (-5.715101367101795, 1.0, 0.7256782375156684)
20.799999999999645 (-5.662250753602692, 1.0, 0.7615166111604539)
20.819999999999645 (-5.621684069756912, 1.0, 0.8015263177188123)
20.839999999999645 (-5.59495278183144, 1.0, 0.8448690373378098)
20.859999999999644 (-5.5832490165925455, 1.0, 0.8911442210728083)
20.879999999999644 (-5.587339326799967, 1.0, 0.9403890647739729)
20.899999999999643 (-5.607882331241218, 1.0, 0.9927998842931561)
20.919999999999643 (-5.64554902037263, 1.0, 1.0486001040129935)
20.939999999999642 (-5.701054787167045, 1.0, 1.1079773410474578)
20.959999999999642 (-5.775187177430177, 1.0, 1.171014927965842)
20.97999999999964 (-5.868805648471088, 1.0, 1.2377812405783053)
20.99999999999964 (-5.982665844003568, 1.0, 1.3080385600514817)
21.01999999999964 (-6.11809861199528, 1.0, 1.3807199122991791)
21.03999999999964 (-6.27671327718403, 1.0, 1.4538542963333423)
21.05999999999964 (-6.460005127235175, 1.0, 1.524775768156062)
21.07999999999964 (-6.669068525144566, 1.0, 1.5903175100458422)
21.09999999999964 (-6.904695087131553, 1.0, 1.6449394558739725)
21.11999999999964 (-7.157608683557601, 1.0, 1.683850196464571)
21.139999999999638 (-7.415650537781808, 1.0, 1.708726200380119)
21.159999999999638 (-7.668628392529849, 1.0, 1.7220478903125516)
21.179999999999637 (-7.9079868706539935, 1.0, 1.7272763786735514)
21.199999999999637 (-8.130331037922115, 1.0, 1.7291630915759868)
21.219999999999636 (-8.3358749954847, 1.0, 1.7306939349192028)
21.239999999999636 (-8.524572734432201, 1.0, 1.7337380211544473)
21.259999999999636 (-8.696616066940052, 1.0, 1.739344111530668)
21.279999999999635 (-8.852035850236096, 1.0, 1.7484360389693108)
21.299999999999635 (-8.990911576306539, 1.0, 1.763504528443926)
21.319999999999634 (-9.114042861354958, 1.0, 1.7872875409644091)
21.339999999999634 (-9.222628667022228, 1.0, 1.821865682554557)
21.359999999999634 (-9.317933630291067, 1.0, 1.8683772829205527)
21.379999999999633 (-9.401096695000035, 1.0, 1.9270610566489583)
21.399999999999633 (-9.473053942200911, 1.0, 1.9974543700914167)
21.419999999999632 (-9.53451020690919, 1.0, 2.078623417664811)
21.439999999999632 (-9.585943273857119, 1.0, 2.1694070013893487)
21.45999999999963 (-9.627644431912211, 1.0, 2.268639795592236)
21.47999999999963 (-9.659755072656814, 1.0, 2.3753247688856236)
21.49999999999963 (-9.682309342905596, 1.0, 2.488718144797268)
21.51999999999963 (-9.695264557316397, 1.0, 2.6083333496543673)
21.53999999999963 (-9.698514640016281, 1.0, 2.733884945657294)
21.55999999999963 (-9.69188968372765, 1.0, 2.865200354802404)
21.57999999999963 (-9.675148988436124, 1.0, 3.002125984417988)
21.59999999999963 (-9.647976537990228, 1.0, 3.1444461649233966)
21.619999999999628 (-9.609986805345706, 1.0, 3.291823542059878)
21.639999999999628 (-9.560732339092871, 1.0, 3.443761209932377)
21.659999999999627 (-9.499726100942988, 1.0, 3.5995864434361775)
21.679999999999627 (-9.42649773539096, 1.0, 3.7588471379646755)
21.699999999999626 (-9.344855613183773, 1.0, 3.9169928481174416)
21.719999999999626 (-9.260620247791882, 1.0, 4.065780964880453)
21.739999999999625 (-9.178660861298777, 1.0, 4.200936872745219)
21.759999999999625 (-9.103176602346666, 1.0, 4.319921082830367)
21.779999999999625 (-9.035388541461817, 1.0, 4.422693832110983)
21.799999999999624 (-8.975497553309237, 1.0, 4.510818661484582)
21.819999999999624 (-8.923807797583382, 1.0, 4.585368978032263)
21.839999999999623 (-8.880876328240324, 1.0, 4.646815053742844)
21.859999999999623 (-8.847281209489669, 1.0, 4.695341180386009)
21.879999999999622 (-8.823583817948963, 1.0, 4.731021962599469)
21.899999999999622 (-8.8103722040418, 1.0, 4.753877850320264)
21.91999999999962 (-8.808271592730229, 1.0, 4.763837774492032)
21.93999999999962 (-8.81792746850527, 1.0, 4.7607267115258445)
21.95999999999962 (-8.83997390223496, 1.0, 4.744269214748878)
21.97999999999962 (-8.874989144305799, 1.0, 4.714089278020282)
21.99999999999962 (-8.923437992780281, 1.0, 4.6697062820399395)
22.01999999999962 (-8.985611488220334, 1.0, 4.610551357846376)
22.03999999999962 (-9.061584885805221, 1.0, 4.536023901375918)
22.05999999999962 (-9.15120226233977, 1.0, 4.4455951998397465)
22.079999999999618 (-9.252224607995263, 1.0, 4.3397328615302815)
22.099999999999618 (-9.358516184107906, 1.0, 4.22278642467445)
22.119999999999617 (-9.464744809644786, 1.0, 4.102092822160886)
22.139999999999617 (-9.567030789843278, 1.0, 3.984918883366783)
22.159999999999616 (-9.662264070008016, 1.0, 3.8783796304915144)
22.179999999999616 (-9.749079569388593, 1.0, 3.786176253755411)
22.199999999999616 (-9.826975625933414, 1.0, 3.7098258600369127)
22.219999999999615 (-9.896396837568165, 1.0, 3.6501809042425073)
22.239999999999615 (-9.957949867385144, 1.0, 3.6081586482274073)
22.259999999999614 (-10.011988908080076, 1.0, 3.584301698142758)
22.279999999999614 (-10.05865464632047, 1.0, 3.5788095037291803)
22.299999999999613 (-10.097925810707062, 1.0, 3.591576318879662)
22.319999999999613 (-10.129778436412204, 1.0, 3.622242546680809)
22.339999999999613 (-10.154220512488765, 1.0, 3.6702718073223513)
22.359999999999612 (-10.171248615792672, 1.0, 3.734984784916686)
22.37999999999961 (-10.180835409098737, 1.0, 3.815605239207427)
22.39999999999961 (-10.182927598360324, 1.0, 3.91131118341567)
22.41999999999961 (-10.17743588182317, 1.0, 4.02127277033738)
22.43999999999961 (-10.164223720202703, 1.0, 4.144677772507514)
22.45999999999961 (-10.143123143208559, 1.0, 4.28075350070654)
22.47999999999961 (-10.113904608553087, 1.0, 4.42878516927528)
22.49999999999961 (-10.076235005944271, 1.0, 4.588049070307248)
22.51999999999961 (-10.02967209316849, 1.0, 4.757786188808453)
22.53999999999961 (-9.9736290468035, 1.0, 4.937118379424889)
22.559999999999608 (-9.907320580632787, 1.0, 5.124875192047675)
22.579999999999607 (-9.830336162353781, 1.0, 5.317983078259592)
22.599999999999607 (-9.74790397515811, 1.0, 5.505644354119257)
22.619999999999607 (-9.665379797642734, 1.0, 5.678029312095026)
22.639999999999606 (-9.58798969865337, 1.0, 5.830223214339449)
22.659999999999606 (-9.519351399042758, 1.0, 5.96080170517055)
22.679999999999605 (-9.460649465422282, 1.0, 6.071692457519026)
22.699999999999605 (-9.412446892459023, 1.0, 6.166999397254641)
22.719999999999605 (-9.375058997802338, 1.0, 6.249900024068434)
22.739999999999604 (-9.348602550230499, 1.0, 6.322872168113935)
22.759999999999604 (-9.332844161125106, 1.0, 6.387798839106711)
22.779999999999603 (-9.327327446981757, 1.0, 6.446396169573759)
22.799999999999603 (-9.332452888856219, 1.0, 6.4995116625067215)
22.819999999999602 (-9.348761587404521, 1.0, 6.5462939668515014)
22.839999999999602 (-9.376747334806277, 1.0, 6.584844588493977)
22.8599999999996 (-9.416926937643296, 1.0, 6.613562825704443)
22.8799999999996 (-9.469806255852601, 1.0, 6.631550131408457)
22.8999999999996 (-9.535889916328616, 1.0, 6.638347544432147)
22.9199999999996 (-9.61562103992527, 1.0, 6.633821749211495)
22.9399999999996 (-9.709480458529468, 1.0, 6.617859938093582)
22.9599999999996 (-9.817957052085008, 1.0, 6.58995956468452)
22.9799999999996 (-9.941410211334777, 1.0, 6.549022497152947)
22.9999999999996 (-10.079943396023573, 1.0, 6.493355471640639)
23.019999999999598 (-10.233229968077222, 1.0, 6.420630554821143)
23.039999999999598 (-10.400333935506117, 1.0, 6.32794764098853)
23.059999999999597 (-10.579585686847278, 1.0, 6.212118589392865)
23.079999999999597 (-10.768610566204098, 1.0, 6.070130222467614)
23.099999999999596 (-10.964015197809193, 1.0, 5.898851490522543)
23.119999999999596 (-11.15774672617971, 1.0, 5.700171381480675)
23.139999999999596 (-11.342140978807027, 1.0, 5.4839482551446155)
23.159999999999595 (-11.512582396458285, 1.0, 5.260880583205406)
23.179999999999595 (-11.665984035301987, 1.0, 5.041105861353045)
23.199999999999594 (-11.804428238370212, 1.0, 4.831707576620859)
23.219999999999594 (-11.931313663780793, 1.0, 4.63511951147478)
23.239999999999593 (-12.048642740259497, 1.0, 4.452757803401399)
23.259999999999593 (-12.157826302519533, 1.0, 4.28537218475552)
23.279999999999593 (-12.259582700783001, 1.0, 4.13318060912487)
23.299999999999592 (-12.35415781103908, 1.0, 3.9961573101072276)
23.31999999999959 (-12.442629241489623, 1.0, 3.8748385985321745)
23.33999999999959 (-12.52810224477871, 1.0, 3.7702053087242398)
23.35999999999959 (-12.613424386918112, 1.0, 3.68233768674048)
23.37999999999959 (-12.700506300851782, 1.0, 3.6106795846112947)
23.39999999999959 (-12.790288314295973, 1.0, 3.554357610926525)
23.41999999999959 (-12.882956938534596, 1.0, 3.5124034990192836)
23.43999999999959 (-12.978245526929406, 1.0, 3.483914518618908)
23.45999999999959 (-13.075643210631426, 1.0, 3.4681355973357966)
23.47999999999959 (-13.174306515064602, 1.0, 3.466390205354046)
23.499999999999588 (-13.274839068675112, 1.0, 3.4827282976841034)
23.519999999999587 (-13.378354373619093, 1.0, 3.5131366057152955)
23.539999999999587 (-13.483007192155295, 1.0, 3.5516647024028867)
23.559999999999587 (-13.586924540730108, 1.0, 3.5973152225350646)
23.579999999999586 (-13.691978141225881, 1.0, 3.655187578983962)
23.599999999999586 (-13.799316525860986, 1.0, 3.725654500991671)
23.619999999999585 (-13.908765942202391, 1.0, 3.8086077832964933)
23.639999999999585 (-14.019106280496892, 1.0, 3.904061927580374)
23.659999999999584 (-14.128699188540406, 1.0, 4.012093513873487)
23.679999999999584 (-14.236468117199292, 1.0, 4.1329140815628085)
23.699999999999584 (-14.3415299577693, 1.0, 4.265635979398449)
23.719999999999583 (-14.439261432287449, 1.0, 4.4038479270613555)
23.739999999999583 (-14.525247186630297, 1.0, 4.539538353496775)
23.759999999999582 (-14.597584891594932, 1.0, 4.666902451054637)
23.779999999999582 (-14.655068047611667, 1.0, 4.781400543507597)
23.79999999999958 (-14.698265433729732, 1.0, 4.882089082513243)
23.81999999999958 (-14.729171111915505, 1.0, 4.969258198001103)
23.83999999999958 (-14.749091865176457, 1.0, 5.042892169539373)
23.85999999999958 (-14.759211939364864, 1.0, 5.102912486657366)
23.87999999999958 (-14.760711758646652, 1.0, 5.149030286973428)
23.89999999999958 (-14.754471477798317, 1.0, 5.180778612956848)
23.91999999999958 (-14.741127868199845, 1.0, 5.197621376089992)
23.93999999999958 (-14.721149188069502, 1.0, 5.1989664000694535)
23.959999999999578 (-14.694841839506493, 1.0, 5.184160917032474)
23.979999999999578 (-14.662348529330318, 1.0, 5.152543145567867)
23.999999999999577 (-14.623731621191753, 1.0, 5.103517729743176)
24.019999999999577 (-14.578982924015914, 1.0, 5.036581958960179)
24.039999999999576 (-14.528051879918175, 1.0, 4.951365777701341)
24.059999999999576 (-14.470823741574186, 1.0, 4.848658382408774)
24.079999999999576 (-14.407892636346979, 1.0, 4.734369300093629)
24.099999999999575 (-14.342467760436465, 1.0, 4.6158676354325365)
24.119999999999575 (-14.278344387770453, 1.0, 4.499504596905425)
24.139999999999574 (-14.219630546633944, 1.0, 4.391306298561943)
24.159999999999574 (-14.170159789332306, 1.0, 4.29616467982525)
24.179999999999573 (-14.131355005344014, 1.0, 4.215716693622962)
24.199999999999573 (-14.102797325678067, 1.0, 4.150697365548524)
24.219999999999573 (-14.085172210063234, 1.0, 4.1014512412503725)
24.239999999999572 (-14.07895399112604, 1.0, 4.068167973008869)
24.25999999999957 (-14.084156533827832, 1.0, 4.051077375743576)
24.27999999999957 (-14.10039003953277, 1.0, 4.050421521572123)
24.29999999999957 (-14.12687873399358, 1.0, 4.066403573816372)
24.31999999999957 (-14.162695240300145, 1.0, 4.099061276352175)
24.33999999999957 (-14.206804474328829, 1.0, 4.148280514935199)
24.35999999999957 (-14.258045296254174, 1.0, 4.213850775006817)
24.37999999999957 (-14.315151042737103, 1.0, 4.295499521847286)
24.39999999999957 (-14.376787034447172, 1.0, 4.39291511940177)
24.41999999999957 (-14.441569486302033, 1.0, 4.505762085182186)
24.439999999999568 (-14.510316147253672, 1.0, 4.6333915806040835)
24.459999999999567 (-14.58598394081963, 1.0, 4.77420946913679)
24.479999999999567 (-14.669368892364979, 1.0, 4.927020873080224)
24.499999999999567 (-14.759642027462226, 1.0, 5.0915015914169635)
24.519999999999566 (-14.8547860267679, 1.0, 5.267681968826545)
24.539999999999566 (-14.951389104022615, 1.0, 5.455501992798267)
24.559999999999565 (-15.046298587388701, 1.0, 5.654694212493957)
24.579999999999565 (-15.133591147166197, 1.0, 5.853282432418095)
24.599999999999564 (-15.206881693782659, 1.0, 6.038195173126179)
24.619999999999564 (-15.265825081903891, 1.0, 6.201707688072434)
24.639999999999564 (-15.313593493013661, 1.0, 6.342722145476362)
24.659999999999563 (-15.35389859911322, 1.0, 6.462574184831836)
24.679999999999563 (-15.388393279058086, 1.0, 6.562092994823595)
24.699999999999562 (-15.418689249712957, 1.0, 6.64251610609832)
24.719999999999562 (-15.447294164814794, 1.0, 6.705986493178097)
24.73999999999956 (-15.476084344941846, 1.0, 6.754131919640122)
24.75999999999956 (-15.506122344875582, 1.0, 6.78797232392497)
24.77999999999956 (-15.538248258746211, 1.0, 6.80875921011487)
24.79999999999956 (-15.574034570505022, 1.0, 6.818547580651814)
24.81999999999956 (-15.61472365721655, 1.0, 6.817604525942071)
24.83999999999956 (-15.660056201849024, 1.0, 6.804813994924885)
24.85999999999956 (-15.709196892565085, 1.0, 6.778330351172931)
24.87999999999956 (-15.761472453601842, 1.0, 6.736614043026848)
24.899999999999558 (-15.816632282695574, 1.0, 6.678860747120638)
24.919999999999558 (-15.87479294387072, 1.0, 6.604581541571868)
24.939999999999557 (-15.935917530153413, 1.0, 6.513033808856181)
24.959999999999557 (-15.999490490817069, 1.0, 6.403096704378186)
24.979999999999556 (-16.064378807318835, 1.0, 6.273328115519542)
24.999999999999556 (-16.128640912115415, 1.0, 6.122031933172657)
25.019999999999555 (-16.18925698603342, 1.0, 5.94736584946957)
25.039999999999555 (-16.240865645240568, 1.0, 5.747232989220242)
25.059999999999555 (-16.27865673791663, 1.0, 5.52107125211247)
25.079999999999554 (-16.299777646914368, 1.0, 5.2693768924129865)
25.099999999999554 (-16.300130230660738, 1.0, 4.993110178511166)
25.119999999999553 (-16.275404559055865, 1.0, 4.69819052256239)
25.139999999999553 (-16.22652970076309, 1.0, 4.397390537967924)
25.159999999999553 (-16.158703527550227, 1.0, 4.102381367856091)
25.179999999999552 (-16.078178303617385, 1.0, 3.822821619527927)
25.19999999999955 (-15.992671588596366, 1.0, 3.5622127979550964)
25.21999999999955 (-15.907599712969045, 1.0, 3.319740516316633)
25.23999999999955 (-15.82604254872896, 1.0, 3.0945162442046437)
25.25999999999955 (-15.750038902657026, 1.0, 2.8858289478268784)
25.27999999999955 (-15.680775089608167, 1.0, 2.6930773210875696)
25.29999999999955 (-15.6188200774491, 1.0, 2.515808317282205)
25.31999999999955 (-15.564401326808166, 1.0, 2.353641099185393)
25.33999999999955 (-15.517519341021277, 1.0, 2.2062277601160782)
25.35999999999955 (-15.477989972233242, 1.0, 2.0732945690557707)
25.379999999999548 (-15.446155565567029, 1.0, 1.9542261126880085)
25.399999999999547 (-15.423758057382706, 1.0, 1.8470005584089129)
25.419999999999547 (-15.41217288496541, 1.0, 1.749255466775004)
25.439999999999547 (-15.411838716875605, 1.0, 1.659267291486407)
25.459999999999546 (-15.423977306068169, 1.0, 1.5773215890379653)
25.479999999999546 (-15.452878133357087, 1.0, 1.5054083091569304)
25.499999999999545 (-15.498349020446941, 1.0, 1.4407555259147138)
25.519999999999545 (-15.560017752844287, 1.0, 1.380596120424031)
25.539999999999544 (-15.637527627151508, 1.0, 1.3225157306476116)
25.559999999999544 (-15.725423358550273, 1.0, 1.2662820267277846)
25.579999999999544 (-15.818639389268732, 1.0, 1.2141347711944213)
25.599999999999543 (-15.92111643874208, 1.0, 1.169105430111646)
25.619999999999543 (-16.033944913816377, 1.0, 1.131626387997459)
25.639999999999542 (-16.156867863531993, 1.0, 1.101944099525805)
25.659999999999542 (-16.28963401111986, 1.0, 1.08047380073654)
25.67999999999954 (-16.432284818908457, 1.0, 1.0672966393388725)
25.69999999999954 (-16.58546028604675, 1.0, 1.061935508712973)
25.71999999999954 (-16.749646500404634, 1.0, 1.0639344051236816)
25.73999999999954 (-16.91721077731015, 1.0, 1.0718138179850598)
25.75999999999954 (-17.076459795733903, 1.0, 1.0858607995728908)
25.77999999999954 (-17.219122897760272, 1.0, 1.1066310774678354)
25.79999999999954 (-17.341684470547793, 1.0, 1.1342257399144442)
25.81999999999954 (-17.44451226240567, 1.0, 1.1677397149051323)
25.839999999999538 (-17.52879651521467, 1.0, 1.2053642798037254)
25.859999999999538 (-17.594891934966604, 1.0, 1.2457943820851123)
25.879999999999537 (-17.642822660997716, 1.0, 1.288183704877787)
25.899999999999537 (-17.672758214394477, 1.0, 1.3317719898280986)
25.919999999999536 (-17.685288010605, 1.0, 1.3752185476662573)
25.939999999999536 (-17.680364006727803, 1.0, 1.4171768596591525)
25.959999999999535 (-17.657764999216504, 1.0, 1.4566769199563447)
25.979999999999535 (-17.617251865749473, 1.0, 1.4929142265507598)
25.999999999999535 (-17.55862205325567, 1.0, 1.5251647474491055)
26.019999999999534 (-17.48175615001203, 1.0, 1.5527577106619541)
26.039999999999534 (-17.386684908335678, 1.0, 1.5750495642680753)
26.059999999999533 (-17.276275560149664, 1.0, 1.5933994404479774)
26.079999999999533 (-17.157585255762612, 1.0, 1.6096524696418224)
26.099999999999532 (-17.03830490617897, 1.0, 1.6242529015853697)
26.119999999999532 (-16.925761502230134, 1.0, 1.6368819929605956)
26.13999999999953 (-16.82663821356724, 1.0, 1.6472214412017452)
26.15999999999953 (-16.744996839474144, 1.0, 1.655560943179927)
26.17999999999953 (-16.68216201431333, 1.0, 1.6630910124604765)
26.19999999999953 (-16.638276354691047, 1.0, 1.6716580338527705)
26.21999999999953 (-16.613875059803348, 1.0, 1.6824677094891485)
26.23999999999953 (-16.609230083103757, 1.0, 1.6960057421542847)
26.25999999999953 (-16.62419299518056, 1.0, 1.713103552622922)
26.27999999999953 (-16.658264051237953, 1.0, 1.7349827258829014)
26.299999999999528 (-16.71085438749609, 1.0, 1.7626836961111234)
26.319999999999528 (-16.780965719434104, 1.0, 1.7975751835173592)
26.339999999999527 (-16.867369272200566, 1.0, 1.8408236044628723)
26.359999999999527 (-16.968659736090117, 1.0, 1.8935871932363604)
26.379999999999526 (-17.08496339246333, 1.0, 1.9544490182678709)
26.399999999999526 (-17.21645656217379, 1.0, 2.020393176438423)
26.419999999999526 (-17.36242662594707, 1.0, 2.090353292023946)
26.439999999999525 (-17.52206614668065, 1.0, 2.1642304484998287)
26.459999999999525 (-17.694375882032, 1.0, 2.242528195829544)
26.479999999999524 (-17.87801500486821, 1.0, 2.3262985176099416)
26.499999999999524 (-18.07012879269035, 1.0, 2.4175774650513366)
26.519999999999524 (-18.26750346824973, 1.0, 2.518419043310229)
26.539999999999523 (-18.467760421689807, 1.0, 2.627225521287394)
26.559999999999523 (-18.667108165810603, 1.0, 2.7391632176809373)
26.579999999999522 (-18.853190633865157, 1.0, 2.8472978246384386)
26.599999999999522 (-19.01583234831048, 1.0, 2.9458246357679543)
26.61999999999952 (-19.151665445992588, 1.0, 3.032458529727024)
26.63999999999952 (-19.260958418487032, 1.0, 3.1067815192483192)
26.65999999999952 (-19.34566260540739, 1.0, 3.1687783785001806)
26.67999999999952 (-19.410206192923052, 1.0, 3.218044565912983)
26.69999999999952 (-19.45896545809854, 1.0, 3.254524740184007)
26.71999999999952 (-19.494532593221706, 1.0, 3.2781392249296317)
26.73999999999952 (-19.518735317577665, 1.0, 3.2890688052036636)
26.75999999999952 (-19.533644202752455, 1.0, 3.287651133418144)
26.779999999999518 (-19.542439573851045, 1.0, 3.27450475310102)
26.799999999999518 (-19.548794623783618, 1.0, 3.2503344054604466)
26.819999999999517 (-19.55450136286687, 1.0, 3.2152236685959896)
26.839999999999517 (-19.559110045279766, 1.0, 3.1685564960459285)
26.859999999999516 (-19.561190342338893, 1.0, 3.1094238385732016)
26.879999999999516 (-19.55921024367259, 1.0, 3.0369344228165596)
26.899999999999515 (-19.55172184890949, 1.0, 2.9502495273788707)
26.919999999999515 (-19.537514288716636, 1.0, 2.848731124079814)
26.939999999999515 (-19.51567887420275, 1.0, 2.731834601512543)
26.959999999999514 (-19.48491255753901, 1.0, 2.5989733691436734)
26.979999999999514 (-19.443234166065903, 1.0, 2.449696290738907)
26.999999999999513 (-19.387909365720997, 1.0, 2.2838841621772423)
27.019999999999513 (-19.31506754550544, 1.0, 2.102043386830571)
27.039999999999512 (-19.218275887140976, 1.0, 1.9063076308644142)
27.059999999999512 (-19.093867880195756, 1.0, 1.699274101338829)
27.07999999999951 (-18.9403899077759, 1.0, 1.4830414111093546)
27.09999999999951 (-18.75406668952601, 1.0, 1.2617280972358873)
27.11999999999951 (-18.53568160562449, 1.0, 1.0443294281567375)
27.13999999999951 (-18.29454755345456, 1.0, 0.8398956977660053)
27.15999999999951 (-18.041817312538683, 1.0, 0.6541838484805377)
27.17999999999951 (-17.78836835165173, 1.0, 0.4905784978786822)
27.19999999999951 (-17.542521167520977, 1.0, 0.34667917464659204)
27.21999999999951 (-17.308511008032422, 1.0, 0.21780924476007224)
27.239999999999508 (-17.08855430365652, 1.0, 0.10054332545648563)
27.259999999999508 (-16.884032737526528, 1.0, -0.007665742840815282)
27.279999999999507 (-16.6956262141916, 1.0, -0.10868986603419824)
27.299999999999507 (-16.523511451498354, 1.0, -0.20378542744175085)
27.319999999999506 (-16.367541093886548, 1.0, -0.29375924244476714)
27.339999999999506 (-16.2273784523959, 1.0, -0.37907296655226685)
27.359999999999506 (-16.10260230503841, 1.0, -0.4599395173783755)
27.379999999999505 (-15.99278374207115, 1.0, -0.5364291073591709)
27.399999999999505 (-15.897535022285528, 1.0, -0.6085758669364446)
27.419999999999504 (-15.816513977812612, 1.0, -0.676457639355317)
27.439999999999504 (-15.749431563610473, 1.0, -0.7402193945819123)
27.459999999999503 (-15.696066294688142, 1.0, -0.8001070280446431)
27.479999999999503 (-15.656236810388048, 1.0, -0.8566110709993731)
27.499999999999503 (-15.629640787783314, 1.0, -0.912032851023705)
27.519999999999502 (-15.615667648247332, 1.0, -0.9693603160726577)
27.5399999999995 (-15.61655990233663, 1.0, -1.0319998101600005)
27.5599999999995 (-15.631743993865403, 1.0, -1.1013350549110572)
27.5799999999995 (-15.656772155867953, 1.0, -1.17306605082681)
27.5999999999995 (-15.68923864894361, 1.0, -1.2443469206377482)
27.6199999999995 (-15.73383762568256, 1.0, -1.3175030130616787)
27.6399999999995 (-15.791252652092343, 1.0, -1.3937482560673942)
27.6599999999995 (-15.861112253045846, 1.0, -1.4734514090897048)
27.6799999999995 (-15.943411685141141, 1.0, -1.5577101662448072)
27.6999999999995 (-16.038183192241878, 1.0, -1.647861688212098)
27.719999999999498 (-16.145722404884204, 1.0, -1.7445268601432917)
27.739999999999498 (-16.263500799804884, 1.0, -1.8451341356038655)
27.759999999999497 (-16.383917135297956, 1.0, -1.9416406857152397)
27.779999999999497 (-16.500053642579882, 1.0, -2.0251855512529193)
27.799999999999496 (-16.607492291527187, 1.0, -2.0901127380447746)
27.819999999999496 (-16.70550772831372, 1.0, -2.135602467177022)
27.839999999999495 (-16.793530604620077, 1.0, -2.1637654590342326)
27.859999999999495 (-16.87088465245289, 1.0, -2.1762836898997344)
27.879999999999495 (-16.93689187371477, 1.0, -2.174071884498096)
27.899999999999494 (-16.990886721073345, 1.0, -2.1576037132955403)
27.919999999999494 (-17.032158778030862, 1.0, -2.1271305210326177)
27.939999999999493 (-17.060028555337293, 1.0, -2.0829648628419553)
27.959999999999493 (-17.07401426151047, 1.0, -2.026430825290234)
27.979999999999492 (-17.073182698679403, 1.0, -1.9588131633556012)
27.999999999999492 (-17.05679974383394, 1.0, -1.8810540790102523)
28.01999999999949 (-17.024277474155483, 1.0, -1.7940975266297887)
28.03999999999949 (-16.97683945482016, 1.0, -1.6991085031365956)
28.05999999999949 (-16.91957698800158, 1.0, -1.5986838147083071)
28.07999999999949 (-16.858234569971106, 1.0, -1.4970158605163875)
28.09999999999949 (-16.798139655350234, 1.0, -1.3989300454884062)
28.11999999999949 (-16.74412350825091, 1.0, -1.3094314910019416)
28.13999999999949 (-16.700665842256523, 1.0, -1.2327341445636417)
28.15999999999949 (-16.669812542221937, 1.0, -1.1696199653920492)
28.179999999999488 (-16.65324421062808, 1.0, -1.1189622133230077)
28.199999999999488 (-16.652456923670393, 1.0, -1.0794267538299793)
28.219999999999487 (-16.66864563417788, 1.0, -1.0501711044291964)
28.239999999999487 (-16.702415372409842, 1.0, -1.0304877535708965)
28.259999999999486 (-16.75427246182635, 1.0, -1.019161238097887)
28.279999999999486 (-16.824646519388388, 1.0, -1.014449911038877)
28.299999999999486 (-16.913699795991924, 1.0, -1.0147433597741964)
28.319999999999485 (-17.021410698889504, 1.0, -1.0179067036613216)
28.339999999999485 (-17.147363143581632, 1.0, -1.0224560062708328)
28.359999999999484 (-17.290428600561725, 1.0, -1.0300407469715032)
28.379999999999484 (-17.44901658921745, 1.0, -1.0416716298117439)
28.399999999999483 (-17.622000255106684, 1.0, -1.0569940310133643)
28.419999999999483 (-17.808549728957566, 1.0, -1.0751464375765658)
28.439999999999483 (-18.00797273015951, 1.0, -1.0949753384393823)
28.459999999999482 (-18.219601957660647, 1.0, -1.1151264151254887)
28.47999999999948 (-18.441721096849044, 0.9999423611707481, -1.1323486171070603)
28.49999999999948 (-18.676250153009793, 0.999833950676573, -1.1461554293308163)
28.51999999999948 (-18.925052073755282, 0.9997864137635161, -1.1579560093520356)
28.53999999999948 (-19.18276378162939, 0.9997779399552862, -1.1707807691969658)
28.55999999999948 (-19.431481128104625, 0.9997945681987597, -1.181960616071348)
28.57999999999948 (-19.65501119537443, 0.9998200502675383, -1.1874074371916905)
28.59999999999948 (-19.845793381305977, 0.9998466052469406, -1.1859283324142111)
28.61999999999948 (-20.00339131239855, 0.9998694741771562, -1.1779379691948135)
28.63999999999948 (-20.13112179818618, 0.9998871266124906, -1.165952052755932)
28.659999999999478 (-20.232642423553596, 0.9999001197946924, -1.1528980495613665)
28.679999999999477 (-20.310182844357207, 0.999909515904846, -1.1403354784348987)
28.699999999999477 (-20.366339497586733, 0.9999161278910009, -1.1299716862027718)
28.719999999999477 (-20.40450716507051, 0.999920495520881, -1.1234691720321617)
28.739999999999476 (-20.42627159325752, 0.9999230248537209, -1.1218459619128935)
28.759999999999476 (-20.431419939515013, 0.9999240256783359, -1.1252061270330702)
28.779999999999475 (-20.42089092509658, 0.9999236799895832, -1.1341272529331692)
28.799999999999475 (-20.397859367866808, 0.9999222331016209, -1.1495912381155826)
28.819999999999474 (-20.366279849002126, 0.9999199992994353, -1.172962921861756)
28.839999999999474 (-20.32726224201218, 0.9999172345490925, -1.2053202676660957)
28.859999999999474 (-20.27982082474536, 0.9999141235661867, -1.246959565999011)
28.879999999999473 (-20.222818760367435, 0.9999107893447776, -1.2979903653425324)
28.899999999999473 (-20.155122073948554, 0.9999073166391099, -1.358521472762111)
28.919999999999472 (-20.075313321326156, 0.9999037746974727, -1.4285874684201376)
28.939999999999472 (-19.98144265427302, 0.9999002314097732, -1.5079663448234293)
28.95999999999947 (-19.871368504307906, 0.9998967582052262, -1.5960556610965564)
28.97999999999947 (-19.74313183086463, 0.9998934196514718, -1.6920019321704336)
28.99999999999947 (-19.594300095887416, 0.9998903130921651, -1.794357637930067)
29.01999999999947 (-19.421451203631722, 0.99988766899681, -1.9001316366637238)
29.03999999999947 (-19.22025606486678, 0.9998859667455716, -2.0036024404902877)
29.05999999999947 (-18.989827334035162, 0.999885411717139, -2.1015517874215504)
29.07999999999947 (-18.73015163587713, 0.999886167332646, -2.191555322623434)
29.09999999999947 (-18.44018697609001, 0.9998887312660368, -2.2676818692303495)
29.119999999999468 (-18.128833431590593, 0.9998936415913128, -2.322973078394011)
29.139999999999468 (-17.80938336208438, 0.9999007283655602, -2.3565826704956563)
29.159999999999467 (-17.493284019691924, 0.999909485322571, -2.3691514634591333)
29.179999999999467 (-17.18997603054873, 0.9999190630668906, -2.3638284895045487)
29.199999999999466 (-16.904314559377628, 0.9999283066065641, -2.346809843002958)
29.219999999999466 (-16.636896827565877, 0.9999362696209991, -2.323801391555487)
29.239999999999466 (-16.387791591977273, 0.9999424761335144, -2.298925868782385)
29.259999999999465 (-16.156672087465672, 0.9999468467706516, -2.275240747404621)
29.279999999999465 (-15.942988640666327, 0.9999496233918286, -2.2547570011512783)
29.299999999999464 (-15.746125634029655, 0.9999512178329389, -2.2386560107900673)
29.319999999999464 (-15.565461379200208, 0.9999520679652376, -2.2275366703708444)
29.339999999999463 (-15.400413804816846, 0.9999525477105419, -2.2215903689892618)
29.359999999999463 (-15.25047159233091, 0.9999529148003691, -2.2207473291081716)
29.379999999999463 (-15.11519290194161, 0.9999532875315484, -2.2248125013378126)
29.399999999999462 (-14.994184761695129, 0.9999536502379703, -2.2335734144487445)
29.41999999999946 (-14.887084215589814, 0.99995388110724, -2.246879484663969)
29.43999999999946 (-14.793531128023698, 0.9999537929155117, -2.2646918356545744)
29.45999999999946 (-14.713153879055927, 0.9999531838000252, -2.287086256980099)
29.47999999999946 (-14.645577698135993, 0.9999518771670542, -2.3142452978057824)
29.49999999999946 (-14.590435357283773, 0.999949747157328, -2.346435466264595)
29.51999999999946 (-14.547387366698365, 0.9999467266076779, -2.383977224648591)
29.53999999999946 (-14.515927226544678, 0.9999427848405478, -2.4274880205363236)
29.55999999999946 (-14.494980879857437, 0.9999378884838483, -2.47826992568539)
29.57999999999946 (-14.48327044347815, 0.9999320170800036, -2.5377114501360385)
29.599999999999458 (-14.480247844973839, 0.9999251843195469, -2.606348569597316)
29.619999999999457 (-14.485817976347452, 0.9999174024681341, -2.6843399387063362)
29.639999999999457 (-14.500167947100094, 0.9999086740864206, -2.77162935509557)
29.659999999999457 (-14.523510424180959, 0.9998990077524939, -2.868121938776852)
29.679999999999456 (-14.555715972877902, 0.9998884483580913, -2.9741472823236994)
29.699999999999456 (-14.596336814631872, 0.9998770245914399, -3.090644054750551)
29.719999999999455 (-14.64509113692744, 0.999864712541476, -3.2185307573902566)
29.739999999999455 (-14.701881939181602, 0.9998515383505967, -3.3569807600158015)
29.759999999999454 (-14.764094776955764, 0.9998381530820091, -3.497279967558932)
29.779999999999454 (-14.829793574292193, 0.99982554764313, -3.627365124592367)
29.799999999999454 (-14.897995095845209, 0.9998144926338414, -3.7391772299350357)
29.819999999999453 (-14.968084278784046, 0.9998054166648344, -3.8295678387859327)
29.839999999999453 (-15.038909373991729, 0.999798468049052, -3.8991580560834396)
29.859999999999452 (-15.108841283336476, 0.9997937215107525, -3.9494957096960683)
29.879999999999452 (-15.176569605160543, 0.9997912883205048, -3.981256751869895)
29.89999999999945 (-15.241114641185797, 0.9997912612369977, -3.9947050893128426)
29.91999999999945 (-15.301639447982248, 0.9997936980144053, -3.989827365553442)
29.93999999999945 (-15.357359580451183, 0.9997986107475746, -3.9664624559786774)
29.95999999999945 (-15.407458328666431, 0.9998059127958838, -3.9250592599423606)
29.97999999999945 (-15.450468024862861, 0.9998154254252815, -3.866858676447145)
29.99999999999945 (-15.48491272854073, 0.9998269698593819, -3.7926360760486126)
