0.0 (-6.75, 1.0, 0.0)
0.02 (-6.7502584426455865, 1.0, -0.0017460918985265522)
0.04 (-6.756298612919945, 1.0, 0.0010534642668087288)
0.06 (-6.773334615698301, 1.0, 0.015405334867756575)
0.08 (-6.803357124681182, 1.0, 0.02194608199936634)
0.1 (-6.856284653773771, 1.0, -0.008189599644954451)
0.12000000000000001 (-6.924564967413773, 1.0, -0.08135528549689591)
0.14 (-6.990632663113976, 1.0, -0.19388073443040976)
0.16 (-7.0395378051654225, 1.0, -0.3487778618076034)
0.18 (-7.0642083682800685, 1.0, -0.5473999270164827)
0.19999999999999998 (-7.069489850634014, 1.0, -0.7820322879374674)
0.21999999999999997 (-7.069202210051528, 1.0, -1.0444133878182613)
0.23999999999999996 (-7.087394389366903, 1.0, -1.29141186386802)
0.25999999999999995 (-7.135018278289551, 1.0, -1.500352785704926)
0.27999999999999997 (-7.2003212190576305, 1.0, -1.6750272938248159)
0.3 (-7.266709136462218, 1.0, -1.8182491617753267)
0.32 (-7.326812051789995, 1.0, -1.9355737316446906)
0.34 (-7.381323533677189, 1.0, -2.038142891882359)
0.36000000000000004 (-7.436788330362321, 1.0, -2.1290118334230543)
0.38000000000000006 (-7.497321456328178, 1.0, -2.2084901696715553)
0.4000000000000001 (-7.563588646756536, 1.0, -2.2787901303599134)
0.4200000000000001 (-7.6357537519387755, 1.0, -2.341835757456405)
0.4400000000000001 (-7.713545844711135, 1.0, -2.3981452780854173)
0.46000000000000013 (-7.795383810988264, 1.0, -2.44747720057137)
0.48000000000000015 (-7.8799361691970455, 1.0, -2.4896758857387797)
0.5000000000000001 (-7.966254652465594, 1.0, -2.5245262515169204)
0.5200000000000001 (-8.053209456180243, 1.0, -2.551958794129193)
0.5400000000000001 (-8.138774485856768, 1.0, -2.5721598009551236)
0.5600000000000002 (-8.22114188178216, 1.0, -2.5849011213624262)
0.5800000000000002 (-8.299108583575041, 1.0, -2.5897157469525647)
0.6000000000000002 (-8.37177240016674, 1.0, -2.5862594696270387)
0.6200000000000002 (-8.438375868836394, 1.0, -2.574365060410962)
0.6400000000000002 (-8.498258976468708, 1.0, -2.5539995771214263)
0.6600000000000003 (-8.550623661073024, 1.0, -2.525131330645397)
0.6800000000000003 (-8.594633666953198, 1.0, -2.487632437613408)
0.7000000000000003 (-8.631081227935786, 1.0, -2.441409126313595)
0.7200000000000003 (-8.66218235617846, 1.0, -2.386775500391601)
0.7400000000000003 (-8.690705053076796, 1.0, -2.3245022684761767)
0.7600000000000003 (-8.719572824691117, 1.0, -2.255613280009914)
0.7800000000000004 (-8.751483598889196, 1.0, -2.1813987415584633)
0.8000000000000004 (-8.787873456594381, 1.0, -2.1110664569216233)
0.8200000000000004 (-8.827669232893612, 1.0, -2.051635935918609)
0.8400000000000004 (-8.868177916173773, 1.0, -2.005499243220656)
0.8600000000000004 (-8.906429345876212, 1.0, -1.9734456013561286)
0.8800000000000004 (-8.943073227836136, 1.0, -1.953693066662584)
0.9000000000000005 (-8.977377110221992, 1.0, -1.9443103222402198)
0.9200000000000005 (-9.008040439108207, 1.0, -1.9431718990742834)
0.9400000000000005 (-9.03386327579822, 1.0, -1.9486019819801375)
0.9600000000000005 (-9.05396516765913, 1.0, -1.9594689486909358)
0.9800000000000005 (-9.067808848913122, 1.0, -1.9749302536129056)
1.0000000000000004 (-9.075116362056546, 1.0, -1.9944270786133411)
1.0200000000000005 (-9.07533182460898, 1.0, -2.017936468926738)
1.0400000000000005 (-9.0674447663617, 1.0, -2.0454145754937065)
1.0600000000000005 (-9.049834053279564, 1.0, -2.0754731627813072)
1.0800000000000005 (-9.02283408516401, 1.0, -2.101052473503162)
1.1000000000000005 (-8.988742166464089, 1.0, -2.117319281387071)
1.1200000000000006 (-8.950254640668442, 1.0, -2.1219173923715924)
1.1400000000000006 (-8.90933161751106, 1.0, -2.1147398472221814)
1.1600000000000006 (-8.857902008361016, 1.0, -2.101455461235789)
1.1800000000000006 (-8.802286503779888, 1.0, -2.0793625355474377)
1.2000000000000006 (-8.747292827809146, 1.0, -2.052006926484099)
1.2200000000000006 (-8.694096076796807, 1.0, -2.024286135790951)
1.2400000000000007 (-8.641583511105738, 1.0, -1.9991930726248874)
1.2600000000000007 (-8.599183164382936, 1.0, -1.9824588429051848)
1.2800000000000007 (-8.56470100375244, 1.0, -1.9805015558745989)
1.3000000000000007 (-8.527445052352876, 1.0, -1.9870044483954332)
1.3200000000000007 (-8.485564064189969, 1.0, -2.002263296478023)
1.3400000000000007 (-8.44162367834872, 1.0, -2.0230735611174135)
1.3600000000000008 (-8.398042189039174, 1.0, -2.046257442934578)
1.3800000000000008 (-8.360118732456957, 1.0, -2.0687268106190766)
1.4000000000000008 (-8.330772382158884, 1.0, -2.088342237309014)
1.4200000000000008 (-8.31036923292979, 1.0, -2.1049759829168506)
1.4400000000000008 (-8.299181861645714, 1.0, -2.1192983621219823)
1.4600000000000009 (-8.298010452807716, 1.0, -2.1310920641820466)
1.4800000000000009 (-8.305708362708186, 1.0, -2.1388328936336483)
1.5000000000000009 (-8.318193748948287, 1.0, -2.140030792686123)
1.520000000000001 (-8.33209400086045, 1.0, -2.132697983933169)
1.540000000000001 (-8.344781951903212, 1.0, -2.115230383840427)
1.560000000000001 (-8.3543514886347, 1.0, -2.086404828728098)
1.580000000000001 (-8.35949203374429, 1.0, -2.045389652056608)
1.600000000000001 (-8.359353035857849, 1.0, -1.9916336196746298)
1.620000000000001 (-8.35339917337425, 1.0, -1.9247229822945304)
1.640000000000001 (-8.341083386777347, 1.0, -1.844133940381433)
1.660000000000001 (-8.322003318743034, 1.0, -1.748962116604078)
1.680000000000001 (-8.297906323670437, 1.0, -1.6381474674074532)
1.700000000000001 (-8.272875100102562, 1.0, -1.5133037759097456)
1.720000000000001 (-8.250183729790844, 1.0, -1.3852432997335262)
1.740000000000001 (-8.23056545723195, 1.0, -1.260590009348098)
1.7600000000000011 (-8.213690939826114, 1.0, -1.139052045458079)
1.7800000000000011 (-8.199615305785237, 1.0, -1.0189194890950393)
1.8000000000000012 (-8.187947653819593, 1.0, -0.9011170253283466)
1.8200000000000012 (-8.178453475408483, 1.0, -0.7870653758808315)
1.8400000000000012 (-8.171107211367024, 1.0, -0.6780337588615472)
1.8600000000000012 (-8.16563832974549, 1.0, -0.5754272790483602)
1.8800000000000012 (-8.161370708545705, 1.0, -0.4808093898998639)
1.9000000000000012 (-8.157147551128809, 1.0, -0.3960978937716297)
1.9200000000000013 (-8.150264501441287, 1.0, -0.3243333218360437)
1.9400000000000013 (-8.138170587954908, 1.0, -0.2681754539806026)
1.9600000000000013 (-8.119247500214088, 1.0, -0.22903360145495744)
1.9800000000000013 (-8.092566660105277, 1.0, -0.20756021343241335)
2.0000000000000013 (-8.057767797907285, 1.0, -0.20396008508107327)
2.0200000000000014 (-8.014984065569305, 1.0, -0.21810211558216955)
2.0400000000000014 (-7.964873253340601, 1.0, -0.24951184770661267)
2.0600000000000014 (-7.909094851884741, 1.0, -0.2971767071089378)
2.0800000000000014 (-7.85044919059666, 1.0, -0.3591603415604091)
2.1000000000000014 (-7.793677393609689, 1.0, -0.43079751833857194)
2.1200000000000014 (-7.74376991834254, 1.0, -0.50582007014178)
2.1400000000000015 (-7.703886994246022, 1.0, -0.5777235880720833)
2.1600000000000015 (-7.672190856625692, 1.0, -0.6404700278144041)
2.1800000000000015 (-7.645661711021201, 1.0, -0.6979604664544391)
2.2000000000000015 (-7.62469722245111, 1.0, -0.7508722632990399)
2.2200000000000015 (-7.6112506408722, 1.0, -0.7915259853629077)
2.2400000000000015 (-7.602868185883493, 1.0, -0.8163259714854022)
2.2600000000000016 (-7.597195058756377, 1.0, -0.8259526784836811)
2.2800000000000016 (-7.590147941800525, 1.0, -0.8260798415833839)
2.3000000000000016 (-7.581208489879455, 1.0, -0.8222727247074358)
2.3200000000000016 (-7.572351246304659, 1.0, -0.8179570825543369)
2.3400000000000016 (-7.565655090330748, 1.0, -0.8147702845284458)
2.3600000000000017 (-7.562559624152492, 1.0, -0.8137903183092303)
2.3800000000000017 (-7.563957349468651, 1.0, -0.8157745300162356)
2.4000000000000017 (-7.570439845162221, 1.0, -0.8211047066761765)
2.4200000000000017 (-7.582421029068761, 1.0, -0.8297498012864729)
2.4400000000000017 (-7.600215997128284, 1.0, -0.8412792518837202)
2.4600000000000017 (-7.624128042330605, 1.0, -0.854899640801957)
2.4800000000000018 (-7.6545246830089715, 1.0, -0.8695093694387689)
2.5000000000000018 (-7.691897322194919, 1.0, -0.8837628775185151)
2.520000000000002 (-7.736205553800557, 1.0, -0.8957862796265161)
2.540000000000002 (-7.7824383965364285, 1.0, -0.9008994069042451)
2.560000000000002 (-7.827295035357821, 1.0, -0.8958729250976492)
2.580000000000002 (-7.869005435990469, 1.0, -0.8794625371257635)
2.600000000000002 (-7.906834229217652, 1.0, -0.8511109316528006)
2.620000000000002 (-7.940482041601531, 1.0, -0.810979378958049)
2.640000000000002 (-7.96967784180458, 1.0, -0.7588771046025372)
2.660000000000002 (-7.994284391275953, 1.0, -0.6944001655993867)
2.680000000000002 (-8.015688725477702, 1.0, -0.6173863664273355)
2.700000000000002 (-8.037186473855593, 1.0, -0.5284191524666222)
2.720000000000002 (-8.062753312455637, 1.0, -0.42863928613235486)
2.740000000000002 (-8.092343199871381, 1.0, -0.32882996789119795)
2.760000000000002 (-8.12407974969206, 1.0, -0.23660533103884537)
2.780000000000002 (-8.154780474848895, 1.0, -0.15480447934220926)
2.800000000000002 (-8.183711458104405, 1.0, -0.08091346781602506)
2.820000000000002 (-8.210405980449979, 1.0, -0.013835761218023386)
2.840000000000002 (-8.234129026260174, 1.0, 0.04686071501311088)
2.860000000000002 (-8.254715860916416, 1.0, 0.10124081829740249)
2.880000000000002 (-8.27169545511726, 1.0, 0.14911164585642142)
2.900000000000002 (-8.28407114091837, 1.0, 0.19014196208995693)
2.920000000000002 (-8.2909427982439, 1.0, 0.22425175691183705)
2.940000000000002 (-8.291712392090464, 1.0, 0.2514528061097662)
2.960000000000002 (-8.28598130662279, 1.0, 0.2717359682358664)
2.980000000000002 (-8.273508094589346, 1.0, 0.285169478384012)
3.000000000000002 (-8.254227914415239, 1.0, 0.2919648579519081)
3.0200000000000022 (-8.228356910106836, 1.0, 0.2925355927916255)
3.0400000000000023 (-8.196411590769749, 1.0, 0.2873453982800666)
3.0600000000000023 (-8.159264320328033, 1.0, 0.277031821122183)
3.0800000000000023 (-8.118134186738535, 1.0, 0.262227065353294)
3.1000000000000023 (-8.074221995639924, 1.0, 0.2436616071077763)
3.1200000000000023 (-8.027708703123011, 1.0, 0.22254675191070925)
3.1400000000000023 (-7.978069332117663, 1.0, 0.20062241703281286)
3.1600000000000024 (-7.933772775386748, 1.0, 0.1885091834754267)
3.1800000000000024 (-7.898209607192235, 1.0, 0.19254748228914426)
3.2000000000000024 (-7.870651692617319, 1.0, 0.21264813637386798)
3.2200000000000024 (-7.8504415711771784, 1.0, 0.24546812118730424)
3.2400000000000024 (-7.832421601699561, 1.0, 0.2837231068003622)
3.2600000000000025 (-7.81580580543393, 1.0, 0.3223051397952927)
3.2800000000000025 (-7.801467395478722, 1.0, 0.3586223764158454)
3.3000000000000025 (-7.790313774229431, 1.0, 0.3908973048295219)
3.3200000000000025 (-7.782767529527192, 1.0, 0.4178386801140324)
3.3400000000000025 (-7.778903356679856, 1.0, 0.438558330565889)
3.3600000000000025 (-7.778784191084453, 1.0, 0.4525547055325142)
3.3800000000000026 (-7.782599604268802, 1.0, 0.4597870497696546)
3.4000000000000026 (-7.790750005378134, 1.0, 0.4606407667504226)
3.4200000000000026 (-7.803760220349963, 1.0, 0.4557163779324145)
3.4400000000000026 (-7.821776475535977, 1.0, 0.44576988866350675)
3.4600000000000026 (-7.84495970780257, 1.0, 0.4317283101479832)
3.4800000000000026 (-7.873986876026128, 1.0, 0.414635990075193)
3.5000000000000027 (-7.9096531738631475, 1.0, 0.39585955278913854)
3.5200000000000027 (-7.950003657296182, 1.0, 0.380424132825935)
3.5400000000000027 (-7.993203953999834, 1.0, 0.372851777121558)
3.5600000000000027 (-8.038048513411718, 1.0, 0.37535536548517245)
3.5800000000000027 (-8.0837812460773, 1.0, 0.3890079267189725)
3.6000000000000028 (-8.129993250689877, 1.0, 0.41423385308188687)
3.6200000000000028 (-8.176457158882714, 1.0, 0.4511164496693265)
3.640000000000003 (-8.223026788621464, 1.0, 0.49961610329699974)
3.660000000000003 (-8.26969258790721, 1.0, 0.559675991592148)
3.680000000000003 (-8.31636194321604, 1.0, 0.6313999724944871)
3.700000000000003 (-8.362043049895748, 1.0, 0.7156214932489753)
3.720000000000003 (-8.40777956820494, 1.0, 0.8120009333957131)
3.740000000000003 (-8.456586009910536, 1.0, 0.9181970425031795)
3.760000000000003 (-8.507763669119546, 1.0, 1.0268679989944156)
3.780000000000003 (-8.556883401415819, 1.0, 1.1291197971930682)
3.800000000000003 (-8.600874108765172, 1.0, 1.2219755285530651)
3.820000000000003 (-8.640736419750082, 1.0, 1.308259282692348)
3.840000000000003 (-8.67709962985353, 1.0, 1.3891152378367249)
3.860000000000003 (-8.709403034934466, 1.0, 1.4652247055515106)
3.880000000000003 (-8.73690824332252, 1.0, 1.5368224473613836)
3.900000000000003 (-8.75877217807394, 1.0, 1.6039652267126971)
3.920000000000003 (-8.774135939931716, 1.0, 1.6666318522124615)
3.940000000000003 (-8.78223157775135, 1.0, 1.724863951205586)
3.960000000000003 (-8.782483113485492, 1.0, 1.778752205894422)
3.980000000000003 (-8.77451782245806, 1.0, 1.8284228432410417)
4.000000000000003 (-8.75817095826598, 1.0, 1.874043599666538)
4.020000000000002 (-8.733669725835076, 1.0, 1.9156776891126988)
4.040000000000002 (-8.701637257176467, 1.0, 1.9532891556783272)
4.060000000000001 (-8.662964691949028, 1.0, 1.9868102344156735)
4.080000000000001 (-8.6184842109255, 1.0, 2.0161323469531895)
4.1000000000000005 (-8.568770935528814, 1.0, 2.04131149302358)
4.12 (-8.5146253155417, 1.0, 2.0631688296219033)
4.14 (-8.456732246577229, 1.0, 2.083196539183411)
4.159999999999999 (-8.40138928047124, 1.0, 2.1046125956375024)
4.179999999999999 (-8.35917751978619, 1.0, 2.1333862937680874)
4.199999999999998 (-8.331016656663522, 1.0, 2.1716844880530983)
4.219999999999998 (-8.315603448310604, 1.0, 2.2183943879925647)
4.2399999999999975 (-8.308383518988673, 1.0, 2.2712292920844375)
4.259999999999997 (-8.303779057660647, 1.0, 2.326391873972193)
4.279999999999997 (-8.299881969423264, 1.0, 2.380151903676631)
4.299999999999996 (-8.296484858502069, 1.0, 2.4299452905739574)
4.319999999999996 (-8.293572922591425, 1.0, 2.4740889560138406)
4.339999999999995 (-8.290999999332387, 1.0, 2.51155106102572)
4.359999999999995 (-8.288694828616919, 1.0, 2.5417815441947003)
4.379999999999995 (-8.28688951345525, 1.0, 2.5645902550592)
4.399999999999994 (-8.286131495036122, 1.0, 2.5800804070419527)
4.419999999999994 (-8.287100837867504, 1.0, 2.5886274790780766)
4.439999999999993 (-8.290194471234512, 1.0, 2.5909642005596702)
4.459999999999993 (-8.295897506033008, 1.0, 2.5880639120298015)
4.479999999999992 (-8.30518667043366, 1.0, 2.5809334119652627)
4.499999999999992 (-8.319295806712123, 1.0, 2.5706588564019475)
4.519999999999992 (-8.339588671978907, 1.0, 2.558307672719061)
4.539999999999991 (-8.367557756549763, 1.0, 2.5448312220307727)
4.559999999999991 (-8.404860498789699, 1.0, 2.531013493913741)
4.57999999999999 (-8.451191652367891, 1.0, 2.522969975215201)
4.59999999999999 (-8.505257601397298, 1.0, 2.528216012394658)
4.6199999999999894 (-8.565807354419645, 1.0, 2.5492978073128074)
4.639999999999989 (-8.632023087381176, 1.0, 2.5865841102947167)
4.659999999999989 (-8.70348622370088, 1.0, 2.640040669610479)
4.679999999999988 (-8.781846514487416, 1.0, 2.7072785517871765)
4.699999999999988 (-8.869978063476616, 1.0, 2.7841561661477168)
4.719999999999987 (-8.96616222686792, 1.0, 2.8634972781901764)
4.739999999999987 (-9.062238741152894, 1.0, 2.9371123397271313)
4.7599999999999865 (-9.15370232490001, 1.0, 3.0031876436445555)
4.779999999999986 (-9.240698101235516, 1.0, 3.064014392207323)
4.799999999999986 (-9.323604613205326, 1.0, 3.1207761620937022)
4.819999999999985 (-9.401549206570602, 1.0, 3.1742452065078433)
4.839999999999985 (-9.474085466232168, 1.0, 3.2242967034967207)
4.859999999999984 (-9.540889825541624, 1.0, 3.2704618372225838)
4.879999999999984 (-9.601303248094217, 1.0, 3.312412269881693)
4.8999999999999835 (-9.654383047353129, 1.0, 3.3501149455684414)
4.919999999999983 (-9.698908696018147, 1.0, 3.3838782111297916)
4.939999999999983 (-9.73343099957677, 1.0, 3.4143174965504697)
4.959999999999982 (-9.756706540434063, 1.0, 3.4420076132297526)
4.979999999999982 (-9.767800315619763, 1.0, 3.4672981016230446)
4.999999999999981 (-9.766038297078952, 1.0, 3.4906131842330144)
5.019999999999981 (-9.75088532606873, 1.0, 3.5124761118363796)
5.0399999999999805 (-9.722185399706696, 1.0, 3.5333611896585753)
5.05999999999998 (-9.68059749535359, 1.0, 3.553469884820893)
5.07999999999998 (-9.627715152123049, 1.0, 3.572657356885569)
5.099999999999979 (-9.566329836368602, 1.0, 3.5903512706744305)
5.119999999999979 (-9.50074216741506, 1.0, 3.605793336206849)
5.139999999999978 (-9.436424555506706, 1.0, 3.6198153753477964)
5.159999999999978 (-9.377291719404408, 1.0, 3.633745301896484)
5.1799999999999775 (-9.335524192244549, 1.0, 3.6473081767795428)
5.199999999999977 (-9.311912693988344, 1.0, 3.6634749982451758)
5.219999999999977 (-9.305274330048523, 1.0, 3.6851118709110056)
5.239999999999976 (-9.31332541215557, 1.0, 3.7118498827342465)
5.259999999999976 (-9.327102585573499, 1.0, 3.742565085903324)
5.279999999999975 (-9.342625151085148, 1.0, 3.774402832231453)
5.299999999999975 (-9.358490494524052, 1.0, 3.804308641582619)
5.3199999999999745 (-9.374206817650732, 1.0, 3.8300452486370364)
5.339999999999974 (-9.389352781808967, 1.0, 3.8501258033811605)
5.359999999999974 (-9.40352795745533, 1.0, 3.863640572934803)
5.379999999999973 (-9.416544525483921, 1.0, 3.8700762352305533)
5.399999999999973 (-9.428463749741216, 1.0, 3.869258820423709)
5.419999999999972 (-9.439597163754536, 1.0, 3.8613051137557353)
5.439999999999972 (-9.450595745273116, 1.0, 3.8464737202114843)
5.4599999999999715 (-9.462429541396782, 1.0, 3.8250947523150782)
5.479999999999971 (-9.476346144533242, 1.0, 3.7975533221408755)
5.499999999999971 (-9.493854126934602, 1.0, 3.764113509589795)
5.51999999999997 (-9.516676530969708, 1.0, 3.7272322867205308)
5.53999999999997 (-9.54667245389958, 1.0, 3.6931807017666314)
5.559999999999969 (-9.584870099870987, 1.0, 3.6654655788604997)
5.579999999999969 (-9.631479663728285, 1.0, 3.645821305077102)
5.599999999999969 (-9.686493250430157, 1.0, 3.6349429578582084)
5.619999999999968 (-9.749819050057889, 1.0, 3.6329862273518314)
5.639999999999968 (-9.821368311439238, 1.0, 3.639898364034101)
5.659999999999967 (-9.901163305000733, 1.0, 3.6557333513184744)
5.679999999999967 (-9.989391197901956, 1.0, 3.681047714756145)
5.699999999999966 (-10.086753329986585, 1.0, 3.7148411013223996)
5.719999999999966 (-10.194293002719041, 1.0, 3.753711313137081)
5.739999999999966 (-10.309505373983132, 1.0, 3.7930833162606836)
5.759999999999965 (-10.421299946253733, 1.0, 3.8283217055820344)
5.779999999999965 (-10.524782306043118, 1.0, 3.858977148108166)
5.799999999999964 (-10.619883839091717, 1.0, 3.8866187746962892)
5.819999999999964 (-10.708831292054066, 1.0, 3.9119032070468562)
5.839999999999963 (-10.791756161927145, 1.0, 3.9357538992958974)
5.859999999999963 (-10.868118782529367, 1.0, 3.958942612434234)
5.879999999999963 (-10.937310693036922, 1.0, 3.982138421790551)
5.899999999999962 (-10.998594975540895, 1.0, 4.005990232699866)
5.919999999999962 (-11.051455871914596, 1.0, 4.0311829829764605)
5.939999999999961 (-11.095503338723747, 1.0, 4.058230860086551)
5.959999999999961 (-11.130386979211222, 1.0, 4.087661170191073)
5.9799999999999605 (-11.155902073489303, 1.0, 4.119876519745244)
5.99999999999996 (-11.172118692864789, 1.0, 4.155019471653538)
6.01999999999996 (-11.179466286074353, 1.0, 4.193121028975439)
6.039999999999959 (-11.178283882731188, 1.0, 4.233940349390125)
6.059999999999959 (-11.16914341905264, 1.0, 4.277099866733601)
6.079999999999958 (-11.152694670209403, 1.0, 4.322129174117621)
6.099999999999958 (-11.129702427265007, 1.0, 4.368516713207678)
6.1199999999999575 (-11.101868465134595, 1.0, 4.415875523993835)
6.139999999999957 (-11.071163712967067, 1.0, 4.464604545577091)
6.159999999999957 (-11.045364221507391, 1.0, 4.512284817677688)
6.179999999999956 (-11.035872992591663, 1.0, 4.556524715829481)
6.199999999999956 (-11.044738264218973, 1.0, 4.598501914598024)
6.219999999999955 (-11.070156408321182, 1.0, 4.638203670007511)
6.239999999999955 (-11.105915953381807, 1.0, 4.676995187728755)
6.2599999999999545 (-11.145342288946065, 1.0, 4.715435168037096)
6.279999999999954 (-11.18476426510764, 1.0, 4.751983632017944)
6.299999999999954 (-11.222324916408773, 1.0, 4.784859645861617)
6.319999999999953 (-11.256800987331555, 1.0, 4.812819787578254)
6.339999999999953 (-11.287264851585933, 1.0, 4.835213059689293)
6.359999999999952 (-11.313141315285556, 1.0, 4.85171598531432)
6.379999999999952 (-11.334305132274494, 1.0, 4.862091038238465)
6.3999999999999515 (-11.351079612791601, 1.0, 4.866073486423898)
6.419999999999951 (-11.364036674529645, 1.0, 4.863571825343714)
6.439999999999951 (-11.373869382001212, 1.0, 4.854842632617906)
6.45999999999995 (-11.381623348532864, 1.0, 4.84000156571862)
6.47999999999995 (-11.388662803395961, 1.0, 4.818842078733791)
6.499999999999949 (-11.39654036995655, 1.0, 4.791018462065485)
6.519999999999949 (-11.407143797510871, 1.0, 4.756477498952793)
6.5399999999999485 (-11.425099761275797, 1.0, 4.720325362257882)
6.559999999999948 (-11.453726258573544, 1.0, 4.686193387828621)
6.579999999999948 (-11.49420141795638, 1.0, 4.655993847982319)
6.599999999999947 (-11.546836471950723, 1.0, 4.630565687540207)
6.619999999999947 (-11.611568401547212, 1.0, 4.610108773219809)
6.639999999999946 (-11.68824854134609, 1.0, 4.594436316793682)
6.659999999999946 (-11.777039324814261, 1.0, 4.58362242780736)
6.6799999999999455 (-11.878393599537905, 1.0, 4.5776666275537385)
6.699999999999945 (-11.992151728694978, 1.0, 4.573559939139129)
6.719999999999945 (-12.117321967683262, 1.0, 4.566778538843969)
6.739999999999944 (-12.245141810951061, 1.0, 4.555197508407505)
6.759999999999944 (-12.36619307143171, 1.0, 4.539906362971862)
6.779999999999943 (-12.476854002298252, 1.0, 4.523765007527504)
6.799999999999943 (-12.580660001193404, 1.0, 4.507261860956647)
6.8199999999999426 (-12.678413609819236, 1.0, 4.491061120872343)
6.839999999999942 (-12.77013632191917, 1.0, 4.476098555014361)
6.859999999999942 (-12.855573395389927, 1.0, 4.462714569919644)
6.879999999999941 (-12.934256760877338, 1.0, 4.451427037128148)
6.899999999999941 (-13.005743638373586, 1.0, 4.443361249073963)
6.91999999999994 (-13.069657099438365, 1.0, 4.439671240447995)
6.93999999999994 (-13.125699819946062, 1.0, 4.4412168749278145)
6.95999999999994 (-13.173657933918413, 1.0, 4.448705690630299)
6.979999999999939 (-13.213399900366314, 1.0, 4.462665209323137)
6.999999999999939 (-13.244887583974455, 1.0, 4.483440533559892)
7.019999999999938 (-13.268192014172627, 1.0, 4.5113667472290535)
7.039999999999938 (-13.283762388533738, 1.0, 4.546454069043111)
7.059999999999937 (-13.292025666818413, 1.0, 4.588616689280245)
7.079999999999937 (-13.293492128103088, 1.0, 4.6373653405397155)
7.099999999999937 (-13.288823354682204, 1.0, 4.691239402259996)
7.119999999999936 (-13.278988942524702, 1.0, 4.748194231889726)
7.139999999999936 (-13.265702103188488, 1.0, 4.806715512823753)
7.159999999999935 (-13.25356201805094, 1.0, 4.861900048377526)
7.179999999999935 (-13.252301648206616, 1.0, 4.90365987053832)
7.1999999999999345 (-13.265207313522144, 1.0, 4.9334908217034386)
7.219999999999934 (-13.292513900233958, 1.0, 4.95408313373247)
7.239999999999934 (-13.331939437890515, 1.0, 4.96760576956002)
7.259999999999933 (-13.37702738647279, 1.0, 4.9794766878854375)
7.279999999999933 (-13.423169581740277, 1.0, 4.990673325857359)
7.299999999999932 (-13.467388249324564, 1.0, 5.000291893979692)
7.319999999999932 (-13.507802596058356, 1.0, 5.007374648045239)
7.3399999999999315 (-13.543121609916525, 1.0, 5.011394301825692)
7.359999999999931 (-13.57250663553159, 1.0, 5.0121289897933945)
7.379999999999931 (-13.595557478354971, 1.0, 5.009389432125214)
7.39999999999993 (-13.612282558889758, 1.0, 5.002993600505359)
7.41999999999993 (-13.62305820469406, 1.0, 4.992795236073573)
7.439999999999929 (-13.628583816549176, 1.0, 4.978494555192265)
7.459999999999929 (-13.629817380283136, 1.0, 4.95957710968758)
7.4799999999999285 (-13.627913091913916, 1.0, 4.935344143162619)
7.499999999999928 (-13.624097530429028, 1.0, 4.904867508920565)
7.519999999999928 (-13.619600713898905, 1.0, 4.86699133055089)
7.539999999999927 (-13.618485117402454, 1.0, 4.822700013351646)
7.559999999999927 (-13.626934997271714, 1.0, 4.774820379324886)
7.579999999999926 (-13.647879803729035, 1.0, 4.724979467632661)
7.599999999999926 (-13.68226820534242, 1.0, 4.674110564743438)
7.6199999999999255 (-13.730157182955724, 1.0, 4.622551820179386)
7.639999999999925 (-13.791259028353647, 1.0, 4.570244348257405)
7.659999999999925 (-13.865597616724605, 1.0, 4.517097997431625)
7.679999999999924 (-13.953480832418286, 1.0, 4.462884079435421)
7.699999999999924 (-14.053541091868748, 1.0, 4.404974270400182)
7.719999999999923 (-14.163064123918602, 1.0, 4.3396715454638395)
7.739999999999923 (-14.27099835153354, 1.0, 4.271543043996949)
7.7599999999999225 (-14.371271488175198, 1.0, 4.204532133718105)
7.779999999999922 (-14.462728535130037, 1.0, 4.141680414805628)
7.799999999999922 (-14.548438108718917, 1.0, 4.080978470212418)
7.819999999999921 (-14.629201128652326, 1.0, 4.022919684972004)
7.839999999999921 (-14.704939008187075, 1.0, 3.9683815851342783)
7.85999999999992 (-14.77541900201065, 1.0, 3.917885718077929)
7.87999999999992 (-14.840481582943381, 1.0, 3.8724519895333582)
7.8999999999999195 (-14.900256995572681, 1.0, 3.833359461862989)
7.919999999999919 (-14.954914127581246, 1.0, 3.801802110764853)
7.939999999999919 (-15.00454453118655, 1.0, 3.7786713229681617)
7.959999999999918 (-15.04927263887485, 1.0, 3.7647032208133258)
7.979999999999918 (-15.089226966226649, 1.0, 3.760442212326139)
7.999999999999917 (-15.124559448888713, 1.0, 3.7662629214773156)
8.019999999999918 (-15.155603459035841, 1.0, 3.782415854043542)
8.039999999999917 (-15.182794527402342, 1.0, 3.8088189282909224)
8.059999999999917 (-15.206544561597497, 1.0, 3.8453890894508342)
8.079999999999917 (-15.227145266604445, 1.0, 3.891202513841746)
8.099999999999916 (-15.244675221478458, 1.0, 3.94420016648386)
8.119999999999916 (-15.259899261490004, 1.0, 4.001129596026421)
8.139999999999915 (-15.27402297810483, 1.0, 4.059535067870366)
8.159999999999915 (-15.2886948675833, 1.0, 4.1148253366086225)
8.179999999999914 (-15.308653240733427, 1.0, 4.1534864890739325)
8.199999999999914 (-15.337371410789599, 1.0, 4.174738211160058)
8.219999999999914 (-15.375673967143864, 1.0, 4.18070342075562)
8.239999999999913 (-15.42193812226022, 1.0, 4.174790637200217)
8.259999999999913 (-15.472362876688495, 1.0, 4.16459306397145)
8.279999999999912 (-15.522860964499984, 1.0, 4.152930007916365)
8.299999999999912 (-15.570439599375902, 1.0, 4.14019126948208)
8.319999999999911 (-15.613023588254196, 1.0, 4.126423709071294)
8.339999999999911 (-15.6492562486845, 1.0, 4.111869726730156)
8.35999999999991 (-15.678310810717228, 1.0, 4.09681284900625)
8.37999999999991 (-15.699755664016825, 1.0, 4.081318020641355)
8.39999999999991 (-15.713502575885128, 1.0, 4.065218249106258)
8.41999999999991 (-15.719806675357411, 1.0, 4.048244752671074)
8.439999999999909 (-15.719158140776925, 1.0, 4.029887430550333)
8.459999999999908 (-15.712156065127012, 1.0, 4.009257291391172)
8.479999999999908 (-15.699417978143607, 1.0, 3.985133829227323)
8.499999999999908 (-15.682054325670169, 1.0, 3.9561602343424007)
8.519999999999907 (-15.66617894695546, 1.0, 3.9217414028471262)
8.539999999999907 (-15.656240301756533, 1.0, 3.8812754602018282)
8.559999999999906 (-15.654531847454166, 1.0, 3.8346435056405315)
8.579999999999906 (-15.662214873273845, 1.0, 3.781803329761879)
8.599999999999905 (-15.679759901432192, 1.0, 3.7227069056590993)
8.619999999999905 (-15.707292545931114, 1.0, 3.6573108033489543)
8.639999999999905 (-15.744797987651529, 1.0, 3.585521848049211)
8.659999999999904 (-15.792676971778793, 1.0, 3.5071664761813905)
8.679999999999904 (-15.851263503976776, 1.0, 3.421750507518862)
8.699999999999903 (-15.918221789393955, 1.0, 3.3276233377695057)
8.719999999999903 (-15.989551905198839, 1.0, 3.2228646480051815)
8.739999999999903 (-16.058859753640576, 1.0, 3.1118674547068017)
8.759999999999902 (-16.120732499821415, 1.0, 3.0035502895109816)
8.779999999999902 (-16.17514425737199, 1.0, 2.902736641535446)
8.799999999999901 (-16.224649710449928, 1.0, 2.8080653001597984)
8.8199999999999 (-16.270509129307293, 1.0, 2.718752453431795)
8.8399999999999 (-16.3136917999661, 1.0, 2.635157552960123)
8.8599999999999 (-16.354459337650525, 1.0, 2.5576388042123384)
8.8799999999999 (-16.393004788333634, 1.0, 2.486772862007473)
8.899999999999899 (-16.429944927145552, 1.0, 2.4235798174761936)
8.919999999999899 (-16.466028553005934, 1.0, 2.3689064061345997)
8.939999999999898 (-16.50175061492322, 1.0, 2.323345160911311)
8.959999999999898 (-16.537540046784986, 1.0, 2.287430291717829)
8.979999999999897 (-16.57375179642323, 1.0, 2.261540423585432)
8.999999999999897 (-16.610662044731583, 1.0, 2.245816065876161)
9.019999999999897 (-16.648502734882694, 1.0, 2.2402398966399737)
9.039999999999896 (-16.687495189016396, 1.0, 2.244396566305589)
9.059999999999896 (-16.72756223932396, 1.0, 2.2576654448171882)
9.079999999999895 (-16.768694541803082, 1.0, 2.279811297945181)
9.099999999999895 (-16.810218544106103, 1.0, 2.309815418201534)
9.119999999999894 (-16.85129777444914, 1.0, 2.3456367076841094)
9.139999999999894 (-16.892023595598715, 1.0, 2.3848839518301954)
9.159999999999894 (-16.930775670594752, 1.0, 2.419677119353939)
9.179999999999893 (-16.96627697667571, 1.0, 2.437895917309086)
9.199999999999893 (-17.001604336206544, 1.0, 2.4375698264655448)
9.219999999999892 (-17.038076426053603, 1.0, 2.420265218867)
9.239999999999892 (-17.076103684051514, 1.0, 2.3900074103073488)
9.259999999999891 (-17.115898740728607, 1.0, 2.3546904300486076)
9.279999999999891 (-17.15524397303233, 1.0, 2.3184653345331894)
9.29999999999989 (-17.191753745381273, 1.0, 2.282953009630484)
9.31999999999989 (-17.223660460598516, 1.0, 2.249067615401959)
9.33999999999989 (-17.249887301225517, 1.0, 2.217564216886571)
9.35999999999989 (-17.26983306247997, 1.0, 2.189000239449857)
9.379999999999889 (-17.283150517583348, 1.0, 2.163580420321515)
9.399999999999888 (-17.289724022811292, 1.0, 2.141183025675018)
9.419999999999888 (-17.28968686287512, 1.0, 2.1214269887911694)
9.439999999999888 (-17.283234533295317, 1.0, 2.10358560820406)
9.459999999999887 (-17.270517746918117, 1.0, 2.086588893304037)
9.479999999999887 (-17.251622341070867, 1.0, 2.0691014421832756)
9.499999999999886 (-17.226490661716127, 1.0, 2.0496017587655735)
9.519999999999886 (-17.194872918327093, 1.0, 2.0264346988181807)
9.539999999999885 (-17.160056915838602, 1.0, 1.9968023263576191)
9.559999999999885 (-17.127789194171886, 1.0, 1.9572910711057199)
9.579999999999885 (-17.100966207962077, 1.0, 1.9064783672584262)
9.599999999999884 (-17.08083073871141, 1.0, 1.8441226550849001)
9.619999999999884 (-17.067653459072694, 1.0, 1.770359555433065)
9.639999999999883 (-17.06121498998768, 1.0, 1.685384130576732)
9.659999999999883 (-17.06135248846502, 1.0, 1.5891341987754881)
9.679999999999882 (-17.0681610764708, 1.0, 1.4812332157415076)
9.699999999999882 (-17.07904891477109, 1.0, 1.3612610988262497)
9.719999999999882 (-17.08950733842175, 1.0, 1.2292773252475515)
9.739999999999881 (-17.097009151246763, 1.0, 1.0970711368399026)
9.75999999999988 (-17.101248542719297, 1.0, 0.9717707393238535)
9.77999999999988 (-17.103794434380955, 1.0, 0.855778908864285)
9.79999999999988 (-17.10460825471146, 1.0, 0.7454992390727112)
9.81999999999988 (-17.10445047027755, 1.0, 0.6405959693657988)
9.839999999999879 (-17.10394787046111, 1.0, 0.5417328281707339)
9.859999999999879 (-17.103553462077446, 1.0, 0.44948155727096323)
9.879999999999878 (-17.104180061010275, 1.0, 0.3645498604223885)
9.899999999999878 (-17.1068992650279, 1.0, 0.28762717787898506)
9.919999999999877 (-17.11269680124752, 1.0, 0.2192690216129027)
9.939999999999877 (-17.12243257925816, 1.0, 0.15994307799331678)
9.959999999999877 (-17.136851736973725, 1.0, 0.11001509960916912)
9.979999999999876 (-17.156560365250975, 1.0, 0.06974208869340492)
9.999999999999876 (-17.18209668702893, 1.0, 0.0392602152152866)
10.019999999999875 (-17.2139662889605, 1.0, 0.01848357699881115)
10.039999999999875 (-17.25263120133975, 1.0, 0.007195136118211835)
10.059999999999874 (-17.298249259937165, 1.0, 0.005016608256154659)
10.079999999999874 (-17.350095772758028, 1.0, 0.011141249337538833)
10.099999999999874 (-17.406336900963055, 1.0, 0.02428063111973727)
10.119999999999873 (-17.46439636235318, 1.0, 0.04190441824571589)
10.139999999999873 (-17.522329182972143, 1.0, 0.060017438970351056)
10.159999999999872 (-17.578217473619496, 1.0, 0.07604176884025224)
10.179999999999872 (-17.622897650900754, 1.0, 0.07871677746022215)
10.199999999999871 (-17.657469607639214, 1.0, 0.06481693805043812)
10.219999999999871 (-17.68448366793377, 1.0, 0.034282494298594146)
10.23999999999987 (-17.7053475278933, 1.0, -0.010307848296041684)
10.25999999999987 (-17.724726445792196, 1.0, -0.06126353919918423)
10.27999999999987 (-17.742991292965524, 1.0, -0.11359468961062465)
10.29999999999987 (-17.75885198732552, 1.0, -0.16435004348509136)
10.319999999999869 (-17.771158218854964, 1.0, -0.2116672661818031)
10.339999999999868 (-17.779307368054237, 1.0, -0.25422015411850113)
10.359999999999868 (-17.783060250563576, 1.0, -0.2911089767848898)
10.379999999999868 (-17.782235358297186, 1.0, -0.32188610257608574)
10.399999999999867 (-17.77665099395923, 1.0, -0.34652522532409963)
10.419999999999867 (-17.766213876376806, 1.0, -0.365356044774752)
10.439999999999866 (-17.750739969376212, 1.0, -0.3790469551303568)
10.459999999999866 (-17.729786769467584, 1.0, -0.3885698820896225)
10.479999999999865 (-17.702642609479486, 1.0, -0.3951063920689644)
10.499999999999865 (-17.669966307681808, 1.0, -0.40158914880966795)
10.519999999999865 (-17.634419501076007, 1.0, -0.41328306525939784)
10.539999999999864 (-17.59743840696737, 1.0, -0.4333140306936083)
10.559999999999864 (-17.55987402015694, 1.0, -0.4633604967869269)
10.579999999999863 (-17.52212849022105, 1.0, -0.5043329075978541)
10.599999999999863 (-17.484323869583267, 1.0, -0.5566736244713718)
10.619999999999862 (-17.446440989972924, 1.0, -0.6205857314270687)
10.639999999999862 (-17.408447438858538, 1.0, -0.6962755673681715)
10.659999999999862 (-17.370428289676312, 1.0, -0.7843973490276064)
10.679999999999861 (-17.331319282226072, 1.0, -0.8851186368515611)
10.69999999999986 (-17.287965606581, 1.0, -0.996963358969502)
10.71999999999986 (-17.236592081181254, 1.0, -1.117320265381341)
10.73999999999986 (-17.17866463407485, 1.0, -1.2370643191165585)
10.75999999999986 (-17.118786138317496, 1.0, -1.3481573128233448)
10.779999999999859 (-17.06146717493308, 1.0, -1.4485903123904607)
10.799999999999859 (-17.00641411292984, 1.0, -1.5419443628860312)
10.819999999999858 (-16.954109905852995, 1.0, -1.6294665085621396)
10.839999999999858 (-16.905313327606347, 1.0, -1.7116684408069107)
10.859999999999857 (-16.860211619109396, 1.0, -1.7884931263543768)
10.879999999999857 (-16.81918821440181, 1.0, -1.859711210305871)
10.899999999999856 (-16.783373246281762, 1.0, -1.925193625187306)
10.919999999999856 (-16.754050010717243, 1.0, -1.9851466508609088)
10.939999999999856 (-16.732188484699492, 1.0, -2.039727992611078)
10.959999999999855 (-16.718560792505315, 1.0, -2.0890253469969)
10.979999999999855 (-16.713705645458322, 1.0, -2.133129934410742)
10.999999999999854 (-16.717923808597156, 1.0, -2.172172308647247)
11.019999999999854 (-16.731426381816693, 1.0, -2.20634424012039)
11.039999999999853 (-16.753978387504684, 1.0, -2.2361217881182784)
11.059999999999853 (-16.785135859969422, 1.0, -2.2620233044241624)
11.079999999999853 (-16.824503001119485, 1.0, -2.284344465604196)
11.099999999999852 (-16.870820583849444, 1.0, -2.3030385653831744)
11.119999999999852 (-16.921920972891265, 1.0, -2.3183259789305724)
11.139999999999851 (-16.975642570229827, 1.0, -2.3313909665141104)
11.159999999999851 (-17.02431336953457, 1.0, -2.34506480779431)
11.17999999999985 (-17.056808876586317, 1.0, -2.3646357108447145)
11.19999999999985 (-17.073347186981145, 1.0, -2.393803320250753)
11.21999999999985 (-17.075982903378986, 1.0, -2.433134688723599)
11.23999999999985 (-17.068276555857008, 1.0, -2.4810224662419915)
11.259999999999849 (-17.057178917943677, 1.0, -2.533441298007892)
11.279999999999848 (-17.045069440982225, 1.0, -2.5862453886843895)
11.299999999999848 (-17.032014602507477, 1.0, -2.6365124774457724)
11.319999999999848 (-17.017807468664813, 1.0, -2.682226186900967)
11.339999999999847 (-17.00248670941062, 1.0, -2.722035739415563)
11.359999999999847 (-16.986205036012343, 1.0, -2.755099967144268)
11.379999999999846 (-16.968983677621544, 1.0, -2.7809881508990233)
11.399999999999846 (-16.950700883650473, 1.0, -2.7996461934486865)
11.419999999999845 (-16.93111300936272, 1.0, -2.8113617801766777)
11.439999999999845 (-16.909697925940897, 1.0, -2.8166481536718093)
11.459999999999845 (-16.885639210120452, 1.0, -2.816164253896591)
11.479999999999844 (-16.857874373955912, 1.0, -2.8106739109143315)
11.499999999999844 (-16.82508666489204, 1.0, -2.8009018461635478)
11.519999999999843 (-16.785734897172414, 1.0, -2.7874748855096736)
11.539999999999843 (-16.739344150285167, 1.0, -2.7751855249431774)
11.559999999999842 (-16.685978626447593, 1.0, -2.7704200086371435)
11.579999999999842 (-16.625947956417978, 1.0, -2.776074073195034)
11.599999999999842 (-16.559641724346317, 1.0, -2.793203055204825)
11.619999999999841 (-16.487264177676902, 1.0, -2.821921237721974)
11.63999999999984 (-16.40886359558469, 1.0, -2.8619620554110012)
11.65999999999984 (-16.324320432074714, 1.0, -2.913219321164274)
11.67999999999984 (-16.23335029146296, 1.0, -2.975966481297523)
11.69999999999984 (-16.13445514452873, 1.0, -3.0486464900003947)
11.719999999999839 (-16.025367270619107, 1.0, -3.1276729460027197)
11.739999999999839 (-15.914737300484004, 1.0, -3.204878804463796)
11.759999999999838 (-15.808464238302811, 1.0, -3.2761699345365467)
11.779999999999838 (-15.709281269582423, 1.0, -3.341369249357322)
11.799999999999837 (-15.613916094614686, 1.0, -3.402165252144639)
11.819999999999837 (-15.522351635843064, 1.0, -3.4591805661415287)
11.839999999999836 (-15.435545150584067, 1.0, -3.512575773050621)
11.859999999999836 (-15.354423549836362, 1.0, -3.5626030200245538)
11.879999999999836 (-15.28010947161201, 1.0, -3.6096916320350085)
11.899999999999835 (-15.213710555459802, 1.0, -3.6543631644832155)
11.919999999999835 (-15.156212498657142, 1.0, -3.6971590583497767)
11.939999999999834 (-15.10848236588417, 1.0, -3.738576780443684)
11.959999999999834 (-15.071238180552147, 1.0, -3.779082361987012)
11.979999999999833 (-15.045038210122204, 1.0, -3.819094076071547)
11.999999999999833 (-15.030306345918662, 1.0, -3.8590505430468847)
12.019999999999833 (-15.027251606038925, 1.0, -3.8994670099866693)
12.039999999999832 (-15.035992093042083, 1.0, -3.9408900319804236)
12.059999999999832 (-15.056250724103393, 1.0, -3.9836487417390942)
12.079999999999831 (-15.086919339342103, 1.0, -4.027533467339195)
12.099999999999831 (-15.12589160388063, 1.0, -4.0716066154316515)
12.11999999999983 (-15.169579689852416, 1.0, -4.11495723936859)
12.13999999999983 (-15.213161170096734, 1.0, -4.158157852825418)
12.15999999999983 (-15.25380359728697, 1.0, -4.201052144757145)
12.17999999999983 (-15.277146351359967, 1.0, -4.241375540167882)
12.199999999999829 (-15.280867282535821, 1.0, -4.281534557465817)
12.219999999999828 (-15.266147321620771, 1.0, -4.323683457753998)
12.239999999999828 (-15.235834460457074, 1.0, -4.367569982005111)
12.259999999999827 (-15.199053652785526, 1.0, -4.413270495809239)
12.279999999999827 (-15.160354461793741, 1.0, -4.458537072310668)
12.299999999999827 (-15.121685735405812, 1.0, -4.500745291873044)
12.319999999999826 (-15.084135197273518, 1.0, -4.5379716483795836)
12.339999999999826 (-15.048594002024956, 1.0, -4.5690440834056)
12.359999999999825 (-15.01575275448379, 1.0, -4.593317384311138)
12.379999999999825 (-14.985926010690298, 1.0, -4.6104179572057475)
12.399999999999824 (-14.959043594440814, 1.0, -4.620163447446204)
12.419999999999824 (-14.93477449279788, 1.0, -4.622624746608826)
12.439999999999824 (-14.912469099832204, 1.0, -4.617990150799426)
12.459999999999823 (-14.891063846294617, 1.0, -4.606357481608337)
12.479999999999823 (-14.869071697391457, 1.0, -4.588016983831531)
12.499999999999822 (-14.843562565825813, 1.0, -4.567214799240086)
12.519999999999822 (-14.812014096308953, 1.0, -4.547523368993705)
12.539999999999822 (-14.77272498853174, 1.0, -4.5310757979021155)
12.559999999999821 (-14.724738674573997, 1.0, -4.518941644655715)
12.57999999999982 (-14.66747407995799, 1.0, -4.511755251118159)
12.59999999999982 (-14.600554466513135, 1.0, -4.509838465335686)
12.61999999999982 (-14.523706393524963, 1.0, -4.513307232614465)
12.63999999999982 (-14.43659211710527, 1.0, -4.5223699575057115)
12.659999999999819 (-14.338555613362068, 1.0, -4.537310535389138)
12.679999999999819 (-14.228942593577266, 1.0, -4.556743632201117)
12.699999999999818 (-14.107572631748143, 1.0, -4.576943715376708)
12.719999999999818 (-13.975084191199262, 1.0, -4.59323273252615)
12.739999999999817 (-13.840325576610445, 1.0, -4.602355326287312)
12.759999999999817 (-13.712421548803997, 1.0, -4.604843366325837)
12.779999999999816 (-13.595301136587441, 1.0, -4.604084214492443)
12.799999999999816 (-13.485556249031447, 1.0, -4.601817936161443)
12.819999999999816 (-13.382364006457047, 1.0, -4.59925393792735)
12.839999999999815 (-13.285575873755088, 1.0, -4.5972292687645915)
12.859999999999815 (-13.195265672063803, 1.0, -4.595782489555496)
12.879999999999814 (-13.111761600769597, 1.0, -4.59495791041142)
12.899999999999814 (-13.03571138090635, 1.0, -4.595378292702193)
12.919999999999813 (-12.967618780785141, 1.0, -4.598321586506514)
12.939999999999813 (-12.907901790898922, 1.0, -4.60495040511718)
12.959999999999813 (-12.856892696207144, 1.0, -4.6160838595130835)
12.979999999999812 (-12.814782860841483, 1.0, -4.63225886211003)
12.999999999999812 (-12.781621884354712, 1.0, -4.653810775791085)
13.019999999999811 (-12.757362763365617, 1.0, -4.681028336635919)
13.03999999999981 (-12.741490426064091, 1.0, -4.713958897579257)
13.05999999999981 (-12.733355165511954, 1.0, -4.752527715457727)
13.07999999999981 (-12.7323323756713, 1.0, -4.796530241635817)
13.09999999999981 (-12.737806569518309, 1.0, -4.8448920671877715)
13.11999999999981 (-12.748661845357935, 1.0, -4.895834598718774)
13.139999999999809 (-12.762900852594392, 1.0, -4.947893277391819)
13.159999999999808 (-12.77419235719218, 1.0, -4.995583060301067)
13.179999999999808 (-12.77259388111611, 1.0, -5.031738412721637)
13.199999999999807 (-12.755062056397376, 1.0, -5.0586083220614055)
13.219999999999807 (-12.721911889965433, 1.0, -5.0784090575798855)
13.239999999999807 (-12.67603175535764, 1.0, -5.09342008299449)
13.259999999999806 (-12.624369118442578, 1.0, -5.107828728572456)
13.279999999999806 (-12.571641921225083, 1.0, -5.121741093417092)
13.299999999999805 (-12.520470583770626, 1.0, -5.133765416853857)
13.319999999999805 (-12.472517307177112, 1.0, -5.142688193860237)
13.339999999999804 (-12.428982178598236, 1.0, -5.147833724318599)
13.359999999999804 (-12.390685134235671, 1.0, -5.148891437505432)
13.379999999999804 (-12.358033978065166, 1.0, -5.145670235984265)
13.399999999999803 (-12.331038032086022, 1.0, -5.138053376557789)
13.419999999999803 (-12.309339421763122, 1.0, -5.125954283665326)
13.439999999999802 (-12.292250508365049, 1.0, -5.10915332547814)
13.459999999999802 (-12.278820499094058, 1.0, -5.087270694264999)
13.479999999999801 (-12.267871551560615, 1.0, -5.059793747496248)
13.499999999999801 (-12.25813969386391, 1.0, -5.025954696303576)
13.5199999999998 (-12.248342479818392, 1.0, -4.984750540691055)
13.5399999999998 (-12.235626084926288, 1.0, -4.936560994791206)
13.5599999999998 (-12.213803360646438, 1.0, -4.8851146439907485)
13.5799999999998 (-12.179597705109744, 1.0, -4.832500307442905)
13.599999999999799 (-12.132019599473278, 1.0, -4.779839850894406)
13.619999999999798 (-12.071038564715609, 1.0, -4.727504192742864)
13.639999999999798 (-11.996968249524105, 1.0, -4.675439951718407)
13.659999999999798 (-11.909972641629615, 1.0, -4.623462067749232)
13.679999999999797 (-11.809740270621829, 1.0, -4.5714727076661825)
13.699999999999797 (-11.696755352401425, 1.0, -4.5176356025680615)
13.719999999999796 (-11.57310850179791, 1.0, -4.458425946645231)
13.739999999999796 (-11.45079520147414, 1.0, -4.398181376587596)
13.759999999999796 (-11.335495731840146, 1.0, -4.339641415140805)
13.779999999999795 (-11.228183302376417, 1.0, -4.284225672830001)
13.799999999999795 (-11.126256342568409, 1.0, -4.22983640989744)
13.819999999999794 (-11.029425429781952, 1.0, -4.17668683608908)
13.839999999999794 (-10.938127938392913, 1.0, -4.125718490680398)
13.859999999999793 (-10.852640873194446, 1.0, -4.078008818474464)
13.879999999999793 (-10.77317490952046, 1.0, -4.034815058307561)
13.899999999999793 (-10.699837535500311, 1.0, -3.997394771768463)
13.919999999999792 (-10.632656117621536, 1.0, -3.9669199751126327)
13.939999999999792 (-10.571624272422728, 1.0, -3.944441678326136)
13.959999999999791 (-10.516675274710572, 1.0, -3.9308569434059715)
13.97999999999979 (-10.467719353347047, 1.0, -3.926936225620278)
13.99999999999979 (-10.42452998109837, 1.0, -3.933402827826069)
14.01999999999979 (-10.386717116423243, 1.0, -3.9507811641757375)
14.03999999999979 (-10.353829947128027, 1.0, -3.979675952114534)
14.059999999999789 (-10.325422214026982, 1.0, -4.01985417825577)
14.079999999999789 (-10.301148151835196, 1.0, -4.0700835374846305)
14.099999999999788 (-10.280836006697285, 1.0, -4.127839637277847)
14.119999999999788 (-10.2635437028904, 1.0, -4.18921868515638)
14.139999999999787 (-10.246213420470648, 1.0, -4.249884045763043)
14.159999999999787 (-10.226603243689304, 1.0, -4.307005228288033)
14.179999999999787 (-10.20052377876506, 1.0, -4.347701354190183)
14.199999999999786 (-10.16505684889122, 1.0, -4.371088653791183)
14.219999999999786 (-10.1187452507237, 1.0, -4.378993224223501)
14.239999999999785 (-10.063225352951399, 1.0, -4.3734326960982886)
14.259999999999785 (-10.002834841076272, 1.0, -4.362665204595329)
14.279999999999784 (-9.941860444340582, 1.0, -4.349661693428804)
14.299999999999784 (-9.883618403005382, 1.0, -4.334982814848583)
14.319999999999784 (-9.830370193591726, 1.0, -4.318746010644349)
14.339999999999783 (-9.78360876120153, 1.0, -4.3012321767734925)
14.359999999999783 (-9.74425561755322, 1.0, -4.282785333197567)
14.379999999999782 (-9.712807971141082, 1.0, -4.263536867236391)
14.399999999999782 (-9.68941789341992, 1.0, -4.24334206255373)
14.419999999999781 (-9.673892985898714, 1.0, -4.221941584660846)
14.439999999999781 (-9.665774527922444, 1.0, -4.198872561268621)
14.45999999999978 (-9.664404454692674, 1.0, -4.173256032056198)
14.47999999999978 (-9.666269459881631, 1.0, -4.144394723085101)
14.49999999999978 (-9.66666822230633, 1.0, -4.111613507851718)
14.51999999999978 (-9.662797161373755, 1.0, -4.074423842982543)
14.539999999999779 (-9.652675275317819, 1.0, -4.032282259852775)
14.559999999999778 (-9.635150363837504, 1.0, -3.9847357099093506)
14.579999999999778 (-9.609433313412698, 1.0, -3.9314739736345734)
14.599999999999778 (-9.575012832656574, 1.0, -3.872229560987272)
14.619999999999777 (-9.531563337699355, 1.0, -3.8067525314200217)
14.639999999999777 (-9.478534935556716, 1.0, -3.734788374563274)
14.659999999999776 (-9.4154076288655, 1.0, -3.6557228426123047)
14.679999999999776 (-9.343589924464673, 1.0, -3.5681153899854405)
14.699999999999775 (-9.266554963239436, 1.0, -3.4700882136633244)
14.719999999999775 (-9.18890958710246, 1.0, -3.3601649613695384)
14.739999999999775 (-9.117508965025813, 1.0, -3.2440345566482462)
14.759999999999774 (-9.055936717810964, 1.0, -3.1306273080178624)
14.779999999999774 (-9.002680684795964, 1.0, -3.0252550787295527)
14.799999999999773 (-8.954265412834935, 1.0, -2.9263144199213165)
14.819999999999773 (-8.909124334038678, 1.0, -2.833417645267321)
14.839999999999772 (-8.866339935642618, 1.0, -2.7466315097605007)
14.859999999999772 (-8.825870900737497, 1.0, -2.665915328111205)
14.879999999999772 (-8.787951267471797, 1.0, -2.591464263604712)
14.899999999999771 (-8.752489404747989, 1.0, -2.5239070971867874)
14.91999999999977 (-8.718804846814404, 1.0, -2.464167430043583)
14.93999999999977 (-8.685952861815784, 1.0, -2.41328290262531)
14.95999999999977 (-8.653177187414682, 1.0, -2.372069736462015)
14.97999999999977 (-8.62003505625602, 1.0, -2.340979494154069)
14.999999999999769 (-8.586260607443512, 1.0, -2.3201658057569183)
15.019999999999769 (-8.551629616705407, 1.0, -2.3096610036521237)
15.039999999999768 (-8.515905734398979, 1.0, -2.3090263193553033)
15.059999999999768 (-8.478976425878571, 1.0, -2.3175286919764098)
15.079999999999767 (-8.440709218550882, 1.0, -2.334816387689779)
15.099999999999767 (-8.401564262072666, 1.0, -2.3599771633558615)
15.119999999999767 (-8.362572939120911, 1.0, -2.3912396649521375)
15.139999999999766 (-8.324228643232429, 1.0, -2.4260853150689052)
15.159999999999766 (-8.288726904785497, 1.0, -2.4558000567285485)
15.179999999999765 (-8.257519860171842, 1.0, -2.468980800067946)
15.199999999999765 (-8.227093814689692, 1.0, -2.464064820602345)
15.219999999999764 (-8.195595842871167, 1.0, -2.442400490181363)
15.239999999999764 (-8.162320256535606, 1.0, -2.407526749427689)
15.259999999999764 (-8.126763957698804, 1.0, -2.367389802174187)
15.279999999999763 (-8.090981395123327, 1.0, -2.3261200875859656)
15.299999999999763 (-8.057403002536073, 1.0, -2.285356341220328)
15.319999999999762 (-8.027871669095036, 1.0, -2.245972313920238)
15.339999999999762 (-8.003555196692522, 1.0, -2.2086822292306887)
15.359999999999761 (-7.985125018549132, 1.0, -2.1740429148722487)
15.379999999999761 (-7.972934501866876, 1.0, -2.1423270971613326)
15.39999999999976 (-7.967081642048458, 1.0, -2.113494465937073)
15.41999999999976 (-7.967485290460719, 1.0, -2.0871803179888158)
15.43999999999976 (-7.974026648618081, 1.0, -2.0626760349155195)
15.45999999999976 (-7.986587838498484, 1.0, -2.038987139386314)
15.479999999999759 (-8.005024128375693, 1.0, -2.0148610448162536)
15.499999999999758 (-8.029385015499996, 1.0, -1.9888544974576312)
15.519999999999758 (-8.05990415668879, 1.0, -1.959418036452388)
15.539999999999758 (-8.097033650194835, 1.0, -1.9249185956951553)
15.559999999999757 (-8.136716975698219, 1.0, -1.8822496737541277)
15.579999999999757 (-8.173070874999663, 1.0, -1.8279627568618182)
15.599999999999756 (-8.203488624248925, 1.0, -1.7609180275939047)
15.619999999999756 (-8.227096828666665, 1.0, -1.6814716827047724)
15.639999999999755 (-8.243878923976197, 1.0, -1.5899570486235959)
15.659999999999755 (-8.254228094710314, 1.0, -1.4866685952020984)
15.679999999999755 (-8.258096365797476, 1.0, -1.3714623081191115)
15.699999999999754 (-8.256909875140595, 1.0, -1.2439337735373064)
15.719999999999754 (-8.254460373573055, 1.0, -1.1050718651975513)
15.739999999999753 (-8.252168443298894, 1.0, -0.9677517084895808)
15.759999999999753 (-8.250272496534492, 1.0, -0.8373557641502369)
15.779999999999752 (-8.248729712144614, 1.0, -0.7145579568217717)
15.799999999999752 (-8.24874968334513, 1.0, -0.5965416695220948)
15.819999999999752 (-8.250222497979058, 1.0, -0.4833553987789459)
15.839999999999751 (-8.252564947616172, 1.0, -0.3759648370434148)
15.85999999999975 (-8.254909976115913, 1.0, -0.27526622218832814)
15.87999999999975 (-8.25618544115102, 1.0, -0.1821424274926246)
15.89999999999975 (-8.255254847723576, 1.0, -0.09735781574955125)
15.91999999999975 (-8.251027397705858, 1.0, -0.021552929940329167)
15.939999999999749 (-8.242502736605143, 1.0, 0.044746892188434195)
15.959999999999749 (-8.228789731225243, 1.0, 0.10116302713934817)
15.979999999999748 (-8.209050767102388, 1.0, 0.14734525159522766)
15.999999999999748 (-8.182347748548011, 1.0, 0.18314285221711762)
16.019999999999747 (-8.147725250542607, 1.0, 0.2085645564440353)
16.039999999999747 (-8.104520772364129, 1.0, 0.2238387082664201)
16.059999999999746 (-8.052877993932572, 1.0, 0.22956531581589143)
16.079999999999746 (-7.993915708463713, 1.0, 0.22670272410715483)
16.099999999999746 (-7.930075129057219, 1.0, 0.21667418923097906)
16.119999999999745 (-7.864746243540582, 1.0, 0.20232289420650462)
16.139999999999745 (-7.800647310346773, 1.0, 0.1886756003982781)
16.159999999999744 (-7.738805658156368, 1.0, 0.18029828994275401)
16.179999999999744 (-7.688231562820635, 1.0, 0.18564845407962238)
16.199999999999743 (-7.648579461825504, 1.0, 0.2073912820395789)
16.219999999999743 (-7.617773191715778, 1.0, 0.24629854525965683)
16.239999999999743 (-7.59522929157822, 1.0, 0.3001486998389583)
16.259999999999742 (-7.575536922257535, 1.0, 0.3611534077502471)
16.279999999999742 (-7.558021374027236, 1.0, 0.4239165288897973)
16.29999999999974 (-7.543571384557082, 1.0, 0.4850726880734906)
16.31999999999974 (-7.533022263055888, 1.0, 0.5424421966597496)
16.33999999999974 (-7.526723839227818, 1.0, 0.5944943485832037)
16.35999999999974 (-7.524742192944058, 1.0, 0.64021023347524)
16.37999999999974 (-7.52715969671597, 1.0, 0.6790626519035561)
16.39999999999974 (-7.534210040060893, 1.0, 0.7109692064958759)
16.41999999999974 (-7.546119683509779, 1.0, 0.7362014643524398)
16.43999999999974 (-7.563006833539602, 1.0, 0.7554033625646505)
16.459999999999738 (-7.584037401282475, 1.0, 0.7712266814104074)
16.479999999999738 (-7.607848614282473, 1.0, 0.7877859233331176)
16.499999999999737 (-7.633762653146481, 1.0, 0.8078879975260899)
16.519999999999737 (-7.661380172256723, 1.0, 0.8336318020856781)
16.539999999999736 (-7.690553911480665, 1.0, 0.8666503758160089)
16.559999999999736 (-7.721251195075944, 1.0, 0.9081486303309735)
16.579999999999735 (-7.753459969875965, 1.0, 0.9590464885816012)
16.599999999999735 (-7.787228451960273, 1.0, 1.020032584877768)
16.619999999999735 (-7.8226360531222126, 1.0, 1.0916311439871285)
16.639999999999734 (-7.859607774085019, 1.0, 1.174707012105762)
16.659999999999734 (-7.898747409943747, 1.0, 1.2699931093806578)
16.679999999999733 (-7.942602078329619, 1.0, 1.376293450538508)
16.699999999999733 (-7.994532904535801, 1.0, 1.4909339204578214)
16.719999999999732 (-8.057826600180121, 1.0, 1.6101157813012499)
16.739999999999732 (-8.130832089361803, 1.0, 1.7259109346340293)
16.75999999999973 (-8.206537459863846, 1.0, 1.830971702442169)
16.77999999999973 (-8.2790011535587, 1.0, 1.9245048008728796)
16.79999999999973 (-8.347082217667415, 1.0, 2.0103490727468176)
16.81999999999973 (-8.410677269801663, 1.0, 2.0904281681616914)
16.83999999999973 (-8.469490100176372, 1.0, 2.1657850318508474)
16.85999999999973 (-8.52365244116612, 1.0, 2.2366018213621683)
16.87999999999973 (-8.573278581986335, 1.0, 2.3025682118388615)
16.89999999999973 (-8.618066567231143, 1.0, 2.363421561348562)
16.919999999999728 (-8.657226915706769, 1.0, 2.419102711910427)
16.939999999999728 (-8.689449109303732, 1.0, 2.4699546200151508)
16.959999999999727 (-8.713396195865036, 1.0, 2.516424778231252)
16.979999999999727 (-8.728225357335113, 1.0, 2.558807710109336)
16.999999999999726 (-8.73363926681037, 1.0, 2.597310579604598)
17.019999999999726 (-8.729679695588828, 1.0, 2.6321292612464875)
17.039999999999726 (-8.716726364891997, 1.0, 2.663595102248242)
17.059999999999725 (-8.69540732882575, 1.0, 2.6919394555989835)
17.079999999999725 (-8.665957148180572, 1.0, 2.717335530992888)
17.099999999999724 (-8.629234240802043, 1.0, 2.739840748781943)
17.119999999999724 (-8.587184089620123, 1.0, 2.7594902262207133)
17.139999999999723 (-8.542149764776223, 1.0, 2.776913653277448)
17.159999999999723 (-8.503637673306837, 1.0, 2.7939951246657158)
17.179999999999723 (-8.481382155825903, 1.0, 2.8144842716485656)
17.199999999999722 (-8.47510009180587, 1.0, 2.842337731244153)
17.21999999999972 (-8.482703527377662, 1.0, 2.8785242618485336)
17.23999999999972 (-8.500682889398865, 1.0, 2.9221467248897888)
17.25999999999972 (-8.521993211803634, 1.0, 2.970230889634823)
17.27999999999972 (-8.544003452674282, 1.0, 3.019168126731581)
17.29999999999972 (-8.566404818990781, 1.0, 3.066125661442424)
17.31999999999972 (-8.589283693300878, 1.0, 3.109110194083214)
17.33999999999972 (-8.6125718589575, 1.0, 3.146779103817238)
17.35999999999972 (-8.636118710696481, 1.0, 3.1782873179900175)
17.37999999999972 (-8.659853063887832, 1.0, 3.203204491667268)
17.399999999999718 (-8.683856619654671, 1.0, 3.2214688517900676)
17.419999999999717 (-8.708427370708769, 1.0, 3.2333174638852302)
17.439999999999717 (-8.734121407388082, 1.0, 3.2392078185980733)
17.459999999999717 (-8.761750308771765, 1.0, 3.2397338092298273)
17.479999999999716 (-8.792348929345323, 1.0, 3.2355482783203358)
17.499999999999716 (-8.827134202391289, 1.0, 3.2272889462518233)
17.519999999999715 (-8.8674690824989, 1.0, 3.215511051354407)
17.539999999999715 (-8.914854388576222, 1.0, 3.2006255405792174)
17.559999999999715 (-8.970948291334961, 1.0, 3.1828505538323473)
17.579999999999714 (-9.036882271802575, 1.0, 3.166159405796377)
17.599999999999714 (-9.112930724939375, 1.0, 3.1583736603452497)
17.619999999999713 (-9.198582436645852, 1.0, 3.1628187968454338)
17.639999999999713 (-9.292948511649683, 1.0, 3.180155679789912)
17.659999999999712 (-9.395596803234506, 1.0, 3.2097237132795655)
17.679999999999712 (-9.50629659471928, 1.0, 3.251210898110265)
17.69999999999971 (-9.62528788905444, 1.0, 3.3043427921544417)
17.71999999999971 (-9.751207813592004, 1.0, 3.3650955659851998)
17.73999999999971 (-9.874347091227037, 1.0, 3.427007636153709)
17.75999999999971 (-9.990623492485716, 1.0, 3.4874967640982604)
17.77999999999971 (-10.100950904545138, 1.0, 3.5457622083658027)
17.79999999999971 (-10.208223073977265, 1.0, 3.6010612050703688)
17.81999999999971 (-10.312186596152571, 1.0, 3.653025967646837)
17.83999999999971 (-10.41158703316313, 1.0, 3.7015153020542537)
17.859999999999708 (-10.505053282264651, 1.0, 3.7467779369513785)
17.879999999999708 (-10.591138505806411, 1.0, 3.7893347171184133)
17.899999999999707 (-10.668482333541892, 1.0, 3.829879146486292)
17.919999999999707 (-10.735981794850337, 1.0, 3.869130994816019)
17.939999999999706 (-10.792564967262486, 1.0, 3.9077137609911072)
17.959999999999706 (-10.83724160022916, 1.0, 3.94638419607752)
17.979999999999706 (-10.869200970902737, 1.0, 3.9859659301254604)
17.999999999999705 (-10.887855838278632, 1.0, 4.027340942865508)
18.019999999999705 (-10.892656546962314, 1.0, 4.0715916740624305)
18.039999999999704 (-10.883745045341383, 1.0, 4.11934336552643)
18.059999999999704 (-10.861912824123737, 1.0, 4.17065504069187)
18.079999999999703 (-10.828723790423064, 1.0, 4.224827557293849)
18.099999999999703 (-10.786812678611, 1.0, 4.280041995977199)
18.119999999999703 (-10.740719345248216, 1.0, 4.334308397850115)
18.139999999999702 (-10.696665844554325, 1.0, 4.387457368932731)
18.1599999999997 (-10.66081106394865, 1.0, 4.441237535146649)
18.1799999999997 (-10.641644100569879, 1.0, 4.4924333423620455)
18.1999999999997 (-10.64183653366023, 1.0, 4.5419921576157956)
18.2199999999997 (-10.66194295957858, 1.0, 4.59168732862916)
18.2399999999997 (-10.700102336464969, 1.0, 4.64060650041816)
18.2599999999997 (-10.746807855530411, 1.0, 4.6898336726313365)
18.2799999999997 (-10.796631570024772, 1.0, 4.737370962658132)
18.2999999999997 (-10.846756600930416, 1.0, 4.780909558236931)
18.3199999999997 (-10.895354884362607, 1.0, 4.818831444620551)
18.339999999999698 (-10.941006930772046, 1.0, 4.850275033453924)
18.359999999999697 (-10.982722725639286, 1.0, 4.874815453606137)
18.379999999999697 (-11.02003626800402, 1.0, 4.892166962589097)
18.399999999999697 (-11.052981570565871, 1.0, 4.902063787355271)
18.419999999999696 (-11.082120237878149, 1.0, 4.904419423026393)
18.439999999999696 (-11.109216127246828, 1.0, 4.901110797498179)
18.459999999999695 (-11.136360583066839, 1.0, 4.894764061299215)
18.479999999999695 (-11.165380228483285, 1.0, 4.887145999256875)
18.499999999999694 (-11.198057188092946, 1.0, 4.879521359630086)
18.519999999999694 (-11.236112207106187, 1.0, 4.872826256919592)
18.539999999999694 (-11.28081636017611, 1.0, 4.8677371669252985)
18.559999999999693 (-11.333343361022791, 1.0, 4.8648502236688085)
18.579999999999693 (-11.394663966148642, 1.0, 4.864582008111121)
18.599999999999692 (-11.465553133586514, 1.0, 4.867211300213938)
18.619999999999692 (-11.546728687382311, 1.0, 4.873032641898436)
18.63999999999969 (-11.639197374501517, 1.0, 4.88240674252583)
18.65999999999969 (-11.743690385189836, 1.0, 4.894166652283391)
18.67999999999969 (-11.85980949318607, 1.0, 4.904827053799245)
18.69999999999969 (-11.986212715106316, 1.0, 4.909963179031823)
18.71999999999969 (-12.120509745606267, 1.0, 4.9049365815388075)
18.73999999999969 (-12.256209910795688, 1.0, 4.887624591015158)
18.75999999999969 (-12.382945600442058, 1.0, 4.862142987763282)
18.77999999999969 (-12.497488425580036, 1.0, 4.834045275716589)
18.799999999999688 (-12.602132176722352, 1.0, 4.807444072175743)
18.819999999999688 (-12.699089528890593, 1.0, 4.78300603508354)
18.839999999999687 (-12.789605997882976, 1.0, 4.76142972314333)
18.859999999999687 (-12.874159369431204, 1.0, 4.742612501568609)
18.879999999999686 (-12.952681319730997, 1.0, 4.726148378414541)
18.899999999999686 (-13.024777093648193, 1.0, 4.711928147994788)
18.919999999999686 (-13.090045493213877, 1.0, 4.700300870476652)
18.939999999999685 (-13.148220968567179, 1.0, 4.692094706240739)
18.959999999999685 (-13.199133260629878, 1.0, 4.6885565118505985)
18.979999999999684 (-13.242664216324675, 1.0, 4.69095138684497)
18.999999999999684 (-13.278834915911261, 1.0, 4.699981850928413)
19.019999999999683 (-13.307954928608018, 1.0, 4.715692229651589)
19.039999999999683 (-13.330250511195446, 1.0, 4.737677133069818)
19.059999999999683 (-13.346033128172007, 1.0, 4.765371594809565)
19.079999999999682 (-13.35560762550313, 1.0, 4.7984496585417356)
19.09999999999968 (-13.35943266074816, 1.0, 4.836303835824217)
19.11999999999968 (-13.358405794673862, 1.0, 4.877502849275239)
19.13999999999968 (-13.353955333569246, 1.0, 4.920471294328557)
19.15999999999968 (-13.352326559616081, 1.0, 4.956668325830978)
19.17999999999968 (-13.360521757141647, 1.0, 4.980480760595375)
19.19999999999968 (-13.381987221483275, 1.0, 4.9939681890703955)
19.21999999999968 (-13.416449947929289, 1.0, 4.99937262029335)
19.23999999999968 (-13.461528718224395, 1.0, 4.999424693265447)
19.25999999999968 (-13.511821953066267, 1.0, 4.99900672653429)
19.279999999999678 (-13.563216993206257, 1.0, 4.998911925594502)
19.299999999999677 (-13.613216408375358, 1.0, 4.997992206038285)
19.319999999999677 (-13.660177147527444, 1.0, 4.9951878572306665)
19.339999999999677 (-13.702926172987842, 1.0, 4.9899213885289715)
19.359999999999676 (-13.740669795066268, 1.0, 4.981905595047278)
19.379999999999676 (-13.773005012937189, 1.0, 4.970978404360603)
19.399999999999675 (-13.799917392151027, 1.0, 4.957013777910104)
19.419999999999675 (-13.821751529447825, 1.0, 4.9398433683012355)
19.439999999999674 (-13.8391619526614, 1.0, 4.91919199273353)
19.459999999999674 (-13.853041693694795, 1.0, 4.894641769407731)
19.479999999999674 (-13.86444290335223, 1.0, 4.865625744079628)
19.499999999999673 (-13.874494647871106, 1.0, 4.831436340852126)
19.519999999999673 (-13.884326589875299, 1.0, 4.791239118609571)
19.539999999999672 (-13.895005089197744, 1.0, 4.744071475684178)
19.559999999999672 (-13.907481129533451, 1.0, 4.68884325466341)
19.57999999999967 (-13.92262177465135, 1.0, 4.624359135164205)
19.59999999999967 (-13.94126972944506, 1.0, 4.549135688040906)
19.61999999999967 (-13.96844764113054, 1.0, 4.464675027682742)
19.63999999999967 (-14.011497950383895, 1.0, 4.374749873656991)
19.65999999999967 (-14.072350022701466, 1.0, 4.281523522623508)
19.67999999999967 (-14.150341194314153, 1.0, 4.1860054144169965)
19.69999999999967 (-14.244984040099371, 1.0, 4.0889721959221)
19.71999999999967 (-14.349622351165188, 1.0, 3.994181227349545)
19.739999999999668 (-14.45617804951167, 1.0, 3.906211313600859)
19.759999999999668 (-14.560858977004214, 1.0, 3.826866489212934)
19.779999999999667 (-14.663658821758444, 1.0, 3.7522350545325636)
19.799999999999667 (-14.76388871064372, 1.0, 3.6791794092587784)
19.819999999999666 (-14.860303186628022, 1.0, 3.607686518357935)
19.839999999999666 (-14.951751033385287, 1.0, 3.5387804807292524)
19.859999999999665 (-15.03743581959026, 1.0, 3.4738816202136875)
19.879999999999665 (-15.117014145739553, 1.0, 3.4146579022197954)
19.899999999999665 (-15.190365913320733, 1.0, 3.3628377992949)
19.919999999999664 (-15.257437580894365, 1.0, 3.319965455842495)
19.939999999999664 (-15.31841060566224, 1.0, 3.2873841515103344)
19.959999999999663 (-15.373536505684577, 1.0, 3.266412682025783)
19.979999999999663 (-15.423375595525364, 1.0, 3.2584199115401566)
19.999999999999662 (-15.46872492412052, 1.0, 3.26481454183943)
20.019999999999662 (-15.510375565996737, 1.0, 3.286234692897666)
20.03999999999966 (-15.548981758708848, 1.0, 3.322576820734761)
20.05999999999966 (-15.584937655155938, 1.0, 3.3729095030758587)
20.07999999999966 (-15.618247068564019, 1.0, 3.4351828870286245)
20.09999999999966 (-15.648403555475149, 1.0, 3.505674620552858)
20.11999999999966 (-15.67584893121014, 1.0, 3.578686842795699)
20.13999999999966 (-15.703643148107354, 1.0, 3.6478829083084956)
20.15999999999966 (-15.737211621315563, 1.0, 3.7074590362387014)
20.17999999999966 (-15.777533090462985, 1.0, 3.752884610423027)
20.19999999999966 (-15.826250998619201, 1.0, 3.7808407974097835)
20.219999999999658 (-15.884941501928923, 1.0, 3.790426513792138)
20.239999999999657 (-15.951797492943934, 1.0, 3.7825422651859992)
20.259999999999657 (-16.02293225545078, 1.0, 3.7657759128206263)
20.279999999999657 (-16.093809911437834, 1.0, 3.7446524475492273)
20.299999999999656 (-16.161018681312466, 1.0, 3.7208096797248573)
20.319999999999656 (-16.222233449562186, 1.0, 3.6953817811913416)
20.339999999999655 (-16.27604370745703, 1.0, 3.669489765278755)
20.359999999999655 (-16.32172150633536, 1.0, 3.6439873867107426)
20.379999999999654 (-16.359540097845986, 1.0, 3.619242987520744)
20.399999999999654 (-16.391079433573346, 1.0, 3.5950930915757553)
20.419999999999654 (-16.41774793086485, 1.0, 3.5710231223114413)
20.439999999999653 (-16.44055938984446, 1.0, 3.5463047315879668)
20.459999999999653 (-16.460432376509083, 1.0, 3.5199012891269525)
20.479999999999652 (-16.478094970799464, 1.0, 3.4906695690852976)
20.499999999999652 (-16.49468970722276, 1.0, 3.4578354380107412)
20.51999999999965 (-16.512549455571243, 1.0, 3.421319907909004)
20.53999999999965 (-16.534101226327344, 1.0, 3.3806451969224947)
20.55999999999965 (-16.56103139535367, 1.0, 3.334782967508311)
20.57999999999965 (-16.59442943799631, 1.0, 3.282694047386775)
20.59999999999965 (-16.635092572360517, 1.0, 3.223542190827865)
20.61999999999965 (-16.684076860136358, 1.0, 3.156429633089851)
20.63999999999965 (-16.741523231427653, 1.0, 3.0799551948569097)
20.65999999999965 (-16.80468801216258, 1.0, 2.9927300835810646)
20.679999999999648 (-16.86930064380775, 1.0, 2.89402980689436)
20.699999999999648 (-16.93017900270254, 1.0, 2.783651824220624)
20.719999999999647 (-16.982186766110274, 1.0, 2.6622961402506196)
20.739999999999647 (-17.021786546336855, 1.0, 2.534821849392299)
20.759999999999646 (-17.049003127540704, 1.0, 2.410030892701319)
20.779999999999646 (-17.067861368899433, 1.0, 2.2947740872655484)
20.799999999999645 (-17.0838657075476, 1.0, 2.1914121449642083)
20.819999999999645 (-17.098742135130912, 1.0, 2.0969870219825806)
20.839999999999645 (-17.113930946311697, 1.0, 2.010118020354125)
20.859999999999644 (-17.129861108615895, 1.0, 1.9299770309047901)
20.879999999999644 (-17.14617433250223, 1.0, 1.8560850778514264)
20.899999999999643 (-17.162240882538654, 1.0, 1.788593290079825)
20.919999999999643 (-17.177834017505887, 1.0, 1.727957355153124)
20.939999999999642 (-17.193272921820096, 1.0, 1.6746643695076362)
20.959999999999642 (-17.209103566593665, 1.0, 1.6291987972000976)
20.97999999999964 (-17.226113455221657, 1.0, 1.592068719555684)
20.99999999999964 (-17.24525694929038, 1.0, 1.5637463760362658)
21.01999999999964 (-17.266993808061546, 1.0, 1.5443442075929772)
21.03999999999964 (-17.291065434682388, 1.0, 1.5334404352878268)
21.05999999999964 (-17.31671111237228, 1.0, 1.5303038007807586)
21.07999999999964 (-17.343233404916397, 1.0, 1.5342653303389426)
21.09999999999964 (-17.37048578453644, 1.0, 1.5449513288217345)
21.11999999999964 (-17.398146255370463, 1.0, 1.5613039996007103)
21.139999999999638 (-17.425804359289874, 1.0, 1.581758616899196)
21.159999999999638 (-17.448134113918986, 1.0, 1.5958009442010677)
21.179999999999637 (-17.464909329373427, 1.0, 1.5963424348074777)
21.199999999999637 (-17.479195899640203, 1.0, 1.5818022820090032)
21.219999999999636 (-17.492013488281312, 1.0, 1.553443396167052)
21.239999999999636 (-17.505529159369278, 1.0, 1.5153553177205896)
21.259999999999636 (-17.521250257626743, 1.0, 1.4735183056501646)
21.279999999999635 (-17.538785499930896, 1.0, 1.4316683333277702)
21.299999999999635 (-17.556241237707162, 1.0, 1.3909221484600551)
21.319999999999634 (-17.57153674553272, 1.0, 1.3517035269745228)
21.339999999999634 (-17.583465168014264, 1.0, 1.3145456349657245)
21.359999999999634 (-17.591354763741126, 1.0, 1.2799519354247555)
21.379999999999633 (-17.594793131893404, 1.0, 1.2481851873927572)
21.399999999999633 (-17.593575755397946, 1.0, 1.2192030648029115)
21.419999999999632 (-17.58765670736356, 1.0, 1.192646849399789)
21.439999999999632 (-17.577071588147255, 1.0, 1.1678502204541004)
21.45999999999963 (-17.561872403995565, 1.0, 1.1438719516737443)
21.47999999999963 (-17.542083284457867, 1.0, 1.119552259332633)
21.49999999999963 (-17.517672132582003, 1.0, 1.0935843260003664)
21.51999999999963 (-17.488534185209417, 1.0, 1.064588697835805)
21.53999999999963 (-17.454484889389533, 1.0, 1.0311798268545158)
21.55999999999963 (-17.41525975081238, 1.0, 0.9920164336536739)
21.57999999999963 (-17.3705187156001, 1.0, 0.9458295861442247)
21.59999999999963 (-17.319852864012457, 1.0, 0.8914248578973625)
21.619999999999628 (-17.262790524469843, 1.0, 0.827656588647045)
21.639999999999628 (-17.198797371822177, 1.0, 0.7533713663200953)
21.659999999999627 (-17.127260554681744, 1.0, 0.6673124362640913)
21.679999999999627 (-17.047691469015295, 1.0, 0.5677401587024814)
21.699999999999626 (-16.96877130550099, 1.0, 0.4500079257663502)
21.719999999999626 (-16.90075584416139, 1.0, 0.3228365192290669)
21.739999999999625 (-16.84715655271626, 1.0, 0.19290664103991678)
21.759999999999625 (-16.80539706337799, 1.0, 0.06435094130004329)
21.779999999999625 (-16.76895442019578, 1.0, -0.06450825549421874)
21.799999999999624 (-16.73525057738069, 1.0, -0.19341496319994197)
21.819999999999624 (-16.704197592208818, 1.0, -0.3198445853405446)
21.839999999999623 (-16.676350830280597, 1.0, -0.44095868791161)
21.859999999999623 (-16.65240014700083, 1.0, -0.5542876571381427)
21.879999999999622 (-16.633139373158674, 1.0, -0.6578915193351151)
21.899999999999622 (-16.619490787954746, 1.0, -0.7503511739392258)
21.91999999999962 (-16.612528032498936, 1.0, -0.8307534271364123)
21.93999999999962 (-16.61349398159101, 1.0, -0.8986086551379087)
21.95999999999962 (-16.62387244830887, 1.0, -0.9537354027983374)
21.97999999999962 (-16.64527230515616, 1.0, -0.996211264199815)
21.99999999999962 (-16.679125708485394, 1.0, -1.026387949144488)
22.01999999999962 (-16.726251344419737, 1.0, -1.0449390843731787)
22.03999999999962 (-16.786850987750153, 1.0, -1.0527269391396639)
22.05999999999962 (-16.860322081465466, 1.0, -1.0507389622642882)
22.079999999999618 (-16.944840624903435, 1.0, -1.0400910445984748)
22.099999999999618 (-17.036815337635048, 1.0, -1.022503422301886)
22.119999999999617 (-17.130518434388343, 1.0, -1.0023129704429155)
22.139999999999617 (-17.221182473750673, 1.0, -0.985657798335024)
22.159999999999616 (-17.30624493918524, 1.0, -0.9798111844573254)
22.179999999999616 (-17.383641181450255, 1.0, -0.987983968871558)
22.199999999999616 (-17.44891411964119, 1.0, -1.013999022739777)
22.219999999999615 (-17.501232102079143, 1.0, -1.0599028127299397)
22.239999999999615 (-17.540660380924987, 1.0, -1.1237968681422033)
22.259999999999614 (-17.572138125283846, 1.0, -1.1981350361014642)
22.279999999999614 (-17.59826863126253, 1.0, -1.276040139293745)
22.299999999999613 (-17.619053584796912, 1.0, -1.352968142465405)
22.319999999999613 (-17.634576572739196, 1.0, -1.4261009062723375)
22.339999999999613 (-17.645645654569837, 1.0, -1.4939769820114552)
22.359999999999612 (-17.653416942043624, 1.0, -1.5564876523590736)
22.37999999999961 (-17.658942554184794, 1.0, -1.6143291854846484)
22.39999999999961 (-17.662805828206736, 1.0, -1.6681805763261606)
22.41999999999961 (-17.66525249450929, 1.0, -1.7188810752376948)
22.43999999999961 (-17.666268551864587, 1.0, -1.7674951108598231)
22.45999999999961 (-17.665639997978598, 1.0, -1.8151312520913698)
22.47999999999961 (-17.6630203169821, 1.0, -1.8629679526668126)
22.49999999999961 (-17.65796851462687, 1.0, -1.912281025736856)
22.51999999999961 (-17.649950787902032, 1.0, -1.9643035246837144)
22.53999999999961 (-17.63838856474871, 1.0, -2.020164322463137)
22.559999999999608 (-17.619477534089594, 1.0, -2.0871510715756023)
22.579999999999607 (-17.594985099127772, 1.0, -2.160222206294057)
22.599999999999607 (-17.567205665831978, 1.0, -2.2358580958400527)
22.619999999999607 (-17.538216442834447, 1.0, -2.3150084075470496)
22.639999999999606 (-17.50369536802369, 1.0, -2.401265680004285)
22.659999999999606 (-17.458852931873853, 1.0, -2.495828956499645)
22.679999999999605 (-17.401988524832685, 1.0, -2.5930393820936604)
22.699999999999605 (-17.331558317515753, 1.0, -2.687870217268706)
22.719999999999605 (-17.247351068675947, 1.0, -2.776940192998704)
22.739999999999604 (-17.152487426520427, 1.0, -2.8573591630092587)
22.759999999999604 (-17.053261292920638, 1.0, -2.9273142945734145)
22.779999999999603 (-16.958599908844654, 1.0, -2.9864695896979483)
22.799999999999603 (-16.87406359845359, 1.0, -3.037479126216725)
22.819999999999602 (-16.79871496982716, 1.0, -3.083680339846162)
22.839999999999602 (-16.731242311525868, 1.0, -3.1267021584770776)
22.8599999999996 (-16.670715210996253, 1.0, -3.16778375682586)
22.8799999999996 (-16.616295077867978, 1.0, -3.20765418182667)
22.8999999999996 (-16.567542752589056, 1.0, -3.245874632953323)
22.9199999999996 (-16.52460388411016, 1.0, -3.281564569722992)
22.9399999999996 (-16.487990151684834, 1.0, -3.314207716023113)
22.9599999999996 (-16.458354422796916, 1.0, -3.3438372188466787)
22.9799999999996 (-16.436298365559292, 1.0, -3.370660189529444)
22.9999999999996 (-16.422201257496557, 1.0, -3.394810105173135)
23.019999999999598 (-16.416028242505533, 1.0, -3.4162816767784876)
23.039999999999598 (-16.41723514899761, 1.0, -3.434886411468056)
23.059999999999597 (-16.4247079611975, 1.0, -3.4500720110383316)
23.079999999999597 (-16.43746190857814, 1.0, -3.4611077291506316)
23.099999999999596 (-16.455277756840495, 1.0, -3.4676736452251853)
23.119999999999596 (-16.47741425208622, 1.0, -3.4701311778878536)
23.139999999999596 (-16.502826197620845, 1.0, -3.4692852703387067)
23.159999999999595 (-16.517639293834478, 1.0, -3.4660771332043927)
23.179999999999595 (-16.519407715762743, 1.0, -3.463941383598661)
23.199999999999594 (-16.509273439591713, 1.0, -3.4662413540388934)
23.219999999999594 (-16.488538442639378, 1.0, -3.472866999989823)
23.239999999999593 (-16.462038764315565, 1.0, -3.4844684615788912)
23.259999999999593 (-16.43497058668549, 1.0, -3.4998329327326245)
23.279999999999593 (-16.41018171642219, 1.0, -3.5171048884548637)
23.299999999999592 (-16.38826429228895, 1.0, -3.53514496297486)
23.31999999999959 (-16.368565235555575, 1.0, -3.5535181809500473)
23.33999999999959 (-16.349385519666285, 1.0, -3.571027926407725)
23.35999999999959 (-16.329530105437385, 1.0, -3.5863345260683803)
23.37999999999959 (-16.308715663350945, 1.0, -3.5986388572155534)
23.39999999999959 (-16.286835366389838, 1.0, -3.6074776108958453)
23.41999999999959 (-16.26365032156812, 1.0, -3.6125897161859752)
23.43999999999959 (-16.238617406995022, 1.0, -3.6140946611537887)
23.45999999999959 (-16.210950596857636, 1.0, -3.6123347268197405)
23.47999999999959 (-16.179870438168088, 1.0, -3.6075387511941868)
23.499999999999588 (-16.145151967545637, 1.0, -3.599829627768479)
23.519999999999587 (-16.105066257984674, 1.0, -3.591143404052196)
23.539999999999587 (-16.057555765966885, 1.0, -3.5816346417665548)
23.559999999999587 (-16.004096270579176, 1.0, -3.566126333430682)
23.579999999999586 (-15.943234784467982, 1.0, -3.5415036089617895)
23.599999999999586 (-15.872437936835421, 1.0, -3.5087598634468122)
23.619999999999585 (-15.789272096168398, 1.0, -3.4699985880698367)
23.639999999999585 (-15.691335245331176, 1.0, -3.4271948310525238)
23.659999999999584 (-15.576116327348204, 1.0, -3.3823803177244205)
23.679999999999584 (-15.441325789543855, 1.0, -3.338153257331237)
23.699999999999584 (-15.29332755591252, 1.0, -3.3037500926927432)
23.719999999999583 (-15.14124303291093, 1.0, -3.286952022994811)
23.739999999999583 (-14.99454784579447, 1.0, -3.2902678765902778)
23.759999999999582 (-14.852960426526998, 1.0, -3.3065627681753837)
23.779999999999582 (-14.713307313230262, 1.0, -3.3314661475453793)
23.79999999999958 (-14.575558633030587, 1.0, -3.3630612712666026)
23.81999999999958 (-14.442527096857567, 1.0, -3.398362745152544)
23.83999999999958 (-14.317900451240986, 1.0, -3.4352157117607884)
23.85999999999958 (-14.205220639474536, 1.0, -3.472402437365617)
23.87999999999958 (-14.107186190733914, 1.0, -3.509281158938978)
23.89999999999958 (-14.025758928440318, 1.0, -3.5457751243781903)
23.91999999999958 (-13.962339959971105, 1.0, -3.582309584579318)
23.93999999999958 (-13.917789893193724, 1.0, -3.6196738626323963)
23.959999999999578 (-13.89242788502992, 1.0, -3.658896266860056)
23.979999999999578 (-13.886112952227391, 1.0, -3.7011343793214655)
23.999999999999577 (-13.898341819582297, 1.0, -3.7475394291051725)
24.019999999999577 (-13.92829132837293, 1.0, -3.7991788159077777)
24.039999999999576 (-13.97523097963368, 1.0, -3.8572006510867496)
24.059999999999576 (-14.037866227910403, 1.0, -3.9221680689984915)
24.079999999999576 (-14.114149463765244, 1.0, -3.9937675722032298)
24.099999999999575 (-14.200433299681702, 1.0, -4.07097740268474)
24.119999999999575 (-14.290500727564295, 1.0, -4.152334875651891)
24.139999999999574 (-14.376131345916868, 1.0, -4.236442417626342)
24.159999999999574 (-14.446515954625701, 1.0, -4.3232418665650165)
24.179999999999573 (-14.494737565917934, 1.0, -4.4121305281114)
24.199999999999573 (-14.51558369174765, 1.0, -4.5015030379117125)
24.219999999999573 (-14.508512319795194, 1.0, -4.591010484098978)
24.239999999999572 (-14.47632023738465, 1.0, -4.679082819051524)
24.25999999999957 (-14.430957441434261, 1.0, -4.765835370465214)
24.27999999999957 (-14.378996716159056, 1.0, -4.848791549284738)
24.29999999999957 (-14.323411565821042, 1.0, -4.925884472749179)
24.31999999999957 (-14.266321390441922, 1.0, -4.996732394848705)
24.33999999999957 (-14.209127894720153, 1.0, -5.062339318833452)
24.35999999999957 (-14.152790894456071, 1.0, -5.123795928120644)
24.37999999999957 (-14.097750829587907, 1.0, -5.182123379753382)
24.39999999999957 (-14.043983788073703, 1.0, -5.238263674882985)
24.41999999999957 (-13.991035194028047, 1.0, -5.293084924096568)
24.439999999999568 (-13.937929488014793, 1.0, -5.34713042807534)
24.459999999999567 (-13.883383532823448, 1.0, -5.399383913108194)
24.479999999999567 (-13.826851268002232, 1.0, -5.447936465772976)
24.499999999999567 (-13.761301759137863, 1.0, -5.493598280494164)
24.519999999999566 (-13.680251470154928, 1.0, -5.536780774070912)
24.539999999999566 (-13.600439749302648, 1.0, -5.572896634429033)
24.559999999999565 (-13.523091950794962, 1.0, -5.60392618453635)
24.579999999999565 (-13.44650888170942, 1.0, -5.630697332438927)
24.599999999999564 (-13.368544519432842, 1.0, -5.6540964106317775)
24.619999999999564 (-13.28819966269263, 1.0, -5.676273758297016)
24.639999999999564 (-13.205576242933336, 1.0, -5.696061059147387)
24.659999999999563 (-13.118358739106224, 1.0, -5.707966154661063)
24.679999999999563 (-13.024696430540065, 1.0, -5.707651360880517)
24.699999999999562 (-12.92824644871348, 1.0, -5.693717027042496)
24.719999999999562 (-12.830691884717428, 1.0, -5.666327243713791)
24.73999999999956 (-12.732921306656152, 1.0, -5.625934787338533)
24.75999999999956 (-12.63765337171724, 1.0, -5.574650629043747)
24.77999999999956 (-12.550942044470341, 1.0, -5.518662498004241)
24.79999999999956 (-12.47548436395381, 1.0, -5.4644378393692525)
24.81999999999956 (-12.410864783299944, 1.0, -5.41740981429736)
24.83999999999956 (-12.354422897368641, 1.0, -5.375795364419275)
24.85999999999956 (-12.30428274922392, 1.0, -5.339461347143424)
24.87999999999956 (-12.258876195781438, 1.0, -5.308275052905619)
24.899999999999558 (-12.217329413133818, 1.0, -5.282141098628911)
24.919999999999558 (-12.179566883907908, 1.0, -5.261073876092773)
24.939999999999557 (-12.146057463593326, 1.0, -5.245241973403253)
24.959999999999557 (-12.117489241052457, 1.0, -5.234935938153703)
24.979999999999556 (-12.094478910783739, 1.0, -5.230448669050876)
24.999999999999556 (-12.077353570134397, 1.0, -5.23186781379251)
25.019999999999555 (-12.066415755642096, 1.0, -5.238614973265196)
25.039999999999555 (-12.061994731457357, 1.0, -5.249143292965978)
25.059999999999555 (-12.064159654312737, 1.0, -5.260815680679542)
25.079999999999554 (-12.073349846464358, 1.0, -5.272065352108648)
25.099999999999554 (-12.090231609539035, 1.0, -5.283193022007351)
25.119999999999553 (-12.114271498764003, 1.0, -5.2940411759740735)
25.139999999999553 (-12.141417272369976, 1.0, -5.299904666905719)
25.159999999999553 (-12.165489949080266, 1.0, -5.294762634751961)
25.179999999999552 (-12.183168122839763, 1.0, -5.281092959671438)
25.19999999999955 (-12.192859970601052, 1.0, -5.2616214181399314)
25.21999999999955 (-12.195589845189359, 1.0, -5.236837678473847)
25.23999999999955 (-12.192900861139329, 1.0, -5.211209433847249)
25.25999999999955 (-12.18719959113233, 1.0, -5.187727540761346)
25.27999999999955 (-12.180993565858564, 1.0, -5.1675292576403855)
25.29999999999955 (-12.175966060497533, 1.0, -5.1507158270430216)
25.31999999999955 (-12.172379906374665, 1.0, -5.136778973156394)
25.33999999999955 (-12.169666404422085, 1.0, -5.125105187198123)
25.35999999999955 (-12.16681946274423, 1.0, -5.115137129813524)
25.379999999999548 (-12.162578783200619, 1.0, -5.10605837214567)
25.399999999999547 (-12.15594917699631, 1.0, -5.095897871923467)
25.419999999999547 (-12.146797414996183, 1.0, -5.082279483011197)
25.439999999999547 (-12.139810753443113, 1.0, -5.06341624578878)
25.459999999999546 (-12.13817653485798, 1.0, -5.036892599701602)
25.479999999999546 (-12.142255334721062, 1.0, -5.001102841176142)
25.499999999999545 (-12.148518576005678, 1.0, -4.957139305660309)
25.519999999999545 (-12.15333257615567, 1.0, -4.904426254787726)
25.539999999999544 (-12.154947294451448, 1.0, -4.840179045267791)
25.559999999999544 (-12.152003846491764, 1.0, -4.762422673372558)
25.579999999999544 (-12.142498711639165, 1.0, -4.671489738460117)
25.599999999999543 (-12.124618869587437, 1.0, -4.56672448553556)
25.619999999999543 (-12.095415539130594, 1.0, -4.447232347971418)
25.639999999999542 (-12.051288847106024, 1.0, -4.312824789166724)
25.659999999999542 (-11.989799446785312, 1.0, -4.170853064750846)
25.67999999999954 (-11.911249788952551, 1.0, -4.032160504497511)
25.69999999999954 (-11.81971444033574, 1.0, -3.904060451459397)
25.71999999999954 (-11.72003266071399, 1.0, -3.7874771927947783)
25.73999999999954 (-11.61480423457933, 1.0, -3.6805310889918257)
25.75999999999954 (-11.503474628642325, 1.0, -3.583233061466928)
25.77999999999954 (-11.388034306008377, 1.0, -3.4966392959989534)
25.79999999999954 (-11.272499155305711, 1.0, -3.420978423890215)
25.81999999999954 (-11.161031389649894, 1.0, -3.3557389113528235)
25.839999999999538 (-11.057217976543715, 1.0, -3.300279714409083)
25.859999999999538 (-10.96386981721595, 1.0, -3.25475845840508)
25.879999999999537 (-10.882968909773899, 1.0, -3.220285636432168)
25.899999999999537 (-10.815535032457843, 1.0, -3.1986319995363393)
25.919999999999536 (-10.76169768845329, 1.0, -3.19168093577588)
25.939999999999536 (-10.72098201633505, 1.0, -3.200937840555077)
25.959999999999535 (-10.69247645996205, 1.0, -3.2276786995080022)
25.979999999999535 (-10.674936392821692, 1.0, -3.2729485770299553)
25.999999999999535 (-10.666918793504303, 1.0, -3.3374985530756467)
26.019999999999534 (-10.666912153149056, 1.0, -3.421767607340035)
26.039999999999534 (-10.67353658948594, 1.0, -3.525679152705459)
26.059999999999533 (-10.685700720011102, 1.0, -3.6481669177387235)
26.079999999999533 (-10.699983266647195, 1.0, -3.7801263676927563)
26.099999999999532 (-10.711163757304417, 1.0, -3.9107962740353126)
26.119999999999532 (-10.717003164468055, 1.0, -4.037772857710894)
26.13999999999953 (-10.715635199094995, 1.0, -4.1606064501119615)
26.15999999999953 (-10.70087491878604, 1.0, -4.273300085051105)
26.17999999999953 (-10.666879828783859, 1.0, -4.375427828189678)
26.19999999999953 (-10.609651658701509, 1.0, -4.458722928970634)
26.21999999999953 (-10.53074733275673, 1.0, -4.521279000751457)
26.23999999999953 (-10.435273685630838, 1.0, -4.565823824647499)
26.25999999999953 (-10.331511523364611, 1.0, -4.599434689362866)
26.27999999999953 (-10.224770038833386, 1.0, -4.624797546795379)
26.299999999999528 (-10.117873116732381, 1.0, -4.642791480646706)
26.319999999999528 (-10.01209808775192, 1.0, -4.654704039274923)
26.339999999999527 (-9.907915347983652, 1.0, -4.661845593121877)
26.359999999999527 (-9.805284519290057, 1.0, -4.665695373532686)
26.379999999999526 (-9.70393229281517, 1.0, -4.667666629289987)
26.399999999999526 (-9.604635410933264, 1.0, -4.668036483342708)
26.419999999999526 (-9.508401047940357, 1.0, -4.665556003053009)
26.439999999999525 (-9.416138305506578, 1.0, -4.6604228425205045)
26.459999999999525 (-9.327914109200664, 1.0, -4.653444219085424)
26.479999999999524 (-9.222899876611168, 1.0, -4.626189176379383)
26.499999999999524 (-9.123108334981318, 1.0, -4.590839991570951)
26.519999999999524 (-9.03163211184388, 1.0, -4.555158879293842)
26.539999999999523 (-8.946775484966846, 1.0, -4.527981277296981)
26.559999999999523 (-8.863774688768256, 1.0, -4.513611902621455)
26.579999999999522 (-8.779619636318724, 1.0, -4.5065475667714505)
26.599999999999522 (-8.699505255965132, 1.0, -4.501940785469102)
26.61999999999952 (-8.63043105897813, 1.0, -4.493063156473623)
26.63999999999952 (-8.562119579985032, 1.0, -4.475289249115649)
26.65999999999952 (-8.487673478432688, 1.0, -4.4449260741801275)
26.67999999999952 (-8.427360117272668, 1.0, -4.396561410143072)
26.69999999999952 (-8.384608591737555, 1.0, -4.333728709788596)
26.71999999999952 (-8.360939796061311, 1.0, -4.259020375126387)
26.73999999999952 (-8.357941343156504, 1.0, -4.17344266524841)
26.75999999999952 (-8.375496182956299, 1.0, -4.077518071075674)
26.779999999999518 (-8.404117564560353, 1.0, -3.9804556787480965)
26.799999999999518 (-8.436445468098073, 1.0, -3.8875931976997937)
26.819999999999517 (-8.469923570882203, 1.0, -3.801854359788341)
26.839999999999517 (-8.505778732687633, 1.0, -3.7233558880304805)
26.859999999999516 (-8.542952446356898, 1.0, -3.6522340220002483)
26.879999999999516 (-8.579480322642688, 1.0, -3.5878818666518266)
26.899999999999515 (-8.613436868223905, 1.0, -3.5301970997403203)
26.919999999999515 (-8.643370006126755, 1.0, -3.4800881024995207)
26.939999999999515 (-8.66835337559932, 1.0, -3.438927564551301)
26.959999999999514 (-8.687864261039936, 1.0, -3.408067936779197)
26.979999999999514 (-8.701706462182749, 1.0, -3.3885553701902653)
26.999999999999513 (-8.710011464200807, 1.0, -3.3806997529521254)
27.019999999999513 (-8.713209619233881, 1.0, -3.3841245228239316)
27.039999999999512 (-8.712220536175243, 1.0, -3.3974107455230627)
27.059999999999512 (-8.708407418129664, 1.0, -3.418031661196087)
27.07999999999951 (-8.703056466095491, 1.0, -3.4435719697946934)
27.09999999999951 (-8.700862536230721, 1.0, -3.4724277778542465)
27.11999999999951 (-8.706031807007394, 1.0, -3.505769988890866)
27.13999999999951 (-8.717666411799861, 1.0, -3.5464497117825093)
27.15999999999951 (-8.73575737950811, 1.0, -3.583875227704824)
27.17999999999951 (-8.758308808245845, 1.0, -3.609812078991917)
27.19999999999951 (-8.782729326459142, 1.0, -3.6232798625058744)
27.21999999999951 (-8.809323380320523, 1.0, -3.62514151310135)
27.239999999999508 (-8.836160990162, 1.0, -3.620012651683323)
27.259999999999508 (-8.861647579590844, 1.0, -3.6117385829815483)
27.279999999999507 (-8.885232680533564, 1.0, -3.602677643312031)
27.299999999999507 (-8.907223789352477, 1.0, -3.5940856725906998)
27.319999999999506 (-8.928327241254499, 1.0, -3.586629404237558)
27.339999999999506 (-8.94930300357899, 1.0, -3.5804459115497953)
27.359999999999506 (-8.97109258912315, 1.0, -3.575343248764394)
27.379999999999505 (-8.994577129580955, 1.0, -3.570718323116198)
27.399999999999505 (-9.020439604327311, 1.0, -3.565609798401067)
27.419999999999504 (-9.049202515058214, 1.0, -3.5588681028911897)
27.439999999999504 (-9.08096571897059, 1.0, -3.549178932753601)
27.459999999999503 (-9.115450218862618, 1.0, -3.535097721736089)
27.479999999999503 (-9.152131923670364, 1.0, -3.5151329502075233)
27.499999999999503 (-9.190868915958108, 1.0, -3.4874570525693236)
27.519999999999502 (-9.232802694890461, 1.0, -3.449660566547801)
27.5399999999995 (-9.278938850550688, 1.0, -3.3995414008150617)
27.5599999999995 (-9.32916762764486, 1.0, -3.3349247699037967)
27.5799999999995 (-9.380114622524655, 1.0, -3.254841043939572)
27.5999999999995 (-9.429653197184065, 1.0, -3.1576731968333216)
27.6199999999995 (-9.478556424501665, 1.0, -3.0396442732549125)
27.6399999999995 (-9.523321029406425, 1.0, -2.9015361298190316)
27.6599999999995 (-9.556264959170976, 1.0, -2.752811716610775)
27.6799999999995 (-9.574997541401158, 1.0, -2.6008739310914883)
27.6999999999995 (-9.581288997666173, 1.0, -2.45197829625411)
27.719999999999498 (-9.57970755864678, 1.0, -2.306290358793693)
27.739999999999498 (-9.571176362567845, 1.0, -2.163055486193853)
27.759999999999497 (-9.553645309300018, 1.0, -2.024136004584675)
27.779999999999497 (-9.527023538498643, 1.0, -1.893608457844869)
27.799999999999496 (-9.493346518272979, 1.0, -1.7745634930746645)
27.819999999999496 (-9.455428780968125, 1.0, -1.6686572708444076)
27.839999999999495 (-9.416433171051965, 1.0, -1.5766447330619173)
27.859999999999495 (-9.379021144629137, 1.0, -1.499473925034576)
27.879999999999495 (-9.34419763827786, 1.0, -1.4390444430662837)
27.899999999999494 (-9.31147812710289, 1.0, -1.3972755125564853)
27.919999999999494 (-9.279628289995053, 1.0, -1.3755639072885069)
27.939999999999493 (-9.246952101355502, 1.0, -1.3748302154261294)
27.959999999999493 (-9.211625728920364, 1.0, -1.3954228886923241)
27.979999999999492 (-9.172106609893197, 1.0, -1.4370783856484823)
27.999999999999492 (-9.12704823056555, 1.0, -1.49915913226133)
28.01999999999949 (-9.074983423456018, 1.0, -1.581169815882692)
28.03999999999949 (-9.01485992325031, 1.0, -1.6823449091934268)
28.05999999999949 (-8.946831705049947, 1.0, -1.8003894191357874)
28.07999999999949 (-8.874562764882675, 1.0, -1.9218918975881065)
28.09999999999949 (-8.7999626452897, 1.0, -2.0368890236887096)
28.11999999999949 (-8.722526775017206, 1.0, -2.1434094303679565)
28.13999999999949 (-8.641263973642896, 1.0, -2.239904308460395)
28.15999999999949 (-8.552239287104376, 1.0, -2.322412003621445)
28.179999999999488 (-8.453378926965488, 1.0, -2.3804487260256213)
28.199999999999488 (-8.347951197434048, 1.0, -2.4072589851801505)
28.219999999999487 (-8.238715172288401, 1.0, -2.4035296760857388)
28.239999999999487 (-8.127649992430158, 1.0, -2.3790087275293317)
28.259999999999486 (-8.017337955438629, 1.0, -2.342046866118315)
28.279999999999486 (-7.910610459679369, 1.0, -2.295893281339439)
28.299999999999486 (-7.809102913646971, 1.0, -2.2424855446071543)
28.319999999999485 (-7.712790502833017, 1.0, -2.18375947238413)
28.339999999999485 (-7.620751803621521, 1.0, -2.121391013229753)
28.359999999999484 (-7.532220495918663, 1.0, -2.056671960476493)
28.379999999999484 (-7.447668957297232, 1.0, -1.9907880828504068)
28.399999999999483 (-7.367466624016926, 1.0, -1.9250776935082312)
28.419999999999483 (-7.2912327153688965, 1.0, -1.8607523719952115)
28.439999999999483 (-7.218248101815386, 1.0, -1.7986910025663387)
28.459999999999482 (-7.147681817253409, 1.0, -1.7394531459054252)
28.47999999999948 (-7.068492920112333, 1.0001082462458466, -1.658479922124715)
28.49999999999948 (-6.986089666188006, 1.0000995544457443, -1.5918532861269379)
28.51999999999948 (-6.91074484968888, 1.0000637720119658, -1.5430331666998474)
28.53999999999948 (-6.8403887406095585, 1.0000595156231147, -1.5032331111604795)
28.55999999999948 (-6.7744493757214475, 1.0000797027839752, -1.4682491403986746)
28.57999999999948 (-6.71441870123912, 1.0001023820109534, -1.4378563474797148)
28.59999999999948 (-6.656833222299957, 1.0001168200784358, -1.4023590833064412)
28.61999999999948 (-6.586836362488602, 1.0001268359402131, -1.352269979727116)
28.63999999999948 (-6.516748879355644, 1.000133733347449, -1.2966711472065529)
28.659999999999478 (-6.4698341081923205, 1.0001382384031576, -1.2415191809745239)
28.679999999999477 (-6.449571353525093, 1.000140836892632, -1.1859130308481622)
28.699999999999477 (-6.454464194111716, 1.000142293317481, -1.1311111372552067)
28.719999999999477 (-6.485331666471837, 1.0001438896279307, -1.0852835996830599)
28.739999999999476 (-6.543435537520267, 1.0001461433965075, -1.0506190921677276)
28.759999999999476 (-6.6301984878154006, 1.0001488538800447, -1.022716379056061)
28.779999999999475 (-6.732950514353571, 1.0001511423463332, -0.9935258363037018)
28.799999999999475 (-6.838849977938213, 1.0001524351301634, -0.9597328066340729)
28.819999999999474 (-6.945948810117385, 1.000152736997567, -0.924271428667847)
28.839999999999474 (-7.053572634973822, 1.000152043122991, -0.8897685597164026)
28.859999999999474 (-7.159386579635219, 1.0001502736615504, -0.8569916789856771)
28.879999999999473 (-7.260835601192972, 1.0001474119537188, -0.8262232828340839)
28.899999999999473 (-7.355375757726878, 1.000143582841722, -0.7983721486851688)
28.919999999999472 (-7.440446754552458, 1.0001390242705988, -0.7746383023712278)
28.939999999999472 (-7.513361965168959, 1.0001340303361461, -0.7561478556341321)
28.95999999999947 (-7.5717344010467915, 1.0001289538629734, -0.7444702787019338)
28.97999999999947 (-7.614048750863938, 1.000124104970847, -0.7410880994077049)
28.99999999999947 (-7.6396313226339805, 1.0001196918301563, -0.747015000137244)
29.01999999999947 (-7.648876483957161, 1.0001157684636006, -0.7622706029793543)
29.03999999999947 (-7.643677078072901, 1.0001122060220933, -0.7856377816500508)
29.05999999999947 (-7.627002791074296, 1.0001087019118085, -0.8147368241225544)
29.07999999999947 (-7.602018150752031, 1.0001047998823092, -0.8469889344215369)
29.09999999999947 (-7.572750157651286, 1.0001001230656266, -0.8807996431201952)
29.119999999999468 (-7.546676198713788, 1.0000949573516087, -0.9191099754707721)
29.139999999999468 (-7.524137202215256, 1.0000900325436586, -0.9659289037232649)
29.159999999999467 (-7.505802485772238, 1.0000853346717784, -1.0190030785745885)
29.179999999999467 (-7.498050022785784, 1.0000798484318036, -1.0652049821897567)
29.199999999999466 (-7.501446183462027, 1.0000736045285414, -1.1003856206669116)
29.219999999999466 (-7.515931369745288, 1.0000670482618876, -1.1253740607228737)
29.239999999999466 (-7.536790108831498, 1.0000607497584422, -1.1435300034360374)
29.259999999999465 (-7.559977537114038, 1.0000550793287908, -1.1575897275940592)
29.279999999999465 (-7.583359709732824, 1.0000501899467151, -1.1693872939730061)
29.299999999999464 (-7.606238153658319, 1.0000460861897111, -1.1802627438708049)
29.319999999999464 (-7.628597323466379, 1.000042684207819, -1.1912237229774536)
29.339999999999463 (-7.65086240685447, 1.0000398683450473, -1.2029987131894626)
29.359999999999463 (-7.6737782282388, 1.0000375375111892, -1.2160061242854636)
29.379999999999463 (-7.698285250575331, 1.0000356394682821, -1.2303210857320388)
29.399999999999462 (-7.725386507199845, 1.0000341816920322, -1.2456755541341322)
29.41999999999946 (-7.755993669515802, 1.0000332145232695, -1.2613974062161526)
29.43999999999946 (-7.79087819700678, 1.0000328037755135, -1.2764961325743687)
29.45999999999946 (-7.830575822186902, 1.0000330017282757, -1.2897206450922798)
29.47999999999946 (-7.875366787663517, 1.000033824649392, -1.2996099027875947)
29.49999999999946 (-7.925342443217372, 1.0000352498395857, -1.3045815924409288)
29.51999999999946 (-7.980512046424432, 1.0000372261243768, -1.303005728483157)
29.53999999999946 (-8.041042412826684, 1.0000396910102343, -1.2932326638148421)
29.55999999999946 (-8.107784654890265, 1.0000425871400953, -1.2735808745194237)
29.57999999999946 (-8.18256530930573, 1.000045868081526, -1.2422917419019357)
29.599999999999458 (-8.266927460305443, 1.0000494951949463, -1.1973211639774866)
29.619999999999457 (-8.361715558278938, 1.0000533974729562, -1.1360520912484076)
29.639999999999457 (-8.466472105888645, 1.0000574168963927, -1.0556439500568933)
29.659999999999457 (-8.57195257787214, 1.000061127541516, -0.9580236375384893)
29.679999999999456 (-8.669684354153052, 1.000064288596271, -0.8476230141253109)
29.699999999999456 (-8.754974989172009, 1.0000670072256221, -0.7308800473079764)
29.719999999999455 (-8.829900419715376, 1.0000696283713713, -0.6116603663481076)
29.739999999999455 (-8.896765163338609, 1.0000724690270317, -0.49206170387197307)
29.759999999999454 (-8.954605112767045, 1.0000757112657714, -0.3714861868502709)
29.779999999999454 (-9.000399222336577, 1.0000795474280888, -0.2520669920885473)
29.799999999999454 (-9.03347294216894, 1.0000839724482118, -0.13769264301921474)
29.819999999999453 (-9.054771249967066, 1.0000887475139273, -0.031558360298798285)
29.839999999999453 (-9.065998806552924, 1.0000935495061536, 0.06384852185158835)
29.859999999999452 (-9.068825707210834, 1.0000981002386073, 0.14643338923446164)
29.879999999999452 (-9.063993536850491, 1.0001022707403422, 0.21441833223721146)
29.89999999999945 (-9.05106323574383, 1.0001061101324082, 0.26634022263185486)
29.91999999999945 (-9.028734051559631, 1.000109796334243, 0.3013098072738417)
29.93999999999945 (-8.995325851940212, 1.0001135863386035, 0.31919350126248125)
29.95999999999945 (-8.949208359565413, 1.0001177756244026, 0.3206063841961909)
29.97999999999945 (-8.889336437188506, 1.0001226553924278, 0.3067070901906344)
29.99999999999945 (-8.81527747304925, 1.0001285073523765, 0.27889087829522474)
