0.0 (-21.75, 1.0, 0.0)
0.02 (-21.750369481211575, 1.0, 0.020780806657510177)
0.04 (-21.748429624451656, 1.0, 0.08594008737153552)
0.06 (-21.732147856007938, 1.0, 0.18911123234441798)
0.08 (-21.687971103495354, 1.0, 0.305153873205978)
0.1 (-21.617081810129676, 1.0, 0.41002271607388413)
0.12000000000000001 (-21.53906081282759, 1.0, 0.49888440114031785)
0.14 (-21.474719443989304, 1.0, 0.5718603045732735)
0.16 (-21.43340047484675, 1.0, 0.6263160049161112)
0.18 (-21.406267692218997, 1.0, 0.6577729557838157)
0.19999999999999998 (-21.367775214473582, 1.0, 0.6616791398797581)
0.21999999999999997 (-21.291948153552998, 1.0, 0.6395271639758391)
0.23999999999999996 (-21.166683300100214, 1.0, 0.6024921963709118)
0.25999999999999995 (-20.998401120891916, 1.0, 0.5584215836685948)
0.27999999999999997 (-20.80636248869682, 1.0, 0.5106386215779877)
0.3 (-20.609312231022386, 1.0, 0.4604213154933205)
0.32 (-20.413617015174587, 1.0, 0.40808520772358226)
0.34 (-20.218038094195816, 1.0, 0.35651901822023424)
0.36000000000000004 (-20.022521455873186, 1.0, 0.30802832811263603)
0.38000000000000006 (-19.828708980333403, 1.0, 0.2633427456765908)
0.4000000000000001 (-19.638972439854463, 1.0, 0.22178174326762118)
0.4200000000000001 (-19.455082610808194, 1.0, 0.18219046465832578)
0.4400000000000001 (-19.277856501573645, 1.0, 0.14347490943213112)
0.46000000000000013 (-19.107733893793366, 1.0, 0.10441450596943165)
0.48000000000000015 (-18.94497127021179, 1.0, 0.06363183540926873)
0.5000000000000001 (-18.78942904063296, 1.0, 0.02008574594481872)
0.5200000000000001 (-18.64232961434697, 1.0, -0.025358086442507144)
0.5400000000000001 (-18.506600763659453, 1.0, -0.071991618838459)
0.5600000000000002 (-18.384284584126178, 1.0, -0.11923310899066601)
0.5800000000000002 (-18.276575562564087, 1.0, -0.16642817699944779)
0.6000000000000002 (-18.18414754619905, 1.0, -0.2128736170387987)
0.6200000000000002 (-18.107354902472633, 1.0, -0.25776535564896763)
0.6400000000000002 (-18.04636978525273, 1.0, -0.3002140492838627)
0.6600000000000003 (-17.996499352496667, 1.0, -0.33956705782734936)
0.6800000000000003 (-17.951650277604887, 1.0, -0.37400762501307966)
0.7000000000000003 (-17.9101867992978, 1.0, -0.40168241886329853)
0.7200000000000003 (-17.872348781623348, 1.0, -0.4214203632060576)
0.7400000000000003 (-17.838162499909075, 1.0, -0.4329015813889496)
0.7600000000000003 (-17.807259951173737, 1.0, -0.43665150301850925)
0.7800000000000004 (-17.77903344011713, 1.0, -0.4339536254852622)
0.8000000000000004 (-17.753449207272457, 1.0, -0.42677989836544866)
0.8200000000000004 (-17.73078130576656, 1.0, -0.41765873906170736)
0.8400000000000004 (-17.71025712891701, 1.0, -0.40911420669404)
0.8600000000000004 (-17.68953120802584, 1.0, -0.40279134664029365)
0.8800000000000004 (-17.66599163762493, 1.0, -0.3994706764532672)
0.9000000000000005 (-17.637112278112944, 1.0, -0.39932373532924453)
0.9200000000000005 (-17.600532358716904, 1.0, -0.40224966270755697)
0.9400000000000005 (-17.554145286112846, 1.0, -0.4080820552684143)
0.9600000000000005 (-17.4959864500481, 1.0, -0.41679166830805486)
0.9800000000000005 (-17.42380940797831, 1.0, -0.42852643536241475)
1.0000000000000004 (-17.33710569874233, 1.0, -0.44170322865607126)
1.0200000000000005 (-17.239991423842227, 1.0, -0.4562478900962041)
1.0400000000000005 (-17.134679992403086, 1.0, -0.4728274111607322)
1.0600000000000005 (-17.022679504056974, 1.0, -0.49036012430559245)
1.0800000000000005 (-16.906604613425497, 1.0, -0.5068632346801969)
1.1000000000000005 (-16.788747483205686, 1.0, -0.5217217032824215)
1.1200000000000006 (-16.668496277870386, 1.0, -0.5336681506714597)
1.1400000000000006 (-16.550938022712685, 1.0, -0.5399391383371221)
1.1600000000000006 (-16.492224725545576, 1.0, -0.5453712822750624)
1.1800000000000006 (-16.4631852725885, 1.0, -0.5605108017915672)
1.2000000000000006 (-16.44731860524121, 1.0, -0.5752658864955505)
1.2200000000000006 (-16.4433662736126, 1.0, -0.5865445836897136)
1.2400000000000007 (-16.449882422615534, 1.0, -0.5935370000635715)
1.2600000000000007 (-16.466504764444963, 1.0, -0.5956475538311033)
1.2800000000000007 (-16.493310318183045, 1.0, -0.5939869831651375)
1.3000000000000007 (-16.530709344611875, 1.0, -0.58986569473659)
1.3200000000000007 (-16.57802870072726, 1.0, -0.5823279750097088)
1.3400000000000007 (-16.634402644584334, 1.0, -0.5704030051098427)
1.3600000000000008 (-16.699058317262647, 1.0, -0.5574716818723567)
1.3800000000000008 (-16.769620230911, 1.0, -0.5504037083386595)
1.4000000000000008 (-16.84331497963163, 1.0, -0.5515695594347448)
1.4200000000000008 (-16.91847804468565, 1.0, -0.5615499305970642)
1.4400000000000008 (-16.99376611410573, 1.0, -0.5807929489113433)
1.4600000000000009 (-17.068120271912925, 1.0, -0.6094364468700554)
1.4800000000000009 (-17.142228677782704, 1.0, -0.6468505810499342)
1.5000000000000009 (-17.217967406126853, 1.0, -0.692685435275839)
1.520000000000001 (-17.297628684786623, 1.0, -0.7463342604582401)
1.540000000000001 (-17.38360672551775, 1.0, -0.8070315316516505)
1.560000000000001 (-17.478008251666743, 1.0, -0.8739148601554341)
1.580000000000001 (-17.582420354391054, 1.0, -0.9459453609741574)
1.600000000000001 (-17.697886526215957, 1.0, -1.0218637770093086)
1.620000000000001 (-17.824992695955178, 1.0, -1.1001878805541234)
1.640000000000001 (-17.959478518386803, 1.0, -1.178409972832415)
1.660000000000001 (-18.092437739666824, 1.0, -1.2526729205139904)
1.680000000000001 (-18.221052680221945, 1.0, -1.3202646815053152)
1.700000000000001 (-18.346465604812693, 1.0, -1.3801175113760327)
1.720000000000001 (-18.471624618249752, 1.0, -1.4325792673488789)
1.740000000000001 (-18.599302021867413, 1.0, -1.4786758930378863)
1.7600000000000011 (-18.728802102154912, 1.0, -1.5194180270145916)
1.7800000000000011 (-18.855887093634827, 1.0, -1.5548637957574334)
1.8000000000000012 (-18.977389185568065, 1.0, -1.5845037809076483)
1.8200000000000012 (-19.09157930383153, 1.0, -1.6081550880424473)
1.8400000000000012 (-19.19729682302509, 1.0, -1.6259059469011372)
1.8600000000000012 (-19.293741267495033, 1.0, -1.6381349229718531)
1.8800000000000012 (-19.380450106557067, 1.0, -1.6455519786788073)
1.9000000000000012 (-19.45719045030247, 1.0, -1.6491874735007026)
1.9200000000000013 (-19.523897345186867, 1.0, -1.6504743961960944)
1.9400000000000013 (-19.580560129371037, 1.0, -1.651296629647407)
1.9600000000000013 (-19.62689059014916, 1.0, -1.653514121678675)
1.9800000000000013 (-19.662185106483943, 1.0, -1.6586653881143671)
2.0000000000000013 (-19.68530301024389, 1.0, -1.6678900321750056)
2.0200000000000014 (-19.69460223181488, 1.0, -1.6818023774499538)
2.0400000000000014 (-19.687953455846557, 1.0, -1.7003435896712107)
2.0600000000000014 (-19.6629301192261, 1.0, -1.7226842524445283)
2.0800000000000014 (-19.617188516939834, 1.0, -1.7472826827742778)
2.1000000000000014 (-19.54889139611875, 1.0, -1.7722828833456585)
2.1200000000000014 (-19.45819238887518, 1.0, -1.7974963062927927)
2.1400000000000015 (-19.348846229327272, 1.0, -1.8219759462095457)
2.1600000000000015 (-19.226657896821063, 1.0, -1.8463068878336972)
2.1800000000000015 (-19.09703310780066, 1.0, -1.869732102101422)
2.2000000000000015 (-18.965670588369647, 1.0, -1.8904500800273745)
2.2200000000000015 (-18.8359480272505, 1.0, -1.9056275745518703)
2.2400000000000015 (-18.709803814344873, 1.0, -1.9135009755449626)
2.2600000000000016 (-18.589029225791826, 1.0, -1.9140032827976685)
2.2800000000000016 (-18.47542732586769, 1.0, -1.9077817959223147)
2.3000000000000016 (-18.37050762254076, 1.0, -1.8965670269323296)
2.3200000000000016 (-18.274870825421477, 1.0, -1.882920082571086)
2.3400000000000016 (-18.1881815614058, 1.0, -1.8692010362769889)
2.3600000000000017 (-18.109585938306576, 1.0, -1.8574223104513095)
2.3800000000000017 (-18.038091618299063, 1.0, -1.849197669335126)
2.4000000000000017 (-17.97281589578306, 1.0, -1.8457777551131267)
2.4200000000000017 (-17.913120419805797, 1.0, -1.8481235992247735)
2.4400000000000017 (-17.85868630641872, 1.0, -1.856955774067274)
2.4600000000000017 (-17.809531815748684, 1.0, -1.8727865259853924)
2.4800000000000018 (-17.7659747815363, 1.0, -1.8959425162575108)
2.5000000000000018 (-17.728562309666007, 1.0, -1.9265747225786438)
2.520000000000002 (-17.697989919466437, 1.0, -1.96465532675738)
2.540000000000002 (-17.67506065515238, 1.0, -2.009992215145689)
2.560000000000002 (-17.66084400845918, 1.0, -2.062105577239484)
2.580000000000002 (-17.656798879016794, 1.0, -2.120433718136203)
2.600000000000002 (-17.664308851801856, 1.0, -2.184296710516676)
2.620000000000002 (-17.68438627294919, 1.0, -2.2527548634736676)
2.640000000000002 (-17.714571782774126, 1.0, -2.32347486694907)
2.660000000000002 (-17.7479267803628, 1.0, -2.3918076741090935)
2.680000000000002 (-17.782216694328135, 1.0, -2.4544492979718506)
2.700000000000002 (-17.818430015630437, 1.0, -2.5102673143795093)
2.720000000000002 (-17.857318261770924, 1.0, -2.5588279899960904)
2.740000000000002 (-17.90008116773682, 1.0, -2.601100016729194)
2.760000000000002 (-17.94801995970923, 1.0, -2.6390345208214723)
2.780000000000002 (-18.00010231853344, 1.0, -2.674346009299432)
2.800000000000002 (-18.052770140397115, 1.0, -2.7069853111576894)
2.820000000000002 (-18.103139971188416, 1.0, -2.736233544800827)
2.840000000000002 (-18.149119730471057, 1.0, -2.7616954999540617)
2.860000000000002 (-18.189039904302145, 1.0, -2.7832262544285857)
2.880000000000002 (-18.221956650111906, 1.0, -2.800829809762706)
2.900000000000002 (-18.24745906610211, 1.0, -2.81485151873712)
2.920000000000002 (-18.26491284885763, 1.0, -2.8259254037209627)
2.940000000000002 (-18.273276347488192, 1.0, -2.8349764216859246)
2.960000000000002 (-18.271097543491607, 1.0, -2.8429609542474683)
2.980000000000002 (-18.256584710639697, 1.0, -2.85047588152292)
3.000000000000002 (-18.227764184797003, 1.0, -2.8575363122353594)
3.0200000000000022 (-18.182611449005265, 1.0, -2.8635729569263266)
3.0400000000000023 (-18.11917753029895, 1.0, -2.8674370902831168)
3.0600000000000023 (-18.035675953427948, 1.0, -2.8678321730762995)
3.0800000000000023 (-17.933156452712584, 1.0, -2.8636222705408962)
3.1000000000000023 (-17.816627631927652, 1.0, -2.8560357145511817)
3.1200000000000023 (-17.690494226740828, 1.0, -2.8470396817470602)
3.1400000000000023 (-17.559198047441356, 1.0, -2.836641483233295)
3.1600000000000024 (-17.427352722851168, 1.0, -2.82413209176546)
3.1800000000000024 (-17.29703797789761, 1.0, -2.8074998523614974)
3.2000000000000024 (-17.170756007846816, 1.0, -2.784410194075053)
3.2200000000000024 (-17.051398079888614, 1.0, -2.7551075237207323)
3.2400000000000024 (-16.941074826052958, 1.0, -2.7215709013742924)
3.2600000000000025 (-16.84077375288879, 1.0, -2.6864952021356783)
3.2800000000000025 (-16.750330098171293, 1.0, -2.652532815882481)
3.3000000000000025 (-16.668872636113196, 1.0, -2.6218337841919466)
3.3200000000000025 (-16.59516126645517, 1.0, -2.596067495536639)
3.3400000000000025 (-16.527911051216396, 1.0, -2.5764694950007954)
3.3600000000000025 (-16.465657171908088, 1.0, -2.5639606859180546)
3.3800000000000026 (-16.40684205384633, 1.0, -2.5590696812108717)
3.4000000000000026 (-16.349873529273893, 1.0, -2.561914223418997)
3.4200000000000026 (-16.293852895725426, 1.0, -2.5720662678264605)
3.4400000000000026 (-16.238967623656347, 1.0, -2.5892835725636054)
3.4600000000000026 (-16.18558534378702, 1.0, -2.6139786089493495)
3.4800000000000026 (-16.13418157273829, 1.0, -2.64674662576024)
3.5000000000000027 (-16.08530108614237, 1.0, -2.6880678219597587)
3.5200000000000027 (-16.03954284174383, 1.0, -2.7383409314686937)
3.5400000000000027 (-15.997826229734242, 1.0, -2.7976578015857827)
3.5600000000000027 (-15.961512902014977, 1.0, -2.8661503998583204)
3.5800000000000027 (-15.932092610701584, 1.0, -2.9440802883960786)
3.6000000000000028 (-15.910924946768207, 1.0, -3.0315839490953547)
3.6200000000000028 (-15.899184545509097, 1.0, -3.128498776740305)
3.640000000000003 (-15.897912326344098, 1.0, -3.234318039861487)
3.660000000000003 (-15.907901001785694, 1.0, -3.3487277579765755)
3.680000000000003 (-15.92635083577996, 1.0, -3.4658024857075014)
3.700000000000003 (-15.949869757967587, 1.0, -3.5775969615963668)
3.720000000000003 (-15.978365103956138, 1.0, -3.6813525257771404)
3.740000000000003 (-16.01300098496059, 1.0, -3.777107248932588)
3.760000000000003 (-16.053911463025393, 1.0, -3.865926706449572)
3.780000000000003 (-16.10118625600603, 1.0, -3.950390016913534)
3.800000000000003 (-16.154243000708778, 1.0, -4.032921318717136)
3.820000000000003 (-16.210517162246436, 1.0, -4.113614598582333)
3.840000000000003 (-16.266324053900235, 1.0, -4.190683575349019)
3.860000000000003 (-16.319143264502795, 1.0, -4.262571721640699)
3.880000000000003 (-16.367465757064547, 1.0, -4.328414378313137)
3.900000000000003 (-16.41020288436629, 1.0, -4.387840277485982)
3.920000000000003 (-16.446292298235605, 1.0, -4.440778379382263)
3.940000000000003 (-16.47452321767261, 1.0, -4.487304394227507)
3.960000000000003 (-16.49347952413578, 1.0, -4.527450792009819)
3.980000000000003 (-16.501564835370655, 1.0, -4.561047374940111)
4.000000000000003 (-16.497124050086473, 1.0, -4.587620898824375)
4.020000000000002 (-16.478507782814678, 1.0, -4.606314897899568)
4.040000000000002 (-16.44420395640154, 1.0, -4.6158151159531515)
4.060000000000001 (-16.392989560555126, 1.0, -4.6143773951503455)
4.080000000000001 (-16.325965857943167, 1.0, -4.601166521032547)
4.1000000000000005 (-16.24732862185419, 1.0, -4.579218974919545)
4.12 (-16.16025454060651, 1.0, -4.552195623600743)
4.14 (-16.068540018126264, 1.0, -4.521833751986221)
4.159999999999999 (-15.976903893050094, 1.0, -4.48988275671552)
4.179999999999999 (-15.888550399149354, 1.0, -4.456160903250008)
4.199999999999998 (-15.806418218064314, 1.0, -4.419701750653339)
4.219999999999998 (-15.732545881597, 1.0, -4.381436377464864)
4.2399999999999975 (-15.66812806159219, 1.0, -4.3430657203404905)
4.259999999999997 (-15.61318870250251, 1.0, -4.306897671279467)
4.279999999999997 (-15.566797529823502, 1.0, -4.2751790331112165)
4.299999999999996 (-15.527476034264938, 1.0, -4.249559273591752)
4.319999999999996 (-15.493466886187182, 1.0, -4.231080094796616)
4.339999999999995 (-15.463075403768336, 1.0, -4.220311681663514)
4.359999999999995 (-15.434580510959558, 1.0, -4.217467808783998)
4.379999999999995 (-15.406318465127995, 1.0, -4.222438855945264)
4.399999999999994 (-15.376713032947015, 1.0, -4.234829853354152)
4.419999999999994 (-15.344998409388005, 1.0, -4.2539691543459135)
4.439999999999993 (-15.311310263477779, 1.0, -4.279844797075587)
4.459999999999993 (-15.275871425421316, 1.0, -4.313057689473661)
4.479999999999992 (-15.2390986957685, 1.0, -4.3542938142454455)
4.499999999999992 (-15.201582501274782, 1.0, -4.404119121773874)
4.519999999999992 (-15.16402932136738, 1.0, -4.46300897934128)
4.539999999999991 (-15.127245990547319, 1.0, -4.53134210869255)
4.559999999999991 (-15.092215447377688, 1.0, -4.609230796643704)
4.57999999999999 (-15.060060965096776, 1.0, -4.696669186891808)
4.59999999999999 (-15.03215379411918, 1.0, -4.7936154691541555)
4.6199999999999894 (-15.010057682742815, 1.0, -4.9005531664333635)
4.639999999999989 (-14.992162291275058, 1.0, -5.010635957146669)
4.659999999999989 (-14.97818296374189, 1.0, -5.117117550075306)
4.679999999999988 (-14.969298596678165, 1.0, -5.219013133975083)
4.699999999999988 (-14.966750622362925, 1.0, -5.316481679328028)
4.719999999999987 (-14.97070814763689, 1.0, -5.410209873546687)
4.739999999999987 (-14.981831504302304, 1.0, -5.502731597044111)
4.7599999999999865 (-14.99922260295349, 1.0, -5.5960447940777645)
4.779999999999986 (-15.020049847847323, 1.0, -5.687940876026934)
4.799999999999986 (-15.042500114774287, 1.0, -5.775508023902884)
4.819999999999985 (-15.065358051832629, 1.0, -5.856835214260889)
4.839999999999985 (-15.087514600836194, 1.0, -5.930681430512544)
4.859999999999984 (-15.10789904980155, 1.0, -5.996266909440646)
4.879999999999984 (-15.125454347358742, 1.0, -6.053150985707882)
4.8999999999999835 (-15.139096094260445, 1.0, -6.1011861536049175)
4.919999999999983 (-15.147793300213507, 1.0, -6.140632643163158)
4.939999999999983 (-15.150610312095527, 1.0, -6.172082180220218)
4.959999999999982 (-15.146186214921936, 1.0, -6.195979227034448)
4.979999999999982 (-15.132754559968568, 1.0, -6.212189084145851)
4.999999999999981 (-15.108684026710701, 1.0, -6.219776505604545)
5.019999999999981 (-15.072632704554513, 1.0, -6.217165852679799)
5.0399999999999805 (-15.023682995828318, 1.0, -6.202264903604584)
5.05999999999998 (-14.961457032461698, 1.0, -6.172610039710202)
5.07999999999998 (-14.886185815146662, 1.0, -6.125591577802084)
5.099999999999979 (-14.799598769389107, 1.0, -6.060610692295456)
5.119999999999979 (-14.705336983320228, 1.0, -5.982000773060735)
5.139999999999978 (-14.605183890737106, 1.0, -5.8951299454344515)
5.159999999999978 (-14.502188401358229, 1.0, -5.803217564281021)
5.1799999999999775 (-14.400570184797193, 1.0, -5.709108759729267)
5.199999999999977 (-14.303582476958635, 1.0, -5.612566898373636)
5.219999999999977 (-14.214274335637162, 1.0, -5.513914468081574)
5.239999999999976 (-14.134271254590953, 1.0, -5.415254814757832)
5.259999999999976 (-14.064103983681177, 1.0, -5.319127724694395)
5.279999999999975 (-14.002832793139197, 1.0, -5.228152954532321)
5.299999999999975 (-13.948540087991042, 1.0, -5.144216954658861)
5.3199999999999745 (-13.898991847851459, 1.0, -5.068290185758166)
5.339999999999974 (-13.852060327426454, 1.0, -5.000674735327532)
5.359999999999974 (-13.805810894697185, 1.0, -4.9412653319237965)
5.379999999999973 (-13.75866456697266, 1.0, -4.889702351177383)
5.399999999999973 (-13.70954756413464, 1.0, -4.845606178951719)
5.419999999999972 (-13.65767641799506, 1.0, -4.808776730099853)
5.439999999999972 (-13.602519571408587, 1.0, -4.7792468863993705)
5.4599999999999715 (-13.543833701612394, 1.0, -4.7572208883214095)
5.479999999999971 (-13.481574894354935, 1.0, -4.74309927250353)
5.499999999999971 (-13.415791175613897, 1.0, -4.737457689123872)
5.51999999999997 (-13.346686502840535, 1.0, -4.740907326991745)
5.53999999999997 (-13.274712828095625, 1.0, -4.754078590196247)
5.559999999999969 (-13.200740032811325, 1.0, -4.7777883569429465)
5.579999999999969 (-13.125806650336582, 1.0, -4.813142799944163)
5.599999999999969 (-13.050941024251902, 1.0, -4.861165038613697)
5.619999999999968 (-12.977214187076525, 1.0, -4.92249917327494)
5.639999999999968 (-12.9057166282685, 1.0, -4.997448550585749)
5.659999999999967 (-12.837633682433648, 1.0, -5.082100207144113)
5.679999999999967 (-12.77472471666899, 1.0, -5.167682763240594)
5.699999999999966 (-12.719020199894846, 1.0, -5.250796946182245)
5.719999999999966 (-12.671727792960546, 1.0, -5.332067583410576)
5.739999999999966 (-12.633037005399261, 1.0, -5.412252192101032)
5.759999999999965 (-12.601923755206549, 1.0, -5.493490099450557)
5.779999999999965 (-12.576622711216444, 1.0, -5.577541920664945)
5.799999999999964 (-12.555114617867167, 1.0, -5.663044930654491)
5.819999999999964 (-12.535835946148543, 1.0, -5.7463855897337455)
5.839999999999963 (-12.51813104410478, 1.0, -5.824597132077138)
5.859999999999963 (-12.501659240850755, 1.0, -5.8959282695392945)
5.879999999999963 (-12.48607886344632, 1.0, -5.959427899512218)
5.899999999999962 (-12.470819881516801, 1.0, -6.014485648670877)
5.919999999999962 (-12.455043850787675, 1.0, -6.060518745705117)
5.939999999999961 (-12.437716743783866, 1.0, -6.0967782772977515)
5.959999999999961 (-12.417666336434516, 1.0, -6.122348949376922)
5.9799999999999605 (-12.393747299005573, 1.0, -6.136060697795884)
5.99999999999996 (-12.364921853916679, 1.0, -6.136308623040849)
6.01999999999996 (-12.330541682549503, 1.0, -6.121131164354218)
6.039999999999959 (-12.290442432600441, 1.0, -6.088329475995688)
6.059999999999959 (-12.24502150863126, 1.0, -6.035608541785501)
6.079999999999958 (-12.195747998997367, 1.0, -5.96229321248199)
6.099999999999958 (-12.14430992631234, 1.0, -5.873413147560969)
6.1199999999999575 (-12.090322408546553, 1.0, -5.7743226219448545)
6.139999999999957 (-12.035307443922852, 1.0, -5.669023614874651)
6.159999999999957 (-11.981640972844007, 1.0, -5.562087295253651)
6.179999999999956 (-11.9317527772171, 1.0, -5.455224251463875)
6.199999999999956 (-11.888778414337544, 1.0, -5.349726016353715)
6.219999999999955 (-11.853798230672702, 1.0, -5.2479162388165035)
6.239999999999955 (-11.82637810670287, 1.0, -5.152278396050932)
6.2599999999999545 (-11.804888356305401, 1.0, -5.06480802895644)
6.279999999999954 (-11.786976676956627, 1.0, -4.986627156378326)
6.299999999999954 (-11.770231701601075, 1.0, -4.917940320680073)
6.319999999999953 (-11.752556994952023, 1.0, -4.85828715016639)
6.339999999999953 (-11.732185867359934, 1.0, -4.806874673349031)
6.359999999999952 (-11.707710025332311, 1.0, -4.762699033963975)
6.379999999999952 (-11.677956393603994, 1.0, -4.724524157437523)
6.3999999999999515 (-11.642159308642139, 1.0, -4.690981456495783)
6.419999999999951 (-11.600368543735927, 1.0, -4.66142464564561)
6.439999999999951 (-11.55244839862996, 1.0, -4.6358736064101365)
6.45999999999995 (-11.498123991432019, 1.0, -4.61470323000906)
6.47999999999995 (-11.437149115070854, 1.0, -4.5984760062205705)
6.499999999999949 (-11.369435260723943, 1.0, -4.5878366001016)
6.519999999999949 (-11.294987100093124, 1.0, -4.583500266854161)
6.5399999999999485 (-11.213991142542868, 1.0, -4.586229441150746)
6.559999999999948 (-11.126980599724405, 1.0, -4.597039292792248)
6.579999999999948 (-11.034589938400194, 1.0, -4.617389638423658)
6.599999999999947 (-10.937465390219398, 1.0, -4.648768650397272)
6.619999999999947 (-10.836412082903184, 1.0, -4.692324618830755)
6.639999999999946 (-10.732200938628834, 1.0, -4.748655435660515)
6.659999999999946 (-10.629916990612907, 1.0, -4.809575265262013)
6.6799999999999455 (-10.534381234413736, 1.0, -4.870324425656657)
6.699999999999945 (-10.44690398190312, 1.0, -4.931543588762332)
6.719999999999945 (-10.367923455831844, 1.0, -4.994357861678214)
6.739999999999944 (-10.296334780783004, 1.0, -5.060157664613386)
6.759999999999944 (-10.230068825595616, 1.0, -5.130710008608057)
6.779999999999943 (-10.167095738472373, 1.0, -5.20592752956349)
6.799999999999943 (-10.10712012048311, 1.0, -5.281973365919284)
6.8199999999999426 (-10.050964277918672, 1.0, -5.355322131129567)
6.839999999999942 (-9.999071825346308, 1.0, -5.423842521693342)
6.859999999999942 (-9.951555206215037, 1.0, -5.485950397821786)
6.879999999999941 (-9.908340783427745, 1.0, -5.540565969797223)
6.899999999999941 (-9.869072563073468, 1.0, -5.587172143409482)
6.91999999999994 (-9.833121607626353, 1.0, -5.625163170189991)
6.93999999999994 (-9.799620666278063, 1.0, -5.653712713141785)
6.95999999999994 (-9.767598564520751, 1.0, -5.67165185105353)
6.979999999999939 (-9.736294559749533, 1.0, -5.677407863513588)
6.999999999999939 (-9.705418883359552, 1.0, -5.669126950443871)
7.019999999999938 (-9.675231238129673, 1.0, -5.644818951188574)
7.039999999999938 (-9.646333856289102, 1.0, -5.6024762214031165)
7.059999999999937 (-9.619889988687097, 1.0, -5.540019815722139)
7.079999999999937 (-9.597631009368634, 1.0, -5.455623205516562)
7.099999999999937 (-9.58128230345097, 1.0, -5.352065176219743)
7.119999999999936 (-9.568900903693166, 1.0, -5.2350877170880805)
7.139999999999936 (-9.558674170208667, 1.0, -5.1094080243173)
7.159999999999935 (-9.550629400178376, 1.0, -4.979794818755413)
7.179999999999935 (-9.54563904846882, 1.0, -4.850702377147024)
7.1999999999999345 (-9.545876905409942, 1.0, -4.724578600100764)
7.219999999999934 (-9.552453796630054, 1.0, -4.60383951914953)
7.239999999999934 (-9.564592293248666, 1.0, -4.490923835170341)
7.259999999999933 (-9.580438489461446, 1.0, -4.387549823195081)
7.279999999999933 (-9.597333208078423, 1.0, -4.294347080934251)
7.299999999999932 (-9.612703474999847, 1.0, -4.210825455543886)
7.319999999999932 (-9.624523141840413, 1.0, -4.135788770734565)
7.3399999999999315 (-9.631330559959057, 1.0, -4.067754852060863)
7.359999999999931 (-9.632069677364493, 1.0, -4.005150087906939)
7.379999999999931 (-9.626113451533746, 1.0, -3.9464779998151593)
7.39999999999993 (-9.613204205426992, 1.0, -3.890676423199273)
7.41999999999993 (-9.593067713716383, 1.0, -3.837065238434032)
7.439999999999929 (-9.565386405321068, 1.0, -3.7853104747071447)
7.459999999999929 (-9.529852216521984, 1.0, -3.735401487717376)
7.4799999999999285 (-9.486129639980392, 1.0, -3.687594024949577)
7.499999999999928 (-9.433846529719608, 1.0, -3.6423331685167604)
7.519999999999928 (-9.372694779409608, 1.0, -3.6002089408059055)
7.539999999999927 (-9.302452437619905, 1.0, -3.561921040767503)
7.559999999999927 (-9.22315160650915, 1.0, -3.5284184689975557)
7.579999999999926 (-9.134802775672641, 1.0, -3.5011204159357)
7.599999999999926 (-9.03734246812188, 1.0, -3.481666010515021)
7.6199999999999255 (-8.930919505271358, 1.0, -3.4715268812730438)
7.639999999999925 (-8.815806841245093, 1.0, -3.4717316876747235)
7.659999999999925 (-8.699560324689251, 1.0, -3.4773650927373727)
7.679999999999924 (-8.58880677552921, 1.0, -3.486078541198203)
7.699999999999924 (-8.484599291472497, 1.0, -3.4989017834184697)
7.719999999999923 (-8.386882140196185, 1.0, -3.517011881059802)
7.739999999999923 (-8.294287456580637, 1.0, -3.540913599705593)
7.7599999999999225 (-8.204265610304487, 1.0, -3.5713323668206574)
7.779999999999922 (-8.115350428437521, 1.0, -3.60709550265086)
7.799999999999922 (-8.029192482839774, 1.0, -3.6446621692864447)
7.819999999999921 (-7.948033978458235, 1.0, -3.681359039469591)
7.839999999999921 (-7.873090485443969, 1.0, -3.715546584679587)
7.85999999999992 (-7.805138243110977, 1.0, -3.7459785320462675)
7.87999999999992 (-7.744431378035131, 1.0, -3.7719218849412712)
7.8999999999999195 (-7.690886196173419, 1.0, -3.7926536543824634)
7.919999999999919 (-7.644260225709562, 1.0, -3.8072553898812322)
7.939999999999919 (-7.604143260696174, 1.0, -3.8145396687992577)
7.959999999999918 (-7.57021984792272, 1.0, -3.8129690934364056)
7.979999999999918 (-7.542569616058133, 1.0, -3.8007614252813364)
7.999999999999917 (-7.521819730077043, 1.0, -3.7761391299072846)
8.019999999999918 (-7.50913744503782, 1.0, -3.7374689285114857)
8.039999999999917 (-7.505958508635658, 1.0, -3.6832574616132017)
8.059999999999917 (-7.514190567972793, 1.0, -3.6121999783050494)
8.079999999999917 (-7.536187613545425, 1.0, -3.523462973938755)
8.099999999999916 (-7.5715863918985855, 1.0, -3.4210966734445516)
8.119999999999916 (-7.615468382453724, 1.0, -3.308960420455033)
8.139999999999915 (-7.664596559897678, 1.0, -3.1904030539328057)
8.159999999999915 (-7.717009364856079, 1.0, -3.069783203428258)
8.179999999999914 (-7.771914063204154, 1.0, -2.951124322285604)
8.199999999999914 (-7.830282757225162, 1.0, -2.8376978334585385)
8.219999999999914 (-7.89190344728357, 1.0, -2.732210390319759)
8.239999999999913 (-7.9545569901465845, 1.0, -2.6361435101293336)
8.259999999999913 (-8.015869508315827, 1.0, -2.5501739083543034)
8.279999999999912 (-8.07324763297934, 1.0, -2.4736162402093638)
8.299999999999912 (-8.124671982970488, 1.0, -2.404795936997411)
8.319999999999911 (-8.16893729056381, 1.0, -2.3417522760347724)
8.339999999999911 (-8.205418711334987, 1.0, -2.282498136131998)
8.35999999999991 (-8.233889206891162, 1.0, -2.225169457363311)
8.37999999999991 (-8.254490769617686, 1.0, -2.1680906335233185)
8.39999999999991 (-8.267576526868181, 1.0, -2.1101503359466736)
8.41999999999991 (-8.27328108170248, 1.0, -2.0507056261049685)
8.439999999999909 (-8.271492734397492, 1.0, -1.9893799094786968)
8.459999999999908 (-8.261903380843354, 1.0, -1.9260409300621388)
8.479999999999908 (-8.2440672115618, 1.0, -1.860747547777952)
8.499999999999908 (-8.217476099010005, 1.0, -1.7937309957604661)
8.519999999999907 (-8.181630558608257, 1.0, -1.725415413617855)
8.539999999999907 (-8.13596988724738, 1.0, -1.6565954818824118)
8.559999999999906 (-8.079704829866039, 1.0, -1.5884145217586467)
8.579999999999906 (-8.011979012551183, 1.0, -1.5220694088898306)
8.599999999999905 (-7.932205761596276, 1.0, -1.4587189453059084)
8.619999999999905 (-7.840218622882299, 1.0, -1.3995384463883296)
8.639999999999905 (-7.736168937789535, 1.0, -1.3456246555295759)
8.659999999999904 (-7.62918556695342, 1.0, -1.295813893718984)
8.679999999999904 (-7.526437496797977, 1.0, -1.2509681952425658)
8.699999999999903 (-7.428280570067276, 1.0, -1.2126100033951877)
8.719999999999903 (-7.3340254981726005, 1.0, -1.181865219585809)
8.739999999999903 (-7.242006753582288, 1.0, -1.1587841637576533)
8.759999999999902 (-7.149524259686112, 1.0, -1.1428885450690023)
8.779999999999902 (-7.05506516657871, 1.0, -1.1325649964372602)
8.799999999999901 (-6.961262114149727, 1.0, -1.1251796224450479)
8.8199999999999 (-6.871438638902862, 1.0, -1.1191433303451057)
8.8399999999999 (-6.787672000043459, 1.0, -1.1134965591750778)
8.8599999999999 (-6.711392652571219, 1.0, -1.1073615686955238)
8.8799999999999 (-6.643475684412959, 1.0, -1.1000494456423215)
8.899999999999899 (-6.584139607990867, 1.0, -1.0909742834531244)
8.919999999999899 (-6.533533747468136, 1.0, -1.0792702504389382)
8.939999999999898 (-6.4919411705434955, 1.0, -1.06377405533424)
8.959999999999898 (-6.459749721792457, 1.0, -1.0430131700506093)
8.979999999999897 (-6.43782006680521, 1.0, -1.015439431222252)
8.999999999999897 (-6.427542554248302, 1.0, -0.9797429247217804)
9.019999999999897 (-6.43076088127109, 1.0, -0.9350175350640886)
9.039999999999896 (-6.449512759772374, 1.0, -0.8806135827156766)
9.059999999999896 (-6.48619582614674, 1.0, -0.8162796920271647)
9.079999999999895 (-6.543400627021691, 1.0, -0.7423983316000752)
9.099999999999895 (-6.619065392439256, 1.0, -0.66246901864428)
9.119999999999894 (-6.707101385209455, 1.0, -0.5778131063804903)
9.139999999999894 (-6.803071419501787, 1.0, -0.49003420488022037)
9.159999999999894 (-6.903193850324688, 1.0, -0.4021807495718729)
9.179999999999893 (-7.004981820003831, 1.0, -0.3174644126983462)
9.199999999999893 (-7.107703587281612, 1.0, -0.23915942895298284)
9.219999999999892 (-7.209731929493543, 1.0, -0.16941760018845375)
9.239999999999892 (-7.308521555741889, 1.0, -0.10899934552666693)
9.259999999999891 (-7.401505789107357, 1.0, -0.057211355782191914)
9.279999999999891 (-7.486667479110988, 1.0, -0.012082648577510036)
9.29999999999989 (-7.562995104966735, 1.0, 0.02879948211508783)
9.31999999999989 (-7.630331570540413, 1.0, 0.0677669449801085)
9.33999999999989 (-7.689051287110929, 1.0, 0.10686316455593287)
9.35999999999989 (-7.739831333147305, 1.0, 0.14784518738410946)
9.379999999999889 (-7.783559169503229, 1.0, 0.1920789125579938)
9.399999999999888 (-7.820975980353692, 1.0, 0.24034459750309434)
9.419999999999888 (-7.852480643218971, 1.0, 0.2932126875119855)
9.439999999999888 (-7.878163495326685, 1.0, 0.35110466708108085)
9.459999999999887 (-7.897849822569599, 1.0, 0.4142826757647923)
9.479999999999887 (-7.911140426163651, 1.0, 0.48289930776742274)
9.499999999999886 (-7.917473091249877, 1.0, 0.5570254679705493)
9.519999999999886 (-7.916201275768024, 1.0, 0.6366112047122031)
9.539999999999885 (-7.906638104803989, 1.0, 0.721473014821606)
9.559999999999885 (-7.888023888169948, 1.0, 0.8110773941807551)
9.579999999999885 (-7.859198685549464, 1.0, 0.9046324883950069)
9.599999999999884 (-7.818779990068118, 1.0, 1.0012952537969215)
9.619999999999884 (-7.765637533654093, 1.0, 1.1001546618279363)
9.639999999999883 (-7.6989857550879455, 1.0, 1.2004151558211078)
9.659999999999883 (-7.626000248961232, 1.0, 1.2989655283247548)
9.679999999999882 (-7.553164410520769, 1.0, 1.3914809315648644)
9.699999999999882 (-7.480849079263704, 1.0, 1.4762443562058383)
9.719999999999882 (-7.408023575687087, 1.0, 1.5525800454311136)
9.739999999999881 (-7.333627400427502, 1.0, 1.6212773048622973)
9.75999999999988 (-7.2554937414224225, 1.0, 1.6839910825560132)
9.77999999999988 (-7.173472955513292, 1.0, 1.742614946076164)
9.79999999999988 (-7.091406868864311, 1.0, 1.797845965321954)
9.81999999999988 (-7.012917136219131, 1.0, 1.8493489714428184)
9.839999999999879 (-6.940064297528198, 1.0, 1.8970087677804708)
9.859999999999879 (-6.874264618187835, 1.0, 1.9408255534816574)
9.879999999999878 (-6.816238135548125, 1.0, 1.9809555709469682)
9.899999999999878 (-6.766549074021343, 1.0, 2.017889959883736)
9.919999999999877 (-6.725840695136311, 1.0, 2.0524205344430904)
9.939999999999877 (-6.69494828544967, 1.0, 2.085535383367682)
9.959999999999877 (-6.6749849328856605, 1.0, 2.1183038487168555)
9.979999999999876 (-6.667418355048412, 1.0, 2.1516183772448114)
9.999999999999876 (-6.674035684676941, 1.0, 2.1860134695722317)
10.019999999999875 (-6.696821622155047, 1.0, 2.2215443986243466)
10.039999999999875 (-6.737839587626444, 1.0, 2.257859627617849)
10.059999999999874 (-6.799215888040782, 1.0, 2.294065963398427)
10.079999999999874 (-6.882887716897169, 1.0, 2.328655014962998)
10.099999999999874 (-6.985773604066583, 1.0, 2.359662109017112)
10.119999999999873 (-7.101952057668796, 1.0, 2.388712176406168)
10.139999999999873 (-7.22672929837951, 1.0, 2.4168696378533854)
10.159999999999872 (-7.355462647676981, 1.0, 2.443483932891252)
10.179999999999872 (-7.483959452066959, 1.0, 2.4671449427582712)
10.199999999999871 (-7.610033347873142, 1.0, 2.4852092342983645)
10.219999999999871 (-7.73140272824329, 1.0, 2.496175717237407)
10.23999999999987 (-7.845687250746345, 1.0, 2.5010703999431603)
10.25999999999987 (-7.95097041030799, 1.0, 2.50133169484989)
10.27999999999987 (-8.046286256081672, 1.0, 2.499433930390192)
10.29999999999987 (-8.131837134181511, 1.0, 2.4980187665631624)
10.319999999999869 (-8.208566947267125, 1.0, 2.4992259933730203)
10.339999999999868 (-8.277779721575246, 1.0, 2.504697287756798)
10.359999999999868 (-8.340911327314073, 1.0, 2.5156783405853638)
10.379999999999868 (-8.399434077319386, 1.0, 2.5330027875952634)
10.399999999999867 (-8.454473455521036, 1.0, 2.557030646532219)
10.419999999999867 (-8.506669326509444, 1.0, 2.588047097738341)
10.439999999999866 (-8.556303540464386, 1.0, 2.626378827144231)
10.459999999999866 (-8.603340124826925, 1.0, 2.6723557491014986)
10.479999999999865 (-8.64749634033297, 1.0, 2.7263043827418216)
10.499999999999865 (-8.688301396719542, 1.0, 2.7885007968496245)
10.519999999999865 (-8.725064138509106, 1.0, 2.8590825001170783)
10.539999999999864 (-8.756692295643894, 1.0, 2.9381366910571334)
10.559999999999864 (-8.7817955916559, 1.0, 3.0257470775528756)
10.579999999999863 (-8.798995786544463, 1.0, 3.1219377334846223)
10.599999999999863 (-8.80709878785124, 1.0, 3.2264741176700884)
10.619999999999862 (-8.805093480553747, 1.0, 3.3387501690560404)
10.639999999999862 (-8.793352440593196, 1.0, 3.45680066250409)
10.659999999999862 (-8.778157565856578, 1.0, 3.5732946143527418)
10.679999999999861 (-8.761580295482402, 1.0, 3.683191017743114)
10.69999999999986 (-8.742195736422028, 1.0, 3.7857529580601)
10.71999999999986 (-8.718808638669199, 1.0, 3.881032426960185)
10.73999999999986 (-8.689767701086108, 1.0, 3.970899605259073)
10.75999999999986 (-8.654258265933102, 1.0, 4.058020858571649)
10.779999999999859 (-8.613840374805955, 1.0, 4.143793104403598)
10.799999999999859 (-8.57206631017966, 1.0, 4.226942178606021)
10.819999999999858 (-8.531538834035317, 1.0, 4.305664892281845)
10.839999999999858 (-8.494057884766752, 1.0, 4.378867821163131)
10.859999999999857 (-8.461124272760568, 1.0, 4.445948720389653)
10.879999999999857 (-8.433956302329344, 1.0, 4.506604323613099)
10.899999999999856 (-8.413232667671311, 1.0, 4.561020224226767)
10.919999999999856 (-8.399605097610207, 1.0, 4.609671982728981)
10.939999999999856 (-8.394134262859382, 1.0, 4.653034388525068)
10.959999999999855 (-8.398234481284579, 1.0, 4.691687569673345)
10.979999999999855 (-8.413725474693251, 1.0, 4.72583710009629)
10.999999999999854 (-8.442493794474778, 1.0, 4.754984275941259)
11.019999999999854 (-8.48632469040062, 1.0, 4.777999839597553)
11.039999999999853 (-8.546759005782315, 1.0, 4.793170135521183)
11.059999999999853 (-8.62507314612209, 1.0, 4.798489172706316)
11.079999999999853 (-8.722358440378272, 1.0, 4.791903750449217)
11.099999999999852 (-8.83549388026533, 1.0, 4.772724730721903)
11.119999999999852 (-8.959819123049455, 1.0, 4.744711688285382)
11.139999999999851 (-9.091538055015338, 1.0, 4.711174070425169)
11.159999999999851 (-9.226111713977854, 1.0, 4.673762008160781)
11.17999999999985 (-9.359268068313959, 1.0, 4.632992001040856)
11.19999999999985 (-9.48788942091618, 1.0, 4.587756002540839)
11.21999999999985 (-9.609153942517, 1.0, 4.538038215784929)
11.23999999999985 (-9.72087088467169, 1.0, 4.485541701164101)
11.259999999999849 (-9.822072758283364, 1.0, 4.4328460668802485)
11.279999999999848 (-9.913244478000825, 1.0, 4.382814205467502)
11.299999999999848 (-9.99581590535833, 1.0, 4.337677137930323)
11.319999999999848 (-10.071686864683684, 1.0, 4.298910879474786)
11.339999999999847 (-10.142786045817425, 1.0, 4.267348469922423)
11.359999999999847 (-10.210964736492883, 1.0, 4.243400304578374)
11.379999999999846 (-10.277825858596325, 1.0, 4.227110530343862)
11.399999999999846 (-10.344441472746206, 1.0, 4.21834029928505)
11.419999999999845 (-10.411564307118306, 1.0, 4.2170880573102885)
11.439999999999845 (-10.479655876646632, 1.0, 4.2235107687927504)
11.459999999999845 (-10.548887666695844, 1.0, 4.237874620959255)
11.479999999999844 (-10.619211560145285, 1.0, 4.260580652621514)
11.499999999999844 (-10.690442971473765, 1.0, 4.292155274953693)
11.519999999999843 (-10.762252551398811, 1.0, 4.333132089909726)
11.539999999999843 (-10.834175499434096, 1.0, 4.384009180948165)
11.559999999999842 (-10.905386595966597, 1.0, 4.445172278088161)
11.579999999999842 (-10.974631589951153, 1.0, 4.517236705964741)
11.599999999999842 (-11.040535054618505, 1.0, 4.60097174403687)
11.619999999999841 (-11.101806001959229, 1.0, 4.696885140205243)
11.63999999999984 (-11.157333398859127, 1.0, 4.805154133848637)
11.65999999999984 (-11.207639116825174, 1.0, 4.919820466547971)
11.67999999999984 (-11.25288076051858, 1.0, 5.032473932007277)
11.69999999999984 (-11.291896634826669, 1.0, 5.140653395175399)
11.719999999999839 (-11.32349188947579, 1.0, 5.2448173036483645)
11.739999999999839 (-11.347794811378694, 1.0, 5.345919459379454)
11.759999999999838 (-11.364932020814981, 1.0, 5.446809636708116)
11.779999999999838 (-11.376316140311033, 1.0, 5.548912225093865)
11.799999999999837 (-11.3845192491129, 1.0, 5.6495317456773035)
11.819999999999837 (-11.391295269409556, 1.0, 5.745295622068366)
11.839999999999836 (-11.397586761521598, 1.0, 5.834226699924029)
11.859999999999836 (-11.403986626971314, 1.0, 5.91521896323035)
11.879999999999836 (-11.411035506208055, 1.0, 5.987704039014106)
11.899999999999835 (-11.41949784822603, 1.0, 6.05137706044832)
11.919999999999835 (-11.430417126102734, 1.0, 6.1060247463147554)
11.939999999999834 (-11.44507978224306, 1.0, 6.151375067712105)
11.959999999999834 (-11.464940615888612, 1.0, 6.18695329858911)
11.979999999999833 (-11.49148067335651, 1.0, 6.211936498595202)
11.999999999999833 (-11.526041331917511, 1.0, 6.225066916395527)
12.019999999999833 (-11.569727999898282, 1.0, 6.224722452120428)
12.039999999999832 (-11.623282613972801, 1.0, 6.208904490938918)
12.059999999999832 (-11.686938461707905, 1.0, 6.1753513721672295)
12.079999999999831 (-11.76035730035068, 1.0, 6.121700025477217)
12.099999999999831 (-11.840182126512753, 1.0, 6.049980639539889)
12.11999999999983 (-11.925049651084988, 1.0, 5.966222162929226)
12.13999999999983 (-12.013442991510674, 1.0, 5.874819739659223)
12.15999999999983 (-12.1024289194552, 1.0, 5.779406611503286)
12.17999999999983 (-12.188697818484936, 1.0, 5.682818561104799)
12.199999999999829 (-12.268844724896416, 1.0, 5.585602584443709)
12.219999999999828 (-12.340508157685052, 1.0, 5.48902376787198)
12.239999999999828 (-12.403419839701707, 1.0, 5.395607654132041)
12.259999999999827 (-12.45789891075321, 1.0, 5.307683017715114)
12.279999999999827 (-12.505617852000093, 1.0, 5.2272983940584705)
12.299999999999827 (-12.548936823199751, 1.0, 5.15559351275597)
12.319999999999826 (-12.590167539229519, 1.0, 5.092828265820977)
12.339999999999826 (-12.631383489224183, 1.0, 5.038700410542975)
12.359999999999825 (-12.674375475781533, 1.0, 4.992593283747549)
12.379999999999825 (-12.720618586572211, 1.0, 4.953641483340725)
12.399999999999824 (-12.771022304057555, 1.0, 4.920998538190502)
12.419999999999824 (-12.826107526571665, 1.0, 4.894230467070956)
12.439999999999824 (-12.886279112655641, 1.0, 4.873264855200495)
12.459999999999823 (-12.951804757865265, 1.0, 4.858318184973367)
12.479999999999823 (-13.02282616121511, 1.0, 4.849809321148545)
12.499999999999822 (-13.099297954096752, 1.0, 4.848276898639341)
12.519999999999822 (-13.180912461715673, 1.0, 4.854483001303436)
12.539999999999822 (-13.267220874367055, 1.0, 4.869582857497491)
12.559999999999821 (-13.3576269326892, 1.0, 4.894780160520734)
12.57999999999982 (-13.451452183455842, 1.0, 4.931124379320351)
12.59999999999982 (-13.547855443601268, 1.0, 4.979401935061152)
12.61999999999982 (-13.645746746159304, 1.0, 5.040099672497361)
12.63999999999982 (-13.743285756375757, 1.0, 5.110035319017146)
12.659999999999819 (-13.837215109283305, 1.0, 5.180750790573557)
12.679999999999819 (-13.924682540081541, 1.0, 5.2491468523793365)
12.699999999999818 (-14.004414702391292, 1.0, 5.316206070638064)
12.719999999999818 (-14.076037204360219, 1.0, 5.382963232582702)
12.739999999999817 (-14.140278596741041, 1.0, 5.452245782665469)
12.759999999999817 (-14.199206813441615, 1.0, 5.526045529856653)
12.779999999999816 (-14.254730455140688, 1.0, 5.60306892738724)
12.799999999999816 (-14.307297107463313, 1.0, 5.679634561128733)
12.819999999999816 (-14.356610039314457, 1.0, 5.7528125828153875)
12.839999999999815 (-14.402637771553499, 1.0, 5.820534512203398)
12.859999999999815 (-14.445639038658598, 1.0, 5.881221571450905)
12.879999999999814 (-14.486053623353268, 1.0, 5.9336354738004395)
12.899999999999814 (-14.52448016709111, 1.0, 5.977049782767379)
12.919999999999813 (-14.561681045999004, 1.0, 6.0113190387278825)
12.939999999999813 (-14.598606995091748, 1.0, 6.0358919975904)
12.959999999999813 (-14.636507647813145, 1.0, 6.04991293402834)
12.979999999999812 (-14.67651291110254, 1.0, 6.051936541819933)
12.999999999999812 (-14.719137628863274, 1.0, 6.040054842199391)
13.019999999999811 (-14.764271888683565, 1.0, 6.0121039119888655)
13.03999999999981 (-14.811151690290725, 1.0, 5.965829781516814)
13.05999999999981 (-14.858349675811064, 1.0, 5.899047313469833)
13.07999999999981 (-14.904455867872796, 1.0, 5.809946087879932)
13.09999999999981 (-14.947532247943956, 1.0, 5.7002935112309725)
13.11999999999981 (-14.988053433654265, 1.0, 5.575841944216844)
13.139999999999809 (-15.027238702960332, 1.0, 5.441680678522896)
13.159999999999808 (-15.06444469895846, 1.0, 5.3025986556103675)
13.179999999999808 (-15.097930041320755, 1.0, 5.162741102142753)
13.199999999999807 (-15.125270348045312, 1.0, 5.024274264327874)
13.219999999999807 (-15.1448218790241, 1.0, 4.889620846597876)
13.239999999999807 (-15.156893946873625, 1.0, 4.761635730954534)
13.259999999999806 (-15.163201703066163, 1.0, 4.642566104011808)
13.279999999999806 (-15.16649515545392, 1.0, 4.533515242670979)
13.299999999999805 (-15.16944773982233, 1.0, 4.434427114806008)
13.319999999999805 (-15.174343190286478, 1.0, 4.344419272075503)
13.339999999999804 (-15.18290956134422, 1.0, 4.262247501243483)
13.359999999999804 (-15.196450424794415, 1.0, 4.186520396504334)
13.379999999999804 (-15.215819351374519, 1.0, 4.115919750427418)
13.399999999999803 (-15.241505247105763, 1.0, 4.0494433413725845)
13.419999999999803 (-15.273911871858399, 1.0, 3.986410285611459)
13.439999999999802 (-15.313440335091782, 1.0, 3.926462762237609)
13.459999999999802 (-15.36040788085353, 1.0, 3.8695500722234817)
13.479999999999801 (-15.415136976064788, 1.0, 3.8158891864609092)
13.499999999999801 (-15.478028590914105, 1.0, 3.7658747658049774)
13.5199999999998 (-15.549414403089163, 1.0, 3.7200287977323887)
13.5399999999998 (-15.629547136814724, 1.0, 3.6789673601127615)
13.5599999999998 (-15.718413516298709, 1.0, 3.6434920696167326)
13.5799999999998 (-15.815908235578606, 1.0, 3.614855005800389)
13.599999999999799 (-15.922019473532051, 1.0, 3.5946282342744342)
13.619999999999798 (-16.036629808952753, 1.0, 3.5842626826680712)
13.639999999999798 (-16.159433915550224, 1.0, 3.584881125874791)
13.659999999999798 (-16.286361304966565, 1.0, 3.5940986296930415)
13.679999999999797 (-16.409939071162707, 1.0, 3.6073222147239092)
13.699999999999797 (-16.526743977834013, 1.0, 3.6238987415936967)
13.719999999999796 (-16.636522154001753, 1.0, 3.6450752423163664)
13.739999999999796 (-16.74002147442906, 1.0, 3.671156088455599)
13.759999999999796 (-16.839779901570303, 1.0, 3.703375108114018)
13.779999999999795 (-16.937553207053682, 1.0, 3.7410910891328024)
13.799999999999795 (-17.032268465542966, 1.0, 3.78093601337649)
13.819999999999794 (-17.121910742340415, 1.0, 3.8198061135364667)
13.839999999999794 (-17.205180403358565, 1.0, 3.85594781916644)
13.859999999999793 (-17.28141875138768, 1.0, 3.8883701628815475)
13.879999999999793 (-17.350389338163367, 1.0, 3.9162838923918106)
13.899999999999793 (-17.41217125259963, 1.0, 3.938819464107923)
13.919999999999792 (-17.467048204019623, 1.0, 3.95492008834716)
13.939999999999792 (-17.51536151953901, 1.0, 3.9633046735962405)
13.959999999999791 (-17.557343700806708, 1.0, 3.9624725273884884)
13.97999999999979 (-17.592953287711648, 1.0, 3.9507488992824977)
13.99999999999979 (-17.62174513941918, 1.0, 3.926374565894613)
14.01999999999979 (-17.642817797673743, 1.0, 3.8876265867147053)
14.03999999999979 (-17.65478866258656, 1.0, 3.832952728259522)
14.059999999999789 (-17.655829562318786, 1.0, 3.7611129299434136)
14.079999999999789 (-17.643742805553707, 1.0, 3.6713014161158593)
14.099999999999788 (-17.618862450546295, 1.0, 3.5675011575743247)
14.119999999999788 (-17.58594844677429, 1.0, 3.4536701216411743)
14.139999999999787 (-17.5480978228384, 1.0, 3.333165712772643)
14.159999999999787 (-17.507102841773595, 1.0, 3.210246038421308)
14.179999999999787 (-17.46377369391743, 1.0, 3.0891126809575162)
14.199999999999786 (-17.417288578170375, 1.0, 2.9731550603626746)
14.219999999999786 (-17.367527184879325, 1.0, 2.8649922082410137)
14.239999999999785 (-17.316527469662326, 1.0, 2.76600430822185)
14.259999999999785 (-17.266449029921787, 1.0, 2.676935355224548)
14.279999999999784 (-17.219836175201692, 1.0, 2.5972871969621383)
14.299999999999784 (-17.17878882167911, 1.0, 2.5255684253786317)
14.319999999999784 (-17.14464909901519, 1.0, 2.459863468103397)
14.339999999999783 (-17.11813580162591, 1.0, 2.3982047102078825)
14.359999999999783 (-17.099557269219247, 1.0, 2.3387246180091164)
14.379999999999782 (-17.08885498987331, 1.0, 2.2796921012086084)
14.399999999999782 (-17.085691645516103, 1.0, 2.219846110510552)
14.419999999999781 (-17.089894639022546, 1.0, 2.1585424082878566)
14.439999999999781 (-17.10159204991829, 1.0, 2.09540324251767)
14.45999999999978 (-17.121119195543628, 1.0, 2.0303006931475176)
14.47999999999978 (-17.14890783774988, 1.0, 1.963324902575773)
14.49999999999978 (-17.185414864676353, 1.0, 1.8948881177621488)
14.51999999999978 (-17.231319175197296, 1.0, 1.8257447753114677)
14.539999999999779 (-17.287502163803435, 1.0, 1.7568107710054985)
14.559999999999778 (-17.354658136422017, 1.0, 1.689093587133225)
14.579999999999778 (-17.433237890736436, 1.0, 1.6236365392777725)
14.599999999999778 (-17.523393552537822, 1.0, 1.5615459390696855)
14.619999999999777 (-17.624931422599417, 1.0, 1.5040357484596798)
14.639999999999777 (-17.732398616690737, 1.0, 1.4505613951710332)
14.659999999999776 (-17.837356880871045, 1.0, 1.400401568582143)
14.679999999999776 (-17.93701210439173, 1.0, 1.3548097569941155)
14.699999999999775 (-18.031755496799576, 1.0, 1.315364660579089)
14.719999999999775 (-18.122764954606946, 1.0, 1.2829519357184156)
14.739999999999775 (-18.2125337653449, 1.0, 1.2581457312286108)
14.759999999999774 (-18.30398929184025, 1.0, 1.2400417413054214)
14.779999999999774 (-18.396579796096717, 1.0, 1.2262050245215148)
14.799999999999773 (-18.487380279374975, 1.0, 1.2146771886182435)
14.819999999999773 (-18.573805896406018, 1.0, 1.2043886465835099)
14.839999999999772 (-18.653987162638327, 1.0, 1.194373449036688)
14.859999999999772 (-18.726640415195515, 1.0, 1.1836266870471508)
14.879999999999772 (-18.79092113913859, 1.0, 1.1711252777404388)
14.899999999999771 (-18.84636325170261, 1.0, 1.1558644309256405)
14.91999999999977 (-18.89300182728733, 1.0, 1.1369435874016889)
14.93999999999977 (-18.931064134322334, 1.0, 1.1134058243376062)
14.95999999999977 (-18.96052398075286, 1.0, 1.0838080125941396)
14.97999999999977 (-18.980695983715137, 1.0, 1.0464416743302931)
14.999999999999769 (-18.990122047166068, 1.0, 0.9999281280178354)
15.019999999999769 (-18.9867601727169, 1.0, 0.9433369525209527)
15.039999999999768 (-18.968153616417965, 1.0, 0.8762962985640183)
15.059999999999768 (-18.931604116312087, 1.0, 0.7990761511358696)
15.079999999999767 (-18.874502150702515, 1.0, 0.7125632431153583)
15.099999999999767 (-18.797525718018044, 1.0, 0.6190656832333176)
15.119999999999767 (-18.705778031276203, 1.0, 0.5209548200357822)
15.139999999999766 (-18.60440628362095, 1.0, 0.419490134912394)
15.159999999999766 (-18.497255363438803, 1.0, 0.31745321753429195)
15.179999999999765 (-18.38733184212313, 1.0, 0.21836537735369912)
15.199999999999765 (-18.27542730395135, 1.0, 0.12524060589150546)
15.219999999999764 (-18.16285019561735, 1.0, 0.04089112686528855)
15.239999999999764 (-18.05234475399455, 1.0, -0.03351255482911454)
15.259999999999764 (-17.946794426936307, 1.0, -0.09840182973488526)
15.279999999999763 (-17.848533993371028, 1.0, -0.15567121917290555)
15.299999999999763 (-17.758827328856945, 1.0, -0.2076979076103639)
15.319999999999762 (-17.678014973444334, 1.0, -0.25693399256694816)
15.339999999999762 (-17.605840915838137, 1.0, -0.30552165406409126)
15.359999999999761 (-17.54171227602547, 1.0, -0.3552651775284915)
15.379999999999761 (-17.484915405432883, 1.0, -0.4075300230124399)
15.39999999999976 (-17.434823895639187, 1.0, -0.4632722897394697)
15.41999999999976 (-17.391021500624678, 1.0, -0.5231924453521115)
15.43999999999976 (-17.353371978154026, 1.0, -0.5878542292284026)
15.45999999999976 (-17.321957260542522, 1.0, -0.6575750140181816)
15.479999999999759 (-17.29710423270989, 1.0, -0.7325475220094712)
15.499999999999758 (-17.279345348678827, 1.0, -0.8129897281518105)
15.519999999999758 (-17.269288480165503, 1.0, -0.898998459837048)
15.539999999999758 (-17.267590160878008, 1.0, -0.9905753452556304)
15.559999999999757 (-17.274894771175827, 1.0, -1.0874720532098772)
15.579999999999757 (-17.29200748185179, 1.0, -1.189133836253049)
15.599999999999756 (-17.320164819366198, 1.0, -1.29478550015907)
15.619999999999756 (-17.360737331028233, 1.0, -1.403608734301006)
15.639999999999755 (-17.414830596804197, 1.0, -1.5148749652096434)
15.659999999999755 (-17.4804883263597, 1.0, -1.6266833568549188)
15.679999999999755 (-17.549615535268835, 1.0, -1.7344583135740954)
15.699999999999754 (-17.618904103115245, 1.0, -1.834795896417467)
15.719999999999754 (-17.68922357025727, 1.0, -1.9268114755131305)
15.739999999999753 (-17.761128487851074, 1.0, -2.010857258585064)
15.759999999999753 (-17.83649286211721, 1.0, -2.088579621161379)
15.779999999999752 (-17.915469896163568, 1.0, -2.1616534388498714)
15.799999999999752 (-17.994955040481845, 1.0, -2.230659300121009)
15.819999999999752 (-18.071416885625567, 1.0, -2.295277114026791)
15.839999999999751 (-18.142729532833282, 1.0, -2.3551791509188424)
15.85999999999975 (-18.207681847235417, 1.0, -2.410263002833692)
15.87999999999975 (-18.26540213665398, 1.0, -2.4607023483992254)
15.89999999999975 (-18.31508459574726, 1.0, -2.506965328268559)
15.91999999999975 (-18.355858114185548, 1.0, -2.5497650268059755)
15.939999999999749 (-18.38669389591217, 1.0, -2.589950140021428)
15.959999999999749 (-18.40634094304151, 1.0, -2.628362066093537)
15.979999999999748 (-18.413296367824923, 1.0, -2.6656781964682112)
15.999999999999748 (-18.405831050069168, 1.0, -2.702273733706178)
16.019999999999747 (-18.382072982345566, 1.0, -2.738126402106695)
16.039999999999747 (-18.34009846155449, 1.0, -2.772733664243871)
16.059999999999746 (-18.278042452440488, 1.0, -2.805063155368249)
16.079999999999746 (-18.19424249180491, 1.0, -2.8335782663653206)
16.099999999999746 (-18.0925680642657, 1.0, -2.8569571560159948)
16.119999999999745 (-17.9786155538693, 1.0, -2.877866020783945)
16.139999999999745 (-17.856656755376058, 1.0, -2.897534234143031)
16.159999999999744 (-17.73122558573912, 1.0, -2.915655511848725)
16.179999999999744 (-17.606570961959928, 1.0, -2.9310716624790905)
16.199999999999743 (-17.485297475221856, 1.0, -2.9415718215691475)
16.219999999999743 (-17.369695380149487, 1.0, -2.945870627504823)
16.239999999999743 (-17.26173505742104, 1.0, -2.9452519412439377)
16.259999999999742 (-17.162888591765633, 1.0, -2.941273474398295)
16.279999999999742 (-17.07385536078232, 1.0, -2.9362853132596882)
16.29999999999974 (-16.994279768865006, 1.0, -2.932803633356505)
16.31999999999974 (-16.923095226258745, 1.0, -2.9328496441382605)
16.33999999999974 (-16.85890132824208, 1.0, -2.937969354171549)
16.35999999999974 (-16.800195999485876, 1.0, -2.949267438242527)
16.37999999999974 (-16.745408494302787, 1.0, -2.9674946404544706)
16.39999999999974 (-16.69307552411759, 1.0, -2.992988514013526)
16.41999999999974 (-16.642514140019774, 1.0, -3.025729590667471)
16.43999999999974 (-16.59349947048138, 1.0, -3.0659824318314026)
16.459999999999738 (-16.54612303706517, 1.0, -3.1141284860295304)
16.479999999999738 (-16.500775422658165, 1.0, -3.1704985440587876)
16.499999999999737 (-16.458239964190955, 1.0, -3.235372618297913)
16.519999999999737 (-16.41957643132493, 1.0, -3.309120031243428)
16.539999999999736 (-16.38591136822052, 1.0, -3.392076804807847)
16.559999999999736 (-16.358338467447844, 1.0, -3.4842822761450165)
16.579999999999735 (-16.337917374713236, 1.0, -3.585517049725684)
16.599999999999735 (-16.325666440425397, 1.0, -3.695269906156503)
16.619999999999735 (-16.32256812149695, 1.0, -3.8126852185717617)
16.639999999999734 (-16.32347186811189, 1.0, -3.931363256467034)
16.659999999999734 (-16.32491599499529, 1.0, -4.044562724170853)
16.679999999999733 (-16.327943123773196, 1.0, -4.150749583643758)
16.699999999999733 (-16.33417782581918, 1.0, -4.249711343423169)
16.719999999999732 (-16.345401959050285, 1.0, -4.342563062148418)
16.739999999999732 (-16.36309633575145, 1.0, -4.431425317497502)
16.75999999999973 (-16.387296592941496, 1.0, -4.518857560875658)
16.77999999999973 (-16.415346935436084, 1.0, -4.6052745002779005)
16.79999999999973 (-16.44459055038129, 1.0, -4.689136837485928)
16.81999999999973 (-16.473033886986446, 1.0, -4.7687660395554445)
16.83999999999973 (-16.498914258288657, 1.0, -4.8429040153459955)
16.85999999999973 (-16.52070238333133, 1.0, -4.9108745742826905)
16.87999999999973 (-16.53707332975438, 1.0, -4.972451832686041)
16.89999999999973 (-16.546807253346312, 1.0, -5.02768478179343)
16.919999999999728 (-16.548832477484872, 1.0, -5.076918713431287)
16.939999999999728 (-16.542346267134537, 1.0, -5.120858522149965)
16.959999999999727 (-16.526335942801225, 1.0, -5.160344841043365)
16.979999999999727 (-16.499065725142245, 1.0, -5.195687053885185)
16.999999999999726 (-16.458601960259493, 1.0, -5.226268878657255)
17.019999999999726 (-16.403102198566007, 1.0, -5.2506143997109005)
17.039999999999726 (-16.331037992330785, 1.0, -5.26653954567463)
17.059999999999725 (-16.241387338753615, 1.0, -5.271346076852613)
17.079999999999725 (-16.133779570332177, 1.0, -5.262080775824369)
17.099999999999724 (-16.010643252320186, 1.0, -5.237340394802139)
17.119999999999724 (-15.876818176807904, 1.0, -5.200804643513228)
17.139999999999723 (-15.735525182177836, 1.0, -5.156834424531824)
17.159999999999723 (-15.59086566559893, 1.0, -5.107511448483217)
17.179999999999723 (-15.44743465887853, 1.0, -5.0539233675288)
17.199999999999722 (-15.308150527151053, 1.0, -4.995515799775329)
17.21999999999972 (-15.176272785971028, 1.0, -4.932026455486285)
17.23999999999972 (-15.054274826470442, 1.0, -4.865346680591123)
17.25999999999972 (-14.943145380488216, 1.0, -4.798345061024811)
17.27999999999972 (-14.842326502881118, 1.0, -4.734022692292853)
17.29999999999972 (-14.750328172620948, 1.0, -4.674645397893535)
17.31999999999972 (-14.665149894734723, 1.0, -4.621699399036986)
17.33999999999972 (-14.584749369940234, 1.0, -4.575998739286941)
17.35999999999972 (-14.507264406201216, 1.0, -4.537877530228101)
17.37999999999972 (-14.43117500379042, 1.0, -4.507373152588419)
17.399999999999718 (-14.35531318279319, 1.0, -4.484421695575198)
17.419999999999717 (-14.278842093223581, 1.0, -4.4689897242128795)
17.439999999999717 (-14.201219782969325, 1.0, -4.4611760137413246)
17.459999999999717 (-14.1221387563353, 1.0, -4.461253097393026)
17.479999999999716 (-14.041470356909022, 1.0, -4.469654713852968)
17.499999999999716 (-13.959226639217164, 1.0, -4.486926884640743)
17.519999999999715 (-13.875543167351829, 1.0, -4.513665197577502)
17.539999999999715 (-13.790647848659923, 1.0, -4.550482714739391)
17.559999999999715 (-13.704973054757726, 1.0, -4.597877686620114)
17.579999999999714 (-13.619111106138977, 1.0, -4.656306954767725)
17.599999999999714 (-13.533957245668196, 1.0, -4.726196998934284)
17.619999999999713 (-13.450838707241456, 1.0, -4.8081725370553094)
17.639999999999713 (-13.371114294368736, 1.0, -4.9031183643146985)
17.659999999999712 (-13.295581794777492, 1.0, -5.0112248751126645)
17.679999999999712 (-13.225229301888755, 1.0, -5.122933418818019)
17.69999999999971 (-13.16191095478198, 1.0, -5.2324780234430355)
17.71999999999971 (-13.10672966765161, 1.0, -5.339797331378885)
17.73999999999971 (-13.059690198646406, 1.0, -5.445271193336134)
17.75999999999971 (-13.019993119905468, 1.0, -5.550329917733015)
17.77999999999971 (-12.986502099319141, 1.0, -5.655760310917725)
17.79999999999971 (-12.957518037566016, 1.0, -5.759788557828456)
17.81999999999971 (-12.931788738098644, 1.0, -5.859386996256692)
17.83999999999971 (-12.90855900904762, 1.0, -5.952472942390444)
17.859999999999708 (-12.887269513701927, 1.0, -6.037843201205761)
17.879999999999708 (-12.867290398370466, 1.0, -6.114702433755448)
17.899999999999707 (-12.84779775316634, 1.0, -6.18243056017796)
17.919999999999707 (-12.827777729765403, 1.0, -6.2404272895017385)
17.939999999999706 (-12.806053865684218, 1.0, -6.288051348767442)
17.959999999999706 (-12.781364665051816, 1.0, -6.324532758043882)
17.979999999999706 (-12.752539678377536, 1.0, -6.348799478754719)
17.999999999999705 (-12.718520688043983, 1.0, -6.359472971494064)
18.019999999999705 (-12.678552422740188, 1.0, -6.354941583683369)
18.039999999999704 (-12.632273377663484, 1.0, -6.333376156803397)
18.059999999999704 (-12.57981289053969, 1.0, -6.292758163331817)
18.079999999999703 (-12.521785917315515, 1.0, -6.231068792440289)
18.099999999999703 (-12.460930830422244, 1.0, -6.15182155495559)
18.119999999999703 (-12.396799440077862, 1.0, -6.061275137343804)
18.139999999999702 (-12.3302007667855, 1.0, -5.963513090187113)
18.1599999999997 (-12.263384781287058, 1.0, -5.862380200857316)
18.1799999999997 (-12.199372728044784, 1.0, -5.76123098672116)
18.1999999999997 (-12.141190996428474, 1.0, -5.661425449589181)
18.2199999999997 (-12.090882366768303, 1.0, -5.5645519194844955)
18.2399999999997 (-12.04808945087096, 1.0, -5.472830071433579)
18.2599999999997 (-12.011697593366488, 1.0, -5.388031249080883)
18.2799999999997 (-11.979954343100042, 1.0, -5.311563089112696)
18.2999999999997 (-11.950684659518027, 1.0, -5.244117401594932)
18.3199999999997 (-11.921681552250424, 1.0, -5.185666500682749)
18.339999999999698 (-11.89104834640881, 1.0, -5.1357662384350204)
18.359999999999697 (-11.857127045324454, 1.0, -5.093610823350008)
18.379999999999697 (-11.818556137992429, 1.0, -5.0581579871696665)
18.399999999999697 (-11.774228404729323, 1.0, -5.028207765555083)
18.419999999999696 (-11.723401665862866, 1.0, -5.002462258094293)
18.439999999999696 (-11.666327458139609, 1.0, -4.980481634453793)
18.459999999999695 (-11.602843672829911, 1.0, -4.9628892950243415)
18.479999999999695 (-11.532777875247065, 1.0, -4.95070047326984)
18.499999999999694 (-11.45617683184247, 1.0, -4.945063455596436)
18.519999999999694 (-11.373186398955195, 1.0, -4.947119326076621)
18.539999999999694 (-11.284127755103283, 1.0, -4.9578820136709965)
18.559999999999693 (-11.189575469845161, 1.0, -4.978210676344076)
18.579999999999693 (-11.090343540890446, 1.0, -5.0088411533555455)
18.599999999999692 (-10.987506121612977, 1.0, -5.050346158934271)
18.619999999999692 (-10.882943328518433, 1.0, -5.1008358445630675)
18.63999999999969 (-10.78057134230498, 1.0, -5.151834043625284)
18.65999999999969 (-10.683856896637646, 1.0, -5.19991519144913)
18.67999999999969 (-10.594223543403386, 1.0, -5.2462168462405545)
18.69999999999969 (-10.512413188497616, 1.0, -5.2919965769353325)
18.71999999999969 (-10.438152673051707, 1.0, -5.3400706459351115)
18.73999999999969 (-10.36985634588325, 1.0, -5.392874968325004)
18.75999999999969 (-10.30549184295793, 1.0, -5.450363143923654)
18.77999999999969 (-10.243621270052211, 1.0, -5.510306210176213)
18.799999999999688 (-10.1843468373877, 1.0, -5.570352572336208)
18.819999999999688 (-10.12819146574813, 1.0, -5.628129282536279)
18.839999999999687 (-10.075515508139146, 1.0, -5.681373623829849)
18.859999999999687 (-10.026215295356467, 1.0, -5.728336806069282)
18.879999999999686 (-9.979815046753444, 1.0, -5.767728100650243)
18.899999999999686 (-9.935626828907356, 1.0, -5.798487758111911)
18.919999999999686 (-9.892810781650006, 1.0, -5.819670948703709)
18.939999999999685 (-9.850384048673952, 1.0, -5.830477287872219)
18.959999999999685 (-9.807158341283712, 1.0, -5.830353493802091)
18.979999999999684 (-9.761909482879755, 1.0, -5.818444116755249)
18.999999999999684 (-9.714070445601019, 1.0, -5.792857292083445)
19.019999999999683 (-9.66407877954382, 1.0, -5.751165158132405)
19.039999999999683 (-9.61337172988283, 1.0, -5.690750265367455)
19.059999999999683 (-9.5641488804965, 1.0, -5.609264185163588)
19.079999999999682 (-9.519160560078182, 1.0, -5.504907915486305)
19.09999999999968 (-9.481979787941578, 1.0, -5.37889816968435)
19.11999999999968 (-9.451394200342659, 1.0, -5.237824959056961)
19.13999999999968 (-9.424459348764572, 1.0, -5.086471110889245)
19.15999999999968 (-9.401225537266933, 1.0, -4.92928103105625)
19.17999999999968 (-9.382870501255377, 1.0, -4.770880441341117)
19.19999999999968 (-9.371049161841807, 1.0, -4.6135813755456105)
19.21999999999968 (-9.367522141975986, 1.0, -4.460278875911026)
19.23999999999968 (-9.37177518562343, 1.0, -4.31409822668065)
19.25999999999968 (-9.381998382694416, 1.0, -4.1774478867474985)
19.279999999999678 (-9.39510832986269, 1.0, -4.051363450680044)
19.299999999999677 (-9.408316434356857, 1.0, -3.935603443227004)
19.319999999999677 (-9.419322230908707, 1.0, -3.8291040102093556)
19.339999999999677 (-9.426391314318687, 1.0, -3.7304259557614463)
19.359999999999676 (-9.428329990215039, 1.0, -3.638091912649059)
19.379999999999676 (-9.424345788559396, 1.0, -3.5507705844935025)
19.399999999999675 (-9.413908035654394, 1.0, -3.4673859536759126)
19.419999999999675 (-9.396622104748147, 1.0, -3.3871677910645897)
19.439999999999674 (-9.372118121663664, 1.0, -3.3096545027904507)
19.459999999999674 (-9.339976045960459, 1.0, -3.2346624467684557)
19.479999999999674 (-9.299705734201828, 1.0, -3.1622296083119417)
19.499999999999673 (-9.250770716926885, 1.0, -3.092558435679146)
19.519999999999673 (-9.192636276413099, 1.0, -3.025973250524489)
19.539999999999672 (-9.124772805653322, 1.0, -2.9628710387061608)
19.559999999999672 (-9.046869699198828, 1.0, -2.9037950792936638)
19.57999999999967 (-8.958689965715633, 1.0, -2.8494051986704214)
19.59999999999967 (-8.860099333384055, 1.0, -2.8004570087810134)
19.61999999999967 (-8.751197043615175, 1.0, -2.757834090344369)
19.63999999999967 (-8.632261012254508, 1.0, -2.722712528223007)
19.65999999999967 (-8.502971238532927, 1.0, -2.6964282800672095)
19.67999999999967 (-8.368610696986542, 1.0, -2.6780520396548226)
19.69999999999967 (-8.236895186082126, 1.0, -2.666093027184747)
19.71999999999967 (-8.109945767164138, 1.0, -2.661038344255622)
19.739999999999668 (-7.987941793646938, 1.0, -2.66291626535303)
19.759999999999668 (-7.870851724233068, 1.0, -2.670942045021235)
19.779999999999667 (-7.7575817275845305, 1.0, -2.6849464402433285)
19.799999999999667 (-7.648050831933516, 1.0, -2.7033464528868842)
19.819999999999666 (-7.544035586297549, 1.0, -2.7238404119164716)
19.839999999999666 (-7.446989124989268, 1.0, -2.7447108116944055)
19.859999999999665 (-7.357726745893479, 1.0, -2.764709239117505)
19.879999999999665 (-7.276785606474161, 1.0, -2.782698092970607)
19.899999999999665 (-7.2045535382742845, 1.0, -2.797536624493658)
19.919999999999664 (-7.141199942604422, 1.0, -2.8079862901335897)
19.939999999999664 (-7.086944482910058, 1.0, -2.8126817653242684)
19.959999999999663 (-7.042170153018404, 1.0, -2.81018491188267)
19.979999999999663 (-7.007385990673226, 1.0, -2.7990471482117893)
19.999999999999662 (-6.983319992281043, 1.0, -2.7778914614008117)
20.019999999999662 (-6.970991211923746, 1.0, -2.7454703331277877)
20.03999999999966 (-6.971773293875455, 1.0, -2.7007458347118543)
20.05999999999966 (-6.987372474112503, 1.0, -2.642982556217575)
20.07999999999966 (-7.019507026217016, 1.0, -2.572036931034312)
20.09999999999966 (-7.064974414752652, 1.0, -2.491923369234476)
20.11999999999966 (-7.1180466033849905, 1.0, -2.404322026983507)
20.13999999999966 (-7.175778449945038, 1.0, -2.311682735769345)
20.15999999999966 (-7.235731985018941, 1.0, -2.2176074618403963)
20.17999999999966 (-7.296492028256581, 1.0, -2.1264120026149076)
20.19999999999966 (-7.357769642598561, 1.0, -2.0414205252324944)
20.219999999999658 (-7.418865738534883, 1.0, -1.964841789765061)
20.239999999999657 (-7.477934412984791, 1.0, -1.897337847434786)
20.259999999999657 (-7.532923424043966, 1.0, -1.838513588121102)
20.279999999999657 (-7.581911157153789, 1.0, -1.7871927932539295)
20.299999999999656 (-7.623492262161743, 1.0, -1.7418529809238046)
20.319999999999656 (-7.656732651215055, 1.0, -1.7007159270766121)
20.339999999999655 (-7.68117180343965, 1.0, -1.6619582546069276)
20.359999999999655 (-7.696761237371274, 1.0, -1.6238955430678887)
20.379999999999654 (-7.703739154116957, 1.0, -1.5850132100044971)
20.399999999999654 (-7.702518590171502, 1.0, -1.5439248010292181)
20.419999999999654 (-7.693607458917119, 1.0, -1.4993314072393338)
20.439999999999653 (-7.677613254946027, 1.0, -1.4500449918397402)
20.459999999999653 (-7.655138476332772, 1.0, -1.3949051237142378)
20.479999999999652 (-7.6269701123435905, 1.0, -1.3329501125553576)
20.499999999999652 (-7.593400096947791, 1.0, -1.2654481084922966)
20.51999999999965 (-7.551923190849977, 1.0, -1.1943253572814638)
20.53999999999965 (-7.500350102153415, 1.0, -1.1212360470907405)
20.55999999999965 (-7.437475230284833, 1.0, -1.0477522730747248)
20.57999999999965 (-7.36303138878972, 1.0, -0.9753455967124368)
20.59999999999965 (-7.2774022180854185, 1.0, -0.9054839844881263)
20.61999999999965 (-7.189593486309105, 1.0, -0.8370282149424721)
20.63999999999965 (-7.1068607301702444, 1.0, -0.7709029596173177)
20.65999999999965 (-7.029603340250865, 1.0, -0.708949450882889)
20.679999999999648 (-6.957218703505971, 1.0, -0.6528929472427638)
20.699999999999648 (-6.8874624798658335, 1.0, -0.6042506042910197)
20.719999999999647 (-6.817970332269903, 1.0, -0.5635542821863591)
20.739999999999647 (-6.747136372953572, 1.0, -0.5300115114814201)
20.759999999999646 (-6.674990412782351, 1.0, -0.5014745832069492)
20.779999999999646 (-6.602359755204642, 1.0, -0.47613673091761255)
20.799999999999645 (-6.530329601402127, 1.0, -0.4531373696598042)
20.819999999999645 (-6.460914893726884, 1.0, -0.43177176009019974)
20.839999999999645 (-6.396507282304009, 1.0, -0.4112634600865795)
20.859999999999644 (-6.338720350913187, 1.0, -0.3906498472775617)
20.879999999999644 (-6.288387533732851, 1.0, -0.3688027051921306)
20.899999999999643 (-6.246004937659183, 1.0, -0.34448041811734437)
20.919999999999643 (-6.2119508571032505, 1.0, -0.31636296303957684)
20.939999999999642 (-6.1866036216924485, 1.0, -0.2830628606558585)
20.959999999999642 (-6.170453035662456, 1.0, -0.2431465350764281)
20.97999999999964 (-6.163794691296386, 1.0, -0.1950928169282823)
20.99999999999964 (-6.167233752765006, 1.0, -0.13735928695890068)
21.01999999999964 (-6.182948271893388, 1.0, -0.0689398217511351)
21.03999999999964 (-6.214247297379733, 1.0, 0.010258565640709094)
21.05999999999964 (-6.264853369912612, 1.0, 0.09929009036755686)
21.07999999999964 (-6.338244543069913, 1.0, 0.1962489320329921)
21.09999999999964 (-6.43617190281902, 1.0, 0.29630052729943224)
21.11999999999964 (-6.5517393165636735, 1.0, 0.39676607603126934)
21.139999999999638 (-6.678881157851719, 1.0, 0.49841147451440193)
21.159999999999638 (-6.813756412688735, 1.0, 0.5990802405843938)
21.179999999999637 (-6.952813273916438, 1.0, 0.6954776161757964)
21.199999999999637 (-7.094620312778984, 1.0, 0.7853663440263685)
21.219999999999636 (-7.237421884237305, 1.0, 0.8658603852266737)
21.239999999999636 (-7.378207292484826, 1.0, 0.9359516991335296)
21.259999999999636 (-7.514036860623467, 1.0, 0.9955786430682311)
21.279999999999635 (-7.642266377718967, 1.0, 1.0458693463105617)
21.299999999999635 (-7.761300860806855, 1.0, 1.0898462936542561)
21.319999999999634 (-7.870886280283019, 1.0, 1.1302999529206832)
21.339999999999634 (-7.97143270323624, 1.0, 1.169591121993903)
21.359999999999634 (-8.06365285151079, 1.0, 1.2096037826854882)
21.379999999999633 (-8.148322239522365, 1.0, 1.2517801360985314)
21.399999999999633 (-8.226124210938476, 1.0, 1.2972085089961711)
21.419999999999632 (-8.297543698216991, 1.0, 1.3467067750170238)
21.439999999999632 (-8.362811196563015, 1.0, 1.4009188741243035)
21.45999999999963 (-8.421907005471553, 1.0, 1.4604041436420803)
21.47999999999963 (-8.47459601854991, 1.0, 1.5256930645589166)
21.49999999999963 (-8.520488871200897, 1.0, 1.597299824166885)
21.51999999999963 (-8.559102971313873, 1.0, 1.6757011974050424)
21.53999999999963 (-8.589903888665237, 1.0, 1.7612977671641605)
21.55999999999963 (-8.6123213639963, 1.0, 1.8543720321674493)
21.57999999999963 (-8.62574588643669, 1.0, 1.9550524500025561)
21.59999999999963 (-8.629519187800701, 1.0, 2.0632863635630416)
21.619999999999628 (-8.622932959363656, 1.0, 2.178821676100189)
21.639999999999628 (-8.605235624385136, 1.0, 2.301194365166813)
21.659999999999627 (-8.575658260245781, 1.0, 2.429725832188952)
21.679999999999627 (-8.533531330880752, 1.0, 2.563991916105345)
21.699999999999626 (-8.484459451718283, 1.0, 2.697350918653059)
21.719999999999626 (-8.432060314352013, 1.0, 2.823399631107235)
21.739999999999625 (-8.376438825175075, 1.0, 2.9409304331235298)
21.759999999999625 (-8.318444739432534, 1.0, 3.0488933473300133)
21.779999999999625 (-8.257065888713525, 1.0, 3.148239062087301)
21.799999999999624 (-8.192355110760719, 1.0, 3.24034042713525)
21.819999999999624 (-8.126155240410677, 1.0, 3.32548218330621)
21.839999999999623 (-8.060656114291456, 1.0, 3.4035978041589834)
21.859999999999623 (-7.997703473604253, 1.0, 3.474739529227965)
21.879999999999622 (-7.938959400017797, 1.0, 3.5390661655379168)
21.899999999999622 (-7.8860463984838995, 1.0, 3.596774505952678)
21.91999999999962 (-7.840583952541361, 1.0, 3.6480199849051953)
21.93999999999962 (-7.804156787613311, 1.0, 3.6929065186785395)
21.95999999999962 (-7.778288563113803, 1.0, 3.7314909325846797)
21.97999999999962 (-7.764439734491051, 1.0, 3.763762023621488)
21.99999999999962 (-7.764026072205095, 1.0, 3.7895729884743203)
22.01999999999962 (-7.778436458750576, 1.0, 3.808546877735871)
22.03999999999962 (-7.809018627021178, 1.0, 3.8200037732319236)
22.05999999999962 (-7.857013920808638, 1.0, 3.8229619969817143)
22.079999999999618 (-7.9213970096437105, 1.0, 3.81708956219294)
22.099999999999618 (-7.997673150394883, 1.0, 3.805335599804202)
22.119999999999617 (-8.082483684540637, 1.0, 3.7912252711548935)
22.139999999999617 (-8.172416742874207, 1.0, 3.7760395395017454)
22.159999999999616 (-8.263294165846414, 1.0, 3.760582229077684)
22.179999999999616 (-8.351036311231764, 1.0, 3.7435865476794827)
22.199999999999616 (-8.432340967426267, 1.0, 3.7237997083937215)
22.219999999999615 (-8.505034424237323, 1.0, 3.7011156381720145)
22.239999999999615 (-8.568104552707588, 1.0, 3.676993815063305)
22.259999999999614 (-8.621248791236509, 1.0, 3.6533032222298027)
22.279999999999614 (-8.664779341356423, 1.0, 3.6320854535603053)
22.299999999999613 (-8.699439153654525, 1.0, 3.615127077663941)
22.319999999999613 (-8.726296836124689, 1.0, 3.603864177058549)
22.339999999999613 (-8.746586859166406, 1.0, 3.599377651133436)
22.359999999999612 (-8.761558035062514, 1.0, 3.602396828260405)
22.37999999999961 (-8.77240470631044, 1.0, 3.613407474693628)
22.39999999999961 (-8.780230825726424, 1.0, 3.6327574711991053)
22.41999999999961 (-8.786028366755456, 1.0, 3.6607048460741924)
22.43999999999961 (-8.790681740325068, 1.0, 3.6974123266424854)
22.45999999999961 (-8.794977317230744, 1.0, 3.7430559040003972)
22.47999999999961 (-8.799606662691614, 1.0, 3.797820988472369)
22.49999999999961 (-8.80520698942861, 1.0, 3.861769637106281)
22.51999999999961 (-8.81239074858822, 1.0, 3.934905499463702)
22.53999999999961 (-8.82180130013784, 1.0, 4.017110897612885)
22.559999999999608 (-8.834201589318699, 1.0, 4.1079826685679475)
22.579999999999607 (-8.850315557794351, 1.0, 4.205788545229686)
22.599999999999607 (-8.872021475086576, 1.0, 4.304534975952182)
22.619999999999607 (-8.897683097581693, 1.0, 4.4008404974862145)
22.639999999999606 (-8.924948408256359, 1.0, 4.492687143019157)
22.659999999999606 (-8.951582160911785, 1.0, 4.57820545538009)
22.679999999999605 (-8.974677001853252, 1.0, 4.657404294471051)
22.699999999999605 (-8.992453409984673, 1.0, 4.731407383006845)
22.719999999999605 (-9.002987868571687, 1.0, 4.8011325620101095)
22.739999999999604 (-9.005323528271319, 1.0, 4.86725284687181)
22.759999999999604 (-8.999423214353044, 1.0, 4.930388339077597)
22.779999999999603 (-8.988339776449301, 1.0, 4.991117646939612)
22.799999999999603 (-8.974938685273958, 1.0, 5.049717551901395)
22.819999999999602 (-8.960936479252629, 1.0, 5.105589943416705)
22.839999999999602 (-8.948160230947034, 1.0, 5.15742585470688)
22.8599999999996 (-8.938125107457074, 1.0, 5.2044550500995275)
22.8799999999996 (-8.932073995033827, 1.0, 5.246753709977063)
22.8999999999996 (-8.931197662050497, 1.0, 5.285033526789956)
22.9199999999996 (-8.936801770257473, 1.0, 5.320476111761477)
22.9399999999996 (-8.950593952324084, 1.0, 5.354260136439075)
22.9599999999996 (-8.97458053421678, 1.0, 5.38714260476183)
22.9799999999996 (-9.011003192437162, 1.0, 5.419156641813584)
22.9999999999996 (-9.062239471041499, 1.0, 5.449457187012996)
23.019999999999598 (-9.130663677945645, 1.0, 5.4760141215801275)
23.039999999999598 (-9.218339512556023, 1.0, 5.495475082191268)
23.059999999999597 (-9.32649794729519, 1.0, 5.503494221624995)
23.079999999999597 (-9.455129308449845, 1.0, 5.495675684866677)
23.099999999999596 (-9.601984676362315, 1.0, 5.468724217498347)
23.119999999999596 (-9.761063002754671, 1.0, 5.424667830482914)
23.139999999999596 (-9.928377675306013, 1.0, 5.369085007016138)
23.159999999999595 (-10.100147405831983, 1.0, 5.30457022915421)
23.179999999999595 (-10.27102067091325, 1.0, 5.23264657053884)
23.199999999999594 (-10.438782305792053, 1.0, 5.154010120725173)
23.219999999999594 (-10.600253841176439, 1.0, 5.068193085960388)
23.239999999999593 (-10.752525527856239, 1.0, 4.976877413076049)
23.259999999999593 (-10.89367526423392, 1.0, 4.882807878938744)
23.279999999999593 (-11.022368706564668, 1.0, 4.788478768720103)
23.299999999999592 (-11.137644437511481, 1.0, 4.695739214621233)
23.31999999999959 (-11.240411996099956, 1.0, 4.607102031748141)
23.33999999999959 (-11.333909314177898, 1.0, 4.524905741021742)
23.35999999999959 (-11.42078544919676, 1.0, 4.449954249514844)
23.37999999999959 (-11.503188554807206, 1.0, 4.38252641614367)
23.39999999999959 (-11.58279914352179, 1.0, 4.322736571669104)
23.41999999999959 (-11.660906346688993, 1.0, 4.270725707094598)
23.43999999999959 (-11.73850822403328, 1.0, 4.226765899827463)
23.45999999999959 (-11.816330938738279, 1.0, 4.191249309974353)
23.47999999999959 (-11.895514097242827, 1.0, 4.169063169142263)
23.499999999999588 (-11.977993598899317, 1.0, 4.163455107274885)
23.519999999999587 (-12.06185797184143, 1.0, 4.166082723687238)
23.539999999999587 (-12.145352865613004, 1.0, 4.1718682597078525)
23.559999999999587 (-12.229497963784116, 1.0, 4.184854713293296)
23.579999999999586 (-12.318408340999534, 1.0, 4.21302694990462)
23.599999999999586 (-12.411448164901286, 1.0, 4.254449369609803)
23.619999999999585 (-12.507614313774665, 1.0, 4.307839481607256)
23.639999999999585 (-12.605555919958388, 1.0, 4.372898786171702)
23.659999999999584 (-12.703754636010146, 1.0, 4.449959879944482)
23.679999999999584 (-12.801434638205258, 1.0, 4.539814118336826)
23.699999999999584 (-12.897354277279293, 1.0, 4.641441408288272)
23.719999999999583 (-12.986350935845792, 1.0, 4.747343245833628)
23.739999999999583 (-13.065082126959355, 1.0, 4.852636350677229)
23.759999999999582 (-13.132303137694102, 1.0, 4.955694873568047)
23.779999999999582 (-13.187151136804792, 1.0, 5.055016008298673)
23.79999999999958 (-13.230494506929166, 1.0, 5.152122264519266)
23.81999999999958 (-13.264348595848784, 1.0, 5.248276403448778)
23.83999999999958 (-13.290130476249924, 1.0, 5.342779370935257)
23.85999999999958 (-13.30930006888822, 1.0, 5.433846990466632)
23.87999999999958 (-13.323309769208437, 1.0, 5.519403665923158)
23.89999999999958 (-13.333417842277523, 1.0, 5.597554077900437)
23.91999999999958 (-13.340705297682055, 1.0, 5.666579480437347)
23.93999999999958 (-13.346099053985714, 1.0, 5.724895873849133)
23.959999999999578 (-13.350355480525518, 1.0, 5.770990900016702)
23.979999999999578 (-13.354080846716048, 1.0, 5.803444031114206)
23.999999999999577 (-13.357768912281825, 1.0, 5.820883475384564)
24.019999999999577 (-13.361750198593457, 1.0, 5.821935041185071)
24.039999999999576 (-13.366163154946783, 1.0, 5.805229491324564)
24.059999999999576 (-13.370885755380357, 1.0, 5.77060864117873)
24.079999999999576 (-13.3764600405751, 1.0, 5.7228907034487655)
24.099999999999575 (-13.384617713229774, 1.0, 5.66647438861802)
24.119999999999575 (-13.395158554365905, 1.0, 5.604653985532093)
24.139999999999574 (-13.407147388964775, 1.0, 5.541116583270027)
24.159999999999574 (-13.418969851982745, 1.0, 5.479570624713534)
24.179999999999573 (-13.427373084281795, 1.0, 5.42193794551998)
24.199999999999573 (-13.429637648713605, 1.0, 5.370325199265826)
24.219999999999573 (-13.425511140736909, 1.0, 5.326161775340965)
24.239999999999572 (-13.415793329870683, 1.0, 5.29058353663082)
24.25999999999957 (-13.4019398093981, 1.0, 5.264423114032379)
24.27999999999957 (-13.385782663197698, 1.0, 5.2482225581929525)
24.29999999999957 (-13.368822959567245, 1.0, 5.24205012563208)
24.31999999999957 (-13.352364825358064, 1.0, 5.245624461108492)
24.33999999999957 (-13.337489881116142, 1.0, 5.258444032667083)
24.35999999999957 (-13.32500021049873, 1.0, 5.27989037118216)
24.37999999999957 (-13.315455623150813, 1.0, 5.309310065669103)
24.39999999999957 (-13.309220529614276, 1.0, 5.34605293074841)
24.41999999999957 (-13.3064726617214, 1.0, 5.389460017253677)
24.439999999999568 (-13.309527857516692, 1.0, 5.437643854816703)
24.459999999999567 (-13.321712077806176, 1.0, 5.487217909254239)
24.479999999999567 (-13.345009071070056, 1.0, 5.535891543604782)
24.499999999999567 (-13.381118998551194, 1.0, 5.5830506004997975)
24.519999999999566 (-13.43064140698227, 1.0, 5.628485265261724)
24.539999999999566 (-13.493163683920248, 1.0, 5.672842929129946)
24.559999999999565 (-13.56869941633793, 1.0, 5.717106133724262)
24.579999999999565 (-13.652807939713242, 1.0, 5.7538985355495775)
24.599999999999564 (-13.740394607909547, 1.0, 5.781603762939083)
24.619999999999564 (-13.827973773196831, 1.0, 5.802894641176766)
24.639999999999564 (-13.913208388618152, 1.0, 5.821994465591625)
24.659999999999563 (-13.994152661056901, 1.0, 5.840539601510375)
24.679999999999563 (-14.068430016112794, 1.0, 5.857830730999453)
24.699999999999562 (-14.134109618887496, 1.0, 5.875141067881523)
24.719999999999562 (-14.190541092306736, 1.0, 5.89404507336692)
24.73999999999956 (-14.237552958277574, 1.0, 5.915153716908944)
24.75999999999956 (-14.275391438856106, 1.0, 5.938431094204393)
24.77999999999956 (-14.305709110348154, 1.0, 5.963380169144994)
24.79999999999956 (-14.331975060839184, 1.0, 5.989422387817074)
24.81999999999956 (-14.356194605566573, 1.0, 6.016270553891544)
24.83999999999956 (-14.379346541335018, 1.0, 6.042632870446614)
24.85999999999956 (-14.401959273098527, 1.0, 6.066905496679745)
24.87999999999956 (-14.424775772381, 1.0, 6.08815462896623)
24.899999999999558 (-14.449265663256742, 1.0, 6.106125276545185)
24.919999999999558 (-14.47757373397686, 1.0, 6.120590233945258)
24.939999999999557 (-14.511971223118993, 1.0, 6.130863012593473)
24.959999999999557 (-14.55453809951044, 1.0, 6.135552920649723)
24.979999999999556 (-14.606936207872447, 1.0, 6.13235987028016)
24.999999999999556 (-14.67003754338416, 1.0, 6.117839927056995)
25.019999999999555 (-14.743273848138337, 1.0, 6.087255900313025)
25.039999999999555 (-14.8228197145116, 1.0, 6.034604301095254)
25.059999999999555 (-14.905123679718935, 1.0, 5.955881949205593)
25.079999999999554 (-14.98755412731754, 1.0, 5.849562213300646)
25.099999999999554 (-15.066816561910622, 1.0, 5.715977060051324)
25.119999999999553 (-15.14039438455952, 1.0, 5.559895375176093)
25.139999999999553 (-15.208965041270385, 1.0, 5.388116562458337)
25.159999999999553 (-15.271956489437157, 1.0, 5.205111309783651)
25.179999999999552 (-15.327224196226192, 1.0, 5.016241508824753)
25.19999999999955 (-15.374426632898247, 1.0, 4.824014306102579)
25.21999999999955 (-15.41110437140521, 1.0, 4.630251703826961)
25.23999999999955 (-15.436351447040726, 1.0, 4.4386368770732565)
25.25999999999955 (-15.451242325419962, 1.0, 4.252909509154854)
25.27999999999955 (-15.457286151339831, 1.0, 4.076078377363245)
25.29999999999955 (-15.455888390039817, 1.0, 3.910360914376317)
25.31999999999955 (-15.448343122337418, 1.0, 3.7572584155212025)
25.33999999999955 (-15.435864244677575, 1.0, 3.617682035646717)
25.35999999999955 (-15.419550852886829, 1.0, 3.4921148701046802)
25.379999999999548 (-15.401543226230812, 1.0, 3.380205962835683)
25.399999999999547 (-15.385569555826619, 1.0, 3.2798784526310327)
25.419999999999547 (-15.373946145599819, 1.0, 3.1888465227569833)
25.439999999999547 (-15.36806033923113, 1.0, 3.105380334118778)
25.459999999999546 (-15.374770068641562, 1.0, 3.03054576558189)
25.479999999999546 (-15.400404687188585, 1.0, 2.9643905056859587)
25.499999999999545 (-15.435602334200341, 1.0, 2.9043103162645147)
25.519999999999545 (-15.478282281388367, 1.0, 2.847773633111798)
25.539999999999544 (-15.527423540808655, 1.0, 2.79206426560184)
25.559999999999544 (-15.579051089362085, 1.0, 2.7370152537953922)
25.579999999999544 (-15.633049998306813, 1.0, 2.6847087769974096)
25.599999999999543 (-15.700480388223179, 1.0, 2.6380690920985614)
25.619999999999543 (-15.781171704233135, 1.0, 2.5977754496918752)
25.639999999999542 (-15.874186619250985, 1.0, 2.5644751568098543)
25.659999999999542 (-15.979411314450127, 1.0, 2.5387931169581504)
25.67999999999954 (-16.09745408199617, 1.0, 2.5210531654446267)
25.69999999999954 (-16.22891673071498, 1.0, 2.5109332983108925)
25.71999999999954 (-16.373388639998026, 1.0, 2.5080103275713452)
25.73999999999954 (-16.51731937854052, 1.0, 2.5095944878886223)
25.75999999999954 (-16.649815222918587, 1.0, 2.5161339102403235)
25.77999999999954 (-16.76817395515596, 1.0, 2.5293847769126794)
25.79999999999954 (-16.874396563631233, 1.0, 2.5511290646449694)
25.81999999999954 (-16.97162705759008, 1.0, 2.581545756100046)
25.839999999999538 (-17.061604000248384, 1.0, 2.6193038542115334)
25.859999999999538 (-17.14470211310834, 1.0, 2.6630152368034197)
25.879999999999537 (-17.220581605368434, 1.0, 2.711210818120123)
25.899999999999537 (-17.288248341371595, 1.0, 2.7619973526363024)
25.919999999999536 (-17.346118622167978, 1.0, 2.8126660265754877)
25.939999999999536 (-17.392765347283458, 1.0, 2.861038490228174)
25.959999999999535 (-17.42726805914867, 1.0, 2.905422334921134)
25.979999999999535 (-17.44895704327869, 1.0, 2.944383176861578)
25.999999999999535 (-17.45724513131576, 1.0, 2.9766090224951145)
26.019999999999534 (-17.451534505187784, 1.0, 3.0008641691655638)
26.039999999999534 (-17.43120834770891, 1.0, 3.0159884035157263)
26.059999999999533 (-17.398806950001678, 1.0, 3.023106672777168)
26.079999999999533 (-17.359541684531816, 1.0, 3.023205568109575)
26.099999999999532 (-17.31683510206265, 1.0, 3.0171721342947473)
26.119999999999532 (-17.272903050314508, 1.0, 3.006575714827655)
26.13999999999953 (-17.229773643448205, 1.0, 2.9940361819583208)
26.15999999999953 (-17.188160067050852, 1.0, 2.9831780985449896)
26.17999999999953 (-17.147777883560586, 1.0, 2.977898473603887)
26.19999999999953 (-17.109164585984217, 1.0, 2.9813250246174983)
26.21999999999953 (-17.073482503704444, 1.0, 2.994514854275298)
26.23999999999953 (-17.04164703910511, 1.0, 3.0173054815429587)
26.25999999999953 (-17.014744940240107, 1.0, 3.049072383966138)
26.27999999999953 (-16.99383101498288, 1.0, 3.0889610660505125)
26.299999999999528 (-16.9794078400203, 1.0, 3.1359629212322893)
26.319999999999528 (-16.971734450665004, 1.0, 3.189188513008742)
26.339999999999527 (-16.97062084365232, 1.0, 3.2478335056494676)
26.359999999999527 (-16.975559745036556, 1.0, 3.3111296156763443)
26.379999999999526 (-16.986929632491275, 1.0, 3.37511057976444)
26.399999999999526 (-17.004346095146804, 1.0, 3.4352581603452106)
26.419999999999526 (-17.028029895334225, 1.0, 3.4885041465336064)
26.439999999999525 (-17.059128568185983, 1.0, 3.5326068519591045)
26.459999999999525 (-17.098984700492533, 1.0, 3.5662249394004237)
26.479999999999524 (-17.148307920344685, 1.0, 3.5886071845210905)
26.499999999999524 (-17.205505049212608, 1.0, 3.5995184004282854)
26.519999999999524 (-17.271086149541116, 1.0, 3.5995847299842025)
26.539999999999523 (-17.354289259508363, 1.0, 3.5956979611078714)
26.559999999999523 (-17.45438911394973, 1.0, 3.5887697187825864)
26.579999999999522 (-17.55690100063721, 1.0, 3.5731961974873583)
26.599999999999522 (-17.65268209926706, 1.0, 3.547495665540683)
26.61999999999952 (-17.73860892090418, 1.0, 3.5145174089228406)
26.63999999999952 (-17.812915597243034, 1.0, 3.4787158773224163)
26.65999999999952 (-17.874880192460967, 1.0, 3.442991457178153)
26.67999999999952 (-17.92603343473612, 1.0, 3.409836078359457)
26.69999999999952 (-17.96771639702174, 1.0, 3.381314376885751)
26.71999999999952 (-18.000101399377545, 1.0, 3.3581445601300373)
26.73999999999952 (-18.023343390848378, 1.0, 3.340529557798938)
26.75999999999952 (-18.038547882743277, 1.0, 3.328107155360578)
26.779999999999518 (-18.04852623219655, 1.0, 3.320235501580652)
26.799999999999518 (-18.056943299572765, 1.0, 3.3164907672118615)
26.819999999999517 (-18.06600870256886, 1.0, 3.3158175073922203)
26.839999999999517 (-18.07628667044481, 1.0, 3.316658830034088)
26.859999999999516 (-18.087703921112144, 1.0, 3.317551946900783)
26.879999999999516 (-18.10034960182369, 1.0, 3.317189249026837)
26.899999999999515 (-18.11465080568706, 1.0, 3.314156900055618)
26.919999999999515 (-18.131526802609688, 1.0, 3.3068306322716943)
26.939999999999515 (-18.152218327813145, 1.0, 3.293105322687937)
26.959999999999514 (-18.17751038033834, 1.0, 3.2703197780226865)
26.979999999999514 (-18.207319853477493, 1.0, 3.2353333795828414)
26.999999999999513 (-18.240260047690914, 1.0, 3.1846030944491477)
27.019999999999513 (-18.27264416265146, 1.0, 3.114467976681551)
27.039999999999512 (-18.296742576636255, 1.0, 3.022365482647525)
27.059999999999512 (-18.307797160989253, 1.0, 2.9072337465949625)
27.07999999999951 (-18.303047003678326, 1.0, 2.7689685101824497)
27.09999999999951 (-18.27839845477177, 1.0, 2.610555379989922)
27.11999999999951 (-18.234761943336796, 1.0, 2.437961353902582)
27.13999999999951 (-18.1763567380131, 1.0, 2.2558334525829493)
27.15999999999951 (-18.105202396216473, 1.0, 2.0685470257797416)
27.17999999999951 (-18.022451687458766, 1.0, 1.8818126027879158)
27.19999999999951 (-17.928696832297355, 1.0, 1.698431463274219)
27.21999999999951 (-17.823826298316913, 1.0, 1.5216509104560612)
27.239999999999508 (-17.710059738380025, 1.0, 1.354860483381723)
27.259999999999508 (-17.591104478748925, 1.0, 1.200101634454571)
27.279999999999507 (-17.470582829188995, 1.0, 1.0583499587004206)
27.299999999999507 (-17.35150749075797, 1.0, 0.92987935538626)
27.319999999999506 (-17.23625148718487, 1.0, 0.8144432115923604)
27.339999999999506 (-17.126610174673672, 1.0, 0.7114609327401823)
27.359999999999506 (-17.023904022755403, 1.0, 0.6201610511290535)
27.379999999999505 (-16.929094769444543, 1.0, 0.5396637327545575)
27.399999999999505 (-16.8428897038625, 1.0, 0.4690147233044807)
27.419999999999504 (-16.76581904903118, 1.0, 0.4071965926459708)
27.439999999999504 (-16.698327221137262, 1.0, 0.3531431552914933)
27.459999999999503 (-16.640799713641545, 1.0, 0.30575566751141237)
27.479999999999503 (-16.59363718822854, 1.0, 0.2637036040303145)
27.499999999999503 (-16.557430198124056, 1.0, 0.2233776755891699)
27.519999999999502 (-16.531923033643547, 1.0, 0.1816462175536436)
27.5399999999995 (-16.521181137933283, 1.0, 0.1335763607097987)
27.5599999999995 (-16.52150801961741, 1.0, 0.08021349840129743)
27.5799999999995 (-16.52701974216011, 1.0, 0.02712384232220018)
27.5999999999995 (-16.538630987405483, 1.0, -0.02534301765074204)
27.6199999999995 (-16.56567307234374, 1.0, -0.08368271541319405)
27.6399999999995 (-16.607522406692564, 1.0, -0.14763196345923052)
27.6599999999995 (-16.66363500447289, 1.0, -0.21704711527445636)
27.6799999999995 (-16.73406793231644, 1.0, -0.2929809424291073)
27.6999999999995 (-16.818348268433876, 1.0, -0.376256009698864)
27.719999999999498 (-16.915396740789223, 1.0, -0.46650192531323914)
27.739999999999498 (-17.01898221218484, 1.0, -0.5587909596046957)
27.759999999999497 (-17.1190287400959, 1.0, -0.643525891181247)
27.779999999999497 (-17.212295112141582, 1.0, -0.7143737305796523)
27.799999999999496 (-17.300123973677227, 1.0, -0.7691923572362035)
27.819999999999496 (-17.385966590381834, 1.0, -0.8095713003129857)
27.839999999999495 (-17.47082906157709, 1.0, -0.8379604537187932)
27.859999999999495 (-17.55457824081234, 1.0, -0.85614612470697)
27.879999999999495 (-17.636371585230986, 1.0, -0.8652107561759582)
27.899999999999494 (-17.714774963584716, 1.0, -0.8657559632922823)
27.919999999999494 (-17.787884519575982, 1.0, -0.8580957154390625)
27.939999999999493 (-17.853567671550095, 1.0, -0.8425593975941377)
27.959999999999493 (-17.909236187950295, 1.0, -0.8201061325346163)
27.979999999999492 (-17.952541444227226, 1.0, -0.79155794844908)
27.999999999999492 (-17.981757114513815, 1.0, -0.7577201967718106)
28.01999999999949 (-17.99542229439068, 1.0, -0.7194048462725658)
28.03999999999949 (-17.994266236769157, 1.0, -0.6776772403705473)
28.05999999999949 (-17.98234626132615, 1.0, -0.6349442083873478)
28.07999999999949 (-17.96295342565392, 1.0, -0.5934222758116702)
28.09999999999949 (-17.938766369694072, 1.0, -0.5540709094382941)
28.11999999999949 (-17.912496195213013, 1.0, -0.5170543746295746)
28.13999999999949 (-17.88737469040904, 1.0, -0.4815544278575331)
28.15999999999949 (-17.86559370302911, 1.0, -0.4445474107135233)
28.179999999999488 (-17.849402833462634, 1.0, -0.40321892488911126)
28.199999999999488 (-17.84091238221304, 1.0, -0.35634932356352317)
28.219999999999487 (-17.841184440234038, 1.0, -0.30394560505882856)
28.239999999999487 (-17.850566990408772, 1.0, -0.24674259932637346)
28.259999999999486 (-17.86930483446772, 1.0, -0.18587790095319548)
28.279999999999486 (-17.8973943676158, 1.0, -0.1223377866630523)
28.299999999999486 (-17.934285807397394, 1.0, -0.05685058617608903)
28.319999999999485 (-17.97925567622267, 1.0, 0.010151878633239738)
28.339999999999485 (-18.031003785075704, 1.0, 0.07776559917328556)
28.359999999999484 (-18.086773096287917, 1.0, 0.14228315037293773)
28.379999999999484 (-18.143869880433527, 1.0, 0.20104611584323512)
28.399999999999483 (-18.201029343732465, 1.0, 0.25139335164042537)
28.419999999999483 (-18.258252387231614, 1.0, 0.29073133735870105)
28.439999999999483 (-18.316224559128216, 1.0, 0.3169748954700157)
28.459999999999482 (-18.375801816203648, 1.0, 0.328650401043706)
28.47999999999948 (-18.442487844397956, 0.9999375771495831, 0.327169710780333)
28.49999999999948 (-18.530542754940686, 0.9999003295410379, 0.3123084727649783)
28.51999999999948 (-18.6341093184661, 0.9999241356493607, 0.2831422115001444)
28.53999999999948 (-18.74175090127739, 0.9999377332312167, 0.23677840770163266)
28.55999999999948 (-18.839071148193447, 0.999941213967962, 0.1755821426615104)
28.57999999999948 (-18.918710806932395, 0.9999459850392965, 0.10442653564648352)
28.59999999999948 (-18.98018913136505, 0.9999571200149561, 0.028268822085351548)
28.61999999999948 (-19.0267503919186, 0.9999688466478818, -0.047489836339219056)
28.63999999999948 (-19.063037296278903, 0.99997714050985, -0.11930814739557727)
28.659999999999478 (-19.09234421457131, 0.9999813563815653, -0.18395118520700748)
28.679999999999477 (-19.115296779660653, 0.999982583361388, -0.23866362947890407)
28.699999999999477 (-19.132573977055017, 0.9999822824879593, -0.2821704497552131)
28.719999999999477 (-19.145514322437435, 0.9999815985177509, -0.31398733824559777)
28.739999999999476 (-19.153688757913837, 0.9999812067237975, -0.3342783343059836)
28.759999999999476 (-19.15546766977932, 0.9999814021771846, -0.3438710226218299)
28.779999999999475 (-19.15116876527708, 0.9999823214528337, -0.344318248799899)
28.799999999999475 (-19.143669177984385, 0.9999841742505541, -0.33784115062366904)
28.819999999999474 (-19.136256593449655, 0.9999869893049533, -0.32800789867694535)
28.839999999999474 (-19.13009080539379, 0.999990578564574, -0.31746311566572544)
28.859999999999474 (-19.125207255215617, 0.9999946888913783, -0.3078545283973625)
28.879999999999473 (-19.12180654682719, 0.9999990928383318, -0.30054201500824107)
28.899999999999473 (-19.12013626343157, 1.0000035726484964, -0.297155689724334)
28.919999999999472 (-19.120137581375168, 1.0000079171916385, -0.29968844340653006)
28.939999999999472 (-19.12109822908007, 1.0000119172668658, -0.3103690704680704)
28.95999999999947 (-19.12178493871176, 1.0000153586556293, -0.33164908076461846)
28.97999999999947 (-19.120371360967688, 1.000018019851045, -0.3662707042435513)
28.99999999999947 (-19.113496275946346, 1.0000197242138855, -0.41668945572593163)
29.01999999999947 (-19.09518647984499, 1.000020473603851, -0.4836916511005174)
29.03999999999947 (-19.057185739900504, 1.0000205399706257, -0.5651810274678523)
29.05999999999947 (-18.995921499744625, 1.0000200769766177, -0.6601296419679071)
29.07999999999947 (-18.908936115860158, 1.0000193083551034, -0.7673142774454642)
29.09999999999947 (-18.794073065494207, 1.000018792182788, -0.8816293483922455)
29.119999999999468 (-18.65770489073838, 1.0000189492586453, -0.9989606291398003)
29.139999999999468 (-18.50548765254616, 1.0000197765987309, -1.1183352945631158)
29.159999999999467 (-18.340471473025993, 1.000021295250244, -1.2354916997002843)
29.179999999999467 (-18.16569295232835, 1.0000232554033524, -1.3458355860123115)
29.199999999999466 (-17.982918783390744, 1.0000250498615164, -1.4463368983056943)
29.219999999999466 (-17.79443630509254, 1.0000262575738756, -1.5339302916811843)
29.239999999999466 (-17.604361279862744, 1.000026643568101, -1.6075204186967755)
29.259999999999465 (-17.41693265299247, 1.000026210381222, -1.6677258208811954)
29.279999999999465 (-17.235658931608814, 1.0000251916698033, -1.7159075746634007)
29.299999999999464 (-17.06312951811759, 1.0000239304015506, -1.7536706911280993)
29.319999999999464 (-16.90109438329719, 1.0000227674585578, -1.7826746934799371)
29.339999999999463 (-16.75062736074246, 1.0000219631125196, -1.804513787615809)
29.359999999999463 (-16.61229864083734, 1.0000216307115335, -1.8206519279394637)
29.379999999999463 (-16.48632271575216, 1.0000216987284907, -1.8324268288170928)
29.399999999999462 (-16.37267176841539, 1.0000219217918258, -1.8410839783021515)
29.41999999999946 (-16.271161460480304, 1.0000219315338554, -1.8478131304233405)
29.43999999999946 (-16.181501343870245, 1.0000213201689774, -1.8537726521505178)
29.45999999999946 (-16.103350372420586, 1.0000197289291752, -1.8601141884667418)
29.47999999999946 (-16.0363606196915, 1.000016904572247, -1.8679878352917476)
29.49999999999946 (-15.980216996583458, 1.0000127223706665, -1.8785365455155145)
29.51999999999946 (-15.934674284012303, 1.0000071734065163, -1.8928817419221207)
29.53999999999946 (-15.899361478857578, 1.0000003094356487, -1.9124943189859596)
29.55999999999946 (-15.873378055319392, 0.9999921749076783, -1.93955403890995)
29.57999999999946 (-15.855722406078156, 0.9999828333691152, -1.9756296635961297)
29.599999999999458 (-15.845966417120136, 0.9999723381477209, -2.021338633125715)
29.619999999999457 (-15.84419361542321, 0.9999607079270013, -2.0771560808231873)
29.639999999999457 (-15.850855025958168, 0.9999479439279255, -2.143470808871687)
29.659999999999457 (-15.86650452709024, 0.9999341545168287, -2.2207893220987414)
29.679999999999456 (-15.891432625147049, 0.999919698268308, -2.310157241480152)
29.699999999999456 (-15.925385386254666, 0.9999050254635402, -2.412615052287491)
29.719999999999455 (-15.967741398707027, 0.9998904872272728, -2.5280475512829956)
29.739999999999455 (-16.017213375477343, 0.9998763722073828, -2.653097142127202)
29.759999999999454 (-16.068768066508806, 0.9998635646041022, -2.774208678665841)
29.779999999999454 (-16.121415330707357, 0.999852631211896, -2.88142089545756)
29.799999999999454 (-16.176959926481125, 0.9998436113859985, -2.9723954238450268)
29.819999999999453 (-16.237322760004727, 0.9998363123245355, -3.0486059163062125)
29.839999999999453 (-16.302850856364536, 0.9998305382005056, -3.11268773169176)
29.859999999999452 (-16.372521694601897, 0.9998262141092774, -3.1666616846250752)
29.879999999999452 (-16.44512508695959, 0.9998233712804675, -3.2114252697625925)
29.89999999999945 (-16.51924669751912, 0.9998220729693273, -3.247206515606536)
29.91999999999945 (-16.593240773889008, 0.9998223686648078, -3.2736692770515132)
29.93999999999945 (-16.665257563995848, 0.9998242685196402, -3.290104745643967)
29.95999999999945 (-16.732983609156022, 0.9998277239193564, -3.2959258177313293)
29.97999999999945 (-16.793471673679086, 0.9998326564242112, -3.2907150440167547)
29.99999999999945 (-16.844413153343496, 0.999838968586352, -3.2741542579892693)
