0.0 (-14.25, 1.0, 0.0)
0.02 (-14.248628348261036, 1.0, 0.059066415288702864)
0.04 (-14.2412686608266, 1.0, 0.1466070774215076)
0.06 (-14.225455164741627, 1.0, 0.23076130059794997)
0.08 (-14.207558189515593, 1.0, 0.3110507319507013)
0.1 (-14.1843568346808, 1.0, 0.37840859073115235)
0.12000000000000001 (-14.15086333597455, 1.0, 0.43421079197831225)
0.14 (-14.111671671690807, 1.0, 0.48397687677839324)
0.16 (-14.074101834567433, 1.0, 0.5277907659377917)
0.18 (-14.045003220255174, 1.0, 0.566409986907785)
0.19999999999999998 (-14.029897071594542, 1.0, 0.6039695524863379)
0.21999999999999997 (-14.028878048977525, 1.0, 0.6457287811905319)
0.23999999999999996 (-14.02550309197708, 1.0, 0.6973462318849067)
0.25999999999999995 (-14.003283730216857, 1.0, 0.7498293285050547)
0.27999999999999997 (-13.9634997186587, 1.0, 0.8032006418408957)
0.3 (-13.91315275503563, 1.0, 0.85751627129092)
0.32 (-13.861729892529944, 1.0, 0.9063692605304019)
0.34 (-13.81493135422688, 1.0, 0.9481719445732245)
0.36000000000000004 (-13.770028553895225, 1.0, 0.9853920076778983)
0.38000000000000006 (-13.723309557664747, 1.0, 1.0204660948831485)
0.4000000000000001 (-13.672837240923903, 1.0, 1.0559762870102976)
0.4200000000000001 (-13.617487986282162, 1.0, 1.0934807461060145)
0.4400000000000001 (-13.556579297469414, 1.0, 1.1334119082022585)
0.46000000000000013 (-13.490136098895078, 1.0, 1.1760477069577868)
0.48000000000000015 (-13.418547637515198, 1.0, 1.2218001469461386)
0.5000000000000001 (-13.342116648349352, 1.0, 1.2707237099790059)
0.5200000000000001 (-13.259917287721004, 1.0, 1.3216817983472557)
0.5400000000000001 (-13.172557985918642, 1.0, 1.3730362602186692)
0.5600000000000002 (-13.081473463261679, 1.0, 1.4230654729676901)
0.5800000000000002 (-12.988052882952598, 1.0, 1.4700474884670518)
0.6000000000000002 (-12.893603825621211, 1.0, 1.5124505270312198)
0.6200000000000002 (-12.799411488322228, 1.0, 1.5489043473271782)
0.6400000000000002 (-12.706812506210898, 1.0, 1.5782096988126513)
0.6600000000000003 (-12.620121704465282, 1.0, 1.5965005241266415)
0.6800000000000003 (-12.545631098878069, 1.0, 1.599556800644206)
0.7000000000000003 (-12.486117490185048, 1.0, 1.5853848651738343)
0.7200000000000003 (-12.442113613737632, 1.0, 1.5535557531209312)
0.7400000000000003 (-12.413641563184216, 1.0, 1.5051731657504435)
0.7600000000000003 (-12.400570775523683, 1.0, 1.4425180536310591)
0.7800000000000004 (-12.402693267909132, 1.0, 1.368725761094331)
0.8000000000000004 (-12.417738228687922, 1.0, 1.2913293429107333)
0.8200000000000004 (-12.440344278843677, 1.0, 1.22164981335835)
0.8400000000000004 (-12.466076894030858, 1.0, 1.1667957142160974)
0.8600000000000004 (-12.493174931424623, 1.0, 1.1296512427276162)
0.8800000000000004 (-12.521512042128382, 1.0, 1.1092166806664563)
0.9000000000000005 (-12.55209515956713, 1.0, 1.101810520085334)
0.9200000000000005 (-12.58672737121074, 1.0, 1.1033625465377128)
0.9400000000000005 (-12.627157511453346, 1.0, 1.1106345862034033)
0.9600000000000005 (-12.674848470424013, 1.0, 1.1212795093945052)
0.9800000000000005 (-12.731049569982643, 1.0, 1.1336599899109305)
1.0000000000000004 (-12.79412519519519, 1.0, 1.147738252687227)
1.0200000000000005 (-12.859748729817753, 1.0, 1.1649111232661702)
1.0400000000000005 (-12.924232351270653, 1.0, 1.1864578270851196)
1.0600000000000005 (-12.985083361770368, 1.0, 1.2129785331867817)
1.0800000000000005 (-13.041253224142254, 1.0, 1.242657830288197)
1.1000000000000005 (-13.095753203512654, 1.0, 1.2718036026542896)
1.1200000000000006 (-13.151772862689974, 1.0, 1.296577659955741)
1.1400000000000006 (-13.206961818703482, 1.0, 1.3170287046894757)
1.1600000000000006 (-13.229297387699411, 1.0, 1.3685058887564736)
1.1800000000000006 (-13.255416302519082, 1.0, 1.4243903087691765)
1.2000000000000006 (-13.28575908889883, 1.0, 1.4673658097820763)
1.2200000000000006 (-13.314450465893662, 1.0, 1.5012035290301142)
1.2400000000000007 (-13.340586135370339, 1.0, 1.5282925239134015)
1.2600000000000007 (-13.386910723528528, 1.0, 1.513663262511041)
1.2800000000000007 (-13.427190518146407, 1.0, 1.4881130812957644)
1.3000000000000007 (-13.46239120582849, 1.0, 1.468089593996827)
1.3200000000000007 (-13.495551311596339, 1.0, 1.4497987608906642)
1.3400000000000007 (-13.525338068478568, 1.0, 1.4298916959189465)
1.3600000000000008 (-13.553666861315326, 1.0, 1.4081708158374497)
1.3800000000000008 (-13.578121960293222, 1.0, 1.3884475273474777)
1.4000000000000008 (-13.594226309062007, 1.0, 1.3739876585735493)
1.4200000000000008 (-13.600513636754588, 1.0, 1.3675334581929548)
1.4400000000000008 (-13.597637046052956, 1.0, 1.3701248671936068)
1.4600000000000009 (-13.585986320661487, 1.0, 1.381296671186433)
1.4800000000000009 (-13.564670259963048, 1.0, 1.3997695556825633)
1.5000000000000009 (-13.534983462975372, 1.0, 1.4245663844747651)
1.520000000000001 (-13.499257150410987, 1.0, 1.4543885588949188)
1.540000000000001 (-13.459652440272281, 1.0, 1.4875046089696307)
1.560000000000001 (-13.418046596123862, 1.0, 1.5221362852599545)
1.580000000000001 (-13.37607714453944, 1.0, 1.5565861291501066)
1.600000000000001 (-13.335250751432028, 1.0, 1.5892135444927804)
1.620000000000001 (-13.297078974603833, 1.0, 1.6184039911664605)
1.640000000000001 (-13.265871227276005, 1.0, 1.639366441609926)
1.660000000000001 (-13.249247466072827, 1.0, 1.6441144508324146)
1.680000000000001 (-13.250881868138455, 1.0, 1.6281176417696648)
1.700000000000001 (-13.27005215085887, 1.0, 1.590555019120604)
1.720000000000001 (-13.30197376794422, 1.0, 1.539653162227069)
1.740000000000001 (-13.338058310010437, 1.0, 1.4876083796274513)
1.7600000000000011 (-13.372673911541398, 1.0, 1.4416828155236114)
1.7800000000000011 (-13.405195207745237, 1.0, 1.4025642323826604)
1.8000000000000012 (-13.437252955599789, 1.0, 1.368151709061021)
1.8200000000000012 (-13.470366611152304, 1.0, 1.3368201924902894)
1.8400000000000012 (-13.505147058103342, 1.0, 1.3072518717208068)
1.8600000000000012 (-13.541671585880438, 1.0, 1.2785040395698628)
1.8800000000000012 (-13.579715345727257, 1.0, 1.249958445338915)
1.9000000000000012 (-13.618910858648873, 1.0, 1.2212505233516062)
1.9200000000000013 (-13.659225436225503, 1.0, 1.1922543761615307)
1.9400000000000013 (-13.700722100623988, 1.0, 1.1634103736590058)
1.9600000000000013 (-13.743304120055678, 1.0, 1.1350827673299149)
1.9800000000000013 (-13.786947165864502, 1.0, 1.1074550628289115)
2.0000000000000013 (-13.831804533104014, 1.0, 1.0806146735249098)
2.0200000000000014 (-13.878230040236787, 1.0, 1.0545051215458203)
2.0400000000000014 (-13.926654288761483, 1.0, 1.0288701827541433)
2.0600000000000014 (-13.977618835211217, 1.0, 1.0033749957602975)
2.0800000000000014 (-14.03098222303549, 1.0, 0.9777549208755814)
2.1000000000000014 (-14.085458744382262, 1.0, 0.9516650025236224)
2.1200000000000014 (-14.13861188544422, 1.0, 0.9264670665096097)
2.1400000000000015 (-14.184668395575168, 1.0, 0.9096067979527614)
2.1600000000000015 (-14.217481724705127, 1.0, 0.9054636510847519)
2.1800000000000015 (-14.236191154047594, 1.0, 0.9151038122256018)
2.2000000000000015 (-14.239794853257154, 1.0, 0.9376851098642641)
2.2200000000000015 (-14.229396455923977, 1.0, 0.9638276285894117)
2.2400000000000015 (-14.212669782894983, 1.0, 0.9829646598681872)
2.2600000000000016 (-14.196678327168513, 1.0, 0.9912180079216313)
2.2800000000000016 (-14.184685486699765, 1.0, 0.9887799122294032)
2.3000000000000016 (-14.17661625310068, 1.0, 0.9792324600733334)
2.3200000000000016 (-14.17037296351227, 1.0, 0.9673528051820769)
2.3400000000000016 (-14.16386526840128, 1.0, 0.9572950110524858)
2.3600000000000017 (-14.155521707179737, 1.0, 0.9524851765019408)
2.3800000000000017 (-14.14415663638784, 1.0, 0.955405934880475)
2.4000000000000017 (-14.12881611844023, 1.0, 0.967511809013706)
2.4200000000000017 (-14.108723438968536, 1.0, 0.989307258923426)
2.4400000000000017 (-14.083271378446385, 1.0, 1.0204701269636212)
2.4600000000000017 (-14.05200880309693, 1.0, 1.0599857980625782)
2.4800000000000018 (-14.014622045931565, 1.0, 1.1062958890961143)
2.5000000000000018 (-13.970914494696085, 1.0, 1.1574484140463424)
2.520000000000002 (-13.920876536357245, 1.0, 1.2112451422662829)
2.540000000000002 (-13.86606649025933, 1.0, 1.2658313672458592)
2.560000000000002 (-13.808987206198573, 1.0, 1.3199401255809584)
2.580000000000002 (-13.7512998116905, 1.0, 1.3720670101524186)
2.600000000000002 (-13.693988763194309, 1.0, 1.4206751557932813)
2.620000000000002 (-13.637904445461134, 1.0, 1.4641625755202008)
2.640000000000002 (-13.585262200988792, 1.0, 1.4983756779449504)
2.660000000000002 (-13.54070607662205, 1.0, 1.5151757685532046)
2.680000000000002 (-13.506828301661416, 1.0, 1.509909754254598)
2.700000000000002 (-13.48328684069996, 1.0, 1.4811905241656178)
2.720000000000002 (-13.469592198190362, 1.0, 1.4297578024822415)
2.740000000000002 (-13.464892843315749, 1.0, 1.3633519033239945)
2.760000000000002 (-13.465758585707594, 1.0, 1.295988633167443)
2.780000000000002 (-13.469257509368157, 1.0, 1.2379170793111653)
2.800000000000002 (-13.474368670619928, 1.0, 1.1918214941013063)
2.820000000000002 (-13.48198904094898, 1.0, 1.1553533835857535)
2.840000000000002 (-13.493414721563369, 1.0, 1.1256003103033725)
2.860000000000002 (-13.509061280266554, 1.0, 1.100444799964972)
2.880000000000002 (-13.528744030070794, 1.0, 1.077986789215522)
2.900000000000002 (-13.552579625656769, 1.0, 1.0566401055581984)
2.920000000000002 (-13.580564211152213, 1.0, 1.035041707450881)
2.940000000000002 (-13.6126170886361, 1.0, 1.012249492017318)
2.960000000000002 (-13.648492985877635, 1.0, 0.9879266523824686)
2.980000000000002 (-13.687991769348761, 1.0, 0.961965027747712)
3.000000000000002 (-13.73101194807799, 1.0, 0.9342758396483195)
3.0200000000000022 (-13.777462413987884, 1.0, 0.904673795069878)
3.0400000000000023 (-13.827223211489196, 1.0, 0.8728416538517599)
3.0600000000000023 (-13.880071130647353, 1.0, 0.8383721319497146)
3.0800000000000023 (-13.934941233236172, 1.0, 0.8038425412965352)
3.1000000000000023 (-13.98749484272129, 1.0, 0.7755524219287047)
3.1200000000000023 (-14.033451321665764, 1.0, 0.7577376668408456)
3.1400000000000023 (-14.070807027975428, 1.0, 0.7521900771617022)
3.1600000000000024 (-14.09808857803246, 1.0, 0.7550271841652421)
3.1800000000000024 (-14.117643551799578, 1.0, 0.7560702969204137)
3.2000000000000024 (-14.134478369130095, 1.0, 0.7481828358476784)
3.2200000000000024 (-14.150976739720683, 1.0, 0.7284237573139333)
3.2400000000000024 (-14.168493525352352, 1.0, 0.698414764492214)
3.2600000000000025 (-14.186614263940958, 1.0, 0.6630639218550686)
3.2800000000000025 (-14.2043013714763, 1.0, 0.6268041723286937)
3.3000000000000025 (-14.220706157157524, 1.0, 0.5937172494338956)
3.3200000000000025 (-14.23532005234037, 1.0, 0.5672057460603439)
3.3400000000000025 (-14.247844018184022, 1.0, 0.5497764017132107)
3.3600000000000025 (-14.258188063957379, 1.0, 0.5432122423481179)
3.3800000000000026 (-14.266563121038281, 1.0, 0.5481403804862747)
3.4000000000000026 (-14.27308731633699, 1.0, 0.5647725402431173)
3.4200000000000026 (-14.277062820529986, 1.0, 0.5929496244158355)
3.4400000000000026 (-14.277326989621415, 1.0, 0.6316317143017789)
3.4600000000000026 (-14.273023453995625, 1.0, 0.6796530225814996)
3.4800000000000026 (-14.263337470220593, 1.0, 0.7350592910059518)
3.5000000000000027 (-14.247548713039883, 1.0, 0.795777266183038)
3.5200000000000027 (-14.226161066555601, 1.0, 0.8599241502362133)
3.5400000000000027 (-14.201254304363534, 1.0, 0.9258982527737828)
3.5600000000000027 (-14.174262008834, 1.0, 0.9921034438640616)
3.5800000000000027 (-14.145844036962247, 1.0, 1.056975489631749)
3.6000000000000028 (-14.116272793116444, 1.0, 1.1190650390788632)
3.6200000000000028 (-14.08566899878427, 1.0, 1.1770179158771223)
3.640000000000003 (-14.054152872934871, 1.0, 1.2294773976537448)
3.660000000000003 (-14.022324237159593, 1.0, 1.2752087624718604)
3.680000000000003 (-13.990439836465844, 1.0, 1.3083757136700027)
3.700000000000003 (-13.960650738910699, 1.0, 1.3192882390255225)
3.720000000000003 (-13.933925195909579, 1.0, 1.3035312138874173)
3.740000000000003 (-13.909526514983549, 1.0, 1.2605189622209565)
3.760000000000003 (-13.888420356050641, 1.0, 1.1948950493922628)
3.780000000000003 (-13.872892749229639, 1.0, 1.1194062779232774)
3.800000000000003 (-13.863263044056913, 1.0, 1.0474208709051194)
3.820000000000003 (-13.859290203346294, 1.0, 0.9836894177490016)
3.840000000000003 (-13.860861231623378, 1.0, 0.9269123743916591)
3.860000000000003 (-13.867700377003306, 1.0, 0.8747258462399596)
3.880000000000003 (-13.879654099733282, 1.0, 0.8250920298176613)
3.900000000000003 (-13.896422810719024, 1.0, 0.7763274709280857)
3.920000000000003 (-13.917630745236956, 1.0, 0.7271832546031347)
3.940000000000003 (-13.94275057781048, 1.0, 0.6767955216969028)
3.960000000000003 (-13.971230000398469, 1.0, 0.6246364723683288)
3.980000000000003 (-14.002484362260482, 1.0, 0.5702606164927057)
4.000000000000003 (-14.036036742416886, 1.0, 0.5134776022555452)
4.020000000000002 (-14.071448459938187, 1.0, 0.4542224055218025)
4.040000000000002 (-14.108307439164642, 1.0, 0.39251851005778654)
4.060000000000001 (-14.14622801471958, 1.0, 0.3284097401296555)
4.080000000000001 (-14.185126279414305, 1.0, 0.26427887451224585)
4.1000000000000005 (-14.223959158688931, 1.0, 0.20716169302650056)
4.12 (-14.260771237410346, 1.0, 0.16254244618122196)
4.14 (-14.294525061765462, 1.0, 0.1327864973626078)
4.159999999999999 (-14.323195137743303, 1.0, 0.11821340142365007)
4.179999999999999 (-14.343479080824038, 1.0, 0.11119294233081338)
4.199999999999998 (-14.355917897384858, 1.0, 0.10222332721811662)
4.219999999999998 (-14.36204650360538, 1.0, 0.0856203479506298)
4.2399999999999975 (-14.363600673820649, 1.0, 0.05976133638092128)
4.259999999999997 (-14.362938956689415, 1.0, 0.02697545340014182)
4.279999999999997 (-14.361649978004499, 1.0, -0.007919030053400885)
4.299999999999996 (-14.360570063367692, 1.0, -0.0404155996423969)
4.319999999999996 (-14.360540499811071, 1.0, -0.06681861441817356)
4.339999999999995 (-14.362313264063735, 1.0, -0.08439815548648517)
4.359999999999995 (-14.366561856689698, 1.0, -0.09146110347630855)
4.379999999999995 (-14.373773087793746, 1.0, -0.08712754948306337)
4.399999999999994 (-14.384231442323882, 1.0, -0.07114101393066176)
4.419999999999994 (-14.397382842276896, 1.0, -0.04336335300927822)
4.439999999999993 (-14.411996391809682, 1.0, -0.004303018562328268)
4.459999999999993 (-14.426988462367127, 1.0, 0.04495753310241966)
4.479999999999992 (-14.441022215239057, 1.0, 0.10271758957118113)
4.499999999999992 (-14.452752878294897, 1.0, 0.16708916348801106)
4.519999999999992 (-14.460892526432175, 1.0, 0.23613931718502493)
4.539999999999991 (-14.464199363980415, 1.0, 0.30793557969358304)
4.559999999999991 (-14.461384698541602, 1.0, 0.3805419263519985)
4.57999999999999 (-14.452210063577635, 1.0, 0.4515741633049866)
4.59999999999999 (-14.438921018091579, 1.0, 0.5181781619532612)
4.6199999999999894 (-14.423542787566202, 1.0, 0.5778679031373237)
4.639999999999989 (-14.404602952382053, 1.0, 0.622810402666993)
4.659999999999989 (-14.380782519980329, 1.0, 0.6437994626331438)
4.679999999999988 (-14.350750594492455, 1.0, 0.6383056810357037)
4.699999999999988 (-14.313336113642826, 1.0, 0.6068661629788556)
4.719999999999987 (-14.270378161192909, 1.0, 0.5535384459911391)
4.739999999999987 (-14.228014348997736, 1.0, 0.49061555397155776)
4.7599999999999865 (-14.191369121207568, 1.0, 0.43113608686842086)
4.779999999999986 (-14.162495209843117, 1.0, 0.37989940665036315)
4.799999999999986 (-14.140838380197438, 1.0, 0.33532645500896224)
4.819999999999985 (-14.125558142259957, 1.0, 0.29408990305478294)
4.839999999999985 (-14.115894720242895, 1.0, 0.2539600573818619)
4.859999999999984 (-14.111109404672995, 1.0, 0.21371134812450493)
4.879999999999984 (-14.110562580240023, 1.0, 0.17263392248620366)
4.8999999999999835 (-14.113669085832154, 1.0, 0.13036916809493676)
4.919999999999983 (-14.119407766721146, 1.0, 0.08709821914273569)
4.939999999999983 (-14.127017522108803, 1.0, 0.0425568561046626)
4.959999999999982 (-14.13591938532788, 1.0, -0.00356586835789997)
4.979999999999982 (-14.145778142799854, 1.0, -0.05130722124273056)
4.999999999999981 (-14.156484109607343, 1.0, -0.10086180054364108)
5.019999999999981 (-14.168120995370254, 1.0, -0.15269495859961105)
5.0399999999999805 (-14.180834437715957, 1.0, -0.20742208408758278)
5.05999999999998 (-14.194631858736976, 1.0, -0.26559271024326114)
5.07999999999998 (-14.209223585401755, 1.0, -0.32750961203654794)
5.099999999999979 (-14.225135213109997, 1.0, -0.39130807896474135)
5.119999999999979 (-14.244012823321778, 1.0, -0.4490548211683119)
5.139999999999978 (-14.26520545887943, 1.0, -0.49304226446478633)
5.159999999999978 (-14.288203554000585, 1.0, -0.5197504147778275)
5.1799999999999775 (-14.309915884402143, 1.0, -0.5285537323201411)
5.199999999999977 (-14.323785004503724, 1.0, -0.5293226804420142)
5.219999999999977 (-14.328762340888956, 1.0, -0.5329837498330275)
5.239999999999976 (-14.325052245460867, 1.0, -0.5447431254603835)
5.259999999999976 (-14.314922232980344, 1.0, -0.5651904678109374)
5.279999999999975 (-14.30161557297747, 1.0, -0.5908228167319224)
5.299999999999975 (-14.287685126537825, 1.0, -0.6174287883308099)
5.3199999999999745 (-14.275409585719377, 1.0, -0.6413726187388192)
5.339999999999974 (-14.266792496491417, 1.0, -0.6597586239124963)
5.359999999999974 (-14.263394347074934, 1.0, -0.6705567068962864)
5.379999999999973 (-14.266150638622747, 1.0, -0.672414852154135)
5.399999999999973 (-14.275259638958563, 1.0, -0.6644350594802106)
5.419999999999972 (-14.29032906134517, 1.0, -0.6463116764112866)
5.439999999999972 (-14.310518659392224, 1.0, -0.6180968136460723)
5.4599999999999715 (-14.33436991874459, 1.0, -0.5804449366490363)
5.479999999999971 (-14.360282213602755, 1.0, -0.5341102579197147)
5.499999999999971 (-14.3864825947445, 1.0, -0.47999458745961177)
5.51999999999997 (-14.41138949221206, 1.0, -0.4193875639379166)
5.53999999999997 (-14.434860758199935, 1.0, -0.35471990519756175)
5.559999999999969 (-14.457142073118588, 1.0, -0.2885159021450959)
5.579999999999969 (-14.477754408558589, 1.0, -0.22268628142092534)
5.599999999999969 (-14.49589494344137, 1.0, -0.15865971628245198)
5.619999999999968 (-14.510682519165144, 1.0, -0.09762525821768817)
5.639999999999968 (-14.521297251933698, 1.0, -0.04079616128048367)
5.659999999999967 (-14.524935275849973, 1.0, 0.008028206845570004)
5.679999999999967 (-14.516268918038756, 1.0, 0.040657753740988054)
5.699999999999966 (-14.49239637709578, 1.0, 0.05258788366550943)
5.719999999999966 (-14.451899237673592, 1.0, 0.043656038117437124)
5.739999999999966 (-14.396496711330322, 1.0, 0.015541518973265013)
5.759999999999965 (-14.335630935514933, 1.0, -0.024898963693332575)
5.779999999999965 (-14.279332753765381, 1.0, -0.06774162806360502)
5.799999999999964 (-14.232530709340873, 1.0, -0.1080418219677846)
5.819999999999964 (-14.195438676308711, 1.0, -0.14561278791251198)
5.839999999999963 (-14.165972650816546, 1.0, -0.1822535365528768)
5.859999999999963 (-14.142406898220315, 1.0, -0.21971207010644728)
5.879999999999963 (-14.123148691780788, 1.0, -0.259306164790815)
5.899999999999962 (-14.106947643740265, 1.0, -0.3019359555846703)
5.919999999999962 (-14.092550552946822, 1.0, -0.3480212937693644)
5.939999999999961 (-14.079022181826751, 1.0, -0.3977915455102945)
5.959999999999961 (-14.065562289508389, 1.0, -0.4512853827977271)
5.9799999999999605 (-14.051994380826864, 1.0, -0.5082339792996933)
5.99999999999996 (-14.037944031269044, 1.0, -0.5684418949718595)
6.01999999999996 (-14.023149730817893, 1.0, -0.6317254033816811)
6.039999999999959 (-14.007454295738292, 1.0, -0.6980368507087911)
6.059999999999959 (-13.99073784347312, 1.0, -0.7672131566315289)
6.079999999999958 (-13.97415198441035, 1.0, -0.8381943730018707)
6.099999999999958 (-13.962199615832995, 1.0, -0.9052303683231498)
6.1199999999999575 (-13.957376838232832, 1.0, -0.9621149413586068)
6.139999999999957 (-13.960618327412737, 1.0, -1.0060364830516773)
6.159999999999957 (-13.970496893893545, 1.0, -1.0351770246745393)
6.179999999999956 (-13.97875133984812, 1.0, -1.0534459884130385)
6.199999999999956 (-13.97930537946866, 1.0, -1.068620618950517)
6.219999999999955 (-13.969464596400154, 1.0, -1.0858308168871493)
6.239999999999955 (-13.949689452149196, 1.0, -1.1071569874395377)
6.2599999999999545 (-13.92340050846751, 1.0, -1.1319841593641367)
6.279999999999954 (-13.894872236206151, 1.0, -1.157851330551672)
6.299999999999954 (-13.86781590951655, 1.0, -1.1821727545653686)
6.319999999999953 (-13.845472327918397, 1.0, -1.2028807398266528)
6.339999999999953 (-13.830396043985129, 1.0, -1.2185772521673746)
6.359999999999952 (-13.824347992417955, 1.0, -1.2284332350488223)
6.379999999999952 (-13.828370035710009, 1.0, -1.2321506913668114)
6.3999999999999515 (-13.842864524369764, 1.0, -1.2296172371482488)
6.419999999999951 (-13.867434687866112, 1.0, -1.2200637798350271)
6.439999999999951 (-13.900817494949296, 1.0, -1.2032798643791647)
6.45999999999995 (-13.941515164277348, 1.0, -1.1791899911030335)
6.47999999999995 (-13.987474035965691, 1.0, -1.1479130334230996)
6.499999999999949 (-14.036510244195249, 1.0, -1.1096752870325417)
6.519999999999949 (-14.086440582314571, 1.0, -1.0647912524960546)
6.5399999999999485 (-14.135772717132927, 1.0, -1.015005264973872)
6.559999999999948 (-14.183824180350772, 1.0, -0.9632446478809963)
6.579999999999948 (-14.229494915967543, 1.0, -0.9115025015828525)
6.599999999999947 (-14.271430263828458, 1.0, -0.8609972239036461)
6.619999999999947 (-14.308281869197291, 1.0, -0.8125720489729377)
6.639999999999946 (-14.338813526095906, 1.0, -0.7671968350976901)
6.659999999999946 (-14.354491296209266, 1.0, -0.7291960942789922)
6.6799999999999455 (-14.348440204869162, 1.0, -0.7036194078257453)
6.699999999999945 (-14.318109228974226, 1.0, -0.6905825425061476)
6.719999999999945 (-14.263437700759363, 1.0, -0.689051294322493)
6.739999999999944 (-14.191054643312455, 1.0, -0.6975978634247544)
6.759999999999944 (-14.114873772694851, 1.0, -0.7121027433340199)
6.779999999999943 (-14.046676780881233, 1.0, -0.7285932895570681)
6.799999999999943 (-13.989771653101185, 1.0, -0.7461176148743238)
6.8199999999999426 (-13.941874174190392, 1.0, -0.7654357149603886)
6.839999999999942 (-13.90038328686168, 1.0, -0.7879813396398352)
6.859999999999942 (-13.863375703102301, 1.0, -0.8144369322044755)
6.879999999999941 (-13.829351099432412, 1.0, -0.8444833558920134)
6.899999999999941 (-13.796727939373717, 1.0, -0.8782260855508334)
6.91999999999994 (-13.764303952860022, 1.0, -0.9155682291708593)
6.93999999999994 (-13.731303677180383, 1.0, -0.9561543456088006)
6.95999999999994 (-13.697293123686647, 1.0, -0.9995716462553608)
6.979999999999939 (-13.662094035722689, 1.0, -1.045443510412929)
6.999999999999939 (-13.625587978760105, 1.0, -1.0935132898487365)
7.019999999999938 (-13.587586563277997, 1.0, -1.1437621431018088)
7.039999999999938 (-13.547880699513115, 1.0, -1.1961201692927101)
7.059999999999937 (-13.506225123308312, 1.0, -1.2507617159045274)
7.079999999999937 (-13.462645606758032, 1.0, -1.3078720547457832)
7.099999999999937 (-13.421521162794976, 1.0, -1.3663195661662968)
7.119999999999936 (-13.38942688481071, 1.0, -1.421318694640846)
7.139999999999936 (-13.370206161406017, 1.0, -1.4690435949350862)
7.159999999999935 (-13.364998134276922, 1.0, -1.5067097781907692)
7.179999999999935 (-13.36906666682318, 1.0, -1.5316207676777231)
7.1999999999999345 (-13.371661478828988, 1.0, -1.546466960662808)
7.219999999999934 (-13.365457765817876, 1.0, -1.5570250213720551)
7.239999999999934 (-13.347577430742739, 1.0, -1.566282811444832)
7.259999999999933 (-13.319730980548941, 1.0, -1.5760448508919298)
7.279999999999933 (-13.286880235803599, 1.0, -1.586335301411389)
7.299999999999932 (-13.253775367442369, 1.0, -1.596390071201974)
7.319999999999932 (-13.224552766449257, 1.0, -1.60566838807794)
7.3399999999999315 (-13.202570501417872, 1.0, -1.6139269674277024)
7.359999999999931 (-13.19021306889612, 1.0, -1.6211636076776048)
7.379999999999931 (-13.188961654037744, 1.0, -1.6273539786099651)
7.39999999999993 (-13.199530846661784, 1.0, -1.6321280079617395)
7.41999999999993 (-13.221811016771417, 1.0, -1.6350483752237437)
7.439999999999929 (-13.255071018252716, 1.0, -1.6355893451171295)
7.459999999999929 (-13.297876719736006, 1.0, -1.6331327420487176)
7.4799999999999285 (-13.348563289250711, 1.0, -1.6270180882353065)
7.499999999999928 (-13.40525443480346, 1.0, -1.6165546149796282)
7.519999999999928 (-13.465938873124982, 1.0, -1.6010349833933428)
7.539999999999927 (-13.528539665182297, 1.0, -1.580427976516726)
7.559999999999927 (-13.591087338041548, 1.0, -1.5567020995631566)
7.579999999999926 (-13.651767899079422, 1.0, -1.5317884291647204)
7.599999999999926 (-13.708835223621422, 1.0, -1.5065293420644945)
7.6199999999999255 (-13.760682820582014, 1.0, -1.4812066688877554)
7.639999999999925 (-13.805849858890818, 1.0, -1.456173217498708)
7.659999999999925 (-13.835383748630438, 1.0, -1.431581538100375)
7.679999999999924 (-13.840758750320914, 1.0, -1.4089105562948052)
7.699999999999924 (-13.819477247740595, 1.0, -1.387258202536871)
7.719999999999923 (-13.771820508476887, 1.0, -1.3656344297794807)
7.739999999999923 (-13.705278756894396, 1.0, -1.3459168950374778)
7.7599999999999225 (-13.634742185998462, 1.0, -1.330166099959429)
7.779999999999922 (-13.570976011321912, 1.0, -1.3190784167929621)
7.799999999999922 (-13.516452106090354, 1.0, -1.3128348185951502)
7.819999999999921 (-13.468184073938405, 1.0, -1.3111134407145086)
7.839999999999921 (-13.423549433128636, 1.0, -1.3142890093476964)
7.85999999999992 (-13.380861999724827, 1.0, -1.3218798908818488)
7.87999999999992 (-13.338848371460976, 1.0, -1.3331563253170595)
7.8999999999999195 (-13.29594799669347, 1.0, -1.3478249229623913)
7.919999999999919 (-13.251239445876545, 1.0, -1.365256289600661)
7.939999999999919 (-13.204313296155107, 1.0, -1.3848453220807189)
7.959999999999918 (-13.155028001354165, 1.0, -1.4061236418497798)
7.979999999999918 (-13.103417283656759, 1.0, -1.4287543352967123)
7.999999999999917 (-13.049471007137397, 1.0, -1.4525096529345813)
8.019999999999918 (-12.993005585943761, 1.0, -1.4772818028848786)
8.039999999999917 (-12.933761165031777, 1.0, -1.5030445768738325)
8.059999999999917 (-12.871505165325338, 1.0, -1.5299289148930868)
8.079999999999917 (-12.80620597067891, 1.0, -1.5580874525438824)
8.099999999999916 (-12.743385673584797, 1.0, -1.5885087664019588)
8.119999999999916 (-12.691224776638732, 1.0, -1.6191598941744403)
8.139999999999915 (-12.654301653858914, 1.0, -1.6485294972263929)
8.159999999999915 (-12.63453143426604, 1.0, -1.6749779695416218)
8.179999999999914 (-12.627712084463507, 1.0, -1.6939998688604463)
8.199999999999914 (-12.622900209979406, 1.0, -1.7036948707389297)
8.219999999999914 (-12.611648884941339, 1.0, -1.7059931000245818)
8.239999999999913 (-12.590518112640597, 1.0, -1.702422720633175)
8.259999999999913 (-12.560628499152898, 1.0, -1.695340012489071)
8.279999999999912 (-12.526656211695482, 1.0, -1.6868196986519906)
8.299999999999912 (-12.493170122877315, 1.0, -1.6781480985164716)
8.319999999999911 (-12.464109427501405, 1.0, -1.670602357749022)
8.339999999999911 (-12.442513863358895, 1.0, -1.6654181942141408)
8.35999999999991 (-12.430436037002668, 1.0, -1.663595015804571)
8.37999999999991 (-12.429105849656274, 1.0, -1.6657665469504972)
8.39999999999991 (-12.439282651484028, 1.0, -1.6719077085827185)
8.41999999999991 (-12.461120407668645, 1.0, -1.681461766331568)
8.439999999999909 (-12.494077518309709, 1.0, -1.6935057379234386)
8.459999999999908 (-12.537249704172192, 1.0, -1.7068221920576743)
8.479999999999908 (-12.589408304482175, 1.0, -1.719975092592953)
8.499999999999908 (-12.649112972148517, 1.0, -1.7314748785445124)
8.519999999999907 (-12.714176992749838, 1.0, -1.7410147905755153)
8.539999999999907 (-12.782008962013286, 1.0, -1.7494172296969412)
8.559999999999906 (-12.850456503876714, 1.0, -1.756762067972505)
8.579999999999906 (-12.917723649416185, 1.0, -1.7626074356301689)
8.599999999999905 (-12.98231486272818, 1.0, -1.766342657538424)
8.619999999999905 (-13.042811705319465, 1.0, -1.7672945339774884)
8.639999999999905 (-13.097652400993542, 1.0, -1.764891176184425)
8.659999999999904 (-13.138184758871155, 1.0, -1.7552266749400027)
8.679999999999904 (-13.156076984882203, 1.0, -1.735793895574999)
8.699999999999903 (-13.149589288191518, 1.0, -1.7045589535277315)
8.719999999999903 (-13.11940623886141, 1.0, -1.6608018636499104)
8.739999999999903 (-13.069939151241504, 1.0, -1.6082882429512624)
8.759999999999902 (-13.01233082528073, 1.0, -1.555610635241979)
8.779999999999902 (-12.957282820576442, 1.0, -1.510110893486536)
8.799999999999901 (-12.908075437914723, 1.0, -1.474516589201154)
8.8199999999999 (-12.863232264642551, 1.0, -1.4477615527449688)
8.8399999999999 (-12.819906990075223, 1.0, -1.4284620323067887)
8.8599999999999 (-12.776244893013423, 1.0, -1.4153983815833158)
8.8799999999999 (-12.731423588379247, 1.0, -1.407087587815219)
8.899999999999899 (-12.684397071285618, 1.0, -1.402384971088407)
8.919999999999899 (-12.63450418237813, 1.0, -1.4000908543806867)
8.939999999999898 (-12.581406581037239, 1.0, -1.3992819589735843)
8.959999999999898 (-12.525170031222403, 1.0, -1.3993597751535314)
8.979999999999897 (-12.46598708341346, 1.0, -1.3999499822427295)
8.999999999999897 (-12.403992674950128, 1.0, -1.400798498849579)
9.019999999999897 (-12.339165060903712, 1.0, -1.4016922617894125)
9.039999999999896 (-12.271423932815743, 1.0, -1.402383341158654)
9.059999999999896 (-12.200641704076348, 1.0, -1.402725768117407)
9.079999999999895 (-12.126648795813267, 1.0, -1.4027493045854937)
9.099999999999895 (-12.053718586940699, 1.0, -1.4058454598237602)
9.119999999999894 (-11.989823032375936, 1.0, -1.4140007613062997)
9.139999999999894 (-11.939604536605463, 1.0, -1.4279049092389635)
9.159999999999894 (-11.905854215944801, 1.0, -1.4465490724252394)
9.179999999999893 (-11.886275466339494, 1.0, -1.463570705801842)
9.199999999999893 (-11.871870086683394, 1.0, -1.4728132357731236)
9.219999999999892 (-11.854829719342103, 1.0, -1.4721415581811554)
9.239999999999892 (-11.831784962105472, 1.0, -1.4613030720025089)
9.259999999999891 (-11.802776688815412, 1.0, -1.4429792369375576)
9.279999999999891 (-11.770917961037464, 1.0, -1.4211870400392614)
9.29999999999989 (-11.7395722933729, 1.0, -1.3992126288061157)
9.31999999999989 (-11.711518680246893, 1.0, -1.3800683073202742)
9.33999999999989 (-11.688803245075635, 1.0, -1.3663172470962224)
9.35999999999989 (-11.672711162457954, 1.0, -1.3598642965517076)
9.379999999999889 (-11.664025327793903, 1.0, -1.3618862831155878)
9.399999999999888 (-11.663411561009596, 1.0, -1.3727415042940876)
9.419999999999888 (-11.671130015577702, 1.0, -1.3920809433383061)
9.439999999999888 (-11.687122436614601, 1.0, -1.4189739585247099)
9.459999999999887 (-11.711060711821519, 1.0, -1.4519391189694917)
9.479999999999887 (-11.742500800909703, 1.0, -1.4892501593575103)
9.499999999999886 (-11.78090728746115, 1.0, -1.529001405403369)
9.519999999999886 (-11.825696512673332, 1.0, -1.569179152629123)
9.539999999999885 (-11.875677282829605, 1.0, -1.6081264635262804)
9.559999999999885 (-11.928091804674844, 1.0, -1.6454376040963241)
9.579999999999885 (-11.980379293743482, 1.0, -1.6807426070288745)
9.599999999999884 (-12.030897229599532, 1.0, -1.7130890692782492)
9.619999999999884 (-12.078535381151552, 1.0, -1.741325862440137)
9.639999999999883 (-12.122239468939062, 1.0, -1.7644726655187895)
9.659999999999883 (-12.157455027647687, 1.0, -1.7761595718863812)
9.679999999999882 (-12.177916064189104, 1.0, -1.7696219955421064)
9.699999999999882 (-12.182320657754271, 1.0, -1.7419025496307214)
9.719999999999882 (-12.171588206855398, 1.0, -1.692353514079954)
9.739999999999881 (-12.148389558603943, 1.0, -1.6278511624369179)
9.75999999999988 (-12.119462893320112, 1.0, -1.5617820466484955)
9.77999999999988 (-12.090615603636401, 1.0, -1.503324314103713)
9.79999999999988 (-12.063021883974502, 1.0, -1.4546708980181369)
9.81999999999988 (-12.035380679374242, 1.0, -1.4133297401861187)
9.839999999999879 (-12.005974215713016, 1.0, -1.3774417853997132)
9.859999999999879 (-11.974272216467151, 1.0, -1.345336445336709)
9.879999999999878 (-11.939832768400281, 1.0, -1.315412582894752)
9.899999999999878 (-11.902338332734107, 1.0, -1.2863978587558467)
9.919999999999877 (-11.86180201900419, 1.0, -1.2573370122207606)
9.939999999999877 (-11.818455093203003, 1.0, -1.2276082554150511)
9.959999999999877 (-11.772607392774598, 1.0, -1.1968418382356465)
9.979999999999876 (-11.72455852409539, 1.0, -1.1648379999936103)
9.999999999999876 (-11.674478597617261, 1.0, -1.1314393730392311)
10.019999999999875 (-11.622340448873087, 1.0, -1.0964654863874848)
10.039999999999875 (-11.567947553143206, 1.0, -1.0597445529754583)
10.059999999999874 (-11.51102817019288, 1.0, -1.0212358038147857)
10.079999999999874 (-11.451462503507699, 1.0, -0.9809994864065448)
10.099999999999874 (-11.391275932378578, 1.0, -0.9436772078497413)
10.119999999999873 (-11.336485892114217, 1.0, -0.9150569274854572)
10.139999999999873 (-11.291319861689987, 1.0, -0.8982855468835609)
10.159999999999872 (-11.258011418929245, 1.0, -0.8943215121776166)
10.179999999999872 (-11.238422374381033, 1.0, -0.8986882488744437)
10.199999999999871 (-11.228846741956946, 1.0, -0.900716183787885)
10.219999999999871 (-11.222482217844762, 1.0, -0.8936966890596273)
10.23999999999987 (-11.215815062748769, 1.0, -0.8751490306024639)
10.25999999999987 (-11.207298540745711, 1.0, -0.846969575831425)
10.27999999999987 (-11.197638612996247, 1.0, -0.8141433879861962)
10.29999999999987 (-11.188271058550264, 1.0, -0.7813026653883401)
10.319999999999869 (-11.18032781080555, 1.0, -0.752508894336304)
10.339999999999868 (-11.174497957361421, 1.0, -0.7310623528697554)
10.359999999999868 (-11.17110006731104, 1.0, -0.7193096598320686)
10.379999999999868 (-11.170299450725896, 1.0, -0.7186920717028479)
10.399999999999867 (-11.172530089634387, 1.0, -0.7298745270376295)
10.419999999999867 (-11.178312670206598, 1.0, -0.7527101680480981)
10.439999999999866 (-11.188109264333127, 1.0, -0.7862895871042357)
10.459999999999866 (-11.202424777835143, 1.0, -0.8291761548400984)
10.479999999999865 (-11.221777483412968, 1.0, -0.879559969656392)
10.499999999999865 (-11.24628436318952, 1.0, -0.9354165546669829)
10.519999999999865 (-11.274444009582892, 1.0, -0.994799300368684)
10.539999999999864 (-11.30453667087308, 1.0, -1.0559264254547005)
10.559999999999864 (-11.33565877404528, 1.0, -1.1169717820272396)
10.579999999999863 (-11.367344088219664, 1.0, -1.1761768050178838)
10.599999999999863 (-11.399329902462885, 1.0, -1.2319195517311363)
10.619999999999862 (-11.431401100230026, 1.0, -1.2825576257761242)
10.639999999999862 (-11.463035580996497, 1.0, -1.324894928190671)
10.659999999999862 (-11.492211123518675, 1.0, -1.3486426227394754)
10.679999999999861 (-11.51732773701643, 1.0, -1.3471520372271526)
10.69999999999986 (-11.539571961486196, 1.0, -1.318694576022828)
10.71999999999986 (-11.559717735231317, 1.0, -1.2640364986006805)
10.73999999999986 (-11.576732651971044, 1.0, -1.19100022335369)
10.75999999999986 (-11.58977245741182, 1.0, -1.1140877404859157)
10.779999999999859 (-11.597816308879588, 1.0, -1.0449245391996793)
10.799999999999859 (-11.600785708837636, 1.0, -0.9865032330907917)
10.819999999999858 (-11.59853799827642, 1.0, -0.9360203528094537)
10.839999999999858 (-11.590694006502805, 1.0, -0.8903339270713909)
10.859999999999857 (-11.57727724565549, 1.0, -0.8473313163103173)
10.879999999999857 (-11.559007416721094, 1.0, -0.8056897664202548)
10.899999999999856 (-11.536615244335401, 1.0, -0.764359813959442)
10.919999999999856 (-11.51080382187141, 1.0, -0.7221725956712275)
10.939999999999856 (-11.482077828153711, 1.0, -0.6782388333938673)
10.959999999999855 (-11.450965122531574, 1.0, -0.6322909893368003)
10.979999999999855 (-11.41786564839907, 1.0, -0.5843479225900797)
10.999999999999854 (-11.383015160165003, 1.0, -0.5344059784704961)
11.019999999999854 (-11.346473025122494, 1.0, -0.4822866048298205)
11.039999999999853 (-11.308412099780247, 1.0, -0.42773035963859396)
11.059999999999853 (-11.268952882103628, 1.0, -0.3702385317311593)
11.079999999999853 (-11.228042866313597, 1.0, -0.3095298687023331)
11.099999999999852 (-11.185114577086827, 1.0, -0.25014189561259076)
11.119999999999852 (-11.142339021726539, 1.0, -0.1999524277218379)
11.139999999999851 (-11.10193461428997, 1.0, -0.16394846275143882)
11.159999999999851 (-11.066294518501117, 1.0, -0.1442978222608353)
11.17999999999985 (-11.039578635957499, 1.0, -0.13637199309400372)
11.19999999999985 (-11.022474902145547, 1.0, -0.12917251143064143)
11.21999999999985 (-11.012518141306613, 1.0, -0.1144822407237222)
11.23999999999985 (-11.008130427364502, 1.0, -0.08904201617567348)
11.259999999999849 (-11.007069292032341, 1.0, -0.05416546113087793)
11.279999999999848 (-11.007590544776775, 1.0, -0.014616460857301549)
11.299999999999848 (-11.008730065835424, 1.0, 0.024983195505507833)
11.319999999999848 (-11.009388026063878, 1.0, 0.060660091949456874)
11.339999999999847 (-11.008457058208704, 1.0, 0.08925891326812803)
11.359999999999847 (-11.004977690120308, 1.0, 0.10860969117467384)
11.379999999999846 (-10.998356218291235, 1.0, 0.11735771277636739)
11.399999999999846 (-10.988596368076683, 1.0, 0.11472648846806746)
11.419999999999845 (-10.97606185327145, 1.0, 0.10067349716668629)
11.439999999999845 (-10.96143960532862, 1.0, 0.07565242808270514)
11.459999999999845 (-10.945790120028565, 1.0, 0.04074982788013906)
11.479999999999844 (-10.930298217867874, 1.0, -0.002790941053051563)
11.499999999999844 (-10.916268187998112, 1.0, -0.0535599825993287)
11.519999999999843 (-10.905082043885116, 1.0, -0.11004134870398093)
11.539999999999843 (-10.897395065146483, 1.0, -0.17034014022928526)
11.559999999999842 (-10.891977175531029, 1.0, -0.23190531350088553)
11.579999999999842 (-10.887937147671623, 1.0, -0.2924607345452616)
11.599999999999842 (-10.885317560278839, 1.0, -0.3501903359534496)
11.619999999999841 (-10.884549921492917, 1.0, -0.40361424812109353)
11.63999999999984 (-10.886033420810463, 1.0, -0.4513603271862635)
11.65999999999984 (-10.892174048047302, 1.0, -0.48751199196116624)
11.67999999999984 (-10.905816313742475, 1.0, -0.5030554680798154)
11.69999999999984 (-10.928845629335987, 1.0, -0.49422531079792786)
11.719999999999839 (-10.96253536509853, 1.0, -0.46108291792264217)
11.739999999999839 (-11.002993280830495, 1.0, -0.40884101985409627)
11.759999999999838 (-11.042327048474425, 1.0, -0.3499548151773493)
11.779999999999838 (-11.07588110906128, 1.0, -0.29450905002190314)
11.799999999999837 (-11.102293912665, 1.0, -0.24485475339284404)
11.819999999999837 (-11.122851326176404, 1.0, -0.19886686285753732)
11.839999999999836 (-11.138375796324027, 1.0, -0.15439757860454378)
11.859999999999836 (-11.149911551686017, 1.0, -0.10988078594224066)
11.879999999999836 (-11.15848444138282, 1.0, -0.06404852830402384)
11.899999999999835 (-11.164983460980459, 1.0, -0.016034387464820513)
11.919999999999835 (-11.17018061545103, 1.0, 0.03459745217760009)
11.939999999999834 (-11.174685422643492, 1.0, 0.08795341049506214)
11.959999999999834 (-11.178954490012076, 1.0, 0.14395787233183083)
11.979999999999833 (-11.18332137944667, 1.0, 0.20247571468054756)
11.999999999999833 (-11.188020889648408, 1.0, 0.2634534949559359)
12.019999999999833 (-11.193188637411604, 1.0, 0.3269971725734052)
12.039999999999832 (-11.198819730400851, 1.0, 0.3933318153257646)
12.059999999999832 (-11.204800419828386, 1.0, 0.4626911218307213)
12.079999999999831 (-11.211025506801668, 1.0, 0.5351206491492201)
12.099999999999831 (-11.214353494779441, 1.0, 0.6062037922506004)
12.11999999999983 (-11.212995519777568, 1.0, 0.6677495198770627)
12.13999999999983 (-11.206419395252961, 1.0, 0.7147796298572829)
12.15999999999983 (-11.194894600693122, 1.0, 0.745047606725024)
12.17999999999983 (-11.183077255289296, 1.0, 0.7592456286270514)
12.199999999999829 (-11.178305938527144, 1.0, 0.7659451917254938)
12.219999999999828 (-11.182911280112247, 1.0, 0.7743572542170649)
12.239999999999828 (-11.197223705096578, 1.0, 0.788784721701323)
12.259999999999827 (-11.218822008125956, 1.0, 0.8096246362814941)
12.279999999999827 (-11.243742661114688, 1.0, 0.8337166829850735)
12.299999999999827 (-11.268709292679544, 1.0, 0.8574226308973649)
12.319999999999826 (-11.290793377785816, 1.0, 0.8776880289749109)
12.339999999999826 (-11.307507891846871, 1.0, 0.8922565622994857)
12.359999999999825 (-11.31700956968627, 1.0, 0.8996772869922687)
12.379999999999825 (-11.318145914031275, 1.0, 0.8991123095185611)
12.399999999999824 (-11.310547516511106, 1.0, 0.8899006901975569)
12.419999999999824 (-11.294619842887913, 1.0, 0.8716208150379895)
12.439999999999824 (-11.27142617028841, 1.0, 0.8443570465994352)
12.459999999999823 (-11.242450409610234, 1.0, 0.8083802740489441)
12.479999999999823 (-11.209538171917572, 1.0, 0.7642010890257579)
12.499999999999822 (-11.174137151425636, 1.0, 0.7133659549651983)
12.519999999999822 (-11.136991467457037, 1.0, 0.658440892631435)
12.539999999999822 (-11.098988707744155, 1.0, 0.6012239773292152)
12.559999999999821 (-11.061579269897154, 1.0, 0.543193191201203)
12.57999999999982 (-11.026125390417118, 1.0, 0.4855602209825953)
12.59999999999982 (-10.993936370496987, 1.0, 0.42937452535159876)
12.61999999999982 (-10.966397879187303, 1.0, 0.37570772414966985)
12.63999999999982 (-10.947378323437809, 1.0, 0.3278013031379795)
12.659999999999819 (-10.944380209932593, 1.0, 0.2924350085064654)
12.679999999999819 (-10.961841781516416, 1.0, 0.2732072067780653)
12.699999999999818 (-11.001460682390915, 1.0, 0.2697141199092043)
12.719999999999818 (-11.062416332842286, 1.0, 0.2808094560831837)
12.739999999999817 (-11.136622980042283, 1.0, 0.30296127363139874)
12.759999999999817 (-11.21107353323733, 1.0, 0.32966698944280287)
12.779999999999816 (-11.275389172969678, 1.0, 0.35666319468392443)
12.799999999999816 (-11.327472627753913, 1.0, 0.3827411048633613)
12.819999999999816 (-11.369941174993281, 1.0, 0.4097377749159995)
12.839999999999815 (-11.405444983754803, 1.0, 0.4394980993517365)
12.859999999999815 (-11.435875919435876, 1.0, 0.47295421765875706)
12.879999999999814 (-11.462642106433332, 1.0, 0.5104959761875041)
12.899999999999814 (-11.486793976578513, 1.0, 0.551401309386821)
12.919999999999813 (-11.509668552109428, 1.0, 0.595519466500831)
12.939999999999813 (-11.532334879828285, 1.0, 0.6429619545268608)
12.959999999999813 (-11.555352229796739, 1.0, 0.6934399253084882)
12.979999999999812 (-11.578914302091345, 1.0, 0.7465870429190405)
12.999999999999812 (-11.60314132621869, 1.0, 0.8022190814109748)
13.019999999999811 (-11.628222995470416, 1.0, 0.8604233890355222)
13.03999999999981 (-11.654489128324906, 1.0, 0.9212285363299928)
13.05999999999981 (-11.68249745587757, 1.0, 0.9848249167839264)
13.07999999999981 (-11.712668839867012, 1.0, 1.0513594337718157)
13.09999999999981 (-11.741627149960516, 1.0, 1.119410197532675)
13.11999999999981 (-11.76340252256072, 1.0, 1.1835632799649718)
13.139999999999809 (-11.774414151216796, 1.0, 1.2389628021747767)
13.159999999999808 (-11.773643536665165, 1.0, 1.282254301042603)
13.179999999999808 (-11.76664633225195, 1.0, 1.311741192695838)
13.199999999999807 (-11.763556470025819, 1.0, 1.3321188058343054)
13.219999999999807 (-11.770594012547422, 1.0, 1.349787155169154)
13.239999999999807 (-11.790027834969573, 1.0, 1.3678038452407393)
13.259999999999806 (-11.819711017499312, 1.0, 1.3875272354533557)
13.279999999999806 (-11.854683098105651, 1.0, 1.4081946537331762)
13.299999999999805 (-11.89041790205231, 1.0, 1.4283872252809553)
13.319999999999805 (-11.922881794943072, 1.0, 1.4471249222966034)
13.339999999999804 (-11.948728603555216, 1.0, 1.4638321386307493)
13.359999999999804 (-11.965527994606258, 1.0, 1.4782803822424098)
13.379999999999804 (-11.971743823782043, 1.0, 1.4902967720298532)
13.399999999999803 (-11.966665756482351, 1.0, 1.4995631722994833)
13.419999999999803 (-11.950388595309931, 1.0, 1.5057850763441636)
13.439999999999802 (-11.923525583137161, 1.0, 1.508611076756998)
13.459999999999802 (-11.887568683534655, 1.0, 1.5076908970848666)
13.479999999999801 (-11.844124548624189, 1.0, 1.5026289824766244)
13.499999999999801 (-11.795004506917797, 1.0, 1.4929939849168894)
13.5199999999998 (-11.742164110933937, 1.0, 1.4783354366594517)
13.5399999999998 (-11.687570514025296, 1.0, 1.4585697739825014)
13.5599999999998 (-11.63294906179823, 1.0, 1.4355073105993377)
13.5799999999998 (-11.57977586952099, 1.0, 1.4114756447293229)
13.599999999999799 (-11.529602267634427, 1.0, 1.3876090544181852)
13.619999999999798 (-11.483937922285657, 1.0, 1.3643516897932035)
13.639999999999798 (-11.444153237522045, 1.0, 1.3420175920491824)
13.659999999999798 (-11.415493296551476, 1.0, 1.3212218873313681)
13.679999999999797 (-11.407426800341147, 1.0, 1.3036756292514)
13.699999999999797 (-11.424818327971023, 1.0, 1.2898984340241861)
13.719999999999796 (-11.468468269153622, 1.0, 1.2787112014782167)
13.739999999999796 (-11.531738324630174, 1.0, 1.2709037841726067)
13.759999999999796 (-11.600203676116159, 1.0, 1.2671583334950043)
13.779999999999795 (-11.66352673884241, 1.0, 1.2664048130910992)
13.799999999999795 (-11.719209671074, 1.0, 1.2685251544828111)
13.819999999999794 (-11.769422776141411, 1.0, 1.2734911521578398)
13.839999999999794 (-11.816224790136099, 1.0, 1.2815378312383483)
13.859999999999793 (-11.861446791458064, 1.0, 1.2926251359905045)
13.879999999999793 (-11.9065975425566, 1.0, 1.3065526136221952)
13.899999999999793 (-11.952773040699691, 1.0, 1.3229878154485304)
13.919999999999792 (-12.000661411242481, 1.0, 1.3415043059632463)
13.939999999999792 (-12.050616810724955, 1.0, 1.3616537493259753)
13.959999999999791 (-12.102785922897924, 1.0, 1.3830220357998777)
13.97999999999979 (-12.157227917142695, 1.0, 1.4052659361723754)
13.99999999999979 (-12.214048120170496, 1.0, 1.4281895580290127)
14.01999999999979 (-12.273403342732147, 1.0, 1.4517700971396696)
14.03999999999979 (-12.335523304225678, 1.0, 1.4761860118193708)
14.059999999999789 (-12.400524130105476, 1.0, 1.5016632530691179)
14.079999999999789 (-12.4683711025185, 1.0, 1.5282870040947476)
14.099999999999788 (-12.533528389162528, 1.0, 1.5567061809702305)
14.119999999999788 (-12.587879803442815, 1.0, 1.5845264765498337)
14.139999999999787 (-12.626813695630943, 1.0, 1.6098582748935935)
14.159999999999787 (-12.648512965470745, 1.0, 1.6314073825399873)
14.179999999999787 (-12.655366491763932, 1.0, 1.64583221445598)
14.199999999999786 (-12.658342216508641, 1.0, 1.6506235998323922)
14.219999999999786 (-12.666888538646058, 1.0, 1.647967901960558)
14.239999999999785 (-12.685177577403945, 1.0, 1.639633594499729)
14.259999999999785 (-12.712581344567313, 1.0, 1.6279954657527187)
14.279999999999784 (-12.744439316065437, 1.0, 1.6150432609935765)
14.299999999999784 (-12.775910147468602, 1.0, 1.601910828647748)
14.319999999999784 (-12.80287954185941, 1.0, 1.5897213011631868)
14.339999999999783 (-12.822161104914287, 1.0, 1.5795754327084188)
14.359999999999783 (-12.831592213352371, 1.0, 1.5723845069816227)
14.379999999999782 (-12.829894932654833, 1.0, 1.5687642385572271)
14.399999999999782 (-12.81632821000283, 1.0, 1.5687522867039088)
14.419999999999781 (-12.790667579593205, 1.0, 1.5717486561179528)
14.439999999999781 (-12.753521053170472, 1.0, 1.57681939930534)
14.45999999999978 (-12.70580771506788, 1.0, 1.5827811014974662)
14.47999999999978 (-12.64918183240307, 1.0, 1.5887009764751616)
14.49999999999978 (-12.586034025261112, 1.0, 1.5947414281995806)
14.51999999999978 (-12.518686145756352, 1.0, 1.600963727659467)
14.539999999999779 (-12.449001409082175, 1.0, 1.6069780910340692)
14.559999999999778 (-12.378796757118906, 1.0, 1.6120752458777379)
14.579999999999778 (-12.309762291594259, 1.0, 1.615553328347917)
14.599999999999778 (-12.243521362158047, 1.0, 1.6166908561845872)
14.619999999999777 (-12.181790159167875, 1.0, 1.6147266349830893)
14.639999999999777 (-12.130960172297742, 1.0, 1.6071238586400989)
14.659999999999776 (-12.10025450442297, 1.0, 1.5907743504715846)
14.679999999999776 (-12.093704429145832, 1.0, 1.5633978818648495)
14.699999999999775 (-12.111357445640248, 1.0, 1.5235552531535281)
14.719999999999775 (-12.151310103751587, 1.0, 1.471922672766233)
14.739999999999775 (-12.206459684865814, 1.0, 1.4139999449038798)
14.759999999999774 (-12.265195099291638, 1.0, 1.3582929937342059)
14.779999999999774 (-12.31921435833402, 1.0, 1.3122492067007006)
14.799999999999773 (-12.366663248682144, 1.0, 1.2772134246158202)
14.819999999999773 (-12.410428206832643, 1.0, 1.2517929198857038)
14.839999999999772 (-12.453445096020523, 1.0, 1.2342839369535534)
14.859999999999772 (-12.497465102978078, 1.0, 1.2233349122308548)
14.879999999999772 (-12.543386573720777, 1.0, 1.2178895690867124)
14.899999999999771 (-12.591438562178627, 1.0, 1.2168873039759087)
14.91999999999977 (-12.641598238535355, 1.0, 1.2190213674601382)
14.93999999999977 (-12.694278462365757, 1.0, 1.2232499048509045)
14.95999999999977 (-12.749690125242742, 1.0, 1.228891566161201)
14.97999999999977 (-12.807671865615212, 1.0, 1.2355516263411372)
14.999999999999769 (-12.86813668192862, 1.0, 1.2430186488806896)
15.019999999999769 (-12.93125781104285, 1.0, 1.2511479397677059)
15.039999999999768 (-12.997283712709491, 1.0, 1.259675330473435)
15.059999999999768 (-13.066621697631147, 1.0, 1.2681870049976287)
15.079999999999767 (-13.139623678233754, 1.0, 1.2762538107583044)
15.099999999999767 (-13.214024705185947, 1.0, 1.2856000323049868)
15.119999999999767 (-13.282442385023325, 1.0, 1.2991462674437964)
15.139999999999766 (-13.338555768183742, 1.0, 1.3178090456940466)
15.159999999999766 (-13.378686111765843, 1.0, 1.3409031749269347)
15.179999999999765 (-13.403900888542214, 1.0, 1.3628222595102306)
15.199999999999765 (-13.423040413612135, 1.0, 1.3768776336922888)
15.219999999999764 (-13.444611526341461, 1.0, 1.3805323690394633)
15.239999999999764 (-13.472325551262255, 1.0, 1.373132995206132)
15.259999999999764 (-13.506377001311304, 1.0, 1.3571899526900233)
15.279999999999763 (-13.54381876977753, 1.0, 1.3367136966482025)
15.299999999999763 (-13.581314355075788, 1.0, 1.3150569880441558)
15.319999999999762 (-13.616150290782151, 1.0, 1.2953532271675676)
15.339999999999762 (-13.646289831292282, 1.0, 1.280331543229585)
15.359999999999761 (-13.670392475191706, 1.0, 1.2720764921359398)
15.379999999999761 (-13.687573959506961, 1.0, 1.2719017227343763)
15.39999999999976 (-13.697279403952974, 1.0, 1.2803428412918627)
15.41999999999976 (-13.699314722172709, 1.0, 1.2972355258328614)
15.43999999999976 (-13.69363229773304, 1.0, 1.321992325032151)
15.45999999999976 (-13.680672549816729, 1.0, 1.3531292930423053)
15.479999999999759 (-13.660837313568901, 1.0, 1.3891153558642297)
15.499999999999758 (-13.634581046628641, 1.0, 1.4282206792788412)
15.519999999999758 (-13.602411626928431, 1.0, 1.4685693103030584)
15.539999999999758 (-13.56483490976727, 1.0, 1.5082626675568935)
15.559999999999757 (-13.52308426144156, 1.0, 1.5458091605777282)
15.579999999999757 (-13.480134944932944, 1.0, 1.5810529585539486)
15.599999999999756 (-13.43837706406585, 1.0, 1.6137298402553928)
15.619999999999756 (-13.39932127410721, 1.0, 1.6428327572738894)
15.639999999999755 (-13.363997568810769, 1.0, 1.6674200860338264)
15.659999999999755 (-13.334313748044679, 1.0, 1.684608790745104)
15.679999999999755 (-13.316070915536526, 1.0, 1.6863478309735955)
15.699999999999754 (-13.312935509425575, 1.0, 1.667919011003221)
15.719999999999754 (-13.324294545209018, 1.0, 1.6278922529809416)
15.739999999999753 (-13.347402936369274, 1.0, 1.5725823593138761)
15.759999999999753 (-13.376532180467578, 1.0, 1.5140875171391297)
15.779999999999752 (-13.406055011795761, 1.0, 1.4602637110412802)
15.799999999999752 (-13.434431243666351, 1.0, 1.4129908283530925)
15.819999999999752 (-13.462488689119986, 1.0, 1.370719020049038)
15.839999999999751 (-13.491303259681784, 1.0, 1.3320144517171573)
15.85999999999975 (-13.521676283643883, 1.0, 1.2954777402296085)
15.87999999999975 (-13.554127221542945, 1.0, 1.2598807308970796)
15.89999999999975 (-13.58887932244759, 1.0, 1.2242470566337154)
15.91999999999975 (-13.625899687135318, 1.0, 1.1878720301378447)
15.939999999999749 (-13.66498705643225, 1.0, 1.1502877870147885)
15.959999999999749 (-13.70587382181635, 1.0, 1.1111872096732072)
15.979999999999748 (-13.748320199213005, 1.0, 1.0703493601955794)
15.999999999999748 (-13.792275330990284, 1.0, 1.0275663512329145)
16.019999999999747 (-13.837892157846166, 1.0, 0.9826753550133698)
16.039999999999747 (-13.885453725268976, 1.0, 0.9355920899151074)
16.059999999999746 (-13.935180115516696, 1.0, 0.8863238049166106)
16.079999999999746 (-13.987088364029535, 1.0, 0.834967617023653)
16.099999999999746 (-14.039143536586076, 1.0, 0.7869534323602152)
16.119999999999745 (-14.085432313453442, 1.0, 0.7484757668267001)
16.139999999999745 (-14.122242330832044, 1.0, 0.7227780546973624)
16.159999999999744 (-14.14765241340024, 1.0, 0.7108771839063467)
16.179999999999744 (-14.159937193157973, 1.0, 0.7098511331438402)
16.199999999999743 (-14.161641660405843, 1.0, 0.7087933310965755)
16.219999999999743 (-14.159042332584999, 1.0, 0.6998349385317416)
16.239999999999743 (-14.155774854621692, 1.0, 0.6798189139269988)
16.259999999999742 (-14.153820081650695, 1.0, 0.6503014857581503)
16.279999999999742 (-14.152785726469258, 1.0, 0.6163777238520282)
16.29999999999974 (-14.151457433965563, 1.0, 0.5829541192193859)
16.31999999999974 (-14.148909478952453, 1.0, 0.5542434334561043)
16.33999999999974 (-14.144643879455916, 1.0, 0.5335510801357168)
16.35999999999974 (-14.138440064459102, 1.0, 0.5231792084755648)
16.37999999999974 (-14.130253586326647, 1.0, 0.5245011994664946)
16.39999999999974 (-14.119941575411385, 1.0, 0.5381457746102825)
16.41999999999974 (-14.106724859253061, 1.0, 0.5641113648163432)
16.43999999999974 (-14.089981144131228, 1.0, 0.6013829825110193)
16.459999999999738 (-14.069470697137845, 1.0, 0.6485685744601687)
16.479999999999738 (-14.04604766003088, 1.0, 0.7036966211858938)
16.499999999999737 (-14.020599853978402, 1.0, 0.7647285184599331)
16.519999999999737 (-13.993605347487645, 1.0, 0.8296319732153069)
16.539999999999736 (-13.965319435153118, 1.0, 0.8964925220604532)
16.559999999999736 (-13.935863863510159, 1.0, 0.963421467338199)
16.579999999999735 (-13.905345099411004, 1.0, 1.0285006465874549)
16.599999999999735 (-13.873854340104733, 1.0, 1.0897999079535876)
16.619999999999735 (-13.841519080827986, 1.0, 1.145278454286282)
16.639999999999734 (-13.80921804068158, 1.0, 1.1853948970810833)
16.659999999999734 (-13.77857360024244, 1.0, 1.2012142466686566)
16.679999999999733 (-13.74844325791355, 1.0, 1.189782610771609)
16.699999999999733 (-13.717645426358985, 1.0, 1.1511445308821286)
16.719999999999732 (-13.686254184358653, 1.0, 1.0887340830897345)
16.739999999999732 (-13.655748738439806, 1.0, 1.0113025626502559)
16.75999999999973 (-13.629148524512699, 1.0, 0.9322495800214898)
16.77999999999973 (-13.609605824149316, 1.0, 0.8621591208888867)
16.79999999999973 (-13.597740340815054, 1.0, 0.8032324125927917)
16.81999999999973 (-13.593702923301874, 1.0, 0.7523823845857284)
16.83999999999973 (-13.597059171815191, 1.0, 0.7060038331491161)
16.85999999999973 (-13.607278794337791, 1.0, 0.661800825982095)
16.87999999999973 (-13.623747449166359, 1.0, 0.6184762868883752)
16.89999999999973 (-13.645776915583347, 1.0, 0.5752464979749714)
16.919999999999728 (-13.672405481911783, 1.0, 0.5317783612996778)
16.939999999999728 (-13.702541721069881, 1.0, 0.4877537877344367)
16.959999999999727 (-13.7354913678793, 1.0, 0.4425388516729336)
16.979999999999727 (-13.770869974560725, 1.0, 0.39585185140886464)
16.999999999999726 (-13.808436506265746, 1.0, 0.347545039694611)
17.019999999999726 (-13.848115085085526, 1.0, 0.2973487054585729)
17.039999999999726 (-13.889831534959818, 1.0, 0.24482770210803556)
17.059999999999725 (-13.933426899585823, 1.0, 0.1894424517185261)
17.079999999999725 (-13.97866085604989, 1.0, 0.13058763182218386)
17.099999999999724 (-14.02561912609219, 1.0, 0.07051626198495697)
17.119999999999724 (-14.073594205675567, 1.0, 0.01650598148355307)
17.139999999999723 (-14.120480318423208, 1.0, -0.02512245722196163)
17.159999999999723 (-14.163853313902008, 1.0, -0.051103596816462926)
17.179999999999723 (-14.199198976467832, 1.0, -0.06494087358548198)
17.199999999999722 (-14.224690696884581, 1.0, -0.07748944442414067)
17.21999999999972 (-14.241847378249238, 1.0, -0.09731919744750736)
17.23999999999972 (-14.251616750869328, 1.0, -0.12790768173770653)
17.25999999999972 (-14.256324284253592, 1.0, -0.16825554494819042)
17.27999999999972 (-14.25821644527639, 1.0, -0.2139400542212112)
17.29999999999972 (-14.258800772257286, 1.0, -0.26050227326664704)
17.31999999999972 (-14.259687904654353, 1.0, -0.30413431021758447)
17.33999999999972 (-14.262461223938576, 1.0, -0.3418241443655496)
17.35999999999972 (-14.268420909436337, 1.0, -0.37142320619596686)
17.37999999999972 (-14.278385097651483, 1.0, -0.39152676584003565)
17.399999999999718 (-14.29267222239533, 1.0, -0.4014170339969752)
17.419999999999717 (-14.311128253170088, 1.0, -0.4009837865054884)
17.439999999999717 (-14.333185662323224, 1.0, -0.39061236736152394)
17.459999999999717 (-14.35795726502512, 1.0, -0.3710661110342917)
17.479999999999716 (-14.38433304752752, 1.0, -0.3433746373162017)
17.499999999999716 (-14.411058391692848, 1.0, -0.30873337317036414)
17.519999999999715 (-14.436788383717618, 1.0, -0.26841787815931545)
17.539999999999715 (-14.460148175318436, 1.0, -0.22370632386636496)
17.559999999999715 (-14.479677414219937, 1.0, -0.17583858933321253)
17.579999999999714 (-14.49447669455845, 1.0, -0.1264561353064929)
17.599999999999714 (-14.505706232040586, 1.0, -0.078142009339267)
17.619999999999713 (-14.514669279141943, 1.0, -0.033362862150219136)
17.639999999999713 (-14.5215722495084, 1.0, 0.006092418679154854)
17.659999999999712 (-14.526196387582171, 1.0, 0.038667455820402846)
17.679999999999712 (-14.523399303179016, 1.0, 0.056646959272132355)
17.69999999999971 (-14.510300283643337, 1.0, 0.05276151704391224)
17.71999999999971 (-14.485657124939499, 1.0, 0.02660857665321132)
17.73999999999971 (-14.453253897408619, 1.0, -0.01625357131704943)
17.75999999999971 (-14.419771742694927, 1.0, -0.06652167600249752)
17.77999999999971 (-14.3889010102654, 1.0, -0.11632821291662976)
17.79999999999971 (-14.361181738785447, 1.0, -0.16303178576676888)
17.81999999999971 (-14.33599337809975, 1.0, -0.20759499362673528)
17.83999999999971 (-14.312932518706086, 1.0, -0.25131262063938414)
17.859999999999708 (-14.291447582594259, 1.0, -0.2952914545365518)
17.879999999999708 (-14.270960833622313, 1.0, -0.3403876819688588)
17.899999999999707 (-14.250923968880015, 1.0, -0.3871647238772948)
17.919999999999707 (-14.230711578508703, 1.0, -0.4358876165840264)
17.939999999999706 (-14.210052821453797, 1.0, -0.4866744577675721)
17.959999999999706 (-14.188505529762272, 1.0, -0.5394676916538158)
17.979999999999706 (-14.165918162112725, 1.0, -0.5942165310867933)
17.999999999999705 (-14.142036952534365, 1.0, -0.651058629101314)
18.019999999999705 (-14.11680893501197, 1.0, -0.7103050617497603)
18.039999999999704 (-14.09030352979827, 1.0, -0.7722409376306087)
18.059999999999704 (-14.062555108481234, 1.0, -0.8369773825157075)
18.079999999999703 (-14.033690634413633, 1.0, -0.9045577361789515)
18.099999999999703 (-14.008124693751553, 1.0, -0.9701818962906137)
18.119999999999703 (-13.988720634274081, 1.0, -1.0255648005901352)
18.139999999999702 (-13.976728491131373, 1.0, -1.066287141920483)
18.1599999999997 (-13.972142191972939, 1.0, -1.0902527188950002)
18.1799999999997 (-13.972056700838719, 1.0, -1.0974411640791748)
18.1999999999997 (-13.968219777731047, 1.0, -1.0947891450927472)
18.2199999999997 (-13.955857690721613, 1.0, -1.0913926114189778)
18.2399999999997 (-13.933570256444508, 1.0, -1.0920260832485347)
18.2599999999997 (-13.90363323489556, 1.0, -1.0980387467368864)
18.2799999999997 (-13.870484425633073, 1.0, -1.1068388993266427)
18.2999999999997 (-13.838098122642425, 1.0, -1.1149654662736075)
18.3199999999997 (-13.80986477617893, 1.0, -1.1196203644273321)
18.339999999999698 (-13.788416539693912, 1.0, -1.1188058442030366)
18.359999999999697 (-13.775578931821748, 1.0, -1.1113348300130115)
18.379999999999697 (-13.772439992376304, 1.0, -1.0965661848145758)
18.399999999999697 (-13.779471086173832, 1.0, -1.0742652235716033)
18.419999999999696 (-13.796572282419083, 1.0, -1.04437002174109)
18.439999999999696 (-13.82272221380998, 1.0, -1.0066653869227824)
18.459999999999695 (-13.85704140481047, 1.0, -0.9620127926279886)
18.479999999999695 (-13.897902401676538, 1.0, -0.9117713318353888)
18.499999999999694 (-13.943430715686146, 1.0, -0.8571779458859954)
18.519999999999694 (-13.99182341962342, 1.0, -0.7992938264700967)
18.539999999999694 (-14.041225214646076, 1.0, -0.7392668875566863)
18.559999999999693 (-14.089941653449472, 1.0, -0.6780993703800828)
18.579999999999693 (-14.136141840509096, 1.0, -0.6168126121866432)
18.599999999999692 (-14.17794467821723, 1.0, -0.5564603028132971)
18.619999999999692 (-14.211549741064736, 1.0, -0.4993748492389286)
18.63999999999969 (-14.227906021622447, 1.0, -0.4515305136553545)
18.65999999999969 (-14.22141766733191, 1.0, -0.4164257886743571)
18.67999999999969 (-14.190035330162042, 1.0, -0.3934144363212985)
18.69999999999969 (-14.134254689893817, 1.0, -0.381287099056391)
18.71999999999969 (-14.05883699944818, 1.0, -0.3780966602708795)
18.73999999999969 (-13.971832116627114, 1.0, -0.38103962905367456)
18.75999999999969 (-13.885626472298572, 1.0, -0.3884844678350288)
18.77999999999969 (-13.811087933790487, 1.0, -0.3988617337495052)
18.799999999999688 (-13.750898158716927, 1.0, -0.4121968030409933)
18.819999999999688 (-13.702694984027483, 1.0, -0.42986217496623463)
18.839999999999687 (-13.662625226483447, 1.0, -0.4528792056322876)
18.859999999999687 (-13.628129906052482, 1.0, -0.4817519766623014)
18.879999999999686 (-13.59766152591742, 1.0, -0.5164377059318791)
18.899999999999686 (-13.570249465703279, 1.0, -0.5566051612290805)
18.919999999999686 (-13.545224407061419, 1.0, -0.6018066039018725)
18.939999999999685 (-13.522038780875194, 1.0, -0.6512492125064566)
18.959999999999685 (-13.500092946707946, 1.0, -0.7039412515748342)
18.979999999999684 (-13.478848091689224, 1.0, -0.7595128651607265)
18.999999999999684 (-13.457603902767236, 1.0, -0.8179629710312932)
19.019999999999683 (-13.435977437125196, 1.0, -0.879411145369965)
19.039999999999683 (-13.413472805241328, 1.0, -0.9441336152554679)
19.059999999999683 (-13.389540098012723, 1.0, -1.0122662284177601)
19.079999999999682 (-13.363386467105311, 1.0, -1.0838006474776207)
19.09999999999968 (-13.336391789099197, 1.0, -1.1578104094587711)
19.11999999999968 (-13.31409461547983, 1.0, -1.230566029979032)
19.13999999999968 (-13.301391605813295, 1.0, -1.297189988374978)
19.15999999999968 (-13.300250730451001, 1.0, -1.3537445107712847)
19.17999999999968 (-13.305153323394734, 1.0, -1.3978934878796951)
19.19999999999968 (-13.305846422204377, 1.0, -1.4330078129654829)
19.21999999999968 (-13.295645771399922, 1.0, -1.4640954967087894)
19.23999999999968 (-13.272288346033479, 1.0, -1.4931854457916598)
19.25999999999968 (-13.237470839621848, 1.0, -1.521733860418987)
19.279999999999678 (-13.196000326250926, 1.0, -1.5500040666443509)
19.299999999999677 (-13.152501643014263, 1.0, -1.5773267425388102)
19.319999999999677 (-13.111105087245113, 1.0, -1.6034723995475386)
19.339999999999677 (-13.075239180211273, 1.0, -1.6286105996153764)
19.359999999999676 (-13.047455775416404, 1.0, -1.6530085612725205)
19.379999999999676 (-13.029427650551874, 1.0, -1.6768601347307939)
19.399999999999675 (-13.022004694655877, 1.0, -1.700226232204539)
19.419999999999675 (-13.025298385739763, 1.0, -1.7230143400113909)
19.439999999999674 (-13.038801074384267, 1.0, -1.7449859637233485)
19.459999999999674 (-13.061527745687886, 1.0, -1.7657874335003003)
19.479999999999674 (-13.092156921002363, 1.0, -1.7849876327608083)
19.499999999999673 (-13.1291545076035, 1.0, -1.8021060154815345)
19.519999999999673 (-13.17087442704318, 1.0, -1.816624910719207)
19.539999999999672 (-13.215662001117302, 1.0, -1.8280172239848211)
19.559999999999672 (-13.261856260558233, 1.0, -1.835646348075446)
19.57999999999967 (-13.307771084260429, 1.0, -1.8388778931135055)
19.59999999999967 (-13.351858009615686, 1.0, -1.8370433007804037)
19.61999999999967 (-13.392347395104446, 1.0, -1.8303626791045584)
19.63999999999967 (-13.427505616277747, 1.0, -1.8215764578952232)
19.65999999999967 (-13.455937793514689, 1.0, -1.8135984419560867)
19.67999999999967 (-13.472391239164596, 1.0, -1.8064246715781644)
19.69999999999967 (-13.467569366864868, 1.0, -1.8001282667161835)
19.71999999999967 (-13.43989993120334, 1.0, -1.7952461594416185)
19.739999999999668 (-13.395751041027655, 1.0, -1.791803118735196)
19.759999999999668 (-13.343299865865864, 1.0, -1.7899689669111205)
19.779999999999667 (-13.289560219364564, 1.0, -1.7888792910486346)
19.799999999999667 (-13.237335910053917, 1.0, -1.7869193683859483)
19.819999999999666 (-13.186380452973603, 1.0, -1.784230111785601)
19.839999999999666 (-13.136062809701471, 1.0, -1.781318948625753)
19.859999999999665 (-13.08589694445072, 1.0, -1.7784212773121224)
19.879999999999665 (-13.035042222956731, 1.0, -1.775800739623451)
19.899999999999665 (-12.982986810141146, 1.0, -1.7733796599000848)
19.919999999999664 (-12.92945913699773, 1.0, -1.771053763892887)
19.939999999999664 (-12.874225662531952, 1.0, -1.7684980380761577)
19.959999999999663 (-12.817012457230458, 1.0, -1.765464903279117)
19.979999999999663 (-12.757497473845424, 1.0, -1.7618041723719613)
19.999999999999662 (-12.695296525139172, 1.0, -1.7575633734713354)
20.019999999999662 (-12.630113758619318, 1.0, -1.7528811970957523)
20.03999999999966 (-12.561762568323047, 1.0, -1.7479001719404996)
20.05999999999966 (-12.490243517498017, 1.0, -1.7427240197902043)
20.07999999999966 (-12.416012194569843, 1.0, -1.7375862219223992)
20.09999999999966 (-12.346382665596275, 1.0, -1.7343312309585106)
20.11999999999966 (-12.289733209398609, 1.0, -1.7317661174347414)
20.13999999999966 (-12.250157547264987, 1.0, -1.729192545067048)
20.15999999999966 (-12.229438535707407, 1.0, -1.7257045064004117)
20.17999999999966 (-12.226094547278345, 1.0, -1.7193209591550076)
20.19999999999966 (-12.23073108505688, 1.0, -1.7061500165870038)
20.219999999999658 (-12.233146752556149, 1.0, -1.6854624315695665)
20.239999999999657 (-12.22820344900106, 1.0, -1.6579061690067263)
20.259999999999657 (-12.215504757753177, 1.0, -1.626014437603133)
20.279999999999657 (-12.199229699590486, 1.0, -1.5925606380423953)
20.299999999999656 (-12.184346234190484, 1.0, -1.559497468277322)
20.319999999999656 (-12.17499672501312, 1.0, -1.5285006512957342)
20.339999999999655 (-12.17411130031544, 1.0, -1.5009644538635718)
20.359999999999655 (-12.18356525232041, 1.0, -1.4778427598170778)
20.379999999999654 (-12.204314247603252, 1.0, -1.4597585337500416)
20.399999999999654 (-12.236368099713282, 1.0, -1.447319159378054)
20.419999999999654 (-12.279125292787143, 1.0, -1.4410856379033001)
20.439999999999653 (-12.331551868077993, 1.0, -1.4411961039693293)
20.459999999999653 (-12.392983734759285, 1.0, -1.447767230458958)
20.479999999999652 (-12.462244028921766, 1.0, -1.4603543668435794)
20.499999999999652 (-12.539456037742328, 1.0, -1.4770562893134511)
20.51999999999965 (-12.623330713864279, 1.0, -1.4957574926636503)
20.53999999999965 (-12.71095788928467, 1.0, -1.5147296399499313)
20.55999999999965 (-12.799465380059983, 1.0, -1.5322727580529891)
20.57999999999965 (-12.886358116053815, 1.0, -1.546818321240445)
20.59999999999965 (-12.969203937394635, 1.0, -1.5568328876358914)
20.61999999999965 (-13.038545324911652, 1.0, -1.5567224331511882)
20.63999999999965 (-13.086341147508385, 1.0, -1.5424214940869352)
20.65999999999965 (-13.111423049968728, 1.0, -1.5111042907464758)
20.679999999999648 (-13.11476855097415, 1.0, -1.4618200384916105)
20.699999999999648 (-13.099782455617298, 1.0, -1.3969541162553023)
20.719999999999647 (-13.071367196743672, 1.0, -1.3201431651984705)
20.739999999999647 (-13.034230779986041, 1.0, -1.237349486093163)
20.759999999999646 (-12.993155915276034, 1.0, -1.1576493974437252)
20.779999999999646 (-12.953156559872673, 1.0, -1.089313814051764)
20.799999999999645 (-12.915842832210824, 1.0, -1.036652587516712)
20.819999999999645 (-12.879854390863146, 1.0, -0.998979080593798)
20.839999999999645 (-12.842441926654043, 1.0, -0.972689557085202)
20.859999999999644 (-12.801814811477804, 1.0, -0.9553113204764968)
20.879999999999644 (-12.757266170826288, 1.0, -0.945246188467175)
20.899999999999643 (-12.708771447770507, 1.0, -0.9414529167288684)
20.919999999999643 (-12.65658395946807, 1.0, -0.9431444802771063)
20.939999999999642 (-12.600975849882756, 1.0, -0.9496720364206547)
20.959999999999642 (-12.542219496703623, 1.0, -0.9605176032743704)
20.97999999999964 (-12.481177536241217, 1.0, -0.974763713830892)
20.99999999999964 (-12.418055099806471, 1.0, -0.9917567464488021)
21.01999999999964 (-12.352275645826435, 1.0, -1.010951148485857)
21.03999999999964 (-12.283067815425033, 1.0, -1.031887056400505)
21.05999999999964 (-12.20981049236096, 1.0, -1.0539756616654743)
21.07999999999964 (-12.132059838231587, 1.0, -1.076383141292838)
21.09999999999964 (-12.05092958771722, 1.0, -1.0991842852399056)
21.11999999999964 (-11.971669397729464, 1.0, -1.1248248556780085)
21.139999999999638 (-11.901142176699643, 1.0, -1.155349532674142)
21.159999999999638 (-11.843885784494237, 1.0, -1.1901757796659092)
21.179999999999637 (-11.798621682969948, 1.0, -1.2228855951683164)
21.199999999999637 (-11.757980544027433, 1.0, -1.246655600279328)
21.219999999999636 (-11.715227795375498, 1.0, -1.25816290153036)
21.239999999999636 (-11.668285374174543, 1.0, -1.2568968198970256)
21.259999999999636 (-11.617168226497387, 1.0, -1.2450467518579988)
21.279999999999635 (-11.563197300717592, 1.0, -1.2257421186858486)
21.299999999999635 (-11.508561512085585, 1.0, -1.2026398684783604)
21.319999999999634 (-11.455561535587268, 1.0, -1.1792361226972408)
21.339999999999634 (-11.405628907219281, 1.0, -1.158809875858339)
21.359999999999634 (-11.35960986311144, 1.0, -1.1439852057547057)
21.379999999999633 (-11.31802746783893, 1.0, -1.136557901290685)
21.399999999999633 (-11.281162053619763, 1.0, -1.1375435394706244)
21.419999999999632 (-11.249092470049042, 1.0, -1.147249456071988)
21.439999999999632 (-11.22173990157207, 1.0, -1.165370542819722)
21.45999999999963 (-11.198902242690437, 1.0, -1.1911200890919282)
21.47999999999963 (-11.180280172307109, 1.0, -1.2233702272855846)
21.49999999999963 (-11.165503567324569, 1.0, -1.2607769556581783)
21.51999999999963 (-11.15416263137182, 1.0, -1.3018781516531452)
21.53999999999963 (-11.145841651794056, 1.0, -1.3451639190054137)
21.55999999999963 (-11.14014817381625, 1.0, -1.3891233314858393)
21.57999999999963 (-11.136729748801585, 1.0, -1.4322727131019495)
21.59999999999963 (-11.135273541530138, 1.0, -1.473170210072828)
21.619999999999628 (-11.135489278829537, 1.0, -1.510420313136369)
21.639999999999628 (-11.137081340745558, 1.0, -1.5426708809216583)
21.659999999999627 (-11.139718546647753, 1.0, -1.5686047378078056)
21.679999999999627 (-11.142651009073607, 1.0, -1.5870638256186416)
21.699999999999626 (-11.142426492311161, 1.0, -1.591034663878402)
21.719999999999626 (-11.133193595427352, 1.0, -1.5790851570022888)
21.739999999999625 (-11.115847542741777, 1.0, -1.5552150166530496)
21.759999999999625 (-11.094066478299993, 1.0, -1.5217464950460247)
21.779999999999625 (-11.071851340143121, 1.0, -1.4815482315662296)
21.799999999999624 (-11.052459309227286, 1.0, -1.4360670117270666)
21.819999999999624 (-11.035691469162314, 1.0, -1.386993754093656)
21.839999999999623 (-11.020544902580598, 1.0, -1.3355484589788218)
21.859999999999623 (-11.00627240307212, 1.0, -1.2825125397188772)
21.879999999999622 (-10.99250137679583, 1.0, -1.2284210388190695)
21.899999999999622 (-10.979050428793737, 1.0, -1.17353215314378)
21.91999999999962 (-10.965836454941124, 1.0, -1.117787866626561)
21.93999999999962 (-10.952814831228924, 1.0, -1.0608475425828094)
21.95999999999962 (-10.939871211807517, 1.0, -1.0022062506612917)
21.97999999999962 (-10.926766906030766, 1.0, -0.9413390375917432)
21.99999999999962 (-10.91319272628317, 1.0, -0.8777940697185149)
22.01999999999962 (-10.898879213967897, 1.0, -0.8112666481635747)
22.03999999999962 (-10.883615598532021, 1.0, -0.7416166112263316)
22.05999999999962 (-10.867271542993121, 1.0, -0.6689271406401791)
22.079999999999618 (-10.850173892339408, 1.0, -0.5959134854979681)
22.099999999999618 (-10.83506289085063, 1.0, -0.5299232167373603)
22.119999999999617 (-10.825939946466917, 1.0, -0.4766279760220982)
22.139999999999617 (-10.825241562834433, 1.0, -0.43870774090408693)
22.159999999999616 (-10.834288537555818, 1.0, -0.41743114084780986)
22.179999999999616 (-10.85412731176698, 1.0, -0.4110423019468769)
22.199999999999616 (-10.88409678113803, 1.0, -0.41002863797264916)
22.219999999999615 (-10.92050593255323, 1.0, -0.4049388633523479)
22.239999999999615 (-10.959949668733731, 1.0, -0.3911298010204613)
22.259999999999614 (-10.999831272703899, 1.0, -0.368860568626625)
22.279999999999614 (-11.039492499895438, 1.0, -0.34268949139902266)
22.299999999999613 (-11.079602008696805, 1.0, -0.318080859454972)
22.319999999999613 (-11.120820873892576, 1.0, -0.299584991708532)
22.339999999999613 (-11.163348593603352, 1.0, -0.29042516054222084)
22.359999999999612 (-11.206969531943713, 1.0, -0.2925283184839889)
22.37999999999961 (-11.25119400435425, 1.0, -0.3068692640556407)
22.39999999999961 (-11.295581347690284, 1.0, -0.3338138439582628)
22.41999999999961 (-11.339841822559531, 1.0, -0.373238635971147)
22.43999999999961 (-11.383813539501977, 1.0, -0.4244262734506033)
22.45999999999961 (-11.427328210880251, 1.0, -0.48660187438579083)
22.47999999999961 (-11.470326541640345, 1.0, -0.5585575265831003)
22.49999999999961 (-11.51275524414785, 1.0, -0.6386679076475682)
22.51999999999961 (-11.554608337091159, 1.0, -0.7251002625420554)
22.53999999999961 (-11.595912202649235, 1.0, -0.8158118907447827)
22.559999999999608 (-11.63707436735075, 1.0, -0.9069129882149801)
22.579999999999607 (-11.678285161606754, 1.0, -0.9928774817828087)
22.599999999999607 (-11.721315947949542, 1.0, -1.0660910625604723)
22.619999999999607 (-11.76514320531589, 1.0, -1.1203119859802708)
22.639999999999606 (-11.810500116995788, 1.0, -1.1518957220222765)
22.659999999999606 (-11.859222838967538, 1.0, -1.1563516349484146)
22.679999999999605 (-11.91149540425402, 1.0, -1.1363756808264627)
22.699999999999605 (-11.967502914729563, 1.0, -1.0984520111384486)
22.719999999999605 (-12.026579471778653, 1.0, -1.047443278927187)
22.739999999999604 (-12.086043784179038, 1.0, -0.986928449692762)
22.759999999999604 (-12.141147121099293, 1.0, -0.9218884148057506)
22.779999999999603 (-12.185857001232257, 1.0, -0.8585200077367968)
22.799999999999603 (-12.21645051710128, 1.0, -0.802677425667947)
22.819999999999602 (-12.232566963419817, 1.0, -0.7548005128700067)
22.839999999999602 (-12.235901083607999, 1.0, -0.7117570353612531)
22.8599999999996 (-12.228623673387032, 1.0, -0.670465563707677)
22.8799999999996 (-12.212390768013456, 1.0, -0.6290557102818479)
22.8999999999996 (-12.188039697002413, 1.0, -0.586934359126481)
22.9199999999996 (-12.156376286436329, 1.0, -0.544497268681303)
22.9399999999996 (-12.118169147299747, 1.0, -0.5022973446495663)
22.9599999999996 (-12.073902894900396, 1.0, -0.46067656942026036)
22.9799999999996 (-12.023820228267482, 1.0, -0.419452922397284)
22.9999999999996 (-11.96787320826142, 1.0, -0.37859075663851605)
23.019999999999598 (-11.906083558002333, 1.0, -0.3372665581516284)
23.039999999999598 (-11.838321400825963, 1.0, -0.2943111973618619)
23.059999999999597 (-11.76459891506748, 1.0, -0.24859008874920718)
23.079999999999597 (-11.685208945594997, 1.0, -0.19948160823216937)
23.099999999999596 (-11.60176090829008, 1.0, -0.14833111141803812)
23.119999999999596 (-11.515991534191569, 1.0, -0.09936706495025449)
23.139999999999596 (-11.429974136765047, 1.0, -0.058261825205705636)
23.159999999999595 (-11.347826066341899, 1.0, -0.02832791937450741)
23.179999999999595 (-11.274306171962024, 1.0, -0.005581261457193202)
23.199999999999594 (-11.21125755403981, 1.0, 0.019364363924462495)
23.219999999999594 (-11.158000352226153, 1.0, 0.053119297815395566)
23.239999999999593 (-11.113858505242053, 1.0, 0.09726753116479384)
23.259999999999593 (-11.076546749081409, 1.0, 0.15033796816764786)
23.279999999999593 (-11.04470635016144, 1.0, 0.20953160730108442)
23.299999999999592 (-11.018294634638258, 1.0, 0.2729220284576276)
23.31999999999959 (-10.996279792113327, 1.0, 0.3392886274333759)
23.33999999999959 (-10.976461230809745, 1.0, 0.40552503552318825)
23.35999999999959 (-10.956905552468253, 1.0, 0.46873754984556254)
23.37999999999959 (-10.93557922759511, 1.0, 0.5269609710831143)
23.39999999999959 (-10.91097782960869, 1.0, 0.5790368642699848)
23.41999999999959 (-10.882187204497939, 1.0, 0.62432423965853)
23.43999999999959 (-10.848812493351002, 1.0, 0.6625806907423473)
23.45999999999959 (-10.81090556494958, 1.0, 0.6941645979633168)
23.47999999999959 (-10.766937338218717, 1.0, 0.715312643734713)
23.499999999999588 (-10.716693738706812, 1.0, 0.7249429658877238)
23.519999999999587 (-10.663741412497528, 1.0, 0.7338456980620471)
23.539999999999587 (-10.611733436501437, 1.0, 0.7469901877236809)
23.559999999999587 (-10.560145461968318, 1.0, 0.7596319312202748)
23.579999999999586 (-10.50812328167666, 1.0, 0.7634363855657166)
23.599999999999586 (-10.457672919033882, 1.0, 0.7612126832879597)
23.619999999999585 (-10.410269222019517, 1.0, 0.7554499552559314)
23.639999999999585 (-10.367804126220433, 1.0, 0.7481298123204162)
23.659999999999584 (-10.332228783177458, 1.0, 0.7410748492807506)
23.679999999999584 (-10.304682839823082, 1.0, 0.7363676379131694)
23.699999999999584 (-10.283913200817599, 1.0, 0.735226227694287)
23.719999999999583 (-10.270574858185505, 1.0, 0.739733016529912)
23.739999999999583 (-10.264123104302444, 1.0, 0.7530620841730903)
23.759999999999582 (-10.2668478063936, 1.0, 0.7737671086661634)
23.779999999999582 (-10.283738944416207, 1.0, 0.8000976137369721)
23.79999999999958 (-10.31404630483549, 1.0, 0.8303411369989478)
23.81999999999958 (-10.354822991396997, 1.0, 0.8612989789012856)
23.83999999999958 (-10.403002053629145, 1.0, 0.8918275829780271)
23.85999999999958 (-10.45608487057827, 1.0, 0.921960368755984)
23.87999999999958 (-10.51223876146879, 1.0, 0.9518356884156112)
23.89999999999958 (-10.57022310281456, 1.0, 0.9814884355220345)
23.91999999999958 (-10.62931166038399, 1.0, 1.0110679213937592)
23.93999999999958 (-10.689165231611764, 1.0, 1.040838748815127)
23.959999999999578 (-10.749919517193709, 1.0, 1.0712095178703218)
23.979999999999578 (-10.811804754300018, 1.0, 1.1025935200043535)
23.999999999999577 (-10.875101795144735, 1.0, 1.1353701205200204)
24.019999999999577 (-10.940001771998034, 1.0, 1.169865195871473)
24.039999999999576 (-11.006519935145889, 1.0, 1.2064522089987335)
24.059999999999576 (-11.073477418492965, 1.0, 1.244621138555761)
24.079999999999576 (-11.136191956158305, 1.0, 1.2795807006073963)
24.099999999999575 (-11.191631452158026, 1.0, 1.3056695844549244)
24.119999999999575 (-11.238423442906281, 1.0, 1.3195910218567246)
24.139999999999574 (-11.27648722811977, 1.0, 1.3185794843035905)
24.159999999999574 (-11.30650223471362, 1.0, 1.3005088681120245)
24.179999999999573 (-11.33202014537901, 1.0, 1.2664290070210371)
24.199999999999573 (-11.359831965348228, 1.0, 1.2228866883905125)
24.219999999999573 (-11.394461967582327, 1.0, 1.1775149649059566)
24.239999999999572 (-11.437431554734733, 1.0, 1.1351351706969075)
24.25999999999957 (-11.486199013363368, 1.0, 1.0970162233531815)
24.27999999999957 (-11.536086997622773, 1.0, 1.0598573215251952)
24.29999999999957 (-11.58350842943719, 1.0, 1.0198858175234515)
24.31999999999957 (-11.625475706375902, 1.0, 0.9745379074516349)
24.33999999999957 (-11.659835434837671, 1.0, 0.9225429783290646)
24.35999999999957 (-11.685293855658195, 1.0, 0.8633810939183866)
24.37999999999957 (-11.701219192222224, 1.0, 0.7968637145238833)
24.39999999999957 (-11.70756558203504, 1.0, 0.7231527010354901)
24.41999999999957 (-11.704794309067113, 1.0, 0.6427430504829255)
24.439999999999568 (-11.69475019320939, 1.0, 0.5583118636014192)
24.459999999999567 (-11.678034850893662, 1.0, 0.47227863952115706)
24.479999999999567 (-11.653489371520621, 1.0, 0.38363377315390484)
24.499999999999567 (-11.61973113274712, 1.0, 0.29057233927904036)
24.519999999999566 (-11.579241691116, 1.0, 0.1938470993692679)
24.539999999999566 (-11.535749362255231, 1.0, 0.09482809159138988)
24.559999999999565 (-11.489207901812739, 1.0, -0.006743934556016622)
24.579999999999565 (-11.447548610376314, 1.0, -0.10613897965790936)
24.599999999999564 (-11.421873611506433, 1.0, -0.1948178606158971)
24.619999999999564 (-11.418324012630665, 1.0, -0.26764139920359076)
24.639999999999564 (-11.433108409290709, 1.0, -0.3246369507950944)
24.659999999999563 (-11.460289856976583, 1.0, -0.37082546843429326)
24.679999999999563 (-11.5005050261116, 1.0, -0.40949247842400405)
24.699999999999562 (-11.552711224139777, 1.0, -0.44203258669212625)
24.719999999999562 (-11.615392262081915, 1.0, -0.46898071514191975)
24.73999999999956 (-11.687515915436673, 1.0, -0.4896336732415676)
24.75999999999956 (-11.766866790816975, 1.0, -0.5024229634078752)
24.77999999999956 (-11.84623831483809, 1.0, -0.5055401925085444)
24.79999999999956 (-11.916242239575096, 1.0, -0.49911386121139034)
24.81999999999956 (-11.970870366922604, 1.0, -0.48356109963917504)
24.83999999999956 (-12.010263271602756, 1.0, -0.4593449162000174)
24.85999999999956 (-12.038400924578745, 1.0, -0.4272572065246241)
24.87999999999956 (-12.058417424641945, 1.0, -0.3876758672334307)
24.899999999999558 (-12.07203211324725, 1.0, -0.34116164668854043)
24.919999999999558 (-12.079842371280911, 1.0, -0.2883711751822371)
24.939999999999557 (-12.081801733619779, 1.0, -0.22970767422515065)
24.959999999999557 (-12.077744419088111, 1.0, -0.16525314349806036)
24.979999999999556 (-12.067729180157531, 1.0, -0.09479056389665126)
24.999999999999556 (-12.052278701412883, 1.0, -0.017685131430283677)
25.019999999999555 (-12.032381646852627, 1.0, 0.06730918438856678)
25.039999999999555 (-12.00890233443343, 1.0, 0.1627353448274646)
25.059999999999555 (-11.982943347233252, 1.0, 0.26831347269020667)
25.079999999999554 (-11.954967518408228, 1.0, 0.3821537362968448)
25.099999999999554 (-11.924825206632384, 1.0, 0.5015309341526554)
25.119999999999553 (-11.892068024764395, 1.0, 0.6220008204379062)
25.139999999999553 (-11.854901418074336, 1.0, 0.738315663964644)
25.159999999999553 (-11.815000841616696, 1.0, 0.8448506775710107)
25.179999999999552 (-11.777950789308932, 1.0, 0.9408076399131101)
25.19999999999955 (-11.751007474928922, 1.0, 1.030081037722126)
25.21999999999955 (-11.73776366494419, 1.0, 1.1163265968993923)
25.23999999999955 (-11.738661487798598, 1.0, 1.2009667714575063)
25.25999999999955 (-11.750943447533016, 1.0, 1.285191683425789)
25.27999999999955 (-11.771576991481849, 1.0, 1.3691693260023208)
25.29999999999955 (-11.798228896687924, 1.0, 1.4519929860789367)
25.31999999999955 (-11.829564906608915, 1.0, 1.532704765457697)
25.33999999999955 (-11.864836147766853, 1.0, 1.61074694389065)
25.35999999999955 (-11.903737244690541, 1.0, 1.685836691174273)
25.379999999999548 (-11.945712955757125, 1.0, 1.7585952957258029)
25.399999999999547 (-11.988196545092167, 1.0, 1.830092219077642)
25.419999999999547 (-12.028143558681426, 1.0, 1.9006365264441039)
25.439999999999547 (-12.062261909623512, 1.0, 1.9701381529951196)
25.459999999999546 (-12.081230449513825, 1.0, 2.0355403142160786)
25.479999999999546 (-12.079586623220914, 1.0, 2.0938166553454334)
25.499999999999545 (-12.069772121562549, 1.0, 2.1499512588561793)
25.519999999999545 (-12.056729082201032, 1.0, 2.2066095434494555)
25.539999999999544 (-12.042425708002288, 1.0, 2.2641127407201944)
25.559999999999544 (-12.030151083421021, 1.0, 2.3197919528168174)
25.579999999999544 (-12.021364782621522, 1.0, 2.372463302727834)
25.599999999999543 (-12.00900191269715, 1.0, 2.4202721340695788)
25.619999999999543 (-11.996424498186094, 1.0, 2.462889637721562)
25.639999999999542 (-11.986456067977068, 1.0, 2.501025914881994)
25.659999999999542 (-11.979580772679956, 1.0, 2.5356043236828234)
25.67999999999954 (-11.972080547412066, 1.0, 2.5684258513122793)
25.69999999999954 (-11.958152886559946, 1.0, 2.6009267766966686)
25.71999999999954 (-11.934177912020617, 1.0, 2.6325737818101183)
25.73999999999954 (-11.909363726550087, 1.0, 2.659387221215113)
25.75999999999954 (-11.894563776110811, 1.0, 2.679070723959186)
25.77999999999954 (-11.89458670237794, 1.0, 2.6892470414757756)
25.79999999999954 (-11.90920698464961, 1.0, 2.6893468282676496)
25.81999999999954 (-11.935551710266168, 1.0, 2.679788052048044)
25.839999999999538 (-11.96964254932728, 1.0, 2.661077204887704)
25.859999999999538 (-12.008165714480366, 1.0, 2.6340123526768555)
25.879999999999537 (-12.049091239549043, 1.0, 2.5997214953190704)
25.899999999999537 (-12.092051472230848, 1.0, 2.5595781692044883)
25.919999999999536 (-12.137910228952451, 1.0, 2.5152072362661353)
25.939999999999536 (-12.187142584888411, 1.0, 2.4676744257689687)
25.959999999999535 (-12.240144108859251, 1.0, 2.4176628333075336)
25.979999999999535 (-12.297297981451948, 1.0, 2.3657735263099458)
25.999999999999535 (-12.358926851926144, 1.0, 2.312543008268422)
26.019999999999534 (-12.425223232335734, 1.0, 2.258494254476982)
26.039999999999534 (-12.496157991948673, 1.0, 2.2042207207568283)
26.059999999999533 (-12.567449186841142, 1.0, 2.1509523925652085)
26.079999999999533 (-12.631816685292392, 1.0, 2.0969612308445793)
26.099999999999532 (-12.684059496258865, 1.0, 2.0392091764903437)
26.119999999999532 (-12.720703896150777, 1.0, 1.9779689045353024)
26.13999999999953 (-12.739583641310597, 1.0, 1.914165550523498)
26.15999999999953 (-12.740233702006375, 1.0, 1.846379425146562)
26.17999999999953 (-12.72803126637897, 1.0, 1.7734845285561207)
26.19999999999953 (-12.71033546643487, 1.0, 1.6964675255579877)
26.21999999999953 (-12.694403351154122, 1.0, 1.6162662998827446)
26.23999999999953 (-12.684410090350656, 1.0, 1.5348226610906535)
26.25999999999953 (-12.678699600980405, 1.0, 1.4539720147541024)
26.27999999999953 (-12.672073767070852, 1.0, 1.3742428201187173)
26.299999999999528 (-12.660054436636573, 1.0, 1.2955755981216006)
26.319999999999528 (-12.63948425566204, 1.0, 1.2182524418874454)
26.339999999999527 (-12.608528108773443, 1.0, 1.142494297946383)
26.359999999999527 (-12.566709693096916, 1.0, 1.068372170896594)
26.379999999999526 (-12.517084545979555, 1.0, 0.9970140738844023)
26.399999999999526 (-12.46049166596652, 1.0, 0.9304496632813586)
26.419999999999526 (-12.394077266758439, 1.0, 0.8693875234098336)
26.439999999999525 (-12.315238692825888, 1.0, 0.8140488401657405)
26.459999999999525 (-12.222706044881605, 1.0, 0.7645920394401341)
26.479999999999524 (-12.114496204582933, 1.0, 0.719824888721481)
26.499999999999524 (-11.998919502124409, 1.0, 0.6754864638600501)
26.519999999999524 (-11.89466501197377, 1.0, 0.6354185782468812)
26.539999999999523 (-11.819838652810777, 1.0, 0.6045209274807695)
26.559999999999523 (-11.743148583743526, 1.0, 0.5864017722433713)
26.579999999999522 (-11.674432331057096, 1.0, 0.5778677513516544)
26.599999999999522 (-11.622439703265801, 1.0, 0.5656253182435816)
26.61999999999952 (-11.585122411213254, 1.0, 0.544849425217753)
26.63999999999952 (-11.558993922236665, 1.0, 0.5126837261252977)
26.65999999999952 (-11.548369918891673, 1.0, 0.4698063767661178)
26.67999999999952 (-11.553937258268233, 1.0, 0.4172984874864228)
26.69999999999952 (-11.573512363962388, 1.0, 0.35593492767348683)
26.71999999999952 (-11.605431793824717, 1.0, 0.28708722298070904)
26.73999999999952 (-11.648375489840978, 1.0, 0.21223215254391198)
26.75999999999952 (-11.700934607017174, 1.0, 0.1325764754787336)
26.779999999999518 (-11.759524456787204, 1.0, 0.054464704691517554)
26.799999999999518 (-11.817904986170868, 1.0, -0.011850398237860573)
26.819999999999517 (-11.871836144260941, 1.0, -0.060703514053082684)
26.839999999999517 (-11.91995147720813, 1.0, -0.09170217793178743)
26.859999999999516 (-11.962964192797967, 1.0, -0.10719934264631001)
26.879999999999516 (-12.002316688905934, 1.0, -0.10935872051409563)
26.899999999999515 (-12.03964771853029, 1.0, -0.09963884602267513)
26.919999999999515 (-12.076030247480894, 1.0, -0.07876914092947358)
26.939999999999515 (-12.111897730865875, 1.0, -0.047000600392042)
26.959999999999514 (-12.147613443805064, 1.0, -0.004190812993385416)
26.979999999999514 (-12.183784877810131, 1.0, 0.05003254066172043)
26.999999999999513 (-12.221313500108645, 1.0, 0.11609330924255776)
27.019999999999513 (-12.26194016914552, 1.0, 0.1948020269537084)
27.039999999999512 (-12.308301878781277, 1.0, 0.2884792326739553)
27.059999999999512 (-12.360558434689366, 1.0, 0.39629019253066555)
27.07999999999951 (-12.417677466925184, 1.0, 0.516545900951293)
27.09999999999951 (-12.476800706717112, 1.0, 0.6478772391571596)
27.11999999999951 (-12.532956097779023, 1.0, 0.785801424745998)
27.13999999999951 (-12.582088550070377, 1.0, 0.9261112450731112)
27.15999999999951 (-12.621638182094257, 1.0, 1.063774133639469)
27.17999999999951 (-12.654842477761441, 1.0, 1.1915911097739507)
27.19999999999951 (-12.690367733039357, 1.0, 1.3056969781066112)
27.21999999999951 (-12.733096877229237, 1.0, 1.4058042534781425)
27.239999999999508 (-12.784373205544822, 1.0, 1.4926636598419039)
27.259999999999508 (-12.84347872169395, 1.0, 1.5690505108596393)
27.279999999999507 (-12.908838625148523, 1.0, 1.6377661372311536)
27.299999999999507 (-12.978664993954727, 1.0, 1.700793336440613)
27.319999999999506 (-13.051177912800101, 1.0, 1.7595141357358142)
27.339999999999506 (-13.124754279462312, 1.0, 1.8148298269129837)
27.359999999999506 (-13.197921143380993, 1.0, 1.8672382164243049)
27.379999999999505 (-13.269418701604671, 1.0, 1.9168690125983638)
27.399999999999505 (-13.33826701140479, 1.0, 1.9635904977354008)
27.419999999999504 (-13.40384290212708, 1.0, 2.0071632800273593)
27.439999999999504 (-13.465748072197485, 1.0, 2.047350051181206)
27.459999999999503 (-13.524000097108521, 1.0, 2.083894448793576)
27.479999999999503 (-13.578904840528933, 1.0, 2.116730035277409)
27.499999999999503 (-13.631202753569577, 1.0, 2.1473669180953)
27.519999999999502 (-13.679830766981588, 1.0, 2.1771181781296947)
27.5399999999995 (-13.720650470179287, 1.0, 2.2101792681167063)
27.5599999999995 (-13.755143135963586, 1.0, 2.2439327363803105)
27.5799999999995 (-13.790673132107463, 1.0, 2.2734491500567136)
27.5999999999995 (-13.828958061480725, 1.0, 2.298237268949172)
27.6199999999995 (-13.863028511393393, 1.0, 2.321615961467034)
27.6399999999995 (-13.893744626572447, 1.0, 2.3421698325695197)
27.6599999999995 (-13.920766578145178, 1.0, 2.3632728402990315)
27.6799999999995 (-13.940859607373628, 1.0, 2.3897096117897196)
27.6999999999995 (-13.950537301292426, 1.0, 2.4245174497863102)
27.719999999999498 (-13.94745204636001, 1.0, 2.4678226756316044)
27.739999999999498 (-13.934577321425419, 1.0, 2.512628629300886)
27.759999999999497 (-13.920570871181408, 1.0, 2.5486742149880763)
27.779999999999497 (-13.910908188654389, 1.0, 2.5702484357178244)
27.799999999999496 (-13.906588475616866, 1.0, 2.574110747896172)
27.819999999999496 (-13.906737368406782, 1.0, 2.5611138176140447)
27.839999999999495 (-13.908679381165522, 1.0, 2.533501310914472)
27.859999999999495 (-13.90946677687785, 1.0, 2.494080249112376)
27.879999999999495 (-13.907578897101594, 1.0, 2.445300359161798)
27.899999999999494 (-13.903076373263039, 1.0, 2.3889304865109198)
27.919999999999494 (-13.897003035617379, 1.0, 2.325897360010697)
27.939999999999493 (-13.890928312310558, 1.0, 2.2564166634569163)
27.959999999999493 (-13.886871432436324, 1.0, 2.180511365607993)
27.979999999999492 (-13.885911520384154, 1.0, 2.0984808231234062)
27.999999999999492 (-13.888485952724634, 1.0, 2.0107898342048074)
28.01999999999949 (-13.895034735635214, 1.0, 1.9181205247679132)
28.03999999999949 (-13.90465428907024, 1.0, 1.8230655893120875)
28.05999999999949 (-13.912822229725071, 1.0, 1.7301934174285611)
28.07999999999949 (-13.913504827936755, 1.0, 1.6408308775043834)
28.09999999999949 (-13.902151696634508, 1.0, 1.5555139394651423)
28.11999999999949 (-13.876914869050687, 1.0, 1.4770240376644397)
28.13999999999949 (-13.836811925701907, 1.0, 1.407335102881963)
28.15999999999949 (-13.782688365998624, 1.0, 1.344463276335164)
28.179999999999488 (-13.71878226135954, 1.0, 1.2853252762523337)
28.199999999999488 (-13.650656222655538, 1.0, 1.226292598548285)
28.219999999999487 (-13.584026941223895, 1.0, 1.1643217290399117)
28.239999999999487 (-13.521903504077779, 1.0, 1.0998798215610877)
28.259999999999486 (-13.462341592737372, 1.0, 1.0358594332852298)
28.279999999999486 (-13.40125630440976, 1.0, 0.9751191553264984)
28.299999999999486 (-13.33518998625545, 1.0, 0.9196466017270927)
28.319999999999485 (-13.262252139298123, 1.0, 0.870651218932023)
28.339999999999485 (-13.182470768227342, 1.0, 0.8282945057018449)
28.359999999999484 (-13.098770193628615, 1.0, 0.7923377915711464)
28.379999999999484 (-13.011453164321162, 1.0, 0.7642918182041241)
28.399999999999483 (-12.919069092764067, 1.0, 0.746197932051304)
28.419999999999483 (-12.820183906129134, 1.0, 0.73993333903429)
28.439999999999483 (-12.713948427104151, 1.0, 0.7465952991901554)
28.459999999999482 (-12.600334198940418, 1.0, 0.7664507737250796)
28.47999999999948 (-12.553376896436006, 1.0001189300579054, 0.7541358214277885)
28.49999999999948 (-12.496263125058064, 1.0001540501574173, 0.7569993646317588)
28.51999999999948 (-12.436355509719307, 1.0001459729609914, 0.78058363060259)
28.53999999999948 (-12.370051183958449, 1.0001200934336025, 0.8273003706439163)
28.55999999999948 (-12.303151774932983, 1.0000920402742826, 0.8819760922403344)
28.57999999999948 (-12.241941172398105, 1.000066001440656, 0.9274560781176562)
28.59999999999948 (-12.190017233692892, 1.000038930905608, 0.956115723606302)
28.61999999999948 (-12.150751155761318, 1.0000169702694544, 0.9654075711876705)
28.63999999999948 (-12.123125832989864, 1.0000025460231932, 0.9568190888753291)
28.659999999999478 (-12.101515025334155, 0.9999961316780442, 0.9328552979165843)
28.679999999999477 (-12.084983965620863, 0.9999966031160097, 0.8942864779768962)
28.699999999999477 (-12.073906358210673, 1.0000020590679661, 0.8417809712946076)
28.719999999999477 (-12.06663280246024, 1.000010840441787, 0.7777823503073653)
28.739999999999476 (-12.060662566857442, 1.000022083830232, 0.7042389026100413)
28.759999999999476 (-12.055774895820855, 1.0000353257213142, 0.6203213311353448)
28.779999999999475 (-12.054337985794858, 1.0000495380139829, 0.5281731665059786)
28.799999999999475 (-12.059898680642352, 1.0000629466505162, 0.4383875732382417)
28.819999999999474 (-12.07157622078589, 1.0000746284292823, 0.3600646862788288)
28.839999999999474 (-12.087313385690525, 1.000084542876323, 0.29566955336164347)
28.859999999999474 (-12.106590730120208, 1.0000927189765505, 0.24467330275231663)
28.879999999999473 (-12.129702029201537, 1.0000990998646753, 0.2064592727488387)
28.899999999999473 (-12.157212494380056, 1.0001036238447127, 0.1808068749523764)
28.919999999999472 (-12.189668449495288, 1.000106269653681, 0.16748345436964954)
28.939999999999472 (-12.227980770248063, 1.000107035744794, 0.16582898974716073)
28.95999999999947 (-12.273205694138134, 1.0001059181033483, 0.1751846886152651)
28.97999999999947 (-12.326101908702494, 1.0001029316212118, 0.19506108527321844)
28.99999999999947 (-12.387907175230723, 1.000098104622789, 0.22490343278808433)
29.01999999999947 (-12.46120314678574, 1.0000915513112345, 0.26458769153476336)
29.03999999999947 (-12.549360224428105, 1.0000835312525411, 0.3145463470476506)
29.05999999999947 (-12.651083019992527, 1.000073995276342, 0.3738827538358996)
29.07999999999947 (-12.764745024314193, 1.0000628842463237, 0.4420014298855047)
29.09999999999947 (-12.887638400031404, 1.0000503795335953, 0.5194497040301413)
29.119999999999468 (-13.011779003240767, 1.0000367327390773, 0.6075133324408151)
29.139999999999468 (-13.128791689555324, 1.0000223935355952, 0.7058484225478067)
29.159999999999467 (-13.234888259960941, 1.0000079903352133, 0.8107044664574201)
29.179999999999467 (-13.329972068647482, 0.9999944757687654, 0.9124152123412844)
29.199999999999466 (-13.418978566400869, 0.9999826691832091, 1.0015668529278365)
29.219999999999466 (-13.505755603256233, 0.9999731982265866, 1.0742671569837978)
29.239999999999466 (-13.592020181497325, 0.9999662234822793, 1.1304630453571298)
29.259999999999465 (-13.678829274366379, 0.9999614529825649, 1.172857120046694)
29.279999999999465 (-13.766458197864893, 0.9999583927838318, 1.2047853843015859)
29.299999999999464 (-13.854517736020247, 0.9999565019719009, 1.2290737211468985)
29.319999999999464 (-13.942326485879786, 0.9999552720219992, 1.248032588466074)
29.339999999999463 (-14.029042391466998, 0.9999543298878517, 1.2635053049324627)
29.359999999999463 (-14.113734664639335, 0.9999534979367578, 1.2768647916456954)
29.379999999999463 (-14.195468764773576, 0.9999527946506261, 1.2890507341432211)
29.399999999999462 (-14.273409536044866, 0.9999523942087295, 1.3006393792557545)
29.41999999999946 (-14.346886577276738, 0.999952580586165, 1.3119031177687879)
29.43999999999946 (-14.415500962640687, 0.9999536817927615, 1.3228424704832384)
29.45999999999946 (-14.479086808271301, 0.9999560233311485, 1.3333310512835705)
29.47999999999946 (-14.537721719902752, 0.9999598948996344, 1.3431334822478718)
29.49999999999946 (-14.591645445892878, 0.9999655307930357, 1.351944110168736)
29.51999999999946 (-14.641156780840367, 0.9999731049313053, 1.3594034752134105)
29.53999999999946 (-14.68679422629434, 0.9999827573789356, 1.3652680829525277)
29.55999999999946 (-14.729383916880069, 0.9999946266196615, 1.3696793399526483)
29.57999999999946 (-14.768770383061081, 1.0000088196649346, 1.3731164916092609)
29.599999999999458 (-14.804563917563854, 1.0000253698540682, 1.375503955965108)
29.619999999999457 (-14.836725786654625, 1.0000442837491497, 1.3764611580467867)
29.639999999999457 (-14.8654036629048, 1.0000655038887785, 1.3753630092039397)
29.659999999999457 (-14.89118699608849, 1.0000883081940597, 1.3736971499432864)
29.679999999999456 (-14.913998572274481, 1.0001112794318623, 1.3766448021942057)
29.699999999999456 (-14.932926769515156, 1.0001329042253764, 1.3900740218457233)
29.719999999999455 (-14.94624943785046, 1.0001522495243882, 1.4169900908843918)
29.739999999999455 (-14.952444077637855, 1.0001689119250032, 1.4552294410126887)
29.759999999999454 (-14.952090077757159, 1.0001821727190872, 1.4912948612905215)
29.779999999999454 (-14.948057090517398, 1.0001915798434107, 1.515320293515523)
29.799999999999454 (-14.940232130290601, 1.0001970719040543, 1.5230124063603263)
29.819999999999453 (-14.928270289843772, 1.0001987835783253, 1.5138081090155173)
29.839999999999453 (-14.912018278656884, 1.0001969726015183, 1.4900421950512015)
29.859999999999452 (-14.890632463803309, 1.0001919422889192, 1.4554411312320272)
29.879999999999452 (-14.86363687230774, 1.0001839479046226, 1.4133532904917347)
29.89999999999945 (-14.831301800823992, 1.0001732132299743, 1.365956936800389)
29.91999999999945 (-14.794512642410133, 1.0001599666826235, 1.3142819588865322)
29.93999999999945 (-14.75441198800157, 1.0001444255682084, 1.2581600495819913)
29.95999999999945 (-14.712512684173289, 1.0001267836069396, 1.1966632327276556)
29.97999999999945 (-14.670364283204801, 1.0001072471845462, 1.128962184575968)
29.99999999999945 (-14.628630650875039, 1.0000860753532153, 1.055034022598965)
