0.0 (-3.75, 1.0, 0.0)
0.02 (-3.7497170673789353, 1.0, -0.022534184713409983)
0.04 (-3.7526108093985138, 1.0, -0.08837112847760112)
0.06 (-3.771704054468207, 1.0, -0.1902589481374748)
0.08 (-3.8163278599478785, 1.0, -0.30431038070893646)
0.1 (-3.8884978544010522, 1.0, -0.40656051784528835)
0.12000000000000001 (-3.975982242969253, 1.0, -0.49349299868064167)
0.14 (-4.05650762318155, 1.0, -0.5667661164969255)
0.16 (-4.11563124908165, 1.0, -0.625289061285798)
0.18 (-4.155310483378793, 1.0, -0.66315686262603)
0.19999999999999998 (-4.18824935979115, 1.0, -0.670885686604083)
0.21999999999999997 (-4.233929193313276, 1.0, -0.6451983815331298)
0.23999999999999996 (-4.326254304188513, 1.0, -0.5962003494387957)
0.25999999999999995 (-4.477815768703276, 1.0, -0.5360228163792093)
0.27999999999999997 (-4.667367879093208, 1.0, -0.4698517473996153)
0.3 (-4.870908145710644, 1.0, -0.40011113021108147)
0.32 (-5.075480368120079, 1.0, -0.32741606294561865)
0.34 (-5.280450487987011, 1.0, -0.2528227878056491)
0.36000000000000004 (-5.489405606482358, 1.0, -0.18056879214840113)
0.38000000000000006 (-5.702275540871903, 1.0, -0.11404527773925463)
0.4000000000000001 (-5.916497519321622, 1.0, -0.05420590848289632)
0.4200000000000001 (-6.130020362007148, 1.0, -0.0010324525249019618)
0.4400000000000001 (-6.3415639141997575, 1.0, 0.04545973325064439)
0.46000000000000013 (-6.549550076231628, 1.0, 0.0855081306876696)
0.48000000000000015 (-6.752229675628788, 1.0, 0.12017038299296785)
0.5000000000000001 (-6.948169045297805, 1.0, 0.15071105218564362)
0.5200000000000001 (-7.136149086109419, 1.0, 0.1784316183422366)
0.5400000000000001 (-7.314889766774109, 1.0, 0.20458002798160418)
0.5600000000000002 (-7.482937718672868, 1.0, 0.23032188793563732)
0.5800000000000002 (-7.638817175995137, 1.0, 0.2568164562589794)
0.6000000000000002 (-7.7811730892566535, 1.0, 0.2851677300925033)
0.6200000000000002 (-7.908820442348272, 1.0, 0.3163319916274758)
0.6400000000000002 (-8.020728326282146, 1.0, 0.35107799031958575)
0.6600000000000003 (-8.11596519651652, 1.0, 0.39006385291928397)
0.6800000000000003 (-8.193600856144988, 1.0, 0.4339590168849395)
0.7000000000000003 (-8.253063221429361, 1.0, 0.48312025850345297)
0.7200000000000003 (-8.294509820857346, 1.0, 0.5372763092653583)
0.7400000000000003 (-8.318658766309289, 1.0, 0.5955104029972139)
0.7600000000000003 (-8.326384211735654, 1.0, 0.656339357883155)
0.7800000000000004 (-8.31918397599391, 1.0, 0.7178203129767567)
0.8000000000000004 (-8.30615996434456, 1.0, 0.7756575049116841)
0.8200000000000004 (-8.297175842956735, 1.0, 0.8236121753797843)
0.8400000000000004 (-8.293879447119899, 1.0, 0.8585280068208087)
0.8600000000000004 (-8.29543047518936, 1.0, 0.8792289801773052)
0.8800000000000004 (-8.299797425258676, 1.0, 0.8870128065920332)
0.9000000000000005 (-8.30636343849013, 1.0, 0.8840876146910384)
0.9200000000000005 (-8.314982876950657, 1.0, 0.8724777631697048)
0.9400000000000005 (-8.32613515905472, 1.0, 0.8537666051588761)
0.9600000000000005 (-8.340754660762318, 1.0, 0.829346986131279)
0.9800000000000005 (-8.360130442946385, 1.0, 0.800471014161608)
1.0000000000000004 (-8.385853078257036, 1.0, 0.7682318875149802)
1.0200000000000005 (-8.419776235157471, 1.0, 0.7335717496709476)
1.0400000000000005 (-8.463749063557069, 1.0, 0.6974476212269941)
1.0600000000000005 (-8.519152830078488, 1.0, 0.6606250512629499)
1.0800000000000005 (-8.582895243366055, 1.0, 0.6246235066099985)
1.1000000000000005 (-8.651594870817977, 1.0, 0.59337762511659)
1.1200000000000006 (-8.723813341338541, 1.0, 0.5688425787311598)
1.1400000000000006 (-8.797892290082098, 1.0, 0.5512715007863647)
1.1600000000000006 (-8.871028629320072, 1.0, 0.5385110661131277)
1.1800000000000006 (-8.942148116012714, 1.0, 0.5311825776234625)
1.2000000000000006 (-9.01242361035952, 1.0, 0.5285040543741518)
1.2200000000000006 (-9.081390320070577, 1.0, 0.5263311628896312)
1.2400000000000007 (-9.146952876288516, 1.0, 0.5227456103298055)
1.2600000000000007 (-9.159162721746737, 1.0, 0.5332771813421252)
1.2800000000000007 (-9.140924048529051, 1.0, 0.5522804359898593)
1.3000000000000007 (-9.111973016700798, 1.0, 0.5642610567350371)
1.3200000000000007 (-9.070228945574012, 1.0, 0.5707206551399134)
1.3400000000000007 (-9.01710061223489, 1.0, 0.5746755529838196)
1.3600000000000008 (-8.954394598085553, 1.0, 0.5790186419416132)
1.3800000000000008 (-8.884176420840395, 1.0, 0.5864189582939447)
1.4000000000000008 (-8.808688998947703, 1.0, 0.5977091090391506)
1.4200000000000008 (-8.729613513218121, 1.0, 0.6126433921556582)
1.4400000000000008 (-8.648788201097684, 1.0, 0.6310630571285323)
1.4600000000000009 (-8.568074827784967, 1.0, 0.653169800663879)
1.4800000000000009 (-8.48896037588955, 1.0, 0.6788943728877953)
1.5000000000000009 (-8.411132240385232, 1.0, 0.7076501486919711)
1.520000000000001 (-8.333050539730346, 1.0, 0.739769928772781)
1.540000000000001 (-8.252508869463295, 1.0, 0.7759532084981747)
1.560000000000001 (-8.16713507348739, 1.0, 0.8169725265496468)
1.580000000000001 (-8.07474774599704, 1.0, 0.8634895023084564)
1.600000000000001 (-7.973511413648516, 1.0, 0.9159564565988949)
1.620000000000001 (-7.8619354444036915, 1.0, 0.9745928411994166)
1.640000000000001 (-7.738753196086688, 1.0, 1.0394855367947886)
1.660000000000001 (-7.602720944530814, 1.0, 1.1108140692034743)
1.680000000000001 (-7.453109003702688, 1.0, 1.1883351349385587)
1.700000000000001 (-7.292994739941991, 1.0, 1.2703817167779659)
1.720000000000001 (-7.1365446352385895, 1.0, 1.3527174340442627)
1.740000000000001 (-6.993795612225103, 1.0, 1.4306649220420415)
1.7600000000000011 (-6.863163584606814, 1.0, 1.5009580158385827)
1.7800000000000011 (-6.739013980828771, 1.0, 1.5617639625845492)
1.8000000000000012 (-6.619168377742763, 1.0, 1.6123416251564255)
1.8200000000000012 (-6.504670449779897, 1.0, 1.6521295512958092)
1.8400000000000012 (-6.397260010487776, 1.0, 1.6808996786110764)
1.8600000000000012 (-6.298509298106993, 1.0, 1.6988215700979994)
1.8800000000000012 (-6.209555497309828, 1.0, 1.7064387562771601)
1.9000000000000012 (-6.130991455602027, 1.0, 1.7047995765925985)
1.9200000000000013 (-6.0622971527039615, 1.0, 1.6957808114858293)
1.9400000000000013 (-6.002009999178561, 1.0, 1.681922605992879)
1.9600000000000013 (-5.948939624351051, 1.0, 1.6653931378207631)
1.9800000000000013 (-5.902454874290086, 1.0, 1.6480821768387652)
2.0000000000000013 (-5.862467699017591, 1.0, 1.6316696082177207)
2.0200000000000014 (-5.829544480998871, 1.0, 1.6176268334719346)
2.0400000000000014 (-5.804995214138577, 1.0, 1.60711757587896)
2.0600000000000014 (-5.7910999605440265, 1.0, 1.6007415220384493)
2.0800000000000014 (-5.791099521350295, 1.0, 1.598251648573112)
2.1000000000000014 (-5.80887282243748, 1.0, 1.5980275282275773)
2.1200000000000014 (-5.847573855433433, 1.0, 1.597969875485241)
2.1400000000000015 (-5.908285794480911, 1.0, 1.5969216890220546)
2.1600000000000015 (-5.9897021174471945, 1.0, 1.5954593526822)
2.1800000000000015 (-6.089926196935369, 1.0, 1.5981527143177334)
2.2000000000000015 (-6.208969124731968, 1.0, 1.6086069737542714)
2.2200000000000015 (-6.34252125542144, 1.0, 1.625530861728476)
2.2400000000000015 (-6.4822755446106015, 1.0, 1.648678666865673)
2.2600000000000016 (-6.620919804722643, 1.0, 1.6780501250205004)
2.2800000000000016 (-6.755941879840499, 1.0, 1.7108207089041745)
2.3000000000000016 (-6.88649499229947, 1.0, 1.7432780076564909)
2.3200000000000016 (-7.011835313526355, 1.0, 1.7729478344047016)
2.3400000000000016 (-7.130843722780521, 1.0, 1.7985740368706287)
2.3600000000000017 (-7.242540836230131, 1.0, 1.8198137925321216)
2.3800000000000017 (-7.346326174937048, 1.0, 1.8369384677132845)
2.4000000000000017 (-7.4420472967423725, 1.0, 1.850634171991253)
2.4200000000000017 (-7.529970338387553, 1.0, 1.861896367296779)
2.4400000000000017 (-7.610710095579089, 1.0, 1.8719585404508683)
2.4600000000000017 (-7.685146874713019, 1.0, 1.882224589674643)
2.4800000000000018 (-7.75434665215288, 1.0, 1.894204554451226)
2.5000000000000018 (-7.81950334414183, 1.0, 1.9094451722456376)
2.520000000000002 (-7.881866489510733, 1.0, 1.9291956427869832)
2.540000000000002 (-7.940660827075696, 1.0, 1.953098016064058)
2.560000000000002 (-7.992955548491243, 1.0, 1.982342640882603)
2.580000000000002 (-8.036143116195023, 1.0, 2.018248030637486)
2.600000000000002 (-8.068236643627747, 1.0, 2.0618587175473024)
2.620000000000002 (-8.087935974220361, 1.0, 2.1138191043770305)
2.640000000000002 (-8.094288296233243, 1.0, 2.174704717487869)
2.660000000000002 (-8.086486958861698, 1.0, 2.245258579061953)
2.680000000000002 (-8.06405587429045, 1.0, 2.3258698768687958)
2.700000000000002 (-8.027259992894681, 1.0, 2.415815711322409)
2.720000000000002 (-7.976982295473808, 1.0, 2.5132185005456087)
2.740000000000002 (-7.923317386969911, 1.0, 2.611575032603433)
2.760000000000002 (-7.876119584838081, 1.0, 2.7021700098311676)
2.780000000000002 (-7.836832482897517, 1.0, 2.780850448454831)
2.800000000000002 (-7.800243527571535, 1.0, 2.8471573560472017)
2.820000000000002 (-7.762458201047597, 1.0, 2.9024015109698995)
2.840000000000002 (-7.722670199914175, 1.0, 2.9472775755078575)
2.860000000000002 (-7.681923499022389, 1.0, 2.9820089622870136)
2.880000000000002 (-7.641800731838555, 1.0, 3.0070469104102417)
2.900000000000002 (-7.60376616161086, 1.0, 3.0231852682443834)
2.920000000000002 (-7.569062573044631, 1.0, 3.031420167831478)
2.940000000000002 (-7.538869966011574, 1.0, 3.032906709385154)
2.960000000000002 (-7.514459293048389, 1.0, 3.028832812550794)
2.980000000000002 (-7.497158419079104, 1.0, 3.020408572933295)
3.000000000000002 (-7.488360587490002, 1.0, 3.0088199416457346)
3.0200000000000022 (-7.489574496240413, 1.0, 2.9951654856748986)
3.0400000000000023 (-7.50248700257955, 1.0, 2.9804233976706187)
3.0600000000000023 (-7.5289796070200925, 1.0, 2.9652317734905203)
3.0800000000000023 (-7.571108779791677, 1.0, 2.9496973154560706)
3.1000000000000023 (-7.630920745946231, 1.0, 2.9333479742747097)
3.1200000000000023 (-7.710077119667064, 1.0, 2.9156204360781897)
3.1400000000000023 (-7.809848166744246, 1.0, 2.895869090589839)
3.1600000000000024 (-7.9252425836254705, 1.0, 2.873683739946798)
3.1800000000000024 (-8.049664728166068, 1.0, 2.8538414722865353)
3.2000000000000024 (-8.178482370927572, 1.0, 2.8393737549889373)
3.2200000000000024 (-8.30777057474039, 1.0, 2.83043858822715)
3.2400000000000024 (-8.436401224367275, 1.0, 2.8241694614891357)
3.2600000000000025 (-8.562527184180214, 1.0, 2.816808180069584)
3.2800000000000025 (-8.683561333042215, 1.0, 2.806972878324199)
3.3000000000000025 (-8.797301586538342, 1.0, 2.794682817244272)
3.3200000000000025 (-8.902181681915652, 1.0, 2.780576747430924)
3.3400000000000025 (-8.997352042497708, 1.0, 2.765587969040629)
3.3600000000000025 (-9.082648428908328, 1.0, 2.7507160603433425)
3.3800000000000026 (-9.158520083693215, 1.0, 2.736933294916281)
3.4000000000000026 (-9.225935149510532, 1.0, 2.7251858983370427)
3.4200000000000026 (-9.286254085263698, 1.0, 2.7163119771459727)
3.4400000000000026 (-9.34115867815551, 1.0, 2.7110719811971298)
3.4600000000000026 (-9.392515359000333, 1.0, 2.710152618851188)
3.4800000000000026 (-9.442255077885283, 1.0, 2.7141625431719687)
3.5000000000000027 (-9.492310691590822, 1.0, 2.7236183988892995)
3.5200000000000027 (-9.542630477125273, 1.0, 2.738067061128683)
3.5400000000000027 (-9.59128882056357, 1.0, 2.7586395580007954)
3.5600000000000027 (-9.636452143721245, 1.0, 2.7872039399499084)
3.5800000000000027 (-9.67646204571333, 1.0, 2.8254328338717305)
3.6000000000000028 (-9.710061226824404, 1.0, 2.8747000816426733)
3.6200000000000028 (-9.736348499866848, 1.0, 2.936040865959467)
3.640000000000003 (-9.754643072767124, 1.0, 3.0101673158126356)
3.660000000000003 (-9.764353851689107, 1.0, 3.0975385094280217)
3.680000000000003 (-9.764953967040398, 1.0, 3.1984348801002973)
3.700000000000003 (-9.755810828142202, 1.0, 3.313201585670141)
3.720000000000003 (-9.736230273279187, 1.0, 3.4418862582875955)
3.740000000000003 (-9.70615089564577, 1.0, 3.5830930602756434)
3.760000000000003 (-9.670113633581417, 1.0, 3.7290962001626395)
3.780000000000003 (-9.635275789380103, 1.0, 3.86743151910859)
3.800000000000003 (-9.603601555571627, 1.0, 3.9909643760988365)
3.820000000000003 (-9.570446229749113, 1.0, 4.1012445002219815)
3.840000000000003 (-9.532745939460156, 1.0, 4.201295661344627)
3.860000000000003 (-9.490191183426706, 1.0, 4.291971169638641)
3.880000000000003 (-9.44390127352747, 1.0, 4.373045384083713)
3.900000000000003 (-9.395416438094411, 1.0, 4.44433324640414)
3.920000000000003 (-9.346383216759723, 1.0, 4.505915033276667)
3.940000000000003 (-9.298458740406495, 1.0, 4.558120985770753)
3.960000000000003 (-9.253293401864045, 1.0, 4.601493826111311)
3.980000000000003 (-9.212565985823169, 1.0, 4.636677223364774)
4.000000000000003 (-9.177994453606436, 1.0, 4.664336268446735)
4.020000000000002 (-9.151396066077655, 1.0, 4.685054858922974)
4.040000000000002 (-9.134701315143042, 1.0, 4.699216827073926)
4.060000000000001 (-9.12986292153893, 1.0, 4.706834228832648)
4.080000000000001 (-9.138719867140011, 1.0, 4.707488139640879)
4.1000000000000005 (-9.162840695180247, 1.0, 4.7003267691213155)
4.12 (-9.203461375091827, 1.0, 4.684472301999122)
4.14 (-9.261572533820354, 1.0, 4.659203088129504)
4.159999999999999 (-9.336118033929603, 1.0, 4.62437477876645)
4.179999999999999 (-9.4218675450438, 1.0, 4.5843203117635944)
4.199999999999998 (-9.515404190349852, 1.0, 4.54550360374243)
4.219999999999998 (-9.613105480583389, 1.0, 4.511125838001201)
4.2399999999999975 (-9.711325728081947, 1.0, 4.481031140116858)
4.259999999999997 (-9.807026443056639, 1.0, 4.45340680823108)
4.279999999999997 (-9.897419154268025, 1.0, 4.4268737421823845)
4.299999999999996 (-9.98041007218749, 1.0, 4.401550383097421)
4.319999999999996 (-10.05464686473518, 1.0, 4.378154243241172)
4.339999999999995 (-10.119496331671117, 1.0, 4.357555377826662)
4.359999999999995 (-10.174962124393279, 1.0, 4.34054696799083)
4.379999999999995 (-10.221573647640728, 1.0, 4.3277386207306465)
4.399999999999994 (-10.260291157995134, 1.0, 4.319552948185744)
4.419999999999994 (-10.292435752305344, 1.0, 4.316253264916568)
4.439999999999993 (-10.31963000772018, 1.0, 4.318065619246805)
4.459999999999993 (-10.343674749396495, 1.0, 4.325236613979935)
4.479999999999992 (-10.36641577634106, 1.0, 4.3380390579440675)
4.499999999999992 (-10.389717758471324, 1.0, 4.3568544169837615)
4.519999999999992 (-10.415403835365867, 1.0, 4.382152435772741)
4.539999999999991 (-10.4451989200467, 1.0, 4.414402731421062)
4.559999999999991 (-10.480703289518404, 1.0, 4.453952904424134)
4.57999999999999 (-10.52111666218147, 1.0, 4.500386561038906)
4.59999999999999 (-10.562787466369503, 1.0, 4.556378562563913)
4.6199999999999894 (-10.602763318909949, 1.0, 4.625635552289181)
4.639999999999989 (-10.6390144686653, 1.0, 4.710624406206049)
4.659999999999989 (-10.670567163154878, 1.0, 4.812986502050926)
4.679999999999988 (-10.69696285936913, 1.0, 4.933003882279481)
4.699999999999988 (-10.717918537404827, 1.0, 5.069060553331795)
4.719999999999987 (-10.735382919119186, 1.0, 5.213616316934994)
4.739999999999987 (-10.753629047627152, 1.0, 5.3513993085377844)
4.7599999999999865 (-10.772517287456369, 1.0, 5.474196388440119)
4.779999999999986 (-10.787621385770812, 1.0, 5.583950367680718)
4.799999999999986 (-10.795686022246482, 1.0, 5.68457953398224)
4.819999999999985 (-10.795691612074048, 1.0, 5.777644929519048)
4.839999999999985 (-10.788093348076787, 1.0, 5.862543199924914)
4.859999999999984 (-10.774075525211964, 1.0, 5.938171517482246)
4.879999999999984 (-10.755102399558426, 1.0, 6.003634728136178)
4.8999999999999835 (-10.732642549413761, 1.0, 6.058464776515327)
4.919999999999983 (-10.708147751766678, 1.0, 6.102683553059959)
4.939999999999983 (-10.683102988061684, 1.0, 6.136926727884162)
4.959999999999982 (-10.659087137057222, 1.0, 6.162111452771637)
4.979999999999982 (-10.637925729345099, 1.0, 6.179134922141894)
4.999999999999981 (-10.62142427928934, 1.0, 6.188733496487671)
5.019999999999981 (-10.61134927889722, 1.0, 6.191441474209244)
5.0399999999999805 (-10.609421463162366, 1.0, 6.187364058114939)
5.05999999999998 (-10.617279989618075, 1.0, 6.175846129133757)
5.07999999999998 (-10.636359800814594, 1.0, 6.155347978837871)
5.099999999999979 (-10.667683122940609, 1.0, 6.123420780017817)
5.119999999999979 (-10.71162817948233, 1.0, 6.076940822147137)
5.139999999999978 (-10.767916542912992, 1.0, 6.0134023210390035)
5.159999999999978 (-10.836935460644504, 1.0, 5.933262001406923)
5.1799999999999775 (-10.918257472385248, 1.0, 5.840910314310577)
5.199999999999977 (-11.010100175004844, 1.0, 5.742477711744141)
5.219999999999977 (-11.109748621812791, 1.0, 5.644283844922297)
5.239999999999976 (-11.213405795020439, 1.0, 5.55022476697523)
5.259999999999976 (-11.318034578592805, 1.0, 5.459366294794452)
5.279999999999975 (-11.419471508453158, 1.0, 5.370381745128804)
5.299999999999975 (-11.51525357150016, 1.0, 5.2836818778083225)
5.3199999999999745 (-11.60378256957999, 1.0, 5.200265110277542)
5.339999999999974 (-11.684307097733377, 1.0, 5.1212470820548335)
5.359999999999974 (-11.756807163791935, 1.0, 5.047586591551127)
5.379999999999973 (-11.821839960542045, 1.0, 4.979937522295321)
5.399999999999973 (-11.880429901065616, 1.0, 4.918623107963772)
5.419999999999972 (-11.933972018135883, 1.0, 4.8636691691018665)
5.439999999999972 (-11.98411940585861, 1.0, 4.814857566585938)
5.4599999999999715 (-12.03270264368739, 1.0, 4.77179133088857)
5.479999999999971 (-12.081681824020368, 1.0, 4.733972685558347)
5.499999999999971 (-12.133031677164016, 1.0, 4.700817123496406)
5.51999999999997 (-12.187777364276092, 1.0, 4.671656841206434)
5.53999999999997 (-12.244996763348784, 1.0, 4.647701275067161)
5.559999999999969 (-12.304457804150573, 1.0, 4.631911812295548)
5.579999999999969 (-12.366041567042005, 1.0, 4.626989235678718)
5.599999999999969 (-12.429685035770458, 1.0, 4.6350128951138805)
5.619999999999968 (-12.495416345306056, 1.0, 4.657452712404882)
5.639999999999968 (-12.56326254046898, 1.0, 4.695312630977187)
5.659999999999967 (-12.633230485371246, 1.0, 4.749330933130412)
5.679999999999967 (-12.705404165157683, 1.0, 4.820271808129991)
5.699999999999966 (-12.77968223809099, 1.0, 4.908646668278867)
5.719999999999966 (-12.855311890985336, 1.0, 5.013794307302936)
5.739999999999966 (-12.930916420580893, 1.0, 5.130612082236951)
5.759999999999965 (-13.004291265709359, 1.0, 5.243708848451923)
5.779999999999965 (-13.071953386169003, 1.0, 5.34434789772898)
5.799999999999964 (-13.131042759519897, 1.0, 5.434381392833859)
5.819999999999964 (-13.180026018138774, 1.0, 5.518635675860523)
5.839999999999963 (-13.218926693985786, 1.0, 5.599471575309744)
5.859999999999963 (-13.248228795189116, 1.0, 5.676334698274542)
5.879999999999963 (-13.268801038130581, 1.0, 5.748121922625347)
5.899999999999962 (-13.281784433329074, 1.0, 5.81380479236077)
5.919999999999962 (-13.288519190179578, 1.0, 5.872594842160968)
5.939999999999961 (-13.290536159373048, 1.0, 5.923865160166332)
5.959999999999961 (-13.28947010638158, 1.0, 5.967020720382749)
5.9799999999999605 (-13.28703225622364, 1.0, 6.00152496603799)
5.99999999999996 (-13.284913686414608, 1.0, 6.026678683661556)
6.01999999999996 (-13.284750523182915, 1.0, 6.041676266684121)
6.039999999999959 (-13.28821346276845, 1.0, 6.045520711821357)
6.059999999999959 (-13.29672178179847, 1.0, 6.036886323501913)
6.079999999999958 (-13.31128183153934, 1.0, 6.014111537117431)
6.099999999999958 (-13.332325331473841, 1.0, 5.975255194960257)
6.1199999999999575 (-13.359949800802621, 1.0, 5.9184892470823955)
6.139999999999957 (-13.394267309316145, 1.0, 5.842403675706794)
6.159999999999957 (-13.434247421105809, 1.0, 5.747633231506955)
6.179999999999956 (-13.478954857399515, 1.0, 5.640907097946285)
6.199999999999956 (-13.530190075132627, 1.0, 5.52941321300591)
6.219999999999955 (-13.587353679962444, 1.0, 5.418037064050206)
6.239999999999955 (-13.647815885186287, 1.0, 5.308649155991641)
6.2599999999999545 (-13.707866194412391, 1.0, 5.201730652145255)
6.279999999999954 (-13.764418698248928, 1.0, 5.098370274016397)
6.299999999999954 (-13.816029665450603, 1.0, 5.000299759535787)
6.319999999999953 (-13.862249352241456, 1.0, 4.909154444864364)
6.339999999999953 (-13.90330082467124, 1.0, 4.826151839770852)
6.359999999999952 (-13.939846340860406, 1.0, 4.7519697182206615)
6.379999999999952 (-13.972822575465125, 1.0, 4.6867393368308985)
6.3999999999999515 (-14.003347173672212, 1.0, 4.6301049828198355)
6.419999999999951 (-14.032689493874013, 1.0, 4.581305150355183)
6.439999999999951 (-14.062250682798368, 1.0, 4.5392550173145)
6.45999999999995 (-14.093491694528385, 1.0, 4.502690368329787)
6.47999999999995 (-14.127889937849682, 1.0, 4.470258877769713)
6.499999999999949 (-14.166950954278773, 1.0, 4.440574222052967)
6.519999999999949 (-14.21192015971047, 1.0, 4.4122559848170235)
6.5399999999999485 (-14.2620286910156, 1.0, 4.385948664361412)
6.559999999999948 (-14.317934631767773, 1.0, 4.36477739625681)
6.579999999999948 (-14.380714605387451, 1.0, 4.351704629585772)
6.599999999999947 (-14.451185931797287, 1.0, 4.349049691069992)
6.619999999999947 (-14.52998797306118, 1.0, 4.358380336860266)
6.639999999999946 (-14.617572965633249, 1.0, 4.380693565624081)
6.659999999999946 (-14.714360986378852, 1.0, 4.416651520483282)
6.6799999999999455 (-14.820909873986317, 1.0, 4.4669286037413904)
6.699999999999945 (-14.936947984345888, 1.0, 4.531657215556522)
6.719999999999945 (-15.060886895755544, 1.0, 4.609942510543521)
6.739999999999944 (-15.186853497867268, 1.0, 4.692992031788559)
6.759999999999944 (-15.305994791912633, 1.0, 4.769180346350224)
6.779999999999943 (-15.413042091081218, 1.0, 4.835201591077025)
6.799999999999943 (-15.50756845377662, 1.0, 4.897172220597982)
6.8199999999999426 (-15.590944936646057, 1.0, 4.959446231710025)
6.839999999999942 (-15.66352412241957, 1.0, 5.022617894873753)
6.859999999999942 (-15.725305164148605, 1.0, 5.0855281359784215)
6.879999999999941 (-15.776501120163159, 1.0, 5.146588347142575)
6.899999999999941 (-15.817750366011763, 1.0, 5.204422932222119)
6.91999999999994 (-15.850012477268223, 1.0, 5.2579317937115055)
6.93999999999994 (-15.874418256376105, 1.0, 5.306043516443819)
6.95999999999994 (-15.892275805776906, 1.0, 5.347703177981995)
6.979999999999939 (-15.90500693032038, 1.0, 5.381835049316727)
6.999999999999939 (-15.914081682491785, 1.0, 5.407259569371518)
7.019999999999938 (-15.920851694475282, 1.0, 5.422715873636701)
7.039999999999938 (-15.92638745584464, 1.0, 5.426828316000011)
7.059999999999937 (-15.93139225463059, 1.0, 5.4180410906166125)
7.079999999999937 (-15.936015150964858, 1.0, 5.394563573229122)
7.099999999999937 (-15.939701333331952, 1.0, 5.354351611015702)
7.119999999999936 (-15.941532952529869, 1.0, 5.295379842884687)
7.139999999999936 (-15.94078739393065, 1.0, 5.216025966966338)
7.159999999999935 (-15.936911658549125, 1.0, 5.115833475082678)
7.179999999999935 (-15.93091983930819, 1.0, 4.999193182654608)
7.1999999999999345 (-15.92713848807347, 1.0, 4.872369772556069)
7.219999999999934 (-15.928504638444114, 1.0, 4.741096066546232)
7.239999999999934 (-15.934827149803757, 1.0, 4.610235056966504)
7.259999999999933 (-15.943604794626152, 1.0, 4.4816497182634585)
7.279999999999933 (-15.951602276967364, 1.0, 4.357527852501546)
7.299999999999932 (-15.957793726337794, 1.0, 4.239925132440135)
7.319999999999932 (-15.962090799075016, 1.0, 4.130552775006664)
7.3399999999999315 (-15.964956131592507, 1.0, 4.030537831234159)
7.359999999999931 (-15.967133292509311, 1.0, 3.9403608318930496)
7.379999999999931 (-15.969457630045936, 1.0, 3.859894720259648)
7.39999999999993 (-15.97278923265548, 1.0, 3.78847724764232)
7.41999999999993 (-15.97800092669424, 1.0, 3.7250042652665054)
7.439999999999929 (-15.985949377964918, 1.0, 3.6680417297529364)
7.459999999999929 (-15.997491150877124, 1.0, 3.61594024461214)
7.4799999999999285 (-16.013519386298203, 1.0, 3.566932385724953)
7.499999999999928 (-16.03492005268479, 1.0, 3.5192125463547534)
7.519999999999928 (-16.062507526519422, 1.0, 3.470981410818256)
7.539999999999927 (-16.096129266735574, 1.0, 3.4216474721031886)
7.559999999999927 (-16.13657848636669, 1.0, 3.3736097403911907)
7.579999999999926 (-16.186228871259516, 1.0, 3.329544730689554)
7.599999999999926 (-16.247024623176628, 1.0, 3.291638171643058)
7.6199999999999255 (-16.32030742865653, 1.0, 3.2613677466644457)
7.639999999999925 (-16.40693796588852, 1.0, 3.2396181425649795)
7.659999999999925 (-16.50755062755216, 1.0, 3.226879598504595)
7.679999999999924 (-16.622874630473493, 1.0, 3.2235247372450386)
7.699999999999924 (-16.752641609550732, 1.0, 3.22976086472578)
7.719999999999923 (-16.89493262748196, 1.0, 3.2453771037434866)
7.739999999999923 (-17.038513742585714, 1.0, 3.2623812272144144)
7.7599999999999225 (-17.171345645300978, 1.0, 3.274963724321873)
7.779999999999922 (-17.28982059277207, 1.0, 3.284176380551369)
7.799999999999922 (-17.396189865616755, 1.0, 3.2957501342424202)
7.819999999999921 (-17.493342843447433, 1.0, 3.3126842117348376)
7.839999999999921 (-17.58119283790355, 1.0, 3.334730109478579)
7.85999999999992 (-17.659081021067898, 1.0, 3.360605295909154)
7.87999999999992 (-17.72663958201493, 1.0, 3.388831780498013)
7.8999999999999195 (-17.783999591486168, 1.0, 3.418035222438488)
7.919999999999919 (-17.831676492369343, 1.0, 3.446900472333056)
7.939999999999919 (-17.87029026917689, 1.0, 3.4740142219555374)
7.959999999999918 (-17.90064361354036, 1.0, 3.4978926268496706)
7.979999999999918 (-17.92363800468103, 1.0, 3.516960406924888)
7.999999999999917 (-17.940168987228546, 1.0, 3.5295095868932265)
8.019999999999918 (-17.950960776912666, 1.0, 3.533831361711934)
8.039999999999917 (-17.95639209592038, 1.0, 3.5282025177174092)
8.059999999999917 (-17.95641943609696, 1.0, 3.5108816765417146)
8.079999999999917 (-17.9502335775446, 1.0, 3.480135390168034)
8.099999999999916 (-17.936052102167142, 1.0, 3.434349290286574)
8.119999999999916 (-17.911463302433813, 1.0, 3.372338443808885)
8.139999999999915 (-17.875546096470504, 1.0, 3.293148194943689)
8.159999999999915 (-17.828080700023992, 1.0, 3.1961576164864436)
8.179999999999914 (-17.771614913541313, 1.0, 3.085248608781388)
8.199999999999914 (-17.712817733655143, 1.0, 2.9642319842902225)
8.219999999999914 (-17.65653577752953, 1.0, 2.8369432140261526)
8.239999999999913 (-17.60430706541608, 1.0, 2.7076534716144374)
8.259999999999913 (-17.5545281114121, 1.0, 2.5792055108537806)
8.279999999999912 (-17.505196268650153, 1.0, 2.454885883006254)
8.299999999999912 (-17.4563211863331, 1.0, 2.337178982616147)
8.319999999999911 (-17.408719342126645, 1.0, 2.227741491657987)
8.339999999999911 (-17.363446455476122, 1.0, 2.127411242059206)
8.35999999999991 (-17.32149858842643, 1.0, 2.036288414963809)
8.37999999999991 (-17.283657531581508, 1.0, 1.9538585801632928)
8.39999999999991 (-17.25045477757724, 1.0, 1.8790952394954359)
8.41999999999991 (-17.222195655327216, 1.0, 1.8105492139361246)
8.439999999999909 (-17.19898511525781, 1.0, 1.7464698964611582)
8.459999999999908 (-17.180772157705032, 1.0, 1.6849082413496463)
8.479999999999908 (-17.16740547191947, 1.0, 1.6238061257207443)
8.499999999999908 (-17.158541931289562, 1.0, 1.5612327938011976)
8.519999999999907 (-17.154128619552235, 1.0, 1.4976242629358554)
8.539999999999907 (-17.156474620683337, 1.0, 1.4336591761590398)
8.559999999999906 (-17.168114056136666, 1.0, 1.3697244430715323)
8.579999999999906 (-17.19119116808844, 1.0, 1.3061639250943238)
8.599999999999905 (-17.22739098383535, 1.0, 1.2431513120363156)
8.619999999999905 (-17.27796992017276, 1.0, 1.180761320554288)
8.639999999999905 (-17.343858563737818, 1.0, 1.1190605292289186)
8.659999999999904 (-17.425889698257745, 1.0, 1.0580516935935889)
8.679999999999904 (-17.52503447555853, 1.0, 0.9976586168710215)
8.699999999999903 (-17.641335713765486, 1.0, 0.9381416479068942)
8.719999999999903 (-17.77332849650375, 1.0, 0.8802301192045989)
8.739999999999903 (-17.912183504542668, 1.0, 0.823731095650564)
8.759999999999902 (-18.042818611004748, 1.0, 0.7685818628008109)
8.779999999999902 (-18.158312717818276, 1.0, 0.7168915267944519)
8.799999999999901 (-18.262398056608745, 1.0, 0.6724306295707908)
8.8199999999999 (-18.35957158402441, 1.0, 0.637032904208533)
8.8399999999999 (-18.451211031823103, 1.0, 0.6108922004606891)
8.8599999999999 (-18.53659667027534, 1.0, 0.5933517337661348)
8.8799999999999 (-18.61462473065405, 1.0, 0.5832800208482017)
8.899999999999899 (-18.684504937799147, 1.0, 0.5793278250145519)
8.919999999999899 (-18.745874725911282, 1.0, 0.5800596337265903)
8.939999999999898 (-18.79852108911675, 1.0, 0.5839040619340302)
8.959999999999898 (-18.842250296351914, 1.0, 0.5891789368218073)
8.979999999999897 (-18.87693296899816, 1.0, 0.5941210431052851)
8.999999999999897 (-18.90238685989848, 1.0, 0.5969239364820366)
9.019999999999897 (-18.918289438747532, 1.0, 0.5957621161072592)
9.039999999999896 (-18.924070438660337, 1.0, 0.5889638777556985)
9.059999999999896 (-18.91884887168768, 1.0, 0.5749594915107925)
9.079999999999895 (-18.90139693415844, 1.0, 0.5523759003359875)
9.099999999999895 (-18.869786966129055, 1.0, 0.520368350803147)
9.119999999999894 (-18.82174087198576, 1.0, 0.4786323693505297)
9.139999999999894 (-18.755599718588474, 1.0, 0.4269176055184721)
9.159999999999894 (-18.671002774911464, 1.0, 0.365567274229331)
9.179999999999893 (-18.572766604298415, 1.0, 0.29655836596231167)
9.199999999999893 (-18.468829705015153, 1.0, 0.21994947873178677)
9.219999999999892 (-18.364983063282853, 1.0, 0.13683241164679322)
9.239999999999892 (-18.264189366318817, 1.0, 0.050314155556830976)
9.259999999999891 (-18.16649731804526, 1.0, -0.03628875292352444)
9.279999999999891 (-18.071857626861792, 1.0, -0.11942712480718407)
9.29999999999989 (-17.98142630112829, 1.0, -0.1970817897733383)
9.31999999999989 (-17.896618768123815, 1.0, -0.26828144886164534)
9.33999999999989 (-17.818658526831264, 1.0, -0.332836131159149)
9.35999999999989 (-17.74837571202489, 1.0, -0.39113403768307636)
9.379999999999889 (-17.686143961221227, 1.0, -0.4439724505544258)
9.399999999999888 (-17.631906708382473, 1.0, -0.4924656216723426)
9.419999999999888 (-17.58524850912426, 1.0, -0.5379831574914632)
9.439999999999888 (-17.545467683234, 1.0, -0.5820618319926743)
9.459999999999887 (-17.51169176396504, 1.0, -0.6263543583683912)
9.479999999999887 (-17.482970450707416, 1.0, -0.6725989201591435)
9.499999999999886 (-17.458317867282013, 1.0, -0.722547674015545)
9.519999999999886 (-17.436712018868715, 1.0, -0.7778875118281587)
9.539999999999885 (-17.417604485550665, 1.0, -0.8387528527992681)
9.559999999999885 (-17.40348557916202, 1.0, -0.9044438037836131)
9.579999999999885 (-17.397866881924653, 1.0, -0.975384583045162)
9.599999999999884 (-17.403610555569813, 1.0, -1.051920495459257)
9.619999999999884 (-17.42266421567708, 1.0, -1.1343156049237955)
9.639999999999883 (-17.456225724890228, 1.0, -1.2227744018369164)
9.659999999999883 (-17.505039745489444, 1.0, -1.3175125610099316)
9.679999999999882 (-17.569801926749, 1.0, -1.4188905262379339)
9.699999999999882 (-17.650633837880214, 1.0, -1.5266545658471629)
9.719999999999882 (-17.746356251545354, 1.0, -1.639437110245779)
9.739999999999881 (-17.843841176846556, 1.0, -1.7525720840224326)
9.75999999999988 (-17.9314796369017, 1.0, -1.8595024561912767)
9.77999999999988 (-18.008310359688636, 1.0, -1.9567003472459656)
9.79999999999988 (-18.080265284960664, 1.0, -2.0427648328800903)
9.81999999999988 (-18.15130865924598, 1.0, -2.1182792801051367)
9.839999999999879 (-18.221073835013282, 1.0, -2.1832769845007816)
9.859999999999879 (-18.288117027824473, 1.0, -2.2379158776473034)
9.879999999999878 (-18.351110834840327, 1.0, -2.2827368042341836)
9.899999999999878 (-18.40903032607992, 1.0, -2.3185939359222716)
9.919999999999877 (-18.46101086681368, 1.0, -2.346564105592252)
9.939999999999877 (-18.506277324468975, 1.0, -2.367966226319253)
9.959999999999877 (-18.54411414531138, 1.0, -2.3843285196925454)
9.979999999999876 (-18.57376742805122, 1.0, -2.3973391318632515)
9.999999999999876 (-18.594401046072843, 1.0, -2.4087435963109307)
10.019999999999875 (-18.605072985215553, 1.0, -2.4201387640377976)
10.039999999999875 (-18.60464689169665, 1.0, -2.4328764794155324)
10.059999999999874 (-18.591658769645658, 1.0, -2.447895636337906)
10.079999999999874 (-18.564139811434487, 1.0, -2.4654297785690886)
10.099999999999874 (-18.51965844878972, 1.0, -2.4847981884990125)
10.119999999999873 (-18.455769559855277, 1.0, -2.5044891735505375)
10.139999999999873 (-18.370998546180537, 1.0, -2.523233423272694)
10.159999999999872 (-18.265064849054063, 1.0, -2.5419648777948156)
10.179999999999872 (-18.1419324103093, 1.0, -2.5611685599017506)
10.199999999999871 (-18.00799316210065, 1.0, -2.5837729778619343)
10.219999999999871 (-17.869423494568448, 1.0, -2.611845948064623)
10.23999999999987 (-17.731224312026026, 1.0, -2.644692891538136)
10.25999999999987 (-17.59476229729758, 1.0, -2.679516653469461)
10.27999999999987 (-17.461760597876513, 1.0, -2.712481769595696)
10.29999999999987 (-17.33428130981536, 1.0, -2.7421568059884316)
10.319999999999869 (-17.2141819168903, 1.0, -2.768205141297481)
10.339999999999868 (-17.1027894522447, 1.0, -2.79097314056133)
10.359999999999868 (-17.000786775733207, 1.0, -2.8112034657231764)
10.379999999999868 (-16.908219817308332, 1.0, -2.829820750385583)
10.399999999999867 (-16.824559063503422, 1.0, -2.8478348375030285)
10.419999999999867 (-16.748785773647807, 1.0, -2.866305956824948)
10.439999999999866 (-16.679506565395467, 1.0, -2.886293604044393)
10.459999999999866 (-16.61506024635205, 1.0, -2.908829649698545)
10.479999999999865 (-16.553623332442836, 1.0, -2.934913003969625)
10.499999999999865 (-16.493877094360826, 1.0, -2.9648573819146846)
10.519999999999865 (-16.436786831966984, 1.0, -2.9990372922882016)
10.539999999999864 (-16.38383791941681, 1.0, -3.039301737830567)
10.559999999999864 (-16.336442333185772, 1.0, -3.087458048018703)
10.579999999999863 (-16.29576043313519, 1.0, -3.145051729641168)
10.599999999999863 (-16.262650509757133, 1.0, -3.2133663131412398)
10.619999999999862 (-16.237746579996664, 1.0, -3.293410753815698)
10.639999999999862 (-16.2215607190508, 1.0, -3.385984386007224)
10.659999999999862 (-16.214549471010812, 1.0, -3.4919639165981766)
10.679999999999861 (-16.21711576150596, 1.0, -3.6121575650496447)
10.69999999999986 (-16.22933286900275, 1.0, -3.7461329970448083)
10.71999999999986 (-16.250877112481632, 1.0, -3.8919177878496103)
10.73999999999986 (-16.275506614841905, 1.0, -4.040644075678467)
10.75999999999986 (-16.29595856122128, 1.0, -4.180122019486621)
10.779999999999859 (-16.31117756535738, 1.0, -4.304487001728062)
10.799999999999859 (-16.3270742833406, 1.0, -4.415592509821795)
10.819999999999858 (-16.347307372821763, 1.0, -4.516391523932804)
10.839999999999858 (-16.37240462544073, 1.0, -4.607613033001587)
10.859999999999857 (-16.401273194132422, 1.0, -4.688917581909372)
10.879999999999857 (-16.432283285305367, 1.0, -4.7599334780620515)
10.899999999999856 (-16.463827094184545, 1.0, -4.820656098503446)
10.919999999999856 (-16.49452106219328, 1.0, -4.871548219659012)
10.939999999999856 (-16.52301506786704, 1.0, -4.91336279146903)
10.959999999999855 (-16.547844821932753, 1.0, -4.946890185428255)
10.979999999999855 (-16.5674819905287, 1.0, -4.972992028614572)
10.999999999999854 (-16.580303801013464, 1.0, -4.992515666288611)
11.019999999999854 (-16.58461040637444, 1.0, -5.0062014355496895)
11.039999999999853 (-16.578705465558933, 1.0, -5.014488846511609)
11.059999999999853 (-16.560877044510583, 1.0, -5.017406387995953)
11.079999999999853 (-16.529374680930555, 1.0, -5.014660078153938)
11.099999999999852 (-16.48241931906783, 1.0, -5.005154380476831)
11.119999999999852 (-16.418438713502024, 1.0, -4.9870908454128795)
11.139999999999851 (-16.33626599264165, 1.0, -4.959007044435361)
11.159999999999851 (-16.235984213623336, 1.0, -4.920341891649553)
11.17999999999985 (-16.121595827408484, 1.0, -4.874044068539772)
11.19999999999985 (-15.997421435323183, 1.0, -4.826655664905984)
11.21999999999985 (-15.867602828199265, 1.0, -4.782726453355856)
11.23999999999985 (-15.736439111660115, 1.0, -4.7432480235973)
11.259999999999849 (-15.6067609626289, 1.0, -4.706512344258626)
11.279999999999848 (-15.481544090448969, 1.0, -4.670518938838477)
11.299999999999848 (-15.363135879257, 1.0, -4.635124495262307)
11.319999999999848 (-15.25314031298386, 1.0, -4.600990366369362)
11.339999999999847 (-15.15239745021931, 1.0, -4.569047383373924)
11.359999999999847 (-15.061043161116489, 1.0, -4.5402130700015775)
11.379999999999846 (-14.978616850980524, 1.0, -4.515243038066223)
11.399999999999846 (-14.904154944854328, 1.0, -4.494699026531857)
11.419999999999845 (-14.836286426621392, 1.0, -4.478969835902824)
11.439999999999845 (-14.773346881246912, 1.0, -4.4682868187552)
11.459999999999845 (-14.713477743282347, 1.0, -4.462788077037852)
11.479999999999844 (-14.654698601661705, 1.0, -4.4625900714304585)
11.499999999999844 (-14.59500059698305, 1.0, -4.467774049014239)
11.519999999999843 (-14.532411988672603, 1.0, -4.47834337007788)
11.539999999999843 (-14.466749971817189, 1.0, -4.4938726877987545)
11.559999999999842 (-14.399922802539121, 1.0, -4.516381279612857)
11.579999999999842 (-14.333290323126588, 1.0, -4.54901184830112)
11.599999999999842 (-14.267978281050377, 1.0, -4.5942664667769435)
11.619999999999841 (-14.20471224655631, 1.0, -4.6538620079712825)
11.63999999999984 (-14.143910961672765, 1.0, -4.728880319938394)
11.65999999999984 (-14.085796879139522, 1.0, -4.820042788816475)
11.67999999999984 (-14.030458023880747, 1.0, -4.9280864272615394)
11.69999999999984 (-13.97814587766482, 1.0, -5.053121238673369)
11.719999999999839 (-13.929397504789137, 1.0, -5.193654830170231)
11.739999999999839 (-13.881278943946795, 1.0, -5.3363389876134555)
11.759999999999838 (-13.83321065065916, 1.0, -5.4678045183565205)
11.779999999999838 (-13.787628741860079, 1.0, -5.585218157777982)
11.799999999999837 (-13.74884684320687, 1.0, -5.692814548878975)
11.819999999999837 (-13.718448043902827, 1.0, -5.794194002146304)
11.839999999999836 (-13.696208079347974, 1.0, -5.888972152358074)
11.859999999999836 (-13.681259619500846, 1.0, -5.976044064757463)
11.879999999999836 (-13.67250355165031, 1.0, -6.054603375985316)
11.899999999999835 (-13.668711969446251, 1.0, -6.124201196667008)
11.919999999999835 (-13.668531571203715, 1.0, -6.184643092388341)
11.939999999999834 (-13.6704402623239, 1.0, -6.235950946301371)
11.959999999999834 (-13.67276381429959, 1.0, -6.278313078121539)
11.979999999999833 (-13.67366181732192, 1.0, -6.311976785963344)
11.999999999999833 (-13.671205186477348, 1.0, -6.337152636642774)
12.019999999999833 (-13.663537718398418, 1.0, -6.353870866038148)
12.039999999999832 (-13.648908519360427, 1.0, -6.361859697871903)
12.059999999999832 (-13.625761375788528, 1.0, -6.360314954069831)
12.079999999999831 (-13.592891406252686, 1.0, -6.3476182578151485)
12.099999999999831 (-13.549654753313789, 1.0, -6.321264959790921)
12.11999999999983 (-13.496130755078362, 1.0, -6.2783182776135105)
12.13999999999983 (-13.432835221943524, 1.0, -6.216736141230937)
12.15999999999983 (-13.358819032220856, 1.0, -6.136831970208481)
12.17999999999983 (-13.275532144646373, 1.0, -6.042292376848151)
12.199999999999829 (-13.183732288557001, 1.0, -5.939949930012061)
12.219999999999828 (-13.084817810772522, 1.0, -5.836126193906112)
12.239999999999828 (-12.981924430721598, 1.0, -5.734849471525468)
12.259999999999827 (-12.878154606063852, 1.0, -5.6358384790039775)
12.279999999999827 (-12.777773416711897, 1.0, -5.538594751608961)
12.299999999999827 (-12.683110576660301, 1.0, -5.444185327554541)
12.319999999999826 (-12.595423486386768, 1.0, -5.354075269753739)
12.339999999999826 (-12.51509704577606, 1.0, -5.269619956584151)
12.359999999999825 (-12.441837270560924, 1.0, -5.191814677685226)
12.379999999999825 (-12.374862117795308, 1.0, -5.121188680006725)
12.399999999999824 (-12.313021861565444, 1.0, -5.057805922759537)
12.419999999999824 (-12.25487396743299, 1.0, -5.0013193314313895)
12.439999999999824 (-12.198784746571402, 1.0, -4.951041417028488)
12.459999999999823 (-12.143017770435794, 1.0, -4.9060212894013535)
12.479999999999823 (-12.085921908625352, 1.0, -4.865109667071383)
12.499999999999822 (-12.027418974237923, 1.0, -4.828016338833163)
12.519999999999822 (-11.966992492240264, 1.0, -4.796354119831522)
12.539999999999822 (-11.903528893624927, 1.0, -4.772067109140159)
12.559999999999821 (-11.836002349368911, 1.0, -4.7569365677041375)
12.57999999999982 (-11.76359716286443, 1.0, -4.752395013230008)
12.59999999999982 (-11.685576874097302, 1.0, -4.759632297861501)
12.61999999999982 (-11.601339597683603, 1.0, -4.779624066668415)
12.63999999999982 (-11.510363417386992, 1.0, -4.813223605015295)
12.659999999999819 (-11.411998316023464, 1.0, -4.861319442180299)
12.679999999999819 (-11.305807909401272, 1.0, -4.924551416631551)
12.699999999999818 (-11.192329445766973, 1.0, -5.002619514905123)
12.719999999999818 (-11.073258347068293, 1.0, -5.094071773530646)
12.739999999999817 (-10.953485497490721, 1.0, -5.188810715704279)
12.759999999999817 (-10.84006950890177, 1.0, -5.274904728476313)
12.779999999999816 (-10.73755420212995, 1.0, -5.348805989405352)
12.799999999999816 (-10.647088596420923, 1.0, -5.416861354848989)
12.819999999999816 (-10.567782110272042, 1.0, -5.483774258932769)
12.839999999999815 (-10.499241425480275, 1.0, -5.550316678479184)
12.859999999999815 (-10.441205808274947, 1.0, -5.615338588537967)
12.879999999999814 (-10.393185671011487, 1.0, -5.677189297862117)
12.899999999999814 (-10.354453024672878, 1.0, -5.734331208857315)
12.919999999999813 (-10.3239573963371, 1.0, -5.7857031102516965)
12.939999999999813 (-10.300363903374215, 1.0, -5.830567091994924)
12.959999999999813 (-10.282255079289515, 1.0, -5.868105097882285)
12.979999999999812 (-10.268135008976707, 1.0, -5.897433177334769)
12.999999999999812 (-10.256467656159215, 1.0, -5.9175631633760695)
13.019999999999811 (-10.245770230679932, 1.0, -5.927389382880131)
13.03999999999981 (-10.23482502178693, 1.0, -5.925661336104952)
13.05999999999981 (-10.222750548625154, 1.0, -5.910928938373238)
13.07999999999981 (-10.209006467442887, 1.0, -5.881535821111146)
13.09999999999981 (-10.19357082602719, 1.0, -5.835477483960796)
13.11999999999981 (-10.177183285579893, 1.0, -5.77048560711017)
13.139999999999809 (-10.16064527750234, 1.0, -5.684720789465899)
13.159999999999808 (-10.144513547856901, 1.0, -5.577989235112971)
13.179999999999808 (-10.128058490852009, 1.0, -5.455036997491385)
13.199999999999807 (-10.107786652006745, 1.0, -5.322787599117495)
13.219999999999807 (-10.081671016753335, 1.0, -5.187219752173345)
13.239999999999807 (-10.050883078487944, 1.0, -5.052721138320691)
13.259999999999806 (-10.018243574038967, 1.0, -4.920906315229263)
13.279999999999806 (-9.98701170719433, 1.0, -4.7934130057327735)
13.299999999999805 (-9.958467439196113, 1.0, -4.672185098717946)
13.319999999999805 (-9.932853967334037, 1.0, -4.558927536724797)
13.339999999999804 (-9.909802720479625, 1.0, -4.454824566625265)
13.359999999999804 (-9.888603970300714, 1.0, -4.36044998695664)
13.379999999999804 (-9.86838877341831, 1.0, -4.275784749367769)
13.399999999999803 (-9.848204498934527, 1.0, -4.20028194991392)
13.419999999999803 (-9.827049285710666, 1.0, -4.132961978217405)
13.439999999999802 (-9.803910310004735, 1.0, -4.07251656158918)
13.459999999999802 (-9.777756812950605, 1.0, -4.017425098720661)
13.479999999999801 (-9.74749977721118, 1.0, -3.96605344991361)
13.499999999999801 (-9.712062001999332, 1.0, -3.916732639241464)
13.5199999999998 (-9.670438635854467, 1.0, -3.867795152057759)
13.5399999999998 (-9.622379180806787, 1.0, -3.8181953566202256)
13.5599999999998 (-9.567910698268854, 1.0, -3.769975026494208)
13.5799999999998 (-9.505016845269017, 1.0, -3.726244862325155)
13.599999999999799 (-9.431908812205288, 1.0, -3.689555575748898)
13.619999999999798 (-9.347377867100912, 1.0, -3.661660867686335)
13.639999999999798 (-9.250666162477795, 1.0, -3.643608023478448)
13.659999999999798 (-9.141291794028737, 1.0, -3.63600453406703)
13.679999999999797 (-9.01872808477282, 1.0, -3.639291903607046)
13.699999999999797 (-8.882946847021833, 1.0, -3.6537565560463316)
13.719999999999796 (-8.735554129035858, 1.0, -3.6789897380949137)
13.739999999999796 (-8.587383356152465, 1.0, -3.705007656251938)
13.759999999999796 (-8.449214770489126, 1.0, -3.725318881836251)
13.779999999999795 (-8.323868375888447, 1.0, -3.741551724062852)
13.799999999999795 (-8.209849965445189, 1.0, -3.759237056297718)
13.819999999999794 (-8.105256581620472, 1.0, -3.781078568761289)
13.839999999999794 (-8.01045874044893, 1.0, -3.8065578067310524)
13.859999999999793 (-7.926006298477101, 1.0, -3.8343920893755756)
13.879999999999793 (-7.85205739388388, 1.0, -3.863284560277083)
13.899999999999793 (-7.788399992119941, 1.0, -3.891991047500122)
13.919999999999792 (-7.7345157658261074, 1.0, -3.9192711350682337)
13.939999999999792 (-7.6895956908180025, 1.0, -3.9438396076609097)
13.959999999999791 (-7.65260118324983, 1.0, -3.9643540985294794)
13.97999999999979 (-7.622333928430454, 1.0, -3.979328114469898)
13.99999999999979 (-7.597594511430397, 1.0, -3.987219199561101)
14.01999999999979 (-7.577402908076922, 1.0, -3.986449018551035)
14.03999999999979 (-7.561076012244611, 1.0, -3.9753752732275904)
14.059999999999789 (-7.548633376615297, 1.0, -3.9522171224442526)
14.079999999999789 (-7.541047303211064, 1.0, -3.9150782522335743)
14.099999999999788 (-7.540389189570258, 1.0, -3.8621380058524295)
14.119999999999788 (-7.549489334890356, 1.0, -3.7920416779726303)
14.139999999999787 (-7.570584817272231, 1.0, -3.704340488472392)
14.159999999999787 (-7.603428155946513, 1.0, -3.5987185722171047)
14.179999999999787 (-7.644731326003317, 1.0, -3.47779112072091)
14.199999999999786 (-7.689009267820499, 1.0, -3.3452233838893957)
14.219999999999786 (-7.731492001087534, 1.0, -3.2052853851383185)
14.239999999999785 (-7.7699238077174915, 1.0, -3.0627157225363737)
14.259999999999785 (-7.806132444553063, 1.0, -2.920097760662215)
14.279999999999784 (-7.842676547776549, 1.0, -2.781014732321375)
14.299999999999784 (-7.879812734466269, 1.0, -2.6481269804325347)
14.319999999999784 (-7.916857949365101, 1.0, -2.5233248886868664)
14.339999999999783 (-7.952782255406786, 1.0, -2.4076604624844653)
14.359999999999783 (-7.986538510334278, 1.0, -2.3013968752297473)
14.379999999999782 (-8.017255943519325, 1.0, -2.2041247962620254)
14.399999999999782 (-8.044307426936838, 1.0, -2.1148731174297266)
14.419999999999781 (-8.067304007189142, 1.0, -2.0322021853228227)
14.439999999999781 (-8.08608391097127, 1.0, -1.954329419989736)
14.45999999999978 (-8.100726029850584, 1.0, -1.8792703511549107)
14.47999999999978 (-8.111614819653388, 1.0, -1.8060570236272309)
14.49999999999978 (-8.117752737744217, 1.0, -1.7347126071285048)
14.51999999999978 (-8.117344216158505, 1.0, -1.664903267740217)
14.539999999999779 (-8.108517771931218, 1.0, -1.596323007141035)
14.559999999999778 (-8.089538415053667, 1.0, -1.528646122858351)
14.579999999999778 (-8.058933400072856, 1.0, -1.4616066162381849)
14.599999999999778 (-8.015398872572952, 1.0, -1.3949759789435652)
14.619999999999777 (-7.957807058203957, 1.0, -1.328596960344932)
14.639999999999777 (-7.885093921610196, 1.0, -1.2623275756472074)
14.659999999999776 (-7.796057378260611, 1.0, -1.1959159925634208)
14.679999999999776 (-7.690043955648356, 1.0, -1.1292607945748965)
14.699999999999775 (-7.567735180738618, 1.0, -1.0627226679104051)
14.719999999999775 (-7.431335353577204, 1.0, -0.997182587290368)
14.739999999999775 (-7.2914838361433905, 1.0, -0.9326123900137374)
14.759999999999774 (-7.16208770348019, 1.0, -0.8698541206360388)
14.779999999999774 (-7.048776211684516, 1.0, -0.8113515901684377)
14.799999999999773 (-6.946574834816111, 1.0, -0.7609353763600253)
14.819999999999773 (-6.850721391961312, 1.0, -0.7200295072557141)
14.839999999999772 (-6.760032534525983, 1.0, -0.6886621739299708)
14.859999999999772 (-6.67530186285521, 1.0, -0.6660790216652518)
14.879999999999772 (-6.59780755191273, 1.0, -0.6510600103487769)
14.899999999999771 (-6.528681969744977, 1.0, -0.6422062613477414)
14.91999999999977 (-6.468546290929083, 1.0, -0.6380676876000592)
14.93999999999977 (-6.417537756583773, 1.0, -0.6371161616502777)
14.95999999999977 (-6.375656550956884, 1.0, -0.6377374045205401)
14.97999999999977 (-6.34297400880846, 1.0, -0.6382242148618043)
14.999999999999769 (-6.31968810537709, 1.0, -0.6367988729349479)
15.019999999999769 (-6.3061353599438466, 1.0, -0.6316488417904259)
15.039999999999768 (-6.302883153131622, 1.0, -0.6211250653886571)
15.059999999999768 (-6.310838796849665, 1.0, -0.6037776030444274)
15.079999999999767 (-6.331055845382401, 1.0, -0.5782106735698447)
15.099999999999767 (-6.365224393758224, 1.0, -0.5434323758144651)
15.119999999999767 (-6.415702090802503, 1.0, -0.4990782222654103)
15.139999999999766 (-6.484554984092071, 1.0, -0.4451179066056627)
15.159999999999766 (-6.572033433646301, 1.0, -0.38198728113650093)
15.179999999999765 (-6.6734469033308335, 1.0, -0.31106224600185783)
15.199999999999765 (-6.7810433418016975, 1.0, -0.2324497315127908)
15.219999999999764 (-6.888697575167475, 1.0, -0.14714352297003752)
15.239999999999764 (-6.9930758474128405, 1.0, -0.05822484400372312)
15.259999999999764 (-7.09401773707871, 1.0, 0.03109475734978607)
15.279999999999763 (-7.1915495165392915, 1.0, 0.11721183560341591)
15.299999999999763 (-7.28455145434372, 1.0, 0.19813619422035939)
15.319999999999762 (-7.371650554994245, 1.0, 0.272883360740824)
15.339999999999762 (-7.451653558777665, 1.0, 0.3412341128883951)
15.359999999999761 (-7.523744557469931, 1.0, 0.40354108498108054)
15.379999999999761 (-7.587549292900364, 1.0, 0.4605671463536446)
15.39999999999976 (-7.643111110946455, 1.0, 0.5133879188901573)
15.41999999999976 (-7.690821683737651, 1.0, 0.5633153637133465)
15.43999999999976 (-7.731347597768909, 1.0, 0.611822642700404)
15.45999999999976 (-7.7655199953500995, 1.0, 0.6604984321647899)
15.479999999999759 (-7.794221079191821, 1.0, 0.7110513926540843)
15.499999999999758 (-7.818347932296895, 1.0, 0.7652006507870072)
15.519999999999758 (-7.8388009856991925, 1.0, 0.8246159725495789)
15.539999999999758 (-7.856509628709644, 1.0, 0.8908491618889205)
15.559999999999757 (-7.8716991814422315, 1.0, 0.9634991694520645)
15.579999999999757 (-7.881000494012666, 1.0, 1.0417275625005489)
15.599999999999756 (-7.880417839661979, 1.0, 1.1258874384552005)
15.619999999999756 (-7.8670943721710955, 1.0, 1.216023451942782)
15.639999999999755 (-7.839268742637714, 1.0, 1.3121426310323883)
15.659999999999755 (-7.79597369896718, 1.0, 1.414282189931219)
15.679999999999755 (-7.736592832221904, 1.0, 1.5225795523301668)
15.699999999999754 (-7.660790752628136, 1.0, 1.6370005318352063)
15.719999999999754 (-7.570389351485912, 1.0, 1.7562949016390415)
15.739999999999753 (-7.480014050670581, 1.0, 1.875442714675926)
15.759999999999753 (-7.398959703111461, 1.0, 1.9885152114317706)
15.779999999999752 (-7.326518637422427, 1.0, 2.092551143427178)
15.799999999999752 (-7.25752906447671, 1.0, 2.1863782810513954)
15.819999999999752 (-7.189376243806169, 1.0, 2.2701666704930217)
15.839999999999751 (-7.122892862177385, 1.0, 2.3437322078034764)
15.85999999999975 (-7.059478790168996, 1.0, 2.4071297603527806)
15.87999999999975 (-7.000308995608926, 1.0, 2.4607791981157145)
15.89999999999975 (-6.9463199285978074, 1.0, 2.5054210830376626)
15.91999999999975 (-6.89829543690798, 1.0, 2.542104570364852)
15.939999999999749 (-6.85691665191364, 1.0, 2.572183661397793)
15.959999999999749 (-6.822811046336641, 1.0, 2.597260423443194)
15.979999999999748 (-6.7966724578367455, 1.0, 2.6192084403005502)
15.999999999999748 (-6.779204423723633, 1.0, 2.639869707663929)
16.019999999999747 (-6.771241323825762, 1.0, 2.6609266494072754)
16.039999999999747 (-6.773933847878448, 1.0, 2.6837229835806227)
16.059999999999746 (-6.788981206209316, 1.0, 2.708984026204155)
16.079999999999746 (-6.818654438454101, 1.0, 2.736600792658889)
16.099999999999746 (-6.8656915851860765, 1.0, 2.7653818137099018)
16.119999999999745 (-6.93272425924607, 1.0, 2.7931997111294273)
16.139999999999745 (-7.021141233052403, 1.0, 2.8181322105300337)
16.159999999999744 (-7.1310619158005535, 1.0, 2.8398593361417297)
16.179999999999744 (-7.258644008321066, 1.0, 2.8609246737196323)
16.199999999999743 (-7.398466998649362, 1.0, 2.88467037466582)
16.219999999999743 (-7.544613524375531, 1.0, 2.9133010937175445)
16.239999999999743 (-7.691710873134551, 1.0, 2.9468304720563467)
16.259999999999742 (-7.838347184382499, 1.0, 2.98234214846457)
16.279999999999742 (-7.982491296913666, 1.0, 3.015812757142971)
16.29999999999974 (-8.121814045384642, 1.0, 3.045633232512436)
16.31999999999974 (-8.254221604039621, 1.0, 3.0714979102931483)
16.33999999999974 (-8.378216847737011, 1.0, 3.0938352844202486)
16.35999999999974 (-8.493014688508401, 1.0, 3.1134666520817205)
16.37999999999974 (-8.598533353089788, 1.0, 3.1313728319996024)
16.39999999999974 (-8.695326047521384, 1.0, 3.148570225809395)
16.41999999999974 (-8.784495321120106, 1.0, 3.166061370159049)
16.43999999999974 (-8.867581759840744, 1.0, 3.1847678863001643)
16.459999999999738 (-8.945779216935358, 1.0, 3.2049904625352705)
16.479999999999738 (-9.019041250551656, 1.0, 3.2273994657957226)
16.499999999999737 (-9.087336995012448, 1.0, 3.2536114610921274)
16.519999999999737 (-9.150539685081382, 1.0, 3.285286512883275)
16.539999999999736 (-9.20847429380744, 1.0, 3.3240606371953882)
16.559999999999736 (-9.26094927385413, 1.0, 3.3714953219051393)
16.579999999999735 (-9.307742701086664, 1.0, 3.429019010916417)
16.599999999999735 (-9.348595670637623, 1.0, 3.497922554449598)
16.619999999999735 (-9.38321095510207, 1.0, 3.579338419043183)
16.639999999999734 (-9.411295720074595, 1.0, 3.6744181159189924)
16.659999999999734 (-9.432606434628253, 1.0, 3.784544026135556)
16.679999999999733 (-9.447061249074785, 1.0, 3.9101819512325884)
16.699999999999733 (-9.45472776414606, 1.0, 4.050299592235526)
16.719999999999732 (-9.455791659149963, 1.0, 4.202307667196278)
16.739999999999732 (-9.454137471986904, 1.0, 4.357192817978095)
16.75999999999973 (-9.454981827156194, 1.0, 4.502131540503153)
16.77999999999973 (-9.458888326673955, 1.0, 4.630450739214043)
16.79999999999973 (-9.460576569074895, 1.0, 4.744687444907373)
16.81999999999973 (-9.456465989123325, 1.0, 4.8486664236894494)
16.83999999999973 (-9.4457518535204, 1.0, 4.943885912544304)
16.85999999999973 (-9.429372220294724, 1.0, 5.0301088737598985)
16.87999999999973 (-9.409026372366803, 1.0, 5.1067196689992)
16.89999999999973 (-9.38658013732108, 1.0, 5.173247920364755)
16.919999999999728 (-9.363762506391751, 1.0, 5.229562076846821)
16.939999999999728 (-9.342077177734641, 1.0, 5.275970850660803)
16.959999999999727 (-9.322947158367262, 1.0, 5.31320932625468)
16.979999999999727 (-9.307880762854614, 1.0, 5.342042301265934)
16.999999999999726 (-9.298524307143564, 1.0, 5.363062832177658)
17.019999999999726 (-9.296631446865641, 1.0, 5.37669964431821)
17.039999999999726 (-9.303937258202579, 1.0, 5.383102225987588)
17.059999999999725 (-9.322211803256788, 1.0, 5.382217037518105)
17.079999999999725 (-9.353223983120953, 1.0, 5.373722330964261)
17.099999999999724 (-9.39859159847904, 1.0, 5.356571176817442)
17.119999999999724 (-9.459603089162844, 1.0, 5.328986883179384)
17.139999999999723 (-9.537169708475092, 1.0, 5.289225642497098)
17.159999999999723 (-9.630907612118417, 1.0, 5.237070208024099)
17.179999999999723 (-9.737513095470907, 1.0, 5.176395959458273)
17.199999999999722 (-9.853454862300474, 1.0, 5.114185871818572)
17.21999999999972 (-9.975195174607832, 1.0, 5.055280267232156)
17.23999999999972 (-10.098528731339501, 1.0, 5.001129985101088)
17.25999999999972 (-10.220498403211092, 1.0, 4.95050446148137)
17.27999999999972 (-10.337981797508125, 1.0, 4.901872961789756)
17.29999999999972 (-10.44876091951801, 1.0, 4.855366898780658)
17.31999999999972 (-10.551393657611467, 1.0, 4.8117621336866705)
17.33999999999972 (-10.64517870291211, 1.0, 4.771995541430649)
17.35999999999972 (-10.73006887202271, 1.0, 4.7369143388772725)
17.37999999999972 (-10.806562672112703, 1.0, 4.707160674746265)
17.399999999999718 (-10.87560704057161, 1.0, 4.68315366459824)
17.419999999999717 (-10.938498262365892, 1.0, 4.665119452392142)
17.439999999999717 (-10.996796431088415, 1.0, 4.6531323768295465)
17.459999999999717 (-11.052233082180324, 1.0, 4.647205576538457)
17.479999999999716 (-11.106633630856493, 1.0, 4.6473536220803116)
17.499999999999716 (-11.161847897391358, 1.0, 4.6536257767352245)
17.519999999999715 (-11.21968916255202, 1.0, 4.666105577958349)
17.539999999999715 (-11.281882723843937, 1.0, 4.68487036864142)
17.559999999999715 (-11.350022289736643, 1.0, 4.709901264534959)
17.579999999999714 (-11.423995215210537, 1.0, 4.740864753720225)
17.599999999999714 (-11.500933173012942, 1.0, 4.780052159440695)
17.619999999999713 (-11.578498455316506, 1.0, 4.831600741536558)
17.639999999999713 (-11.654968273053289, 1.0, 4.89835923571388)
17.659999999999712 (-11.729263410532935, 1.0, 4.9817747963020045)
17.679999999999712 (-11.800871721043961, 1.0, 5.082453368001544)
17.69999999999971 (-11.869538576343487, 1.0, 5.200829636102346)
17.71999999999971 (-11.935621661471181, 1.0, 5.333068816404174)
17.73999999999971 (-12.001292329964354, 1.0, 5.464585722422964)
17.75999999999971 (-12.065705428022282, 1.0, 5.58599357769218)
17.77999999999971 (-12.125756570067756, 1.0, 5.697326038458557)
17.79999999999971 (-12.178440594748125, 1.0, 5.802020158011726)
17.81999999999971 (-12.22288024608601, 1.0, 5.9014662215047435)
17.83999999999971 (-12.259318158442872, 1.0, 5.994515534945773)
17.859999999999708 (-12.288390536732939, 1.0, 6.079863395572887)
17.879999999999708 (-12.310934257785974, 1.0, 6.1566608228056925)
17.899999999999707 (-12.327967386125334, 1.0, 6.224474104323822)
17.919999999999707 (-12.34076358407683, 1.0, 6.283214812216426)
17.939999999999706 (-12.350867857272188, 1.0, 6.333008145037458)
17.959999999999706 (-12.360105718599796, 1.0, 6.3741644262630075)
17.979999999999706 (-12.370465487182463, 1.0, 6.407166401921938)
17.999999999999705 (-12.383887864006908, 1.0, 6.432328305953904)
18.019999999999705 (-12.402254561201508, 1.0, 6.449793209160553)
18.039999999999704 (-12.427255503645798, 1.0, 6.459063748154889)
18.059999999999704 (-12.460281461481305, 1.0, 6.458771210786175)
18.079999999999703 (-12.502207115255421, 1.0, 6.44661353920713)
18.099999999999703 (-12.553080000637339, 1.0, 6.419284268528496)
18.119999999999703 (-12.611990515666033, 1.0, 6.373208039793376)
18.139999999999702 (-12.67770805816815, 1.0, 6.306344146480619)
18.1599999999997 (-12.749509252735518, 1.0, 6.218548934479765)
18.1799999999997 (-12.828604873115989, 1.0, 6.114236297774744)
18.1999999999997 (-12.915625435814551, 1.0, 5.9995677320791545)
18.2199999999997 (-13.009957362532697, 1.0, 5.880826129283898)
18.2399999999997 (-13.109389886076075, 1.0, 5.7628872593861455)
18.2599999999997 (-13.21064651752784, 1.0, 5.6456371648850245)
18.2799999999997 (-13.309137135400352, 1.0, 5.528981978213965)
18.2999999999997 (-13.402060450278148, 1.0, 5.414268605360941)
18.3199999999997 (-13.488099460933476, 1.0, 5.303348434202122)
18.339999999999698 (-13.566922199992561, 1.0, 5.19787561949976)
18.359999999999697 (-13.638885608494025, 1.0, 5.099021635520168)
18.379999999999697 (-13.704817702803464, 1.0, 5.007371723654599)
18.399999999999697 (-13.76587643013298, 1.0, 4.922924922053587)
18.419999999999696 (-13.82335532416235, 1.0, 4.845134132073684)
18.439999999999696 (-13.877983267193384, 1.0, 4.773522494385518)
18.459999999999695 (-13.930736684748258, 1.0, 4.708219342322724)
18.479999999999695 (-13.98298264460154, 1.0, 4.649496242977847)
18.499999999999694 (-14.036176097463887, 1.0, 4.597750095005146)
18.519999999999694 (-14.09189710053097, 1.0, 4.553493967602876)
18.539999999999694 (-14.151602773166593, 1.0, 4.517295911327498)
18.559999999999693 (-14.216631139128367, 1.0, 4.489804751469331)
18.579999999999693 (-14.288301419623156, 1.0, 4.471744114341386)
18.599999999999692 (-14.36777763603189, 1.0, 4.463845489259982)
18.619999999999692 (-14.456115232681926, 1.0, 4.466841416110121)
18.63999999999969 (-14.554520838338654, 1.0, 4.48150303845909)
18.65999999999969 (-14.66415954510508, 1.0, 4.508475924114956)
18.67999999999969 (-14.785180873094504, 1.0, 4.547733486299089)
18.69999999999969 (-14.916456043781213, 1.0, 4.598613099626114)
18.71999999999969 (-15.05551932660237, 1.0, 4.659792149153051)
18.73999999999969 (-15.196335902557307, 1.0, 4.725528269995009)
18.75999999999969 (-15.329378806835098, 1.0, 4.785357415163612)
18.77999999999969 (-15.448294747524717, 1.0, 4.835792808893342)
18.799999999999688 (-15.552832308473823, 1.0, 4.881843813996402)
18.819999999999688 (-15.644985895422353, 1.0, 4.9286060728862875)
18.839999999999687 (-15.726256282576651, 1.0, 4.978030405788241)
18.859999999999687 (-15.797001558601204, 1.0, 5.029410139015461)
18.879999999999686 (-15.857394626161032, 1.0, 5.080958792212126)
18.899999999999686 (-15.90776612991632, 1.0, 5.130611982911936)
18.919999999999686 (-15.948677021397968, 1.0, 5.1765174269703795)
18.939999999999685 (-15.980902409073726, 1.0, 5.217206732864882)
18.959999999999685 (-16.005507083923504, 1.0, 5.251519633391522)
18.979999999999684 (-16.0238081870646, 1.0, 5.278440501302218)
18.999999999999684 (-16.03709227448221, 1.0, 5.296840618061304)
19.019999999999683 (-16.04647145240738, 1.0, 5.3054000176791485)
19.039999999999683 (-16.05289968093148, 1.0, 5.302551841507336)
19.059999999999683 (-16.05712255668515, 1.0, 5.286590539862278)
19.079999999999682 (-16.0595136148114, 1.0, 5.255745220578585)
19.09999999999968 (-16.059858927551126, 1.0, 5.208238562225042)
19.11999999999968 (-16.0573696722052, 1.0, 5.142342245939285)
19.13999999999968 (-16.051039966811405, 1.0, 5.056569014085476)
19.15999999999968 (-16.040770144299493, 1.0, 4.951454170468061)
19.17999999999968 (-16.028990202939077, 1.0, 4.8319328670443875)
19.19999999999968 (-16.020580964765287, 1.0, 4.704183686581462)
19.21999999999968 (-16.018060585858347, 1.0, 4.573233023215722)
19.23999999999968 (-16.020606157989913, 1.0, 4.443309311011125)
19.25999999999968 (-16.025910324551887, 1.0, 4.316598368625444)
19.279999999999678 (-16.031528336066994, 1.0, 4.1951806231401205)
19.299999999999677 (-16.03664704325496, 1.0, 4.08103081100333)
19.319999999999677 (-16.041321490931878, 1.0, 3.975706191163569)
19.339999999999677 (-16.04605216575343, 1.0, 3.8801864875858114)
19.359999999999676 (-16.05151494731065, 1.0, 3.7948555232414116)
19.379999999999676 (-16.058430700892288, 1.0, 3.719550362931441)
19.399999999999675 (-16.067518144472224, 1.0, 3.6536400974477012)
19.419999999999675 (-16.07948343209088, 1.0, 3.5961214388226597)
19.439999999999674 (-16.09503142284054, 1.0, 3.5457168991971)
19.459999999999674 (-16.114908826202953, 1.0, 3.5009950984204874)
19.479999999999674 (-16.13992982518227, 1.0, 3.460467790897984)
19.499999999999673 (-16.170982276021256, 1.0, 3.4226695296552627)
19.519999999999673 (-16.20901211925674, 1.0, 3.3862168677332867)
19.539999999999672 (-16.25498442846473, 1.0, 3.349843659180033)
19.559999999999672 (-16.309818898838376, 1.0, 3.3124085967568107)
19.57999999999967 (-16.37433355240627, 1.0, 3.272871652603487)
19.59999999999967 (-16.449144697232878, 1.0, 3.230258730469566)
19.61999999999967 (-16.533338817737825, 1.0, 3.185501413469644)
19.63999999999967 (-16.62777198591831, 1.0, 3.1436464149211556)
19.65999999999967 (-16.734891843567382, 1.0, 3.1095458569678285)
19.67999999999967 (-16.85571471800983, 1.0, 3.0861407025449727)
19.69999999999967 (-16.990546250143133, 1.0, 3.0748611447524956)
19.71999999999967 (-17.134145721703646, 1.0, 3.071347310692056)
19.739999999999668 (-17.275889387693066, 1.0, 3.0681949803827795)
19.759999999999668 (-17.409356205015957, 1.0, 3.0628491125065738)
19.779999999999667 (-17.53399151540247, 1.0, 3.058800729345637)
19.799999999999667 (-17.65091478551046, 1.0, 3.0592584501132665)
19.819999999999666 (-17.759698696978962, 1.0, 3.0645841768309117)
19.839999999999666 (-17.85902487804239, 1.0, 3.0737012255077167)
19.859999999999665 (-17.947862145233227, 1.0, 3.0853919367460025)
19.879999999999665 (-18.025804245405354, 1.0, 3.0985718262398625)
19.899999999999665 (-18.09308700581687, 1.0, 3.112213322622455)
19.919999999999664 (-18.1503394409694, 1.0, 3.125182717179241)
19.939999999999664 (-18.198629473120448, 1.0, 3.136222853201837)
19.959999999999663 (-18.239404630584414, 1.0, 3.143887490299398)
19.979999999999663 (-18.274191730684354, 1.0, 3.1467590579797573)
19.999999999999662 (-18.3044519725238, 1.0, 3.143413845016527)
20.019999999999662 (-18.331106933842417, 1.0, 3.1322646759141097)
20.03999999999966 (-18.35429188854431, 1.0, 3.1114910425821276)
20.05999999999966 (-18.373182569447938, 1.0, 3.079126100139217)
20.07999999999966 (-18.38575817932434, 1.0, 3.0332268334717463)
20.09999999999966 (-18.388606693824908, 1.0, 2.97218729019758)
20.11999999999966 (-18.377759878175354, 1.0, 2.895285856055044)
20.13999999999966 (-18.350904082566775, 1.0, 2.802933981784186)
20.15999999999966 (-18.307950286599837, 1.0, 2.696091614586533)
20.17999999999966 (-18.25285439415589, 1.0, 2.5749958006955103)
20.19999999999966 (-18.19125614965429, 1.0, 2.4418734657625887)
20.219999999999658 (-18.128638603526156, 1.0, 2.2998046602579225)
20.239999999999657 (-18.06821395158556, 1.0, 2.1528740974453884)
20.259999999999657 (-18.00870276264225, 1.0, 2.003903579384725)
20.279999999999657 (-17.947672508862627, 1.0, 1.8568749954810206)
20.299999999999656 (-17.88479412369478, 1.0, 1.715329495686018)
20.319999999999656 (-17.82118598020035, 1.0, 1.5815218814206238)
20.339999999999655 (-17.75829121087683, 1.0, 1.4566620522887102)
20.359999999999655 (-17.697379619411578, 1.0, 1.3411138861942675)
20.379999999999654 (-17.639393427108377, 1.0, 1.2347849748506263)
20.399999999999654 (-17.585130367682712, 1.0, 1.1374387504952113)
20.419999999999654 (-17.53544352783947, 1.0, 1.0482325536928754)
20.439999999999653 (-17.49098070948168, 1.0, 0.9659170117633719)
20.459999999999653 (-17.452264339010263, 1.0, 0.8890450586656246)
20.479999999999652 (-17.419766950617117, 1.0, 0.8160613153320486)
20.499999999999652 (-17.39393736379683, 1.0, 0.745510127172017)
20.51999999999965 (-17.375386240217242, 1.0, 0.6762826622292505)
20.53999999999965 (-17.36519391502221, 1.0, 0.6074927932160326)
20.55999999999965 (-17.364835338845364, 1.0, 0.5381354967130141)
20.57999999999965 (-17.375833533510214, 1.0, 0.4671233300839753)
20.59999999999965 (-17.39955086974875, 1.0, 0.3934341125219955)
20.61999999999965 (-17.437289671420686, 1.0, 0.3159919577171753)
20.63999999999965 (-17.490440602812807, 1.0, 0.23345469418286832)
20.65999999999965 (-17.55953182092686, 1.0, 0.14492693760543618)
20.679999999999648 (-17.643923248590784, 1.0, 0.05042821186888433)
20.699999999999648 (-17.74218976011175, 1.0, -0.04903700972131379)
20.719999999999647 (-17.85202148372368, 1.0, -0.15150613682085173)
20.739999999999647 (-17.966692277351694, 1.0, -0.25361122761759775)
20.759999999999646 (-18.075610004614315, 1.0, -0.35085254240211033)
20.779999999999646 (-18.172046920134836, 1.0, -0.4389921873025592)
20.799999999999645 (-18.256908520859685, 1.0, -0.5153786496339807)
20.819999999999645 (-18.33600769211749, 1.0, -0.5793902432096174)
20.839999999999645 (-18.41324383433445, 1.0, -0.6320076595347733)
20.859999999999644 (-18.488683547693835, 1.0, -0.6739341611926041)
20.879999999999644 (-18.561031459679693, 1.0, -0.7059893866862406)
20.899999999999643 (-18.628356187887835, 1.0, -0.7293429235081248)
20.919999999999643 (-18.68883272102047, 1.0, -0.7453474379206063)
20.939999999999642 (-18.74113423907985, 1.0, -0.7553413737585178)
20.959999999999642 (-18.78431783378554, 1.0, -0.7606900363189291)
20.97999999999964 (-18.817683488658794, 1.0, -0.7628619900902768)
20.99999999999964 (-18.84073030192144, 1.0, -0.7634561913970062)
21.01999999999964 (-18.8528232382532, 1.0, -0.7640489022660777)
21.03999999999964 (-18.853020145848028, 1.0, -0.7661241079192302)
21.05999999999964 (-18.84005040964478, 1.0, -0.7710203888100379)
21.07999999999964 (-18.812442685759894, 1.0, -0.7798302652012081)
21.09999999999964 (-18.768653603682893, 1.0, -0.7932419475586112)
21.11999999999964 (-18.70716998969411, 1.0, -0.8115473523965707)
21.139999999999638 (-18.62649064242445, 1.0, -0.8346844026005424)
21.159999999999638 (-18.528151372818876, 1.0, -0.8623920750120873)
21.179999999999637 (-18.418605086744318, 1.0, -0.8954002015687846)
21.199999999999637 (-18.30499563587795, 1.0, -0.9354581130084162)
21.219999999999636 (-18.19260154693789, 1.0, -0.9823731351883642)
21.239999999999636 (-18.083780242686593, 1.0, -1.0331151073104534)
21.259999999999636 (-17.97994348325261, 1.0, -1.0844968858318171)
21.279999999999635 (-17.881994336770045, 1.0, -1.1342595925648638)
21.299999999999635 (-17.79130523877519, 1.0, -1.1810917058162986)
21.319999999999634 (-17.709125530542646, 1.0, -1.2243362049864475)
21.339999999999634 (-17.63639661762795, 1.0, -1.2639636865273385)
21.359999999999634 (-17.57363350065473, 1.0, -1.30031934522727)
21.379999999999633 (-17.520919878495906, 1.0, -1.333963808933599)
21.399999999999633 (-17.47796978097133, 1.0, -1.365631456488584)
21.419999999999632 (-17.444198767674152, 1.0, -1.3962022861908394)
21.439999999999632 (-17.41883705376057, 1.0, -1.4266844742770444)
21.45999999999963 (-17.401045106764876, 1.0, -1.4582012755096792)
21.47999999999963 (-17.390011095236012, 1.0, -1.4919715835569534)
21.49999999999963 (-17.385028232770818, 1.0, -1.5292794361351423)
21.51999999999963 (-17.385546721246193, 1.0, -1.5714328486669074)
21.53999999999963 (-17.39119839665148, 1.0, -1.6197169025382714)
21.55999999999963 (-17.40179586267507, 1.0, -1.6753473348237593)
21.57999999999963 (-17.417309911110056, 1.0, -1.739429837296956)
21.59999999999963 (-17.437829172702532, 1.0, -1.81292798266932)
21.619999999999628 (-17.463503987355768, 1.0, -1.8966395688882256)
21.639999999999628 (-17.494472276999193, 1.0, -1.9911772837902448)
21.659999999999627 (-17.530758326638363, 1.0, -2.0969442154721207)
21.679999999999627 (-17.5721083765292, 1.0, -2.213894651840061)
21.699999999999626 (-17.618658187835102, 1.0, -2.337453640109522)
21.719999999999626 (-17.666827979230447, 1.0, -2.4637767741385592)
21.739999999999625 (-17.713422780043498, 1.0, -2.588274464748801)
21.759999999999625 (-17.75782736974218, 1.0, -2.708271683417965)
21.779999999999625 (-17.802428614481766, 1.0, -2.821740121185476)
21.799999999999624 (-17.848881996731894, 1.0, -2.9272813840794507)
21.819999999999624 (-17.896784631012792, 1.0, -3.0232194346597576)
21.839999999999623 (-17.944855486668285, 1.0, -3.1083292365481223)
21.859999999999623 (-17.991538341259073, 1.0, -3.18206350587607)
21.879999999999622 (-18.035345187283134, 1.0, -3.244644413031079)
21.899999999999622 (-18.075061282461498, 1.0, -3.2970024182151447)
21.91999999999962 (-18.109864332421793, 1.0, -3.3406429854810504)
21.93999999999962 (-18.13926832543652, 1.0, -3.377442572341556)
21.95999999999962 (-18.163017121340587, 1.0, -3.409509872056527)
21.97999999999962 (-18.180917293379167, 1.0, -3.4390367195558817)
21.99999999999962 (-18.192534686977478, 1.0, -3.4680845312940765)
22.01999999999962 (-18.196881158095536, 1.0, -3.498342078599423)
22.03999999999962 (-18.192312011502622, 1.0, -3.5309770714233615)
22.05999999999962 (-18.176476738693143, 1.0, -3.566395526556499)
22.079999999999618 (-18.146295505604435, 1.0, -3.6038626139576184)
22.099999999999618 (-18.09821140516459, 1.0, -3.6411494277789807)
22.119999999999617 (-18.029318677854405, 1.0, -3.674792221094673)
22.139999999999617 (-17.938611028922104, 1.0, -3.7023666226187486)
22.159999999999616 (-17.826706623944457, 1.0, -3.723471928195354)
22.179999999999616 (-17.694227883125457, 1.0, -3.7402519775692773)
22.199999999999616 (-17.54587307706986, 1.0, -3.7558536353503054)
22.219999999999615 (-17.387017449215765, 1.0, -3.774288242234219)
22.239999999999615 (-17.22272029752537, 1.0, -3.7964857843570496)
22.259999999999614 (-17.055295704689797, 1.0, -3.8202259661630578)
22.279999999999614 (-16.88708758120962, 1.0, -3.841168829887218)
22.299999999999613 (-16.721252661907336, 1.0, -3.8567010498295957)
22.319999999999613 (-16.560800261780663, 1.0, -3.8663117608666404)
22.339999999999613 (-16.40813376188827, 1.0, -3.8704428675115423)
22.359999999999612 (-16.2651050638916, 1.0, -3.8699633077724904)
22.37999999999961 (-16.132886300062953, 1.0, -3.866103283581483)
22.39999999999961 (-16.011788273729568, 1.0, -3.8603335757423745)
22.41999999999961 (-15.901505947184436, 1.0, -3.8540487534183243)
22.43999999999961 (-15.8012984323315, 1.0, -3.8485927734718675)
22.45999999999961 (-15.710177238602306, 1.0, -3.8452467809954904)
22.47999999999961 (-15.627076908240088, 1.0, -3.8452239418575433)
22.49999999999961 (-15.550901570402251, 1.0, -3.849829044515124)
22.51999999999961 (-15.480605539300738, 1.0, -3.8604320035439783)
22.53999999999961 (-15.415228656482675, 1.0, -3.8784504890118776)
22.559999999999608 (-15.356167616881846, 1.0, -3.912130681993789)
22.579999999999607 (-15.301828667789879, 1.0, -3.9623349638303913)
22.599999999999607 (-15.250210491478668, 1.0, -4.0225451215729535)
22.619999999999607 (-15.199110351486183, 1.0, -4.088959568420142)
22.639999999999606 (-15.14885390642679, 1.0, -4.164810517869002)
22.659999999999606 (-15.10010152033658, 1.0, -4.259306870222564)
22.679999999999605 (-15.052143540041984, 1.0, -4.370299569310164)
22.699999999999605 (-15.005052006101643, 1.0, -4.495034619494056)
22.719999999999605 (-14.959897249312284, 1.0, -4.630743346574627)
22.739999999999604 (-14.917729237687535, 1.0, -4.772167728947144)
22.759999999999604 (-14.879362840685785, 1.0, -4.910535329987292)
22.779999999999603 (-14.845249560701614, 1.0, -5.036886184088784)
22.799999999999603 (-14.81716712780449, 1.0, -5.14721473977131)
22.819999999999602 (-14.797959089144815, 1.0, -5.245793299669517)
22.839999999999602 (-14.788530264651436, 1.0, -5.336790562357026)
22.8599999999996 (-14.78828279208449, 1.0, -5.42167056404258)
22.8799999999996 (-14.796295121566786, 1.0, -5.500314146922297)
22.8999999999996 (-14.811094108200498, 1.0, -5.571681367587366)
22.9199999999996 (-14.83062688281704, 1.0, -5.634307577438953)
22.9399999999996 (-14.852784871317048, 1.0, -5.687104532689717)
22.9599999999996 (-14.875776356188293, 1.0, -5.72946731989323)
22.9799999999996 (-14.897945526182655, 1.0, -5.76114770508527)
22.9999999999996 (-14.917634490910542, 1.0, -5.7820557522228615)
23.019999999999598 (-14.93313396458241, 1.0, -5.792077861446964)
23.039999999999598 (-14.94267588981254, 1.0, -5.791033456209533)
23.059999999999597 (-14.94448421933915, 1.0, -5.778474626852859)
23.079999999999597 (-14.936903993479142, 1.0, -5.753595070738657)
23.099999999999596 (-14.918683177479274, 1.0, -5.7153377165381105)
23.119999999999596 (-14.888836080993778, 1.0, -5.662942564766776)
23.139999999999596 (-14.846571579074416, 1.0, -5.595835437294519)
23.159999999999595 (-14.793445822365339, 1.0, -5.517407065689237)
23.179999999999595 (-14.730693495697771, 1.0, -5.43447514139578)
23.199999999999594 (-14.660306538559828, 1.0, -5.353256089483678)
23.219999999999594 (-14.585152104794412, 1.0, -5.277975501224814)
23.239999999999593 (-14.509208754142033, 1.0, -5.20866204731873)
23.259999999999593 (-14.436007965840783, 1.0, -5.144996439887745)
23.279999999999593 (-14.367730645674525, 1.0, -5.086980281524565)
23.299999999999592 (-14.305507563708659, 1.0, -5.035553442196394)
23.31999999999959 (-14.249995297586121, 1.0, -4.991682475999767)
23.33999999999959 (-14.201673193772182, 1.0, -4.955932265786754)
23.35999999999959 (-14.160742499747693, 1.0, -4.928475511881727)
23.37999999999959 (-14.12701468250497, 1.0, -4.909299600126935)
23.39999999999959 (-14.100037934044764, 1.0, -4.898179781559465)
23.41999999999959 (-14.079164854632467, 1.0, -4.894725153739956)
23.43999999999959 (-14.063568546753457, 1.0, -4.898523704918879)
23.45999999999959 (-14.05228235408087, 1.0, -4.909247633231005)
23.47999999999959 (-14.044314507734985, 1.0, -4.926598177112836)
23.499999999999588 (-14.03868765448344, 1.0, -4.950258220365461)
23.519999999999587 (-14.034345417259106, 1.0, -4.980655079389866)
23.539999999999587 (-14.029295166673407, 1.0, -5.018539978488093)
23.559999999999587 (-14.018235832905354, 1.0, -5.063877611304256)
23.579999999999586 (-13.998196122516338, 1.0, -5.11507684034667)
23.599999999999586 (-13.96763257692564, 1.0, -5.172223471360091)
23.619999999999585 (-13.925639111768838, 1.0, -5.236804021788152)
23.639999999999585 (-13.872001986476414, 1.0, -5.310163692437982)
23.659999999999584 (-13.807051313134972, 1.0, -5.39312229474695)
23.679999999999584 (-13.731513810018207, 1.0, -5.48521455558269)
23.699999999999584 (-13.647739100831267, 1.0, -5.577290125501319)
23.719999999999583 (-13.560143852138749, 1.0, -5.665184213376598)
23.739999999999583 (-13.473125066114592, 1.0, -5.750606341681874)
23.759999999999582 (-13.389530271661807, 1.0, -5.83634795837161)
23.779999999999582 (-13.310658049694203, 1.0, -5.921235380615318)
23.79999999999958 (-13.23865842396167, 1.0, -6.003648279089593)
23.81999999999958 (-13.175171373516969, 1.0, -6.082050034838051)
23.83999999999958 (-13.120943236860812, 1.0, -6.154924146104614)
23.85999999999958 (-13.075925371283532, 1.0, -6.221079790958027)
23.87999999999958 (-13.039498801662651, 1.0, -6.279865661105414)
23.89999999999958 (-13.01059903399807, 1.0, -6.331113572340989)
23.91999999999958 (-12.987762723794123, 1.0, -6.375138345349036)
23.93999999999958 (-12.969245323656606, 1.0, -6.412639590288565)
23.959999999999578 (-12.953094450126708, 1.0, -6.44444614794502)
23.979999999999578 (-12.937188199584662, 1.0, -6.471293766502781)
23.999999999999577 (-12.919258870908205, 1.0, -6.493588485665138)
24.019999999999577 (-12.896945414155825, 1.0, -6.51123608601483)
24.039999999999576 (-12.867853029401859, 1.0, -6.5236404675699005)
24.059999999999576 (-12.829772347861818, 1.0, -6.529183934782566)
24.079999999999576 (-12.780987017627941, 1.0, -6.524863881716335)
24.099999999999575 (-12.720710823695244, 1.0, -6.506553462808667)
24.119999999999575 (-12.649438360842586, 1.0, -6.469859585125981)
24.139999999999574 (-12.56871152883782, 1.0, -6.411161234589613)
24.159999999999574 (-12.48036006858863, 1.0, -6.329141849935919)
24.179999999999573 (-12.384376765681141, 1.0, -6.226296731625366)
24.199999999999573 (-12.280190577099264, 1.0, -6.109258625832944)
24.219999999999573 (-12.16763745970725, 1.0, -5.9840342409477305)
24.239999999999572 (-12.049452216953204, 1.0, -5.854776969073898)
24.25999999999957 (-11.929067531324591, 1.0, -5.720965556339324)
24.27999999999957 (-11.812646694952546, 1.0, -5.5818976278994015)
24.29999999999957 (-11.70443520240729, 1.0, -5.439760475669751)
24.31999999999957 (-11.60674076434746, 1.0, -5.297734422401642)
24.33999999999957 (-11.520651959660087, 1.0, -5.159027168367381)
24.35999999999957 (-11.446094000318565, 1.0, -5.026379263863594)
24.37999999999957 (-11.382273325868232, 1.0, -4.901839567446644)
24.39999999999957 (-11.327911661989203, 1.0, -4.786775603825103)
24.41999999999957 (-11.281411880242977, 1.0, -4.681972339665029)
24.439999999999568 (-11.24090237607573, 1.0, -4.587765704950346)
24.459999999999567 (-11.204111996882117, 1.0, -4.504057983136049)
24.479999999999567 (-11.168818132652763, 1.0, -4.430197596488508)
24.499999999999567 (-11.131100154837052, 1.0, -4.367892814172926)
24.519999999999566 (-11.080946195122975, 1.0, -4.322413966333295)
24.539999999999566 (-11.025614930710772, 1.0, -4.286581211929001)
24.559999999999565 (-10.966762835165545, 1.0, -4.258447916137289)
24.579999999999565 (-10.902813548411737, 1.0, -4.237612005418123)
24.599999999999564 (-10.831802210124104, 1.0, -4.2241135003417165)
24.619999999999564 (-10.754017741363455, 1.0, -4.218281713989787)
24.639999999999564 (-10.671549518137216, 1.0, -4.217587202006772)
24.659999999999563 (-10.581905975901568, 1.0, -4.22223865494969)
24.679999999999563 (-10.477358289000854, 1.0, -4.235916403144724)
24.699999999999562 (-10.360477324124378, 1.0, -4.256825512711726)
24.719999999999562 (-10.23388764335901, 1.0, -4.284581627535688)
24.73999999999956 (-10.099955425935992, 1.0, -4.319953557858363)
24.75999999999956 (-9.963253816044361, 1.0, -4.36215304402197)
24.77999999999956 (-9.833681913321044, 1.0, -4.4061802442933296)
24.79999999999956 (-9.718920830806788, 1.0, -4.449252293534601)
24.81999999999956 (-9.621931621605897, 1.0, -4.491818581898771)
24.83999999999956 (-9.53946847055545, 1.0, -4.53776940823227)
24.85999999999956 (-9.468296967865188, 1.0, -4.588462875337422)
24.87999999999956 (-9.407279387526536, 1.0, -4.643586270696079)
24.899999999999558 (-9.356260054933102, 1.0, -4.7021223154896905)
24.919999999999558 (-9.315440004932514, 1.0, -4.76257837633059)
24.939999999999557 (-9.285122152877339, 1.0, -4.823072687050384)
24.959999999999557 (-9.26540805657859, 1.0, -4.881527393387857)
24.979999999999556 (-9.256042120301212, 1.0, -4.9358821731933125)
24.999999999999556 (-9.256457079347559, 1.0, -4.984221127918602)
25.019999999999555 (-9.265737247503514, 1.0, -5.024630133912478)
25.039999999999555 (-9.282846536718019, 1.0, -5.054981915596252)
25.059999999999555 (-9.307041015217377, 1.0, -5.073086888159235)
25.079999999999554 (-9.337862810428796, 1.0, -5.076815763489352)
25.099999999999554 (-9.375394749223823, 1.0, -5.064540945720321)
25.119999999999553 (-9.419419591097709, 1.0, -5.035201855267196)
25.139999999999553 (-9.468252824363837, 1.0, -4.989211076406492)
25.159999999999553 (-9.517873392554018, 1.0, -4.929581398922204)
25.179999999999552 (-9.56379685851991, 1.0, -4.860903439583622)
25.19999999999955 (-9.602755455220015, 1.0, -4.788052533820594)
25.21999999999955 (-9.6333166486814, 1.0, -4.715682296242172)
25.23999999999955 (-9.658066202214169, 1.0, -4.6469979080352894)
25.25999999999955 (-9.679353273453962, 1.0, -4.5851004829430595)
25.27999999999955 (-9.697859211794663, 1.0, -4.532133153430924)
25.29999999999955 (-9.714263868642576, 1.0, -4.4891856609620735)
25.31999999999955 (-9.728583763486533, 1.0, -4.457041666357788)
25.33999999999955 (-9.74049567234598, 1.0, -4.436084724099424)
25.35999999999955 (-9.74968538991966, 1.0, -4.426383544083421)
25.379999999999548 (-9.755959398546873, 1.0, -4.427720739741779)
25.399999999999547 (-9.75962080108424, 1.0, -4.439662096444457)
25.419999999999547 (-9.761546234926689, 1.0, -4.4614534686517)
25.439999999999547 (-9.760702823177024, 1.0, -4.489761115238816)
25.459999999999546 (-9.75650785737641, 1.0, -4.5204182017792025)
25.479999999999546 (-9.749132569677748, 1.0, -4.550781812086468)
25.499999999999545 (-9.736997138553244, 1.0, -4.579901295378834)
25.519999999999545 (-9.717091808499966, 1.0, -4.607215158915393)
25.539999999999544 (-9.687117328620355, 1.0, -4.631591289242043)
25.559999999999544 (-9.645452406002663, 1.0, -4.651838834508869)
25.579999999999544 (-9.590331350373269, 1.0, -4.667711747816935)
25.599999999999543 (-9.521151788255326, 1.0, -4.679622823976812)
25.619999999999543 (-9.438215827890973, 1.0, -4.688189177504923)
25.639999999999542 (-9.341860186203869, 1.0, -4.694031433940422)
25.659999999999542 (-9.23748564021008, 1.0, -4.693782671185514)
25.67999999999954 (-9.131793561652202, 1.0, -4.6856023364610735)
25.69999999999954 (-9.02813199879679, 1.0, -4.672478008294617)
25.71999999999954 (-8.927600584277892, 1.0, -4.658702719760845)
25.73999999999954 (-8.830379888464345, 1.0, -4.646694482223983)
25.75999999999954 (-8.736424960060459, 1.0, -4.638775731036439)
25.77999999999954 (-8.6466839328139, 1.0, -4.637262869940634)
25.79999999999954 (-8.56294289064036, 1.0, -4.642203691765925)
25.81999999999954 (-8.487400974871083, 1.0, -4.651993999623683)
25.839999999999538 (-8.42191887035829, 1.0, -4.664224595649849)
25.859999999999538 (-8.367183196340832, 1.0, -4.676593070611853)
25.879999999999537 (-8.322391761357643, 1.0, -4.687645805165335)
25.899999999999537 (-8.285626796697352, 1.0, -4.696891676128698)
25.919999999999536 (-8.254446233423453, 1.0, -4.704404513472856)
25.939999999999536 (-8.226426853528888, 1.0, -4.710163162912459)
25.959999999999535 (-8.199253332735298, 1.0, -4.713802697511864)
25.979999999999535 (-8.170743710553957, 1.0, -4.714562535062111)
25.999999999999535 (-8.139006491180044, 1.0, -4.7110837490238175)
26.019999999999534 (-8.102635798443107, 1.0, -4.701284641806038)
26.039999999999534 (-8.061078893200701, 1.0, -4.682230320109825)
26.059999999999533 (-8.015286167262266, 1.0, -4.650050605794946)
26.079999999999533 (-7.9713205751055085, 1.0, -4.600079177804698)
26.099999999999532 (-7.936304487862231, 1.0, -4.528982416157726)
26.119999999999532 (-7.91098772617333, 1.0, -4.43599634150156)
26.13999999999953 (-7.895862471581678, 1.0, -4.320141204895827)
26.15999999999953 (-7.893410022988008, 1.0, -4.181493309956649)
26.17999999999953 (-7.90358941454418, 1.0, -4.023700577430824)
26.19999999999953 (-7.920381451636262, 1.0, -3.8525909030083323)
26.21999999999953 (-7.939183839723918, 1.0, -3.671435071170123)
26.23999999999953 (-7.959959548503453, 1.0, -3.483604633473548)
26.25999999999953 (-7.986449289413825, 1.0, -3.2914932634665903)
26.27999999999953 (-8.023308166808546, 1.0, -3.099856593102445)
26.299999999999528 (-8.071156630918667, 1.0, -2.9140074365902815)
26.319999999999528 (-8.128592271324726, 1.0, -2.7382979655913533)
26.339999999999527 (-8.193084039916343, 1.0, -2.5756660971630496)
26.359999999999527 (-8.261939144025972, 1.0, -2.42789824729262)
26.379999999999526 (-8.332722618909065, 1.0, -2.296039058199969)
26.399999999999526 (-8.403356824500163, 1.0, -2.180562347495641)
26.419999999999526 (-8.471572169113013, 1.0, -2.0804375149029597)
26.439999999999525 (-8.535749739167242, 1.0, -1.9939383800004122)
26.459999999999525 (-8.594971919033318, 1.0, -1.9197099753055036)
26.479999999999524 (-8.633752352013078, 1.0, -1.8523950178103223)
26.499999999999524 (-8.656000541563087, 1.0, -1.78671689895723)
26.519999999999524 (-8.663220923393071, 1.0, -1.726688076221724)
26.539999999999523 (-8.59302217816971, 1.0, -1.686942689666051)
26.559999999999523 (-8.480816675233351, 1.0, -1.6673905223004104)
26.579999999999522 (-8.366176248895483, 1.0, -1.6725563249958053)
26.599999999999522 (-8.261226486663343, 1.0, -1.6863891689661488)
26.61999999999952 (-8.169967113681196, 1.0, -1.6865529964619794)
26.63999999999952 (-8.094531779289177, 1.0, -1.671540288518972)
26.65999999999952 (-8.025623168840053, 1.0, -1.6454763570532984)
26.67999999999952 (-7.947704398708137, 1.0, -1.6064222549541944)
26.69999999999952 (-7.859789055461118, 1.0, -1.5550473716721207)
26.71999999999952 (-7.763051079999778, 1.0, -1.4933947846218891)
26.73999999999952 (-7.659155234779951, 1.0, -1.4233773464152293)
26.75999999999952 (-7.550345379849654, 1.0, -1.3473075275025805)
26.779999999999518 (-7.447742184747808, 1.0, -1.2723856039360364)
26.799999999999518 (-7.356706260455691, 1.0, -1.2061649374533872)
26.819999999999517 (-7.275261525976713, 1.0, -1.1518839664527003)
26.839999999999517 (-7.199545346178069, 1.0, -1.1099287738658568)
26.859999999999516 (-7.129130491925475, 1.0, -1.079713446814544)
26.879999999999516 (-7.064226864342353, 1.0, -1.0611352430437906)
26.899999999999515 (-7.0042349706251645, 1.0, -1.0540931309364159)
26.919999999999515 (-6.948658718154473, 1.0, -1.058345351504671)
26.939999999999515 (-6.8974250627030615, 1.0, -1.0733776552981762)
26.959999999999514 (-6.85086851951095, 1.0, -1.0983991987719794)
26.979999999999514 (-6.809687442465787, 1.0, -1.1323532993418353)
26.999999999999513 (-6.774830159689414, 1.0, -1.173910959086135)
27.019999999999513 (-6.747463031862633, 1.0, -1.2215198029404755)
27.039999999999512 (-6.729018160594515, 1.0, -1.273533707528284)
27.059999999999512 (-6.721214269267886, 1.0, -1.3283283935070378)
27.07999999999951 (-6.7261762091696085, 1.0, -1.3843355129580943)
27.09999999999951 (-6.746384397799373, 1.0, -1.4387382029320415)
27.11999999999951 (-6.783827828005399, 1.0, -1.486801541529876)
27.13999999999951 (-6.839018614076118, 1.0, -1.525352776375881)
27.15999999999951 (-6.908123919553064, 1.0, -1.554109788062845)
27.17999999999951 (-6.983079572296078, 1.0, -1.5726673532295152)
27.19999999999951 (-7.057237734797113, 1.0, -1.5810677815858831)
27.21999999999951 (-7.126567058705615, 1.0, -1.5811115331774448)
27.239999999999508 (-7.190568800834018, 1.0, -1.5764809941542097)
27.259999999999508 (-7.24881121731809, 1.0, -1.571523075407617)
27.279999999999507 (-7.300347821584833, 1.0, -1.5696491593710926)
27.299999999999507 (-7.344229980035121, 1.0, -1.573031208532888)
27.319999999999506 (-7.379954618713749, 1.0, -1.5828996110955784)
27.339999999999506 (-7.407452565616349, 1.0, -1.5997104987588668)
27.359999999999506 (-7.427023012857159, 1.0, -1.623054123772532)
27.379999999999505 (-7.4392507295523504, 1.0, -1.651837701711805)
27.399999999999505 (-7.444799684071645, 1.0, -1.6843720064077654)
27.419999999999504 (-7.444286445693438, 1.0, -1.7185613901621022)
27.439999999999504 (-7.438111989854053, 1.0, -1.7521305902312512)
27.459999999999503 (-7.426287980100872, 1.0, -1.782729002773672)
27.479999999999503 (-7.408454033741712, 1.0, -1.8081368978411185)
27.499999999999503 (-7.38404030413667, 1.0, -1.8263491440640423)
27.519999999999502 (-7.352890780477148, 1.0, -1.8356853997405271)
27.5399999999995 (-7.315149917992452, 1.0, -1.8350324873939947)
27.5599999999995 (-7.270906163231763, 1.0, -1.82391293907638)
27.5799999999995 (-7.218662659376725, 1.0, -1.8020470191724312)
27.5999999999995 (-7.156788637942848, 1.0, -1.7692683308383814)
27.6199999999995 (-7.086241147845908, 1.0, -1.7258161252394302)
27.6399999999995 (-7.012885441890704, 1.0, -1.6717867918712026)
27.6599999999995 (-6.94456866817337, 1.0, -1.6087922682852556)
27.6799999999995 (-6.882351919355643, 1.0, -1.541206977234732)
27.6999999999995 (-6.8253623145339954, 1.0, -1.4733073226589457)
27.719999999999498 (-6.772122268734225, 1.0, -1.4080710547643476)
27.739999999999498 (-6.722107039322, 1.0, -1.346839975243636)
27.759999999999497 (-6.673168084004373, 1.0, -1.292303904273102)
27.779999999999497 (-6.623301365870396, 1.0, -1.2463984218336035)
27.799999999999496 (-6.573059800050484, 1.0, -1.2098586119432024)
27.819999999999496 (-6.524974448028577, 1.0, -1.1823713745753655)
27.839999999999495 (-6.482196172885993, 1.0, -1.1627110588086524)
27.859999999999495 (-6.4468550820032275, 1.0, -1.1485159950380537)
27.879999999999495 (-6.4190557489650875, 1.0, -1.1377968172144501)
27.899999999999494 (-6.397332560992092, 1.0, -1.1293978794162438)
27.919999999999494 (-6.3795481547434685, 1.0, -1.122147342248292)
27.939999999999493 (-6.3634827305751145, 1.0, -1.1146373399304974)
27.959999999999493 (-6.347305138183283, 1.0, -1.1051849659360973)
27.979999999999492 (-6.329918739324904, 1.0, -1.091667642818726)
27.999999999999492 (-6.311006407085484, 1.0, -1.0715531310827666)
28.01999999999949 (-6.290862220026422, 1.0, -1.0420942765205272)
28.03999999999949 (-6.2710269907907, 1.0, -1.0003928496397172)
28.05999999999949 (-6.25540497897619, 1.0, -0.9439476298745499)
28.07999999999949 (-6.25427787408894, 1.0, -0.8738286602270804)
28.09999999999949 (-6.274172205456603, 1.0, -0.7915258647719098)
28.11999999999949 (-6.315592901239959, 1.0, -0.6969077552198228)
28.13999999999949 (-6.380083276900497, 1.0, -0.5898949387279574)
28.15999999999949 (-6.469472385161376, 1.0, -0.4734521482310996)
28.179999999999488 (-6.579021190143255, 1.0, -0.3517166211922063)
28.199999999999488 (-6.700577019720099, 1.0, -0.22448811150966458)
28.219999999999487 (-6.829188706513649, 1.0, -0.09253367790540282)
28.239999999999487 (-6.9648124457642755, 1.0, 0.04167501334786494)
28.259999999999486 (-7.109270680888066, 1.0, 0.17231541629619762)
28.279999999999486 (-7.261565921879394, 1.0, 0.2933934934966423)
28.299999999999486 (-7.418201956714757, 1.0, 0.401529040156357)
28.319999999999485 (-7.575191968878581, 1.0, 0.4950884235288232)
28.339999999999485 (-7.728764151634101, 1.0, 0.573707870156258)
28.359999999999484 (-7.875689122970661, 1.0, 0.6377273831340787)
28.379999999999484 (-8.013443708805616, 1.0, 0.687904588778463)
28.399999999999483 (-8.140273141978904, 1.0, 0.7254766637977956)
28.419999999999483 (-8.255050961767367, 1.0, 0.751924073800817)
28.439999999999483 (-8.357090422259493, 1.0, 0.7687317672447839)
28.459999999999482 (-8.445980762075385, 1.0, 0.7773263885525892)
28.47999999999948 (-8.438796757311312, 0.9998536151104556, 0.8184887680415297)
28.49999999999948 (-8.366842361838339, 0.9996681364911407, 0.8779957605976542)
28.51999999999948 (-8.26258376974906, 0.9995898190906107, 0.9281070028884614)
28.53999999999948 (-8.138360954966334, 0.9995912580364016, 0.9709568765201014)
28.55999999999948 (-8.01210760226537, 0.9996379840038839, 1.0086236463039429)
28.57999999999948 (-7.89730753891666, 0.9996904442384703, 1.0448752702907196)
28.59999999999948 (-7.796855963828901, 0.9997371723889809, 1.084721745375771)
28.61999999999948 (-7.710439699345886, 0.9997697474392248, 1.124317160770777)
28.63999999999948 (-7.63855470249722, 0.999790938276531, 1.1593216153794625)
28.659999999999478 (-7.573794027241393, 0.9998034416170736, 1.201233045864205)
28.679999999999477 (-7.511640930960716, 0.9998092363518892, 1.2575502205604145)
28.699999999999477 (-7.450351782327947, 0.9998098629059023, 1.3288636735980035)
28.719999999999477 (-7.393474305905932, 0.9998063482583044, 1.4150352805022852)
28.739999999999476 (-7.344719533537636, 0.9997997274322041, 1.5145397668510878)
28.759999999999476 (-7.3044989293510865, 0.999790779048629, 1.6258755836717684)
28.779999999999475 (-7.275236084856223, 0.9997813085606468, 1.737130831581652)
28.799999999999475 (-7.254791788450159, 0.9997725273580587, 1.8375432903347089)
28.819999999999474 (-7.236762130007151, 0.9997643251617648, 1.9266841989150718)
28.839999999999474 (-7.217426238798262, 0.9997566720927666, 2.0047201097469523)
28.859999999999474 (-7.196394717733547, 0.9997498147959426, 2.0700840738048525)
28.879999999999473 (-7.173849381451101, 0.9997440085760717, 2.1212062366061755)
28.899999999999473 (-7.149891994805601, 0.999739431469289, 2.1572068982333974)
28.919999999999472 (-7.124436693074351, 0.9997361718324936, 2.1779212239892716)
28.939999999999472 (-7.096605306241044, 0.9997341626589854, 2.1842750387787837)
28.95999999999947 (-7.065487673359574, 0.9997332302766819, 2.1779327320760706)
28.97999999999947 (-7.0307445499076655, 0.9997331380485203, 2.160791065247891)
28.99999999999947 (-6.992732739708681, 0.9997336151108774, 2.134653827336172)
29.01999999999947 (-6.9525201091488205, 0.999734386397419, 2.1010279278099233)
29.03999999999947 (-6.911905931986497, 0.9997351823077769, 2.0609253463511568)
29.05999999999947 (-6.873624429193854, 0.9997358300350162, 2.014530758882764)
29.07999999999947 (-6.841607223799179, 0.9997363972296053, 1.9609112378786786)
29.09999999999947 (-6.820826409579157, 0.9997371533753198, 1.8985970594688666)
29.119999999999468 (-6.817871240704689, 0.9997383558524701, 1.8289333275280508)
29.139999999999468 (-6.836280858671332, 0.9997399695458437, 1.7562510632516426)
29.159999999999467 (-6.875606696252801, 0.9997419896649932, 1.683864074730521)
29.179999999999467 (-6.92801619058639, 0.999744032621156, 1.6157582320935298)
29.199999999999466 (-6.987008207611487, 0.9997454832966076, 1.5569536550870344)
29.219999999999466 (-7.048284342608224, 0.9997461616159835, 1.508538012731257)
29.239999999999466 (-7.10943139177709, 0.9997462624551926, 1.4679071235261274)
29.259999999999465 (-7.167686760961713, 0.9997461133968705, 1.4314374134457404)
29.279999999999465 (-7.220188462490631, 0.9997460512669362, 1.396412235332968)
29.299999999999464 (-7.264674622301549, 0.9997463923793417, 1.3613200074191936)
29.319999999999464 (-7.299740839310173, 0.9997474220225938, 1.3252318173375714)
29.339999999999463 (-7.324837220385942, 0.9997493396280244, 1.2877359442500633)
29.359999999999463 (-7.340169709675665, 0.9997522111380847, 1.2489167624826236)
29.379999999999463 (-7.346563732831702, 0.9997559449804623, 1.2093321764137124)
29.399999999999462 (-7.345288511564491, 0.9997603053625298, 1.1699717094514088)
29.41999999999946 (-7.337808492936019, 0.9997649579230271, 1.132229846422022)
29.43999999999946 (-7.325566738963084, 0.9997695265132394, 1.0978424330944276)
29.45999999999946 (-7.309782907829087, 0.9997736593703777, 1.0687373022510698)
29.47999999999946 (-7.291293343779129, 0.9997770670313872, 1.0469265596573785)
29.49999999999946 (-7.270493058975166, 0.9997795352473715, 1.0343677884793936)
29.51999999999946 (-7.247370055697622, 0.9997809200887413, 1.0328289753117785)
29.53999999999946 (-7.22163707369427, 0.9997811296444635, 1.0437861750356054)
29.55999999999946 (-7.19302586686495, 0.999780114526985, 1.0683177326991238)
29.57999999999946 (-7.161649482805255, 0.9997778980359869, 1.1069568806513497)
29.599999999999458 (-7.12782765946267, 0.999774570167564, 1.159737944931616)
29.619999999999457 (-7.091802727252044, 0.9997702683725632, 1.2263389337030965)
29.639999999999457 (-7.054721896441609, 0.9997652637434994, 1.305699207176908)
29.659999999999457 (-7.023532211037588, 0.9997604545281972, 1.3928463049266722)
29.679999999999456 (-7.000751684367463, 0.9997563201484492, 1.4825191584624073)
29.699999999999456 (-6.984142679996416, 0.9997528746359534, 1.5705467140966813)
29.719999999999455 (-6.969732880910652, 0.9997499304550383, 1.6546174595881555)
29.739999999999455 (-6.956195335617408, 0.9997475010747078, 1.7337869883446497)
29.759999999999454 (-6.941693046399551, 0.9997456180326584, 1.8071575015104357)
29.779999999999454 (-6.922777769749681, 0.9997443093036499, 1.8740415421287206)
29.799999999999454 (-6.898252199465586, 0.9997437130960904, 1.9337170202986194)
29.819999999999453 (-6.869376703036983, 0.9997440231776202, 1.9852270945159554)
29.839999999999453 (-6.838636569072537, 0.9997454404623234, 2.0278065355795016)
29.859999999999452 (-6.808850188745093, 0.999748113305511, 2.0613250478534795)
29.879999999999452 (-6.7821128630264225, 0.9997520606984335, 2.0866601488020633)
29.89999999999945 (-6.759134303288809, 0.9997571513400658, 2.1056285565106507)
29.91999999999945 (-6.739502815000452, 0.9997631528649507, 2.120565581684741)
29.93999999999945 (-6.7224383373394865, 0.9997697934551921, 2.1339594578138943)
29.95999999999945 (-6.707378694047617, 0.9997767968660354, 2.148302589439129)
29.97999999999945 (-6.6945370636208485, 0.9997838981463163, 2.1659812292123997)
29.99999999999945 (-6.685123707236576, 0.9997908106578829, 2.189204056655135)
