0.0 (-9.75, 1.0, 0.0)
0.02 (-9.751199224649056, 1.0, 0.016467923750078176)
0.04 (-9.758674243641009, 1.0, 0.07042613342827937)
0.06 (-9.775242406294817, 1.0, 0.16211024356297554)
0.08 (-9.798205818381197, 1.0, 0.285937737636111)
0.1 (-9.825876770524406, 1.0, 0.41826587094292217)
0.12000000000000001 (-9.856998199424076, 1.0, 0.5499264863195295)
0.14 (-9.887000577249907, 1.0, 0.6838230711924109)
0.16 (-9.912479320086339, 1.0, 0.8170400943393364)
0.18 (-9.935166815331106, 1.0, 0.9487830481091795)
0.19999999999999998 (-9.966653453713043, 1.0, 1.0838974304435571)
0.21999999999999997 (-10.014510324818879, 1.0, 1.217083016407392)
0.23999999999999996 (-10.068950745084747, 1.0, 1.3463457990406558)
0.25999999999999995 (-10.125985971262406, 1.0, 1.453894484871244)
0.27999999999999997 (-10.181519555019944, 1.0, 1.544863595041719)
0.3 (-10.23045020204055, 1.0, 1.6309520495547716)
0.32 (-10.272451232514575, 1.0, 1.712510158081848)
0.34 (-10.308496808889256, 1.0, 1.7851714969970933)
0.36000000000000004 (-10.339363486919972, 1.0, 1.8483229871251259)
0.38000000000000006 (-10.366981665149321, 1.0, 1.9027931060620085)
0.4000000000000001 (-10.392465309072037, 1.0, 1.9514069270914458)
0.4200000000000001 (-10.416422647856333, 1.0, 1.9965611734498663)
0.4400000000000001 (-10.440066809361792, 1.0, 2.038701630368784)
0.46000000000000013 (-10.464898551596846, 1.0, 2.077334801027097)
0.48000000000000015 (-10.492064149456413, 1.0, 2.1124083842696497)
0.5000000000000001 (-10.522650179804643, 1.0, 2.143735230798545)
0.5200000000000001 (-10.556895858459903, 1.0, 2.171378518764933)
0.5400000000000001 (-10.594067019046951, 1.0, 2.1959234628396085)
0.5600000000000002 (-10.633794388020236, 1.0, 2.217618743987773)
0.5800000000000002 (-10.676094413364392, 1.0, 2.2366108425365963)
0.6000000000000002 (-10.720994005316356, 1.0, 2.253251815270625)
0.6200000000000002 (-10.768310764447842, 1.0, 2.2680432957367076)
0.6400000000000002 (-10.81761624021104, 1.0, 2.2815525588112213)
0.6600000000000003 (-10.868373032626318, 1.0, 2.2953359813946945)
0.6800000000000003 (-10.920861373431135, 1.0, 2.312832300875737)
0.7000000000000003 (-10.97627341512778, 1.0, 2.3368022082880224)
0.7200000000000003 (-11.035502239533471, 1.0, 2.3684206930325358)
0.7400000000000003 (-11.098899362956866, 1.0, 2.4075715913359064)
0.7600000000000003 (-11.166450283679728, 1.0, 2.4530126632464886)
0.7800000000000004 (-11.237658184983934, 1.0, 2.502684249899316)
0.8000000000000004 (-11.306493337383909, 1.0, 2.5495886836832273)
0.8200000000000004 (-11.367842924099644, 1.0, 2.5893654365511454)
0.8400000000000004 (-11.422146632674833, 1.0, 2.6198395405530372)
0.8600000000000004 (-11.47061069459426, 1.0, 2.6403372561832117)
0.8800000000000004 (-11.51391453661616, 1.0, 2.653381712606813)
0.9000000000000005 (-11.55349227375286, 1.0, 2.6613462490237723)
0.9200000000000005 (-11.590035723973271, 1.0, 2.6659101839455785)
0.9400000000000005 (-11.623143043916143, 1.0, 2.668414891381083)
0.9600000000000005 (-11.651959601528826, 1.0, 2.669823084258214)
0.9800000000000005 (-11.675667362356124, 1.0, 2.670561650572139)
1.0000000000000004 (-11.693367624462883, 1.0, 2.670134280456384)
1.0200000000000005 (-11.703142180357808, 1.0, 2.6671451468568548)
1.0400000000000005 (-11.702493001356766, 1.0, 2.660138610849662)
1.0600000000000005 (-11.689165515601369, 1.0, 2.647942849674858)
1.0800000000000005 (-11.663331136570974, 1.0, 2.6308858317779586)
1.1000000000000005 (-11.627532127756535, 1.0, 2.6098959727718007)
1.1200000000000006 (-11.585303638414008, 1.0, 2.5854935598960105)
1.1400000000000006 (-11.53742516919764, 1.0, 2.5580588254408623)
1.1600000000000006 (-11.472333748742445, 1.0, 2.505335186111108)
1.1800000000000006 (-11.403003843236355, 1.0, 2.438855422125863)
1.2000000000000006 (-11.331507352274183, 1.0, 2.3762036015689634)
1.2200000000000006 (-11.257249486544048, 1.0, 2.314109258208827)
1.2400000000000007 (-11.178891210984498, 1.0, 2.2526472167038007)
1.2600000000000007 (-11.120141595865356, 1.0, 2.218144284845806)
1.2800000000000007 (-11.069535521721754, 1.0, 2.1977925581006565)
1.3000000000000007 (-11.013254346247573, 1.0, 2.1731765488497428)
1.3200000000000007 (-10.951539089342612, 1.0, 2.1434063647214097)
1.3400000000000007 (-10.886220334131362, 1.0, 2.111525306452347)
1.3600000000000008 (-10.82110393561993, 1.0, 2.0799630366117277)
1.3800000000000008 (-10.763597182850805, 1.0, 2.0494745222801485)
1.4000000000000008 (-10.71903171638008, 1.0, 2.0211310447476842)
1.4200000000000008 (-10.687521504003294, 1.0, 1.996847864340717)
1.4400000000000008 (-10.666982450532348, 1.0, 1.9775467135365832)
1.4600000000000009 (-10.656031133101225, 1.0, 1.9630245338000298)
1.4800000000000009 (-10.65409472151393, 1.0, 1.9528687362725168)
1.5000000000000009 (-10.66036450030984, 1.0, 1.9459916443937675)
1.520000000000001 (-10.672948650756375, 1.0, 1.9409430909181102)
1.540000000000001 (-10.690301922492992, 1.0, 1.9360764392972327)
1.560000000000001 (-10.711297967911895, 1.0, 1.930078041613513)
1.580000000000001 (-10.73501887344032, 1.0, 1.922151950867672)
1.600000000000001 (-10.760584355242306, 1.0, 1.9119123486724228)
1.620000000000001 (-10.787021564327604, 1.0, 1.8992247226109376)
1.640000000000001 (-10.813192107543312, 1.0, 1.8849739487689832)
1.660000000000001 (-10.838665839986048, 1.0, 1.872702959610821)
1.680000000000001 (-10.86437194967201, 1.0, 1.8661671903937116)
1.700000000000001 (-10.889333965437945, 1.0, 1.865105320829739)
1.720000000000001 (-10.905834875623343, 1.0, 1.8624821540051593)
1.740000000000001 (-10.911134733688177, 1.0, 1.853268532792275)
1.7600000000000011 (-10.909296333324166, 1.0, 1.8367740269657755)
1.7800000000000011 (-10.9048066551943, 1.0, 1.8145326602036678)
1.8000000000000012 (-10.898784215467082, 1.0, 1.7878158361659982)
1.8200000000000012 (-10.890185302039042, 1.0, 1.7575045425170381)
1.8400000000000012 (-10.877961223408356, 1.0, 1.723964064231962)
1.8600000000000012 (-10.861437786680073, 1.0, 1.6876527003711508)
1.8800000000000012 (-10.84037272021832, 1.0, 1.6492697573628006)
1.9000000000000012 (-10.815191874073484, 1.0, 1.609664818051104)
1.9200000000000013 (-10.787751317916747, 1.0, 1.5697552930724576)
1.9400000000000013 (-10.760320714650064, 1.0, 1.532224406669588)
1.9600000000000013 (-10.73448734571395, 1.0, 1.4992609726570143)
1.9800000000000013 (-10.711221332941687, 1.0, 1.4720582821601889)
2.0000000000000013 (-10.690937435804427, 1.0, 1.4510127618870643)
2.0200000000000014 (-10.673583409320473, 1.0, 1.435665515884048)
2.0400000000000014 (-10.658842595681119, 1.0, 1.4246105912177314)
2.0600000000000014 (-10.645395119842851, 1.0, 1.415661540866431)
2.0800000000000014 (-10.63168915343929, 1.0, 1.4060240854618384)
2.1000000000000014 (-10.615548982704526, 1.0, 1.3934969093257805)
2.1200000000000014 (-10.596869252631773, 1.0, 1.3770242935505792)
2.1400000000000015 (-10.577815532526092, 1.0, 1.358380102821)
2.1600000000000015 (-10.558926774486622, 1.0, 1.3411901955240633)
2.1800000000000015 (-10.538390787125602, 1.0, 1.3260221284347438)
2.2000000000000015 (-10.514059418933021, 1.0, 1.3183449082166518)
2.2200000000000015 (-10.488509375532173, 1.0, 1.3157495806259296)
2.2400000000000015 (-10.464102813572254, 1.0, 1.3143496325587223)
2.2600000000000016 (-10.441230981690591, 1.0, 1.3162268142302216)
2.2800000000000016 (-10.41920687165987, 1.0, 1.3184536687721473)
2.3000000000000016 (-10.396123373352683, 1.0, 1.317880773543683)
2.3200000000000016 (-10.372044081481878, 1.0, 1.3139218946416993)
2.3400000000000016 (-10.348604962319408, 1.0, 1.3069062012739032)
2.3600000000000017 (-10.327120210518562, 1.0, 1.2977726882097196)
2.3800000000000017 (-10.30836615794295, 1.0, 1.2876739590078432)
2.4000000000000017 (-10.292771380678918, 1.0, 1.2777441206296087)
2.4200000000000017 (-10.280533078715193, 1.0, 1.2690667053512596)
2.4400000000000017 (-10.271684567934617, 1.0, 1.2626642049045638)
2.4600000000000017 (-10.266161488134829, 1.0, 1.2594586900550013)
2.4800000000000018 (-10.263842594171036, 1.0, 1.2602300007861311)
2.5000000000000018 (-10.264538037293413, 1.0, 1.265578875258483)
2.520000000000002 (-10.268275372243279, 1.0, 1.2757005368260166)
2.540000000000002 (-10.27708878290244, 1.0, 1.2888947521014373)
2.560000000000002 (-10.290582989167369, 1.0, 1.3034064039738484)
2.580000000000002 (-10.307763604798325, 1.0, 1.3178974924274018)
2.600000000000002 (-10.328000718893218, 1.0, 1.3317255491665825)
2.620000000000002 (-10.350495490889472, 1.0, 1.3441029326296614)
2.640000000000002 (-10.374163537072096, 1.0, 1.35581097475614)
2.660000000000002 (-10.39797380010366, 1.0, 1.370029893015112)
2.680000000000002 (-10.422013684683469, 1.0, 1.3906698165008833)
2.700000000000002 (-10.446862187721637, 1.0, 1.4196449010793022)
2.720000000000002 (-10.472840246299842, 1.0, 1.4567738044944458)
2.740000000000002 (-10.495467557129235, 1.0, 1.493066018819085)
2.760000000000002 (-10.511044141437512, 1.0, 1.521495303085941)
2.780000000000002 (-10.521369734557148, 1.0, 1.5394135914190898)
2.800000000000002 (-10.529707178281642, 1.0, 1.5492907359822645)
2.820000000000002 (-10.537955379847519, 1.0, 1.5538618212779314)
2.840000000000002 (-10.546827533033364, 1.0, 1.5546595485236099)
2.860000000000002 (-10.555652094669211, 1.0, 1.5522264024867765)
2.880000000000002 (-10.562839732778299, 1.0, 1.547095163210773)
2.900000000000002 (-10.56690016271042, 1.0, 1.5400483558636937)
2.920000000000002 (-10.567038635345023, 1.0, 1.5315143270393614)
2.940000000000002 (-10.563050410916492, 1.0, 1.5220031690075992)
2.960000000000002 (-10.555114014908918, 1.0, 1.5118973279186059)
2.980000000000002 (-10.543750792574498, 1.0, 1.5014520176933073)
3.000000000000002 (-10.52961978577551, 1.0, 1.4908040349534748)
3.0200000000000022 (-10.51337788069423, 1.0, 1.4800158701627502)
3.0400000000000023 (-10.495544852593143, 1.0, 1.4690452250102028)
3.0600000000000023 (-10.476597604709896, 1.0, 1.4577729906026597)
3.0800000000000023 (-10.457348230251423, 1.0, 1.4451122451645828)
3.1000000000000023 (-10.437945835995647, 1.0, 1.4286437867052908)
3.1200000000000023 (-10.416303006413175, 1.0, 1.4060867692087302)
3.1400000000000023 (-10.389532326740468, 1.0, 1.3750741510028854)
3.1600000000000024 (-10.356807717450788, 1.0, 1.3362687751065716)
3.1800000000000024 (-10.32196811253981, 1.0, 1.2929433653270612)
3.2000000000000024 (-10.286258481310577, 1.0, 1.2492789762995575)
3.2200000000000024 (-10.250811678713825, 1.0, 1.2072245902859806)
3.2400000000000024 (-10.215877246247755, 1.0, 1.1641423811040643)
3.2600000000000025 (-10.180410712193908, 1.0, 1.1183858066473042)
3.2800000000000025 (-10.146367175157275, 1.0, 1.0696055855595228)
3.3000000000000025 (-10.115654543917644, 1.0, 1.0184376145926415)
3.3200000000000025 (-10.089384477515969, 1.0, 0.966000882598839)
3.3400000000000025 (-10.067985127145565, 1.0, 0.9135676054669608)
3.3600000000000025 (-10.051631713714874, 1.0, 0.8624475292003116)
3.3800000000000026 (-10.0403683885093, 1.0, 0.8137697031153405)
3.4000000000000026 (-10.034280918922834, 1.0, 0.7688119911944443)
3.4200000000000026 (-10.03315674724793, 1.0, 0.7287863267945733)
3.4400000000000026 (-10.035700415465332, 1.0, 0.6947516035437252)
3.4600000000000026 (-10.04050222389028, 1.0, 0.6675758500841422)
3.4800000000000026 (-10.046719901175974, 1.0, 0.6476554108447878)
3.5000000000000027 (-10.053810521075173, 1.0, 0.6351713315586539)
3.5200000000000027 (-10.063944574292941, 1.0, 0.6299196634058899)
3.5400000000000027 (-10.078204617536755, 1.0, 0.6306768370973451)
3.5600000000000027 (-10.096398370210808, 1.0, 0.6358419559894356)
3.5800000000000027 (-10.11833897117151, 1.0, 0.6439783287398866)
3.6000000000000028 (-10.14364619960641, 1.0, 0.654103649364722)
3.6200000000000028 (-10.171679697275433, 1.0, 0.6655840043324974)
3.640000000000003 (-10.201559862750281, 1.0, 0.6779117279620018)
3.660000000000003 (-10.23242569146194, 1.0, 0.6907452537345519)
3.680000000000003 (-10.262508965596128, 1.0, 0.7041384259927616)
3.700000000000003 (-10.287983586877814, 1.0, 0.7209309500960255)
3.720000000000003 (-10.30706861313526, 1.0, 0.7442532214625726)
3.740000000000003 (-10.319669854467787, 1.0, 0.7746702286525294)
3.760000000000003 (-10.32499150375795, 1.0, 0.8055776193467172)
3.780000000000003 (-10.322257598639709, 1.0, 0.8273353139638273)
3.800000000000003 (-10.313984268058457, 1.0, 0.8365143847909893)
3.820000000000003 (-10.304235894871399, 1.0, 0.8366816312733146)
3.840000000000003 (-10.295483428263998, 1.0, 0.8308608205478635)
3.860000000000003 (-10.288008599920003, 1.0, 0.8203566602748191)
3.880000000000003 (-10.280539192015828, 1.0, 0.8052871445563724)
3.900000000000003 (-10.271782085425835, 1.0, 0.7855613143559186)
3.920000000000003 (-10.260841717499044, 1.0, 0.7612965805737645)
3.940000000000003 (-10.247307863121494, 1.0, 0.732769164863856)
3.960000000000003 (-10.231248181760513, 1.0, 0.7004984059103005)
3.980000000000003 (-10.212976204109761, 1.0, 0.6651178047429306)
4.000000000000003 (-10.19300580581897, 1.0, 0.6273571713381763)
4.020000000000002 (-10.172030527585635, 1.0, 0.5879779674920289)
4.040000000000002 (-10.150794845489873, 1.0, 0.547754468592531)
4.060000000000001 (-10.130185690385526, 1.0, 0.5072421835660454)
4.080000000000001 (-10.111500883692775, 1.0, 0.46623257755574304)
4.1000000000000005 (-10.095868813790336, 1.0, 0.4229523550466662)
4.12 (-10.082003454170298, 1.0, 0.37498632872589543)
4.14 (-10.067969526554876, 1.0, 0.3197456140414439)
4.159999999999999 (-10.051779375774265, 1.0, 0.25630450357278267)
4.179999999999999 (-10.035000918842588, 1.0, 0.1876836146623077)
4.199999999999998 (-10.018664751318413, 1.0, 0.11869825518675439)
4.219999999999998 (-10.002086778890448, 1.0, 0.052631394075777826)
4.2399999999999975 (-9.986536054372142, 1.0, -0.010615194121712709)
4.259999999999997 (-9.973008798133455, 1.0, -0.07368883098361419)
4.279999999999997 (-9.961816535939601, 1.0, -0.13783373488271916)
4.299999999999996 (-9.954286948030688, 1.0, -0.20238587771752972)
4.319999999999996 (-9.95113945341275, 1.0, -0.26612970627646826)
4.339999999999995 (-9.952297548822516, 1.0, -0.32785047277110624)
4.359999999999995 (-9.957360238161508, 1.0, -0.38643911127260827)
4.379999999999995 (-9.965931279268167, 1.0, -0.44083546334906976)
4.399999999999994 (-9.977672079353678, 1.0, -0.4899991365761)
4.419999999999994 (-9.991980926784924, 1.0, -0.5330318401073577)
4.439999999999993 (-10.007437572274338, 1.0, -0.5694908968257235)
4.459999999999993 (-10.02265463847771, 1.0, -0.5990858847775697)
4.479999999999992 (-10.036869819876614, 1.0, -0.6215874192915493)
4.499999999999992 (-10.049563386137836, 1.0, -0.6367762229946015)
4.519999999999992 (-10.060291591833545, 1.0, -0.6445203041604357)
4.539999999999991 (-10.06865239318955, 1.0, -0.6449043560492326)
4.559999999999991 (-10.074219937656864, 1.0, -0.638428367386162)
4.57999999999999 (-10.079335358661114, 1.0, -0.6253831655027418)
4.59999999999999 (-10.086421129458591, 1.0, -0.6075764617355193)
4.6199999999999894 (-10.095581018437331, 1.0, -0.587933102861691)
4.639999999999989 (-10.10566977303834, 1.0, -0.5681070160724088)
4.659999999999989 (-10.113165775002948, 1.0, -0.5465839274316501)
4.679999999999988 (-10.116210722856703, 1.0, -0.5205050551673385)
4.699999999999988 (-10.114656564827047, 1.0, -0.4885530570619355)
4.719999999999987 (-10.110023289108256, 1.0, -0.4557109421894402)
4.739999999999987 (-10.104761529533992, 1.0, -0.4324737220033152)
4.7599999999999865 (-10.101806725238685, 1.0, -0.4220288206987679)
4.779999999999986 (-10.102913306738873, 1.0, -0.42072082412723805)
4.799999999999986 (-10.107621772596275, 1.0, -0.42481396126096593)
4.819999999999985 (-10.115408525277177, 1.0, -0.43224219579909234)
4.839999999999985 (-10.125478748077805, 1.0, -0.44278710572623253)
4.859999999999984 (-10.137043602675659, 1.0, -0.45666621309853334)
4.879999999999984 (-10.149344778563423, 1.0, -0.4739218615281315)
4.8999999999999835 (-10.16172320730617, 1.0, -0.49433349716942365)
4.919999999999983 (-10.173353936008475, 1.0, -0.5176625163623542)
4.939999999999983 (-10.183094223717513, 1.0, -0.5433426896774163)
4.959999999999982 (-10.19024986302426, 1.0, -0.5703715635063678)
4.979999999999982 (-10.194647157189653, 1.0, -0.5973827221840657)
4.999999999999981 (-10.196568042392293, 1.0, -0.6231592327528175)
5.019999999999981 (-10.196659243954112, 1.0, -0.6468847416973208)
5.0399999999999805 (-10.195746084573935, 1.0, -0.6683660055194146)
5.05999999999998 (-10.194714394326523, 1.0, -0.6882276047010607)
5.07999999999998 (-10.194531249983948, 1.0, -0.707903180527625)
5.099999999999979 (-10.196424292818453, 1.0, -0.7295398778225999)
5.119999999999979 (-10.201834075003092, 1.0, -0.7561289947187732)
5.139999999999978 (-10.20985424561105, 1.0, -0.7907447265437714)
5.159999999999978 (-10.218404989706261, 1.0, -0.8341587554391043)
5.1799999999999775 (-10.221930438077116, 1.0, -0.8810362892510374)
5.199999999999977 (-10.225983654358254, 1.0, -0.9287512519509727)
5.219999999999977 (-10.228891525792543, 1.0, -0.9749370505414291)
5.239999999999976 (-10.230017798895656, 1.0, -1.0180637696209491)
5.259999999999976 (-10.231887341468394, 1.0, -1.060689069370878)
5.279999999999975 (-10.235294642827583, 1.0, -1.1054217565302773)
5.299999999999975 (-10.241321870704779, 1.0, -1.15159185091911)
5.3199999999999745 (-10.250746062008814, 1.0, -1.1975669780411167)
5.339999999999974 (-10.263573791158315, 1.0, -1.241795767949252)
5.359999999999974 (-10.27930391697185, 1.0, -1.2830289877653969)
5.379999999999973 (-10.297199513605428, 1.0, -1.3202742419360305)
5.399999999999973 (-10.316279686570677, 1.0, -1.3528146492854554)
5.419999999999972 (-10.335388604886173, 1.0, -1.3801991638692168)
5.439999999999972 (-10.353404822162709, 1.0, -1.4020860297147548)
5.4599999999999715 (-10.369363997778896, 1.0, -1.4183184818068006)
5.479999999999971 (-10.382366206810214, 1.0, -1.4288071200021017)
5.499999999999971 (-10.391729486522152, 1.0, -1.4335676238132316)
5.51999999999997 (-10.397980970531068, 1.0, -1.4321422348751631)
5.53999999999997 (-10.403445906440293, 1.0, -1.4238194151648316)
5.559999999999969 (-10.409233613509311, 1.0, -1.4099146925454642)
5.579999999999969 (-10.416139885290882, 1.0, -1.3918951699450774)
5.599999999999969 (-10.424625677838998, 1.0, -1.3708540999784022)
5.619999999999968 (-10.434665856567332, 1.0, -1.3476902429691493)
5.639999999999968 (-10.445904451451424, 1.0, -1.3232674808604952)
5.659999999999967 (-10.457178477188585, 1.0, -1.2984399173878827)
5.679999999999967 (-10.464771315239503, 1.0, -1.273239455136093)
5.699999999999966 (-10.465022554581468, 1.0, -1.2462523006495945)
5.719999999999966 (-10.456794526000294, 1.0, -1.2165150899833042)
5.739999999999966 (-10.442296761479913, 1.0, -1.1867424006475553)
5.759999999999965 (-10.427890624422414, 1.0, -1.1666363692842947)
5.779999999999965 (-10.417570881546444, 1.0, -1.1584951938012917)
5.799999999999964 (-10.413108786287212, 1.0, -1.1584267940775475)
5.819999999999964 (-10.413752453863102, 1.0, -1.162085183405694)
5.839999999999963 (-10.418810908407588, 1.0, -1.1674025215018489)
5.859999999999963 (-10.427048459441862, 1.0, -1.1750285285205735)
5.879999999999963 (-10.437331457979395, 1.0, -1.1861277223779645)
5.899999999999962 (-10.448702640859144, 1.0, -1.2015129249057692)
5.919999999999962 (-10.460607914398361, 1.0, -1.2215311245046436)
5.939999999999961 (-10.472499996030523, 1.0, -1.2459845595533496)
5.959999999999961 (-10.483943449061153, 1.0, -1.2745433959517476)
5.9799999999999605 (-10.49473955706416, 1.0, -1.3064063285265866)
5.99999999999996 (-10.504984067410973, 1.0, -1.3406433842721786)
6.01999999999996 (-10.514729895820421, 1.0, -1.3763511201634897)
6.039999999999959 (-10.524222231949949, 1.0, -1.4127072175470485)
6.059999999999959 (-10.533820395049425, 1.0, -1.4489035472783116)
6.079999999999958 (-10.544764332485512, 1.0, -1.4844000487340565)
6.099999999999958 (-10.559443307618029, 1.0, -1.519803391318167)
6.1199999999999575 (-10.578719625479676, 1.0, -1.558055406850288)
6.139999999999957 (-10.602818369733251, 1.0, -1.6026096184034424)
6.159999999999957 (-10.63055499990866, 1.0, -1.6554552679990306)
6.179999999999956 (-10.661738452612955, 1.0, -1.713114814989104)
6.199999999999956 (-10.693846312437923, 1.0, -1.7713347699900672)
6.219999999999955 (-10.724251584962902, 1.0, -1.8281114457190408)
6.239999999999955 (-10.75413590832772, 1.0, -1.8831128938696207)
6.2599999999999545 (-10.785682540516945, 1.0, -1.9377180942911454)
6.279999999999954 (-10.82004571991477, 1.0, -1.992164936823823)
6.299999999999954 (-10.85770605532965, 1.0, -2.0448191531107995)
6.319999999999953 (-10.898335419326145, 1.0, -2.0941121244949965)
6.339999999999953 (-10.941032342900094, 1.0, -2.1390503005203922)
6.359999999999952 (-10.984689125515324, 1.0, -2.179024219574598)
6.379999999999952 (-11.028198281543936, 1.0, -2.2135351281559545)
6.3999999999999515 (-11.07049388956571, 1.0, -2.2420950714160917)
6.419999999999951 (-11.110277748348832, 1.0, -2.2647511709614516)
6.439999999999951 (-11.146144648488454, 1.0, -2.2822924694327313)
6.45999999999995 (-11.17694240573435, 1.0, -2.295352244189223)
6.47999999999995 (-11.201934408969366, 1.0, -2.3043148897781522)
6.499999999999949 (-11.2205691133246, 1.0, -2.309583466499819)
6.519999999999949 (-11.232635806918863, 1.0, -2.311394958914186)
6.5399999999999485 (-11.239852852473017, 1.0, -2.3075032651778176)
6.559999999999948 (-11.24410906243242, 1.0, -2.2981677504234463)
6.579999999999948 (-11.246987712175102, 1.0, -2.2846446793691975)
6.599999999999947 (-11.249677242048314, 1.0, -2.2679398569300555)
6.619999999999947 (-11.252728858018214, 1.0, -2.2489954933362792)
6.639999999999946 (-11.256190272101009, 1.0, -2.2286340249164533)
6.659999999999946 (-11.258297172176801, 1.0, -2.2084416547806978)
6.6799999999999455 (-11.25432384413928, 1.0, -2.1894102454671693)
6.699999999999945 (-11.241450127723482, 1.0, -2.1709100952454454)
6.719999999999945 (-11.219432685110672, 1.0, -2.152433373456045)
6.739999999999944 (-11.195809837437801, 1.0, -2.137861595426746)
6.759999999999944 (-11.179247323480046, 1.0, -2.131482528021316)
6.779999999999943 (-11.173452469602605, 1.0, -2.132264490525169)
6.799999999999943 (-11.175784470676666, 1.0, -2.135652275811754)
6.8199999999999426 (-11.18402687156027, 1.0, -2.1390325218377972)
6.839999999999942 (-11.196806436632794, 1.0, -2.1422280446340336)
6.859999999999942 (-11.213638349103125, 1.0, -2.1460255237183556)
6.879999999999941 (-11.23416134136873, 1.0, -2.151547700922769)
6.899999999999941 (-11.257695268452022, 1.0, -2.1600727937955244)
6.91999999999994 (-11.28353185938989, 1.0, -2.1721882842120674)
6.93999999999994 (-11.311042972552233, 1.0, -2.187931366335277)
6.95999999999994 (-11.339516535257648, 1.0, -2.2069195791603713)
6.979999999999939 (-11.368215326139838, 1.0, -2.2284519505599856)
6.999999999999939 (-11.396460925721026, 1.0, -2.251650205135653)
7.019999999999938 (-11.423910371837172, 1.0, -2.2756527816014436)
7.039999999999938 (-11.450419273221687, 1.0, -2.2994946786854906)
7.059999999999937 (-11.476580542930279, 1.0, -2.322295373627861)
7.079999999999937 (-11.50336025994213, 1.0, -2.343447343046532)
7.099999999999937 (-11.5327707023993, 1.0, -2.362468883889109)
7.119999999999936 (-11.567375793970227, 1.0, -2.380444184521336)
7.139999999999936 (-11.608721127806483, 1.0, -2.4006600537890703)
7.159999999999935 (-11.655561737505435, 1.0, -2.4269105875166637)
7.179999999999935 (-11.704053802756393, 1.0, -2.458006960393366)
7.1999999999999345 (-11.753709833070852, 1.0, -2.488872032364981)
7.219999999999934 (-11.801020853176531, 1.0, -2.5196247853998206)
7.239999999999934 (-11.845267193901734, 1.0, -2.549453563357872)
7.259999999999933 (-11.88981580141922, 1.0, -2.578124800471964)
7.279999999999933 (-11.93673001404921, 1.0, -2.606454427257121)
7.299999999999932 (-11.986074571110898, 1.0, -2.6329783308537036)
7.319999999999932 (-12.037038834167126, 1.0, -2.656104319752796)
7.3399999999999315 (-12.088415452451786, 1.0, -2.674951264580924)
7.359999999999931 (-12.138928513325151, 1.0, -2.6892101212330424)
7.379999999999931 (-12.187356092120158, 1.0, -2.698860823307429)
7.39999999999993 (-12.232528770935794, 1.0, -2.704244900057859)
7.41999999999993 (-12.27337062750444, 1.0, -2.7060653633401546)
7.439999999999929 (-12.308937681789239, 1.0, -2.705061008281629)
7.459999999999929 (-12.33848725770266, 1.0, -2.7019034214612323)
7.4799999999999285 (-12.361383248973365, 1.0, -2.6972039599332547)
7.499999999999928 (-12.37718193433008, 1.0, -2.691482936032203)
7.519999999999928 (-12.385719999817498, 1.0, -2.6852593317234756)
7.539999999999927 (-12.387330157173313, 1.0, -2.6771880166943958)
7.559999999999927 (-12.383576456316852, 1.0, -2.6652527625586)
7.579999999999926 (-12.376613598519837, 1.0, -2.6498209138178765)
7.599999999999926 (-12.368296060965681, 1.0, -2.6314229031257366)
7.6199999999999255 (-12.359830538560308, 1.0, -2.610654559951099)
7.639999999999925 (-12.351768508025033, 1.0, -2.5882359460992923)
7.659999999999925 (-12.343319608092406, 1.0, -2.5661997137417822)
7.679999999999924 (-12.330819403773656, 1.0, -2.547512802629457)
7.699999999999924 (-12.31146318408314, 1.0, -2.532947917643479)
7.719999999999923 (-12.284890351215054, 1.0, -2.5222478253752074)
7.739999999999923 (-12.261957504815053, 1.0, -2.516576719441756)
7.7599999999999225 (-12.249759099812026, 1.0, -2.516152764017992)
7.779999999999922 (-12.249162420510121, 1.0, -2.5171704584630983)
7.799999999999922 (-12.2555515795869, 1.0, -2.5171335353998456)
7.819999999999921 (-12.266008976015033, 1.0, -2.5144957103579744)
7.839999999999921 (-12.2798135850413, 1.0, -2.5102022419274475)
7.85999999999992 (-12.297203693387456, 1.0, -2.5054341977576677)
7.87999999999992 (-12.3183137373174, 1.0, -2.501501827672249)
7.8999999999999195 (-12.343120283391176, 1.0, -2.4996912452177384)
7.919999999999919 (-12.371179588339297, 1.0, -2.50068593905148)
7.939999999999919 (-12.40192913775284, 1.0, -2.5046844964027093)
7.959999999999918 (-12.434541772009053, 1.0, -2.5115931508044254)
7.979999999999918 (-12.468015935776943, 1.0, -2.521062448789484)
7.999999999999917 (-12.501358693090488, 1.0, -2.532536730548015)
8.019999999999918 (-12.533865418839625, 1.0, -2.545316232717305)
8.039999999999917 (-12.565238821866213, 1.0, -2.5586748295049393)
8.059999999999917 (-12.595705124502963, 1.0, -2.571529223224123)
8.079999999999917 (-12.626056095734617, 1.0, -2.58296065836984)
8.099999999999916 (-12.658365355434658, 1.0, -2.591561142615455)
8.119999999999916 (-12.696005322967904, 1.0, -2.5975905474028607)
8.139999999999915 (-12.741441279428976, 1.0, -2.603199787464696)
8.159999999999915 (-12.795043183948831, 1.0, -2.611559831772179)
8.179999999999914 (-12.853265775630465, 1.0, -2.6231181829110137)
8.199999999999914 (-12.912975910648303, 1.0, -2.6337673361888805)
8.219999999999914 (-12.970906246511591, 1.0, -2.6449766506133763)
8.239999999999913 (-13.026230931987923, 1.0, -2.6562687237536884)
8.259999999999913 (-13.08189323658707, 1.0, -2.666069140165122)
8.279999999999912 (-13.139882826226467, 1.0, -2.6743675169594443)
8.299999999999912 (-13.199477024081965, 1.0, -2.679668498414302)
8.319999999999911 (-13.259202524799356, 1.0, -2.6809585166855032)
8.339999999999911 (-13.317596042439916, 1.0, -2.6780906046608997)
8.35999999999991 (-13.373389907528495, 1.0, -2.6714195858898826)
8.37999999999991 (-13.425458087801683, 1.0, -2.6614770289266687)
8.39999999999991 (-13.472843866205746, 1.0, -2.6490521599795644)
8.41999999999991 (-13.51488361820543, 1.0, -2.6353416861036307)
8.439999999999909 (-13.551149470877608, 1.0, -2.6215935962825263)
8.459999999999908 (-13.581304491323849, 1.0, -2.6088649291260197)
8.479999999999908 (-13.605138607514967, 1.0, -2.598011526574678)
8.499999999999908 (-13.622516841114154, 1.0, -2.5894926848884046)
8.519999999999907 (-13.632725288327782, 1.0, -2.5811299980668663)
8.539999999999907 (-13.636766686016813, 1.0, -2.5718943533048866)
8.559999999999906 (-13.636122043951227, 1.0, -2.561307001406579)
8.579999999999906 (-13.631954723554514, 1.0, -2.5489817853331647)
8.599999999999905 (-13.625089405737043, 1.0, -2.5349085411483774)
8.619999999999905 (-13.61624410240708, 1.0, -2.519429379582151)
8.639999999999905 (-13.606108964533679, 1.0, -2.503103537341934)
8.659999999999904 (-13.594766966183666, 1.0, -2.4882582898772436)
8.679999999999904 (-13.580121169902322, 1.0, -2.479043130342817)
8.699999999999903 (-13.560008879598147, 1.0, -2.477344394309977)
8.719999999999903 (-13.533828052486841, 1.0, -2.483169394000763)
8.739999999999903 (-13.507940929811204, 1.0, -2.493141197922613)
8.759999999999902 (-13.492058097402909, 1.0, -2.5026821975357327)
8.779999999999902 (-13.48831873815461, 1.0, -2.5082437934278126)
8.799999999999901 (-13.49215880472258, 1.0, -2.5086976683024718)
8.8199999999999 (-13.499997729495897, 1.0, -2.504350081144641)
8.8399999999999 (-13.510395415206032, 1.0, -2.4960574697297004)
8.8599999999999 (-13.523538537645607, 1.0, -2.484697195347455)
8.8799999999999 (-13.540155191273323, 1.0, -2.4713128947266663)
8.899999999999899 (-13.560893684424892, 1.0, -2.457279470990411)
8.919999999999899 (-13.58593518735029, 1.0, -2.4433743644850185)
8.939999999999898 (-13.6149074831475, 1.0, -2.4301382679243004)
8.959999999999898 (-13.647213471155066, 1.0, -2.4179250286498615)
8.979999999999897 (-13.681968007976081, 1.0, -2.4068490928822306)
8.999999999999897 (-13.71819318880529, 1.0, -2.3968537637159546)
9.019999999999897 (-13.755011997472696, 1.0, -2.3876945513149903)
9.039999999999896 (-13.791656717706548, 1.0, -2.378937789529633)
9.059999999999896 (-13.827610215640933, 1.0, -2.3698854112236685)
9.079999999999895 (-13.862557924247113, 1.0, -2.359281621630242)
9.099999999999895 (-13.897224229846024, 1.0, -2.345162565089846)
9.119999999999894 (-13.934431729830742, 1.0, -2.3263037846502477)
9.139999999999894 (-13.977907656810395, 1.0, -2.3035149008754527)
9.159999999999894 (-14.029567495415025, 1.0, -2.280555523190988)
9.179999999999893 (-14.086053787947938, 1.0, -2.257336643842576)
9.199999999999893 (-14.143045106308843, 1.0, -2.232981906472348)
9.219999999999892 (-14.198582234676174, 1.0, -2.2104964551371773)
9.239999999999892 (-14.251877809392925, 1.0, -2.1893905921929124)
9.259999999999891 (-14.304790022823646, 1.0, -2.1669852249697468)
9.279999999999891 (-14.35879592576551, 1.0, -2.1423427954777234)
9.29999999999989 (-14.412467297493354, 1.0, -2.1144706521061196)
9.31999999999989 (-14.463983683497654, 1.0, -2.083154464114103)
9.33999999999989 (-14.511946828481314, 1.0, -2.0489273891452044)
9.35999999999989 (-14.555382951416627, 1.0, -2.0126744912254226)
9.379999999999889 (-14.593562499635699, 1.0, -1.9753874364211073)
9.399999999999888 (-14.626088034684651, 1.0, -1.9382400520955276)
9.419999999999888 (-14.652950122538416, 1.0, -1.9025653036559906)
9.439999999999888 (-14.674267803274464, 1.0, -1.8695994458794818)
9.459999999999887 (-14.690189740896768, 1.0, -1.840374149823593)
9.479999999999887 (-14.700870504083005, 1.0, -1.815766608870516)
9.499999999999886 (-14.70651269163592, 1.0, -1.7964464291956548)
9.519999999999886 (-14.70747566055135, 1.0, -1.7828525539945297)
9.539999999999885 (-14.702790980042293, 1.0, -1.7738839895891696)
9.559999999999885 (-14.691779428007319, 1.0, -1.7671370468912713)
9.579999999999885 (-14.676001560371663, 1.0, -1.761073025591342)
9.599999999999884 (-14.656953510399626, 1.0, -1.7544748155804923)
9.619999999999884 (-14.635819148527418, 1.0, -1.746694765529845)
9.639999999999883 (-14.613550051486827, 1.0, -1.7376696801643516)
9.659999999999883 (-14.591320643916315, 1.0, -1.7288910197816016)
9.679999999999882 (-14.569777888420747, 1.0, -1.724844285464171)
9.699999999999882 (-14.548121598842915, 1.0, -1.728594918478573)
9.719999999999882 (-14.525934550936615, 1.0, -1.7404750223438985)
9.739999999999881 (-14.510459092015159, 1.0, -1.75233630434373)
9.75999999999988 (-14.50574178116695, 1.0, -1.7586445830381405)
9.77999999999988 (-14.508825067101816, 1.0, -1.7565715194057285)
9.79999999999988 (-14.514900596105152, 1.0, -1.7483984332740148)
9.81999999999988 (-14.521042724390687, 1.0, -1.7355015650621985)
9.839999999999879 (-14.527797365954475, 1.0, -1.718972769792468)
9.859999999999879 (-14.536386547353448, 1.0, -1.6992824927627257)
9.879999999999878 (-14.548083974521077, 1.0, -1.6770956145864406)
9.899999999999878 (-14.56365950161175, 1.0, -1.653087475136989)
9.919999999999877 (-14.58336331245224, 1.0, -1.6278504355805161)
9.939999999999877 (-14.606996121828255, 1.0, -1.6020180987122672)
9.959999999999877 (-14.633966049150457, 1.0, -1.5762867534937144)
9.979999999999876 (-14.663376610671882, 1.0, -1.5513671126335677)
9.999999999999876 (-14.694149127974992, 1.0, -1.5278243606438393)
