0.0 (-15.75, 1.0, 0.0)
0.02 (-15.748934061970875, 1.0, -0.023695867031192856)
0.04 (-15.741500655599946, 1.0, -0.09544310823808917)
0.06 (-15.725601388912986, 1.0, -0.20617751660569741)
0.08 (-15.70673966962118, 1.0, -0.334700955901402)
0.1 (-15.677865641816704, 1.0, -0.4547876498420886)
0.12000000000000001 (-15.633791455295983, 1.0, -0.5691736734888034)
0.14 (-15.581808847654079, 1.0, -0.6837105865378507)
0.16 (-15.531338381632574, 1.0, -0.7990029809105255)
0.18 (-15.489431380737642, 1.0, -0.913634172836304)
0.19999999999999998 (-15.459828118752723, 1.0, -1.0280741515016791)
0.21999999999999997 (-15.440318178078071, 1.0, -1.1461686915042841)
0.23999999999999996 (-15.415899917618066, 1.0, -1.2636105181405675)
0.25999999999999995 (-15.370705910380002, 1.0, -1.3653781281368773)
0.27999999999999997 (-15.307398483321657, 1.0, -1.4565877217623575)
0.3 (-15.235682234076217, 1.0, -1.5443820180434)
0.32 (-15.164988072237229, 1.0, -1.6266178111047414)
0.34 (-15.100000463936142, 1.0, -1.701412327853075)
0.36000000000000004 (-15.03815575180415, 1.0, -1.7682719200147825)
0.38000000000000006 (-14.975905537277207, 1.0, -1.8282885266505653)
0.4000000000000001 (-14.911532517527817, 1.0, -1.8844753716688831)
0.4200000000000001 (-14.844003260042504, 1.0, -1.939339040047208)
0.4400000000000001 (-14.772249937553195, 1.0, -1.9939239116329273)
0.46000000000000013 (-14.695746962885194, 1.0, -2.0490277223646247)
0.48000000000000015 (-14.614572526127384, 1.0, -2.1056581910246415)
0.5000000000000001 (-14.528792010069656, 1.0, -2.1640245636699498)
0.5200000000000001 (-14.43788896203675, 1.0, -2.2217532314490938)
0.5400000000000001 (-14.342996156661966, 1.0, -2.277180160749023)
0.5600000000000002 (-14.245279610732863, 1.0, -2.329047155993252)
0.5800000000000002 (-14.145627781420036, 1.0, -2.376152871914622)
0.6000000000000002 (-14.04487957234949, 1.0, -2.4174705120084954)
0.6200000000000002 (-13.943971297404568, 1.0, -2.452056793127705)
0.6400000000000002 (-13.843912232839019, 1.0, -2.4792696439517456)
0.6600000000000003 (-13.749053677530343, 1.0, -2.4958641708025144)
0.6800000000000003 (-13.664295789398464, 1.0, -2.5006365277515763)
0.7000000000000003 (-13.590876008151179, 1.0, -2.4936635086029533)
0.7200000000000003 (-13.528606310641688, 1.0, -2.475318336491153)
0.7400000000000003 (-13.47727567960615, 1.0, -2.446595553789839)
0.7600000000000003 (-13.43689822651639, 1.0, -2.4089636921566364)
0.7800000000000004 (-13.407771697354784, 1.0, -2.3642411778192085)
0.8000000000000004 (-13.389941854106326, 1.0, -2.316691500917551)
0.8200000000000004 (-13.382095210045687, 1.0, -2.2737679464638743)
0.8400000000000004 (-13.382194618771164, 1.0, -2.240453212020603)
0.8600000000000004 (-13.389315080646861, 1.0, -2.2192028494434792)
0.8800000000000004 (-13.403177744279843, 1.0, -2.209891259500714)
0.9000000000000005 (-13.423711448878684, 1.0, -2.2101693120801644)
0.9200000000000005 (-13.451336806576258, 1.0, -2.2173458348805)
0.9400000000000005 (-13.48684299090704, 1.0, -2.22928679990717)
0.9600000000000005 (-13.531136616590075, 1.0, -2.2444456785228857)
0.9800000000000005 (-13.585126224569132, 1.0, -2.261748663562449)
1.0000000000000004 (-13.647765263468917, 1.0, -2.2798555605739006)
1.0200000000000005 (-13.716250490790447, 1.0, -2.2986545339397617)
1.0400000000000005 (-13.78800836730847, 1.0, -2.318342432762721)
1.0600000000000005 (-13.861191747962582, 1.0, -2.338956428350659)
1.0800000000000005 (-13.933927767370234, 1.0, -2.359181191655479)
1.1000000000000005 (-14.004615465633837, 1.0, -2.3808228414015766)
1.1200000000000006 (-14.07452620657361, 1.0, -2.4005730182213543)
1.1400000000000006 (-14.14459246589912, 1.0, -2.415561519830795)
1.1600000000000006 (-14.19544016633928, 1.0, -2.4465787687188807)
1.1800000000000006 (-14.231861999645668, 1.0, -2.5010435647975218)
1.2000000000000006 (-14.264905612011773, 1.0, -2.549915472008964)
1.2200000000000006 (-14.297326077824836, 1.0, -2.5873749765810503)
1.2400000000000007 (-14.330706610084686, 1.0, -2.614179328327395)
1.2600000000000007 (-14.369798495720653, 1.0, -2.6136214901641255)
1.2800000000000007 (-14.413106714538051, 1.0, -2.58783042907028)
1.3000000000000007 (-14.46284093234497, 1.0, -2.5583563146126944)
1.3200000000000007 (-14.518776808177027, 1.0, -2.5221158873789085)
1.3400000000000007 (-14.579080100790001, 1.0, -2.4749360057205467)
1.3600000000000008 (-14.639045716691417, 1.0, -2.424883156213228)
1.3800000000000008 (-14.69055344944388, 1.0, -2.3796565919171973)
1.4000000000000008 (-14.72846750015934, 1.0, -2.3420695650389174)
1.4200000000000008 (-14.752557388732367, 1.0, -2.3145469749164262)
1.4400000000000008 (-14.764841318035334, 1.0, -2.2978797851347905)
1.4600000000000009 (-14.76621663884876, 1.0, -2.2910640245469907)
1.4800000000000009 (-14.756116921618919, 1.0, -2.2918952926659655)
1.5000000000000009 (-14.736446575788243, 1.0, -2.2988122959924833)
1.520000000000001 (-14.710098083875684, 1.0, -2.3101587565819566)
1.540000000000001 (-14.679548403926193, 1.0, -2.3238375552096913)
1.560000000000001 (-14.64673710192628, 1.0, -2.3377852348789956)
1.580000000000001 (-14.613270327912986, 1.0, -2.350111296366583)
1.600000000000001 (-14.580626390501763, 1.0, -2.358991199336156)
1.620000000000001 (-14.550338258405295, 1.0, -2.3625887079650747)
1.640000000000001 (-14.527008387516604, 1.0, -2.3563414696154563)
1.660000000000001 (-14.517546586238858, 1.0, -2.335342847362081)
1.680000000000001 (-14.524051454339318, 1.0, -2.298974355363237)
1.700000000000001 (-14.54544096080576, 1.0, -2.2481486009436216)
1.720000000000001 (-14.578729031319332, 1.0, -2.188476779432467)
1.740000000000001 (-14.617553671466503, 1.0, -2.126936307321209)
1.7600000000000011 (-14.656865339917214, 1.0, -2.0675972509516933)
1.7800000000000011 (-14.695424702511716, 1.0, -2.0101944590286176)
1.8000000000000012 (-14.734177292493772, 1.0, -1.9544199558840862)
1.8200000000000012 (-14.774240261361676, 1.0, -1.9005551984369415)
1.8400000000000012 (-14.816079454065724, 1.0, -1.8482025136889482)
1.8600000000000012 (-14.859733952888245, 1.0, -1.7969509308876037)
1.8800000000000012 (-14.904936148871078, 1.0, -1.7467640122543213)
1.9000000000000012 (-14.951219285113034, 1.0, -1.6979962793004717)
1.9200000000000013 (-14.998260536716305, 1.0, -1.6516101219775534)
1.9400000000000013 (-15.045886232166444, 1.0, -1.6093897685538563)
1.9600000000000013 (-15.093853742231351, 1.0, -1.5727679931588878)
1.9800000000000013 (-15.142044517373558, 1.0, -1.542362146406359)
2.0000000000000013 (-15.190601261274187, 1.0, -1.5181514578820747)
2.0200000000000014 (-15.239944128320815, 1.0, -1.4994705595334892)
2.0400000000000014 (-15.290653772172035, 1.0, -1.4850296730903363)
2.0600000000000014 (-15.343496865638448, 1.0, -1.473070213662091)
2.0800000000000014 (-15.398740646247695, 1.0, -1.4616641348637531)
2.1000000000000014 (-15.455432014224394, 1.0, -1.4488655755979645)
2.1200000000000014 (-15.510755207012565, 1.0, -1.4375279680069977)
2.1400000000000015 (-15.558528018138002, 1.0, -1.4304078382102245)
2.1600000000000015 (-15.593564815990048, 1.0, -1.4288529751123007)
2.1800000000000015 (-15.615577856457751, 1.0, -1.4350008283489688)
2.2000000000000015 (-15.62396674022592, 1.0, -1.449049474030519)
2.2200000000000015 (-15.61822159748467, 1.0, -1.4656119981215336)
2.2400000000000015 (-15.60404284021468, 1.0, -1.479339929348428)
2.2600000000000016 (-15.588562007501102, 1.0, -1.4891159895454007)
2.2800000000000016 (-15.5756319582461, 1.0, -1.493718143307027)
2.3000000000000016 (-15.56627508213652, 1.0, -1.4934863429817062)
2.3200000000000016 (-15.559115625171914, 1.0, -1.4905132423077112)
2.3400000000000016 (-15.552099607918318, 1.0, -1.4875236771974973)
2.3600000000000017 (-15.543678320346471, 1.0, -1.4873195912201995)
2.3800000000000017 (-15.532751988798886, 1.0, -1.4921195257566264)
2.4000000000000017 (-15.51841868696628, 1.0, -1.503270245030033)
2.4200000000000017 (-15.49989160716008, 1.0, -1.5212922902641413)
2.4400000000000017 (-15.476488014611517, 1.0, -1.5460087523137582)
2.4600000000000017 (-15.447609971283649, 1.0, -1.5766795758476695)
2.4800000000000018 (-15.412728271692213, 1.0, -1.6121398216883298)
2.5000000000000018 (-15.371381826969426, 1.0, -1.6509242091828522)
2.520000000000002 (-15.323242657014687, 1.0, -1.6913772555294373)
2.540000000000002 (-15.269260570434472, 1.0, -1.732315212635542)
2.560000000000002 (-15.212048213606396, 1.0, -1.7724773595422914)
2.580000000000002 (-15.153552152931361, 1.0, -1.8103289249154193)
2.600000000000002 (-15.094792079591365, 1.0, -1.8440594036627078)
2.620000000000002 (-15.036566926365143, 1.0, -1.8718689696806308)
2.640000000000002 (-14.981408246215576, 1.0, -1.8897918119386095)
2.660000000000002 (-14.934088703264557, 1.0, -1.8924536792879516)
2.680000000000002 (-14.896572863261035, 1.0, -1.8788583136332)
2.700000000000002 (-14.868245880353967, 1.0, -1.849584480275302)
2.720000000000002 (-14.848569942966396, 1.0, -1.8060385374539536)
2.740000000000002 (-14.837372234589626, 1.0, -1.7528782957320483)
2.760000000000002 (-14.832798987079366, 1.0, -1.6978883463272991)
2.780000000000002 (-14.832504822767413, 1.0, -1.6469074961925345)
2.800000000000002 (-14.835350165155244, 1.0, -1.6011674241312202)
2.820000000000002 (-14.841720369623408, 1.0, -1.5610899593761542)
2.840000000000002 (-14.852313679024354, 1.0, -1.526880456488975)
2.860000000000002 (-14.867318884721623, 1.0, -1.4971889099626634)
2.880000000000002 (-14.886724624496972, 1.0, -1.4698938510968724)
2.900000000000002 (-14.910979234085293, 1.0, -1.4440655609804367)
2.920000000000002 (-14.940052194243961, 1.0, -1.419150246657658)
2.940000000000002 (-14.97378959161939, 1.0, -1.3949248446299818)
2.960000000000002 (-15.011886514501784, 1.0, -1.3714367280122872)
2.980000000000002 (-15.054076691831636, 1.0, -1.3485363747218293)
3.000000000000002 (-15.100217050389546, 1.0, -1.3256906189680187)
3.0200000000000022 (-15.150211828514974, 1.0, -1.3020464302310812)
3.0400000000000023 (-15.203949307107479, 1.0, -1.2764990915461814)
3.0600000000000023 (-15.261247380360071, 1.0, -1.2482142390916493)
3.0800000000000023 (-15.320892868204075, 1.0, -1.218301802039339)
3.1000000000000023 (-15.378373503073894, 1.0, -1.189940783131604)
3.1200000000000023 (-15.429970554277844, 1.0, -1.1657917900068415)
3.1400000000000023 (-15.474077089135182, 1.0, -1.1474666357064545)
3.1600000000000024 (-15.50879065512745, 1.0, -1.1334995787553555)
3.1800000000000024 (-15.535227085102393, 1.0, -1.1181205176755749)
3.2000000000000024 (-15.55808235642185, 1.0, -1.0978005953251624)
3.2200000000000024 (-15.579783658106425, 1.0, -1.0704294800267389)
3.2400000000000024 (-15.601994012770055, 1.0, -1.0359034250882169)
3.2600000000000025 (-15.625098775230578, 1.0, -0.9964556792589424)
3.2800000000000025 (-15.647941367639094, 1.0, -0.9549223017982418)
3.3000000000000025 (-15.66939482817499, 1.0, -0.9145412275887569)
3.3200000000000025 (-15.68884916922991, 1.0, -0.8783316577806498)
3.3400000000000025 (-15.706035205616654, 1.0, -0.8486410473831149)
3.3600000000000025 (-15.720904231067736, 1.0, -0.8271790244212218)
3.3800000000000026 (-15.73349481599198, 1.0, -0.8151361840618613)
3.4000000000000026 (-15.743856174319355, 1.0, -0.8130313091019109)
3.4200000000000026 (-15.750960703739361, 1.0, -0.8209554418416862)
3.4400000000000026 (-15.753702889541712, 1.0, -0.8379989320801575)
3.4600000000000026 (-15.751268426274757, 1.0, -0.8633877670229608)
3.4800000000000026 (-15.742704314613857, 1.0, -0.8957173497965666)
3.5000000000000027 (-15.72714099854114, 1.0, -0.9336051329335584)
3.5200000000000027 (-15.704704101333686, 1.0, -0.9759501441981786)
3.5400000000000027 (-15.677444944644645, 1.0, -1.0215812338200687)
3.5600000000000027 (-15.647127120536027, 1.0, -1.068947700103198)
3.5800000000000027 (-15.614479941951592, 1.0, -1.1162159254268644)
3.6000000000000028 (-15.57976664659423, 1.0, -1.1617456558705257)
3.6200000000000028 (-15.543104187165753, 1.0, -1.2040042082891858)
3.640000000000003 (-15.504639458536346, 1.0, -1.241428637792453)
3.660000000000003 (-15.465368371292483, 1.0, -1.274040131626982)
3.680000000000003 (-15.425043146634893, 1.0, -1.2923566761074454)
3.700000000000003 (-15.387680042310015, 1.0, -1.290844146109333)
3.720000000000003 (-15.354746490985464, 1.0, -1.2688861421218418)
3.740000000000003 (-15.325777565835331, 1.0, -1.227273286643631)
3.760000000000003 (-15.301835652790002, 1.0, -1.1689624549693745)
3.780000000000003 (-15.284990191592287, 1.0, -1.101501930789197)
3.800000000000003 (-15.274707109517824, 1.0, -1.0329373870473377)
3.820000000000003 (-15.270241504402632, 1.0, -0.9669190418065832)
3.840000000000003 (-15.271061852759821, 1.0, -0.9036693075258653)
3.860000000000003 (-15.276955068787297, 1.0, -0.8422847927077243)
3.880000000000003 (-15.288105031725152, 1.0, -0.7816748281737937)
3.900000000000003 (-15.304528356329842, 1.0, -0.7208708475476558)
3.920000000000003 (-15.326062473935558, 1.0, -0.659177005853885)
3.940000000000003 (-15.352338057718509, 1.0, -0.596249164154347)
3.960000000000003 (-15.382845255305561, 1.0, -0.5320075185205343)
3.980000000000003 (-15.417062275046957, 1.0, -0.4663480092347321)
4.000000000000003 (-15.454475412700448, 1.0, -0.39930138545535276)
4.020000000000002 (-15.4945337274389, 1.0, -0.33084446679610063)
4.040000000000002 (-15.53667386031222, 1.0, -0.2608933414597277)
4.060000000000001 (-15.580317351627086, 1.0, -0.1893012180221393)
4.080000000000001 (-15.624691850946615, 1.0, -0.11727593841259493)
4.1000000000000005 (-15.66747051059234, 1.0, -0.04925464451750509)
4.12 (-15.70650988413953, 1.0, 0.011107850077817817)
4.14 (-15.740973344901972, 1.0, 0.06188196552051754)
4.159999999999999 (-15.768979760100233, 1.0, 0.10196375116940655)
4.179999999999999 (-15.787781460548821, 1.0, 0.1350198509602505)
4.199999999999998 (-15.798747629909354, 1.0, 0.16630298716570538)
4.219999999999998 (-15.80458227582359, 1.0, 0.19942216773660382)
4.2399999999999975 (-15.807069527785492, 1.0, 0.23634948314734922)
4.259999999999997 (-15.808128522268126, 1.0, 0.2770562459191736)
4.279999999999997 (-15.80878119340446, 1.0, 0.31939012929966315)
4.299999999999996 (-15.809092073394119, 1.0, 0.36034987780846545)
4.319999999999996 (-15.809420386583778, 1.0, 0.3969588352838481)
4.339999999999995 (-15.810373309624078, 1.0, 0.4268577245275544)
4.359999999999995 (-15.812630065761185, 1.0, 0.44838850096447846)
4.379999999999995 (-15.816709524560538, 1.0, 0.46046701074551905)
4.399999999999994 (-15.822924504406629, 1.0, 0.46247809350647784)
4.419999999999994 (-15.830489286195824, 1.0, 0.45407992943203457)
4.439999999999993 (-15.838200686469177, 1.0, 0.43589280820901527)
4.459999999999993 (-15.845092396110763, 1.0, 0.4088052907761088)
4.479999999999992 (-15.849856934745944, 1.0, 0.37406556321648304)
4.499999999999992 (-15.851217857171372, 1.0, 0.33296324649824477)
4.519999999999992 (-15.848010551373411, 1.0, 0.28680869549099036)
4.539999999999991 (-15.839197879641516, 1.0, 0.23687428484519407)
4.559999999999991 (-15.823472804736303, 1.0, 0.18494422842555383)
4.57999999999999 (-15.800552668004519, 1.0, 0.1328829728625205)
4.59999999999999 (-15.772601452091871, 1.0, 0.0835705676322941)
4.6199999999999894 (-15.742753204013626, 1.0, 0.039095514497912924)
4.639999999999989 (-15.708133706902359, 1.0, 0.010432983220358603)
4.659999999999989 (-15.670718745680984, 1.0, 0.0030058451825304374)
4.679999999999988 (-15.630906963786689, 1.0, 0.01635291342506575)
4.699999999999988 (-15.588411557159676, 1.0, 0.04874181948924648)
4.719999999999987 (-15.544769333064348, 1.0, 0.09705061553193198)
4.739999999999987 (-15.503228624305565, 1.0, 0.15406085005743328)
4.7599999999999865 (-15.465662675932748, 1.0, 0.21197383929577795)
4.779999999999986 (-15.43182165928375, 1.0, 0.2683074709771114)
4.799999999999986 (-15.402086646260953, 1.0, 0.3229881344714561)
4.819999999999985 (-15.377561777040247, 1.0, 0.3762165939952881)
4.839999999999985 (-15.35875886974084, 1.0, 0.4284424868039481)
4.859999999999984 (-15.345611135448264, 1.0, 0.4801697535427338)
4.879999999999984 (-15.337880803700134, 1.0, 0.5317768750018289)
4.8999999999999835 (-15.335266284086265, 1.0, 0.5834429589004765)
4.919999999999983 (-15.336217856092714, 1.0, 0.6354988504635493)
4.939999999999983 (-15.340589855008707, 1.0, 0.6878476564149071)
4.959999999999982 (-15.348477335539275, 1.0, 0.7400834716777507)
4.979999999999982 (-15.359912849465262, 1.0, 0.7916575809325938)
4.999999999999981 (-15.374723420459821, 1.0, 0.8426284060879252)
5.019999999999981 (-15.392647960330393, 1.0, 0.8936694591128679)
5.0399999999999805 (-15.413272046267812, 1.0, 0.9459330378156965)
5.05999999999998 (-15.435866363815212, 1.0, 1.000815336334604)
5.07999999999998 (-15.459290753823405, 1.0, 1.0596728710962984)
5.099999999999979 (-15.482958373560164, 1.0, 1.121924729258372)
5.119999999999979 (-15.505936163006654, 1.0, 1.1820628474645787)
5.139999999999978 (-15.526540583136919, 1.0, 1.2341495537338774)
5.159999999999978 (-15.544547677840487, 1.0, 1.274850687734076)
5.1799999999999775 (-15.558074893522097, 1.0, 1.3017933708453495)
5.199999999999977 (-15.563226453315966, 1.0, 1.3195736983046056)
5.219999999999977 (-15.5622872168432, 1.0, 1.3356208583831808)
5.239999999999976 (-15.55659121060065, 1.0, 1.3545341653958092)
5.259999999999976 (-15.547144523893367, 1.0, 1.378645219225306)
5.279999999999975 (-15.535461464861063, 1.0, 1.4072764997316312)
5.299999999999975 (-15.52265171159422, 1.0, 1.4377241264338185)
5.3199999999999745 (-15.510114112807614, 1.0, 1.466895241721097)
5.339999999999974 (-15.499450671656996, 1.0, 1.492143949019684)
5.359999999999974 (-15.492105067362203, 1.0, 1.5115425113676857)
5.379999999999973 (-15.488973688969871, 1.0, 1.5237262909704554)
5.399999999999973 (-15.490218447071642, 1.0, 1.5277384752088519)
5.419999999999972 (-15.495529592690982, 1.0, 1.523132264128721)
5.439999999999972 (-15.504207969585497, 1.0, 1.5096709152032615)
5.4599999999999715 (-15.515017032259241, 1.0, 1.4876113188092535)
5.479999999999971 (-15.52666844631822, 1.0, 1.457186491770802)
5.499999999999971 (-15.537740600429217, 1.0, 1.418718269858902)
5.51999999999997 (-15.54696939757277, 1.0, 1.37281803122123)
5.53999999999997 (-15.554468365010761, 1.0, 1.3212197163177728)
5.559999999999969 (-15.560645508972511, 1.0, 1.2666432388567928)
5.579999999999969 (-15.565015980266747, 1.0, 1.2113075094193964)
5.599999999999969 (-15.566574960269048, 1.0, 1.1568183348778907)
5.619999999999968 (-15.564246052746523, 1.0, 1.1045103894248893)
5.639999999999968 (-15.557371029723365, 1.0, 1.0555598673264928)
5.659999999999967 (-15.542622135105665, 1.0, 1.0144617575245343)
5.679999999999967 (-15.517377930224153, 1.0, 0.9883372473301109)
5.699999999999966 (-15.481814653746108, 1.0, 0.9793822620318792)
5.719999999999966 (-15.436057038706634, 1.0, 0.9867127241491453)
5.739999999999966 (-15.381672449797254, 1.0, 1.00905799455051)
5.759999999999965 (-15.324582859974202, 1.0, 1.042945523557113)
5.779999999999965 (-15.270310853460641, 1.0, 1.0821408959768697)
5.799999999999964 (-15.221749735948965, 1.0, 1.1227069452217449)
5.819999999999964 (-15.17940784946302, 1.0, 1.1635527528923022)
5.839999999999963 (-15.142369939110667, 1.0, 1.20524284269005)
5.859999999999963 (-15.109924458349862, 1.0, 1.248970486537253)
5.879999999999963 (-15.081329536750895, 1.0, 1.2957579121392775)
5.899999999999962 (-15.055961420824893, 1.0, 1.3462732079488178)
5.919999999999962 (-15.033232171534461, 1.0, 1.400595171053614)
5.939999999999961 (-15.012652243567675, 1.0, 1.4586530979254604)
5.959999999999961 (-14.99383387259882, 1.0, 1.52034641538808)
5.9799999999999605 (-14.97665531231579, 1.0, 1.5851700157168396)
5.99999999999996 (-14.960697620857271, 1.0, 1.6528683466053262)
6.01999999999996 (-14.945590053818776, 1.0, 1.7232761320228924)
6.039999999999959 (-14.930869994971436, 1.0, 1.7963742879518014)
6.059999999999959 (-14.915911000927293, 1.0, 1.8721967804025141)
6.079999999999958 (-14.90084114438451, 1.0, 1.9500134290779874)
6.099999999999958 (-14.886909436388356, 1.0, 2.0252141644130806)
6.1199999999999575 (-14.874914658973383, 1.0, 2.0929721246807835)
6.139999999999957 (-14.86564485352727, 1.0, 2.151035452812402)
6.159999999999957 (-14.858397876470363, 1.0, 2.1970759669731597)
6.179999999999956 (-14.84847807698499, 1.0, 2.2322207209570157)
6.199999999999956 (-14.833499740380471, 1.0, 2.261667671333124)
6.219999999999955 (-14.812874169596538, 1.0, 2.2899330034004315)
6.239999999999955 (-14.786502202261614, 1.0, 2.3196118939535033)
6.2599999999999545 (-14.755769137696051, 1.0, 2.3515975751147753)
6.279999999999954 (-14.72284458782242, 1.0, 2.3847263518778457)
6.299999999999954 (-14.690055668615003, 1.0, 2.416810599831243)
6.319999999999953 (-14.65990047898082, 1.0, 2.4458757530931297)
6.339999999999953 (-14.634646237052973, 1.0, 2.4706247114700846)
6.359999999999952 (-14.61601285756347, 1.0, 2.490255215286122)
6.379999999999952 (-14.605208270157075, 1.0, 2.5043548204868893)
6.3999999999999515 (-14.602846365615544, 1.0, 2.512529377407563)
6.419999999999951 (-14.608474927791427, 1.0, 2.5138031126128046)
6.439999999999951 (-14.62100266094411, 1.0, 2.5080059810190094)
6.45999999999995 (-14.63926991788356, 1.0, 2.4948403073442673)
6.47999999999995 (-14.66165005182287, 1.0, 2.474067038978273)
6.499999999999949 (-14.686496601308319, 1.0, 2.4455380503933117)
6.519999999999949 (-14.71219210185107, 1.0, 2.4092039663601343)
6.5399999999999485 (-14.737755295967089, 1.0, 2.3661759510457396)
6.559999999999948 (-14.7626523467018, 1.0, 2.319472252003657)
6.579999999999948 (-14.785596874485714, 1.0, 2.271543375331807)
6.599999999999947 (-14.804824187136186, 1.0, 2.2237943649127385)
6.619999999999947 (-14.818657754844681, 1.0, 2.1771559151206783)
6.639999999999946 (-14.82651440600992, 1.0, 2.132536319544873)
6.659999999999946 (-14.818512748477465, 1.0, 2.09517918269874)
6.6799999999999455 (-14.793260102511518, 1.0, 2.069415988460074)
6.699999999999945 (-14.751176264361643, 1.0, 2.0547340747838607)
6.719999999999945 (-14.693343564137818, 1.0, 2.0500473550938394)
6.739999999999944 (-14.624211061640745, 1.0, 2.0546965493813527)
6.759999999999944 (-14.551540807230412, 1.0, 2.0662466066300147)
6.779999999999943 (-14.48192472154562, 1.0, 2.081818619263245)
6.799999999999943 (-14.417391731405644, 1.0, 2.1001040644292894)
6.8199999999999426 (-14.357452738533828, 1.0, 2.1211096340621935)
6.839999999999942 (-14.302366399115499, 1.0, 2.1458122725184303)
6.859999999999942 (-14.25148656171461, 1.0, 2.17471822723553)
6.879999999999941 (-14.202846278052377, 1.0, 2.207600108616783)
6.899999999999941 (-14.155796721213342, 1.0, 2.244675273562632)
6.91999999999994 (-14.109909480156695, 1.0, 2.2859159975351564)
6.93999999999994 (-14.065029263669901, 1.0, 2.330936858441142)
6.95999999999994 (-14.021270089338161, 1.0, 2.3792706500716894)
6.979999999999939 (-13.978744218938191, 1.0, 2.4304614245496716)
6.999999999999939 (-13.937293201938092, 1.0, 2.4841745676776354)
7.019999999999938 (-13.89643527269684, 1.0, 2.5402988021299144)
7.039999999999938 (-13.855712828262826, 1.0, 2.598740518793769)
7.059999999999937 (-13.814542226401285, 1.0, 2.659539227410993)
7.079999999999937 (-13.772269902118833, 1.0, 2.722865354516287)
7.099999999999937 (-13.730293762591737, 1.0, 2.787372712432139)
7.119999999999936 (-13.691695468015947, 1.0, 2.8481871950034203)
7.139999999999936 (-13.659095079911948, 1.0, 2.9021135836528784)
7.159999999999935 (-13.633749141359335, 1.0, 2.946675513637339)
7.179999999999935 (-13.614075110818705, 1.0, 2.9784269976208044)
7.1999999999999345 (-13.594499823735372, 1.0, 2.998652584393077)
7.219999999999934 (-13.571741091244263, 1.0, 3.013699126311879)
7.239999999999934 (-13.543518176165064, 1.0, 3.0269046145076466)
7.259999999999933 (-13.509288740741425, 1.0, 3.040322499455021)
7.279999999999933 (-13.470933089150604, 1.0, 3.054497662483256)
7.299999999999932 (-13.431317209193441, 1.0, 3.0684990298082786)
7.319999999999932 (-13.393667316071346, 1.0, 3.0814733212777305)
7.3399999999999315 (-13.360925429989088, 1.0, 3.0930421680478655)
7.359999999999931 (-13.335351615479132, 1.0, 3.103186122360883)
7.379999999999931 (-13.318449230852636, 1.0, 3.111826113582652)
7.39999999999993 (-13.310950089283688, 1.0, 3.1184916835116705)
7.41999999999993 (-13.31288265162991, 1.0, 3.1227189557294026)
7.439999999999929 (-13.32381214192415, 1.0, 3.123910228066563)
7.459999999999929 (-13.342740652123947, 1.0, 3.121350982125916)
7.4799999999999285 (-13.368577021423254, 1.0, 3.114276679065885)
7.499999999999928 (-13.400085905091547, 1.0, 3.101898777930885)
7.519999999999928 (-13.435897928245508, 1.0, 3.0834431071288972)
7.539999999999927 (-13.474675025380039, 1.0, 3.0586845104107105)
7.559999999999927 (-13.514691989411999, 1.0, 3.0294032622856686)
7.579999999999926 (-13.553944994135758, 1.0, 2.9979129484579126)
7.599999999999926 (-13.590156713652876, 1.0, 2.9651856877911698)
7.6199999999999255 (-13.621240246722568, 1.0, 2.9314266153009374)
7.639999999999925 (-13.646348094692607, 1.0, 2.897237745205067)
7.659999999999925 (-13.654875606315223, 1.0, 2.86289928653353)
7.679999999999924 (-13.643266878082827, 1.0, 2.8316453424069246)
7.699999999999924 (-13.612022451086192, 1.0, 2.803301786993677)
7.719999999999923 (-13.562485213602695, 1.0, 2.7773312584443355)
7.739999999999923 (-13.499058788708119, 1.0, 2.7553441341880847)
7.7599999999999225 (-13.430529091470065, 1.0, 2.7383331875572163)
7.779999999999922 (-13.363702887717686, 1.0, 2.7255107351118775)
7.799999999999922 (-13.300563066299253, 1.0, 2.7162996831142574)
7.819999999999921 (-13.240469973118518, 1.0, 2.710635740534663)
7.839999999999921 (-13.183148316673604, 1.0, 2.7097579288445544)
7.85999999999992 (-13.12707450408276, 1.0, 2.7132080933642126)
7.87999999999992 (-13.070930639098158, 1.0, 2.7205982761440906)
7.8999999999999195 (-13.014213709771385, 1.0, 2.731977579991337)
7.919999999999919 (-12.956522904989184, 1.0, 2.7471401849836945)
7.939999999999919 (-12.89793378473509, 1.0, 2.7656990776463024)
7.959999999999918 (-12.83876698002909, 1.0, 2.7873563423652716)
7.979999999999918 (-12.779304428314676, 1.0, 2.8118085150057053)
7.999999999999917 (-12.71950101649028, 1.0, 2.838719748303743)
8.019999999999918 (-12.65894168775535, 1.0, 2.867771563854782)
8.039999999999917 (-12.597173965771047, 1.0, 2.898781374197986)
8.059999999999917 (-12.533659491041544, 1.0, 2.9316474811800677)
8.079999999999917 (-12.467726422976389, 1.0, 2.966203292985946)
8.099999999999916 (-12.401945098836805, 1.0, 3.001685279292165)
8.119999999999916 (-12.341443854529851, 1.0, 3.034630018152853)
8.139999999999915 (-12.289691179783901, 1.0, 3.063707395084638)
8.159999999999915 (-12.248807639721868, 1.0, 3.0875264199593517)
8.179999999999914 (-12.218029436200068, 1.0, 3.1025131569028446)
8.199999999999914 (-12.191667427089948, 1.0, 3.107768763077764)
8.219999999999914 (-12.164304519675923, 1.0, 3.1072957828789516)
8.239999999999913 (-12.132701373613276, 1.0, 3.103096295502477)
8.259999999999913 (-12.09568446734701, 1.0, 3.096728236610475)
8.279999999999912 (-12.054914747424698, 1.0, 3.0893903235618834)
8.299999999999912 (-12.013500733084086, 1.0, 3.081395993085069)
8.319999999999911 (-11.97475034783724, 1.0, 3.0733575043693464)
8.339999999999911 (-11.941421703177857, 1.0, 3.0662559617634924)
8.35999999999991 (-11.915484167145976, 1.0, 3.061047787493167)
8.37999999999991 (-11.898270460450044, 1.0, 3.0583542928665515)
8.39999999999991 (-11.8906695449333, 1.0, 3.0580540202798083)
8.41999999999991 (-11.892952589644, 1.0, 3.0596060896639194)
8.439999999999909 (-11.904854766730637, 1.0, 3.062182369868452)
8.459999999999908 (-11.925927589019798, 1.0, 3.064672921045232)
8.479999999999908 (-11.955513822333826, 1.0, 3.065788143616199)
8.499999999999908 (-11.992816946244368, 1.0, 3.0642221015017403)
8.519999999999907 (-12.036494633678165, 1.0, 3.0596946277662127)
8.539999999999907 (-12.084253906503493, 1.0, 3.0533152664998133)
8.559999999999906 (-12.133628635875079, 1.0, 3.045262184848452)
8.579999999999906 (-12.182680188424625, 1.0, 3.035016223511769)
8.599999999999905 (-12.22980282158251, 1.0, 3.021829863865044)
8.619999999999905 (-12.273427592077594, 1.0, 3.004893402269613)
8.639999999999905 (-12.312195776179465, 1.0, 2.9839089794640485)
8.659999999999904 (-12.33672466422917, 1.0, 2.95523711282678)
8.679999999999904 (-12.342178623278157, 1.0, 2.9198287760997896)
8.699999999999903 (-12.329040949520067, 1.0, 2.8776278877409336)
8.719999999999903 (-12.298727953635057, 1.0, 2.828837165505088)
8.739999999999903 (-12.254103986866399, 1.0, 2.776231558191083)
8.759999999999902 (-12.20129214719742, 1.0, 2.724610287246084)
8.779999999999902 (-12.146634120373674, 1.0, 2.6777229353110195)
8.799999999999901 (-12.092639495149959, 1.0, 2.636876062181904)
8.8199999999999 (-12.039200416713738, 1.0, 2.6016786944246393)
8.8399999999999 (-11.985754034918216, 1.0, 2.5728105380929422)
8.8599999999999 (-11.931467416294785, 1.0, 2.549996344757674)
8.8799999999999 (-11.875270672528197, 1.0, 2.53155459949812)
8.899999999999899 (-11.816459686383757, 1.0, 2.517079786761268)
8.919999999999899 (-11.754879500556784, 1.0, 2.5061000189150424)
8.939999999999898 (-11.690625380587395, 1.0, 2.4981421466941596)
8.959999999999898 (-11.624089118551321, 1.0, 2.4930126346435117)
8.979999999999897 (-11.555667846949238, 1.0, 2.490501143697707)
8.999999999999897 (-11.485486292646506, 1.0, 2.4902308357185974)
9.019999999999897 (-11.413345622278472, 1.0, 2.491641261840203)
9.039999999999896 (-11.33903403701568, 1.0, 2.494243824832534)
9.059999999999896 (-11.262286009247113, 1.0, 2.497559761608452)
9.079999999999895 (-11.182661357137622, 1.0, 2.5011099796603316)
9.099999999999895 (-11.102710745245174, 1.0, 2.505489888154101)
9.119999999999894 (-11.028401796964395, 1.0, 2.5100541103566947)
9.139999999999894 (-10.963288451155435, 1.0, 2.5151379137907277)
9.159999999999894 (-10.910118108569248, 1.0, 2.5200228790091566)
9.179999999999893 (-10.869768304082188, 1.0, 2.520894226942458)
9.199999999999893 (-10.837150880808295, 1.0, 2.5149516098472358)
9.219999999999892 (-10.805893465603729, 1.0, 2.5031497217604675)
9.239999999999892 (-10.772467481983455, 1.0, 2.4854609866705317)
9.259999999999891 (-10.735278459170315, 1.0, 2.462866694538574)
9.279999999999891 (-10.69532780391819, 1.0, 2.437341095387629)
9.29999999999989 (-10.655199784917208, 1.0, 2.4106756677217955)
9.31999999999989 (-10.617456286529423, 1.0, 2.385047844165798)
9.33999999999989 (-10.584029773117853, 1.0, 2.362662630910516)
9.35999999999989 (-10.556163224621509, 1.0, 2.345339452926929)
9.379999999999889 (-10.534729237320814, 1.0, 2.3342564504104004)
9.399999999999888 (-10.520510441018583, 1.0, 2.329730770625921)
9.419999999999888 (-10.513872896549762, 1.0, 2.331511910225542)
9.439999999999888 (-10.514992211965122, 1.0, 2.338878984387334)
9.459999999999887 (-10.523887004563202, 1.0, 2.3506601262988083)
9.479999999999887 (-10.540539952392542, 1.0, 2.3655423428109787)
9.499999999999886 (-10.564868162141066, 1.0, 2.3820969544613195)
9.519999999999886 (-10.596711360931732, 1.0, 2.398806802763048)
9.539999999999885 (-10.635459674290937, 1.0, 2.414496248677457)
9.559999999999885 (-10.678638818941147, 1.0, 2.428885432358949)
9.579999999999885 (-10.723238994108817, 1.0, 2.441642853625961)
9.599999999999884 (-10.767205595523496, 1.0, 2.4514486849427426)
9.619999999999884 (-10.809212356036202, 1.0, 2.4567086872361266)
9.639999999999883 (-10.848319752873161, 1.0, 2.4570543752873166)
9.659999999999883 (-10.879013600323058, 1.0, 2.4446582883013686)
9.679999999999882 (-10.896079821597827, 1.0, 2.4174208226827187)
9.699999999999882 (-10.899419717368556, 1.0, 2.3755563023617303)
9.719999999999882 (-10.89023123219154, 1.0, 2.319723440791732)
9.739999999999881 (-10.869625935798261, 1.0, 2.254256282584208)
9.75999999999988 (-10.841842989465626, 1.0, 2.18708794786321)
9.77999999999988 (-10.811769420631357, 1.0, 2.1233098153149736)
9.79999999999988 (-10.781020395358999, 1.0, 2.0645065508544094)
9.81999999999988 (-10.749350458425823, 1.0, 2.0099118283834585)
9.839999999999879 (-10.715535467615359, 1.0, 1.9598667910316274)
9.859999999999879 (-10.679060643755077, 1.0, 1.9127232565525938)
9.879999999999878 (-10.639355705031543, 1.0, 1.8675259131207613)
9.899999999999878 (-10.596156871647304, 1.0, 1.8237510089423838)
9.919999999999877 (-10.549567809863587, 1.0, 1.7811164992646515)
9.939999999999877 (-10.499912375330345, 1.0, 1.7395527927341756)
9.959999999999877 (-10.44760521423883, 1.0, 1.6991507311802023)
9.979999999999876 (-10.393051165791732, 1.0, 1.6599625866594676)
9.999999999999876 (-10.336517613770202, 1.0, 1.6218690083137521)
