0.0 (-8.25, 1.0, 0.0)
0.02 (-8.250822893757615, 1.0, -0.0040962907621551825)
0.04 (-8.259933855739716, 1.0, -0.008744030823240824)
0.06 (-8.279872992548944, 1.0, 0.010923453960382096)
0.08 (-8.307408078062751, 1.0, 0.053175221840362684)
0.1 (-8.346440384480358, 1.0, 0.11864053548026768)
0.12000000000000001 (-8.393528709394467, 1.0, 0.210466555507189)
0.14 (-8.437804207197066, 1.0, 0.3246633852201943)
0.16 (-8.46981329226628, 1.0, 0.45977036336381355)
0.18 (-8.487847692893872, 1.0, 0.6232117752630844)
0.19999999999999998 (-8.504707922716042, 1.0, 0.8282898830915423)
0.21999999999999997 (-8.532659462761291, 1.0, 1.0667218152821754)
0.23999999999999996 (-8.575725960814017, 1.0, 1.3055493535020948)
0.25999999999999995 (-8.63555521296139, 1.0, 1.5143502269305342)
0.27999999999999997 (-8.702978039568917, 1.0, 1.6950133256554345)
0.3 (-8.76601266001266, 1.0, 1.8518132623530608)
0.32 (-8.8206070332437, 1.0, 1.9896793451675105)
0.34 (-8.867533860618382, 1.0, 2.1154234745387983)
0.36000000000000004 (-8.910104207107217, 1.0, 2.231380896178116)
0.38000000000000006 (-8.95118328669193, 1.0, 2.3369661366595738)
0.4000000000000001 (-8.991442730059097, 1.0, 2.434604263413103)
0.4200000000000001 (-9.031015931316537, 1.0, 2.526395018747631)
0.4400000000000001 (-9.070661974526763, 1.0, 2.611485639208721)
0.46000000000000013 (-9.111098057652214, 1.0, 2.688016377787806)
0.48000000000000015 (-9.152791556769674, 1.0, 2.755596425160082)
0.5000000000000001 (-9.196386971778628, 1.0, 2.8140027213540653)
0.5200000000000001 (-9.24200309264622, 1.0, 2.8633976934277814)
0.5400000000000001 (-9.288586996223518, 1.0, 2.904461104471382)
0.5600000000000002 (-9.33536714956065, 1.0, 2.9373644332082733)
0.5800000000000002 (-9.382125598630997, 1.0, 2.9620502571142224)
0.6000000000000002 (-9.428762085798137, 1.0, 2.9786726232795284)
0.6200000000000002 (-9.475075448713417, 1.0, 2.9875841002518433)
0.6400000000000002 (-9.520720991718527, 1.0, 2.989231021560952)
0.6600000000000003 (-9.565015050710775, 1.0, 2.984335665462302)
0.6800000000000003 (-9.60736632343749, 1.0, 2.9742006805528964)
0.7000000000000003 (-9.64878322942191, 1.0, 2.959809959371067)
0.7200000000000003 (-9.69112141225184, 1.0, 2.9417063579852445)
0.7400000000000003 (-9.736303229478452, 1.0, 2.9201155687572213)
0.7600000000000003 (-9.786182458856555, 1.0, 2.894831778676113)
0.7800000000000004 (-9.842098432604995, 1.0, 2.8653932668178492)
0.8000000000000004 (-9.898871878727922, 1.0, 2.835735364858499)
0.8200000000000004 (-9.952699118918975, 1.0, 2.8094498887895654)
0.8400000000000004 (-10.003417520039484, 1.0, 2.7877347510706345)
0.8600000000000004 (-10.050787219001151, 1.0, 2.771006308860829)
0.8800000000000004 (-10.094667692166883, 1.0, 2.7601067172342044)
0.9000000000000005 (-10.13597982016852, 1.0, 2.7544507473002375)
0.9200000000000005 (-10.174706548188718, 1.0, 2.752745620049822)
0.9400000000000005 (-10.21003332053775, 1.0, 2.7539595880094865)
0.9600000000000005 (-10.240839687571423, 1.0, 2.7575602044294794)
0.9800000000000005 (-10.26612253529596, 1.0, 2.7631866036992245)
1.0000000000000004 (-10.284964965329173, 1.0, 2.7705897070201835)
1.0200000000000005 (-10.29562181952831, 1.0, 2.7800166318469066)
1.0400000000000005 (-10.295775649900103, 1.0, 2.7917906505563566)
1.0600000000000005 (-10.28367350738193, 1.0, 2.8046361079011812)
1.0800000000000005 (-10.260336895999387, 1.0, 2.813387697893392)
1.1000000000000005 (-10.227332441218964, 1.0, 2.8160451940325344)
1.1200000000000006 (-10.187574377972377, 1.0, 2.8110491151291632)
1.1400000000000006 (-10.142675865695791, 1.0, 2.7986408407095484)
1.1600000000000006 (-10.083285073688417, 1.0, 2.776703287344046)
1.1800000000000006 (-10.016498076941215, 1.0, 2.7435393043133054)
1.2000000000000006 (-9.946136895007207, 1.0, 2.708874631488253)
1.2200000000000006 (-9.873387136860138, 1.0, 2.6743130153291785)
1.2400000000000007 (-9.797011398969296, 1.0, 2.6417260216201806)
1.2600000000000007 (-9.734965377518234, 1.0, 2.6195839753672874)
1.2800000000000007 (-9.684872387238693, 1.0, 2.6125297832287857)
1.3000000000000007 (-9.630664043736425, 1.0, 2.6087490101058757)
1.3200000000000007 (-9.571833411206358, 1.0, 2.6067505999641103)
1.3400000000000007 (-9.511173131337143, 1.0, 2.6064497237133386)
1.3600000000000008 (-9.451525667696224, 1.0, 2.6069259784255956)
1.3800000000000008 (-9.399699345091989, 1.0, 2.606473870102398)
1.4000000000000008 (-9.361334602908295, 1.0, 2.603989871153178)
1.4200000000000008 (-9.335716704316813, 1.0, 2.6008595736516895)
1.4400000000000008 (-9.320336412525325, 1.0, 2.5987584303044065)
1.4600000000000009 (-9.313806529366984, 1.0, 2.598091374875987)
1.4800000000000009 (-9.315635881488841, 1.0, 2.597707382026523)
1.5000000000000009 (-9.324012308570499, 1.0, 2.59518941964772)
1.520000000000001 (-9.336235596265997, 1.0, 2.5885591361558444)
1.540000000000001 (-9.35051147755306, 1.0, 2.5758880060884928)
1.560000000000001 (-9.365723236320322, 1.0, 2.5555986584195405)
1.580000000000001 (-9.38112127730763, 1.0, 2.5265902836447496)
1.600000000000001 (-9.396119134577726, 1.0, 2.4881133473674097)
1.620000000000001 (-9.410148462003004, 1.0, 2.4395849381362082)
1.640000000000001 (-9.422348383868322, 1.0, 2.380610707326874)
1.660000000000001 (-9.432017172632788, 1.0, 2.311364004578966)
1.680000000000001 (-9.440528689036544, 1.0, 2.231852994952309)
1.700000000000001 (-9.448919615487316, 1.0, 2.142629754481744)
1.720000000000001 (-9.45208762161639, 1.0, 2.0496233141733846)
1.740000000000001 (-9.44937365997176, 1.0, 1.9563180087174172)
1.7600000000000011 (-9.445352097698754, 1.0, 1.8614457656398)
1.7800000000000011 (-9.444110199032187, 1.0, 1.7630544250242166)
1.8000000000000012 (-9.44578440702753, 1.0, 1.6616076096305532)
1.8200000000000012 (-9.448946237371516, 1.0, 1.5581244682976176)
1.8400000000000012 (-9.452205246714902, 1.0, 1.4536895608600953)
1.8600000000000012 (-9.454312319845577, 1.0, 1.3497929224422982)
1.8800000000000012 (-9.454156464449449, 1.0, 1.2483196096373534)
1.9000000000000012 (-9.450667794177715, 1.0, 1.1519164191081885)
1.9200000000000013 (-9.442647038166141, 1.0, 1.0646533068905648)
1.9400000000000013 (-9.42979699067216, 1.0, 0.9912751898901793)
1.9600000000000013 (-9.4123139571582, 1.0, 0.9347098953931963)
1.9800000000000013 (-9.390435616523352, 1.0, 0.8964960403875643)
2.0000000000000013 (-9.364356063636643, 1.0, 0.8772013381888312)
2.0200000000000014 (-9.334184368792892, 1.0, 0.8765902536494137)
2.0400000000000014 (-9.300070269562037, 1.0, 0.8934298833595572)
2.0600000000000014 (-9.262011249109642, 1.0, 0.9260154290344736)
2.0800000000000014 (-9.220513247238056, 1.0, 0.970869094886943)
2.1000000000000014 (-9.17744595201914, 1.0, 1.021705190644607)
2.1200000000000014 (-9.136406889897684, 1.0, 1.0717375447274295)
2.1400000000000015 (-9.102054309863922, 1.0, 1.1161535829246345)
2.1600000000000015 (-9.075576652579844, 1.0, 1.15247548091483)
2.1800000000000015 (-9.050462159900173, 1.0, 1.1914753345152895)
2.2000000000000015 (-9.024530990620965, 1.0, 1.2399787078621105)
2.2200000000000015 (-9.00170925634474, 1.0, 1.2853653362621242)
2.2400000000000015 (-8.981810201156332, 1.0, 1.3200087911258236)
2.2600000000000016 (-8.963261212060907, 1.0, 1.345102305997745)
2.2800000000000016 (-8.94409378227756, 1.0, 1.3617545960241721)
2.3000000000000016 (-8.922168303464819, 1.0, 1.373624692030666)
2.3200000000000016 (-8.898316936034023, 1.0, 1.383394619725566)
2.3400000000000016 (-8.87468853137982, 1.0, 1.3921846175319474)
2.3600000000000017 (-8.85293678107713, 1.0, 1.4009366453464196)
2.3800000000000017 (-8.83408602011391, 1.0, 1.4105727940151485)
2.4000000000000017 (-8.818758588486855, 1.0, 1.4218481411302824)
2.4200000000000017 (-8.807278100263286, 1.0, 1.43530357348866)
2.4400000000000017 (-8.799715515120631, 1.0, 1.451261660706262)
2.4600000000000017 (-8.795952216992443, 1.0, 1.4698067828754746)
2.4800000000000018 (-8.795727479508553, 1.0, 1.4907705236462159)
2.5000000000000018 (-8.798638894382108, 1.0, 1.513726155606312)
2.520000000000002 (-8.804604311946173, 1.0, 1.5373346977720879)
2.540000000000002 (-8.815314532671955, 1.0, 1.556065643674158)
2.560000000000002 (-8.829370895959176, 1.0, 1.5671920630298815)
2.580000000000002 (-8.845818474684638, 1.0, 1.5696481079684461)
2.600000000000002 (-8.864441381669845, 1.0, 1.563178313256625)
2.620000000000002 (-8.884910316545453, 1.0, 1.5476069035576872)
2.640000000000002 (-8.906658096165025, 1.0, 1.5233102164220786)
2.660000000000002 (-8.929020006311891, 1.0, 1.4911139453646087)
2.680000000000002 (-8.952859180507263, 1.0, 1.4521615181846408)
2.700000000000002 (-8.980581203874074, 1.0, 1.4071751435083468)
2.720000000000002 (-9.01484137596281, 1.0, 1.3562267012479414)
2.740000000000002 (-9.049276195692226, 1.0, 1.3031530985884954)
2.760000000000002 (-9.07977527259689, 1.0, 1.2508974570889047)
2.780000000000002 (-9.106283366345917, 1.0, 1.2010984856007882)
2.800000000000002 (-9.132621283399907, 1.0, 1.1527920604085284)
2.820000000000002 (-9.159958240120446, 1.0, 1.1061149512100805)
2.840000000000002 (-9.188542774972872, 1.0, 1.0607476204946051)
2.860000000000002 (-9.217413509429845, 1.0, 1.016551418263223)
2.880000000000002 (-9.24454400564661, 1.0, 0.9740123592440483)
2.900000000000002 (-9.267754071588648, 1.0, 0.9340420901654723)
2.920000000000002 (-9.285530306338863, 1.0, 0.8972658614706582)
2.940000000000002 (-9.296988451325822, 1.0, 0.8643759165918572)
2.960000000000002 (-9.301587255948705, 1.0, 0.8361521625496697)
2.980000000000002 (-9.299141923273753, 1.0, 0.8133067628676031)
3.000000000000002 (-9.28971626421435, 1.0, 0.7963879855224667)
3.0200000000000022 (-9.273593405327297, 1.0, 0.7856933802483811)
3.0400000000000023 (-9.251056135413885, 1.0, 0.7815311695992722)
3.0600000000000023 (-9.222635481763792, 1.0, 0.7837810788997249)
3.0800000000000023 (-9.189158897134098, 1.0, 0.7919055193694913)
3.1000000000000023 (-9.151046273108888, 1.0, 0.8049015618339583)
3.1200000000000023 (-9.107018897788134, 1.0, 0.8212488817241134)
3.1400000000000023 (-9.054936344869398, 1.0, 0.8386078561890244)
3.1600000000000024 (-9.00227791752981, 1.0, 0.846162463059618)
3.1800000000000024 (-8.953853590213091, 1.0, 0.8401633875183276)
3.2000000000000024 (-8.90938870047097, 1.0, 0.8224838133969268)
3.2200000000000024 (-8.868498255736228, 1.0, 0.796143762327835)
3.2400000000000024 (-8.827331247385505, 1.0, 0.7652495565588842)
3.2600000000000025 (-8.784486709544577, 1.0, 0.7322298762595311)
3.2800000000000025 (-8.74205755680691, 1.0, 0.6981461727599874)
3.3000000000000025 (-8.702269073692731, 1.0, 0.6640421930830154)
3.3200000000000025 (-8.666584610559866, 1.0, 0.6310670919717474)
3.3400000000000025 (-8.635742570575443, 1.0, 0.6003859066941628)
3.3600000000000025 (-8.61018785858814, 1.0, 0.5730525427057984)
3.3800000000000026 (-8.590241338110816, 1.0, 0.5497983870903481)
3.4000000000000026 (-8.576226023030983, 1.0, 0.5311656136646589)
3.4200000000000026 (-8.56818790763212, 1.0, 0.5175392936262986)
3.4400000000000026 (-8.564965359297252, 1.0, 0.5091122478095503)
3.4600000000000026 (-8.56508932363643, 1.0, 0.5057409087086824)
3.4800000000000026 (-8.567707096516404, 1.0, 0.5068609229374703)
3.5000000000000027 (-8.572348431500142, 1.0, 0.5114734847667322)
3.5200000000000027 (-8.58189316133744, 1.0, 0.5166565160342882)
3.5400000000000027 (-8.596715265080942, 1.0, 0.5193137335034683)
3.5600000000000027 (-8.616388811756194, 1.0, 0.5177097231724859)
3.5800000000000027 (-8.64081409848936, 1.0, 0.5109324465352904)
3.6000000000000028 (-8.669882563819458, 1.0, 0.49862549988493265)
3.6200000000000028 (-8.703336275741634, 1.0, 0.4806976836087645)
3.640000000000003 (-8.740763966112295, 1.0, 0.4570626400372912)
3.660000000000003 (-8.781810367530014, 1.0, 0.4275647734916224)
3.680000000000003 (-8.82566515106177, 1.0, 0.391894389820998)
3.700000000000003 (-8.869854513519861, 1.0, 0.34996034817436694)
3.720000000000003 (-8.914492005748079, 1.0, 0.30263282587003687)
3.740000000000003 (-8.961625307070578, 1.0, 0.2509471496928543)
3.760000000000003 (-9.008243331579688, 1.0, 0.19553354027168954)
3.780000000000003 (-9.048045688252802, 1.0, 0.1376846483673695)
3.800000000000003 (-9.080619663605768, 1.0, 0.07931151205279775)
3.820000000000003 (-9.111600229561517, 1.0, 0.021451392396443413)
3.840000000000003 (-9.14322770634746, 1.0, -0.03519292625912415)
3.860000000000003 (-9.175678636844584, 1.0, -0.09091926116343504)
3.880000000000003 (-9.207346364443522, 1.0, -0.14632229097279012)
3.900000000000003 (-9.236257616698875, 1.0, -0.2017296666991684)
3.920000000000003 (-9.260614581830131, 1.0, -0.25705296121809734)
3.940000000000003 (-9.278995531622957, 1.0, -0.31197474209186477)
3.960000000000003 (-9.290452053150803, 1.0, -0.36595726226848746)
3.980000000000003 (-9.294359454838752, 1.0, -0.4183428350640508)
4.000000000000003 (-9.290411358190973, 1.0, -0.46843220351774834)
4.020000000000002 (-9.278558954995098, 1.0, -0.5154029890753598)
4.040000000000002 (-9.259028097664396, 1.0, -0.5583972144640484)
4.060000000000001 (-9.232432146978756, 1.0, -0.5968233173504919)
4.080000000000001 (-9.199510513900645, 1.0, -0.6304509452576101)
4.1000000000000005 (-9.160605461300554, 1.0, -0.6597078168828613)
4.12 (-9.115090720877276, 1.0, -0.6859512987261398)
4.14 (-9.062135186523617, 1.0, -0.7114735860784123)
4.159999999999999 (-9.005962695060992, 1.0, -0.7399755067983688)
4.179999999999999 (-8.957918917193048, 1.0, -0.7767518168185813)
4.199999999999998 (-8.919146809174425, 1.0, -0.8211697471357989)
4.219999999999998 (-8.888308069649462, 1.0, -0.8712777360790752)
4.2399999999999975 (-8.864005431744546, 1.0, -0.9257769219339105)
4.259999999999997 (-8.842338735091673, 1.0, -0.9830360691786412)
4.279999999999997 (-8.821756437309935, 1.0, -1.041076904061769)
4.299999999999996 (-8.803094162417896, 1.0, -1.0978452637625569)
4.319999999999996 (-8.787145693753889, 1.0, -1.1516347734948638)
4.339999999999995 (-8.774110914692539, 1.0, -1.201118681527851)
4.359999999999995 (-8.76394715465771, 1.0, -1.2453059353632012)
4.379999999999995 (-8.756725890931989, 1.0, -1.2834605179820835)
4.399999999999994 (-8.752647041230537, 1.0, -1.3150560784022018)
4.419999999999994 (-8.751694017685786, 1.0, -1.3398242843012698)
4.439999999999993 (-8.752912682756735, 1.0, -1.3579858127547284)
4.459999999999993 (-8.75526885667967, 1.0, -1.370076800282577)
4.479999999999992 (-8.758428143472635, 1.0, -1.3767296610963862)
4.499999999999992 (-8.762329536718559, 1.0, -1.3787018356503775)
4.519999999999992 (-8.766959388319352, 1.0, -1.376863648337939)
4.539999999999991 (-8.772315468283434, 1.0, -1.3722367166564988)
4.559999999999991 (-8.778359936071812, 1.0, -1.3661123445379237)
4.57999999999999 (-8.790033648495386, 1.0, -1.3612677051486846)
4.59999999999999 (-8.810553494879311, 1.0, -1.362019410842811)
4.6199999999999894 (-8.839765706019364, 1.0, -1.370717296579869)
4.639999999999989 (-8.877133289614033, 1.0, -1.3879622183330949)
4.659999999999989 (-8.921095536674613, 1.0, -1.4133553163887986)
4.679999999999988 (-8.972234678304948, 1.0, -1.4444238380897287)
4.699999999999988 (-9.032654900651252, 1.0, -1.4783744592734427)
4.719999999999987 (-9.099876220999487, 1.0, -1.5142992364230172)
4.739999999999987 (-9.165890422777105, 1.0, -1.5528488843411803)
4.7599999999999865 (-9.22882555887748, 1.0, -1.5929974451716522)
4.779999999999986 (-9.292034499937872, 1.0, -1.632848978129099)
4.799999999999986 (-9.356540930442348, 1.0, -1.6712099707981554)
4.819999999999985 (-9.422515939868804, 1.0, -1.7079298675984884)
4.839999999999985 (-9.489293872698775, 1.0, -1.7435324231678115)
4.859999999999984 (-9.555566777465556, 1.0, -1.7784918850815252)
4.879999999999984 (-9.619668328766092, 1.0, -1.8130439624473909)
4.8999999999999835 (-9.679851060743708, 1.0, -1.8472298465646007)
4.919999999999983 (-9.734092728005162, 1.0, -1.881050088347555)
4.939999999999983 (-9.77999813077201, 1.0, -1.9143505570901909)
4.959999999999982 (-9.81558023567553, 1.0, -1.9465816379493084)
4.979999999999982 (-9.839356889394884, 1.0, -1.9767870829195606)
4.999999999999981 (-9.850517122638264, 1.0, -2.0041479991759905)
5.019999999999981 (-9.848690079797436, 1.0, -2.028189302067102)
5.0399999999999805 (-9.83395917445716, 1.0, -2.048852966038606)
5.05999999999998 (-9.807078693486282, 1.0, -2.066546059218949)
5.07999999999998 (-9.769615127214962, 1.0, -2.08215768484204)
5.099999999999979 (-9.724177180242393, 1.0, -2.0968749759328267)
5.119999999999979 (-9.674555104292583, 1.0, -2.112021486013414)
5.139999999999978 (-9.62507411110021, 1.0, -2.129636617598007)
5.159999999999978 (-9.575666761844776, 1.0, -2.150509837151854)
5.1799999999999775 (-9.530915535956884, 1.0, -2.1718930359955344)
5.199999999999977 (-9.498142603198353, 1.0, -2.196550403191619)
5.219999999999977 (-9.476030568466404, 1.0, -2.2256650628815264)
5.239999999999976 (-9.463208311850666, 1.0, -2.2585155941868216)
5.259999999999976 (-9.454808709197579, 1.0, -2.295196304823112)
5.279999999999975 (-9.447640406034095, 1.0, -2.3353079951608167)
5.299999999999975 (-9.44125932303209, 1.0, -2.376538323665992)
5.3199999999999745 (-9.436254879659812, 1.0, -2.4166140272409806)
5.339999999999974 (-9.432862082682055, 1.0, -2.4537168391071322)
5.359999999999974 (-9.430894426932753, 1.0, -2.4865015631477507)
5.379999999999973 (-9.430020701843036, 1.0, -2.5140011615549405)
5.399999999999973 (-9.429768646093972, 1.0, -2.5356524639253313)
5.419999999999972 (-9.429554614239416, 1.0, -2.5513189797376192)
5.439999999999972 (-9.428920372177013, 1.0, -2.561136602765983)
5.4599999999999715 (-9.427600522443091, 1.0, -2.5655090045894955)
5.479999999999971 (-9.425477464483665, 1.0, -2.5650907705351664)
5.499999999999971 (-9.422669794099116, 1.0, -2.560700583605181)
5.51999999999997 (-9.421560607655175, 1.0, -2.552966521406877)
5.53999999999997 (-9.426628145082516, 1.0, -2.5432587080550797)
5.559999999999969 (-9.439099169063772, 1.0, -2.533763745785245)
5.579999999999969 (-9.459500399895239, 1.0, -2.5255741681696517)
5.599999999999969 (-9.488020384502665, 1.0, -2.5190736703072116)
5.619999999999968 (-9.524516718108304, 1.0, -2.514417737537894)
5.639999999999968 (-9.568707456895813, 1.0, -2.5118073713474787)
5.659999999999967 (-9.620156298437161, 1.0, -2.51173509711304)
5.679999999999967 (-9.67768067089486, 1.0, -2.5150413103147473)
5.699999999999966 (-9.740649388353186, 1.0, -2.520844725464177)
5.719999999999966 (-9.80986779569347, 1.0, -2.5267632911716866)
5.739999999999966 (-9.884436647203202, 1.0, -2.5324675156782606)
5.759999999999965 (-9.956968340668663, 1.0, -2.5428387502936296)
5.779999999999965 (-10.02539936702148, 1.0, -2.557455658646923)
5.799999999999964 (-10.09134947663563, 1.0, -2.5731203683523143)
5.819999999999964 (-10.157146168025047, 1.0, -2.5868878441057412)
5.839999999999963 (-10.223206301863534, 1.0, -2.598313052709735)
5.859999999999963 (-10.288734929601262, 1.0, -2.608830731149055)
5.879999999999963 (-10.352439491477238, 1.0, -2.62020930184226)
5.899999999999962 (-10.412821368768606, 1.0, -2.63385784126505)
5.919999999999962 (-10.468713482444116, 1.0, -2.6507715094644375)
5.939999999999961 (-10.518953870943728, 1.0, -2.671403620615516)
5.959999999999961 (-10.562393711044821, 1.0, -2.6960293583682065)
5.9799999999999605 (-10.598073243641856, 1.0, -2.7245277199163276)
5.99999999999996 (-10.625437502372813, 1.0, -2.756460927488207)
6.01999999999996 (-10.644336449536976, 1.0, -2.791329732117816)
6.039999999999959 (-10.654234313177138, 1.0, -2.8285993573821453)
6.059999999999959 (-10.655205957354807, 1.0, -2.8677004383583236)
6.079999999999958 (-10.647873560985046, 1.0, -2.9081980159181846)
6.099999999999958 (-10.633153373594322, 1.0, -2.9501730551814975)
6.1199999999999575 (-10.611895505503279, 1.0, -2.9949823515990723)
6.139999999999957 (-10.585246677523548, 1.0, -3.044911491977284)
6.159999999999957 (-10.55936060377658, 1.0, -3.099493538329271)
6.179999999999956 (-10.54644788968997, 1.0, -3.1551584537534016)
6.199999999999956 (-10.546829207444626, 1.0, -3.2107833745817733)
6.219999999999955 (-10.55815615723841, 1.0, -3.265750373399738)
6.239999999999955 (-10.57695225413273, 1.0, -3.3206616719078372)
6.2599999999999545 (-10.59926241670516, 1.0, -3.3767957110742044)
6.279999999999954 (-10.623126864699419, 1.0, -3.4334141087608843)
6.299999999999954 (-10.647966749707539, 1.0, -3.4882699847796936)
6.319999999999953 (-10.673276793236518, 1.0, -3.539405004437273)
6.339999999999953 (-10.698283978360916, 1.0, -3.5855637933268327)
6.359999999999952 (-10.722175522041049, 1.0, -3.6259675733612737)
6.379999999999952 (-10.744324145445125, 1.0, -3.660030612740841)
6.3999999999999515 (-10.76433246048731, 1.0, -3.687249935786618)
6.419999999999951 (-10.781705514194808, 1.0, -3.70769871226024)
6.439999999999951 (-10.79580610247661, 1.0, -3.72236613970297)
6.45999999999995 (-10.806401827121636, 1.0, -3.7322156433181286)
6.47999999999995 (-10.813738520657632, 1.0, -3.737946824900235)
6.499999999999949 (-10.818322247604764, 1.0, -3.740360311491923)
6.519999999999949 (-10.821304151148848, 1.0, -3.74000260552573)
6.5399999999999485 (-10.827911312484526, 1.0, -3.7351022362171644)
6.559999999999948 (-10.841145879851867, 1.0, -3.7271424127971544)
6.579999999999948 (-10.862263235560597, 1.0, -3.7172409649998577)
6.599999999999947 (-10.891797698190816, 1.0, -3.705800281494016)
6.619999999999947 (-10.929779612525726, 1.0, -3.6930253578211354)
6.639999999999946 (-10.976055681248317, 1.0, -3.679030922199774)
6.659999999999946 (-11.030227107116335, 1.0, -3.664692602346357)
6.6799999999999455 (-11.091110376419243, 1.0, -3.650761103235379)
6.699999999999945 (-11.157987209540272, 1.0, -3.6349453068455704)
6.719999999999945 (-11.230787884834077, 1.0, -3.6141304324232877)
6.739999999999944 (-11.306871890842478, 1.0, -3.5921417225871974)
6.759999999999944 (-11.382718772376927, 1.0, -3.573912472270441)
6.779999999999943 (-11.456484140812533, 1.0, -3.559782226954334)
6.799999999999943 (-11.529812045554863, 1.0, -3.5444525408954717)
6.8199999999999426 (-11.602597639519013, 1.0, -3.526555270983161)
6.839999999999942 (-11.674903673165625, 1.0, -3.5065672979459386)
6.859999999999942 (-11.746626284906858, 1.0, -3.485796261401068)
6.879999999999941 (-11.81718254651776, 1.0, -3.466020379001077)
6.899999999999941 (-11.885676760930515, 1.0, -3.449336833228902)
6.91999999999994 (-11.951101454468324, 1.0, -3.437331741514111)
6.93999999999994 (-12.0123802032904, 1.0, -3.4310514841807986)
6.95999999999994 (-12.068356094542342, 1.0, -3.4311394725169677)
6.979999999999939 (-12.117854045341788, 1.0, -3.4378913553478334)
6.999999999999939 (-12.159805324597823, 1.0, -3.4513208393804975)
7.019999999999938 (-12.193420605417723, 1.0, -3.4713629233025536)
7.039999999999938 (-12.218770084058594, 1.0, -3.4975011359568016)
7.059999999999937 (-12.236140784610795, 1.0, -3.529311571021855)
7.079999999999937 (-12.24623057674475, 1.0, -3.566324060282204)
7.099999999999937 (-12.250071458268478, 1.0, -3.6077645168557457)
7.119999999999936 (-12.24874930688811, 1.0, -3.653586199258331)
7.139999999999936 (-12.243740991312798, 1.0, -3.705038258484609)
7.159999999999935 (-12.237566527468829, 1.0, -3.7610404951258474)
7.179999999999935 (-12.23823964850143, 1.0, -3.8124005070235523)
7.1999999999999345 (-12.250194033711209, 1.0, -3.856498681713812)
7.219999999999934 (-12.272076296289667, 1.0, -3.8953436026617974)
7.239999999999934 (-12.302607609330108, 1.0, -3.92937802820801)
7.259999999999933 (-12.338381837760442, 1.0, -3.9623823122484896)
7.279999999999933 (-12.376984327505086, 1.0, -3.996067051511735)
7.299999999999932 (-12.416506775972316, 1.0, -4.029037563917328)
7.319999999999932 (-12.455590020485928, 1.0, -4.05945038624209)
7.3399999999999315 (-12.492972841732087, 1.0, -4.086113595209961)
7.359999999999931 (-12.527512750317204, 1.0, -4.108443667282463)
7.379999999999931 (-12.55829213966469, 1.0, -4.1261418218917845)
7.39999999999993 (-12.584617880287936, 1.0, -4.139258114593829)
7.41999999999993 (-12.60604257749004, 1.0, -4.14826577076083)
7.439999999999929 (-12.622417619037511, 1.0, -4.153709908134328)
7.459999999999929 (-12.633903769303208, 1.0, -4.156083741559994)
7.4799999999999285 (-12.640915118558445, 1.0, -4.155861080428556)
7.499999999999928 (-12.644095294037166, 1.0, -4.153450850367595)
7.519999999999928 (-12.644357186999102, 1.0, -4.149276929687628)
7.539999999999927 (-12.644526288759884, 1.0, -4.140922106769643)
7.559999999999927 (-12.648925546881868, 1.0, -4.1262627650005665)
7.579999999999926 (-12.659930270090175, 1.0, -4.105950064909758)
7.599999999999926 (-12.678505240095756, 1.0, -4.0803037734836325)
7.6199999999999255 (-12.704867460205783, 1.0, -4.049492461619107)
7.639999999999925 (-12.738904798645978, 1.0, -4.013686796972202)
7.659999999999925 (-12.780535401942474, 1.0, -3.9737154706273943)
7.679999999999924 (-12.829008795885322, 1.0, -3.9307803979264495)
7.699999999999924 (-12.8827803178425, 1.0, -3.883243470294523)
7.719999999999923 (-12.940603665513915, 1.0, -3.828397925114667)
7.739999999999923 (-13.001272501322546, 1.0, -3.77458888750078)
7.7599999999999225 (-13.063297965100006, 1.0, -3.725717576679025)
7.779999999999922 (-13.124838708210593, 1.0, -3.680944510398377)
7.799999999999922 (-13.185234342672487, 1.0, -3.6345513051298006)
7.819999999999921 (-13.243906173324024, 1.0, -3.5854426630741503)
7.839999999999921 (-13.30112420772541, 1.0, -3.534715105612965)
7.85999999999992 (-13.35730953681524, 1.0, -3.4840325548271984)
7.87999999999992 (-13.41261934598621, 1.0, -3.4355304322474054)
7.8999999999999195 (-13.467127169041436, 1.0, -3.3913771800985204)
7.919999999999919 (-13.520537176547936, 1.0, -3.3533162829255185)
7.939999999999919 (-13.572268918859752, 1.0, -3.322683094921769)
7.959999999999918 (-13.621503922943909, 1.0, -3.300559789257558)
7.979999999999918 (-13.66726197661571, 1.0, -3.2877245672793785)
7.999999999999917 (-13.708581171760912, 1.0, -3.2846647978885137)
8.019999999999918 (-13.744869747147671, 1.0, -3.2915101432556346)
8.039999999999917 (-13.775953517747254, 1.0, -3.308038532093039)
8.059999999999917 (-13.802040594339266, 1.0, -3.3338604688094984)
8.079999999999917 (-13.823738919495767, 1.0, -3.3681116180328425)
8.099999999999916 (-13.842073474035372, 1.0, -3.409179175717191)
8.119999999999916 (-13.859216384804029, 1.0, -3.455126569974882)
8.139999999999915 (-13.87681148348648, 1.0, -3.5066565499861615)
8.159999999999915 (-13.896095138758506, 1.0, -3.563069680916404)
8.179999999999914 (-13.921133117207454, 1.0, -3.6120226729265754)
8.199999999999914 (-13.954237917184063, 1.0, -3.6492227599183678)
8.219999999999914 (-13.994625401229554, 1.0, -3.6769076125648352)
8.239999999999913 (-14.04103238521487, 1.0, -3.6965018993814565)
8.259999999999913 (-14.091859937704976, 1.0, -3.713126353309808)
8.279999999999912 (-14.14542432406155, 1.0, -3.7293724192064723)
8.299999999999912 (-14.199499064074374, 1.0, -3.7444366257856982)
8.319999999999911 (-14.25210078789555, 1.0, -3.7572456624159574)
8.339999999999911 (-14.301615827026046, 1.0, -3.7673840884264562)
8.35999999999991 (-14.346788231747167, 1.0, -3.774893364481068)
8.37999999999991 (-14.386658952070672, 1.0, -3.7799094092221095)
8.39999999999991 (-14.420589217393097, 1.0, -3.78272559036175)
8.41999999999991 (-14.448389620056426, 1.0, -3.784028409228161)
8.439999999999909 (-14.4702665731941, 1.0, -3.7845479956947305)
8.459999999999908 (-14.486683315442393, 1.0, -3.7847511908145997)
8.479999999999908 (-14.498340566429272, 1.0, -3.78487018743387)
8.499999999999908 (-14.506183105653045, 1.0, -3.78443615193509)
8.519999999999907 (-14.511952414929697, 1.0, -3.7789932509692625)
8.539999999999907 (-14.518307797625257, 1.0, -3.76727152610405)
8.559999999999906 (-14.526774399715018, 1.0, -3.748827464593279)
8.579999999999906 (-14.538045113698333, 1.0, -3.7233190304363064)
8.599999999999905 (-14.552351418917535, 1.0, -3.6906636634367493)
8.619999999999905 (-14.569814839477928, 1.0, -3.650999257324518)
8.639999999999905 (-14.59061274000193, 1.0, -3.604524023578336)
8.659999999999904 (-14.615308047214915, 1.0, -3.551987828007046)
8.679999999999904 (-14.643743801347865, 1.0, -3.4945676299239405)
8.699999999999903 (-14.673735471775299, 1.0, -3.4314824398624997)
8.719999999999903 (-14.702786635117588, 1.0, -3.3609330777986846)
8.739999999999903 (-14.731750635343378, 1.0, -3.285996428227652)
8.759999999999902 (-14.763128956081578, 1.0, -3.21326516504409)
8.779999999999902 (-14.796373370992209, 1.0, -3.1446284507972524)
8.799999999999901 (-14.828622298273126, 1.0, -3.0765365931409963)
8.8199999999999 (-14.858535892760738, 1.0, -3.007717866847907)
8.8399999999999 (-14.88632489030287, 1.0, -2.938161217062866)
8.8599999999999 (-14.912932780140782, 1.0, -2.8685700102137055)
8.8799999999999 (-14.939524565143278, 1.0, -2.800418623147567)
8.899999999999899 (-14.967270639911519, 1.0, -2.735726044562565)
8.919999999999899 (-14.996973706627895, 1.0, -2.6760519155456497)
8.939999999999898 (-15.028822943747672, 1.0, -2.62271057870344)
8.959999999999898 (-15.062738724896526, 1.0, -2.5769622461341126)
8.979999999999897 (-15.098351140048395, 1.0, -2.53985835280456)
8.999999999999897 (-15.135135538217288, 1.0, -2.5121259020547155)
9.019999999999897 (-15.172576279888059, 1.0, -2.494234147206268)
9.039999999999896 (-15.210292888321487, 1.0, -2.485916789661249)
9.059999999999896 (-15.247910913927928, 1.0, -2.486908848744599)
9.079999999999895 (-15.285350472396528, 1.0, -2.4968803379496585)
9.099999999999895 (-15.322600089864379, 1.0, -2.514919024077744)
9.119999999999894 (-15.360603150722994, 1.0, -2.53989194477613)
9.139999999999894 (-15.401526994014972, 1.0, -2.571092925156149)
9.159999999999894 (-15.445475583871039, 1.0, -2.6051502252538445)
9.179999999999893 (-15.490684878407158, 1.0, -2.628992827778435)
9.199999999999893 (-15.537409188018398, 1.0, -2.6393558763341862)
9.219999999999892 (-15.585871974250798, 1.0, -2.638798562286993)
9.239999999999892 (-15.635714073723268, 1.0, -2.6288873720876147)
9.259999999999891 (-15.687951627828117, 1.0, -2.614538303127655)
9.279999999999891 (-15.742151694990186, 1.0, -2.598643170663413)
9.29999999999989 (-15.79592059574854, 1.0, -2.581473141667305)
9.31999999999989 (-15.846974270703472, 1.0, -2.562998383380536)
9.33999999999989 (-15.893663320301085, 1.0, -2.5435970491472095)
9.35999999999989 (-15.934884943163407, 1.0, -2.523886772269878)
9.379999999999889 (-15.969874429762331, 1.0, -2.5044464397221633)
9.399999999999888 (-15.998285449283971, 1.0, -2.485885353764877)
9.419999999999888 (-16.0202970385334, 1.0, -2.4688911554781843)
9.439999999999888 (-16.036338585902737, 1.0, -2.453948652511956)
9.459999999999887 (-16.046948738948494, 1.0, -2.4412419441774524)
9.479999999999887 (-16.052770172615922, 1.0, -2.4307174463641994)
9.499999999999886 (-16.054534904171184, 1.0, -2.4220991480696887)
9.519999999999886 (-16.053134541098007, 1.0, -2.414894878505878)
9.539999999999885 (-16.048135733361853, 1.0, -2.405295475465008)
9.559999999999885 (-16.040349691104566, 1.0, -2.388674833049337)
9.579999999999885 (-16.03161334750185, 1.0, -2.3634999374874734)
9.599999999999884 (-16.022699983945685, 1.0, -2.329160528430976)
9.619999999999884 (-16.01385232451001, 1.0, -2.2855660922814494)
9.639999999999883 (-16.005163796816813, 1.0, -2.232891461818483)
9.659999999999883 (-15.997152899895081, 1.0, -2.171570121685481)
9.679999999999882 (-15.990584117370561, 1.0, -2.1028165751649537)
9.699999999999882 (-15.983564699466417, 1.0, -2.0270576797796753)
9.719999999999882 (-15.97320242241404, 1.0, -1.9437919085740567)
9.739999999999881 (-15.96578238282802, 1.0, -1.858886784834341)
9.75999999999988 (-15.963475653620144, 1.0, -1.7757685350303067)
9.77999999999988 (-15.964111299027774, 1.0, -1.695247272676794)
9.79999999999988 (-15.962512399333582, 1.0, -1.6146167742772235)
9.81999999999988 (-15.95738230720654, 1.0, -1.533677522857359)
9.839999999999879 (-15.94995896937358, 1.0, -1.4529803635064298)
9.859999999999879 (-15.941973029642817, 1.0, -1.3731773369187232)
9.879999999999878 (-15.935406985294806, 1.0, -1.2953411686269618)
9.899999999999878 (-15.931907741809008, 1.0, -1.2206696460424942)
9.919999999999877 (-15.932655087018954, 1.0, -1.1503422756217099)
9.939999999999877 (-15.938455340002122, 1.0, -1.0856687171496162)
9.959999999999877 (-15.949772097771369, 1.0, -1.0280440288315176)
9.979999999999876 (-15.966734006727478, 1.0, -0.9788224824865465)
9.999999999999876 (-15.989251657846992, 1.0, -0.9391355183982826)
