0.0 [0.0, 1.0, 0.0]
0.21999999999999997 [-0.010647108278738049, 1.0, 0.007170502013171348]
0.4200000000000001 [0.016748476981562233, 1.0, 0.04874284220881018]
0.6200000000000002 [0.06553598980737452, 1.0, 0.0913151826483293]
0.8200000000000004 [0.12674426022021099, 1.0, 0.12644961599737564]
1.0200000000000005 [0.18834801738593848, 1.0, 0.1483201528027161]
1.2200000000000006 [0.25920211866133513, 1.0, 0.15411635527677572]
1.4200000000000008 [0.3366349917171364, 1.0, 0.14527327413989838]
1.620000000000001 [0.4148115492936477, 1.0, 0.13038141339412387]
1.8200000000000012 [0.49435734548888177, 1.0, 0.10987495623913196]
2.0200000000000014 [0.5717656675299952, 1.0, 0.07675832833909449]
2.2200000000000015 [0.6463018552870737, 1.0, 0.04163064346243589]
2.4200000000000017 [0.7257222743248635, 1.0, 0.008966842776225642]
2.620000000000002 [0.8000348204500798, 1.0, -0.0225531760144064]
2.820000000000002 [0.8646480880110937, 1.0, -0.052590138468050426]
3.0200000000000022 [0.9297775806327019, 1.0, -0.08248825993541692]
3.2200000000000024 [0.9974395210331478, 1.0, -0.11214427062108877]
3.4200000000000026 [1.0620611537406628, 1.0, -0.13576488527427433]
3.6200000000000028 [1.1285082432780311, 1.0, -0.1536690598001985]
3.820000000000003 [1.2054508679108467, 1.0, -0.16631023099125394]
4.040000000000002 [1.2933855521025297, 1.0, -0.17665676374300257]
4.259999999999997 [1.380651207659065, 1.0, -0.1891633791088897]
4.479999999999992 [1.4738235523945373, 1.0, -0.1932352139168157]
4.699999999999988 [1.5655083779576446, 1.0, -0.1933940571971429]
4.919999999999983 [1.6599328162389402, 1.0, -0.19993220902280145]
5.139999999999978 [1.7481261038838978, 1.0, -0.20597866109010254]
5.359999999999974 [1.826214717164469, 1.0, -0.20920241009559187]
5.579999999999969 [1.905933038806159, 1.0, -0.21399278609327765]
5.799999999999964 [1.9857567699419214, 1.0, -0.22217231556559675]
6.01999999999996 [2.057937636709561, 1.0, -0.23585868941215957]
6.239999999999955 [2.135844228337937, 1.0, -0.26022857096204655]
6.45999999999995 [2.2175427841847095, 1.0, -0.29370188423497007]
6.6799999999999455 [2.2989109786822115, 1.0, -0.32587537644714204]
6.899999999999941 [2.382704769604104, 1.0, -0.3639341303904349]
7.119999999999936 [2.4630304281287825, 1.0, -0.40967371208674785]
7.3399999999999315 [2.5456243446310354, 1.0, -0.45213210800933445]
7.559999999999927 [2.6298425789477493, 1.0, -0.49182536381656594]
7.779999999999922 [2.7012907087802907, 1.0, -0.5282534035833809]
7.999999999999917 [2.771348891836165, 1.0, -0.5634963140177414]
8.219999999999914 [2.8449056569859676, 1.0, -0.5980365687834842]
8.439999999999909 [2.9152949473770393, 1.0, -0.6249658238790763]
8.659999999999904 [2.9899422411343597, 1.0, -0.6448020358787849]
8.8799999999999 [3.07593674231518, 1.0, -0.6580062924863372]
9.099999999999895 [3.163260057971098, 1.0, -0.6693113983505895]
9.31999999999989 [3.2522294626998094, 1.0, -0.6811213484097154]
9.539999999999885 [3.3454307675766777, 1.0, -0.6828493555523124]
9.75999999999988 [3.437116145704997, 1.0, -0.684373859959143]
9.979999999999876 [3.531927405536424, 1.0, -0.6919223389954301]
10.199999999999871 [3.622490086137348, 1.0, -0.6983008568006033]
10.419999999999867 [3.7703342031730567, 1.0, -0.8154556001838639]
10.639999999999862 [3.9131360426790613, 1.0, -0.9228378792265448]
10.859999999999857 [4.058464261789377, 1.0, -0.9962743837800129]
11.079999999999853 [4.1984665419656295, 1.0, -1.0569241338778665]
11.299999999999848 [4.331024952970768, 1.0, -1.1115885060384914]
11.519999999999843 [4.45590494568717, 1.0, -1.1623091427000207]
11.739999999999839 [4.5733737528996885, 1.0, -1.2098009572092863]
11.959999999999834 [4.683821057730906, 1.0, -1.2543929817168087]
12.17999999999983 [4.78765242862581, 1.0, -1.2962972362392036]
12.399999999999824 [4.885260205003186, 1.0, -1.3356855455949803]
12.61999999999982 [4.977016323880866, 1.0, -1.3727116988123427]
12.839999999999815 [5.06327129700861, 1.0, -1.4075180987881437]
13.05999999999981 [5.144354864239053, 1.0, -1.4402380096303304]
13.279999999999806 [5.220577062198351, 1.0, -1.4709965425588096]
13.499999999999801 [5.2922293564024665, 1.0, -1.4999112665720544]
13.719999999999796 [5.359585741164146, 1.0, -1.5270926940868885]
13.939999999999792 [5.422903783488159, 1.0, -1.552644712842353]
14.159999999999787 [5.482425607123096, 1.0, -1.5766649851128964]
14.379999999999782 [5.538378818355644, 1.0, -1.5992453211535718]
14.599999999999778 [5.590977376485873, 1.0, -1.6204720297957882]
14.819999999999773 [5.6404224121489, 1.0, -1.640426247938339]
15.039999999999768 [5.686902996570193, 1.0, -1.6591842502970668]
15.259999999999764 [5.730596864687279, 1.0, -1.6768177406187912]
15.479999999999759 [5.771671094902995, 1.0, -1.6933941254725193]
15.699999999999754 [5.810282748071742, 1.0, -1.708976771659237]
15.91999999999975 [5.846579468164472, 1.0, -1.7236252482183023]
16.139999999999745 [5.880700046911472, 1.0, -1.7373955539500507]
16.35999999999974 [5.912774954583991, 1.0, -1.750340331319533]
16.579999999999735 [5.942926838946001, 1.0, -1.762509067554923]
16.79999999999973 [5.971270994285418, 1.0, -1.7739482837057585]
17.019999999999726 [5.997915802319548, 1.0, -1.7847017123806548]
17.23999999999972 [6.022963146661706, 1.0, -1.7948104648413097]
17.459999999999717 [6.046508802434827, 1.0, -1.8043131880892866]
17.679999999999712 [6.0686428025226204, 1.0, -1.8132462125441342]
17.899999999999707 [6.0894497818594315, 1.0, -1.8216436908757079]
18.119999999999703 [6.109009301075902, 1.0, -1.829537728519981]
18.339999999999698 [6.127396150738466, 1.0, -1.8369585063760379]
18.559999999999693 [6.144680637346493, 1.0, -1.843934396152225]
18.77999999999969 [6.160928852181028, 1.0, -1.8504920688014925]
18.999999999999684 [6.176202924033478, 1.0, -1.8566565964596602]
19.21999999999968 [6.190561256780895, 1.0, -1.8624515482756165]
19.439999999999674 [6.20405875271658, 1.0, -1.867899080499206]
19.65999999999967 [6.216747022490103, 1.0, -1.8730200211706918]
19.879999999999665 [6.228674582459777, 1.0, -1.87783394973511]
