0.0 (4.375, 1.0, 0.0)
0.21999999999999997 (3.4504129908138093, 1.0, 0.35217144630912756)
0.4200000000000001 (1.9525794547232234, 1.0, 0.4681440523783334)
0.6200000000000002 (1.46432369708224, 1.0, 0.5034659273795083)
0.8200000000000004 (1.4721434084381486, 1.0, 0.6059970357777753)
1.0200000000000005 (1.6542476774971928, 1.0, 0.7003570560735051)
1.2200000000000006 (1.78977376501717, 1.0, 0.7925422933406592)
1.4200000000000008 (2.0378467230646438, 1.0, 0.7861989329463409)
1.620000000000001 (2.3624106651397896, 1.0, 0.6422178302045716)
1.8200000000000012 (2.538797590716636, 1.0, 0.5161466034763782)
2.0200000000000014 (2.662454826976689, 1.0, 0.37114060299776724)
2.2200000000000015 (2.7017423091514408, 1.0, 0.1465032223910269)
2.4200000000000017 (2.691691405872822, 1.0, -0.10409384392781493)
2.620000000000002 (2.594986615141045, 1.0, -0.29090754402702895)
2.820000000000002 (2.4789812414990826, 1.0, -0.4839493395734954)
3.0200000000000022 (2.279883301045524, 1.0, -0.6730778576818237)
3.2200000000000024 (2.16079791953273, 1.0, -0.8736347779775044)
3.4200000000000026 (2.2243894427771225, 1.0, -1.088876813067599)
3.6200000000000028 (2.2567869958318774, 1.0, -1.2896056070529924)
3.820000000000003 (2.380952528022902, 1.0, -1.4450430462293233)
4.040000000000002 (2.675739940759219, 1.0, -1.533078420002215)
4.259999999999997 (2.976184095497826, 1.0, -1.5291784418956194)
4.479999999999992 (3.1451894044926063, 1.0, -1.479689105413715)
4.699999999999988 (3.3037485763967522, 1.0, -1.3046344318055525)
4.919999999999983 (3.431122983887189, 1.0, -1.0605767318679709)
5.139999999999978 (3.441217250849011, 1.0, -0.8325793840586906)
5.359999999999974 (3.4098207525481454, 1.0, -0.5710210352036329)
5.579999999999969 (3.3429430210149444, 1.0, -0.2928593852820394)
5.799999999999964 (3.3863583805249453, 1.0, -0.056140236288975416)
6.01999999999996 (3.5873131079136025, 1.0, 0.10022929430001508)
6.239999999999955 (3.7318452508940276, 1.0, 0.24253342293427815)
6.45999999999995 (3.986541595910946, 1.0, 0.24562132314760893)
6.6799999999999455 (4.315230712041813, 1.0, 0.07871418877783495)
6.899999999999941 (4.452418984704682, 1.0, -0.03029733546622644)
7.119999999999936 (4.550027246200422, 1.0, -0.23228221180841477)
7.3399999999999315 (4.562221524844055, 1.0, -0.5048057294646269)
7.559999999999927 (4.460666487617289, 1.0, -0.7311735565775623)
7.779999999999922 (4.363669874484851, 1.0, -0.9356155397365493)
7.999999999999917 (4.14062838777736, 1.0, -1.1433154623315542)
8.219999999999914 (4.006199389786694, 1.0, -1.3626714115283192)
8.439999999999909 (4.0791248134831894, 1.0, -1.5996256269965583)
8.659999999999904 (4.110699538781925, 1.0, -1.8139318067558197)
8.8799999999999 (4.287461284115454, 1.0, -1.970148896457177)
9.099999999999895 (4.627051340820337, 1.0, -2.02697378899626)
9.31999999999989 (4.858422573980259, 1.0, -2.0097993571894484)
9.539999999999885 (5.0447563465958325, 1.0, -1.9352230274757736)
9.75999999999988 (5.197111971212068, 1.0, -1.7299496371356278)
9.979999999999876 (5.2798557019490815, 1.0, -1.4816728574611242)
10.199999999999871 (6.514764853921864, 1.0, -2.1482533900522895)
10.419999999999867 (7.632972658406122, 1.0, -2.5974267480008093)
10.639999999999862 (7.950782377503672, 1.0, -2.604014745623081)
10.859999999999857 (8.111714448839523, 1.0, -2.6429592029251827)
11.079999999999853 (8.254480821382275, 1.0, -2.6968031613487105)
11.299999999999848 (8.3875944262833, 1.0, -2.750093939855461)
11.519999999999843 (8.512621924855873, 1.0, -2.800449597521234)
11.739999999999839 (8.630125650074863, 1.0, -2.847855182481368)
11.959999999999834 (8.740577090523253, 1.0, -2.892437194854272)
12.17999999999983 (8.84440447873277, 1.0, -2.934351529039754)
12.399999999999824 (8.942006409007888, 1.0, -2.9737545198323425)
12.61999999999982 (9.033756521749671, 1.0, -3.0107957384445645)
12.839999999999815 (9.120005771676066, 1.0, -3.045616491489262)
13.05999999999981 (9.201083994485492, 1.0, -3.078349806428382)
13.279999999999806 (9.2773012287826, 1.0, -3.109120790258899)
13.499999999999801 (9.348948918249565, 1.0, -3.1380470666847176)
13.719999999999796 (9.416301030777008, 1.0, -3.1652392141502337)
13.939999999999792 (9.479615107495825, 1.0, -3.190801185026153)
14.159999999999787 (9.539133248075967, 1.0, -3.214830701737245)
14.379999999999782 (9.595083036706693, 1.0, -3.2374196297493967)
14.599999999999778 (9.647678412480085, 1.0, -3.2586543283949627)
14.819999999999773 (9.697120487558704, 1.0, -3.2786159807472375)
15.039999999999768 (9.743598316272942, 1.0, -3.2973809037632336)
15.259999999999764 (9.787289618095503, 1.0, -3.3150208398639647)
15.479999999999759 (9.828361457260991, 1.0, -3.331603231058324)
15.699999999999754 (9.866970881631689, 1.0, -3.3471914766527586)
15.91999999999975 (9.903265523254133, 1.0, -3.361845175527534)
16.139999999999745 (9.937384162904364, 1.0, -3.375620353902194)
16.35999999999974 (9.969457260781743, 1.0, -3.3885696794579756)
16.579999999999735 (9.999607455381613, 1.0, -3.4007426626332498)
16.79999999999973 (10.027950032455191, 1.0, -3.4121858458594443)
17.019999999999726 (10.054593365850664, 1.0, -3.422942981459119)
17.23999999999972 (10.079639331921683, 1.0, -3.4330551988848264)
17.459999999999717 (10.103183699088435, 1.0, -3.4425611619368555)
17.679999999999712 (10.12531649404128, 1.0, -3.4514972165598543)
17.899999999999707 (10.14612234598757, 1.0, -3.4598975297824817)
18.119999999999703 (10.165680810258298, 1.0, -3.467794220330506)
18.339999999999698 (10.184066672512223, 1.0, -3.4752174814120953)
18.559999999999693 (10.20135023470089, 1.0, -3.482195696144134)
18.77999999999969 (10.217597583888143, 1.0, -3.4887555460604567)
18.999999999999684 (10.232870844952274, 1.0, -3.4949221131164356)
19.21999999999968 (10.247228418137121, 1.0, -3.500718975579586)
19.439999999999674 (10.260725202360607, 1.0, -3.506168298172517)
19.65999999999967 (10.273412805134665, 1.0, -3.511290916812648)
19.879999999999665 (10.28533973989934, 1.0, -3.516106418272456)
