0.0 [0.0, 1.0, 0.0]
0.21999999999999997 [-0.00015991825193256703, 1.0, 0.006787080814942642]
0.4200000000000001 [0.10211771210631565, 1.0, 0.03712710116022691]
0.6200000000000002 [0.2817583991296321, 1.0, 0.06155118224365823]
0.8200000000000004 [0.45515800930490613, 1.0, 0.07345911361312638]
1.0200000000000005 [0.6262958844204697, 1.0, 0.07604251678388657]
1.2200000000000006 [0.8003499435326387, 1.0, 0.05459543282878049]
1.4200000000000008 [0.9885482400676447, 1.0, 0.033417526257067565]
1.620000000000001 [1.1675207818004425, 1.0, 0.004467191395572369]
1.8200000000000012 [1.3500352455850317, 1.0, -0.027578493831959885]
2.0200000000000014 [1.5312249793174073, 1.0, -0.04938279608729121]
2.2200000000000015 [1.7204612480803179, 1.0, -0.06043275397705672]
2.4200000000000017 [1.9121652871092574, 1.0, -0.055550764293683774]
2.620000000000002 [2.1082685828192624, 1.0, -0.045446711749070015]
2.820000000000002 [2.2949068146729097, 1.0, -0.032502795292262285]
3.0200000000000022 [2.483800440664625, 1.0, -0.0195872380910415]
3.2200000000000024 [2.664589488612582, 1.0, -0.017631257951064128]
3.4200000000000026 [2.8535529335283436, 1.0, -0.03581733241098076]
3.6200000000000028 [3.0424966310887767, 1.0, -0.06876971416785302]
3.820000000000003 [3.231229195635273, 1.0, -0.11679306508047096]
4.040000000000002 [3.4334059936260317, 1.0, -0.1708637469227213]
4.259999999999997 [3.6330436042570615, 1.0, -0.22717728099728243]
4.479999999999992 [3.827458061842656, 1.0, -0.2706713180299295]
4.699999999999988 [4.0342901999987095, 1.0, -0.29509811347509285]
4.919999999999983 [4.2445534835852055, 1.0, -0.29935228135407504]
5.139999999999978 [4.459975450872685, 1.0, -0.29442924265108805]
5.359999999999974 [4.664633235571404, 1.0, -0.28446789542698114]
5.579999999999969 [4.870071375400573, 1.0, -0.2756796421215517]
5.799999999999964 [5.072812404594301, 1.0, -0.2851510798967717]
6.01999999999996 [5.280773360408807, 1.0, -0.31127229202867823]
6.239999999999955 [5.485462790796597, 1.0, -0.36270882090722834]
6.45999999999995 [5.694257578040759, 1.0, -0.416476570767231]
6.6799999999999455 [5.89180495910152, 1.0, -0.4736630668420152]
6.899999999999941 [6.0865714956466626, 1.0, -0.5243463078560193]
7.119999999999936 [6.29043216250878, 1.0, -0.554325136684013]
7.3399999999999315 [6.499705170390099, 1.0, -0.5701378766355292]
7.559999999999927 [6.71217222637335, 1.0, -0.5646841620469748]
7.779999999999922 [6.921660490576975, 1.0, -0.5575415655971225]
7.999999999999917 [7.1290496919191915, 1.0, -0.5472155728635476]
8.219999999999914 [7.328241158571171, 1.0, -0.547567678095263]
8.439999999999909 [7.5359022572770415, 1.0, -0.5702059794839001]
8.659999999999904 [7.742427934681915, 1.0, -0.6128485446000128]
8.8799999999999 [7.95187128114444, 1.0, -0.6668034074509653]
9.099999999999895 [8.149495708249741, 1.0, -0.7230812329337173]
9.31999999999989 [8.34788111517601, 1.0, -0.7786999353333908]
9.539999999999885 [8.545957761308209, 1.0, -0.8169552954775532]
9.75999999999988 [8.753608333970218, 1.0, -0.839409941596128]
9.979999999999876 [8.96386162560076, 1.0, -0.837406119140236]
10.199999999999871 [9.174393506275655, 1.0, -0.8527060648990641]
10.419999999999867 [9.419315692622312, 1.0, -0.977388529861444]
10.639999999999862 [9.641183827114705, 1.0, -1.058270166874337]
10.859999999999857 [9.854103127629031, 1.0, -1.0989834599424682]
11.079999999999853 [10.055462131712783, 1.0, -1.1271904590116038]
11.299999999999848 [10.245078127391956, 1.0, -1.1509448370711484]
11.519999999999843 [10.423416758659034, 1.0, -1.1725097824234065]
11.739999999999839 [10.591088043213354, 1.0, -1.1925719606729888]
11.959999999999834 [10.74871321515787, 1.0, -1.2113755018630015]
12.17999999999983 [10.896889539420798, 1.0, -1.229038315971179]
12.399999999999824 [11.036182153719551, 1.0, -1.2456402990958362]
12.61999999999982 [11.167123329912599, 1.0, -1.2612480106184478]
12.839999999999815 [11.290213705697637, 1.0, -1.275921681541675]
13.05999999999981 [11.405923977002791, 1.0, -1.2897173100377817]
13.279999999999806 [11.514696637015113, 1.0, -1.3026873867952509]
13.499999999999801 [11.616947651892373, 1.0, -1.3148812328505222]
13.719999999999796 [11.713068047284983, 1.0, -1.3263452224316898]
13.939999999999792 [11.803425402815243, 1.0, -1.3371229665981685]
14.159999999999787 [11.888365257771865, 1.0, -1.3472554790128404]
14.379999999999782 [11.968212432723426, 1.0, -1.3567813301201097]
14.599999999999778 [12.043272271924751, 1.0, -1.3657367918276533]
14.819999999999773 [12.113831811222198, 1.0, -1.3741559736205493]
15.039999999999768 [12.180160875915591, 1.0, -1.3820709506970668]
15.259999999999764 [12.242513112776042, 1.0, -1.3895118846051724]
15.479999999999759 [12.301126960169437, 1.0, -1.3965071368121933]
15.699999999999754 [12.356226559998797, 1.0, -1.4030833756115906]
15.91999999999975 [12.408022614955872, 1.0, -1.409265676747874]
16.139999999999745 [12.456713194362967, 1.0, -1.4150776181199518]
16.35999999999974 [12.502484491688941, 1.0, -1.420541368903664]
16.579999999999735 [12.54551153663819, 1.0, -1.4256777734156922]
16.79999999999973 [12.585958864537501, 1.0, -1.4305064300233443]
17.019999999999726 [12.623981145582103, 1.0, -1.4350457653878539]
17.23999999999972 [12.659723776348534, 1.0, -1.4393131043128262]
17.459999999999717 [12.693323435837376, 1.0, -1.44332473545423]
17.679999999999712 [12.724908608173335, 1.0, -1.4470959731338697]
17.899999999999707 [12.754600073962274, 1.0, -1.4506412154845671]
18.119999999999703 [12.782511372184942, 1.0, -1.4539739991422949]
18.339999999999698 [12.808749234394408, 1.0, -1.457107050688183]
18.559999999999693 [12.8334139928781, 1.0, -1.4600523350316805]
18.77999999999969 [12.856599964345799, 1.0, -1.4628211009151468]
18.999999999999684 [12.878395810611295, 1.0, -1.4654239237097146]
19.21999999999968 [12.89888487764723, 1.0, -1.4678707456624374]
19.439999999999674 [12.918145514310153, 1.0, -1.4701709137454464]
19.65999999999967 [12.936251371954757, 1.0, -1.4723332152490443]
19.879999999999665 [12.953271686083356, 1.0, -1.4743659112524028]
