0.0 (4.375, 1.0, 0.0)
0.21999999999999997 (3.4630908182316773, 1.0, 0.6137404142677503)
0.4200000000000001 (2.309167232114827, 1.0, 1.0744709550057776)
0.6200000000000002 (2.7259965265397503, 1.0, 1.0988934676060422)
0.8200000000000004 (3.536621811831286, 1.0, 0.5387310353802351)
1.0200000000000005 (3.9592726744033366, 1.0, -0.20492582325779693)
1.2200000000000006 (4.267011513872801, 1.0, -0.8598382291828343)
1.4200000000000008 (4.667146929849379, 1.0, -1.3189288045770404)
1.620000000000001 (5.36066482246167, 1.0, -1.2406169818349817)
1.8200000000000012 (5.9494360443685315, 1.0, -0.6888279941919604)
2.0200000000000014 (6.255268463468681, 1.0, -0.056342821914811776)
2.2200000000000015 (6.714843185168509, 1.0, 0.2854672421111499)
2.4200000000000017 (7.434019944795778, 1.0, 0.05425999193763113)
2.620000000000002 (7.9323154133711435, 1.0, -0.6458906882108353)
2.820000000000002 (8.024121214646112, 1.0, -1.3923353286093765)
3.0200000000000022 (8.260758826925374, 1.0, -1.9168252303403501)
3.2200000000000024 (9.008972571164287, 1.0, -2.0432831440352177)
3.4200000000000026 (9.766858530681464, 1.0, -1.5947186655154808)
3.6200000000000028 (10.115771525940618, 1.0, -0.9111652389592658)
3.820000000000003 (10.485509983273262, 1.0, -0.46239648820031803)
4.040000000000002 (11.297039436953533, 1.0, -0.5538643151704047)
4.259999999999997 (11.896926686820908, 1.0, -1.2865591604134152)
4.479999999999992 (12.006343673673708, 1.0, -2.1028924714544837)
4.699999999999988 (12.299493641870429, 1.0, -2.6666416265900725)
4.919999999999983 (13.131144921593492, 1.0, -2.729227825291682)
5.139999999999978 (13.885872267417884, 1.0, -2.180080152762481)
5.359999999999974 (14.283699602610307, 1.0, -1.5003970413555896)
5.579999999999969 (14.858522555840018, 1.0, -1.1880755764906503)
5.799999999999964 (15.596973452856979, 1.0, -1.5851275556567084)
6.01999999999996 (15.966687115260418, 1.0, -2.3926394346430073)
6.239999999999955 (16.135496624698437, 1.0, -3.100464584848499)
6.45999999999995 (16.724553239787852, 1.0, -3.4966996863759494)
6.6799999999999455 (17.536287486200354, 1.0, -3.231380071022711)
6.899999999999941 (18.01499979023456, 1.0, -2.5382106533194957)
7.119999999999936 (18.420041318417656, 1.0, -2.001836337893856)
7.3399999999999315 (19.215358237916977, 1.0, -2.002237740286496)
7.559999999999927 (19.84269564750451, 1.0, -2.6656398772830756)
7.779999999999922 (19.958994231173747, 1.0, -3.4845933729312546)
7.999999999999917 (20.181750871174767, 1.0, -4.082912879736585)
8.219999999999914 (20.990230082214836, 1.0, -4.248517229329366)
8.439999999999909 (21.795329587328087, 1.0, -3.7537664230807706)
8.659999999999904 (22.185668534576934, 1.0, -3.036256793097237)
8.8799999999999 (22.688203776462423, 1.0, -2.6414378760814343)
9.099999999999895 (23.473850510224494, 1.0, -2.9238986410932486)
9.31999999999989 (23.948515402284066, 1.0, -3.7156398694280277)
9.539999999999885 (24.090580629664906, 1.0, -4.474528007332129)
9.75999999999988 (24.56140843549637, 1.0, -4.94558902035364)
9.979999999999876 (25.38358895435934, 1.0, -4.791444753109179)
10.199999999999871 (26.832974042289333, 1.0, -4.793654294389378)
10.419999999999867 (27.641904549581085, 1.0, -4.6283426112346175)
10.639999999999862 (28.05769948459658, 1.0, -4.7015155099051915)
10.859999999999857 (28.443760303286886, 1.0, -4.775697867512138)
11.079999999999853 (28.808061222737788, 1.0, -4.836084435518359)
11.299999999999848 (29.15091032477538, 1.0, -4.890298410327556)
11.519999999999843 (29.473295919805096, 1.0, -4.940667098423863)
11.739999999999839 (29.77636811571022, 1.0, -4.987922001511864)
11.959999999999834 (30.06126583574995, 1.0, -5.032373081953537)
12.17999999999983 (30.32907469379544, 1.0, -5.074214262663233)
12.399999999999824 (30.580819019820698, 1.0, -5.113603191319203)
12.61999999999982 (30.81746262798448, 1.0, -5.150682289222829)
12.839999999999815 (31.039911696229872, 1.0, -5.185584507847102)
13.05999999999981 (31.249018035917814, 1.0, -5.2184350928654375)
13.279999999999806 (31.445582311503536, 1.0, -5.249352298800246)
13.499999999999801 (31.6303571044193, 1.0, -5.278447821413901)
13.719999999999796 (31.804049802123373, 1.0, -5.305827147811673)
13.939999999999792 (31.967325315460197, 1.0, -5.331589876308178)
14.159999999999787 (32.12080863279143, 1.0, -5.355830019550808)
14.379999999999782 (32.26508722028375, 1.0, -5.3786362943881745)
14.599999999999778 (32.400713277544334, 1.0, -5.400092399421203)
14.819999999999773 (32.52820585733198, 1.0, -5.420277280564809)
15.039999999999768 (32.64805285756513, 1.0, -5.439265384836539)
15.259999999999764 (32.760712893352014, 1.0, -5.457126902598737)
15.479999999999759 (32.86661705629925, 1.0, -5.473927998514739)
15.699999999999754 (32.966170567913146, 1.0, -5.489731031512982)
15.91999999999975 (33.05975433349297, 1.0, -5.504594764080445)
16.139999999999745 (33.147726402526125, 1.0, -5.518574561227455)
16.35999999999974 (33.23042334122991, 1.0, -5.531722579480994)
16.579999999999735 (33.308161522541454, 1.0, -5.544087946273245)
16.79999999999973 (33.38123833853567, 1.0, -5.555716930097642)
17.019999999999726 (33.449933339948885, 1.0, -5.566653101806535)
17.23999999999972 (33.51450930720246, 1.0, -5.576937487423352)
17.459999999999717 (33.57521325705419, 1.0, -5.586608712838606)
17.679999999999712 (33.63227738875552, 1.0, -5.59570314075337)
17.899999999999707 (33.685919973358104, 1.0, -5.604255000226585)
18.119999999999703 (33.73634618959243, 1.0, -5.612296509174037)
18.339999999999698 (33.78374890953485, 1.0, -5.619857990157216)
18.559999999999693 (33.828309437084606, 1.0, -5.626967979789967)
18.77999999999969 (33.87019820209028, 1.0, -5.63365333207994)
18.999999999999684 (33.909575412793494, 1.0, -5.639939316010533)
19.21999999999968 (33.94659166909667, 1.0, -5.645849707657559)
19.439999999999674 (33.98138853901073, 1.0, -5.651406877123203)
19.65999999999967 (34.01409910049625, 1.0, -5.656631870558177)
19.879999999999665 (34.04484845077834, 1.0, -5.661544487531442)
