0.0 [0.0, 1.0, 0.0]
0.21999999999999997 [0.028250881906791092, 1.0, 0.005503605741445559]
0.4200000000000001 [0.2710762967836423, 1.0, 0.020289351415746504]
0.6200000000000002 [0.6345961272497423, 1.0, 0.032191730588572304]
0.8200000000000004 [1.1191613474268818, 1.0, 0.038224729849003145]
1.0200000000000005 [1.7601521712110733, 1.0, -0.01149817689432052]
1.2200000000000006 [2.479328975848013, 1.0, -0.013957616963933724]
1.4200000000000008 [3.287542011854707, 1.0, 0.037792606436716]
1.620000000000001 [4.098464682033624, 1.0, 0.044871472566445414]
1.8200000000000012 [4.928677565544654, 1.0, -0.03140832131668093]
2.0200000000000014 [5.825897551190315, 1.0, -0.13839190431160617]
2.2200000000000015 [6.727314677838677, 1.0, -0.1533901327079948]
2.4200000000000017 [7.673184259081516, 1.0, -0.09233319667568493]
2.620000000000002 [8.603598842609506, 1.0, -0.07564692278525917]
2.820000000000002 [9.530964555847403, 1.0, -0.15802940003472357]
3.0200000000000022 [10.494371161765194, 1.0, -0.2614313963309925]
3.2200000000000024 [11.435457305462059, 1.0, -0.2660060003027709]
3.4200000000000026 [12.40962755853054, 1.0, -0.19096599857492288]
3.6200000000000028 [13.36684448936839, 1.0, -0.1616656419321397]
3.820000000000003 [14.317041379278145, 1.0, -0.2373459417736821]
4.040000000000002 [15.390940800105772, 1.0, -0.3371370055725061]
4.259999999999997 [16.437911302620556, 1.0, -0.31732746621901464]
4.479999999999992 [17.516003583024442, 1.0, -0.22526469442834812]
4.699999999999988 [18.561976907921327, 1.0, -0.23074651554069286]
4.919999999999983 [19.63628094321151, 1.0, -0.33657236039743776]
5.139999999999978 [20.694158898603305, 1.0, -0.38638288638928153]
5.359999999999974 [21.755052882130922, 1.0, -0.31145284276856217]
5.579999999999969 [22.827652717661906, 1.0, -0.24670336854849895]
5.799999999999964 [23.877481802162407, 1.0, -0.3069580684019581]
6.01999999999996 [24.956286019953893, 1.0, -0.4077543200030489]
6.239999999999955 [26.003628305421174, 1.0, -0.3946474926931126]
6.45999999999995 [27.082716782098213, 1.0, -0.29835074959156127]
6.6799999999999455 [28.13318149246398, 1.0, -0.2883372942847212]
6.899999999999941 [29.20499761897753, 1.0, -0.38779997965217483]
7.119999999999936 [30.267930116360148, 1.0, -0.44734130928299976]
7.3399999999999315 [31.323762744932097, 1.0, -0.37887624228919864]
7.559999999999927 [32.40057627038569, 1.0, -0.30515105479606375]
7.779999999999922 [33.44982328252571, 1.0, -0.3529826743271431]
7.999999999999917 [34.528579812561745, 1.0, -0.4584188131045753]
8.219999999999914 [35.57555769916186, 1.0, -0.4559671372234848]
8.439999999999909 [36.65411941538504, 1.0, -0.361089748050635]
8.659999999999904 [37.70852653108643, 1.0, -0.33771334070581804]
8.8799999999999 [38.77477993061173, 1.0, -0.43198068599084744]
9.099999999999895 [39.84240840671792, 1.0, -0.5012320337897083]
9.31999999999989 [40.89505084664166, 1.0, -0.4423780214858511]
9.539999999999885 [41.97423503570087, 1.0, -0.36104176487561496]
9.75999999999988 [43.02242011078393, 1.0, -0.39732485145563945]
9.979999999999876 [44.100659163925016, 1.0, -0.5056743212397041]
10.199999999999871 [45.09808172635809, 1.0, -0.5624010176234029]
10.419999999999867 [45.99721978097551, 1.0, -0.5955012334009244]
10.639999999999862 [46.8430273690938, 1.0, -0.6195682811990112]
10.859999999999857 [47.63795436163771, 1.0, -0.6475799965025977]
11.079999999999853 [48.38508742197396, 1.0, -0.6773183861616074]
11.299999999999848 [49.087365066927845, 1.0, -0.7067690864916588]
11.519999999999843 [49.747512766198334, 1.0, -0.7350683439372214]
11.739999999999839 [50.36807068388274, 1.0, -0.7619449452122637]
11.959999999999834 [50.95141766717498, 1.0, -0.7873594659030272]
12.17999999999983 [51.499786671952485, 1.0, -0.8113519201746995]
12.399999999999824 [52.01527565454563, 1.0, -0.8339862841548844]
12.61999999999982 [52.49985640170445, 1.0, -0.8553318090418288]
12.839999999999815 [52.95538233728447, 1.0, -0.8754570555492432]
13.05999999999981 [53.38359569751948, 1.0, -0.8944280965501118]
13.279999999999806 [53.786134223890585, 1.0, -0.9123080398070407]
13.499999999999801 [54.164537438308024, 1.0, -0.9291569599672398]
13.719999999999796 [54.52025253685224, 1.0, -0.9450319560905456]
13.939999999999792 [54.85463992839001, 1.0, -0.9599872476245626]
14.159999999999787 [55.168978440413596, 1.0, -0.9740742820777853]
14.379999999999782 [55.46447021238654, 1.0, -0.9873418459051964]
14.599999999999778 [55.74224529544597, 1.0, -0.9998361756359571]
14.819999999999773 [56.0033659761157, 1.0, -1.0116010679740612]
15.039999999999768 [56.248830840605535, 1.0, -1.022677988169732]
15.259999999999764 [56.47957859527065, 1.0, -1.0331061761860387]
15.479999999999759 [56.69649165786845, 1.0, -1.0429227503053287]
15.699999999999754 [56.90039953337021, 1.0, -1.0521628079023033]
15.91999999999975 [57.092081987258894, 1.0, -1.0608595231755453]
16.139999999999745 [57.2722720284671, 1.0, -1.06904424168364]
16.35999999999974 [57.441658713379844, 1.0, -1.0767465715782505]
16.579999999999735 [57.60088978164021, 1.0, -1.0839944714659264]
16.79999999999973 [57.75057413385156, 1.0, -1.0908143348639578]
17.019999999999726 [57.89128416066319, 1.0, -1.0972310712439184]
17.23999999999972 [58.02355793215769, 1.0, -1.1032681836803828]
17.459999999999717 [58.14790125592146, 1.0, -1.1089478431421416]
17.679999999999712 [58.26478961167801, 1.0, -1.114290959479618]
17.899999999999707 [58.37466996988948, 1.0, -1.1193172491755614]
18.119999999999703 [58.477962501288076, 1.0, -1.1240452999368111]
18.339999999999698 [58.575062183880526, 1.0, -1.128492632213391]
18.559999999999693 [58.66634031357667, 1.0, -1.1326757577376945]
18.77999999999969 [58.75214592422326, 1.0, -1.1366102351813074]
18.999999999999684 [58.83280712247772, 1.0, -1.1403107230304035]
19.21999999999968 [58.90863234263035, 1.0, -1.143791029782738]
19.439999999999674 [58.97991152617646, 1.0, -1.1470641615703834]
19.65999999999967 [59.04691723065226, 1.0, -1.1501423673125146]
19.879999999999665 [59.1099056719774, 1.0, -1.1530371815020315]
