0.0 (4.375, 1.0, 0.0)
0.21999999999999997 (3.525355245462163, 1.0, 0.7803013331233158)
0.4200000000000001 (3.4390270856736027, 1.0, 1.0259916985731061)
0.6200000000000002 (4.260904592260751, 1.0, 0.4263256022010707)
0.8200000000000004 (5.066164973659434, 1.0, -0.4419779668777303)
1.0200000000000005 (5.78634264515176, 1.0, -0.6588215213243478)
1.2200000000000006 (6.27225182507077, 1.0, 0.21842400615636737)
1.4200000000000008 (6.970811066530062, 1.0, 0.6484858428200779)
1.620000000000001 (7.939711594811351, 1.0, 0.16513363275394563)
1.8200000000000012 (8.762181989548592, 1.0, -0.647451115622253)
2.0200000000000014 (9.71230652184152, 1.0, -0.7839104062690294)
2.2200000000000015 (10.539919242510535, 1.0, 0.06201281490760477)
2.4200000000000017 (11.44467290213613, 1.0, 0.5034695798926897)
2.620000000000002 (12.492517072321467, 1.0, 0.03763778717107753)
2.820000000000002 (13.330700779562148, 1.0, -0.7547168659157139)
3.0200000000000022 (14.343240975440448, 1.0, -0.8638785230141032)
3.2200000000000024 (15.250353333986205, 1.0, -0.019126026378394455)
3.4200000000000026 (16.204348425760333, 1.0, 0.42703748363800326)
3.6200000000000028 (17.26763279381099, 1.0, -0.029192183140976925)
3.820000000000003 (18.10671746430025, 1.0, -0.8140904223237952)
4.040000000000002 (19.25031280674071, 1.0, -0.845146748474857)
4.259999999999997 (20.24663060106602, 1.0, 0.04897000472724004)
4.479999999999992 (21.349928373293668, 1.0, 0.3632098003869464)
4.699999999999988 (22.40069662495623, 1.0, -0.4594247480325058)
4.919999999999983 (23.434656265005966, 1.0, -1.020312146539582)
5.139999999999978 (24.591014740172607, 1.0, -0.5157686197201614)
5.359999999999974 (25.48580021812608, 1.0, 0.3302474394852647)
5.579999999999969 (26.729101544849538, 1.0, 0.0257297086649729)
5.799999999999964 (27.680923272732635, 1.0, -0.8114514543605221)
6.01999999999996 (28.790977519157924, 1.0, -0.9778299870505626)
6.239999999999955 (29.809046977099687, 1.0, -0.060414937513623375)
6.45999999999995 (30.92563986470271, 1.0, 0.3041549143558801)
6.6799999999999455 (32.003739586859325, 1.0, -0.3919217338681617)
6.899999999999941 (32.96046395744545, 1.0, -1.0902850355440277)
7.119999999999936 (34.17143258726121, 1.0, -0.6389978898466397)
7.3399999999999315 (35.079445634385294, 1.0, 0.2145449502468927)
7.559999999999927 (36.287018108656106, 1.0, 0.05248573289725918)
7.779999999999922 (37.25845684480796, 1.0, -0.8078029448953876)
7.999999999999917 (38.35532043867263, 1.0, -1.0725907494935802)
8.219999999999914 (39.391712947417986, 1.0, -0.18364642834931802)
8.439999999999909 (40.48603679454644, 1.0, 0.25642867893526533)
8.659999999999904 (41.5950542234572, 1.0, -0.336908762410904)
8.8799999999999 (42.50015621910109, 1.0, -1.139823160658429)
9.099999999999895 (43.74744765797831, 1.0, -0.7498276904520951)
9.31999999999989 (44.686046359586534, 1.0, 0.07951871691351023)
9.539999999999885 (45.83533968898436, 1.0, 0.09218633226526507)
9.75999999999988 (46.828193900949024, 1.0, -0.8140606680312381)
9.979999999999876 (47.930951436724236, 1.0, -1.1425948420941014)
10.199999999999871 (49.429358027296324, 1.0, -0.7700171179199199)
10.419999999999867 (50.37000474242158, 1.0, -0.7263057214088848)
10.639999999999862 (51.21475463035212, 1.0, -0.7880633478752472)
10.859999999999857 (52.00904533214735, 1.0, -0.8318563345216388)
11.079999999999853 (52.755966245551136, 1.0, -0.8665729579952944)
11.299999999999848 (53.458159765672576, 1.0, -0.8979690134777161)
11.519999999999843 (54.118260990004536, 1.0, -0.9273393153033062)
11.739999999999839 (54.73878422219656, 1.0, -0.9550136229539992)
11.959999999999834 (55.322100993643744, 1.0, -0.9811210295157294)
12.17999999999983 (55.870442160033576, 1.0, -1.0057499349990149)
12.399999999999824 (56.385905036728346, 1.0, -1.0289792726632214)
12.61999999999982 (56.870461178408625, 1.0, -1.0508838937182963)
12.839999999999815 (57.325963892788955, 1.0, -1.0715352869242678)
13.05999999999981 (57.754155334249994, 1.0, -1.0910016399351887)
13.279999999999806 (58.15667317396596, 1.0, -1.1093478809244206)
13.499999999999801 (58.53505686874326, 1.0, -1.1266357575445725)
13.719999999999796 (58.890753552974594, 1.0, -1.142923938151647)
13.939999999999792 (59.22512357672708, 1.0, -1.1582681227691842)
14.159999999999787 (59.53944571139605, 1.0, -1.1727211577263106)
14.379999999999782 (59.834922042953956, 1.0, -1.1863331512137316)
14.599999999999778 (60.11268257157559, 1.0, -1.199151588368525)
14.819999999999773 (60.37378953527558, 1.0, -1.2112214450506231)
15.039999999999768 (60.61924147412937, 1.0, -1.2225852997237205)
15.259999999999764 (60.84997705065168, 1.0, -1.2332834429937003)
15.479999999999759 (61.066878640970366, 1.0, -1.2433539844551118)
15.699999999999754 (61.27077571055375, 1.0, -1.2528329565733511)
15.91999999999975 (61.46244798742368, 1.0, -1.2617544153946096)
16.139999999999745 (61.642628445008754, 1.0, -1.2701505379305973)
16.35999999999974 (61.81200610606331, 1.0, -1.2780517161120273)
16.579999999999735 (61.97122867839028, 1.0, -1.285486647244923)
16.79999999999973 (62.12090503246221, 1.0, -1.292482420937932)
17.019999999999726 (62.261607530427625, 1.0, -1.2990646024975636)
17.23999999999972 (62.39387421542099, 1.0, -1.305257312812463)
17.459999999999717 (62.518210869558374, 1.0, -1.3110833047679)
17.679999999999712 (62.63509294849808, 1.0, -1.316564036248205)
17.899999999999707 (62.74496739997204, 1.0, -1.3217197397983491)
18.119999999999703 (62.848254373249794, 1.0, -1.3265694890266517)
18.339999999999698 (62.94534882607793, 1.0, -1.3311312618390556)
18.559999999999693 (63.03662203524641, 1.0, -1.3354220006019049)
18.77999999999969 (63.12242301656261, 1.0, -1.339457669334884)
18.999999999999684 (63.20307985966795, 1.0, -1.3432533080390805)
19.21999999999968 (63.278900982805546, 1.0, -1.3468230842671698)
19.439999999999674 (63.35017631234012, 1.0, -1.3501803420436755)
19.65999999999967 (63.41717839154432, 1.0, -1.3533376482433663)
19.879999999999665 (63.480163422893874, 1.0, -1.3563068365351545)
