0.0 (4.375, 1.0, 0.0)
0.21999999999999997 (4.268451059489496, 1.0, 0.4143812723115636)
0.4200000000000001 (4.498874032340924, 1.0, 0.19359669460068732)
0.6200000000000002 (4.800495005050662, 1.0, 0.06218215504214193)
0.8200000000000004 (5.049650657941123, 1.0, 0.4291364234299618)
1.0200000000000005 (5.576535201356682, 1.0, -0.0546435626124648)
1.2200000000000006 (5.991484198173131, 1.0, 0.3306730466985733)
1.4200000000000008 (6.5676263206494605, 1.0, 0.1833078624506216)
1.620000000000001 (7.197514729694317, 1.0, 0.09294038786404617)
1.8200000000000012 (7.82309725391702, 1.0, 0.5243627229612317)
2.0200000000000014 (8.618495786697489, 1.0, 0.08363653565296283)
2.2200000000000015 (9.341035246608817, 1.0, 0.5013938399901245)
2.4200000000000017 (10.175199837918791, 1.0, 0.3973147068698362)
2.620000000000002 (11.042144900942484, 1.0, 0.34059054749606926)
2.820000000000002 (11.894270483072917, 1.0, 0.8127365036380914)
3.0200000000000022 (12.888698428231791, 1.0, 0.40807345781327325)
3.2200000000000024 (13.801016319645248, 1.0, 0.8638628465994674)
3.4200000000000026 (14.8046596375475, 1.0, 0.7973580506179784)
3.6200000000000028 (15.830132487209461, 1.0, 0.7751635817992228)
3.820000000000003 (16.82181279688659, 1.0, 1.2837074650299978)
4.040000000000002 (18.052856180557622, 1.0, 0.971850231526282)
4.259999999999997 (19.20738585516525, 1.0, 1.2510136354912624)
4.479999999999992 (20.399944505467996, 1.0, 1.6541582915934863)
4.699999999999988 (21.693943818490606, 1.0, 1.3850830247806076)
4.919999999999983 (22.896347074910906, 1.0, 1.7729478472777997)
5.139999999999978 (24.140562506081512, 1.0, 2.1243226071364303)
5.359999999999974 (25.490100279259316, 1.0, 1.8301872803886514)
5.579999999999969 (26.751369806691994, 1.0, 2.2606314471559044)
5.799999999999964 (28.025608882453042, 1.0, 2.599351034852652)
6.01999999999996 (29.413589459110085, 1.0, 2.3422005416969793)
6.239999999999955 (30.69904681117857, 1.0, 2.816568352312425)
6.45999999999995 (32.02574409376696, 1.0, 3.08399605223096)
6.6799999999999455 (33.425570273283626, 1.0, 2.889600217924634)
6.899999999999941 (34.71433267757503, 1.0, 3.4512079943540046)
7.119999999999936 (36.072944953605926, 1.0, 3.672889213783841)
7.3399999999999315 (37.500060326258776, 1.0, 3.465971871750706)
7.559999999999927 (38.821245652660544, 1.0, 4.030765945297575)
7.779999999999922 (40.18668099540888, 1.0, 4.226342160804818)
7.999999999999917 (41.62648634144534, 1.0, 4.054608015063101)
8.219999999999914 (42.96211157841954, 1.0, 4.638985859753369)
8.439999999999909 (44.35351904017957, 1.0, 4.777238291279868)
8.659999999999904 (45.79331024246738, 1.0, 4.656481785066595)
8.8799999999999 (47.118783108392435, 1.0, 5.308604230866687)
9.099999999999895 (48.53519577128516, 1.0, 5.412177230986249)
9.31999999999989 (49.98463395798574, 1.0, 5.289568389898903)
9.539999999999885 (51.330741154655605, 1.0, 5.937450481308345)
9.75999999999988 (52.74752284981729, 1.0, 5.991843153864567)
9.979999999999876 (54.202008712889615, 1.0, 5.9462985286396846)
10.199999999999871 (55.616287903578346, 1.0, 6.287437164624241)
10.419999999999867 (56.91499273051727, 1.0, 6.479896308686547)
10.639999999999862 (58.13801720290805, 1.0, 6.634120799805782)
10.859999999999857 (59.28717060914759, 1.0, 6.783132830205967)
11.079999999999853 (60.367395913399406, 1.0, 6.92345815139659)
11.299999999999848 (61.38290473403088, 1.0, 7.055015339912449)
11.519999999999843 (62.337580630557234, 1.0, 7.178299994143084)
11.739999999999839 (63.23506443248333, 1.0, 7.293855050453059)
11.959999999999834 (64.07877900644802, 1.0, 7.4021892120959)
12.17999999999983 (64.87194314424, 1.0, 7.503772297862746)
12.399999999999824 (65.61758348827114, 1.0, 7.599039781774494)
12.61999999999982 (66.31854580175762, 1.0, 7.68839670198997)
12.839999999999815 (66.97750567682898, 1.0, 7.772220496858412)
13.05999999999981 (67.59697865952903, 1.0, 7.850863231152606)
13.279999999999806 (68.17932979364504, 1.0, 7.924653496168207)
13.499999999999801 (68.72678260426667, 1.0, 7.993898108193119)
13.719999999999796 (69.24142754932713, 1.0, 8.058883657499539)
13.939999999999792 (69.72522996893056, 1.0, 8.119877932298321)
14.159999999999787 (70.18003756162622, 1.0, 8.177131231987783)
14.379999999999782 (70.60758741544436, 1.0, 8.230877580162723)
14.599999999999778 (71.00951261999656, 1.0, 8.281335846096315)
14.819999999999773 (71.38734848443967, 1.0, 8.32871078237503)
15.039999999999768 (71.74253838466127, 1.0, 8.373193985602507)
15.259999999999764 (72.076439261679, 1.0, 8.41496478644815)
15.479999999999759 (72.3903267919553, 1.0, 8.454191074751568)
15.699999999999754 (72.68540024911397, 1.0, 8.491030064887044)
15.91999999999975 (72.96278707539682, 1.0, 8.525629006134263)
16.139999999999745 (73.22354718012011, 1.0, 8.558125842387236)
16.35999999999974 (73.4686769813711, 1.0, 8.588649825157715)
16.579999999999735 (73.6991132062274, 1.0, 8.617322083489006)
16.79999999999973 (73.91573646387755, 1.0, 8.644256154087554)
17.019999999999726 (74.11937460517221, 1.0, 8.669558474699533)
17.23999999999972 (74.31075786986304, 1.0, 8.69372542097398)
17.459999999999717 (74.4907016498933, 1.0, 8.71615357188066)
17.679999999999712 (74.65986312912445, 1.0, 8.737189556876833)
17.899999999999707 (74.81888305617149, 1.0, 8.756963436974813)
18.119999999999703 (74.9683699414609, 1.0, 8.775546869906783)
18.339999999999698 (75.10889537993647, 1.0, 8.79301070497969)
18.559999999999693 (75.2409965906885, 1.0, 8.809422407682929)
18.77999999999969 (75.36517856356556, 1.0, 8.824845573085302)
18.999999999999684 (75.4819160133775, 1.0, 8.839339980813863)
19.21999999999968 (75.5916552001041, 1.0, 8.85296178226086)
19.439999999999674 (75.69481563557717, 1.0, 8.865763712035687)
19.65999999999967 (75.79179168674112, 1.0, 8.87779529563589)
19.879999999999665 (75.88295408256401, 1.0, 8.889103046536686)
