0.0 [0.0, 1.0, 0.0]
0.21999999999999997 [0.042876646807034624, 1.0, 0.0016803420465086975]
0.4200000000000001 [0.1530953385145123, 1.0, 0.007302813344502571]
0.6200000000000002 [0.3300322493064723, 1.0, 0.012050875106740837]
0.8200000000000004 [0.5736651366485759, 1.0, 0.016557280152873426]
1.0200000000000005 [0.875297342786693, 1.0, 0.02097480893494167]
1.2200000000000006 [1.2312498253014827, 1.0, 0.024372616478829694]
1.4200000000000008 [1.6400641449416007, 1.0, 0.02704871482264242]
1.620000000000001 [2.0962968637427517, 1.0, 0.02731972265724967]
1.8200000000000012 [2.600079943297411, 1.0, 0.029865561193281508]
2.0200000000000014 [3.144922458897087, 1.0, 0.03548560942710238]
2.2200000000000015 [3.7274017902790053, 1.0, 0.04360220481832383]
2.4200000000000017 [4.347858993558828, 1.0, 0.05544568969511318]
2.620000000000002 [4.999514793463007, 1.0, 0.06931702417513814]
2.820000000000002 [5.684386826841648, 1.0, 0.09192996142934355]
3.0200000000000022 [6.396515879089255, 1.0, 0.12439425499921206]
3.2200000000000024 [7.133435457928586, 1.0, 0.1658436093045585]
3.4200000000000026 [7.896724506376963, 1.0, 0.21802712672953495]
3.6200000000000028 [8.679471045884439, 1.0, 0.2786788693277132]
3.820000000000003 [9.48447279887889, 1.0, 0.35551315671618666]
4.040000000000002 [10.389220285057508, 1.0, 0.45864819615926866]
4.259999999999997 [11.312194756700421, 1.0, 0.5815975891557268]
4.479999999999992 [12.252983370296207, 1.0, 0.7267505715558863]
4.699999999999988 [13.207505386124753, 1.0, 0.8921499697572728]
4.919999999999983 [14.176621023644724, 1.0, 1.0829448043248546]
5.139999999999978 [15.153858614339642, 1.0, 1.29515952945767]
5.359999999999974 [16.141389138439774, 1.0, 1.5353029611880993]
5.579999999999969 [17.13416177590081, 1.0, 1.8016779081543823]
5.799999999999964 [18.13171759387985, 1.0, 2.09710927279559]
6.01999999999996 [19.130932048533467, 1.0, 2.421424544568166]
6.239999999999955 [20.130061380992792, 1.0, 2.7729729750135688]
6.45999999999995 [21.12998604965167, 1.0, 3.154950529204537]
6.6799999999999455 [22.126641762913177, 1.0, 3.5624467035331486]
6.899999999999941 [23.120801659926872, 1.0, 4.001188743501929]
7.119999999999936 [24.10792113654231, 1.0, 4.465931080528096]
7.3399999999999315 [25.089329594507134, 1.0, 4.9626725499126705]
7.559999999999927 [26.060827393473243, 1.0, 5.488747848588867]
7.779999999999922 [27.02158219243584, 1.0, 6.0445100965818686]
7.999999999999917 [27.970544578130404, 1.0, 6.630164995819674]
8.219999999999914 [28.90681622657327, 1.0, 7.242185441307799]
8.439999999999909 [29.83055472135443, 1.0, 7.884708050160837]
8.659999999999904 [30.738962798052203, 1.0, 8.550797218049054]
8.8799999999999 [31.632121901438275, 1.0, 9.246839700196777]
9.099999999999895 [32.5071442512855, 1.0, 9.967698146028921]
9.31999999999989 [33.36377502408959, 1.0, 10.717607358620654]
9.539999999999885 [34.199323155609335, 1.0, 11.493638784945734]
9.75999999999988 [35.01347477294389, 1.0, 12.29432305912365]
9.979999999999876 [35.80614341474584, 1.0, 13.121159323956507]
10.199999999999871 [36.56997666493335, 1.0, 13.949711145880297]
10.419999999999867 [37.26239539466004, 1.0, 14.752084946761865]
10.639999999999862 [37.900850525346065, 1.0, 15.516660576499243]
10.859999999999857 [38.49635247134141, 1.0, 16.239243380315198]
11.079999999999853 [39.05436117736406, 1.0, 16.919974451844023]
11.299999999999848 [39.57812444375074, 1.0, 17.560542007038798]
11.519999999999843 [40.07004360567894, 1.0, 18.163068518348634]
11.739999999999839 [40.532160220502625, 1.0, 18.72972614947395]
11.959999999999834 [40.96632256690948, 1.0, 19.262614894797235]
12.17999999999983 [41.37424376046479, 1.0, 19.763728798330572]
12.399999999999824 [41.75752459342767, 1.0, 20.23495024585675]
12.61999999999982 [42.11766502370387, 1.0, 20.678052767056215]
12.839999999999815 [42.45607188777367, 1.0, 21.094706193930374]
13.05999999999981 [42.77406519225964, 1.0, 21.48648229413875]
13.279999999999806 [43.07288371680698, 1.0, 21.85486032182081]
13.499999999999801 [43.35369016598436, 1.0, 22.201232330389267]
13.719999999999796 [43.61757595812931, 1.0, 22.52690821174705]
13.939999999999792 [43.865565693303985, 1.0, 22.833120461554167]
14.159999999999787 [44.09862132780084, 1.0, 23.121028680161295]
14.379999999999782 [44.317646077151196, 1.0, 23.391723821402152]
14.599999999999778 [44.52348806690726, 1.0, 23.646232201838487]
14.819999999999773 [44.71694374869623, 1.0, 23.885519282815043]
15.039999999999768 [44.89876109762506, 1.0, 24.110493237256442]
15.259999999999764 [45.06964260587479, 1.0, 24.32200831265796]
15.479999999999759 [45.230248086208306, 1.0, 24.52086800122819]
15.699999999999754 [45.38119729810036, 1.0, 24.70782802764811]
15.91999999999975 [45.52307240826986, 1.0, 24.883599164425224]
16.139999999999745 [45.656420296544894, 1.0, 25.048849884344943]
16.35999999999974 [45.781754717209, 1.0, 25.20420885905791]
16.579999999999735 [45.89955832526007, 1.0, 25.35026731239218]
16.79999999999973 [46.01028457635196, 1.0, 25.487581236544095]
17.019999999999726 [46.11435950858002, 1.0, 25.616673478882973]
17.23999999999972 [46.21218341370979, 1.0, 25.738035706701346]
17.459999999999717 [46.30413240492868, 1.0, 25.852130256856118]
17.679999999999712 [46.39055988772104, 1.0, 25.959391876875582]
17.899999999999707 [46.471797940022135, 1.0, 26.060229363753706]
18.119999999999703 [46.548158607395365, 1.0, 26.15502710631494]
18.339999999999698 [46.61993511859548, 1.0, 26.24414653671112]
18.559999999999693 [46.68740302652626, 1.0, 26.327927496305442]
18.77999999999969 [46.750821279272344, 1.0, 26.406689520906987]
18.999999999999684 [46.810433225579345, 1.0, 26.480733050042335]
19.21999999999968 [46.866467558872344, 1.0, 26.55034056468789]
19.439999999999674 [46.91913920363786, 1.0, 26.61577765763716]
19.65999999999967 [46.968650147748804, 1.0, 26.677294040440838]
19.879999999999665 [47.0151902240819, 1.0, 26.73512449063371]
